14 [23212122335104] INFO perfrun.launcher <> - Launcher main begin
16 [23212122335104] INFO perfrun.launcher <> - MessageCatalogInit finished
16 [23212122335104] INFO perfrun.launcher <> - Launcher instance created
16 [23212122335104] INFO perfrun.launcher <> - argc = 7; cmdline = /opt/intel/oneapi/vtune/2023.1.0/bin64/amplxe-runss --ui-output-format xml --ui-output-fd 5 --option-file /home/course/hpc/users/2022012388/exp8/vtune_result.conv1/config/runss.options.2 
107 [23212122335104] INFO perfrun.launcher <> - create msngr2::ICliToolContext
108 [23212122335104] INFO perfrun.launcher <> - create file finder object
108 [23212122335104] INFO perfrun.launcher <> - create a result directory: pattern = /home/course/hpc/users/2022012388/exp8/vtune_result.conv1 pid = 4294967295
109 [23212122335104] INFO perfrun.sdk <> - checked that the directory /home/course/hpc/users/2022012388/exp8/vtune_result.conv1 is a local directory
110 [23212122335104] INFO perfrun.sdk <> - the directory /home/course/hpc/users/2022012388/exp8/vtune_result.conv1 is located on a share or its FS ID is unknown 26985
110 [23212122335104] INFO perfrun.sdk <> - checked that the directory /tmp/amplxe-tmp-2022012388 is a local directory
110 [23212122335104] INFO perfrun.sdk <> - the directory /tmp/amplxe-tmp-2022012388 is located on a share or its FS ID is unknown 2035054128
112 [23212122335104] INFO perfrun.launcher <> - create data directory = /home/course/hpc/users/2022012388/exp8/vtune_result.conv1/data.2
113 [23212122335104] INFO perfrun.launcher <> - Creating the master collection flag
113 [23212122335104] INFO perfrun.launcher <> - Done creating the master collection flag
116 [23211978778304] INFO perfrun.launcher <> - plugin [remoteplug] was disabled because it doesn't support the given collection type.
116 [23211978778304] INFO perfrun.sdk <> - Allocating TMU :/home/course/hpc/users/2022012388/exp8/vtune_result.conv1/data.2/systemcollector-3893262-conv1.sc
117 [23211978778304] INFO perfrun.launcher <> - plugin [vdso] was disabled because it doesn't support the given collection type.
117 [23211978778304] INFO perfrun.launcher <> - plugin [ptracecollector] was disabled because it doesn't support the given collection type.
118 [23211978778304] INFO perfrun.launcher <> - plugin [gpu] was disabled because it doesn't support the given collection type.
118 [23211978778304] INFO perfrun.launcher <> - plugin [] was disabled because it doesn't support the given collection type.
118 [23211978778304] INFO perfrun.launcher <> - plugin [] was disabled because it doesn't support the given collection type.
118 [23211978778304] INFO perfrun.launcher <> - plugin [] was disabled because it doesn't support the given collection type.
118 [23211978778304] INFO perfrun.mrte <> - system-wide mode is 0
118 [23211978778304] INFO perfrun.mrte <> - Getting  mrte profiling environment ...
168 [23211978778304] INFO perfrun.mrte <> - INTEL_MRTE_DATA_DIR=/home/course/hpc/users/2022012388/exp8/vtune_result.conv1/data.2
168 [23211978778304] INFO perfrun.mrte <> - INTEL_MRTE_HOST_NAME=conv1
168 [23211978778304] INFO perfrun.mrte <> - JAVA_TOOL_OPTIONS=-agentlib:amplxe_tpssmrte_javaprof_1.0 -Dsun.boot.library.path=/opt/intel/oneapi/vtune/2023.1.0/lib32/runtime:/opt/intel/oneapi/vtune/2023.1.0/lib64/runtime
168 [23211978778304] INFO perfrun.mrte <> - LD_LIBRARY_PATH=/opt/intel/oneapi/vtune/2023.1.0/lib32/runtime:/opt/intel/oneapi/vtune/2023.1.0/lib64/runtime:/opt/intel/oneapi/tbb/2021.5.1/env/../lib/intel64/gcc4.8:/opt/intel/oneapi/mpi/2021.5.1//libfabric/lib:/opt/intel/oneapi/mpi/2021.5.1//lib/release:/opt/intel/oneapi/mpi/2021.5.1//lib:/opt/intel/oneapi/mkl/2022.0.2/lib/intel64:/opt/intel/oneapi/itac/2021.5.0/slib:/opt/intel/oneapi/debugger/2021.5.0/gdb/intel64/lib:/opt/intel/oneapi/debugger/2021.5.0/libipt/intel64/lib:/opt/intel/oneapi/debugger/2021.5.0/dep/lib:/opt/intel/oneapi/compiler/2022.0.2/linux/lib:/opt/intel/oneapi/compiler/2022.0.2/linux/lib/x64:/opt/intel/oneapi/compiler/2022.0.2/linux/lib/oclfpga/host/linux64/lib:/opt/intel/oneapi/compiler/2022.0.2/linux/compiler/lib/intel64_lin
168 [23211978778304] INFO perfrun.mrte <> - CORECLR_ENABLE_PROFILING=1
168 [23211978778304] INFO perfrun.mrte <> - CORECLR_PROFILER={AA5E4821-E3B1-479c-B7FF-5AD047D22CED}
168 [23211978778304] INFO perfrun.mrte <> - CORECLR_PROFILER_PATH=/opt/intel/oneapi/vtune/2023.1.0/lib64/libamplxe_samplingmrte_clrprof_1.0.so
168 [23211978778304] INFO perfrun.mrte <> - INTEL_MRTE_PROFILER_MODE=mixed
168 [23211978778304] INFO perfrun.mrte <> - Data directory: /home/course/hpc/users/2022012388/exp8/vtune_result.conv1/data.2
168 [23211978778304] INFO perfrun.mrte <> - Mrte plugin is initialized
168 [23211978778304] INFO perfrun.launcher <> - plugin [emon] was disabled because it doesn't support the given collection type.
168 [23211978778304] INFO perfrun.launcher <> - plugin [cuscol] was disabled because it doesn't support the given collection type.
168 [23211978778304] INFO perfrun.launcher <> - plugin [stdsrc] was disabled because it doesn't support the given collection type.
168 [23211978778304] INFO perfrun.launcher <> - plugin [sep] was disabled because it doesn't support the given collection type.
169 [23211978778304] INFO perfrun.launcher <> - plugin [vtsspp] was disabled because it doesn't support the given collection type.
169 [23211978778304] INFO perfrun.sdk <> - Reading value (0) from file: /proc/sys/kernel/perf_event_paranoid
169 [23211978778304] INFO perfrun.perfcollector <> - checking access to: /opt/intel/oneapi/vtune/2023.1.0/bin64/amplxe-perf-priv
171 [23211978778304] INFO perfrun.perfcollector <> - cpu: family = 6 model = 79
171 [23211978778304] INFO perfrun.perfcollector <> - dir found: /sys/bus/event_source/devices/software
171 [23211978778304] INFO perfrun.perfcollector <> - format: pmu format subdir doesn't exist
171 [23211978778304] INFO perfrun.perfcollector <> - hwInfo: not set, pmuFam: software
171 [23211978778304] INFO perfrun.perfcollector <> - pmu added: family: software, id: 0
171 [23211978778304] INFO perfrun.perfcollector <> - dir found: /sys/bus/event_source/devices/uncore_imc_5
171 [23211978778304] INFO perfrun.perfcollector <> - format: event config:0-7 mask:0-7
172 [23211978778304] INFO perfrun.perfcollector <> - format: edge config:18 mask:18
172 [23211978778304] INFO perfrun.perfcollector <> - format: inv config:23 mask:23
172 [23211978778304] INFO perfrun.perfcollector <> - format: umask config:8-15 mask:8-15
172 [23211978778304] INFO perfrun.perfcollector <> - format: thresh config:24-31 mask:24-31
172 [23211978778304] INFO perfrun.perfcollector <> - hwInfo: PERF_IMC_PMU_DETAILS
172 [23211978778304] INFO perfrun.perfcollector <> - pmu added: family: uncore_imc, id: 5
172 [23211978778304] INFO perfrun.perfcollector <> - dir found: /sys/bus/event_source/devices/uncore_sbox_2
172 [23211978778304] INFO perfrun.perfcollector <> - format: event config:0-7 mask:0-7
172 [23211978778304] INFO perfrun.perfcollector <> - format: edge config:18 mask:18
172 [23211978778304] INFO perfrun.perfcollector <> - format: inv config:23 mask:23
172 [23211978778304] INFO perfrun.perfcollector <> - format: umask config:8-15 mask:8-15
172 [23211978778304] INFO perfrun.perfcollector <> - format: tid_en config:19 mask:19
172 [23211978778304] INFO perfrun.perfcollector <> - format: thresh config:24-31 mask:24-31
172 [23211978778304] INFO perfrun.perfcollector <> - hwInfo: not set, pmuFam: uncore_sbox
172 [23211978778304] INFO perfrun.perfcollector <> - pmu added: family: uncore_sbox, id: 2
172 [23211978778304] INFO perfrun.perfcollector <> - dir found: /sys/bus/event_source/devices/uncore_cbox_8
172 [23211978778304] INFO perfrun.perfcollector <> - format: event config:0-7 mask:0-7
172 [23211978778304] INFO perfrun.perfcollector <> - format: filter_link config1:6-8 mask:6-8
173 [23211978778304] INFO perfrun.perfcollector <> - format: filter_c6 config1:61 mask:61
173 [23211978778304] INFO perfrun.perfcollector <> - format: edge config:18 mask:18
173 [23211978778304] INFO perfrun.perfcollector <> - format: filter_isoc config1:63 mask:63
173 [23211978778304] INFO perfrun.perfcollector <> - format: filter_tid config1:0-5 mask:0-5
173 [23211978778304] INFO perfrun.perfcollector <> - format: filter_nid config1:32-47 mask:32-47
173 [23211978778304] INFO perfrun.perfcollector <> - format: filter_nc config1:62 mask:62
173 [23211978778304] INFO perfrun.perfcollector <> - format: umask config:8-15 mask:8-15
173 [23211978778304] INFO perfrun.perfcollector <> - format: tid_en config:19 mask:19
173 [23211978778304] INFO perfrun.perfcollector <> - format: thresh config:24-31 mask:24-31
173 [23211978778304] INFO perfrun.perfcollector <> - format: filter_state config1:17-23 mask:17-23
173 [23211978778304] INFO perfrun.perfcollector <> - format: filter_opc config1:52-60 mask:52-60
173 [23211978778304] INFO perfrun.perfcollector <> - hwInfo: PERF_CBOX_PMU_DETAILS
173 [23211978778304] INFO perfrun.perfcollector <> - pmu added: family: uncore_cbox, id: 8
173 [23211978778304] INFO perfrun.perfcollector <> - dir found: /sys/bus/event_source/devices/uncore_cbox_13
173 [23211978778304] INFO perfrun.perfcollector <> - format: event config:0-7 mask:0-7
173 [23211978778304] INFO perfrun.perfcollector <> - format: filter_link config1:6-8 mask:6-8
173 [23211978778304] INFO perfrun.perfcollector <> - format: filter_c6 config1:61 mask:61
173 [23211978778304] INFO perfrun.perfcollector <> - format: edge config:18 mask:18
174 [23211978778304] INFO perfrun.perfcollector <> - format: filter_isoc config1:63 mask:63
174 [23211978778304] INFO perfrun.perfcollector <> - format: filter_tid config1:0-5 mask:0-5
174 [23211978778304] INFO perfrun.perfcollector <> - format: filter_nid config1:32-47 mask:32-47
174 [23211978778304] INFO perfrun.perfcollector <> - format: filter_nc config1:62 mask:62
174 [23211978778304] INFO perfrun.perfcollector <> - format: umask config:8-15 mask:8-15
174 [23211978778304] INFO perfrun.perfcollector <> - format: tid_en config:19 mask:19
174 [23211978778304] INFO perfrun.perfcollector <> - format: thresh config:24-31 mask:24-31
174 [23211978778304] INFO perfrun.perfcollector <> - format: filter_state config1:17-23 mask:17-23
174 [23211978778304] INFO perfrun.perfcollector <> - format: filter_opc config1:52-60 mask:52-60
174 [23211978778304] INFO perfrun.perfcollector <> - hwInfo: PERF_CBOX_PMU_DETAILS
174 [23211978778304] INFO perfrun.perfcollector <> - pmu added: family: uncore_cbox, id: 13
174 [23211978778304] INFO perfrun.perfcollector <> - dir found: /sys/bus/event_source/devices/uncore_r2pcie
174 [23211978778304] INFO perfrun.perfcollector <> - format: event config:0-7 mask:0-7
174 [23211978778304] INFO perfrun.perfcollector <> - format: edge config:18 mask:18
174 [23211978778304] INFO perfrun.perfcollector <> - format: inv config:23 mask:23
174 [23211978778304] INFO perfrun.perfcollector <> - format: umask config:8-15 mask:8-15
174 [23211978778304] INFO perfrun.perfcollector <> - format: thresh config:24-31 mask:24-31
174 [23211978778304] INFO perfrun.perfcollector <> - hwInfo: not set, pmuFam: uncore_r2pcie
174 [23211978778304] INFO perfrun.perfcollector <> - pmu added: family: uncore_r2pcie, id: 0
175 [23211978778304] INFO perfrun.perfcollector <> - dir found: /sys/bus/event_source/devices/uncore_sbox_0
175 [23211978778304] INFO perfrun.perfcollector <> - format: event config:0-7 mask:0-7
175 [23211978778304] INFO perfrun.perfcollector <> - format: edge config:18 mask:18
175 [23211978778304] INFO perfrun.perfcollector <> - format: inv config:23 mask:23
175 [23211978778304] INFO perfrun.perfcollector <> - format: umask config:8-15 mask:8-15
175 [23211978778304] INFO perfrun.perfcollector <> - format: tid_en config:19 mask:19
175 [23211978778304] INFO perfrun.perfcollector <> - format: thresh config:24-31 mask:24-31
175 [23211978778304] INFO perfrun.perfcollector <> - hwInfo: not set, pmuFam: uncore_sbox
175 [23211978778304] INFO perfrun.perfcollector <> - pmu added: family: uncore_sbox, id: 0
175 [23211978778304] INFO perfrun.perfcollector <> - dir found: /sys/bus/event_source/devices/uncore_qpi_1
175 [23211978778304] INFO perfrun.perfcollector <> - format: mask_rnid4 config2:31 mask:31
175 [23211978778304] INFO perfrun.perfcollector <> - format: mask_rnid30 config2:32-35 mask:32-35
175 [23211978778304] INFO perfrun.perfcollector <> - format: match_rnid30 config1:32-35 mask:32-35
175 [23211978778304] INFO perfrun.perfcollector <> - format: event config:0-7,21 mask:0-7,21
175 [23211978778304] INFO perfrun.perfcollector <> - format: match0 config1:0-31 mask:0-31
175 [23211978778304] INFO perfrun.perfcollector <> - format: match_rds config1:48-51 mask:48-51
175 [23211978778304] INFO perfrun.perfcollector <> - format: mask_rds config2:48-51 mask:48-51
175 [23211978778304] INFO perfrun.perfcollector <> - format: edge config:18 mask:18
176 [23211978778304] INFO perfrun.perfcollector <> - format: mask1 config2:32-63 mask:32-63
176 [23211978778304] INFO perfrun.perfcollector <> - format: match_dnid config1:13-17 mask:13-17
176 [23211978778304] INFO perfrun.perfcollector <> - format: mask_dnid config2:13-17 mask:13-17
176 [23211978778304] INFO perfrun.perfcollector <> - format: match_vnw config1:3-4 mask:3-4
176 [23211978778304] INFO perfrun.perfcollector <> - format: mask_vnw config2:3-4 mask:3-4
176 [23211978778304] INFO perfrun.perfcollector <> - format: mask_mc config2:9-12 mask:9-12
176 [23211978778304] INFO perfrun.perfcollector <> - format: match1 config1:32-63 mask:32-63
176 [23211978778304] INFO perfrun.perfcollector <> - format: inv config:23 mask:23
176 [23211978778304] INFO perfrun.perfcollector <> - format: umask config:8-15 mask:8-15
176 [23211978778304] INFO perfrun.perfcollector <> - format: match_opc config1:5-8 mask:5-8
176 [23211978778304] INFO perfrun.perfcollector <> - format: mask_opc config2:5-8 mask:5-8
176 [23211978778304] INFO perfrun.perfcollector <> - format: thresh config:24-31 mask:24-31
176 [23211978778304] INFO perfrun.perfcollector <> - format: match_rnid4 config1:31 mask:31
176 [23211978778304] INFO perfrun.perfcollector <> - format: mask0 config2:0-31 mask:0-31
176 [23211978778304] INFO perfrun.perfcollector <> - format: match_mc config1:9-12 mask:9-12
176 [23211978778304] INFO perfrun.perfcollector <> - hwInfo: PERF_QPI_PMU_DETAILS
176 [23211978778304] INFO perfrun.perfcollector <> - pmu added: family: uncore_qpi, id: 1
176 [23211978778304] INFO perfrun.perfcollector <> - dir found: /sys/bus/event_source/devices/uncore_cbox_6
177 [23211978778304] INFO perfrun.perfcollector <> - format: event config:0-7 mask:0-7
177 [23211978778304] INFO perfrun.perfcollector <> - format: filter_link config1:6-8 mask:6-8
177 [23211978778304] INFO perfrun.perfcollector <> - format: filter_c6 config1:61 mask:61
177 [23211978778304] INFO perfrun.perfcollector <> - format: edge config:18 mask:18
177 [23211978778304] INFO perfrun.perfcollector <> - format: filter_isoc config1:63 mask:63
177 [23211978778304] INFO perfrun.perfcollector <> - format: filter_tid config1:0-5 mask:0-5
177 [23211978778304] INFO perfrun.perfcollector <> - format: filter_nid config1:32-47 mask:32-47
177 [23211978778304] INFO perfrun.perfcollector <> - format: filter_nc config1:62 mask:62
177 [23211978778304] INFO perfrun.perfcollector <> - format: umask config:8-15 mask:8-15
177 [23211978778304] INFO perfrun.perfcollector <> - format: tid_en config:19 mask:19
177 [23211978778304] INFO perfrun.perfcollector <> - format: thresh config:24-31 mask:24-31
177 [23211978778304] INFO perfrun.perfcollector <> - format: filter_state config1:17-23 mask:17-23
177 [23211978778304] INFO perfrun.perfcollector <> - format: filter_opc config1:52-60 mask:52-60
177 [23211978778304] INFO perfrun.perfcollector <> - hwInfo: PERF_CBOX_PMU_DETAILS
177 [23211978778304] INFO perfrun.perfcollector <> - pmu added: family: uncore_cbox, id: 6
177 [23211978778304] INFO perfrun.perfcollector <> - dir found: /sys/bus/event_source/devices/uncore_imc_1
177 [23211978778304] INFO perfrun.perfcollector <> - format: event config:0-7 mask:0-7
177 [23211978778304] INFO perfrun.perfcollector <> - format: edge config:18 mask:18
177 [23211978778304] INFO perfrun.perfcollector <> - format: inv config:23 mask:23
178 [23211978778304] INFO perfrun.perfcollector <> - format: umask config:8-15 mask:8-15
178 [23211978778304] INFO perfrun.perfcollector <> - format: thresh config:24-31 mask:24-31
178 [23211978778304] INFO perfrun.perfcollector <> - hwInfo: PERF_IMC_PMU_DETAILS
178 [23211978778304] INFO perfrun.perfcollector <> - pmu added: family: uncore_imc, id: 1
178 [23211978778304] INFO perfrun.perfcollector <> - dir found: /sys/bus/event_source/devices/power
178 [23211978778304] INFO perfrun.perfcollector <> - format: event config:0-7 mask:0-7
178 [23211978778304] INFO perfrun.perfcollector <> - hwInfo: not set, pmuFam: power
178 [23211978778304] INFO perfrun.perfcollector <> - pmu added: family: power, id: 0
178 [23211978778304] INFO perfrun.perfcollector <> - dir found: /sys/bus/event_source/devices/uncore_cbox_11
178 [23211978778304] INFO perfrun.perfcollector <> - format: event config:0-7 mask:0-7
178 [23211978778304] INFO perfrun.perfcollector <> - format: filter_link config1:6-8 mask:6-8
178 [23211978778304] INFO perfrun.perfcollector <> - format: filter_c6 config1:61 mask:61
178 [23211978778304] INFO perfrun.perfcollector <> - format: edge config:18 mask:18
178 [23211978778304] INFO perfrun.perfcollector <> - format: filter_isoc config1:63 mask:63
178 [23211978778304] INFO perfrun.perfcollector <> - format: filter_tid config1:0-5 mask:0-5
178 [23211978778304] INFO perfrun.perfcollector <> - format: filter_nid config1:32-47 mask:32-47
178 [23211978778304] INFO perfrun.perfcollector <> - format: filter_nc config1:62 mask:62
178 [23211978778304] INFO perfrun.perfcollector <> - format: umask config:8-15 mask:8-15
178 [23211978778304] INFO perfrun.perfcollector <> - format: tid_en config:19 mask:19
178 [23211978778304] INFO perfrun.perfcollector <> - format: thresh config:24-31 mask:24-31
179 [23211978778304] INFO perfrun.perfcollector <> - format: filter_state config1:17-23 mask:17-23
179 [23211978778304] INFO perfrun.perfcollector <> - format: filter_opc config1:52-60 mask:52-60
179 [23211978778304] INFO perfrun.perfcollector <> - hwInfo: PERF_CBOX_PMU_DETAILS
179 [23211978778304] INFO perfrun.perfcollector <> - pmu added: family: uncore_cbox, id: 11
179 [23211978778304] INFO perfrun.perfcollector <> - dir found: /sys/bus/event_source/devices/uncore_cbox_4
179 [23211978778304] INFO perfrun.perfcollector <> - format: event config:0-7 mask:0-7
179 [23211978778304] INFO perfrun.perfcollector <> - format: filter_link config1:6-8 mask:6-8
179 [23211978778304] INFO perfrun.perfcollector <> - format: filter_c6 config1:61 mask:61
179 [23211978778304] INFO perfrun.perfcollector <> - format: edge config:18 mask:18
179 [23211978778304] INFO perfrun.perfcollector <> - format: filter_isoc config1:63 mask:63
179 [23211978778304] INFO perfrun.perfcollector <> - format: filter_tid config1:0-5 mask:0-5
179 [23211978778304] INFO perfrun.perfcollector <> - format: filter_nid config1:32-47 mask:32-47
179 [23211978778304] INFO perfrun.perfcollector <> - format: filter_nc config1:62 mask:62
179 [23211978778304] INFO perfrun.perfcollector <> - format: umask config:8-15 mask:8-15
179 [23211978778304] INFO perfrun.perfcollector <> - format: tid_en config:19 mask:19
179 [23211978778304] INFO perfrun.perfcollector <> - format: thresh config:24-31 mask:24-31
179 [23211978778304] INFO perfrun.perfcollector <> - format: filter_state config1:17-23 mask:17-23
179 [23211978778304] INFO perfrun.perfcollector <> - format: filter_opc config1:52-60 mask:52-60
179 [23211978778304] INFO perfrun.perfcollector <> - hwInfo: PERF_CBOX_PMU_DETAILS
180 [23211978778304] INFO perfrun.perfcollector <> - pmu added: family: uncore_cbox, id: 4
180 [23211978778304] INFO perfrun.perfcollector <> - dir found: /sys/bus/event_source/devices/uprobe
180 [23211978778304] INFO perfrun.perfcollector <> - format: ref_ctr_offset config:32-63 mask:32-63
180 [23211978778304] INFO perfrun.perfcollector <> - format: retprobe config:0 mask:0
180 [23211978778304] INFO perfrun.perfcollector <> - hwInfo: not set, pmuFam: uprobe
180 [23211978778304] INFO perfrun.perfcollector <> - pmu added: family: uprobe, id: 0
180 [23211978778304] INFO perfrun.perfcollector <> - dir found: /sys/bus/event_source/devices/intel_bts
180 [23211978778304] INFO perfrun.perfcollector <> - format: pmu format subdir doesn't exist
180 [23211978778304] INFO perfrun.perfcollector <> - hwInfo: not set, pmuFam: intel_bts
180 [23211978778304] INFO perfrun.perfcollector <> - pmu added: family: intel_bts, id: 0
180 [23211978778304] INFO perfrun.perfcollector <> - dir found: /sys/bus/event_source/devices/cpu
180 [23211978778304] INFO perfrun.perfcollector <> - format: event config:0-7 mask:0-7
180 [23211978778304] INFO perfrun.perfcollector <> - format: pc config:19 mask:19
180 [23211978778304] INFO perfrun.perfcollector <> - format: in_tx config:32 mask:32
180 [23211978778304] INFO perfrun.perfcollector <> - format: edge config:18 mask:18
180 [23211978778304] INFO perfrun.perfcollector <> - format: any config:21 mask:21
180 [23211978778304] INFO perfrun.perfcollector <> - format: offcore_rsp config1:0-63 mask:0-63
180 [23211978778304] INFO perfrun.perfcollector <> - format: in_tx_cp config:33 mask:33
180 [23211978778304] INFO perfrun.perfcollector <> - format: ldlat config1:0-15 mask:0-15
180 [23211978778304] INFO perfrun.perfcollector <> - format: inv config:23 mask:23
181 [23211978778304] INFO perfrun.perfcollector <> - format: umask config:8-15 mask:8-15
181 [23211978778304] INFO perfrun.perfcollector <> - format: cmask config:24-31 mask:24-31
181 [23211978778304] INFO perfrun.perfcollector <> - hwInfo: PERF_CPU_PMU_DETAILS
181 [23211978778304] INFO perfrun.perfcollector <> - pmu added: family: cpu, id: 0
181 [23211978778304] INFO perfrun.perfcollector <> - dir found: /sys/bus/event_source/devices/uncore_r3qpi_0
181 [23211978778304] INFO perfrun.perfcollector <> - format: event config:0-7 mask:0-7
181 [23211978778304] INFO perfrun.perfcollector <> - format: edge config:18 mask:18
181 [23211978778304] INFO perfrun.perfcollector <> - format: inv config:23 mask:23
181 [23211978778304] INFO perfrun.perfcollector <> - format: umask config:8-15 mask:8-15
181 [23211978778304] INFO perfrun.perfcollector <> - format: thresh config:24-31 mask:24-31
181 [23211978778304] INFO perfrun.perfcollector <> - hwInfo: not set, pmuFam: uncore_r3qpi
181 [23211978778304] INFO perfrun.perfcollector <> - pmu added: family: uncore_r3qpi, id: 0
181 [23211978778304] INFO perfrun.perfcollector <> - dir found: /sys/bus/event_source/devices/cstate_core
181 [23211978778304] INFO perfrun.perfcollector <> - format: event config:0-63 mask:0-63
181 [23211978778304] INFO perfrun.perfcollector <> - hwInfo: not set, pmuFam: cstate_core
181 [23211978778304] INFO perfrun.perfcollector <> - pmu added: family: cstate_core, id: 0
181 [23211978778304] INFO perfrun.perfcollector <> - dir found: /sys/bus/event_source/devices/uncore_cbox_2
181 [23211978778304] INFO perfrun.perfcollector <> - format: event config:0-7 mask:0-7
181 [23211978778304] INFO perfrun.perfcollector <> - format: filter_link config1:6-8 mask:6-8
182 [23211978778304] INFO perfrun.perfcollector <> - format: filter_c6 config1:61 mask:61
182 [23211978778304] INFO perfrun.perfcollector <> - format: edge config:18 mask:18
182 [23211978778304] INFO perfrun.perfcollector <> - format: filter_isoc config1:63 mask:63
182 [23211978778304] INFO perfrun.perfcollector <> - format: filter_tid config1:0-5 mask:0-5
182 [23211978778304] INFO perfrun.perfcollector <> - format: filter_nid config1:32-47 mask:32-47
182 [23211978778304] INFO perfrun.perfcollector <> - format: filter_nc config1:62 mask:62
182 [23211978778304] INFO perfrun.perfcollector <> - format: umask config:8-15 mask:8-15
182 [23211978778304] INFO perfrun.perfcollector <> - format: tid_en config:19 mask:19
182 [23211978778304] INFO perfrun.perfcollector <> - format: thresh config:24-31 mask:24-31
182 [23211978778304] INFO perfrun.perfcollector <> - format: filter_state config1:17-23 mask:17-23
182 [23211978778304] INFO perfrun.perfcollector <> - format: filter_opc config1:52-60 mask:52-60
182 [23211978778304] INFO perfrun.perfcollector <> - hwInfo: PERF_CBOX_PMU_DETAILS
182 [23211978778304] INFO perfrun.perfcollector <> - pmu added: family: uncore_cbox, id: 2
182 [23211978778304] INFO perfrun.perfcollector <> - dir found: /sys/bus/event_source/devices/breakpoint
182 [23211978778304] INFO perfrun.perfcollector <> - format: pmu format subdir doesn't exist
182 [23211978778304] INFO perfrun.perfcollector <> - hwInfo: not set, pmuFam: breakpoint
182 [23211978778304] INFO perfrun.perfcollector <> - pmu added: family: breakpoint, id: 0
182 [23211978778304] INFO perfrun.perfcollector <> - dir found: /sys/bus/event_source/devices/uncore_ha_0
182 [23211978778304] INFO perfrun.perfcollector <> - format: event config:0-7 mask:0-7
182 [23211978778304] INFO perfrun.perfcollector <> - format: edge config:18 mask:18
182 [23211978778304] INFO perfrun.perfcollector <> - format: inv config:23 mask:23
183 [23211978778304] INFO perfrun.perfcollector <> - format: umask config:8-15 mask:8-15
183 [23211978778304] INFO perfrun.perfcollector <> - format: thresh config:24-31 mask:24-31
183 [23211978778304] INFO perfrun.perfcollector <> - hwInfo: not set, pmuFam: uncore_ha
183 [23211978778304] INFO perfrun.perfcollector <> - pmu added: family: uncore_ha, id: 0
183 [23211978778304] INFO perfrun.perfcollector <> - dir found: /sys/bus/event_source/devices/uncore_cbox_0
183 [23211978778304] INFO perfrun.perfcollector <> - format: event config:0-7 mask:0-7
183 [23211978778304] INFO perfrun.perfcollector <> - format: filter_link config1:6-8 mask:6-8
183 [23211978778304] INFO perfrun.perfcollector <> - format: filter_c6 config1:61 mask:61
183 [23211978778304] INFO perfrun.perfcollector <> - format: edge config:18 mask:18
183 [23211978778304] INFO perfrun.perfcollector <> - format: filter_isoc config1:63 mask:63
183 [23211978778304] INFO perfrun.perfcollector <> - format: filter_tid config1:0-5 mask:0-5
183 [23211978778304] INFO perfrun.perfcollector <> - format: filter_nid config1:32-47 mask:32-47
183 [23211978778304] INFO perfrun.perfcollector <> - format: filter_nc config1:62 mask:62
183 [23211978778304] INFO perfrun.perfcollector <> - format: umask config:8-15 mask:8-15
183 [23211978778304] INFO perfrun.perfcollector <> - format: tid_en config:19 mask:19
183 [23211978778304] INFO perfrun.perfcollector <> - format: thresh config:24-31 mask:24-31
183 [23211978778304] INFO perfrun.perfcollector <> - format: filter_state config1:17-23 mask:17-23
183 [23211978778304] INFO perfrun.perfcollector <> - format: filter_opc config1:52-60 mask:52-60
183 [23211978778304] INFO perfrun.perfcollector <> - hwInfo: PERF_CBOX_PMU_DETAILS
184 [23211978778304] INFO perfrun.perfcollector <> - pmu added: family: uncore_cbox, id: 0
184 [23211978778304] INFO perfrun.perfcollector <> - dir found: /sys/bus/event_source/devices/tracepoint
184 [23211978778304] INFO perfrun.perfcollector <> - format: pmu format subdir doesn't exist
184 [23211978778304] INFO perfrun.perfcollector <> - hwInfo: not set, pmuFam: tracepoint
184 [23211978778304] INFO perfrun.perfcollector <> - pmu added: family: tracepoint, id: 0
184 [23211978778304] INFO perfrun.perfcollector <> - dir found: /sys/bus/event_source/devices/uncore_sbox_3
184 [23211978778304] INFO perfrun.perfcollector <> - format: event config:0-7 mask:0-7
184 [23211978778304] INFO perfrun.perfcollector <> - format: edge config:18 mask:18
184 [23211978778304] INFO perfrun.perfcollector <> - format: inv config:23 mask:23
184 [23211978778304] INFO perfrun.perfcollector <> - format: umask config:8-15 mask:8-15
184 [23211978778304] INFO perfrun.perfcollector <> - format: tid_en config:19 mask:19
184 [23211978778304] INFO perfrun.perfcollector <> - format: thresh config:24-31 mask:24-31
184 [23211978778304] INFO perfrun.perfcollector <> - hwInfo: not set, pmuFam: uncore_sbox
184 [23211978778304] INFO perfrun.perfcollector <> - pmu added: family: uncore_sbox, id: 3
184 [23211978778304] INFO perfrun.perfcollector <> - dir found: /sys/bus/event_source/devices/uncore_cbox_9
184 [23211978778304] INFO perfrun.perfcollector <> - format: event config:0-7 mask:0-7
184 [23211978778304] INFO perfrun.perfcollector <> - format: filter_link config1:6-8 mask:6-8
184 [23211978778304] INFO perfrun.perfcollector <> - format: filter_c6 config1:61 mask:61
184 [23211978778304] INFO perfrun.perfcollector <> - format: edge config:18 mask:18
184 [23211978778304] INFO perfrun.perfcollector <> - format: filter_isoc config1:63 mask:63
184 [23211978778304] INFO perfrun.perfcollector <> - format: filter_tid config1:0-5 mask:0-5
185 [23211978778304] INFO perfrun.perfcollector <> - format: filter_nid config1:32-47 mask:32-47
185 [23211978778304] INFO perfrun.perfcollector <> - format: filter_nc config1:62 mask:62
185 [23211978778304] INFO perfrun.perfcollector <> - format: umask config:8-15 mask:8-15
185 [23211978778304] INFO perfrun.perfcollector <> - format: tid_en config:19 mask:19
185 [23211978778304] INFO perfrun.perfcollector <> - format: thresh config:24-31 mask:24-31
185 [23211978778304] INFO perfrun.perfcollector <> - format: filter_state config1:17-23 mask:17-23
185 [23211978778304] INFO perfrun.perfcollector <> - format: filter_opc config1:52-60 mask:52-60
185 [23211978778304] INFO perfrun.perfcollector <> - hwInfo: PERF_CBOX_PMU_DETAILS
185 [23211978778304] INFO perfrun.perfcollector <> - pmu added: family: uncore_cbox, id: 9
185 [23211978778304] INFO perfrun.perfcollector <> - dir found: /sys/bus/event_source/devices/cstate_pkg
185 [23211978778304] INFO perfrun.perfcollector <> - format: event config:0-63 mask:0-63
185 [23211978778304] INFO perfrun.perfcollector <> - hwInfo: not set, pmuFam: cstate_pkg
185 [23211978778304] INFO perfrun.perfcollector <> - pmu added: family: cstate_pkg, id: 0
185 [23211978778304] INFO perfrun.perfcollector <> - dir found: /sys/bus/event_source/devices/uncore_imc_4
185 [23211978778304] INFO perfrun.perfcollector <> - format: event config:0-7 mask:0-7
185 [23211978778304] INFO perfrun.perfcollector <> - format: edge config:18 mask:18
185 [23211978778304] INFO perfrun.perfcollector <> - format: inv config:23 mask:23
185 [23211978778304] INFO perfrun.perfcollector <> - format: umask config:8-15 mask:8-15
185 [23211978778304] INFO perfrun.perfcollector <> - format: thresh config:24-31 mask:24-31
186 [23211978778304] INFO perfrun.perfcollector <> - hwInfo: PERF_IMC_PMU_DETAILS
186 [23211978778304] INFO perfrun.perfcollector <> - pmu added: family: uncore_imc, id: 4
186 [23211978778304] INFO perfrun.perfcollector <> - dir found: /sys/bus/event_source/devices/uncore_ubox
186 [23211978778304] INFO perfrun.perfcollector <> - format: event config:0-7 mask:0-7
186 [23211978778304] INFO perfrun.perfcollector <> - format: edge config:18 mask:18
186 [23211978778304] INFO perfrun.perfcollector <> - format: inv config:23 mask:23
186 [23211978778304] INFO perfrun.perfcollector <> - format: umask config:8-15 mask:8-15
186 [23211978778304] INFO perfrun.perfcollector <> - format: thresh config:24-28 mask:24-28
186 [23211978778304] INFO perfrun.perfcollector <> - hwInfo: not set, pmuFam: uncore_ubox
186 [23211978778304] INFO perfrun.perfcollector <> - pmu added: family: uncore_ubox, id: 0
186 [23211978778304] INFO perfrun.perfcollector <> - dir found: /sys/bus/event_source/devices/uncore_sbox_1
186 [23211978778304] INFO perfrun.perfcollector <> - format: event config:0-7 mask:0-7
186 [23211978778304] INFO perfrun.perfcollector <> - format: edge config:18 mask:18
186 [23211978778304] INFO perfrun.perfcollector <> - format: inv config:23 mask:23
186 [23211978778304] INFO perfrun.perfcollector <> - format: umask config:8-15 mask:8-15
186 [23211978778304] INFO perfrun.perfcollector <> - format: tid_en config:19 mask:19
186 [23211978778304] INFO perfrun.perfcollector <> - format: thresh config:24-31 mask:24-31
186 [23211978778304] INFO perfrun.perfcollector <> - hwInfo: not set, pmuFam: uncore_sbox
186 [23211978778304] INFO perfrun.perfcollector <> - pmu added: family: uncore_sbox, id: 1
186 [23211978778304] INFO perfrun.perfcollector <> - dir found: /sys/bus/event_source/devices/uncore_cbox_7
187 [23211978778304] INFO perfrun.perfcollector <> - format: event config:0-7 mask:0-7
187 [23211978778304] INFO perfrun.perfcollector <> - format: filter_link config1:6-8 mask:6-8
187 [23211978778304] INFO perfrun.perfcollector <> - format: filter_c6 config1:61 mask:61
187 [23211978778304] INFO perfrun.perfcollector <> - format: edge config:18 mask:18
187 [23211978778304] INFO perfrun.perfcollector <> - format: filter_isoc config1:63 mask:63
187 [23211978778304] INFO perfrun.perfcollector <> - format: filter_tid config1:0-5 mask:0-5
187 [23211978778304] INFO perfrun.perfcollector <> - format: filter_nid config1:32-47 mask:32-47
187 [23211978778304] INFO perfrun.perfcollector <> - format: filter_nc config1:62 mask:62
187 [23211978778304] INFO perfrun.perfcollector <> - format: umask config:8-15 mask:8-15
187 [23211978778304] INFO perfrun.perfcollector <> - format: tid_en config:19 mask:19
187 [23211978778304] INFO perfrun.perfcollector <> - format: thresh config:24-31 mask:24-31
187 [23211978778304] INFO perfrun.perfcollector <> - format: filter_state config1:17-23 mask:17-23
187 [23211978778304] INFO perfrun.perfcollector <> - format: filter_opc config1:52-60 mask:52-60
187 [23211978778304] INFO perfrun.perfcollector <> - hwInfo: PERF_CBOX_PMU_DETAILS
187 [23211978778304] INFO perfrun.perfcollector <> - pmu added: family: uncore_cbox, id: 7
187 [23211978778304] INFO perfrun.perfcollector <> - dir found: /sys/bus/event_source/devices/uncore_cbox_12
187 [23211978778304] INFO perfrun.perfcollector <> - format: event config:0-7 mask:0-7
188 [23211978778304] INFO perfrun.perfcollector <> - format: filter_link config1:6-8 mask:6-8
188 [23211978778304] INFO perfrun.perfcollector <> - format: filter_c6 config1:61 mask:61
188 [23211978778304] INFO perfrun.perfcollector <> - format: edge config:18 mask:18
188 [23211978778304] INFO perfrun.perfcollector <> - format: filter_isoc config1:63 mask:63
188 [23211978778304] INFO perfrun.perfcollector <> - format: filter_tid config1:0-5 mask:0-5
188 [23211978778304] INFO perfrun.perfcollector <> - format: filter_nid config1:32-47 mask:32-47
188 [23211978778304] INFO perfrun.perfcollector <> - format: filter_nc config1:62 mask:62
188 [23211978778304] INFO perfrun.perfcollector <> - format: umask config:8-15 mask:8-15
188 [23211978778304] INFO perfrun.perfcollector <> - format: tid_en config:19 mask:19
188 [23211978778304] INFO perfrun.perfcollector <> - format: thresh config:24-31 mask:24-31
188 [23211978778304] INFO perfrun.perfcollector <> - format: filter_state config1:17-23 mask:17-23
188 [23211978778304] INFO perfrun.perfcollector <> - format: filter_opc config1:52-60 mask:52-60
188 [23211978778304] INFO perfrun.perfcollector <> - hwInfo: PERF_CBOX_PMU_DETAILS
188 [23211978778304] INFO perfrun.perfcollector <> - pmu added: family: uncore_cbox, id: 12
188 [23211978778304] INFO perfrun.perfcollector <> - dir found: /sys/bus/event_source/devices/kprobe
188 [23211978778304] INFO perfrun.perfcollector <> - format: retprobe config:0 mask:0
188 [23211978778304] INFO perfrun.perfcollector <> - hwInfo: not set, pmuFam: kprobe
188 [23211978778304] INFO perfrun.perfcollector <> - pmu added: family: kprobe, id: 0
188 [23211978778304] INFO perfrun.perfcollector <> - dir found: /sys/bus/event_source/devices/uncore_qpi_0
188 [23211978778304] INFO perfrun.perfcollector <> - format: mask_rnid4 config2:31 mask:31
189 [23211978778304] INFO perfrun.perfcollector <> - format: mask_rnid30 config2:32-35 mask:32-35
189 [23211978778304] INFO perfrun.perfcollector <> - format: match_rnid30 config1:32-35 mask:32-35
189 [23211978778304] INFO perfrun.perfcollector <> - format: event config:0-7,21 mask:0-7,21
189 [23211978778304] INFO perfrun.perfcollector <> - format: match0 config1:0-31 mask:0-31
189 [23211978778304] INFO perfrun.perfcollector <> - format: match_rds config1:48-51 mask:48-51
189 [23211978778304] INFO perfrun.perfcollector <> - format: mask_rds config2:48-51 mask:48-51
189 [23211978778304] INFO perfrun.perfcollector <> - format: edge config:18 mask:18
189 [23211978778304] INFO perfrun.perfcollector <> - format: mask1 config2:32-63 mask:32-63
189 [23211978778304] INFO perfrun.perfcollector <> - format: match_dnid config1:13-17 mask:13-17
189 [23211978778304] INFO perfrun.perfcollector <> - format: mask_dnid config2:13-17 mask:13-17
189 [23211978778304] INFO perfrun.perfcollector <> - format: match_vnw config1:3-4 mask:3-4
189 [23211978778304] INFO perfrun.perfcollector <> - format: mask_vnw config2:3-4 mask:3-4
189 [23211978778304] INFO perfrun.perfcollector <> - format: mask_mc config2:9-12 mask:9-12
189 [23211978778304] INFO perfrun.perfcollector <> - format: match1 config1:32-63 mask:32-63
189 [23211978778304] INFO perfrun.perfcollector <> - format: inv config:23 mask:23
189 [23211978778304] INFO perfrun.perfcollector <> - format: umask config:8-15 mask:8-15
189 [23211978778304] INFO perfrun.perfcollector <> - format: match_opc config1:5-8 mask:5-8
189 [23211978778304] INFO perfrun.perfcollector <> - format: mask_opc config2:5-8 mask:5-8
190 [23211978778304] INFO perfrun.perfcollector <> - format: thresh config:24-31 mask:24-31
190 [23211978778304] INFO perfrun.perfcollector <> - format: match_rnid4 config1:31 mask:31
190 [23211978778304] INFO perfrun.perfcollector <> - format: mask0 config2:0-31 mask:0-31
190 [23211978778304] INFO perfrun.perfcollector <> - format: match_mc config1:9-12 mask:9-12
190 [23211978778304] INFO perfrun.perfcollector <> - hwInfo: PERF_QPI_PMU_DETAILS
190 [23211978778304] INFO perfrun.perfcollector <> - pmu added: family: uncore_qpi, id: 0
190 [23211978778304] INFO perfrun.perfcollector <> - dir found: /sys/bus/event_source/devices/uncore_cbox_5
190 [23211978778304] INFO perfrun.perfcollector <> - format: event config:0-7 mask:0-7
190 [23211978778304] INFO perfrun.perfcollector <> - format: filter_link config1:6-8 mask:6-8
190 [23211978778304] INFO perfrun.perfcollector <> - format: filter_c6 config1:61 mask:61
190 [23211978778304] INFO perfrun.perfcollector <> - format: edge config:18 mask:18
190 [23211978778304] INFO perfrun.perfcollector <> - format: filter_isoc config1:63 mask:63
190 [23211978778304] INFO perfrun.perfcollector <> - format: filter_tid config1:0-5 mask:0-5
190 [23211978778304] INFO perfrun.perfcollector <> - format: filter_nid config1:32-47 mask:32-47
190 [23211978778304] INFO perfrun.perfcollector <> - format: filter_nc config1:62 mask:62
190 [23211978778304] INFO perfrun.perfcollector <> - format: umask config:8-15 mask:8-15
190 [23211978778304] INFO perfrun.perfcollector <> - format: tid_en config:19 mask:19
190 [23211978778304] INFO perfrun.perfcollector <> - format: thresh config:24-31 mask:24-31
190 [23211978778304] INFO perfrun.perfcollector <> - format: filter_state config1:17-23 mask:17-23
191 [23211978778304] INFO perfrun.perfcollector <> - format: filter_opc config1:52-60 mask:52-60
191 [23211978778304] INFO perfrun.perfcollector <> - hwInfo: PERF_CBOX_PMU_DETAILS
191 [23211978778304] INFO perfrun.perfcollector <> - pmu added: family: uncore_cbox, id: 5
191 [23211978778304] INFO perfrun.perfcollector <> - dir found: /sys/bus/event_source/devices/uncore_imc_0
191 [23211978778304] INFO perfrun.perfcollector <> - format: event config:0-7 mask:0-7
191 [23211978778304] INFO perfrun.perfcollector <> - format: edge config:18 mask:18
191 [23211978778304] INFO perfrun.perfcollector <> - format: inv config:23 mask:23
191 [23211978778304] INFO perfrun.perfcollector <> - format: umask config:8-15 mask:8-15
191 [23211978778304] INFO perfrun.perfcollector <> - format: thresh config:24-31 mask:24-31
191 [23211978778304] INFO perfrun.perfcollector <> - hwInfo: PERF_IMC_PMU_DETAILS
191 [23211978778304] INFO perfrun.perfcollector <> - pmu added: family: uncore_imc, id: 0
191 [23211978778304] INFO perfrun.perfcollector <> - dir found: /sys/bus/event_source/devices/uncore_cbox_10
191 [23211978778304] INFO perfrun.perfcollector <> - format: event config:0-7 mask:0-7
191 [23211978778304] INFO perfrun.perfcollector <> - format: filter_link config1:6-8 mask:6-8
191 [23211978778304] INFO perfrun.perfcollector <> - format: filter_c6 config1:61 mask:61
191 [23211978778304] INFO perfrun.perfcollector <> - format: edge config:18 mask:18
191 [23211978778304] INFO perfrun.perfcollector <> - format: filter_isoc config1:63 mask:63
191 [23211978778304] INFO perfrun.perfcollector <> - format: filter_tid config1:0-5 mask:0-5
191 [23211978778304] INFO perfrun.perfcollector <> - format: filter_nid config1:32-47 mask:32-47
191 [23211978778304] INFO perfrun.perfcollector <> - format: filter_nc config1:62 mask:62
192 [23211978778304] INFO perfrun.perfcollector <> - format: umask config:8-15 mask:8-15
192 [23211978778304] INFO perfrun.perfcollector <> - format: tid_en config:19 mask:19
192 [23211978778304] INFO perfrun.perfcollector <> - format: thresh config:24-31 mask:24-31
192 [23211978778304] INFO perfrun.perfcollector <> - format: filter_state config1:17-23 mask:17-23
192 [23211978778304] INFO perfrun.perfcollector <> - format: filter_opc config1:52-60 mask:52-60
192 [23211978778304] INFO perfrun.perfcollector <> - hwInfo: PERF_CBOX_PMU_DETAILS
192 [23211978778304] INFO perfrun.perfcollector <> - pmu added: family: uncore_cbox, id: 10
192 [23211978778304] INFO perfrun.perfcollector <> - dir found: /sys/bus/event_source/devices/uncore_pcu
192 [23211978778304] INFO perfrun.perfcollector <> - format: filter_band2 config1:16-23 mask:16-23
192 [23211978778304] INFO perfrun.perfcollector <> - format: event config:0-7 mask:0-7
192 [23211978778304] INFO perfrun.perfcollector <> - format: filter_band0 config1:0-7 mask:0-7
192 [23211978778304] INFO perfrun.perfcollector <> - format: edge config:18 mask:18
192 [23211978778304] INFO perfrun.perfcollector <> - format: occ_invert config:30 mask:30
192 [23211978778304] INFO perfrun.perfcollector <> - format: occ_edge config:14-51 mask:14-51
192 [23211978778304] INFO perfrun.perfcollector <> - format: filter_band3 config1:24-31 mask:24-31
192 [23211978778304] INFO perfrun.perfcollector <> - format: filter_band1 config1:8-15 mask:8-15
192 [23211978778304] INFO perfrun.perfcollector <> - format: inv config:23 mask:23
192 [23211978778304] INFO perfrun.perfcollector <> - format: thresh config:24-28 mask:24-28
192 [23211978778304] INFO perfrun.perfcollector <> - format: occ_sel config:14-15 mask:14-15
192 [23211978778304] INFO perfrun.perfcollector <> - hwInfo: not set, pmuFam: uncore_pcu
193 [23211978778304] INFO perfrun.perfcollector <> - pmu added: family: uncore_pcu, id: 0
193 [23211978778304] INFO perfrun.perfcollector <> - dir found: /sys/bus/event_source/devices/uncore_r3qpi_1
193 [23211978778304] INFO perfrun.perfcollector <> - format: event config:0-7 mask:0-7
193 [23211978778304] INFO perfrun.perfcollector <> - format: edge config:18 mask:18
193 [23211978778304] INFO perfrun.perfcollector <> - format: inv config:23 mask:23
193 [23211978778304] INFO perfrun.perfcollector <> - format: umask config:8-15 mask:8-15
193 [23211978778304] INFO perfrun.perfcollector <> - format: thresh config:24-31 mask:24-31
193 [23211978778304] INFO perfrun.perfcollector <> - hwInfo: not set, pmuFam: uncore_r3qpi
193 [23211978778304] INFO perfrun.perfcollector <> - pmu added: family: uncore_r3qpi, id: 1
193 [23211978778304] INFO perfrun.perfcollector <> - dir found: /sys/bus/event_source/devices/msr
193 [23211978778304] INFO perfrun.perfcollector <> - format: event config:0-63 mask:0-63
193 [23211978778304] INFO perfrun.perfcollector <> - hwInfo: not set, pmuFam: msr
193 [23211978778304] INFO perfrun.perfcollector <> - pmu added: family: msr, id: 0
193 [23211978778304] INFO perfrun.perfcollector <> - dir found: /sys/bus/event_source/devices/uncore_cbox_3
193 [23211978778304] INFO perfrun.perfcollector <> - format: event config:0-7 mask:0-7
193 [23211978778304] INFO perfrun.perfcollector <> - format: filter_link config1:6-8 mask:6-8
193 [23211978778304] INFO perfrun.perfcollector <> - format: filter_c6 config1:61 mask:61
193 [23211978778304] INFO perfrun.perfcollector <> - format: edge config:18 mask:18
193 [23211978778304] INFO perfrun.perfcollector <> - format: filter_isoc config1:63 mask:63
194 [23211978778304] INFO perfrun.perfcollector <> - format: filter_tid config1:0-5 mask:0-5
194 [23211978778304] INFO perfrun.perfcollector <> - format: filter_nid config1:32-47 mask:32-47
194 [23211978778304] INFO perfrun.perfcollector <> - format: filter_nc config1:62 mask:62
194 [23211978778304] INFO perfrun.perfcollector <> - format: umask config:8-15 mask:8-15
194 [23211978778304] INFO perfrun.perfcollector <> - format: tid_en config:19 mask:19
194 [23211978778304] INFO perfrun.perfcollector <> - format: thresh config:24-31 mask:24-31
194 [23211978778304] INFO perfrun.perfcollector <> - format: filter_state config1:17-23 mask:17-23
194 [23211978778304] INFO perfrun.perfcollector <> - format: filter_opc config1:52-60 mask:52-60
194 [23211978778304] INFO perfrun.perfcollector <> - hwInfo: PERF_CBOX_PMU_DETAILS
194 [23211978778304] INFO perfrun.perfcollector <> - pmu added: family: uncore_cbox, id: 3
194 [23211978778304] INFO perfrun.perfcollector <> - dir found: /sys/bus/event_source/devices/intel_pt
194 [23211978778304] INFO perfrun.perfcollector <> - format: ptw config:12 mask:12
194 [23211978778304] INFO perfrun.perfcollector <> - format: event config:31 mask:31
194 [23211978778304] INFO perfrun.perfcollector <> - format: cyc_thresh config:19-22 mask:19-22
194 [23211978778304] INFO perfrun.perfcollector <> - format: pt config:0 mask:0
194 [23211978778304] INFO perfrun.perfcollector <> - format: notnt config:55 mask:55
194 [23211978778304] INFO perfrun.perfcollector <> - format: branch config:13 mask:13
194 [23211978778304] INFO perfrun.perfcollector <> - format: tsc config:10 mask:10
194 [23211978778304] INFO perfrun.perfcollector <> - format: pwr_evt config:4 mask:4
194 [23211978778304] INFO perfrun.perfcollector <> - format: fup_on_ptw config:5 mask:5
195 [23211978778304] INFO perfrun.perfcollector <> - format: cyc config:1 mask:1
195 [23211978778304] INFO perfrun.perfcollector <> - format: noretcomp config:11 mask:11
195 [23211978778304] INFO perfrun.perfcollector <> - format: mtc config:9 mask:9
195 [23211978778304] INFO perfrun.perfcollector <> - format: psb_period config:24-27 mask:24-27
195 [23211978778304] INFO perfrun.perfcollector <> - format: mtc_period config:14-17 mask:14-17
195 [23211978778304] INFO perfrun.perfcollector <> - hwInfo: not set, pmuFam: intel_pt
195 [23211978778304] INFO perfrun.perfcollector <> - pmu added: family: intel_pt, id: 0
195 [23211978778304] INFO perfrun.perfcollector <> - dir found: /sys/bus/event_source/devices/uncore_ha_1
195 [23211978778304] INFO perfrun.perfcollector <> - format: event config:0-7 mask:0-7
195 [23211978778304] INFO perfrun.perfcollector <> - format: edge config:18 mask:18
195 [23211978778304] INFO perfrun.perfcollector <> - format: inv config:23 mask:23
195 [23211978778304] INFO perfrun.perfcollector <> - format: umask config:8-15 mask:8-15
195 [23211978778304] INFO perfrun.perfcollector <> - format: thresh config:24-31 mask:24-31
195 [23211978778304] INFO perfrun.perfcollector <> - hwInfo: not set, pmuFam: uncore_ha
195 [23211978778304] INFO perfrun.perfcollector <> - pmu added: family: uncore_ha, id: 1
195 [23211978778304] INFO perfrun.perfcollector <> - dir found: /sys/bus/event_source/devices/uncore_cbox_1
195 [23211978778304] INFO perfrun.perfcollector <> - format: event config:0-7 mask:0-7
195 [23211978778304] INFO perfrun.perfcollector <> - format: filter_link config1:6-8 mask:6-8
195 [23211978778304] INFO perfrun.perfcollector <> - format: filter_c6 config1:61 mask:61
196 [23211978778304] INFO perfrun.perfcollector <> - format: edge config:18 mask:18
196 [23211978778304] INFO perfrun.perfcollector <> - format: filter_isoc config1:63 mask:63
196 [23211978778304] INFO perfrun.perfcollector <> - format: filter_tid config1:0-5 mask:0-5
196 [23211978778304] INFO perfrun.perfcollector <> - format: filter_nid config1:32-47 mask:32-47
196 [23211978778304] INFO perfrun.perfcollector <> - format: filter_nc config1:62 mask:62
196 [23211978778304] INFO perfrun.perfcollector <> - format: umask config:8-15 mask:8-15
196 [23211978778304] INFO perfrun.perfcollector <> - format: tid_en config:19 mask:19
196 [23211978778304] INFO perfrun.perfcollector <> - format: thresh config:24-31 mask:24-31
196 [23211978778304] INFO perfrun.perfcollector <> - format: filter_state config1:17-23 mask:17-23
196 [23211978778304] INFO perfrun.perfcollector <> - format: filter_opc config1:52-60 mask:52-60
196 [23211978778304] INFO perfrun.perfcollector <> - hwInfo: PERF_CBOX_PMU_DETAILS
196 [23211978778304] INFO perfrun.perfcollector <> - pmu added: family: uncore_cbox, id: 1
196 [23211978778304] INFO perfrun.sdk <> - runCmd: /opt/intel/oneapi/vtune/2023.1.0/bin64/sep -dry-run -sam 1 -ec CPU_CLK_UNHALTED.THREAD,CPU_CLK_UNHALTED.REF_TSC:sample:sa=2400000,INST_RETIRED.ANY:sample:sa=2400000,CPU_CLK_UNHALTED.REF_XCLK,CPU_CLK_UNHALTED.ONE_THREAD_ACTIVE,FP_ARITH_INST_RETIRED.SCALAR_SINGLE,FP_ARITH_INST_RETIRED.128B_PACKED_SINGLE,FP_ARITH_INST_RETIRED.256B_PACKED_SINGLE,FP_ARITH_INST_RETIRED.SCALAR_DOUBLE,FP_ARITH_INST_RETIRED.128B_PACKED_DOUBLE,FP_ARITH_INST_RETIRED.256B_PACKED_DOUBLE,INST_RETIRED.X87,UOPS_RETIRED.RETIRE_SLOTS:sample:sa=2000003 -experimental
197 [23211978778304] INFO perfrun.sdk <> - runCmd started PID 3893298
226 [23211978778304] INFO perfrun.perfcollector <> - SepDryRun RC = true
230 [23211978778304] INFO perfrun.perfcollector <> - DRY_RUN: "PMU type: Core (core)"
230 [23211978778304] INFO perfrun.perfcollector <> - pmu type: cpu
230 [23211978778304] INFO perfrun.perfcollector <> - DRY_RUN: "Group 0:"
230 [23211978778304] INFO perfrun.perfcollector <> - id: 0
230 [23211978778304] INFO perfrun.perfcollector <> - DRY_RUN: "INST_RETIRED.ANY: event id 2"
230 [23211978778304] INFO perfrun.perfcollector <> - eventName: INST_RETIRED.ANY, eventId: 2
230 [23211978778304] INFO perfrun.perfcollector <> - DRY_RUN: "CPU_CLK_UNHALTED.THREAD: event id 0"
230 [23211978778304] INFO perfrun.perfcollector <> - eventName: CPU_CLK_UNHALTED.THREAD, eventId: 0
230 [23211978778304] INFO perfrun.perfcollector <> - DRY_RUN: "CPU_CLK_UNHALTED.REF_TSC: event id 1"
230 [23211978778304] INFO perfrun.perfcollector <> - eventName: CPU_CLK_UNHALTED.REF_TSC, eventId: 1
230 [23211978778304] INFO perfrun.perfcollector <> - DRY_RUN: "FP_ARITH_INST_RETIRED.SCALAR_SINGLE: event id 5"
230 [23211978778304] INFO perfrun.perfcollector <> - eventName: FP_ARITH_INST_RETIRED.SCALAR_SINGLE, eventId: 5
230 [23211978778304] INFO perfrun.perfcollector <> - DRY_RUN: "FP_ARITH_INST_RETIRED.128B_PACKED_SINGLE: event id 6"
230 [23211978778304] INFO perfrun.perfcollector <> - eventName: FP_ARITH_INST_RETIRED.128B_PACKED_SINGLE, eventId: 6
230 [23211978778304] INFO perfrun.perfcollector <> - DRY_RUN: "FP_ARITH_INST_RETIRED.256B_PACKED_SINGLE: event id 7"
230 [23211978778304] INFO perfrun.perfcollector <> - eventName: FP_ARITH_INST_RETIRED.256B_PACKED_SINGLE, eventId: 7
230 [23211978778304] INFO perfrun.perfcollector <> - DRY_RUN: "FP_ARITH_INST_RETIRED.SCALAR_DOUBLE: event id 8"
230 [23211978778304] INFO perfrun.perfcollector <> - eventName: FP_ARITH_INST_RETIRED.SCALAR_DOUBLE, eventId: 8
230 [23211978778304] INFO perfrun.perfcollector <> - DRY_RUN: "CPU_CLK_UNHALTED.REF_XCLK: event id 3"
230 [23211978778304] INFO perfrun.perfcollector <> - eventName: CPU_CLK_UNHALTED.REF_XCLK, eventId: 3
230 [23211978778304] INFO perfrun.perfcollector <> - DRY_RUN: "CPU_CLK_UNHALTED.ONE_THREAD_ACTIVE: event id 4"
230 [23211978778304] INFO perfrun.perfcollector <> - eventName: CPU_CLK_UNHALTED.ONE_THREAD_ACTIVE, eventId: 4
230 [23211978778304] INFO perfrun.perfcollector <> - DRY_RUN: "INST_RETIRED.X87: event id 11"
230 [23211978778304] INFO perfrun.perfcollector <> - eventName: INST_RETIRED.X87, eventId: 11
230 [23211978778304] INFO perfrun.perfcollector <> - DRY_RUN: "UOPS_RETIRED.RETIRE_SLOTS: event id 12"
230 [23211978778304] INFO perfrun.perfcollector <> - eventName: UOPS_RETIRED.RETIRE_SLOTS, eventId: 12
230 [23211978778304] INFO perfrun.perfcollector <> - DRY_RUN: "CCCR"
230 [23211978778304] INFO perfrun.perfcollector <> - DRY_RUN: "reg_type       = 1	event_id       = g	reg_id         = 38f	reg_value      = 7000000ff"
230 [23211978778304] INFO perfrun.perfcollector <> - eventId: g, skip parsing event_id
230 [23211978778304] INFO perfrun.perfcollector <> - Register was ignored: group_id: 0, reg_type: 1, event_id: 4294967295, reg_id: 38f, reg_value: 7000000ff, pmu_name: cpu
230 [23211978778304] INFO perfrun.perfcollector <> - DRY_RUN: "reg_type       = 1	event_id       = g	reg_id         = 390	reg_value      = 7000000ff"
230 [23211978778304] INFO perfrun.perfcollector <> - eventId: g, skip parsing event_id
230 [23211978778304] INFO perfrun.perfcollector <> - Register was ignored: group_id: 0, reg_type: 1, event_id: 4294967295, reg_id: 390, reg_value: 7000000ff, pmu_name: cpu
230 [23211978778304] INFO perfrun.perfcollector <> - DRY_RUN: "reg_type       = 1	event_id       = g	reg_id         = 3f1	reg_value      = 0"
230 [23211978778304] INFO perfrun.perfcollector <> - eventId: g, skip parsing event_id
230 [23211978778304] INFO perfrun.perfcollector <> - Register was ignored: group_id: 0, reg_type: 1, event_id: 4294967295, reg_id: 3f1, reg_value: 0, pmu_name: cpu
230 [23211978778304] INFO perfrun.perfcollector <> - DRY_RUN: "reg_type       = 1	event_id       = g	reg_id         = 1d9	reg_value      = 1800"
230 [23211978778304] INFO perfrun.perfcollector <> - eventId: g, skip parsing event_id
230 [23211978778304] INFO perfrun.perfcollector <> - Register was ignored: group_id: 0, reg_type: 1, event_id: 4294967295, reg_id: 1d9, reg_value: 1800, pmu_name: cpu
230 [23211978778304] INFO perfrun.perfcollector <> - DRY_RUN: "reg_type       = 1	event_id       = g	reg_id         = 38d	reg_value      = bbb"
230 [23211978778304] INFO perfrun.perfcollector <> - eventId: g, skip parsing event_id
230 [23211978778304] INFO perfrun.perfcollector <> - Register was ignored: group_id: 0, reg_type: 1, event_id: 4294967295, reg_id: 38d, reg_value: bbb, pmu_name: cpu
230 [23211978778304] INFO perfrun.perfcollector <> - DRY_RUN: "reg_type       = 1	event_id       = 5	reg_id         = 186	reg_value      = 5302c7"
230 [23211978778304] INFO perfrun.perfcollector <> - Event selector: group_id: 0, reg_type: 1, event_id: 5, reg_id: 186, reg_value: 5302c7, pmu_name: cpu
230 [23211978778304] INFO perfrun.perfcollector <> - DRY_RUN: "reg_type       = 1	event_id       = 6	reg_id         = 187	reg_value      = 5308c7"
230 [23211978778304] INFO perfrun.perfcollector <> - Event selector: group_id: 0, reg_type: 1, event_id: 6, reg_id: 187, reg_value: 5308c7, pmu_name: cpu
230 [23211978778304] INFO perfrun.perfcollector <> - DRY_RUN: "reg_type       = 1	event_id       = 7	reg_id         = 188	reg_value      = 5320c7"
230 [23211978778304] INFO perfrun.perfcollector <> - Event selector: group_id: 0, reg_type: 1, event_id: 7, reg_id: 188, reg_value: 5320c7, pmu_name: cpu
230 [23211978778304] INFO perfrun.perfcollector <> - DRY_RUN: "reg_type       = 1	event_id       = 8	reg_id         = 189	reg_value      = 5301c7"
230 [23211978778304] INFO perfrun.perfcollector <> - Event selector: group_id: 0, reg_type: 1, event_id: 8, reg_id: 189, reg_value: 5301c7, pmu_name: cpu
230 [23211978778304] INFO perfrun.perfcollector <> - DRY_RUN: "reg_type       = 1	event_id       = 3	reg_id         = 18a	reg_value      = 53013c"
230 [23211978778304] INFO perfrun.perfcollector <> - Event selector: group_id: 0, reg_type: 1, event_id: 3, reg_id: 18a, reg_value: 53013c, pmu_name: cpu
230 [23211978778304] INFO perfrun.perfcollector <> - DRY_RUN: "reg_type       = 1	event_id       = 4	reg_id         = 18b	reg_value      = 53023c"
230 [23211978778304] INFO perfrun.perfcollector <> - Event selector: group_id: 0, reg_type: 1, event_id: 4, reg_id: 18b, reg_value: 53023c, pmu_name: cpu
230 [23211978778304] INFO perfrun.perfcollector <> - DRY_RUN: "reg_type       = 1	event_id       = 11	reg_id         = 18c	reg_value      = 5302c0"
230 [23211978778304] INFO perfrun.perfcollector <> - Event selector: group_id: 0, reg_type: 1, event_id: 11, reg_id: 18c, reg_value: 5302c0, pmu_name: cpu
230 [23211978778304] INFO perfrun.perfcollector <> - DRY_RUN: "reg_type       = 1	event_id       = 12	reg_id         = 18d	reg_value      = 5302c2"
230 [23211978778304] INFO perfrun.perfcollector <> - Event selector: group_id: 0, reg_type: 1, event_id: 12, reg_id: 18d, reg_value: 5302c2, pmu_name: cpu
230 [23211978778304] INFO perfrun.perfcollector <> - DRY_RUN: "ESCR"
230 [23211978778304] INFO perfrun.perfcollector <> - DRY_RUN: "reg_type       = 2	event_id       = g	reg_id         = 1c8	reg_value      = 0"
230 [23211978778304] INFO perfrun.perfcollector <> - eventId: g, skip parsing event_id
230 [23211978778304] INFO perfrun.perfcollector <> - DRY_RUN: "DATA"
230 [23211978778304] INFO perfrun.perfcollector <> - DRY_RUN: "reg_type       = 4	event_id       = 2	reg_id         = 309	reg_value      = ffffffdb6100"
230 [23211978778304] INFO perfrun.perfcollector <> - eventId: 2, dataAddr: 309, dataVal: ffffffdb6100
230 [23211978778304] INFO perfrun.perfcollector <> - DRY_RUN: "reg_type       = 4	event_id       = 0	reg_id         = 30a	reg_value      = ffffffe17b7d"
230 [23211978778304] INFO perfrun.perfcollector <> - eventId: 0, dataAddr: 30a, dataVal: ffffffe17b7d
230 [23211978778304] INFO perfrun.perfcollector <> - DRY_RUN: "reg_type       = 4	event_id       = 1	reg_id         = 30b	reg_value      = ffffffdb6100"
230 [23211978778304] INFO perfrun.perfcollector <> - eventId: 1, dataAddr: 30b, dataVal: ffffffdb6100
230 [23211978778304] INFO perfrun.perfcollector <> - DRY_RUN: "reg_type       = 4	event_id       = 5	reg_id         = c1	reg_value      = ffffffe17b7d"
230 [23211978778304] INFO perfrun.perfcollector <> - eventId: 5, dataAddr: c1, dataVal: ffffffe17b7d
230 [23211978778304] INFO perfrun.perfcollector <> - DRY_RUN: "reg_type       = 4	event_id       = 6	reg_id         = c2	reg_value      = ffffffe17b7d"
230 [23211978778304] INFO perfrun.perfcollector <> - eventId: 6, dataAddr: c2, dataVal: ffffffe17b7d
230 [23211978778304] INFO perfrun.perfcollector <> - DRY_RUN: "reg_type       = 4	event_id       = 7	reg_id         = c3	reg_value      = ffffffe17b7d"
230 [23211978778304] INFO perfrun.perfcollector <> - eventId: 7, dataAddr: c3, dataVal: ffffffe17b7d
230 [23211978778304] INFO perfrun.perfcollector <> - DRY_RUN: "reg_type       = 4	event_id       = 8	reg_id         = c4	reg_value      = ffffffe17b7d"
230 [23211978778304] INFO perfrun.perfcollector <> - eventId: 8, dataAddr: c4, dataVal: ffffffe17b7d
230 [23211978778304] INFO perfrun.perfcollector <> - DRY_RUN: "reg_type       = 4	event_id       = 3	reg_id         = c5	reg_value      = fffffffe795d"
230 [23211978778304] INFO perfrun.perfcollector <> - eventId: 3, dataAddr: c5, dataVal: fffffffe795d
230 [23211978778304] INFO perfrun.perfcollector <> - DRY_RUN: "reg_type       = 4	event_id       = 4	reg_id         = c6	reg_value      = fffffffe795d"
230 [23211978778304] INFO perfrun.perfcollector <> - eventId: 4, dataAddr: c6, dataVal: fffffffe795d
230 [23211978778304] INFO perfrun.perfcollector <> - DRY_RUN: "reg_type       = 4	event_id       = 11	reg_id         = c7	reg_value      = ffffffe17b7d"
230 [23211978778304] INFO perfrun.perfcollector <> - eventId: 11, dataAddr: c7, dataVal: ffffffe17b7d
230 [23211978778304] INFO perfrun.perfcollector <> - DRY_RUN: "reg_type       = 4	event_id       = 12	reg_id         = c8	reg_value      = ffffffe17b7d"
230 [23211978778304] INFO perfrun.perfcollector <> - eventId: 12, dataAddr: c8, dataVal: ffffffe17b7d
230 [23211978778304] INFO perfrun.perfcollector <> - DRY_RUN: "Group 1:"
230 [23211978778304] INFO perfrun.perfcollector <> - id: 1
230 [23211978778304] INFO perfrun.perfcollector <> - DRY_RUN: "INST_RETIRED.ANY: event id 2"
230 [23211978778304] INFO perfrun.perfcollector <> - eventName: INST_RETIRED.ANY, eventId: 2
230 [23211978778304] INFO perfrun.perfcollector <> - DRY_RUN: "CPU_CLK_UNHALTED.THREAD: event id 0"
230 [23211978778304] INFO perfrun.perfcollector <> - eventName: CPU_CLK_UNHALTED.THREAD, eventId: 0
230 [23211978778304] INFO perfrun.perfcollector <> - DRY_RUN: "CPU_CLK_UNHALTED.REF_TSC: event id 1"
230 [23211978778304] INFO perfrun.perfcollector <> - eventName: CPU_CLK_UNHALTED.REF_TSC, eventId: 1
230 [23211978778304] INFO perfrun.perfcollector <> - DRY_RUN: "FP_ARITH_INST_RETIRED.128B_PACKED_DOUBLE: event id 9"
230 [23211978778304] INFO perfrun.perfcollector <> - eventName: FP_ARITH_INST_RETIRED.128B_PACKED_DOUBLE, eventId: 9
230 [23211978778304] INFO perfrun.perfcollector <> - DRY_RUN: "FP_ARITH_INST_RETIRED.256B_PACKED_DOUBLE: event id 10"
230 [23211978778304] INFO perfrun.perfcollector <> - eventName: FP_ARITH_INST_RETIRED.256B_PACKED_DOUBLE, eventId: 10
230 [23211978778304] INFO perfrun.perfcollector <> - DRY_RUN: "CCCR"
230 [23211978778304] INFO perfrun.perfcollector <> - DRY_RUN: "reg_type       = 1	event_id       = g	reg_id         = 38f	reg_value      = 700000003"
230 [23211978778304] INFO perfrun.perfcollector <> - eventId: g, skip parsing event_id
230 [23211978778304] INFO perfrun.perfcollector <> - Register was ignored: group_id: 1, reg_type: 1, event_id: 4294967295, reg_id: 38f, reg_value: 700000003, pmu_name: cpu
230 [23211978778304] INFO perfrun.perfcollector <> - DRY_RUN: "reg_type       = 1	event_id       = g	reg_id         = 390	reg_value      = 700000003"
230 [23211978778304] INFO perfrun.perfcollector <> - eventId: g, skip parsing event_id
230 [23211978778304] INFO perfrun.perfcollector <> - Register was ignored: group_id: 1, reg_type: 1, event_id: 4294967295, reg_id: 390, reg_value: 700000003, pmu_name: cpu
230 [23211978778304] INFO perfrun.perfcollector <> - DRY_RUN: "reg_type       = 1	event_id       = g	reg_id         = 3f1	reg_value      = 0"
230 [23211978778304] INFO perfrun.perfcollector <> - eventId: g, skip parsing event_id
230 [23211978778304] INFO perfrun.perfcollector <> - Register was ignored: group_id: 1, reg_type: 1, event_id: 4294967295, reg_id: 3f1, reg_value: 0, pmu_name: cpu
230 [23211978778304] INFO perfrun.perfcollector <> - DRY_RUN: "reg_type       = 1	event_id       = g	reg_id         = 1d9	reg_value      = 1800"
230 [23211978778304] INFO perfrun.perfcollector <> - eventId: g, skip parsing event_id
230 [23211978778304] INFO perfrun.perfcollector <> - Register was ignored: group_id: 1, reg_type: 1, event_id: 4294967295, reg_id: 1d9, reg_value: 1800, pmu_name: cpu
230 [23211978778304] INFO perfrun.perfcollector <> - DRY_RUN: "reg_type       = 1	event_id       = g	reg_id         = 38d	reg_value      = bbb"
230 [23211978778304] INFO perfrun.perfcollector <> - eventId: g, skip parsing event_id
230 [23211978778304] INFO perfrun.perfcollector <> - Register was ignored: group_id: 1, reg_type: 1, event_id: 4294967295, reg_id: 38d, reg_value: bbb, pmu_name: cpu
230 [23211978778304] INFO perfrun.perfcollector <> - DRY_RUN: "reg_type       = 1	event_id       = 9	reg_id         = 186	reg_value      = 5304c7"
230 [23211978778304] INFO perfrun.perfcollector <> - Event selector: group_id: 1, reg_type: 1, event_id: 9, reg_id: 186, reg_value: 5304c7, pmu_name: cpu
230 [23211978778304] INFO perfrun.perfcollector <> - DRY_RUN: "reg_type       = 1	event_id       = 10	reg_id         = 187	reg_value      = 5310c7"
230 [23211978778304] INFO perfrun.perfcollector <> - Event selector: group_id: 1, reg_type: 1, event_id: 10, reg_id: 187, reg_value: 5310c7, pmu_name: cpu
230 [23211978778304] INFO perfrun.perfcollector <> - DRY_RUN: "ESCR"
230 [23211978778304] INFO perfrun.perfcollector <> - DRY_RUN: "reg_type       = 2	event_id       = g	reg_id         = 1c8	reg_value      = 0"
230 [23211978778304] INFO perfrun.perfcollector <> - eventId: g, skip parsing event_id
230 [23211978778304] INFO perfrun.perfcollector <> - DRY_RUN: "DATA"
230 [23211978778304] INFO perfrun.perfcollector <> - DRY_RUN: "reg_type       = 4	event_id       = 2	reg_id         = 309	reg_value      = ffffffdb6100"
230 [23211978778304] INFO perfrun.perfcollector <> - eventId: 2, dataAddr: 309, dataVal: ffffffdb6100
230 [23211978778304] INFO perfrun.perfcollector <> - DRY_RUN: "reg_type       = 4	event_id       = 0	reg_id         = 30a	reg_value      = ffffffe17b7d"
230 [23211978778304] INFO perfrun.perfcollector <> - eventId: 0, dataAddr: 30a, dataVal: ffffffe17b7d
230 [23211978778304] INFO perfrun.perfcollector <> - DRY_RUN: "reg_type       = 4	event_id       = 1	reg_id         = 30b	reg_value      = ffffffdb6100"
230 [23211978778304] INFO perfrun.perfcollector <> - eventId: 1, dataAddr: 30b, dataVal: ffffffdb6100
230 [23211978778304] INFO perfrun.perfcollector <> - DRY_RUN: "reg_type       = 4	event_id       = 9	reg_id         = c1	reg_value      = ffffffe17b7d"
230 [23211978778304] INFO perfrun.perfcollector <> - eventId: 9, dataAddr: c1, dataVal: ffffffe17b7d
230 [23211978778304] INFO perfrun.perfcollector <> - DRY_RUN: "reg_type       = 4	event_id       = 10	reg_id         = c2	reg_value      = ffffffe17b7d"
230 [23211978778304] INFO perfrun.perfcollector <> - eventId: 10, dataAddr: c2, dataVal: ffffffe17b7d
230 [23211978778304] INFO perfrun.perfcollector <> - event name: CPU_CLK_UNHALTED.THREAD
230 [23211978778304] INFO perfrun.perfcollector <> - pmu config: cpu
230 [23211978778304] INFO perfrun.perfcollector <> - cccrAddr: ffffffff, cccrValue: 0
230 [23211978778304] INFO perfrun.perfcollector <> - dataAddr: 30a, dataValue: ffffffffffe17b7d
230 [23211978778304] INFO perfrun.perfcollector <> - escrAddr: ffffffff, escrValue: 0
230 [23211978778304] INFO perfrun.perfcollector <> - extendedPebsValue: 0
230 [23211978778304] INFO perfrun.perfcollector <> - adaptivePebsAvailable: 0
231 [23211978778304] INFO perfrun.perfcollector <> - config: event: 3c
231 [23211978778304] INFO perfrun.perfcollector <> - config: pc: 0
231 [23211978778304] INFO perfrun.perfcollector <> - config: in_tx: 0
231 [23211978778304] INFO perfrun.perfcollector <> - config: edge: 0
231 [23211978778304] INFO perfrun.perfcollector <> - config: any: 0
231 [23211978778304] INFO perfrun.perfcollector <> - config1: offcore_rsp: 0
231 [23211978778304] INFO perfrun.perfcollector <> - config: in_tx_cp: 0
231 [23211978778304] INFO perfrun.perfcollector <> - config1: ldlat: 0
231 [23211978778304] INFO perfrun.perfcollector <> - config: inv: 0
231 [23211978778304] INFO perfrun.perfcollector <> - config: umask: 0
231 [23211978778304] INFO perfrun.perfcollector <> - config: cmask: 0
231 [23211978778304] INFO perfrun.perfcollector <> - format: cpu/event=0x3c,name='CPU_CLK_UNHALTED.THREAD'/D
231 [23211978778304] INFO perfrun.perfcollector <> - event name: CPU_CLK_UNHALTED.REF_TSC
231 [23211978778304] INFO perfrun.perfcollector <> - pmu config: cpu
231 [23211978778304] INFO perfrun.perfcollector <> - cccrAddr: ffffffff, cccrValue: 0
231 [23211978778304] INFO perfrun.perfcollector <> - dataAddr: 30b, dataValue: ffffffffffdb6100
231 [23211978778304] INFO perfrun.perfcollector <> - escrAddr: ffffffff, escrValue: 0
231 [23211978778304] INFO perfrun.perfcollector <> - extendedPebsValue: 0
231 [23211978778304] INFO perfrun.perfcollector <> - adaptivePebsAvailable: 0
231 [23211978778304] INFO perfrun.perfcollector <> - config: event: 0
231 [23211978778304] INFO perfrun.perfcollector <> - config: pc: 0
231 [23211978778304] INFO perfrun.perfcollector <> - config: in_tx: 0
231 [23211978778304] INFO perfrun.perfcollector <> - config: edge: 0
231 [23211978778304] INFO perfrun.perfcollector <> - config: any: 0
231 [23211978778304] INFO perfrun.perfcollector <> - config1: offcore_rsp: 0
231 [23211978778304] INFO perfrun.perfcollector <> - config: in_tx_cp: 0
231 [23211978778304] INFO perfrun.perfcollector <> - config1: ldlat: 0
231 [23211978778304] INFO perfrun.perfcollector <> - config: inv: 0
231 [23211978778304] INFO perfrun.perfcollector <> - config: umask: 3
231 [23211978778304] INFO perfrun.perfcollector <> - config: cmask: 0
231 [23211978778304] INFO perfrun.perfcollector <> - format: cpu/umask=0x3,name='CPU_CLK_UNHALTED.REF_TSC'/D
231 [23211978778304] INFO perfrun.perfcollector <> - event name: INST_RETIRED.ANY
231 [23211978778304] INFO perfrun.perfcollector <> - pmu config: cpu
231 [23211978778304] INFO perfrun.perfcollector <> - cccrAddr: ffffffff, cccrValue: 0
231 [23211978778304] INFO perfrun.perfcollector <> - dataAddr: 309, dataValue: ffffffffffdb6100
231 [23211978778304] INFO perfrun.perfcollector <> - escrAddr: ffffffff, escrValue: 0
231 [23211978778304] INFO perfrun.perfcollector <> - extendedPebsValue: 0
231 [23211978778304] INFO perfrun.perfcollector <> - adaptivePebsAvailable: 0
231 [23211978778304] INFO perfrun.perfcollector <> - config: event: c0
231 [23211978778304] INFO perfrun.perfcollector <> - config: pc: 0
231 [23211978778304] INFO perfrun.perfcollector <> - config: in_tx: 0
231 [23211978778304] INFO perfrun.perfcollector <> - config: edge: 0
231 [23211978778304] INFO perfrun.perfcollector <> - config: any: 0
231 [23211978778304] INFO perfrun.perfcollector <> - config1: offcore_rsp: 0
231 [23211978778304] INFO perfrun.perfcollector <> - config: in_tx_cp: 0
231 [23211978778304] INFO perfrun.perfcollector <> - config1: ldlat: 0
231 [23211978778304] INFO perfrun.perfcollector <> - config: inv: 0
231 [23211978778304] INFO perfrun.perfcollector <> - config: umask: 0
231 [23211978778304] INFO perfrun.perfcollector <> - config: cmask: 0
231 [23211978778304] INFO perfrun.perfcollector <> - format: cpu/event=0xc0,name='INST_RETIRED.ANY'/D
231 [23211978778304] INFO perfrun.perfcollector <> - event name: CPU_CLK_UNHALTED.REF_XCLK
231 [23211978778304] INFO perfrun.perfcollector <> - pmu config: cpu
231 [23211978778304] INFO perfrun.perfcollector <> - cccrAddr: 18a, cccrValue: 53013c
231 [23211978778304] INFO perfrun.perfcollector <> - dataAddr: c5, dataValue: fffffffffffe795d
231 [23211978778304] INFO perfrun.perfcollector <> - escrAddr: ffffffff, escrValue: 0
231 [23211978778304] INFO perfrun.perfcollector <> - extendedPebsValue: 0
231 [23211978778304] INFO perfrun.perfcollector <> - adaptivePebsAvailable: 0
231 [23211978778304] INFO perfrun.perfcollector <> - config: event: 3c
231 [23211978778304] INFO perfrun.perfcollector <> - config: pc: 0
231 [23211978778304] INFO perfrun.perfcollector <> - config: in_tx: 0
231 [23211978778304] INFO perfrun.perfcollector <> - config: edge: 0
231 [23211978778304] INFO perfrun.perfcollector <> - config: any: 0
231 [23211978778304] INFO perfrun.perfcollector <> - config1: offcore_rsp: 0
231 [23211978778304] INFO perfrun.perfcollector <> - config: in_tx_cp: 0
231 [23211978778304] INFO perfrun.perfcollector <> - config1: ldlat: 0
231 [23211978778304] INFO perfrun.perfcollector <> - config: inv: 0
231 [23211978778304] INFO perfrun.perfcollector <> - config: umask: 1
231 [23211978778304] INFO perfrun.perfcollector <> - config: cmask: 0
231 [23211978778304] INFO perfrun.perfcollector <> - format: cpu/event=0x3c,umask=0x1,name='CPU_CLK_UNHALTED.REF_XCLK'/
231 [23211978778304] INFO perfrun.perfcollector <> - event name: CPU_CLK_UNHALTED.ONE_THREAD_ACTIVE
231 [23211978778304] INFO perfrun.perfcollector <> - pmu config: cpu
231 [23211978778304] INFO perfrun.perfcollector <> - cccrAddr: 18b, cccrValue: 53023c
231 [23211978778304] INFO perfrun.perfcollector <> - dataAddr: c6, dataValue: fffffffffffe795d
231 [23211978778304] INFO perfrun.perfcollector <> - escrAddr: ffffffff, escrValue: 0
231 [23211978778304] INFO perfrun.perfcollector <> - extendedPebsValue: 0
231 [23211978778304] INFO perfrun.perfcollector <> - adaptivePebsAvailable: 0
231 [23211978778304] INFO perfrun.perfcollector <> - config: event: 3c
231 [23211978778304] INFO perfrun.perfcollector <> - config: pc: 0
231 [23211978778304] INFO perfrun.perfcollector <> - config: in_tx: 0
231 [23211978778304] INFO perfrun.perfcollector <> - config: edge: 0
231 [23211978778304] INFO perfrun.perfcollector <> - config: any: 0
231 [23211978778304] INFO perfrun.perfcollector <> - config1: offcore_rsp: 0
231 [23211978778304] INFO perfrun.perfcollector <> - config: in_tx_cp: 0
231 [23211978778304] INFO perfrun.perfcollector <> - config1: ldlat: 0
231 [23211978778304] INFO perfrun.perfcollector <> - config: inv: 0
231 [23211978778304] INFO perfrun.perfcollector <> - config: umask: 2
231 [23211978778304] INFO perfrun.perfcollector <> - config: cmask: 0
231 [23211978778304] INFO perfrun.perfcollector <> - format: cpu/event=0x3c,umask=0x2,name='CPU_CLK_UNHALTED.ONE_THREAD_ACTIVE'/
231 [23211978778304] INFO perfrun.perfcollector <> - event name: FP_ARITH_INST_RETIRED.SCALAR_SINGLE
231 [23211978778304] INFO perfrun.perfcollector <> - pmu config: cpu
231 [23211978778304] INFO perfrun.perfcollector <> - cccrAddr: 186, cccrValue: 5302c7
231 [23211978778304] INFO perfrun.perfcollector <> - dataAddr: c1, dataValue: ffffffffffe17b7d
231 [23211978778304] INFO perfrun.perfcollector <> - escrAddr: ffffffff, escrValue: 0
231 [23211978778304] INFO perfrun.perfcollector <> - extendedPebsValue: 0
231 [23211978778304] INFO perfrun.perfcollector <> - adaptivePebsAvailable: 0
231 [23211978778304] INFO perfrun.perfcollector <> - config: event: c7
231 [23211978778304] INFO perfrun.perfcollector <> - config: pc: 0
231 [23211978778304] INFO perfrun.perfcollector <> - config: in_tx: 0
231 [23211978778304] INFO perfrun.perfcollector <> - config: edge: 0
231 [23211978778304] INFO perfrun.perfcollector <> - config: any: 0
231 [23211978778304] INFO perfrun.perfcollector <> - config1: offcore_rsp: 0
231 [23211978778304] INFO perfrun.perfcollector <> - config: in_tx_cp: 0
231 [23211978778304] INFO perfrun.perfcollector <> - config1: ldlat: 0
231 [23211978778304] INFO perfrun.perfcollector <> - config: inv: 0
231 [23211978778304] INFO perfrun.perfcollector <> - config: umask: 2
231 [23211978778304] INFO perfrun.perfcollector <> - config: cmask: 0
231 [23211978778304] INFO perfrun.perfcollector <> - format: cpu/event=0xc7,umask=0x2,name='FP_ARITH_INST_RETIRED.SCALAR_SINGLE'/
231 [23211978778304] INFO perfrun.perfcollector <> - event name: FP_ARITH_INST_RETIRED.128B_PACKED_SINGLE
231 [23211978778304] INFO perfrun.perfcollector <> - pmu config: cpu
231 [23211978778304] INFO perfrun.perfcollector <> - cccrAddr: 187, cccrValue: 5308c7
231 [23211978778304] INFO perfrun.perfcollector <> - dataAddr: c2, dataValue: ffffffffffe17b7d
231 [23211978778304] INFO perfrun.perfcollector <> - escrAddr: ffffffff, escrValue: 0
231 [23211978778304] INFO perfrun.perfcollector <> - extendedPebsValue: 0
231 [23211978778304] INFO perfrun.perfcollector <> - adaptivePebsAvailable: 0
231 [23211978778304] INFO perfrun.perfcollector <> - config: event: c7
231 [23211978778304] INFO perfrun.perfcollector <> - config: pc: 0
231 [23211978778304] INFO perfrun.perfcollector <> - config: in_tx: 0
231 [23211978778304] INFO perfrun.perfcollector <> - config: edge: 0
231 [23211978778304] INFO perfrun.perfcollector <> - config: any: 0
231 [23211978778304] INFO perfrun.perfcollector <> - config1: offcore_rsp: 0
231 [23211978778304] INFO perfrun.perfcollector <> - config: in_tx_cp: 0
231 [23211978778304] INFO perfrun.perfcollector <> - config1: ldlat: 0
231 [23211978778304] INFO perfrun.perfcollector <> - config: inv: 0
231 [23211978778304] INFO perfrun.perfcollector <> - config: umask: 8
231 [23211978778304] INFO perfrun.perfcollector <> - config: cmask: 0
231 [23211978778304] INFO perfrun.perfcollector <> - format: cpu/event=0xc7,umask=0x8,name='FP_ARITH_INST_RETIRED.128B_PACKED_SINGLE'/
231 [23211978778304] INFO perfrun.perfcollector <> - event name: FP_ARITH_INST_RETIRED.256B_PACKED_SINGLE
231 [23211978778304] INFO perfrun.perfcollector <> - pmu config: cpu
231 [23211978778304] INFO perfrun.perfcollector <> - cccrAddr: 188, cccrValue: 5320c7
231 [23211978778304] INFO perfrun.perfcollector <> - dataAddr: c3, dataValue: ffffffffffe17b7d
231 [23211978778304] INFO perfrun.perfcollector <> - escrAddr: ffffffff, escrValue: 0
231 [23211978778304] INFO perfrun.perfcollector <> - extendedPebsValue: 0
231 [23211978778304] INFO perfrun.perfcollector <> - adaptivePebsAvailable: 0
231 [23211978778304] INFO perfrun.perfcollector <> - config: event: c7
231 [23211978778304] INFO perfrun.perfcollector <> - config: pc: 0
231 [23211978778304] INFO perfrun.perfcollector <> - config: in_tx: 0
231 [23211978778304] INFO perfrun.perfcollector <> - config: edge: 0
231 [23211978778304] INFO perfrun.perfcollector <> - config: any: 0
231 [23211978778304] INFO perfrun.perfcollector <> - config1: offcore_rsp: 0
231 [23211978778304] INFO perfrun.perfcollector <> - config: in_tx_cp: 0
231 [23211978778304] INFO perfrun.perfcollector <> - config1: ldlat: 0
231 [23211978778304] INFO perfrun.perfcollector <> - config: inv: 0
231 [23211978778304] INFO perfrun.perfcollector <> - config: umask: 20
231 [23211978778304] INFO perfrun.perfcollector <> - config: cmask: 0
231 [23211978778304] INFO perfrun.perfcollector <> - format: cpu/event=0xc7,umask=0x20,name='FP_ARITH_INST_RETIRED.256B_PACKED_SINGLE'/
231 [23211978778304] INFO perfrun.perfcollector <> - event name: FP_ARITH_INST_RETIRED.SCALAR_DOUBLE
231 [23211978778304] INFO perfrun.perfcollector <> - pmu config: cpu
231 [23211978778304] INFO perfrun.perfcollector <> - cccrAddr: 189, cccrValue: 5301c7
231 [23211978778304] INFO perfrun.perfcollector <> - dataAddr: c4, dataValue: ffffffffffe17b7d
231 [23211978778304] INFO perfrun.perfcollector <> - escrAddr: ffffffff, escrValue: 0
231 [23211978778304] INFO perfrun.perfcollector <> - extendedPebsValue: 0
231 [23211978778304] INFO perfrun.perfcollector <> - adaptivePebsAvailable: 0
231 [23211978778304] INFO perfrun.perfcollector <> - config: event: c7
231 [23211978778304] INFO perfrun.perfcollector <> - config: pc: 0
231 [23211978778304] INFO perfrun.perfcollector <> - config: in_tx: 0
231 [23211978778304] INFO perfrun.perfcollector <> - config: edge: 0
231 [23211978778304] INFO perfrun.perfcollector <> - config: any: 0
231 [23211978778304] INFO perfrun.perfcollector <> - config1: offcore_rsp: 0
231 [23211978778304] INFO perfrun.perfcollector <> - config: in_tx_cp: 0
231 [23211978778304] INFO perfrun.perfcollector <> - config1: ldlat: 0
231 [23211978778304] INFO perfrun.perfcollector <> - config: inv: 0
231 [23211978778304] INFO perfrun.perfcollector <> - config: umask: 1
231 [23211978778304] INFO perfrun.perfcollector <> - config: cmask: 0
231 [23211978778304] INFO perfrun.perfcollector <> - format: cpu/event=0xc7,umask=0x1,name='FP_ARITH_INST_RETIRED.SCALAR_DOUBLE'/
231 [23211978778304] INFO perfrun.perfcollector <> - event name: FP_ARITH_INST_RETIRED.128B_PACKED_DOUBLE
231 [23211978778304] INFO perfrun.perfcollector <> - pmu config: cpu
231 [23211978778304] INFO perfrun.perfcollector <> - cccrAddr: 186, cccrValue: 5304c7
231 [23211978778304] INFO perfrun.perfcollector <> - dataAddr: c1, dataValue: ffffffffffe17b7d
231 [23211978778304] INFO perfrun.perfcollector <> - escrAddr: ffffffff, escrValue: 0
231 [23211978778304] INFO perfrun.perfcollector <> - extendedPebsValue: 0
231 [23211978778304] INFO perfrun.perfcollector <> - adaptivePebsAvailable: 0
231 [23211978778304] INFO perfrun.perfcollector <> - config: event: c7
231 [23211978778304] INFO perfrun.perfcollector <> - config: pc: 0
231 [23211978778304] INFO perfrun.perfcollector <> - config: in_tx: 0
231 [23211978778304] INFO perfrun.perfcollector <> - config: edge: 0
231 [23211978778304] INFO perfrun.perfcollector <> - config: any: 0
231 [23211978778304] INFO perfrun.perfcollector <> - config1: offcore_rsp: 0
231 [23211978778304] INFO perfrun.perfcollector <> - config: in_tx_cp: 0
231 [23211978778304] INFO perfrun.perfcollector <> - config1: ldlat: 0
231 [23211978778304] INFO perfrun.perfcollector <> - config: inv: 0
231 [23211978778304] INFO perfrun.perfcollector <> - config: umask: 4
231 [23211978778304] INFO perfrun.perfcollector <> - config: cmask: 0
231 [23211978778304] INFO perfrun.perfcollector <> - format: cpu/event=0xc7,umask=0x4,name='FP_ARITH_INST_RETIRED.128B_PACKED_DOUBLE'/
231 [23211978778304] INFO perfrun.perfcollector <> - event name: FP_ARITH_INST_RETIRED.256B_PACKED_DOUBLE
231 [23211978778304] INFO perfrun.perfcollector <> - pmu config: cpu
231 [23211978778304] INFO perfrun.perfcollector <> - cccrAddr: 187, cccrValue: 5310c7
231 [23211978778304] INFO perfrun.perfcollector <> - dataAddr: c2, dataValue: ffffffffffe17b7d
231 [23211978778304] INFO perfrun.perfcollector <> - escrAddr: ffffffff, escrValue: 0
231 [23211978778304] INFO perfrun.perfcollector <> - extendedPebsValue: 0
231 [23211978778304] INFO perfrun.perfcollector <> - adaptivePebsAvailable: 0
231 [23211978778304] INFO perfrun.perfcollector <> - config: event: c7
231 [23211978778304] INFO perfrun.perfcollector <> - config: pc: 0
231 [23211978778304] INFO perfrun.perfcollector <> - config: in_tx: 0
231 [23211978778304] INFO perfrun.perfcollector <> - config: edge: 0
231 [23211978778304] INFO perfrun.perfcollector <> - config: any: 0
231 [23211978778304] INFO perfrun.perfcollector <> - config1: offcore_rsp: 0
231 [23211978778304] INFO perfrun.perfcollector <> - config: in_tx_cp: 0
231 [23211978778304] INFO perfrun.perfcollector <> - config1: ldlat: 0
231 [23211978778304] INFO perfrun.perfcollector <> - config: inv: 0
231 [23211978778304] INFO perfrun.perfcollector <> - config: umask: 10
231 [23211978778304] INFO perfrun.perfcollector <> - config: cmask: 0
231 [23211978778304] INFO perfrun.perfcollector <> - format: cpu/event=0xc7,umask=0x10,name='FP_ARITH_INST_RETIRED.256B_PACKED_DOUBLE'/
231 [23211978778304] INFO perfrun.perfcollector <> - event name: INST_RETIRED.X87
231 [23211978778304] INFO perfrun.perfcollector <> - pmu config: cpu
231 [23211978778304] INFO perfrun.perfcollector <> - cccrAddr: 18c, cccrValue: 5302c0
231 [23211978778304] INFO perfrun.perfcollector <> - dataAddr: c7, dataValue: ffffffffffe17b7d
231 [23211978778304] INFO perfrun.perfcollector <> - escrAddr: ffffffff, escrValue: 0
231 [23211978778304] INFO perfrun.perfcollector <> - extendedPebsValue: 0
231 [23211978778304] INFO perfrun.perfcollector <> - adaptivePebsAvailable: 0
231 [23211978778304] INFO perfrun.perfcollector <> - config: event: c0
231 [23211978778304] INFO perfrun.perfcollector <> - config: pc: 0
231 [23211978778304] INFO perfrun.perfcollector <> - config: in_tx: 0
231 [23211978778304] INFO perfrun.perfcollector <> - config: edge: 0
231 [23211978778304] INFO perfrun.perfcollector <> - config: any: 0
231 [23211978778304] INFO perfrun.perfcollector <> - config1: offcore_rsp: 0
231 [23211978778304] INFO perfrun.perfcollector <> - config: in_tx_cp: 0
231 [23211978778304] INFO perfrun.perfcollector <> - config1: ldlat: 0
231 [23211978778304] INFO perfrun.perfcollector <> - config: inv: 0
231 [23211978778304] INFO perfrun.perfcollector <> - config: umask: 2
231 [23211978778304] INFO perfrun.perfcollector <> - config: cmask: 0
231 [23211978778304] INFO perfrun.perfcollector <> - format: cpu/event=0xc0,umask=0x2,name='INST_RETIRED.X87'/
231 [23211978778304] INFO perfrun.perfcollector <> - event name: UOPS_RETIRED.RETIRE_SLOTS
231 [23211978778304] INFO perfrun.perfcollector <> - pmu config: cpu
231 [23211978778304] INFO perfrun.perfcollector <> - cccrAddr: 18d, cccrValue: 5302c2
231 [23211978778304] INFO perfrun.perfcollector <> - dataAddr: c8, dataValue: ffffffffffe17b7d
231 [23211978778304] INFO perfrun.perfcollector <> - escrAddr: ffffffff, escrValue: 0
231 [23211978778304] INFO perfrun.perfcollector <> - extendedPebsValue: 0
231 [23211978778304] INFO perfrun.perfcollector <> - adaptivePebsAvailable: 0
231 [23211978778304] INFO perfrun.perfcollector <> - config: event: c2
231 [23211978778304] INFO perfrun.perfcollector <> - config: pc: 0
231 [23211978778304] INFO perfrun.perfcollector <> - config: in_tx: 0
231 [23211978778304] INFO perfrun.perfcollector <> - config: edge: 0
231 [23211978778304] INFO perfrun.perfcollector <> - config: any: 0
231 [23211978778304] INFO perfrun.perfcollector <> - config1: offcore_rsp: 0
231 [23211978778304] INFO perfrun.perfcollector <> - config: in_tx_cp: 0
231 [23211978778304] INFO perfrun.perfcollector <> - config1: ldlat: 0
231 [23211978778304] INFO perfrun.perfcollector <> - config: inv: 0
231 [23211978778304] INFO perfrun.perfcollector <> - config: umask: 2
231 [23211978778304] INFO perfrun.perfcollector <> - config: cmask: 0
231 [23211978778304] INFO perfrun.perfcollector <> - format: cpu/event=0xc2,umask=0x2,name='UOPS_RETIRED.RETIRE_SLOTS'/
231 [23211978778304] INFO perfrun.perfcollector <> - event: cpu/event=0x3c,name='CPU_CLK_UNHALTED.THREAD'/Duk, added for counting
231 [23211978778304] INFO perfrun.perfcollector <> - event: cpu/umask=0x3,name='CPU_CLK_UNHALTED.REF_TSC'/Duk, added for counting
231 [23211978778304] INFO perfrun.perfcollector <> - event: cpu/event=0xc0,name='INST_RETIRED.ANY'/Duk, added for counting
231 [23211978778304] INFO perfrun.perfcollector <> - event: cpu/event=0x3c,umask=0x1,name='CPU_CLK_UNHALTED.REF_XCLK'/uk, added for counting
231 [23211978778304] INFO perfrun.perfcollector <> - event: cpu/event=0x3c,umask=0x2,name='CPU_CLK_UNHALTED.ONE_THREAD_ACTIVE'/uk, added for counting
231 [23211978778304] INFO perfrun.perfcollector <> - event: cpu/event=0xc7,umask=0x2,name='FP_ARITH_INST_RETIRED.SCALAR_SINGLE'/uk, added for counting
231 [23211978778304] INFO perfrun.perfcollector <> - event: cpu/event=0xc7,umask=0x8,name='FP_ARITH_INST_RETIRED.128B_PACKED_SINGLE'/uk, added for counting
231 [23211978778304] INFO perfrun.perfcollector <> - event: cpu/event=0xc7,umask=0x20,name='FP_ARITH_INST_RETIRED.256B_PACKED_SINGLE'/uk, added for counting
231 [23211978778304] INFO perfrun.perfcollector <> - event: cpu/event=0xc7,umask=0x1,name='FP_ARITH_INST_RETIRED.SCALAR_DOUBLE'/uk, added for counting
231 [23211978778304] INFO perfrun.perfcollector <> - event: cpu/event=0xc7,umask=0x4,name='FP_ARITH_INST_RETIRED.128B_PACKED_DOUBLE'/uk, added for counting
231 [23211978778304] INFO perfrun.perfcollector <> - event: cpu/event=0xc7,umask=0x10,name='FP_ARITH_INST_RETIRED.256B_PACKED_DOUBLE'/uk, added for counting
231 [23211978778304] INFO perfrun.perfcollector <> - event: cpu/event=0xc0,umask=0x2,name='INST_RETIRED.X87'/uk, added for counting
231 [23211978778304] INFO perfrun.perfcollector <> - event: cpu/event=0xc2,umask=0x2,name='UOPS_RETIRED.RETIRE_SLOTS'/uk, added for counting
231 [23211978778304] INFO perfrun.perfcollector <> - attaching to pid: 4294967295, collect mode: 1, rc modes: 3
247 [23211967731392] WARN perfrun.perfcollector <> - Perf stat trace pipe capacity: read = 1048576, write = 1048576, at file: vcs/perfrun1/plugins/perfcollector/src/profiler.cpp:765
256 [23211967731392] INFO perfrun.sdk <> - runCmd: /opt/intel/oneapi/vtune/2023.1.0/bin64/amplxe-perf stat -v --log-fd 10 --scale -x ; -e cpu/event=0x3c,name='CPU_CLK_UNHALTED.THREAD'/Duk,cpu/umask=0x3,name='CPU_CLK_UNHALTED.REF_TSC'/Duk,cpu/event=0xc0,name='INST_RETIRED.ANY'/Duk,cpu/event=0x3c,umask=0x1,name='CPU_CLK_UNHALTED.REF_XCLK'/uk,cpu/event=0x3c,umask=0x2,name='CPU_CLK_UNHALTED.ONE_THREAD_ACTIVE'/uk,cpu/event=0xc7,umask=0x2,name='FP_ARITH_INST_RETIRED.SCALAR_SINGLE'/uk,cpu/event=0xc7,umask=0x8,name='FP_ARITH_INST_RETIRED.128B_PACKED_SINGLE'/uk,cpu/event=0xc7,umask=0x20,name='FP_ARITH_INST_RETIRED.256B_PACKED_SINGLE'/uk,cpu/event=0xc7,umask=0x1,name='FP_ARITH_INST_RETIRED.SCALAR_DOUBLE'/uk,cpu/event=0xc7,umask=0x4,name='FP_ARITH_INST_RETIRED.128B_PACKED_DOUBLE'/uk,cpu/event=0xc7,umask=0x10,name='FP_ARITH_INST_RETIRED.256B_PACKED_DOUBLE'/uk,cpu/event=0xc0,umask=0x2,name='INST_RETIRED.X87'/uk,cpu/event=0xc2,umask=0x2,name='UOPS_RETIRED.RETIRE_SLOTS'/uk /opt/intel/oneapi/vtune/2023.1.0/bin64/amplxe-perf-sync dryrun sys
257 [23211967731392] INFO perfrun.sdk <> - runCmd started PID 3893320
445 [23211967731392] INFO perfrun.perfcollector <> - Monitor: runCmd RC = true
447 [23211978778304] INFO perfrun.launcher <> - plugin [aoclprofile] was disabled because it doesn't support the given collection type.
447 [23211978778304] INFO perfrun.tpss <> - initialize tpss controller
447 [23211978778304] INFO perfrun.tpss <> - configure collection mode: value = cpu:counters:nostack
447 [23211978778304] INFO perfrun.tpss <> - configure collection mode: value = cpu:stack
447 [23211978778304] INFO perfrun.tpss <> - default obj-size-min=1024
447 [23211978778304] INFO perfrun.tpss <> - default hash-table-size=0
447 [23211978778304] INFO perfrun.launcher <> - plugin [media] was disabled because it doesn't support the given collection type.
447 [23211978778304] INFO perfrun.launcher <> - plugin [] was disabled because it doesn't support the given collection type.
447 [23211978778304] INFO perfrun.launcher <> - plugin [] was disabled because it doesn't support the given collection type.
447 [23211978778304] INFO perfrun.launcher <> - plugin [parallelfs] was disabled because it doesn't support the given collection type.
447 [23211978778304] INFO perfrun.launcher <> - plugin [power] was disabled because it doesn't support the given collection type.
447 [23211978778304] INFO perfrun.launcher <> - plugin [hwloc] was disabled because it doesn't support the given collection type.
447 [23211978778304] INFO perfrun.launcher <> - plugin [ipmwatch] was disabled because it doesn't support the given collection type.
447 [23211978778304] INFO perfrun.launcher <> - plugin [os_counters] was disabled because it doesn't support the given collection type.
447 [23211978778304] INFO perfrun.launcher <> - plugin [l0_metrics] was disabled because it doesn't support the given collection type.
447 [23212122335104] INFO perfrun.launcher <> - set environment variable: LD_LIBRARY_PATH = /opt/intel/oneapi/vtune/2023.1.0/lib32/runtime:/opt/intel/oneapi/vtune/2023.1.0/lib64/runtime:/opt/intel/oneapi/tbb/2021.5.1/env/../lib/intel64/gcc4.8:/opt/intel/oneapi/mpi/2021.5.1//libfabric/lib:/opt/intel/oneapi/mpi/2021.5.1//lib/release:/opt/intel/oneapi/mpi/2021.5.1//lib:/opt/intel/oneapi/mkl/2022.0.2/lib/intel64:/opt/intel/oneapi/itac/2021.5.0/slib:/opt/intel/oneapi/debugger/2021.5.0/gdb/intel64/lib:/opt/intel/oneapi/debugger/2021.5.0/libipt/intel64/lib:/opt/intel/oneapi/debugger/2021.5.0/dep/lib:/opt/intel/oneapi/compiler/2022.0.2/linux/lib:/opt/intel/oneapi/compiler/2022.0.2/linux/lib/x64:/opt/intel/oneapi/compiler/2022.0.2/linux/lib/oclfpga/host/linux64/lib:/opt/intel/oneapi/compiler/2022.0.2/linux/compiler/lib/intel64_lin
447 [23212122335104] INFO perfrun.launcher <> - set environment variable: INTEL_LIBITTNOTIFY32 = /opt/intel/oneapi/vtune/2023.1.0/lib32/runtime/libittnotify_collector.so
447 [23212122335104] INFO perfrun.launcher <> - set environment variable: INTEL_LIBITTNOTIFY64 = /opt/intel/oneapi/vtune/2023.1.0/lib64/runtime/libittnotify_collector.so
447 [23212122335104] INFO perfrun.launcher <> - set environment variable: INTEL_ITTNOTIFY_GROUPS = 
447 [23212122335104] INFO perfrun.launcher <> - set environment variable: INTEL_JIT_PROFILER32 = /opt/intel/oneapi/vtune/2023.1.0/lib32/runtime/libittnotify_collector.so
447 [23212122335104] INFO perfrun.launcher <> - set environment variable: INTEL_JIT_PROFILER64 = /opt/intel/oneapi/vtune/2023.1.0/lib64/runtime/libittnotify_collector.so
447 [23212122335104] INFO perfrun.launcher <> - set environment variable: OMP_TOOL_LIBRARIES = /opt/intel/oneapi/vtune/2023.1.0/lib32/runtime/libittnotify_collector.so:/opt/intel/oneapi/vtune/2023.1.0/lib64/runtime/libittnotify_collector.so
447 [23212122335104] INFO perfrun.launcher <> - set environment variable: ENABLE_JITPROFILING = 1
447 [23212122335104] INFO perfrun.launcher <> - set environment variable: CL_CONFIG_USE_VTUNE = True
448 [23212122335104] INFO perfrun.launcher <> - set environment variable: LD_PRELOAD = libittnotify_collector.so:
448 [23212122335104] INFO perfrun.launcher <> - set environment variable: KMP_FORKJOIN_FRAMES = 0
448 [23212122335104] INFO perfrun.launcher <> - set environment variable: KMP_FORKJOIN_FRAMES_MODE = 0
448 [23212122335104] INFO perfrun.launcher <> - set environment variable: OMP_TOOL = disabled
448 [23212122335104] INFO perfrun.launcher <> - set environment variable: INTEL_MRTE_DATA_DIR = /home/course/hpc/users/2022012388/exp8/vtune_result.conv1/data.2
448 [23212122335104] INFO perfrun.launcher <> - set environment variable: INTEL_MRTE_HOST_NAME = conv1
448 [23212122335104] INFO perfrun.launcher <> - set environment variable: JAVA_TOOL_OPTIONS = -agentlib:amplxe_tpssmrte_javaprof_1.0 -Dsun.boot.library.path=/opt/intel/oneapi/vtune/2023.1.0/lib32/runtime:/opt/intel/oneapi/vtune/2023.1.0/lib64/runtime
448 [23212122335104] INFO perfrun.launcher <> - set environment variable: LD_LIBRARY_PATH = /opt/intel/oneapi/vtune/2023.1.0/lib32/runtime:/opt/intel/oneapi/vtune/2023.1.0/lib64/runtime:/opt/intel/oneapi/tbb/2021.5.1/env/../lib/intel64/gcc4.8:/opt/intel/oneapi/mpi/2021.5.1//libfabric/lib:/opt/intel/oneapi/mpi/2021.5.1//lib/release:/opt/intel/oneapi/mpi/2021.5.1//lib:/opt/intel/oneapi/mkl/2022.0.2/lib/intel64:/opt/intel/oneapi/itac/2021.5.0/slib:/opt/intel/oneapi/debugger/2021.5.0/gdb/intel64/lib:/opt/intel/oneapi/debugger/2021.5.0/libipt/intel64/lib:/opt/intel/oneapi/debugger/2021.5.0/dep/lib:/opt/intel/oneapi/compiler/2022.0.2/linux/lib:/opt/intel/oneapi/compiler/2022.0.2/linux/lib/x64:/opt/intel/oneapi/compiler/2022.0.2/linux/lib/oclfpga/host/linux64/lib:/opt/intel/oneapi/compiler/2022.0.2/linux/compiler/lib/intel64_lin
448 [23212122335104] INFO perfrun.launcher <> - set environment variable: CORECLR_ENABLE_PROFILING = 1
448 [23212122335104] INFO perfrun.launcher <> - set environment variable: CORECLR_PROFILER = {AA5E4821-E3B1-479c-B7FF-5AD047D22CED}
448 [23212122335104] INFO perfrun.launcher <> - set environment variable: CORECLR_PROFILER_PATH = /opt/intel/oneapi/vtune/2023.1.0/lib64/libamplxe_samplingmrte_clrprof_1.0.so
448 [23212122335104] INFO perfrun.launcher <> - set environment variable: INTEL_MRTE_PROFILER_MODE = mixed
448 [23212122335104] INFO perfrun.launcher <> - RpcServer: run RPC server to handle requests
449 [23212122335104] INFO perfrun.launcher <> - Launcher: command line to start before modification = ./main 2022012388
449 [23212122335104] INFO perfrun.launcher <> - Launcher: command line to start after modification = /opt/intel/oneapi/vtune/2023.1.0/bin64/pin -error_file /home/course/hpc/users/2022012388/exp8/vtune_result.conv1/data.2/pinerr.tpsslog -detach_reattach -follow_execv -tool_load_option deepbind -t64 /opt/intel/oneapi/vtune/2023.1.0/lib64/libtpsstool.so -t /opt/intel/oneapi/vtune/2023.1.0/lib32/libtpsstool.so -server_name tpss_ipc.3893262 -prd_dir /opt/intel/oneapi/vtune/2023.1.0 -- ./main 2022012388
851 [23212122335104] INFO perfrun.launcher <> - ProcessCreator object was created
853 [23212122335104] INFO perfrun.launcher <> - Launcher: the process was started in suspend mode
857 [23211978778304] WARN perfrun.system <> - Could not do anything with /sys/kernel/debug/kvm: boost::filesystem::status: Permission denied: "/sys/kernel/debug/kvm", at file: vcs/perfrun1/plugins/system/src/trace_writer.cpp:787
857 [23211978778304] WARN perfrun.system <> - Folder "/var/run/libvirt/qemu/"doesn't exist, at file: vcs/perfrun1/plugins/system/src/trace_writer.cpp:800
857 [23211978778304] INFO perfrun.itt <> - start itt controller for pid #3893366
857 [23211978778304] INFO perfrun.perfcollector <> - attaching to pid: 3893366, collect mode: 1, rc modes: 1
871 [23211961427648] WARN perfrun.perfcollector <> - Perf stat trace pipe capacity: read = 1048576, write = 1048576, at file: vcs/perfrun1/plugins/perfcollector/src/profiler.cpp:765
880 [23211961427648] INFO perfrun.sdk <> - runCmd: /opt/intel/oneapi/vtune/2023.1.0/bin64/amplxe-perf stat -v --log-fd 22 --control=fd:23,26 --scale -x ; -p 3893366 -e cpu/event=0x3c,name='CPU_CLK_UNHALTED.THREAD'/Duk,cpu/umask=0x3,name='CPU_CLK_UNHALTED.REF_TSC'/Duk,cpu/event=0xc0,name='INST_RETIRED.ANY'/Duk,cpu/event=0x3c,umask=0x1,name='CPU_CLK_UNHALTED.REF_XCLK'/uk,cpu/event=0x3c,umask=0x2,name='CPU_CLK_UNHALTED.ONE_THREAD_ACTIVE'/uk,cpu/event=0xc7,umask=0x2,name='FP_ARITH_INST_RETIRED.SCALAR_SINGLE'/uk,cpu/event=0xc7,umask=0x8,name='FP_ARITH_INST_RETIRED.128B_PACKED_SINGLE'/uk,cpu/event=0xc7,umask=0x20,name='FP_ARITH_INST_RETIRED.256B_PACKED_SINGLE'/uk,cpu/event=0xc7,umask=0x1,name='FP_ARITH_INST_RETIRED.SCALAR_DOUBLE'/uk,cpu/event=0xc7,umask=0x4,name='FP_ARITH_INST_RETIRED.128B_PACKED_DOUBLE'/uk,cpu/event=0xc7,umask=0x10,name='FP_ARITH_INST_RETIRED.256B_PACKED_DOUBLE'/uk,cpu/event=0xc0,umask=0x2,name='INST_RETIRED.X87'/uk,cpu/event=0xc2,umask=0x2,name='UOPS_RETIRED.RETIRE_SLOTS'/uk /opt/intel/oneapi/vtune/2023.1.0/bin64/amplxe-perf-sync sync sys
881 [23211961427648] INFO perfrun.sdk <> - runCmd started PID 3893393
1020 [23211978778304] INFO perfrun.tpss <> - start tpss controller for pid #3893366
1072 [23212122335104] INFO perfrun.launcher <> - Launcher: all plugins were started
1072 [23212122335104] INFO perfrun.launcher <> - DirectoryMonitor object was created
1072 [23212122335104] INFO perfrun.launcher <> - DirectoryMonitor: a callback was added
1072 [23212122335104] INFO perfrun.launcher <> - DirectoryMonitor was started with pingTime = 1000
1072 [23212122335104] INFO perfrun.launcher <> - DeadlineTimer is going to be constructed
1072 [23212122335104] INFO perfrun.launcher <> - DeadlineTimer: a callback was added
1074 [23212122335104] INFO perfrun.launcher <> - Launcher: resume the profiled application and  wait its termination or stop command
11354 [23212122335104] INFO perfrun.launcher <> - Launcher: the profiled application was terminated  with exit code = 0
11396 [23211978778304] INFO perfrun.itt <> - detach itt controller
11396 [23211978778304] INFO perfrun.itt <> - detach itt controller done
11398 [23211961427648] INFO perfrun.perfcollector <> - Monitor: runCmd RC = true
11398 [23211978778304] INFO perfrun.perfcollector <> - Monitor: state = 3, error = 1
11398 [23211978778304] INFO perfrun.tpss <> - stop tpss controller
11400 [23211978778304] INFO perfrun.sdk <> - De-allocating TMU: /home/course/hpc/users/2022012388/exp8/vtune_result.conv1/data.2/systemcollector-3893262-conv1.sc
11400 [23211978778304] INFO perfrun.system <> - closed the system trace file: /home/course/hpc/users/2022012388/exp8/vtune_result.conv1/data.2/systemcollector-3893262-conv1.sc
11400 [23212122335104] INFO perfrun.launcher <> - Launcher: all plugins were stopped.
11400 [23212122335104] INFO perfrun.launcher <> - DeadlineTimer is going to be destroyed
11401 [23212122335104] INFO perfrun.launcher <> - DeadlineTimer was destroyed
11401 [23212122335104] INFO perfrun.launcher <> - DirectoryMonitor object was destroyed
11401 [23212122335104] WARN perfrun.launcher <> - Stop command is ignored because it is received when collection is already stopped, at file: vcs/perfrun1/launcher/src/command_handler.cpp:226
11401 [23212122335104] INFO perfrun.launcher <> - Application exit code: 0
11401 [23212122335104] INFO perfrun.launcher <> - Exit code: 0
