13 [22535073507200] INFO perfrun.launcher <> - Launcher main begin
15 [22535073507200] INFO perfrun.launcher <> - MessageCatalogInit finished
15 [22535073507200] INFO perfrun.launcher <> - Launcher instance created
15 [22535073507200] INFO perfrun.launcher <> - argc = 7; cmdline = /opt/intel/oneapi/vtune/2023.1.0/bin64/amplxe-runss --ui-output-format xml --ui-output-fd 5 --option-file /home/course/hpc/users/2022012388/exp8/vtune_result.conv1/config/runss.options.4 
114 [22535073507200] INFO perfrun.launcher <> - create msngr2::ICliToolContext
115 [22535073507200] INFO perfrun.launcher <> - create file finder object
115 [22535073507200] INFO perfrun.launcher <> - create a result directory: pattern = /home/course/hpc/users/2022012388/exp8/vtune_result.conv1 pid = 4294967295
118 [22535073507200] INFO perfrun.sdk <> - checked that the directory /home/course/hpc/users/2022012388/exp8/vtune_result.conv1 is a local directory
118 [22535073507200] INFO perfrun.sdk <> - the directory /home/course/hpc/users/2022012388/exp8/vtune_result.conv1 is located on a share or its FS ID is unknown 26985
118 [22535073507200] INFO perfrun.sdk <> - checked that the directory /tmp/amplxe-tmp-2022012388 is a local directory
118 [22535073507200] INFO perfrun.sdk <> - the directory /tmp/amplxe-tmp-2022012388 is located on a share or its FS ID is unknown 2035054128
121 [22535073507200] INFO perfrun.launcher <> - create data directory = /home/course/hpc/users/2022012388/exp8/vtune_result.conv1/data.5
123 [22535073507200] INFO perfrun.launcher <> - Creating the master collection flag
123 [22535073507200] INFO perfrun.launcher <> - Done creating the master collection flag
126 [22534930032320] INFO perfrun.launcher <> - plugin [remoteplug] was disabled because it doesn't support the given collection type.
126 [22534930032320] INFO perfrun.sdk <> - Allocating TMU :/home/course/hpc/users/2022012388/exp8/vtune_result.conv1/data.5/systemcollector-3893268-conv1.sc
128 [22534930032320] INFO perfrun.launcher <> - plugin [vdso] was disabled because it doesn't support the given collection type.
128 [22534930032320] INFO perfrun.launcher <> - plugin [ptracecollector] was disabled because it doesn't support the given collection type.
128 [22534930032320] INFO perfrun.launcher <> - plugin [gpu] was disabled because it doesn't support the given collection type.
128 [22534930032320] INFO perfrun.launcher <> - plugin [] was disabled because it doesn't support the given collection type.
128 [22534930032320] INFO perfrun.launcher <> - plugin [] was disabled because it doesn't support the given collection type.
128 [22534930032320] INFO perfrun.launcher <> - plugin [] was disabled because it doesn't support the given collection type.
128 [22534930032320] INFO perfrun.mrte <> - system-wide mode is 0
128 [22534930032320] INFO perfrun.mrte <> - Getting  mrte profiling environment ...
163 [22534930032320] INFO perfrun.mrte <> - INTEL_MRTE_DATA_DIR=/home/course/hpc/users/2022012388/exp8/vtune_result.conv1/data.5
163 [22534930032320] INFO perfrun.mrte <> - INTEL_MRTE_HOST_NAME=conv1
163 [22534930032320] INFO perfrun.mrte <> - JAVA_TOOL_OPTIONS=-agentlib:amplxe_tpssmrte_javaprof_1.0 -Dsun.boot.library.path=/opt/intel/oneapi/vtune/2023.1.0/lib32/runtime:/opt/intel/oneapi/vtune/2023.1.0/lib64/runtime
163 [22534930032320] INFO perfrun.mrte <> - LD_LIBRARY_PATH=/opt/intel/oneapi/vtune/2023.1.0/lib32/runtime:/opt/intel/oneapi/vtune/2023.1.0/lib64/runtime:/opt/intel/oneapi/tbb/2021.5.1/env/../lib/intel64/gcc4.8:/opt/intel/oneapi/mpi/2021.5.1//libfabric/lib:/opt/intel/oneapi/mpi/2021.5.1//lib/release:/opt/intel/oneapi/mpi/2021.5.1//lib:/opt/intel/oneapi/mkl/2022.0.2/lib/intel64:/opt/intel/oneapi/itac/2021.5.0/slib:/opt/intel/oneapi/debugger/2021.5.0/gdb/intel64/lib:/opt/intel/oneapi/debugger/2021.5.0/libipt/intel64/lib:/opt/intel/oneapi/debugger/2021.5.0/dep/lib:/opt/intel/oneapi/compiler/2022.0.2/linux/lib:/opt/intel/oneapi/compiler/2022.0.2/linux/lib/x64:/opt/intel/oneapi/compiler/2022.0.2/linux/lib/oclfpga/host/linux64/lib:/opt/intel/oneapi/compiler/2022.0.2/linux/compiler/lib/intel64_lin
163 [22534930032320] INFO perfrun.mrte <> - CORECLR_ENABLE_PROFILING=1
163 [22534930032320] INFO perfrun.mrte <> - CORECLR_PROFILER={AA5E4821-E3B1-479c-B7FF-5AD047D22CED}
163 [22534930032320] INFO perfrun.mrte <> - CORECLR_PROFILER_PATH=/opt/intel/oneapi/vtune/2023.1.0/lib64/libamplxe_samplingmrte_clrprof_1.0.so
163 [22534930032320] INFO perfrun.mrte <> - INTEL_MRTE_PROFILER_MODE=mixed
163 [22534930032320] INFO perfrun.mrte <> - Data directory: /home/course/hpc/users/2022012388/exp8/vtune_result.conv1/data.5
163 [22534930032320] INFO perfrun.mrte <> - Mrte plugin is initialized
163 [22534930032320] INFO perfrun.launcher <> - plugin [emon] was disabled because it doesn't support the given collection type.
163 [22534930032320] INFO perfrun.launcher <> - plugin [cuscol] was disabled because it doesn't support the given collection type.
163 [22534930032320] INFO perfrun.launcher <> - plugin [stdsrc] was disabled because it doesn't support the given collection type.
163 [22534930032320] INFO perfrun.launcher <> - plugin [sep] was disabled because it doesn't support the given collection type.
163 [22534930032320] INFO perfrun.launcher <> - plugin [vtsspp] was disabled because it doesn't support the given collection type.
163 [22534930032320] INFO perfrun.sdk <> - Reading value (0) from file: /proc/sys/kernel/perf_event_paranoid
163 [22534930032320] INFO perfrun.perfcollector <> - checking access to: /opt/intel/oneapi/vtune/2023.1.0/bin64/amplxe-perf-priv
166 [22534930032320] INFO perfrun.perfcollector <> - cpu: family = 6 model = 79
166 [22534930032320] INFO perfrun.perfcollector <> - dir found: /sys/bus/event_source/devices/software
166 [22534930032320] INFO perfrun.perfcollector <> - format: pmu format subdir doesn't exist
166 [22534930032320] INFO perfrun.perfcollector <> - hwInfo: not set, pmuFam: software
166 [22534930032320] INFO perfrun.perfcollector <> - pmu added: family: software, id: 0
166 [22534930032320] INFO perfrun.perfcollector <> - dir found: /sys/bus/event_source/devices/uncore_imc_5
166 [22534930032320] INFO perfrun.perfcollector <> - format: event config:0-7 mask:0-7
166 [22534930032320] INFO perfrun.perfcollector <> - format: edge config:18 mask:18
166 [22534930032320] INFO perfrun.perfcollector <> - format: inv config:23 mask:23
166 [22534930032320] INFO perfrun.perfcollector <> - format: umask config:8-15 mask:8-15
166 [22534930032320] INFO perfrun.perfcollector <> - format: thresh config:24-31 mask:24-31
166 [22534930032320] INFO perfrun.perfcollector <> - hwInfo: PERF_IMC_PMU_DETAILS
166 [22534930032320] INFO perfrun.perfcollector <> - pmu added: family: uncore_imc, id: 5
166 [22534930032320] INFO perfrun.perfcollector <> - dir found: /sys/bus/event_source/devices/uncore_sbox_2
166 [22534930032320] INFO perfrun.perfcollector <> - format: event config:0-7 mask:0-7
166 [22534930032320] INFO perfrun.perfcollector <> - format: edge config:18 mask:18
166 [22534930032320] INFO perfrun.perfcollector <> - format: inv config:23 mask:23
166 [22534930032320] INFO perfrun.perfcollector <> - format: umask config:8-15 mask:8-15
167 [22534930032320] INFO perfrun.perfcollector <> - format: tid_en config:19 mask:19
167 [22534930032320] INFO perfrun.perfcollector <> - format: thresh config:24-31 mask:24-31
167 [22534930032320] INFO perfrun.perfcollector <> - hwInfo: not set, pmuFam: uncore_sbox
167 [22534930032320] INFO perfrun.perfcollector <> - pmu added: family: uncore_sbox, id: 2
167 [22534930032320] INFO perfrun.perfcollector <> - dir found: /sys/bus/event_source/devices/uncore_cbox_8
167 [22534930032320] INFO perfrun.perfcollector <> - format: event config:0-7 mask:0-7
167 [22534930032320] INFO perfrun.perfcollector <> - format: filter_link config1:6-8 mask:6-8
167 [22534930032320] INFO perfrun.perfcollector <> - format: filter_c6 config1:61 mask:61
167 [22534930032320] INFO perfrun.perfcollector <> - format: edge config:18 mask:18
167 [22534930032320] INFO perfrun.perfcollector <> - format: filter_isoc config1:63 mask:63
167 [22534930032320] INFO perfrun.perfcollector <> - format: filter_tid config1:0-5 mask:0-5
167 [22534930032320] INFO perfrun.perfcollector <> - format: filter_nid config1:32-47 mask:32-47
167 [22534930032320] INFO perfrun.perfcollector <> - format: filter_nc config1:62 mask:62
167 [22534930032320] INFO perfrun.perfcollector <> - format: umask config:8-15 mask:8-15
168 [22534930032320] INFO perfrun.perfcollector <> - format: tid_en config:19 mask:19
168 [22534930032320] INFO perfrun.perfcollector <> - format: thresh config:24-31 mask:24-31
168 [22534930032320] INFO perfrun.perfcollector <> - format: filter_state config1:17-23 mask:17-23
168 [22534930032320] INFO perfrun.perfcollector <> - format: filter_opc config1:52-60 mask:52-60
168 [22534930032320] INFO perfrun.perfcollector <> - hwInfo: PERF_CBOX_PMU_DETAILS
168 [22534930032320] INFO perfrun.perfcollector <> - pmu added: family: uncore_cbox, id: 8
168 [22534930032320] INFO perfrun.perfcollector <> - dir found: /sys/bus/event_source/devices/uncore_cbox_13
168 [22534930032320] INFO perfrun.perfcollector <> - format: event config:0-7 mask:0-7
168 [22534930032320] INFO perfrun.perfcollector <> - format: filter_link config1:6-8 mask:6-8
168 [22534930032320] INFO perfrun.perfcollector <> - format: filter_c6 config1:61 mask:61
168 [22534930032320] INFO perfrun.perfcollector <> - format: edge config:18 mask:18
168 [22534930032320] INFO perfrun.perfcollector <> - format: filter_isoc config1:63 mask:63
168 [22534930032320] INFO perfrun.perfcollector <> - format: filter_tid config1:0-5 mask:0-5
168 [22534930032320] INFO perfrun.perfcollector <> - format: filter_nid config1:32-47 mask:32-47
168 [22534930032320] INFO perfrun.perfcollector <> - format: filter_nc config1:62 mask:62
169 [22534930032320] INFO perfrun.perfcollector <> - format: umask config:8-15 mask:8-15
169 [22534930032320] INFO perfrun.perfcollector <> - format: tid_en config:19 mask:19
169 [22534930032320] INFO perfrun.perfcollector <> - format: thresh config:24-31 mask:24-31
169 [22534930032320] INFO perfrun.perfcollector <> - format: filter_state config1:17-23 mask:17-23
169 [22534930032320] INFO perfrun.perfcollector <> - format: filter_opc config1:52-60 mask:52-60
169 [22534930032320] INFO perfrun.perfcollector <> - hwInfo: PERF_CBOX_PMU_DETAILS
169 [22534930032320] INFO perfrun.perfcollector <> - pmu added: family: uncore_cbox, id: 13
169 [22534930032320] INFO perfrun.perfcollector <> - dir found: /sys/bus/event_source/devices/uncore_r2pcie
169 [22534930032320] INFO perfrun.perfcollector <> - format: event config:0-7 mask:0-7
169 [22534930032320] INFO perfrun.perfcollector <> - format: edge config:18 mask:18
169 [22534930032320] INFO perfrun.perfcollector <> - format: inv config:23 mask:23
169 [22534930032320] INFO perfrun.perfcollector <> - format: umask config:8-15 mask:8-15
169 [22534930032320] INFO perfrun.perfcollector <> - format: thresh config:24-31 mask:24-31
169 [22534930032320] INFO perfrun.perfcollector <> - hwInfo: not set, pmuFam: uncore_r2pcie
169 [22534930032320] INFO perfrun.perfcollector <> - pmu added: family: uncore_r2pcie, id: 0
169 [22534930032320] INFO perfrun.perfcollector <> - dir found: /sys/bus/event_source/devices/uncore_sbox_0
170 [22534930032320] INFO perfrun.perfcollector <> - format: event config:0-7 mask:0-7
170 [22534930032320] INFO perfrun.perfcollector <> - format: edge config:18 mask:18
170 [22534930032320] INFO perfrun.perfcollector <> - format: inv config:23 mask:23
170 [22534930032320] INFO perfrun.perfcollector <> - format: umask config:8-15 mask:8-15
170 [22534930032320] INFO perfrun.perfcollector <> - format: tid_en config:19 mask:19
170 [22534930032320] INFO perfrun.perfcollector <> - format: thresh config:24-31 mask:24-31
170 [22534930032320] INFO perfrun.perfcollector <> - hwInfo: not set, pmuFam: uncore_sbox
170 [22534930032320] INFO perfrun.perfcollector <> - pmu added: family: uncore_sbox, id: 0
170 [22534930032320] INFO perfrun.perfcollector <> - dir found: /sys/bus/event_source/devices/uncore_qpi_1
170 [22534930032320] INFO perfrun.perfcollector <> - format: mask_rnid4 config2:31 mask:31
170 [22534930032320] INFO perfrun.perfcollector <> - format: mask_rnid30 config2:32-35 mask:32-35
170 [22534930032320] INFO perfrun.perfcollector <> - format: match_rnid30 config1:32-35 mask:32-35
170 [22534930032320] INFO perfrun.perfcollector <> - format: event config:0-7,21 mask:0-7,21
171 [22534930032320] INFO perfrun.perfcollector <> - format: match0 config1:0-31 mask:0-31
171 [22534930032320] INFO perfrun.perfcollector <> - format: match_rds config1:48-51 mask:48-51
171 [22534930032320] INFO perfrun.perfcollector <> - format: mask_rds config2:48-51 mask:48-51
171 [22534930032320] INFO perfrun.perfcollector <> - format: edge config:18 mask:18
171 [22534930032320] INFO perfrun.perfcollector <> - format: mask1 config2:32-63 mask:32-63
171 [22534930032320] INFO perfrun.perfcollector <> - format: match_dnid config1:13-17 mask:13-17
171 [22534930032320] INFO perfrun.perfcollector <> - format: mask_dnid config2:13-17 mask:13-17
171 [22534930032320] INFO perfrun.perfcollector <> - format: match_vnw config1:3-4 mask:3-4
171 [22534930032320] INFO perfrun.perfcollector <> - format: mask_vnw config2:3-4 mask:3-4
171 [22534930032320] INFO perfrun.perfcollector <> - format: mask_mc config2:9-12 mask:9-12
171 [22534930032320] INFO perfrun.perfcollector <> - format: match1 config1:32-63 mask:32-63
171 [22534930032320] INFO perfrun.perfcollector <> - format: inv config:23 mask:23
171 [22534930032320] INFO perfrun.perfcollector <> - format: umask config:8-15 mask:8-15
171 [22534930032320] INFO perfrun.perfcollector <> - format: match_opc config1:5-8 mask:5-8
171 [22534930032320] INFO perfrun.perfcollector <> - format: mask_opc config2:5-8 mask:5-8
172 [22534930032320] INFO perfrun.perfcollector <> - format: thresh config:24-31 mask:24-31
172 [22534930032320] INFO perfrun.perfcollector <> - format: match_rnid4 config1:31 mask:31
172 [22534930032320] INFO perfrun.perfcollector <> - format: mask0 config2:0-31 mask:0-31
172 [22534930032320] INFO perfrun.perfcollector <> - format: match_mc config1:9-12 mask:9-12
172 [22534930032320] INFO perfrun.perfcollector <> - hwInfo: PERF_QPI_PMU_DETAILS
172 [22534930032320] INFO perfrun.perfcollector <> - pmu added: family: uncore_qpi, id: 1
172 [22534930032320] INFO perfrun.perfcollector <> - dir found: /sys/bus/event_source/devices/uncore_cbox_6
172 [22534930032320] INFO perfrun.perfcollector <> - format: event config:0-7 mask:0-7
172 [22534930032320] INFO perfrun.perfcollector <> - format: filter_link config1:6-8 mask:6-8
172 [22534930032320] INFO perfrun.perfcollector <> - format: filter_c6 config1:61 mask:61
172 [22534930032320] INFO perfrun.perfcollector <> - format: edge config:18 mask:18
172 [22534930032320] INFO perfrun.perfcollector <> - format: filter_isoc config1:63 mask:63
172 [22534930032320] INFO perfrun.perfcollector <> - format: filter_tid config1:0-5 mask:0-5
173 [22534930032320] INFO perfrun.perfcollector <> - format: filter_nid config1:32-47 mask:32-47
173 [22534930032320] INFO perfrun.perfcollector <> - format: filter_nc config1:62 mask:62
173 [22534930032320] INFO perfrun.perfcollector <> - format: umask config:8-15 mask:8-15
173 [22534930032320] INFO perfrun.perfcollector <> - format: tid_en config:19 mask:19
173 [22534930032320] INFO perfrun.perfcollector <> - format: thresh config:24-31 mask:24-31
173 [22534930032320] INFO perfrun.perfcollector <> - format: filter_state config1:17-23 mask:17-23
173 [22534930032320] INFO perfrun.perfcollector <> - format: filter_opc config1:52-60 mask:52-60
173 [22534930032320] INFO perfrun.perfcollector <> - hwInfo: PERF_CBOX_PMU_DETAILS
173 [22534930032320] INFO perfrun.perfcollector <> - pmu added: family: uncore_cbox, id: 6
173 [22534930032320] INFO perfrun.perfcollector <> - dir found: /sys/bus/event_source/devices/uncore_imc_1
173 [22534930032320] INFO perfrun.perfcollector <> - format: event config:0-7 mask:0-7
173 [22534930032320] INFO perfrun.perfcollector <> - format: edge config:18 mask:18
173 [22534930032320] INFO perfrun.perfcollector <> - format: inv config:23 mask:23
173 [22534930032320] INFO perfrun.perfcollector <> - format: umask config:8-15 mask:8-15
173 [22534930032320] INFO perfrun.perfcollector <> - format: thresh config:24-31 mask:24-31
174 [22534930032320] INFO perfrun.perfcollector <> - hwInfo: PERF_IMC_PMU_DETAILS
174 [22534930032320] INFO perfrun.perfcollector <> - pmu added: family: uncore_imc, id: 1
174 [22534930032320] INFO perfrun.perfcollector <> - dir found: /sys/bus/event_source/devices/power
174 [22534930032320] INFO perfrun.perfcollector <> - format: event config:0-7 mask:0-7
174 [22534930032320] INFO perfrun.perfcollector <> - hwInfo: not set, pmuFam: power
174 [22534930032320] INFO perfrun.perfcollector <> - pmu added: family: power, id: 0
174 [22534930032320] INFO perfrun.perfcollector <> - dir found: /sys/bus/event_source/devices/uncore_cbox_11
174 [22534930032320] INFO perfrun.perfcollector <> - format: event config:0-7 mask:0-7
174 [22534930032320] INFO perfrun.perfcollector <> - format: filter_link config1:6-8 mask:6-8
174 [22534930032320] INFO perfrun.perfcollector <> - format: filter_c6 config1:61 mask:61
174 [22534930032320] INFO perfrun.perfcollector <> - format: edge config:18 mask:18
174 [22534930032320] INFO perfrun.perfcollector <> - format: filter_isoc config1:63 mask:63
174 [22534930032320] INFO perfrun.perfcollector <> - format: filter_tid config1:0-5 mask:0-5
174 [22534930032320] INFO perfrun.perfcollector <> - format: filter_nid config1:32-47 mask:32-47
174 [22534930032320] INFO perfrun.perfcollector <> - format: filter_nc config1:62 mask:62
175 [22534930032320] INFO perfrun.perfcollector <> - format: umask config:8-15 mask:8-15
175 [22534930032320] INFO perfrun.perfcollector <> - format: tid_en config:19 mask:19
175 [22534930032320] INFO perfrun.perfcollector <> - format: thresh config:24-31 mask:24-31
175 [22534930032320] INFO perfrun.perfcollector <> - format: filter_state config1:17-23 mask:17-23
175 [22534930032320] INFO perfrun.perfcollector <> - format: filter_opc config1:52-60 mask:52-60
175 [22534930032320] INFO perfrun.perfcollector <> - hwInfo: PERF_CBOX_PMU_DETAILS
175 [22534930032320] INFO perfrun.perfcollector <> - pmu added: family: uncore_cbox, id: 11
175 [22534930032320] INFO perfrun.perfcollector <> - dir found: /sys/bus/event_source/devices/uncore_cbox_4
175 [22534930032320] INFO perfrun.perfcollector <> - format: event config:0-7 mask:0-7
175 [22534930032320] INFO perfrun.perfcollector <> - format: filter_link config1:6-8 mask:6-8
175 [22534930032320] INFO perfrun.perfcollector <> - format: filter_c6 config1:61 mask:61
175 [22534930032320] INFO perfrun.perfcollector <> - format: edge config:18 mask:18
175 [22534930032320] INFO perfrun.perfcollector <> - format: filter_isoc config1:63 mask:63
175 [22534930032320] INFO perfrun.perfcollector <> - format: filter_tid config1:0-5 mask:0-5
175 [22534930032320] INFO perfrun.perfcollector <> - format: filter_nid config1:32-47 mask:32-47
176 [22534930032320] INFO perfrun.perfcollector <> - format: filter_nc config1:62 mask:62
176 [22534930032320] INFO perfrun.perfcollector <> - format: umask config:8-15 mask:8-15
176 [22534930032320] INFO perfrun.perfcollector <> - format: tid_en config:19 mask:19
176 [22534930032320] INFO perfrun.perfcollector <> - format: thresh config:24-31 mask:24-31
176 [22534930032320] INFO perfrun.perfcollector <> - format: filter_state config1:17-23 mask:17-23
176 [22534930032320] INFO perfrun.perfcollector <> - format: filter_opc config1:52-60 mask:52-60
176 [22534930032320] INFO perfrun.perfcollector <> - hwInfo: PERF_CBOX_PMU_DETAILS
176 [22534930032320] INFO perfrun.perfcollector <> - pmu added: family: uncore_cbox, id: 4
176 [22534930032320] INFO perfrun.perfcollector <> - dir found: /sys/bus/event_source/devices/uprobe
176 [22534930032320] INFO perfrun.perfcollector <> - format: ref_ctr_offset config:32-63 mask:32-63
176 [22534930032320] INFO perfrun.perfcollector <> - format: retprobe config:0 mask:0
176 [22534930032320] INFO perfrun.perfcollector <> - hwInfo: not set, pmuFam: uprobe
176 [22534930032320] INFO perfrun.perfcollector <> - pmu added: family: uprobe, id: 0
176 [22534930032320] INFO perfrun.perfcollector <> - dir found: /sys/bus/event_source/devices/intel_bts
176 [22534930032320] INFO perfrun.perfcollector <> - format: pmu format subdir doesn't exist
176 [22534930032320] INFO perfrun.perfcollector <> - hwInfo: not set, pmuFam: intel_bts
176 [22534930032320] INFO perfrun.perfcollector <> - pmu added: family: intel_bts, id: 0
176 [22534930032320] INFO perfrun.perfcollector <> - dir found: /sys/bus/event_source/devices/cpu
177 [22534930032320] INFO perfrun.perfcollector <> - format: event config:0-7 mask:0-7
177 [22534930032320] INFO perfrun.perfcollector <> - format: pc config:19 mask:19
177 [22534930032320] INFO perfrun.perfcollector <> - format: in_tx config:32 mask:32
177 [22534930032320] INFO perfrun.perfcollector <> - format: edge config:18 mask:18
177 [22534930032320] INFO perfrun.perfcollector <> - format: any config:21 mask:21
177 [22534930032320] INFO perfrun.perfcollector <> - format: offcore_rsp config1:0-63 mask:0-63
177 [22534930032320] INFO perfrun.perfcollector <> - format: in_tx_cp config:33 mask:33
177 [22534930032320] INFO perfrun.perfcollector <> - format: ldlat config1:0-15 mask:0-15
177 [22534930032320] INFO perfrun.perfcollector <> - format: inv config:23 mask:23
177 [22534930032320] INFO perfrun.perfcollector <> - format: umask config:8-15 mask:8-15
177 [22534930032320] INFO perfrun.perfcollector <> - format: cmask config:24-31 mask:24-31
177 [22534930032320] INFO perfrun.perfcollector <> - hwInfo: PERF_CPU_PMU_DETAILS
177 [22534930032320] INFO perfrun.perfcollector <> - pmu added: family: cpu, id: 0
177 [22534930032320] INFO perfrun.perfcollector <> - dir found: /sys/bus/event_source/devices/uncore_r3qpi_0
178 [22534930032320] INFO perfrun.perfcollector <> - format: event config:0-7 mask:0-7
178 [22534930032320] INFO perfrun.perfcollector <> - format: edge config:18 mask:18
178 [22534930032320] INFO perfrun.perfcollector <> - format: inv config:23 mask:23
178 [22534930032320] INFO perfrun.perfcollector <> - format: umask config:8-15 mask:8-15
178 [22534930032320] INFO perfrun.perfcollector <> - format: thresh config:24-31 mask:24-31
178 [22534930032320] INFO perfrun.perfcollector <> - hwInfo: not set, pmuFam: uncore_r3qpi
178 [22534930032320] INFO perfrun.perfcollector <> - pmu added: family: uncore_r3qpi, id: 0
178 [22534930032320] INFO perfrun.perfcollector <> - dir found: /sys/bus/event_source/devices/cstate_core
178 [22534930032320] INFO perfrun.perfcollector <> - format: event config:0-63 mask:0-63
178 [22534930032320] INFO perfrun.perfcollector <> - hwInfo: not set, pmuFam: cstate_core
178 [22534930032320] INFO perfrun.perfcollector <> - pmu added: family: cstate_core, id: 0
178 [22534930032320] INFO perfrun.perfcollector <> - dir found: /sys/bus/event_source/devices/uncore_cbox_2
178 [22534930032320] INFO perfrun.perfcollector <> - format: event config:0-7 mask:0-7
178 [22534930032320] INFO perfrun.perfcollector <> - format: filter_link config1:6-8 mask:6-8
178 [22534930032320] INFO perfrun.perfcollector <> - format: filter_c6 config1:61 mask:61
178 [22534930032320] INFO perfrun.perfcollector <> - format: edge config:18 mask:18
179 [22534930032320] INFO perfrun.perfcollector <> - format: filter_isoc config1:63 mask:63
179 [22534930032320] INFO perfrun.perfcollector <> - format: filter_tid config1:0-5 mask:0-5
179 [22534930032320] INFO perfrun.perfcollector <> - format: filter_nid config1:32-47 mask:32-47
179 [22534930032320] INFO perfrun.perfcollector <> - format: filter_nc config1:62 mask:62
179 [22534930032320] INFO perfrun.perfcollector <> - format: umask config:8-15 mask:8-15
179 [22534930032320] INFO perfrun.perfcollector <> - format: tid_en config:19 mask:19
179 [22534930032320] INFO perfrun.perfcollector <> - format: thresh config:24-31 mask:24-31
179 [22534930032320] INFO perfrun.perfcollector <> - format: filter_state config1:17-23 mask:17-23
179 [22534930032320] INFO perfrun.perfcollector <> - format: filter_opc config1:52-60 mask:52-60
179 [22534930032320] INFO perfrun.perfcollector <> - hwInfo: PERF_CBOX_PMU_DETAILS
179 [22534930032320] INFO perfrun.perfcollector <> - pmu added: family: uncore_cbox, id: 2
179 [22534930032320] INFO perfrun.perfcollector <> - dir found: /sys/bus/event_source/devices/breakpoint
179 [22534930032320] INFO perfrun.perfcollector <> - format: pmu format subdir doesn't exist
179 [22534930032320] INFO perfrun.perfcollector <> - hwInfo: not set, pmuFam: breakpoint
179 [22534930032320] INFO perfrun.perfcollector <> - pmu added: family: breakpoint, id: 0
179 [22534930032320] INFO perfrun.perfcollector <> - dir found: /sys/bus/event_source/devices/uncore_ha_0
179 [22534930032320] INFO perfrun.perfcollector <> - format: event config:0-7 mask:0-7
180 [22534930032320] INFO perfrun.perfcollector <> - format: edge config:18 mask:18
180 [22534930032320] INFO perfrun.perfcollector <> - format: inv config:23 mask:23
180 [22534930032320] INFO perfrun.perfcollector <> - format: umask config:8-15 mask:8-15
180 [22534930032320] INFO perfrun.perfcollector <> - format: thresh config:24-31 mask:24-31
180 [22534930032320] INFO perfrun.perfcollector <> - hwInfo: not set, pmuFam: uncore_ha
180 [22534930032320] INFO perfrun.perfcollector <> - pmu added: family: uncore_ha, id: 0
180 [22534930032320] INFO perfrun.perfcollector <> - dir found: /sys/bus/event_source/devices/uncore_cbox_0
180 [22534930032320] INFO perfrun.perfcollector <> - format: event config:0-7 mask:0-7
180 [22534930032320] INFO perfrun.perfcollector <> - format: filter_link config1:6-8 mask:6-8
180 [22534930032320] INFO perfrun.perfcollector <> - format: filter_c6 config1:61 mask:61
180 [22534930032320] INFO perfrun.perfcollector <> - format: edge config:18 mask:18
180 [22534930032320] INFO perfrun.perfcollector <> - format: filter_isoc config1:63 mask:63
180 [22534930032320] INFO perfrun.perfcollector <> - format: filter_tid config1:0-5 mask:0-5
180 [22534930032320] INFO perfrun.perfcollector <> - format: filter_nid config1:32-47 mask:32-47
180 [22534930032320] INFO perfrun.perfcollector <> - format: filter_nc config1:62 mask:62
181 [22534930032320] INFO perfrun.perfcollector <> - format: umask config:8-15 mask:8-15
181 [22534930032320] INFO perfrun.perfcollector <> - format: tid_en config:19 mask:19
181 [22534930032320] INFO perfrun.perfcollector <> - format: thresh config:24-31 mask:24-31
181 [22534930032320] INFO perfrun.perfcollector <> - format: filter_state config1:17-23 mask:17-23
181 [22534930032320] INFO perfrun.perfcollector <> - format: filter_opc config1:52-60 mask:52-60
181 [22534930032320] INFO perfrun.perfcollector <> - hwInfo: PERF_CBOX_PMU_DETAILS
181 [22534930032320] INFO perfrun.perfcollector <> - pmu added: family: uncore_cbox, id: 0
181 [22534930032320] INFO perfrun.perfcollector <> - dir found: /sys/bus/event_source/devices/tracepoint
181 [22534930032320] INFO perfrun.perfcollector <> - format: pmu format subdir doesn't exist
181 [22534930032320] INFO perfrun.perfcollector <> - hwInfo: not set, pmuFam: tracepoint
181 [22534930032320] INFO perfrun.perfcollector <> - pmu added: family: tracepoint, id: 0
181 [22534930032320] INFO perfrun.perfcollector <> - dir found: /sys/bus/event_source/devices/uncore_sbox_3
181 [22534930032320] INFO perfrun.perfcollector <> - format: event config:0-7 mask:0-7
181 [22534930032320] INFO perfrun.perfcollector <> - format: edge config:18 mask:18
181 [22534930032320] INFO perfrun.perfcollector <> - format: inv config:23 mask:23
181 [22534930032320] INFO perfrun.perfcollector <> - format: umask config:8-15 mask:8-15
181 [22534930032320] INFO perfrun.perfcollector <> - format: tid_en config:19 mask:19
182 [22534930032320] INFO perfrun.perfcollector <> - format: thresh config:24-31 mask:24-31
182 [22534930032320] INFO perfrun.perfcollector <> - hwInfo: not set, pmuFam: uncore_sbox
182 [22534930032320] INFO perfrun.perfcollector <> - pmu added: family: uncore_sbox, id: 3
182 [22534930032320] INFO perfrun.perfcollector <> - dir found: /sys/bus/event_source/devices/uncore_cbox_9
182 [22534930032320] INFO perfrun.perfcollector <> - format: event config:0-7 mask:0-7
182 [22534930032320] INFO perfrun.perfcollector <> - format: filter_link config1:6-8 mask:6-8
182 [22534930032320] INFO perfrun.perfcollector <> - format: filter_c6 config1:61 mask:61
182 [22534930032320] INFO perfrun.perfcollector <> - format: edge config:18 mask:18
182 [22534930032320] INFO perfrun.perfcollector <> - format: filter_isoc config1:63 mask:63
182 [22534930032320] INFO perfrun.perfcollector <> - format: filter_tid config1:0-5 mask:0-5
182 [22534930032320] INFO perfrun.perfcollector <> - format: filter_nid config1:32-47 mask:32-47
182 [22534930032320] INFO perfrun.perfcollector <> - format: filter_nc config1:62 mask:62
182 [22534930032320] INFO perfrun.perfcollector <> - format: umask config:8-15 mask:8-15
182 [22534930032320] INFO perfrun.perfcollector <> - format: tid_en config:19 mask:19
182 [22534930032320] INFO perfrun.perfcollector <> - format: thresh config:24-31 mask:24-31
183 [22534930032320] INFO perfrun.perfcollector <> - format: filter_state config1:17-23 mask:17-23
183 [22534930032320] INFO perfrun.perfcollector <> - format: filter_opc config1:52-60 mask:52-60
183 [22534930032320] INFO perfrun.perfcollector <> - hwInfo: PERF_CBOX_PMU_DETAILS
183 [22534930032320] INFO perfrun.perfcollector <> - pmu added: family: uncore_cbox, id: 9
183 [22534930032320] INFO perfrun.perfcollector <> - dir found: /sys/bus/event_source/devices/cstate_pkg
183 [22534930032320] INFO perfrun.perfcollector <> - format: event config:0-63 mask:0-63
183 [22534930032320] INFO perfrun.perfcollector <> - hwInfo: not set, pmuFam: cstate_pkg
183 [22534930032320] INFO perfrun.perfcollector <> - pmu added: family: cstate_pkg, id: 0
183 [22534930032320] INFO perfrun.perfcollector <> - dir found: /sys/bus/event_source/devices/uncore_imc_4
183 [22534930032320] INFO perfrun.perfcollector <> - format: event config:0-7 mask:0-7
183 [22534930032320] INFO perfrun.perfcollector <> - format: edge config:18 mask:18
183 [22534930032320] INFO perfrun.perfcollector <> - format: inv config:23 mask:23
183 [22534930032320] INFO perfrun.perfcollector <> - format: umask config:8-15 mask:8-15
183 [22534930032320] INFO perfrun.perfcollector <> - format: thresh config:24-31 mask:24-31
183 [22534930032320] INFO perfrun.perfcollector <> - hwInfo: PERF_IMC_PMU_DETAILS
184 [22534930032320] INFO perfrun.perfcollector <> - pmu added: family: uncore_imc, id: 4
184 [22534930032320] INFO perfrun.perfcollector <> - dir found: /sys/bus/event_source/devices/uncore_ubox
184 [22534930032320] INFO perfrun.perfcollector <> - format: event config:0-7 mask:0-7
184 [22534930032320] INFO perfrun.perfcollector <> - format: edge config:18 mask:18
184 [22534930032320] INFO perfrun.perfcollector <> - format: inv config:23 mask:23
184 [22534930032320] INFO perfrun.perfcollector <> - format: umask config:8-15 mask:8-15
184 [22534930032320] INFO perfrun.perfcollector <> - format: thresh config:24-28 mask:24-28
184 [22534930032320] INFO perfrun.perfcollector <> - hwInfo: not set, pmuFam: uncore_ubox
184 [22534930032320] INFO perfrun.perfcollector <> - pmu added: family: uncore_ubox, id: 0
184 [22534930032320] INFO perfrun.perfcollector <> - dir found: /sys/bus/event_source/devices/uncore_sbox_1
184 [22534930032320] INFO perfrun.perfcollector <> - format: event config:0-7 mask:0-7
184 [22534930032320] INFO perfrun.perfcollector <> - format: edge config:18 mask:18
184 [22534930032320] INFO perfrun.perfcollector <> - format: inv config:23 mask:23
184 [22534930032320] INFO perfrun.perfcollector <> - format: umask config:8-15 mask:8-15
184 [22534930032320] INFO perfrun.perfcollector <> - format: tid_en config:19 mask:19
184 [22534930032320] INFO perfrun.perfcollector <> - format: thresh config:24-31 mask:24-31
184 [22534930032320] INFO perfrun.perfcollector <> - hwInfo: not set, pmuFam: uncore_sbox
185 [22534930032320] INFO perfrun.perfcollector <> - pmu added: family: uncore_sbox, id: 1
185 [22534930032320] INFO perfrun.perfcollector <> - dir found: /sys/bus/event_source/devices/uncore_cbox_7
185 [22534930032320] INFO perfrun.perfcollector <> - format: event config:0-7 mask:0-7
185 [22534930032320] INFO perfrun.perfcollector <> - format: filter_link config1:6-8 mask:6-8
185 [22534930032320] INFO perfrun.perfcollector <> - format: filter_c6 config1:61 mask:61
185 [22534930032320] INFO perfrun.perfcollector <> - format: edge config:18 mask:18
185 [22534930032320] INFO perfrun.perfcollector <> - format: filter_isoc config1:63 mask:63
185 [22534930032320] INFO perfrun.perfcollector <> - format: filter_tid config1:0-5 mask:0-5
185 [22534930032320] INFO perfrun.perfcollector <> - format: filter_nid config1:32-47 mask:32-47
185 [22534930032320] INFO perfrun.perfcollector <> - format: filter_nc config1:62 mask:62
185 [22534930032320] INFO perfrun.perfcollector <> - format: umask config:8-15 mask:8-15
185 [22534930032320] INFO perfrun.perfcollector <> - format: tid_en config:19 mask:19
185 [22534930032320] INFO perfrun.perfcollector <> - format: thresh config:24-31 mask:24-31
186 [22534930032320] INFO perfrun.perfcollector <> - format: filter_state config1:17-23 mask:17-23
186 [22534930032320] INFO perfrun.perfcollector <> - format: filter_opc config1:52-60 mask:52-60
186 [22534930032320] INFO perfrun.perfcollector <> - hwInfo: PERF_CBOX_PMU_DETAILS
186 [22534930032320] INFO perfrun.perfcollector <> - pmu added: family: uncore_cbox, id: 7
186 [22534930032320] INFO perfrun.perfcollector <> - dir found: /sys/bus/event_source/devices/uncore_cbox_12
186 [22534930032320] INFO perfrun.perfcollector <> - format: event config:0-7 mask:0-7
186 [22534930032320] INFO perfrun.perfcollector <> - format: filter_link config1:6-8 mask:6-8
186 [22534930032320] INFO perfrun.perfcollector <> - format: filter_c6 config1:61 mask:61
186 [22534930032320] INFO perfrun.perfcollector <> - format: edge config:18 mask:18
186 [22534930032320] INFO perfrun.perfcollector <> - format: filter_isoc config1:63 mask:63
186 [22534930032320] INFO perfrun.perfcollector <> - format: filter_tid config1:0-5 mask:0-5
186 [22534930032320] INFO perfrun.perfcollector <> - format: filter_nid config1:32-47 mask:32-47
186 [22534930032320] INFO perfrun.perfcollector <> - format: filter_nc config1:62 mask:62
186 [22534930032320] INFO perfrun.perfcollector <> - format: umask config:8-15 mask:8-15
186 [22534930032320] INFO perfrun.perfcollector <> - format: tid_en config:19 mask:19
187 [22534930032320] INFO perfrun.perfcollector <> - format: thresh config:24-31 mask:24-31
187 [22534930032320] INFO perfrun.perfcollector <> - format: filter_state config1:17-23 mask:17-23
187 [22534930032320] INFO perfrun.perfcollector <> - format: filter_opc config1:52-60 mask:52-60
187 [22534930032320] INFO perfrun.perfcollector <> - hwInfo: PERF_CBOX_PMU_DETAILS
187 [22534930032320] INFO perfrun.perfcollector <> - pmu added: family: uncore_cbox, id: 12
187 [22534930032320] INFO perfrun.perfcollector <> - dir found: /sys/bus/event_source/devices/kprobe
187 [22534930032320] INFO perfrun.perfcollector <> - format: retprobe config:0 mask:0
187 [22534930032320] INFO perfrun.perfcollector <> - hwInfo: not set, pmuFam: kprobe
187 [22534930032320] INFO perfrun.perfcollector <> - pmu added: family: kprobe, id: 0
187 [22534930032320] INFO perfrun.perfcollector <> - dir found: /sys/bus/event_source/devices/uncore_qpi_0
187 [22534930032320] INFO perfrun.perfcollector <> - format: mask_rnid4 config2:31 mask:31
187 [22534930032320] INFO perfrun.perfcollector <> - format: mask_rnid30 config2:32-35 mask:32-35
187 [22534930032320] INFO perfrun.perfcollector <> - format: match_rnid30 config1:32-35 mask:32-35
187 [22534930032320] INFO perfrun.perfcollector <> - format: event config:0-7,21 mask:0-7,21
187 [22534930032320] INFO perfrun.perfcollector <> - format: match0 config1:0-31 mask:0-31
188 [22534930032320] INFO perfrun.perfcollector <> - format: match_rds config1:48-51 mask:48-51
188 [22534930032320] INFO perfrun.perfcollector <> - format: mask_rds config2:48-51 mask:48-51
188 [22534930032320] INFO perfrun.perfcollector <> - format: edge config:18 mask:18
188 [22534930032320] INFO perfrun.perfcollector <> - format: mask1 config2:32-63 mask:32-63
188 [22534930032320] INFO perfrun.perfcollector <> - format: match_dnid config1:13-17 mask:13-17
188 [22534930032320] INFO perfrun.perfcollector <> - format: mask_dnid config2:13-17 mask:13-17
188 [22534930032320] INFO perfrun.perfcollector <> - format: match_vnw config1:3-4 mask:3-4
188 [22534930032320] INFO perfrun.perfcollector <> - format: mask_vnw config2:3-4 mask:3-4
188 [22534930032320] INFO perfrun.perfcollector <> - format: mask_mc config2:9-12 mask:9-12
188 [22534930032320] INFO perfrun.perfcollector <> - format: match1 config1:32-63 mask:32-63
188 [22534930032320] INFO perfrun.perfcollector <> - format: inv config:23 mask:23
188 [22534930032320] INFO perfrun.perfcollector <> - format: umask config:8-15 mask:8-15
188 [22534930032320] INFO perfrun.perfcollector <> - format: match_opc config1:5-8 mask:5-8
188 [22534930032320] INFO perfrun.perfcollector <> - format: mask_opc config2:5-8 mask:5-8
188 [22534930032320] INFO perfrun.perfcollector <> - format: thresh config:24-31 mask:24-31
189 [22534930032320] INFO perfrun.perfcollector <> - format: match_rnid4 config1:31 mask:31
189 [22534930032320] INFO perfrun.perfcollector <> - format: mask0 config2:0-31 mask:0-31
189 [22534930032320] INFO perfrun.perfcollector <> - format: match_mc config1:9-12 mask:9-12
189 [22534930032320] INFO perfrun.perfcollector <> - hwInfo: PERF_QPI_PMU_DETAILS
189 [22534930032320] INFO perfrun.perfcollector <> - pmu added: family: uncore_qpi, id: 0
189 [22534930032320] INFO perfrun.perfcollector <> - dir found: /sys/bus/event_source/devices/uncore_cbox_5
189 [22534930032320] INFO perfrun.perfcollector <> - format: event config:0-7 mask:0-7
189 [22534930032320] INFO perfrun.perfcollector <> - format: filter_link config1:6-8 mask:6-8
189 [22534930032320] INFO perfrun.perfcollector <> - format: filter_c6 config1:61 mask:61
189 [22534930032320] INFO perfrun.perfcollector <> - format: edge config:18 mask:18
189 [22534930032320] INFO perfrun.perfcollector <> - format: filter_isoc config1:63 mask:63
189 [22534930032320] INFO perfrun.perfcollector <> - format: filter_tid config1:0-5 mask:0-5
189 [22534930032320] INFO perfrun.perfcollector <> - format: filter_nid config1:32-47 mask:32-47
189 [22534930032320] INFO perfrun.perfcollector <> - format: filter_nc config1:62 mask:62
189 [22534930032320] INFO perfrun.perfcollector <> - format: umask config:8-15 mask:8-15
190 [22534930032320] INFO perfrun.perfcollector <> - format: tid_en config:19 mask:19
190 [22534930032320] INFO perfrun.perfcollector <> - format: thresh config:24-31 mask:24-31
190 [22534930032320] INFO perfrun.perfcollector <> - format: filter_state config1:17-23 mask:17-23
190 [22534930032320] INFO perfrun.perfcollector <> - format: filter_opc config1:52-60 mask:52-60
190 [22534930032320] INFO perfrun.perfcollector <> - hwInfo: PERF_CBOX_PMU_DETAILS
190 [22534930032320] INFO perfrun.perfcollector <> - pmu added: family: uncore_cbox, id: 5
190 [22534930032320] INFO perfrun.perfcollector <> - dir found: /sys/bus/event_source/devices/uncore_imc_0
190 [22534930032320] INFO perfrun.perfcollector <> - format: event config:0-7 mask:0-7
190 [22534930032320] INFO perfrun.perfcollector <> - format: edge config:18 mask:18
190 [22534930032320] INFO perfrun.perfcollector <> - format: inv config:23 mask:23
190 [22534930032320] INFO perfrun.perfcollector <> - format: umask config:8-15 mask:8-15
190 [22534930032320] INFO perfrun.perfcollector <> - format: thresh config:24-31 mask:24-31
190 [22534930032320] INFO perfrun.perfcollector <> - hwInfo: PERF_IMC_PMU_DETAILS
190 [22534930032320] INFO perfrun.perfcollector <> - pmu added: family: uncore_imc, id: 0
190 [22534930032320] INFO perfrun.perfcollector <> - dir found: /sys/bus/event_source/devices/uncore_cbox_10
190 [22534930032320] INFO perfrun.perfcollector <> - format: event config:0-7 mask:0-7
190 [22534930032320] INFO perfrun.perfcollector <> - format: filter_link config1:6-8 mask:6-8
191 [22534930032320] INFO perfrun.perfcollector <> - format: filter_c6 config1:61 mask:61
191 [22534930032320] INFO perfrun.perfcollector <> - format: edge config:18 mask:18
191 [22534930032320] INFO perfrun.perfcollector <> - format: filter_isoc config1:63 mask:63
191 [22534930032320] INFO perfrun.perfcollector <> - format: filter_tid config1:0-5 mask:0-5
191 [22534930032320] INFO perfrun.perfcollector <> - format: filter_nid config1:32-47 mask:32-47
191 [22534930032320] INFO perfrun.perfcollector <> - format: filter_nc config1:62 mask:62
191 [22534930032320] INFO perfrun.perfcollector <> - format: umask config:8-15 mask:8-15
191 [22534930032320] INFO perfrun.perfcollector <> - format: tid_en config:19 mask:19
191 [22534930032320] INFO perfrun.perfcollector <> - format: thresh config:24-31 mask:24-31
191 [22534930032320] INFO perfrun.perfcollector <> - format: filter_state config1:17-23 mask:17-23
191 [22534930032320] INFO perfrun.perfcollector <> - format: filter_opc config1:52-60 mask:52-60
191 [22534930032320] INFO perfrun.perfcollector <> - hwInfo: PERF_CBOX_PMU_DETAILS
191 [22534930032320] INFO perfrun.perfcollector <> - pmu added: family: uncore_cbox, id: 10
191 [22534930032320] INFO perfrun.perfcollector <> - dir found: /sys/bus/event_source/devices/uncore_pcu
191 [22534930032320] INFO perfrun.perfcollector <> - format: filter_band2 config1:16-23 mask:16-23
191 [22534930032320] INFO perfrun.perfcollector <> - format: event config:0-7 mask:0-7
191 [22534930032320] INFO perfrun.perfcollector <> - format: filter_band0 config1:0-7 mask:0-7
191 [22534930032320] INFO perfrun.perfcollector <> - format: edge config:18 mask:18
191 [22534930032320] INFO perfrun.perfcollector <> - format: occ_invert config:30 mask:30
191 [22534930032320] INFO perfrun.perfcollector <> - format: occ_edge config:14-51 mask:14-51
191 [22534930032320] INFO perfrun.perfcollector <> - format: filter_band3 config1:24-31 mask:24-31
191 [22534930032320] INFO perfrun.perfcollector <> - format: filter_band1 config1:8-15 mask:8-15
191 [22534930032320] INFO perfrun.perfcollector <> - format: inv config:23 mask:23
191 [22534930032320] INFO perfrun.perfcollector <> - format: thresh config:24-28 mask:24-28
191 [22534930032320] INFO perfrun.perfcollector <> - format: occ_sel config:14-15 mask:14-15
191 [22534930032320] INFO perfrun.perfcollector <> - hwInfo: not set, pmuFam: uncore_pcu
191 [22534930032320] INFO perfrun.perfcollector <> - pmu added: family: uncore_pcu, id: 0
192 [22534930032320] INFO perfrun.perfcollector <> - dir found: /sys/bus/event_source/devices/uncore_r3qpi_1
192 [22534930032320] INFO perfrun.perfcollector <> - format: event config:0-7 mask:0-7
192 [22534930032320] INFO perfrun.perfcollector <> - format: edge config:18 mask:18
192 [22534930032320] INFO perfrun.perfcollector <> - format: inv config:23 mask:23
192 [22534930032320] INFO perfrun.perfcollector <> - format: umask config:8-15 mask:8-15
192 [22534930032320] INFO perfrun.perfcollector <> - format: thresh config:24-31 mask:24-31
192 [22534930032320] INFO perfrun.perfcollector <> - hwInfo: not set, pmuFam: uncore_r3qpi
192 [22534930032320] INFO perfrun.perfcollector <> - pmu added: family: uncore_r3qpi, id: 1
192 [22534930032320] INFO perfrun.perfcollector <> - dir found: /sys/bus/event_source/devices/msr
192 [22534930032320] INFO perfrun.perfcollector <> - format: event config:0-63 mask:0-63
192 [22534930032320] INFO perfrun.perfcollector <> - hwInfo: not set, pmuFam: msr
192 [22534930032320] INFO perfrun.perfcollector <> - pmu added: family: msr, id: 0
192 [22534930032320] INFO perfrun.perfcollector <> - dir found: /sys/bus/event_source/devices/uncore_cbox_3
192 [22534930032320] INFO perfrun.perfcollector <> - format: event config:0-7 mask:0-7
192 [22534930032320] INFO perfrun.perfcollector <> - format: filter_link config1:6-8 mask:6-8
192 [22534930032320] INFO perfrun.perfcollector <> - format: filter_c6 config1:61 mask:61
192 [22534930032320] INFO perfrun.perfcollector <> - format: edge config:18 mask:18
192 [22534930032320] INFO perfrun.perfcollector <> - format: filter_isoc config1:63 mask:63
192 [22534930032320] INFO perfrun.perfcollector <> - format: filter_tid config1:0-5 mask:0-5
192 [22534930032320] INFO perfrun.perfcollector <> - format: filter_nid config1:32-47 mask:32-47
192 [22534930032320] INFO perfrun.perfcollector <> - format: filter_nc config1:62 mask:62
192 [22534930032320] INFO perfrun.perfcollector <> - format: umask config:8-15 mask:8-15
192 [22534930032320] INFO perfrun.perfcollector <> - format: tid_en config:19 mask:19
192 [22534930032320] INFO perfrun.perfcollector <> - format: thresh config:24-31 mask:24-31
192 [22534930032320] INFO perfrun.perfcollector <> - format: filter_state config1:17-23 mask:17-23
192 [22534930032320] INFO perfrun.perfcollector <> - format: filter_opc config1:52-60 mask:52-60
192 [22534930032320] INFO perfrun.perfcollector <> - hwInfo: PERF_CBOX_PMU_DETAILS
192 [22534930032320] INFO perfrun.perfcollector <> - pmu added: family: uncore_cbox, id: 3
192 [22534930032320] INFO perfrun.perfcollector <> - dir found: /sys/bus/event_source/devices/intel_pt
193 [22534930032320] INFO perfrun.perfcollector <> - format: ptw config:12 mask:12
193 [22534930032320] INFO perfrun.perfcollector <> - format: event config:31 mask:31
193 [22534930032320] INFO perfrun.perfcollector <> - format: cyc_thresh config:19-22 mask:19-22
193 [22534930032320] INFO perfrun.perfcollector <> - format: pt config:0 mask:0
193 [22534930032320] INFO perfrun.perfcollector <> - format: notnt config:55 mask:55
193 [22534930032320] INFO perfrun.perfcollector <> - format: branch config:13 mask:13
193 [22534930032320] INFO perfrun.perfcollector <> - format: tsc config:10 mask:10
193 [22534930032320] INFO perfrun.perfcollector <> - format: pwr_evt config:4 mask:4
193 [22534930032320] INFO perfrun.perfcollector <> - format: fup_on_ptw config:5 mask:5
193 [22534930032320] INFO perfrun.perfcollector <> - format: cyc config:1 mask:1
193 [22534930032320] INFO perfrun.perfcollector <> - format: noretcomp config:11 mask:11
193 [22534930032320] INFO perfrun.perfcollector <> - format: mtc config:9 mask:9
193 [22534930032320] INFO perfrun.perfcollector <> - format: psb_period config:24-27 mask:24-27
193 [22534930032320] INFO perfrun.perfcollector <> - format: mtc_period config:14-17 mask:14-17
193 [22534930032320] INFO perfrun.perfcollector <> - hwInfo: not set, pmuFam: intel_pt
193 [22534930032320] INFO perfrun.perfcollector <> - pmu added: family: intel_pt, id: 0
193 [22534930032320] INFO perfrun.perfcollector <> - dir found: /sys/bus/event_source/devices/uncore_ha_1
193 [22534930032320] INFO perfrun.perfcollector <> - format: event config:0-7 mask:0-7
193 [22534930032320] INFO perfrun.perfcollector <> - format: edge config:18 mask:18
193 [22534930032320] INFO perfrun.perfcollector <> - format: inv config:23 mask:23
193 [22534930032320] INFO perfrun.perfcollector <> - format: umask config:8-15 mask:8-15
193 [22534930032320] INFO perfrun.perfcollector <> - format: thresh config:24-31 mask:24-31
193 [22534930032320] INFO perfrun.perfcollector <> - hwInfo: not set, pmuFam: uncore_ha
193 [22534930032320] INFO perfrun.perfcollector <> - pmu added: family: uncore_ha, id: 1
193 [22534930032320] INFO perfrun.perfcollector <> - dir found: /sys/bus/event_source/devices/uncore_cbox_1
193 [22534930032320] INFO perfrun.perfcollector <> - format: event config:0-7 mask:0-7
193 [22534930032320] INFO perfrun.perfcollector <> - format: filter_link config1:6-8 mask:6-8
193 [22534930032320] INFO perfrun.perfcollector <> - format: filter_c6 config1:61 mask:61
193 [22534930032320] INFO perfrun.perfcollector <> - format: edge config:18 mask:18
193 [22534930032320] INFO perfrun.perfcollector <> - format: filter_isoc config1:63 mask:63
193 [22534930032320] INFO perfrun.perfcollector <> - format: filter_tid config1:0-5 mask:0-5
193 [22534930032320] INFO perfrun.perfcollector <> - format: filter_nid config1:32-47 mask:32-47
193 [22534930032320] INFO perfrun.perfcollector <> - format: filter_nc config1:62 mask:62
193 [22534930032320] INFO perfrun.perfcollector <> - format: umask config:8-15 mask:8-15
193 [22534930032320] INFO perfrun.perfcollector <> - format: tid_en config:19 mask:19
193 [22534930032320] INFO perfrun.perfcollector <> - format: thresh config:24-31 mask:24-31
194 [22534930032320] INFO perfrun.perfcollector <> - format: filter_state config1:17-23 mask:17-23
194 [22534930032320] INFO perfrun.perfcollector <> - format: filter_opc config1:52-60 mask:52-60
194 [22534930032320] INFO perfrun.perfcollector <> - hwInfo: PERF_CBOX_PMU_DETAILS
194 [22534930032320] INFO perfrun.perfcollector <> - pmu added: family: uncore_cbox, id: 1
194 [22534930032320] INFO perfrun.sdk <> - runCmd: /opt/intel/oneapi/vtune/2023.1.0/bin64/sep -dry-run -sam 1 -ec CPU_CLK_UNHALTED.THREAD,CPU_CLK_UNHALTED.REF_TSC:sample:sa=2400000,INST_RETIRED.ANY:sample:sa=2400000,CPU_CLK_UNHALTED.REF_XCLK,CPU_CLK_UNHALTED.ONE_THREAD_ACTIVE,FP_ARITH_INST_RETIRED.SCALAR_SINGLE,FP_ARITH_INST_RETIRED.128B_PACKED_SINGLE,FP_ARITH_INST_RETIRED.256B_PACKED_SINGLE,FP_ARITH_INST_RETIRED.SCALAR_DOUBLE,FP_ARITH_INST_RETIRED.128B_PACKED_DOUBLE,FP_ARITH_INST_RETIRED.256B_PACKED_DOUBLE,INST_RETIRED.X87,UOPS_RETIRED.RETIRE_SLOTS:sample:sa=2000003 -experimental
194 [22534930032320] INFO perfrun.sdk <> - runCmd started PID 3893301
223 [22534930032320] INFO perfrun.perfcollector <> - SepDryRun RC = true
226 [22534930032320] INFO perfrun.perfcollector <> - DRY_RUN: "PMU type: Core (core)"
226 [22534930032320] INFO perfrun.perfcollector <> - pmu type: cpu
226 [22534930032320] INFO perfrun.perfcollector <> - DRY_RUN: "Group 0:"
226 [22534930032320] INFO perfrun.perfcollector <> - id: 0
226 [22534930032320] INFO perfrun.perfcollector <> - DRY_RUN: "INST_RETIRED.ANY: event id 2"
226 [22534930032320] INFO perfrun.perfcollector <> - eventName: INST_RETIRED.ANY, eventId: 2
226 [22534930032320] INFO perfrun.perfcollector <> - DRY_RUN: "CPU_CLK_UNHALTED.THREAD: event id 0"
226 [22534930032320] INFO perfrun.perfcollector <> - eventName: CPU_CLK_UNHALTED.THREAD, eventId: 0
226 [22534930032320] INFO perfrun.perfcollector <> - DRY_RUN: "CPU_CLK_UNHALTED.REF_TSC: event id 1"
226 [22534930032320] INFO perfrun.perfcollector <> - eventName: CPU_CLK_UNHALTED.REF_TSC, eventId: 1
226 [22534930032320] INFO perfrun.perfcollector <> - DRY_RUN: "FP_ARITH_INST_RETIRED.SCALAR_SINGLE: event id 5"
226 [22534930032320] INFO perfrun.perfcollector <> - eventName: FP_ARITH_INST_RETIRED.SCALAR_SINGLE, eventId: 5
226 [22534930032320] INFO perfrun.perfcollector <> - DRY_RUN: "FP_ARITH_INST_RETIRED.128B_PACKED_SINGLE: event id 6"
226 [22534930032320] INFO perfrun.perfcollector <> - eventName: FP_ARITH_INST_RETIRED.128B_PACKED_SINGLE, eventId: 6
226 [22534930032320] INFO perfrun.perfcollector <> - DRY_RUN: "FP_ARITH_INST_RETIRED.256B_PACKED_SINGLE: event id 7"
226 [22534930032320] INFO perfrun.perfcollector <> - eventName: FP_ARITH_INST_RETIRED.256B_PACKED_SINGLE, eventId: 7
226 [22534930032320] INFO perfrun.perfcollector <> - DRY_RUN: "FP_ARITH_INST_RETIRED.SCALAR_DOUBLE: event id 8"
227 [22534930032320] INFO perfrun.perfcollector <> - eventName: FP_ARITH_INST_RETIRED.SCALAR_DOUBLE, eventId: 8
227 [22534930032320] INFO perfrun.perfcollector <> - DRY_RUN: "CPU_CLK_UNHALTED.REF_XCLK: event id 3"
227 [22534930032320] INFO perfrun.perfcollector <> - eventName: CPU_CLK_UNHALTED.REF_XCLK, eventId: 3
227 [22534930032320] INFO perfrun.perfcollector <> - DRY_RUN: "CPU_CLK_UNHALTED.ONE_THREAD_ACTIVE: event id 4"
227 [22534930032320] INFO perfrun.perfcollector <> - eventName: CPU_CLK_UNHALTED.ONE_THREAD_ACTIVE, eventId: 4
227 [22534930032320] INFO perfrun.perfcollector <> - DRY_RUN: "INST_RETIRED.X87: event id 11"
227 [22534930032320] INFO perfrun.perfcollector <> - eventName: INST_RETIRED.X87, eventId: 11
227 [22534930032320] INFO perfrun.perfcollector <> - DRY_RUN: "UOPS_RETIRED.RETIRE_SLOTS: event id 12"
227 [22534930032320] INFO perfrun.perfcollector <> - eventName: UOPS_RETIRED.RETIRE_SLOTS, eventId: 12
227 [22534930032320] INFO perfrun.perfcollector <> - DRY_RUN: "CCCR"
227 [22534930032320] INFO perfrun.perfcollector <> - DRY_RUN: "reg_type       = 1	event_id       = g	reg_id         = 38f	reg_value      = 7000000ff"
227 [22534930032320] INFO perfrun.perfcollector <> - eventId: g, skip parsing event_id
227 [22534930032320] INFO perfrun.perfcollector <> - Register was ignored: group_id: 0, reg_type: 1, event_id: 4294967295, reg_id: 38f, reg_value: 7000000ff, pmu_name: cpu
227 [22534930032320] INFO perfrun.perfcollector <> - DRY_RUN: "reg_type       = 1	event_id       = g	reg_id         = 390	reg_value      = 7000000ff"
227 [22534930032320] INFO perfrun.perfcollector <> - eventId: g, skip parsing event_id
227 [22534930032320] INFO perfrun.perfcollector <> - Register was ignored: group_id: 0, reg_type: 1, event_id: 4294967295, reg_id: 390, reg_value: 7000000ff, pmu_name: cpu
227 [22534930032320] INFO perfrun.perfcollector <> - DRY_RUN: "reg_type       = 1	event_id       = g	reg_id         = 3f1	reg_value      = 0"
227 [22534930032320] INFO perfrun.perfcollector <> - eventId: g, skip parsing event_id
227 [22534930032320] INFO perfrun.perfcollector <> - Register was ignored: group_id: 0, reg_type: 1, event_id: 4294967295, reg_id: 3f1, reg_value: 0, pmu_name: cpu
227 [22534930032320] INFO perfrun.perfcollector <> - DRY_RUN: "reg_type       = 1	event_id       = g	reg_id         = 1d9	reg_value      = 1800"
227 [22534930032320] INFO perfrun.perfcollector <> - eventId: g, skip parsing event_id
227 [22534930032320] INFO perfrun.perfcollector <> - Register was ignored: group_id: 0, reg_type: 1, event_id: 4294967295, reg_id: 1d9, reg_value: 1800, pmu_name: cpu
227 [22534930032320] INFO perfrun.perfcollector <> - DRY_RUN: "reg_type       = 1	event_id       = g	reg_id         = 38d	reg_value      = bbb"
227 [22534930032320] INFO perfrun.perfcollector <> - eventId: g, skip parsing event_id
227 [22534930032320] INFO perfrun.perfcollector <> - Register was ignored: group_id: 0, reg_type: 1, event_id: 4294967295, reg_id: 38d, reg_value: bbb, pmu_name: cpu
227 [22534930032320] INFO perfrun.perfcollector <> - DRY_RUN: "reg_type       = 1	event_id       = 5	reg_id         = 186	reg_value      = 5302c7"
227 [22534930032320] INFO perfrun.perfcollector <> - Event selector: group_id: 0, reg_type: 1, event_id: 5, reg_id: 186, reg_value: 5302c7, pmu_name: cpu
227 [22534930032320] INFO perfrun.perfcollector <> - DRY_RUN: "reg_type       = 1	event_id       = 6	reg_id         = 187	reg_value      = 5308c7"
227 [22534930032320] INFO perfrun.perfcollector <> - Event selector: group_id: 0, reg_type: 1, event_id: 6, reg_id: 187, reg_value: 5308c7, pmu_name: cpu
227 [22534930032320] INFO perfrun.perfcollector <> - DRY_RUN: "reg_type       = 1	event_id       = 7	reg_id         = 188	reg_value      = 5320c7"
227 [22534930032320] INFO perfrun.perfcollector <> - Event selector: group_id: 0, reg_type: 1, event_id: 7, reg_id: 188, reg_value: 5320c7, pmu_name: cpu
227 [22534930032320] INFO perfrun.perfcollector <> - DRY_RUN: "reg_type       = 1	event_id       = 8	reg_id         = 189	reg_value      = 5301c7"
227 [22534930032320] INFO perfrun.perfcollector <> - Event selector: group_id: 0, reg_type: 1, event_id: 8, reg_id: 189, reg_value: 5301c7, pmu_name: cpu
227 [22534930032320] INFO perfrun.perfcollector <> - DRY_RUN: "reg_type       = 1	event_id       = 3	reg_id         = 18a	reg_value      = 53013c"
227 [22534930032320] INFO perfrun.perfcollector <> - Event selector: group_id: 0, reg_type: 1, event_id: 3, reg_id: 18a, reg_value: 53013c, pmu_name: cpu
227 [22534930032320] INFO perfrun.perfcollector <> - DRY_RUN: "reg_type       = 1	event_id       = 4	reg_id         = 18b	reg_value      = 53023c"
227 [22534930032320] INFO perfrun.perfcollector <> - Event selector: group_id: 0, reg_type: 1, event_id: 4, reg_id: 18b, reg_value: 53023c, pmu_name: cpu
227 [22534930032320] INFO perfrun.perfcollector <> - DRY_RUN: "reg_type       = 1	event_id       = 11	reg_id         = 18c	reg_value      = 5302c0"
227 [22534930032320] INFO perfrun.perfcollector <> - Event selector: group_id: 0, reg_type: 1, event_id: 11, reg_id: 18c, reg_value: 5302c0, pmu_name: cpu
227 [22534930032320] INFO perfrun.perfcollector <> - DRY_RUN: "reg_type       = 1	event_id       = 12	reg_id         = 18d	reg_value      = 5302c2"
227 [22534930032320] INFO perfrun.perfcollector <> - Event selector: group_id: 0, reg_type: 1, event_id: 12, reg_id: 18d, reg_value: 5302c2, pmu_name: cpu
227 [22534930032320] INFO perfrun.perfcollector <> - DRY_RUN: "ESCR"
227 [22534930032320] INFO perfrun.perfcollector <> - DRY_RUN: "reg_type       = 2	event_id       = g	reg_id         = 1c8	reg_value      = 0"
227 [22534930032320] INFO perfrun.perfcollector <> - eventId: g, skip parsing event_id
227 [22534930032320] INFO perfrun.perfcollector <> - DRY_RUN: "DATA"
227 [22534930032320] INFO perfrun.perfcollector <> - DRY_RUN: "reg_type       = 4	event_id       = 2	reg_id         = 309	reg_value      = ffffffdb6100"
227 [22534930032320] INFO perfrun.perfcollector <> - eventId: 2, dataAddr: 309, dataVal: ffffffdb6100
227 [22534930032320] INFO perfrun.perfcollector <> - DRY_RUN: "reg_type       = 4	event_id       = 0	reg_id         = 30a	reg_value      = ffffffe17b7d"
227 [22534930032320] INFO perfrun.perfcollector <> - eventId: 0, dataAddr: 30a, dataVal: ffffffe17b7d
227 [22534930032320] INFO perfrun.perfcollector <> - DRY_RUN: "reg_type       = 4	event_id       = 1	reg_id         = 30b	reg_value      = ffffffdb6100"
227 [22534930032320] INFO perfrun.perfcollector <> - eventId: 1, dataAddr: 30b, dataVal: ffffffdb6100
227 [22534930032320] INFO perfrun.perfcollector <> - DRY_RUN: "reg_type       = 4	event_id       = 5	reg_id         = c1	reg_value      = ffffffe17b7d"
227 [22534930032320] INFO perfrun.perfcollector <> - eventId: 5, dataAddr: c1, dataVal: ffffffe17b7d
227 [22534930032320] INFO perfrun.perfcollector <> - DRY_RUN: "reg_type       = 4	event_id       = 6	reg_id         = c2	reg_value      = ffffffe17b7d"
227 [22534930032320] INFO perfrun.perfcollector <> - eventId: 6, dataAddr: c2, dataVal: ffffffe17b7d
227 [22534930032320] INFO perfrun.perfcollector <> - DRY_RUN: "reg_type       = 4	event_id       = 7	reg_id         = c3	reg_value      = ffffffe17b7d"
227 [22534930032320] INFO perfrun.perfcollector <> - eventId: 7, dataAddr: c3, dataVal: ffffffe17b7d
227 [22534930032320] INFO perfrun.perfcollector <> - DRY_RUN: "reg_type       = 4	event_id       = 8	reg_id         = c4	reg_value      = ffffffe17b7d"
227 [22534930032320] INFO perfrun.perfcollector <> - eventId: 8, dataAddr: c4, dataVal: ffffffe17b7d
227 [22534930032320] INFO perfrun.perfcollector <> - DRY_RUN: "reg_type       = 4	event_id       = 3	reg_id         = c5	reg_value      = fffffffe795d"
227 [22534930032320] INFO perfrun.perfcollector <> - eventId: 3, dataAddr: c5, dataVal: fffffffe795d
227 [22534930032320] INFO perfrun.perfcollector <> - DRY_RUN: "reg_type       = 4	event_id       = 4	reg_id         = c6	reg_value      = fffffffe795d"
227 [22534930032320] INFO perfrun.perfcollector <> - eventId: 4, dataAddr: c6, dataVal: fffffffe795d
227 [22534930032320] INFO perfrun.perfcollector <> - DRY_RUN: "reg_type       = 4	event_id       = 11	reg_id         = c7	reg_value      = ffffffe17b7d"
227 [22534930032320] INFO perfrun.perfcollector <> - eventId: 11, dataAddr: c7, dataVal: ffffffe17b7d
227 [22534930032320] INFO perfrun.perfcollector <> - DRY_RUN: "reg_type       = 4	event_id       = 12	reg_id         = c8	reg_value      = ffffffe17b7d"
227 [22534930032320] INFO perfrun.perfcollector <> - eventId: 12, dataAddr: c8, dataVal: ffffffe17b7d
227 [22534930032320] INFO perfrun.perfcollector <> - DRY_RUN: "Group 1:"
227 [22534930032320] INFO perfrun.perfcollector <> - id: 1
227 [22534930032320] INFO perfrun.perfcollector <> - DRY_RUN: "INST_RETIRED.ANY: event id 2"
227 [22534930032320] INFO perfrun.perfcollector <> - eventName: INST_RETIRED.ANY, eventId: 2
227 [22534930032320] INFO perfrun.perfcollector <> - DRY_RUN: "CPU_CLK_UNHALTED.THREAD: event id 0"
227 [22534930032320] INFO perfrun.perfcollector <> - eventName: CPU_CLK_UNHALTED.THREAD, eventId: 0
227 [22534930032320] INFO perfrun.perfcollector <> - DRY_RUN: "CPU_CLK_UNHALTED.REF_TSC: event id 1"
227 [22534930032320] INFO perfrun.perfcollector <> - eventName: CPU_CLK_UNHALTED.REF_TSC, eventId: 1
227 [22534930032320] INFO perfrun.perfcollector <> - DRY_RUN: "FP_ARITH_INST_RETIRED.128B_PACKED_DOUBLE: event id 9"
227 [22534930032320] INFO perfrun.perfcollector <> - eventName: FP_ARITH_INST_RETIRED.128B_PACKED_DOUBLE, eventId: 9
227 [22534930032320] INFO perfrun.perfcollector <> - DRY_RUN: "FP_ARITH_INST_RETIRED.256B_PACKED_DOUBLE: event id 10"
227 [22534930032320] INFO perfrun.perfcollector <> - eventName: FP_ARITH_INST_RETIRED.256B_PACKED_DOUBLE, eventId: 10
227 [22534930032320] INFO perfrun.perfcollector <> - DRY_RUN: "CCCR"
227 [22534930032320] INFO perfrun.perfcollector <> - DRY_RUN: "reg_type       = 1	event_id       = g	reg_id         = 38f	reg_value      = 700000003"
227 [22534930032320] INFO perfrun.perfcollector <> - eventId: g, skip parsing event_id
227 [22534930032320] INFO perfrun.perfcollector <> - Register was ignored: group_id: 1, reg_type: 1, event_id: 4294967295, reg_id: 38f, reg_value: 700000003, pmu_name: cpu
227 [22534930032320] INFO perfrun.perfcollector <> - DRY_RUN: "reg_type       = 1	event_id       = g	reg_id         = 390	reg_value      = 700000003"
227 [22534930032320] INFO perfrun.perfcollector <> - eventId: g, skip parsing event_id
227 [22534930032320] INFO perfrun.perfcollector <> - Register was ignored: group_id: 1, reg_type: 1, event_id: 4294967295, reg_id: 390, reg_value: 700000003, pmu_name: cpu
227 [22534930032320] INFO perfrun.perfcollector <> - DRY_RUN: "reg_type       = 1	event_id       = g	reg_id         = 3f1	reg_value      = 0"
227 [22534930032320] INFO perfrun.perfcollector <> - eventId: g, skip parsing event_id
227 [22534930032320] INFO perfrun.perfcollector <> - Register was ignored: group_id: 1, reg_type: 1, event_id: 4294967295, reg_id: 3f1, reg_value: 0, pmu_name: cpu
227 [22534930032320] INFO perfrun.perfcollector <> - DRY_RUN: "reg_type       = 1	event_id       = g	reg_id         = 1d9	reg_value      = 1800"
227 [22534930032320] INFO perfrun.perfcollector <> - eventId: g, skip parsing event_id
227 [22534930032320] INFO perfrun.perfcollector <> - Register was ignored: group_id: 1, reg_type: 1, event_id: 4294967295, reg_id: 1d9, reg_value: 1800, pmu_name: cpu
227 [22534930032320] INFO perfrun.perfcollector <> - DRY_RUN: "reg_type       = 1	event_id       = g	reg_id         = 38d	reg_value      = bbb"
227 [22534930032320] INFO perfrun.perfcollector <> - eventId: g, skip parsing event_id
227 [22534930032320] INFO perfrun.perfcollector <> - Register was ignored: group_id: 1, reg_type: 1, event_id: 4294967295, reg_id: 38d, reg_value: bbb, pmu_name: cpu
227 [22534930032320] INFO perfrun.perfcollector <> - DRY_RUN: "reg_type       = 1	event_id       = 9	reg_id         = 186	reg_value      = 5304c7"
227 [22534930032320] INFO perfrun.perfcollector <> - Event selector: group_id: 1, reg_type: 1, event_id: 9, reg_id: 186, reg_value: 5304c7, pmu_name: cpu
227 [22534930032320] INFO perfrun.perfcollector <> - DRY_RUN: "reg_type       = 1	event_id       = 10	reg_id         = 187	reg_value      = 5310c7"
227 [22534930032320] INFO perfrun.perfcollector <> - Event selector: group_id: 1, reg_type: 1, event_id: 10, reg_id: 187, reg_value: 5310c7, pmu_name: cpu
227 [22534930032320] INFO perfrun.perfcollector <> - DRY_RUN: "ESCR"
227 [22534930032320] INFO perfrun.perfcollector <> - DRY_RUN: "reg_type       = 2	event_id       = g	reg_id         = 1c8	reg_value      = 0"
227 [22534930032320] INFO perfrun.perfcollector <> - eventId: g, skip parsing event_id
227 [22534930032320] INFO perfrun.perfcollector <> - DRY_RUN: "DATA"
227 [22534930032320] INFO perfrun.perfcollector <> - DRY_RUN: "reg_type       = 4	event_id       = 2	reg_id         = 309	reg_value      = ffffffdb6100"
227 [22534930032320] INFO perfrun.perfcollector <> - eventId: 2, dataAddr: 309, dataVal: ffffffdb6100
227 [22534930032320] INFO perfrun.perfcollector <> - DRY_RUN: "reg_type       = 4	event_id       = 0	reg_id         = 30a	reg_value      = ffffffe17b7d"
227 [22534930032320] INFO perfrun.perfcollector <> - eventId: 0, dataAddr: 30a, dataVal: ffffffe17b7d
227 [22534930032320] INFO perfrun.perfcollector <> - DRY_RUN: "reg_type       = 4	event_id       = 1	reg_id         = 30b	reg_value      = ffffffdb6100"
227 [22534930032320] INFO perfrun.perfcollector <> - eventId: 1, dataAddr: 30b, dataVal: ffffffdb6100
227 [22534930032320] INFO perfrun.perfcollector <> - DRY_RUN: "reg_type       = 4	event_id       = 9	reg_id         = c1	reg_value      = ffffffe17b7d"
227 [22534930032320] INFO perfrun.perfcollector <> - eventId: 9, dataAddr: c1, dataVal: ffffffe17b7d
227 [22534930032320] INFO perfrun.perfcollector <> - DRY_RUN: "reg_type       = 4	event_id       = 10	reg_id         = c2	reg_value      = ffffffe17b7d"
227 [22534930032320] INFO perfrun.perfcollector <> - eventId: 10, dataAddr: c2, dataVal: ffffffe17b7d
227 [22534930032320] INFO perfrun.perfcollector <> - event name: CPU_CLK_UNHALTED.THREAD
227 [22534930032320] INFO perfrun.perfcollector <> - pmu config: cpu
227 [22534930032320] INFO perfrun.perfcollector <> - cccrAddr: ffffffff, cccrValue: 0
227 [22534930032320] INFO perfrun.perfcollector <> - dataAddr: 30a, dataValue: ffffffffffe17b7d
227 [22534930032320] INFO perfrun.perfcollector <> - escrAddr: ffffffff, escrValue: 0
227 [22534930032320] INFO perfrun.perfcollector <> - extendedPebsValue: 0
227 [22534930032320] INFO perfrun.perfcollector <> - adaptivePebsAvailable: 0
227 [22534930032320] INFO perfrun.perfcollector <> - config: event: 3c
227 [22534930032320] INFO perfrun.perfcollector <> - config: pc: 0
227 [22534930032320] INFO perfrun.perfcollector <> - config: in_tx: 0
227 [22534930032320] INFO perfrun.perfcollector <> - config: edge: 0
227 [22534930032320] INFO perfrun.perfcollector <> - config: any: 0
227 [22534930032320] INFO perfrun.perfcollector <> - config1: offcore_rsp: 0
227 [22534930032320] INFO perfrun.perfcollector <> - config: in_tx_cp: 0
227 [22534930032320] INFO perfrun.perfcollector <> - config1: ldlat: 0
227 [22534930032320] INFO perfrun.perfcollector <> - config: inv: 0
227 [22534930032320] INFO perfrun.perfcollector <> - config: umask: 0
227 [22534930032320] INFO perfrun.perfcollector <> - config: cmask: 0
227 [22534930032320] INFO perfrun.perfcollector <> - format: cpu/event=0x3c,name='CPU_CLK_UNHALTED.THREAD'/D
227 [22534930032320] INFO perfrun.perfcollector <> - event name: CPU_CLK_UNHALTED.REF_TSC
227 [22534930032320] INFO perfrun.perfcollector <> - pmu config: cpu
227 [22534930032320] INFO perfrun.perfcollector <> - cccrAddr: ffffffff, cccrValue: 0
227 [22534930032320] INFO perfrun.perfcollector <> - dataAddr: 30b, dataValue: ffffffffffdb6100
227 [22534930032320] INFO perfrun.perfcollector <> - escrAddr: ffffffff, escrValue: 0
227 [22534930032320] INFO perfrun.perfcollector <> - extendedPebsValue: 0
227 [22534930032320] INFO perfrun.perfcollector <> - adaptivePebsAvailable: 0
227 [22534930032320] INFO perfrun.perfcollector <> - config: event: 0
227 [22534930032320] INFO perfrun.perfcollector <> - config: pc: 0
227 [22534930032320] INFO perfrun.perfcollector <> - config: in_tx: 0
227 [22534930032320] INFO perfrun.perfcollector <> - config: edge: 0
227 [22534930032320] INFO perfrun.perfcollector <> - config: any: 0
227 [22534930032320] INFO perfrun.perfcollector <> - config1: offcore_rsp: 0
227 [22534930032320] INFO perfrun.perfcollector <> - config: in_tx_cp: 0
227 [22534930032320] INFO perfrun.perfcollector <> - config1: ldlat: 0
227 [22534930032320] INFO perfrun.perfcollector <> - config: inv: 0
227 [22534930032320] INFO perfrun.perfcollector <> - config: umask: 3
227 [22534930032320] INFO perfrun.perfcollector <> - config: cmask: 0
227 [22534930032320] INFO perfrun.perfcollector <> - format: cpu/umask=0x3,name='CPU_CLK_UNHALTED.REF_TSC'/D
227 [22534930032320] INFO perfrun.perfcollector <> - event name: INST_RETIRED.ANY
227 [22534930032320] INFO perfrun.perfcollector <> - pmu config: cpu
227 [22534930032320] INFO perfrun.perfcollector <> - cccrAddr: ffffffff, cccrValue: 0
227 [22534930032320] INFO perfrun.perfcollector <> - dataAddr: 309, dataValue: ffffffffffdb6100
227 [22534930032320] INFO perfrun.perfcollector <> - escrAddr: ffffffff, escrValue: 0
227 [22534930032320] INFO perfrun.perfcollector <> - extendedPebsValue: 0
227 [22534930032320] INFO perfrun.perfcollector <> - adaptivePebsAvailable: 0
227 [22534930032320] INFO perfrun.perfcollector <> - config: event: c0
227 [22534930032320] INFO perfrun.perfcollector <> - config: pc: 0
227 [22534930032320] INFO perfrun.perfcollector <> - config: in_tx: 0
227 [22534930032320] INFO perfrun.perfcollector <> - config: edge: 0
227 [22534930032320] INFO perfrun.perfcollector <> - config: any: 0
227 [22534930032320] INFO perfrun.perfcollector <> - config1: offcore_rsp: 0
227 [22534930032320] INFO perfrun.perfcollector <> - config: in_tx_cp: 0
227 [22534930032320] INFO perfrun.perfcollector <> - config1: ldlat: 0
227 [22534930032320] INFO perfrun.perfcollector <> - config: inv: 0
227 [22534930032320] INFO perfrun.perfcollector <> - config: umask: 0
227 [22534930032320] INFO perfrun.perfcollector <> - config: cmask: 0
227 [22534930032320] INFO perfrun.perfcollector <> - format: cpu/event=0xc0,name='INST_RETIRED.ANY'/D
227 [22534930032320] INFO perfrun.perfcollector <> - event name: CPU_CLK_UNHALTED.REF_XCLK
227 [22534930032320] INFO perfrun.perfcollector <> - pmu config: cpu
227 [22534930032320] INFO perfrun.perfcollector <> - cccrAddr: 18a, cccrValue: 53013c
227 [22534930032320] INFO perfrun.perfcollector <> - dataAddr: c5, dataValue: fffffffffffe795d
227 [22534930032320] INFO perfrun.perfcollector <> - escrAddr: ffffffff, escrValue: 0
227 [22534930032320] INFO perfrun.perfcollector <> - extendedPebsValue: 0
227 [22534930032320] INFO perfrun.perfcollector <> - adaptivePebsAvailable: 0
227 [22534930032320] INFO perfrun.perfcollector <> - config: event: 3c
227 [22534930032320] INFO perfrun.perfcollector <> - config: pc: 0
227 [22534930032320] INFO perfrun.perfcollector <> - config: in_tx: 0
227 [22534930032320] INFO perfrun.perfcollector <> - config: edge: 0
227 [22534930032320] INFO perfrun.perfcollector <> - config: any: 0
227 [22534930032320] INFO perfrun.perfcollector <> - config1: offcore_rsp: 0
227 [22534930032320] INFO perfrun.perfcollector <> - config: in_tx_cp: 0
227 [22534930032320] INFO perfrun.perfcollector <> - config1: ldlat: 0
227 [22534930032320] INFO perfrun.perfcollector <> - config: inv: 0
227 [22534930032320] INFO perfrun.perfcollector <> - config: umask: 1
227 [22534930032320] INFO perfrun.perfcollector <> - config: cmask: 0
227 [22534930032320] INFO perfrun.perfcollector <> - format: cpu/event=0x3c,umask=0x1,name='CPU_CLK_UNHALTED.REF_XCLK'/
227 [22534930032320] INFO perfrun.perfcollector <> - event name: CPU_CLK_UNHALTED.ONE_THREAD_ACTIVE
227 [22534930032320] INFO perfrun.perfcollector <> - pmu config: cpu
227 [22534930032320] INFO perfrun.perfcollector <> - cccrAddr: 18b, cccrValue: 53023c
227 [22534930032320] INFO perfrun.perfcollector <> - dataAddr: c6, dataValue: fffffffffffe795d
227 [22534930032320] INFO perfrun.perfcollector <> - escrAddr: ffffffff, escrValue: 0
227 [22534930032320] INFO perfrun.perfcollector <> - extendedPebsValue: 0
227 [22534930032320] INFO perfrun.perfcollector <> - adaptivePebsAvailable: 0
227 [22534930032320] INFO perfrun.perfcollector <> - config: event: 3c
227 [22534930032320] INFO perfrun.perfcollector <> - config: pc: 0
227 [22534930032320] INFO perfrun.perfcollector <> - config: in_tx: 0
227 [22534930032320] INFO perfrun.perfcollector <> - config: edge: 0
227 [22534930032320] INFO perfrun.perfcollector <> - config: any: 0
227 [22534930032320] INFO perfrun.perfcollector <> - config1: offcore_rsp: 0
227 [22534930032320] INFO perfrun.perfcollector <> - config: in_tx_cp: 0
227 [22534930032320] INFO perfrun.perfcollector <> - config1: ldlat: 0
227 [22534930032320] INFO perfrun.perfcollector <> - config: inv: 0
227 [22534930032320] INFO perfrun.perfcollector <> - config: umask: 2
227 [22534930032320] INFO perfrun.perfcollector <> - config: cmask: 0
227 [22534930032320] INFO perfrun.perfcollector <> - format: cpu/event=0x3c,umask=0x2,name='CPU_CLK_UNHALTED.ONE_THREAD_ACTIVE'/
227 [22534930032320] INFO perfrun.perfcollector <> - event name: FP_ARITH_INST_RETIRED.SCALAR_SINGLE
227 [22534930032320] INFO perfrun.perfcollector <> - pmu config: cpu
227 [22534930032320] INFO perfrun.perfcollector <> - cccrAddr: 186, cccrValue: 5302c7
227 [22534930032320] INFO perfrun.perfcollector <> - dataAddr: c1, dataValue: ffffffffffe17b7d
227 [22534930032320] INFO perfrun.perfcollector <> - escrAddr: ffffffff, escrValue: 0
227 [22534930032320] INFO perfrun.perfcollector <> - extendedPebsValue: 0
227 [22534930032320] INFO perfrun.perfcollector <> - adaptivePebsAvailable: 0
227 [22534930032320] INFO perfrun.perfcollector <> - config: event: c7
227 [22534930032320] INFO perfrun.perfcollector <> - config: pc: 0
227 [22534930032320] INFO perfrun.perfcollector <> - config: in_tx: 0
228 [22534930032320] INFO perfrun.perfcollector <> - config: edge: 0
228 [22534930032320] INFO perfrun.perfcollector <> - config: any: 0
228 [22534930032320] INFO perfrun.perfcollector <> - config1: offcore_rsp: 0
228 [22534930032320] INFO perfrun.perfcollector <> - config: in_tx_cp: 0
228 [22534930032320] INFO perfrun.perfcollector <> - config1: ldlat: 0
228 [22534930032320] INFO perfrun.perfcollector <> - config: inv: 0
228 [22534930032320] INFO perfrun.perfcollector <> - config: umask: 2
228 [22534930032320] INFO perfrun.perfcollector <> - config: cmask: 0
228 [22534930032320] INFO perfrun.perfcollector <> - format: cpu/event=0xc7,umask=0x2,name='FP_ARITH_INST_RETIRED.SCALAR_SINGLE'/
228 [22534930032320] INFO perfrun.perfcollector <> - event name: FP_ARITH_INST_RETIRED.128B_PACKED_SINGLE
228 [22534930032320] INFO perfrun.perfcollector <> - pmu config: cpu
228 [22534930032320] INFO perfrun.perfcollector <> - cccrAddr: 187, cccrValue: 5308c7
228 [22534930032320] INFO perfrun.perfcollector <> - dataAddr: c2, dataValue: ffffffffffe17b7d
228 [22534930032320] INFO perfrun.perfcollector <> - escrAddr: ffffffff, escrValue: 0
228 [22534930032320] INFO perfrun.perfcollector <> - extendedPebsValue: 0
228 [22534930032320] INFO perfrun.perfcollector <> - adaptivePebsAvailable: 0
228 [22534930032320] INFO perfrun.perfcollector <> - config: event: c7
228 [22534930032320] INFO perfrun.perfcollector <> - config: pc: 0
228 [22534930032320] INFO perfrun.perfcollector <> - config: in_tx: 0
228 [22534930032320] INFO perfrun.perfcollector <> - config: edge: 0
228 [22534930032320] INFO perfrun.perfcollector <> - config: any: 0
228 [22534930032320] INFO perfrun.perfcollector <> - config1: offcore_rsp: 0
228 [22534930032320] INFO perfrun.perfcollector <> - config: in_tx_cp: 0
228 [22534930032320] INFO perfrun.perfcollector <> - config1: ldlat: 0
228 [22534930032320] INFO perfrun.perfcollector <> - config: inv: 0
228 [22534930032320] INFO perfrun.perfcollector <> - config: umask: 8
228 [22534930032320] INFO perfrun.perfcollector <> - config: cmask: 0
228 [22534930032320] INFO perfrun.perfcollector <> - format: cpu/event=0xc7,umask=0x8,name='FP_ARITH_INST_RETIRED.128B_PACKED_SINGLE'/
228 [22534930032320] INFO perfrun.perfcollector <> - event name: FP_ARITH_INST_RETIRED.256B_PACKED_SINGLE
228 [22534930032320] INFO perfrun.perfcollector <> - pmu config: cpu
228 [22534930032320] INFO perfrun.perfcollector <> - cccrAddr: 188, cccrValue: 5320c7
228 [22534930032320] INFO perfrun.perfcollector <> - dataAddr: c3, dataValue: ffffffffffe17b7d
228 [22534930032320] INFO perfrun.perfcollector <> - escrAddr: ffffffff, escrValue: 0
228 [22534930032320] INFO perfrun.perfcollector <> - extendedPebsValue: 0
228 [22534930032320] INFO perfrun.perfcollector <> - adaptivePebsAvailable: 0
228 [22534930032320] INFO perfrun.perfcollector <> - config: event: c7
228 [22534930032320] INFO perfrun.perfcollector <> - config: pc: 0
228 [22534930032320] INFO perfrun.perfcollector <> - config: in_tx: 0
228 [22534930032320] INFO perfrun.perfcollector <> - config: edge: 0
228 [22534930032320] INFO perfrun.perfcollector <> - config: any: 0
228 [22534930032320] INFO perfrun.perfcollector <> - config1: offcore_rsp: 0
228 [22534930032320] INFO perfrun.perfcollector <> - config: in_tx_cp: 0
228 [22534930032320] INFO perfrun.perfcollector <> - config1: ldlat: 0
228 [22534930032320] INFO perfrun.perfcollector <> - config: inv: 0
228 [22534930032320] INFO perfrun.perfcollector <> - config: umask: 20
228 [22534930032320] INFO perfrun.perfcollector <> - config: cmask: 0
228 [22534930032320] INFO perfrun.perfcollector <> - format: cpu/event=0xc7,umask=0x20,name='FP_ARITH_INST_RETIRED.256B_PACKED_SINGLE'/
228 [22534930032320] INFO perfrun.perfcollector <> - event name: FP_ARITH_INST_RETIRED.SCALAR_DOUBLE
228 [22534930032320] INFO perfrun.perfcollector <> - pmu config: cpu
228 [22534930032320] INFO perfrun.perfcollector <> - cccrAddr: 189, cccrValue: 5301c7
228 [22534930032320] INFO perfrun.perfcollector <> - dataAddr: c4, dataValue: ffffffffffe17b7d
228 [22534930032320] INFO perfrun.perfcollector <> - escrAddr: ffffffff, escrValue: 0
228 [22534930032320] INFO perfrun.perfcollector <> - extendedPebsValue: 0
228 [22534930032320] INFO perfrun.perfcollector <> - adaptivePebsAvailable: 0
228 [22534930032320] INFO perfrun.perfcollector <> - config: event: c7
228 [22534930032320] INFO perfrun.perfcollector <> - config: pc: 0
228 [22534930032320] INFO perfrun.perfcollector <> - config: in_tx: 0
228 [22534930032320] INFO perfrun.perfcollector <> - config: edge: 0
228 [22534930032320] INFO perfrun.perfcollector <> - config: any: 0
228 [22534930032320] INFO perfrun.perfcollector <> - config1: offcore_rsp: 0
228 [22534930032320] INFO perfrun.perfcollector <> - config: in_tx_cp: 0
228 [22534930032320] INFO perfrun.perfcollector <> - config1: ldlat: 0
228 [22534930032320] INFO perfrun.perfcollector <> - config: inv: 0
228 [22534930032320] INFO perfrun.perfcollector <> - config: umask: 1
228 [22534930032320] INFO perfrun.perfcollector <> - config: cmask: 0
228 [22534930032320] INFO perfrun.perfcollector <> - format: cpu/event=0xc7,umask=0x1,name='FP_ARITH_INST_RETIRED.SCALAR_DOUBLE'/
228 [22534930032320] INFO perfrun.perfcollector <> - event name: FP_ARITH_INST_RETIRED.128B_PACKED_DOUBLE
228 [22534930032320] INFO perfrun.perfcollector <> - pmu config: cpu
228 [22534930032320] INFO perfrun.perfcollector <> - cccrAddr: 186, cccrValue: 5304c7
228 [22534930032320] INFO perfrun.perfcollector <> - dataAddr: c1, dataValue: ffffffffffe17b7d
228 [22534930032320] INFO perfrun.perfcollector <> - escrAddr: ffffffff, escrValue: 0
228 [22534930032320] INFO perfrun.perfcollector <> - extendedPebsValue: 0
228 [22534930032320] INFO perfrun.perfcollector <> - adaptivePebsAvailable: 0
228 [22534930032320] INFO perfrun.perfcollector <> - config: event: c7
228 [22534930032320] INFO perfrun.perfcollector <> - config: pc: 0
228 [22534930032320] INFO perfrun.perfcollector <> - config: in_tx: 0
228 [22534930032320] INFO perfrun.perfcollector <> - config: edge: 0
228 [22534930032320] INFO perfrun.perfcollector <> - config: any: 0
228 [22534930032320] INFO perfrun.perfcollector <> - config1: offcore_rsp: 0
228 [22534930032320] INFO perfrun.perfcollector <> - config: in_tx_cp: 0
228 [22534930032320] INFO perfrun.perfcollector <> - config1: ldlat: 0
228 [22534930032320] INFO perfrun.perfcollector <> - config: inv: 0
228 [22534930032320] INFO perfrun.perfcollector <> - config: umask: 4
228 [22534930032320] INFO perfrun.perfcollector <> - config: cmask: 0
228 [22534930032320] INFO perfrun.perfcollector <> - format: cpu/event=0xc7,umask=0x4,name='FP_ARITH_INST_RETIRED.128B_PACKED_DOUBLE'/
228 [22534930032320] INFO perfrun.perfcollector <> - event name: FP_ARITH_INST_RETIRED.256B_PACKED_DOUBLE
228 [22534930032320] INFO perfrun.perfcollector <> - pmu config: cpu
228 [22534930032320] INFO perfrun.perfcollector <> - cccrAddr: 187, cccrValue: 5310c7
228 [22534930032320] INFO perfrun.perfcollector <> - dataAddr: c2, dataValue: ffffffffffe17b7d
228 [22534930032320] INFO perfrun.perfcollector <> - escrAddr: ffffffff, escrValue: 0
228 [22534930032320] INFO perfrun.perfcollector <> - extendedPebsValue: 0
228 [22534930032320] INFO perfrun.perfcollector <> - adaptivePebsAvailable: 0
228 [22534930032320] INFO perfrun.perfcollector <> - config: event: c7
228 [22534930032320] INFO perfrun.perfcollector <> - config: pc: 0
228 [22534930032320] INFO perfrun.perfcollector <> - config: in_tx: 0
228 [22534930032320] INFO perfrun.perfcollector <> - config: edge: 0
228 [22534930032320] INFO perfrun.perfcollector <> - config: any: 0
228 [22534930032320] INFO perfrun.perfcollector <> - config1: offcore_rsp: 0
228 [22534930032320] INFO perfrun.perfcollector <> - config: in_tx_cp: 0
228 [22534930032320] INFO perfrun.perfcollector <> - config1: ldlat: 0
228 [22534930032320] INFO perfrun.perfcollector <> - config: inv: 0
228 [22534930032320] INFO perfrun.perfcollector <> - config: umask: 10
228 [22534930032320] INFO perfrun.perfcollector <> - config: cmask: 0
228 [22534930032320] INFO perfrun.perfcollector <> - format: cpu/event=0xc7,umask=0x10,name='FP_ARITH_INST_RETIRED.256B_PACKED_DOUBLE'/
228 [22534930032320] INFO perfrun.perfcollector <> - event name: INST_RETIRED.X87
228 [22534930032320] INFO perfrun.perfcollector <> - pmu config: cpu
228 [22534930032320] INFO perfrun.perfcollector <> - cccrAddr: 18c, cccrValue: 5302c0
228 [22534930032320] INFO perfrun.perfcollector <> - dataAddr: c7, dataValue: ffffffffffe17b7d
228 [22534930032320] INFO perfrun.perfcollector <> - escrAddr: ffffffff, escrValue: 0
228 [22534930032320] INFO perfrun.perfcollector <> - extendedPebsValue: 0
228 [22534930032320] INFO perfrun.perfcollector <> - adaptivePebsAvailable: 0
228 [22534930032320] INFO perfrun.perfcollector <> - config: event: c0
228 [22534930032320] INFO perfrun.perfcollector <> - config: pc: 0
228 [22534930032320] INFO perfrun.perfcollector <> - config: in_tx: 0
228 [22534930032320] INFO perfrun.perfcollector <> - config: edge: 0
228 [22534930032320] INFO perfrun.perfcollector <> - config: any: 0
228 [22534930032320] INFO perfrun.perfcollector <> - config1: offcore_rsp: 0
228 [22534930032320] INFO perfrun.perfcollector <> - config: in_tx_cp: 0
228 [22534930032320] INFO perfrun.perfcollector <> - config1: ldlat: 0
228 [22534930032320] INFO perfrun.perfcollector <> - config: inv: 0
228 [22534930032320] INFO perfrun.perfcollector <> - config: umask: 2
228 [22534930032320] INFO perfrun.perfcollector <> - config: cmask: 0
228 [22534930032320] INFO perfrun.perfcollector <> - format: cpu/event=0xc0,umask=0x2,name='INST_RETIRED.X87'/
228 [22534930032320] INFO perfrun.perfcollector <> - event name: UOPS_RETIRED.RETIRE_SLOTS
228 [22534930032320] INFO perfrun.perfcollector <> - pmu config: cpu
228 [22534930032320] INFO perfrun.perfcollector <> - cccrAddr: 18d, cccrValue: 5302c2
228 [22534930032320] INFO perfrun.perfcollector <> - dataAddr: c8, dataValue: ffffffffffe17b7d
228 [22534930032320] INFO perfrun.perfcollector <> - escrAddr: ffffffff, escrValue: 0
228 [22534930032320] INFO perfrun.perfcollector <> - extendedPebsValue: 0
228 [22534930032320] INFO perfrun.perfcollector <> - adaptivePebsAvailable: 0
228 [22534930032320] INFO perfrun.perfcollector <> - config: event: c2
228 [22534930032320] INFO perfrun.perfcollector <> - config: pc: 0
228 [22534930032320] INFO perfrun.perfcollector <> - config: in_tx: 0
228 [22534930032320] INFO perfrun.perfcollector <> - config: edge: 0
228 [22534930032320] INFO perfrun.perfcollector <> - config: any: 0
228 [22534930032320] INFO perfrun.perfcollector <> - config1: offcore_rsp: 0
228 [22534930032320] INFO perfrun.perfcollector <> - config: in_tx_cp: 0
228 [22534930032320] INFO perfrun.perfcollector <> - config1: ldlat: 0
228 [22534930032320] INFO perfrun.perfcollector <> - config: inv: 0
228 [22534930032320] INFO perfrun.perfcollector <> - config: umask: 2
228 [22534930032320] INFO perfrun.perfcollector <> - config: cmask: 0
228 [22534930032320] INFO perfrun.perfcollector <> - format: cpu/event=0xc2,umask=0x2,name='UOPS_RETIRED.RETIRE_SLOTS'/
228 [22534930032320] INFO perfrun.perfcollector <> - event: cpu/event=0x3c,name='CPU_CLK_UNHALTED.THREAD'/Duk, added for counting
228 [22534930032320] INFO perfrun.perfcollector <> - event: cpu/umask=0x3,name='CPU_CLK_UNHALTED.REF_TSC'/Duk, added for counting
228 [22534930032320] INFO perfrun.perfcollector <> - event: cpu/event=0xc0,name='INST_RETIRED.ANY'/Duk, added for counting
228 [22534930032320] INFO perfrun.perfcollector <> - event: cpu/event=0x3c,umask=0x1,name='CPU_CLK_UNHALTED.REF_XCLK'/uk, added for counting
228 [22534930032320] INFO perfrun.perfcollector <> - event: cpu/event=0x3c,umask=0x2,name='CPU_CLK_UNHALTED.ONE_THREAD_ACTIVE'/uk, added for counting
228 [22534930032320] INFO perfrun.perfcollector <> - event: cpu/event=0xc7,umask=0x2,name='FP_ARITH_INST_RETIRED.SCALAR_SINGLE'/uk, added for counting
228 [22534930032320] INFO perfrun.perfcollector <> - event: cpu/event=0xc7,umask=0x8,name='FP_ARITH_INST_RETIRED.128B_PACKED_SINGLE'/uk, added for counting
228 [22534930032320] INFO perfrun.perfcollector <> - event: cpu/event=0xc7,umask=0x20,name='FP_ARITH_INST_RETIRED.256B_PACKED_SINGLE'/uk, added for counting
228 [22534930032320] INFO perfrun.perfcollector <> - event: cpu/event=0xc7,umask=0x1,name='FP_ARITH_INST_RETIRED.SCALAR_DOUBLE'/uk, added for counting
228 [22534930032320] INFO perfrun.perfcollector <> - event: cpu/event=0xc7,umask=0x4,name='FP_ARITH_INST_RETIRED.128B_PACKED_DOUBLE'/uk, added for counting
228 [22534930032320] INFO perfrun.perfcollector <> - event: cpu/event=0xc7,umask=0x10,name='FP_ARITH_INST_RETIRED.256B_PACKED_DOUBLE'/uk, added for counting
228 [22534930032320] INFO perfrun.perfcollector <> - event: cpu/event=0xc0,umask=0x2,name='INST_RETIRED.X87'/uk, added for counting
228 [22534930032320] INFO perfrun.perfcollector <> - event: cpu/event=0xc2,umask=0x2,name='UOPS_RETIRED.RETIRE_SLOTS'/uk, added for counting
228 [22534930032320] INFO perfrun.perfcollector <> - attaching to pid: 4294967295, collect mode: 1, rc modes: 3
244 [22534918985408] WARN perfrun.perfcollector <> - Perf stat trace pipe capacity: read = 1048576, write = 1048576, at file: vcs/perfrun1/plugins/perfcollector/src/profiler.cpp:765
253 [22534918985408] INFO perfrun.sdk <> - runCmd: /opt/intel/oneapi/vtune/2023.1.0/bin64/amplxe-perf stat -v --log-fd 10 --scale -x ; -e cpu/event=0x3c,name='CPU_CLK_UNHALTED.THREAD'/Duk,cpu/umask=0x3,name='CPU_CLK_UNHALTED.REF_TSC'/Duk,cpu/event=0xc0,name='INST_RETIRED.ANY'/Duk,cpu/event=0x3c,umask=0x1,name='CPU_CLK_UNHALTED.REF_XCLK'/uk,cpu/event=0x3c,umask=0x2,name='CPU_CLK_UNHALTED.ONE_THREAD_ACTIVE'/uk,cpu/event=0xc7,umask=0x2,name='FP_ARITH_INST_RETIRED.SCALAR_SINGLE'/uk,cpu/event=0xc7,umask=0x8,name='FP_ARITH_INST_RETIRED.128B_PACKED_SINGLE'/uk,cpu/event=0xc7,umask=0x20,name='FP_ARITH_INST_RETIRED.256B_PACKED_SINGLE'/uk,cpu/event=0xc7,umask=0x1,name='FP_ARITH_INST_RETIRED.SCALAR_DOUBLE'/uk,cpu/event=0xc7,umask=0x4,name='FP_ARITH_INST_RETIRED.128B_PACKED_DOUBLE'/uk,cpu/event=0xc7,umask=0x10,name='FP_ARITH_INST_RETIRED.256B_PACKED_DOUBLE'/uk,cpu/event=0xc0,umask=0x2,name='INST_RETIRED.X87'/uk,cpu/event=0xc2,umask=0x2,name='UOPS_RETIRED.RETIRE_SLOTS'/uk /opt/intel/oneapi/vtune/2023.1.0/bin64/amplxe-perf-sync dryrun sys
254 [22534918985408] INFO perfrun.sdk <> - runCmd started PID 3893324
440 [22534918985408] INFO perfrun.perfcollector <> - Monitor: runCmd RC = true
442 [22534930032320] INFO perfrun.launcher <> - plugin [aoclprofile] was disabled because it doesn't support the given collection type.
442 [22534930032320] INFO perfrun.tpss <> - initialize tpss controller
442 [22534930032320] INFO perfrun.tpss <> - configure collection mode: value = cpu:counters:nostack
442 [22534930032320] INFO perfrun.tpss <> - configure collection mode: value = cpu:stack
442 [22534930032320] INFO perfrun.tpss <> - default obj-size-min=1024
442 [22534930032320] INFO perfrun.tpss <> - default hash-table-size=0
442 [22534930032320] INFO perfrun.launcher <> - plugin [media] was disabled because it doesn't support the given collection type.
442 [22534930032320] INFO perfrun.launcher <> - plugin [] was disabled because it doesn't support the given collection type.
442 [22534930032320] INFO perfrun.launcher <> - plugin [] was disabled because it doesn't support the given collection type.
442 [22534930032320] INFO perfrun.launcher <> - plugin [parallelfs] was disabled because it doesn't support the given collection type.
442 [22534930032320] INFO perfrun.launcher <> - plugin [power] was disabled because it doesn't support the given collection type.
442 [22534930032320] INFO perfrun.launcher <> - plugin [hwloc] was disabled because it doesn't support the given collection type.
442 [22534930032320] INFO perfrun.launcher <> - plugin [ipmwatch] was disabled because it doesn't support the given collection type.
442 [22534930032320] INFO perfrun.launcher <> - plugin [os_counters] was disabled because it doesn't support the given collection type.
442 [22534930032320] INFO perfrun.launcher <> - plugin [l0_metrics] was disabled because it doesn't support the given collection type.
442 [22535073507200] INFO perfrun.launcher <> - set environment variable: LD_LIBRARY_PATH = /opt/intel/oneapi/vtune/2023.1.0/lib32/runtime:/opt/intel/oneapi/vtune/2023.1.0/lib64/runtime:/opt/intel/oneapi/tbb/2021.5.1/env/../lib/intel64/gcc4.8:/opt/intel/oneapi/mpi/2021.5.1//libfabric/lib:/opt/intel/oneapi/mpi/2021.5.1//lib/release:/opt/intel/oneapi/mpi/2021.5.1//lib:/opt/intel/oneapi/mkl/2022.0.2/lib/intel64:/opt/intel/oneapi/itac/2021.5.0/slib:/opt/intel/oneapi/debugger/2021.5.0/gdb/intel64/lib:/opt/intel/oneapi/debugger/2021.5.0/libipt/intel64/lib:/opt/intel/oneapi/debugger/2021.5.0/dep/lib:/opt/intel/oneapi/compiler/2022.0.2/linux/lib:/opt/intel/oneapi/compiler/2022.0.2/linux/lib/x64:/opt/intel/oneapi/compiler/2022.0.2/linux/lib/oclfpga/host/linux64/lib:/opt/intel/oneapi/compiler/2022.0.2/linux/compiler/lib/intel64_lin
442 [22535073507200] INFO perfrun.launcher <> - set environment variable: INTEL_LIBITTNOTIFY32 = /opt/intel/oneapi/vtune/2023.1.0/lib32/runtime/libittnotify_collector.so
442 [22535073507200] INFO perfrun.launcher <> - set environment variable: INTEL_LIBITTNOTIFY64 = /opt/intel/oneapi/vtune/2023.1.0/lib64/runtime/libittnotify_collector.so
442 [22535073507200] INFO perfrun.launcher <> - set environment variable: INTEL_ITTNOTIFY_GROUPS = 
442 [22535073507200] INFO perfrun.launcher <> - set environment variable: INTEL_JIT_PROFILER32 = /opt/intel/oneapi/vtune/2023.1.0/lib32/runtime/libittnotify_collector.so
442 [22535073507200] INFO perfrun.launcher <> - set environment variable: INTEL_JIT_PROFILER64 = /opt/intel/oneapi/vtune/2023.1.0/lib64/runtime/libittnotify_collector.so
442 [22535073507200] INFO perfrun.launcher <> - set environment variable: OMP_TOOL_LIBRARIES = /opt/intel/oneapi/vtune/2023.1.0/lib32/runtime/libittnotify_collector.so:/opt/intel/oneapi/vtune/2023.1.0/lib64/runtime/libittnotify_collector.so
442 [22535073507200] INFO perfrun.launcher <> - set environment variable: ENABLE_JITPROFILING = 1
442 [22535073507200] INFO perfrun.launcher <> - set environment variable: CL_CONFIG_USE_VTUNE = True
442 [22535073507200] INFO perfrun.launcher <> - set environment variable: LD_PRELOAD = libittnotify_collector.so:
442 [22535073507200] INFO perfrun.launcher <> - set environment variable: KMP_FORKJOIN_FRAMES = 0
442 [22535073507200] INFO perfrun.launcher <> - set environment variable: KMP_FORKJOIN_FRAMES_MODE = 0
442 [22535073507200] INFO perfrun.launcher <> - set environment variable: OMP_TOOL = disabled
443 [22535073507200] INFO perfrun.launcher <> - set environment variable: INTEL_MRTE_DATA_DIR = /home/course/hpc/users/2022012388/exp8/vtune_result.conv1/data.5
443 [22535073507200] INFO perfrun.launcher <> - set environment variable: INTEL_MRTE_HOST_NAME = conv1
443 [22535073507200] INFO perfrun.launcher <> - set environment variable: JAVA_TOOL_OPTIONS = -agentlib:amplxe_tpssmrte_javaprof_1.0 -Dsun.boot.library.path=/opt/intel/oneapi/vtune/2023.1.0/lib32/runtime:/opt/intel/oneapi/vtune/2023.1.0/lib64/runtime
443 [22535073507200] INFO perfrun.launcher <> - set environment variable: LD_LIBRARY_PATH = /opt/intel/oneapi/vtune/2023.1.0/lib32/runtime:/opt/intel/oneapi/vtune/2023.1.0/lib64/runtime:/opt/intel/oneapi/tbb/2021.5.1/env/../lib/intel64/gcc4.8:/opt/intel/oneapi/mpi/2021.5.1//libfabric/lib:/opt/intel/oneapi/mpi/2021.5.1//lib/release:/opt/intel/oneapi/mpi/2021.5.1//lib:/opt/intel/oneapi/mkl/2022.0.2/lib/intel64:/opt/intel/oneapi/itac/2021.5.0/slib:/opt/intel/oneapi/debugger/2021.5.0/gdb/intel64/lib:/opt/intel/oneapi/debugger/2021.5.0/libipt/intel64/lib:/opt/intel/oneapi/debugger/2021.5.0/dep/lib:/opt/intel/oneapi/compiler/2022.0.2/linux/lib:/opt/intel/oneapi/compiler/2022.0.2/linux/lib/x64:/opt/intel/oneapi/compiler/2022.0.2/linux/lib/oclfpga/host/linux64/lib:/opt/intel/oneapi/compiler/2022.0.2/linux/compiler/lib/intel64_lin
443 [22535073507200] INFO perfrun.launcher <> - set environment variable: CORECLR_ENABLE_PROFILING = 1
443 [22535073507200] INFO perfrun.launcher <> - set environment variable: CORECLR_PROFILER = {AA5E4821-E3B1-479c-B7FF-5AD047D22CED}
443 [22535073507200] INFO perfrun.launcher <> - set environment variable: CORECLR_PROFILER_PATH = /opt/intel/oneapi/vtune/2023.1.0/lib64/libamplxe_samplingmrte_clrprof_1.0.so
443 [22535073507200] INFO perfrun.launcher <> - set environment variable: INTEL_MRTE_PROFILER_MODE = mixed
443 [22535073507200] INFO perfrun.launcher <> - RpcServer: run RPC server to handle requests
444 [22535073507200] INFO perfrun.launcher <> - Launcher: command line to start before modification = ./main 2022012388
444 [22535073507200] INFO perfrun.launcher <> - Launcher: command line to start after modification = /opt/intel/oneapi/vtune/2023.1.0/bin64/pin -error_file /home/course/hpc/users/2022012388/exp8/vtune_result.conv1/data.5/pinerr.tpsslog -detach_reattach -follow_execv -tool_load_option deepbind -t64 /opt/intel/oneapi/vtune/2023.1.0/lib64/libtpsstool.so -t /opt/intel/oneapi/vtune/2023.1.0/lib32/libtpsstool.so -server_name tpss_ipc.3893268 -prd_dir /opt/intel/oneapi/vtune/2023.1.0 -- ./main 2022012388
846 [22535073507200] INFO perfrun.launcher <> - ProcessCreator object was created
847 [22535073507200] INFO perfrun.launcher <> - Launcher: the process was started in suspend mode
852 [22534930032320] WARN perfrun.system <> - Could not do anything with /sys/kernel/debug/kvm: boost::filesystem::status: Permission denied: "/sys/kernel/debug/kvm", at file: vcs/perfrun1/plugins/system/src/trace_writer.cpp:787
852 [22534930032320] WARN perfrun.system <> - Folder "/var/run/libvirt/qemu/"doesn't exist, at file: vcs/perfrun1/plugins/system/src/trace_writer.cpp:800
852 [22534930032320] INFO perfrun.itt <> - start itt controller for pid #3893364
852 [22534930032320] INFO perfrun.perfcollector <> - attaching to pid: 3893364, collect mode: 1, rc modes: 1
866 [22534912681664] WARN perfrun.perfcollector <> - Perf stat trace pipe capacity: read = 1048576, write = 1048576, at file: vcs/perfrun1/plugins/perfcollector/src/profiler.cpp:765
875 [22534912681664] INFO perfrun.sdk <> - runCmd: /opt/intel/oneapi/vtune/2023.1.0/bin64/amplxe-perf stat -v --log-fd 22 --control=fd:23,26 --scale -x ; -p 3893364 -e cpu/event=0x3c,name='CPU_CLK_UNHALTED.THREAD'/Duk,cpu/umask=0x3,name='CPU_CLK_UNHALTED.REF_TSC'/Duk,cpu/event=0xc0,name='INST_RETIRED.ANY'/Duk,cpu/event=0x3c,umask=0x1,name='CPU_CLK_UNHALTED.REF_XCLK'/uk,cpu/event=0x3c,umask=0x2,name='CPU_CLK_UNHALTED.ONE_THREAD_ACTIVE'/uk,cpu/event=0xc7,umask=0x2,name='FP_ARITH_INST_RETIRED.SCALAR_SINGLE'/uk,cpu/event=0xc7,umask=0x8,name='FP_ARITH_INST_RETIRED.128B_PACKED_SINGLE'/uk,cpu/event=0xc7,umask=0x20,name='FP_ARITH_INST_RETIRED.256B_PACKED_SINGLE'/uk,cpu/event=0xc7,umask=0x1,name='FP_ARITH_INST_RETIRED.SCALAR_DOUBLE'/uk,cpu/event=0xc7,umask=0x4,name='FP_ARITH_INST_RETIRED.128B_PACKED_DOUBLE'/uk,cpu/event=0xc7,umask=0x10,name='FP_ARITH_INST_RETIRED.256B_PACKED_DOUBLE'/uk,cpu/event=0xc0,umask=0x2,name='INST_RETIRED.X87'/uk,cpu/event=0xc2,umask=0x2,name='UOPS_RETIRED.RETIRE_SLOTS'/uk /opt/intel/oneapi/vtune/2023.1.0/bin64/amplxe-perf-sync sync sys
876 [22534912681664] INFO perfrun.sdk <> - runCmd started PID 3893392
1016 [22534930032320] INFO perfrun.tpss <> - start tpss controller for pid #3893364
1067 [22535073507200] INFO perfrun.launcher <> - Launcher: all plugins were started
1067 [22535073507200] INFO perfrun.launcher <> - DirectoryMonitor object was created
1067 [22535073507200] INFO perfrun.launcher <> - DirectoryMonitor: a callback was added
1067 [22535073507200] INFO perfrun.launcher <> - DirectoryMonitor was started with pingTime = 1000
1067 [22535073507200] INFO perfrun.launcher <> - DeadlineTimer is going to be constructed
1067 [22535073507200] INFO perfrun.launcher <> - DeadlineTimer: a callback was added
1069 [22535073507200] INFO perfrun.launcher <> - Launcher: resume the profiled application and  wait its termination or stop command
11352 [22535073507200] INFO perfrun.launcher <> - Launcher: the profiled application was terminated  with exit code = 0
11392 [22534930032320] INFO perfrun.itt <> - detach itt controller
11392 [22534930032320] INFO perfrun.itt <> - detach itt controller done
11393 [22534912681664] INFO perfrun.perfcollector <> - Monitor: runCmd RC = true
11394 [22534930032320] INFO perfrun.perfcollector <> - Monitor: state = 3, error = 1
11394 [22534930032320] INFO perfrun.tpss <> - stop tpss controller
11396 [22534930032320] INFO perfrun.sdk <> - De-allocating TMU: /home/course/hpc/users/2022012388/exp8/vtune_result.conv1/data.5/systemcollector-3893268-conv1.sc
11396 [22534930032320] INFO perfrun.system <> - closed the system trace file: /home/course/hpc/users/2022012388/exp8/vtune_result.conv1/data.5/systemcollector-3893268-conv1.sc
11396 [22535073507200] INFO perfrun.launcher <> - Launcher: all plugins were stopped.
11396 [22535073507200] INFO perfrun.launcher <> - DeadlineTimer is going to be destroyed
11397 [22535073507200] INFO perfrun.launcher <> - DeadlineTimer was destroyed
11397 [22535073507200] INFO perfrun.launcher <> - DirectoryMonitor object was destroyed
11397 [22535073507200] WARN perfrun.launcher <> - Stop command is ignored because it is received when collection is already stopped, at file: vcs/perfrun1/launcher/src/command_handler.cpp:226
11398 [22535073507200] INFO perfrun.launcher <> - Application exit code: 0
11398 [22535073507200] INFO perfrun.launcher <> - Exit code: 0
