13 [22961403484032] INFO perfrun.launcher <> - Launcher main begin
15 [22961403484032] INFO perfrun.launcher <> - MessageCatalogInit finished
15 [22961403484032] INFO perfrun.launcher <> - Launcher instance created
15 [22961403484032] INFO perfrun.launcher <> - argc = 7; cmdline = /opt/intel/oneapi/vtune/2023.1.0/bin64/amplxe-runss --ui-output-format xml --ui-output-fd 5 --option-file /home/course/hpc/users/2022012388/exp8/result.conv1/config/runss.options.9 
203 [22961403484032] INFO perfrun.launcher <> - create msngr2::ICliToolContext
204 [22961403484032] INFO perfrun.launcher <> - create file finder object
204 [22961403484032] INFO perfrun.launcher <> - create a result directory: pattern = /home/course/hpc/users/2022012388/exp8/result.conv1 pid = 4294967295
206 [22961403484032] INFO perfrun.sdk <> - checked that the directory /home/course/hpc/users/2022012388/exp8/result.conv1 is a local directory
206 [22961403484032] INFO perfrun.sdk <> - the directory /home/course/hpc/users/2022012388/exp8/result.conv1 is located on a share or its FS ID is unknown 26985
206 [22961403484032] INFO perfrun.sdk <> - checked that the directory /tmp/amplxe-tmp-2022012388 is a local directory
206 [22961403484032] INFO perfrun.sdk <> - the directory /tmp/amplxe-tmp-2022012388 is located on a share or its FS ID is unknown 2035054128
207 [22961403484032] INFO perfrun.launcher <> - create data directory = /home/course/hpc/users/2022012388/exp8/result.conv1/data.9
208 [22961403484032] INFO perfrun.launcher <> - Creating the master collection flag
208 [22961403484032] INFO perfrun.launcher <> - Done creating the master collection flag
211 [22961260062400] INFO perfrun.launcher <> - plugin [remoteplug] was disabled because it doesn't support the given collection type.
211 [22961260062400] INFO perfrun.sdk <> - Allocating TMU :/home/course/hpc/users/2022012388/exp8/result.conv1/data.9/systemcollector-3881785-conv1.sc
212 [22961260062400] INFO perfrun.launcher <> - plugin [vdso] was disabled because it doesn't support the given collection type.
212 [22961260062400] INFO perfrun.launcher <> - plugin [ptracecollector] was disabled because it doesn't support the given collection type.
212 [22961260062400] INFO perfrun.launcher <> - plugin [gpu] was disabled because it doesn't support the given collection type.
212 [22961260062400] INFO perfrun.launcher <> - plugin [] was disabled because it doesn't support the given collection type.
212 [22961260062400] INFO perfrun.launcher <> - plugin [] was disabled because it doesn't support the given collection type.
212 [22961260062400] INFO perfrun.launcher <> - plugin [] was disabled because it doesn't support the given collection type.
212 [22961260062400] INFO perfrun.mrte <> - system-wide mode is 0
212 [22961260062400] INFO perfrun.mrte <> - Getting  mrte profiling environment ...
226 [22961260062400] INFO perfrun.mrte <> - INTEL_MRTE_DATA_DIR=/home/course/hpc/users/2022012388/exp8/result.conv1/data.9
226 [22961260062400] INFO perfrun.mrte <> - INTEL_MRTE_HOST_NAME=conv1
226 [22961260062400] INFO perfrun.mrte <> - JAVA_TOOL_OPTIONS=-agentlib:amplxe_tpssmrte_javaprof_1.0 -Dsun.boot.library.path=/opt/intel/oneapi/vtune/2023.1.0/lib32/runtime:/opt/intel/oneapi/vtune/2023.1.0/lib64/runtime
226 [22961260062400] INFO perfrun.mrte <> - LD_LIBRARY_PATH=/opt/intel/oneapi/vtune/2023.1.0/lib32/runtime:/opt/intel/oneapi/vtune/2023.1.0/lib64/runtime:/opt/intel/oneapi/tbb/2021.5.1/env/../lib/intel64/gcc4.8:/opt/intel/oneapi/mpi/2021.5.1//libfabric/lib:/opt/intel/oneapi/mpi/2021.5.1//lib/release:/opt/intel/oneapi/mpi/2021.5.1//lib:/opt/intel/oneapi/mkl/2022.0.2/lib/intel64:/opt/intel/oneapi/itac/2021.5.0/slib:/opt/intel/oneapi/debugger/2021.5.0/gdb/intel64/lib:/opt/intel/oneapi/debugger/2021.5.0/libipt/intel64/lib:/opt/intel/oneapi/debugger/2021.5.0/dep/lib:/opt/intel/oneapi/compiler/2022.0.2/linux/lib:/opt/intel/oneapi/compiler/2022.0.2/linux/lib/x64:/opt/intel/oneapi/compiler/2022.0.2/linux/lib/oclfpga/host/linux64/lib:/opt/intel/oneapi/compiler/2022.0.2/linux/compiler/lib/intel64_lin
226 [22961260062400] INFO perfrun.mrte <> - CORECLR_ENABLE_PROFILING=1
226 [22961260062400] INFO perfrun.mrte <> - CORECLR_PROFILER={AA5E4821-E3B1-479c-B7FF-5AD047D22CED}
226 [22961260062400] INFO perfrun.mrte <> - CORECLR_PROFILER_PATH=/opt/intel/oneapi/vtune/2023.1.0/lib64/libamplxe_samplingmrte_clrprof_1.0.so
226 [22961260062400] INFO perfrun.mrte <> - INTEL_MRTE_PROFILER_MODE=mixed
226 [22961260062400] INFO perfrun.mrte <> - Data directory: /home/course/hpc/users/2022012388/exp8/result.conv1/data.9
226 [22961260062400] INFO perfrun.mrte <> - Mrte plugin is initialized
226 [22961260062400] INFO perfrun.launcher <> - plugin [emon] was disabled because it doesn't support the given collection type.
226 [22961260062400] INFO perfrun.launcher <> - plugin [cuscol] was disabled because it doesn't support the given collection type.
226 [22961260062400] INFO perfrun.launcher <> - plugin [stdsrc] was disabled because it doesn't support the given collection type.
226 [22961260062400] INFO perfrun.launcher <> - plugin [sep] was disabled because it doesn't support the given collection type.
226 [22961260062400] INFO perfrun.launcher <> - plugin [vtsspp] was disabled because it doesn't support the given collection type.
226 [22961260062400] INFO perfrun.sdk <> - Reading value (0) from file: /proc/sys/kernel/perf_event_paranoid
226 [22961260062400] INFO perfrun.perfcollector <> - checking access to: /opt/intel/oneapi/vtune/2023.1.0/bin64/amplxe-perf-priv
228 [22961260062400] INFO perfrun.perfcollector <> - cpu: family = 6 model = 79
229 [22961260062400] INFO perfrun.perfcollector <> - dir found: /sys/bus/event_source/devices/software
229 [22961260062400] INFO perfrun.perfcollector <> - format: pmu format subdir doesn't exist
229 [22961260062400] INFO perfrun.perfcollector <> - hwInfo: not set, pmuFam: software
229 [22961260062400] INFO perfrun.perfcollector <> - pmu added: family: software, id: 0
229 [22961260062400] INFO perfrun.perfcollector <> - dir found: /sys/bus/event_source/devices/uncore_imc_5
229 [22961260062400] INFO perfrun.perfcollector <> - format: event config:0-7 mask:0-7
229 [22961260062400] INFO perfrun.perfcollector <> - format: edge config:18 mask:18
229 [22961260062400] INFO perfrun.perfcollector <> - format: inv config:23 mask:23
229 [22961260062400] INFO perfrun.perfcollector <> - format: umask config:8-15 mask:8-15
229 [22961260062400] INFO perfrun.perfcollector <> - format: thresh config:24-31 mask:24-31
229 [22961260062400] INFO perfrun.perfcollector <> - hwInfo: PERF_IMC_PMU_DETAILS
230 [22961260062400] INFO perfrun.perfcollector <> - pmu added: family: uncore_imc, id: 5
230 [22961260062400] INFO perfrun.perfcollector <> - dir found: /sys/bus/event_source/devices/uncore_sbox_2
230 [22961260062400] INFO perfrun.perfcollector <> - format: event config:0-7 mask:0-7
230 [22961260062400] INFO perfrun.perfcollector <> - format: edge config:18 mask:18
230 [22961260062400] INFO perfrun.perfcollector <> - format: inv config:23 mask:23
230 [22961260062400] INFO perfrun.perfcollector <> - format: umask config:8-15 mask:8-15
230 [22961260062400] INFO perfrun.perfcollector <> - format: tid_en config:19 mask:19
230 [22961260062400] INFO perfrun.perfcollector <> - format: thresh config:24-31 mask:24-31
230 [22961260062400] INFO perfrun.perfcollector <> - hwInfo: not set, pmuFam: uncore_sbox
231 [22961260062400] INFO perfrun.perfcollector <> - pmu added: family: uncore_sbox, id: 2
231 [22961260062400] INFO perfrun.perfcollector <> - dir found: /sys/bus/event_source/devices/uncore_cbox_8
231 [22961260062400] INFO perfrun.perfcollector <> - format: event config:0-7 mask:0-7
231 [22961260062400] INFO perfrun.perfcollector <> - format: filter_link config1:6-8 mask:6-8
231 [22961260062400] INFO perfrun.perfcollector <> - format: filter_c6 config1:61 mask:61
231 [22961260062400] INFO perfrun.perfcollector <> - format: edge config:18 mask:18
231 [22961260062400] INFO perfrun.perfcollector <> - format: filter_isoc config1:63 mask:63
231 [22961260062400] INFO perfrun.perfcollector <> - format: filter_tid config1:0-5 mask:0-5
232 [22961260062400] INFO perfrun.perfcollector <> - format: filter_nid config1:32-47 mask:32-47
232 [22961260062400] INFO perfrun.perfcollector <> - format: filter_nc config1:62 mask:62
232 [22961260062400] INFO perfrun.perfcollector <> - format: umask config:8-15 mask:8-15
232 [22961260062400] INFO perfrun.perfcollector <> - format: tid_en config:19 mask:19
232 [22961260062400] INFO perfrun.perfcollector <> - format: thresh config:24-31 mask:24-31
232 [22961260062400] INFO perfrun.perfcollector <> - format: filter_state config1:17-23 mask:17-23
232 [22961260062400] INFO perfrun.perfcollector <> - format: filter_opc config1:52-60 mask:52-60
232 [22961260062400] INFO perfrun.perfcollector <> - hwInfo: PERF_CBOX_PMU_DETAILS
233 [22961260062400] INFO perfrun.perfcollector <> - pmu added: family: uncore_cbox, id: 8
233 [22961260062400] INFO perfrun.perfcollector <> - dir found: /sys/bus/event_source/devices/uncore_cbox_13
233 [22961260062400] INFO perfrun.perfcollector <> - format: event config:0-7 mask:0-7
233 [22961260062400] INFO perfrun.perfcollector <> - format: filter_link config1:6-8 mask:6-8
233 [22961260062400] INFO perfrun.perfcollector <> - format: filter_c6 config1:61 mask:61
233 [22961260062400] INFO perfrun.perfcollector <> - format: edge config:18 mask:18
233 [22961260062400] INFO perfrun.perfcollector <> - format: filter_isoc config1:63 mask:63
233 [22961260062400] INFO perfrun.perfcollector <> - format: filter_tid config1:0-5 mask:0-5
234 [22961260062400] INFO perfrun.perfcollector <> - format: filter_nid config1:32-47 mask:32-47
234 [22961260062400] INFO perfrun.perfcollector <> - format: filter_nc config1:62 mask:62
234 [22961260062400] INFO perfrun.perfcollector <> - format: umask config:8-15 mask:8-15
234 [22961260062400] INFO perfrun.perfcollector <> - format: tid_en config:19 mask:19
234 [22961260062400] INFO perfrun.perfcollector <> - format: thresh config:24-31 mask:24-31
234 [22961260062400] INFO perfrun.perfcollector <> - format: filter_state config1:17-23 mask:17-23
234 [22961260062400] INFO perfrun.perfcollector <> - format: filter_opc config1:52-60 mask:52-60
234 [22961260062400] INFO perfrun.perfcollector <> - hwInfo: PERF_CBOX_PMU_DETAILS
234 [22961260062400] INFO perfrun.perfcollector <> - pmu added: family: uncore_cbox, id: 13
235 [22961260062400] INFO perfrun.perfcollector <> - dir found: /sys/bus/event_source/devices/uncore_r2pcie
235 [22961260062400] INFO perfrun.perfcollector <> - format: event config:0-7 mask:0-7
235 [22961260062400] INFO perfrun.perfcollector <> - format: edge config:18 mask:18
235 [22961260062400] INFO perfrun.perfcollector <> - format: inv config:23 mask:23
235 [22961260062400] INFO perfrun.perfcollector <> - format: umask config:8-15 mask:8-15
235 [22961260062400] INFO perfrun.perfcollector <> - format: thresh config:24-31 mask:24-31
235 [22961260062400] INFO perfrun.perfcollector <> - hwInfo: not set, pmuFam: uncore_r2pcie
236 [22961260062400] INFO perfrun.perfcollector <> - pmu added: family: uncore_r2pcie, id: 0
236 [22961260062400] INFO perfrun.perfcollector <> - dir found: /sys/bus/event_source/devices/uncore_sbox_0
236 [22961260062400] INFO perfrun.perfcollector <> - format: event config:0-7 mask:0-7
236 [22961260062400] INFO perfrun.perfcollector <> - format: edge config:18 mask:18
236 [22961260062400] INFO perfrun.perfcollector <> - format: inv config:23 mask:23
236 [22961260062400] INFO perfrun.perfcollector <> - format: umask config:8-15 mask:8-15
236 [22961260062400] INFO perfrun.perfcollector <> - format: tid_en config:19 mask:19
237 [22961260062400] INFO perfrun.perfcollector <> - format: thresh config:24-31 mask:24-31
237 [22961260062400] INFO perfrun.perfcollector <> - hwInfo: not set, pmuFam: uncore_sbox
237 [22961260062400] INFO perfrun.perfcollector <> - pmu added: family: uncore_sbox, id: 0
237 [22961260062400] INFO perfrun.perfcollector <> - dir found: /sys/bus/event_source/devices/uncore_qpi_1
237 [22961260062400] INFO perfrun.perfcollector <> - format: mask_rnid4 config2:31 mask:31
237 [22961260062400] INFO perfrun.perfcollector <> - format: mask_rnid30 config2:32-35 mask:32-35
238 [22961260062400] INFO perfrun.perfcollector <> - format: match_rnid30 config1:32-35 mask:32-35
238 [22961260062400] INFO perfrun.perfcollector <> - format: event config:0-7,21 mask:0-7,21
238 [22961260062400] INFO perfrun.perfcollector <> - format: match0 config1:0-31 mask:0-31
238 [22961260062400] INFO perfrun.perfcollector <> - format: match_rds config1:48-51 mask:48-51
238 [22961260062400] INFO perfrun.perfcollector <> - format: mask_rds config2:48-51 mask:48-51
238 [22961260062400] INFO perfrun.perfcollector <> - format: edge config:18 mask:18
239 [22961260062400] INFO perfrun.perfcollector <> - format: mask1 config2:32-63 mask:32-63
239 [22961260062400] INFO perfrun.perfcollector <> - format: match_dnid config1:13-17 mask:13-17
239 [22961260062400] INFO perfrun.perfcollector <> - format: mask_dnid config2:13-17 mask:13-17
239 [22961260062400] INFO perfrun.perfcollector <> - format: match_vnw config1:3-4 mask:3-4
239 [22961260062400] INFO perfrun.perfcollector <> - format: mask_vnw config2:3-4 mask:3-4
239 [22961260062400] INFO perfrun.perfcollector <> - format: mask_mc config2:9-12 mask:9-12
240 [22961260062400] INFO perfrun.perfcollector <> - format: match1 config1:32-63 mask:32-63
240 [22961260062400] INFO perfrun.perfcollector <> - format: inv config:23 mask:23
240 [22961260062400] INFO perfrun.perfcollector <> - format: umask config:8-15 mask:8-15
240 [22961260062400] INFO perfrun.perfcollector <> - format: match_opc config1:5-8 mask:5-8
240 [22961260062400] INFO perfrun.perfcollector <> - format: mask_opc config2:5-8 mask:5-8
240 [22961260062400] INFO perfrun.perfcollector <> - format: thresh config:24-31 mask:24-31
241 [22961260062400] INFO perfrun.perfcollector <> - format: match_rnid4 config1:31 mask:31
241 [22961260062400] INFO perfrun.perfcollector <> - format: mask0 config2:0-31 mask:0-31
241 [22961260062400] INFO perfrun.perfcollector <> - format: match_mc config1:9-12 mask:9-12
241 [22961260062400] INFO perfrun.perfcollector <> - hwInfo: PERF_QPI_PMU_DETAILS
241 [22961260062400] INFO perfrun.perfcollector <> - pmu added: family: uncore_qpi, id: 1
241 [22961260062400] INFO perfrun.perfcollector <> - dir found: /sys/bus/event_source/devices/uncore_cbox_6
242 [22961260062400] INFO perfrun.perfcollector <> - format: event config:0-7 mask:0-7
242 [22961260062400] INFO perfrun.perfcollector <> - format: filter_link config1:6-8 mask:6-8
242 [22961260062400] INFO perfrun.perfcollector <> - format: filter_c6 config1:61 mask:61
242 [22961260062400] INFO perfrun.perfcollector <> - format: edge config:18 mask:18
242 [22961260062400] INFO perfrun.perfcollector <> - format: filter_isoc config1:63 mask:63
242 [22961260062400] INFO perfrun.perfcollector <> - format: filter_tid config1:0-5 mask:0-5
242 [22961260062400] INFO perfrun.perfcollector <> - format: filter_nid config1:32-47 mask:32-47
243 [22961260062400] INFO perfrun.perfcollector <> - format: filter_nc config1:62 mask:62
243 [22961260062400] INFO perfrun.perfcollector <> - format: umask config:8-15 mask:8-15
243 [22961260062400] INFO perfrun.perfcollector <> - format: tid_en config:19 mask:19
243 [22961260062400] INFO perfrun.perfcollector <> - format: thresh config:24-31 mask:24-31
243 [22961260062400] INFO perfrun.perfcollector <> - format: filter_state config1:17-23 mask:17-23
243 [22961260062400] INFO perfrun.perfcollector <> - format: filter_opc config1:52-60 mask:52-60
243 [22961260062400] INFO perfrun.perfcollector <> - hwInfo: PERF_CBOX_PMU_DETAILS
244 [22961260062400] INFO perfrun.perfcollector <> - pmu added: family: uncore_cbox, id: 6
244 [22961260062400] INFO perfrun.perfcollector <> - dir found: /sys/bus/event_source/devices/uncore_imc_1
244 [22961260062400] INFO perfrun.perfcollector <> - format: event config:0-7 mask:0-7
244 [22961260062400] INFO perfrun.perfcollector <> - format: edge config:18 mask:18
244 [22961260062400] INFO perfrun.perfcollector <> - format: inv config:23 mask:23
245 [22961260062400] INFO perfrun.perfcollector <> - format: umask config:8-15 mask:8-15
245 [22961260062400] INFO perfrun.perfcollector <> - format: thresh config:24-31 mask:24-31
245 [22961260062400] INFO perfrun.perfcollector <> - hwInfo: PERF_IMC_PMU_DETAILS
245 [22961260062400] INFO perfrun.perfcollector <> - pmu added: family: uncore_imc, id: 1
245 [22961260062400] INFO perfrun.perfcollector <> - dir found: /sys/bus/event_source/devices/power
245 [22961260062400] INFO perfrun.perfcollector <> - format: event config:0-7 mask:0-7
245 [22961260062400] INFO perfrun.perfcollector <> - hwInfo: not set, pmuFam: power
246 [22961260062400] INFO perfrun.perfcollector <> - pmu added: family: power, id: 0
246 [22961260062400] INFO perfrun.perfcollector <> - dir found: /sys/bus/event_source/devices/uncore_cbox_11
246 [22961260062400] INFO perfrun.perfcollector <> - format: event config:0-7 mask:0-7
246 [22961260062400] INFO perfrun.perfcollector <> - format: filter_link config1:6-8 mask:6-8
246 [22961260062400] INFO perfrun.perfcollector <> - format: filter_c6 config1:61 mask:61
247 [22961260062400] INFO perfrun.perfcollector <> - format: edge config:18 mask:18
247 [22961260062400] INFO perfrun.perfcollector <> - format: filter_isoc config1:63 mask:63
247 [22961260062400] INFO perfrun.perfcollector <> - format: filter_tid config1:0-5 mask:0-5
247 [22961260062400] INFO perfrun.perfcollector <> - format: filter_nid config1:32-47 mask:32-47
247 [22961260062400] INFO perfrun.perfcollector <> - format: filter_nc config1:62 mask:62
247 [22961260062400] INFO perfrun.perfcollector <> - format: umask config:8-15 mask:8-15
248 [22961260062400] INFO perfrun.perfcollector <> - format: tid_en config:19 mask:19
248 [22961260062400] INFO perfrun.perfcollector <> - format: thresh config:24-31 mask:24-31
248 [22961260062400] INFO perfrun.perfcollector <> - format: filter_state config1:17-23 mask:17-23
248 [22961260062400] INFO perfrun.perfcollector <> - format: filter_opc config1:52-60 mask:52-60
248 [22961260062400] INFO perfrun.perfcollector <> - hwInfo: PERF_CBOX_PMU_DETAILS
248 [22961260062400] INFO perfrun.perfcollector <> - pmu added: family: uncore_cbox, id: 11
249 [22961260062400] INFO perfrun.perfcollector <> - dir found: /sys/bus/event_source/devices/uncore_cbox_4
249 [22961260062400] INFO perfrun.perfcollector <> - format: event config:0-7 mask:0-7
249 [22961260062400] INFO perfrun.perfcollector <> - format: filter_link config1:6-8 mask:6-8
249 [22961260062400] INFO perfrun.perfcollector <> - format: filter_c6 config1:61 mask:61
249 [22961260062400] INFO perfrun.perfcollector <> - format: edge config:18 mask:18
250 [22961260062400] INFO perfrun.perfcollector <> - format: filter_isoc config1:63 mask:63
250 [22961260062400] INFO perfrun.perfcollector <> - format: filter_tid config1:0-5 mask:0-5
250 [22961260062400] INFO perfrun.perfcollector <> - format: filter_nid config1:32-47 mask:32-47
250 [22961260062400] INFO perfrun.perfcollector <> - format: filter_nc config1:62 mask:62
250 [22961260062400] INFO perfrun.perfcollector <> - format: umask config:8-15 mask:8-15
250 [22961260062400] INFO perfrun.perfcollector <> - format: tid_en config:19 mask:19
251 [22961260062400] INFO perfrun.perfcollector <> - format: thresh config:24-31 mask:24-31
251 [22961260062400] INFO perfrun.perfcollector <> - format: filter_state config1:17-23 mask:17-23
251 [22961260062400] INFO perfrun.perfcollector <> - format: filter_opc config1:52-60 mask:52-60
251 [22961260062400] INFO perfrun.perfcollector <> - hwInfo: PERF_CBOX_PMU_DETAILS
251 [22961260062400] INFO perfrun.perfcollector <> - pmu added: family: uncore_cbox, id: 4
251 [22961260062400] INFO perfrun.perfcollector <> - dir found: /sys/bus/event_source/devices/uprobe
252 [22961260062400] INFO perfrun.perfcollector <> - format: ref_ctr_offset config:32-63 mask:32-63
252 [22961260062400] INFO perfrun.perfcollector <> - format: retprobe config:0 mask:0
252 [22961260062400] INFO perfrun.perfcollector <> - hwInfo: not set, pmuFam: uprobe
252 [22961260062400] INFO perfrun.perfcollector <> - pmu added: family: uprobe, id: 0
252 [22961260062400] INFO perfrun.perfcollector <> - dir found: /sys/bus/event_source/devices/intel_bts
252 [22961260062400] INFO perfrun.perfcollector <> - format: pmu format subdir doesn't exist
252 [22961260062400] INFO perfrun.perfcollector <> - hwInfo: not set, pmuFam: intel_bts
252 [22961260062400] INFO perfrun.perfcollector <> - pmu added: family: intel_bts, id: 0
253 [22961260062400] INFO perfrun.perfcollector <> - dir found: /sys/bus/event_source/devices/cpu
253 [22961260062400] INFO perfrun.perfcollector <> - format: event config:0-7 mask:0-7
253 [22961260062400] INFO perfrun.perfcollector <> - format: pc config:19 mask:19
253 [22961260062400] INFO perfrun.perfcollector <> - format: in_tx config:32 mask:32
253 [22961260062400] INFO perfrun.perfcollector <> - format: edge config:18 mask:18
254 [22961260062400] INFO perfrun.perfcollector <> - format: any config:21 mask:21
254 [22961260062400] INFO perfrun.perfcollector <> - format: offcore_rsp config1:0-63 mask:0-63
254 [22961260062400] INFO perfrun.perfcollector <> - format: in_tx_cp config:33 mask:33
254 [22961260062400] INFO perfrun.perfcollector <> - format: ldlat config1:0-15 mask:0-15
254 [22961260062400] INFO perfrun.perfcollector <> - format: inv config:23 mask:23
254 [22961260062400] INFO perfrun.perfcollector <> - format: umask config:8-15 mask:8-15
255 [22961260062400] INFO perfrun.perfcollector <> - format: cmask config:24-31 mask:24-31
255 [22961260062400] INFO perfrun.perfcollector <> - hwInfo: PERF_CPU_PMU_DETAILS
255 [22961260062400] INFO perfrun.perfcollector <> - pmu added: family: cpu, id: 0
255 [22961260062400] INFO perfrun.perfcollector <> - dir found: /sys/bus/event_source/devices/uncore_r3qpi_0
255 [22961260062400] INFO perfrun.perfcollector <> - format: event config:0-7 mask:0-7
256 [22961260062400] INFO perfrun.perfcollector <> - format: edge config:18 mask:18
256 [22961260062400] INFO perfrun.perfcollector <> - format: inv config:23 mask:23
256 [22961260062400] INFO perfrun.perfcollector <> - format: umask config:8-15 mask:8-15
256 [22961260062400] INFO perfrun.perfcollector <> - format: thresh config:24-31 mask:24-31
256 [22961260062400] INFO perfrun.perfcollector <> - hwInfo: not set, pmuFam: uncore_r3qpi
256 [22961260062400] INFO perfrun.perfcollector <> - pmu added: family: uncore_r3qpi, id: 0
256 [22961260062400] INFO perfrun.perfcollector <> - dir found: /sys/bus/event_source/devices/cstate_core
257 [22961260062400] INFO perfrun.perfcollector <> - format: event config:0-63 mask:0-63
257 [22961260062400] INFO perfrun.perfcollector <> - hwInfo: not set, pmuFam: cstate_core
257 [22961260062400] INFO perfrun.perfcollector <> - pmu added: family: cstate_core, id: 0
257 [22961260062400] INFO perfrun.perfcollector <> - dir found: /sys/bus/event_source/devices/uncore_cbox_2
258 [22961260062400] INFO perfrun.perfcollector <> - format: event config:0-7 mask:0-7
258 [22961260062400] INFO perfrun.perfcollector <> - format: filter_link config1:6-8 mask:6-8
258 [22961260062400] INFO perfrun.perfcollector <> - format: filter_c6 config1:61 mask:61
258 [22961260062400] INFO perfrun.perfcollector <> - format: edge config:18 mask:18
258 [22961260062400] INFO perfrun.perfcollector <> - format: filter_isoc config1:63 mask:63
258 [22961260062400] INFO perfrun.perfcollector <> - format: filter_tid config1:0-5 mask:0-5
259 [22961260062400] INFO perfrun.perfcollector <> - format: filter_nid config1:32-47 mask:32-47
259 [22961260062400] INFO perfrun.perfcollector <> - format: filter_nc config1:62 mask:62
259 [22961260062400] INFO perfrun.perfcollector <> - format: umask config:8-15 mask:8-15
259 [22961260062400] INFO perfrun.perfcollector <> - format: tid_en config:19 mask:19
259 [22961260062400] INFO perfrun.perfcollector <> - format: thresh config:24-31 mask:24-31
259 [22961260062400] INFO perfrun.perfcollector <> - format: filter_state config1:17-23 mask:17-23
260 [22961260062400] INFO perfrun.perfcollector <> - format: filter_opc config1:52-60 mask:52-60
260 [22961260062400] INFO perfrun.perfcollector <> - hwInfo: PERF_CBOX_PMU_DETAILS
260 [22961260062400] INFO perfrun.perfcollector <> - pmu added: family: uncore_cbox, id: 2
260 [22961260062400] INFO perfrun.perfcollector <> - dir found: /sys/bus/event_source/devices/breakpoint
260 [22961260062400] INFO perfrun.perfcollector <> - format: pmu format subdir doesn't exist
260 [22961260062400] INFO perfrun.perfcollector <> - hwInfo: not set, pmuFam: breakpoint
260 [22961260062400] INFO perfrun.perfcollector <> - pmu added: family: breakpoint, id: 0
260 [22961260062400] INFO perfrun.perfcollector <> - dir found: /sys/bus/event_source/devices/uncore_ha_0
261 [22961260062400] INFO perfrun.perfcollector <> - format: event config:0-7 mask:0-7
261 [22961260062400] INFO perfrun.perfcollector <> - format: edge config:18 mask:18
261 [22961260062400] INFO perfrun.perfcollector <> - format: inv config:23 mask:23
261 [22961260062400] INFO perfrun.perfcollector <> - format: umask config:8-15 mask:8-15
261 [22961260062400] INFO perfrun.perfcollector <> - format: thresh config:24-31 mask:24-31
261 [22961260062400] INFO perfrun.perfcollector <> - hwInfo: not set, pmuFam: uncore_ha
262 [22961260062400] INFO perfrun.perfcollector <> - pmu added: family: uncore_ha, id: 0
262 [22961260062400] INFO perfrun.perfcollector <> - dir found: /sys/bus/event_source/devices/uncore_cbox_0
262 [22961260062400] INFO perfrun.perfcollector <> - format: event config:0-7 mask:0-7
262 [22961260062400] INFO perfrun.perfcollector <> - format: filter_link config1:6-8 mask:6-8
262 [22961260062400] INFO perfrun.perfcollector <> - format: filter_c6 config1:61 mask:61
263 [22961260062400] INFO perfrun.perfcollector <> - format: edge config:18 mask:18
263 [22961260062400] INFO perfrun.perfcollector <> - format: filter_isoc config1:63 mask:63
263 [22961260062400] INFO perfrun.perfcollector <> - format: filter_tid config1:0-5 mask:0-5
263 [22961260062400] INFO perfrun.perfcollector <> - format: filter_nid config1:32-47 mask:32-47
263 [22961260062400] INFO perfrun.perfcollector <> - format: filter_nc config1:62 mask:62
263 [22961260062400] INFO perfrun.perfcollector <> - format: umask config:8-15 mask:8-15
263 [22961260062400] INFO perfrun.perfcollector <> - format: tid_en config:19 mask:19
264 [22961260062400] INFO perfrun.perfcollector <> - format: thresh config:24-31 mask:24-31
264 [22961260062400] INFO perfrun.perfcollector <> - format: filter_state config1:17-23 mask:17-23
264 [22961260062400] INFO perfrun.perfcollector <> - format: filter_opc config1:52-60 mask:52-60
264 [22961260062400] INFO perfrun.perfcollector <> - hwInfo: PERF_CBOX_PMU_DETAILS
264 [22961260062400] INFO perfrun.perfcollector <> - pmu added: family: uncore_cbox, id: 0
264 [22961260062400] INFO perfrun.perfcollector <> - dir found: /sys/bus/event_source/devices/tracepoint
264 [22961260062400] INFO perfrun.perfcollector <> - format: pmu format subdir doesn't exist
264 [22961260062400] INFO perfrun.perfcollector <> - hwInfo: not set, pmuFam: tracepoint
265 [22961260062400] INFO perfrun.perfcollector <> - pmu added: family: tracepoint, id: 0
265 [22961260062400] INFO perfrun.perfcollector <> - dir found: /sys/bus/event_source/devices/uncore_sbox_3
265 [22961260062400] INFO perfrun.perfcollector <> - format: event config:0-7 mask:0-7
265 [22961260062400] INFO perfrun.perfcollector <> - format: edge config:18 mask:18
265 [22961260062400] INFO perfrun.perfcollector <> - format: inv config:23 mask:23
266 [22961260062400] INFO perfrun.perfcollector <> - format: umask config:8-15 mask:8-15
266 [22961260062400] INFO perfrun.perfcollector <> - format: tid_en config:19 mask:19
266 [22961260062400] INFO perfrun.perfcollector <> - format: thresh config:24-31 mask:24-31
266 [22961260062400] INFO perfrun.perfcollector <> - hwInfo: not set, pmuFam: uncore_sbox
266 [22961260062400] INFO perfrun.perfcollector <> - pmu added: family: uncore_sbox, id: 3
266 [22961260062400] INFO perfrun.perfcollector <> - dir found: /sys/bus/event_source/devices/uncore_cbox_9
267 [22961260062400] INFO perfrun.perfcollector <> - format: event config:0-7 mask:0-7
267 [22961260062400] INFO perfrun.perfcollector <> - format: filter_link config1:6-8 mask:6-8
267 [22961260062400] INFO perfrun.perfcollector <> - format: filter_c6 config1:61 mask:61
267 [22961260062400] INFO perfrun.perfcollector <> - format: edge config:18 mask:18
268 [22961260062400] INFO perfrun.perfcollector <> - format: filter_isoc config1:63 mask:63
268 [22961260062400] INFO perfrun.perfcollector <> - format: filter_tid config1:0-5 mask:0-5
268 [22961260062400] INFO perfrun.perfcollector <> - format: filter_nid config1:32-47 mask:32-47
268 [22961260062400] INFO perfrun.perfcollector <> - format: filter_nc config1:62 mask:62
268 [22961260062400] INFO perfrun.perfcollector <> - format: umask config:8-15 mask:8-15
269 [22961260062400] INFO perfrun.perfcollector <> - format: tid_en config:19 mask:19
269 [22961260062400] INFO perfrun.perfcollector <> - format: thresh config:24-31 mask:24-31
269 [22961260062400] INFO perfrun.perfcollector <> - format: filter_state config1:17-23 mask:17-23
269 [22961260062400] INFO perfrun.perfcollector <> - format: filter_opc config1:52-60 mask:52-60
269 [22961260062400] INFO perfrun.perfcollector <> - hwInfo: PERF_CBOX_PMU_DETAILS
269 [22961260062400] INFO perfrun.perfcollector <> - pmu added: family: uncore_cbox, id: 9
270 [22961260062400] INFO perfrun.perfcollector <> - dir found: /sys/bus/event_source/devices/cstate_pkg
270 [22961260062400] INFO perfrun.perfcollector <> - format: event config:0-63 mask:0-63
270 [22961260062400] INFO perfrun.perfcollector <> - hwInfo: not set, pmuFam: cstate_pkg
270 [22961260062400] INFO perfrun.perfcollector <> - pmu added: family: cstate_pkg, id: 0
270 [22961260062400] INFO perfrun.perfcollector <> - dir found: /sys/bus/event_source/devices/uncore_imc_4
271 [22961260062400] INFO perfrun.perfcollector <> - format: event config:0-7 mask:0-7
271 [22961260062400] INFO perfrun.perfcollector <> - format: edge config:18 mask:18
271 [22961260062400] INFO perfrun.perfcollector <> - format: inv config:23 mask:23
271 [22961260062400] INFO perfrun.perfcollector <> - format: umask config:8-15 mask:8-15
271 [22961260062400] INFO perfrun.perfcollector <> - format: thresh config:24-31 mask:24-31
271 [22961260062400] INFO perfrun.perfcollector <> - hwInfo: PERF_IMC_PMU_DETAILS
272 [22961260062400] INFO perfrun.perfcollector <> - pmu added: family: uncore_imc, id: 4
272 [22961260062400] INFO perfrun.perfcollector <> - dir found: /sys/bus/event_source/devices/uncore_ubox
272 [22961260062400] INFO perfrun.perfcollector <> - format: event config:0-7 mask:0-7
272 [22961260062400] INFO perfrun.perfcollector <> - format: edge config:18 mask:18
272 [22961260062400] INFO perfrun.perfcollector <> - format: inv config:23 mask:23
272 [22961260062400] INFO perfrun.perfcollector <> - format: umask config:8-15 mask:8-15
272 [22961260062400] INFO perfrun.perfcollector <> - format: thresh config:24-28 mask:24-28
272 [22961260062400] INFO perfrun.perfcollector <> - hwInfo: not set, pmuFam: uncore_ubox
273 [22961260062400] INFO perfrun.perfcollector <> - pmu added: family: uncore_ubox, id: 0
273 [22961260062400] INFO perfrun.perfcollector <> - dir found: /sys/bus/event_source/devices/uncore_sbox_1
273 [22961260062400] INFO perfrun.perfcollector <> - format: event config:0-7 mask:0-7
273 [22961260062400] INFO perfrun.perfcollector <> - format: edge config:18 mask:18
273 [22961260062400] INFO perfrun.perfcollector <> - format: inv config:23 mask:23
273 [22961260062400] INFO perfrun.perfcollector <> - format: umask config:8-15 mask:8-15
274 [22961260062400] INFO perfrun.perfcollector <> - format: tid_en config:19 mask:19
274 [22961260062400] INFO perfrun.perfcollector <> - format: thresh config:24-31 mask:24-31
274 [22961260062400] INFO perfrun.perfcollector <> - hwInfo: not set, pmuFam: uncore_sbox
274 [22961260062400] INFO perfrun.perfcollector <> - pmu added: family: uncore_sbox, id: 1
274 [22961260062400] INFO perfrun.perfcollector <> - dir found: /sys/bus/event_source/devices/uncore_cbox_7
274 [22961260062400] INFO perfrun.perfcollector <> - format: event config:0-7 mask:0-7
274 [22961260062400] INFO perfrun.perfcollector <> - format: filter_link config1:6-8 mask:6-8
275 [22961260062400] INFO perfrun.perfcollector <> - format: filter_c6 config1:61 mask:61
275 [22961260062400] INFO perfrun.perfcollector <> - format: edge config:18 mask:18
275 [22961260062400] INFO perfrun.perfcollector <> - format: filter_isoc config1:63 mask:63
275 [22961260062400] INFO perfrun.perfcollector <> - format: filter_tid config1:0-5 mask:0-5
275 [22961260062400] INFO perfrun.perfcollector <> - format: filter_nid config1:32-47 mask:32-47
275 [22961260062400] INFO perfrun.perfcollector <> - format: filter_nc config1:62 mask:62
276 [22961260062400] INFO perfrun.perfcollector <> - format: umask config:8-15 mask:8-15
276 [22961260062400] INFO perfrun.perfcollector <> - format: tid_en config:19 mask:19
276 [22961260062400] INFO perfrun.perfcollector <> - format: thresh config:24-31 mask:24-31
276 [22961260062400] INFO perfrun.perfcollector <> - format: filter_state config1:17-23 mask:17-23
276 [22961260062400] INFO perfrun.perfcollector <> - format: filter_opc config1:52-60 mask:52-60
276 [22961260062400] INFO perfrun.perfcollector <> - hwInfo: PERF_CBOX_PMU_DETAILS
276 [22961260062400] INFO perfrun.perfcollector <> - pmu added: family: uncore_cbox, id: 7
276 [22961260062400] INFO perfrun.perfcollector <> - dir found: /sys/bus/event_source/devices/uncore_cbox_12
277 [22961260062400] INFO perfrun.perfcollector <> - format: event config:0-7 mask:0-7
277 [22961260062400] INFO perfrun.perfcollector <> - format: filter_link config1:6-8 mask:6-8
277 [22961260062400] INFO perfrun.perfcollector <> - format: filter_c6 config1:61 mask:61
277 [22961260062400] INFO perfrun.perfcollector <> - format: edge config:18 mask:18
277 [22961260062400] INFO perfrun.perfcollector <> - format: filter_isoc config1:63 mask:63
277 [22961260062400] INFO perfrun.perfcollector <> - format: filter_tid config1:0-5 mask:0-5
277 [22961260062400] INFO perfrun.perfcollector <> - format: filter_nid config1:32-47 mask:32-47
278 [22961260062400] INFO perfrun.perfcollector <> - format: filter_nc config1:62 mask:62
278 [22961260062400] INFO perfrun.perfcollector <> - format: umask config:8-15 mask:8-15
278 [22961260062400] INFO perfrun.perfcollector <> - format: tid_en config:19 mask:19
278 [22961260062400] INFO perfrun.perfcollector <> - format: thresh config:24-31 mask:24-31
278 [22961260062400] INFO perfrun.perfcollector <> - format: filter_state config1:17-23 mask:17-23
278 [22961260062400] INFO perfrun.perfcollector <> - format: filter_opc config1:52-60 mask:52-60
278 [22961260062400] INFO perfrun.perfcollector <> - hwInfo: PERF_CBOX_PMU_DETAILS
279 [22961260062400] INFO perfrun.perfcollector <> - pmu added: family: uncore_cbox, id: 12
279 [22961260062400] INFO perfrun.perfcollector <> - dir found: /sys/bus/event_source/devices/kprobe
279 [22961260062400] INFO perfrun.perfcollector <> - format: retprobe config:0 mask:0
279 [22961260062400] INFO perfrun.perfcollector <> - hwInfo: not set, pmuFam: kprobe
279 [22961260062400] INFO perfrun.perfcollector <> - pmu added: family: kprobe, id: 0
279 [22961260062400] INFO perfrun.perfcollector <> - dir found: /sys/bus/event_source/devices/uncore_qpi_0
280 [22961260062400] INFO perfrun.perfcollector <> - format: mask_rnid4 config2:31 mask:31
280 [22961260062400] INFO perfrun.perfcollector <> - format: mask_rnid30 config2:32-35 mask:32-35
280 [22961260062400] INFO perfrun.perfcollector <> - format: match_rnid30 config1:32-35 mask:32-35
280 [22961260062400] INFO perfrun.perfcollector <> - format: event config:0-7,21 mask:0-7,21
280 [22961260062400] INFO perfrun.perfcollector <> - format: match0 config1:0-31 mask:0-31
280 [22961260062400] INFO perfrun.perfcollector <> - format: match_rds config1:48-51 mask:48-51
281 [22961260062400] INFO perfrun.perfcollector <> - format: mask_rds config2:48-51 mask:48-51
281 [22961260062400] INFO perfrun.perfcollector <> - format: edge config:18 mask:18
281 [22961260062400] INFO perfrun.perfcollector <> - format: mask1 config2:32-63 mask:32-63
281 [22961260062400] INFO perfrun.perfcollector <> - format: match_dnid config1:13-17 mask:13-17
281 [22961260062400] INFO perfrun.perfcollector <> - format: mask_dnid config2:13-17 mask:13-17
281 [22961260062400] INFO perfrun.perfcollector <> - format: match_vnw config1:3-4 mask:3-4
282 [22961260062400] INFO perfrun.perfcollector <> - format: mask_vnw config2:3-4 mask:3-4
282 [22961260062400] INFO perfrun.perfcollector <> - format: mask_mc config2:9-12 mask:9-12
282 [22961260062400] INFO perfrun.perfcollector <> - format: match1 config1:32-63 mask:32-63
282 [22961260062400] INFO perfrun.perfcollector <> - format: inv config:23 mask:23
282 [22961260062400] INFO perfrun.perfcollector <> - format: umask config:8-15 mask:8-15
282 [22961260062400] INFO perfrun.perfcollector <> - format: match_opc config1:5-8 mask:5-8
283 [22961260062400] INFO perfrun.perfcollector <> - format: mask_opc config2:5-8 mask:5-8
283 [22961260062400] INFO perfrun.perfcollector <> - format: thresh config:24-31 mask:24-31
283 [22961260062400] INFO perfrun.perfcollector <> - format: match_rnid4 config1:31 mask:31
283 [22961260062400] INFO perfrun.perfcollector <> - format: mask0 config2:0-31 mask:0-31
283 [22961260062400] INFO perfrun.perfcollector <> - format: match_mc config1:9-12 mask:9-12
283 [22961260062400] INFO perfrun.perfcollector <> - hwInfo: PERF_QPI_PMU_DETAILS
283 [22961260062400] INFO perfrun.perfcollector <> - pmu added: family: uncore_qpi, id: 0
283 [22961260062400] INFO perfrun.perfcollector <> - dir found: /sys/bus/event_source/devices/uncore_cbox_5
284 [22961260062400] INFO perfrun.perfcollector <> - format: event config:0-7 mask:0-7
284 [22961260062400] INFO perfrun.perfcollector <> - format: filter_link config1:6-8 mask:6-8
284 [22961260062400] INFO perfrun.perfcollector <> - format: filter_c6 config1:61 mask:61
284 [22961260062400] INFO perfrun.perfcollector <> - format: edge config:18 mask:18
284 [22961260062400] INFO perfrun.perfcollector <> - format: filter_isoc config1:63 mask:63
284 [22961260062400] INFO perfrun.perfcollector <> - format: filter_tid config1:0-5 mask:0-5
284 [22961260062400] INFO perfrun.perfcollector <> - format: filter_nid config1:32-47 mask:32-47
284 [22961260062400] INFO perfrun.perfcollector <> - format: filter_nc config1:62 mask:62
285 [22961260062400] INFO perfrun.perfcollector <> - format: umask config:8-15 mask:8-15
285 [22961260062400] INFO perfrun.perfcollector <> - format: tid_en config:19 mask:19
285 [22961260062400] INFO perfrun.perfcollector <> - format: thresh config:24-31 mask:24-31
285 [22961260062400] INFO perfrun.perfcollector <> - format: filter_state config1:17-23 mask:17-23
285 [22961260062400] INFO perfrun.perfcollector <> - format: filter_opc config1:52-60 mask:52-60
285 [22961260062400] INFO perfrun.perfcollector <> - hwInfo: PERF_CBOX_PMU_DETAILS
285 [22961260062400] INFO perfrun.perfcollector <> - pmu added: family: uncore_cbox, id: 5
285 [22961260062400] INFO perfrun.perfcollector <> - dir found: /sys/bus/event_source/devices/uncore_imc_0
285 [22961260062400] INFO perfrun.perfcollector <> - format: event config:0-7 mask:0-7
286 [22961260062400] INFO perfrun.perfcollector <> - format: edge config:18 mask:18
286 [22961260062400] INFO perfrun.perfcollector <> - format: inv config:23 mask:23
286 [22961260062400] INFO perfrun.perfcollector <> - format: umask config:8-15 mask:8-15
286 [22961260062400] INFO perfrun.perfcollector <> - format: thresh config:24-31 mask:24-31
286 [22961260062400] INFO perfrun.perfcollector <> - hwInfo: PERF_IMC_PMU_DETAILS
286 [22961260062400] INFO perfrun.perfcollector <> - pmu added: family: uncore_imc, id: 0
286 [22961260062400] INFO perfrun.perfcollector <> - dir found: /sys/bus/event_source/devices/uncore_cbox_10
286 [22961260062400] INFO perfrun.perfcollector <> - format: event config:0-7 mask:0-7
286 [22961260062400] INFO perfrun.perfcollector <> - format: filter_link config1:6-8 mask:6-8
286 [22961260062400] INFO perfrun.perfcollector <> - format: filter_c6 config1:61 mask:61
287 [22961260062400] INFO perfrun.perfcollector <> - format: edge config:18 mask:18
287 [22961260062400] INFO perfrun.perfcollector <> - format: filter_isoc config1:63 mask:63
287 [22961260062400] INFO perfrun.perfcollector <> - format: filter_tid config1:0-5 mask:0-5
287 [22961260062400] INFO perfrun.perfcollector <> - format: filter_nid config1:32-47 mask:32-47
287 [22961260062400] INFO perfrun.perfcollector <> - format: filter_nc config1:62 mask:62
287 [22961260062400] INFO perfrun.perfcollector <> - format: umask config:8-15 mask:8-15
287 [22961260062400] INFO perfrun.perfcollector <> - format: tid_en config:19 mask:19
287 [22961260062400] INFO perfrun.perfcollector <> - format: thresh config:24-31 mask:24-31
287 [22961260062400] INFO perfrun.perfcollector <> - format: filter_state config1:17-23 mask:17-23
287 [22961260062400] INFO perfrun.perfcollector <> - format: filter_opc config1:52-60 mask:52-60
287 [22961260062400] INFO perfrun.perfcollector <> - hwInfo: PERF_CBOX_PMU_DETAILS
288 [22961260062400] INFO perfrun.perfcollector <> - pmu added: family: uncore_cbox, id: 10
288 [22961260062400] INFO perfrun.perfcollector <> - dir found: /sys/bus/event_source/devices/uncore_pcu
288 [22961260062400] INFO perfrun.perfcollector <> - format: filter_band2 config1:16-23 mask:16-23
288 [22961260062400] INFO perfrun.perfcollector <> - format: event config:0-7 mask:0-7
288 [22961260062400] INFO perfrun.perfcollector <> - format: filter_band0 config1:0-7 mask:0-7
288 [22961260062400] INFO perfrun.perfcollector <> - format: edge config:18 mask:18
288 [22961260062400] INFO perfrun.perfcollector <> - format: occ_invert config:30 mask:30
288 [22961260062400] INFO perfrun.perfcollector <> - format: occ_edge config:14-51 mask:14-51
289 [22961260062400] INFO perfrun.perfcollector <> - format: filter_band3 config1:24-31 mask:24-31
289 [22961260062400] INFO perfrun.perfcollector <> - format: filter_band1 config1:8-15 mask:8-15
289 [22961260062400] INFO perfrun.perfcollector <> - format: inv config:23 mask:23
289 [22961260062400] INFO perfrun.perfcollector <> - format: thresh config:24-28 mask:24-28
289 [22961260062400] INFO perfrun.perfcollector <> - format: occ_sel config:14-15 mask:14-15
289 [22961260062400] INFO perfrun.perfcollector <> - hwInfo: not set, pmuFam: uncore_pcu
289 [22961260062400] INFO perfrun.perfcollector <> - pmu added: family: uncore_pcu, id: 0
289 [22961260062400] INFO perfrun.perfcollector <> - dir found: /sys/bus/event_source/devices/uncore_r3qpi_1
289 [22961260062400] INFO perfrun.perfcollector <> - format: event config:0-7 mask:0-7
289 [22961260062400] INFO perfrun.perfcollector <> - format: edge config:18 mask:18
290 [22961260062400] INFO perfrun.perfcollector <> - format: inv config:23 mask:23
290 [22961260062400] INFO perfrun.perfcollector <> - format: umask config:8-15 mask:8-15
290 [22961260062400] INFO perfrun.perfcollector <> - format: thresh config:24-31 mask:24-31
290 [22961260062400] INFO perfrun.perfcollector <> - hwInfo: not set, pmuFam: uncore_r3qpi
290 [22961260062400] INFO perfrun.perfcollector <> - pmu added: family: uncore_r3qpi, id: 1
290 [22961260062400] INFO perfrun.perfcollector <> - dir found: /sys/bus/event_source/devices/msr
290 [22961260062400] INFO perfrun.perfcollector <> - format: event config:0-63 mask:0-63
290 [22961260062400] INFO perfrun.perfcollector <> - hwInfo: not set, pmuFam: msr
290 [22961260062400] INFO perfrun.perfcollector <> - pmu added: family: msr, id: 0
290 [22961260062400] INFO perfrun.perfcollector <> - dir found: /sys/bus/event_source/devices/uncore_cbox_3
290 [22961260062400] INFO perfrun.perfcollector <> - format: event config:0-7 mask:0-7
291 [22961260062400] INFO perfrun.perfcollector <> - format: filter_link config1:6-8 mask:6-8
291 [22961260062400] INFO perfrun.perfcollector <> - format: filter_c6 config1:61 mask:61
291 [22961260062400] INFO perfrun.perfcollector <> - format: edge config:18 mask:18
291 [22961260062400] INFO perfrun.perfcollector <> - format: filter_isoc config1:63 mask:63
291 [22961260062400] INFO perfrun.perfcollector <> - format: filter_tid config1:0-5 mask:0-5
291 [22961260062400] INFO perfrun.perfcollector <> - format: filter_nid config1:32-47 mask:32-47
291 [22961260062400] INFO perfrun.perfcollector <> - format: filter_nc config1:62 mask:62
291 [22961260062400] INFO perfrun.perfcollector <> - format: umask config:8-15 mask:8-15
291 [22961260062400] INFO perfrun.perfcollector <> - format: tid_en config:19 mask:19
291 [22961260062400] INFO perfrun.perfcollector <> - format: thresh config:24-31 mask:24-31
292 [22961260062400] INFO perfrun.perfcollector <> - format: filter_state config1:17-23 mask:17-23
292 [22961260062400] INFO perfrun.perfcollector <> - format: filter_opc config1:52-60 mask:52-60
292 [22961260062400] INFO perfrun.perfcollector <> - hwInfo: PERF_CBOX_PMU_DETAILS
292 [22961260062400] INFO perfrun.perfcollector <> - pmu added: family: uncore_cbox, id: 3
292 [22961260062400] INFO perfrun.perfcollector <> - dir found: /sys/bus/event_source/devices/intel_pt
292 [22961260062400] INFO perfrun.perfcollector <> - format: ptw config:12 mask:12
292 [22961260062400] INFO perfrun.perfcollector <> - format: event config:31 mask:31
292 [22961260062400] INFO perfrun.perfcollector <> - format: cyc_thresh config:19-22 mask:19-22
293 [22961260062400] INFO perfrun.perfcollector <> - format: pt config:0 mask:0
293 [22961260062400] INFO perfrun.perfcollector <> - format: notnt config:55 mask:55
293 [22961260062400] INFO perfrun.perfcollector <> - format: branch config:13 mask:13
293 [22961260062400] INFO perfrun.perfcollector <> - format: tsc config:10 mask:10
293 [22961260062400] INFO perfrun.perfcollector <> - format: pwr_evt config:4 mask:4
293 [22961260062400] INFO perfrun.perfcollector <> - format: fup_on_ptw config:5 mask:5
293 [22961260062400] INFO perfrun.perfcollector <> - format: cyc config:1 mask:1
294 [22961260062400] INFO perfrun.perfcollector <> - format: noretcomp config:11 mask:11
294 [22961260062400] INFO perfrun.perfcollector <> - format: mtc config:9 mask:9
294 [22961260062400] INFO perfrun.perfcollector <> - format: psb_period config:24-27 mask:24-27
294 [22961260062400] INFO perfrun.perfcollector <> - format: mtc_period config:14-17 mask:14-17
294 [22961260062400] INFO perfrun.perfcollector <> - hwInfo: not set, pmuFam: intel_pt
294 [22961260062400] INFO perfrun.perfcollector <> - pmu added: family: intel_pt, id: 0
294 [22961260062400] INFO perfrun.perfcollector <> - dir found: /sys/bus/event_source/devices/uncore_ha_1
294 [22961260062400] INFO perfrun.perfcollector <> - format: event config:0-7 mask:0-7
295 [22961260062400] INFO perfrun.perfcollector <> - format: edge config:18 mask:18
295 [22961260062400] INFO perfrun.perfcollector <> - format: inv config:23 mask:23
295 [22961260062400] INFO perfrun.perfcollector <> - format: umask config:8-15 mask:8-15
295 [22961260062400] INFO perfrun.perfcollector <> - format: thresh config:24-31 mask:24-31
295 [22961260062400] INFO perfrun.perfcollector <> - hwInfo: not set, pmuFam: uncore_ha
295 [22961260062400] INFO perfrun.perfcollector <> - pmu added: family: uncore_ha, id: 1
295 [22961260062400] INFO perfrun.perfcollector <> - dir found: /sys/bus/event_source/devices/uncore_cbox_1
296 [22961260062400] INFO perfrun.perfcollector <> - format: event config:0-7 mask:0-7
296 [22961260062400] INFO perfrun.perfcollector <> - format: filter_link config1:6-8 mask:6-8
296 [22961260062400] INFO perfrun.perfcollector <> - format: filter_c6 config1:61 mask:61
296 [22961260062400] INFO perfrun.perfcollector <> - format: edge config:18 mask:18
296 [22961260062400] INFO perfrun.perfcollector <> - format: filter_isoc config1:63 mask:63
296 [22961260062400] INFO perfrun.perfcollector <> - format: filter_tid config1:0-5 mask:0-5
296 [22961260062400] INFO perfrun.perfcollector <> - format: filter_nid config1:32-47 mask:32-47
297 [22961260062400] INFO perfrun.perfcollector <> - format: filter_nc config1:62 mask:62
297 [22961260062400] INFO perfrun.perfcollector <> - format: umask config:8-15 mask:8-15
297 [22961260062400] INFO perfrun.perfcollector <> - format: tid_en config:19 mask:19
297 [22961260062400] INFO perfrun.perfcollector <> - format: thresh config:24-31 mask:24-31
297 [22961260062400] INFO perfrun.perfcollector <> - format: filter_state config1:17-23 mask:17-23
297 [22961260062400] INFO perfrun.perfcollector <> - format: filter_opc config1:52-60 mask:52-60
297 [22961260062400] INFO perfrun.perfcollector <> - hwInfo: PERF_CBOX_PMU_DETAILS
298 [22961260062400] INFO perfrun.perfcollector <> - pmu added: family: uncore_cbox, id: 1
298 [22961260062400] INFO perfrun.sdk <> - runCmd: /opt/intel/oneapi/vtune/2023.1.0/bin64/sep -dry-run -sam 1 -ec CPU_CLK_UNHALTED.THREAD,CPU_CLK_UNHALTED.REF_TSC:sample:sa=2400000,INST_RETIRED.ANY:sample:sa=2400000,CPU_CLK_UNHALTED.REF_XCLK,CPU_CLK_UNHALTED.ONE_THREAD_ACTIVE,FP_ARITH_INST_RETIRED.SCALAR_SINGLE,FP_ARITH_INST_RETIRED.128B_PACKED_SINGLE,FP_ARITH_INST_RETIRED.256B_PACKED_SINGLE,FP_ARITH_INST_RETIRED.SCALAR_DOUBLE,FP_ARITH_INST_RETIRED.128B_PACKED_DOUBLE,FP_ARITH_INST_RETIRED.256B_PACKED_DOUBLE,INST_RETIRED.X87,UOPS_RETIRED.RETIRE_SLOTS:sample:sa=2000003 -experimental
298 [22961260062400] INFO perfrun.sdk <> - runCmd started PID 3881908
345 [22961260062400] INFO perfrun.perfcollector <> - SepDryRun RC = true
348 [22961260062400] INFO perfrun.perfcollector <> - DRY_RUN: "PMU type: Core (core)"
348 [22961260062400] INFO perfrun.perfcollector <> - pmu type: cpu
348 [22961260062400] INFO perfrun.perfcollector <> - DRY_RUN: "Group 0:"
348 [22961260062400] INFO perfrun.perfcollector <> - id: 0
348 [22961260062400] INFO perfrun.perfcollector <> - DRY_RUN: "INST_RETIRED.ANY: event id 2"
348 [22961260062400] INFO perfrun.perfcollector <> - eventName: INST_RETIRED.ANY, eventId: 2
348 [22961260062400] INFO perfrun.perfcollector <> - DRY_RUN: "CPU_CLK_UNHALTED.THREAD: event id 0"
348 [22961260062400] INFO perfrun.perfcollector <> - eventName: CPU_CLK_UNHALTED.THREAD, eventId: 0
348 [22961260062400] INFO perfrun.perfcollector <> - DRY_RUN: "CPU_CLK_UNHALTED.REF_TSC: event id 1"
348 [22961260062400] INFO perfrun.perfcollector <> - eventName: CPU_CLK_UNHALTED.REF_TSC, eventId: 1
348 [22961260062400] INFO perfrun.perfcollector <> - DRY_RUN: "FP_ARITH_INST_RETIRED.SCALAR_SINGLE: event id 5"
348 [22961260062400] INFO perfrun.perfcollector <> - eventName: FP_ARITH_INST_RETIRED.SCALAR_SINGLE, eventId: 5
348 [22961260062400] INFO perfrun.perfcollector <> - DRY_RUN: "FP_ARITH_INST_RETIRED.128B_PACKED_SINGLE: event id 6"
348 [22961260062400] INFO perfrun.perfcollector <> - eventName: FP_ARITH_INST_RETIRED.128B_PACKED_SINGLE, eventId: 6
348 [22961260062400] INFO perfrun.perfcollector <> - DRY_RUN: "FP_ARITH_INST_RETIRED.256B_PACKED_SINGLE: event id 7"
348 [22961260062400] INFO perfrun.perfcollector <> - eventName: FP_ARITH_INST_RETIRED.256B_PACKED_SINGLE, eventId: 7
348 [22961260062400] INFO perfrun.perfcollector <> - DRY_RUN: "FP_ARITH_INST_RETIRED.SCALAR_DOUBLE: event id 8"
348 [22961260062400] INFO perfrun.perfcollector <> - eventName: FP_ARITH_INST_RETIRED.SCALAR_DOUBLE, eventId: 8
348 [22961260062400] INFO perfrun.perfcollector <> - DRY_RUN: "CPU_CLK_UNHALTED.REF_XCLK: event id 3"
348 [22961260062400] INFO perfrun.perfcollector <> - eventName: CPU_CLK_UNHALTED.REF_XCLK, eventId: 3
348 [22961260062400] INFO perfrun.perfcollector <> - DRY_RUN: "CPU_CLK_UNHALTED.ONE_THREAD_ACTIVE: event id 4"
348 [22961260062400] INFO perfrun.perfcollector <> - eventName: CPU_CLK_UNHALTED.ONE_THREAD_ACTIVE, eventId: 4
348 [22961260062400] INFO perfrun.perfcollector <> - DRY_RUN: "INST_RETIRED.X87: event id 11"
348 [22961260062400] INFO perfrun.perfcollector <> - eventName: INST_RETIRED.X87, eventId: 11
348 [22961260062400] INFO perfrun.perfcollector <> - DRY_RUN: "UOPS_RETIRED.RETIRE_SLOTS: event id 12"
348 [22961260062400] INFO perfrun.perfcollector <> - eventName: UOPS_RETIRED.RETIRE_SLOTS, eventId: 12
348 [22961260062400] INFO perfrun.perfcollector <> - DRY_RUN: "CCCR"
348 [22961260062400] INFO perfrun.perfcollector <> - DRY_RUN: "reg_type       = 1	event_id       = g	reg_id         = 38f	reg_value      = 7000000ff"
348 [22961260062400] INFO perfrun.perfcollector <> - eventId: g, skip parsing event_id
348 [22961260062400] INFO perfrun.perfcollector <> - Register was ignored: group_id: 0, reg_type: 1, event_id: 4294967295, reg_id: 38f, reg_value: 7000000ff, pmu_name: cpu
348 [22961260062400] INFO perfrun.perfcollector <> - DRY_RUN: "reg_type       = 1	event_id       = g	reg_id         = 390	reg_value      = 7000000ff"
348 [22961260062400] INFO perfrun.perfcollector <> - eventId: g, skip parsing event_id
348 [22961260062400] INFO perfrun.perfcollector <> - Register was ignored: group_id: 0, reg_type: 1, event_id: 4294967295, reg_id: 390, reg_value: 7000000ff, pmu_name: cpu
348 [22961260062400] INFO perfrun.perfcollector <> - DRY_RUN: "reg_type       = 1	event_id       = g	reg_id         = 3f1	reg_value      = 0"
348 [22961260062400] INFO perfrun.perfcollector <> - eventId: g, skip parsing event_id
348 [22961260062400] INFO perfrun.perfcollector <> - Register was ignored: group_id: 0, reg_type: 1, event_id: 4294967295, reg_id: 3f1, reg_value: 0, pmu_name: cpu
348 [22961260062400] INFO perfrun.perfcollector <> - DRY_RUN: "reg_type       = 1	event_id       = g	reg_id         = 1d9	reg_value      = 1800"
348 [22961260062400] INFO perfrun.perfcollector <> - eventId: g, skip parsing event_id
348 [22961260062400] INFO perfrun.perfcollector <> - Register was ignored: group_id: 0, reg_type: 1, event_id: 4294967295, reg_id: 1d9, reg_value: 1800, pmu_name: cpu
349 [22961260062400] INFO perfrun.perfcollector <> - DRY_RUN: "reg_type       = 1	event_id       = g	reg_id         = 38d	reg_value      = bbb"
349 [22961260062400] INFO perfrun.perfcollector <> - eventId: g, skip parsing event_id
349 [22961260062400] INFO perfrun.perfcollector <> - Register was ignored: group_id: 0, reg_type: 1, event_id: 4294967295, reg_id: 38d, reg_value: bbb, pmu_name: cpu
349 [22961260062400] INFO perfrun.perfcollector <> - DRY_RUN: "reg_type       = 1	event_id       = 5	reg_id         = 186	reg_value      = 5302c7"
349 [22961260062400] INFO perfrun.perfcollector <> - Event selector: group_id: 0, reg_type: 1, event_id: 5, reg_id: 186, reg_value: 5302c7, pmu_name: cpu
349 [22961260062400] INFO perfrun.perfcollector <> - DRY_RUN: "reg_type       = 1	event_id       = 6	reg_id         = 187	reg_value      = 5308c7"
349 [22961260062400] INFO perfrun.perfcollector <> - Event selector: group_id: 0, reg_type: 1, event_id: 6, reg_id: 187, reg_value: 5308c7, pmu_name: cpu
349 [22961260062400] INFO perfrun.perfcollector <> - DRY_RUN: "reg_type       = 1	event_id       = 7	reg_id         = 188	reg_value      = 5320c7"
349 [22961260062400] INFO perfrun.perfcollector <> - Event selector: group_id: 0, reg_type: 1, event_id: 7, reg_id: 188, reg_value: 5320c7, pmu_name: cpu
349 [22961260062400] INFO perfrun.perfcollector <> - DRY_RUN: "reg_type       = 1	event_id       = 8	reg_id         = 189	reg_value      = 5301c7"
349 [22961260062400] INFO perfrun.perfcollector <> - Event selector: group_id: 0, reg_type: 1, event_id: 8, reg_id: 189, reg_value: 5301c7, pmu_name: cpu
349 [22961260062400] INFO perfrun.perfcollector <> - DRY_RUN: "reg_type       = 1	event_id       = 3	reg_id         = 18a	reg_value      = 53013c"
349 [22961260062400] INFO perfrun.perfcollector <> - Event selector: group_id: 0, reg_type: 1, event_id: 3, reg_id: 18a, reg_value: 53013c, pmu_name: cpu
349 [22961260062400] INFO perfrun.perfcollector <> - DRY_RUN: "reg_type       = 1	event_id       = 4	reg_id         = 18b	reg_value      = 53023c"
349 [22961260062400] INFO perfrun.perfcollector <> - Event selector: group_id: 0, reg_type: 1, event_id: 4, reg_id: 18b, reg_value: 53023c, pmu_name: cpu
349 [22961260062400] INFO perfrun.perfcollector <> - DRY_RUN: "reg_type       = 1	event_id       = 11	reg_id         = 18c	reg_value      = 5302c0"
349 [22961260062400] INFO perfrun.perfcollector <> - Event selector: group_id: 0, reg_type: 1, event_id: 11, reg_id: 18c, reg_value: 5302c0, pmu_name: cpu
349 [22961260062400] INFO perfrun.perfcollector <> - DRY_RUN: "reg_type       = 1	event_id       = 12	reg_id         = 18d	reg_value      = 5302c2"
349 [22961260062400] INFO perfrun.perfcollector <> - Event selector: group_id: 0, reg_type: 1, event_id: 12, reg_id: 18d, reg_value: 5302c2, pmu_name: cpu
349 [22961260062400] INFO perfrun.perfcollector <> - DRY_RUN: "ESCR"
349 [22961260062400] INFO perfrun.perfcollector <> - DRY_RUN: "reg_type       = 2	event_id       = g	reg_id         = 1c8	reg_value      = 0"
349 [22961260062400] INFO perfrun.perfcollector <> - eventId: g, skip parsing event_id
349 [22961260062400] INFO perfrun.perfcollector <> - DRY_RUN: "DATA"
349 [22961260062400] INFO perfrun.perfcollector <> - DRY_RUN: "reg_type       = 4	event_id       = 2	reg_id         = 309	reg_value      = ffffffdb6100"
349 [22961260062400] INFO perfrun.perfcollector <> - eventId: 2, dataAddr: 309, dataVal: ffffffdb6100
349 [22961260062400] INFO perfrun.perfcollector <> - DRY_RUN: "reg_type       = 4	event_id       = 0	reg_id         = 30a	reg_value      = ffffffe17b7d"
349 [22961260062400] INFO perfrun.perfcollector <> - eventId: 0, dataAddr: 30a, dataVal: ffffffe17b7d
349 [22961260062400] INFO perfrun.perfcollector <> - DRY_RUN: "reg_type       = 4	event_id       = 1	reg_id         = 30b	reg_value      = ffffffdb6100"
349 [22961260062400] INFO perfrun.perfcollector <> - eventId: 1, dataAddr: 30b, dataVal: ffffffdb6100
349 [22961260062400] INFO perfrun.perfcollector <> - DRY_RUN: "reg_type       = 4	event_id       = 5	reg_id         = c1	reg_value      = ffffffe17b7d"
349 [22961260062400] INFO perfrun.perfcollector <> - eventId: 5, dataAddr: c1, dataVal: ffffffe17b7d
349 [22961260062400] INFO perfrun.perfcollector <> - DRY_RUN: "reg_type       = 4	event_id       = 6	reg_id         = c2	reg_value      = ffffffe17b7d"
349 [22961260062400] INFO perfrun.perfcollector <> - eventId: 6, dataAddr: c2, dataVal: ffffffe17b7d
349 [22961260062400] INFO perfrun.perfcollector <> - DRY_RUN: "reg_type       = 4	event_id       = 7	reg_id         = c3	reg_value      = ffffffe17b7d"
349 [22961260062400] INFO perfrun.perfcollector <> - eventId: 7, dataAddr: c3, dataVal: ffffffe17b7d
349 [22961260062400] INFO perfrun.perfcollector <> - DRY_RUN: "reg_type       = 4	event_id       = 8	reg_id         = c4	reg_value      = ffffffe17b7d"
349 [22961260062400] INFO perfrun.perfcollector <> - eventId: 8, dataAddr: c4, dataVal: ffffffe17b7d
349 [22961260062400] INFO perfrun.perfcollector <> - DRY_RUN: "reg_type       = 4	event_id       = 3	reg_id         = c5	reg_value      = fffffffe795d"
349 [22961260062400] INFO perfrun.perfcollector <> - eventId: 3, dataAddr: c5, dataVal: fffffffe795d
349 [22961260062400] INFO perfrun.perfcollector <> - DRY_RUN: "reg_type       = 4	event_id       = 4	reg_id         = c6	reg_value      = fffffffe795d"
349 [22961260062400] INFO perfrun.perfcollector <> - eventId: 4, dataAddr: c6, dataVal: fffffffe795d
349 [22961260062400] INFO perfrun.perfcollector <> - DRY_RUN: "reg_type       = 4	event_id       = 11	reg_id         = c7	reg_value      = ffffffe17b7d"
349 [22961260062400] INFO perfrun.perfcollector <> - eventId: 11, dataAddr: c7, dataVal: ffffffe17b7d
349 [22961260062400] INFO perfrun.perfcollector <> - DRY_RUN: "reg_type       = 4	event_id       = 12	reg_id         = c8	reg_value      = ffffffe17b7d"
349 [22961260062400] INFO perfrun.perfcollector <> - eventId: 12, dataAddr: c8, dataVal: ffffffe17b7d
349 [22961260062400] INFO perfrun.perfcollector <> - DRY_RUN: "Group 1:"
349 [22961260062400] INFO perfrun.perfcollector <> - id: 1
349 [22961260062400] INFO perfrun.perfcollector <> - DRY_RUN: "INST_RETIRED.ANY: event id 2"
349 [22961260062400] INFO perfrun.perfcollector <> - eventName: INST_RETIRED.ANY, eventId: 2
349 [22961260062400] INFO perfrun.perfcollector <> - DRY_RUN: "CPU_CLK_UNHALTED.THREAD: event id 0"
349 [22961260062400] INFO perfrun.perfcollector <> - eventName: CPU_CLK_UNHALTED.THREAD, eventId: 0
349 [22961260062400] INFO perfrun.perfcollector <> - DRY_RUN: "CPU_CLK_UNHALTED.REF_TSC: event id 1"
349 [22961260062400] INFO perfrun.perfcollector <> - eventName: CPU_CLK_UNHALTED.REF_TSC, eventId: 1
349 [22961260062400] INFO perfrun.perfcollector <> - DRY_RUN: "FP_ARITH_INST_RETIRED.128B_PACKED_DOUBLE: event id 9"
349 [22961260062400] INFO perfrun.perfcollector <> - eventName: FP_ARITH_INST_RETIRED.128B_PACKED_DOUBLE, eventId: 9
349 [22961260062400] INFO perfrun.perfcollector <> - DRY_RUN: "FP_ARITH_INST_RETIRED.256B_PACKED_DOUBLE: event id 10"
349 [22961260062400] INFO perfrun.perfcollector <> - eventName: FP_ARITH_INST_RETIRED.256B_PACKED_DOUBLE, eventId: 10
349 [22961260062400] INFO perfrun.perfcollector <> - DRY_RUN: "CCCR"
349 [22961260062400] INFO perfrun.perfcollector <> - DRY_RUN: "reg_type       = 1	event_id       = g	reg_id         = 38f	reg_value      = 700000003"
349 [22961260062400] INFO perfrun.perfcollector <> - eventId: g, skip parsing event_id
349 [22961260062400] INFO perfrun.perfcollector <> - Register was ignored: group_id: 1, reg_type: 1, event_id: 4294967295, reg_id: 38f, reg_value: 700000003, pmu_name: cpu
349 [22961260062400] INFO perfrun.perfcollector <> - DRY_RUN: "reg_type       = 1	event_id       = g	reg_id         = 390	reg_value      = 700000003"
349 [22961260062400] INFO perfrun.perfcollector <> - eventId: g, skip parsing event_id
349 [22961260062400] INFO perfrun.perfcollector <> - Register was ignored: group_id: 1, reg_type: 1, event_id: 4294967295, reg_id: 390, reg_value: 700000003, pmu_name: cpu
349 [22961260062400] INFO perfrun.perfcollector <> - DRY_RUN: "reg_type       = 1	event_id       = g	reg_id         = 3f1	reg_value      = 0"
349 [22961260062400] INFO perfrun.perfcollector <> - eventId: g, skip parsing event_id
349 [22961260062400] INFO perfrun.perfcollector <> - Register was ignored: group_id: 1, reg_type: 1, event_id: 4294967295, reg_id: 3f1, reg_value: 0, pmu_name: cpu
349 [22961260062400] INFO perfrun.perfcollector <> - DRY_RUN: "reg_type       = 1	event_id       = g	reg_id         = 1d9	reg_value      = 1800"
349 [22961260062400] INFO perfrun.perfcollector <> - eventId: g, skip parsing event_id
349 [22961260062400] INFO perfrun.perfcollector <> - Register was ignored: group_id: 1, reg_type: 1, event_id: 4294967295, reg_id: 1d9, reg_value: 1800, pmu_name: cpu
349 [22961260062400] INFO perfrun.perfcollector <> - DRY_RUN: "reg_type       = 1	event_id       = g	reg_id         = 38d	reg_value      = bbb"
349 [22961260062400] INFO perfrun.perfcollector <> - eventId: g, skip parsing event_id
349 [22961260062400] INFO perfrun.perfcollector <> - Register was ignored: group_id: 1, reg_type: 1, event_id: 4294967295, reg_id: 38d, reg_value: bbb, pmu_name: cpu
349 [22961260062400] INFO perfrun.perfcollector <> - DRY_RUN: "reg_type       = 1	event_id       = 9	reg_id         = 186	reg_value      = 5304c7"
349 [22961260062400] INFO perfrun.perfcollector <> - Event selector: group_id: 1, reg_type: 1, event_id: 9, reg_id: 186, reg_value: 5304c7, pmu_name: cpu
349 [22961260062400] INFO perfrun.perfcollector <> - DRY_RUN: "reg_type       = 1	event_id       = 10	reg_id         = 187	reg_value      = 5310c7"
349 [22961260062400] INFO perfrun.perfcollector <> - Event selector: group_id: 1, reg_type: 1, event_id: 10, reg_id: 187, reg_value: 5310c7, pmu_name: cpu
349 [22961260062400] INFO perfrun.perfcollector <> - DRY_RUN: "ESCR"
349 [22961260062400] INFO perfrun.perfcollector <> - DRY_RUN: "reg_type       = 2	event_id       = g	reg_id         = 1c8	reg_value      = 0"
349 [22961260062400] INFO perfrun.perfcollector <> - eventId: g, skip parsing event_id
349 [22961260062400] INFO perfrun.perfcollector <> - DRY_RUN: "DATA"
349 [22961260062400] INFO perfrun.perfcollector <> - DRY_RUN: "reg_type       = 4	event_id       = 2	reg_id         = 309	reg_value      = ffffffdb6100"
349 [22961260062400] INFO perfrun.perfcollector <> - eventId: 2, dataAddr: 309, dataVal: ffffffdb6100
349 [22961260062400] INFO perfrun.perfcollector <> - DRY_RUN: "reg_type       = 4	event_id       = 0	reg_id         = 30a	reg_value      = ffffffe17b7d"
349 [22961260062400] INFO perfrun.perfcollector <> - eventId: 0, dataAddr: 30a, dataVal: ffffffe17b7d
349 [22961260062400] INFO perfrun.perfcollector <> - DRY_RUN: "reg_type       = 4	event_id       = 1	reg_id         = 30b	reg_value      = ffffffdb6100"
349 [22961260062400] INFO perfrun.perfcollector <> - eventId: 1, dataAddr: 30b, dataVal: ffffffdb6100
349 [22961260062400] INFO perfrun.perfcollector <> - DRY_RUN: "reg_type       = 4	event_id       = 9	reg_id         = c1	reg_value      = ffffffe17b7d"
349 [22961260062400] INFO perfrun.perfcollector <> - eventId: 9, dataAddr: c1, dataVal: ffffffe17b7d
349 [22961260062400] INFO perfrun.perfcollector <> - DRY_RUN: "reg_type       = 4	event_id       = 10	reg_id         = c2	reg_value      = ffffffe17b7d"
349 [22961260062400] INFO perfrun.perfcollector <> - eventId: 10, dataAddr: c2, dataVal: ffffffe17b7d
349 [22961260062400] INFO perfrun.perfcollector <> - event name: CPU_CLK_UNHALTED.THREAD
349 [22961260062400] INFO perfrun.perfcollector <> - pmu config: cpu
349 [22961260062400] INFO perfrun.perfcollector <> - cccrAddr: ffffffff, cccrValue: 0
349 [22961260062400] INFO perfrun.perfcollector <> - dataAddr: 30a, dataValue: ffffffffffe17b7d
349 [22961260062400] INFO perfrun.perfcollector <> - escrAddr: ffffffff, escrValue: 0
349 [22961260062400] INFO perfrun.perfcollector <> - extendedPebsValue: 0
349 [22961260062400] INFO perfrun.perfcollector <> - adaptivePebsAvailable: 0
349 [22961260062400] INFO perfrun.perfcollector <> - config: event: 3c
349 [22961260062400] INFO perfrun.perfcollector <> - config: pc: 0
349 [22961260062400] INFO perfrun.perfcollector <> - config: in_tx: 0
349 [22961260062400] INFO perfrun.perfcollector <> - config: edge: 0
349 [22961260062400] INFO perfrun.perfcollector <> - config: any: 0
349 [22961260062400] INFO perfrun.perfcollector <> - config1: offcore_rsp: 0
349 [22961260062400] INFO perfrun.perfcollector <> - config: in_tx_cp: 0
349 [22961260062400] INFO perfrun.perfcollector <> - config1: ldlat: 0
349 [22961260062400] INFO perfrun.perfcollector <> - config: inv: 0
349 [22961260062400] INFO perfrun.perfcollector <> - config: umask: 0
349 [22961260062400] INFO perfrun.perfcollector <> - config: cmask: 0
349 [22961260062400] INFO perfrun.perfcollector <> - format: cpu/event=0x3c,name='CPU_CLK_UNHALTED.THREAD'/D
349 [22961260062400] INFO perfrun.perfcollector <> - event name: CPU_CLK_UNHALTED.REF_TSC
349 [22961260062400] INFO perfrun.perfcollector <> - pmu config: cpu
349 [22961260062400] INFO perfrun.perfcollector <> - cccrAddr: ffffffff, cccrValue: 0
349 [22961260062400] INFO perfrun.perfcollector <> - dataAddr: 30b, dataValue: ffffffffffdb6100
349 [22961260062400] INFO perfrun.perfcollector <> - escrAddr: ffffffff, escrValue: 0
349 [22961260062400] INFO perfrun.perfcollector <> - extendedPebsValue: 0
349 [22961260062400] INFO perfrun.perfcollector <> - adaptivePebsAvailable: 0
349 [22961260062400] INFO perfrun.perfcollector <> - config: event: 0
349 [22961260062400] INFO perfrun.perfcollector <> - config: pc: 0
349 [22961260062400] INFO perfrun.perfcollector <> - config: in_tx: 0
349 [22961260062400] INFO perfrun.perfcollector <> - config: edge: 0
349 [22961260062400] INFO perfrun.perfcollector <> - config: any: 0
349 [22961260062400] INFO perfrun.perfcollector <> - config1: offcore_rsp: 0
349 [22961260062400] INFO perfrun.perfcollector <> - config: in_tx_cp: 0
349 [22961260062400] INFO perfrun.perfcollector <> - config1: ldlat: 0
349 [22961260062400] INFO perfrun.perfcollector <> - config: inv: 0
349 [22961260062400] INFO perfrun.perfcollector <> - config: umask: 3
349 [22961260062400] INFO perfrun.perfcollector <> - config: cmask: 0
349 [22961260062400] INFO perfrun.perfcollector <> - format: cpu/umask=0x3,name='CPU_CLK_UNHALTED.REF_TSC'/D
349 [22961260062400] INFO perfrun.perfcollector <> - event name: INST_RETIRED.ANY
349 [22961260062400] INFO perfrun.perfcollector <> - pmu config: cpu
349 [22961260062400] INFO perfrun.perfcollector <> - cccrAddr: ffffffff, cccrValue: 0
349 [22961260062400] INFO perfrun.perfcollector <> - dataAddr: 309, dataValue: ffffffffffdb6100
349 [22961260062400] INFO perfrun.perfcollector <> - escrAddr: ffffffff, escrValue: 0
349 [22961260062400] INFO perfrun.perfcollector <> - extendedPebsValue: 0
349 [22961260062400] INFO perfrun.perfcollector <> - adaptivePebsAvailable: 0
349 [22961260062400] INFO perfrun.perfcollector <> - config: event: c0
349 [22961260062400] INFO perfrun.perfcollector <> - config: pc: 0
349 [22961260062400] INFO perfrun.perfcollector <> - config: in_tx: 0
349 [22961260062400] INFO perfrun.perfcollector <> - config: edge: 0
349 [22961260062400] INFO perfrun.perfcollector <> - config: any: 0
349 [22961260062400] INFO perfrun.perfcollector <> - config1: offcore_rsp: 0
349 [22961260062400] INFO perfrun.perfcollector <> - config: in_tx_cp: 0
349 [22961260062400] INFO perfrun.perfcollector <> - config1: ldlat: 0
349 [22961260062400] INFO perfrun.perfcollector <> - config: inv: 0
349 [22961260062400] INFO perfrun.perfcollector <> - config: umask: 0
349 [22961260062400] INFO perfrun.perfcollector <> - config: cmask: 0
349 [22961260062400] INFO perfrun.perfcollector <> - format: cpu/event=0xc0,name='INST_RETIRED.ANY'/D
349 [22961260062400] INFO perfrun.perfcollector <> - event name: CPU_CLK_UNHALTED.REF_XCLK
349 [22961260062400] INFO perfrun.perfcollector <> - pmu config: cpu
349 [22961260062400] INFO perfrun.perfcollector <> - cccrAddr: 18a, cccrValue: 53013c
349 [22961260062400] INFO perfrun.perfcollector <> - dataAddr: c5, dataValue: fffffffffffe795d
349 [22961260062400] INFO perfrun.perfcollector <> - escrAddr: ffffffff, escrValue: 0
349 [22961260062400] INFO perfrun.perfcollector <> - extendedPebsValue: 0
349 [22961260062400] INFO perfrun.perfcollector <> - adaptivePebsAvailable: 0
349 [22961260062400] INFO perfrun.perfcollector <> - config: event: 3c
349 [22961260062400] INFO perfrun.perfcollector <> - config: pc: 0
349 [22961260062400] INFO perfrun.perfcollector <> - config: in_tx: 0
349 [22961260062400] INFO perfrun.perfcollector <> - config: edge: 0
349 [22961260062400] INFO perfrun.perfcollector <> - config: any: 0
349 [22961260062400] INFO perfrun.perfcollector <> - config1: offcore_rsp: 0
349 [22961260062400] INFO perfrun.perfcollector <> - config: in_tx_cp: 0
349 [22961260062400] INFO perfrun.perfcollector <> - config1: ldlat: 0
349 [22961260062400] INFO perfrun.perfcollector <> - config: inv: 0
349 [22961260062400] INFO perfrun.perfcollector <> - config: umask: 1
349 [22961260062400] INFO perfrun.perfcollector <> - config: cmask: 0
349 [22961260062400] INFO perfrun.perfcollector <> - format: cpu/event=0x3c,umask=0x1,name='CPU_CLK_UNHALTED.REF_XCLK'/
349 [22961260062400] INFO perfrun.perfcollector <> - event name: CPU_CLK_UNHALTED.ONE_THREAD_ACTIVE
349 [22961260062400] INFO perfrun.perfcollector <> - pmu config: cpu
349 [22961260062400] INFO perfrun.perfcollector <> - cccrAddr: 18b, cccrValue: 53023c
349 [22961260062400] INFO perfrun.perfcollector <> - dataAddr: c6, dataValue: fffffffffffe795d
349 [22961260062400] INFO perfrun.perfcollector <> - escrAddr: ffffffff, escrValue: 0
349 [22961260062400] INFO perfrun.perfcollector <> - extendedPebsValue: 0
349 [22961260062400] INFO perfrun.perfcollector <> - adaptivePebsAvailable: 0
349 [22961260062400] INFO perfrun.perfcollector <> - config: event: 3c
349 [22961260062400] INFO perfrun.perfcollector <> - config: pc: 0
349 [22961260062400] INFO perfrun.perfcollector <> - config: in_tx: 0
349 [22961260062400] INFO perfrun.perfcollector <> - config: edge: 0
349 [22961260062400] INFO perfrun.perfcollector <> - config: any: 0
349 [22961260062400] INFO perfrun.perfcollector <> - config1: offcore_rsp: 0
349 [22961260062400] INFO perfrun.perfcollector <> - config: in_tx_cp: 0
349 [22961260062400] INFO perfrun.perfcollector <> - config1: ldlat: 0
349 [22961260062400] INFO perfrun.perfcollector <> - config: inv: 0
349 [22961260062400] INFO perfrun.perfcollector <> - config: umask: 2
349 [22961260062400] INFO perfrun.perfcollector <> - config: cmask: 0
349 [22961260062400] INFO perfrun.perfcollector <> - format: cpu/event=0x3c,umask=0x2,name='CPU_CLK_UNHALTED.ONE_THREAD_ACTIVE'/
349 [22961260062400] INFO perfrun.perfcollector <> - event name: FP_ARITH_INST_RETIRED.SCALAR_SINGLE
349 [22961260062400] INFO perfrun.perfcollector <> - pmu config: cpu
349 [22961260062400] INFO perfrun.perfcollector <> - cccrAddr: 186, cccrValue: 5302c7
349 [22961260062400] INFO perfrun.perfcollector <> - dataAddr: c1, dataValue: ffffffffffe17b7d
349 [22961260062400] INFO perfrun.perfcollector <> - escrAddr: ffffffff, escrValue: 0
349 [22961260062400] INFO perfrun.perfcollector <> - extendedPebsValue: 0
350 [22961260062400] INFO perfrun.perfcollector <> - adaptivePebsAvailable: 0
350 [22961260062400] INFO perfrun.perfcollector <> - config: event: c7
350 [22961260062400] INFO perfrun.perfcollector <> - config: pc: 0
350 [22961260062400] INFO perfrun.perfcollector <> - config: in_tx: 0
350 [22961260062400] INFO perfrun.perfcollector <> - config: edge: 0
350 [22961260062400] INFO perfrun.perfcollector <> - config: any: 0
350 [22961260062400] INFO perfrun.perfcollector <> - config1: offcore_rsp: 0
350 [22961260062400] INFO perfrun.perfcollector <> - config: in_tx_cp: 0
350 [22961260062400] INFO perfrun.perfcollector <> - config1: ldlat: 0
350 [22961260062400] INFO perfrun.perfcollector <> - config: inv: 0
350 [22961260062400] INFO perfrun.perfcollector <> - config: umask: 2
350 [22961260062400] INFO perfrun.perfcollector <> - config: cmask: 0
350 [22961260062400] INFO perfrun.perfcollector <> - format: cpu/event=0xc7,umask=0x2,name='FP_ARITH_INST_RETIRED.SCALAR_SINGLE'/
350 [22961260062400] INFO perfrun.perfcollector <> - event name: FP_ARITH_INST_RETIRED.128B_PACKED_SINGLE
350 [22961260062400] INFO perfrun.perfcollector <> - pmu config: cpu
350 [22961260062400] INFO perfrun.perfcollector <> - cccrAddr: 187, cccrValue: 5308c7
350 [22961260062400] INFO perfrun.perfcollector <> - dataAddr: c2, dataValue: ffffffffffe17b7d
350 [22961260062400] INFO perfrun.perfcollector <> - escrAddr: ffffffff, escrValue: 0
350 [22961260062400] INFO perfrun.perfcollector <> - extendedPebsValue: 0
350 [22961260062400] INFO perfrun.perfcollector <> - adaptivePebsAvailable: 0
350 [22961260062400] INFO perfrun.perfcollector <> - config: event: c7
350 [22961260062400] INFO perfrun.perfcollector <> - config: pc: 0
350 [22961260062400] INFO perfrun.perfcollector <> - config: in_tx: 0
350 [22961260062400] INFO perfrun.perfcollector <> - config: edge: 0
350 [22961260062400] INFO perfrun.perfcollector <> - config: any: 0
350 [22961260062400] INFO perfrun.perfcollector <> - config1: offcore_rsp: 0
350 [22961260062400] INFO perfrun.perfcollector <> - config: in_tx_cp: 0
350 [22961260062400] INFO perfrun.perfcollector <> - config1: ldlat: 0
350 [22961260062400] INFO perfrun.perfcollector <> - config: inv: 0
350 [22961260062400] INFO perfrun.perfcollector <> - config: umask: 8
350 [22961260062400] INFO perfrun.perfcollector <> - config: cmask: 0
350 [22961260062400] INFO perfrun.perfcollector <> - format: cpu/event=0xc7,umask=0x8,name='FP_ARITH_INST_RETIRED.128B_PACKED_SINGLE'/
350 [22961260062400] INFO perfrun.perfcollector <> - event name: FP_ARITH_INST_RETIRED.256B_PACKED_SINGLE
350 [22961260062400] INFO perfrun.perfcollector <> - pmu config: cpu
350 [22961260062400] INFO perfrun.perfcollector <> - cccrAddr: 188, cccrValue: 5320c7
350 [22961260062400] INFO perfrun.perfcollector <> - dataAddr: c3, dataValue: ffffffffffe17b7d
350 [22961260062400] INFO perfrun.perfcollector <> - escrAddr: ffffffff, escrValue: 0
350 [22961260062400] INFO perfrun.perfcollector <> - extendedPebsValue: 0
350 [22961260062400] INFO perfrun.perfcollector <> - adaptivePebsAvailable: 0
350 [22961260062400] INFO perfrun.perfcollector <> - config: event: c7
350 [22961260062400] INFO perfrun.perfcollector <> - config: pc: 0
350 [22961260062400] INFO perfrun.perfcollector <> - config: in_tx: 0
350 [22961260062400] INFO perfrun.perfcollector <> - config: edge: 0
350 [22961260062400] INFO perfrun.perfcollector <> - config: any: 0
350 [22961260062400] INFO perfrun.perfcollector <> - config1: offcore_rsp: 0
350 [22961260062400] INFO perfrun.perfcollector <> - config: in_tx_cp: 0
350 [22961260062400] INFO perfrun.perfcollector <> - config1: ldlat: 0
350 [22961260062400] INFO perfrun.perfcollector <> - config: inv: 0
350 [22961260062400] INFO perfrun.perfcollector <> - config: umask: 20
350 [22961260062400] INFO perfrun.perfcollector <> - config: cmask: 0
350 [22961260062400] INFO perfrun.perfcollector <> - format: cpu/event=0xc7,umask=0x20,name='FP_ARITH_INST_RETIRED.256B_PACKED_SINGLE'/
350 [22961260062400] INFO perfrun.perfcollector <> - event name: FP_ARITH_INST_RETIRED.SCALAR_DOUBLE
350 [22961260062400] INFO perfrun.perfcollector <> - pmu config: cpu
350 [22961260062400] INFO perfrun.perfcollector <> - cccrAddr: 189, cccrValue: 5301c7
350 [22961260062400] INFO perfrun.perfcollector <> - dataAddr: c4, dataValue: ffffffffffe17b7d
350 [22961260062400] INFO perfrun.perfcollector <> - escrAddr: ffffffff, escrValue: 0
350 [22961260062400] INFO perfrun.perfcollector <> - extendedPebsValue: 0
350 [22961260062400] INFO perfrun.perfcollector <> - adaptivePebsAvailable: 0
350 [22961260062400] INFO perfrun.perfcollector <> - config: event: c7
350 [22961260062400] INFO perfrun.perfcollector <> - config: pc: 0
350 [22961260062400] INFO perfrun.perfcollector <> - config: in_tx: 0
350 [22961260062400] INFO perfrun.perfcollector <> - config: edge: 0
350 [22961260062400] INFO perfrun.perfcollector <> - config: any: 0
350 [22961260062400] INFO perfrun.perfcollector <> - config1: offcore_rsp: 0
350 [22961260062400] INFO perfrun.perfcollector <> - config: in_tx_cp: 0
350 [22961260062400] INFO perfrun.perfcollector <> - config1: ldlat: 0
350 [22961260062400] INFO perfrun.perfcollector <> - config: inv: 0
350 [22961260062400] INFO perfrun.perfcollector <> - config: umask: 1
350 [22961260062400] INFO perfrun.perfcollector <> - config: cmask: 0
350 [22961260062400] INFO perfrun.perfcollector <> - format: cpu/event=0xc7,umask=0x1,name='FP_ARITH_INST_RETIRED.SCALAR_DOUBLE'/
350 [22961260062400] INFO perfrun.perfcollector <> - event name: FP_ARITH_INST_RETIRED.128B_PACKED_DOUBLE
350 [22961260062400] INFO perfrun.perfcollector <> - pmu config: cpu
350 [22961260062400] INFO perfrun.perfcollector <> - cccrAddr: 186, cccrValue: 5304c7
350 [22961260062400] INFO perfrun.perfcollector <> - dataAddr: c1, dataValue: ffffffffffe17b7d
350 [22961260062400] INFO perfrun.perfcollector <> - escrAddr: ffffffff, escrValue: 0
350 [22961260062400] INFO perfrun.perfcollector <> - extendedPebsValue: 0
350 [22961260062400] INFO perfrun.perfcollector <> - adaptivePebsAvailable: 0
350 [22961260062400] INFO perfrun.perfcollector <> - config: event: c7
350 [22961260062400] INFO perfrun.perfcollector <> - config: pc: 0
350 [22961260062400] INFO perfrun.perfcollector <> - config: in_tx: 0
350 [22961260062400] INFO perfrun.perfcollector <> - config: edge: 0
350 [22961260062400] INFO perfrun.perfcollector <> - config: any: 0
350 [22961260062400] INFO perfrun.perfcollector <> - config1: offcore_rsp: 0
350 [22961260062400] INFO perfrun.perfcollector <> - config: in_tx_cp: 0
350 [22961260062400] INFO perfrun.perfcollector <> - config1: ldlat: 0
350 [22961260062400] INFO perfrun.perfcollector <> - config: inv: 0
350 [22961260062400] INFO perfrun.perfcollector <> - config: umask: 4
350 [22961260062400] INFO perfrun.perfcollector <> - config: cmask: 0
350 [22961260062400] INFO perfrun.perfcollector <> - format: cpu/event=0xc7,umask=0x4,name='FP_ARITH_INST_RETIRED.128B_PACKED_DOUBLE'/
350 [22961260062400] INFO perfrun.perfcollector <> - event name: FP_ARITH_INST_RETIRED.256B_PACKED_DOUBLE
350 [22961260062400] INFO perfrun.perfcollector <> - pmu config: cpu
350 [22961260062400] INFO perfrun.perfcollector <> - cccrAddr: 187, cccrValue: 5310c7
350 [22961260062400] INFO perfrun.perfcollector <> - dataAddr: c2, dataValue: ffffffffffe17b7d
350 [22961260062400] INFO perfrun.perfcollector <> - escrAddr: ffffffff, escrValue: 0
350 [22961260062400] INFO perfrun.perfcollector <> - extendedPebsValue: 0
350 [22961260062400] INFO perfrun.perfcollector <> - adaptivePebsAvailable: 0
350 [22961260062400] INFO perfrun.perfcollector <> - config: event: c7
350 [22961260062400] INFO perfrun.perfcollector <> - config: pc: 0
350 [22961260062400] INFO perfrun.perfcollector <> - config: in_tx: 0
350 [22961260062400] INFO perfrun.perfcollector <> - config: edge: 0
350 [22961260062400] INFO perfrun.perfcollector <> - config: any: 0
350 [22961260062400] INFO perfrun.perfcollector <> - config1: offcore_rsp: 0
350 [22961260062400] INFO perfrun.perfcollector <> - config: in_tx_cp: 0
350 [22961260062400] INFO perfrun.perfcollector <> - config1: ldlat: 0
350 [22961260062400] INFO perfrun.perfcollector <> - config: inv: 0
350 [22961260062400] INFO perfrun.perfcollector <> - config: umask: 10
350 [22961260062400] INFO perfrun.perfcollector <> - config: cmask: 0
350 [22961260062400] INFO perfrun.perfcollector <> - format: cpu/event=0xc7,umask=0x10,name='FP_ARITH_INST_RETIRED.256B_PACKED_DOUBLE'/
350 [22961260062400] INFO perfrun.perfcollector <> - event name: INST_RETIRED.X87
350 [22961260062400] INFO perfrun.perfcollector <> - pmu config: cpu
350 [22961260062400] INFO perfrun.perfcollector <> - cccrAddr: 18c, cccrValue: 5302c0
350 [22961260062400] INFO perfrun.perfcollector <> - dataAddr: c7, dataValue: ffffffffffe17b7d
350 [22961260062400] INFO perfrun.perfcollector <> - escrAddr: ffffffff, escrValue: 0
350 [22961260062400] INFO perfrun.perfcollector <> - extendedPebsValue: 0
350 [22961260062400] INFO perfrun.perfcollector <> - adaptivePebsAvailable: 0
350 [22961260062400] INFO perfrun.perfcollector <> - config: event: c0
350 [22961260062400] INFO perfrun.perfcollector <> - config: pc: 0
350 [22961260062400] INFO perfrun.perfcollector <> - config: in_tx: 0
350 [22961260062400] INFO perfrun.perfcollector <> - config: edge: 0
350 [22961260062400] INFO perfrun.perfcollector <> - config: any: 0
350 [22961260062400] INFO perfrun.perfcollector <> - config1: offcore_rsp: 0
350 [22961260062400] INFO perfrun.perfcollector <> - config: in_tx_cp: 0
350 [22961260062400] INFO perfrun.perfcollector <> - config1: ldlat: 0
350 [22961260062400] INFO perfrun.perfcollector <> - config: inv: 0
350 [22961260062400] INFO perfrun.perfcollector <> - config: umask: 2
350 [22961260062400] INFO perfrun.perfcollector <> - config: cmask: 0
350 [22961260062400] INFO perfrun.perfcollector <> - format: cpu/event=0xc0,umask=0x2,name='INST_RETIRED.X87'/
350 [22961260062400] INFO perfrun.perfcollector <> - event name: UOPS_RETIRED.RETIRE_SLOTS
350 [22961260062400] INFO perfrun.perfcollector <> - pmu config: cpu
350 [22961260062400] INFO perfrun.perfcollector <> - cccrAddr: 18d, cccrValue: 5302c2
350 [22961260062400] INFO perfrun.perfcollector <> - dataAddr: c8, dataValue: ffffffffffe17b7d
350 [22961260062400] INFO perfrun.perfcollector <> - escrAddr: ffffffff, escrValue: 0
350 [22961260062400] INFO perfrun.perfcollector <> - extendedPebsValue: 0
350 [22961260062400] INFO perfrun.perfcollector <> - adaptivePebsAvailable: 0
350 [22961260062400] INFO perfrun.perfcollector <> - config: event: c2
350 [22961260062400] INFO perfrun.perfcollector <> - config: pc: 0
350 [22961260062400] INFO perfrun.perfcollector <> - config: in_tx: 0
350 [22961260062400] INFO perfrun.perfcollector <> - config: edge: 0
350 [22961260062400] INFO perfrun.perfcollector <> - config: any: 0
350 [22961260062400] INFO perfrun.perfcollector <> - config1: offcore_rsp: 0
350 [22961260062400] INFO perfrun.perfcollector <> - config: in_tx_cp: 0
350 [22961260062400] INFO perfrun.perfcollector <> - config1: ldlat: 0
350 [22961260062400] INFO perfrun.perfcollector <> - config: inv: 0
350 [22961260062400] INFO perfrun.perfcollector <> - config: umask: 2
350 [22961260062400] INFO perfrun.perfcollector <> - config: cmask: 0
350 [22961260062400] INFO perfrun.perfcollector <> - format: cpu/event=0xc2,umask=0x2,name='UOPS_RETIRED.RETIRE_SLOTS'/
350 [22961260062400] INFO perfrun.perfcollector <> - event: cpu/event=0x3c,name='CPU_CLK_UNHALTED.THREAD'/Duk, added for counting
350 [22961260062400] INFO perfrun.perfcollector <> - event: cpu/umask=0x3,name='CPU_CLK_UNHALTED.REF_TSC'/Duk, added for counting
350 [22961260062400] INFO perfrun.perfcollector <> - event: cpu/event=0xc0,name='INST_RETIRED.ANY'/Duk, added for counting
350 [22961260062400] INFO perfrun.perfcollector <> - event: cpu/event=0x3c,umask=0x1,name='CPU_CLK_UNHALTED.REF_XCLK'/uk, added for counting
350 [22961260062400] INFO perfrun.perfcollector <> - event: cpu/event=0x3c,umask=0x2,name='CPU_CLK_UNHALTED.ONE_THREAD_ACTIVE'/uk, added for counting
350 [22961260062400] INFO perfrun.perfcollector <> - event: cpu/event=0xc7,umask=0x2,name='FP_ARITH_INST_RETIRED.SCALAR_SINGLE'/uk, added for counting
350 [22961260062400] INFO perfrun.perfcollector <> - event: cpu/event=0xc7,umask=0x8,name='FP_ARITH_INST_RETIRED.128B_PACKED_SINGLE'/uk, added for counting
350 [22961260062400] INFO perfrun.perfcollector <> - event: cpu/event=0xc7,umask=0x20,name='FP_ARITH_INST_RETIRED.256B_PACKED_SINGLE'/uk, added for counting
350 [22961260062400] INFO perfrun.perfcollector <> - event: cpu/event=0xc7,umask=0x1,name='FP_ARITH_INST_RETIRED.SCALAR_DOUBLE'/uk, added for counting
350 [22961260062400] INFO perfrun.perfcollector <> - event: cpu/event=0xc7,umask=0x4,name='FP_ARITH_INST_RETIRED.128B_PACKED_DOUBLE'/uk, added for counting
350 [22961260062400] INFO perfrun.perfcollector <> - event: cpu/event=0xc7,umask=0x10,name='FP_ARITH_INST_RETIRED.256B_PACKED_DOUBLE'/uk, added for counting
350 [22961260062400] INFO perfrun.perfcollector <> - event: cpu/event=0xc0,umask=0x2,name='INST_RETIRED.X87'/uk, added for counting
350 [22961260062400] INFO perfrun.perfcollector <> - event: cpu/event=0xc2,umask=0x2,name='UOPS_RETIRED.RETIRE_SLOTS'/uk, added for counting
350 [22961260062400] INFO perfrun.perfcollector <> - attaching to pid: 4294967295, collect mode: 1, rc modes: 3
366 [22961249015488] WARN perfrun.perfcollector <> - Perf stat trace pipe capacity: read = 1048576, write = 1048576, at file: vcs/perfrun1/plugins/perfcollector/src/profiler.cpp:765
375 [22961249015488] INFO perfrun.sdk <> - runCmd: /opt/intel/oneapi/vtune/2023.1.0/bin64/amplxe-perf stat -v --log-fd 10 --scale -x ; -e cpu/event=0x3c,name='CPU_CLK_UNHALTED.THREAD'/Duk,cpu/umask=0x3,name='CPU_CLK_UNHALTED.REF_TSC'/Duk,cpu/event=0xc0,name='INST_RETIRED.ANY'/Duk,cpu/event=0x3c,umask=0x1,name='CPU_CLK_UNHALTED.REF_XCLK'/uk,cpu/event=0x3c,umask=0x2,name='CPU_CLK_UNHALTED.ONE_THREAD_ACTIVE'/uk,cpu/event=0xc7,umask=0x2,name='FP_ARITH_INST_RETIRED.SCALAR_SINGLE'/uk,cpu/event=0xc7,umask=0x8,name='FP_ARITH_INST_RETIRED.128B_PACKED_SINGLE'/uk,cpu/event=0xc7,umask=0x20,name='FP_ARITH_INST_RETIRED.256B_PACKED_SINGLE'/uk,cpu/event=0xc7,umask=0x1,name='FP_ARITH_INST_RETIRED.SCALAR_DOUBLE'/uk,cpu/event=0xc7,umask=0x4,name='FP_ARITH_INST_RETIRED.128B_PACKED_DOUBLE'/uk,cpu/event=0xc7,umask=0x10,name='FP_ARITH_INST_RETIRED.256B_PACKED_DOUBLE'/uk,cpu/event=0xc0,umask=0x2,name='INST_RETIRED.X87'/uk,cpu/event=0xc2,umask=0x2,name='UOPS_RETIRED.RETIRE_SLOTS'/uk /opt/intel/oneapi/vtune/2023.1.0/bin64/amplxe-perf-sync dryrun sys
376 [22961249015488] INFO perfrun.sdk <> - runCmd started PID 3881955
550 [22961249015488] INFO perfrun.perfcollector <> - Monitor: runCmd RC = true
551 [22961260062400] INFO perfrun.launcher <> - plugin [aoclprofile] was disabled because it doesn't support the given collection type.
551 [22961260062400] INFO perfrun.tpss <> - initialize tpss controller
551 [22961260062400] INFO perfrun.tpss <> - configure collection mode: value = cpu:counters:nostack
551 [22961260062400] INFO perfrun.tpss <> - configure collection mode: value = cpu:stack
551 [22961260062400] INFO perfrun.tpss <> - default obj-size-min=1024
551 [22961260062400] INFO perfrun.tpss <> - default hash-table-size=0
551 [22961260062400] INFO perfrun.launcher <> - plugin [media] was disabled because it doesn't support the given collection type.
552 [22961260062400] INFO perfrun.launcher <> - plugin [] was disabled because it doesn't support the given collection type.
552 [22961260062400] INFO perfrun.launcher <> - plugin [] was disabled because it doesn't support the given collection type.
552 [22961260062400] INFO perfrun.launcher <> - plugin [parallelfs] was disabled because it doesn't support the given collection type.
552 [22961260062400] INFO perfrun.launcher <> - plugin [power] was disabled because it doesn't support the given collection type.
552 [22961260062400] INFO perfrun.launcher <> - plugin [hwloc] was disabled because it doesn't support the given collection type.
552 [22961260062400] INFO perfrun.launcher <> - plugin [ipmwatch] was disabled because it doesn't support the given collection type.
552 [22961260062400] INFO perfrun.launcher <> - plugin [os_counters] was disabled because it doesn't support the given collection type.
552 [22961260062400] INFO perfrun.launcher <> - plugin [l0_metrics] was disabled because it doesn't support the given collection type.
552 [22961403484032] INFO perfrun.launcher <> - set environment variable: LD_LIBRARY_PATH = /opt/intel/oneapi/vtune/2023.1.0/lib32/runtime:/opt/intel/oneapi/vtune/2023.1.0/lib64/runtime:/opt/intel/oneapi/tbb/2021.5.1/env/../lib/intel64/gcc4.8:/opt/intel/oneapi/mpi/2021.5.1//libfabric/lib:/opt/intel/oneapi/mpi/2021.5.1//lib/release:/opt/intel/oneapi/mpi/2021.5.1//lib:/opt/intel/oneapi/mkl/2022.0.2/lib/intel64:/opt/intel/oneapi/itac/2021.5.0/slib:/opt/intel/oneapi/debugger/2021.5.0/gdb/intel64/lib:/opt/intel/oneapi/debugger/2021.5.0/libipt/intel64/lib:/opt/intel/oneapi/debugger/2021.5.0/dep/lib:/opt/intel/oneapi/compiler/2022.0.2/linux/lib:/opt/intel/oneapi/compiler/2022.0.2/linux/lib/x64:/opt/intel/oneapi/compiler/2022.0.2/linux/lib/oclfpga/host/linux64/lib:/opt/intel/oneapi/compiler/2022.0.2/linux/compiler/lib/intel64_lin
552 [22961403484032] INFO perfrun.launcher <> - set environment variable: INTEL_LIBITTNOTIFY32 = /opt/intel/oneapi/vtune/2023.1.0/lib32/runtime/libittnotify_collector.so
552 [22961403484032] INFO perfrun.launcher <> - set environment variable: INTEL_LIBITTNOTIFY64 = /opt/intel/oneapi/vtune/2023.1.0/lib64/runtime/libittnotify_collector.so
552 [22961403484032] INFO perfrun.launcher <> - set environment variable: INTEL_ITTNOTIFY_GROUPS = 
552 [22961403484032] INFO perfrun.launcher <> - set environment variable: INTEL_JIT_PROFILER32 = /opt/intel/oneapi/vtune/2023.1.0/lib32/runtime/libittnotify_collector.so
552 [22961403484032] INFO perfrun.launcher <> - set environment variable: INTEL_JIT_PROFILER64 = /opt/intel/oneapi/vtune/2023.1.0/lib64/runtime/libittnotify_collector.so
552 [22961403484032] INFO perfrun.launcher <> - set environment variable: OMP_TOOL_LIBRARIES = /opt/intel/oneapi/vtune/2023.1.0/lib32/runtime/libittnotify_collector.so:/opt/intel/oneapi/vtune/2023.1.0/lib64/runtime/libittnotify_collector.so
552 [22961403484032] INFO perfrun.launcher <> - set environment variable: ENABLE_JITPROFILING = 1
552 [22961403484032] INFO perfrun.launcher <> - set environment variable: CL_CONFIG_USE_VTUNE = True
552 [22961403484032] INFO perfrun.launcher <> - set environment variable: LD_PRELOAD = libittnotify_collector.so:
552 [22961403484032] INFO perfrun.launcher <> - set environment variable: KMP_FORKJOIN_FRAMES = 0
552 [22961403484032] INFO perfrun.launcher <> - set environment variable: KMP_FORKJOIN_FRAMES_MODE = 0
552 [22961403484032] INFO perfrun.launcher <> - set environment variable: OMP_TOOL = disabled
552 [22961403484032] INFO perfrun.launcher <> - set environment variable: INTEL_MRTE_DATA_DIR = /home/course/hpc/users/2022012388/exp8/result.conv1/data.9
552 [22961403484032] INFO perfrun.launcher <> - set environment variable: INTEL_MRTE_HOST_NAME = conv1
552 [22961403484032] INFO perfrun.launcher <> - set environment variable: JAVA_TOOL_OPTIONS = -agentlib:amplxe_tpssmrte_javaprof_1.0 -Dsun.boot.library.path=/opt/intel/oneapi/vtune/2023.1.0/lib32/runtime:/opt/intel/oneapi/vtune/2023.1.0/lib64/runtime
552 [22961403484032] INFO perfrun.launcher <> - set environment variable: LD_LIBRARY_PATH = /opt/intel/oneapi/vtune/2023.1.0/lib32/runtime:/opt/intel/oneapi/vtune/2023.1.0/lib64/runtime:/opt/intel/oneapi/tbb/2021.5.1/env/../lib/intel64/gcc4.8:/opt/intel/oneapi/mpi/2021.5.1//libfabric/lib:/opt/intel/oneapi/mpi/2021.5.1//lib/release:/opt/intel/oneapi/mpi/2021.5.1//lib:/opt/intel/oneapi/mkl/2022.0.2/lib/intel64:/opt/intel/oneapi/itac/2021.5.0/slib:/opt/intel/oneapi/debugger/2021.5.0/gdb/intel64/lib:/opt/intel/oneapi/debugger/2021.5.0/libipt/intel64/lib:/opt/intel/oneapi/debugger/2021.5.0/dep/lib:/opt/intel/oneapi/compiler/2022.0.2/linux/lib:/opt/intel/oneapi/compiler/2022.0.2/linux/lib/x64:/opt/intel/oneapi/compiler/2022.0.2/linux/lib/oclfpga/host/linux64/lib:/opt/intel/oneapi/compiler/2022.0.2/linux/compiler/lib/intel64_lin
552 [22961403484032] INFO perfrun.launcher <> - set environment variable: CORECLR_ENABLE_PROFILING = 1
552 [22961403484032] INFO perfrun.launcher <> - set environment variable: CORECLR_PROFILER = {AA5E4821-E3B1-479c-B7FF-5AD047D22CED}
552 [22961403484032] INFO perfrun.launcher <> - set environment variable: CORECLR_PROFILER_PATH = /opt/intel/oneapi/vtune/2023.1.0/lib64/libamplxe_samplingmrte_clrprof_1.0.so
552 [22961403484032] INFO perfrun.launcher <> - set environment variable: INTEL_MRTE_PROFILER_MODE = mixed
553 [22961403484032] INFO perfrun.launcher <> - RpcServer: run RPC server to handle requests
553 [22961403484032] INFO perfrun.launcher <> - Launcher: command line to start before modification = ./run.sh 2022012388
554 [22961403484032] INFO perfrun.launcher <> - Launcher: command line to start after modification = /opt/intel/oneapi/vtune/2023.1.0/bin64/pin -error_file /home/course/hpc/users/2022012388/exp8/result.conv1/data.9/pinerr.tpsslog -detach_reattach -follow_execv -tool_load_option deepbind -t64 /opt/intel/oneapi/vtune/2023.1.0/lib64/libtpsstool.so -t /opt/intel/oneapi/vtune/2023.1.0/lib32/libtpsstool.so -server_name tpss_ipc.3881785 -prd_dir /opt/intel/oneapi/vtune/2023.1.0 -- ./run.sh 2022012388
754 [22961403484032] INFO perfrun.launcher <> - ProcessCreator object was created
755 [22961403484032] INFO perfrun.launcher <> - Launcher: the process was started in suspend mode
759 [22961260062400] WARN perfrun.system <> - Could not do anything with /sys/kernel/debug/kvm: boost::filesystem::status: Permission denied: "/sys/kernel/debug/kvm", at file: vcs/perfrun1/plugins/system/src/trace_writer.cpp:787
759 [22961260062400] WARN perfrun.system <> - Folder "/var/run/libvirt/qemu/"doesn't exist, at file: vcs/perfrun1/plugins/system/src/trace_writer.cpp:800
759 [22961260062400] INFO perfrun.itt <> - start itt controller for pid #3882125
760 [22961260062400] INFO perfrun.perfcollector <> - attaching to pid: 3882125, collect mode: 1, rc modes: 1
773 [22961242711744] WARN perfrun.perfcollector <> - Perf stat trace pipe capacity: read = 1048576, write = 1048576, at file: vcs/perfrun1/plugins/perfcollector/src/profiler.cpp:765
783 [22961242711744] INFO perfrun.sdk <> - runCmd: /opt/intel/oneapi/vtune/2023.1.0/bin64/amplxe-perf stat -v --log-fd 22 --control=fd:23,26 --scale -x ; -p 3882125 -e cpu/event=0x3c,name='CPU_CLK_UNHALTED.THREAD'/Duk,cpu/umask=0x3,name='CPU_CLK_UNHALTED.REF_TSC'/Duk,cpu/event=0xc0,name='INST_RETIRED.ANY'/Duk,cpu/event=0x3c,umask=0x1,name='CPU_CLK_UNHALTED.REF_XCLK'/uk,cpu/event=0x3c,umask=0x2,name='CPU_CLK_UNHALTED.ONE_THREAD_ACTIVE'/uk,cpu/event=0xc7,umask=0x2,name='FP_ARITH_INST_RETIRED.SCALAR_SINGLE'/uk,cpu/event=0xc7,umask=0x8,name='FP_ARITH_INST_RETIRED.128B_PACKED_SINGLE'/uk,cpu/event=0xc7,umask=0x20,name='FP_ARITH_INST_RETIRED.256B_PACKED_SINGLE'/uk,cpu/event=0xc7,umask=0x1,name='FP_ARITH_INST_RETIRED.SCALAR_DOUBLE'/uk,cpu/event=0xc7,umask=0x4,name='FP_ARITH_INST_RETIRED.128B_PACKED_DOUBLE'/uk,cpu/event=0xc7,umask=0x10,name='FP_ARITH_INST_RETIRED.256B_PACKED_DOUBLE'/uk,cpu/event=0xc0,umask=0x2,name='INST_RETIRED.X87'/uk,cpu/event=0xc2,umask=0x2,name='UOPS_RETIRED.RETIRE_SLOTS'/uk /opt/intel/oneapi/vtune/2023.1.0/bin64/amplxe-perf-sync sync sys
783 [22961242711744] INFO perfrun.sdk <> - runCmd started PID 3882162
928 [22961260062400] INFO perfrun.tpss <> - start tpss controller for pid #3882125
979 [22961403484032] INFO perfrun.launcher <> - Launcher: all plugins were started
979 [22961403484032] INFO perfrun.launcher <> - DirectoryMonitor object was created
979 [22961403484032] INFO perfrun.launcher <> - DirectoryMonitor: a callback was added
979 [22961403484032] INFO perfrun.launcher <> - DirectoryMonitor was started with pingTime = 1000
979 [22961403484032] INFO perfrun.launcher <> - DeadlineTimer is going to be constructed
979 [22961403484032] INFO perfrun.launcher <> - DeadlineTimer: a callback was added
981 [22961403484032] INFO perfrun.launcher <> - Launcher: resume the profiled application and  wait its termination or stop command
94002 [22961403484032] INFO perfrun.launcher <> - Launcher: the profiled application was terminated  with exit code = 1
94194 [22961260062400] INFO perfrun.itt <> - detach itt controller
94194 [22961260062400] INFO perfrun.itt <> - detach itt controller done
94195 [22961242711744] INFO perfrun.perfcollector <> - Monitor: runCmd RC = true
94195 [22961260062400] INFO perfrun.perfcollector <> - Monitor: state = 3, error = 1
94196 [22961260062400] INFO perfrun.tpss <> - stop tpss controller
94197 [22961260062400] INFO perfrun.sdk <> - De-allocating TMU: /home/course/hpc/users/2022012388/exp8/result.conv1/data.9/systemcollector-3881785-conv1.sc
94197 [22961260062400] INFO perfrun.system <> - closed the system trace file: /home/course/hpc/users/2022012388/exp8/result.conv1/data.9/systemcollector-3881785-conv1.sc
94197 [22961403484032] INFO perfrun.launcher <> - Launcher: all plugins were stopped.
94197 [22961403484032] INFO perfrun.launcher <> - DeadlineTimer is going to be destroyed
94197 [22961403484032] INFO perfrun.launcher <> - DeadlineTimer was destroyed
94197 [22961403484032] INFO perfrun.launcher <> - DirectoryMonitor object was destroyed
94197 [22961403484032] WARN perfrun.launcher <> - Stop command is ignored because it is received when collection is already stopped, at file: vcs/perfrun1/launcher/src/command_handler.cpp:226
94198 [22961403484032] INFO perfrun.launcher <> - Application exit code: 1
94198 [22961403484032] INFO perfrun.launcher <> - Exit code: 4
