13 [22732186474368] INFO perfrun.launcher <> - Launcher main begin
15 [22732186474368] INFO perfrun.launcher <> - MessageCatalogInit finished
15 [22732186474368] INFO perfrun.launcher <> - Launcher instance created
15 [22732186474368] INFO perfrun.launcher <> - argc = 7; cmdline = /opt/intel/oneapi/vtune/2023.1.0/bin64/amplxe-runss --ui-output-format xml --ui-output-fd 5 --option-file /home/course/hpc/users/2022012388/exp8/result.conv1/config/runss.options.3 
142 [22732186474368] INFO perfrun.launcher <> - create msngr2::ICliToolContext
143 [22732186474368] INFO perfrun.launcher <> - create file finder object
143 [22732186474368] INFO perfrun.launcher <> - create a result directory: pattern = /home/course/hpc/users/2022012388/exp8/result.conv1 pid = 4294967295
145 [22732186474368] INFO perfrun.sdk <> - checked that the directory /home/course/hpc/users/2022012388/exp8/result.conv1 is a local directory
145 [22732186474368] INFO perfrun.sdk <> - the directory /home/course/hpc/users/2022012388/exp8/result.conv1 is located on a share or its FS ID is unknown 26985
145 [22732186474368] INFO perfrun.sdk <> - checked that the directory /tmp/amplxe-tmp-2022012388 is a local directory
145 [22732186474368] INFO perfrun.sdk <> - the directory /tmp/amplxe-tmp-2022012388 is located on a share or its FS ID is unknown 2035054128
146 [22732186474368] INFO perfrun.launcher <> - create data directory = /home/course/hpc/users/2022012388/exp8/result.conv1/data.3
147 [22732186474368] INFO perfrun.launcher <> - Creating the master collection flag
147 [22732186474368] INFO perfrun.launcher <> - Done creating the master collection flag
150 [22732043445952] INFO perfrun.launcher <> - plugin [remoteplug] was disabled because it doesn't support the given collection type.
150 [22732043445952] INFO perfrun.sdk <> - Allocating TMU :/home/course/hpc/users/2022012388/exp8/result.conv1/data.3/systemcollector-3881765-conv1.sc
151 [22732043445952] INFO perfrun.launcher <> - plugin [vdso] was disabled because it doesn't support the given collection type.
151 [22732043445952] INFO perfrun.launcher <> - plugin [ptracecollector] was disabled because it doesn't support the given collection type.
151 [22732043445952] INFO perfrun.launcher <> - plugin [gpu] was disabled because it doesn't support the given collection type.
151 [22732043445952] INFO perfrun.launcher <> - plugin [] was disabled because it doesn't support the given collection type.
151 [22732043445952] INFO perfrun.launcher <> - plugin [] was disabled because it doesn't support the given collection type.
151 [22732043445952] INFO perfrun.launcher <> - plugin [] was disabled because it doesn't support the given collection type.
151 [22732043445952] INFO perfrun.mrte <> - system-wide mode is 0
152 [22732043445952] INFO perfrun.mrte <> - Getting  mrte profiling environment ...
166 [22732043445952] INFO perfrun.mrte <> - INTEL_MRTE_DATA_DIR=/home/course/hpc/users/2022012388/exp8/result.conv1/data.3
166 [22732043445952] INFO perfrun.mrte <> - INTEL_MRTE_HOST_NAME=conv1
166 [22732043445952] INFO perfrun.mrte <> - JAVA_TOOL_OPTIONS=-agentlib:amplxe_tpssmrte_javaprof_1.0 -Dsun.boot.library.path=/opt/intel/oneapi/vtune/2023.1.0/lib32/runtime:/opt/intel/oneapi/vtune/2023.1.0/lib64/runtime
166 [22732043445952] INFO perfrun.mrte <> - LD_LIBRARY_PATH=/opt/intel/oneapi/vtune/2023.1.0/lib32/runtime:/opt/intel/oneapi/vtune/2023.1.0/lib64/runtime:/opt/intel/oneapi/tbb/2021.5.1/env/../lib/intel64/gcc4.8:/opt/intel/oneapi/mpi/2021.5.1//libfabric/lib:/opt/intel/oneapi/mpi/2021.5.1//lib/release:/opt/intel/oneapi/mpi/2021.5.1//lib:/opt/intel/oneapi/mkl/2022.0.2/lib/intel64:/opt/intel/oneapi/itac/2021.5.0/slib:/opt/intel/oneapi/debugger/2021.5.0/gdb/intel64/lib:/opt/intel/oneapi/debugger/2021.5.0/libipt/intel64/lib:/opt/intel/oneapi/debugger/2021.5.0/dep/lib:/opt/intel/oneapi/compiler/2022.0.2/linux/lib:/opt/intel/oneapi/compiler/2022.0.2/linux/lib/x64:/opt/intel/oneapi/compiler/2022.0.2/linux/lib/oclfpga/host/linux64/lib:/opt/intel/oneapi/compiler/2022.0.2/linux/compiler/lib/intel64_lin
166 [22732043445952] INFO perfrun.mrte <> - CORECLR_ENABLE_PROFILING=1
166 [22732043445952] INFO perfrun.mrte <> - CORECLR_PROFILER={AA5E4821-E3B1-479c-B7FF-5AD047D22CED}
166 [22732043445952] INFO perfrun.mrte <> - CORECLR_PROFILER_PATH=/opt/intel/oneapi/vtune/2023.1.0/lib64/libamplxe_samplingmrte_clrprof_1.0.so
166 [22732043445952] INFO perfrun.mrte <> - INTEL_MRTE_PROFILER_MODE=mixed
166 [22732043445952] INFO perfrun.mrte <> - Data directory: /home/course/hpc/users/2022012388/exp8/result.conv1/data.3
166 [22732043445952] INFO perfrun.mrte <> - Mrte plugin is initialized
166 [22732043445952] INFO perfrun.launcher <> - plugin [emon] was disabled because it doesn't support the given collection type.
166 [22732043445952] INFO perfrun.launcher <> - plugin [cuscol] was disabled because it doesn't support the given collection type.
166 [22732043445952] INFO perfrun.launcher <> - plugin [stdsrc] was disabled because it doesn't support the given collection type.
166 [22732043445952] INFO perfrun.launcher <> - plugin [sep] was disabled because it doesn't support the given collection type.
166 [22732043445952] INFO perfrun.launcher <> - plugin [vtsspp] was disabled because it doesn't support the given collection type.
166 [22732043445952] INFO perfrun.sdk <> - Reading value (0) from file: /proc/sys/kernel/perf_event_paranoid
166 [22732043445952] INFO perfrun.perfcollector <> - checking access to: /opt/intel/oneapi/vtune/2023.1.0/bin64/amplxe-perf-priv
169 [22732043445952] INFO perfrun.perfcollector <> - cpu: family = 6 model = 79
169 [22732043445952] INFO perfrun.perfcollector <> - dir found: /sys/bus/event_source/devices/software
169 [22732043445952] INFO perfrun.perfcollector <> - format: pmu format subdir doesn't exist
169 [22732043445952] INFO perfrun.perfcollector <> - hwInfo: not set, pmuFam: software
169 [22732043445952] INFO perfrun.perfcollector <> - pmu added: family: software, id: 0
169 [22732043445952] INFO perfrun.perfcollector <> - dir found: /sys/bus/event_source/devices/uncore_imc_5
170 [22732043445952] INFO perfrun.perfcollector <> - format: event config:0-7 mask:0-7
170 [22732043445952] INFO perfrun.perfcollector <> - format: edge config:18 mask:18
170 [22732043445952] INFO perfrun.perfcollector <> - format: inv config:23 mask:23
170 [22732043445952] INFO perfrun.perfcollector <> - format: umask config:8-15 mask:8-15
170 [22732043445952] INFO perfrun.perfcollector <> - format: thresh config:24-31 mask:24-31
170 [22732043445952] INFO perfrun.perfcollector <> - hwInfo: PERF_IMC_PMU_DETAILS
171 [22732043445952] INFO perfrun.perfcollector <> - pmu added: family: uncore_imc, id: 5
171 [22732043445952] INFO perfrun.perfcollector <> - dir found: /sys/bus/event_source/devices/uncore_sbox_2
171 [22732043445952] INFO perfrun.perfcollector <> - format: event config:0-7 mask:0-7
171 [22732043445952] INFO perfrun.perfcollector <> - format: edge config:18 mask:18
171 [22732043445952] INFO perfrun.perfcollector <> - format: inv config:23 mask:23
172 [22732043445952] INFO perfrun.perfcollector <> - format: umask config:8-15 mask:8-15
172 [22732043445952] INFO perfrun.perfcollector <> - format: tid_en config:19 mask:19
172 [22732043445952] INFO perfrun.perfcollector <> - format: thresh config:24-31 mask:24-31
172 [22732043445952] INFO perfrun.perfcollector <> - hwInfo: not set, pmuFam: uncore_sbox
172 [22732043445952] INFO perfrun.perfcollector <> - pmu added: family: uncore_sbox, id: 2
172 [22732043445952] INFO perfrun.perfcollector <> - dir found: /sys/bus/event_source/devices/uncore_cbox_8
173 [22732043445952] INFO perfrun.perfcollector <> - format: event config:0-7 mask:0-7
173 [22732043445952] INFO perfrun.perfcollector <> - format: filter_link config1:6-8 mask:6-8
173 [22732043445952] INFO perfrun.perfcollector <> - format: filter_c6 config1:61 mask:61
173 [22732043445952] INFO perfrun.perfcollector <> - format: edge config:18 mask:18
173 [22732043445952] INFO perfrun.perfcollector <> - format: filter_isoc config1:63 mask:63
173 [22732043445952] INFO perfrun.perfcollector <> - format: filter_tid config1:0-5 mask:0-5
174 [22732043445952] INFO perfrun.perfcollector <> - format: filter_nid config1:32-47 mask:32-47
174 [22732043445952] INFO perfrun.perfcollector <> - format: filter_nc config1:62 mask:62
174 [22732043445952] INFO perfrun.perfcollector <> - format: umask config:8-15 mask:8-15
174 [22732043445952] INFO perfrun.perfcollector <> - format: tid_en config:19 mask:19
174 [22732043445952] INFO perfrun.perfcollector <> - format: thresh config:24-31 mask:24-31
175 [22732043445952] INFO perfrun.perfcollector <> - format: filter_state config1:17-23 mask:17-23
175 [22732043445952] INFO perfrun.perfcollector <> - format: filter_opc config1:52-60 mask:52-60
175 [22732043445952] INFO perfrun.perfcollector <> - hwInfo: PERF_CBOX_PMU_DETAILS
175 [22732043445952] INFO perfrun.perfcollector <> - pmu added: family: uncore_cbox, id: 8
175 [22732043445952] INFO perfrun.perfcollector <> - dir found: /sys/bus/event_source/devices/uncore_cbox_13
176 [22732043445952] INFO perfrun.perfcollector <> - format: event config:0-7 mask:0-7
176 [22732043445952] INFO perfrun.perfcollector <> - format: filter_link config1:6-8 mask:6-8
176 [22732043445952] INFO perfrun.perfcollector <> - format: filter_c6 config1:61 mask:61
176 [22732043445952] INFO perfrun.perfcollector <> - format: edge config:18 mask:18
176 [22732043445952] INFO perfrun.perfcollector <> - format: filter_isoc config1:63 mask:63
177 [22732043445952] INFO perfrun.perfcollector <> - format: filter_tid config1:0-5 mask:0-5
177 [22732043445952] INFO perfrun.perfcollector <> - format: filter_nid config1:32-47 mask:32-47
177 [22732043445952] INFO perfrun.perfcollector <> - format: filter_nc config1:62 mask:62
177 [22732043445952] INFO perfrun.perfcollector <> - format: umask config:8-15 mask:8-15
177 [22732043445952] INFO perfrun.perfcollector <> - format: tid_en config:19 mask:19
177 [22732043445952] INFO perfrun.perfcollector <> - format: thresh config:24-31 mask:24-31
178 [22732043445952] INFO perfrun.perfcollector <> - format: filter_state config1:17-23 mask:17-23
178 [22732043445952] INFO perfrun.perfcollector <> - format: filter_opc config1:52-60 mask:52-60
178 [22732043445952] INFO perfrun.perfcollector <> - hwInfo: PERF_CBOX_PMU_DETAILS
178 [22732043445952] INFO perfrun.perfcollector <> - pmu added: family: uncore_cbox, id: 13
178 [22732043445952] INFO perfrun.perfcollector <> - dir found: /sys/bus/event_source/devices/uncore_r2pcie
178 [22732043445952] INFO perfrun.perfcollector <> - format: event config:0-7 mask:0-7
179 [22732043445952] INFO perfrun.perfcollector <> - format: edge config:18 mask:18
179 [22732043445952] INFO perfrun.perfcollector <> - format: inv config:23 mask:23
179 [22732043445952] INFO perfrun.perfcollector <> - format: umask config:8-15 mask:8-15
179 [22732043445952] INFO perfrun.perfcollector <> - format: thresh config:24-31 mask:24-31
179 [22732043445952] INFO perfrun.perfcollector <> - hwInfo: not set, pmuFam: uncore_r2pcie
180 [22732043445952] INFO perfrun.perfcollector <> - pmu added: family: uncore_r2pcie, id: 0
180 [22732043445952] INFO perfrun.perfcollector <> - dir found: /sys/bus/event_source/devices/uncore_sbox_0
180 [22732043445952] INFO perfrun.perfcollector <> - format: event config:0-7 mask:0-7
180 [22732043445952] INFO perfrun.perfcollector <> - format: edge config:18 mask:18
180 [22732043445952] INFO perfrun.perfcollector <> - format: inv config:23 mask:23
181 [22732043445952] INFO perfrun.perfcollector <> - format: umask config:8-15 mask:8-15
181 [22732043445952] INFO perfrun.perfcollector <> - format: tid_en config:19 mask:19
181 [22732043445952] INFO perfrun.perfcollector <> - format: thresh config:24-31 mask:24-31
181 [22732043445952] INFO perfrun.perfcollector <> - hwInfo: not set, pmuFam: uncore_sbox
181 [22732043445952] INFO perfrun.perfcollector <> - pmu added: family: uncore_sbox, id: 0
181 [22732043445952] INFO perfrun.perfcollector <> - dir found: /sys/bus/event_source/devices/uncore_qpi_1
182 [22732043445952] INFO perfrun.perfcollector <> - format: mask_rnid4 config2:31 mask:31
182 [22732043445952] INFO perfrun.perfcollector <> - format: mask_rnid30 config2:32-35 mask:32-35
182 [22732043445952] INFO perfrun.perfcollector <> - format: match_rnid30 config1:32-35 mask:32-35
182 [22732043445952] INFO perfrun.perfcollector <> - format: event config:0-7,21 mask:0-7,21
182 [22732043445952] INFO perfrun.perfcollector <> - format: match0 config1:0-31 mask:0-31
182 [22732043445952] INFO perfrun.perfcollector <> - format: match_rds config1:48-51 mask:48-51
183 [22732043445952] INFO perfrun.perfcollector <> - format: mask_rds config2:48-51 mask:48-51
183 [22732043445952] INFO perfrun.perfcollector <> - format: edge config:18 mask:18
183 [22732043445952] INFO perfrun.perfcollector <> - format: mask1 config2:32-63 mask:32-63
183 [22732043445952] INFO perfrun.perfcollector <> - format: match_dnid config1:13-17 mask:13-17
183 [22732043445952] INFO perfrun.perfcollector <> - format: mask_dnid config2:13-17 mask:13-17
183 [22732043445952] INFO perfrun.perfcollector <> - format: match_vnw config1:3-4 mask:3-4
183 [22732043445952] INFO perfrun.perfcollector <> - format: mask_vnw config2:3-4 mask:3-4
184 [22732043445952] INFO perfrun.perfcollector <> - format: mask_mc config2:9-12 mask:9-12
184 [22732043445952] INFO perfrun.perfcollector <> - format: match1 config1:32-63 mask:32-63
184 [22732043445952] INFO perfrun.perfcollector <> - format: inv config:23 mask:23
184 [22732043445952] INFO perfrun.perfcollector <> - format: umask config:8-15 mask:8-15
184 [22732043445952] INFO perfrun.perfcollector <> - format: match_opc config1:5-8 mask:5-8
184 [22732043445952] INFO perfrun.perfcollector <> - format: mask_opc config2:5-8 mask:5-8
184 [22732043445952] INFO perfrun.perfcollector <> - format: thresh config:24-31 mask:24-31
185 [22732043445952] INFO perfrun.perfcollector <> - format: match_rnid4 config1:31 mask:31
185 [22732043445952] INFO perfrun.perfcollector <> - format: mask0 config2:0-31 mask:0-31
185 [22732043445952] INFO perfrun.perfcollector <> - format: match_mc config1:9-12 mask:9-12
185 [22732043445952] INFO perfrun.perfcollector <> - hwInfo: PERF_QPI_PMU_DETAILS
185 [22732043445952] INFO perfrun.perfcollector <> - pmu added: family: uncore_qpi, id: 1
185 [22732043445952] INFO perfrun.perfcollector <> - dir found: /sys/bus/event_source/devices/uncore_cbox_6
185 [22732043445952] INFO perfrun.perfcollector <> - format: event config:0-7 mask:0-7
185 [22732043445952] INFO perfrun.perfcollector <> - format: filter_link config1:6-8 mask:6-8
186 [22732043445952] INFO perfrun.perfcollector <> - format: filter_c6 config1:61 mask:61
186 [22732043445952] INFO perfrun.perfcollector <> - format: edge config:18 mask:18
186 [22732043445952] INFO perfrun.perfcollector <> - format: filter_isoc config1:63 mask:63
186 [22732043445952] INFO perfrun.perfcollector <> - format: filter_tid config1:0-5 mask:0-5
186 [22732043445952] INFO perfrun.perfcollector <> - format: filter_nid config1:32-47 mask:32-47
186 [22732043445952] INFO perfrun.perfcollector <> - format: filter_nc config1:62 mask:62
186 [22732043445952] INFO perfrun.perfcollector <> - format: umask config:8-15 mask:8-15
187 [22732043445952] INFO perfrun.perfcollector <> - format: tid_en config:19 mask:19
187 [22732043445952] INFO perfrun.perfcollector <> - format: thresh config:24-31 mask:24-31
187 [22732043445952] INFO perfrun.perfcollector <> - format: filter_state config1:17-23 mask:17-23
187 [22732043445952] INFO perfrun.perfcollector <> - format: filter_opc config1:52-60 mask:52-60
187 [22732043445952] INFO perfrun.perfcollector <> - hwInfo: PERF_CBOX_PMU_DETAILS
187 [22732043445952] INFO perfrun.perfcollector <> - pmu added: family: uncore_cbox, id: 6
187 [22732043445952] INFO perfrun.perfcollector <> - dir found: /sys/bus/event_source/devices/uncore_imc_1
187 [22732043445952] INFO perfrun.perfcollector <> - format: event config:0-7 mask:0-7
188 [22732043445952] INFO perfrun.perfcollector <> - format: edge config:18 mask:18
188 [22732043445952] INFO perfrun.perfcollector <> - format: inv config:23 mask:23
188 [22732043445952] INFO perfrun.perfcollector <> - format: umask config:8-15 mask:8-15
188 [22732043445952] INFO perfrun.perfcollector <> - format: thresh config:24-31 mask:24-31
188 [22732043445952] INFO perfrun.perfcollector <> - hwInfo: PERF_IMC_PMU_DETAILS
188 [22732043445952] INFO perfrun.perfcollector <> - pmu added: family: uncore_imc, id: 1
188 [22732043445952] INFO perfrun.perfcollector <> - dir found: /sys/bus/event_source/devices/power
188 [22732043445952] INFO perfrun.perfcollector <> - format: event config:0-7 mask:0-7
188 [22732043445952] INFO perfrun.perfcollector <> - hwInfo: not set, pmuFam: power
189 [22732043445952] INFO perfrun.perfcollector <> - pmu added: family: power, id: 0
189 [22732043445952] INFO perfrun.perfcollector <> - dir found: /sys/bus/event_source/devices/uncore_cbox_11
189 [22732043445952] INFO perfrun.perfcollector <> - format: event config:0-7 mask:0-7
189 [22732043445952] INFO perfrun.perfcollector <> - format: filter_link config1:6-8 mask:6-8
189 [22732043445952] INFO perfrun.perfcollector <> - format: filter_c6 config1:61 mask:61
189 [22732043445952] INFO perfrun.perfcollector <> - format: edge config:18 mask:18
189 [22732043445952] INFO perfrun.perfcollector <> - format: filter_isoc config1:63 mask:63
190 [22732043445952] INFO perfrun.perfcollector <> - format: filter_tid config1:0-5 mask:0-5
190 [22732043445952] INFO perfrun.perfcollector <> - format: filter_nid config1:32-47 mask:32-47
190 [22732043445952] INFO perfrun.perfcollector <> - format: filter_nc config1:62 mask:62
190 [22732043445952] INFO perfrun.perfcollector <> - format: umask config:8-15 mask:8-15
190 [22732043445952] INFO perfrun.perfcollector <> - format: tid_en config:19 mask:19
190 [22732043445952] INFO perfrun.perfcollector <> - format: thresh config:24-31 mask:24-31
190 [22732043445952] INFO perfrun.perfcollector <> - format: filter_state config1:17-23 mask:17-23
191 [22732043445952] INFO perfrun.perfcollector <> - format: filter_opc config1:52-60 mask:52-60
191 [22732043445952] INFO perfrun.perfcollector <> - hwInfo: PERF_CBOX_PMU_DETAILS
191 [22732043445952] INFO perfrun.perfcollector <> - pmu added: family: uncore_cbox, id: 11
191 [22732043445952] INFO perfrun.perfcollector <> - dir found: /sys/bus/event_source/devices/uncore_cbox_4
191 [22732043445952] INFO perfrun.perfcollector <> - format: event config:0-7 mask:0-7
191 [22732043445952] INFO perfrun.perfcollector <> - format: filter_link config1:6-8 mask:6-8
191 [22732043445952] INFO perfrun.perfcollector <> - format: filter_c6 config1:61 mask:61
191 [22732043445952] INFO perfrun.perfcollector <> - format: edge config:18 mask:18
192 [22732043445952] INFO perfrun.perfcollector <> - format: filter_isoc config1:63 mask:63
192 [22732043445952] INFO perfrun.perfcollector <> - format: filter_tid config1:0-5 mask:0-5
192 [22732043445952] INFO perfrun.perfcollector <> - format: filter_nid config1:32-47 mask:32-47
192 [22732043445952] INFO perfrun.perfcollector <> - format: filter_nc config1:62 mask:62
192 [22732043445952] INFO perfrun.perfcollector <> - format: umask config:8-15 mask:8-15
192 [22732043445952] INFO perfrun.perfcollector <> - format: tid_en config:19 mask:19
192 [22732043445952] INFO perfrun.perfcollector <> - format: thresh config:24-31 mask:24-31
193 [22732043445952] INFO perfrun.perfcollector <> - format: filter_state config1:17-23 mask:17-23
193 [22732043445952] INFO perfrun.perfcollector <> - format: filter_opc config1:52-60 mask:52-60
193 [22732043445952] INFO perfrun.perfcollector <> - hwInfo: PERF_CBOX_PMU_DETAILS
193 [22732043445952] INFO perfrun.perfcollector <> - pmu added: family: uncore_cbox, id: 4
193 [22732043445952] INFO perfrun.perfcollector <> - dir found: /sys/bus/event_source/devices/uprobe
193 [22732043445952] INFO perfrun.perfcollector <> - format: ref_ctr_offset config:32-63 mask:32-63
193 [22732043445952] INFO perfrun.perfcollector <> - format: retprobe config:0 mask:0
193 [22732043445952] INFO perfrun.perfcollector <> - hwInfo: not set, pmuFam: uprobe
194 [22732043445952] INFO perfrun.perfcollector <> - pmu added: family: uprobe, id: 0
194 [22732043445952] INFO perfrun.perfcollector <> - dir found: /sys/bus/event_source/devices/intel_bts
194 [22732043445952] INFO perfrun.perfcollector <> - format: pmu format subdir doesn't exist
194 [22732043445952] INFO perfrun.perfcollector <> - hwInfo: not set, pmuFam: intel_bts
194 [22732043445952] INFO perfrun.perfcollector <> - pmu added: family: intel_bts, id: 0
194 [22732043445952] INFO perfrun.perfcollector <> - dir found: /sys/bus/event_source/devices/cpu
194 [22732043445952] INFO perfrun.perfcollector <> - format: event config:0-7 mask:0-7
195 [22732043445952] INFO perfrun.perfcollector <> - format: pc config:19 mask:19
195 [22732043445952] INFO perfrun.perfcollector <> - format: in_tx config:32 mask:32
195 [22732043445952] INFO perfrun.perfcollector <> - format: edge config:18 mask:18
195 [22732043445952] INFO perfrun.perfcollector <> - format: any config:21 mask:21
195 [22732043445952] INFO perfrun.perfcollector <> - format: offcore_rsp config1:0-63 mask:0-63
195 [22732043445952] INFO perfrun.perfcollector <> - format: in_tx_cp config:33 mask:33
195 [22732043445952] INFO perfrun.perfcollector <> - format: ldlat config1:0-15 mask:0-15
195 [22732043445952] INFO perfrun.perfcollector <> - format: inv config:23 mask:23
196 [22732043445952] INFO perfrun.perfcollector <> - format: umask config:8-15 mask:8-15
196 [22732043445952] INFO perfrun.perfcollector <> - format: cmask config:24-31 mask:24-31
196 [22732043445952] INFO perfrun.perfcollector <> - hwInfo: PERF_CPU_PMU_DETAILS
196 [22732043445952] INFO perfrun.perfcollector <> - pmu added: family: cpu, id: 0
196 [22732043445952] INFO perfrun.perfcollector <> - dir found: /sys/bus/event_source/devices/uncore_r3qpi_0
196 [22732043445952] INFO perfrun.perfcollector <> - format: event config:0-7 mask:0-7
196 [22732043445952] INFO perfrun.perfcollector <> - format: edge config:18 mask:18
197 [22732043445952] INFO perfrun.perfcollector <> - format: inv config:23 mask:23
197 [22732043445952] INFO perfrun.perfcollector <> - format: umask config:8-15 mask:8-15
197 [22732043445952] INFO perfrun.perfcollector <> - format: thresh config:24-31 mask:24-31
197 [22732043445952] INFO perfrun.perfcollector <> - hwInfo: not set, pmuFam: uncore_r3qpi
197 [22732043445952] INFO perfrun.perfcollector <> - pmu added: family: uncore_r3qpi, id: 0
197 [22732043445952] INFO perfrun.perfcollector <> - dir found: /sys/bus/event_source/devices/cstate_core
197 [22732043445952] INFO perfrun.perfcollector <> - format: event config:0-63 mask:0-63
197 [22732043445952] INFO perfrun.perfcollector <> - hwInfo: not set, pmuFam: cstate_core
198 [22732043445952] INFO perfrun.perfcollector <> - pmu added: family: cstate_core, id: 0
198 [22732043445952] INFO perfrun.perfcollector <> - dir found: /sys/bus/event_source/devices/uncore_cbox_2
198 [22732043445952] INFO perfrun.perfcollector <> - format: event config:0-7 mask:0-7
198 [22732043445952] INFO perfrun.perfcollector <> - format: filter_link config1:6-8 mask:6-8
198 [22732043445952] INFO perfrun.perfcollector <> - format: filter_c6 config1:61 mask:61
198 [22732043445952] INFO perfrun.perfcollector <> - format: edge config:18 mask:18
199 [22732043445952] INFO perfrun.perfcollector <> - format: filter_isoc config1:63 mask:63
199 [22732043445952] INFO perfrun.perfcollector <> - format: filter_tid config1:0-5 mask:0-5
199 [22732043445952] INFO perfrun.perfcollector <> - format: filter_nid config1:32-47 mask:32-47
199 [22732043445952] INFO perfrun.perfcollector <> - format: filter_nc config1:62 mask:62
199 [22732043445952] INFO perfrun.perfcollector <> - format: umask config:8-15 mask:8-15
199 [22732043445952] INFO perfrun.perfcollector <> - format: tid_en config:19 mask:19
199 [22732043445952] INFO perfrun.perfcollector <> - format: thresh config:24-31 mask:24-31
199 [22732043445952] INFO perfrun.perfcollector <> - format: filter_state config1:17-23 mask:17-23
200 [22732043445952] INFO perfrun.perfcollector <> - format: filter_opc config1:52-60 mask:52-60
200 [22732043445952] INFO perfrun.perfcollector <> - hwInfo: PERF_CBOX_PMU_DETAILS
200 [22732043445952] INFO perfrun.perfcollector <> - pmu added: family: uncore_cbox, id: 2
200 [22732043445952] INFO perfrun.perfcollector <> - dir found: /sys/bus/event_source/devices/breakpoint
200 [22732043445952] INFO perfrun.perfcollector <> - format: pmu format subdir doesn't exist
200 [22732043445952] INFO perfrun.perfcollector <> - hwInfo: not set, pmuFam: breakpoint
200 [22732043445952] INFO perfrun.perfcollector <> - pmu added: family: breakpoint, id: 0
200 [22732043445952] INFO perfrun.perfcollector <> - dir found: /sys/bus/event_source/devices/uncore_ha_0
200 [22732043445952] INFO perfrun.perfcollector <> - format: event config:0-7 mask:0-7
201 [22732043445952] INFO perfrun.perfcollector <> - format: edge config:18 mask:18
201 [22732043445952] INFO perfrun.perfcollector <> - format: inv config:23 mask:23
201 [22732043445952] INFO perfrun.perfcollector <> - format: umask config:8-15 mask:8-15
201 [22732043445952] INFO perfrun.perfcollector <> - format: thresh config:24-31 mask:24-31
201 [22732043445952] INFO perfrun.perfcollector <> - hwInfo: not set, pmuFam: uncore_ha
201 [22732043445952] INFO perfrun.perfcollector <> - pmu added: family: uncore_ha, id: 0
201 [22732043445952] INFO perfrun.perfcollector <> - dir found: /sys/bus/event_source/devices/uncore_cbox_0
201 [22732043445952] INFO perfrun.perfcollector <> - format: event config:0-7 mask:0-7
202 [22732043445952] INFO perfrun.perfcollector <> - format: filter_link config1:6-8 mask:6-8
202 [22732043445952] INFO perfrun.perfcollector <> - format: filter_c6 config1:61 mask:61
202 [22732043445952] INFO perfrun.perfcollector <> - format: edge config:18 mask:18
202 [22732043445952] INFO perfrun.perfcollector <> - format: filter_isoc config1:63 mask:63
202 [22732043445952] INFO perfrun.perfcollector <> - format: filter_tid config1:0-5 mask:0-5
202 [22732043445952] INFO perfrun.perfcollector <> - format: filter_nid config1:32-47 mask:32-47
202 [22732043445952] INFO perfrun.perfcollector <> - format: filter_nc config1:62 mask:62
202 [22732043445952] INFO perfrun.perfcollector <> - format: umask config:8-15 mask:8-15
203 [22732043445952] INFO perfrun.perfcollector <> - format: tid_en config:19 mask:19
203 [22732043445952] INFO perfrun.perfcollector <> - format: thresh config:24-31 mask:24-31
203 [22732043445952] INFO perfrun.perfcollector <> - format: filter_state config1:17-23 mask:17-23
203 [22732043445952] INFO perfrun.perfcollector <> - format: filter_opc config1:52-60 mask:52-60
203 [22732043445952] INFO perfrun.perfcollector <> - hwInfo: PERF_CBOX_PMU_DETAILS
203 [22732043445952] INFO perfrun.perfcollector <> - pmu added: family: uncore_cbox, id: 0
203 [22732043445952] INFO perfrun.perfcollector <> - dir found: /sys/bus/event_source/devices/tracepoint
203 [22732043445952] INFO perfrun.perfcollector <> - format: pmu format subdir doesn't exist
203 [22732043445952] INFO perfrun.perfcollector <> - hwInfo: not set, pmuFam: tracepoint
204 [22732043445952] INFO perfrun.perfcollector <> - pmu added: family: tracepoint, id: 0
204 [22732043445952] INFO perfrun.perfcollector <> - dir found: /sys/bus/event_source/devices/uncore_sbox_3
204 [22732043445952] INFO perfrun.perfcollector <> - format: event config:0-7 mask:0-7
204 [22732043445952] INFO perfrun.perfcollector <> - format: edge config:18 mask:18
204 [22732043445952] INFO perfrun.perfcollector <> - format: inv config:23 mask:23
204 [22732043445952] INFO perfrun.perfcollector <> - format: umask config:8-15 mask:8-15
204 [22732043445952] INFO perfrun.perfcollector <> - format: tid_en config:19 mask:19
205 [22732043445952] INFO perfrun.perfcollector <> - format: thresh config:24-31 mask:24-31
205 [22732043445952] INFO perfrun.perfcollector <> - hwInfo: not set, pmuFam: uncore_sbox
205 [22732043445952] INFO perfrun.perfcollector <> - pmu added: family: uncore_sbox, id: 3
205 [22732043445952] INFO perfrun.perfcollector <> - dir found: /sys/bus/event_source/devices/uncore_cbox_9
205 [22732043445952] INFO perfrun.perfcollector <> - format: event config:0-7 mask:0-7
205 [22732043445952] INFO perfrun.perfcollector <> - format: filter_link config1:6-8 mask:6-8
205 [22732043445952] INFO perfrun.perfcollector <> - format: filter_c6 config1:61 mask:61
205 [22732043445952] INFO perfrun.perfcollector <> - format: edge config:18 mask:18
206 [22732043445952] INFO perfrun.perfcollector <> - format: filter_isoc config1:63 mask:63
206 [22732043445952] INFO perfrun.perfcollector <> - format: filter_tid config1:0-5 mask:0-5
206 [22732043445952] INFO perfrun.perfcollector <> - format: filter_nid config1:32-47 mask:32-47
206 [22732043445952] INFO perfrun.perfcollector <> - format: filter_nc config1:62 mask:62
206 [22732043445952] INFO perfrun.perfcollector <> - format: umask config:8-15 mask:8-15
206 [22732043445952] INFO perfrun.perfcollector <> - format: tid_en config:19 mask:19
206 [22732043445952] INFO perfrun.perfcollector <> - format: thresh config:24-31 mask:24-31
207 [22732043445952] INFO perfrun.perfcollector <> - format: filter_state config1:17-23 mask:17-23
207 [22732043445952] INFO perfrun.perfcollector <> - format: filter_opc config1:52-60 mask:52-60
207 [22732043445952] INFO perfrun.perfcollector <> - hwInfo: PERF_CBOX_PMU_DETAILS
207 [22732043445952] INFO perfrun.perfcollector <> - pmu added: family: uncore_cbox, id: 9
207 [22732043445952] INFO perfrun.perfcollector <> - dir found: /sys/bus/event_source/devices/cstate_pkg
207 [22732043445952] INFO perfrun.perfcollector <> - format: event config:0-63 mask:0-63
207 [22732043445952] INFO perfrun.perfcollector <> - hwInfo: not set, pmuFam: cstate_pkg
208 [22732043445952] INFO perfrun.perfcollector <> - pmu added: family: cstate_pkg, id: 0
208 [22732043445952] INFO perfrun.perfcollector <> - dir found: /sys/bus/event_source/devices/uncore_imc_4
208 [22732043445952] INFO perfrun.perfcollector <> - format: event config:0-7 mask:0-7
208 [22732043445952] INFO perfrun.perfcollector <> - format: edge config:18 mask:18
208 [22732043445952] INFO perfrun.perfcollector <> - format: inv config:23 mask:23
208 [22732043445952] INFO perfrun.perfcollector <> - format: umask config:8-15 mask:8-15
208 [22732043445952] INFO perfrun.perfcollector <> - format: thresh config:24-31 mask:24-31
208 [22732043445952] INFO perfrun.perfcollector <> - hwInfo: PERF_IMC_PMU_DETAILS
209 [22732043445952] INFO perfrun.perfcollector <> - pmu added: family: uncore_imc, id: 4
209 [22732043445952] INFO perfrun.perfcollector <> - dir found: /sys/bus/event_source/devices/uncore_ubox
209 [22732043445952] INFO perfrun.perfcollector <> - format: event config:0-7 mask:0-7
209 [22732043445952] INFO perfrun.perfcollector <> - format: edge config:18 mask:18
209 [22732043445952] INFO perfrun.perfcollector <> - format: inv config:23 mask:23
209 [22732043445952] INFO perfrun.perfcollector <> - format: umask config:8-15 mask:8-15
210 [22732043445952] INFO perfrun.perfcollector <> - format: thresh config:24-28 mask:24-28
210 [22732043445952] INFO perfrun.perfcollector <> - hwInfo: not set, pmuFam: uncore_ubox
210 [22732043445952] INFO perfrun.perfcollector <> - pmu added: family: uncore_ubox, id: 0
210 [22732043445952] INFO perfrun.perfcollector <> - dir found: /sys/bus/event_source/devices/uncore_sbox_1
210 [22732043445952] INFO perfrun.perfcollector <> - format: event config:0-7 mask:0-7
210 [22732043445952] INFO perfrun.perfcollector <> - format: edge config:18 mask:18
210 [22732043445952] INFO perfrun.perfcollector <> - format: inv config:23 mask:23
210 [22732043445952] INFO perfrun.perfcollector <> - format: umask config:8-15 mask:8-15
211 [22732043445952] INFO perfrun.perfcollector <> - format: tid_en config:19 mask:19
211 [22732043445952] INFO perfrun.perfcollector <> - format: thresh config:24-31 mask:24-31
211 [22732043445952] INFO perfrun.perfcollector <> - hwInfo: not set, pmuFam: uncore_sbox
211 [22732043445952] INFO perfrun.perfcollector <> - pmu added: family: uncore_sbox, id: 1
211 [22732043445952] INFO perfrun.perfcollector <> - dir found: /sys/bus/event_source/devices/uncore_cbox_7
211 [22732043445952] INFO perfrun.perfcollector <> - format: event config:0-7 mask:0-7
211 [22732043445952] INFO perfrun.perfcollector <> - format: filter_link config1:6-8 mask:6-8
212 [22732043445952] INFO perfrun.perfcollector <> - format: filter_c6 config1:61 mask:61
212 [22732043445952] INFO perfrun.perfcollector <> - format: edge config:18 mask:18
212 [22732043445952] INFO perfrun.perfcollector <> - format: filter_isoc config1:63 mask:63
212 [22732043445952] INFO perfrun.perfcollector <> - format: filter_tid config1:0-5 mask:0-5
212 [22732043445952] INFO perfrun.perfcollector <> - format: filter_nid config1:32-47 mask:32-47
212 [22732043445952] INFO perfrun.perfcollector <> - format: filter_nc config1:62 mask:62
212 [22732043445952] INFO perfrun.perfcollector <> - format: umask config:8-15 mask:8-15
212 [22732043445952] INFO perfrun.perfcollector <> - format: tid_en config:19 mask:19
213 [22732043445952] INFO perfrun.perfcollector <> - format: thresh config:24-31 mask:24-31
213 [22732043445952] INFO perfrun.perfcollector <> - format: filter_state config1:17-23 mask:17-23
213 [22732043445952] INFO perfrun.perfcollector <> - format: filter_opc config1:52-60 mask:52-60
213 [22732043445952] INFO perfrun.perfcollector <> - hwInfo: PERF_CBOX_PMU_DETAILS
213 [22732043445952] INFO perfrun.perfcollector <> - pmu added: family: uncore_cbox, id: 7
213 [22732043445952] INFO perfrun.perfcollector <> - dir found: /sys/bus/event_source/devices/uncore_cbox_12
213 [22732043445952] INFO perfrun.perfcollector <> - format: event config:0-7 mask:0-7
213 [22732043445952] INFO perfrun.perfcollector <> - format: filter_link config1:6-8 mask:6-8
214 [22732043445952] INFO perfrun.perfcollector <> - format: filter_c6 config1:61 mask:61
214 [22732043445952] INFO perfrun.perfcollector <> - format: edge config:18 mask:18
214 [22732043445952] INFO perfrun.perfcollector <> - format: filter_isoc config1:63 mask:63
214 [22732043445952] INFO perfrun.perfcollector <> - format: filter_tid config1:0-5 mask:0-5
214 [22732043445952] INFO perfrun.perfcollector <> - format: filter_nid config1:32-47 mask:32-47
214 [22732043445952] INFO perfrun.perfcollector <> - format: filter_nc config1:62 mask:62
214 [22732043445952] INFO perfrun.perfcollector <> - format: umask config:8-15 mask:8-15
215 [22732043445952] INFO perfrun.perfcollector <> - format: tid_en config:19 mask:19
215 [22732043445952] INFO perfrun.perfcollector <> - format: thresh config:24-31 mask:24-31
215 [22732043445952] INFO perfrun.perfcollector <> - format: filter_state config1:17-23 mask:17-23
215 [22732043445952] INFO perfrun.perfcollector <> - format: filter_opc config1:52-60 mask:52-60
215 [22732043445952] INFO perfrun.perfcollector <> - hwInfo: PERF_CBOX_PMU_DETAILS
215 [22732043445952] INFO perfrun.perfcollector <> - pmu added: family: uncore_cbox, id: 12
215 [22732043445952] INFO perfrun.perfcollector <> - dir found: /sys/bus/event_source/devices/kprobe
215 [22732043445952] INFO perfrun.perfcollector <> - format: retprobe config:0 mask:0
215 [22732043445952] INFO perfrun.perfcollector <> - hwInfo: not set, pmuFam: kprobe
216 [22732043445952] INFO perfrun.perfcollector <> - pmu added: family: kprobe, id: 0
216 [22732043445952] INFO perfrun.perfcollector <> - dir found: /sys/bus/event_source/devices/uncore_qpi_0
216 [22732043445952] INFO perfrun.perfcollector <> - format: mask_rnid4 config2:31 mask:31
216 [22732043445952] INFO perfrun.perfcollector <> - format: mask_rnid30 config2:32-35 mask:32-35
216 [22732043445952] INFO perfrun.perfcollector <> - format: match_rnid30 config1:32-35 mask:32-35
216 [22732043445952] INFO perfrun.perfcollector <> - format: event config:0-7,21 mask:0-7,21
216 [22732043445952] INFO perfrun.perfcollector <> - format: match0 config1:0-31 mask:0-31
217 [22732043445952] INFO perfrun.perfcollector <> - format: match_rds config1:48-51 mask:48-51
217 [22732043445952] INFO perfrun.perfcollector <> - format: mask_rds config2:48-51 mask:48-51
217 [22732043445952] INFO perfrun.perfcollector <> - format: edge config:18 mask:18
217 [22732043445952] INFO perfrun.perfcollector <> - format: mask1 config2:32-63 mask:32-63
217 [22732043445952] INFO perfrun.perfcollector <> - format: match_dnid config1:13-17 mask:13-17
217 [22732043445952] INFO perfrun.perfcollector <> - format: mask_dnid config2:13-17 mask:13-17
217 [22732043445952] INFO perfrun.perfcollector <> - format: match_vnw config1:3-4 mask:3-4
218 [22732043445952] INFO perfrun.perfcollector <> - format: mask_vnw config2:3-4 mask:3-4
218 [22732043445952] INFO perfrun.perfcollector <> - format: mask_mc config2:9-12 mask:9-12
218 [22732043445952] INFO perfrun.perfcollector <> - format: match1 config1:32-63 mask:32-63
218 [22732043445952] INFO perfrun.perfcollector <> - format: inv config:23 mask:23
218 [22732043445952] INFO perfrun.perfcollector <> - format: umask config:8-15 mask:8-15
218 [22732043445952] INFO perfrun.perfcollector <> - format: match_opc config1:5-8 mask:5-8
218 [22732043445952] INFO perfrun.perfcollector <> - format: mask_opc config2:5-8 mask:5-8
219 [22732043445952] INFO perfrun.perfcollector <> - format: thresh config:24-31 mask:24-31
219 [22732043445952] INFO perfrun.perfcollector <> - format: match_rnid4 config1:31 mask:31
219 [22732043445952] INFO perfrun.perfcollector <> - format: mask0 config2:0-31 mask:0-31
219 [22732043445952] INFO perfrun.perfcollector <> - format: match_mc config1:9-12 mask:9-12
219 [22732043445952] INFO perfrun.perfcollector <> - hwInfo: PERF_QPI_PMU_DETAILS
219 [22732043445952] INFO perfrun.perfcollector <> - pmu added: family: uncore_qpi, id: 0
219 [22732043445952] INFO perfrun.perfcollector <> - dir found: /sys/bus/event_source/devices/uncore_cbox_5
220 [22732043445952] INFO perfrun.perfcollector <> - format: event config:0-7 mask:0-7
220 [22732043445952] INFO perfrun.perfcollector <> - format: filter_link config1:6-8 mask:6-8
220 [22732043445952] INFO perfrun.perfcollector <> - format: filter_c6 config1:61 mask:61
220 [22732043445952] INFO perfrun.perfcollector <> - format: edge config:18 mask:18
220 [22732043445952] INFO perfrun.perfcollector <> - format: filter_isoc config1:63 mask:63
220 [22732043445952] INFO perfrun.perfcollector <> - format: filter_tid config1:0-5 mask:0-5
220 [22732043445952] INFO perfrun.perfcollector <> - format: filter_nid config1:32-47 mask:32-47
221 [22732043445952] INFO perfrun.perfcollector <> - format: filter_nc config1:62 mask:62
221 [22732043445952] INFO perfrun.perfcollector <> - format: umask config:8-15 mask:8-15
221 [22732043445952] INFO perfrun.perfcollector <> - format: tid_en config:19 mask:19
221 [22732043445952] INFO perfrun.perfcollector <> - format: thresh config:24-31 mask:24-31
221 [22732043445952] INFO perfrun.perfcollector <> - format: filter_state config1:17-23 mask:17-23
221 [22732043445952] INFO perfrun.perfcollector <> - format: filter_opc config1:52-60 mask:52-60
221 [22732043445952] INFO perfrun.perfcollector <> - hwInfo: PERF_CBOX_PMU_DETAILS
221 [22732043445952] INFO perfrun.perfcollector <> - pmu added: family: uncore_cbox, id: 5
221 [22732043445952] INFO perfrun.perfcollector <> - dir found: /sys/bus/event_source/devices/uncore_imc_0
222 [22732043445952] INFO perfrun.perfcollector <> - format: event config:0-7 mask:0-7
222 [22732043445952] INFO perfrun.perfcollector <> - format: edge config:18 mask:18
222 [22732043445952] INFO perfrun.perfcollector <> - format: inv config:23 mask:23
222 [22732043445952] INFO perfrun.perfcollector <> - format: umask config:8-15 mask:8-15
222 [22732043445952] INFO perfrun.perfcollector <> - format: thresh config:24-31 mask:24-31
222 [22732043445952] INFO perfrun.perfcollector <> - hwInfo: PERF_IMC_PMU_DETAILS
223 [22732043445952] INFO perfrun.perfcollector <> - pmu added: family: uncore_imc, id: 0
223 [22732043445952] INFO perfrun.perfcollector <> - dir found: /sys/bus/event_source/devices/uncore_cbox_10
223 [22732043445952] INFO perfrun.perfcollector <> - format: event config:0-7 mask:0-7
223 [22732043445952] INFO perfrun.perfcollector <> - format: filter_link config1:6-8 mask:6-8
223 [22732043445952] INFO perfrun.perfcollector <> - format: filter_c6 config1:61 mask:61
223 [22732043445952] INFO perfrun.perfcollector <> - format: edge config:18 mask:18
223 [22732043445952] INFO perfrun.perfcollector <> - format: filter_isoc config1:63 mask:63
224 [22732043445952] INFO perfrun.perfcollector <> - format: filter_tid config1:0-5 mask:0-5
224 [22732043445952] INFO perfrun.perfcollector <> - format: filter_nid config1:32-47 mask:32-47
224 [22732043445952] INFO perfrun.perfcollector <> - format: filter_nc config1:62 mask:62
224 [22732043445952] INFO perfrun.perfcollector <> - format: umask config:8-15 mask:8-15
224 [22732043445952] INFO perfrun.perfcollector <> - format: tid_en config:19 mask:19
224 [22732043445952] INFO perfrun.perfcollector <> - format: thresh config:24-31 mask:24-31
224 [22732043445952] INFO perfrun.perfcollector <> - format: filter_state config1:17-23 mask:17-23
224 [22732043445952] INFO perfrun.perfcollector <> - format: filter_opc config1:52-60 mask:52-60
224 [22732043445952] INFO perfrun.perfcollector <> - hwInfo: PERF_CBOX_PMU_DETAILS
225 [22732043445952] INFO perfrun.perfcollector <> - pmu added: family: uncore_cbox, id: 10
225 [22732043445952] INFO perfrun.perfcollector <> - dir found: /sys/bus/event_source/devices/uncore_pcu
225 [22732043445952] INFO perfrun.perfcollector <> - format: filter_band2 config1:16-23 mask:16-23
225 [22732043445952] INFO perfrun.perfcollector <> - format: event config:0-7 mask:0-7
225 [22732043445952] INFO perfrun.perfcollector <> - format: filter_band0 config1:0-7 mask:0-7
225 [22732043445952] INFO perfrun.perfcollector <> - format: edge config:18 mask:18
225 [22732043445952] INFO perfrun.perfcollector <> - format: occ_invert config:30 mask:30
226 [22732043445952] INFO perfrun.perfcollector <> - format: occ_edge config:14-51 mask:14-51
226 [22732043445952] INFO perfrun.perfcollector <> - format: filter_band3 config1:24-31 mask:24-31
226 [22732043445952] INFO perfrun.perfcollector <> - format: filter_band1 config1:8-15 mask:8-15
226 [22732043445952] INFO perfrun.perfcollector <> - format: inv config:23 mask:23
226 [22732043445952] INFO perfrun.perfcollector <> - format: thresh config:24-28 mask:24-28
226 [22732043445952] INFO perfrun.perfcollector <> - format: occ_sel config:14-15 mask:14-15
226 [22732043445952] INFO perfrun.perfcollector <> - hwInfo: not set, pmuFam: uncore_pcu
226 [22732043445952] INFO perfrun.perfcollector <> - pmu added: family: uncore_pcu, id: 0
226 [22732043445952] INFO perfrun.perfcollector <> - dir found: /sys/bus/event_source/devices/uncore_r3qpi_1
227 [22732043445952] INFO perfrun.perfcollector <> - format: event config:0-7 mask:0-7
227 [22732043445952] INFO perfrun.perfcollector <> - format: edge config:18 mask:18
227 [22732043445952] INFO perfrun.perfcollector <> - format: inv config:23 mask:23
227 [22732043445952] INFO perfrun.perfcollector <> - format: umask config:8-15 mask:8-15
227 [22732043445952] INFO perfrun.perfcollector <> - format: thresh config:24-31 mask:24-31
227 [22732043445952] INFO perfrun.perfcollector <> - hwInfo: not set, pmuFam: uncore_r3qpi
227 [22732043445952] INFO perfrun.perfcollector <> - pmu added: family: uncore_r3qpi, id: 1
227 [22732043445952] INFO perfrun.perfcollector <> - dir found: /sys/bus/event_source/devices/msr
228 [22732043445952] INFO perfrun.perfcollector <> - format: event config:0-63 mask:0-63
228 [22732043445952] INFO perfrun.perfcollector <> - hwInfo: not set, pmuFam: msr
228 [22732043445952] INFO perfrun.perfcollector <> - pmu added: family: msr, id: 0
228 [22732043445952] INFO perfrun.perfcollector <> - dir found: /sys/bus/event_source/devices/uncore_cbox_3
228 [22732043445952] INFO perfrun.perfcollector <> - format: event config:0-7 mask:0-7
228 [22732043445952] INFO perfrun.perfcollector <> - format: filter_link config1:6-8 mask:6-8
228 [22732043445952] INFO perfrun.perfcollector <> - format: filter_c6 config1:61 mask:61
228 [22732043445952] INFO perfrun.perfcollector <> - format: edge config:18 mask:18
229 [22732043445952] INFO perfrun.perfcollector <> - format: filter_isoc config1:63 mask:63
229 [22732043445952] INFO perfrun.perfcollector <> - format: filter_tid config1:0-5 mask:0-5
229 [22732043445952] INFO perfrun.perfcollector <> - format: filter_nid config1:32-47 mask:32-47
229 [22732043445952] INFO perfrun.perfcollector <> - format: filter_nc config1:62 mask:62
229 [22732043445952] INFO perfrun.perfcollector <> - format: umask config:8-15 mask:8-15
229 [22732043445952] INFO perfrun.perfcollector <> - format: tid_en config:19 mask:19
229 [22732043445952] INFO perfrun.perfcollector <> - format: thresh config:24-31 mask:24-31
229 [22732043445952] INFO perfrun.perfcollector <> - format: filter_state config1:17-23 mask:17-23
230 [22732043445952] INFO perfrun.perfcollector <> - format: filter_opc config1:52-60 mask:52-60
230 [22732043445952] INFO perfrun.perfcollector <> - hwInfo: PERF_CBOX_PMU_DETAILS
230 [22732043445952] INFO perfrun.perfcollector <> - pmu added: family: uncore_cbox, id: 3
230 [22732043445952] INFO perfrun.perfcollector <> - dir found: /sys/bus/event_source/devices/intel_pt
230 [22732043445952] INFO perfrun.perfcollector <> - format: ptw config:12 mask:12
230 [22732043445952] INFO perfrun.perfcollector <> - format: event config:31 mask:31
230 [22732043445952] INFO perfrun.perfcollector <> - format: cyc_thresh config:19-22 mask:19-22
231 [22732043445952] INFO perfrun.perfcollector <> - format: pt config:0 mask:0
231 [22732043445952] INFO perfrun.perfcollector <> - format: notnt config:55 mask:55
231 [22732043445952] INFO perfrun.perfcollector <> - format: branch config:13 mask:13
231 [22732043445952] INFO perfrun.perfcollector <> - format: tsc config:10 mask:10
231 [22732043445952] INFO perfrun.perfcollector <> - format: pwr_evt config:4 mask:4
231 [22732043445952] INFO perfrun.perfcollector <> - format: fup_on_ptw config:5 mask:5
231 [22732043445952] INFO perfrun.perfcollector <> - format: cyc config:1 mask:1
232 [22732043445952] INFO perfrun.perfcollector <> - format: noretcomp config:11 mask:11
232 [22732043445952] INFO perfrun.perfcollector <> - format: mtc config:9 mask:9
232 [22732043445952] INFO perfrun.perfcollector <> - format: psb_period config:24-27 mask:24-27
232 [22732043445952] INFO perfrun.perfcollector <> - format: mtc_period config:14-17 mask:14-17
232 [22732043445952] INFO perfrun.perfcollector <> - hwInfo: not set, pmuFam: intel_pt
232 [22732043445952] INFO perfrun.perfcollector <> - pmu added: family: intel_pt, id: 0
232 [22732043445952] INFO perfrun.perfcollector <> - dir found: /sys/bus/event_source/devices/uncore_ha_1
232 [22732043445952] INFO perfrun.perfcollector <> - format: event config:0-7 mask:0-7
233 [22732043445952] INFO perfrun.perfcollector <> - format: edge config:18 mask:18
233 [22732043445952] INFO perfrun.perfcollector <> - format: inv config:23 mask:23
233 [22732043445952] INFO perfrun.perfcollector <> - format: umask config:8-15 mask:8-15
233 [22732043445952] INFO perfrun.perfcollector <> - format: thresh config:24-31 mask:24-31
233 [22732043445952] INFO perfrun.perfcollector <> - hwInfo: not set, pmuFam: uncore_ha
233 [22732043445952] INFO perfrun.perfcollector <> - pmu added: family: uncore_ha, id: 1
233 [22732043445952] INFO perfrun.perfcollector <> - dir found: /sys/bus/event_source/devices/uncore_cbox_1
234 [22732043445952] INFO perfrun.perfcollector <> - format: event config:0-7 mask:0-7
234 [22732043445952] INFO perfrun.perfcollector <> - format: filter_link config1:6-8 mask:6-8
234 [22732043445952] INFO perfrun.perfcollector <> - format: filter_c6 config1:61 mask:61
234 [22732043445952] INFO perfrun.perfcollector <> - format: edge config:18 mask:18
234 [22732043445952] INFO perfrun.perfcollector <> - format: filter_isoc config1:63 mask:63
234 [22732043445952] INFO perfrun.perfcollector <> - format: filter_tid config1:0-5 mask:0-5
234 [22732043445952] INFO perfrun.perfcollector <> - format: filter_nid config1:32-47 mask:32-47
234 [22732043445952] INFO perfrun.perfcollector <> - format: filter_nc config1:62 mask:62
235 [22732043445952] INFO perfrun.perfcollector <> - format: umask config:8-15 mask:8-15
235 [22732043445952] INFO perfrun.perfcollector <> - format: tid_en config:19 mask:19
235 [22732043445952] INFO perfrun.perfcollector <> - format: thresh config:24-31 mask:24-31
235 [22732043445952] INFO perfrun.perfcollector <> - format: filter_state config1:17-23 mask:17-23
235 [22732043445952] INFO perfrun.perfcollector <> - format: filter_opc config1:52-60 mask:52-60
235 [22732043445952] INFO perfrun.perfcollector <> - hwInfo: PERF_CBOX_PMU_DETAILS
235 [22732043445952] INFO perfrun.perfcollector <> - pmu added: family: uncore_cbox, id: 1
235 [22732043445952] INFO perfrun.sdk <> - runCmd: /opt/intel/oneapi/vtune/2023.1.0/bin64/sep -dry-run -sam 1 -ec CPU_CLK_UNHALTED.THREAD,CPU_CLK_UNHALTED.REF_TSC:sample:sa=2400000,INST_RETIRED.ANY:sample:sa=2400000,CPU_CLK_UNHALTED.REF_XCLK,CPU_CLK_UNHALTED.ONE_THREAD_ACTIVE,FP_ARITH_INST_RETIRED.SCALAR_SINGLE,FP_ARITH_INST_RETIRED.128B_PACKED_SINGLE,FP_ARITH_INST_RETIRED.256B_PACKED_SINGLE,FP_ARITH_INST_RETIRED.SCALAR_DOUBLE,FP_ARITH_INST_RETIRED.128B_PACKED_DOUBLE,FP_ARITH_INST_RETIRED.256B_PACKED_DOUBLE,INST_RETIRED.X87,UOPS_RETIRED.RETIRE_SLOTS:sample:sa=2000003 -experimental
236 [22732043445952] INFO perfrun.sdk <> - runCmd started PID 3881881
296 [22732043445952] INFO perfrun.perfcollector <> - SepDryRun RC = true
300 [22732043445952] INFO perfrun.perfcollector <> - DRY_RUN: "PMU type: Core (core)"
300 [22732043445952] INFO perfrun.perfcollector <> - pmu type: cpu
300 [22732043445952] INFO perfrun.perfcollector <> - DRY_RUN: "Group 0:"
300 [22732043445952] INFO perfrun.perfcollector <> - id: 0
300 [22732043445952] INFO perfrun.perfcollector <> - DRY_RUN: "INST_RETIRED.ANY: event id 2"
300 [22732043445952] INFO perfrun.perfcollector <> - eventName: INST_RETIRED.ANY, eventId: 2
300 [22732043445952] INFO perfrun.perfcollector <> - DRY_RUN: "CPU_CLK_UNHALTED.THREAD: event id 0"
300 [22732043445952] INFO perfrun.perfcollector <> - eventName: CPU_CLK_UNHALTED.THREAD, eventId: 0
300 [22732043445952] INFO perfrun.perfcollector <> - DRY_RUN: "CPU_CLK_UNHALTED.REF_TSC: event id 1"
300 [22732043445952] INFO perfrun.perfcollector <> - eventName: CPU_CLK_UNHALTED.REF_TSC, eventId: 1
300 [22732043445952] INFO perfrun.perfcollector <> - DRY_RUN: "FP_ARITH_INST_RETIRED.SCALAR_SINGLE: event id 5"
300 [22732043445952] INFO perfrun.perfcollector <> - eventName: FP_ARITH_INST_RETIRED.SCALAR_SINGLE, eventId: 5
300 [22732043445952] INFO perfrun.perfcollector <> - DRY_RUN: "FP_ARITH_INST_RETIRED.128B_PACKED_SINGLE: event id 6"
300 [22732043445952] INFO perfrun.perfcollector <> - eventName: FP_ARITH_INST_RETIRED.128B_PACKED_SINGLE, eventId: 6
300 [22732043445952] INFO perfrun.perfcollector <> - DRY_RUN: "FP_ARITH_INST_RETIRED.256B_PACKED_SINGLE: event id 7"
300 [22732043445952] INFO perfrun.perfcollector <> - eventName: FP_ARITH_INST_RETIRED.256B_PACKED_SINGLE, eventId: 7
300 [22732043445952] INFO perfrun.perfcollector <> - DRY_RUN: "FP_ARITH_INST_RETIRED.SCALAR_DOUBLE: event id 8"
300 [22732043445952] INFO perfrun.perfcollector <> - eventName: FP_ARITH_INST_RETIRED.SCALAR_DOUBLE, eventId: 8
300 [22732043445952] INFO perfrun.perfcollector <> - DRY_RUN: "CPU_CLK_UNHALTED.REF_XCLK: event id 3"
300 [22732043445952] INFO perfrun.perfcollector <> - eventName: CPU_CLK_UNHALTED.REF_XCLK, eventId: 3
300 [22732043445952] INFO perfrun.perfcollector <> - DRY_RUN: "CPU_CLK_UNHALTED.ONE_THREAD_ACTIVE: event id 4"
300 [22732043445952] INFO perfrun.perfcollector <> - eventName: CPU_CLK_UNHALTED.ONE_THREAD_ACTIVE, eventId: 4
300 [22732043445952] INFO perfrun.perfcollector <> - DRY_RUN: "INST_RETIRED.X87: event id 11"
300 [22732043445952] INFO perfrun.perfcollector <> - eventName: INST_RETIRED.X87, eventId: 11
300 [22732043445952] INFO perfrun.perfcollector <> - DRY_RUN: "UOPS_RETIRED.RETIRE_SLOTS: event id 12"
300 [22732043445952] INFO perfrun.perfcollector <> - eventName: UOPS_RETIRED.RETIRE_SLOTS, eventId: 12
300 [22732043445952] INFO perfrun.perfcollector <> - DRY_RUN: "CCCR"
300 [22732043445952] INFO perfrun.perfcollector <> - DRY_RUN: "reg_type       = 1	event_id       = g	reg_id         = 38f	reg_value      = 7000000ff"
300 [22732043445952] INFO perfrun.perfcollector <> - eventId: g, skip parsing event_id
300 [22732043445952] INFO perfrun.perfcollector <> - Register was ignored: group_id: 0, reg_type: 1, event_id: 4294967295, reg_id: 38f, reg_value: 7000000ff, pmu_name: cpu
300 [22732043445952] INFO perfrun.perfcollector <> - DRY_RUN: "reg_type       = 1	event_id       = g	reg_id         = 390	reg_value      = 7000000ff"
300 [22732043445952] INFO perfrun.perfcollector <> - eventId: g, skip parsing event_id
300 [22732043445952] INFO perfrun.perfcollector <> - Register was ignored: group_id: 0, reg_type: 1, event_id: 4294967295, reg_id: 390, reg_value: 7000000ff, pmu_name: cpu
300 [22732043445952] INFO perfrun.perfcollector <> - DRY_RUN: "reg_type       = 1	event_id       = g	reg_id         = 3f1	reg_value      = 0"
300 [22732043445952] INFO perfrun.perfcollector <> - eventId: g, skip parsing event_id
300 [22732043445952] INFO perfrun.perfcollector <> - Register was ignored: group_id: 0, reg_type: 1, event_id: 4294967295, reg_id: 3f1, reg_value: 0, pmu_name: cpu
300 [22732043445952] INFO perfrun.perfcollector <> - DRY_RUN: "reg_type       = 1	event_id       = g	reg_id         = 1d9	reg_value      = 1800"
300 [22732043445952] INFO perfrun.perfcollector <> - eventId: g, skip parsing event_id
300 [22732043445952] INFO perfrun.perfcollector <> - Register was ignored: group_id: 0, reg_type: 1, event_id: 4294967295, reg_id: 1d9, reg_value: 1800, pmu_name: cpu
300 [22732043445952] INFO perfrun.perfcollector <> - DRY_RUN: "reg_type       = 1	event_id       = g	reg_id         = 38d	reg_value      = bbb"
300 [22732043445952] INFO perfrun.perfcollector <> - eventId: g, skip parsing event_id
300 [22732043445952] INFO perfrun.perfcollector <> - Register was ignored: group_id: 0, reg_type: 1, event_id: 4294967295, reg_id: 38d, reg_value: bbb, pmu_name: cpu
300 [22732043445952] INFO perfrun.perfcollector <> - DRY_RUN: "reg_type       = 1	event_id       = 5	reg_id         = 186	reg_value      = 5302c7"
300 [22732043445952] INFO perfrun.perfcollector <> - Event selector: group_id: 0, reg_type: 1, event_id: 5, reg_id: 186, reg_value: 5302c7, pmu_name: cpu
300 [22732043445952] INFO perfrun.perfcollector <> - DRY_RUN: "reg_type       = 1	event_id       = 6	reg_id         = 187	reg_value      = 5308c7"
300 [22732043445952] INFO perfrun.perfcollector <> - Event selector: group_id: 0, reg_type: 1, event_id: 6, reg_id: 187, reg_value: 5308c7, pmu_name: cpu
300 [22732043445952] INFO perfrun.perfcollector <> - DRY_RUN: "reg_type       = 1	event_id       = 7	reg_id         = 188	reg_value      = 5320c7"
300 [22732043445952] INFO perfrun.perfcollector <> - Event selector: group_id: 0, reg_type: 1, event_id: 7, reg_id: 188, reg_value: 5320c7, pmu_name: cpu
300 [22732043445952] INFO perfrun.perfcollector <> - DRY_RUN: "reg_type       = 1	event_id       = 8	reg_id         = 189	reg_value      = 5301c7"
300 [22732043445952] INFO perfrun.perfcollector <> - Event selector: group_id: 0, reg_type: 1, event_id: 8, reg_id: 189, reg_value: 5301c7, pmu_name: cpu
300 [22732043445952] INFO perfrun.perfcollector <> - DRY_RUN: "reg_type       = 1	event_id       = 3	reg_id         = 18a	reg_value      = 53013c"
300 [22732043445952] INFO perfrun.perfcollector <> - Event selector: group_id: 0, reg_type: 1, event_id: 3, reg_id: 18a, reg_value: 53013c, pmu_name: cpu
300 [22732043445952] INFO perfrun.perfcollector <> - DRY_RUN: "reg_type       = 1	event_id       = 4	reg_id         = 18b	reg_value      = 53023c"
300 [22732043445952] INFO perfrun.perfcollector <> - Event selector: group_id: 0, reg_type: 1, event_id: 4, reg_id: 18b, reg_value: 53023c, pmu_name: cpu
300 [22732043445952] INFO perfrun.perfcollector <> - DRY_RUN: "reg_type       = 1	event_id       = 11	reg_id         = 18c	reg_value      = 5302c0"
300 [22732043445952] INFO perfrun.perfcollector <> - Event selector: group_id: 0, reg_type: 1, event_id: 11, reg_id: 18c, reg_value: 5302c0, pmu_name: cpu
300 [22732043445952] INFO perfrun.perfcollector <> - DRY_RUN: "reg_type       = 1	event_id       = 12	reg_id         = 18d	reg_value      = 5302c2"
300 [22732043445952] INFO perfrun.perfcollector <> - Event selector: group_id: 0, reg_type: 1, event_id: 12, reg_id: 18d, reg_value: 5302c2, pmu_name: cpu
300 [22732043445952] INFO perfrun.perfcollector <> - DRY_RUN: "ESCR"
300 [22732043445952] INFO perfrun.perfcollector <> - DRY_RUN: "reg_type       = 2	event_id       = g	reg_id         = 1c8	reg_value      = 0"
300 [22732043445952] INFO perfrun.perfcollector <> - eventId: g, skip parsing event_id
300 [22732043445952] INFO perfrun.perfcollector <> - DRY_RUN: "DATA"
300 [22732043445952] INFO perfrun.perfcollector <> - DRY_RUN: "reg_type       = 4	event_id       = 2	reg_id         = 309	reg_value      = ffffffdb6100"
300 [22732043445952] INFO perfrun.perfcollector <> - eventId: 2, dataAddr: 309, dataVal: ffffffdb6100
300 [22732043445952] INFO perfrun.perfcollector <> - DRY_RUN: "reg_type       = 4	event_id       = 0	reg_id         = 30a	reg_value      = ffffffe17b7d"
300 [22732043445952] INFO perfrun.perfcollector <> - eventId: 0, dataAddr: 30a, dataVal: ffffffe17b7d
300 [22732043445952] INFO perfrun.perfcollector <> - DRY_RUN: "reg_type       = 4	event_id       = 1	reg_id         = 30b	reg_value      = ffffffdb6100"
300 [22732043445952] INFO perfrun.perfcollector <> - eventId: 1, dataAddr: 30b, dataVal: ffffffdb6100
300 [22732043445952] INFO perfrun.perfcollector <> - DRY_RUN: "reg_type       = 4	event_id       = 5	reg_id         = c1	reg_value      = ffffffe17b7d"
300 [22732043445952] INFO perfrun.perfcollector <> - eventId: 5, dataAddr: c1, dataVal: ffffffe17b7d
300 [22732043445952] INFO perfrun.perfcollector <> - DRY_RUN: "reg_type       = 4	event_id       = 6	reg_id         = c2	reg_value      = ffffffe17b7d"
300 [22732043445952] INFO perfrun.perfcollector <> - eventId: 6, dataAddr: c2, dataVal: ffffffe17b7d
300 [22732043445952] INFO perfrun.perfcollector <> - DRY_RUN: "reg_type       = 4	event_id       = 7	reg_id         = c3	reg_value      = ffffffe17b7d"
300 [22732043445952] INFO perfrun.perfcollector <> - eventId: 7, dataAddr: c3, dataVal: ffffffe17b7d
300 [22732043445952] INFO perfrun.perfcollector <> - DRY_RUN: "reg_type       = 4	event_id       = 8	reg_id         = c4	reg_value      = ffffffe17b7d"
300 [22732043445952] INFO perfrun.perfcollector <> - eventId: 8, dataAddr: c4, dataVal: ffffffe17b7d
300 [22732043445952] INFO perfrun.perfcollector <> - DRY_RUN: "reg_type       = 4	event_id       = 3	reg_id         = c5	reg_value      = fffffffe795d"
300 [22732043445952] INFO perfrun.perfcollector <> - eventId: 3, dataAddr: c5, dataVal: fffffffe795d
300 [22732043445952] INFO perfrun.perfcollector <> - DRY_RUN: "reg_type       = 4	event_id       = 4	reg_id         = c6	reg_value      = fffffffe795d"
300 [22732043445952] INFO perfrun.perfcollector <> - eventId: 4, dataAddr: c6, dataVal: fffffffe795d
300 [22732043445952] INFO perfrun.perfcollector <> - DRY_RUN: "reg_type       = 4	event_id       = 11	reg_id         = c7	reg_value      = ffffffe17b7d"
300 [22732043445952] INFO perfrun.perfcollector <> - eventId: 11, dataAddr: c7, dataVal: ffffffe17b7d
300 [22732043445952] INFO perfrun.perfcollector <> - DRY_RUN: "reg_type       = 4	event_id       = 12	reg_id         = c8	reg_value      = ffffffe17b7d"
300 [22732043445952] INFO perfrun.perfcollector <> - eventId: 12, dataAddr: c8, dataVal: ffffffe17b7d
300 [22732043445952] INFO perfrun.perfcollector <> - DRY_RUN: "Group 1:"
300 [22732043445952] INFO perfrun.perfcollector <> - id: 1
300 [22732043445952] INFO perfrun.perfcollector <> - DRY_RUN: "INST_RETIRED.ANY: event id 2"
300 [22732043445952] INFO perfrun.perfcollector <> - eventName: INST_RETIRED.ANY, eventId: 2
300 [22732043445952] INFO perfrun.perfcollector <> - DRY_RUN: "CPU_CLK_UNHALTED.THREAD: event id 0"
300 [22732043445952] INFO perfrun.perfcollector <> - eventName: CPU_CLK_UNHALTED.THREAD, eventId: 0
300 [22732043445952] INFO perfrun.perfcollector <> - DRY_RUN: "CPU_CLK_UNHALTED.REF_TSC: event id 1"
300 [22732043445952] INFO perfrun.perfcollector <> - eventName: CPU_CLK_UNHALTED.REF_TSC, eventId: 1
300 [22732043445952] INFO perfrun.perfcollector <> - DRY_RUN: "FP_ARITH_INST_RETIRED.128B_PACKED_DOUBLE: event id 9"
300 [22732043445952] INFO perfrun.perfcollector <> - eventName: FP_ARITH_INST_RETIRED.128B_PACKED_DOUBLE, eventId: 9
300 [22732043445952] INFO perfrun.perfcollector <> - DRY_RUN: "FP_ARITH_INST_RETIRED.256B_PACKED_DOUBLE: event id 10"
300 [22732043445952] INFO perfrun.perfcollector <> - eventName: FP_ARITH_INST_RETIRED.256B_PACKED_DOUBLE, eventId: 10
300 [22732043445952] INFO perfrun.perfcollector <> - DRY_RUN: "CCCR"
300 [22732043445952] INFO perfrun.perfcollector <> - DRY_RUN: "reg_type       = 1	event_id       = g	reg_id         = 38f	reg_value      = 700000003"
300 [22732043445952] INFO perfrun.perfcollector <> - eventId: g, skip parsing event_id
300 [22732043445952] INFO perfrun.perfcollector <> - Register was ignored: group_id: 1, reg_type: 1, event_id: 4294967295, reg_id: 38f, reg_value: 700000003, pmu_name: cpu
300 [22732043445952] INFO perfrun.perfcollector <> - DRY_RUN: "reg_type       = 1	event_id       = g	reg_id         = 390	reg_value      = 700000003"
300 [22732043445952] INFO perfrun.perfcollector <> - eventId: g, skip parsing event_id
300 [22732043445952] INFO perfrun.perfcollector <> - Register was ignored: group_id: 1, reg_type: 1, event_id: 4294967295, reg_id: 390, reg_value: 700000003, pmu_name: cpu
300 [22732043445952] INFO perfrun.perfcollector <> - DRY_RUN: "reg_type       = 1	event_id       = g	reg_id         = 3f1	reg_value      = 0"
300 [22732043445952] INFO perfrun.perfcollector <> - eventId: g, skip parsing event_id
300 [22732043445952] INFO perfrun.perfcollector <> - Register was ignored: group_id: 1, reg_type: 1, event_id: 4294967295, reg_id: 3f1, reg_value: 0, pmu_name: cpu
300 [22732043445952] INFO perfrun.perfcollector <> - DRY_RUN: "reg_type       = 1	event_id       = g	reg_id         = 1d9	reg_value      = 1800"
300 [22732043445952] INFO perfrun.perfcollector <> - eventId: g, skip parsing event_id
300 [22732043445952] INFO perfrun.perfcollector <> - Register was ignored: group_id: 1, reg_type: 1, event_id: 4294967295, reg_id: 1d9, reg_value: 1800, pmu_name: cpu
300 [22732043445952] INFO perfrun.perfcollector <> - DRY_RUN: "reg_type       = 1	event_id       = g	reg_id         = 38d	reg_value      = bbb"
300 [22732043445952] INFO perfrun.perfcollector <> - eventId: g, skip parsing event_id
300 [22732043445952] INFO perfrun.perfcollector <> - Register was ignored: group_id: 1, reg_type: 1, event_id: 4294967295, reg_id: 38d, reg_value: bbb, pmu_name: cpu
300 [22732043445952] INFO perfrun.perfcollector <> - DRY_RUN: "reg_type       = 1	event_id       = 9	reg_id         = 186	reg_value      = 5304c7"
300 [22732043445952] INFO perfrun.perfcollector <> - Event selector: group_id: 1, reg_type: 1, event_id: 9, reg_id: 186, reg_value: 5304c7, pmu_name: cpu
300 [22732043445952] INFO perfrun.perfcollector <> - DRY_RUN: "reg_type       = 1	event_id       = 10	reg_id         = 187	reg_value      = 5310c7"
300 [22732043445952] INFO perfrun.perfcollector <> - Event selector: group_id: 1, reg_type: 1, event_id: 10, reg_id: 187, reg_value: 5310c7, pmu_name: cpu
300 [22732043445952] INFO perfrun.perfcollector <> - DRY_RUN: "ESCR"
300 [22732043445952] INFO perfrun.perfcollector <> - DRY_RUN: "reg_type       = 2	event_id       = g	reg_id         = 1c8	reg_value      = 0"
300 [22732043445952] INFO perfrun.perfcollector <> - eventId: g, skip parsing event_id
300 [22732043445952] INFO perfrun.perfcollector <> - DRY_RUN: "DATA"
300 [22732043445952] INFO perfrun.perfcollector <> - DRY_RUN: "reg_type       = 4	event_id       = 2	reg_id         = 309	reg_value      = ffffffdb6100"
300 [22732043445952] INFO perfrun.perfcollector <> - eventId: 2, dataAddr: 309, dataVal: ffffffdb6100
300 [22732043445952] INFO perfrun.perfcollector <> - DRY_RUN: "reg_type       = 4	event_id       = 0	reg_id         = 30a	reg_value      = ffffffe17b7d"
300 [22732043445952] INFO perfrun.perfcollector <> - eventId: 0, dataAddr: 30a, dataVal: ffffffe17b7d
300 [22732043445952] INFO perfrun.perfcollector <> - DRY_RUN: "reg_type       = 4	event_id       = 1	reg_id         = 30b	reg_value      = ffffffdb6100"
300 [22732043445952] INFO perfrun.perfcollector <> - eventId: 1, dataAddr: 30b, dataVal: ffffffdb6100
300 [22732043445952] INFO perfrun.perfcollector <> - DRY_RUN: "reg_type       = 4	event_id       = 9	reg_id         = c1	reg_value      = ffffffe17b7d"
300 [22732043445952] INFO perfrun.perfcollector <> - eventId: 9, dataAddr: c1, dataVal: ffffffe17b7d
300 [22732043445952] INFO perfrun.perfcollector <> - DRY_RUN: "reg_type       = 4	event_id       = 10	reg_id         = c2	reg_value      = ffffffe17b7d"
300 [22732043445952] INFO perfrun.perfcollector <> - eventId: 10, dataAddr: c2, dataVal: ffffffe17b7d
300 [22732043445952] INFO perfrun.perfcollector <> - event name: CPU_CLK_UNHALTED.THREAD
300 [22732043445952] INFO perfrun.perfcollector <> - pmu config: cpu
300 [22732043445952] INFO perfrun.perfcollector <> - cccrAddr: ffffffff, cccrValue: 0
300 [22732043445952] INFO perfrun.perfcollector <> - dataAddr: 30a, dataValue: ffffffffffe17b7d
300 [22732043445952] INFO perfrun.perfcollector <> - escrAddr: ffffffff, escrValue: 0
300 [22732043445952] INFO perfrun.perfcollector <> - extendedPebsValue: 0
300 [22732043445952] INFO perfrun.perfcollector <> - adaptivePebsAvailable: 0
300 [22732043445952] INFO perfrun.perfcollector <> - config: event: 3c
300 [22732043445952] INFO perfrun.perfcollector <> - config: pc: 0
300 [22732043445952] INFO perfrun.perfcollector <> - config: in_tx: 0
300 [22732043445952] INFO perfrun.perfcollector <> - config: edge: 0
300 [22732043445952] INFO perfrun.perfcollector <> - config: any: 0
300 [22732043445952] INFO perfrun.perfcollector <> - config1: offcore_rsp: 0
300 [22732043445952] INFO perfrun.perfcollector <> - config: in_tx_cp: 0
300 [22732043445952] INFO perfrun.perfcollector <> - config1: ldlat: 0
300 [22732043445952] INFO perfrun.perfcollector <> - config: inv: 0
300 [22732043445952] INFO perfrun.perfcollector <> - config: umask: 0
300 [22732043445952] INFO perfrun.perfcollector <> - config: cmask: 0
300 [22732043445952] INFO perfrun.perfcollector <> - format: cpu/event=0x3c,name='CPU_CLK_UNHALTED.THREAD'/D
300 [22732043445952] INFO perfrun.perfcollector <> - event name: CPU_CLK_UNHALTED.REF_TSC
300 [22732043445952] INFO perfrun.perfcollector <> - pmu config: cpu
300 [22732043445952] INFO perfrun.perfcollector <> - cccrAddr: ffffffff, cccrValue: 0
300 [22732043445952] INFO perfrun.perfcollector <> - dataAddr: 30b, dataValue: ffffffffffdb6100
300 [22732043445952] INFO perfrun.perfcollector <> - escrAddr: ffffffff, escrValue: 0
300 [22732043445952] INFO perfrun.perfcollector <> - extendedPebsValue: 0
300 [22732043445952] INFO perfrun.perfcollector <> - adaptivePebsAvailable: 0
300 [22732043445952] INFO perfrun.perfcollector <> - config: event: 0
300 [22732043445952] INFO perfrun.perfcollector <> - config: pc: 0
300 [22732043445952] INFO perfrun.perfcollector <> - config: in_tx: 0
300 [22732043445952] INFO perfrun.perfcollector <> - config: edge: 0
300 [22732043445952] INFO perfrun.perfcollector <> - config: any: 0
300 [22732043445952] INFO perfrun.perfcollector <> - config1: offcore_rsp: 0
300 [22732043445952] INFO perfrun.perfcollector <> - config: in_tx_cp: 0
300 [22732043445952] INFO perfrun.perfcollector <> - config1: ldlat: 0
300 [22732043445952] INFO perfrun.perfcollector <> - config: inv: 0
300 [22732043445952] INFO perfrun.perfcollector <> - config: umask: 3
300 [22732043445952] INFO perfrun.perfcollector <> - config: cmask: 0
300 [22732043445952] INFO perfrun.perfcollector <> - format: cpu/umask=0x3,name='CPU_CLK_UNHALTED.REF_TSC'/D
300 [22732043445952] INFO perfrun.perfcollector <> - event name: INST_RETIRED.ANY
300 [22732043445952] INFO perfrun.perfcollector <> - pmu config: cpu
300 [22732043445952] INFO perfrun.perfcollector <> - cccrAddr: ffffffff, cccrValue: 0
300 [22732043445952] INFO perfrun.perfcollector <> - dataAddr: 309, dataValue: ffffffffffdb6100
300 [22732043445952] INFO perfrun.perfcollector <> - escrAddr: ffffffff, escrValue: 0
300 [22732043445952] INFO perfrun.perfcollector <> - extendedPebsValue: 0
300 [22732043445952] INFO perfrun.perfcollector <> - adaptivePebsAvailable: 0
300 [22732043445952] INFO perfrun.perfcollector <> - config: event: c0
300 [22732043445952] INFO perfrun.perfcollector <> - config: pc: 0
300 [22732043445952] INFO perfrun.perfcollector <> - config: in_tx: 0
300 [22732043445952] INFO perfrun.perfcollector <> - config: edge: 0
300 [22732043445952] INFO perfrun.perfcollector <> - config: any: 0
300 [22732043445952] INFO perfrun.perfcollector <> - config1: offcore_rsp: 0
300 [22732043445952] INFO perfrun.perfcollector <> - config: in_tx_cp: 0
300 [22732043445952] INFO perfrun.perfcollector <> - config1: ldlat: 0
300 [22732043445952] INFO perfrun.perfcollector <> - config: inv: 0
300 [22732043445952] INFO perfrun.perfcollector <> - config: umask: 0
300 [22732043445952] INFO perfrun.perfcollector <> - config: cmask: 0
300 [22732043445952] INFO perfrun.perfcollector <> - format: cpu/event=0xc0,name='INST_RETIRED.ANY'/D
300 [22732043445952] INFO perfrun.perfcollector <> - event name: CPU_CLK_UNHALTED.REF_XCLK
300 [22732043445952] INFO perfrun.perfcollector <> - pmu config: cpu
301 [22732043445952] INFO perfrun.perfcollector <> - cccrAddr: 18a, cccrValue: 53013c
301 [22732043445952] INFO perfrun.perfcollector <> - dataAddr: c5, dataValue: fffffffffffe795d
301 [22732043445952] INFO perfrun.perfcollector <> - escrAddr: ffffffff, escrValue: 0
301 [22732043445952] INFO perfrun.perfcollector <> - extendedPebsValue: 0
301 [22732043445952] INFO perfrun.perfcollector <> - adaptivePebsAvailable: 0
301 [22732043445952] INFO perfrun.perfcollector <> - config: event: 3c
301 [22732043445952] INFO perfrun.perfcollector <> - config: pc: 0
301 [22732043445952] INFO perfrun.perfcollector <> - config: in_tx: 0
301 [22732043445952] INFO perfrun.perfcollector <> - config: edge: 0
301 [22732043445952] INFO perfrun.perfcollector <> - config: any: 0
301 [22732043445952] INFO perfrun.perfcollector <> - config1: offcore_rsp: 0
301 [22732043445952] INFO perfrun.perfcollector <> - config: in_tx_cp: 0
301 [22732043445952] INFO perfrun.perfcollector <> - config1: ldlat: 0
301 [22732043445952] INFO perfrun.perfcollector <> - config: inv: 0
301 [22732043445952] INFO perfrun.perfcollector <> - config: umask: 1
301 [22732043445952] INFO perfrun.perfcollector <> - config: cmask: 0
301 [22732043445952] INFO perfrun.perfcollector <> - format: cpu/event=0x3c,umask=0x1,name='CPU_CLK_UNHALTED.REF_XCLK'/
301 [22732043445952] INFO perfrun.perfcollector <> - event name: CPU_CLK_UNHALTED.ONE_THREAD_ACTIVE
301 [22732043445952] INFO perfrun.perfcollector <> - pmu config: cpu
301 [22732043445952] INFO perfrun.perfcollector <> - cccrAddr: 18b, cccrValue: 53023c
301 [22732043445952] INFO perfrun.perfcollector <> - dataAddr: c6, dataValue: fffffffffffe795d
301 [22732043445952] INFO perfrun.perfcollector <> - escrAddr: ffffffff, escrValue: 0
301 [22732043445952] INFO perfrun.perfcollector <> - extendedPebsValue: 0
301 [22732043445952] INFO perfrun.perfcollector <> - adaptivePebsAvailable: 0
301 [22732043445952] INFO perfrun.perfcollector <> - config: event: 3c
301 [22732043445952] INFO perfrun.perfcollector <> - config: pc: 0
301 [22732043445952] INFO perfrun.perfcollector <> - config: in_tx: 0
301 [22732043445952] INFO perfrun.perfcollector <> - config: edge: 0
301 [22732043445952] INFO perfrun.perfcollector <> - config: any: 0
301 [22732043445952] INFO perfrun.perfcollector <> - config1: offcore_rsp: 0
301 [22732043445952] INFO perfrun.perfcollector <> - config: in_tx_cp: 0
301 [22732043445952] INFO perfrun.perfcollector <> - config1: ldlat: 0
301 [22732043445952] INFO perfrun.perfcollector <> - config: inv: 0
301 [22732043445952] INFO perfrun.perfcollector <> - config: umask: 2
301 [22732043445952] INFO perfrun.perfcollector <> - config: cmask: 0
301 [22732043445952] INFO perfrun.perfcollector <> - format: cpu/event=0x3c,umask=0x2,name='CPU_CLK_UNHALTED.ONE_THREAD_ACTIVE'/
301 [22732043445952] INFO perfrun.perfcollector <> - event name: FP_ARITH_INST_RETIRED.SCALAR_SINGLE
301 [22732043445952] INFO perfrun.perfcollector <> - pmu config: cpu
301 [22732043445952] INFO perfrun.perfcollector <> - cccrAddr: 186, cccrValue: 5302c7
301 [22732043445952] INFO perfrun.perfcollector <> - dataAddr: c1, dataValue: ffffffffffe17b7d
301 [22732043445952] INFO perfrun.perfcollector <> - escrAddr: ffffffff, escrValue: 0
301 [22732043445952] INFO perfrun.perfcollector <> - extendedPebsValue: 0
301 [22732043445952] INFO perfrun.perfcollector <> - adaptivePebsAvailable: 0
301 [22732043445952] INFO perfrun.perfcollector <> - config: event: c7
301 [22732043445952] INFO perfrun.perfcollector <> - config: pc: 0
301 [22732043445952] INFO perfrun.perfcollector <> - config: in_tx: 0
301 [22732043445952] INFO perfrun.perfcollector <> - config: edge: 0
301 [22732043445952] INFO perfrun.perfcollector <> - config: any: 0
301 [22732043445952] INFO perfrun.perfcollector <> - config1: offcore_rsp: 0
301 [22732043445952] INFO perfrun.perfcollector <> - config: in_tx_cp: 0
301 [22732043445952] INFO perfrun.perfcollector <> - config1: ldlat: 0
301 [22732043445952] INFO perfrun.perfcollector <> - config: inv: 0
301 [22732043445952] INFO perfrun.perfcollector <> - config: umask: 2
301 [22732043445952] INFO perfrun.perfcollector <> - config: cmask: 0
301 [22732043445952] INFO perfrun.perfcollector <> - format: cpu/event=0xc7,umask=0x2,name='FP_ARITH_INST_RETIRED.SCALAR_SINGLE'/
301 [22732043445952] INFO perfrun.perfcollector <> - event name: FP_ARITH_INST_RETIRED.128B_PACKED_SINGLE
301 [22732043445952] INFO perfrun.perfcollector <> - pmu config: cpu
301 [22732043445952] INFO perfrun.perfcollector <> - cccrAddr: 187, cccrValue: 5308c7
301 [22732043445952] INFO perfrun.perfcollector <> - dataAddr: c2, dataValue: ffffffffffe17b7d
301 [22732043445952] INFO perfrun.perfcollector <> - escrAddr: ffffffff, escrValue: 0
301 [22732043445952] INFO perfrun.perfcollector <> - extendedPebsValue: 0
301 [22732043445952] INFO perfrun.perfcollector <> - adaptivePebsAvailable: 0
301 [22732043445952] INFO perfrun.perfcollector <> - config: event: c7
301 [22732043445952] INFO perfrun.perfcollector <> - config: pc: 0
301 [22732043445952] INFO perfrun.perfcollector <> - config: in_tx: 0
301 [22732043445952] INFO perfrun.perfcollector <> - config: edge: 0
301 [22732043445952] INFO perfrun.perfcollector <> - config: any: 0
301 [22732043445952] INFO perfrun.perfcollector <> - config1: offcore_rsp: 0
301 [22732043445952] INFO perfrun.perfcollector <> - config: in_tx_cp: 0
301 [22732043445952] INFO perfrun.perfcollector <> - config1: ldlat: 0
301 [22732043445952] INFO perfrun.perfcollector <> - config: inv: 0
301 [22732043445952] INFO perfrun.perfcollector <> - config: umask: 8
301 [22732043445952] INFO perfrun.perfcollector <> - config: cmask: 0
301 [22732043445952] INFO perfrun.perfcollector <> - format: cpu/event=0xc7,umask=0x8,name='FP_ARITH_INST_RETIRED.128B_PACKED_SINGLE'/
301 [22732043445952] INFO perfrun.perfcollector <> - event name: FP_ARITH_INST_RETIRED.256B_PACKED_SINGLE
301 [22732043445952] INFO perfrun.perfcollector <> - pmu config: cpu
301 [22732043445952] INFO perfrun.perfcollector <> - cccrAddr: 188, cccrValue: 5320c7
301 [22732043445952] INFO perfrun.perfcollector <> - dataAddr: c3, dataValue: ffffffffffe17b7d
301 [22732043445952] INFO perfrun.perfcollector <> - escrAddr: ffffffff, escrValue: 0
301 [22732043445952] INFO perfrun.perfcollector <> - extendedPebsValue: 0
301 [22732043445952] INFO perfrun.perfcollector <> - adaptivePebsAvailable: 0
301 [22732043445952] INFO perfrun.perfcollector <> - config: event: c7
301 [22732043445952] INFO perfrun.perfcollector <> - config: pc: 0
301 [22732043445952] INFO perfrun.perfcollector <> - config: in_tx: 0
301 [22732043445952] INFO perfrun.perfcollector <> - config: edge: 0
301 [22732043445952] INFO perfrun.perfcollector <> - config: any: 0
301 [22732043445952] INFO perfrun.perfcollector <> - config1: offcore_rsp: 0
301 [22732043445952] INFO perfrun.perfcollector <> - config: in_tx_cp: 0
301 [22732043445952] INFO perfrun.perfcollector <> - config1: ldlat: 0
301 [22732043445952] INFO perfrun.perfcollector <> - config: inv: 0
301 [22732043445952] INFO perfrun.perfcollector <> - config: umask: 20
301 [22732043445952] INFO perfrun.perfcollector <> - config: cmask: 0
301 [22732043445952] INFO perfrun.perfcollector <> - format: cpu/event=0xc7,umask=0x20,name='FP_ARITH_INST_RETIRED.256B_PACKED_SINGLE'/
301 [22732043445952] INFO perfrun.perfcollector <> - event name: FP_ARITH_INST_RETIRED.SCALAR_DOUBLE
301 [22732043445952] INFO perfrun.perfcollector <> - pmu config: cpu
301 [22732043445952] INFO perfrun.perfcollector <> - cccrAddr: 189, cccrValue: 5301c7
301 [22732043445952] INFO perfrun.perfcollector <> - dataAddr: c4, dataValue: ffffffffffe17b7d
301 [22732043445952] INFO perfrun.perfcollector <> - escrAddr: ffffffff, escrValue: 0
301 [22732043445952] INFO perfrun.perfcollector <> - extendedPebsValue: 0
301 [22732043445952] INFO perfrun.perfcollector <> - adaptivePebsAvailable: 0
301 [22732043445952] INFO perfrun.perfcollector <> - config: event: c7
301 [22732043445952] INFO perfrun.perfcollector <> - config: pc: 0
301 [22732043445952] INFO perfrun.perfcollector <> - config: in_tx: 0
301 [22732043445952] INFO perfrun.perfcollector <> - config: edge: 0
301 [22732043445952] INFO perfrun.perfcollector <> - config: any: 0
301 [22732043445952] INFO perfrun.perfcollector <> - config1: offcore_rsp: 0
301 [22732043445952] INFO perfrun.perfcollector <> - config: in_tx_cp: 0
301 [22732043445952] INFO perfrun.perfcollector <> - config1: ldlat: 0
301 [22732043445952] INFO perfrun.perfcollector <> - config: inv: 0
301 [22732043445952] INFO perfrun.perfcollector <> - config: umask: 1
301 [22732043445952] INFO perfrun.perfcollector <> - config: cmask: 0
301 [22732043445952] INFO perfrun.perfcollector <> - format: cpu/event=0xc7,umask=0x1,name='FP_ARITH_INST_RETIRED.SCALAR_DOUBLE'/
301 [22732043445952] INFO perfrun.perfcollector <> - event name: FP_ARITH_INST_RETIRED.128B_PACKED_DOUBLE
301 [22732043445952] INFO perfrun.perfcollector <> - pmu config: cpu
301 [22732043445952] INFO perfrun.perfcollector <> - cccrAddr: 186, cccrValue: 5304c7
301 [22732043445952] INFO perfrun.perfcollector <> - dataAddr: c1, dataValue: ffffffffffe17b7d
301 [22732043445952] INFO perfrun.perfcollector <> - escrAddr: ffffffff, escrValue: 0
301 [22732043445952] INFO perfrun.perfcollector <> - extendedPebsValue: 0
301 [22732043445952] INFO perfrun.perfcollector <> - adaptivePebsAvailable: 0
301 [22732043445952] INFO perfrun.perfcollector <> - config: event: c7
301 [22732043445952] INFO perfrun.perfcollector <> - config: pc: 0
301 [22732043445952] INFO perfrun.perfcollector <> - config: in_tx: 0
301 [22732043445952] INFO perfrun.perfcollector <> - config: edge: 0
301 [22732043445952] INFO perfrun.perfcollector <> - config: any: 0
301 [22732043445952] INFO perfrun.perfcollector <> - config1: offcore_rsp: 0
301 [22732043445952] INFO perfrun.perfcollector <> - config: in_tx_cp: 0
301 [22732043445952] INFO perfrun.perfcollector <> - config1: ldlat: 0
301 [22732043445952] INFO perfrun.perfcollector <> - config: inv: 0
301 [22732043445952] INFO perfrun.perfcollector <> - config: umask: 4
301 [22732043445952] INFO perfrun.perfcollector <> - config: cmask: 0
301 [22732043445952] INFO perfrun.perfcollector <> - format: cpu/event=0xc7,umask=0x4,name='FP_ARITH_INST_RETIRED.128B_PACKED_DOUBLE'/
301 [22732043445952] INFO perfrun.perfcollector <> - event name: FP_ARITH_INST_RETIRED.256B_PACKED_DOUBLE
301 [22732043445952] INFO perfrun.perfcollector <> - pmu config: cpu
301 [22732043445952] INFO perfrun.perfcollector <> - cccrAddr: 187, cccrValue: 5310c7
301 [22732043445952] INFO perfrun.perfcollector <> - dataAddr: c2, dataValue: ffffffffffe17b7d
301 [22732043445952] INFO perfrun.perfcollector <> - escrAddr: ffffffff, escrValue: 0
301 [22732043445952] INFO perfrun.perfcollector <> - extendedPebsValue: 0
301 [22732043445952] INFO perfrun.perfcollector <> - adaptivePebsAvailable: 0
301 [22732043445952] INFO perfrun.perfcollector <> - config: event: c7
301 [22732043445952] INFO perfrun.perfcollector <> - config: pc: 0
301 [22732043445952] INFO perfrun.perfcollector <> - config: in_tx: 0
301 [22732043445952] INFO perfrun.perfcollector <> - config: edge: 0
301 [22732043445952] INFO perfrun.perfcollector <> - config: any: 0
301 [22732043445952] INFO perfrun.perfcollector <> - config1: offcore_rsp: 0
301 [22732043445952] INFO perfrun.perfcollector <> - config: in_tx_cp: 0
301 [22732043445952] INFO perfrun.perfcollector <> - config1: ldlat: 0
301 [22732043445952] INFO perfrun.perfcollector <> - config: inv: 0
301 [22732043445952] INFO perfrun.perfcollector <> - config: umask: 10
301 [22732043445952] INFO perfrun.perfcollector <> - config: cmask: 0
301 [22732043445952] INFO perfrun.perfcollector <> - format: cpu/event=0xc7,umask=0x10,name='FP_ARITH_INST_RETIRED.256B_PACKED_DOUBLE'/
301 [22732043445952] INFO perfrun.perfcollector <> - event name: INST_RETIRED.X87
301 [22732043445952] INFO perfrun.perfcollector <> - pmu config: cpu
301 [22732043445952] INFO perfrun.perfcollector <> - cccrAddr: 18c, cccrValue: 5302c0
301 [22732043445952] INFO perfrun.perfcollector <> - dataAddr: c7, dataValue: ffffffffffe17b7d
301 [22732043445952] INFO perfrun.perfcollector <> - escrAddr: ffffffff, escrValue: 0
301 [22732043445952] INFO perfrun.perfcollector <> - extendedPebsValue: 0
301 [22732043445952] INFO perfrun.perfcollector <> - adaptivePebsAvailable: 0
301 [22732043445952] INFO perfrun.perfcollector <> - config: event: c0
301 [22732043445952] INFO perfrun.perfcollector <> - config: pc: 0
301 [22732043445952] INFO perfrun.perfcollector <> - config: in_tx: 0
301 [22732043445952] INFO perfrun.perfcollector <> - config: edge: 0
301 [22732043445952] INFO perfrun.perfcollector <> - config: any: 0
301 [22732043445952] INFO perfrun.perfcollector <> - config1: offcore_rsp: 0
301 [22732043445952] INFO perfrun.perfcollector <> - config: in_tx_cp: 0
301 [22732043445952] INFO perfrun.perfcollector <> - config1: ldlat: 0
301 [22732043445952] INFO perfrun.perfcollector <> - config: inv: 0
301 [22732043445952] INFO perfrun.perfcollector <> - config: umask: 2
301 [22732043445952] INFO perfrun.perfcollector <> - config: cmask: 0
301 [22732043445952] INFO perfrun.perfcollector <> - format: cpu/event=0xc0,umask=0x2,name='INST_RETIRED.X87'/
301 [22732043445952] INFO perfrun.perfcollector <> - event name: UOPS_RETIRED.RETIRE_SLOTS
301 [22732043445952] INFO perfrun.perfcollector <> - pmu config: cpu
301 [22732043445952] INFO perfrun.perfcollector <> - cccrAddr: 18d, cccrValue: 5302c2
301 [22732043445952] INFO perfrun.perfcollector <> - dataAddr: c8, dataValue: ffffffffffe17b7d
301 [22732043445952] INFO perfrun.perfcollector <> - escrAddr: ffffffff, escrValue: 0
301 [22732043445952] INFO perfrun.perfcollector <> - extendedPebsValue: 0
301 [22732043445952] INFO perfrun.perfcollector <> - adaptivePebsAvailable: 0
301 [22732043445952] INFO perfrun.perfcollector <> - config: event: c2
301 [22732043445952] INFO perfrun.perfcollector <> - config: pc: 0
301 [22732043445952] INFO perfrun.perfcollector <> - config: in_tx: 0
301 [22732043445952] INFO perfrun.perfcollector <> - config: edge: 0
301 [22732043445952] INFO perfrun.perfcollector <> - config: any: 0
301 [22732043445952] INFO perfrun.perfcollector <> - config1: offcore_rsp: 0
301 [22732043445952] INFO perfrun.perfcollector <> - config: in_tx_cp: 0
301 [22732043445952] INFO perfrun.perfcollector <> - config1: ldlat: 0
301 [22732043445952] INFO perfrun.perfcollector <> - config: inv: 0
301 [22732043445952] INFO perfrun.perfcollector <> - config: umask: 2
301 [22732043445952] INFO perfrun.perfcollector <> - config: cmask: 0
301 [22732043445952] INFO perfrun.perfcollector <> - format: cpu/event=0xc2,umask=0x2,name='UOPS_RETIRED.RETIRE_SLOTS'/
301 [22732043445952] INFO perfrun.perfcollector <> - event: cpu/event=0x3c,name='CPU_CLK_UNHALTED.THREAD'/Duk, added for counting
301 [22732043445952] INFO perfrun.perfcollector <> - event: cpu/umask=0x3,name='CPU_CLK_UNHALTED.REF_TSC'/Duk, added for counting
301 [22732043445952] INFO perfrun.perfcollector <> - event: cpu/event=0xc0,name='INST_RETIRED.ANY'/Duk, added for counting
301 [22732043445952] INFO perfrun.perfcollector <> - event: cpu/event=0x3c,umask=0x1,name='CPU_CLK_UNHALTED.REF_XCLK'/uk, added for counting
301 [22732043445952] INFO perfrun.perfcollector <> - event: cpu/event=0x3c,umask=0x2,name='CPU_CLK_UNHALTED.ONE_THREAD_ACTIVE'/uk, added for counting
301 [22732043445952] INFO perfrun.perfcollector <> - event: cpu/event=0xc7,umask=0x2,name='FP_ARITH_INST_RETIRED.SCALAR_SINGLE'/uk, added for counting
301 [22732043445952] INFO perfrun.perfcollector <> - event: cpu/event=0xc7,umask=0x8,name='FP_ARITH_INST_RETIRED.128B_PACKED_SINGLE'/uk, added for counting
301 [22732043445952] INFO perfrun.perfcollector <> - event: cpu/event=0xc7,umask=0x20,name='FP_ARITH_INST_RETIRED.256B_PACKED_SINGLE'/uk, added for counting
301 [22732043445952] INFO perfrun.perfcollector <> - event: cpu/event=0xc7,umask=0x1,name='FP_ARITH_INST_RETIRED.SCALAR_DOUBLE'/uk, added for counting
301 [22732043445952] INFO perfrun.perfcollector <> - event: cpu/event=0xc7,umask=0x4,name='FP_ARITH_INST_RETIRED.128B_PACKED_DOUBLE'/uk, added for counting
301 [22732043445952] INFO perfrun.perfcollector <> - event: cpu/event=0xc7,umask=0x10,name='FP_ARITH_INST_RETIRED.256B_PACKED_DOUBLE'/uk, added for counting
301 [22732043445952] INFO perfrun.perfcollector <> - event: cpu/event=0xc0,umask=0x2,name='INST_RETIRED.X87'/uk, added for counting
301 [22732043445952] INFO perfrun.perfcollector <> - event: cpu/event=0xc2,umask=0x2,name='UOPS_RETIRED.RETIRE_SLOTS'/uk, added for counting
301 [22732043445952] INFO perfrun.perfcollector <> - attaching to pid: 4294967295, collect mode: 1, rc modes: 3
317 [22732032399040] WARN perfrun.perfcollector <> - Perf stat trace pipe capacity: read = 1048576, write = 1048576, at file: vcs/perfrun1/plugins/perfcollector/src/profiler.cpp:765
328 [22732032399040] INFO perfrun.sdk <> - runCmd: /opt/intel/oneapi/vtune/2023.1.0/bin64/amplxe-perf stat -v --log-fd 10 --scale -x ; -e cpu/event=0x3c,name='CPU_CLK_UNHALTED.THREAD'/Duk,cpu/umask=0x3,name='CPU_CLK_UNHALTED.REF_TSC'/Duk,cpu/event=0xc0,name='INST_RETIRED.ANY'/Duk,cpu/event=0x3c,umask=0x1,name='CPU_CLK_UNHALTED.REF_XCLK'/uk,cpu/event=0x3c,umask=0x2,name='CPU_CLK_UNHALTED.ONE_THREAD_ACTIVE'/uk,cpu/event=0xc7,umask=0x2,name='FP_ARITH_INST_RETIRED.SCALAR_SINGLE'/uk,cpu/event=0xc7,umask=0x8,name='FP_ARITH_INST_RETIRED.128B_PACKED_SINGLE'/uk,cpu/event=0xc7,umask=0x20,name='FP_ARITH_INST_RETIRED.256B_PACKED_SINGLE'/uk,cpu/event=0xc7,umask=0x1,name='FP_ARITH_INST_RETIRED.SCALAR_DOUBLE'/uk,cpu/event=0xc7,umask=0x4,name='FP_ARITH_INST_RETIRED.128B_PACKED_DOUBLE'/uk,cpu/event=0xc7,umask=0x10,name='FP_ARITH_INST_RETIRED.256B_PACKED_DOUBLE'/uk,cpu/event=0xc0,umask=0x2,name='INST_RETIRED.X87'/uk,cpu/event=0xc2,umask=0x2,name='UOPS_RETIRED.RETIRE_SLOTS'/uk /opt/intel/oneapi/vtune/2023.1.0/bin64/amplxe-perf-sync dryrun sys
329 [22732032399040] INFO perfrun.sdk <> - runCmd started PID 3881917
519 [22732032399040] INFO perfrun.perfcollector <> - Monitor: runCmd RC = true
520 [22732043445952] INFO perfrun.launcher <> - plugin [aoclprofile] was disabled because it doesn't support the given collection type.
520 [22732043445952] INFO perfrun.tpss <> - initialize tpss controller
520 [22732043445952] INFO perfrun.tpss <> - configure collection mode: value = cpu:counters:nostack
520 [22732043445952] INFO perfrun.tpss <> - configure collection mode: value = cpu:stack
520 [22732043445952] INFO perfrun.tpss <> - default obj-size-min=1024
520 [22732043445952] INFO perfrun.tpss <> - default hash-table-size=0
520 [22732043445952] INFO perfrun.launcher <> - plugin [media] was disabled because it doesn't support the given collection type.
520 [22732043445952] INFO perfrun.launcher <> - plugin [] was disabled because it doesn't support the given collection type.
520 [22732043445952] INFO perfrun.launcher <> - plugin [] was disabled because it doesn't support the given collection type.
520 [22732043445952] INFO perfrun.launcher <> - plugin [parallelfs] was disabled because it doesn't support the given collection type.
520 [22732043445952] INFO perfrun.launcher <> - plugin [power] was disabled because it doesn't support the given collection type.
520 [22732043445952] INFO perfrun.launcher <> - plugin [hwloc] was disabled because it doesn't support the given collection type.
520 [22732043445952] INFO perfrun.launcher <> - plugin [ipmwatch] was disabled because it doesn't support the given collection type.
520 [22732043445952] INFO perfrun.launcher <> - plugin [os_counters] was disabled because it doesn't support the given collection type.
520 [22732043445952] INFO perfrun.launcher <> - plugin [l0_metrics] was disabled because it doesn't support the given collection type.
520 [22732186474368] INFO perfrun.launcher <> - set environment variable: LD_LIBRARY_PATH = /opt/intel/oneapi/vtune/2023.1.0/lib32/runtime:/opt/intel/oneapi/vtune/2023.1.0/lib64/runtime:/opt/intel/oneapi/tbb/2021.5.1/env/../lib/intel64/gcc4.8:/opt/intel/oneapi/mpi/2021.5.1//libfabric/lib:/opt/intel/oneapi/mpi/2021.5.1//lib/release:/opt/intel/oneapi/mpi/2021.5.1//lib:/opt/intel/oneapi/mkl/2022.0.2/lib/intel64:/opt/intel/oneapi/itac/2021.5.0/slib:/opt/intel/oneapi/debugger/2021.5.0/gdb/intel64/lib:/opt/intel/oneapi/debugger/2021.5.0/libipt/intel64/lib:/opt/intel/oneapi/debugger/2021.5.0/dep/lib:/opt/intel/oneapi/compiler/2022.0.2/linux/lib:/opt/intel/oneapi/compiler/2022.0.2/linux/lib/x64:/opt/intel/oneapi/compiler/2022.0.2/linux/lib/oclfpga/host/linux64/lib:/opt/intel/oneapi/compiler/2022.0.2/linux/compiler/lib/intel64_lin
520 [22732186474368] INFO perfrun.launcher <> - set environment variable: INTEL_LIBITTNOTIFY32 = /opt/intel/oneapi/vtune/2023.1.0/lib32/runtime/libittnotify_collector.so
520 [22732186474368] INFO perfrun.launcher <> - set environment variable: INTEL_LIBITTNOTIFY64 = /opt/intel/oneapi/vtune/2023.1.0/lib64/runtime/libittnotify_collector.so
520 [22732186474368] INFO perfrun.launcher <> - set environment variable: INTEL_ITTNOTIFY_GROUPS = 
520 [22732186474368] INFO perfrun.launcher <> - set environment variable: INTEL_JIT_PROFILER32 = /opt/intel/oneapi/vtune/2023.1.0/lib32/runtime/libittnotify_collector.so
520 [22732186474368] INFO perfrun.launcher <> - set environment variable: INTEL_JIT_PROFILER64 = /opt/intel/oneapi/vtune/2023.1.0/lib64/runtime/libittnotify_collector.so
520 [22732186474368] INFO perfrun.launcher <> - set environment variable: OMP_TOOL_LIBRARIES = /opt/intel/oneapi/vtune/2023.1.0/lib32/runtime/libittnotify_collector.so:/opt/intel/oneapi/vtune/2023.1.0/lib64/runtime/libittnotify_collector.so
521 [22732186474368] INFO perfrun.launcher <> - set environment variable: ENABLE_JITPROFILING = 1
521 [22732186474368] INFO perfrun.launcher <> - set environment variable: CL_CONFIG_USE_VTUNE = True
521 [22732186474368] INFO perfrun.launcher <> - set environment variable: LD_PRELOAD = libittnotify_collector.so:
521 [22732186474368] INFO perfrun.launcher <> - set environment variable: KMP_FORKJOIN_FRAMES = 0
521 [22732186474368] INFO perfrun.launcher <> - set environment variable: KMP_FORKJOIN_FRAMES_MODE = 0
521 [22732186474368] INFO perfrun.launcher <> - set environment variable: OMP_TOOL = disabled
521 [22732186474368] INFO perfrun.launcher <> - set environment variable: INTEL_MRTE_DATA_DIR = /home/course/hpc/users/2022012388/exp8/result.conv1/data.3
521 [22732186474368] INFO perfrun.launcher <> - set environment variable: INTEL_MRTE_HOST_NAME = conv1
521 [22732186474368] INFO perfrun.launcher <> - set environment variable: JAVA_TOOL_OPTIONS = -agentlib:amplxe_tpssmrte_javaprof_1.0 -Dsun.boot.library.path=/opt/intel/oneapi/vtune/2023.1.0/lib32/runtime:/opt/intel/oneapi/vtune/2023.1.0/lib64/runtime
521 [22732186474368] INFO perfrun.launcher <> - set environment variable: LD_LIBRARY_PATH = /opt/intel/oneapi/vtune/2023.1.0/lib32/runtime:/opt/intel/oneapi/vtune/2023.1.0/lib64/runtime:/opt/intel/oneapi/tbb/2021.5.1/env/../lib/intel64/gcc4.8:/opt/intel/oneapi/mpi/2021.5.1//libfabric/lib:/opt/intel/oneapi/mpi/2021.5.1//lib/release:/opt/intel/oneapi/mpi/2021.5.1//lib:/opt/intel/oneapi/mkl/2022.0.2/lib/intel64:/opt/intel/oneapi/itac/2021.5.0/slib:/opt/intel/oneapi/debugger/2021.5.0/gdb/intel64/lib:/opt/intel/oneapi/debugger/2021.5.0/libipt/intel64/lib:/opt/intel/oneapi/debugger/2021.5.0/dep/lib:/opt/intel/oneapi/compiler/2022.0.2/linux/lib:/opt/intel/oneapi/compiler/2022.0.2/linux/lib/x64:/opt/intel/oneapi/compiler/2022.0.2/linux/lib/oclfpga/host/linux64/lib:/opt/intel/oneapi/compiler/2022.0.2/linux/compiler/lib/intel64_lin
521 [22732186474368] INFO perfrun.launcher <> - set environment variable: CORECLR_ENABLE_PROFILING = 1
521 [22732186474368] INFO perfrun.launcher <> - set environment variable: CORECLR_PROFILER = {AA5E4821-E3B1-479c-B7FF-5AD047D22CED}
521 [22732186474368] INFO perfrun.launcher <> - set environment variable: CORECLR_PROFILER_PATH = /opt/intel/oneapi/vtune/2023.1.0/lib64/libamplxe_samplingmrte_clrprof_1.0.so
521 [22732186474368] INFO perfrun.launcher <> - set environment variable: INTEL_MRTE_PROFILER_MODE = mixed
521 [22732186474368] INFO perfrun.launcher <> - RpcServer: run RPC server to handle requests
522 [22732186474368] INFO perfrun.launcher <> - Launcher: command line to start before modification = ./run.sh 2022012388
522 [22732186474368] INFO perfrun.launcher <> - Launcher: command line to start after modification = /opt/intel/oneapi/vtune/2023.1.0/bin64/pin -error_file /home/course/hpc/users/2022012388/exp8/result.conv1/data.3/pinerr.tpsslog -detach_reattach -follow_execv -tool_load_option deepbind -t64 /opt/intel/oneapi/vtune/2023.1.0/lib64/libtpsstool.so -t /opt/intel/oneapi/vtune/2023.1.0/lib32/libtpsstool.so -server_name tpss_ipc.3881765 -prd_dir /opt/intel/oneapi/vtune/2023.1.0 -- ./run.sh 2022012388
723 [22732186474368] INFO perfrun.launcher <> - ProcessCreator object was created
724 [22732186474368] INFO perfrun.launcher <> - Launcher: the process was started in suspend mode
728 [22732043445952] WARN perfrun.system <> - Could not do anything with /sys/kernel/debug/kvm: boost::filesystem::status: Permission denied: "/sys/kernel/debug/kvm", at file: vcs/perfrun1/plugins/system/src/trace_writer.cpp:787
728 [22732043445952] WARN perfrun.system <> - Folder "/var/run/libvirt/qemu/"doesn't exist, at file: vcs/perfrun1/plugins/system/src/trace_writer.cpp:800
728 [22732043445952] INFO perfrun.itt <> - start itt controller for pid #3882077
729 [22732043445952] INFO perfrun.perfcollector <> - attaching to pid: 3882077, collect mode: 1, rc modes: 1
742 [22732026095296] WARN perfrun.perfcollector <> - Perf stat trace pipe capacity: read = 1048576, write = 1048576, at file: vcs/perfrun1/plugins/perfcollector/src/profiler.cpp:765
751 [22732026095296] INFO perfrun.sdk <> - runCmd: /opt/intel/oneapi/vtune/2023.1.0/bin64/amplxe-perf stat -v --log-fd 22 --control=fd:23,26 --scale -x ; -p 3882077 -e cpu/event=0x3c,name='CPU_CLK_UNHALTED.THREAD'/Duk,cpu/umask=0x3,name='CPU_CLK_UNHALTED.REF_TSC'/Duk,cpu/event=0xc0,name='INST_RETIRED.ANY'/Duk,cpu/event=0x3c,umask=0x1,name='CPU_CLK_UNHALTED.REF_XCLK'/uk,cpu/event=0x3c,umask=0x2,name='CPU_CLK_UNHALTED.ONE_THREAD_ACTIVE'/uk,cpu/event=0xc7,umask=0x2,name='FP_ARITH_INST_RETIRED.SCALAR_SINGLE'/uk,cpu/event=0xc7,umask=0x8,name='FP_ARITH_INST_RETIRED.128B_PACKED_SINGLE'/uk,cpu/event=0xc7,umask=0x20,name='FP_ARITH_INST_RETIRED.256B_PACKED_SINGLE'/uk,cpu/event=0xc7,umask=0x1,name='FP_ARITH_INST_RETIRED.SCALAR_DOUBLE'/uk,cpu/event=0xc7,umask=0x4,name='FP_ARITH_INST_RETIRED.128B_PACKED_DOUBLE'/uk,cpu/event=0xc7,umask=0x10,name='FP_ARITH_INST_RETIRED.256B_PACKED_DOUBLE'/uk,cpu/event=0xc0,umask=0x2,name='INST_RETIRED.X87'/uk,cpu/event=0xc2,umask=0x2,name='UOPS_RETIRED.RETIRE_SLOTS'/uk /opt/intel/oneapi/vtune/2023.1.0/bin64/amplxe-perf-sync sync sys
752 [22732026095296] INFO perfrun.sdk <> - runCmd started PID 3882109
902 [22732043445952] INFO perfrun.tpss <> - start tpss controller for pid #3882077
953 [22732186474368] INFO perfrun.launcher <> - Launcher: all plugins were started
953 [22732186474368] INFO perfrun.launcher <> - DirectoryMonitor object was created
953 [22732186474368] INFO perfrun.launcher <> - DirectoryMonitor: a callback was added
953 [22732186474368] INFO perfrun.launcher <> - DirectoryMonitor was started with pingTime = 1000
953 [22732186474368] INFO perfrun.launcher <> - DeadlineTimer is going to be constructed
953 [22732186474368] INFO perfrun.launcher <> - DeadlineTimer: a callback was added
955 [22732186474368] INFO perfrun.launcher <> - Launcher: resume the profiled application and  wait its termination or stop command
94013 [22732186474368] INFO perfrun.launcher <> - Launcher: the profiled application was terminated  with exit code = 1
94187 [22732043445952] INFO perfrun.itt <> - detach itt controller
94187 [22732043445952] INFO perfrun.itt <> - detach itt controller done
94189 [22732026095296] INFO perfrun.perfcollector <> - Monitor: runCmd RC = true
94189 [22732043445952] INFO perfrun.perfcollector <> - Monitor: state = 3, error = 1
94190 [22732043445952] INFO perfrun.tpss <> - stop tpss controller
94192 [22732043445952] INFO perfrun.sdk <> - De-allocating TMU: /home/course/hpc/users/2022012388/exp8/result.conv1/data.3/systemcollector-3881765-conv1.sc
94192 [22732043445952] INFO perfrun.system <> - closed the system trace file: /home/course/hpc/users/2022012388/exp8/result.conv1/data.3/systemcollector-3881765-conv1.sc
94192 [22732186474368] INFO perfrun.launcher <> - Launcher: all plugins were stopped.
94192 [22732186474368] INFO perfrun.launcher <> - DeadlineTimer is going to be destroyed
94192 [22732186474368] INFO perfrun.launcher <> - DeadlineTimer was destroyed
94192 [22732186474368] INFO perfrun.launcher <> - DirectoryMonitor object was destroyed
94192 [22732186474368] WARN perfrun.launcher <> - Stop command is ignored because it is received when collection is already stopped, at file: vcs/perfrun1/launcher/src/command_handler.cpp:226
94196 [22732186474368] INFO perfrun.launcher <> - Application exit code: 1
94196 [22732186474368] INFO perfrun.launcher <> - Exit code: 4
