13 [22653562427264] INFO perfrun.launcher <> - Launcher main begin
15 [22653562427264] INFO perfrun.launcher <> - MessageCatalogInit finished
15 [22653562427264] INFO perfrun.launcher <> - Launcher instance created
15 [22653562427264] INFO perfrun.launcher <> - argc = 7; cmdline = /opt/intel/oneapi/vtune/2023.1.0/bin64/amplxe-runss --ui-output-format xml --ui-output-fd 5 --option-file /home/course/hpc/users/2022012388/exp8/result.conv1/config/runss.options.5 
175 [22653562427264] INFO perfrun.launcher <> - create msngr2::ICliToolContext
176 [22653562427264] INFO perfrun.launcher <> - create file finder object
176 [22653562427264] INFO perfrun.launcher <> - create a result directory: pattern = /home/course/hpc/users/2022012388/exp8/result.conv1 pid = 4294967295
178 [22653562427264] INFO perfrun.sdk <> - checked that the directory /home/course/hpc/users/2022012388/exp8/result.conv1 is a local directory
178 [22653562427264] INFO perfrun.sdk <> - the directory /home/course/hpc/users/2022012388/exp8/result.conv1 is located on a share or its FS ID is unknown 26985
178 [22653562427264] INFO perfrun.sdk <> - checked that the directory /tmp/amplxe-tmp-2022012388 is a local directory
178 [22653562427264] INFO perfrun.sdk <> - the directory /tmp/amplxe-tmp-2022012388 is located on a share or its FS ID is unknown 2035054128
179 [22653562427264] INFO perfrun.launcher <> - create data directory = /home/course/hpc/users/2022012388/exp8/result.conv1/data.5
180 [22653562427264] INFO perfrun.launcher <> - Creating the master collection flag
180 [22653562427264] INFO perfrun.launcher <> - Done creating the master collection flag
182 [22653419120320] INFO perfrun.launcher <> - plugin [remoteplug] was disabled because it doesn't support the given collection type.
183 [22653419120320] INFO perfrun.sdk <> - Allocating TMU :/home/course/hpc/users/2022012388/exp8/result.conv1/data.5/systemcollector-3881770-conv1.sc
184 [22653419120320] INFO perfrun.launcher <> - plugin [vdso] was disabled because it doesn't support the given collection type.
184 [22653419120320] INFO perfrun.launcher <> - plugin [ptracecollector] was disabled because it doesn't support the given collection type.
184 [22653419120320] INFO perfrun.launcher <> - plugin [gpu] was disabled because it doesn't support the given collection type.
184 [22653419120320] INFO perfrun.launcher <> - plugin [] was disabled because it doesn't support the given collection type.
184 [22653419120320] INFO perfrun.launcher <> - plugin [] was disabled because it doesn't support the given collection type.
184 [22653419120320] INFO perfrun.launcher <> - plugin [] was disabled because it doesn't support the given collection type.
184 [22653419120320] INFO perfrun.mrte <> - system-wide mode is 0
184 [22653419120320] INFO perfrun.mrte <> - Getting  mrte profiling environment ...
198 [22653419120320] INFO perfrun.mrte <> - INTEL_MRTE_DATA_DIR=/home/course/hpc/users/2022012388/exp8/result.conv1/data.5
198 [22653419120320] INFO perfrun.mrte <> - INTEL_MRTE_HOST_NAME=conv1
198 [22653419120320] INFO perfrun.mrte <> - JAVA_TOOL_OPTIONS=-agentlib:amplxe_tpssmrte_javaprof_1.0 -Dsun.boot.library.path=/opt/intel/oneapi/vtune/2023.1.0/lib32/runtime:/opt/intel/oneapi/vtune/2023.1.0/lib64/runtime
198 [22653419120320] INFO perfrun.mrte <> - LD_LIBRARY_PATH=/opt/intel/oneapi/vtune/2023.1.0/lib32/runtime:/opt/intel/oneapi/vtune/2023.1.0/lib64/runtime:/opt/intel/oneapi/tbb/2021.5.1/env/../lib/intel64/gcc4.8:/opt/intel/oneapi/mpi/2021.5.1//libfabric/lib:/opt/intel/oneapi/mpi/2021.5.1//lib/release:/opt/intel/oneapi/mpi/2021.5.1//lib:/opt/intel/oneapi/mkl/2022.0.2/lib/intel64:/opt/intel/oneapi/itac/2021.5.0/slib:/opt/intel/oneapi/debugger/2021.5.0/gdb/intel64/lib:/opt/intel/oneapi/debugger/2021.5.0/libipt/intel64/lib:/opt/intel/oneapi/debugger/2021.5.0/dep/lib:/opt/intel/oneapi/compiler/2022.0.2/linux/lib:/opt/intel/oneapi/compiler/2022.0.2/linux/lib/x64:/opt/intel/oneapi/compiler/2022.0.2/linux/lib/oclfpga/host/linux64/lib:/opt/intel/oneapi/compiler/2022.0.2/linux/compiler/lib/intel64_lin
198 [22653419120320] INFO perfrun.mrte <> - CORECLR_ENABLE_PROFILING=1
198 [22653419120320] INFO perfrun.mrte <> - CORECLR_PROFILER={AA5E4821-E3B1-479c-B7FF-5AD047D22CED}
198 [22653419120320] INFO perfrun.mrte <> - CORECLR_PROFILER_PATH=/opt/intel/oneapi/vtune/2023.1.0/lib64/libamplxe_samplingmrte_clrprof_1.0.so
198 [22653419120320] INFO perfrun.mrte <> - INTEL_MRTE_PROFILER_MODE=mixed
198 [22653419120320] INFO perfrun.mrte <> - Data directory: /home/course/hpc/users/2022012388/exp8/result.conv1/data.5
198 [22653419120320] INFO perfrun.mrte <> - Mrte plugin is initialized
198 [22653419120320] INFO perfrun.launcher <> - plugin [emon] was disabled because it doesn't support the given collection type.
198 [22653419120320] INFO perfrun.launcher <> - plugin [cuscol] was disabled because it doesn't support the given collection type.
198 [22653419120320] INFO perfrun.launcher <> - plugin [stdsrc] was disabled because it doesn't support the given collection type.
198 [22653419120320] INFO perfrun.launcher <> - plugin [sep] was disabled because it doesn't support the given collection type.
198 [22653419120320] INFO perfrun.launcher <> - plugin [vtsspp] was disabled because it doesn't support the given collection type.
198 [22653419120320] INFO perfrun.sdk <> - Reading value (0) from file: /proc/sys/kernel/perf_event_paranoid
198 [22653419120320] INFO perfrun.perfcollector <> - checking access to: /opt/intel/oneapi/vtune/2023.1.0/bin64/amplxe-perf-priv
200 [22653419120320] INFO perfrun.perfcollector <> - cpu: family = 6 model = 79
201 [22653419120320] INFO perfrun.perfcollector <> - dir found: /sys/bus/event_source/devices/software
201 [22653419120320] INFO perfrun.perfcollector <> - format: pmu format subdir doesn't exist
201 [22653419120320] INFO perfrun.perfcollector <> - hwInfo: not set, pmuFam: software
201 [22653419120320] INFO perfrun.perfcollector <> - pmu added: family: software, id: 0
201 [22653419120320] INFO perfrun.perfcollector <> - dir found: /sys/bus/event_source/devices/uncore_imc_5
201 [22653419120320] INFO perfrun.perfcollector <> - format: event config:0-7 mask:0-7
201 [22653419120320] INFO perfrun.perfcollector <> - format: edge config:18 mask:18
202 [22653419120320] INFO perfrun.perfcollector <> - format: inv config:23 mask:23
202 [22653419120320] INFO perfrun.perfcollector <> - format: umask config:8-15 mask:8-15
202 [22653419120320] INFO perfrun.perfcollector <> - format: thresh config:24-31 mask:24-31
202 [22653419120320] INFO perfrun.perfcollector <> - hwInfo: PERF_IMC_PMU_DETAILS
202 [22653419120320] INFO perfrun.perfcollector <> - pmu added: family: uncore_imc, id: 5
202 [22653419120320] INFO perfrun.perfcollector <> - dir found: /sys/bus/event_source/devices/uncore_sbox_2
203 [22653419120320] INFO perfrun.perfcollector <> - format: event config:0-7 mask:0-7
203 [22653419120320] INFO perfrun.perfcollector <> - format: edge config:18 mask:18
203 [22653419120320] INFO perfrun.perfcollector <> - format: inv config:23 mask:23
203 [22653419120320] INFO perfrun.perfcollector <> - format: umask config:8-15 mask:8-15
203 [22653419120320] INFO perfrun.perfcollector <> - format: tid_en config:19 mask:19
203 [22653419120320] INFO perfrun.perfcollector <> - format: thresh config:24-31 mask:24-31
203 [22653419120320] INFO perfrun.perfcollector <> - hwInfo: not set, pmuFam: uncore_sbox
204 [22653419120320] INFO perfrun.perfcollector <> - pmu added: family: uncore_sbox, id: 2
204 [22653419120320] INFO perfrun.perfcollector <> - dir found: /sys/bus/event_source/devices/uncore_cbox_8
204 [22653419120320] INFO perfrun.perfcollector <> - format: event config:0-7 mask:0-7
204 [22653419120320] INFO perfrun.perfcollector <> - format: filter_link config1:6-8 mask:6-8
204 [22653419120320] INFO perfrun.perfcollector <> - format: filter_c6 config1:61 mask:61
204 [22653419120320] INFO perfrun.perfcollector <> - format: edge config:18 mask:18
204 [22653419120320] INFO perfrun.perfcollector <> - format: filter_isoc config1:63 mask:63
205 [22653419120320] INFO perfrun.perfcollector <> - format: filter_tid config1:0-5 mask:0-5
205 [22653419120320] INFO perfrun.perfcollector <> - format: filter_nid config1:32-47 mask:32-47
205 [22653419120320] INFO perfrun.perfcollector <> - format: filter_nc config1:62 mask:62
205 [22653419120320] INFO perfrun.perfcollector <> - format: umask config:8-15 mask:8-15
205 [22653419120320] INFO perfrun.perfcollector <> - format: tid_en config:19 mask:19
205 [22653419120320] INFO perfrun.perfcollector <> - format: thresh config:24-31 mask:24-31
205 [22653419120320] INFO perfrun.perfcollector <> - format: filter_state config1:17-23 mask:17-23
206 [22653419120320] INFO perfrun.perfcollector <> - format: filter_opc config1:52-60 mask:52-60
206 [22653419120320] INFO perfrun.perfcollector <> - hwInfo: PERF_CBOX_PMU_DETAILS
206 [22653419120320] INFO perfrun.perfcollector <> - pmu added: family: uncore_cbox, id: 8
206 [22653419120320] INFO perfrun.perfcollector <> - dir found: /sys/bus/event_source/devices/uncore_cbox_13
206 [22653419120320] INFO perfrun.perfcollector <> - format: event config:0-7 mask:0-7
206 [22653419120320] INFO perfrun.perfcollector <> - format: filter_link config1:6-8 mask:6-8
206 [22653419120320] INFO perfrun.perfcollector <> - format: filter_c6 config1:61 mask:61
207 [22653419120320] INFO perfrun.perfcollector <> - format: edge config:18 mask:18
207 [22653419120320] INFO perfrun.perfcollector <> - format: filter_isoc config1:63 mask:63
207 [22653419120320] INFO perfrun.perfcollector <> - format: filter_tid config1:0-5 mask:0-5
207 [22653419120320] INFO perfrun.perfcollector <> - format: filter_nid config1:32-47 mask:32-47
207 [22653419120320] INFO perfrun.perfcollector <> - format: filter_nc config1:62 mask:62
207 [22653419120320] INFO perfrun.perfcollector <> - format: umask config:8-15 mask:8-15
207 [22653419120320] INFO perfrun.perfcollector <> - format: tid_en config:19 mask:19
208 [22653419120320] INFO perfrun.perfcollector <> - format: thresh config:24-31 mask:24-31
208 [22653419120320] INFO perfrun.perfcollector <> - format: filter_state config1:17-23 mask:17-23
208 [22653419120320] INFO perfrun.perfcollector <> - format: filter_opc config1:52-60 mask:52-60
208 [22653419120320] INFO perfrun.perfcollector <> - hwInfo: PERF_CBOX_PMU_DETAILS
208 [22653419120320] INFO perfrun.perfcollector <> - pmu added: family: uncore_cbox, id: 13
208 [22653419120320] INFO perfrun.perfcollector <> - dir found: /sys/bus/event_source/devices/uncore_r2pcie
208 [22653419120320] INFO perfrun.perfcollector <> - format: event config:0-7 mask:0-7
208 [22653419120320] INFO perfrun.perfcollector <> - format: edge config:18 mask:18
209 [22653419120320] INFO perfrun.perfcollector <> - format: inv config:23 mask:23
209 [22653419120320] INFO perfrun.perfcollector <> - format: umask config:8-15 mask:8-15
209 [22653419120320] INFO perfrun.perfcollector <> - format: thresh config:24-31 mask:24-31
209 [22653419120320] INFO perfrun.perfcollector <> - hwInfo: not set, pmuFam: uncore_r2pcie
209 [22653419120320] INFO perfrun.perfcollector <> - pmu added: family: uncore_r2pcie, id: 0
209 [22653419120320] INFO perfrun.perfcollector <> - dir found: /sys/bus/event_source/devices/uncore_sbox_0
209 [22653419120320] INFO perfrun.perfcollector <> - format: event config:0-7 mask:0-7
210 [22653419120320] INFO perfrun.perfcollector <> - format: edge config:18 mask:18
210 [22653419120320] INFO perfrun.perfcollector <> - format: inv config:23 mask:23
210 [22653419120320] INFO perfrun.perfcollector <> - format: umask config:8-15 mask:8-15
210 [22653419120320] INFO perfrun.perfcollector <> - format: tid_en config:19 mask:19
210 [22653419120320] INFO perfrun.perfcollector <> - format: thresh config:24-31 mask:24-31
210 [22653419120320] INFO perfrun.perfcollector <> - hwInfo: not set, pmuFam: uncore_sbox
210 [22653419120320] INFO perfrun.perfcollector <> - pmu added: family: uncore_sbox, id: 0
210 [22653419120320] INFO perfrun.perfcollector <> - dir found: /sys/bus/event_source/devices/uncore_qpi_1
211 [22653419120320] INFO perfrun.perfcollector <> - format: mask_rnid4 config2:31 mask:31
211 [22653419120320] INFO perfrun.perfcollector <> - format: mask_rnid30 config2:32-35 mask:32-35
211 [22653419120320] INFO perfrun.perfcollector <> - format: match_rnid30 config1:32-35 mask:32-35
211 [22653419120320] INFO perfrun.perfcollector <> - format: event config:0-7,21 mask:0-7,21
211 [22653419120320] INFO perfrun.perfcollector <> - format: match0 config1:0-31 mask:0-31
211 [22653419120320] INFO perfrun.perfcollector <> - format: match_rds config1:48-51 mask:48-51
211 [22653419120320] INFO perfrun.perfcollector <> - format: mask_rds config2:48-51 mask:48-51
212 [22653419120320] INFO perfrun.perfcollector <> - format: edge config:18 mask:18
212 [22653419120320] INFO perfrun.perfcollector <> - format: mask1 config2:32-63 mask:32-63
212 [22653419120320] INFO perfrun.perfcollector <> - format: match_dnid config1:13-17 mask:13-17
212 [22653419120320] INFO perfrun.perfcollector <> - format: mask_dnid config2:13-17 mask:13-17
212 [22653419120320] INFO perfrun.perfcollector <> - format: match_vnw config1:3-4 mask:3-4
212 [22653419120320] INFO perfrun.perfcollector <> - format: mask_vnw config2:3-4 mask:3-4
212 [22653419120320] INFO perfrun.perfcollector <> - format: mask_mc config2:9-12 mask:9-12
213 [22653419120320] INFO perfrun.perfcollector <> - format: match1 config1:32-63 mask:32-63
213 [22653419120320] INFO perfrun.perfcollector <> - format: inv config:23 mask:23
213 [22653419120320] INFO perfrun.perfcollector <> - format: umask config:8-15 mask:8-15
213 [22653419120320] INFO perfrun.perfcollector <> - format: match_opc config1:5-8 mask:5-8
213 [22653419120320] INFO perfrun.perfcollector <> - format: mask_opc config2:5-8 mask:5-8
213 [22653419120320] INFO perfrun.perfcollector <> - format: thresh config:24-31 mask:24-31
214 [22653419120320] INFO perfrun.perfcollector <> - format: match_rnid4 config1:31 mask:31
214 [22653419120320] INFO perfrun.perfcollector <> - format: mask0 config2:0-31 mask:0-31
214 [22653419120320] INFO perfrun.perfcollector <> - format: match_mc config1:9-12 mask:9-12
214 [22653419120320] INFO perfrun.perfcollector <> - hwInfo: PERF_QPI_PMU_DETAILS
214 [22653419120320] INFO perfrun.perfcollector <> - pmu added: family: uncore_qpi, id: 1
214 [22653419120320] INFO perfrun.perfcollector <> - dir found: /sys/bus/event_source/devices/uncore_cbox_6
214 [22653419120320] INFO perfrun.perfcollector <> - format: event config:0-7 mask:0-7
215 [22653419120320] INFO perfrun.perfcollector <> - format: filter_link config1:6-8 mask:6-8
215 [22653419120320] INFO perfrun.perfcollector <> - format: filter_c6 config1:61 mask:61
215 [22653419120320] INFO perfrun.perfcollector <> - format: edge config:18 mask:18
215 [22653419120320] INFO perfrun.perfcollector <> - format: filter_isoc config1:63 mask:63
215 [22653419120320] INFO perfrun.perfcollector <> - format: filter_tid config1:0-5 mask:0-5
215 [22653419120320] INFO perfrun.perfcollector <> - format: filter_nid config1:32-47 mask:32-47
216 [22653419120320] INFO perfrun.perfcollector <> - format: filter_nc config1:62 mask:62
216 [22653419120320] INFO perfrun.perfcollector <> - format: umask config:8-15 mask:8-15
216 [22653419120320] INFO perfrun.perfcollector <> - format: tid_en config:19 mask:19
216 [22653419120320] INFO perfrun.perfcollector <> - format: thresh config:24-31 mask:24-31
216 [22653419120320] INFO perfrun.perfcollector <> - format: filter_state config1:17-23 mask:17-23
216 [22653419120320] INFO perfrun.perfcollector <> - format: filter_opc config1:52-60 mask:52-60
216 [22653419120320] INFO perfrun.perfcollector <> - hwInfo: PERF_CBOX_PMU_DETAILS
216 [22653419120320] INFO perfrun.perfcollector <> - pmu added: family: uncore_cbox, id: 6
217 [22653419120320] INFO perfrun.perfcollector <> - dir found: /sys/bus/event_source/devices/uncore_imc_1
217 [22653419120320] INFO perfrun.perfcollector <> - format: event config:0-7 mask:0-7
217 [22653419120320] INFO perfrun.perfcollector <> - format: edge config:18 mask:18
217 [22653419120320] INFO perfrun.perfcollector <> - format: inv config:23 mask:23
217 [22653419120320] INFO perfrun.perfcollector <> - format: umask config:8-15 mask:8-15
218 [22653419120320] INFO perfrun.perfcollector <> - format: thresh config:24-31 mask:24-31
218 [22653419120320] INFO perfrun.perfcollector <> - hwInfo: PERF_IMC_PMU_DETAILS
218 [22653419120320] INFO perfrun.perfcollector <> - pmu added: family: uncore_imc, id: 1
218 [22653419120320] INFO perfrun.perfcollector <> - dir found: /sys/bus/event_source/devices/power
218 [22653419120320] INFO perfrun.perfcollector <> - format: event config:0-7 mask:0-7
218 [22653419120320] INFO perfrun.perfcollector <> - hwInfo: not set, pmuFam: power
218 [22653419120320] INFO perfrun.perfcollector <> - pmu added: family: power, id: 0
218 [22653419120320] INFO perfrun.perfcollector <> - dir found: /sys/bus/event_source/devices/uncore_cbox_11
219 [22653419120320] INFO perfrun.perfcollector <> - format: event config:0-7 mask:0-7
219 [22653419120320] INFO perfrun.perfcollector <> - format: filter_link config1:6-8 mask:6-8
219 [22653419120320] INFO perfrun.perfcollector <> - format: filter_c6 config1:61 mask:61
219 [22653419120320] INFO perfrun.perfcollector <> - format: edge config:18 mask:18
219 [22653419120320] INFO perfrun.perfcollector <> - format: filter_isoc config1:63 mask:63
219 [22653419120320] INFO perfrun.perfcollector <> - format: filter_tid config1:0-5 mask:0-5
219 [22653419120320] INFO perfrun.perfcollector <> - format: filter_nid config1:32-47 mask:32-47
219 [22653419120320] INFO perfrun.perfcollector <> - format: filter_nc config1:62 mask:62
220 [22653419120320] INFO perfrun.perfcollector <> - format: umask config:8-15 mask:8-15
220 [22653419120320] INFO perfrun.perfcollector <> - format: tid_en config:19 mask:19
220 [22653419120320] INFO perfrun.perfcollector <> - format: thresh config:24-31 mask:24-31
220 [22653419120320] INFO perfrun.perfcollector <> - format: filter_state config1:17-23 mask:17-23
220 [22653419120320] INFO perfrun.perfcollector <> - format: filter_opc config1:52-60 mask:52-60
220 [22653419120320] INFO perfrun.perfcollector <> - hwInfo: PERF_CBOX_PMU_DETAILS
220 [22653419120320] INFO perfrun.perfcollector <> - pmu added: family: uncore_cbox, id: 11
220 [22653419120320] INFO perfrun.perfcollector <> - dir found: /sys/bus/event_source/devices/uncore_cbox_4
221 [22653419120320] INFO perfrun.perfcollector <> - format: event config:0-7 mask:0-7
221 [22653419120320] INFO perfrun.perfcollector <> - format: filter_link config1:6-8 mask:6-8
221 [22653419120320] INFO perfrun.perfcollector <> - format: filter_c6 config1:61 mask:61
221 [22653419120320] INFO perfrun.perfcollector <> - format: edge config:18 mask:18
221 [22653419120320] INFO perfrun.perfcollector <> - format: filter_isoc config1:63 mask:63
221 [22653419120320] INFO perfrun.perfcollector <> - format: filter_tid config1:0-5 mask:0-5
221 [22653419120320] INFO perfrun.perfcollector <> - format: filter_nid config1:32-47 mask:32-47
222 [22653419120320] INFO perfrun.perfcollector <> - format: filter_nc config1:62 mask:62
222 [22653419120320] INFO perfrun.perfcollector <> - format: umask config:8-15 mask:8-15
222 [22653419120320] INFO perfrun.perfcollector <> - format: tid_en config:19 mask:19
222 [22653419120320] INFO perfrun.perfcollector <> - format: thresh config:24-31 mask:24-31
222 [22653419120320] INFO perfrun.perfcollector <> - format: filter_state config1:17-23 mask:17-23
222 [22653419120320] INFO perfrun.perfcollector <> - format: filter_opc config1:52-60 mask:52-60
222 [22653419120320] INFO perfrun.perfcollector <> - hwInfo: PERF_CBOX_PMU_DETAILS
222 [22653419120320] INFO perfrun.perfcollector <> - pmu added: family: uncore_cbox, id: 4
222 [22653419120320] INFO perfrun.perfcollector <> - dir found: /sys/bus/event_source/devices/uprobe
223 [22653419120320] INFO perfrun.perfcollector <> - format: ref_ctr_offset config:32-63 mask:32-63
223 [22653419120320] INFO perfrun.perfcollector <> - format: retprobe config:0 mask:0
223 [22653419120320] INFO perfrun.perfcollector <> - hwInfo: not set, pmuFam: uprobe
223 [22653419120320] INFO perfrun.perfcollector <> - pmu added: family: uprobe, id: 0
223 [22653419120320] INFO perfrun.perfcollector <> - dir found: /sys/bus/event_source/devices/intel_bts
223 [22653419120320] INFO perfrun.perfcollector <> - format: pmu format subdir doesn't exist
223 [22653419120320] INFO perfrun.perfcollector <> - hwInfo: not set, pmuFam: intel_bts
223 [22653419120320] INFO perfrun.perfcollector <> - pmu added: family: intel_bts, id: 0
223 [22653419120320] INFO perfrun.perfcollector <> - dir found: /sys/bus/event_source/devices/cpu
224 [22653419120320] INFO perfrun.perfcollector <> - format: event config:0-7 mask:0-7
224 [22653419120320] INFO perfrun.perfcollector <> - format: pc config:19 mask:19
224 [22653419120320] INFO perfrun.perfcollector <> - format: in_tx config:32 mask:32
224 [22653419120320] INFO perfrun.perfcollector <> - format: edge config:18 mask:18
224 [22653419120320] INFO perfrun.perfcollector <> - format: any config:21 mask:21
224 [22653419120320] INFO perfrun.perfcollector <> - format: offcore_rsp config1:0-63 mask:0-63
225 [22653419120320] INFO perfrun.perfcollector <> - format: in_tx_cp config:33 mask:33
225 [22653419120320] INFO perfrun.perfcollector <> - format: ldlat config1:0-15 mask:0-15
225 [22653419120320] INFO perfrun.perfcollector <> - format: inv config:23 mask:23
225 [22653419120320] INFO perfrun.perfcollector <> - format: umask config:8-15 mask:8-15
225 [22653419120320] INFO perfrun.perfcollector <> - format: cmask config:24-31 mask:24-31
225 [22653419120320] INFO perfrun.perfcollector <> - hwInfo: PERF_CPU_PMU_DETAILS
225 [22653419120320] INFO perfrun.perfcollector <> - pmu added: family: cpu, id: 0
225 [22653419120320] INFO perfrun.perfcollector <> - dir found: /sys/bus/event_source/devices/uncore_r3qpi_0
226 [22653419120320] INFO perfrun.perfcollector <> - format: event config:0-7 mask:0-7
226 [22653419120320] INFO perfrun.perfcollector <> - format: edge config:18 mask:18
226 [22653419120320] INFO perfrun.perfcollector <> - format: inv config:23 mask:23
226 [22653419120320] INFO perfrun.perfcollector <> - format: umask config:8-15 mask:8-15
226 [22653419120320] INFO perfrun.perfcollector <> - format: thresh config:24-31 mask:24-31
226 [22653419120320] INFO perfrun.perfcollector <> - hwInfo: not set, pmuFam: uncore_r3qpi
226 [22653419120320] INFO perfrun.perfcollector <> - pmu added: family: uncore_r3qpi, id: 0
227 [22653419120320] INFO perfrun.perfcollector <> - dir found: /sys/bus/event_source/devices/cstate_core
227 [22653419120320] INFO perfrun.perfcollector <> - format: event config:0-63 mask:0-63
227 [22653419120320] INFO perfrun.perfcollector <> - hwInfo: not set, pmuFam: cstate_core
227 [22653419120320] INFO perfrun.perfcollector <> - pmu added: family: cstate_core, id: 0
227 [22653419120320] INFO perfrun.perfcollector <> - dir found: /sys/bus/event_source/devices/uncore_cbox_2
227 [22653419120320] INFO perfrun.perfcollector <> - format: event config:0-7 mask:0-7
228 [22653419120320] INFO perfrun.perfcollector <> - format: filter_link config1:6-8 mask:6-8
228 [22653419120320] INFO perfrun.perfcollector <> - format: filter_c6 config1:61 mask:61
228 [22653419120320] INFO perfrun.perfcollector <> - format: edge config:18 mask:18
228 [22653419120320] INFO perfrun.perfcollector <> - format: filter_isoc config1:63 mask:63
228 [22653419120320] INFO perfrun.perfcollector <> - format: filter_tid config1:0-5 mask:0-5
228 [22653419120320] INFO perfrun.perfcollector <> - format: filter_nid config1:32-47 mask:32-47
228 [22653419120320] INFO perfrun.perfcollector <> - format: filter_nc config1:62 mask:62
228 [22653419120320] INFO perfrun.perfcollector <> - format: umask config:8-15 mask:8-15
229 [22653419120320] INFO perfrun.perfcollector <> - format: tid_en config:19 mask:19
229 [22653419120320] INFO perfrun.perfcollector <> - format: thresh config:24-31 mask:24-31
229 [22653419120320] INFO perfrun.perfcollector <> - format: filter_state config1:17-23 mask:17-23
229 [22653419120320] INFO perfrun.perfcollector <> - format: filter_opc config1:52-60 mask:52-60
229 [22653419120320] INFO perfrun.perfcollector <> - hwInfo: PERF_CBOX_PMU_DETAILS
229 [22653419120320] INFO perfrun.perfcollector <> - pmu added: family: uncore_cbox, id: 2
229 [22653419120320] INFO perfrun.perfcollector <> - dir found: /sys/bus/event_source/devices/breakpoint
229 [22653419120320] INFO perfrun.perfcollector <> - format: pmu format subdir doesn't exist
229 [22653419120320] INFO perfrun.perfcollector <> - hwInfo: not set, pmuFam: breakpoint
229 [22653419120320] INFO perfrun.perfcollector <> - pmu added: family: breakpoint, id: 0
230 [22653419120320] INFO perfrun.perfcollector <> - dir found: /sys/bus/event_source/devices/uncore_ha_0
230 [22653419120320] INFO perfrun.perfcollector <> - format: event config:0-7 mask:0-7
230 [22653419120320] INFO perfrun.perfcollector <> - format: edge config:18 mask:18
230 [22653419120320] INFO perfrun.perfcollector <> - format: inv config:23 mask:23
230 [22653419120320] INFO perfrun.perfcollector <> - format: umask config:8-15 mask:8-15
230 [22653419120320] INFO perfrun.perfcollector <> - format: thresh config:24-31 mask:24-31
230 [22653419120320] INFO perfrun.perfcollector <> - hwInfo: not set, pmuFam: uncore_ha
230 [22653419120320] INFO perfrun.perfcollector <> - pmu added: family: uncore_ha, id: 0
231 [22653419120320] INFO perfrun.perfcollector <> - dir found: /sys/bus/event_source/devices/uncore_cbox_0
231 [22653419120320] INFO perfrun.perfcollector <> - format: event config:0-7 mask:0-7
231 [22653419120320] INFO perfrun.perfcollector <> - format: filter_link config1:6-8 mask:6-8
231 [22653419120320] INFO perfrun.perfcollector <> - format: filter_c6 config1:61 mask:61
231 [22653419120320] INFO perfrun.perfcollector <> - format: edge config:18 mask:18
231 [22653419120320] INFO perfrun.perfcollector <> - format: filter_isoc config1:63 mask:63
231 [22653419120320] INFO perfrun.perfcollector <> - format: filter_tid config1:0-5 mask:0-5
231 [22653419120320] INFO perfrun.perfcollector <> - format: filter_nid config1:32-47 mask:32-47
232 [22653419120320] INFO perfrun.perfcollector <> - format: filter_nc config1:62 mask:62
232 [22653419120320] INFO perfrun.perfcollector <> - format: umask config:8-15 mask:8-15
232 [22653419120320] INFO perfrun.perfcollector <> - format: tid_en config:19 mask:19
232 [22653419120320] INFO perfrun.perfcollector <> - format: thresh config:24-31 mask:24-31
232 [22653419120320] INFO perfrun.perfcollector <> - format: filter_state config1:17-23 mask:17-23
232 [22653419120320] INFO perfrun.perfcollector <> - format: filter_opc config1:52-60 mask:52-60
232 [22653419120320] INFO perfrun.perfcollector <> - hwInfo: PERF_CBOX_PMU_DETAILS
232 [22653419120320] INFO perfrun.perfcollector <> - pmu added: family: uncore_cbox, id: 0
232 [22653419120320] INFO perfrun.perfcollector <> - dir found: /sys/bus/event_source/devices/tracepoint
232 [22653419120320] INFO perfrun.perfcollector <> - format: pmu format subdir doesn't exist
232 [22653419120320] INFO perfrun.perfcollector <> - hwInfo: not set, pmuFam: tracepoint
232 [22653419120320] INFO perfrun.perfcollector <> - pmu added: family: tracepoint, id: 0
232 [22653419120320] INFO perfrun.perfcollector <> - dir found: /sys/bus/event_source/devices/uncore_sbox_3
233 [22653419120320] INFO perfrun.perfcollector <> - format: event config:0-7 mask:0-7
233 [22653419120320] INFO perfrun.perfcollector <> - format: edge config:18 mask:18
233 [22653419120320] INFO perfrun.perfcollector <> - format: inv config:23 mask:23
233 [22653419120320] INFO perfrun.perfcollector <> - format: umask config:8-15 mask:8-15
233 [22653419120320] INFO perfrun.perfcollector <> - format: tid_en config:19 mask:19
233 [22653419120320] INFO perfrun.perfcollector <> - format: thresh config:24-31 mask:24-31
233 [22653419120320] INFO perfrun.perfcollector <> - hwInfo: not set, pmuFam: uncore_sbox
233 [22653419120320] INFO perfrun.perfcollector <> - pmu added: family: uncore_sbox, id: 3
233 [22653419120320] INFO perfrun.perfcollector <> - dir found: /sys/bus/event_source/devices/uncore_cbox_9
234 [22653419120320] INFO perfrun.perfcollector <> - format: event config:0-7 mask:0-7
234 [22653419120320] INFO perfrun.perfcollector <> - format: filter_link config1:6-8 mask:6-8
234 [22653419120320] INFO perfrun.perfcollector <> - format: filter_c6 config1:61 mask:61
234 [22653419120320] INFO perfrun.perfcollector <> - format: edge config:18 mask:18
234 [22653419120320] INFO perfrun.perfcollector <> - format: filter_isoc config1:63 mask:63
234 [22653419120320] INFO perfrun.perfcollector <> - format: filter_tid config1:0-5 mask:0-5
234 [22653419120320] INFO perfrun.perfcollector <> - format: filter_nid config1:32-47 mask:32-47
234 [22653419120320] INFO perfrun.perfcollector <> - format: filter_nc config1:62 mask:62
234 [22653419120320] INFO perfrun.perfcollector <> - format: umask config:8-15 mask:8-15
235 [22653419120320] INFO perfrun.perfcollector <> - format: tid_en config:19 mask:19
235 [22653419120320] INFO perfrun.perfcollector <> - format: thresh config:24-31 mask:24-31
235 [22653419120320] INFO perfrun.perfcollector <> - format: filter_state config1:17-23 mask:17-23
235 [22653419120320] INFO perfrun.perfcollector <> - format: filter_opc config1:52-60 mask:52-60
235 [22653419120320] INFO perfrun.perfcollector <> - hwInfo: PERF_CBOX_PMU_DETAILS
235 [22653419120320] INFO perfrun.perfcollector <> - pmu added: family: uncore_cbox, id: 9
235 [22653419120320] INFO perfrun.perfcollector <> - dir found: /sys/bus/event_source/devices/cstate_pkg
235 [22653419120320] INFO perfrun.perfcollector <> - format: event config:0-63 mask:0-63
235 [22653419120320] INFO perfrun.perfcollector <> - hwInfo: not set, pmuFam: cstate_pkg
235 [22653419120320] INFO perfrun.perfcollector <> - pmu added: family: cstate_pkg, id: 0
235 [22653419120320] INFO perfrun.perfcollector <> - dir found: /sys/bus/event_source/devices/uncore_imc_4
236 [22653419120320] INFO perfrun.perfcollector <> - format: event config:0-7 mask:0-7
236 [22653419120320] INFO perfrun.perfcollector <> - format: edge config:18 mask:18
236 [22653419120320] INFO perfrun.perfcollector <> - format: inv config:23 mask:23
236 [22653419120320] INFO perfrun.perfcollector <> - format: umask config:8-15 mask:8-15
236 [22653419120320] INFO perfrun.perfcollector <> - format: thresh config:24-31 mask:24-31
236 [22653419120320] INFO perfrun.perfcollector <> - hwInfo: PERF_IMC_PMU_DETAILS
236 [22653419120320] INFO perfrun.perfcollector <> - pmu added: family: uncore_imc, id: 4
236 [22653419120320] INFO perfrun.perfcollector <> - dir found: /sys/bus/event_source/devices/uncore_ubox
236 [22653419120320] INFO perfrun.perfcollector <> - format: event config:0-7 mask:0-7
236 [22653419120320] INFO perfrun.perfcollector <> - format: edge config:18 mask:18
237 [22653419120320] INFO perfrun.perfcollector <> - format: inv config:23 mask:23
237 [22653419120320] INFO perfrun.perfcollector <> - format: umask config:8-15 mask:8-15
237 [22653419120320] INFO perfrun.perfcollector <> - format: thresh config:24-28 mask:24-28
237 [22653419120320] INFO perfrun.perfcollector <> - hwInfo: not set, pmuFam: uncore_ubox
237 [22653419120320] INFO perfrun.perfcollector <> - pmu added: family: uncore_ubox, id: 0
237 [22653419120320] INFO perfrun.perfcollector <> - dir found: /sys/bus/event_source/devices/uncore_sbox_1
237 [22653419120320] INFO perfrun.perfcollector <> - format: event config:0-7 mask:0-7
237 [22653419120320] INFO perfrun.perfcollector <> - format: edge config:18 mask:18
237 [22653419120320] INFO perfrun.perfcollector <> - format: inv config:23 mask:23
237 [22653419120320] INFO perfrun.perfcollector <> - format: umask config:8-15 mask:8-15
238 [22653419120320] INFO perfrun.perfcollector <> - format: tid_en config:19 mask:19
238 [22653419120320] INFO perfrun.perfcollector <> - format: thresh config:24-31 mask:24-31
238 [22653419120320] INFO perfrun.perfcollector <> - hwInfo: not set, pmuFam: uncore_sbox
238 [22653419120320] INFO perfrun.perfcollector <> - pmu added: family: uncore_sbox, id: 1
238 [22653419120320] INFO perfrun.perfcollector <> - dir found: /sys/bus/event_source/devices/uncore_cbox_7
238 [22653419120320] INFO perfrun.perfcollector <> - format: event config:0-7 mask:0-7
238 [22653419120320] INFO perfrun.perfcollector <> - format: filter_link config1:6-8 mask:6-8
238 [22653419120320] INFO perfrun.perfcollector <> - format: filter_c6 config1:61 mask:61
238 [22653419120320] INFO perfrun.perfcollector <> - format: edge config:18 mask:18
239 [22653419120320] INFO perfrun.perfcollector <> - format: filter_isoc config1:63 mask:63
239 [22653419120320] INFO perfrun.perfcollector <> - format: filter_tid config1:0-5 mask:0-5
239 [22653419120320] INFO perfrun.perfcollector <> - format: filter_nid config1:32-47 mask:32-47
239 [22653419120320] INFO perfrun.perfcollector <> - format: filter_nc config1:62 mask:62
239 [22653419120320] INFO perfrun.perfcollector <> - format: umask config:8-15 mask:8-15
239 [22653419120320] INFO perfrun.perfcollector <> - format: tid_en config:19 mask:19
239 [22653419120320] INFO perfrun.perfcollector <> - format: thresh config:24-31 mask:24-31
239 [22653419120320] INFO perfrun.perfcollector <> - format: filter_state config1:17-23 mask:17-23
239 [22653419120320] INFO perfrun.perfcollector <> - format: filter_opc config1:52-60 mask:52-60
239 [22653419120320] INFO perfrun.perfcollector <> - hwInfo: PERF_CBOX_PMU_DETAILS
240 [22653419120320] INFO perfrun.perfcollector <> - pmu added: family: uncore_cbox, id: 7
240 [22653419120320] INFO perfrun.perfcollector <> - dir found: /sys/bus/event_source/devices/uncore_cbox_12
240 [22653419120320] INFO perfrun.perfcollector <> - format: event config:0-7 mask:0-7
240 [22653419120320] INFO perfrun.perfcollector <> - format: filter_link config1:6-8 mask:6-8
240 [22653419120320] INFO perfrun.perfcollector <> - format: filter_c6 config1:61 mask:61
240 [22653419120320] INFO perfrun.perfcollector <> - format: edge config:18 mask:18
240 [22653419120320] INFO perfrun.perfcollector <> - format: filter_isoc config1:63 mask:63
241 [22653419120320] INFO perfrun.perfcollector <> - format: filter_tid config1:0-5 mask:0-5
241 [22653419120320] INFO perfrun.perfcollector <> - format: filter_nid config1:32-47 mask:32-47
241 [22653419120320] INFO perfrun.perfcollector <> - format: filter_nc config1:62 mask:62
241 [22653419120320] INFO perfrun.perfcollector <> - format: umask config:8-15 mask:8-15
241 [22653419120320] INFO perfrun.perfcollector <> - format: tid_en config:19 mask:19
241 [22653419120320] INFO perfrun.perfcollector <> - format: thresh config:24-31 mask:24-31
241 [22653419120320] INFO perfrun.perfcollector <> - format: filter_state config1:17-23 mask:17-23
241 [22653419120320] INFO perfrun.perfcollector <> - format: filter_opc config1:52-60 mask:52-60
241 [22653419120320] INFO perfrun.perfcollector <> - hwInfo: PERF_CBOX_PMU_DETAILS
242 [22653419120320] INFO perfrun.perfcollector <> - pmu added: family: uncore_cbox, id: 12
242 [22653419120320] INFO perfrun.perfcollector <> - dir found: /sys/bus/event_source/devices/kprobe
242 [22653419120320] INFO perfrun.perfcollector <> - format: retprobe config:0 mask:0
242 [22653419120320] INFO perfrun.perfcollector <> - hwInfo: not set, pmuFam: kprobe
242 [22653419120320] INFO perfrun.perfcollector <> - pmu added: family: kprobe, id: 0
242 [22653419120320] INFO perfrun.perfcollector <> - dir found: /sys/bus/event_source/devices/uncore_qpi_0
242 [22653419120320] INFO perfrun.perfcollector <> - format: mask_rnid4 config2:31 mask:31
243 [22653419120320] INFO perfrun.perfcollector <> - format: mask_rnid30 config2:32-35 mask:32-35
243 [22653419120320] INFO perfrun.perfcollector <> - format: match_rnid30 config1:32-35 mask:32-35
243 [22653419120320] INFO perfrun.perfcollector <> - format: event config:0-7,21 mask:0-7,21
243 [22653419120320] INFO perfrun.perfcollector <> - format: match0 config1:0-31 mask:0-31
243 [22653419120320] INFO perfrun.perfcollector <> - format: match_rds config1:48-51 mask:48-51
243 [22653419120320] INFO perfrun.perfcollector <> - format: mask_rds config2:48-51 mask:48-51
243 [22653419120320] INFO perfrun.perfcollector <> - format: edge config:18 mask:18
243 [22653419120320] INFO perfrun.perfcollector <> - format: mask1 config2:32-63 mask:32-63
244 [22653419120320] INFO perfrun.perfcollector <> - format: match_dnid config1:13-17 mask:13-17
244 [22653419120320] INFO perfrun.perfcollector <> - format: mask_dnid config2:13-17 mask:13-17
244 [22653419120320] INFO perfrun.perfcollector <> - format: match_vnw config1:3-4 mask:3-4
244 [22653419120320] INFO perfrun.perfcollector <> - format: mask_vnw config2:3-4 mask:3-4
244 [22653419120320] INFO perfrun.perfcollector <> - format: mask_mc config2:9-12 mask:9-12
244 [22653419120320] INFO perfrun.perfcollector <> - format: match1 config1:32-63 mask:32-63
244 [22653419120320] INFO perfrun.perfcollector <> - format: inv config:23 mask:23
245 [22653419120320] INFO perfrun.perfcollector <> - format: umask config:8-15 mask:8-15
245 [22653419120320] INFO perfrun.perfcollector <> - format: match_opc config1:5-8 mask:5-8
245 [22653419120320] INFO perfrun.perfcollector <> - format: mask_opc config2:5-8 mask:5-8
245 [22653419120320] INFO perfrun.perfcollector <> - format: thresh config:24-31 mask:24-31
245 [22653419120320] INFO perfrun.perfcollector <> - format: match_rnid4 config1:31 mask:31
245 [22653419120320] INFO perfrun.perfcollector <> - format: mask0 config2:0-31 mask:0-31
245 [22653419120320] INFO perfrun.perfcollector <> - format: match_mc config1:9-12 mask:9-12
245 [22653419120320] INFO perfrun.perfcollector <> - hwInfo: PERF_QPI_PMU_DETAILS
246 [22653419120320] INFO perfrun.perfcollector <> - pmu added: family: uncore_qpi, id: 0
246 [22653419120320] INFO perfrun.perfcollector <> - dir found: /sys/bus/event_source/devices/uncore_cbox_5
246 [22653419120320] INFO perfrun.perfcollector <> - format: event config:0-7 mask:0-7
246 [22653419120320] INFO perfrun.perfcollector <> - format: filter_link config1:6-8 mask:6-8
246 [22653419120320] INFO perfrun.perfcollector <> - format: filter_c6 config1:61 mask:61
246 [22653419120320] INFO perfrun.perfcollector <> - format: edge config:18 mask:18
247 [22653419120320] INFO perfrun.perfcollector <> - format: filter_isoc config1:63 mask:63
247 [22653419120320] INFO perfrun.perfcollector <> - format: filter_tid config1:0-5 mask:0-5
247 [22653419120320] INFO perfrun.perfcollector <> - format: filter_nid config1:32-47 mask:32-47
247 [22653419120320] INFO perfrun.perfcollector <> - format: filter_nc config1:62 mask:62
247 [22653419120320] INFO perfrun.perfcollector <> - format: umask config:8-15 mask:8-15
247 [22653419120320] INFO perfrun.perfcollector <> - format: tid_en config:19 mask:19
248 [22653419120320] INFO perfrun.perfcollector <> - format: thresh config:24-31 mask:24-31
248 [22653419120320] INFO perfrun.perfcollector <> - format: filter_state config1:17-23 mask:17-23
248 [22653419120320] INFO perfrun.perfcollector <> - format: filter_opc config1:52-60 mask:52-60
248 [22653419120320] INFO perfrun.perfcollector <> - hwInfo: PERF_CBOX_PMU_DETAILS
248 [22653419120320] INFO perfrun.perfcollector <> - pmu added: family: uncore_cbox, id: 5
248 [22653419120320] INFO perfrun.perfcollector <> - dir found: /sys/bus/event_source/devices/uncore_imc_0
249 [22653419120320] INFO perfrun.perfcollector <> - format: event config:0-7 mask:0-7
249 [22653419120320] INFO perfrun.perfcollector <> - format: edge config:18 mask:18
249 [22653419120320] INFO perfrun.perfcollector <> - format: inv config:23 mask:23
249 [22653419120320] INFO perfrun.perfcollector <> - format: umask config:8-15 mask:8-15
249 [22653419120320] INFO perfrun.perfcollector <> - format: thresh config:24-31 mask:24-31
249 [22653419120320] INFO perfrun.perfcollector <> - hwInfo: PERF_IMC_PMU_DETAILS
249 [22653419120320] INFO perfrun.perfcollector <> - pmu added: family: uncore_imc, id: 0
249 [22653419120320] INFO perfrun.perfcollector <> - dir found: /sys/bus/event_source/devices/uncore_cbox_10
250 [22653419120320] INFO perfrun.perfcollector <> - format: event config:0-7 mask:0-7
250 [22653419120320] INFO perfrun.perfcollector <> - format: filter_link config1:6-8 mask:6-8
250 [22653419120320] INFO perfrun.perfcollector <> - format: filter_c6 config1:61 mask:61
250 [22653419120320] INFO perfrun.perfcollector <> - format: edge config:18 mask:18
250 [22653419120320] INFO perfrun.perfcollector <> - format: filter_isoc config1:63 mask:63
251 [22653419120320] INFO perfrun.perfcollector <> - format: filter_tid config1:0-5 mask:0-5
251 [22653419120320] INFO perfrun.perfcollector <> - format: filter_nid config1:32-47 mask:32-47
251 [22653419120320] INFO perfrun.perfcollector <> - format: filter_nc config1:62 mask:62
251 [22653419120320] INFO perfrun.perfcollector <> - format: umask config:8-15 mask:8-15
251 [22653419120320] INFO perfrun.perfcollector <> - format: tid_en config:19 mask:19
251 [22653419120320] INFO perfrun.perfcollector <> - format: thresh config:24-31 mask:24-31
252 [22653419120320] INFO perfrun.perfcollector <> - format: filter_state config1:17-23 mask:17-23
252 [22653419120320] INFO perfrun.perfcollector <> - format: filter_opc config1:52-60 mask:52-60
252 [22653419120320] INFO perfrun.perfcollector <> - hwInfo: PERF_CBOX_PMU_DETAILS
252 [22653419120320] INFO perfrun.perfcollector <> - pmu added: family: uncore_cbox, id: 10
252 [22653419120320] INFO perfrun.perfcollector <> - dir found: /sys/bus/event_source/devices/uncore_pcu
252 [22653419120320] INFO perfrun.perfcollector <> - format: filter_band2 config1:16-23 mask:16-23
253 [22653419120320] INFO perfrun.perfcollector <> - format: event config:0-7 mask:0-7
253 [22653419120320] INFO perfrun.perfcollector <> - format: filter_band0 config1:0-7 mask:0-7
253 [22653419120320] INFO perfrun.perfcollector <> - format: edge config:18 mask:18
253 [22653419120320] INFO perfrun.perfcollector <> - format: occ_invert config:30 mask:30
253 [22653419120320] INFO perfrun.perfcollector <> - format: occ_edge config:14-51 mask:14-51
254 [22653419120320] INFO perfrun.perfcollector <> - format: filter_band3 config1:24-31 mask:24-31
254 [22653419120320] INFO perfrun.perfcollector <> - format: filter_band1 config1:8-15 mask:8-15
254 [22653419120320] INFO perfrun.perfcollector <> - format: inv config:23 mask:23
254 [22653419120320] INFO perfrun.perfcollector <> - format: thresh config:24-28 mask:24-28
254 [22653419120320] INFO perfrun.perfcollector <> - format: occ_sel config:14-15 mask:14-15
254 [22653419120320] INFO perfrun.perfcollector <> - hwInfo: not set, pmuFam: uncore_pcu
254 [22653419120320] INFO perfrun.perfcollector <> - pmu added: family: uncore_pcu, id: 0
255 [22653419120320] INFO perfrun.perfcollector <> - dir found: /sys/bus/event_source/devices/uncore_r3qpi_1
255 [22653419120320] INFO perfrun.perfcollector <> - format: event config:0-7 mask:0-7
255 [22653419120320] INFO perfrun.perfcollector <> - format: edge config:18 mask:18
255 [22653419120320] INFO perfrun.perfcollector <> - format: inv config:23 mask:23
255 [22653419120320] INFO perfrun.perfcollector <> - format: umask config:8-15 mask:8-15
256 [22653419120320] INFO perfrun.perfcollector <> - format: thresh config:24-31 mask:24-31
256 [22653419120320] INFO perfrun.perfcollector <> - hwInfo: not set, pmuFam: uncore_r3qpi
256 [22653419120320] INFO perfrun.perfcollector <> - pmu added: family: uncore_r3qpi, id: 1
256 [22653419120320] INFO perfrun.perfcollector <> - dir found: /sys/bus/event_source/devices/msr
256 [22653419120320] INFO perfrun.perfcollector <> - format: event config:0-63 mask:0-63
256 [22653419120320] INFO perfrun.perfcollector <> - hwInfo: not set, pmuFam: msr
256 [22653419120320] INFO perfrun.perfcollector <> - pmu added: family: msr, id: 0
257 [22653419120320] INFO perfrun.perfcollector <> - dir found: /sys/bus/event_source/devices/uncore_cbox_3
257 [22653419120320] INFO perfrun.perfcollector <> - format: event config:0-7 mask:0-7
257 [22653419120320] INFO perfrun.perfcollector <> - format: filter_link config1:6-8 mask:6-8
257 [22653419120320] INFO perfrun.perfcollector <> - format: filter_c6 config1:61 mask:61
257 [22653419120320] INFO perfrun.perfcollector <> - format: edge config:18 mask:18
258 [22653419120320] INFO perfrun.perfcollector <> - format: filter_isoc config1:63 mask:63
258 [22653419120320] INFO perfrun.perfcollector <> - format: filter_tid config1:0-5 mask:0-5
258 [22653419120320] INFO perfrun.perfcollector <> - format: filter_nid config1:32-47 mask:32-47
258 [22653419120320] INFO perfrun.perfcollector <> - format: filter_nc config1:62 mask:62
258 [22653419120320] INFO perfrun.perfcollector <> - format: umask config:8-15 mask:8-15
258 [22653419120320] INFO perfrun.perfcollector <> - format: tid_en config:19 mask:19
259 [22653419120320] INFO perfrun.perfcollector <> - format: thresh config:24-31 mask:24-31
259 [22653419120320] INFO perfrun.perfcollector <> - format: filter_state config1:17-23 mask:17-23
259 [22653419120320] INFO perfrun.perfcollector <> - format: filter_opc config1:52-60 mask:52-60
259 [22653419120320] INFO perfrun.perfcollector <> - hwInfo: PERF_CBOX_PMU_DETAILS
259 [22653419120320] INFO perfrun.perfcollector <> - pmu added: family: uncore_cbox, id: 3
259 [22653419120320] INFO perfrun.perfcollector <> - dir found: /sys/bus/event_source/devices/intel_pt
260 [22653419120320] INFO perfrun.perfcollector <> - format: ptw config:12 mask:12
260 [22653419120320] INFO perfrun.perfcollector <> - format: event config:31 mask:31
260 [22653419120320] INFO perfrun.perfcollector <> - format: cyc_thresh config:19-22 mask:19-22
260 [22653419120320] INFO perfrun.perfcollector <> - format: pt config:0 mask:0
260 [22653419120320] INFO perfrun.perfcollector <> - format: notnt config:55 mask:55
261 [22653419120320] INFO perfrun.perfcollector <> - format: branch config:13 mask:13
261 [22653419120320] INFO perfrun.perfcollector <> - format: tsc config:10 mask:10
261 [22653419120320] INFO perfrun.perfcollector <> - format: pwr_evt config:4 mask:4
261 [22653419120320] INFO perfrun.perfcollector <> - format: fup_on_ptw config:5 mask:5
261 [22653419120320] INFO perfrun.perfcollector <> - format: cyc config:1 mask:1
261 [22653419120320] INFO perfrun.perfcollector <> - format: noretcomp config:11 mask:11
262 [22653419120320] INFO perfrun.perfcollector <> - format: mtc config:9 mask:9
262 [22653419120320] INFO perfrun.perfcollector <> - format: psb_period config:24-27 mask:24-27
262 [22653419120320] INFO perfrun.perfcollector <> - format: mtc_period config:14-17 mask:14-17
262 [22653419120320] INFO perfrun.perfcollector <> - hwInfo: not set, pmuFam: intel_pt
262 [22653419120320] INFO perfrun.perfcollector <> - pmu added: family: intel_pt, id: 0
262 [22653419120320] INFO perfrun.perfcollector <> - dir found: /sys/bus/event_source/devices/uncore_ha_1
263 [22653419120320] INFO perfrun.perfcollector <> - format: event config:0-7 mask:0-7
263 [22653419120320] INFO perfrun.perfcollector <> - format: edge config:18 mask:18
263 [22653419120320] INFO perfrun.perfcollector <> - format: inv config:23 mask:23
263 [22653419120320] INFO perfrun.perfcollector <> - format: umask config:8-15 mask:8-15
263 [22653419120320] INFO perfrun.perfcollector <> - format: thresh config:24-31 mask:24-31
263 [22653419120320] INFO perfrun.perfcollector <> - hwInfo: not set, pmuFam: uncore_ha
264 [22653419120320] INFO perfrun.perfcollector <> - pmu added: family: uncore_ha, id: 1
264 [22653419120320] INFO perfrun.perfcollector <> - dir found: /sys/bus/event_source/devices/uncore_cbox_1
264 [22653419120320] INFO perfrun.perfcollector <> - format: event config:0-7 mask:0-7
264 [22653419120320] INFO perfrun.perfcollector <> - format: filter_link config1:6-8 mask:6-8
264 [22653419120320] INFO perfrun.perfcollector <> - format: filter_c6 config1:61 mask:61
265 [22653419120320] INFO perfrun.perfcollector <> - format: edge config:18 mask:18
265 [22653419120320] INFO perfrun.perfcollector <> - format: filter_isoc config1:63 mask:63
265 [22653419120320] INFO perfrun.perfcollector <> - format: filter_tid config1:0-5 mask:0-5
265 [22653419120320] INFO perfrun.perfcollector <> - format: filter_nid config1:32-47 mask:32-47
265 [22653419120320] INFO perfrun.perfcollector <> - format: filter_nc config1:62 mask:62
266 [22653419120320] INFO perfrun.perfcollector <> - format: umask config:8-15 mask:8-15
266 [22653419120320] INFO perfrun.perfcollector <> - format: tid_en config:19 mask:19
266 [22653419120320] INFO perfrun.perfcollector <> - format: thresh config:24-31 mask:24-31
266 [22653419120320] INFO perfrun.perfcollector <> - format: filter_state config1:17-23 mask:17-23
266 [22653419120320] INFO perfrun.perfcollector <> - format: filter_opc config1:52-60 mask:52-60
266 [22653419120320] INFO perfrun.perfcollector <> - hwInfo: PERF_CBOX_PMU_DETAILS
267 [22653419120320] INFO perfrun.perfcollector <> - pmu added: family: uncore_cbox, id: 1
267 [22653419120320] INFO perfrun.sdk <> - runCmd: /opt/intel/oneapi/vtune/2023.1.0/bin64/sep -dry-run -sam 1 -ec CPU_CLK_UNHALTED.THREAD,CPU_CLK_UNHALTED.REF_TSC:sample:sa=2400000,INST_RETIRED.ANY:sample:sa=2400000,CPU_CLK_UNHALTED.REF_XCLK,CPU_CLK_UNHALTED.ONE_THREAD_ACTIVE,FP_ARITH_INST_RETIRED.SCALAR_SINGLE,FP_ARITH_INST_RETIRED.128B_PACKED_SINGLE,FP_ARITH_INST_RETIRED.256B_PACKED_SINGLE,FP_ARITH_INST_RETIRED.SCALAR_DOUBLE,FP_ARITH_INST_RETIRED.128B_PACKED_DOUBLE,FP_ARITH_INST_RETIRED.256B_PACKED_DOUBLE,INST_RETIRED.X87,UOPS_RETIRED.RETIRE_SLOTS:sample:sa=2000003 -experimental
268 [22653419120320] INFO perfrun.sdk <> - runCmd started PID 3881891
320 [22653419120320] INFO perfrun.perfcollector <> - SepDryRun RC = true
324 [22653419120320] INFO perfrun.perfcollector <> - DRY_RUN: "PMU type: Core (core)"
324 [22653419120320] INFO perfrun.perfcollector <> - pmu type: cpu
324 [22653419120320] INFO perfrun.perfcollector <> - DRY_RUN: "Group 0:"
324 [22653419120320] INFO perfrun.perfcollector <> - id: 0
324 [22653419120320] INFO perfrun.perfcollector <> - DRY_RUN: "INST_RETIRED.ANY: event id 2"
324 [22653419120320] INFO perfrun.perfcollector <> - eventName: INST_RETIRED.ANY, eventId: 2
324 [22653419120320] INFO perfrun.perfcollector <> - DRY_RUN: "CPU_CLK_UNHALTED.THREAD: event id 0"
324 [22653419120320] INFO perfrun.perfcollector <> - eventName: CPU_CLK_UNHALTED.THREAD, eventId: 0
324 [22653419120320] INFO perfrun.perfcollector <> - DRY_RUN: "CPU_CLK_UNHALTED.REF_TSC: event id 1"
324 [22653419120320] INFO perfrun.perfcollector <> - eventName: CPU_CLK_UNHALTED.REF_TSC, eventId: 1
324 [22653419120320] INFO perfrun.perfcollector <> - DRY_RUN: "FP_ARITH_INST_RETIRED.SCALAR_SINGLE: event id 5"
324 [22653419120320] INFO perfrun.perfcollector <> - eventName: FP_ARITH_INST_RETIRED.SCALAR_SINGLE, eventId: 5
324 [22653419120320] INFO perfrun.perfcollector <> - DRY_RUN: "FP_ARITH_INST_RETIRED.128B_PACKED_SINGLE: event id 6"
324 [22653419120320] INFO perfrun.perfcollector <> - eventName: FP_ARITH_INST_RETIRED.128B_PACKED_SINGLE, eventId: 6
324 [22653419120320] INFO perfrun.perfcollector <> - DRY_RUN: "FP_ARITH_INST_RETIRED.256B_PACKED_SINGLE: event id 7"
324 [22653419120320] INFO perfrun.perfcollector <> - eventName: FP_ARITH_INST_RETIRED.256B_PACKED_SINGLE, eventId: 7
324 [22653419120320] INFO perfrun.perfcollector <> - DRY_RUN: "FP_ARITH_INST_RETIRED.SCALAR_DOUBLE: event id 8"
324 [22653419120320] INFO perfrun.perfcollector <> - eventName: FP_ARITH_INST_RETIRED.SCALAR_DOUBLE, eventId: 8
324 [22653419120320] INFO perfrun.perfcollector <> - DRY_RUN: "CPU_CLK_UNHALTED.REF_XCLK: event id 3"
324 [22653419120320] INFO perfrun.perfcollector <> - eventName: CPU_CLK_UNHALTED.REF_XCLK, eventId: 3
324 [22653419120320] INFO perfrun.perfcollector <> - DRY_RUN: "CPU_CLK_UNHALTED.ONE_THREAD_ACTIVE: event id 4"
324 [22653419120320] INFO perfrun.perfcollector <> - eventName: CPU_CLK_UNHALTED.ONE_THREAD_ACTIVE, eventId: 4
324 [22653419120320] INFO perfrun.perfcollector <> - DRY_RUN: "INST_RETIRED.X87: event id 11"
324 [22653419120320] INFO perfrun.perfcollector <> - eventName: INST_RETIRED.X87, eventId: 11
324 [22653419120320] INFO perfrun.perfcollector <> - DRY_RUN: "UOPS_RETIRED.RETIRE_SLOTS: event id 12"
324 [22653419120320] INFO perfrun.perfcollector <> - eventName: UOPS_RETIRED.RETIRE_SLOTS, eventId: 12
324 [22653419120320] INFO perfrun.perfcollector <> - DRY_RUN: "CCCR"
324 [22653419120320] INFO perfrun.perfcollector <> - DRY_RUN: "reg_type       = 1	event_id       = g	reg_id         = 38f	reg_value      = 7000000ff"
324 [22653419120320] INFO perfrun.perfcollector <> - eventId: g, skip parsing event_id
324 [22653419120320] INFO perfrun.perfcollector <> - Register was ignored: group_id: 0, reg_type: 1, event_id: 4294967295, reg_id: 38f, reg_value: 7000000ff, pmu_name: cpu
324 [22653419120320] INFO perfrun.perfcollector <> - DRY_RUN: "reg_type       = 1	event_id       = g	reg_id         = 390	reg_value      = 7000000ff"
324 [22653419120320] INFO perfrun.perfcollector <> - eventId: g, skip parsing event_id
324 [22653419120320] INFO perfrun.perfcollector <> - Register was ignored: group_id: 0, reg_type: 1, event_id: 4294967295, reg_id: 390, reg_value: 7000000ff, pmu_name: cpu
324 [22653419120320] INFO perfrun.perfcollector <> - DRY_RUN: "reg_type       = 1	event_id       = g	reg_id         = 3f1	reg_value      = 0"
324 [22653419120320] INFO perfrun.perfcollector <> - eventId: g, skip parsing event_id
324 [22653419120320] INFO perfrun.perfcollector <> - Register was ignored: group_id: 0, reg_type: 1, event_id: 4294967295, reg_id: 3f1, reg_value: 0, pmu_name: cpu
324 [22653419120320] INFO perfrun.perfcollector <> - DRY_RUN: "reg_type       = 1	event_id       = g	reg_id         = 1d9	reg_value      = 1800"
324 [22653419120320] INFO perfrun.perfcollector <> - eventId: g, skip parsing event_id
324 [22653419120320] INFO perfrun.perfcollector <> - Register was ignored: group_id: 0, reg_type: 1, event_id: 4294967295, reg_id: 1d9, reg_value: 1800, pmu_name: cpu
324 [22653419120320] INFO perfrun.perfcollector <> - DRY_RUN: "reg_type       = 1	event_id       = g	reg_id         = 38d	reg_value      = bbb"
324 [22653419120320] INFO perfrun.perfcollector <> - eventId: g, skip parsing event_id
324 [22653419120320] INFO perfrun.perfcollector <> - Register was ignored: group_id: 0, reg_type: 1, event_id: 4294967295, reg_id: 38d, reg_value: bbb, pmu_name: cpu
324 [22653419120320] INFO perfrun.perfcollector <> - DRY_RUN: "reg_type       = 1	event_id       = 5	reg_id         = 186	reg_value      = 5302c7"
324 [22653419120320] INFO perfrun.perfcollector <> - Event selector: group_id: 0, reg_type: 1, event_id: 5, reg_id: 186, reg_value: 5302c7, pmu_name: cpu
324 [22653419120320] INFO perfrun.perfcollector <> - DRY_RUN: "reg_type       = 1	event_id       = 6	reg_id         = 187	reg_value      = 5308c7"
324 [22653419120320] INFO perfrun.perfcollector <> - Event selector: group_id: 0, reg_type: 1, event_id: 6, reg_id: 187, reg_value: 5308c7, pmu_name: cpu
324 [22653419120320] INFO perfrun.perfcollector <> - DRY_RUN: "reg_type       = 1	event_id       = 7	reg_id         = 188	reg_value      = 5320c7"
324 [22653419120320] INFO perfrun.perfcollector <> - Event selector: group_id: 0, reg_type: 1, event_id: 7, reg_id: 188, reg_value: 5320c7, pmu_name: cpu
324 [22653419120320] INFO perfrun.perfcollector <> - DRY_RUN: "reg_type       = 1	event_id       = 8	reg_id         = 189	reg_value      = 5301c7"
324 [22653419120320] INFO perfrun.perfcollector <> - Event selector: group_id: 0, reg_type: 1, event_id: 8, reg_id: 189, reg_value: 5301c7, pmu_name: cpu
324 [22653419120320] INFO perfrun.perfcollector <> - DRY_RUN: "reg_type       = 1	event_id       = 3	reg_id         = 18a	reg_value      = 53013c"
324 [22653419120320] INFO perfrun.perfcollector <> - Event selector: group_id: 0, reg_type: 1, event_id: 3, reg_id: 18a, reg_value: 53013c, pmu_name: cpu
324 [22653419120320] INFO perfrun.perfcollector <> - DRY_RUN: "reg_type       = 1	event_id       = 4	reg_id         = 18b	reg_value      = 53023c"
324 [22653419120320] INFO perfrun.perfcollector <> - Event selector: group_id: 0, reg_type: 1, event_id: 4, reg_id: 18b, reg_value: 53023c, pmu_name: cpu
324 [22653419120320] INFO perfrun.perfcollector <> - DRY_RUN: "reg_type       = 1	event_id       = 11	reg_id         = 18c	reg_value      = 5302c0"
324 [22653419120320] INFO perfrun.perfcollector <> - Event selector: group_id: 0, reg_type: 1, event_id: 11, reg_id: 18c, reg_value: 5302c0, pmu_name: cpu
324 [22653419120320] INFO perfrun.perfcollector <> - DRY_RUN: "reg_type       = 1	event_id       = 12	reg_id         = 18d	reg_value      = 5302c2"
324 [22653419120320] INFO perfrun.perfcollector <> - Event selector: group_id: 0, reg_type: 1, event_id: 12, reg_id: 18d, reg_value: 5302c2, pmu_name: cpu
324 [22653419120320] INFO perfrun.perfcollector <> - DRY_RUN: "ESCR"
324 [22653419120320] INFO perfrun.perfcollector <> - DRY_RUN: "reg_type       = 2	event_id       = g	reg_id         = 1c8	reg_value      = 0"
324 [22653419120320] INFO perfrun.perfcollector <> - eventId: g, skip parsing event_id
324 [22653419120320] INFO perfrun.perfcollector <> - DRY_RUN: "DATA"
324 [22653419120320] INFO perfrun.perfcollector <> - DRY_RUN: "reg_type       = 4	event_id       = 2	reg_id         = 309	reg_value      = ffffffdb6100"
324 [22653419120320] INFO perfrun.perfcollector <> - eventId: 2, dataAddr: 309, dataVal: ffffffdb6100
324 [22653419120320] INFO perfrun.perfcollector <> - DRY_RUN: "reg_type       = 4	event_id       = 0	reg_id         = 30a	reg_value      = ffffffe17b7d"
324 [22653419120320] INFO perfrun.perfcollector <> - eventId: 0, dataAddr: 30a, dataVal: ffffffe17b7d
324 [22653419120320] INFO perfrun.perfcollector <> - DRY_RUN: "reg_type       = 4	event_id       = 1	reg_id         = 30b	reg_value      = ffffffdb6100"
324 [22653419120320] INFO perfrun.perfcollector <> - eventId: 1, dataAddr: 30b, dataVal: ffffffdb6100
324 [22653419120320] INFO perfrun.perfcollector <> - DRY_RUN: "reg_type       = 4	event_id       = 5	reg_id         = c1	reg_value      = ffffffe17b7d"
324 [22653419120320] INFO perfrun.perfcollector <> - eventId: 5, dataAddr: c1, dataVal: ffffffe17b7d
324 [22653419120320] INFO perfrun.perfcollector <> - DRY_RUN: "reg_type       = 4	event_id       = 6	reg_id         = c2	reg_value      = ffffffe17b7d"
324 [22653419120320] INFO perfrun.perfcollector <> - eventId: 6, dataAddr: c2, dataVal: ffffffe17b7d
324 [22653419120320] INFO perfrun.perfcollector <> - DRY_RUN: "reg_type       = 4	event_id       = 7	reg_id         = c3	reg_value      = ffffffe17b7d"
324 [22653419120320] INFO perfrun.perfcollector <> - eventId: 7, dataAddr: c3, dataVal: ffffffe17b7d
324 [22653419120320] INFO perfrun.perfcollector <> - DRY_RUN: "reg_type       = 4	event_id       = 8	reg_id         = c4	reg_value      = ffffffe17b7d"
324 [22653419120320] INFO perfrun.perfcollector <> - eventId: 8, dataAddr: c4, dataVal: ffffffe17b7d
324 [22653419120320] INFO perfrun.perfcollector <> - DRY_RUN: "reg_type       = 4	event_id       = 3	reg_id         = c5	reg_value      = fffffffe795d"
324 [22653419120320] INFO perfrun.perfcollector <> - eventId: 3, dataAddr: c5, dataVal: fffffffe795d
324 [22653419120320] INFO perfrun.perfcollector <> - DRY_RUN: "reg_type       = 4	event_id       = 4	reg_id         = c6	reg_value      = fffffffe795d"
324 [22653419120320] INFO perfrun.perfcollector <> - eventId: 4, dataAddr: c6, dataVal: fffffffe795d
324 [22653419120320] INFO perfrun.perfcollector <> - DRY_RUN: "reg_type       = 4	event_id       = 11	reg_id         = c7	reg_value      = ffffffe17b7d"
324 [22653419120320] INFO perfrun.perfcollector <> - eventId: 11, dataAddr: c7, dataVal: ffffffe17b7d
324 [22653419120320] INFO perfrun.perfcollector <> - DRY_RUN: "reg_type       = 4	event_id       = 12	reg_id         = c8	reg_value      = ffffffe17b7d"
324 [22653419120320] INFO perfrun.perfcollector <> - eventId: 12, dataAddr: c8, dataVal: ffffffe17b7d
324 [22653419120320] INFO perfrun.perfcollector <> - DRY_RUN: "Group 1:"
324 [22653419120320] INFO perfrun.perfcollector <> - id: 1
324 [22653419120320] INFO perfrun.perfcollector <> - DRY_RUN: "INST_RETIRED.ANY: event id 2"
324 [22653419120320] INFO perfrun.perfcollector <> - eventName: INST_RETIRED.ANY, eventId: 2
324 [22653419120320] INFO perfrun.perfcollector <> - DRY_RUN: "CPU_CLK_UNHALTED.THREAD: event id 0"
324 [22653419120320] INFO perfrun.perfcollector <> - eventName: CPU_CLK_UNHALTED.THREAD, eventId: 0
324 [22653419120320] INFO perfrun.perfcollector <> - DRY_RUN: "CPU_CLK_UNHALTED.REF_TSC: event id 1"
324 [22653419120320] INFO perfrun.perfcollector <> - eventName: CPU_CLK_UNHALTED.REF_TSC, eventId: 1
324 [22653419120320] INFO perfrun.perfcollector <> - DRY_RUN: "FP_ARITH_INST_RETIRED.128B_PACKED_DOUBLE: event id 9"
324 [22653419120320] INFO perfrun.perfcollector <> - eventName: FP_ARITH_INST_RETIRED.128B_PACKED_DOUBLE, eventId: 9
324 [22653419120320] INFO perfrun.perfcollector <> - DRY_RUN: "FP_ARITH_INST_RETIRED.256B_PACKED_DOUBLE: event id 10"
324 [22653419120320] INFO perfrun.perfcollector <> - eventName: FP_ARITH_INST_RETIRED.256B_PACKED_DOUBLE, eventId: 10
324 [22653419120320] INFO perfrun.perfcollector <> - DRY_RUN: "CCCR"
324 [22653419120320] INFO perfrun.perfcollector <> - DRY_RUN: "reg_type       = 1	event_id       = g	reg_id         = 38f	reg_value      = 700000003"
324 [22653419120320] INFO perfrun.perfcollector <> - eventId: g, skip parsing event_id
324 [22653419120320] INFO perfrun.perfcollector <> - Register was ignored: group_id: 1, reg_type: 1, event_id: 4294967295, reg_id: 38f, reg_value: 700000003, pmu_name: cpu
324 [22653419120320] INFO perfrun.perfcollector <> - DRY_RUN: "reg_type       = 1	event_id       = g	reg_id         = 390	reg_value      = 700000003"
324 [22653419120320] INFO perfrun.perfcollector <> - eventId: g, skip parsing event_id
324 [22653419120320] INFO perfrun.perfcollector <> - Register was ignored: group_id: 1, reg_type: 1, event_id: 4294967295, reg_id: 390, reg_value: 700000003, pmu_name: cpu
324 [22653419120320] INFO perfrun.perfcollector <> - DRY_RUN: "reg_type       = 1	event_id       = g	reg_id         = 3f1	reg_value      = 0"
324 [22653419120320] INFO perfrun.perfcollector <> - eventId: g, skip parsing event_id
324 [22653419120320] INFO perfrun.perfcollector <> - Register was ignored: group_id: 1, reg_type: 1, event_id: 4294967295, reg_id: 3f1, reg_value: 0, pmu_name: cpu
324 [22653419120320] INFO perfrun.perfcollector <> - DRY_RUN: "reg_type       = 1	event_id       = g	reg_id         = 1d9	reg_value      = 1800"
324 [22653419120320] INFO perfrun.perfcollector <> - eventId: g, skip parsing event_id
324 [22653419120320] INFO perfrun.perfcollector <> - Register was ignored: group_id: 1, reg_type: 1, event_id: 4294967295, reg_id: 1d9, reg_value: 1800, pmu_name: cpu
324 [22653419120320] INFO perfrun.perfcollector <> - DRY_RUN: "reg_type       = 1	event_id       = g	reg_id         = 38d	reg_value      = bbb"
324 [22653419120320] INFO perfrun.perfcollector <> - eventId: g, skip parsing event_id
324 [22653419120320] INFO perfrun.perfcollector <> - Register was ignored: group_id: 1, reg_type: 1, event_id: 4294967295, reg_id: 38d, reg_value: bbb, pmu_name: cpu
324 [22653419120320] INFO perfrun.perfcollector <> - DRY_RUN: "reg_type       = 1	event_id       = 9	reg_id         = 186	reg_value      = 5304c7"
324 [22653419120320] INFO perfrun.perfcollector <> - Event selector: group_id: 1, reg_type: 1, event_id: 9, reg_id: 186, reg_value: 5304c7, pmu_name: cpu
324 [22653419120320] INFO perfrun.perfcollector <> - DRY_RUN: "reg_type       = 1	event_id       = 10	reg_id         = 187	reg_value      = 5310c7"
324 [22653419120320] INFO perfrun.perfcollector <> - Event selector: group_id: 1, reg_type: 1, event_id: 10, reg_id: 187, reg_value: 5310c7, pmu_name: cpu
324 [22653419120320] INFO perfrun.perfcollector <> - DRY_RUN: "ESCR"
324 [22653419120320] INFO perfrun.perfcollector <> - DRY_RUN: "reg_type       = 2	event_id       = g	reg_id         = 1c8	reg_value      = 0"
324 [22653419120320] INFO perfrun.perfcollector <> - eventId: g, skip parsing event_id
324 [22653419120320] INFO perfrun.perfcollector <> - DRY_RUN: "DATA"
324 [22653419120320] INFO perfrun.perfcollector <> - DRY_RUN: "reg_type       = 4	event_id       = 2	reg_id         = 309	reg_value      = ffffffdb6100"
324 [22653419120320] INFO perfrun.perfcollector <> - eventId: 2, dataAddr: 309, dataVal: ffffffdb6100
324 [22653419120320] INFO perfrun.perfcollector <> - DRY_RUN: "reg_type       = 4	event_id       = 0	reg_id         = 30a	reg_value      = ffffffe17b7d"
324 [22653419120320] INFO perfrun.perfcollector <> - eventId: 0, dataAddr: 30a, dataVal: ffffffe17b7d
324 [22653419120320] INFO perfrun.perfcollector <> - DRY_RUN: "reg_type       = 4	event_id       = 1	reg_id         = 30b	reg_value      = ffffffdb6100"
324 [22653419120320] INFO perfrun.perfcollector <> - eventId: 1, dataAddr: 30b, dataVal: ffffffdb6100
324 [22653419120320] INFO perfrun.perfcollector <> - DRY_RUN: "reg_type       = 4	event_id       = 9	reg_id         = c1	reg_value      = ffffffe17b7d"
324 [22653419120320] INFO perfrun.perfcollector <> - eventId: 9, dataAddr: c1, dataVal: ffffffe17b7d
324 [22653419120320] INFO perfrun.perfcollector <> - DRY_RUN: "reg_type       = 4	event_id       = 10	reg_id         = c2	reg_value      = ffffffe17b7d"
324 [22653419120320] INFO perfrun.perfcollector <> - eventId: 10, dataAddr: c2, dataVal: ffffffe17b7d
324 [22653419120320] INFO perfrun.perfcollector <> - event name: CPU_CLK_UNHALTED.THREAD
324 [22653419120320] INFO perfrun.perfcollector <> - pmu config: cpu
324 [22653419120320] INFO perfrun.perfcollector <> - cccrAddr: ffffffff, cccrValue: 0
324 [22653419120320] INFO perfrun.perfcollector <> - dataAddr: 30a, dataValue: ffffffffffe17b7d
324 [22653419120320] INFO perfrun.perfcollector <> - escrAddr: ffffffff, escrValue: 0
324 [22653419120320] INFO perfrun.perfcollector <> - extendedPebsValue: 0
324 [22653419120320] INFO perfrun.perfcollector <> - adaptivePebsAvailable: 0
324 [22653419120320] INFO perfrun.perfcollector <> - config: event: 3c
324 [22653419120320] INFO perfrun.perfcollector <> - config: pc: 0
324 [22653419120320] INFO perfrun.perfcollector <> - config: in_tx: 0
324 [22653419120320] INFO perfrun.perfcollector <> - config: edge: 0
324 [22653419120320] INFO perfrun.perfcollector <> - config: any: 0
324 [22653419120320] INFO perfrun.perfcollector <> - config1: offcore_rsp: 0
324 [22653419120320] INFO perfrun.perfcollector <> - config: in_tx_cp: 0
324 [22653419120320] INFO perfrun.perfcollector <> - config1: ldlat: 0
324 [22653419120320] INFO perfrun.perfcollector <> - config: inv: 0
324 [22653419120320] INFO perfrun.perfcollector <> - config: umask: 0
324 [22653419120320] INFO perfrun.perfcollector <> - config: cmask: 0
324 [22653419120320] INFO perfrun.perfcollector <> - format: cpu/event=0x3c,name='CPU_CLK_UNHALTED.THREAD'/D
324 [22653419120320] INFO perfrun.perfcollector <> - event name: CPU_CLK_UNHALTED.REF_TSC
324 [22653419120320] INFO perfrun.perfcollector <> - pmu config: cpu
324 [22653419120320] INFO perfrun.perfcollector <> - cccrAddr: ffffffff, cccrValue: 0
324 [22653419120320] INFO perfrun.perfcollector <> - dataAddr: 30b, dataValue: ffffffffffdb6100
324 [22653419120320] INFO perfrun.perfcollector <> - escrAddr: ffffffff, escrValue: 0
324 [22653419120320] INFO perfrun.perfcollector <> - extendedPebsValue: 0
324 [22653419120320] INFO perfrun.perfcollector <> - adaptivePebsAvailable: 0
324 [22653419120320] INFO perfrun.perfcollector <> - config: event: 0
324 [22653419120320] INFO perfrun.perfcollector <> - config: pc: 0
324 [22653419120320] INFO perfrun.perfcollector <> - config: in_tx: 0
324 [22653419120320] INFO perfrun.perfcollector <> - config: edge: 0
324 [22653419120320] INFO perfrun.perfcollector <> - config: any: 0
324 [22653419120320] INFO perfrun.perfcollector <> - config1: offcore_rsp: 0
324 [22653419120320] INFO perfrun.perfcollector <> - config: in_tx_cp: 0
324 [22653419120320] INFO perfrun.perfcollector <> - config1: ldlat: 0
324 [22653419120320] INFO perfrun.perfcollector <> - config: inv: 0
324 [22653419120320] INFO perfrun.perfcollector <> - config: umask: 3
324 [22653419120320] INFO perfrun.perfcollector <> - config: cmask: 0
324 [22653419120320] INFO perfrun.perfcollector <> - format: cpu/umask=0x3,name='CPU_CLK_UNHALTED.REF_TSC'/D
324 [22653419120320] INFO perfrun.perfcollector <> - event name: INST_RETIRED.ANY
324 [22653419120320] INFO perfrun.perfcollector <> - pmu config: cpu
324 [22653419120320] INFO perfrun.perfcollector <> - cccrAddr: ffffffff, cccrValue: 0
324 [22653419120320] INFO perfrun.perfcollector <> - dataAddr: 309, dataValue: ffffffffffdb6100
324 [22653419120320] INFO perfrun.perfcollector <> - escrAddr: ffffffff, escrValue: 0
324 [22653419120320] INFO perfrun.perfcollector <> - extendedPebsValue: 0
324 [22653419120320] INFO perfrun.perfcollector <> - adaptivePebsAvailable: 0
324 [22653419120320] INFO perfrun.perfcollector <> - config: event: c0
324 [22653419120320] INFO perfrun.perfcollector <> - config: pc: 0
324 [22653419120320] INFO perfrun.perfcollector <> - config: in_tx: 0
324 [22653419120320] INFO perfrun.perfcollector <> - config: edge: 0
324 [22653419120320] INFO perfrun.perfcollector <> - config: any: 0
324 [22653419120320] INFO perfrun.perfcollector <> - config1: offcore_rsp: 0
324 [22653419120320] INFO perfrun.perfcollector <> - config: in_tx_cp: 0
324 [22653419120320] INFO perfrun.perfcollector <> - config1: ldlat: 0
325 [22653419120320] INFO perfrun.perfcollector <> - config: inv: 0
325 [22653419120320] INFO perfrun.perfcollector <> - config: umask: 0
325 [22653419120320] INFO perfrun.perfcollector <> - config: cmask: 0
325 [22653419120320] INFO perfrun.perfcollector <> - format: cpu/event=0xc0,name='INST_RETIRED.ANY'/D
325 [22653419120320] INFO perfrun.perfcollector <> - event name: FP_ARITH_INST_RETIRED.SCALAR_SINGLE
325 [22653419120320] INFO perfrun.perfcollector <> - pmu config: cpu
325 [22653419120320] INFO perfrun.perfcollector <> - cccrAddr: 186, cccrValue: 5302c7
325 [22653419120320] INFO perfrun.perfcollector <> - dataAddr: c1, dataValue: ffffffffffe17b7d
325 [22653419120320] INFO perfrun.perfcollector <> - escrAddr: ffffffff, escrValue: 0
325 [22653419120320] INFO perfrun.perfcollector <> - extendedPebsValue: 0
325 [22653419120320] INFO perfrun.perfcollector <> - adaptivePebsAvailable: 0
325 [22653419120320] INFO perfrun.perfcollector <> - config: event: c7
325 [22653419120320] INFO perfrun.perfcollector <> - config: pc: 0
325 [22653419120320] INFO perfrun.perfcollector <> - config: in_tx: 0
325 [22653419120320] INFO perfrun.perfcollector <> - config: edge: 0
325 [22653419120320] INFO perfrun.perfcollector <> - config: any: 0
325 [22653419120320] INFO perfrun.perfcollector <> - config1: offcore_rsp: 0
325 [22653419120320] INFO perfrun.perfcollector <> - config: in_tx_cp: 0
325 [22653419120320] INFO perfrun.perfcollector <> - config1: ldlat: 0
325 [22653419120320] INFO perfrun.perfcollector <> - config: inv: 0
325 [22653419120320] INFO perfrun.perfcollector <> - config: umask: 2
325 [22653419120320] INFO perfrun.perfcollector <> - config: cmask: 0
325 [22653419120320] INFO perfrun.perfcollector <> - format: cpu/event=0xc7,umask=0x2,name='FP_ARITH_INST_RETIRED.SCALAR_SINGLE'/
325 [22653419120320] INFO perfrun.perfcollector <> - event name: FP_ARITH_INST_RETIRED.128B_PACKED_SINGLE
325 [22653419120320] INFO perfrun.perfcollector <> - pmu config: cpu
325 [22653419120320] INFO perfrun.perfcollector <> - cccrAddr: 187, cccrValue: 5308c7
325 [22653419120320] INFO perfrun.perfcollector <> - dataAddr: c2, dataValue: ffffffffffe17b7d
325 [22653419120320] INFO perfrun.perfcollector <> - escrAddr: ffffffff, escrValue: 0
325 [22653419120320] INFO perfrun.perfcollector <> - extendedPebsValue: 0
325 [22653419120320] INFO perfrun.perfcollector <> - adaptivePebsAvailable: 0
325 [22653419120320] INFO perfrun.perfcollector <> - config: event: c7
325 [22653419120320] INFO perfrun.perfcollector <> - config: pc: 0
325 [22653419120320] INFO perfrun.perfcollector <> - config: in_tx: 0
325 [22653419120320] INFO perfrun.perfcollector <> - config: edge: 0
325 [22653419120320] INFO perfrun.perfcollector <> - config: any: 0
325 [22653419120320] INFO perfrun.perfcollector <> - config1: offcore_rsp: 0
325 [22653419120320] INFO perfrun.perfcollector <> - config: in_tx_cp: 0
325 [22653419120320] INFO perfrun.perfcollector <> - config1: ldlat: 0
325 [22653419120320] INFO perfrun.perfcollector <> - config: inv: 0
325 [22653419120320] INFO perfrun.perfcollector <> - config: umask: 8
325 [22653419120320] INFO perfrun.perfcollector <> - config: cmask: 0
325 [22653419120320] INFO perfrun.perfcollector <> - format: cpu/event=0xc7,umask=0x8,name='FP_ARITH_INST_RETIRED.128B_PACKED_SINGLE'/
325 [22653419120320] INFO perfrun.perfcollector <> - event name: FP_ARITH_INST_RETIRED.256B_PACKED_SINGLE
325 [22653419120320] INFO perfrun.perfcollector <> - pmu config: cpu
325 [22653419120320] INFO perfrun.perfcollector <> - cccrAddr: 188, cccrValue: 5320c7
325 [22653419120320] INFO perfrun.perfcollector <> - dataAddr: c3, dataValue: ffffffffffe17b7d
325 [22653419120320] INFO perfrun.perfcollector <> - escrAddr: ffffffff, escrValue: 0
325 [22653419120320] INFO perfrun.perfcollector <> - extendedPebsValue: 0
325 [22653419120320] INFO perfrun.perfcollector <> - adaptivePebsAvailable: 0
325 [22653419120320] INFO perfrun.perfcollector <> - config: event: c7
325 [22653419120320] INFO perfrun.perfcollector <> - config: pc: 0
325 [22653419120320] INFO perfrun.perfcollector <> - config: in_tx: 0
325 [22653419120320] INFO perfrun.perfcollector <> - config: edge: 0
325 [22653419120320] INFO perfrun.perfcollector <> - config: any: 0
325 [22653419120320] INFO perfrun.perfcollector <> - config1: offcore_rsp: 0
325 [22653419120320] INFO perfrun.perfcollector <> - config: in_tx_cp: 0
325 [22653419120320] INFO perfrun.perfcollector <> - config1: ldlat: 0
325 [22653419120320] INFO perfrun.perfcollector <> - config: inv: 0
325 [22653419120320] INFO perfrun.perfcollector <> - config: umask: 20
325 [22653419120320] INFO perfrun.perfcollector <> - config: cmask: 0
325 [22653419120320] INFO perfrun.perfcollector <> - format: cpu/event=0xc7,umask=0x20,name='FP_ARITH_INST_RETIRED.256B_PACKED_SINGLE'/
325 [22653419120320] INFO perfrun.perfcollector <> - event name: FP_ARITH_INST_RETIRED.SCALAR_DOUBLE
325 [22653419120320] INFO perfrun.perfcollector <> - pmu config: cpu
325 [22653419120320] INFO perfrun.perfcollector <> - cccrAddr: 189, cccrValue: 5301c7
325 [22653419120320] INFO perfrun.perfcollector <> - dataAddr: c4, dataValue: ffffffffffe17b7d
325 [22653419120320] INFO perfrun.perfcollector <> - escrAddr: ffffffff, escrValue: 0
325 [22653419120320] INFO perfrun.perfcollector <> - extendedPebsValue: 0
325 [22653419120320] INFO perfrun.perfcollector <> - adaptivePebsAvailable: 0
325 [22653419120320] INFO perfrun.perfcollector <> - config: event: c7
325 [22653419120320] INFO perfrun.perfcollector <> - config: pc: 0
325 [22653419120320] INFO perfrun.perfcollector <> - config: in_tx: 0
325 [22653419120320] INFO perfrun.perfcollector <> - config: edge: 0
325 [22653419120320] INFO perfrun.perfcollector <> - config: any: 0
325 [22653419120320] INFO perfrun.perfcollector <> - config1: offcore_rsp: 0
325 [22653419120320] INFO perfrun.perfcollector <> - config: in_tx_cp: 0
325 [22653419120320] INFO perfrun.perfcollector <> - config1: ldlat: 0
325 [22653419120320] INFO perfrun.perfcollector <> - config: inv: 0
325 [22653419120320] INFO perfrun.perfcollector <> - config: umask: 1
325 [22653419120320] INFO perfrun.perfcollector <> - config: cmask: 0
325 [22653419120320] INFO perfrun.perfcollector <> - format: cpu/event=0xc7,umask=0x1,name='FP_ARITH_INST_RETIRED.SCALAR_DOUBLE'/
325 [22653419120320] INFO perfrun.perfcollector <> - event name: CPU_CLK_UNHALTED.REF_XCLK
325 [22653419120320] INFO perfrun.perfcollector <> - pmu config: cpu
325 [22653419120320] INFO perfrun.perfcollector <> - cccrAddr: 18a, cccrValue: 53013c
325 [22653419120320] INFO perfrun.perfcollector <> - dataAddr: c5, dataValue: fffffffffffe795d
325 [22653419120320] INFO perfrun.perfcollector <> - escrAddr: ffffffff, escrValue: 0
325 [22653419120320] INFO perfrun.perfcollector <> - extendedPebsValue: 0
325 [22653419120320] INFO perfrun.perfcollector <> - adaptivePebsAvailable: 0
325 [22653419120320] INFO perfrun.perfcollector <> - config: event: 3c
325 [22653419120320] INFO perfrun.perfcollector <> - config: pc: 0
325 [22653419120320] INFO perfrun.perfcollector <> - config: in_tx: 0
325 [22653419120320] INFO perfrun.perfcollector <> - config: edge: 0
325 [22653419120320] INFO perfrun.perfcollector <> - config: any: 0
325 [22653419120320] INFO perfrun.perfcollector <> - config1: offcore_rsp: 0
325 [22653419120320] INFO perfrun.perfcollector <> - config: in_tx_cp: 0
325 [22653419120320] INFO perfrun.perfcollector <> - config1: ldlat: 0
325 [22653419120320] INFO perfrun.perfcollector <> - config: inv: 0
325 [22653419120320] INFO perfrun.perfcollector <> - config: umask: 1
325 [22653419120320] INFO perfrun.perfcollector <> - config: cmask: 0
325 [22653419120320] INFO perfrun.perfcollector <> - format: cpu/event=0x3c,umask=0x1,name='CPU_CLK_UNHALTED.REF_XCLK'/
325 [22653419120320] INFO perfrun.perfcollector <> - event name: CPU_CLK_UNHALTED.ONE_THREAD_ACTIVE
325 [22653419120320] INFO perfrun.perfcollector <> - pmu config: cpu
325 [22653419120320] INFO perfrun.perfcollector <> - cccrAddr: 18b, cccrValue: 53023c
325 [22653419120320] INFO perfrun.perfcollector <> - dataAddr: c6, dataValue: fffffffffffe795d
325 [22653419120320] INFO perfrun.perfcollector <> - escrAddr: ffffffff, escrValue: 0
325 [22653419120320] INFO perfrun.perfcollector <> - extendedPebsValue: 0
325 [22653419120320] INFO perfrun.perfcollector <> - adaptivePebsAvailable: 0
325 [22653419120320] INFO perfrun.perfcollector <> - config: event: 3c
325 [22653419120320] INFO perfrun.perfcollector <> - config: pc: 0
325 [22653419120320] INFO perfrun.perfcollector <> - config: in_tx: 0
325 [22653419120320] INFO perfrun.perfcollector <> - config: edge: 0
325 [22653419120320] INFO perfrun.perfcollector <> - config: any: 0
325 [22653419120320] INFO perfrun.perfcollector <> - config1: offcore_rsp: 0
325 [22653419120320] INFO perfrun.perfcollector <> - config: in_tx_cp: 0
325 [22653419120320] INFO perfrun.perfcollector <> - config1: ldlat: 0
325 [22653419120320] INFO perfrun.perfcollector <> - config: inv: 0
325 [22653419120320] INFO perfrun.perfcollector <> - config: umask: 2
325 [22653419120320] INFO perfrun.perfcollector <> - config: cmask: 0
325 [22653419120320] INFO perfrun.perfcollector <> - format: cpu/event=0x3c,umask=0x2,name='CPU_CLK_UNHALTED.ONE_THREAD_ACTIVE'/
325 [22653419120320] INFO perfrun.perfcollector <> - event name: INST_RETIRED.X87
325 [22653419120320] INFO perfrun.perfcollector <> - pmu config: cpu
325 [22653419120320] INFO perfrun.perfcollector <> - cccrAddr: 18c, cccrValue: 5302c0
325 [22653419120320] INFO perfrun.perfcollector <> - dataAddr: c7, dataValue: ffffffffffe17b7d
325 [22653419120320] INFO perfrun.perfcollector <> - escrAddr: ffffffff, escrValue: 0
325 [22653419120320] INFO perfrun.perfcollector <> - extendedPebsValue: 0
325 [22653419120320] INFO perfrun.perfcollector <> - adaptivePebsAvailable: 0
325 [22653419120320] INFO perfrun.perfcollector <> - config: event: c0
325 [22653419120320] INFO perfrun.perfcollector <> - config: pc: 0
325 [22653419120320] INFO perfrun.perfcollector <> - config: in_tx: 0
325 [22653419120320] INFO perfrun.perfcollector <> - config: edge: 0
325 [22653419120320] INFO perfrun.perfcollector <> - config: any: 0
325 [22653419120320] INFO perfrun.perfcollector <> - config1: offcore_rsp: 0
325 [22653419120320] INFO perfrun.perfcollector <> - config: in_tx_cp: 0
325 [22653419120320] INFO perfrun.perfcollector <> - config1: ldlat: 0
325 [22653419120320] INFO perfrun.perfcollector <> - config: inv: 0
325 [22653419120320] INFO perfrun.perfcollector <> - config: umask: 2
325 [22653419120320] INFO perfrun.perfcollector <> - config: cmask: 0
325 [22653419120320] INFO perfrun.perfcollector <> - format: cpu/event=0xc0,umask=0x2,name='INST_RETIRED.X87'/
325 [22653419120320] INFO perfrun.perfcollector <> - event name: UOPS_RETIRED.RETIRE_SLOTS
325 [22653419120320] INFO perfrun.perfcollector <> - pmu config: cpu
325 [22653419120320] INFO perfrun.perfcollector <> - cccrAddr: 18d, cccrValue: 5302c2
325 [22653419120320] INFO perfrun.perfcollector <> - dataAddr: c8, dataValue: ffffffffffe17b7d
325 [22653419120320] INFO perfrun.perfcollector <> - escrAddr: ffffffff, escrValue: 0
325 [22653419120320] INFO perfrun.perfcollector <> - extendedPebsValue: 0
325 [22653419120320] INFO perfrun.perfcollector <> - adaptivePebsAvailable: 0
325 [22653419120320] INFO perfrun.perfcollector <> - config: event: c2
325 [22653419120320] INFO perfrun.perfcollector <> - config: pc: 0
325 [22653419120320] INFO perfrun.perfcollector <> - config: in_tx: 0
325 [22653419120320] INFO perfrun.perfcollector <> - config: edge: 0
325 [22653419120320] INFO perfrun.perfcollector <> - config: any: 0
325 [22653419120320] INFO perfrun.perfcollector <> - config1: offcore_rsp: 0
325 [22653419120320] INFO perfrun.perfcollector <> - config: in_tx_cp: 0
325 [22653419120320] INFO perfrun.perfcollector <> - config1: ldlat: 0
325 [22653419120320] INFO perfrun.perfcollector <> - config: inv: 0
325 [22653419120320] INFO perfrun.perfcollector <> - config: umask: 2
325 [22653419120320] INFO perfrun.perfcollector <> - config: cmask: 0
325 [22653419120320] INFO perfrun.perfcollector <> - format: cpu/event=0xc2,umask=0x2,name='UOPS_RETIRED.RETIRE_SLOTS'/
325 [22653419120320] INFO perfrun.perfcollector <> - event name: FP_ARITH_INST_RETIRED.128B_PACKED_DOUBLE
325 [22653419120320] INFO perfrun.perfcollector <> - pmu config: cpu
325 [22653419120320] INFO perfrun.perfcollector <> - cccrAddr: 186, cccrValue: 5304c7
325 [22653419120320] INFO perfrun.perfcollector <> - dataAddr: c1, dataValue: ffffffffffe17b7d
325 [22653419120320] INFO perfrun.perfcollector <> - escrAddr: ffffffff, escrValue: 0
325 [22653419120320] INFO perfrun.perfcollector <> - extendedPebsValue: 0
325 [22653419120320] INFO perfrun.perfcollector <> - adaptivePebsAvailable: 0
325 [22653419120320] INFO perfrun.perfcollector <> - config: event: c7
325 [22653419120320] INFO perfrun.perfcollector <> - config: pc: 0
325 [22653419120320] INFO perfrun.perfcollector <> - config: in_tx: 0
325 [22653419120320] INFO perfrun.perfcollector <> - config: edge: 0
325 [22653419120320] INFO perfrun.perfcollector <> - config: any: 0
325 [22653419120320] INFO perfrun.perfcollector <> - config1: offcore_rsp: 0
325 [22653419120320] INFO perfrun.perfcollector <> - config: in_tx_cp: 0
325 [22653419120320] INFO perfrun.perfcollector <> - config1: ldlat: 0
325 [22653419120320] INFO perfrun.perfcollector <> - config: inv: 0
325 [22653419120320] INFO perfrun.perfcollector <> - config: umask: 4
325 [22653419120320] INFO perfrun.perfcollector <> - config: cmask: 0
325 [22653419120320] INFO perfrun.perfcollector <> - format: cpu/event=0xc7,umask=0x4,name='FP_ARITH_INST_RETIRED.128B_PACKED_DOUBLE'/
325 [22653419120320] INFO perfrun.perfcollector <> - event name: FP_ARITH_INST_RETIRED.256B_PACKED_DOUBLE
325 [22653419120320] INFO perfrun.perfcollector <> - pmu config: cpu
325 [22653419120320] INFO perfrun.perfcollector <> - cccrAddr: 187, cccrValue: 5310c7
325 [22653419120320] INFO perfrun.perfcollector <> - dataAddr: c2, dataValue: ffffffffffe17b7d
325 [22653419120320] INFO perfrun.perfcollector <> - escrAddr: ffffffff, escrValue: 0
325 [22653419120320] INFO perfrun.perfcollector <> - extendedPebsValue: 0
325 [22653419120320] INFO perfrun.perfcollector <> - adaptivePebsAvailable: 0
325 [22653419120320] INFO perfrun.perfcollector <> - config: event: c7
325 [22653419120320] INFO perfrun.perfcollector <> - config: pc: 0
325 [22653419120320] INFO perfrun.perfcollector <> - config: in_tx: 0
325 [22653419120320] INFO perfrun.perfcollector <> - config: edge: 0
325 [22653419120320] INFO perfrun.perfcollector <> - config: any: 0
325 [22653419120320] INFO perfrun.perfcollector <> - config1: offcore_rsp: 0
325 [22653419120320] INFO perfrun.perfcollector <> - config: in_tx_cp: 0
325 [22653419120320] INFO perfrun.perfcollector <> - config1: ldlat: 0
325 [22653419120320] INFO perfrun.perfcollector <> - config: inv: 0
325 [22653419120320] INFO perfrun.perfcollector <> - config: umask: 10
325 [22653419120320] INFO perfrun.perfcollector <> - config: cmask: 0
325 [22653419120320] INFO perfrun.perfcollector <> - format: cpu/event=0xc7,umask=0x10,name='FP_ARITH_INST_RETIRED.256B_PACKED_DOUBLE'/
325 [22653419120320] INFO perfrun.perfcollector <> - event: cpu/event=0x3c,name='CPU_CLK_UNHALTED.THREAD'/Duk, added for counting
325 [22653419120320] INFO perfrun.perfcollector <> - event: cpu/umask=0x3,name='CPU_CLK_UNHALTED.REF_TSC'/Duk, added for counting
325 [22653419120320] INFO perfrun.perfcollector <> - event: cpu/event=0xc0,name='INST_RETIRED.ANY'/Duk, added for counting
325 [22653419120320] INFO perfrun.perfcollector <> - event: cpu/event=0xc7,umask=0x2,name='FP_ARITH_INST_RETIRED.SCALAR_SINGLE'/uk, added for counting
325 [22653419120320] INFO perfrun.perfcollector <> - event: cpu/event=0xc7,umask=0x8,name='FP_ARITH_INST_RETIRED.128B_PACKED_SINGLE'/uk, added for counting
325 [22653419120320] INFO perfrun.perfcollector <> - event: cpu/event=0xc7,umask=0x20,name='FP_ARITH_INST_RETIRED.256B_PACKED_SINGLE'/uk, added for counting
325 [22653419120320] INFO perfrun.perfcollector <> - event: cpu/event=0xc7,umask=0x1,name='FP_ARITH_INST_RETIRED.SCALAR_DOUBLE'/uk, added for counting
325 [22653419120320] INFO perfrun.perfcollector <> - event: cpu/event=0x3c,umask=0x1,name='CPU_CLK_UNHALTED.REF_XCLK'/uk, added for counting
325 [22653419120320] INFO perfrun.perfcollector <> - event: cpu/event=0x3c,umask=0x2,name='CPU_CLK_UNHALTED.ONE_THREAD_ACTIVE'/uk, added for counting
325 [22653419120320] INFO perfrun.perfcollector <> - event: cpu/event=0xc0,umask=0x2,name='INST_RETIRED.X87'/uk, added for counting
325 [22653419120320] INFO perfrun.perfcollector <> - event: cpu/event=0xc2,umask=0x2,name='UOPS_RETIRED.RETIRE_SLOTS'/uk, added for counting
325 [22653419120320] INFO perfrun.perfcollector <> - event: cpu/event=0xc7,umask=0x4,name='FP_ARITH_INST_RETIRED.128B_PACKED_DOUBLE'/uk, added for counting
325 [22653419120320] INFO perfrun.perfcollector <> - event: cpu/event=0xc7,umask=0x10,name='FP_ARITH_INST_RETIRED.256B_PACKED_DOUBLE'/uk, added for counting
325 [22653419120320] INFO perfrun.perfcollector <> - attaching to pid: 4294967295, collect mode: 1, rc modes: 3
341 [22653408073408] WARN perfrun.perfcollector <> - Perf stat trace pipe capacity: read = 1048576, write = 1048576, at file: vcs/perfrun1/plugins/perfcollector/src/profiler.cpp:765
351 [22653408073408] INFO perfrun.sdk <> - runCmd: /opt/intel/oneapi/vtune/2023.1.0/bin64/amplxe-perf stat -v --log-fd 10 --scale -x ; -e cpu/event=0x3c,name='CPU_CLK_UNHALTED.THREAD'/Duk,cpu/umask=0x3,name='CPU_CLK_UNHALTED.REF_TSC'/Duk,cpu/event=0xc0,name='INST_RETIRED.ANY'/Duk,cpu/event=0xc7,umask=0x2,name='FP_ARITH_INST_RETIRED.SCALAR_SINGLE'/uk,cpu/event=0xc7,umask=0x8,name='FP_ARITH_INST_RETIRED.128B_PACKED_SINGLE'/uk,cpu/event=0xc7,umask=0x20,name='FP_ARITH_INST_RETIRED.256B_PACKED_SINGLE'/uk,cpu/event=0xc7,umask=0x1,name='FP_ARITH_INST_RETIRED.SCALAR_DOUBLE'/uk,cpu/event=0x3c,umask=0x1,name='CPU_CLK_UNHALTED.REF_XCLK'/uk,cpu/event=0x3c,umask=0x2,name='CPU_CLK_UNHALTED.ONE_THREAD_ACTIVE'/uk,cpu/event=0xc0,umask=0x2,name='INST_RETIRED.X87'/uk,cpu/event=0xc2,umask=0x2,name='UOPS_RETIRED.RETIRE_SLOTS'/uk,cpu/event=0xc7,umask=0x4,name='FP_ARITH_INST_RETIRED.128B_PACKED_DOUBLE'/uk,cpu/event=0xc7,umask=0x10,name='FP_ARITH_INST_RETIRED.256B_PACKED_DOUBLE'/uk /opt/intel/oneapi/vtune/2023.1.0/bin64/amplxe-perf-sync dryrun sys
352 [22653408073408] INFO perfrun.sdk <> - runCmd started PID 3881932
539 [22653408073408] INFO perfrun.perfcollector <> - Monitor: runCmd RC = true
540 [22653419120320] INFO perfrun.launcher <> - plugin [aoclprofile] was disabled because it doesn't support the given collection type.
540 [22653419120320] INFO perfrun.tpss <> - initialize tpss controller
540 [22653419120320] INFO perfrun.tpss <> - configure collection mode: value = cpu:counters:nostack
541 [22653419120320] INFO perfrun.tpss <> - configure collection mode: value = cpu:stack
541 [22653419120320] INFO perfrun.tpss <> - default obj-size-min=1024
541 [22653419120320] INFO perfrun.tpss <> - default hash-table-size=0
541 [22653419120320] INFO perfrun.launcher <> - plugin [media] was disabled because it doesn't support the given collection type.
541 [22653419120320] INFO perfrun.launcher <> - plugin [] was disabled because it doesn't support the given collection type.
541 [22653419120320] INFO perfrun.launcher <> - plugin [] was disabled because it doesn't support the given collection type.
541 [22653419120320] INFO perfrun.launcher <> - plugin [parallelfs] was disabled because it doesn't support the given collection type.
541 [22653419120320] INFO perfrun.launcher <> - plugin [power] was disabled because it doesn't support the given collection type.
541 [22653419120320] INFO perfrun.launcher <> - plugin [hwloc] was disabled because it doesn't support the given collection type.
541 [22653419120320] INFO perfrun.launcher <> - plugin [ipmwatch] was disabled because it doesn't support the given collection type.
541 [22653419120320] INFO perfrun.launcher <> - plugin [os_counters] was disabled because it doesn't support the given collection type.
541 [22653419120320] INFO perfrun.launcher <> - plugin [l0_metrics] was disabled because it doesn't support the given collection type.
541 [22653562427264] INFO perfrun.launcher <> - set environment variable: LD_LIBRARY_PATH = /opt/intel/oneapi/vtune/2023.1.0/lib32/runtime:/opt/intel/oneapi/vtune/2023.1.0/lib64/runtime:/opt/intel/oneapi/tbb/2021.5.1/env/../lib/intel64/gcc4.8:/opt/intel/oneapi/mpi/2021.5.1//libfabric/lib:/opt/intel/oneapi/mpi/2021.5.1//lib/release:/opt/intel/oneapi/mpi/2021.5.1//lib:/opt/intel/oneapi/mkl/2022.0.2/lib/intel64:/opt/intel/oneapi/itac/2021.5.0/slib:/opt/intel/oneapi/debugger/2021.5.0/gdb/intel64/lib:/opt/intel/oneapi/debugger/2021.5.0/libipt/intel64/lib:/opt/intel/oneapi/debugger/2021.5.0/dep/lib:/opt/intel/oneapi/compiler/2022.0.2/linux/lib:/opt/intel/oneapi/compiler/2022.0.2/linux/lib/x64:/opt/intel/oneapi/compiler/2022.0.2/linux/lib/oclfpga/host/linux64/lib:/opt/intel/oneapi/compiler/2022.0.2/linux/compiler/lib/intel64_lin
541 [22653562427264] INFO perfrun.launcher <> - set environment variable: INTEL_LIBITTNOTIFY32 = /opt/intel/oneapi/vtune/2023.1.0/lib32/runtime/libittnotify_collector.so
541 [22653562427264] INFO perfrun.launcher <> - set environment variable: INTEL_LIBITTNOTIFY64 = /opt/intel/oneapi/vtune/2023.1.0/lib64/runtime/libittnotify_collector.so
541 [22653562427264] INFO perfrun.launcher <> - set environment variable: INTEL_ITTNOTIFY_GROUPS = 
541 [22653562427264] INFO perfrun.launcher <> - set environment variable: INTEL_JIT_PROFILER32 = /opt/intel/oneapi/vtune/2023.1.0/lib32/runtime/libittnotify_collector.so
541 [22653562427264] INFO perfrun.launcher <> - set environment variable: INTEL_JIT_PROFILER64 = /opt/intel/oneapi/vtune/2023.1.0/lib64/runtime/libittnotify_collector.so
541 [22653562427264] INFO perfrun.launcher <> - set environment variable: OMP_TOOL_LIBRARIES = /opt/intel/oneapi/vtune/2023.1.0/lib32/runtime/libittnotify_collector.so:/opt/intel/oneapi/vtune/2023.1.0/lib64/runtime/libittnotify_collector.so
541 [22653562427264] INFO perfrun.launcher <> - set environment variable: ENABLE_JITPROFILING = 1
541 [22653562427264] INFO perfrun.launcher <> - set environment variable: CL_CONFIG_USE_VTUNE = True
541 [22653562427264] INFO perfrun.launcher <> - set environment variable: LD_PRELOAD = libittnotify_collector.so:
541 [22653562427264] INFO perfrun.launcher <> - set environment variable: KMP_FORKJOIN_FRAMES = 0
541 [22653562427264] INFO perfrun.launcher <> - set environment variable: KMP_FORKJOIN_FRAMES_MODE = 0
541 [22653562427264] INFO perfrun.launcher <> - set environment variable: OMP_TOOL = disabled
541 [22653562427264] INFO perfrun.launcher <> - set environment variable: INTEL_MRTE_DATA_DIR = /home/course/hpc/users/2022012388/exp8/result.conv1/data.5
541 [22653562427264] INFO perfrun.launcher <> - set environment variable: INTEL_MRTE_HOST_NAME = conv1
541 [22653562427264] INFO perfrun.launcher <> - set environment variable: JAVA_TOOL_OPTIONS = -agentlib:amplxe_tpssmrte_javaprof_1.0 -Dsun.boot.library.path=/opt/intel/oneapi/vtune/2023.1.0/lib32/runtime:/opt/intel/oneapi/vtune/2023.1.0/lib64/runtime
542 [22653562427264] INFO perfrun.launcher <> - set environment variable: LD_LIBRARY_PATH = /opt/intel/oneapi/vtune/2023.1.0/lib32/runtime:/opt/intel/oneapi/vtune/2023.1.0/lib64/runtime:/opt/intel/oneapi/tbb/2021.5.1/env/../lib/intel64/gcc4.8:/opt/intel/oneapi/mpi/2021.5.1//libfabric/lib:/opt/intel/oneapi/mpi/2021.5.1//lib/release:/opt/intel/oneapi/mpi/2021.5.1//lib:/opt/intel/oneapi/mkl/2022.0.2/lib/intel64:/opt/intel/oneapi/itac/2021.5.0/slib:/opt/intel/oneapi/debugger/2021.5.0/gdb/intel64/lib:/opt/intel/oneapi/debugger/2021.5.0/libipt/intel64/lib:/opt/intel/oneapi/debugger/2021.5.0/dep/lib:/opt/intel/oneapi/compiler/2022.0.2/linux/lib:/opt/intel/oneapi/compiler/2022.0.2/linux/lib/x64:/opt/intel/oneapi/compiler/2022.0.2/linux/lib/oclfpga/host/linux64/lib:/opt/intel/oneapi/compiler/2022.0.2/linux/compiler/lib/intel64_lin
542 [22653562427264] INFO perfrun.launcher <> - set environment variable: CORECLR_ENABLE_PROFILING = 1
542 [22653562427264] INFO perfrun.launcher <> - set environment variable: CORECLR_PROFILER = {AA5E4821-E3B1-479c-B7FF-5AD047D22CED}
542 [22653562427264] INFO perfrun.launcher <> - set environment variable: CORECLR_PROFILER_PATH = /opt/intel/oneapi/vtune/2023.1.0/lib64/libamplxe_samplingmrte_clrprof_1.0.so
542 [22653562427264] INFO perfrun.launcher <> - set environment variable: INTEL_MRTE_PROFILER_MODE = mixed
542 [22653562427264] INFO perfrun.launcher <> - RpcServer: run RPC server to handle requests
542 [22653562427264] INFO perfrun.launcher <> - Launcher: command line to start before modification = ./run.sh 2022012388
542 [22653562427264] INFO perfrun.launcher <> - Launcher: command line to start after modification = /opt/intel/oneapi/vtune/2023.1.0/bin64/pin -error_file /home/course/hpc/users/2022012388/exp8/result.conv1/data.5/pinerr.tpsslog -detach_reattach -follow_execv -tool_load_option deepbind -t64 /opt/intel/oneapi/vtune/2023.1.0/lib64/libtpsstool.so -t /opt/intel/oneapi/vtune/2023.1.0/lib32/libtpsstool.so -server_name tpss_ipc.3881770 -prd_dir /opt/intel/oneapi/vtune/2023.1.0 -- ./run.sh 2022012388
743 [22653562427264] INFO perfrun.launcher <> - ProcessCreator object was created
744 [22653562427264] INFO perfrun.launcher <> - Launcher: the process was started in suspend mode
749 [22653419120320] WARN perfrun.system <> - Could not do anything with /sys/kernel/debug/kvm: boost::filesystem::status: Permission denied: "/sys/kernel/debug/kvm", at file: vcs/perfrun1/plugins/system/src/trace_writer.cpp:787
749 [22653419120320] WARN perfrun.system <> - Folder "/var/run/libvirt/qemu/"doesn't exist, at file: vcs/perfrun1/plugins/system/src/trace_writer.cpp:800
749 [22653419120320] INFO perfrun.itt <> - start itt controller for pid #3882105
750 [22653419120320] INFO perfrun.perfcollector <> - attaching to pid: 3882105, collect mode: 1, rc modes: 1
763 [22653198919360] WARN perfrun.perfcollector <> - Perf stat trace pipe capacity: read = 1048576, write = 1048576, at file: vcs/perfrun1/plugins/perfcollector/src/profiler.cpp:765
772 [22653198919360] INFO perfrun.sdk <> - runCmd: /opt/intel/oneapi/vtune/2023.1.0/bin64/amplxe-perf stat -v --log-fd 22 --control=fd:23,26 --scale -x ; -p 3882105 -e cpu/event=0x3c,name='CPU_CLK_UNHALTED.THREAD'/Duk,cpu/umask=0x3,name='CPU_CLK_UNHALTED.REF_TSC'/Duk,cpu/event=0xc0,name='INST_RETIRED.ANY'/Duk,cpu/event=0xc7,umask=0x2,name='FP_ARITH_INST_RETIRED.SCALAR_SINGLE'/uk,cpu/event=0xc7,umask=0x8,name='FP_ARITH_INST_RETIRED.128B_PACKED_SINGLE'/uk,cpu/event=0xc7,umask=0x20,name='FP_ARITH_INST_RETIRED.256B_PACKED_SINGLE'/uk,cpu/event=0xc7,umask=0x1,name='FP_ARITH_INST_RETIRED.SCALAR_DOUBLE'/uk,cpu/event=0x3c,umask=0x1,name='CPU_CLK_UNHALTED.REF_XCLK'/uk,cpu/event=0x3c,umask=0x2,name='CPU_CLK_UNHALTED.ONE_THREAD_ACTIVE'/uk,cpu/event=0xc0,umask=0x2,name='INST_RETIRED.X87'/uk,cpu/event=0xc2,umask=0x2,name='UOPS_RETIRED.RETIRE_SLOTS'/uk,cpu/event=0xc7,umask=0x4,name='FP_ARITH_INST_RETIRED.128B_PACKED_DOUBLE'/uk,cpu/event=0xc7,umask=0x10,name='FP_ARITH_INST_RETIRED.256B_PACKED_DOUBLE'/uk /opt/intel/oneapi/vtune/2023.1.0/bin64/amplxe-perf-sync sync sys
772 [22653198919360] INFO perfrun.sdk <> - runCmd started PID 3882139
924 [22653419120320] INFO perfrun.tpss <> - start tpss controller for pid #3882105
975 [22653562427264] INFO perfrun.launcher <> - Launcher: all plugins were started
976 [22653562427264] INFO perfrun.launcher <> - DirectoryMonitor object was created
976 [22653562427264] INFO perfrun.launcher <> - DirectoryMonitor: a callback was added
976 [22653562427264] INFO perfrun.launcher <> - DirectoryMonitor was started with pingTime = 1000
976 [22653562427264] INFO perfrun.launcher <> - DeadlineTimer is going to be constructed
976 [22653562427264] INFO perfrun.launcher <> - DeadlineTimer: a callback was added
977 [22653562427264] INFO perfrun.launcher <> - Launcher: resume the profiled application and  wait its termination or stop command
94027 [22653562427264] INFO perfrun.launcher <> - Launcher: the profiled application was terminated  with exit code = 1
94180 [22653419120320] INFO perfrun.itt <> - detach itt controller
94180 [22653419120320] INFO perfrun.itt <> - detach itt controller done
94182 [22653198919360] INFO perfrun.perfcollector <> - Monitor: runCmd RC = true
94182 [22653419120320] INFO perfrun.perfcollector <> - Monitor: state = 3, error = 1
94182 [22653419120320] INFO perfrun.tpss <> - stop tpss controller
94184 [22653419120320] INFO perfrun.sdk <> - De-allocating TMU: /home/course/hpc/users/2022012388/exp8/result.conv1/data.5/systemcollector-3881770-conv1.sc
94184 [22653419120320] INFO perfrun.system <> - closed the system trace file: /home/course/hpc/users/2022012388/exp8/result.conv1/data.5/systemcollector-3881770-conv1.sc
94184 [22653562427264] INFO perfrun.launcher <> - Launcher: all plugins were stopped.
94184 [22653562427264] INFO perfrun.launcher <> - DeadlineTimer is going to be destroyed
94185 [22653562427264] INFO perfrun.launcher <> - DeadlineTimer was destroyed
94185 [22653562427264] INFO perfrun.launcher <> - DirectoryMonitor object was destroyed
94185 [22653562427264] WARN perfrun.launcher <> - Stop command is ignored because it is received when collection is already stopped, at file: vcs/perfrun1/launcher/src/command_handler.cpp:226
94185 [22653562427264] INFO perfrun.launcher <> - Application exit code: 1
94185 [22653562427264] INFO perfrun.launcher <> - Exit code: 4
