13 [23059661375360] INFO perfrun.launcher <> - Launcher main begin
15 [23059661375360] INFO perfrun.launcher <> - MessageCatalogInit finished
15 [23059661375360] INFO perfrun.launcher <> - Launcher instance created
15 [23059661375360] INFO perfrun.launcher <> - argc = 7; cmdline = /opt/intel/oneapi/vtune/2023.1.0/bin64/amplxe-runss --ui-output-format xml --ui-output-fd 5 --option-file /home/course/hpc/users/2022012388/exp8/result.conv1/config/runss.options.2 
147 [23059661375360] INFO perfrun.launcher <> - create msngr2::ICliToolContext
147 [23059661375360] INFO perfrun.launcher <> - create file finder object
147 [23059661375360] INFO perfrun.launcher <> - create a result directory: pattern = /home/course/hpc/users/2022012388/exp8/result.conv1 pid = 4294967295
149 [23059661375360] INFO perfrun.sdk <> - checked that the directory /home/course/hpc/users/2022012388/exp8/result.conv1 is a local directory
149 [23059661375360] INFO perfrun.sdk <> - the directory /home/course/hpc/users/2022012388/exp8/result.conv1 is located on a share or its FS ID is unknown 26985
149 [23059661375360] INFO perfrun.sdk <> - checked that the directory /tmp/amplxe-tmp-2022012388 is a local directory
149 [23059661375360] INFO perfrun.sdk <> - the directory /tmp/amplxe-tmp-2022012388 is located on a share or its FS ID is unknown 2035054128
150 [23059661375360] INFO perfrun.launcher <> - create data directory = /home/course/hpc/users/2022012388/exp8/result.conv1/data.4
151 [23059661375360] INFO perfrun.launcher <> - Creating the master collection flag
151 [23059661375360] INFO perfrun.launcher <> - Done creating the master collection flag
154 [23059517925056] INFO perfrun.launcher <> - plugin [remoteplug] was disabled because it doesn't support the given collection type.
154 [23059517925056] INFO perfrun.sdk <> - Allocating TMU :/home/course/hpc/users/2022012388/exp8/result.conv1/data.4/systemcollector-3881767-conv1.sc
156 [23059517925056] INFO perfrun.launcher <> - plugin [vdso] was disabled because it doesn't support the given collection type.
156 [23059517925056] INFO perfrun.launcher <> - plugin [ptracecollector] was disabled because it doesn't support the given collection type.
156 [23059517925056] INFO perfrun.launcher <> - plugin [gpu] was disabled because it doesn't support the given collection type.
156 [23059517925056] INFO perfrun.launcher <> - plugin [] was disabled because it doesn't support the given collection type.
156 [23059517925056] INFO perfrun.launcher <> - plugin [] was disabled because it doesn't support the given collection type.
156 [23059517925056] INFO perfrun.launcher <> - plugin [] was disabled because it doesn't support the given collection type.
156 [23059517925056] INFO perfrun.mrte <> - system-wide mode is 0
156 [23059517925056] INFO perfrun.mrte <> - Getting  mrte profiling environment ...
170 [23059517925056] INFO perfrun.mrte <> - INTEL_MRTE_DATA_DIR=/home/course/hpc/users/2022012388/exp8/result.conv1/data.4
170 [23059517925056] INFO perfrun.mrte <> - INTEL_MRTE_HOST_NAME=conv1
170 [23059517925056] INFO perfrun.mrte <> - JAVA_TOOL_OPTIONS=-agentlib:amplxe_tpssmrte_javaprof_1.0 -Dsun.boot.library.path=/opt/intel/oneapi/vtune/2023.1.0/lib32/runtime:/opt/intel/oneapi/vtune/2023.1.0/lib64/runtime
170 [23059517925056] INFO perfrun.mrte <> - LD_LIBRARY_PATH=/opt/intel/oneapi/vtune/2023.1.0/lib32/runtime:/opt/intel/oneapi/vtune/2023.1.0/lib64/runtime:/opt/intel/oneapi/tbb/2021.5.1/env/../lib/intel64/gcc4.8:/opt/intel/oneapi/mpi/2021.5.1//libfabric/lib:/opt/intel/oneapi/mpi/2021.5.1//lib/release:/opt/intel/oneapi/mpi/2021.5.1//lib:/opt/intel/oneapi/mkl/2022.0.2/lib/intel64:/opt/intel/oneapi/itac/2021.5.0/slib:/opt/intel/oneapi/debugger/2021.5.0/gdb/intel64/lib:/opt/intel/oneapi/debugger/2021.5.0/libipt/intel64/lib:/opt/intel/oneapi/debugger/2021.5.0/dep/lib:/opt/intel/oneapi/compiler/2022.0.2/linux/lib:/opt/intel/oneapi/compiler/2022.0.2/linux/lib/x64:/opt/intel/oneapi/compiler/2022.0.2/linux/lib/oclfpga/host/linux64/lib:/opt/intel/oneapi/compiler/2022.0.2/linux/compiler/lib/intel64_lin
170 [23059517925056] INFO perfrun.mrte <> - CORECLR_ENABLE_PROFILING=1
170 [23059517925056] INFO perfrun.mrte <> - CORECLR_PROFILER={AA5E4821-E3B1-479c-B7FF-5AD047D22CED}
170 [23059517925056] INFO perfrun.mrte <> - CORECLR_PROFILER_PATH=/opt/intel/oneapi/vtune/2023.1.0/lib64/libamplxe_samplingmrte_clrprof_1.0.so
170 [23059517925056] INFO perfrun.mrte <> - INTEL_MRTE_PROFILER_MODE=mixed
170 [23059517925056] INFO perfrun.mrte <> - Data directory: /home/course/hpc/users/2022012388/exp8/result.conv1/data.4
170 [23059517925056] INFO perfrun.mrte <> - Mrte plugin is initialized
170 [23059517925056] INFO perfrun.launcher <> - plugin [emon] was disabled because it doesn't support the given collection type.
170 [23059517925056] INFO perfrun.launcher <> - plugin [cuscol] was disabled because it doesn't support the given collection type.
170 [23059517925056] INFO perfrun.launcher <> - plugin [stdsrc] was disabled because it doesn't support the given collection type.
170 [23059517925056] INFO perfrun.launcher <> - plugin [sep] was disabled because it doesn't support the given collection type.
170 [23059517925056] INFO perfrun.launcher <> - plugin [vtsspp] was disabled because it doesn't support the given collection type.
170 [23059517925056] INFO perfrun.sdk <> - Reading value (0) from file: /proc/sys/kernel/perf_event_paranoid
170 [23059517925056] INFO perfrun.perfcollector <> - checking access to: /opt/intel/oneapi/vtune/2023.1.0/bin64/amplxe-perf-priv
173 [23059517925056] INFO perfrun.perfcollector <> - cpu: family = 6 model = 79
173 [23059517925056] INFO perfrun.perfcollector <> - dir found: /sys/bus/event_source/devices/software
173 [23059517925056] INFO perfrun.perfcollector <> - format: pmu format subdir doesn't exist
173 [23059517925056] INFO perfrun.perfcollector <> - hwInfo: not set, pmuFam: software
173 [23059517925056] INFO perfrun.perfcollector <> - pmu added: family: software, id: 0
173 [23059517925056] INFO perfrun.perfcollector <> - dir found: /sys/bus/event_source/devices/uncore_imc_5
174 [23059517925056] INFO perfrun.perfcollector <> - format: event config:0-7 mask:0-7
174 [23059517925056] INFO perfrun.perfcollector <> - format: edge config:18 mask:18
174 [23059517925056] INFO perfrun.perfcollector <> - format: inv config:23 mask:23
174 [23059517925056] INFO perfrun.perfcollector <> - format: umask config:8-15 mask:8-15
175 [23059517925056] INFO perfrun.perfcollector <> - format: thresh config:24-31 mask:24-31
175 [23059517925056] INFO perfrun.perfcollector <> - hwInfo: PERF_IMC_PMU_DETAILS
175 [23059517925056] INFO perfrun.perfcollector <> - pmu added: family: uncore_imc, id: 5
175 [23059517925056] INFO perfrun.perfcollector <> - dir found: /sys/bus/event_source/devices/uncore_sbox_2
175 [23059517925056] INFO perfrun.perfcollector <> - format: event config:0-7 mask:0-7
175 [23059517925056] INFO perfrun.perfcollector <> - format: edge config:18 mask:18
176 [23059517925056] INFO perfrun.perfcollector <> - format: inv config:23 mask:23
176 [23059517925056] INFO perfrun.perfcollector <> - format: umask config:8-15 mask:8-15
176 [23059517925056] INFO perfrun.perfcollector <> - format: tid_en config:19 mask:19
176 [23059517925056] INFO perfrun.perfcollector <> - format: thresh config:24-31 mask:24-31
176 [23059517925056] INFO perfrun.perfcollector <> - hwInfo: not set, pmuFam: uncore_sbox
176 [23059517925056] INFO perfrun.perfcollector <> - pmu added: family: uncore_sbox, id: 2
177 [23059517925056] INFO perfrun.perfcollector <> - dir found: /sys/bus/event_source/devices/uncore_cbox_8
177 [23059517925056] INFO perfrun.perfcollector <> - format: event config:0-7 mask:0-7
177 [23059517925056] INFO perfrun.perfcollector <> - format: filter_link config1:6-8 mask:6-8
177 [23059517925056] INFO perfrun.perfcollector <> - format: filter_c6 config1:61 mask:61
178 [23059517925056] INFO perfrun.perfcollector <> - format: edge config:18 mask:18
178 [23059517925056] INFO perfrun.perfcollector <> - format: filter_isoc config1:63 mask:63
178 [23059517925056] INFO perfrun.perfcollector <> - format: filter_tid config1:0-5 mask:0-5
178 [23059517925056] INFO perfrun.perfcollector <> - format: filter_nid config1:32-47 mask:32-47
178 [23059517925056] INFO perfrun.perfcollector <> - format: filter_nc config1:62 mask:62
179 [23059517925056] INFO perfrun.perfcollector <> - format: umask config:8-15 mask:8-15
179 [23059517925056] INFO perfrun.perfcollector <> - format: tid_en config:19 mask:19
179 [23059517925056] INFO perfrun.perfcollector <> - format: thresh config:24-31 mask:24-31
179 [23059517925056] INFO perfrun.perfcollector <> - format: filter_state config1:17-23 mask:17-23
179 [23059517925056] INFO perfrun.perfcollector <> - format: filter_opc config1:52-60 mask:52-60
179 [23059517925056] INFO perfrun.perfcollector <> - hwInfo: PERF_CBOX_PMU_DETAILS
180 [23059517925056] INFO perfrun.perfcollector <> - pmu added: family: uncore_cbox, id: 8
180 [23059517925056] INFO perfrun.perfcollector <> - dir found: /sys/bus/event_source/devices/uncore_cbox_13
180 [23059517925056] INFO perfrun.perfcollector <> - format: event config:0-7 mask:0-7
180 [23059517925056] INFO perfrun.perfcollector <> - format: filter_link config1:6-8 mask:6-8
180 [23059517925056] INFO perfrun.perfcollector <> - format: filter_c6 config1:61 mask:61
181 [23059517925056] INFO perfrun.perfcollector <> - format: edge config:18 mask:18
181 [23059517925056] INFO perfrun.perfcollector <> - format: filter_isoc config1:63 mask:63
181 [23059517925056] INFO perfrun.perfcollector <> - format: filter_tid config1:0-5 mask:0-5
181 [23059517925056] INFO perfrun.perfcollector <> - format: filter_nid config1:32-47 mask:32-47
181 [23059517925056] INFO perfrun.perfcollector <> - format: filter_nc config1:62 mask:62
182 [23059517925056] INFO perfrun.perfcollector <> - format: umask config:8-15 mask:8-15
182 [23059517925056] INFO perfrun.perfcollector <> - format: tid_en config:19 mask:19
182 [23059517925056] INFO perfrun.perfcollector <> - format: thresh config:24-31 mask:24-31
182 [23059517925056] INFO perfrun.perfcollector <> - format: filter_state config1:17-23 mask:17-23
182 [23059517925056] INFO perfrun.perfcollector <> - format: filter_opc config1:52-60 mask:52-60
182 [23059517925056] INFO perfrun.perfcollector <> - hwInfo: PERF_CBOX_PMU_DETAILS
183 [23059517925056] INFO perfrun.perfcollector <> - pmu added: family: uncore_cbox, id: 13
183 [23059517925056] INFO perfrun.perfcollector <> - dir found: /sys/bus/event_source/devices/uncore_r2pcie
183 [23059517925056] INFO perfrun.perfcollector <> - format: event config:0-7 mask:0-7
183 [23059517925056] INFO perfrun.perfcollector <> - format: edge config:18 mask:18
183 [23059517925056] INFO perfrun.perfcollector <> - format: inv config:23 mask:23
183 [23059517925056] INFO perfrun.perfcollector <> - format: umask config:8-15 mask:8-15
184 [23059517925056] INFO perfrun.perfcollector <> - format: thresh config:24-31 mask:24-31
184 [23059517925056] INFO perfrun.perfcollector <> - hwInfo: not set, pmuFam: uncore_r2pcie
184 [23059517925056] INFO perfrun.perfcollector <> - pmu added: family: uncore_r2pcie, id: 0
184 [23059517925056] INFO perfrun.perfcollector <> - dir found: /sys/bus/event_source/devices/uncore_sbox_0
184 [23059517925056] INFO perfrun.perfcollector <> - format: event config:0-7 mask:0-7
184 [23059517925056] INFO perfrun.perfcollector <> - format: edge config:18 mask:18
184 [23059517925056] INFO perfrun.perfcollector <> - format: inv config:23 mask:23
185 [23059517925056] INFO perfrun.perfcollector <> - format: umask config:8-15 mask:8-15
185 [23059517925056] INFO perfrun.perfcollector <> - format: tid_en config:19 mask:19
185 [23059517925056] INFO perfrun.perfcollector <> - format: thresh config:24-31 mask:24-31
185 [23059517925056] INFO perfrun.perfcollector <> - hwInfo: not set, pmuFam: uncore_sbox
185 [23059517925056] INFO perfrun.perfcollector <> - pmu added: family: uncore_sbox, id: 0
185 [23059517925056] INFO perfrun.perfcollector <> - dir found: /sys/bus/event_source/devices/uncore_qpi_1
186 [23059517925056] INFO perfrun.perfcollector <> - format: mask_rnid4 config2:31 mask:31
186 [23059517925056] INFO perfrun.perfcollector <> - format: mask_rnid30 config2:32-35 mask:32-35
186 [23059517925056] INFO perfrun.perfcollector <> - format: match_rnid30 config1:32-35 mask:32-35
186 [23059517925056] INFO perfrun.perfcollector <> - format: event config:0-7,21 mask:0-7,21
186 [23059517925056] INFO perfrun.perfcollector <> - format: match0 config1:0-31 mask:0-31
186 [23059517925056] INFO perfrun.perfcollector <> - format: match_rds config1:48-51 mask:48-51
186 [23059517925056] INFO perfrun.perfcollector <> - format: mask_rds config2:48-51 mask:48-51
187 [23059517925056] INFO perfrun.perfcollector <> - format: edge config:18 mask:18
187 [23059517925056] INFO perfrun.perfcollector <> - format: mask1 config2:32-63 mask:32-63
187 [23059517925056] INFO perfrun.perfcollector <> - format: match_dnid config1:13-17 mask:13-17
187 [23059517925056] INFO perfrun.perfcollector <> - format: mask_dnid config2:13-17 mask:13-17
187 [23059517925056] INFO perfrun.perfcollector <> - format: match_vnw config1:3-4 mask:3-4
187 [23059517925056] INFO perfrun.perfcollector <> - format: mask_vnw config2:3-4 mask:3-4
187 [23059517925056] INFO perfrun.perfcollector <> - format: mask_mc config2:9-12 mask:9-12
188 [23059517925056] INFO perfrun.perfcollector <> - format: match1 config1:32-63 mask:32-63
188 [23059517925056] INFO perfrun.perfcollector <> - format: inv config:23 mask:23
188 [23059517925056] INFO perfrun.perfcollector <> - format: umask config:8-15 mask:8-15
188 [23059517925056] INFO perfrun.perfcollector <> - format: match_opc config1:5-8 mask:5-8
188 [23059517925056] INFO perfrun.perfcollector <> - format: mask_opc config2:5-8 mask:5-8
188 [23059517925056] INFO perfrun.perfcollector <> - format: thresh config:24-31 mask:24-31
188 [23059517925056] INFO perfrun.perfcollector <> - format: match_rnid4 config1:31 mask:31
189 [23059517925056] INFO perfrun.perfcollector <> - format: mask0 config2:0-31 mask:0-31
189 [23059517925056] INFO perfrun.perfcollector <> - format: match_mc config1:9-12 mask:9-12
189 [23059517925056] INFO perfrun.perfcollector <> - hwInfo: PERF_QPI_PMU_DETAILS
189 [23059517925056] INFO perfrun.perfcollector <> - pmu added: family: uncore_qpi, id: 1
189 [23059517925056] INFO perfrun.perfcollector <> - dir found: /sys/bus/event_source/devices/uncore_cbox_6
189 [23059517925056] INFO perfrun.perfcollector <> - format: event config:0-7 mask:0-7
189 [23059517925056] INFO perfrun.perfcollector <> - format: filter_link config1:6-8 mask:6-8
190 [23059517925056] INFO perfrun.perfcollector <> - format: filter_c6 config1:61 mask:61
190 [23059517925056] INFO perfrun.perfcollector <> - format: edge config:18 mask:18
190 [23059517925056] INFO perfrun.perfcollector <> - format: filter_isoc config1:63 mask:63
190 [23059517925056] INFO perfrun.perfcollector <> - format: filter_tid config1:0-5 mask:0-5
190 [23059517925056] INFO perfrun.perfcollector <> - format: filter_nid config1:32-47 mask:32-47
190 [23059517925056] INFO perfrun.perfcollector <> - format: filter_nc config1:62 mask:62
190 [23059517925056] INFO perfrun.perfcollector <> - format: umask config:8-15 mask:8-15
191 [23059517925056] INFO perfrun.perfcollector <> - format: tid_en config:19 mask:19
191 [23059517925056] INFO perfrun.perfcollector <> - format: thresh config:24-31 mask:24-31
191 [23059517925056] INFO perfrun.perfcollector <> - format: filter_state config1:17-23 mask:17-23
191 [23059517925056] INFO perfrun.perfcollector <> - format: filter_opc config1:52-60 mask:52-60
191 [23059517925056] INFO perfrun.perfcollector <> - hwInfo: PERF_CBOX_PMU_DETAILS
191 [23059517925056] INFO perfrun.perfcollector <> - pmu added: family: uncore_cbox, id: 6
191 [23059517925056] INFO perfrun.perfcollector <> - dir found: /sys/bus/event_source/devices/uncore_imc_1
192 [23059517925056] INFO perfrun.perfcollector <> - format: event config:0-7 mask:0-7
192 [23059517925056] INFO perfrun.perfcollector <> - format: edge config:18 mask:18
192 [23059517925056] INFO perfrun.perfcollector <> - format: inv config:23 mask:23
192 [23059517925056] INFO perfrun.perfcollector <> - format: umask config:8-15 mask:8-15
192 [23059517925056] INFO perfrun.perfcollector <> - format: thresh config:24-31 mask:24-31
192 [23059517925056] INFO perfrun.perfcollector <> - hwInfo: PERF_IMC_PMU_DETAILS
192 [23059517925056] INFO perfrun.perfcollector <> - pmu added: family: uncore_imc, id: 1
192 [23059517925056] INFO perfrun.perfcollector <> - dir found: /sys/bus/event_source/devices/power
193 [23059517925056] INFO perfrun.perfcollector <> - format: event config:0-7 mask:0-7
193 [23059517925056] INFO perfrun.perfcollector <> - hwInfo: not set, pmuFam: power
193 [23059517925056] INFO perfrun.perfcollector <> - pmu added: family: power, id: 0
193 [23059517925056] INFO perfrun.perfcollector <> - dir found: /sys/bus/event_source/devices/uncore_cbox_11
193 [23059517925056] INFO perfrun.perfcollector <> - format: event config:0-7 mask:0-7
194 [23059517925056] INFO perfrun.perfcollector <> - format: filter_link config1:6-8 mask:6-8
194 [23059517925056] INFO perfrun.perfcollector <> - format: filter_c6 config1:61 mask:61
194 [23059517925056] INFO perfrun.perfcollector <> - format: edge config:18 mask:18
194 [23059517925056] INFO perfrun.perfcollector <> - format: filter_isoc config1:63 mask:63
194 [23059517925056] INFO perfrun.perfcollector <> - format: filter_tid config1:0-5 mask:0-5
194 [23059517925056] INFO perfrun.perfcollector <> - format: filter_nid config1:32-47 mask:32-47
194 [23059517925056] INFO perfrun.perfcollector <> - format: filter_nc config1:62 mask:62
195 [23059517925056] INFO perfrun.perfcollector <> - format: umask config:8-15 mask:8-15
195 [23059517925056] INFO perfrun.perfcollector <> - format: tid_en config:19 mask:19
195 [23059517925056] INFO perfrun.perfcollector <> - format: thresh config:24-31 mask:24-31
195 [23059517925056] INFO perfrun.perfcollector <> - format: filter_state config1:17-23 mask:17-23
195 [23059517925056] INFO perfrun.perfcollector <> - format: filter_opc config1:52-60 mask:52-60
195 [23059517925056] INFO perfrun.perfcollector <> - hwInfo: PERF_CBOX_PMU_DETAILS
195 [23059517925056] INFO perfrun.perfcollector <> - pmu added: family: uncore_cbox, id: 11
196 [23059517925056] INFO perfrun.perfcollector <> - dir found: /sys/bus/event_source/devices/uncore_cbox_4
196 [23059517925056] INFO perfrun.perfcollector <> - format: event config:0-7 mask:0-7
196 [23059517925056] INFO perfrun.perfcollector <> - format: filter_link config1:6-8 mask:6-8
196 [23059517925056] INFO perfrun.perfcollector <> - format: filter_c6 config1:61 mask:61
196 [23059517925056] INFO perfrun.perfcollector <> - format: edge config:18 mask:18
196 [23059517925056] INFO perfrun.perfcollector <> - format: filter_isoc config1:63 mask:63
197 [23059517925056] INFO perfrun.perfcollector <> - format: filter_tid config1:0-5 mask:0-5
197 [23059517925056] INFO perfrun.perfcollector <> - format: filter_nid config1:32-47 mask:32-47
197 [23059517925056] INFO perfrun.perfcollector <> - format: filter_nc config1:62 mask:62
197 [23059517925056] INFO perfrun.perfcollector <> - format: umask config:8-15 mask:8-15
197 [23059517925056] INFO perfrun.perfcollector <> - format: tid_en config:19 mask:19
197 [23059517925056] INFO perfrun.perfcollector <> - format: thresh config:24-31 mask:24-31
197 [23059517925056] INFO perfrun.perfcollector <> - format: filter_state config1:17-23 mask:17-23
198 [23059517925056] INFO perfrun.perfcollector <> - format: filter_opc config1:52-60 mask:52-60
198 [23059517925056] INFO perfrun.perfcollector <> - hwInfo: PERF_CBOX_PMU_DETAILS
198 [23059517925056] INFO perfrun.perfcollector <> - pmu added: family: uncore_cbox, id: 4
198 [23059517925056] INFO perfrun.perfcollector <> - dir found: /sys/bus/event_source/devices/uprobe
198 [23059517925056] INFO perfrun.perfcollector <> - format: ref_ctr_offset config:32-63 mask:32-63
198 [23059517925056] INFO perfrun.perfcollector <> - format: retprobe config:0 mask:0
198 [23059517925056] INFO perfrun.perfcollector <> - hwInfo: not set, pmuFam: uprobe
198 [23059517925056] INFO perfrun.perfcollector <> - pmu added: family: uprobe, id: 0
198 [23059517925056] INFO perfrun.perfcollector <> - dir found: /sys/bus/event_source/devices/intel_bts
198 [23059517925056] INFO perfrun.perfcollector <> - format: pmu format subdir doesn't exist
198 [23059517925056] INFO perfrun.perfcollector <> - hwInfo: not set, pmuFam: intel_bts
199 [23059517925056] INFO perfrun.perfcollector <> - pmu added: family: intel_bts, id: 0
199 [23059517925056] INFO perfrun.perfcollector <> - dir found: /sys/bus/event_source/devices/cpu
199 [23059517925056] INFO perfrun.perfcollector <> - format: event config:0-7 mask:0-7
199 [23059517925056] INFO perfrun.perfcollector <> - format: pc config:19 mask:19
199 [23059517925056] INFO perfrun.perfcollector <> - format: in_tx config:32 mask:32
199 [23059517925056] INFO perfrun.perfcollector <> - format: edge config:18 mask:18
200 [23059517925056] INFO perfrun.perfcollector <> - format: any config:21 mask:21
200 [23059517925056] INFO perfrun.perfcollector <> - format: offcore_rsp config1:0-63 mask:0-63
200 [23059517925056] INFO perfrun.perfcollector <> - format: in_tx_cp config:33 mask:33
200 [23059517925056] INFO perfrun.perfcollector <> - format: ldlat config1:0-15 mask:0-15
200 [23059517925056] INFO perfrun.perfcollector <> - format: inv config:23 mask:23
200 [23059517925056] INFO perfrun.perfcollector <> - format: umask config:8-15 mask:8-15
200 [23059517925056] INFO perfrun.perfcollector <> - format: cmask config:24-31 mask:24-31
200 [23059517925056] INFO perfrun.perfcollector <> - hwInfo: PERF_CPU_PMU_DETAILS
201 [23059517925056] INFO perfrun.perfcollector <> - pmu added: family: cpu, id: 0
201 [23059517925056] INFO perfrun.perfcollector <> - dir found: /sys/bus/event_source/devices/uncore_r3qpi_0
201 [23059517925056] INFO perfrun.perfcollector <> - format: event config:0-7 mask:0-7
201 [23059517925056] INFO perfrun.perfcollector <> - format: edge config:18 mask:18
201 [23059517925056] INFO perfrun.perfcollector <> - format: inv config:23 mask:23
201 [23059517925056] INFO perfrun.perfcollector <> - format: umask config:8-15 mask:8-15
202 [23059517925056] INFO perfrun.perfcollector <> - format: thresh config:24-31 mask:24-31
202 [23059517925056] INFO perfrun.perfcollector <> - hwInfo: not set, pmuFam: uncore_r3qpi
202 [23059517925056] INFO perfrun.perfcollector <> - pmu added: family: uncore_r3qpi, id: 0
202 [23059517925056] INFO perfrun.perfcollector <> - dir found: /sys/bus/event_source/devices/cstate_core
202 [23059517925056] INFO perfrun.perfcollector <> - format: event config:0-63 mask:0-63
202 [23059517925056] INFO perfrun.perfcollector <> - hwInfo: not set, pmuFam: cstate_core
202 [23059517925056] INFO perfrun.perfcollector <> - pmu added: family: cstate_core, id: 0
202 [23059517925056] INFO perfrun.perfcollector <> - dir found: /sys/bus/event_source/devices/uncore_cbox_2
203 [23059517925056] INFO perfrun.perfcollector <> - format: event config:0-7 mask:0-7
203 [23059517925056] INFO perfrun.perfcollector <> - format: filter_link config1:6-8 mask:6-8
203 [23059517925056] INFO perfrun.perfcollector <> - format: filter_c6 config1:61 mask:61
203 [23059517925056] INFO perfrun.perfcollector <> - format: edge config:18 mask:18
203 [23059517925056] INFO perfrun.perfcollector <> - format: filter_isoc config1:63 mask:63
203 [23059517925056] INFO perfrun.perfcollector <> - format: filter_tid config1:0-5 mask:0-5
204 [23059517925056] INFO perfrun.perfcollector <> - format: filter_nid config1:32-47 mask:32-47
204 [23059517925056] INFO perfrun.perfcollector <> - format: filter_nc config1:62 mask:62
204 [23059517925056] INFO perfrun.perfcollector <> - format: umask config:8-15 mask:8-15
204 [23059517925056] INFO perfrun.perfcollector <> - format: tid_en config:19 mask:19
204 [23059517925056] INFO perfrun.perfcollector <> - format: thresh config:24-31 mask:24-31
204 [23059517925056] INFO perfrun.perfcollector <> - format: filter_state config1:17-23 mask:17-23
204 [23059517925056] INFO perfrun.perfcollector <> - format: filter_opc config1:52-60 mask:52-60
204 [23059517925056] INFO perfrun.perfcollector <> - hwInfo: PERF_CBOX_PMU_DETAILS
205 [23059517925056] INFO perfrun.perfcollector <> - pmu added: family: uncore_cbox, id: 2
205 [23059517925056] INFO perfrun.perfcollector <> - dir found: /sys/bus/event_source/devices/breakpoint
205 [23059517925056] INFO perfrun.perfcollector <> - format: pmu format subdir doesn't exist
205 [23059517925056] INFO perfrun.perfcollector <> - hwInfo: not set, pmuFam: breakpoint
205 [23059517925056] INFO perfrun.perfcollector <> - pmu added: family: breakpoint, id: 0
205 [23059517925056] INFO perfrun.perfcollector <> - dir found: /sys/bus/event_source/devices/uncore_ha_0
205 [23059517925056] INFO perfrun.perfcollector <> - format: event config:0-7 mask:0-7
205 [23059517925056] INFO perfrun.perfcollector <> - format: edge config:18 mask:18
206 [23059517925056] INFO perfrun.perfcollector <> - format: inv config:23 mask:23
206 [23059517925056] INFO perfrun.perfcollector <> - format: umask config:8-15 mask:8-15
206 [23059517925056] INFO perfrun.perfcollector <> - format: thresh config:24-31 mask:24-31
206 [23059517925056] INFO perfrun.perfcollector <> - hwInfo: not set, pmuFam: uncore_ha
206 [23059517925056] INFO perfrun.perfcollector <> - pmu added: family: uncore_ha, id: 0
206 [23059517925056] INFO perfrun.perfcollector <> - dir found: /sys/bus/event_source/devices/uncore_cbox_0
206 [23059517925056] INFO perfrun.perfcollector <> - format: event config:0-7 mask:0-7
207 [23059517925056] INFO perfrun.perfcollector <> - format: filter_link config1:6-8 mask:6-8
207 [23059517925056] INFO perfrun.perfcollector <> - format: filter_c6 config1:61 mask:61
207 [23059517925056] INFO perfrun.perfcollector <> - format: edge config:18 mask:18
207 [23059517925056] INFO perfrun.perfcollector <> - format: filter_isoc config1:63 mask:63
207 [23059517925056] INFO perfrun.perfcollector <> - format: filter_tid config1:0-5 mask:0-5
207 [23059517925056] INFO perfrun.perfcollector <> - format: filter_nid config1:32-47 mask:32-47
208 [23059517925056] INFO perfrun.perfcollector <> - format: filter_nc config1:62 mask:62
208 [23059517925056] INFO perfrun.perfcollector <> - format: umask config:8-15 mask:8-15
208 [23059517925056] INFO perfrun.perfcollector <> - format: tid_en config:19 mask:19
208 [23059517925056] INFO perfrun.perfcollector <> - format: thresh config:24-31 mask:24-31
208 [23059517925056] INFO perfrun.perfcollector <> - format: filter_state config1:17-23 mask:17-23
208 [23059517925056] INFO perfrun.perfcollector <> - format: filter_opc config1:52-60 mask:52-60
208 [23059517925056] INFO perfrun.perfcollector <> - hwInfo: PERF_CBOX_PMU_DETAILS
208 [23059517925056] INFO perfrun.perfcollector <> - pmu added: family: uncore_cbox, id: 0
209 [23059517925056] INFO perfrun.perfcollector <> - dir found: /sys/bus/event_source/devices/tracepoint
209 [23059517925056] INFO perfrun.perfcollector <> - format: pmu format subdir doesn't exist
209 [23059517925056] INFO perfrun.perfcollector <> - hwInfo: not set, pmuFam: tracepoint
209 [23059517925056] INFO perfrun.perfcollector <> - pmu added: family: tracepoint, id: 0
209 [23059517925056] INFO perfrun.perfcollector <> - dir found: /sys/bus/event_source/devices/uncore_sbox_3
209 [23059517925056] INFO perfrun.perfcollector <> - format: event config:0-7 mask:0-7
209 [23059517925056] INFO perfrun.perfcollector <> - format: edge config:18 mask:18
209 [23059517925056] INFO perfrun.perfcollector <> - format: inv config:23 mask:23
210 [23059517925056] INFO perfrun.perfcollector <> - format: umask config:8-15 mask:8-15
210 [23059517925056] INFO perfrun.perfcollector <> - format: tid_en config:19 mask:19
210 [23059517925056] INFO perfrun.perfcollector <> - format: thresh config:24-31 mask:24-31
210 [23059517925056] INFO perfrun.perfcollector <> - hwInfo: not set, pmuFam: uncore_sbox
210 [23059517925056] INFO perfrun.perfcollector <> - pmu added: family: uncore_sbox, id: 3
210 [23059517925056] INFO perfrun.perfcollector <> - dir found: /sys/bus/event_source/devices/uncore_cbox_9
210 [23059517925056] INFO perfrun.perfcollector <> - format: event config:0-7 mask:0-7
211 [23059517925056] INFO perfrun.perfcollector <> - format: filter_link config1:6-8 mask:6-8
211 [23059517925056] INFO perfrun.perfcollector <> - format: filter_c6 config1:61 mask:61
211 [23059517925056] INFO perfrun.perfcollector <> - format: edge config:18 mask:18
211 [23059517925056] INFO perfrun.perfcollector <> - format: filter_isoc config1:63 mask:63
211 [23059517925056] INFO perfrun.perfcollector <> - format: filter_tid config1:0-5 mask:0-5
211 [23059517925056] INFO perfrun.perfcollector <> - format: filter_nid config1:32-47 mask:32-47
211 [23059517925056] INFO perfrun.perfcollector <> - format: filter_nc config1:62 mask:62
212 [23059517925056] INFO perfrun.perfcollector <> - format: umask config:8-15 mask:8-15
212 [23059517925056] INFO perfrun.perfcollector <> - format: tid_en config:19 mask:19
212 [23059517925056] INFO perfrun.perfcollector <> - format: thresh config:24-31 mask:24-31
212 [23059517925056] INFO perfrun.perfcollector <> - format: filter_state config1:17-23 mask:17-23
212 [23059517925056] INFO perfrun.perfcollector <> - format: filter_opc config1:52-60 mask:52-60
212 [23059517925056] INFO perfrun.perfcollector <> - hwInfo: PERF_CBOX_PMU_DETAILS
212 [23059517925056] INFO perfrun.perfcollector <> - pmu added: family: uncore_cbox, id: 9
212 [23059517925056] INFO perfrun.perfcollector <> - dir found: /sys/bus/event_source/devices/cstate_pkg
213 [23059517925056] INFO perfrun.perfcollector <> - format: event config:0-63 mask:0-63
213 [23059517925056] INFO perfrun.perfcollector <> - hwInfo: not set, pmuFam: cstate_pkg
213 [23059517925056] INFO perfrun.perfcollector <> - pmu added: family: cstate_pkg, id: 0
213 [23059517925056] INFO perfrun.perfcollector <> - dir found: /sys/bus/event_source/devices/uncore_imc_4
213 [23059517925056] INFO perfrun.perfcollector <> - format: event config:0-7 mask:0-7
213 [23059517925056] INFO perfrun.perfcollector <> - format: edge config:18 mask:18
213 [23059517925056] INFO perfrun.perfcollector <> - format: inv config:23 mask:23
214 [23059517925056] INFO perfrun.perfcollector <> - format: umask config:8-15 mask:8-15
214 [23059517925056] INFO perfrun.perfcollector <> - format: thresh config:24-31 mask:24-31
214 [23059517925056] INFO perfrun.perfcollector <> - hwInfo: PERF_IMC_PMU_DETAILS
214 [23059517925056] INFO perfrun.perfcollector <> - pmu added: family: uncore_imc, id: 4
214 [23059517925056] INFO perfrun.perfcollector <> - dir found: /sys/bus/event_source/devices/uncore_ubox
214 [23059517925056] INFO perfrun.perfcollector <> - format: event config:0-7 mask:0-7
214 [23059517925056] INFO perfrun.perfcollector <> - format: edge config:18 mask:18
215 [23059517925056] INFO perfrun.perfcollector <> - format: inv config:23 mask:23
215 [23059517925056] INFO perfrun.perfcollector <> - format: umask config:8-15 mask:8-15
215 [23059517925056] INFO perfrun.perfcollector <> - format: thresh config:24-28 mask:24-28
215 [23059517925056] INFO perfrun.perfcollector <> - hwInfo: not set, pmuFam: uncore_ubox
215 [23059517925056] INFO perfrun.perfcollector <> - pmu added: family: uncore_ubox, id: 0
215 [23059517925056] INFO perfrun.perfcollector <> - dir found: /sys/bus/event_source/devices/uncore_sbox_1
215 [23059517925056] INFO perfrun.perfcollector <> - format: event config:0-7 mask:0-7
215 [23059517925056] INFO perfrun.perfcollector <> - format: edge config:18 mask:18
216 [23059517925056] INFO perfrun.perfcollector <> - format: inv config:23 mask:23
216 [23059517925056] INFO perfrun.perfcollector <> - format: umask config:8-15 mask:8-15
216 [23059517925056] INFO perfrun.perfcollector <> - format: tid_en config:19 mask:19
216 [23059517925056] INFO perfrun.perfcollector <> - format: thresh config:24-31 mask:24-31
216 [23059517925056] INFO perfrun.perfcollector <> - hwInfo: not set, pmuFam: uncore_sbox
216 [23059517925056] INFO perfrun.perfcollector <> - pmu added: family: uncore_sbox, id: 1
216 [23059517925056] INFO perfrun.perfcollector <> - dir found: /sys/bus/event_source/devices/uncore_cbox_7
216 [23059517925056] INFO perfrun.perfcollector <> - format: event config:0-7 mask:0-7
217 [23059517925056] INFO perfrun.perfcollector <> - format: filter_link config1:6-8 mask:6-8
217 [23059517925056] INFO perfrun.perfcollector <> - format: filter_c6 config1:61 mask:61
217 [23059517925056] INFO perfrun.perfcollector <> - format: edge config:18 mask:18
217 [23059517925056] INFO perfrun.perfcollector <> - format: filter_isoc config1:63 mask:63
217 [23059517925056] INFO perfrun.perfcollector <> - format: filter_tid config1:0-5 mask:0-5
217 [23059517925056] INFO perfrun.perfcollector <> - format: filter_nid config1:32-47 mask:32-47
217 [23059517925056] INFO perfrun.perfcollector <> - format: filter_nc config1:62 mask:62
218 [23059517925056] INFO perfrun.perfcollector <> - format: umask config:8-15 mask:8-15
218 [23059517925056] INFO perfrun.perfcollector <> - format: tid_en config:19 mask:19
218 [23059517925056] INFO perfrun.perfcollector <> - format: thresh config:24-31 mask:24-31
218 [23059517925056] INFO perfrun.perfcollector <> - format: filter_state config1:17-23 mask:17-23
218 [23059517925056] INFO perfrun.perfcollector <> - format: filter_opc config1:52-60 mask:52-60
218 [23059517925056] INFO perfrun.perfcollector <> - hwInfo: PERF_CBOX_PMU_DETAILS
218 [23059517925056] INFO perfrun.perfcollector <> - pmu added: family: uncore_cbox, id: 7
219 [23059517925056] INFO perfrun.perfcollector <> - dir found: /sys/bus/event_source/devices/uncore_cbox_12
219 [23059517925056] INFO perfrun.perfcollector <> - format: event config:0-7 mask:0-7
219 [23059517925056] INFO perfrun.perfcollector <> - format: filter_link config1:6-8 mask:6-8
219 [23059517925056] INFO perfrun.perfcollector <> - format: filter_c6 config1:61 mask:61
219 [23059517925056] INFO perfrun.perfcollector <> - format: edge config:18 mask:18
219 [23059517925056] INFO perfrun.perfcollector <> - format: filter_isoc config1:63 mask:63
220 [23059517925056] INFO perfrun.perfcollector <> - format: filter_tid config1:0-5 mask:0-5
220 [23059517925056] INFO perfrun.perfcollector <> - format: filter_nid config1:32-47 mask:32-47
220 [23059517925056] INFO perfrun.perfcollector <> - format: filter_nc config1:62 mask:62
220 [23059517925056] INFO perfrun.perfcollector <> - format: umask config:8-15 mask:8-15
220 [23059517925056] INFO perfrun.perfcollector <> - format: tid_en config:19 mask:19
220 [23059517925056] INFO perfrun.perfcollector <> - format: thresh config:24-31 mask:24-31
220 [23059517925056] INFO perfrun.perfcollector <> - format: filter_state config1:17-23 mask:17-23
221 [23059517925056] INFO perfrun.perfcollector <> - format: filter_opc config1:52-60 mask:52-60
221 [23059517925056] INFO perfrun.perfcollector <> - hwInfo: PERF_CBOX_PMU_DETAILS
221 [23059517925056] INFO perfrun.perfcollector <> - pmu added: family: uncore_cbox, id: 12
221 [23059517925056] INFO perfrun.perfcollector <> - dir found: /sys/bus/event_source/devices/kprobe
221 [23059517925056] INFO perfrun.perfcollector <> - format: retprobe config:0 mask:0
221 [23059517925056] INFO perfrun.perfcollector <> - hwInfo: not set, pmuFam: kprobe
221 [23059517925056] INFO perfrun.perfcollector <> - pmu added: family: kprobe, id: 0
221 [23059517925056] INFO perfrun.perfcollector <> - dir found: /sys/bus/event_source/devices/uncore_qpi_0
222 [23059517925056] INFO perfrun.perfcollector <> - format: mask_rnid4 config2:31 mask:31
222 [23059517925056] INFO perfrun.perfcollector <> - format: mask_rnid30 config2:32-35 mask:32-35
222 [23059517925056] INFO perfrun.perfcollector <> - format: match_rnid30 config1:32-35 mask:32-35
222 [23059517925056] INFO perfrun.perfcollector <> - format: event config:0-7,21 mask:0-7,21
222 [23059517925056] INFO perfrun.perfcollector <> - format: match0 config1:0-31 mask:0-31
222 [23059517925056] INFO perfrun.perfcollector <> - format: match_rds config1:48-51 mask:48-51
223 [23059517925056] INFO perfrun.perfcollector <> - format: mask_rds config2:48-51 mask:48-51
223 [23059517925056] INFO perfrun.perfcollector <> - format: edge config:18 mask:18
223 [23059517925056] INFO perfrun.perfcollector <> - format: mask1 config2:32-63 mask:32-63
223 [23059517925056] INFO perfrun.perfcollector <> - format: match_dnid config1:13-17 mask:13-17
223 [23059517925056] INFO perfrun.perfcollector <> - format: mask_dnid config2:13-17 mask:13-17
223 [23059517925056] INFO perfrun.perfcollector <> - format: match_vnw config1:3-4 mask:3-4
223 [23059517925056] INFO perfrun.perfcollector <> - format: mask_vnw config2:3-4 mask:3-4
224 [23059517925056] INFO perfrun.perfcollector <> - format: mask_mc config2:9-12 mask:9-12
224 [23059517925056] INFO perfrun.perfcollector <> - format: match1 config1:32-63 mask:32-63
224 [23059517925056] INFO perfrun.perfcollector <> - format: inv config:23 mask:23
224 [23059517925056] INFO perfrun.perfcollector <> - format: umask config:8-15 mask:8-15
224 [23059517925056] INFO perfrun.perfcollector <> - format: match_opc config1:5-8 mask:5-8
224 [23059517925056] INFO perfrun.perfcollector <> - format: mask_opc config2:5-8 mask:5-8
224 [23059517925056] INFO perfrun.perfcollector <> - format: thresh config:24-31 mask:24-31
224 [23059517925056] INFO perfrun.perfcollector <> - format: match_rnid4 config1:31 mask:31
225 [23059517925056] INFO perfrun.perfcollector <> - format: mask0 config2:0-31 mask:0-31
225 [23059517925056] INFO perfrun.perfcollector <> - format: match_mc config1:9-12 mask:9-12
225 [23059517925056] INFO perfrun.perfcollector <> - hwInfo: PERF_QPI_PMU_DETAILS
225 [23059517925056] INFO perfrun.perfcollector <> - pmu added: family: uncore_qpi, id: 0
225 [23059517925056] INFO perfrun.perfcollector <> - dir found: /sys/bus/event_source/devices/uncore_cbox_5
225 [23059517925056] INFO perfrun.perfcollector <> - format: event config:0-7 mask:0-7
225 [23059517925056] INFO perfrun.perfcollector <> - format: filter_link config1:6-8 mask:6-8
226 [23059517925056] INFO perfrun.perfcollector <> - format: filter_c6 config1:61 mask:61
226 [23059517925056] INFO perfrun.perfcollector <> - format: edge config:18 mask:18
226 [23059517925056] INFO perfrun.perfcollector <> - format: filter_isoc config1:63 mask:63
226 [23059517925056] INFO perfrun.perfcollector <> - format: filter_tid config1:0-5 mask:0-5
226 [23059517925056] INFO perfrun.perfcollector <> - format: filter_nid config1:32-47 mask:32-47
226 [23059517925056] INFO perfrun.perfcollector <> - format: filter_nc config1:62 mask:62
226 [23059517925056] INFO perfrun.perfcollector <> - format: umask config:8-15 mask:8-15
227 [23059517925056] INFO perfrun.perfcollector <> - format: tid_en config:19 mask:19
227 [23059517925056] INFO perfrun.perfcollector <> - format: thresh config:24-31 mask:24-31
227 [23059517925056] INFO perfrun.perfcollector <> - format: filter_state config1:17-23 mask:17-23
227 [23059517925056] INFO perfrun.perfcollector <> - format: filter_opc config1:52-60 mask:52-60
227 [23059517925056] INFO perfrun.perfcollector <> - hwInfo: PERF_CBOX_PMU_DETAILS
227 [23059517925056] INFO perfrun.perfcollector <> - pmu added: family: uncore_cbox, id: 5
227 [23059517925056] INFO perfrun.perfcollector <> - dir found: /sys/bus/event_source/devices/uncore_imc_0
227 [23059517925056] INFO perfrun.perfcollector <> - format: event config:0-7 mask:0-7
227 [23059517925056] INFO perfrun.perfcollector <> - format: edge config:18 mask:18
228 [23059517925056] INFO perfrun.perfcollector <> - format: inv config:23 mask:23
228 [23059517925056] INFO perfrun.perfcollector <> - format: umask config:8-15 mask:8-15
228 [23059517925056] INFO perfrun.perfcollector <> - format: thresh config:24-31 mask:24-31
228 [23059517925056] INFO perfrun.perfcollector <> - hwInfo: PERF_IMC_PMU_DETAILS
228 [23059517925056] INFO perfrun.perfcollector <> - pmu added: family: uncore_imc, id: 0
228 [23059517925056] INFO perfrun.perfcollector <> - dir found: /sys/bus/event_source/devices/uncore_cbox_10
228 [23059517925056] INFO perfrun.perfcollector <> - format: event config:0-7 mask:0-7
229 [23059517925056] INFO perfrun.perfcollector <> - format: filter_link config1:6-8 mask:6-8
229 [23059517925056] INFO perfrun.perfcollector <> - format: filter_c6 config1:61 mask:61
229 [23059517925056] INFO perfrun.perfcollector <> - format: edge config:18 mask:18
229 [23059517925056] INFO perfrun.perfcollector <> - format: filter_isoc config1:63 mask:63
229 [23059517925056] INFO perfrun.perfcollector <> - format: filter_tid config1:0-5 mask:0-5
229 [23059517925056] INFO perfrun.perfcollector <> - format: filter_nid config1:32-47 mask:32-47
229 [23059517925056] INFO perfrun.perfcollector <> - format: filter_nc config1:62 mask:62
229 [23059517925056] INFO perfrun.perfcollector <> - format: umask config:8-15 mask:8-15
230 [23059517925056] INFO perfrun.perfcollector <> - format: tid_en config:19 mask:19
230 [23059517925056] INFO perfrun.perfcollector <> - format: thresh config:24-31 mask:24-31
230 [23059517925056] INFO perfrun.perfcollector <> - format: filter_state config1:17-23 mask:17-23
230 [23059517925056] INFO perfrun.perfcollector <> - format: filter_opc config1:52-60 mask:52-60
230 [23059517925056] INFO perfrun.perfcollector <> - hwInfo: PERF_CBOX_PMU_DETAILS
230 [23059517925056] INFO perfrun.perfcollector <> - pmu added: family: uncore_cbox, id: 10
230 [23059517925056] INFO perfrun.perfcollector <> - dir found: /sys/bus/event_source/devices/uncore_pcu
231 [23059517925056] INFO perfrun.perfcollector <> - format: filter_band2 config1:16-23 mask:16-23
231 [23059517925056] INFO perfrun.perfcollector <> - format: event config:0-7 mask:0-7
231 [23059517925056] INFO perfrun.perfcollector <> - format: filter_band0 config1:0-7 mask:0-7
231 [23059517925056] INFO perfrun.perfcollector <> - format: edge config:18 mask:18
231 [23059517925056] INFO perfrun.perfcollector <> - format: occ_invert config:30 mask:30
231 [23059517925056] INFO perfrun.perfcollector <> - format: occ_edge config:14-51 mask:14-51
232 [23059517925056] INFO perfrun.perfcollector <> - format: filter_band3 config1:24-31 mask:24-31
232 [23059517925056] INFO perfrun.perfcollector <> - format: filter_band1 config1:8-15 mask:8-15
232 [23059517925056] INFO perfrun.perfcollector <> - format: inv config:23 mask:23
232 [23059517925056] INFO perfrun.perfcollector <> - format: thresh config:24-28 mask:24-28
232 [23059517925056] INFO perfrun.perfcollector <> - format: occ_sel config:14-15 mask:14-15
232 [23059517925056] INFO perfrun.perfcollector <> - hwInfo: not set, pmuFam: uncore_pcu
232 [23059517925056] INFO perfrun.perfcollector <> - pmu added: family: uncore_pcu, id: 0
232 [23059517925056] INFO perfrun.perfcollector <> - dir found: /sys/bus/event_source/devices/uncore_r3qpi_1
233 [23059517925056] INFO perfrun.perfcollector <> - format: event config:0-7 mask:0-7
233 [23059517925056] INFO perfrun.perfcollector <> - format: edge config:18 mask:18
233 [23059517925056] INFO perfrun.perfcollector <> - format: inv config:23 mask:23
233 [23059517925056] INFO perfrun.perfcollector <> - format: umask config:8-15 mask:8-15
233 [23059517925056] INFO perfrun.perfcollector <> - format: thresh config:24-31 mask:24-31
233 [23059517925056] INFO perfrun.perfcollector <> - hwInfo: not set, pmuFam: uncore_r3qpi
233 [23059517925056] INFO perfrun.perfcollector <> - pmu added: family: uncore_r3qpi, id: 1
234 [23059517925056] INFO perfrun.perfcollector <> - dir found: /sys/bus/event_source/devices/msr
234 [23059517925056] INFO perfrun.perfcollector <> - format: event config:0-63 mask:0-63
234 [23059517925056] INFO perfrun.perfcollector <> - hwInfo: not set, pmuFam: msr
234 [23059517925056] INFO perfrun.perfcollector <> - pmu added: family: msr, id: 0
234 [23059517925056] INFO perfrun.perfcollector <> - dir found: /sys/bus/event_source/devices/uncore_cbox_3
234 [23059517925056] INFO perfrun.perfcollector <> - format: event config:0-7 mask:0-7
234 [23059517925056] INFO perfrun.perfcollector <> - format: filter_link config1:6-8 mask:6-8
235 [23059517925056] INFO perfrun.perfcollector <> - format: filter_c6 config1:61 mask:61
235 [23059517925056] INFO perfrun.perfcollector <> - format: edge config:18 mask:18
235 [23059517925056] INFO perfrun.perfcollector <> - format: filter_isoc config1:63 mask:63
235 [23059517925056] INFO perfrun.perfcollector <> - format: filter_tid config1:0-5 mask:0-5
235 [23059517925056] INFO perfrun.perfcollector <> - format: filter_nid config1:32-47 mask:32-47
235 [23059517925056] INFO perfrun.perfcollector <> - format: filter_nc config1:62 mask:62
235 [23059517925056] INFO perfrun.perfcollector <> - format: umask config:8-15 mask:8-15
236 [23059517925056] INFO perfrun.perfcollector <> - format: tid_en config:19 mask:19
236 [23059517925056] INFO perfrun.perfcollector <> - format: thresh config:24-31 mask:24-31
236 [23059517925056] INFO perfrun.perfcollector <> - format: filter_state config1:17-23 mask:17-23
236 [23059517925056] INFO perfrun.perfcollector <> - format: filter_opc config1:52-60 mask:52-60
236 [23059517925056] INFO perfrun.perfcollector <> - hwInfo: PERF_CBOX_PMU_DETAILS
236 [23059517925056] INFO perfrun.perfcollector <> - pmu added: family: uncore_cbox, id: 3
236 [23059517925056] INFO perfrun.perfcollector <> - dir found: /sys/bus/event_source/devices/intel_pt
236 [23059517925056] INFO perfrun.perfcollector <> - format: ptw config:12 mask:12
237 [23059517925056] INFO perfrun.perfcollector <> - format: event config:31 mask:31
237 [23059517925056] INFO perfrun.perfcollector <> - format: cyc_thresh config:19-22 mask:19-22
237 [23059517925056] INFO perfrun.perfcollector <> - format: pt config:0 mask:0
237 [23059517925056] INFO perfrun.perfcollector <> - format: notnt config:55 mask:55
237 [23059517925056] INFO perfrun.perfcollector <> - format: branch config:13 mask:13
237 [23059517925056] INFO perfrun.perfcollector <> - format: tsc config:10 mask:10
237 [23059517925056] INFO perfrun.perfcollector <> - format: pwr_evt config:4 mask:4
237 [23059517925056] INFO perfrun.perfcollector <> - format: fup_on_ptw config:5 mask:5
237 [23059517925056] INFO perfrun.perfcollector <> - format: cyc config:1 mask:1
237 [23059517925056] INFO perfrun.perfcollector <> - format: noretcomp config:11 mask:11
238 [23059517925056] INFO perfrun.perfcollector <> - format: mtc config:9 mask:9
238 [23059517925056] INFO perfrun.perfcollector <> - format: psb_period config:24-27 mask:24-27
238 [23059517925056] INFO perfrun.perfcollector <> - format: mtc_period config:14-17 mask:14-17
238 [23059517925056] INFO perfrun.perfcollector <> - hwInfo: not set, pmuFam: intel_pt
238 [23059517925056] INFO perfrun.perfcollector <> - pmu added: family: intel_pt, id: 0
238 [23059517925056] INFO perfrun.perfcollector <> - dir found: /sys/bus/event_source/devices/uncore_ha_1
238 [23059517925056] INFO perfrun.perfcollector <> - format: event config:0-7 mask:0-7
238 [23059517925056] INFO perfrun.perfcollector <> - format: edge config:18 mask:18
238 [23059517925056] INFO perfrun.perfcollector <> - format: inv config:23 mask:23
239 [23059517925056] INFO perfrun.perfcollector <> - format: umask config:8-15 mask:8-15
239 [23059517925056] INFO perfrun.perfcollector <> - format: thresh config:24-31 mask:24-31
239 [23059517925056] INFO perfrun.perfcollector <> - hwInfo: not set, pmuFam: uncore_ha
239 [23059517925056] INFO perfrun.perfcollector <> - pmu added: family: uncore_ha, id: 1
239 [23059517925056] INFO perfrun.perfcollector <> - dir found: /sys/bus/event_source/devices/uncore_cbox_1
239 [23059517925056] INFO perfrun.perfcollector <> - format: event config:0-7 mask:0-7
239 [23059517925056] INFO perfrun.perfcollector <> - format: filter_link config1:6-8 mask:6-8
239 [23059517925056] INFO perfrun.perfcollector <> - format: filter_c6 config1:61 mask:61
239 [23059517925056] INFO perfrun.perfcollector <> - format: edge config:18 mask:18
240 [23059517925056] INFO perfrun.perfcollector <> - format: filter_isoc config1:63 mask:63
240 [23059517925056] INFO perfrun.perfcollector <> - format: filter_tid config1:0-5 mask:0-5
240 [23059517925056] INFO perfrun.perfcollector <> - format: filter_nid config1:32-47 mask:32-47
240 [23059517925056] INFO perfrun.perfcollector <> - format: filter_nc config1:62 mask:62
240 [23059517925056] INFO perfrun.perfcollector <> - format: umask config:8-15 mask:8-15
240 [23059517925056] INFO perfrun.perfcollector <> - format: tid_en config:19 mask:19
240 [23059517925056] INFO perfrun.perfcollector <> - format: thresh config:24-31 mask:24-31
240 [23059517925056] INFO perfrun.perfcollector <> - format: filter_state config1:17-23 mask:17-23
240 [23059517925056] INFO perfrun.perfcollector <> - format: filter_opc config1:52-60 mask:52-60
240 [23059517925056] INFO perfrun.perfcollector <> - hwInfo: PERF_CBOX_PMU_DETAILS
241 [23059517925056] INFO perfrun.perfcollector <> - pmu added: family: uncore_cbox, id: 1
241 [23059517925056] INFO perfrun.sdk <> - runCmd: /opt/intel/oneapi/vtune/2023.1.0/bin64/sep -dry-run -sam 1 -ec CPU_CLK_UNHALTED.THREAD,CPU_CLK_UNHALTED.REF_TSC:sample:sa=2400000,INST_RETIRED.ANY:sample:sa=2400000,CPU_CLK_UNHALTED.REF_XCLK,CPU_CLK_UNHALTED.ONE_THREAD_ACTIVE,FP_ARITH_INST_RETIRED.SCALAR_SINGLE,FP_ARITH_INST_RETIRED.128B_PACKED_SINGLE,FP_ARITH_INST_RETIRED.256B_PACKED_SINGLE,FP_ARITH_INST_RETIRED.SCALAR_DOUBLE,FP_ARITH_INST_RETIRED.128B_PACKED_DOUBLE,FP_ARITH_INST_RETIRED.256B_PACKED_DOUBLE,INST_RETIRED.X87,UOPS_RETIRED.RETIRE_SLOTS:sample:sa=2000003 -experimental
241 [23059517925056] INFO perfrun.sdk <> - runCmd started PID 3881883
304 [23059517925056] INFO perfrun.perfcollector <> - SepDryRun RC = true
307 [23059517925056] INFO perfrun.perfcollector <> - DRY_RUN: "PMU type: Core (core)"
307 [23059517925056] INFO perfrun.perfcollector <> - pmu type: cpu
307 [23059517925056] INFO perfrun.perfcollector <> - DRY_RUN: "Group 0:"
307 [23059517925056] INFO perfrun.perfcollector <> - id: 0
307 [23059517925056] INFO perfrun.perfcollector <> - DRY_RUN: "INST_RETIRED.ANY: event id 2"
307 [23059517925056] INFO perfrun.perfcollector <> - eventName: INST_RETIRED.ANY, eventId: 2
307 [23059517925056] INFO perfrun.perfcollector <> - DRY_RUN: "CPU_CLK_UNHALTED.THREAD: event id 0"
307 [23059517925056] INFO perfrun.perfcollector <> - eventName: CPU_CLK_UNHALTED.THREAD, eventId: 0
307 [23059517925056] INFO perfrun.perfcollector <> - DRY_RUN: "CPU_CLK_UNHALTED.REF_TSC: event id 1"
307 [23059517925056] INFO perfrun.perfcollector <> - eventName: CPU_CLK_UNHALTED.REF_TSC, eventId: 1
307 [23059517925056] INFO perfrun.perfcollector <> - DRY_RUN: "FP_ARITH_INST_RETIRED.SCALAR_SINGLE: event id 5"
307 [23059517925056] INFO perfrun.perfcollector <> - eventName: FP_ARITH_INST_RETIRED.SCALAR_SINGLE, eventId: 5
307 [23059517925056] INFO perfrun.perfcollector <> - DRY_RUN: "FP_ARITH_INST_RETIRED.128B_PACKED_SINGLE: event id 6"
307 [23059517925056] INFO perfrun.perfcollector <> - eventName: FP_ARITH_INST_RETIRED.128B_PACKED_SINGLE, eventId: 6
307 [23059517925056] INFO perfrun.perfcollector <> - DRY_RUN: "FP_ARITH_INST_RETIRED.256B_PACKED_SINGLE: event id 7"
307 [23059517925056] INFO perfrun.perfcollector <> - eventName: FP_ARITH_INST_RETIRED.256B_PACKED_SINGLE, eventId: 7
307 [23059517925056] INFO perfrun.perfcollector <> - DRY_RUN: "FP_ARITH_INST_RETIRED.SCALAR_DOUBLE: event id 8"
307 [23059517925056] INFO perfrun.perfcollector <> - eventName: FP_ARITH_INST_RETIRED.SCALAR_DOUBLE, eventId: 8
307 [23059517925056] INFO perfrun.perfcollector <> - DRY_RUN: "CPU_CLK_UNHALTED.REF_XCLK: event id 3"
307 [23059517925056] INFO perfrun.perfcollector <> - eventName: CPU_CLK_UNHALTED.REF_XCLK, eventId: 3
307 [23059517925056] INFO perfrun.perfcollector <> - DRY_RUN: "CPU_CLK_UNHALTED.ONE_THREAD_ACTIVE: event id 4"
307 [23059517925056] INFO perfrun.perfcollector <> - eventName: CPU_CLK_UNHALTED.ONE_THREAD_ACTIVE, eventId: 4
307 [23059517925056] INFO perfrun.perfcollector <> - DRY_RUN: "INST_RETIRED.X87: event id 11"
307 [23059517925056] INFO perfrun.perfcollector <> - eventName: INST_RETIRED.X87, eventId: 11
307 [23059517925056] INFO perfrun.perfcollector <> - DRY_RUN: "UOPS_RETIRED.RETIRE_SLOTS: event id 12"
307 [23059517925056] INFO perfrun.perfcollector <> - eventName: UOPS_RETIRED.RETIRE_SLOTS, eventId: 12
307 [23059517925056] INFO perfrun.perfcollector <> - DRY_RUN: "CCCR"
307 [23059517925056] INFO perfrun.perfcollector <> - DRY_RUN: "reg_type       = 1	event_id       = g	reg_id         = 38f	reg_value      = 7000000ff"
307 [23059517925056] INFO perfrun.perfcollector <> - eventId: g, skip parsing event_id
307 [23059517925056] INFO perfrun.perfcollector <> - Register was ignored: group_id: 0, reg_type: 1, event_id: 4294967295, reg_id: 38f, reg_value: 7000000ff, pmu_name: cpu
307 [23059517925056] INFO perfrun.perfcollector <> - DRY_RUN: "reg_type       = 1	event_id       = g	reg_id         = 390	reg_value      = 7000000ff"
307 [23059517925056] INFO perfrun.perfcollector <> - eventId: g, skip parsing event_id
307 [23059517925056] INFO perfrun.perfcollector <> - Register was ignored: group_id: 0, reg_type: 1, event_id: 4294967295, reg_id: 390, reg_value: 7000000ff, pmu_name: cpu
307 [23059517925056] INFO perfrun.perfcollector <> - DRY_RUN: "reg_type       = 1	event_id       = g	reg_id         = 3f1	reg_value      = 0"
307 [23059517925056] INFO perfrun.perfcollector <> - eventId: g, skip parsing event_id
307 [23059517925056] INFO perfrun.perfcollector <> - Register was ignored: group_id: 0, reg_type: 1, event_id: 4294967295, reg_id: 3f1, reg_value: 0, pmu_name: cpu
307 [23059517925056] INFO perfrun.perfcollector <> - DRY_RUN: "reg_type       = 1	event_id       = g	reg_id         = 1d9	reg_value      = 1800"
307 [23059517925056] INFO perfrun.perfcollector <> - eventId: g, skip parsing event_id
307 [23059517925056] INFO perfrun.perfcollector <> - Register was ignored: group_id: 0, reg_type: 1, event_id: 4294967295, reg_id: 1d9, reg_value: 1800, pmu_name: cpu
307 [23059517925056] INFO perfrun.perfcollector <> - DRY_RUN: "reg_type       = 1	event_id       = g	reg_id         = 38d	reg_value      = bbb"
307 [23059517925056] INFO perfrun.perfcollector <> - eventId: g, skip parsing event_id
307 [23059517925056] INFO perfrun.perfcollector <> - Register was ignored: group_id: 0, reg_type: 1, event_id: 4294967295, reg_id: 38d, reg_value: bbb, pmu_name: cpu
307 [23059517925056] INFO perfrun.perfcollector <> - DRY_RUN: "reg_type       = 1	event_id       = 5	reg_id         = 186	reg_value      = 5302c7"
307 [23059517925056] INFO perfrun.perfcollector <> - Event selector: group_id: 0, reg_type: 1, event_id: 5, reg_id: 186, reg_value: 5302c7, pmu_name: cpu
307 [23059517925056] INFO perfrun.perfcollector <> - DRY_RUN: "reg_type       = 1	event_id       = 6	reg_id         = 187	reg_value      = 5308c7"
307 [23059517925056] INFO perfrun.perfcollector <> - Event selector: group_id: 0, reg_type: 1, event_id: 6, reg_id: 187, reg_value: 5308c7, pmu_name: cpu
307 [23059517925056] INFO perfrun.perfcollector <> - DRY_RUN: "reg_type       = 1	event_id       = 7	reg_id         = 188	reg_value      = 5320c7"
307 [23059517925056] INFO perfrun.perfcollector <> - Event selector: group_id: 0, reg_type: 1, event_id: 7, reg_id: 188, reg_value: 5320c7, pmu_name: cpu
307 [23059517925056] INFO perfrun.perfcollector <> - DRY_RUN: "reg_type       = 1	event_id       = 8	reg_id         = 189	reg_value      = 5301c7"
308 [23059517925056] INFO perfrun.perfcollector <> - Event selector: group_id: 0, reg_type: 1, event_id: 8, reg_id: 189, reg_value: 5301c7, pmu_name: cpu
308 [23059517925056] INFO perfrun.perfcollector <> - DRY_RUN: "reg_type       = 1	event_id       = 3	reg_id         = 18a	reg_value      = 53013c"
308 [23059517925056] INFO perfrun.perfcollector <> - Event selector: group_id: 0, reg_type: 1, event_id: 3, reg_id: 18a, reg_value: 53013c, pmu_name: cpu
308 [23059517925056] INFO perfrun.perfcollector <> - DRY_RUN: "reg_type       = 1	event_id       = 4	reg_id         = 18b	reg_value      = 53023c"
308 [23059517925056] INFO perfrun.perfcollector <> - Event selector: group_id: 0, reg_type: 1, event_id: 4, reg_id: 18b, reg_value: 53023c, pmu_name: cpu
308 [23059517925056] INFO perfrun.perfcollector <> - DRY_RUN: "reg_type       = 1	event_id       = 11	reg_id         = 18c	reg_value      = 5302c0"
308 [23059517925056] INFO perfrun.perfcollector <> - Event selector: group_id: 0, reg_type: 1, event_id: 11, reg_id: 18c, reg_value: 5302c0, pmu_name: cpu
308 [23059517925056] INFO perfrun.perfcollector <> - DRY_RUN: "reg_type       = 1	event_id       = 12	reg_id         = 18d	reg_value      = 5302c2"
308 [23059517925056] INFO perfrun.perfcollector <> - Event selector: group_id: 0, reg_type: 1, event_id: 12, reg_id: 18d, reg_value: 5302c2, pmu_name: cpu
308 [23059517925056] INFO perfrun.perfcollector <> - DRY_RUN: "ESCR"
308 [23059517925056] INFO perfrun.perfcollector <> - DRY_RUN: "reg_type       = 2	event_id       = g	reg_id         = 1c8	reg_value      = 0"
308 [23059517925056] INFO perfrun.perfcollector <> - eventId: g, skip parsing event_id
308 [23059517925056] INFO perfrun.perfcollector <> - DRY_RUN: "DATA"
308 [23059517925056] INFO perfrun.perfcollector <> - DRY_RUN: "reg_type       = 4	event_id       = 2	reg_id         = 309	reg_value      = ffffffdb6100"
308 [23059517925056] INFO perfrun.perfcollector <> - eventId: 2, dataAddr: 309, dataVal: ffffffdb6100
308 [23059517925056] INFO perfrun.perfcollector <> - DRY_RUN: "reg_type       = 4	event_id       = 0	reg_id         = 30a	reg_value      = ffffffe17b7d"
308 [23059517925056] INFO perfrun.perfcollector <> - eventId: 0, dataAddr: 30a, dataVal: ffffffe17b7d
308 [23059517925056] INFO perfrun.perfcollector <> - DRY_RUN: "reg_type       = 4	event_id       = 1	reg_id         = 30b	reg_value      = ffffffdb6100"
308 [23059517925056] INFO perfrun.perfcollector <> - eventId: 1, dataAddr: 30b, dataVal: ffffffdb6100
308 [23059517925056] INFO perfrun.perfcollector <> - DRY_RUN: "reg_type       = 4	event_id       = 5	reg_id         = c1	reg_value      = ffffffe17b7d"
308 [23059517925056] INFO perfrun.perfcollector <> - eventId: 5, dataAddr: c1, dataVal: ffffffe17b7d
308 [23059517925056] INFO perfrun.perfcollector <> - DRY_RUN: "reg_type       = 4	event_id       = 6	reg_id         = c2	reg_value      = ffffffe17b7d"
308 [23059517925056] INFO perfrun.perfcollector <> - eventId: 6, dataAddr: c2, dataVal: ffffffe17b7d
308 [23059517925056] INFO perfrun.perfcollector <> - DRY_RUN: "reg_type       = 4	event_id       = 7	reg_id         = c3	reg_value      = ffffffe17b7d"
308 [23059517925056] INFO perfrun.perfcollector <> - eventId: 7, dataAddr: c3, dataVal: ffffffe17b7d
308 [23059517925056] INFO perfrun.perfcollector <> - DRY_RUN: "reg_type       = 4	event_id       = 8	reg_id         = c4	reg_value      = ffffffe17b7d"
308 [23059517925056] INFO perfrun.perfcollector <> - eventId: 8, dataAddr: c4, dataVal: ffffffe17b7d
308 [23059517925056] INFO perfrun.perfcollector <> - DRY_RUN: "reg_type       = 4	event_id       = 3	reg_id         = c5	reg_value      = fffffffe795d"
308 [23059517925056] INFO perfrun.perfcollector <> - eventId: 3, dataAddr: c5, dataVal: fffffffe795d
308 [23059517925056] INFO perfrun.perfcollector <> - DRY_RUN: "reg_type       = 4	event_id       = 4	reg_id         = c6	reg_value      = fffffffe795d"
308 [23059517925056] INFO perfrun.perfcollector <> - eventId: 4, dataAddr: c6, dataVal: fffffffe795d
308 [23059517925056] INFO perfrun.perfcollector <> - DRY_RUN: "reg_type       = 4	event_id       = 11	reg_id         = c7	reg_value      = ffffffe17b7d"
308 [23059517925056] INFO perfrun.perfcollector <> - eventId: 11, dataAddr: c7, dataVal: ffffffe17b7d
308 [23059517925056] INFO perfrun.perfcollector <> - DRY_RUN: "reg_type       = 4	event_id       = 12	reg_id         = c8	reg_value      = ffffffe17b7d"
308 [23059517925056] INFO perfrun.perfcollector <> - eventId: 12, dataAddr: c8, dataVal: ffffffe17b7d
308 [23059517925056] INFO perfrun.perfcollector <> - DRY_RUN: "Group 1:"
308 [23059517925056] INFO perfrun.perfcollector <> - id: 1
308 [23059517925056] INFO perfrun.perfcollector <> - DRY_RUN: "INST_RETIRED.ANY: event id 2"
308 [23059517925056] INFO perfrun.perfcollector <> - eventName: INST_RETIRED.ANY, eventId: 2
308 [23059517925056] INFO perfrun.perfcollector <> - DRY_RUN: "CPU_CLK_UNHALTED.THREAD: event id 0"
308 [23059517925056] INFO perfrun.perfcollector <> - eventName: CPU_CLK_UNHALTED.THREAD, eventId: 0
308 [23059517925056] INFO perfrun.perfcollector <> - DRY_RUN: "CPU_CLK_UNHALTED.REF_TSC: event id 1"
308 [23059517925056] INFO perfrun.perfcollector <> - eventName: CPU_CLK_UNHALTED.REF_TSC, eventId: 1
308 [23059517925056] INFO perfrun.perfcollector <> - DRY_RUN: "FP_ARITH_INST_RETIRED.128B_PACKED_DOUBLE: event id 9"
308 [23059517925056] INFO perfrun.perfcollector <> - eventName: FP_ARITH_INST_RETIRED.128B_PACKED_DOUBLE, eventId: 9
308 [23059517925056] INFO perfrun.perfcollector <> - DRY_RUN: "FP_ARITH_INST_RETIRED.256B_PACKED_DOUBLE: event id 10"
308 [23059517925056] INFO perfrun.perfcollector <> - eventName: FP_ARITH_INST_RETIRED.256B_PACKED_DOUBLE, eventId: 10
308 [23059517925056] INFO perfrun.perfcollector <> - DRY_RUN: "CCCR"
308 [23059517925056] INFO perfrun.perfcollector <> - DRY_RUN: "reg_type       = 1	event_id       = g	reg_id         = 38f	reg_value      = 700000003"
308 [23059517925056] INFO perfrun.perfcollector <> - eventId: g, skip parsing event_id
308 [23059517925056] INFO perfrun.perfcollector <> - Register was ignored: group_id: 1, reg_type: 1, event_id: 4294967295, reg_id: 38f, reg_value: 700000003, pmu_name: cpu
308 [23059517925056] INFO perfrun.perfcollector <> - DRY_RUN: "reg_type       = 1	event_id       = g	reg_id         = 390	reg_value      = 700000003"
308 [23059517925056] INFO perfrun.perfcollector <> - eventId: g, skip parsing event_id
308 [23059517925056] INFO perfrun.perfcollector <> - Register was ignored: group_id: 1, reg_type: 1, event_id: 4294967295, reg_id: 390, reg_value: 700000003, pmu_name: cpu
308 [23059517925056] INFO perfrun.perfcollector <> - DRY_RUN: "reg_type       = 1	event_id       = g	reg_id         = 3f1	reg_value      = 0"
308 [23059517925056] INFO perfrun.perfcollector <> - eventId: g, skip parsing event_id
308 [23059517925056] INFO perfrun.perfcollector <> - Register was ignored: group_id: 1, reg_type: 1, event_id: 4294967295, reg_id: 3f1, reg_value: 0, pmu_name: cpu
308 [23059517925056] INFO perfrun.perfcollector <> - DRY_RUN: "reg_type       = 1	event_id       = g	reg_id         = 1d9	reg_value      = 1800"
308 [23059517925056] INFO perfrun.perfcollector <> - eventId: g, skip parsing event_id
308 [23059517925056] INFO perfrun.perfcollector <> - Register was ignored: group_id: 1, reg_type: 1, event_id: 4294967295, reg_id: 1d9, reg_value: 1800, pmu_name: cpu
308 [23059517925056] INFO perfrun.perfcollector <> - DRY_RUN: "reg_type       = 1	event_id       = g	reg_id         = 38d	reg_value      = bbb"
308 [23059517925056] INFO perfrun.perfcollector <> - eventId: g, skip parsing event_id
308 [23059517925056] INFO perfrun.perfcollector <> - Register was ignored: group_id: 1, reg_type: 1, event_id: 4294967295, reg_id: 38d, reg_value: bbb, pmu_name: cpu
308 [23059517925056] INFO perfrun.perfcollector <> - DRY_RUN: "reg_type       = 1	event_id       = 9	reg_id         = 186	reg_value      = 5304c7"
308 [23059517925056] INFO perfrun.perfcollector <> - Event selector: group_id: 1, reg_type: 1, event_id: 9, reg_id: 186, reg_value: 5304c7, pmu_name: cpu
308 [23059517925056] INFO perfrun.perfcollector <> - DRY_RUN: "reg_type       = 1	event_id       = 10	reg_id         = 187	reg_value      = 5310c7"
308 [23059517925056] INFO perfrun.perfcollector <> - Event selector: group_id: 1, reg_type: 1, event_id: 10, reg_id: 187, reg_value: 5310c7, pmu_name: cpu
308 [23059517925056] INFO perfrun.perfcollector <> - DRY_RUN: "ESCR"
308 [23059517925056] INFO perfrun.perfcollector <> - DRY_RUN: "reg_type       = 2	event_id       = g	reg_id         = 1c8	reg_value      = 0"
308 [23059517925056] INFO perfrun.perfcollector <> - eventId: g, skip parsing event_id
308 [23059517925056] INFO perfrun.perfcollector <> - DRY_RUN: "DATA"
308 [23059517925056] INFO perfrun.perfcollector <> - DRY_RUN: "reg_type       = 4	event_id       = 2	reg_id         = 309	reg_value      = ffffffdb6100"
308 [23059517925056] INFO perfrun.perfcollector <> - eventId: 2, dataAddr: 309, dataVal: ffffffdb6100
308 [23059517925056] INFO perfrun.perfcollector <> - DRY_RUN: "reg_type       = 4	event_id       = 0	reg_id         = 30a	reg_value      = ffffffe17b7d"
308 [23059517925056] INFO perfrun.perfcollector <> - eventId: 0, dataAddr: 30a, dataVal: ffffffe17b7d
308 [23059517925056] INFO perfrun.perfcollector <> - DRY_RUN: "reg_type       = 4	event_id       = 1	reg_id         = 30b	reg_value      = ffffffdb6100"
308 [23059517925056] INFO perfrun.perfcollector <> - eventId: 1, dataAddr: 30b, dataVal: ffffffdb6100
308 [23059517925056] INFO perfrun.perfcollector <> - DRY_RUN: "reg_type       = 4	event_id       = 9	reg_id         = c1	reg_value      = ffffffe17b7d"
308 [23059517925056] INFO perfrun.perfcollector <> - eventId: 9, dataAddr: c1, dataVal: ffffffe17b7d
308 [23059517925056] INFO perfrun.perfcollector <> - DRY_RUN: "reg_type       = 4	event_id       = 10	reg_id         = c2	reg_value      = ffffffe17b7d"
308 [23059517925056] INFO perfrun.perfcollector <> - eventId: 10, dataAddr: c2, dataVal: ffffffe17b7d
308 [23059517925056] INFO perfrun.perfcollector <> - event name: CPU_CLK_UNHALTED.THREAD
308 [23059517925056] INFO perfrun.perfcollector <> - pmu config: cpu
308 [23059517925056] INFO perfrun.perfcollector <> - cccrAddr: ffffffff, cccrValue: 0
308 [23059517925056] INFO perfrun.perfcollector <> - dataAddr: 30a, dataValue: ffffffffffe17b7d
308 [23059517925056] INFO perfrun.perfcollector <> - escrAddr: ffffffff, escrValue: 0
308 [23059517925056] INFO perfrun.perfcollector <> - extendedPebsValue: 0
308 [23059517925056] INFO perfrun.perfcollector <> - adaptivePebsAvailable: 0
308 [23059517925056] INFO perfrun.perfcollector <> - config: event: 3c
308 [23059517925056] INFO perfrun.perfcollector <> - config: pc: 0
308 [23059517925056] INFO perfrun.perfcollector <> - config: in_tx: 0
308 [23059517925056] INFO perfrun.perfcollector <> - config: edge: 0
308 [23059517925056] INFO perfrun.perfcollector <> - config: any: 0
308 [23059517925056] INFO perfrun.perfcollector <> - config1: offcore_rsp: 0
308 [23059517925056] INFO perfrun.perfcollector <> - config: in_tx_cp: 0
308 [23059517925056] INFO perfrun.perfcollector <> - config1: ldlat: 0
308 [23059517925056] INFO perfrun.perfcollector <> - config: inv: 0
308 [23059517925056] INFO perfrun.perfcollector <> - config: umask: 0
308 [23059517925056] INFO perfrun.perfcollector <> - config: cmask: 0
308 [23059517925056] INFO perfrun.perfcollector <> - format: cpu/event=0x3c,name='CPU_CLK_UNHALTED.THREAD'/D
308 [23059517925056] INFO perfrun.perfcollector <> - event name: CPU_CLK_UNHALTED.REF_TSC
308 [23059517925056] INFO perfrun.perfcollector <> - pmu config: cpu
308 [23059517925056] INFO perfrun.perfcollector <> - cccrAddr: ffffffff, cccrValue: 0
308 [23059517925056] INFO perfrun.perfcollector <> - dataAddr: 30b, dataValue: ffffffffffdb6100
308 [23059517925056] INFO perfrun.perfcollector <> - escrAddr: ffffffff, escrValue: 0
308 [23059517925056] INFO perfrun.perfcollector <> - extendedPebsValue: 0
308 [23059517925056] INFO perfrun.perfcollector <> - adaptivePebsAvailable: 0
308 [23059517925056] INFO perfrun.perfcollector <> - config: event: 0
308 [23059517925056] INFO perfrun.perfcollector <> - config: pc: 0
308 [23059517925056] INFO perfrun.perfcollector <> - config: in_tx: 0
308 [23059517925056] INFO perfrun.perfcollector <> - config: edge: 0
308 [23059517925056] INFO perfrun.perfcollector <> - config: any: 0
308 [23059517925056] INFO perfrun.perfcollector <> - config1: offcore_rsp: 0
308 [23059517925056] INFO perfrun.perfcollector <> - config: in_tx_cp: 0
308 [23059517925056] INFO perfrun.perfcollector <> - config1: ldlat: 0
308 [23059517925056] INFO perfrun.perfcollector <> - config: inv: 0
308 [23059517925056] INFO perfrun.perfcollector <> - config: umask: 3
308 [23059517925056] INFO perfrun.perfcollector <> - config: cmask: 0
308 [23059517925056] INFO perfrun.perfcollector <> - format: cpu/umask=0x3,name='CPU_CLK_UNHALTED.REF_TSC'/D
308 [23059517925056] INFO perfrun.perfcollector <> - event name: INST_RETIRED.ANY
308 [23059517925056] INFO perfrun.perfcollector <> - pmu config: cpu
308 [23059517925056] INFO perfrun.perfcollector <> - cccrAddr: ffffffff, cccrValue: 0
308 [23059517925056] INFO perfrun.perfcollector <> - dataAddr: 309, dataValue: ffffffffffdb6100
308 [23059517925056] INFO perfrun.perfcollector <> - escrAddr: ffffffff, escrValue: 0
308 [23059517925056] INFO perfrun.perfcollector <> - extendedPebsValue: 0
308 [23059517925056] INFO perfrun.perfcollector <> - adaptivePebsAvailable: 0
308 [23059517925056] INFO perfrun.perfcollector <> - config: event: c0
308 [23059517925056] INFO perfrun.perfcollector <> - config: pc: 0
308 [23059517925056] INFO perfrun.perfcollector <> - config: in_tx: 0
308 [23059517925056] INFO perfrun.perfcollector <> - config: edge: 0
308 [23059517925056] INFO perfrun.perfcollector <> - config: any: 0
308 [23059517925056] INFO perfrun.perfcollector <> - config1: offcore_rsp: 0
308 [23059517925056] INFO perfrun.perfcollector <> - config: in_tx_cp: 0
308 [23059517925056] INFO perfrun.perfcollector <> - config1: ldlat: 0
308 [23059517925056] INFO perfrun.perfcollector <> - config: inv: 0
308 [23059517925056] INFO perfrun.perfcollector <> - config: umask: 0
308 [23059517925056] INFO perfrun.perfcollector <> - config: cmask: 0
308 [23059517925056] INFO perfrun.perfcollector <> - format: cpu/event=0xc0,name='INST_RETIRED.ANY'/D
308 [23059517925056] INFO perfrun.perfcollector <> - event name: CPU_CLK_UNHALTED.REF_XCLK
308 [23059517925056] INFO perfrun.perfcollector <> - pmu config: cpu
308 [23059517925056] INFO perfrun.perfcollector <> - cccrAddr: 18a, cccrValue: 53013c
308 [23059517925056] INFO perfrun.perfcollector <> - dataAddr: c5, dataValue: fffffffffffe795d
308 [23059517925056] INFO perfrun.perfcollector <> - escrAddr: ffffffff, escrValue: 0
308 [23059517925056] INFO perfrun.perfcollector <> - extendedPebsValue: 0
308 [23059517925056] INFO perfrun.perfcollector <> - adaptivePebsAvailable: 0
308 [23059517925056] INFO perfrun.perfcollector <> - config: event: 3c
308 [23059517925056] INFO perfrun.perfcollector <> - config: pc: 0
308 [23059517925056] INFO perfrun.perfcollector <> - config: in_tx: 0
308 [23059517925056] INFO perfrun.perfcollector <> - config: edge: 0
308 [23059517925056] INFO perfrun.perfcollector <> - config: any: 0
308 [23059517925056] INFO perfrun.perfcollector <> - config1: offcore_rsp: 0
308 [23059517925056] INFO perfrun.perfcollector <> - config: in_tx_cp: 0
308 [23059517925056] INFO perfrun.perfcollector <> - config1: ldlat: 0
308 [23059517925056] INFO perfrun.perfcollector <> - config: inv: 0
308 [23059517925056] INFO perfrun.perfcollector <> - config: umask: 1
308 [23059517925056] INFO perfrun.perfcollector <> - config: cmask: 0
308 [23059517925056] INFO perfrun.perfcollector <> - format: cpu/event=0x3c,umask=0x1,name='CPU_CLK_UNHALTED.REF_XCLK'/
308 [23059517925056] INFO perfrun.perfcollector <> - event name: CPU_CLK_UNHALTED.ONE_THREAD_ACTIVE
308 [23059517925056] INFO perfrun.perfcollector <> - pmu config: cpu
308 [23059517925056] INFO perfrun.perfcollector <> - cccrAddr: 18b, cccrValue: 53023c
308 [23059517925056] INFO perfrun.perfcollector <> - dataAddr: c6, dataValue: fffffffffffe795d
308 [23059517925056] INFO perfrun.perfcollector <> - escrAddr: ffffffff, escrValue: 0
308 [23059517925056] INFO perfrun.perfcollector <> - extendedPebsValue: 0
308 [23059517925056] INFO perfrun.perfcollector <> - adaptivePebsAvailable: 0
308 [23059517925056] INFO perfrun.perfcollector <> - config: event: 3c
308 [23059517925056] INFO perfrun.perfcollector <> - config: pc: 0
308 [23059517925056] INFO perfrun.perfcollector <> - config: in_tx: 0
308 [23059517925056] INFO perfrun.perfcollector <> - config: edge: 0
308 [23059517925056] INFO perfrun.perfcollector <> - config: any: 0
308 [23059517925056] INFO perfrun.perfcollector <> - config1: offcore_rsp: 0
308 [23059517925056] INFO perfrun.perfcollector <> - config: in_tx_cp: 0
308 [23059517925056] INFO perfrun.perfcollector <> - config1: ldlat: 0
308 [23059517925056] INFO perfrun.perfcollector <> - config: inv: 0
308 [23059517925056] INFO perfrun.perfcollector <> - config: umask: 2
308 [23059517925056] INFO perfrun.perfcollector <> - config: cmask: 0
308 [23059517925056] INFO perfrun.perfcollector <> - format: cpu/event=0x3c,umask=0x2,name='CPU_CLK_UNHALTED.ONE_THREAD_ACTIVE'/
308 [23059517925056] INFO perfrun.perfcollector <> - event name: FP_ARITH_INST_RETIRED.SCALAR_SINGLE
308 [23059517925056] INFO perfrun.perfcollector <> - pmu config: cpu
308 [23059517925056] INFO perfrun.perfcollector <> - cccrAddr: 186, cccrValue: 5302c7
308 [23059517925056] INFO perfrun.perfcollector <> - dataAddr: c1, dataValue: ffffffffffe17b7d
308 [23059517925056] INFO perfrun.perfcollector <> - escrAddr: ffffffff, escrValue: 0
308 [23059517925056] INFO perfrun.perfcollector <> - extendedPebsValue: 0
308 [23059517925056] INFO perfrun.perfcollector <> - adaptivePebsAvailable: 0
308 [23059517925056] INFO perfrun.perfcollector <> - config: event: c7
308 [23059517925056] INFO perfrun.perfcollector <> - config: pc: 0
308 [23059517925056] INFO perfrun.perfcollector <> - config: in_tx: 0
308 [23059517925056] INFO perfrun.perfcollector <> - config: edge: 0
308 [23059517925056] INFO perfrun.perfcollector <> - config: any: 0
308 [23059517925056] INFO perfrun.perfcollector <> - config1: offcore_rsp: 0
308 [23059517925056] INFO perfrun.perfcollector <> - config: in_tx_cp: 0
308 [23059517925056] INFO perfrun.perfcollector <> - config1: ldlat: 0
308 [23059517925056] INFO perfrun.perfcollector <> - config: inv: 0
308 [23059517925056] INFO perfrun.perfcollector <> - config: umask: 2
308 [23059517925056] INFO perfrun.perfcollector <> - config: cmask: 0
308 [23059517925056] INFO perfrun.perfcollector <> - format: cpu/event=0xc7,umask=0x2,name='FP_ARITH_INST_RETIRED.SCALAR_SINGLE'/
308 [23059517925056] INFO perfrun.perfcollector <> - event name: FP_ARITH_INST_RETIRED.128B_PACKED_SINGLE
308 [23059517925056] INFO perfrun.perfcollector <> - pmu config: cpu
308 [23059517925056] INFO perfrun.perfcollector <> - cccrAddr: 187, cccrValue: 5308c7
308 [23059517925056] INFO perfrun.perfcollector <> - dataAddr: c2, dataValue: ffffffffffe17b7d
308 [23059517925056] INFO perfrun.perfcollector <> - escrAddr: ffffffff, escrValue: 0
308 [23059517925056] INFO perfrun.perfcollector <> - extendedPebsValue: 0
308 [23059517925056] INFO perfrun.perfcollector <> - adaptivePebsAvailable: 0
308 [23059517925056] INFO perfrun.perfcollector <> - config: event: c7
308 [23059517925056] INFO perfrun.perfcollector <> - config: pc: 0
308 [23059517925056] INFO perfrun.perfcollector <> - config: in_tx: 0
308 [23059517925056] INFO perfrun.perfcollector <> - config: edge: 0
308 [23059517925056] INFO perfrun.perfcollector <> - config: any: 0
308 [23059517925056] INFO perfrun.perfcollector <> - config1: offcore_rsp: 0
308 [23059517925056] INFO perfrun.perfcollector <> - config: in_tx_cp: 0
308 [23059517925056] INFO perfrun.perfcollector <> - config1: ldlat: 0
308 [23059517925056] INFO perfrun.perfcollector <> - config: inv: 0
308 [23059517925056] INFO perfrun.perfcollector <> - config: umask: 8
308 [23059517925056] INFO perfrun.perfcollector <> - config: cmask: 0
308 [23059517925056] INFO perfrun.perfcollector <> - format: cpu/event=0xc7,umask=0x8,name='FP_ARITH_INST_RETIRED.128B_PACKED_SINGLE'/
308 [23059517925056] INFO perfrun.perfcollector <> - event name: FP_ARITH_INST_RETIRED.256B_PACKED_SINGLE
308 [23059517925056] INFO perfrun.perfcollector <> - pmu config: cpu
308 [23059517925056] INFO perfrun.perfcollector <> - cccrAddr: 188, cccrValue: 5320c7
308 [23059517925056] INFO perfrun.perfcollector <> - dataAddr: c3, dataValue: ffffffffffe17b7d
308 [23059517925056] INFO perfrun.perfcollector <> - escrAddr: ffffffff, escrValue: 0
308 [23059517925056] INFO perfrun.perfcollector <> - extendedPebsValue: 0
308 [23059517925056] INFO perfrun.perfcollector <> - adaptivePebsAvailable: 0
308 [23059517925056] INFO perfrun.perfcollector <> - config: event: c7
308 [23059517925056] INFO perfrun.perfcollector <> - config: pc: 0
308 [23059517925056] INFO perfrun.perfcollector <> - config: in_tx: 0
308 [23059517925056] INFO perfrun.perfcollector <> - config: edge: 0
308 [23059517925056] INFO perfrun.perfcollector <> - config: any: 0
308 [23059517925056] INFO perfrun.perfcollector <> - config1: offcore_rsp: 0
308 [23059517925056] INFO perfrun.perfcollector <> - config: in_tx_cp: 0
308 [23059517925056] INFO perfrun.perfcollector <> - config1: ldlat: 0
308 [23059517925056] INFO perfrun.perfcollector <> - config: inv: 0
308 [23059517925056] INFO perfrun.perfcollector <> - config: umask: 20
308 [23059517925056] INFO perfrun.perfcollector <> - config: cmask: 0
308 [23059517925056] INFO perfrun.perfcollector <> - format: cpu/event=0xc7,umask=0x20,name='FP_ARITH_INST_RETIRED.256B_PACKED_SINGLE'/
309 [23059517925056] INFO perfrun.perfcollector <> - event name: FP_ARITH_INST_RETIRED.SCALAR_DOUBLE
309 [23059517925056] INFO perfrun.perfcollector <> - pmu config: cpu
309 [23059517925056] INFO perfrun.perfcollector <> - cccrAddr: 189, cccrValue: 5301c7
309 [23059517925056] INFO perfrun.perfcollector <> - dataAddr: c4, dataValue: ffffffffffe17b7d
309 [23059517925056] INFO perfrun.perfcollector <> - escrAddr: ffffffff, escrValue: 0
309 [23059517925056] INFO perfrun.perfcollector <> - extendedPebsValue: 0
309 [23059517925056] INFO perfrun.perfcollector <> - adaptivePebsAvailable: 0
309 [23059517925056] INFO perfrun.perfcollector <> - config: event: c7
309 [23059517925056] INFO perfrun.perfcollector <> - config: pc: 0
309 [23059517925056] INFO perfrun.perfcollector <> - config: in_tx: 0
309 [23059517925056] INFO perfrun.perfcollector <> - config: edge: 0
309 [23059517925056] INFO perfrun.perfcollector <> - config: any: 0
309 [23059517925056] INFO perfrun.perfcollector <> - config1: offcore_rsp: 0
309 [23059517925056] INFO perfrun.perfcollector <> - config: in_tx_cp: 0
309 [23059517925056] INFO perfrun.perfcollector <> - config1: ldlat: 0
309 [23059517925056] INFO perfrun.perfcollector <> - config: inv: 0
309 [23059517925056] INFO perfrun.perfcollector <> - config: umask: 1
309 [23059517925056] INFO perfrun.perfcollector <> - config: cmask: 0
309 [23059517925056] INFO perfrun.perfcollector <> - format: cpu/event=0xc7,umask=0x1,name='FP_ARITH_INST_RETIRED.SCALAR_DOUBLE'/
309 [23059517925056] INFO perfrun.perfcollector <> - event name: FP_ARITH_INST_RETIRED.128B_PACKED_DOUBLE
309 [23059517925056] INFO perfrun.perfcollector <> - pmu config: cpu
309 [23059517925056] INFO perfrun.perfcollector <> - cccrAddr: 186, cccrValue: 5304c7
309 [23059517925056] INFO perfrun.perfcollector <> - dataAddr: c1, dataValue: ffffffffffe17b7d
309 [23059517925056] INFO perfrun.perfcollector <> - escrAddr: ffffffff, escrValue: 0
309 [23059517925056] INFO perfrun.perfcollector <> - extendedPebsValue: 0
309 [23059517925056] INFO perfrun.perfcollector <> - adaptivePebsAvailable: 0
309 [23059517925056] INFO perfrun.perfcollector <> - config: event: c7
309 [23059517925056] INFO perfrun.perfcollector <> - config: pc: 0
309 [23059517925056] INFO perfrun.perfcollector <> - config: in_tx: 0
309 [23059517925056] INFO perfrun.perfcollector <> - config: edge: 0
309 [23059517925056] INFO perfrun.perfcollector <> - config: any: 0
309 [23059517925056] INFO perfrun.perfcollector <> - config1: offcore_rsp: 0
309 [23059517925056] INFO perfrun.perfcollector <> - config: in_tx_cp: 0
309 [23059517925056] INFO perfrun.perfcollector <> - config1: ldlat: 0
309 [23059517925056] INFO perfrun.perfcollector <> - config: inv: 0
309 [23059517925056] INFO perfrun.perfcollector <> - config: umask: 4
309 [23059517925056] INFO perfrun.perfcollector <> - config: cmask: 0
309 [23059517925056] INFO perfrun.perfcollector <> - format: cpu/event=0xc7,umask=0x4,name='FP_ARITH_INST_RETIRED.128B_PACKED_DOUBLE'/
309 [23059517925056] INFO perfrun.perfcollector <> - event name: FP_ARITH_INST_RETIRED.256B_PACKED_DOUBLE
309 [23059517925056] INFO perfrun.perfcollector <> - pmu config: cpu
309 [23059517925056] INFO perfrun.perfcollector <> - cccrAddr: 187, cccrValue: 5310c7
309 [23059517925056] INFO perfrun.perfcollector <> - dataAddr: c2, dataValue: ffffffffffe17b7d
309 [23059517925056] INFO perfrun.perfcollector <> - escrAddr: ffffffff, escrValue: 0
309 [23059517925056] INFO perfrun.perfcollector <> - extendedPebsValue: 0
309 [23059517925056] INFO perfrun.perfcollector <> - adaptivePebsAvailable: 0
309 [23059517925056] INFO perfrun.perfcollector <> - config: event: c7
309 [23059517925056] INFO perfrun.perfcollector <> - config: pc: 0
309 [23059517925056] INFO perfrun.perfcollector <> - config: in_tx: 0
309 [23059517925056] INFO perfrun.perfcollector <> - config: edge: 0
309 [23059517925056] INFO perfrun.perfcollector <> - config: any: 0
309 [23059517925056] INFO perfrun.perfcollector <> - config1: offcore_rsp: 0
309 [23059517925056] INFO perfrun.perfcollector <> - config: in_tx_cp: 0
309 [23059517925056] INFO perfrun.perfcollector <> - config1: ldlat: 0
309 [23059517925056] INFO perfrun.perfcollector <> - config: inv: 0
309 [23059517925056] INFO perfrun.perfcollector <> - config: umask: 10
309 [23059517925056] INFO perfrun.perfcollector <> - config: cmask: 0
309 [23059517925056] INFO perfrun.perfcollector <> - format: cpu/event=0xc7,umask=0x10,name='FP_ARITH_INST_RETIRED.256B_PACKED_DOUBLE'/
309 [23059517925056] INFO perfrun.perfcollector <> - event name: INST_RETIRED.X87
309 [23059517925056] INFO perfrun.perfcollector <> - pmu config: cpu
309 [23059517925056] INFO perfrun.perfcollector <> - cccrAddr: 18c, cccrValue: 5302c0
309 [23059517925056] INFO perfrun.perfcollector <> - dataAddr: c7, dataValue: ffffffffffe17b7d
309 [23059517925056] INFO perfrun.perfcollector <> - escrAddr: ffffffff, escrValue: 0
309 [23059517925056] INFO perfrun.perfcollector <> - extendedPebsValue: 0
309 [23059517925056] INFO perfrun.perfcollector <> - adaptivePebsAvailable: 0
309 [23059517925056] INFO perfrun.perfcollector <> - config: event: c0
309 [23059517925056] INFO perfrun.perfcollector <> - config: pc: 0
309 [23059517925056] INFO perfrun.perfcollector <> - config: in_tx: 0
309 [23059517925056] INFO perfrun.perfcollector <> - config: edge: 0
309 [23059517925056] INFO perfrun.perfcollector <> - config: any: 0
309 [23059517925056] INFO perfrun.perfcollector <> - config1: offcore_rsp: 0
309 [23059517925056] INFO perfrun.perfcollector <> - config: in_tx_cp: 0
309 [23059517925056] INFO perfrun.perfcollector <> - config1: ldlat: 0
309 [23059517925056] INFO perfrun.perfcollector <> - config: inv: 0
309 [23059517925056] INFO perfrun.perfcollector <> - config: umask: 2
309 [23059517925056] INFO perfrun.perfcollector <> - config: cmask: 0
309 [23059517925056] INFO perfrun.perfcollector <> - format: cpu/event=0xc0,umask=0x2,name='INST_RETIRED.X87'/
309 [23059517925056] INFO perfrun.perfcollector <> - event name: UOPS_RETIRED.RETIRE_SLOTS
309 [23059517925056] INFO perfrun.perfcollector <> - pmu config: cpu
309 [23059517925056] INFO perfrun.perfcollector <> - cccrAddr: 18d, cccrValue: 5302c2
309 [23059517925056] INFO perfrun.perfcollector <> - dataAddr: c8, dataValue: ffffffffffe17b7d
309 [23059517925056] INFO perfrun.perfcollector <> - escrAddr: ffffffff, escrValue: 0
309 [23059517925056] INFO perfrun.perfcollector <> - extendedPebsValue: 0
309 [23059517925056] INFO perfrun.perfcollector <> - adaptivePebsAvailable: 0
309 [23059517925056] INFO perfrun.perfcollector <> - config: event: c2
309 [23059517925056] INFO perfrun.perfcollector <> - config: pc: 0
309 [23059517925056] INFO perfrun.perfcollector <> - config: in_tx: 0
309 [23059517925056] INFO perfrun.perfcollector <> - config: edge: 0
309 [23059517925056] INFO perfrun.perfcollector <> - config: any: 0
309 [23059517925056] INFO perfrun.perfcollector <> - config1: offcore_rsp: 0
309 [23059517925056] INFO perfrun.perfcollector <> - config: in_tx_cp: 0
309 [23059517925056] INFO perfrun.perfcollector <> - config1: ldlat: 0
309 [23059517925056] INFO perfrun.perfcollector <> - config: inv: 0
309 [23059517925056] INFO perfrun.perfcollector <> - config: umask: 2
309 [23059517925056] INFO perfrun.perfcollector <> - config: cmask: 0
309 [23059517925056] INFO perfrun.perfcollector <> - format: cpu/event=0xc2,umask=0x2,name='UOPS_RETIRED.RETIRE_SLOTS'/
309 [23059517925056] INFO perfrun.perfcollector <> - event: cpu/event=0x3c,name='CPU_CLK_UNHALTED.THREAD'/Duk, added for counting
309 [23059517925056] INFO perfrun.perfcollector <> - event: cpu/umask=0x3,name='CPU_CLK_UNHALTED.REF_TSC'/Duk, added for counting
309 [23059517925056] INFO perfrun.perfcollector <> - event: cpu/event=0xc0,name='INST_RETIRED.ANY'/Duk, added for counting
309 [23059517925056] INFO perfrun.perfcollector <> - event: cpu/event=0x3c,umask=0x1,name='CPU_CLK_UNHALTED.REF_XCLK'/uk, added for counting
309 [23059517925056] INFO perfrun.perfcollector <> - event: cpu/event=0x3c,umask=0x2,name='CPU_CLK_UNHALTED.ONE_THREAD_ACTIVE'/uk, added for counting
309 [23059517925056] INFO perfrun.perfcollector <> - event: cpu/event=0xc7,umask=0x2,name='FP_ARITH_INST_RETIRED.SCALAR_SINGLE'/uk, added for counting
309 [23059517925056] INFO perfrun.perfcollector <> - event: cpu/event=0xc7,umask=0x8,name='FP_ARITH_INST_RETIRED.128B_PACKED_SINGLE'/uk, added for counting
309 [23059517925056] INFO perfrun.perfcollector <> - event: cpu/event=0xc7,umask=0x20,name='FP_ARITH_INST_RETIRED.256B_PACKED_SINGLE'/uk, added for counting
309 [23059517925056] INFO perfrun.perfcollector <> - event: cpu/event=0xc7,umask=0x1,name='FP_ARITH_INST_RETIRED.SCALAR_DOUBLE'/uk, added for counting
309 [23059517925056] INFO perfrun.perfcollector <> - event: cpu/event=0xc7,umask=0x4,name='FP_ARITH_INST_RETIRED.128B_PACKED_DOUBLE'/uk, added for counting
309 [23059517925056] INFO perfrun.perfcollector <> - event: cpu/event=0xc7,umask=0x10,name='FP_ARITH_INST_RETIRED.256B_PACKED_DOUBLE'/uk, added for counting
309 [23059517925056] INFO perfrun.perfcollector <> - event: cpu/event=0xc0,umask=0x2,name='INST_RETIRED.X87'/uk, added for counting
309 [23059517925056] INFO perfrun.perfcollector <> - event: cpu/event=0xc2,umask=0x2,name='UOPS_RETIRED.RETIRE_SLOTS'/uk, added for counting
309 [23059517925056] INFO perfrun.perfcollector <> - attaching to pid: 4294967295, collect mode: 1, rc modes: 3
325 [23059506878144] WARN perfrun.perfcollector <> - Perf stat trace pipe capacity: read = 1048576, write = 1048576, at file: vcs/perfrun1/plugins/perfcollector/src/profiler.cpp:765
340 [23059506878144] INFO perfrun.sdk <> - runCmd: /opt/intel/oneapi/vtune/2023.1.0/bin64/amplxe-perf stat -v --log-fd 10 --scale -x ; -e cpu/event=0x3c,name='CPU_CLK_UNHALTED.THREAD'/Duk,cpu/umask=0x3,name='CPU_CLK_UNHALTED.REF_TSC'/Duk,cpu/event=0xc0,name='INST_RETIRED.ANY'/Duk,cpu/event=0x3c,umask=0x1,name='CPU_CLK_UNHALTED.REF_XCLK'/uk,cpu/event=0x3c,umask=0x2,name='CPU_CLK_UNHALTED.ONE_THREAD_ACTIVE'/uk,cpu/event=0xc7,umask=0x2,name='FP_ARITH_INST_RETIRED.SCALAR_SINGLE'/uk,cpu/event=0xc7,umask=0x8,name='FP_ARITH_INST_RETIRED.128B_PACKED_SINGLE'/uk,cpu/event=0xc7,umask=0x20,name='FP_ARITH_INST_RETIRED.256B_PACKED_SINGLE'/uk,cpu/event=0xc7,umask=0x1,name='FP_ARITH_INST_RETIRED.SCALAR_DOUBLE'/uk,cpu/event=0xc7,umask=0x4,name='FP_ARITH_INST_RETIRED.128B_PACKED_DOUBLE'/uk,cpu/event=0xc7,umask=0x10,name='FP_ARITH_INST_RETIRED.256B_PACKED_DOUBLE'/uk,cpu/event=0xc0,umask=0x2,name='INST_RETIRED.X87'/uk,cpu/event=0xc2,umask=0x2,name='UOPS_RETIRED.RETIRE_SLOTS'/uk /opt/intel/oneapi/vtune/2023.1.0/bin64/amplxe-perf-sync dryrun sys
342 [23059506878144] INFO perfrun.sdk <> - runCmd started PID 3881924
532 [23059506878144] INFO perfrun.perfcollector <> - Monitor: runCmd RC = true
533 [23059517925056] INFO perfrun.launcher <> - plugin [aoclprofile] was disabled because it doesn't support the given collection type.
533 [23059517925056] INFO perfrun.tpss <> - initialize tpss controller
533 [23059517925056] INFO perfrun.tpss <> - configure collection mode: value = cpu:counters:nostack
533 [23059517925056] INFO perfrun.tpss <> - configure collection mode: value = cpu:stack
533 [23059517925056] INFO perfrun.tpss <> - default obj-size-min=1024
533 [23059517925056] INFO perfrun.tpss <> - default hash-table-size=0
533 [23059517925056] INFO perfrun.launcher <> - plugin [media] was disabled because it doesn't support the given collection type.
533 [23059517925056] INFO perfrun.launcher <> - plugin [] was disabled because it doesn't support the given collection type.
533 [23059517925056] INFO perfrun.launcher <> - plugin [] was disabled because it doesn't support the given collection type.
533 [23059517925056] INFO perfrun.launcher <> - plugin [parallelfs] was disabled because it doesn't support the given collection type.
533 [23059517925056] INFO perfrun.launcher <> - plugin [power] was disabled because it doesn't support the given collection type.
533 [23059517925056] INFO perfrun.launcher <> - plugin [hwloc] was disabled because it doesn't support the given collection type.
533 [23059517925056] INFO perfrun.launcher <> - plugin [ipmwatch] was disabled because it doesn't support the given collection type.
533 [23059517925056] INFO perfrun.launcher <> - plugin [os_counters] was disabled because it doesn't support the given collection type.
533 [23059517925056] INFO perfrun.launcher <> - plugin [l0_metrics] was disabled because it doesn't support the given collection type.
533 [23059661375360] INFO perfrun.launcher <> - set environment variable: LD_LIBRARY_PATH = /opt/intel/oneapi/vtune/2023.1.0/lib32/runtime:/opt/intel/oneapi/vtune/2023.1.0/lib64/runtime:/opt/intel/oneapi/tbb/2021.5.1/env/../lib/intel64/gcc4.8:/opt/intel/oneapi/mpi/2021.5.1//libfabric/lib:/opt/intel/oneapi/mpi/2021.5.1//lib/release:/opt/intel/oneapi/mpi/2021.5.1//lib:/opt/intel/oneapi/mkl/2022.0.2/lib/intel64:/opt/intel/oneapi/itac/2021.5.0/slib:/opt/intel/oneapi/debugger/2021.5.0/gdb/intel64/lib:/opt/intel/oneapi/debugger/2021.5.0/libipt/intel64/lib:/opt/intel/oneapi/debugger/2021.5.0/dep/lib:/opt/intel/oneapi/compiler/2022.0.2/linux/lib:/opt/intel/oneapi/compiler/2022.0.2/linux/lib/x64:/opt/intel/oneapi/compiler/2022.0.2/linux/lib/oclfpga/host/linux64/lib:/opt/intel/oneapi/compiler/2022.0.2/linux/compiler/lib/intel64_lin
533 [23059661375360] INFO perfrun.launcher <> - set environment variable: INTEL_LIBITTNOTIFY32 = /opt/intel/oneapi/vtune/2023.1.0/lib32/runtime/libittnotify_collector.so
533 [23059661375360] INFO perfrun.launcher <> - set environment variable: INTEL_LIBITTNOTIFY64 = /opt/intel/oneapi/vtune/2023.1.0/lib64/runtime/libittnotify_collector.so
533 [23059661375360] INFO perfrun.launcher <> - set environment variable: INTEL_ITTNOTIFY_GROUPS = 
533 [23059661375360] INFO perfrun.launcher <> - set environment variable: INTEL_JIT_PROFILER32 = /opt/intel/oneapi/vtune/2023.1.0/lib32/runtime/libittnotify_collector.so
533 [23059661375360] INFO perfrun.launcher <> - set environment variable: INTEL_JIT_PROFILER64 = /opt/intel/oneapi/vtune/2023.1.0/lib64/runtime/libittnotify_collector.so
533 [23059661375360] INFO perfrun.launcher <> - set environment variable: OMP_TOOL_LIBRARIES = /opt/intel/oneapi/vtune/2023.1.0/lib32/runtime/libittnotify_collector.so:/opt/intel/oneapi/vtune/2023.1.0/lib64/runtime/libittnotify_collector.so
533 [23059661375360] INFO perfrun.launcher <> - set environment variable: ENABLE_JITPROFILING = 1
533 [23059661375360] INFO perfrun.launcher <> - set environment variable: CL_CONFIG_USE_VTUNE = True
533 [23059661375360] INFO perfrun.launcher <> - set environment variable: LD_PRELOAD = libittnotify_collector.so:
533 [23059661375360] INFO perfrun.launcher <> - set environment variable: KMP_FORKJOIN_FRAMES = 0
533 [23059661375360] INFO perfrun.launcher <> - set environment variable: KMP_FORKJOIN_FRAMES_MODE = 0
534 [23059661375360] INFO perfrun.launcher <> - set environment variable: OMP_TOOL = disabled
534 [23059661375360] INFO perfrun.launcher <> - set environment variable: INTEL_MRTE_DATA_DIR = /home/course/hpc/users/2022012388/exp8/result.conv1/data.4
534 [23059661375360] INFO perfrun.launcher <> - set environment variable: INTEL_MRTE_HOST_NAME = conv1
534 [23059661375360] INFO perfrun.launcher <> - set environment variable: JAVA_TOOL_OPTIONS = -agentlib:amplxe_tpssmrte_javaprof_1.0 -Dsun.boot.library.path=/opt/intel/oneapi/vtune/2023.1.0/lib32/runtime:/opt/intel/oneapi/vtune/2023.1.0/lib64/runtime
534 [23059661375360] INFO perfrun.launcher <> - set environment variable: LD_LIBRARY_PATH = /opt/intel/oneapi/vtune/2023.1.0/lib32/runtime:/opt/intel/oneapi/vtune/2023.1.0/lib64/runtime:/opt/intel/oneapi/tbb/2021.5.1/env/../lib/intel64/gcc4.8:/opt/intel/oneapi/mpi/2021.5.1//libfabric/lib:/opt/intel/oneapi/mpi/2021.5.1//lib/release:/opt/intel/oneapi/mpi/2021.5.1//lib:/opt/intel/oneapi/mkl/2022.0.2/lib/intel64:/opt/intel/oneapi/itac/2021.5.0/slib:/opt/intel/oneapi/debugger/2021.5.0/gdb/intel64/lib:/opt/intel/oneapi/debugger/2021.5.0/libipt/intel64/lib:/opt/intel/oneapi/debugger/2021.5.0/dep/lib:/opt/intel/oneapi/compiler/2022.0.2/linux/lib:/opt/intel/oneapi/compiler/2022.0.2/linux/lib/x64:/opt/intel/oneapi/compiler/2022.0.2/linux/lib/oclfpga/host/linux64/lib:/opt/intel/oneapi/compiler/2022.0.2/linux/compiler/lib/intel64_lin
534 [23059661375360] INFO perfrun.launcher <> - set environment variable: CORECLR_ENABLE_PROFILING = 1
534 [23059661375360] INFO perfrun.launcher <> - set environment variable: CORECLR_PROFILER = {AA5E4821-E3B1-479c-B7FF-5AD047D22CED}
534 [23059661375360] INFO perfrun.launcher <> - set environment variable: CORECLR_PROFILER_PATH = /opt/intel/oneapi/vtune/2023.1.0/lib64/libamplxe_samplingmrte_clrprof_1.0.so
534 [23059661375360] INFO perfrun.launcher <> - set environment variable: INTEL_MRTE_PROFILER_MODE = mixed
534 [23059661375360] INFO perfrun.launcher <> - RpcServer: run RPC server to handle requests
535 [23059661375360] INFO perfrun.launcher <> - Launcher: command line to start before modification = ./run.sh 2022012388
535 [23059661375360] INFO perfrun.launcher <> - Launcher: command line to start after modification = /opt/intel/oneapi/vtune/2023.1.0/bin64/pin -error_file /home/course/hpc/users/2022012388/exp8/result.conv1/data.4/pinerr.tpsslog -detach_reattach -follow_execv -tool_load_option deepbind -t64 /opt/intel/oneapi/vtune/2023.1.0/lib64/libtpsstool.so -t /opt/intel/oneapi/vtune/2023.1.0/lib32/libtpsstool.so -server_name tpss_ipc.3881767 -prd_dir /opt/intel/oneapi/vtune/2023.1.0 -- ./run.sh 2022012388
736 [23059661375360] INFO perfrun.launcher <> - ProcessCreator object was created
737 [23059661375360] INFO perfrun.launcher <> - Launcher: the process was started in suspend mode
741 [23059517925056] WARN perfrun.system <> - Could not do anything with /sys/kernel/debug/kvm: boost::filesystem::status: Permission denied: "/sys/kernel/debug/kvm", at file: vcs/perfrun1/plugins/system/src/trace_writer.cpp:787
741 [23059517925056] WARN perfrun.system <> - Folder "/var/run/libvirt/qemu/"doesn't exist, at file: vcs/perfrun1/plugins/system/src/trace_writer.cpp:800
741 [23059517925056] INFO perfrun.itt <> - start itt controller for pid #3882090
741 [23059517925056] INFO perfrun.perfcollector <> - attaching to pid: 3882090, collect mode: 1, rc modes: 1
755 [23059500574400] WARN perfrun.perfcollector <> - Perf stat trace pipe capacity: read = 1048576, write = 1048576, at file: vcs/perfrun1/plugins/perfcollector/src/profiler.cpp:765
764 [23059500574400] INFO perfrun.sdk <> - runCmd: /opt/intel/oneapi/vtune/2023.1.0/bin64/amplxe-perf stat -v --log-fd 22 --control=fd:23,26 --scale -x ; -p 3882090 -e cpu/event=0x3c,name='CPU_CLK_UNHALTED.THREAD'/Duk,cpu/umask=0x3,name='CPU_CLK_UNHALTED.REF_TSC'/Duk,cpu/event=0xc0,name='INST_RETIRED.ANY'/Duk,cpu/event=0x3c,umask=0x1,name='CPU_CLK_UNHALTED.REF_XCLK'/uk,cpu/event=0x3c,umask=0x2,name='CPU_CLK_UNHALTED.ONE_THREAD_ACTIVE'/uk,cpu/event=0xc7,umask=0x2,name='FP_ARITH_INST_RETIRED.SCALAR_SINGLE'/uk,cpu/event=0xc7,umask=0x8,name='FP_ARITH_INST_RETIRED.128B_PACKED_SINGLE'/uk,cpu/event=0xc7,umask=0x20,name='FP_ARITH_INST_RETIRED.256B_PACKED_SINGLE'/uk,cpu/event=0xc7,umask=0x1,name='FP_ARITH_INST_RETIRED.SCALAR_DOUBLE'/uk,cpu/event=0xc7,umask=0x4,name='FP_ARITH_INST_RETIRED.128B_PACKED_DOUBLE'/uk,cpu/event=0xc7,umask=0x10,name='FP_ARITH_INST_RETIRED.256B_PACKED_DOUBLE'/uk,cpu/event=0xc0,umask=0x2,name='INST_RETIRED.X87'/uk,cpu/event=0xc2,umask=0x2,name='UOPS_RETIRED.RETIRE_SLOTS'/uk /opt/intel/oneapi/vtune/2023.1.0/bin64/amplxe-perf-sync sync sys
765 [23059500574400] INFO perfrun.sdk <> - runCmd started PID 3882121
916 [23059517925056] INFO perfrun.tpss <> - start tpss controller for pid #3882090
967 [23059661375360] INFO perfrun.launcher <> - Launcher: all plugins were started
967 [23059661375360] INFO perfrun.launcher <> - DirectoryMonitor object was created
967 [23059661375360] INFO perfrun.launcher <> - DirectoryMonitor: a callback was added
967 [23059661375360] INFO perfrun.launcher <> - DirectoryMonitor was started with pingTime = 1000
967 [23059661375360] INFO perfrun.launcher <> - DeadlineTimer is going to be constructed
967 [23059661375360] INFO perfrun.launcher <> - DeadlineTimer: a callback was added
969 [23059661375360] INFO perfrun.launcher <> - Launcher: resume the profiled application and  wait its termination or stop command
94012 [23059661375360] INFO perfrun.launcher <> - Launcher: the profiled application was terminated  with exit code = 1
94214 [23059517925056] INFO perfrun.itt <> - detach itt controller
94214 [23059517925056] INFO perfrun.itt <> - detach itt controller done
94215 [23059500574400] INFO perfrun.perfcollector <> - Monitor: runCmd RC = true
94216 [23059517925056] INFO perfrun.perfcollector <> - Monitor: state = 3, error = 1
94216 [23059517925056] INFO perfrun.tpss <> - stop tpss controller
94217 [23059517925056] INFO perfrun.sdk <> - De-allocating TMU: /home/course/hpc/users/2022012388/exp8/result.conv1/data.4/systemcollector-3881767-conv1.sc
94217 [23059517925056] INFO perfrun.system <> - closed the system trace file: /home/course/hpc/users/2022012388/exp8/result.conv1/data.4/systemcollector-3881767-conv1.sc
94217 [23059661375360] INFO perfrun.launcher <> - Launcher: all plugins were stopped.
94217 [23059661375360] INFO perfrun.launcher <> - DeadlineTimer is going to be destroyed
94217 [23059661375360] INFO perfrun.launcher <> - DeadlineTimer was destroyed
94217 [23059661375360] INFO perfrun.launcher <> - DirectoryMonitor object was destroyed
94217 [23059661375360] WARN perfrun.launcher <> - Stop command is ignored because it is received when collection is already stopped, at file: vcs/perfrun1/launcher/src/command_handler.cpp:226
94218 [23059661375360] INFO perfrun.launcher <> - Application exit code: 1
94218 [23059661375360] INFO perfrun.launcher <> - Exit code: 4
