13 [23089616873344] INFO perfrun.launcher <> - Launcher main begin
15 [23089616873344] INFO perfrun.launcher <> - MessageCatalogInit finished
15 [23089616873344] INFO perfrun.launcher <> - Launcher instance created
15 [23089616873344] INFO perfrun.launcher <> - argc = 7; cmdline = /opt/intel/oneapi/vtune/2023.1.0/bin64/amplxe-runss --ui-output-format xml --ui-output-fd 5 --option-file /home/course/hpc/users/2022012388/exp8/result.conv1/config/runss.options.22 
234 [23089616873344] INFO perfrun.launcher <> - create msngr2::ICliToolContext
234 [23089616873344] INFO perfrun.launcher <> - create file finder object
234 [23089616873344] INFO perfrun.launcher <> - create a result directory: pattern = /home/course/hpc/users/2022012388/exp8/result.conv1 pid = 4294967295
237 [23089616873344] INFO perfrun.sdk <> - checked that the directory /home/course/hpc/users/2022012388/exp8/result.conv1 is a local directory
237 [23089616873344] INFO perfrun.sdk <> - the directory /home/course/hpc/users/2022012388/exp8/result.conv1 is located on a share or its FS ID is unknown 26985
238 [23089616873344] INFO perfrun.sdk <> - checked that the directory /tmp/amplxe-tmp-2022012388 is a local directory
238 [23089616873344] INFO perfrun.sdk <> - the directory /tmp/amplxe-tmp-2022012388 is located on a share or its FS ID is unknown 2035054128
239 [23089616873344] INFO perfrun.launcher <> - create data directory = /home/course/hpc/users/2022012388/exp8/result.conv1/data.21
240 [23089616873344] INFO perfrun.launcher <> - Creating the master collection flag
240 [23089616873344] INFO perfrun.launcher <> - Done creating the master collection flag
242 [23089473644224] INFO perfrun.launcher <> - plugin [remoteplug] was disabled because it doesn't support the given collection type.
243 [23089473644224] INFO perfrun.sdk <> - Allocating TMU :/home/course/hpc/users/2022012388/exp8/result.conv1/data.21/systemcollector-3881834-conv1.sc
244 [23089473644224] INFO perfrun.launcher <> - plugin [vdso] was disabled because it doesn't support the given collection type.
244 [23089473644224] INFO perfrun.launcher <> - plugin [ptracecollector] was disabled because it doesn't support the given collection type.
244 [23089473644224] INFO perfrun.launcher <> - plugin [gpu] was disabled because it doesn't support the given collection type.
244 [23089473644224] INFO perfrun.launcher <> - plugin [] was disabled because it doesn't support the given collection type.
244 [23089473644224] INFO perfrun.launcher <> - plugin [] was disabled because it doesn't support the given collection type.
244 [23089473644224] INFO perfrun.launcher <> - plugin [] was disabled because it doesn't support the given collection type.
244 [23089473644224] INFO perfrun.mrte <> - system-wide mode is 0
244 [23089473644224] INFO perfrun.mrte <> - Getting  mrte profiling environment ...
259 [23089473644224] INFO perfrun.mrte <> - INTEL_MRTE_DATA_DIR=/home/course/hpc/users/2022012388/exp8/result.conv1/data.21
259 [23089473644224] INFO perfrun.mrte <> - INTEL_MRTE_HOST_NAME=conv1
259 [23089473644224] INFO perfrun.mrte <> - JAVA_TOOL_OPTIONS=-agentlib:amplxe_tpssmrte_javaprof_1.0 -Dsun.boot.library.path=/opt/intel/oneapi/vtune/2023.1.0/lib32/runtime:/opt/intel/oneapi/vtune/2023.1.0/lib64/runtime
259 [23089473644224] INFO perfrun.mrte <> - LD_LIBRARY_PATH=/opt/intel/oneapi/vtune/2023.1.0/lib32/runtime:/opt/intel/oneapi/vtune/2023.1.0/lib64/runtime:/opt/intel/oneapi/tbb/2021.5.1/env/../lib/intel64/gcc4.8:/opt/intel/oneapi/mpi/2021.5.1//libfabric/lib:/opt/intel/oneapi/mpi/2021.5.1//lib/release:/opt/intel/oneapi/mpi/2021.5.1//lib:/opt/intel/oneapi/mkl/2022.0.2/lib/intel64:/opt/intel/oneapi/itac/2021.5.0/slib:/opt/intel/oneapi/debugger/2021.5.0/gdb/intel64/lib:/opt/intel/oneapi/debugger/2021.5.0/libipt/intel64/lib:/opt/intel/oneapi/debugger/2021.5.0/dep/lib:/opt/intel/oneapi/compiler/2022.0.2/linux/lib:/opt/intel/oneapi/compiler/2022.0.2/linux/lib/x64:/opt/intel/oneapi/compiler/2022.0.2/linux/lib/oclfpga/host/linux64/lib:/opt/intel/oneapi/compiler/2022.0.2/linux/compiler/lib/intel64_lin
259 [23089473644224] INFO perfrun.mrte <> - CORECLR_ENABLE_PROFILING=1
259 [23089473644224] INFO perfrun.mrte <> - CORECLR_PROFILER={AA5E4821-E3B1-479c-B7FF-5AD047D22CED}
259 [23089473644224] INFO perfrun.mrte <> - CORECLR_PROFILER_PATH=/opt/intel/oneapi/vtune/2023.1.0/lib64/libamplxe_samplingmrte_clrprof_1.0.so
259 [23089473644224] INFO perfrun.mrte <> - INTEL_MRTE_PROFILER_MODE=mixed
259 [23089473644224] INFO perfrun.mrte <> - Data directory: /home/course/hpc/users/2022012388/exp8/result.conv1/data.21
259 [23089473644224] INFO perfrun.mrte <> - Mrte plugin is initialized
259 [23089473644224] INFO perfrun.launcher <> - plugin [emon] was disabled because it doesn't support the given collection type.
259 [23089473644224] INFO perfrun.launcher <> - plugin [cuscol] was disabled because it doesn't support the given collection type.
259 [23089473644224] INFO perfrun.launcher <> - plugin [stdsrc] was disabled because it doesn't support the given collection type.
259 [23089473644224] INFO perfrun.launcher <> - plugin [sep] was disabled because it doesn't support the given collection type.
259 [23089473644224] INFO perfrun.launcher <> - plugin [vtsspp] was disabled because it doesn't support the given collection type.
259 [23089473644224] INFO perfrun.sdk <> - Reading value (0) from file: /proc/sys/kernel/perf_event_paranoid
259 [23089473644224] INFO perfrun.perfcollector <> - checking access to: /opt/intel/oneapi/vtune/2023.1.0/bin64/amplxe-perf-priv
262 [23089473644224] INFO perfrun.perfcollector <> - cpu: family = 6 model = 79
262 [23089473644224] INFO perfrun.perfcollector <> - dir found: /sys/bus/event_source/devices/software
262 [23089473644224] INFO perfrun.perfcollector <> - format: pmu format subdir doesn't exist
262 [23089473644224] INFO perfrun.perfcollector <> - hwInfo: not set, pmuFam: software
262 [23089473644224] INFO perfrun.perfcollector <> - pmu added: family: software, id: 0
262 [23089473644224] INFO perfrun.perfcollector <> - dir found: /sys/bus/event_source/devices/uncore_imc_5
262 [23089473644224] INFO perfrun.perfcollector <> - format: event config:0-7 mask:0-7
262 [23089473644224] INFO perfrun.perfcollector <> - format: edge config:18 mask:18
262 [23089473644224] INFO perfrun.perfcollector <> - format: inv config:23 mask:23
263 [23089473644224] INFO perfrun.perfcollector <> - format: umask config:8-15 mask:8-15
263 [23089473644224] INFO perfrun.perfcollector <> - format: thresh config:24-31 mask:24-31
263 [23089473644224] INFO perfrun.perfcollector <> - hwInfo: PERF_IMC_PMU_DETAILS
263 [23089473644224] INFO perfrun.perfcollector <> - pmu added: family: uncore_imc, id: 5
263 [23089473644224] INFO perfrun.perfcollector <> - dir found: /sys/bus/event_source/devices/uncore_sbox_2
263 [23089473644224] INFO perfrun.perfcollector <> - format: event config:0-7 mask:0-7
263 [23089473644224] INFO perfrun.perfcollector <> - format: edge config:18 mask:18
263 [23089473644224] INFO perfrun.perfcollector <> - format: inv config:23 mask:23
263 [23089473644224] INFO perfrun.perfcollector <> - format: umask config:8-15 mask:8-15
263 [23089473644224] INFO perfrun.perfcollector <> - format: tid_en config:19 mask:19
264 [23089473644224] INFO perfrun.perfcollector <> - format: thresh config:24-31 mask:24-31
264 [23089473644224] INFO perfrun.perfcollector <> - hwInfo: not set, pmuFam: uncore_sbox
264 [23089473644224] INFO perfrun.perfcollector <> - pmu added: family: uncore_sbox, id: 2
264 [23089473644224] INFO perfrun.perfcollector <> - dir found: /sys/bus/event_source/devices/uncore_cbox_8
264 [23089473644224] INFO perfrun.perfcollector <> - format: event config:0-7 mask:0-7
264 [23089473644224] INFO perfrun.perfcollector <> - format: filter_link config1:6-8 mask:6-8
264 [23089473644224] INFO perfrun.perfcollector <> - format: filter_c6 config1:61 mask:61
264 [23089473644224] INFO perfrun.perfcollector <> - format: edge config:18 mask:18
264 [23089473644224] INFO perfrun.perfcollector <> - format: filter_isoc config1:63 mask:63
264 [23089473644224] INFO perfrun.perfcollector <> - format: filter_tid config1:0-5 mask:0-5
265 [23089473644224] INFO perfrun.perfcollector <> - format: filter_nid config1:32-47 mask:32-47
265 [23089473644224] INFO perfrun.perfcollector <> - format: filter_nc config1:62 mask:62
265 [23089473644224] INFO perfrun.perfcollector <> - format: umask config:8-15 mask:8-15
265 [23089473644224] INFO perfrun.perfcollector <> - format: tid_en config:19 mask:19
265 [23089473644224] INFO perfrun.perfcollector <> - format: thresh config:24-31 mask:24-31
265 [23089473644224] INFO perfrun.perfcollector <> - format: filter_state config1:17-23 mask:17-23
265 [23089473644224] INFO perfrun.perfcollector <> - format: filter_opc config1:52-60 mask:52-60
265 [23089473644224] INFO perfrun.perfcollector <> - hwInfo: PERF_CBOX_PMU_DETAILS
265 [23089473644224] INFO perfrun.perfcollector <> - pmu added: family: uncore_cbox, id: 8
265 [23089473644224] INFO perfrun.perfcollector <> - dir found: /sys/bus/event_source/devices/uncore_cbox_13
265 [23089473644224] INFO perfrun.perfcollector <> - format: event config:0-7 mask:0-7
266 [23089473644224] INFO perfrun.perfcollector <> - format: filter_link config1:6-8 mask:6-8
266 [23089473644224] INFO perfrun.perfcollector <> - format: filter_c6 config1:61 mask:61
266 [23089473644224] INFO perfrun.perfcollector <> - format: edge config:18 mask:18
266 [23089473644224] INFO perfrun.perfcollector <> - format: filter_isoc config1:63 mask:63
266 [23089473644224] INFO perfrun.perfcollector <> - format: filter_tid config1:0-5 mask:0-5
266 [23089473644224] INFO perfrun.perfcollector <> - format: filter_nid config1:32-47 mask:32-47
266 [23089473644224] INFO perfrun.perfcollector <> - format: filter_nc config1:62 mask:62
266 [23089473644224] INFO perfrun.perfcollector <> - format: umask config:8-15 mask:8-15
266 [23089473644224] INFO perfrun.perfcollector <> - format: tid_en config:19 mask:19
266 [23089473644224] INFO perfrun.perfcollector <> - format: thresh config:24-31 mask:24-31
266 [23089473644224] INFO perfrun.perfcollector <> - format: filter_state config1:17-23 mask:17-23
266 [23089473644224] INFO perfrun.perfcollector <> - format: filter_opc config1:52-60 mask:52-60
266 [23089473644224] INFO perfrun.perfcollector <> - hwInfo: PERF_CBOX_PMU_DETAILS
267 [23089473644224] INFO perfrun.perfcollector <> - pmu added: family: uncore_cbox, id: 13
267 [23089473644224] INFO perfrun.perfcollector <> - dir found: /sys/bus/event_source/devices/uncore_r2pcie
267 [23089473644224] INFO perfrun.perfcollector <> - format: event config:0-7 mask:0-7
267 [23089473644224] INFO perfrun.perfcollector <> - format: edge config:18 mask:18
267 [23089473644224] INFO perfrun.perfcollector <> - format: inv config:23 mask:23
267 [23089473644224] INFO perfrun.perfcollector <> - format: umask config:8-15 mask:8-15
267 [23089473644224] INFO perfrun.perfcollector <> - format: thresh config:24-31 mask:24-31
267 [23089473644224] INFO perfrun.perfcollector <> - hwInfo: not set, pmuFam: uncore_r2pcie
267 [23089473644224] INFO perfrun.perfcollector <> - pmu added: family: uncore_r2pcie, id: 0
267 [23089473644224] INFO perfrun.perfcollector <> - dir found: /sys/bus/event_source/devices/uncore_sbox_0
268 [23089473644224] INFO perfrun.perfcollector <> - format: event config:0-7 mask:0-7
268 [23089473644224] INFO perfrun.perfcollector <> - format: edge config:18 mask:18
268 [23089473644224] INFO perfrun.perfcollector <> - format: inv config:23 mask:23
268 [23089473644224] INFO perfrun.perfcollector <> - format: umask config:8-15 mask:8-15
268 [23089473644224] INFO perfrun.perfcollector <> - format: tid_en config:19 mask:19
268 [23089473644224] INFO perfrun.perfcollector <> - format: thresh config:24-31 mask:24-31
268 [23089473644224] INFO perfrun.perfcollector <> - hwInfo: not set, pmuFam: uncore_sbox
268 [23089473644224] INFO perfrun.perfcollector <> - pmu added: family: uncore_sbox, id: 0
268 [23089473644224] INFO perfrun.perfcollector <> - dir found: /sys/bus/event_source/devices/uncore_qpi_1
268 [23089473644224] INFO perfrun.perfcollector <> - format: mask_rnid4 config2:31 mask:31
268 [23089473644224] INFO perfrun.perfcollector <> - format: mask_rnid30 config2:32-35 mask:32-35
269 [23089473644224] INFO perfrun.perfcollector <> - format: match_rnid30 config1:32-35 mask:32-35
269 [23089473644224] INFO perfrun.perfcollector <> - format: event config:0-7,21 mask:0-7,21
269 [23089473644224] INFO perfrun.perfcollector <> - format: match0 config1:0-31 mask:0-31
269 [23089473644224] INFO perfrun.perfcollector <> - format: match_rds config1:48-51 mask:48-51
269 [23089473644224] INFO perfrun.perfcollector <> - format: mask_rds config2:48-51 mask:48-51
269 [23089473644224] INFO perfrun.perfcollector <> - format: edge config:18 mask:18
269 [23089473644224] INFO perfrun.perfcollector <> - format: mask1 config2:32-63 mask:32-63
269 [23089473644224] INFO perfrun.perfcollector <> - format: match_dnid config1:13-17 mask:13-17
269 [23089473644224] INFO perfrun.perfcollector <> - format: mask_dnid config2:13-17 mask:13-17
269 [23089473644224] INFO perfrun.perfcollector <> - format: match_vnw config1:3-4 mask:3-4
269 [23089473644224] INFO perfrun.perfcollector <> - format: mask_vnw config2:3-4 mask:3-4
270 [23089473644224] INFO perfrun.perfcollector <> - format: mask_mc config2:9-12 mask:9-12
270 [23089473644224] INFO perfrun.perfcollector <> - format: match1 config1:32-63 mask:32-63
270 [23089473644224] INFO perfrun.perfcollector <> - format: inv config:23 mask:23
270 [23089473644224] INFO perfrun.perfcollector <> - format: umask config:8-15 mask:8-15
270 [23089473644224] INFO perfrun.perfcollector <> - format: match_opc config1:5-8 mask:5-8
270 [23089473644224] INFO perfrun.perfcollector <> - format: mask_opc config2:5-8 mask:5-8
270 [23089473644224] INFO perfrun.perfcollector <> - format: thresh config:24-31 mask:24-31
270 [23089473644224] INFO perfrun.perfcollector <> - format: match_rnid4 config1:31 mask:31
270 [23089473644224] INFO perfrun.perfcollector <> - format: mask0 config2:0-31 mask:0-31
271 [23089473644224] INFO perfrun.perfcollector <> - format: match_mc config1:9-12 mask:9-12
271 [23089473644224] INFO perfrun.perfcollector <> - hwInfo: PERF_QPI_PMU_DETAILS
271 [23089473644224] INFO perfrun.perfcollector <> - pmu added: family: uncore_qpi, id: 1
271 [23089473644224] INFO perfrun.perfcollector <> - dir found: /sys/bus/event_source/devices/uncore_cbox_6
271 [23089473644224] INFO perfrun.perfcollector <> - format: event config:0-7 mask:0-7
271 [23089473644224] INFO perfrun.perfcollector <> - format: filter_link config1:6-8 mask:6-8
271 [23089473644224] INFO perfrun.perfcollector <> - format: filter_c6 config1:61 mask:61
271 [23089473644224] INFO perfrun.perfcollector <> - format: edge config:18 mask:18
272 [23089473644224] INFO perfrun.perfcollector <> - format: filter_isoc config1:63 mask:63
272 [23089473644224] INFO perfrun.perfcollector <> - format: filter_tid config1:0-5 mask:0-5
272 [23089473644224] INFO perfrun.perfcollector <> - format: filter_nid config1:32-47 mask:32-47
272 [23089473644224] INFO perfrun.perfcollector <> - format: filter_nc config1:62 mask:62
272 [23089473644224] INFO perfrun.perfcollector <> - format: umask config:8-15 mask:8-15
272 [23089473644224] INFO perfrun.perfcollector <> - format: tid_en config:19 mask:19
272 [23089473644224] INFO perfrun.perfcollector <> - format: thresh config:24-31 mask:24-31
273 [23089473644224] INFO perfrun.perfcollector <> - format: filter_state config1:17-23 mask:17-23
273 [23089473644224] INFO perfrun.perfcollector <> - format: filter_opc config1:52-60 mask:52-60
273 [23089473644224] INFO perfrun.perfcollector <> - hwInfo: PERF_CBOX_PMU_DETAILS
273 [23089473644224] INFO perfrun.perfcollector <> - pmu added: family: uncore_cbox, id: 6
273 [23089473644224] INFO perfrun.perfcollector <> - dir found: /sys/bus/event_source/devices/uncore_imc_1
273 [23089473644224] INFO perfrun.perfcollector <> - format: event config:0-7 mask:0-7
273 [23089473644224] INFO perfrun.perfcollector <> - format: edge config:18 mask:18
273 [23089473644224] INFO perfrun.perfcollector <> - format: inv config:23 mask:23
274 [23089473644224] INFO perfrun.perfcollector <> - format: umask config:8-15 mask:8-15
274 [23089473644224] INFO perfrun.perfcollector <> - format: thresh config:24-31 mask:24-31
274 [23089473644224] INFO perfrun.perfcollector <> - hwInfo: PERF_IMC_PMU_DETAILS
274 [23089473644224] INFO perfrun.perfcollector <> - pmu added: family: uncore_imc, id: 1
274 [23089473644224] INFO perfrun.perfcollector <> - dir found: /sys/bus/event_source/devices/power
274 [23089473644224] INFO perfrun.perfcollector <> - format: event config:0-7 mask:0-7
274 [23089473644224] INFO perfrun.perfcollector <> - hwInfo: not set, pmuFam: power
275 [23089473644224] INFO perfrun.perfcollector <> - pmu added: family: power, id: 0
275 [23089473644224] INFO perfrun.perfcollector <> - dir found: /sys/bus/event_source/devices/uncore_cbox_11
275 [23089473644224] INFO perfrun.perfcollector <> - format: event config:0-7 mask:0-7
275 [23089473644224] INFO perfrun.perfcollector <> - format: filter_link config1:6-8 mask:6-8
275 [23089473644224] INFO perfrun.perfcollector <> - format: filter_c6 config1:61 mask:61
275 [23089473644224] INFO perfrun.perfcollector <> - format: edge config:18 mask:18
275 [23089473644224] INFO perfrun.perfcollector <> - format: filter_isoc config1:63 mask:63
276 [23089473644224] INFO perfrun.perfcollector <> - format: filter_tid config1:0-5 mask:0-5
276 [23089473644224] INFO perfrun.perfcollector <> - format: filter_nid config1:32-47 mask:32-47
276 [23089473644224] INFO perfrun.perfcollector <> - format: filter_nc config1:62 mask:62
276 [23089473644224] INFO perfrun.perfcollector <> - format: umask config:8-15 mask:8-15
276 [23089473644224] INFO perfrun.perfcollector <> - format: tid_en config:19 mask:19
276 [23089473644224] INFO perfrun.perfcollector <> - format: thresh config:24-31 mask:24-31
277 [23089473644224] INFO perfrun.perfcollector <> - format: filter_state config1:17-23 mask:17-23
277 [23089473644224] INFO perfrun.perfcollector <> - format: filter_opc config1:52-60 mask:52-60
277 [23089473644224] INFO perfrun.perfcollector <> - hwInfo: PERF_CBOX_PMU_DETAILS
277 [23089473644224] INFO perfrun.perfcollector <> - pmu added: family: uncore_cbox, id: 11
277 [23089473644224] INFO perfrun.perfcollector <> - dir found: /sys/bus/event_source/devices/uncore_cbox_4
278 [23089473644224] INFO perfrun.perfcollector <> - format: event config:0-7 mask:0-7
278 [23089473644224] INFO perfrun.perfcollector <> - format: filter_link config1:6-8 mask:6-8
278 [23089473644224] INFO perfrun.perfcollector <> - format: filter_c6 config1:61 mask:61
278 [23089473644224] INFO perfrun.perfcollector <> - format: edge config:18 mask:18
278 [23089473644224] INFO perfrun.perfcollector <> - format: filter_isoc config1:63 mask:63
278 [23089473644224] INFO perfrun.perfcollector <> - format: filter_tid config1:0-5 mask:0-5
279 [23089473644224] INFO perfrun.perfcollector <> - format: filter_nid config1:32-47 mask:32-47
279 [23089473644224] INFO perfrun.perfcollector <> - format: filter_nc config1:62 mask:62
279 [23089473644224] INFO perfrun.perfcollector <> - format: umask config:8-15 mask:8-15
279 [23089473644224] INFO perfrun.perfcollector <> - format: tid_en config:19 mask:19
279 [23089473644224] INFO perfrun.perfcollector <> - format: thresh config:24-31 mask:24-31
280 [23089473644224] INFO perfrun.perfcollector <> - format: filter_state config1:17-23 mask:17-23
280 [23089473644224] INFO perfrun.perfcollector <> - format: filter_opc config1:52-60 mask:52-60
280 [23089473644224] INFO perfrun.perfcollector <> - hwInfo: PERF_CBOX_PMU_DETAILS
280 [23089473644224] INFO perfrun.perfcollector <> - pmu added: family: uncore_cbox, id: 4
280 [23089473644224] INFO perfrun.perfcollector <> - dir found: /sys/bus/event_source/devices/uprobe
280 [23089473644224] INFO perfrun.perfcollector <> - format: ref_ctr_offset config:32-63 mask:32-63
281 [23089473644224] INFO perfrun.perfcollector <> - format: retprobe config:0 mask:0
281 [23089473644224] INFO perfrun.perfcollector <> - hwInfo: not set, pmuFam: uprobe
281 [23089473644224] INFO perfrun.perfcollector <> - pmu added: family: uprobe, id: 0
281 [23089473644224] INFO perfrun.perfcollector <> - dir found: /sys/bus/event_source/devices/intel_bts
281 [23089473644224] INFO perfrun.perfcollector <> - format: pmu format subdir doesn't exist
281 [23089473644224] INFO perfrun.perfcollector <> - hwInfo: not set, pmuFam: intel_bts
281 [23089473644224] INFO perfrun.perfcollector <> - pmu added: family: intel_bts, id: 0
281 [23089473644224] INFO perfrun.perfcollector <> - dir found: /sys/bus/event_source/devices/cpu
282 [23089473644224] INFO perfrun.perfcollector <> - format: event config:0-7 mask:0-7
282 [23089473644224] INFO perfrun.perfcollector <> - format: pc config:19 mask:19
282 [23089473644224] INFO perfrun.perfcollector <> - format: in_tx config:32 mask:32
282 [23089473644224] INFO perfrun.perfcollector <> - format: edge config:18 mask:18
282 [23089473644224] INFO perfrun.perfcollector <> - format: any config:21 mask:21
282 [23089473644224] INFO perfrun.perfcollector <> - format: offcore_rsp config1:0-63 mask:0-63
283 [23089473644224] INFO perfrun.perfcollector <> - format: in_tx_cp config:33 mask:33
283 [23089473644224] INFO perfrun.perfcollector <> - format: ldlat config1:0-15 mask:0-15
283 [23089473644224] INFO perfrun.perfcollector <> - format: inv config:23 mask:23
283 [23089473644224] INFO perfrun.perfcollector <> - format: umask config:8-15 mask:8-15
283 [23089473644224] INFO perfrun.perfcollector <> - format: cmask config:24-31 mask:24-31
283 [23089473644224] INFO perfrun.perfcollector <> - hwInfo: PERF_CPU_PMU_DETAILS
283 [23089473644224] INFO perfrun.perfcollector <> - pmu added: family: cpu, id: 0
283 [23089473644224] INFO perfrun.perfcollector <> - dir found: /sys/bus/event_source/devices/uncore_r3qpi_0
284 [23089473644224] INFO perfrun.perfcollector <> - format: event config:0-7 mask:0-7
284 [23089473644224] INFO perfrun.perfcollector <> - format: edge config:18 mask:18
284 [23089473644224] INFO perfrun.perfcollector <> - format: inv config:23 mask:23
284 [23089473644224] INFO perfrun.perfcollector <> - format: umask config:8-15 mask:8-15
284 [23089473644224] INFO perfrun.perfcollector <> - format: thresh config:24-31 mask:24-31
284 [23089473644224] INFO perfrun.perfcollector <> - hwInfo: not set, pmuFam: uncore_r3qpi
285 [23089473644224] INFO perfrun.perfcollector <> - pmu added: family: uncore_r3qpi, id: 0
285 [23089473644224] INFO perfrun.perfcollector <> - dir found: /sys/bus/event_source/devices/cstate_core
285 [23089473644224] INFO perfrun.perfcollector <> - format: event config:0-63 mask:0-63
285 [23089473644224] INFO perfrun.perfcollector <> - hwInfo: not set, pmuFam: cstate_core
285 [23089473644224] INFO perfrun.perfcollector <> - pmu added: family: cstate_core, id: 0
285 [23089473644224] INFO perfrun.perfcollector <> - dir found: /sys/bus/event_source/devices/uncore_cbox_2
286 [23089473644224] INFO perfrun.perfcollector <> - format: event config:0-7 mask:0-7
286 [23089473644224] INFO perfrun.perfcollector <> - format: filter_link config1:6-8 mask:6-8
286 [23089473644224] INFO perfrun.perfcollector <> - format: filter_c6 config1:61 mask:61
286 [23089473644224] INFO perfrun.perfcollector <> - format: edge config:18 mask:18
286 [23089473644224] INFO perfrun.perfcollector <> - format: filter_isoc config1:63 mask:63
286 [23089473644224] INFO perfrun.perfcollector <> - format: filter_tid config1:0-5 mask:0-5
287 [23089473644224] INFO perfrun.perfcollector <> - format: filter_nid config1:32-47 mask:32-47
287 [23089473644224] INFO perfrun.perfcollector <> - format: filter_nc config1:62 mask:62
287 [23089473644224] INFO perfrun.perfcollector <> - format: umask config:8-15 mask:8-15
287 [23089473644224] INFO perfrun.perfcollector <> - format: tid_en config:19 mask:19
287 [23089473644224] INFO perfrun.perfcollector <> - format: thresh config:24-31 mask:24-31
287 [23089473644224] INFO perfrun.perfcollector <> - format: filter_state config1:17-23 mask:17-23
288 [23089473644224] INFO perfrun.perfcollector <> - format: filter_opc config1:52-60 mask:52-60
288 [23089473644224] INFO perfrun.perfcollector <> - hwInfo: PERF_CBOX_PMU_DETAILS
288 [23089473644224] INFO perfrun.perfcollector <> - pmu added: family: uncore_cbox, id: 2
288 [23089473644224] INFO perfrun.perfcollector <> - dir found: /sys/bus/event_source/devices/breakpoint
288 [23089473644224] INFO perfrun.perfcollector <> - format: pmu format subdir doesn't exist
288 [23089473644224] INFO perfrun.perfcollector <> - hwInfo: not set, pmuFam: breakpoint
288 [23089473644224] INFO perfrun.perfcollector <> - pmu added: family: breakpoint, id: 0
288 [23089473644224] INFO perfrun.perfcollector <> - dir found: /sys/bus/event_source/devices/uncore_ha_0
289 [23089473644224] INFO perfrun.perfcollector <> - format: event config:0-7 mask:0-7
289 [23089473644224] INFO perfrun.perfcollector <> - format: edge config:18 mask:18
289 [23089473644224] INFO perfrun.perfcollector <> - format: inv config:23 mask:23
289 [23089473644224] INFO perfrun.perfcollector <> - format: umask config:8-15 mask:8-15
289 [23089473644224] INFO perfrun.perfcollector <> - format: thresh config:24-31 mask:24-31
289 [23089473644224] INFO perfrun.perfcollector <> - hwInfo: not set, pmuFam: uncore_ha
290 [23089473644224] INFO perfrun.perfcollector <> - pmu added: family: uncore_ha, id: 0
290 [23089473644224] INFO perfrun.perfcollector <> - dir found: /sys/bus/event_source/devices/uncore_cbox_0
290 [23089473644224] INFO perfrun.perfcollector <> - format: event config:0-7 mask:0-7
290 [23089473644224] INFO perfrun.perfcollector <> - format: filter_link config1:6-8 mask:6-8
290 [23089473644224] INFO perfrun.perfcollector <> - format: filter_c6 config1:61 mask:61
291 [23089473644224] INFO perfrun.perfcollector <> - format: edge config:18 mask:18
291 [23089473644224] INFO perfrun.perfcollector <> - format: filter_isoc config1:63 mask:63
291 [23089473644224] INFO perfrun.perfcollector <> - format: filter_tid config1:0-5 mask:0-5
291 [23089473644224] INFO perfrun.perfcollector <> - format: filter_nid config1:32-47 mask:32-47
291 [23089473644224] INFO perfrun.perfcollector <> - format: filter_nc config1:62 mask:62
291 [23089473644224] INFO perfrun.perfcollector <> - format: umask config:8-15 mask:8-15
292 [23089473644224] INFO perfrun.perfcollector <> - format: tid_en config:19 mask:19
292 [23089473644224] INFO perfrun.perfcollector <> - format: thresh config:24-31 mask:24-31
292 [23089473644224] INFO perfrun.perfcollector <> - format: filter_state config1:17-23 mask:17-23
292 [23089473644224] INFO perfrun.perfcollector <> - format: filter_opc config1:52-60 mask:52-60
292 [23089473644224] INFO perfrun.perfcollector <> - hwInfo: PERF_CBOX_PMU_DETAILS
292 [23089473644224] INFO perfrun.perfcollector <> - pmu added: family: uncore_cbox, id: 0
292 [23089473644224] INFO perfrun.perfcollector <> - dir found: /sys/bus/event_source/devices/tracepoint
292 [23089473644224] INFO perfrun.perfcollector <> - format: pmu format subdir doesn't exist
292 [23089473644224] INFO perfrun.perfcollector <> - hwInfo: not set, pmuFam: tracepoint
293 [23089473644224] INFO perfrun.perfcollector <> - pmu added: family: tracepoint, id: 0
293 [23089473644224] INFO perfrun.perfcollector <> - dir found: /sys/bus/event_source/devices/uncore_sbox_3
293 [23089473644224] INFO perfrun.perfcollector <> - format: event config:0-7 mask:0-7
293 [23089473644224] INFO perfrun.perfcollector <> - format: edge config:18 mask:18
294 [23089473644224] INFO perfrun.perfcollector <> - format: inv config:23 mask:23
294 [23089473644224] INFO perfrun.perfcollector <> - format: umask config:8-15 mask:8-15
294 [23089473644224] INFO perfrun.perfcollector <> - format: tid_en config:19 mask:19
294 [23089473644224] INFO perfrun.perfcollector <> - format: thresh config:24-31 mask:24-31
294 [23089473644224] INFO perfrun.perfcollector <> - hwInfo: not set, pmuFam: uncore_sbox
294 [23089473644224] INFO perfrun.perfcollector <> - pmu added: family: uncore_sbox, id: 3
294 [23089473644224] INFO perfrun.perfcollector <> - dir found: /sys/bus/event_source/devices/uncore_cbox_9
295 [23089473644224] INFO perfrun.perfcollector <> - format: event config:0-7 mask:0-7
295 [23089473644224] INFO perfrun.perfcollector <> - format: filter_link config1:6-8 mask:6-8
295 [23089473644224] INFO perfrun.perfcollector <> - format: filter_c6 config1:61 mask:61
295 [23089473644224] INFO perfrun.perfcollector <> - format: edge config:18 mask:18
295 [23089473644224] INFO perfrun.perfcollector <> - format: filter_isoc config1:63 mask:63
295 [23089473644224] INFO perfrun.perfcollector <> - format: filter_tid config1:0-5 mask:0-5
296 [23089473644224] INFO perfrun.perfcollector <> - format: filter_nid config1:32-47 mask:32-47
296 [23089473644224] INFO perfrun.perfcollector <> - format: filter_nc config1:62 mask:62
296 [23089473644224] INFO perfrun.perfcollector <> - format: umask config:8-15 mask:8-15
296 [23089473644224] INFO perfrun.perfcollector <> - format: tid_en config:19 mask:19
296 [23089473644224] INFO perfrun.perfcollector <> - format: thresh config:24-31 mask:24-31
297 [23089473644224] INFO perfrun.perfcollector <> - format: filter_state config1:17-23 mask:17-23
297 [23089473644224] INFO perfrun.perfcollector <> - format: filter_opc config1:52-60 mask:52-60
297 [23089473644224] INFO perfrun.perfcollector <> - hwInfo: PERF_CBOX_PMU_DETAILS
297 [23089473644224] INFO perfrun.perfcollector <> - pmu added: family: uncore_cbox, id: 9
297 [23089473644224] INFO perfrun.perfcollector <> - dir found: /sys/bus/event_source/devices/cstate_pkg
297 [23089473644224] INFO perfrun.perfcollector <> - format: event config:0-63 mask:0-63
297 [23089473644224] INFO perfrun.perfcollector <> - hwInfo: not set, pmuFam: cstate_pkg
298 [23089473644224] INFO perfrun.perfcollector <> - pmu added: family: cstate_pkg, id: 0
298 [23089473644224] INFO perfrun.perfcollector <> - dir found: /sys/bus/event_source/devices/uncore_imc_4
298 [23089473644224] INFO perfrun.perfcollector <> - format: event config:0-7 mask:0-7
298 [23089473644224] INFO perfrun.perfcollector <> - format: edge config:18 mask:18
298 [23089473644224] INFO perfrun.perfcollector <> - format: inv config:23 mask:23
298 [23089473644224] INFO perfrun.perfcollector <> - format: umask config:8-15 mask:8-15
298 [23089473644224] INFO perfrun.perfcollector <> - format: thresh config:24-31 mask:24-31
299 [23089473644224] INFO perfrun.perfcollector <> - hwInfo: PERF_IMC_PMU_DETAILS
299 [23089473644224] INFO perfrun.perfcollector <> - pmu added: family: uncore_imc, id: 4
299 [23089473644224] INFO perfrun.perfcollector <> - dir found: /sys/bus/event_source/devices/uncore_ubox
299 [23089473644224] INFO perfrun.perfcollector <> - format: event config:0-7 mask:0-7
299 [23089473644224] INFO perfrun.perfcollector <> - format: edge config:18 mask:18
299 [23089473644224] INFO perfrun.perfcollector <> - format: inv config:23 mask:23
300 [23089473644224] INFO perfrun.perfcollector <> - format: umask config:8-15 mask:8-15
300 [23089473644224] INFO perfrun.perfcollector <> - format: thresh config:24-28 mask:24-28
300 [23089473644224] INFO perfrun.perfcollector <> - hwInfo: not set, pmuFam: uncore_ubox
300 [23089473644224] INFO perfrun.perfcollector <> - pmu added: family: uncore_ubox, id: 0
300 [23089473644224] INFO perfrun.perfcollector <> - dir found: /sys/bus/event_source/devices/uncore_sbox_1
300 [23089473644224] INFO perfrun.perfcollector <> - format: event config:0-7 mask:0-7
300 [23089473644224] INFO perfrun.perfcollector <> - format: edge config:18 mask:18
301 [23089473644224] INFO perfrun.perfcollector <> - format: inv config:23 mask:23
301 [23089473644224] INFO perfrun.perfcollector <> - format: umask config:8-15 mask:8-15
301 [23089473644224] INFO perfrun.perfcollector <> - format: tid_en config:19 mask:19
301 [23089473644224] INFO perfrun.perfcollector <> - format: thresh config:24-31 mask:24-31
301 [23089473644224] INFO perfrun.perfcollector <> - hwInfo: not set, pmuFam: uncore_sbox
301 [23089473644224] INFO perfrun.perfcollector <> - pmu added: family: uncore_sbox, id: 1
301 [23089473644224] INFO perfrun.perfcollector <> - dir found: /sys/bus/event_source/devices/uncore_cbox_7
302 [23089473644224] INFO perfrun.perfcollector <> - format: event config:0-7 mask:0-7
302 [23089473644224] INFO perfrun.perfcollector <> - format: filter_link config1:6-8 mask:6-8
302 [23089473644224] INFO perfrun.perfcollector <> - format: filter_c6 config1:61 mask:61
302 [23089473644224] INFO perfrun.perfcollector <> - format: edge config:18 mask:18
302 [23089473644224] INFO perfrun.perfcollector <> - format: filter_isoc config1:63 mask:63
303 [23089473644224] INFO perfrun.perfcollector <> - format: filter_tid config1:0-5 mask:0-5
303 [23089473644224] INFO perfrun.perfcollector <> - format: filter_nid config1:32-47 mask:32-47
303 [23089473644224] INFO perfrun.perfcollector <> - format: filter_nc config1:62 mask:62
303 [23089473644224] INFO perfrun.perfcollector <> - format: umask config:8-15 mask:8-15
303 [23089473644224] INFO perfrun.perfcollector <> - format: tid_en config:19 mask:19
303 [23089473644224] INFO perfrun.perfcollector <> - format: thresh config:24-31 mask:24-31
303 [23089473644224] INFO perfrun.perfcollector <> - format: filter_state config1:17-23 mask:17-23
304 [23089473644224] INFO perfrun.perfcollector <> - format: filter_opc config1:52-60 mask:52-60
304 [23089473644224] INFO perfrun.perfcollector <> - hwInfo: PERF_CBOX_PMU_DETAILS
304 [23089473644224] INFO perfrun.perfcollector <> - pmu added: family: uncore_cbox, id: 7
304 [23089473644224] INFO perfrun.perfcollector <> - dir found: /sys/bus/event_source/devices/uncore_cbox_12
304 [23089473644224] INFO perfrun.perfcollector <> - format: event config:0-7 mask:0-7
304 [23089473644224] INFO perfrun.perfcollector <> - format: filter_link config1:6-8 mask:6-8
304 [23089473644224] INFO perfrun.perfcollector <> - format: filter_c6 config1:61 mask:61
305 [23089473644224] INFO perfrun.perfcollector <> - format: edge config:18 mask:18
305 [23089473644224] INFO perfrun.perfcollector <> - format: filter_isoc config1:63 mask:63
305 [23089473644224] INFO perfrun.perfcollector <> - format: filter_tid config1:0-5 mask:0-5
305 [23089473644224] INFO perfrun.perfcollector <> - format: filter_nid config1:32-47 mask:32-47
305 [23089473644224] INFO perfrun.perfcollector <> - format: filter_nc config1:62 mask:62
305 [23089473644224] INFO perfrun.perfcollector <> - format: umask config:8-15 mask:8-15
305 [23089473644224] INFO perfrun.perfcollector <> - format: tid_en config:19 mask:19
306 [23089473644224] INFO perfrun.perfcollector <> - format: thresh config:24-31 mask:24-31
306 [23089473644224] INFO perfrun.perfcollector <> - format: filter_state config1:17-23 mask:17-23
306 [23089473644224] INFO perfrun.perfcollector <> - format: filter_opc config1:52-60 mask:52-60
306 [23089473644224] INFO perfrun.perfcollector <> - hwInfo: PERF_CBOX_PMU_DETAILS
306 [23089473644224] INFO perfrun.perfcollector <> - pmu added: family: uncore_cbox, id: 12
306 [23089473644224] INFO perfrun.perfcollector <> - dir found: /sys/bus/event_source/devices/kprobe
306 [23089473644224] INFO perfrun.perfcollector <> - format: retprobe config:0 mask:0
306 [23089473644224] INFO perfrun.perfcollector <> - hwInfo: not set, pmuFam: kprobe
306 [23089473644224] INFO perfrun.perfcollector <> - pmu added: family: kprobe, id: 0
307 [23089473644224] INFO perfrun.perfcollector <> - dir found: /sys/bus/event_source/devices/uncore_qpi_0
307 [23089473644224] INFO perfrun.perfcollector <> - format: mask_rnid4 config2:31 mask:31
307 [23089473644224] INFO perfrun.perfcollector <> - format: mask_rnid30 config2:32-35 mask:32-35
307 [23089473644224] INFO perfrun.perfcollector <> - format: match_rnid30 config1:32-35 mask:32-35
307 [23089473644224] INFO perfrun.perfcollector <> - format: event config:0-7,21 mask:0-7,21
307 [23089473644224] INFO perfrun.perfcollector <> - format: match0 config1:0-31 mask:0-31
307 [23089473644224] INFO perfrun.perfcollector <> - format: match_rds config1:48-51 mask:48-51
308 [23089473644224] INFO perfrun.perfcollector <> - format: mask_rds config2:48-51 mask:48-51
308 [23089473644224] INFO perfrun.perfcollector <> - format: edge config:18 mask:18
308 [23089473644224] INFO perfrun.perfcollector <> - format: mask1 config2:32-63 mask:32-63
308 [23089473644224] INFO perfrun.perfcollector <> - format: match_dnid config1:13-17 mask:13-17
308 [23089473644224] INFO perfrun.perfcollector <> - format: mask_dnid config2:13-17 mask:13-17
308 [23089473644224] INFO perfrun.perfcollector <> - format: match_vnw config1:3-4 mask:3-4
308 [23089473644224] INFO perfrun.perfcollector <> - format: mask_vnw config2:3-4 mask:3-4
308 [23089473644224] INFO perfrun.perfcollector <> - format: mask_mc config2:9-12 mask:9-12
309 [23089473644224] INFO perfrun.perfcollector <> - format: match1 config1:32-63 mask:32-63
309 [23089473644224] INFO perfrun.perfcollector <> - format: inv config:23 mask:23
309 [23089473644224] INFO perfrun.perfcollector <> - format: umask config:8-15 mask:8-15
309 [23089473644224] INFO perfrun.perfcollector <> - format: match_opc config1:5-8 mask:5-8
309 [23089473644224] INFO perfrun.perfcollector <> - format: mask_opc config2:5-8 mask:5-8
309 [23089473644224] INFO perfrun.perfcollector <> - format: thresh config:24-31 mask:24-31
309 [23089473644224] INFO perfrun.perfcollector <> - format: match_rnid4 config1:31 mask:31
310 [23089473644224] INFO perfrun.perfcollector <> - format: mask0 config2:0-31 mask:0-31
310 [23089473644224] INFO perfrun.perfcollector <> - format: match_mc config1:9-12 mask:9-12
310 [23089473644224] INFO perfrun.perfcollector <> - hwInfo: PERF_QPI_PMU_DETAILS
310 [23089473644224] INFO perfrun.perfcollector <> - pmu added: family: uncore_qpi, id: 0
310 [23089473644224] INFO perfrun.perfcollector <> - dir found: /sys/bus/event_source/devices/uncore_cbox_5
310 [23089473644224] INFO perfrun.perfcollector <> - format: event config:0-7 mask:0-7
310 [23089473644224] INFO perfrun.perfcollector <> - format: filter_link config1:6-8 mask:6-8
310 [23089473644224] INFO perfrun.perfcollector <> - format: filter_c6 config1:61 mask:61
310 [23089473644224] INFO perfrun.perfcollector <> - format: edge config:18 mask:18
310 [23089473644224] INFO perfrun.perfcollector <> - format: filter_isoc config1:63 mask:63
311 [23089473644224] INFO perfrun.perfcollector <> - format: filter_tid config1:0-5 mask:0-5
311 [23089473644224] INFO perfrun.perfcollector <> - format: filter_nid config1:32-47 mask:32-47
311 [23089473644224] INFO perfrun.perfcollector <> - format: filter_nc config1:62 mask:62
311 [23089473644224] INFO perfrun.perfcollector <> - format: umask config:8-15 mask:8-15
311 [23089473644224] INFO perfrun.perfcollector <> - format: tid_en config:19 mask:19
311 [23089473644224] INFO perfrun.perfcollector <> - format: thresh config:24-31 mask:24-31
311 [23089473644224] INFO perfrun.perfcollector <> - format: filter_state config1:17-23 mask:17-23
311 [23089473644224] INFO perfrun.perfcollector <> - format: filter_opc config1:52-60 mask:52-60
311 [23089473644224] INFO perfrun.perfcollector <> - hwInfo: PERF_CBOX_PMU_DETAILS
312 [23089473644224] INFO perfrun.perfcollector <> - pmu added: family: uncore_cbox, id: 5
312 [23089473644224] INFO perfrun.perfcollector <> - dir found: /sys/bus/event_source/devices/uncore_imc_0
312 [23089473644224] INFO perfrun.perfcollector <> - format: event config:0-7 mask:0-7
312 [23089473644224] INFO perfrun.perfcollector <> - format: edge config:18 mask:18
312 [23089473644224] INFO perfrun.perfcollector <> - format: inv config:23 mask:23
312 [23089473644224] INFO perfrun.perfcollector <> - format: umask config:8-15 mask:8-15
312 [23089473644224] INFO perfrun.perfcollector <> - format: thresh config:24-31 mask:24-31
312 [23089473644224] INFO perfrun.perfcollector <> - hwInfo: PERF_IMC_PMU_DETAILS
312 [23089473644224] INFO perfrun.perfcollector <> - pmu added: family: uncore_imc, id: 0
312 [23089473644224] INFO perfrun.perfcollector <> - dir found: /sys/bus/event_source/devices/uncore_cbox_10
313 [23089473644224] INFO perfrun.perfcollector <> - format: event config:0-7 mask:0-7
313 [23089473644224] INFO perfrun.perfcollector <> - format: filter_link config1:6-8 mask:6-8
313 [23089473644224] INFO perfrun.perfcollector <> - format: filter_c6 config1:61 mask:61
313 [23089473644224] INFO perfrun.perfcollector <> - format: edge config:18 mask:18
313 [23089473644224] INFO perfrun.perfcollector <> - format: filter_isoc config1:63 mask:63
313 [23089473644224] INFO perfrun.perfcollector <> - format: filter_tid config1:0-5 mask:0-5
313 [23089473644224] INFO perfrun.perfcollector <> - format: filter_nid config1:32-47 mask:32-47
313 [23089473644224] INFO perfrun.perfcollector <> - format: filter_nc config1:62 mask:62
313 [23089473644224] INFO perfrun.perfcollector <> - format: umask config:8-15 mask:8-15
314 [23089473644224] INFO perfrun.perfcollector <> - format: tid_en config:19 mask:19
314 [23089473644224] INFO perfrun.perfcollector <> - format: thresh config:24-31 mask:24-31
314 [23089473644224] INFO perfrun.perfcollector <> - format: filter_state config1:17-23 mask:17-23
314 [23089473644224] INFO perfrun.perfcollector <> - format: filter_opc config1:52-60 mask:52-60
314 [23089473644224] INFO perfrun.perfcollector <> - hwInfo: PERF_CBOX_PMU_DETAILS
314 [23089473644224] INFO perfrun.perfcollector <> - pmu added: family: uncore_cbox, id: 10
314 [23089473644224] INFO perfrun.perfcollector <> - dir found: /sys/bus/event_source/devices/uncore_pcu
314 [23089473644224] INFO perfrun.perfcollector <> - format: filter_band2 config1:16-23 mask:16-23
315 [23089473644224] INFO perfrun.perfcollector <> - format: event config:0-7 mask:0-7
315 [23089473644224] INFO perfrun.perfcollector <> - format: filter_band0 config1:0-7 mask:0-7
315 [23089473644224] INFO perfrun.perfcollector <> - format: edge config:18 mask:18
315 [23089473644224] INFO perfrun.perfcollector <> - format: occ_invert config:30 mask:30
315 [23089473644224] INFO perfrun.perfcollector <> - format: occ_edge config:14-51 mask:14-51
315 [23089473644224] INFO perfrun.perfcollector <> - format: filter_band3 config1:24-31 mask:24-31
315 [23089473644224] INFO perfrun.perfcollector <> - format: filter_band1 config1:8-15 mask:8-15
315 [23089473644224] INFO perfrun.perfcollector <> - format: inv config:23 mask:23
315 [23089473644224] INFO perfrun.perfcollector <> - format: thresh config:24-28 mask:24-28
315 [23089473644224] INFO perfrun.perfcollector <> - format: occ_sel config:14-15 mask:14-15
315 [23089473644224] INFO perfrun.perfcollector <> - hwInfo: not set, pmuFam: uncore_pcu
315 [23089473644224] INFO perfrun.perfcollector <> - pmu added: family: uncore_pcu, id: 0
315 [23089473644224] INFO perfrun.perfcollector <> - dir found: /sys/bus/event_source/devices/uncore_r3qpi_1
316 [23089473644224] INFO perfrun.perfcollector <> - format: event config:0-7 mask:0-7
316 [23089473644224] INFO perfrun.perfcollector <> - format: edge config:18 mask:18
316 [23089473644224] INFO perfrun.perfcollector <> - format: inv config:23 mask:23
316 [23089473644224] INFO perfrun.perfcollector <> - format: umask config:8-15 mask:8-15
316 [23089473644224] INFO perfrun.perfcollector <> - format: thresh config:24-31 mask:24-31
316 [23089473644224] INFO perfrun.perfcollector <> - hwInfo: not set, pmuFam: uncore_r3qpi
316 [23089473644224] INFO perfrun.perfcollector <> - pmu added: family: uncore_r3qpi, id: 1
316 [23089473644224] INFO perfrun.perfcollector <> - dir found: /sys/bus/event_source/devices/msr
316 [23089473644224] INFO perfrun.perfcollector <> - format: event config:0-63 mask:0-63
316 [23089473644224] INFO perfrun.perfcollector <> - hwInfo: not set, pmuFam: msr
316 [23089473644224] INFO perfrun.perfcollector <> - pmu added: family: msr, id: 0
316 [23089473644224] INFO perfrun.perfcollector <> - dir found: /sys/bus/event_source/devices/uncore_cbox_3
316 [23089473644224] INFO perfrun.perfcollector <> - format: event config:0-7 mask:0-7
317 [23089473644224] INFO perfrun.perfcollector <> - format: filter_link config1:6-8 mask:6-8
317 [23089473644224] INFO perfrun.perfcollector <> - format: filter_c6 config1:61 mask:61
317 [23089473644224] INFO perfrun.perfcollector <> - format: edge config:18 mask:18
317 [23089473644224] INFO perfrun.perfcollector <> - format: filter_isoc config1:63 mask:63
317 [23089473644224] INFO perfrun.perfcollector <> - format: filter_tid config1:0-5 mask:0-5
317 [23089473644224] INFO perfrun.perfcollector <> - format: filter_nid config1:32-47 mask:32-47
317 [23089473644224] INFO perfrun.perfcollector <> - format: filter_nc config1:62 mask:62
317 [23089473644224] INFO perfrun.perfcollector <> - format: umask config:8-15 mask:8-15
317 [23089473644224] INFO perfrun.perfcollector <> - format: tid_en config:19 mask:19
317 [23089473644224] INFO perfrun.perfcollector <> - format: thresh config:24-31 mask:24-31
317 [23089473644224] INFO perfrun.perfcollector <> - format: filter_state config1:17-23 mask:17-23
317 [23089473644224] INFO perfrun.perfcollector <> - format: filter_opc config1:52-60 mask:52-60
317 [23089473644224] INFO perfrun.perfcollector <> - hwInfo: PERF_CBOX_PMU_DETAILS
317 [23089473644224] INFO perfrun.perfcollector <> - pmu added: family: uncore_cbox, id: 3
317 [23089473644224] INFO perfrun.perfcollector <> - dir found: /sys/bus/event_source/devices/intel_pt
318 [23089473644224] INFO perfrun.perfcollector <> - format: ptw config:12 mask:12
318 [23089473644224] INFO perfrun.perfcollector <> - format: event config:31 mask:31
318 [23089473644224] INFO perfrun.perfcollector <> - format: cyc_thresh config:19-22 mask:19-22
318 [23089473644224] INFO perfrun.perfcollector <> - format: pt config:0 mask:0
318 [23089473644224] INFO perfrun.perfcollector <> - format: notnt config:55 mask:55
318 [23089473644224] INFO perfrun.perfcollector <> - format: branch config:13 mask:13
318 [23089473644224] INFO perfrun.perfcollector <> - format: tsc config:10 mask:10
318 [23089473644224] INFO perfrun.perfcollector <> - format: pwr_evt config:4 mask:4
318 [23089473644224] INFO perfrun.perfcollector <> - format: fup_on_ptw config:5 mask:5
318 [23089473644224] INFO perfrun.perfcollector <> - format: cyc config:1 mask:1
318 [23089473644224] INFO perfrun.perfcollector <> - format: noretcomp config:11 mask:11
319 [23089473644224] INFO perfrun.perfcollector <> - format: mtc config:9 mask:9
319 [23089473644224] INFO perfrun.perfcollector <> - format: psb_period config:24-27 mask:24-27
319 [23089473644224] INFO perfrun.perfcollector <> - format: mtc_period config:14-17 mask:14-17
319 [23089473644224] INFO perfrun.perfcollector <> - hwInfo: not set, pmuFam: intel_pt
319 [23089473644224] INFO perfrun.perfcollector <> - pmu added: family: intel_pt, id: 0
319 [23089473644224] INFO perfrun.perfcollector <> - dir found: /sys/bus/event_source/devices/uncore_ha_1
319 [23089473644224] INFO perfrun.perfcollector <> - format: event config:0-7 mask:0-7
319 [23089473644224] INFO perfrun.perfcollector <> - format: edge config:18 mask:18
319 [23089473644224] INFO perfrun.perfcollector <> - format: inv config:23 mask:23
319 [23089473644224] INFO perfrun.perfcollector <> - format: umask config:8-15 mask:8-15
319 [23089473644224] INFO perfrun.perfcollector <> - format: thresh config:24-31 mask:24-31
319 [23089473644224] INFO perfrun.perfcollector <> - hwInfo: not set, pmuFam: uncore_ha
320 [23089473644224] INFO perfrun.perfcollector <> - pmu added: family: uncore_ha, id: 1
320 [23089473644224] INFO perfrun.perfcollector <> - dir found: /sys/bus/event_source/devices/uncore_cbox_1
320 [23089473644224] INFO perfrun.perfcollector <> - format: event config:0-7 mask:0-7
320 [23089473644224] INFO perfrun.perfcollector <> - format: filter_link config1:6-8 mask:6-8
320 [23089473644224] INFO perfrun.perfcollector <> - format: filter_c6 config1:61 mask:61
320 [23089473644224] INFO perfrun.perfcollector <> - format: edge config:18 mask:18
320 [23089473644224] INFO perfrun.perfcollector <> - format: filter_isoc config1:63 mask:63
321 [23089473644224] INFO perfrun.perfcollector <> - format: filter_tid config1:0-5 mask:0-5
321 [23089473644224] INFO perfrun.perfcollector <> - format: filter_nid config1:32-47 mask:32-47
321 [23089473644224] INFO perfrun.perfcollector <> - format: filter_nc config1:62 mask:62
321 [23089473644224] INFO perfrun.perfcollector <> - format: umask config:8-15 mask:8-15
321 [23089473644224] INFO perfrun.perfcollector <> - format: tid_en config:19 mask:19
321 [23089473644224] INFO perfrun.perfcollector <> - format: thresh config:24-31 mask:24-31
321 [23089473644224] INFO perfrun.perfcollector <> - format: filter_state config1:17-23 mask:17-23
321 [23089473644224] INFO perfrun.perfcollector <> - format: filter_opc config1:52-60 mask:52-60
321 [23089473644224] INFO perfrun.perfcollector <> - hwInfo: PERF_CBOX_PMU_DETAILS
321 [23089473644224] INFO perfrun.perfcollector <> - pmu added: family: uncore_cbox, id: 1
321 [23089473644224] INFO perfrun.sdk <> - runCmd: /opt/intel/oneapi/vtune/2023.1.0/bin64/sep -dry-run -sam 1 -ec CPU_CLK_UNHALTED.THREAD,CPU_CLK_UNHALTED.REF_TSC:sample:sa=2400000,INST_RETIRED.ANY:sample:sa=2400000,CPU_CLK_UNHALTED.REF_XCLK,CPU_CLK_UNHALTED.ONE_THREAD_ACTIVE,FP_ARITH_INST_RETIRED.SCALAR_SINGLE,FP_ARITH_INST_RETIRED.128B_PACKED_SINGLE,FP_ARITH_INST_RETIRED.256B_PACKED_SINGLE,FP_ARITH_INST_RETIRED.SCALAR_DOUBLE,FP_ARITH_INST_RETIRED.128B_PACKED_DOUBLE,FP_ARITH_INST_RETIRED.256B_PACKED_DOUBLE,INST_RETIRED.X87,UOPS_RETIRED.RETIRE_SLOTS:sample:sa=2000003 -experimental
322 [23089473644224] INFO perfrun.sdk <> - runCmd started PID 3881950
355 [23089473644224] INFO perfrun.perfcollector <> - SepDryRun RC = true
359 [23089473644224] INFO perfrun.perfcollector <> - DRY_RUN: "PMU type: Core (core)"
359 [23089473644224] INFO perfrun.perfcollector <> - pmu type: cpu
359 [23089473644224] INFO perfrun.perfcollector <> - DRY_RUN: "Group 0:"
359 [23089473644224] INFO perfrun.perfcollector <> - id: 0
359 [23089473644224] INFO perfrun.perfcollector <> - DRY_RUN: "INST_RETIRED.ANY: event id 2"
359 [23089473644224] INFO perfrun.perfcollector <> - eventName: INST_RETIRED.ANY, eventId: 2
359 [23089473644224] INFO perfrun.perfcollector <> - DRY_RUN: "CPU_CLK_UNHALTED.THREAD: event id 0"
359 [23089473644224] INFO perfrun.perfcollector <> - eventName: CPU_CLK_UNHALTED.THREAD, eventId: 0
359 [23089473644224] INFO perfrun.perfcollector <> - DRY_RUN: "CPU_CLK_UNHALTED.REF_TSC: event id 1"
359 [23089473644224] INFO perfrun.perfcollector <> - eventName: CPU_CLK_UNHALTED.REF_TSC, eventId: 1
359 [23089473644224] INFO perfrun.perfcollector <> - DRY_RUN: "FP_ARITH_INST_RETIRED.SCALAR_SINGLE: event id 5"
359 [23089473644224] INFO perfrun.perfcollector <> - eventName: FP_ARITH_INST_RETIRED.SCALAR_SINGLE, eventId: 5
359 [23089473644224] INFO perfrun.perfcollector <> - DRY_RUN: "FP_ARITH_INST_RETIRED.128B_PACKED_SINGLE: event id 6"
359 [23089473644224] INFO perfrun.perfcollector <> - eventName: FP_ARITH_INST_RETIRED.128B_PACKED_SINGLE, eventId: 6
359 [23089473644224] INFO perfrun.perfcollector <> - DRY_RUN: "FP_ARITH_INST_RETIRED.256B_PACKED_SINGLE: event id 7"
359 [23089473644224] INFO perfrun.perfcollector <> - eventName: FP_ARITH_INST_RETIRED.256B_PACKED_SINGLE, eventId: 7
359 [23089473644224] INFO perfrun.perfcollector <> - DRY_RUN: "FP_ARITH_INST_RETIRED.SCALAR_DOUBLE: event id 8"
359 [23089473644224] INFO perfrun.perfcollector <> - eventName: FP_ARITH_INST_RETIRED.SCALAR_DOUBLE, eventId: 8
359 [23089473644224] INFO perfrun.perfcollector <> - DRY_RUN: "CPU_CLK_UNHALTED.REF_XCLK: event id 3"
359 [23089473644224] INFO perfrun.perfcollector <> - eventName: CPU_CLK_UNHALTED.REF_XCLK, eventId: 3
359 [23089473644224] INFO perfrun.perfcollector <> - DRY_RUN: "CPU_CLK_UNHALTED.ONE_THREAD_ACTIVE: event id 4"
359 [23089473644224] INFO perfrun.perfcollector <> - eventName: CPU_CLK_UNHALTED.ONE_THREAD_ACTIVE, eventId: 4
359 [23089473644224] INFO perfrun.perfcollector <> - DRY_RUN: "INST_RETIRED.X87: event id 11"
359 [23089473644224] INFO perfrun.perfcollector <> - eventName: INST_RETIRED.X87, eventId: 11
359 [23089473644224] INFO perfrun.perfcollector <> - DRY_RUN: "UOPS_RETIRED.RETIRE_SLOTS: event id 12"
359 [23089473644224] INFO perfrun.perfcollector <> - eventName: UOPS_RETIRED.RETIRE_SLOTS, eventId: 12
359 [23089473644224] INFO perfrun.perfcollector <> - DRY_RUN: "CCCR"
359 [23089473644224] INFO perfrun.perfcollector <> - DRY_RUN: "reg_type       = 1	event_id       = g	reg_id         = 38f	reg_value      = 7000000ff"
359 [23089473644224] INFO perfrun.perfcollector <> - eventId: g, skip parsing event_id
359 [23089473644224] INFO perfrun.perfcollector <> - Register was ignored: group_id: 0, reg_type: 1, event_id: 4294967295, reg_id: 38f, reg_value: 7000000ff, pmu_name: cpu
359 [23089473644224] INFO perfrun.perfcollector <> - DRY_RUN: "reg_type       = 1	event_id       = g	reg_id         = 390	reg_value      = 7000000ff"
359 [23089473644224] INFO perfrun.perfcollector <> - eventId: g, skip parsing event_id
359 [23089473644224] INFO perfrun.perfcollector <> - Register was ignored: group_id: 0, reg_type: 1, event_id: 4294967295, reg_id: 390, reg_value: 7000000ff, pmu_name: cpu
359 [23089473644224] INFO perfrun.perfcollector <> - DRY_RUN: "reg_type       = 1	event_id       = g	reg_id         = 3f1	reg_value      = 0"
359 [23089473644224] INFO perfrun.perfcollector <> - eventId: g, skip parsing event_id
359 [23089473644224] INFO perfrun.perfcollector <> - Register was ignored: group_id: 0, reg_type: 1, event_id: 4294967295, reg_id: 3f1, reg_value: 0, pmu_name: cpu
359 [23089473644224] INFO perfrun.perfcollector <> - DRY_RUN: "reg_type       = 1	event_id       = g	reg_id         = 1d9	reg_value      = 1800"
359 [23089473644224] INFO perfrun.perfcollector <> - eventId: g, skip parsing event_id
359 [23089473644224] INFO perfrun.perfcollector <> - Register was ignored: group_id: 0, reg_type: 1, event_id: 4294967295, reg_id: 1d9, reg_value: 1800, pmu_name: cpu
359 [23089473644224] INFO perfrun.perfcollector <> - DRY_RUN: "reg_type       = 1	event_id       = g	reg_id         = 38d	reg_value      = bbb"
359 [23089473644224] INFO perfrun.perfcollector <> - eventId: g, skip parsing event_id
359 [23089473644224] INFO perfrun.perfcollector <> - Register was ignored: group_id: 0, reg_type: 1, event_id: 4294967295, reg_id: 38d, reg_value: bbb, pmu_name: cpu
359 [23089473644224] INFO perfrun.perfcollector <> - DRY_RUN: "reg_type       = 1	event_id       = 5	reg_id         = 186	reg_value      = 5302c7"
359 [23089473644224] INFO perfrun.perfcollector <> - Event selector: group_id: 0, reg_type: 1, event_id: 5, reg_id: 186, reg_value: 5302c7, pmu_name: cpu
359 [23089473644224] INFO perfrun.perfcollector <> - DRY_RUN: "reg_type       = 1	event_id       = 6	reg_id         = 187	reg_value      = 5308c7"
359 [23089473644224] INFO perfrun.perfcollector <> - Event selector: group_id: 0, reg_type: 1, event_id: 6, reg_id: 187, reg_value: 5308c7, pmu_name: cpu
359 [23089473644224] INFO perfrun.perfcollector <> - DRY_RUN: "reg_type       = 1	event_id       = 7	reg_id         = 188	reg_value      = 5320c7"
359 [23089473644224] INFO perfrun.perfcollector <> - Event selector: group_id: 0, reg_type: 1, event_id: 7, reg_id: 188, reg_value: 5320c7, pmu_name: cpu
359 [23089473644224] INFO perfrun.perfcollector <> - DRY_RUN: "reg_type       = 1	event_id       = 8	reg_id         = 189	reg_value      = 5301c7"
359 [23089473644224] INFO perfrun.perfcollector <> - Event selector: group_id: 0, reg_type: 1, event_id: 8, reg_id: 189, reg_value: 5301c7, pmu_name: cpu
359 [23089473644224] INFO perfrun.perfcollector <> - DRY_RUN: "reg_type       = 1	event_id       = 3	reg_id         = 18a	reg_value      = 53013c"
359 [23089473644224] INFO perfrun.perfcollector <> - Event selector: group_id: 0, reg_type: 1, event_id: 3, reg_id: 18a, reg_value: 53013c, pmu_name: cpu
359 [23089473644224] INFO perfrun.perfcollector <> - DRY_RUN: "reg_type       = 1	event_id       = 4	reg_id         = 18b	reg_value      = 53023c"
359 [23089473644224] INFO perfrun.perfcollector <> - Event selector: group_id: 0, reg_type: 1, event_id: 4, reg_id: 18b, reg_value: 53023c, pmu_name: cpu
359 [23089473644224] INFO perfrun.perfcollector <> - DRY_RUN: "reg_type       = 1	event_id       = 11	reg_id         = 18c	reg_value      = 5302c0"
359 [23089473644224] INFO perfrun.perfcollector <> - Event selector: group_id: 0, reg_type: 1, event_id: 11, reg_id: 18c, reg_value: 5302c0, pmu_name: cpu
359 [23089473644224] INFO perfrun.perfcollector <> - DRY_RUN: "reg_type       = 1	event_id       = 12	reg_id         = 18d	reg_value      = 5302c2"
359 [23089473644224] INFO perfrun.perfcollector <> - Event selector: group_id: 0, reg_type: 1, event_id: 12, reg_id: 18d, reg_value: 5302c2, pmu_name: cpu
359 [23089473644224] INFO perfrun.perfcollector <> - DRY_RUN: "ESCR"
359 [23089473644224] INFO perfrun.perfcollector <> - DRY_RUN: "reg_type       = 2	event_id       = g	reg_id         = 1c8	reg_value      = 0"
359 [23089473644224] INFO perfrun.perfcollector <> - eventId: g, skip parsing event_id
359 [23089473644224] INFO perfrun.perfcollector <> - DRY_RUN: "DATA"
359 [23089473644224] INFO perfrun.perfcollector <> - DRY_RUN: "reg_type       = 4	event_id       = 2	reg_id         = 309	reg_value      = ffffffdb6100"
359 [23089473644224] INFO perfrun.perfcollector <> - eventId: 2, dataAddr: 309, dataVal: ffffffdb6100
359 [23089473644224] INFO perfrun.perfcollector <> - DRY_RUN: "reg_type       = 4	event_id       = 0	reg_id         = 30a	reg_value      = ffffffe17b7d"
359 [23089473644224] INFO perfrun.perfcollector <> - eventId: 0, dataAddr: 30a, dataVal: ffffffe17b7d
359 [23089473644224] INFO perfrun.perfcollector <> - DRY_RUN: "reg_type       = 4	event_id       = 1	reg_id         = 30b	reg_value      = ffffffdb6100"
359 [23089473644224] INFO perfrun.perfcollector <> - eventId: 1, dataAddr: 30b, dataVal: ffffffdb6100
359 [23089473644224] INFO perfrun.perfcollector <> - DRY_RUN: "reg_type       = 4	event_id       = 5	reg_id         = c1	reg_value      = ffffffe17b7d"
359 [23089473644224] INFO perfrun.perfcollector <> - eventId: 5, dataAddr: c1, dataVal: ffffffe17b7d
359 [23089473644224] INFO perfrun.perfcollector <> - DRY_RUN: "reg_type       = 4	event_id       = 6	reg_id         = c2	reg_value      = ffffffe17b7d"
359 [23089473644224] INFO perfrun.perfcollector <> - eventId: 6, dataAddr: c2, dataVal: ffffffe17b7d
359 [23089473644224] INFO perfrun.perfcollector <> - DRY_RUN: "reg_type       = 4	event_id       = 7	reg_id         = c3	reg_value      = ffffffe17b7d"
359 [23089473644224] INFO perfrun.perfcollector <> - eventId: 7, dataAddr: c3, dataVal: ffffffe17b7d
359 [23089473644224] INFO perfrun.perfcollector <> - DRY_RUN: "reg_type       = 4	event_id       = 8	reg_id         = c4	reg_value      = ffffffe17b7d"
359 [23089473644224] INFO perfrun.perfcollector <> - eventId: 8, dataAddr: c4, dataVal: ffffffe17b7d
359 [23089473644224] INFO perfrun.perfcollector <> - DRY_RUN: "reg_type       = 4	event_id       = 3	reg_id         = c5	reg_value      = fffffffe795d"
359 [23089473644224] INFO perfrun.perfcollector <> - eventId: 3, dataAddr: c5, dataVal: fffffffe795d
359 [23089473644224] INFO perfrun.perfcollector <> - DRY_RUN: "reg_type       = 4	event_id       = 4	reg_id         = c6	reg_value      = fffffffe795d"
359 [23089473644224] INFO perfrun.perfcollector <> - eventId: 4, dataAddr: c6, dataVal: fffffffe795d
359 [23089473644224] INFO perfrun.perfcollector <> - DRY_RUN: "reg_type       = 4	event_id       = 11	reg_id         = c7	reg_value      = ffffffe17b7d"
359 [23089473644224] INFO perfrun.perfcollector <> - eventId: 11, dataAddr: c7, dataVal: ffffffe17b7d
359 [23089473644224] INFO perfrun.perfcollector <> - DRY_RUN: "reg_type       = 4	event_id       = 12	reg_id         = c8	reg_value      = ffffffe17b7d"
359 [23089473644224] INFO perfrun.perfcollector <> - eventId: 12, dataAddr: c8, dataVal: ffffffe17b7d
359 [23089473644224] INFO perfrun.perfcollector <> - DRY_RUN: "Group 1:"
359 [23089473644224] INFO perfrun.perfcollector <> - id: 1
359 [23089473644224] INFO perfrun.perfcollector <> - DRY_RUN: "INST_RETIRED.ANY: event id 2"
359 [23089473644224] INFO perfrun.perfcollector <> - eventName: INST_RETIRED.ANY, eventId: 2
359 [23089473644224] INFO perfrun.perfcollector <> - DRY_RUN: "CPU_CLK_UNHALTED.THREAD: event id 0"
359 [23089473644224] INFO perfrun.perfcollector <> - eventName: CPU_CLK_UNHALTED.THREAD, eventId: 0
359 [23089473644224] INFO perfrun.perfcollector <> - DRY_RUN: "CPU_CLK_UNHALTED.REF_TSC: event id 1"
359 [23089473644224] INFO perfrun.perfcollector <> - eventName: CPU_CLK_UNHALTED.REF_TSC, eventId: 1
359 [23089473644224] INFO perfrun.perfcollector <> - DRY_RUN: "FP_ARITH_INST_RETIRED.128B_PACKED_DOUBLE: event id 9"
359 [23089473644224] INFO perfrun.perfcollector <> - eventName: FP_ARITH_INST_RETIRED.128B_PACKED_DOUBLE, eventId: 9
359 [23089473644224] INFO perfrun.perfcollector <> - DRY_RUN: "FP_ARITH_INST_RETIRED.256B_PACKED_DOUBLE: event id 10"
359 [23089473644224] INFO perfrun.perfcollector <> - eventName: FP_ARITH_INST_RETIRED.256B_PACKED_DOUBLE, eventId: 10
359 [23089473644224] INFO perfrun.perfcollector <> - DRY_RUN: "CCCR"
359 [23089473644224] INFO perfrun.perfcollector <> - DRY_RUN: "reg_type       = 1	event_id       = g	reg_id         = 38f	reg_value      = 700000003"
359 [23089473644224] INFO perfrun.perfcollector <> - eventId: g, skip parsing event_id
359 [23089473644224] INFO perfrun.perfcollector <> - Register was ignored: group_id: 1, reg_type: 1, event_id: 4294967295, reg_id: 38f, reg_value: 700000003, pmu_name: cpu
359 [23089473644224] INFO perfrun.perfcollector <> - DRY_RUN: "reg_type       = 1	event_id       = g	reg_id         = 390	reg_value      = 700000003"
359 [23089473644224] INFO perfrun.perfcollector <> - eventId: g, skip parsing event_id
359 [23089473644224] INFO perfrun.perfcollector <> - Register was ignored: group_id: 1, reg_type: 1, event_id: 4294967295, reg_id: 390, reg_value: 700000003, pmu_name: cpu
359 [23089473644224] INFO perfrun.perfcollector <> - DRY_RUN: "reg_type       = 1	event_id       = g	reg_id         = 3f1	reg_value      = 0"
359 [23089473644224] INFO perfrun.perfcollector <> - eventId: g, skip parsing event_id
359 [23089473644224] INFO perfrun.perfcollector <> - Register was ignored: group_id: 1, reg_type: 1, event_id: 4294967295, reg_id: 3f1, reg_value: 0, pmu_name: cpu
359 [23089473644224] INFO perfrun.perfcollector <> - DRY_RUN: "reg_type       = 1	event_id       = g	reg_id         = 1d9	reg_value      = 1800"
359 [23089473644224] INFO perfrun.perfcollector <> - eventId: g, skip parsing event_id
359 [23089473644224] INFO perfrun.perfcollector <> - Register was ignored: group_id: 1, reg_type: 1, event_id: 4294967295, reg_id: 1d9, reg_value: 1800, pmu_name: cpu
359 [23089473644224] INFO perfrun.perfcollector <> - DRY_RUN: "reg_type       = 1	event_id       = g	reg_id         = 38d	reg_value      = bbb"
359 [23089473644224] INFO perfrun.perfcollector <> - eventId: g, skip parsing event_id
359 [23089473644224] INFO perfrun.perfcollector <> - Register was ignored: group_id: 1, reg_type: 1, event_id: 4294967295, reg_id: 38d, reg_value: bbb, pmu_name: cpu
359 [23089473644224] INFO perfrun.perfcollector <> - DRY_RUN: "reg_type       = 1	event_id       = 9	reg_id         = 186	reg_value      = 5304c7"
359 [23089473644224] INFO perfrun.perfcollector <> - Event selector: group_id: 1, reg_type: 1, event_id: 9, reg_id: 186, reg_value: 5304c7, pmu_name: cpu
359 [23089473644224] INFO perfrun.perfcollector <> - DRY_RUN: "reg_type       = 1	event_id       = 10	reg_id         = 187	reg_value      = 5310c7"
359 [23089473644224] INFO perfrun.perfcollector <> - Event selector: group_id: 1, reg_type: 1, event_id: 10, reg_id: 187, reg_value: 5310c7, pmu_name: cpu
359 [23089473644224] INFO perfrun.perfcollector <> - DRY_RUN: "ESCR"
359 [23089473644224] INFO perfrun.perfcollector <> - DRY_RUN: "reg_type       = 2	event_id       = g	reg_id         = 1c8	reg_value      = 0"
359 [23089473644224] INFO perfrun.perfcollector <> - eventId: g, skip parsing event_id
359 [23089473644224] INFO perfrun.perfcollector <> - DRY_RUN: "DATA"
359 [23089473644224] INFO perfrun.perfcollector <> - DRY_RUN: "reg_type       = 4	event_id       = 2	reg_id         = 309	reg_value      = ffffffdb6100"
359 [23089473644224] INFO perfrun.perfcollector <> - eventId: 2, dataAddr: 309, dataVal: ffffffdb6100
359 [23089473644224] INFO perfrun.perfcollector <> - DRY_RUN: "reg_type       = 4	event_id       = 0	reg_id         = 30a	reg_value      = ffffffe17b7d"
359 [23089473644224] INFO perfrun.perfcollector <> - eventId: 0, dataAddr: 30a, dataVal: ffffffe17b7d
359 [23089473644224] INFO perfrun.perfcollector <> - DRY_RUN: "reg_type       = 4	event_id       = 1	reg_id         = 30b	reg_value      = ffffffdb6100"
359 [23089473644224] INFO perfrun.perfcollector <> - eventId: 1, dataAddr: 30b, dataVal: ffffffdb6100
359 [23089473644224] INFO perfrun.perfcollector <> - DRY_RUN: "reg_type       = 4	event_id       = 9	reg_id         = c1	reg_value      = ffffffe17b7d"
359 [23089473644224] INFO perfrun.perfcollector <> - eventId: 9, dataAddr: c1, dataVal: ffffffe17b7d
359 [23089473644224] INFO perfrun.perfcollector <> - DRY_RUN: "reg_type       = 4	event_id       = 10	reg_id         = c2	reg_value      = ffffffe17b7d"
359 [23089473644224] INFO perfrun.perfcollector <> - eventId: 10, dataAddr: c2, dataVal: ffffffe17b7d
359 [23089473644224] INFO perfrun.perfcollector <> - event name: CPU_CLK_UNHALTED.THREAD
359 [23089473644224] INFO perfrun.perfcollector <> - pmu config: cpu
359 [23089473644224] INFO perfrun.perfcollector <> - cccrAddr: ffffffff, cccrValue: 0
359 [23089473644224] INFO perfrun.perfcollector <> - dataAddr: 30a, dataValue: ffffffffffe17b7d
359 [23089473644224] INFO perfrun.perfcollector <> - escrAddr: ffffffff, escrValue: 0
359 [23089473644224] INFO perfrun.perfcollector <> - extendedPebsValue: 0
359 [23089473644224] INFO perfrun.perfcollector <> - adaptivePebsAvailable: 0
359 [23089473644224] INFO perfrun.perfcollector <> - config: event: 3c
359 [23089473644224] INFO perfrun.perfcollector <> - config: pc: 0
359 [23089473644224] INFO perfrun.perfcollector <> - config: in_tx: 0
359 [23089473644224] INFO perfrun.perfcollector <> - config: edge: 0
359 [23089473644224] INFO perfrun.perfcollector <> - config: any: 0
359 [23089473644224] INFO perfrun.perfcollector <> - config1: offcore_rsp: 0
359 [23089473644224] INFO perfrun.perfcollector <> - config: in_tx_cp: 0
359 [23089473644224] INFO perfrun.perfcollector <> - config1: ldlat: 0
359 [23089473644224] INFO perfrun.perfcollector <> - config: inv: 0
359 [23089473644224] INFO perfrun.perfcollector <> - config: umask: 0
360 [23089473644224] INFO perfrun.perfcollector <> - config: cmask: 0
360 [23089473644224] INFO perfrun.perfcollector <> - format: cpu/event=0x3c,name='CPU_CLK_UNHALTED.THREAD'/D
360 [23089473644224] INFO perfrun.perfcollector <> - event name: CPU_CLK_UNHALTED.REF_TSC
360 [23089473644224] INFO perfrun.perfcollector <> - pmu config: cpu
360 [23089473644224] INFO perfrun.perfcollector <> - cccrAddr: ffffffff, cccrValue: 0
360 [23089473644224] INFO perfrun.perfcollector <> - dataAddr: 30b, dataValue: ffffffffffdb6100
360 [23089473644224] INFO perfrun.perfcollector <> - escrAddr: ffffffff, escrValue: 0
360 [23089473644224] INFO perfrun.perfcollector <> - extendedPebsValue: 0
360 [23089473644224] INFO perfrun.perfcollector <> - adaptivePebsAvailable: 0
360 [23089473644224] INFO perfrun.perfcollector <> - config: event: 0
360 [23089473644224] INFO perfrun.perfcollector <> - config: pc: 0
360 [23089473644224] INFO perfrun.perfcollector <> - config: in_tx: 0
360 [23089473644224] INFO perfrun.perfcollector <> - config: edge: 0
360 [23089473644224] INFO perfrun.perfcollector <> - config: any: 0
360 [23089473644224] INFO perfrun.perfcollector <> - config1: offcore_rsp: 0
360 [23089473644224] INFO perfrun.perfcollector <> - config: in_tx_cp: 0
360 [23089473644224] INFO perfrun.perfcollector <> - config1: ldlat: 0
360 [23089473644224] INFO perfrun.perfcollector <> - config: inv: 0
360 [23089473644224] INFO perfrun.perfcollector <> - config: umask: 3
360 [23089473644224] INFO perfrun.perfcollector <> - config: cmask: 0
360 [23089473644224] INFO perfrun.perfcollector <> - format: cpu/umask=0x3,name='CPU_CLK_UNHALTED.REF_TSC'/D
360 [23089473644224] INFO perfrun.perfcollector <> - event name: INST_RETIRED.ANY
360 [23089473644224] INFO perfrun.perfcollector <> - pmu config: cpu
360 [23089473644224] INFO perfrun.perfcollector <> - cccrAddr: ffffffff, cccrValue: 0
360 [23089473644224] INFO perfrun.perfcollector <> - dataAddr: 309, dataValue: ffffffffffdb6100
360 [23089473644224] INFO perfrun.perfcollector <> - escrAddr: ffffffff, escrValue: 0
360 [23089473644224] INFO perfrun.perfcollector <> - extendedPebsValue: 0
360 [23089473644224] INFO perfrun.perfcollector <> - adaptivePebsAvailable: 0
360 [23089473644224] INFO perfrun.perfcollector <> - config: event: c0
360 [23089473644224] INFO perfrun.perfcollector <> - config: pc: 0
360 [23089473644224] INFO perfrun.perfcollector <> - config: in_tx: 0
360 [23089473644224] INFO perfrun.perfcollector <> - config: edge: 0
360 [23089473644224] INFO perfrun.perfcollector <> - config: any: 0
360 [23089473644224] INFO perfrun.perfcollector <> - config1: offcore_rsp: 0
360 [23089473644224] INFO perfrun.perfcollector <> - config: in_tx_cp: 0
360 [23089473644224] INFO perfrun.perfcollector <> - config1: ldlat: 0
360 [23089473644224] INFO perfrun.perfcollector <> - config: inv: 0
360 [23089473644224] INFO perfrun.perfcollector <> - config: umask: 0
360 [23089473644224] INFO perfrun.perfcollector <> - config: cmask: 0
360 [23089473644224] INFO perfrun.perfcollector <> - format: cpu/event=0xc0,name='INST_RETIRED.ANY'/D
360 [23089473644224] INFO perfrun.perfcollector <> - event name: FP_ARITH_INST_RETIRED.SCALAR_SINGLE
360 [23089473644224] INFO perfrun.perfcollector <> - pmu config: cpu
360 [23089473644224] INFO perfrun.perfcollector <> - cccrAddr: 186, cccrValue: 5302c7
360 [23089473644224] INFO perfrun.perfcollector <> - dataAddr: c1, dataValue: ffffffffffe17b7d
360 [23089473644224] INFO perfrun.perfcollector <> - escrAddr: ffffffff, escrValue: 0
360 [23089473644224] INFO perfrun.perfcollector <> - extendedPebsValue: 0
360 [23089473644224] INFO perfrun.perfcollector <> - adaptivePebsAvailable: 0
360 [23089473644224] INFO perfrun.perfcollector <> - config: event: c7
360 [23089473644224] INFO perfrun.perfcollector <> - config: pc: 0
360 [23089473644224] INFO perfrun.perfcollector <> - config: in_tx: 0
360 [23089473644224] INFO perfrun.perfcollector <> - config: edge: 0
360 [23089473644224] INFO perfrun.perfcollector <> - config: any: 0
360 [23089473644224] INFO perfrun.perfcollector <> - config1: offcore_rsp: 0
360 [23089473644224] INFO perfrun.perfcollector <> - config: in_tx_cp: 0
360 [23089473644224] INFO perfrun.perfcollector <> - config1: ldlat: 0
360 [23089473644224] INFO perfrun.perfcollector <> - config: inv: 0
360 [23089473644224] INFO perfrun.perfcollector <> - config: umask: 2
360 [23089473644224] INFO perfrun.perfcollector <> - config: cmask: 0
360 [23089473644224] INFO perfrun.perfcollector <> - format: cpu/event=0xc7,umask=0x2,name='FP_ARITH_INST_RETIRED.SCALAR_SINGLE'/
360 [23089473644224] INFO perfrun.perfcollector <> - event name: FP_ARITH_INST_RETIRED.128B_PACKED_SINGLE
360 [23089473644224] INFO perfrun.perfcollector <> - pmu config: cpu
360 [23089473644224] INFO perfrun.perfcollector <> - cccrAddr: 187, cccrValue: 5308c7
360 [23089473644224] INFO perfrun.perfcollector <> - dataAddr: c2, dataValue: ffffffffffe17b7d
360 [23089473644224] INFO perfrun.perfcollector <> - escrAddr: ffffffff, escrValue: 0
360 [23089473644224] INFO perfrun.perfcollector <> - extendedPebsValue: 0
360 [23089473644224] INFO perfrun.perfcollector <> - adaptivePebsAvailable: 0
360 [23089473644224] INFO perfrun.perfcollector <> - config: event: c7
360 [23089473644224] INFO perfrun.perfcollector <> - config: pc: 0
360 [23089473644224] INFO perfrun.perfcollector <> - config: in_tx: 0
360 [23089473644224] INFO perfrun.perfcollector <> - config: edge: 0
360 [23089473644224] INFO perfrun.perfcollector <> - config: any: 0
360 [23089473644224] INFO perfrun.perfcollector <> - config1: offcore_rsp: 0
360 [23089473644224] INFO perfrun.perfcollector <> - config: in_tx_cp: 0
360 [23089473644224] INFO perfrun.perfcollector <> - config1: ldlat: 0
360 [23089473644224] INFO perfrun.perfcollector <> - config: inv: 0
360 [23089473644224] INFO perfrun.perfcollector <> - config: umask: 8
360 [23089473644224] INFO perfrun.perfcollector <> - config: cmask: 0
360 [23089473644224] INFO perfrun.perfcollector <> - format: cpu/event=0xc7,umask=0x8,name='FP_ARITH_INST_RETIRED.128B_PACKED_SINGLE'/
360 [23089473644224] INFO perfrun.perfcollector <> - event name: FP_ARITH_INST_RETIRED.256B_PACKED_SINGLE
360 [23089473644224] INFO perfrun.perfcollector <> - pmu config: cpu
360 [23089473644224] INFO perfrun.perfcollector <> - cccrAddr: 188, cccrValue: 5320c7
360 [23089473644224] INFO perfrun.perfcollector <> - dataAddr: c3, dataValue: ffffffffffe17b7d
360 [23089473644224] INFO perfrun.perfcollector <> - escrAddr: ffffffff, escrValue: 0
360 [23089473644224] INFO perfrun.perfcollector <> - extendedPebsValue: 0
360 [23089473644224] INFO perfrun.perfcollector <> - adaptivePebsAvailable: 0
360 [23089473644224] INFO perfrun.perfcollector <> - config: event: c7
360 [23089473644224] INFO perfrun.perfcollector <> - config: pc: 0
360 [23089473644224] INFO perfrun.perfcollector <> - config: in_tx: 0
360 [23089473644224] INFO perfrun.perfcollector <> - config: edge: 0
360 [23089473644224] INFO perfrun.perfcollector <> - config: any: 0
360 [23089473644224] INFO perfrun.perfcollector <> - config1: offcore_rsp: 0
360 [23089473644224] INFO perfrun.perfcollector <> - config: in_tx_cp: 0
360 [23089473644224] INFO perfrun.perfcollector <> - config1: ldlat: 0
360 [23089473644224] INFO perfrun.perfcollector <> - config: inv: 0
360 [23089473644224] INFO perfrun.perfcollector <> - config: umask: 20
360 [23089473644224] INFO perfrun.perfcollector <> - config: cmask: 0
360 [23089473644224] INFO perfrun.perfcollector <> - format: cpu/event=0xc7,umask=0x20,name='FP_ARITH_INST_RETIRED.256B_PACKED_SINGLE'/
360 [23089473644224] INFO perfrun.perfcollector <> - event name: FP_ARITH_INST_RETIRED.SCALAR_DOUBLE
360 [23089473644224] INFO perfrun.perfcollector <> - pmu config: cpu
360 [23089473644224] INFO perfrun.perfcollector <> - cccrAddr: 189, cccrValue: 5301c7
360 [23089473644224] INFO perfrun.perfcollector <> - dataAddr: c4, dataValue: ffffffffffe17b7d
360 [23089473644224] INFO perfrun.perfcollector <> - escrAddr: ffffffff, escrValue: 0
360 [23089473644224] INFO perfrun.perfcollector <> - extendedPebsValue: 0
360 [23089473644224] INFO perfrun.perfcollector <> - adaptivePebsAvailable: 0
360 [23089473644224] INFO perfrun.perfcollector <> - config: event: c7
360 [23089473644224] INFO perfrun.perfcollector <> - config: pc: 0
360 [23089473644224] INFO perfrun.perfcollector <> - config: in_tx: 0
360 [23089473644224] INFO perfrun.perfcollector <> - config: edge: 0
360 [23089473644224] INFO perfrun.perfcollector <> - config: any: 0
360 [23089473644224] INFO perfrun.perfcollector <> - config1: offcore_rsp: 0
360 [23089473644224] INFO perfrun.perfcollector <> - config: in_tx_cp: 0
360 [23089473644224] INFO perfrun.perfcollector <> - config1: ldlat: 0
360 [23089473644224] INFO perfrun.perfcollector <> - config: inv: 0
360 [23089473644224] INFO perfrun.perfcollector <> - config: umask: 1
360 [23089473644224] INFO perfrun.perfcollector <> - config: cmask: 0
360 [23089473644224] INFO perfrun.perfcollector <> - format: cpu/event=0xc7,umask=0x1,name='FP_ARITH_INST_RETIRED.SCALAR_DOUBLE'/
360 [23089473644224] INFO perfrun.perfcollector <> - event name: CPU_CLK_UNHALTED.REF_XCLK
360 [23089473644224] INFO perfrun.perfcollector <> - pmu config: cpu
360 [23089473644224] INFO perfrun.perfcollector <> - cccrAddr: 18a, cccrValue: 53013c
360 [23089473644224] INFO perfrun.perfcollector <> - dataAddr: c5, dataValue: fffffffffffe795d
360 [23089473644224] INFO perfrun.perfcollector <> - escrAddr: ffffffff, escrValue: 0
360 [23089473644224] INFO perfrun.perfcollector <> - extendedPebsValue: 0
360 [23089473644224] INFO perfrun.perfcollector <> - adaptivePebsAvailable: 0
360 [23089473644224] INFO perfrun.perfcollector <> - config: event: 3c
360 [23089473644224] INFO perfrun.perfcollector <> - config: pc: 0
360 [23089473644224] INFO perfrun.perfcollector <> - config: in_tx: 0
360 [23089473644224] INFO perfrun.perfcollector <> - config: edge: 0
360 [23089473644224] INFO perfrun.perfcollector <> - config: any: 0
360 [23089473644224] INFO perfrun.perfcollector <> - config1: offcore_rsp: 0
360 [23089473644224] INFO perfrun.perfcollector <> - config: in_tx_cp: 0
360 [23089473644224] INFO perfrun.perfcollector <> - config1: ldlat: 0
360 [23089473644224] INFO perfrun.perfcollector <> - config: inv: 0
360 [23089473644224] INFO perfrun.perfcollector <> - config: umask: 1
360 [23089473644224] INFO perfrun.perfcollector <> - config: cmask: 0
360 [23089473644224] INFO perfrun.perfcollector <> - format: cpu/event=0x3c,umask=0x1,name='CPU_CLK_UNHALTED.REF_XCLK'/
360 [23089473644224] INFO perfrun.perfcollector <> - event name: CPU_CLK_UNHALTED.ONE_THREAD_ACTIVE
360 [23089473644224] INFO perfrun.perfcollector <> - pmu config: cpu
360 [23089473644224] INFO perfrun.perfcollector <> - cccrAddr: 18b, cccrValue: 53023c
360 [23089473644224] INFO perfrun.perfcollector <> - dataAddr: c6, dataValue: fffffffffffe795d
360 [23089473644224] INFO perfrun.perfcollector <> - escrAddr: ffffffff, escrValue: 0
360 [23089473644224] INFO perfrun.perfcollector <> - extendedPebsValue: 0
360 [23089473644224] INFO perfrun.perfcollector <> - adaptivePebsAvailable: 0
360 [23089473644224] INFO perfrun.perfcollector <> - config: event: 3c
360 [23089473644224] INFO perfrun.perfcollector <> - config: pc: 0
360 [23089473644224] INFO perfrun.perfcollector <> - config: in_tx: 0
360 [23089473644224] INFO perfrun.perfcollector <> - config: edge: 0
360 [23089473644224] INFO perfrun.perfcollector <> - config: any: 0
360 [23089473644224] INFO perfrun.perfcollector <> - config1: offcore_rsp: 0
360 [23089473644224] INFO perfrun.perfcollector <> - config: in_tx_cp: 0
360 [23089473644224] INFO perfrun.perfcollector <> - config1: ldlat: 0
360 [23089473644224] INFO perfrun.perfcollector <> - config: inv: 0
360 [23089473644224] INFO perfrun.perfcollector <> - config: umask: 2
360 [23089473644224] INFO perfrun.perfcollector <> - config: cmask: 0
360 [23089473644224] INFO perfrun.perfcollector <> - format: cpu/event=0x3c,umask=0x2,name='CPU_CLK_UNHALTED.ONE_THREAD_ACTIVE'/
360 [23089473644224] INFO perfrun.perfcollector <> - event name: INST_RETIRED.X87
360 [23089473644224] INFO perfrun.perfcollector <> - pmu config: cpu
360 [23089473644224] INFO perfrun.perfcollector <> - cccrAddr: 18c, cccrValue: 5302c0
360 [23089473644224] INFO perfrun.perfcollector <> - dataAddr: c7, dataValue: ffffffffffe17b7d
360 [23089473644224] INFO perfrun.perfcollector <> - escrAddr: ffffffff, escrValue: 0
360 [23089473644224] INFO perfrun.perfcollector <> - extendedPebsValue: 0
360 [23089473644224] INFO perfrun.perfcollector <> - adaptivePebsAvailable: 0
360 [23089473644224] INFO perfrun.perfcollector <> - config: event: c0
360 [23089473644224] INFO perfrun.perfcollector <> - config: pc: 0
360 [23089473644224] INFO perfrun.perfcollector <> - config: in_tx: 0
360 [23089473644224] INFO perfrun.perfcollector <> - config: edge: 0
360 [23089473644224] INFO perfrun.perfcollector <> - config: any: 0
360 [23089473644224] INFO perfrun.perfcollector <> - config1: offcore_rsp: 0
360 [23089473644224] INFO perfrun.perfcollector <> - config: in_tx_cp: 0
360 [23089473644224] INFO perfrun.perfcollector <> - config1: ldlat: 0
360 [23089473644224] INFO perfrun.perfcollector <> - config: inv: 0
360 [23089473644224] INFO perfrun.perfcollector <> - config: umask: 2
360 [23089473644224] INFO perfrun.perfcollector <> - config: cmask: 0
360 [23089473644224] INFO perfrun.perfcollector <> - format: cpu/event=0xc0,umask=0x2,name='INST_RETIRED.X87'/
360 [23089473644224] INFO perfrun.perfcollector <> - event name: UOPS_RETIRED.RETIRE_SLOTS
360 [23089473644224] INFO perfrun.perfcollector <> - pmu config: cpu
360 [23089473644224] INFO perfrun.perfcollector <> - cccrAddr: 18d, cccrValue: 5302c2
360 [23089473644224] INFO perfrun.perfcollector <> - dataAddr: c8, dataValue: ffffffffffe17b7d
360 [23089473644224] INFO perfrun.perfcollector <> - escrAddr: ffffffff, escrValue: 0
360 [23089473644224] INFO perfrun.perfcollector <> - extendedPebsValue: 0
360 [23089473644224] INFO perfrun.perfcollector <> - adaptivePebsAvailable: 0
360 [23089473644224] INFO perfrun.perfcollector <> - config: event: c2
360 [23089473644224] INFO perfrun.perfcollector <> - config: pc: 0
360 [23089473644224] INFO perfrun.perfcollector <> - config: in_tx: 0
360 [23089473644224] INFO perfrun.perfcollector <> - config: edge: 0
360 [23089473644224] INFO perfrun.perfcollector <> - config: any: 0
360 [23089473644224] INFO perfrun.perfcollector <> - config1: offcore_rsp: 0
360 [23089473644224] INFO perfrun.perfcollector <> - config: in_tx_cp: 0
360 [23089473644224] INFO perfrun.perfcollector <> - config1: ldlat: 0
360 [23089473644224] INFO perfrun.perfcollector <> - config: inv: 0
360 [23089473644224] INFO perfrun.perfcollector <> - config: umask: 2
360 [23089473644224] INFO perfrun.perfcollector <> - config: cmask: 0
360 [23089473644224] INFO perfrun.perfcollector <> - format: cpu/event=0xc2,umask=0x2,name='UOPS_RETIRED.RETIRE_SLOTS'/
360 [23089473644224] INFO perfrun.perfcollector <> - event name: FP_ARITH_INST_RETIRED.128B_PACKED_DOUBLE
360 [23089473644224] INFO perfrun.perfcollector <> - pmu config: cpu
360 [23089473644224] INFO perfrun.perfcollector <> - cccrAddr: 186, cccrValue: 5304c7
360 [23089473644224] INFO perfrun.perfcollector <> - dataAddr: c1, dataValue: ffffffffffe17b7d
360 [23089473644224] INFO perfrun.perfcollector <> - escrAddr: ffffffff, escrValue: 0
360 [23089473644224] INFO perfrun.perfcollector <> - extendedPebsValue: 0
360 [23089473644224] INFO perfrun.perfcollector <> - adaptivePebsAvailable: 0
360 [23089473644224] INFO perfrun.perfcollector <> - config: event: c7
360 [23089473644224] INFO perfrun.perfcollector <> - config: pc: 0
360 [23089473644224] INFO perfrun.perfcollector <> - config: in_tx: 0
360 [23089473644224] INFO perfrun.perfcollector <> - config: edge: 0
360 [23089473644224] INFO perfrun.perfcollector <> - config: any: 0
360 [23089473644224] INFO perfrun.perfcollector <> - config1: offcore_rsp: 0
360 [23089473644224] INFO perfrun.perfcollector <> - config: in_tx_cp: 0
360 [23089473644224] INFO perfrun.perfcollector <> - config1: ldlat: 0
360 [23089473644224] INFO perfrun.perfcollector <> - config: inv: 0
360 [23089473644224] INFO perfrun.perfcollector <> - config: umask: 4
360 [23089473644224] INFO perfrun.perfcollector <> - config: cmask: 0
360 [23089473644224] INFO perfrun.perfcollector <> - format: cpu/event=0xc7,umask=0x4,name='FP_ARITH_INST_RETIRED.128B_PACKED_DOUBLE'/
360 [23089473644224] INFO perfrun.perfcollector <> - event name: FP_ARITH_INST_RETIRED.256B_PACKED_DOUBLE
360 [23089473644224] INFO perfrun.perfcollector <> - pmu config: cpu
360 [23089473644224] INFO perfrun.perfcollector <> - cccrAddr: 187, cccrValue: 5310c7
360 [23089473644224] INFO perfrun.perfcollector <> - dataAddr: c2, dataValue: ffffffffffe17b7d
360 [23089473644224] INFO perfrun.perfcollector <> - escrAddr: ffffffff, escrValue: 0
360 [23089473644224] INFO perfrun.perfcollector <> - extendedPebsValue: 0
360 [23089473644224] INFO perfrun.perfcollector <> - adaptivePebsAvailable: 0
360 [23089473644224] INFO perfrun.perfcollector <> - config: event: c7
360 [23089473644224] INFO perfrun.perfcollector <> - config: pc: 0
360 [23089473644224] INFO perfrun.perfcollector <> - config: in_tx: 0
360 [23089473644224] INFO perfrun.perfcollector <> - config: edge: 0
360 [23089473644224] INFO perfrun.perfcollector <> - config: any: 0
360 [23089473644224] INFO perfrun.perfcollector <> - config1: offcore_rsp: 0
360 [23089473644224] INFO perfrun.perfcollector <> - config: in_tx_cp: 0
360 [23089473644224] INFO perfrun.perfcollector <> - config1: ldlat: 0
360 [23089473644224] INFO perfrun.perfcollector <> - config: inv: 0
360 [23089473644224] INFO perfrun.perfcollector <> - config: umask: 10
360 [23089473644224] INFO perfrun.perfcollector <> - config: cmask: 0
360 [23089473644224] INFO perfrun.perfcollector <> - format: cpu/event=0xc7,umask=0x10,name='FP_ARITH_INST_RETIRED.256B_PACKED_DOUBLE'/
360 [23089473644224] INFO perfrun.perfcollector <> - event: cpu/event=0x3c,name='CPU_CLK_UNHALTED.THREAD'/Duk, added for counting
360 [23089473644224] INFO perfrun.perfcollector <> - event: cpu/umask=0x3,name='CPU_CLK_UNHALTED.REF_TSC'/Duk, added for counting
360 [23089473644224] INFO perfrun.perfcollector <> - event: cpu/event=0xc0,name='INST_RETIRED.ANY'/Duk, added for counting
360 [23089473644224] INFO perfrun.perfcollector <> - event: cpu/event=0xc7,umask=0x2,name='FP_ARITH_INST_RETIRED.SCALAR_SINGLE'/uk, added for counting
360 [23089473644224] INFO perfrun.perfcollector <> - event: cpu/event=0xc7,umask=0x8,name='FP_ARITH_INST_RETIRED.128B_PACKED_SINGLE'/uk, added for counting
360 [23089473644224] INFO perfrun.perfcollector <> - event: cpu/event=0xc7,umask=0x20,name='FP_ARITH_INST_RETIRED.256B_PACKED_SINGLE'/uk, added for counting
360 [23089473644224] INFO perfrun.perfcollector <> - event: cpu/event=0xc7,umask=0x1,name='FP_ARITH_INST_RETIRED.SCALAR_DOUBLE'/uk, added for counting
360 [23089473644224] INFO perfrun.perfcollector <> - event: cpu/event=0x3c,umask=0x1,name='CPU_CLK_UNHALTED.REF_XCLK'/uk, added for counting
360 [23089473644224] INFO perfrun.perfcollector <> - event: cpu/event=0x3c,umask=0x2,name='CPU_CLK_UNHALTED.ONE_THREAD_ACTIVE'/uk, added for counting
360 [23089473644224] INFO perfrun.perfcollector <> - event: cpu/event=0xc0,umask=0x2,name='INST_RETIRED.X87'/uk, added for counting
360 [23089473644224] INFO perfrun.perfcollector <> - event: cpu/event=0xc2,umask=0x2,name='UOPS_RETIRED.RETIRE_SLOTS'/uk, added for counting
360 [23089473644224] INFO perfrun.perfcollector <> - event: cpu/event=0xc7,umask=0x4,name='FP_ARITH_INST_RETIRED.128B_PACKED_DOUBLE'/uk, added for counting
360 [23089473644224] INFO perfrun.perfcollector <> - event: cpu/event=0xc7,umask=0x10,name='FP_ARITH_INST_RETIRED.256B_PACKED_DOUBLE'/uk, added for counting
360 [23089473644224] INFO perfrun.perfcollector <> - attaching to pid: 4294967295, collect mode: 1, rc modes: 3
372 [23089462597312] WARN perfrun.perfcollector <> - Perf stat trace pipe capacity: read = 1048576, write = 1048576, at file: vcs/perfrun1/plugins/perfcollector/src/profiler.cpp:765
383 [23089462597312] INFO perfrun.sdk <> - runCmd: /opt/intel/oneapi/vtune/2023.1.0/bin64/amplxe-perf stat -v --log-fd 10 --scale -x ; -e cpu/event=0x3c,name='CPU_CLK_UNHALTED.THREAD'/Duk,cpu/umask=0x3,name='CPU_CLK_UNHALTED.REF_TSC'/Duk,cpu/event=0xc0,name='INST_RETIRED.ANY'/Duk,cpu/event=0xc7,umask=0x2,name='FP_ARITH_INST_RETIRED.SCALAR_SINGLE'/uk,cpu/event=0xc7,umask=0x8,name='FP_ARITH_INST_RETIRED.128B_PACKED_SINGLE'/uk,cpu/event=0xc7,umask=0x20,name='FP_ARITH_INST_RETIRED.256B_PACKED_SINGLE'/uk,cpu/event=0xc7,umask=0x1,name='FP_ARITH_INST_RETIRED.SCALAR_DOUBLE'/uk,cpu/event=0x3c,umask=0x1,name='CPU_CLK_UNHALTED.REF_XCLK'/uk,cpu/event=0x3c,umask=0x2,name='CPU_CLK_UNHALTED.ONE_THREAD_ACTIVE'/uk,cpu/event=0xc0,umask=0x2,name='INST_RETIRED.X87'/uk,cpu/event=0xc2,umask=0x2,name='UOPS_RETIRED.RETIRE_SLOTS'/uk,cpu/event=0xc7,umask=0x4,name='FP_ARITH_INST_RETIRED.128B_PACKED_DOUBLE'/uk,cpu/event=0xc7,umask=0x10,name='FP_ARITH_INST_RETIRED.256B_PACKED_DOUBLE'/uk /opt/intel/oneapi/vtune/2023.1.0/bin64/amplxe-perf-sync dryrun sys
384 [23089462597312] INFO perfrun.sdk <> - runCmd started PID 3881994
553 [23089462597312] INFO perfrun.perfcollector <> - Monitor: runCmd RC = true
554 [23089473644224] INFO perfrun.launcher <> - plugin [aoclprofile] was disabled because it doesn't support the given collection type.
554 [23089473644224] INFO perfrun.tpss <> - initialize tpss controller
554 [23089473644224] INFO perfrun.tpss <> - configure collection mode: value = cpu:counters:nostack
554 [23089473644224] INFO perfrun.tpss <> - configure collection mode: value = cpu:stack
554 [23089473644224] INFO perfrun.tpss <> - default obj-size-min=1024
554 [23089473644224] INFO perfrun.tpss <> - default hash-table-size=0
554 [23089473644224] INFO perfrun.launcher <> - plugin [media] was disabled because it doesn't support the given collection type.
554 [23089473644224] INFO perfrun.launcher <> - plugin [] was disabled because it doesn't support the given collection type.
554 [23089473644224] INFO perfrun.launcher <> - plugin [] was disabled because it doesn't support the given collection type.
554 [23089473644224] INFO perfrun.launcher <> - plugin [parallelfs] was disabled because it doesn't support the given collection type.
554 [23089473644224] INFO perfrun.launcher <> - plugin [power] was disabled because it doesn't support the given collection type.
554 [23089473644224] INFO perfrun.launcher <> - plugin [hwloc] was disabled because it doesn't support the given collection type.
554 [23089473644224] INFO perfrun.launcher <> - plugin [ipmwatch] was disabled because it doesn't support the given collection type.
554 [23089473644224] INFO perfrun.launcher <> - plugin [os_counters] was disabled because it doesn't support the given collection type.
554 [23089473644224] INFO perfrun.launcher <> - plugin [l0_metrics] was disabled because it doesn't support the given collection type.
555 [23089616873344] INFO perfrun.launcher <> - set environment variable: LD_LIBRARY_PATH = /opt/intel/oneapi/vtune/2023.1.0/lib32/runtime:/opt/intel/oneapi/vtune/2023.1.0/lib64/runtime:/opt/intel/oneapi/tbb/2021.5.1/env/../lib/intel64/gcc4.8:/opt/intel/oneapi/mpi/2021.5.1//libfabric/lib:/opt/intel/oneapi/mpi/2021.5.1//lib/release:/opt/intel/oneapi/mpi/2021.5.1//lib:/opt/intel/oneapi/mkl/2022.0.2/lib/intel64:/opt/intel/oneapi/itac/2021.5.0/slib:/opt/intel/oneapi/debugger/2021.5.0/gdb/intel64/lib:/opt/intel/oneapi/debugger/2021.5.0/libipt/intel64/lib:/opt/intel/oneapi/debugger/2021.5.0/dep/lib:/opt/intel/oneapi/compiler/2022.0.2/linux/lib:/opt/intel/oneapi/compiler/2022.0.2/linux/lib/x64:/opt/intel/oneapi/compiler/2022.0.2/linux/lib/oclfpga/host/linux64/lib:/opt/intel/oneapi/compiler/2022.0.2/linux/compiler/lib/intel64_lin
555 [23089616873344] INFO perfrun.launcher <> - set environment variable: INTEL_LIBITTNOTIFY32 = /opt/intel/oneapi/vtune/2023.1.0/lib32/runtime/libittnotify_collector.so
555 [23089616873344] INFO perfrun.launcher <> - set environment variable: INTEL_LIBITTNOTIFY64 = /opt/intel/oneapi/vtune/2023.1.0/lib64/runtime/libittnotify_collector.so
555 [23089616873344] INFO perfrun.launcher <> - set environment variable: INTEL_ITTNOTIFY_GROUPS = 
555 [23089616873344] INFO perfrun.launcher <> - set environment variable: INTEL_JIT_PROFILER32 = /opt/intel/oneapi/vtune/2023.1.0/lib32/runtime/libittnotify_collector.so
555 [23089616873344] INFO perfrun.launcher <> - set environment variable: INTEL_JIT_PROFILER64 = /opt/intel/oneapi/vtune/2023.1.0/lib64/runtime/libittnotify_collector.so
555 [23089616873344] INFO perfrun.launcher <> - set environment variable: OMP_TOOL_LIBRARIES = /opt/intel/oneapi/vtune/2023.1.0/lib32/runtime/libittnotify_collector.so:/opt/intel/oneapi/vtune/2023.1.0/lib64/runtime/libittnotify_collector.so
555 [23089616873344] INFO perfrun.launcher <> - set environment variable: ENABLE_JITPROFILING = 1
555 [23089616873344] INFO perfrun.launcher <> - set environment variable: CL_CONFIG_USE_VTUNE = True
555 [23089616873344] INFO perfrun.launcher <> - set environment variable: LD_PRELOAD = libittnotify_collector.so:
555 [23089616873344] INFO perfrun.launcher <> - set environment variable: KMP_FORKJOIN_FRAMES = 0
555 [23089616873344] INFO perfrun.launcher <> - set environment variable: KMP_FORKJOIN_FRAMES_MODE = 0
555 [23089616873344] INFO perfrun.launcher <> - set environment variable: OMP_TOOL = disabled
555 [23089616873344] INFO perfrun.launcher <> - set environment variable: INTEL_MRTE_DATA_DIR = /home/course/hpc/users/2022012388/exp8/result.conv1/data.21
555 [23089616873344] INFO perfrun.launcher <> - set environment variable: INTEL_MRTE_HOST_NAME = conv1
555 [23089616873344] INFO perfrun.launcher <> - set environment variable: JAVA_TOOL_OPTIONS = -agentlib:amplxe_tpssmrte_javaprof_1.0 -Dsun.boot.library.path=/opt/intel/oneapi/vtune/2023.1.0/lib32/runtime:/opt/intel/oneapi/vtune/2023.1.0/lib64/runtime
555 [23089616873344] INFO perfrun.launcher <> - set environment variable: LD_LIBRARY_PATH = /opt/intel/oneapi/vtune/2023.1.0/lib32/runtime:/opt/intel/oneapi/vtune/2023.1.0/lib64/runtime:/opt/intel/oneapi/tbb/2021.5.1/env/../lib/intel64/gcc4.8:/opt/intel/oneapi/mpi/2021.5.1//libfabric/lib:/opt/intel/oneapi/mpi/2021.5.1//lib/release:/opt/intel/oneapi/mpi/2021.5.1//lib:/opt/intel/oneapi/mkl/2022.0.2/lib/intel64:/opt/intel/oneapi/itac/2021.5.0/slib:/opt/intel/oneapi/debugger/2021.5.0/gdb/intel64/lib:/opt/intel/oneapi/debugger/2021.5.0/libipt/intel64/lib:/opt/intel/oneapi/debugger/2021.5.0/dep/lib:/opt/intel/oneapi/compiler/2022.0.2/linux/lib:/opt/intel/oneapi/compiler/2022.0.2/linux/lib/x64:/opt/intel/oneapi/compiler/2022.0.2/linux/lib/oclfpga/host/linux64/lib:/opt/intel/oneapi/compiler/2022.0.2/linux/compiler/lib/intel64_lin
555 [23089616873344] INFO perfrun.launcher <> - set environment variable: CORECLR_ENABLE_PROFILING = 1
555 [23089616873344] INFO perfrun.launcher <> - set environment variable: CORECLR_PROFILER = {AA5E4821-E3B1-479c-B7FF-5AD047D22CED}
555 [23089616873344] INFO perfrun.launcher <> - set environment variable: CORECLR_PROFILER_PATH = /opt/intel/oneapi/vtune/2023.1.0/lib64/libamplxe_samplingmrte_clrprof_1.0.so
555 [23089616873344] INFO perfrun.launcher <> - set environment variable: INTEL_MRTE_PROFILER_MODE = mixed
555 [23089616873344] INFO perfrun.launcher <> - RpcServer: run RPC server to handle requests
556 [23089616873344] INFO perfrun.launcher <> - Launcher: command line to start before modification = ./run.sh 2022012388
556 [23089616873344] INFO perfrun.launcher <> - Launcher: command line to start after modification = /opt/intel/oneapi/vtune/2023.1.0/bin64/pin -error_file /home/course/hpc/users/2022012388/exp8/result.conv1/data.21/pinerr.tpsslog -detach_reattach -follow_execv -tool_load_option deepbind -t64 /opt/intel/oneapi/vtune/2023.1.0/lib64/libtpsstool.so -t /opt/intel/oneapi/vtune/2023.1.0/lib32/libtpsstool.so -server_name tpss_ipc.3881834 -prd_dir /opt/intel/oneapi/vtune/2023.1.0 -- ./run.sh 2022012388
657 [23089616873344] INFO perfrun.launcher <> - ProcessCreator object was created
658 [23089616873344] INFO perfrun.launcher <> - Launcher: the process was started in suspend mode
662 [23089473644224] WARN perfrun.system <> - Could not do anything with /sys/kernel/debug/kvm: boost::filesystem::status: Permission denied: "/sys/kernel/debug/kvm", at file: vcs/perfrun1/plugins/system/src/trace_writer.cpp:787
662 [23089473644224] WARN perfrun.system <> - Folder "/var/run/libvirt/qemu/"doesn't exist, at file: vcs/perfrun1/plugins/system/src/trace_writer.cpp:800
662 [23089473644224] INFO perfrun.itt <> - start itt controller for pid #3882068
662 [23089473644224] INFO perfrun.perfcollector <> - attaching to pid: 3882068, collect mode: 1, rc modes: 1
676 [23089456293568] WARN perfrun.perfcollector <> - Perf stat trace pipe capacity: read = 1048576, write = 1048576, at file: vcs/perfrun1/plugins/perfcollector/src/profiler.cpp:765
685 [23089456293568] INFO perfrun.sdk <> - runCmd: /opt/intel/oneapi/vtune/2023.1.0/bin64/amplxe-perf stat -v --log-fd 22 --control=fd:23,26 --scale -x ; -p 3882068 -e cpu/event=0x3c,name='CPU_CLK_UNHALTED.THREAD'/Duk,cpu/umask=0x3,name='CPU_CLK_UNHALTED.REF_TSC'/Duk,cpu/event=0xc0,name='INST_RETIRED.ANY'/Duk,cpu/event=0xc7,umask=0x2,name='FP_ARITH_INST_RETIRED.SCALAR_SINGLE'/uk,cpu/event=0xc7,umask=0x8,name='FP_ARITH_INST_RETIRED.128B_PACKED_SINGLE'/uk,cpu/event=0xc7,umask=0x20,name='FP_ARITH_INST_RETIRED.256B_PACKED_SINGLE'/uk,cpu/event=0xc7,umask=0x1,name='FP_ARITH_INST_RETIRED.SCALAR_DOUBLE'/uk,cpu/event=0x3c,umask=0x1,name='CPU_CLK_UNHALTED.REF_XCLK'/uk,cpu/event=0x3c,umask=0x2,name='CPU_CLK_UNHALTED.ONE_THREAD_ACTIVE'/uk,cpu/event=0xc0,umask=0x2,name='INST_RETIRED.X87'/uk,cpu/event=0xc2,umask=0x2,name='UOPS_RETIRED.RETIRE_SLOTS'/uk,cpu/event=0xc7,umask=0x4,name='FP_ARITH_INST_RETIRED.128B_PACKED_DOUBLE'/uk,cpu/event=0xc7,umask=0x10,name='FP_ARITH_INST_RETIRED.256B_PACKED_DOUBLE'/uk /opt/intel/oneapi/vtune/2023.1.0/bin64/amplxe-perf-sync sync sys
686 [23089456293568] INFO perfrun.sdk <> - runCmd started PID 3882103
835 [23089473644224] INFO perfrun.tpss <> - start tpss controller for pid #3882068
886 [23089616873344] INFO perfrun.launcher <> - Launcher: all plugins were started
886 [23089616873344] INFO perfrun.launcher <> - DirectoryMonitor object was created
886 [23089616873344] INFO perfrun.launcher <> - DirectoryMonitor: a callback was added
886 [23089616873344] INFO perfrun.launcher <> - DirectoryMonitor was started with pingTime = 1000
886 [23089616873344] INFO perfrun.launcher <> - DeadlineTimer is going to be constructed
886 [23089616873344] INFO perfrun.launcher <> - DeadlineTimer: a callback was added
888 [23089616873344] INFO perfrun.launcher <> - Launcher: resume the profiled application and  wait its termination or stop command
93954 [23089616873344] INFO perfrun.launcher <> - Launcher: the profiled application was terminated  with exit code = 1
94124 [23089473644224] INFO perfrun.itt <> - detach itt controller
94124 [23089473644224] INFO perfrun.itt <> - detach itt controller done
94125 [23089456293568] INFO perfrun.perfcollector <> - Monitor: runCmd RC = true
94126 [23089473644224] INFO perfrun.perfcollector <> - Monitor: state = 3, error = 1
94126 [23089473644224] INFO perfrun.tpss <> - stop tpss controller
94128 [23089473644224] INFO perfrun.sdk <> - De-allocating TMU: /home/course/hpc/users/2022012388/exp8/result.conv1/data.21/systemcollector-3881834-conv1.sc
94128 [23089473644224] INFO perfrun.system <> - closed the system trace file: /home/course/hpc/users/2022012388/exp8/result.conv1/data.21/systemcollector-3881834-conv1.sc
94128 [23089616873344] INFO perfrun.launcher <> - Launcher: all plugins were stopped.
94128 [23089616873344] INFO perfrun.launcher <> - DeadlineTimer is going to be destroyed
94129 [23089616873344] INFO perfrun.launcher <> - DeadlineTimer was destroyed
94129 [23089616873344] INFO perfrun.launcher <> - DirectoryMonitor object was destroyed
94129 [23089616873344] WARN perfrun.launcher <> - Stop command is ignored because it is received when collection is already stopped, at file: vcs/perfrun1/launcher/src/command_handler.cpp:226
94131 [23089616873344] INFO perfrun.launcher <> - Application exit code: 1
94131 [23089616873344] INFO perfrun.launcher <> - Exit code: 4
