13 [22401038059392] INFO perfrun.launcher <> - Launcher main begin
15 [22401038059392] INFO perfrun.launcher <> - MessageCatalogInit finished
15 [22401038059392] INFO perfrun.launcher <> - Launcher instance created
16 [22401038059392] INFO perfrun.launcher <> - argc = 7; cmdline = /opt/intel/oneapi/vtune/2023.1.0/bin64/amplxe-runss --ui-output-format xml --ui-output-fd 5 --option-file /home/course/hpc/users/2022012388/exp8/result.conv1/config/runss.options.23 
237 [22401038059392] INFO perfrun.launcher <> - create msngr2::ICliToolContext
237 [22401038059392] INFO perfrun.launcher <> - create file finder object
237 [22401038059392] INFO perfrun.launcher <> - create a result directory: pattern = /home/course/hpc/users/2022012388/exp8/result.conv1 pid = 4294967295
239 [22401038059392] INFO perfrun.sdk <> - checked that the directory /home/course/hpc/users/2022012388/exp8/result.conv1 is a local directory
240 [22401038059392] INFO perfrun.sdk <> - the directory /home/course/hpc/users/2022012388/exp8/result.conv1 is located on a share or its FS ID is unknown 26985
240 [22401038059392] INFO perfrun.sdk <> - checked that the directory /tmp/amplxe-tmp-2022012388 is a local directory
240 [22401038059392] INFO perfrun.sdk <> - the directory /tmp/amplxe-tmp-2022012388 is located on a share or its FS ID is unknown 2035054128
243 [22401038059392] INFO perfrun.launcher <> - create data directory = /home/course/hpc/users/2022012388/exp8/result.conv1/data.24
244 [22401038059392] INFO perfrun.launcher <> - Creating the master collection flag
245 [22401038059392] INFO perfrun.launcher <> - Done creating the master collection flag
248 [22400894756544] INFO perfrun.launcher <> - plugin [remoteplug] was disabled because it doesn't support the given collection type.
248 [22400894756544] INFO perfrun.sdk <> - Allocating TMU :/home/course/hpc/users/2022012388/exp8/result.conv1/data.24/systemcollector-3881842-conv1.sc
249 [22400894756544] INFO perfrun.launcher <> - plugin [vdso] was disabled because it doesn't support the given collection type.
249 [22400894756544] INFO perfrun.launcher <> - plugin [ptracecollector] was disabled because it doesn't support the given collection type.
249 [22400894756544] INFO perfrun.launcher <> - plugin [gpu] was disabled because it doesn't support the given collection type.
249 [22400894756544] INFO perfrun.launcher <> - plugin [] was disabled because it doesn't support the given collection type.
249 [22400894756544] INFO perfrun.launcher <> - plugin [] was disabled because it doesn't support the given collection type.
249 [22400894756544] INFO perfrun.launcher <> - plugin [] was disabled because it doesn't support the given collection type.
249 [22400894756544] INFO perfrun.mrte <> - system-wide mode is 0
249 [22400894756544] INFO perfrun.mrte <> - Getting  mrte profiling environment ...
263 [22400894756544] INFO perfrun.mrte <> - INTEL_MRTE_DATA_DIR=/home/course/hpc/users/2022012388/exp8/result.conv1/data.24
263 [22400894756544] INFO perfrun.mrte <> - INTEL_MRTE_HOST_NAME=conv1
263 [22400894756544] INFO perfrun.mrte <> - JAVA_TOOL_OPTIONS=-agentlib:amplxe_tpssmrte_javaprof_1.0 -Dsun.boot.library.path=/opt/intel/oneapi/vtune/2023.1.0/lib32/runtime:/opt/intel/oneapi/vtune/2023.1.0/lib64/runtime
263 [22400894756544] INFO perfrun.mrte <> - LD_LIBRARY_PATH=/opt/intel/oneapi/vtune/2023.1.0/lib32/runtime:/opt/intel/oneapi/vtune/2023.1.0/lib64/runtime:/opt/intel/oneapi/tbb/2021.5.1/env/../lib/intel64/gcc4.8:/opt/intel/oneapi/mpi/2021.5.1//libfabric/lib:/opt/intel/oneapi/mpi/2021.5.1//lib/release:/opt/intel/oneapi/mpi/2021.5.1//lib:/opt/intel/oneapi/mkl/2022.0.2/lib/intel64:/opt/intel/oneapi/itac/2021.5.0/slib:/opt/intel/oneapi/debugger/2021.5.0/gdb/intel64/lib:/opt/intel/oneapi/debugger/2021.5.0/libipt/intel64/lib:/opt/intel/oneapi/debugger/2021.5.0/dep/lib:/opt/intel/oneapi/compiler/2022.0.2/linux/lib:/opt/intel/oneapi/compiler/2022.0.2/linux/lib/x64:/opt/intel/oneapi/compiler/2022.0.2/linux/lib/oclfpga/host/linux64/lib:/opt/intel/oneapi/compiler/2022.0.2/linux/compiler/lib/intel64_lin
263 [22400894756544] INFO perfrun.mrte <> - CORECLR_ENABLE_PROFILING=1
263 [22400894756544] INFO perfrun.mrte <> - CORECLR_PROFILER={AA5E4821-E3B1-479c-B7FF-5AD047D22CED}
263 [22400894756544] INFO perfrun.mrte <> - CORECLR_PROFILER_PATH=/opt/intel/oneapi/vtune/2023.1.0/lib64/libamplxe_samplingmrte_clrprof_1.0.so
263 [22400894756544] INFO perfrun.mrte <> - INTEL_MRTE_PROFILER_MODE=mixed
263 [22400894756544] INFO perfrun.mrte <> - Data directory: /home/course/hpc/users/2022012388/exp8/result.conv1/data.24
263 [22400894756544] INFO perfrun.mrte <> - Mrte plugin is initialized
263 [22400894756544] INFO perfrun.launcher <> - plugin [emon] was disabled because it doesn't support the given collection type.
263 [22400894756544] INFO perfrun.launcher <> - plugin [cuscol] was disabled because it doesn't support the given collection type.
263 [22400894756544] INFO perfrun.launcher <> - plugin [stdsrc] was disabled because it doesn't support the given collection type.
263 [22400894756544] INFO perfrun.launcher <> - plugin [sep] was disabled because it doesn't support the given collection type.
263 [22400894756544] INFO perfrun.launcher <> - plugin [vtsspp] was disabled because it doesn't support the given collection type.
263 [22400894756544] INFO perfrun.sdk <> - Reading value (0) from file: /proc/sys/kernel/perf_event_paranoid
263 [22400894756544] INFO perfrun.perfcollector <> - checking access to: /opt/intel/oneapi/vtune/2023.1.0/bin64/amplxe-perf-priv
266 [22400894756544] INFO perfrun.perfcollector <> - cpu: family = 6 model = 79
266 [22400894756544] INFO perfrun.perfcollector <> - dir found: /sys/bus/event_source/devices/software
266 [22400894756544] INFO perfrun.perfcollector <> - format: pmu format subdir doesn't exist
266 [22400894756544] INFO perfrun.perfcollector <> - hwInfo: not set, pmuFam: software
266 [22400894756544] INFO perfrun.perfcollector <> - pmu added: family: software, id: 0
266 [22400894756544] INFO perfrun.perfcollector <> - dir found: /sys/bus/event_source/devices/uncore_imc_5
267 [22400894756544] INFO perfrun.perfcollector <> - format: event config:0-7 mask:0-7
267 [22400894756544] INFO perfrun.perfcollector <> - format: edge config:18 mask:18
267 [22400894756544] INFO perfrun.perfcollector <> - format: inv config:23 mask:23
267 [22400894756544] INFO perfrun.perfcollector <> - format: umask config:8-15 mask:8-15
267 [22400894756544] INFO perfrun.perfcollector <> - format: thresh config:24-31 mask:24-31
267 [22400894756544] INFO perfrun.perfcollector <> - hwInfo: PERF_IMC_PMU_DETAILS
267 [22400894756544] INFO perfrun.perfcollector <> - pmu added: family: uncore_imc, id: 5
267 [22400894756544] INFO perfrun.perfcollector <> - dir found: /sys/bus/event_source/devices/uncore_sbox_2
268 [22400894756544] INFO perfrun.perfcollector <> - format: event config:0-7 mask:0-7
268 [22400894756544] INFO perfrun.perfcollector <> - format: edge config:18 mask:18
268 [22400894756544] INFO perfrun.perfcollector <> - format: inv config:23 mask:23
268 [22400894756544] INFO perfrun.perfcollector <> - format: umask config:8-15 mask:8-15
268 [22400894756544] INFO perfrun.perfcollector <> - format: tid_en config:19 mask:19
268 [22400894756544] INFO perfrun.perfcollector <> - format: thresh config:24-31 mask:24-31
268 [22400894756544] INFO perfrun.perfcollector <> - hwInfo: not set, pmuFam: uncore_sbox
268 [22400894756544] INFO perfrun.perfcollector <> - pmu added: family: uncore_sbox, id: 2
269 [22400894756544] INFO perfrun.perfcollector <> - dir found: /sys/bus/event_source/devices/uncore_cbox_8
269 [22400894756544] INFO perfrun.perfcollector <> - format: event config:0-7 mask:0-7
269 [22400894756544] INFO perfrun.perfcollector <> - format: filter_link config1:6-8 mask:6-8
269 [22400894756544] INFO perfrun.perfcollector <> - format: filter_c6 config1:61 mask:61
269 [22400894756544] INFO perfrun.perfcollector <> - format: edge config:18 mask:18
269 [22400894756544] INFO perfrun.perfcollector <> - format: filter_isoc config1:63 mask:63
269 [22400894756544] INFO perfrun.perfcollector <> - format: filter_tid config1:0-5 mask:0-5
270 [22400894756544] INFO perfrun.perfcollector <> - format: filter_nid config1:32-47 mask:32-47
270 [22400894756544] INFO perfrun.perfcollector <> - format: filter_nc config1:62 mask:62
270 [22400894756544] INFO perfrun.perfcollector <> - format: umask config:8-15 mask:8-15
270 [22400894756544] INFO perfrun.perfcollector <> - format: tid_en config:19 mask:19
270 [22400894756544] INFO perfrun.perfcollector <> - format: thresh config:24-31 mask:24-31
270 [22400894756544] INFO perfrun.perfcollector <> - format: filter_state config1:17-23 mask:17-23
270 [22400894756544] INFO perfrun.perfcollector <> - format: filter_opc config1:52-60 mask:52-60
271 [22400894756544] INFO perfrun.perfcollector <> - hwInfo: PERF_CBOX_PMU_DETAILS
271 [22400894756544] INFO perfrun.perfcollector <> - pmu added: family: uncore_cbox, id: 8
271 [22400894756544] INFO perfrun.perfcollector <> - dir found: /sys/bus/event_source/devices/uncore_cbox_13
271 [22400894756544] INFO perfrun.perfcollector <> - format: event config:0-7 mask:0-7
271 [22400894756544] INFO perfrun.perfcollector <> - format: filter_link config1:6-8 mask:6-8
271 [22400894756544] INFO perfrun.perfcollector <> - format: filter_c6 config1:61 mask:61
272 [22400894756544] INFO perfrun.perfcollector <> - format: edge config:18 mask:18
272 [22400894756544] INFO perfrun.perfcollector <> - format: filter_isoc config1:63 mask:63
272 [22400894756544] INFO perfrun.perfcollector <> - format: filter_tid config1:0-5 mask:0-5
272 [22400894756544] INFO perfrun.perfcollector <> - format: filter_nid config1:32-47 mask:32-47
272 [22400894756544] INFO perfrun.perfcollector <> - format: filter_nc config1:62 mask:62
273 [22400894756544] INFO perfrun.perfcollector <> - format: umask config:8-15 mask:8-15
273 [22400894756544] INFO perfrun.perfcollector <> - format: tid_en config:19 mask:19
273 [22400894756544] INFO perfrun.perfcollector <> - format: thresh config:24-31 mask:24-31
273 [22400894756544] INFO perfrun.perfcollector <> - format: filter_state config1:17-23 mask:17-23
273 [22400894756544] INFO perfrun.perfcollector <> - format: filter_opc config1:52-60 mask:52-60
273 [22400894756544] INFO perfrun.perfcollector <> - hwInfo: PERF_CBOX_PMU_DETAILS
274 [22400894756544] INFO perfrun.perfcollector <> - pmu added: family: uncore_cbox, id: 13
274 [22400894756544] INFO perfrun.perfcollector <> - dir found: /sys/bus/event_source/devices/uncore_r2pcie
274 [22400894756544] INFO perfrun.perfcollector <> - format: event config:0-7 mask:0-7
274 [22400894756544] INFO perfrun.perfcollector <> - format: edge config:18 mask:18
274 [22400894756544] INFO perfrun.perfcollector <> - format: inv config:23 mask:23
275 [22400894756544] INFO perfrun.perfcollector <> - format: umask config:8-15 mask:8-15
275 [22400894756544] INFO perfrun.perfcollector <> - format: thresh config:24-31 mask:24-31
275 [22400894756544] INFO perfrun.perfcollector <> - hwInfo: not set, pmuFam: uncore_r2pcie
275 [22400894756544] INFO perfrun.perfcollector <> - pmu added: family: uncore_r2pcie, id: 0
275 [22400894756544] INFO perfrun.perfcollector <> - dir found: /sys/bus/event_source/devices/uncore_sbox_0
275 [22400894756544] INFO perfrun.perfcollector <> - format: event config:0-7 mask:0-7
276 [22400894756544] INFO perfrun.perfcollector <> - format: edge config:18 mask:18
276 [22400894756544] INFO perfrun.perfcollector <> - format: inv config:23 mask:23
276 [22400894756544] INFO perfrun.perfcollector <> - format: umask config:8-15 mask:8-15
276 [22400894756544] INFO perfrun.perfcollector <> - format: tid_en config:19 mask:19
276 [22400894756544] INFO perfrun.perfcollector <> - format: thresh config:24-31 mask:24-31
276 [22400894756544] INFO perfrun.perfcollector <> - hwInfo: not set, pmuFam: uncore_sbox
277 [22400894756544] INFO perfrun.perfcollector <> - pmu added: family: uncore_sbox, id: 0
277 [22400894756544] INFO perfrun.perfcollector <> - dir found: /sys/bus/event_source/devices/uncore_qpi_1
277 [22400894756544] INFO perfrun.perfcollector <> - format: mask_rnid4 config2:31 mask:31
277 [22400894756544] INFO perfrun.perfcollector <> - format: mask_rnid30 config2:32-35 mask:32-35
277 [22400894756544] INFO perfrun.perfcollector <> - format: match_rnid30 config1:32-35 mask:32-35
277 [22400894756544] INFO perfrun.perfcollector <> - format: event config:0-7,21 mask:0-7,21
278 [22400894756544] INFO perfrun.perfcollector <> - format: match0 config1:0-31 mask:0-31
278 [22400894756544] INFO perfrun.perfcollector <> - format: match_rds config1:48-51 mask:48-51
278 [22400894756544] INFO perfrun.perfcollector <> - format: mask_rds config2:48-51 mask:48-51
278 [22400894756544] INFO perfrun.perfcollector <> - format: edge config:18 mask:18
278 [22400894756544] INFO perfrun.perfcollector <> - format: mask1 config2:32-63 mask:32-63
278 [22400894756544] INFO perfrun.perfcollector <> - format: match_dnid config1:13-17 mask:13-17
279 [22400894756544] INFO perfrun.perfcollector <> - format: mask_dnid config2:13-17 mask:13-17
279 [22400894756544] INFO perfrun.perfcollector <> - format: match_vnw config1:3-4 mask:3-4
279 [22400894756544] INFO perfrun.perfcollector <> - format: mask_vnw config2:3-4 mask:3-4
279 [22400894756544] INFO perfrun.perfcollector <> - format: mask_mc config2:9-12 mask:9-12
279 [22400894756544] INFO perfrun.perfcollector <> - format: match1 config1:32-63 mask:32-63
279 [22400894756544] INFO perfrun.perfcollector <> - format: inv config:23 mask:23
280 [22400894756544] INFO perfrun.perfcollector <> - format: umask config:8-15 mask:8-15
280 [22400894756544] INFO perfrun.perfcollector <> - format: match_opc config1:5-8 mask:5-8
280 [22400894756544] INFO perfrun.perfcollector <> - format: mask_opc config2:5-8 mask:5-8
280 [22400894756544] INFO perfrun.perfcollector <> - format: thresh config:24-31 mask:24-31
280 [22400894756544] INFO perfrun.perfcollector <> - format: match_rnid4 config1:31 mask:31
280 [22400894756544] INFO perfrun.perfcollector <> - format: mask0 config2:0-31 mask:0-31
281 [22400894756544] INFO perfrun.perfcollector <> - format: match_mc config1:9-12 mask:9-12
281 [22400894756544] INFO perfrun.perfcollector <> - hwInfo: PERF_QPI_PMU_DETAILS
281 [22400894756544] INFO perfrun.perfcollector <> - pmu added: family: uncore_qpi, id: 1
281 [22400894756544] INFO perfrun.perfcollector <> - dir found: /sys/bus/event_source/devices/uncore_cbox_6
281 [22400894756544] INFO perfrun.perfcollector <> - format: event config:0-7 mask:0-7
281 [22400894756544] INFO perfrun.perfcollector <> - format: filter_link config1:6-8 mask:6-8
282 [22400894756544] INFO perfrun.perfcollector <> - format: filter_c6 config1:61 mask:61
282 [22400894756544] INFO perfrun.perfcollector <> - format: edge config:18 mask:18
282 [22400894756544] INFO perfrun.perfcollector <> - format: filter_isoc config1:63 mask:63
282 [22400894756544] INFO perfrun.perfcollector <> - format: filter_tid config1:0-5 mask:0-5
282 [22400894756544] INFO perfrun.perfcollector <> - format: filter_nid config1:32-47 mask:32-47
282 [22400894756544] INFO perfrun.perfcollector <> - format: filter_nc config1:62 mask:62
283 [22400894756544] INFO perfrun.perfcollector <> - format: umask config:8-15 mask:8-15
283 [22400894756544] INFO perfrun.perfcollector <> - format: tid_en config:19 mask:19
283 [22400894756544] INFO perfrun.perfcollector <> - format: thresh config:24-31 mask:24-31
283 [22400894756544] INFO perfrun.perfcollector <> - format: filter_state config1:17-23 mask:17-23
283 [22400894756544] INFO perfrun.perfcollector <> - format: filter_opc config1:52-60 mask:52-60
283 [22400894756544] INFO perfrun.perfcollector <> - hwInfo: PERF_CBOX_PMU_DETAILS
284 [22400894756544] INFO perfrun.perfcollector <> - pmu added: family: uncore_cbox, id: 6
284 [22400894756544] INFO perfrun.perfcollector <> - dir found: /sys/bus/event_source/devices/uncore_imc_1
284 [22400894756544] INFO perfrun.perfcollector <> - format: event config:0-7 mask:0-7
284 [22400894756544] INFO perfrun.perfcollector <> - format: edge config:18 mask:18
284 [22400894756544] INFO perfrun.perfcollector <> - format: inv config:23 mask:23
285 [22400894756544] INFO perfrun.perfcollector <> - format: umask config:8-15 mask:8-15
285 [22400894756544] INFO perfrun.perfcollector <> - format: thresh config:24-31 mask:24-31
285 [22400894756544] INFO perfrun.perfcollector <> - hwInfo: PERF_IMC_PMU_DETAILS
285 [22400894756544] INFO perfrun.perfcollector <> - pmu added: family: uncore_imc, id: 1
285 [22400894756544] INFO perfrun.perfcollector <> - dir found: /sys/bus/event_source/devices/power
285 [22400894756544] INFO perfrun.perfcollector <> - format: event config:0-7 mask:0-7
285 [22400894756544] INFO perfrun.perfcollector <> - hwInfo: not set, pmuFam: power
286 [22400894756544] INFO perfrun.perfcollector <> - pmu added: family: power, id: 0
286 [22400894756544] INFO perfrun.perfcollector <> - dir found: /sys/bus/event_source/devices/uncore_cbox_11
286 [22400894756544] INFO perfrun.perfcollector <> - format: event config:0-7 mask:0-7
286 [22400894756544] INFO perfrun.perfcollector <> - format: filter_link config1:6-8 mask:6-8
287 [22400894756544] INFO perfrun.perfcollector <> - format: filter_c6 config1:61 mask:61
287 [22400894756544] INFO perfrun.perfcollector <> - format: edge config:18 mask:18
287 [22400894756544] INFO perfrun.perfcollector <> - format: filter_isoc config1:63 mask:63
287 [22400894756544] INFO perfrun.perfcollector <> - format: filter_tid config1:0-5 mask:0-5
287 [22400894756544] INFO perfrun.perfcollector <> - format: filter_nid config1:32-47 mask:32-47
287 [22400894756544] INFO perfrun.perfcollector <> - format: filter_nc config1:62 mask:62
288 [22400894756544] INFO perfrun.perfcollector <> - format: umask config:8-15 mask:8-15
288 [22400894756544] INFO perfrun.perfcollector <> - format: tid_en config:19 mask:19
288 [22400894756544] INFO perfrun.perfcollector <> - format: thresh config:24-31 mask:24-31
288 [22400894756544] INFO perfrun.perfcollector <> - format: filter_state config1:17-23 mask:17-23
288 [22400894756544] INFO perfrun.perfcollector <> - format: filter_opc config1:52-60 mask:52-60
288 [22400894756544] INFO perfrun.perfcollector <> - hwInfo: PERF_CBOX_PMU_DETAILS
288 [22400894756544] INFO perfrun.perfcollector <> - pmu added: family: uncore_cbox, id: 11
289 [22400894756544] INFO perfrun.perfcollector <> - dir found: /sys/bus/event_source/devices/uncore_cbox_4
289 [22400894756544] INFO perfrun.perfcollector <> - format: event config:0-7 mask:0-7
289 [22400894756544] INFO perfrun.perfcollector <> - format: filter_link config1:6-8 mask:6-8
289 [22400894756544] INFO perfrun.perfcollector <> - format: filter_c6 config1:61 mask:61
290 [22400894756544] INFO perfrun.perfcollector <> - format: edge config:18 mask:18
290 [22400894756544] INFO perfrun.perfcollector <> - format: filter_isoc config1:63 mask:63
290 [22400894756544] INFO perfrun.perfcollector <> - format: filter_tid config1:0-5 mask:0-5
290 [22400894756544] INFO perfrun.perfcollector <> - format: filter_nid config1:32-47 mask:32-47
290 [22400894756544] INFO perfrun.perfcollector <> - format: filter_nc config1:62 mask:62
291 [22400894756544] INFO perfrun.perfcollector <> - format: umask config:8-15 mask:8-15
291 [22400894756544] INFO perfrun.perfcollector <> - format: tid_en config:19 mask:19
291 [22400894756544] INFO perfrun.perfcollector <> - format: thresh config:24-31 mask:24-31
291 [22400894756544] INFO perfrun.perfcollector <> - format: filter_state config1:17-23 mask:17-23
291 [22400894756544] INFO perfrun.perfcollector <> - format: filter_opc config1:52-60 mask:52-60
291 [22400894756544] INFO perfrun.perfcollector <> - hwInfo: PERF_CBOX_PMU_DETAILS
291 [22400894756544] INFO perfrun.perfcollector <> - pmu added: family: uncore_cbox, id: 4
292 [22400894756544] INFO perfrun.perfcollector <> - dir found: /sys/bus/event_source/devices/uprobe
292 [22400894756544] INFO perfrun.perfcollector <> - format: ref_ctr_offset config:32-63 mask:32-63
292 [22400894756544] INFO perfrun.perfcollector <> - format: retprobe config:0 mask:0
292 [22400894756544] INFO perfrun.perfcollector <> - hwInfo: not set, pmuFam: uprobe
292 [22400894756544] INFO perfrun.perfcollector <> - pmu added: family: uprobe, id: 0
292 [22400894756544] INFO perfrun.perfcollector <> - dir found: /sys/bus/event_source/devices/intel_bts
292 [22400894756544] INFO perfrun.perfcollector <> - format: pmu format subdir doesn't exist
292 [22400894756544] INFO perfrun.perfcollector <> - hwInfo: not set, pmuFam: intel_bts
293 [22400894756544] INFO perfrun.perfcollector <> - pmu added: family: intel_bts, id: 0
293 [22400894756544] INFO perfrun.perfcollector <> - dir found: /sys/bus/event_source/devices/cpu
293 [22400894756544] INFO perfrun.perfcollector <> - format: event config:0-7 mask:0-7
293 [22400894756544] INFO perfrun.perfcollector <> - format: pc config:19 mask:19
293 [22400894756544] INFO perfrun.perfcollector <> - format: in_tx config:32 mask:32
294 [22400894756544] INFO perfrun.perfcollector <> - format: edge config:18 mask:18
294 [22400894756544] INFO perfrun.perfcollector <> - format: any config:21 mask:21
294 [22400894756544] INFO perfrun.perfcollector <> - format: offcore_rsp config1:0-63 mask:0-63
294 [22400894756544] INFO perfrun.perfcollector <> - format: in_tx_cp config:33 mask:33
294 [22400894756544] INFO perfrun.perfcollector <> - format: ldlat config1:0-15 mask:0-15
294 [22400894756544] INFO perfrun.perfcollector <> - format: inv config:23 mask:23
295 [22400894756544] INFO perfrun.perfcollector <> - format: umask config:8-15 mask:8-15
295 [22400894756544] INFO perfrun.perfcollector <> - format: cmask config:24-31 mask:24-31
295 [22400894756544] INFO perfrun.perfcollector <> - hwInfo: PERF_CPU_PMU_DETAILS
295 [22400894756544] INFO perfrun.perfcollector <> - pmu added: family: cpu, id: 0
295 [22400894756544] INFO perfrun.perfcollector <> - dir found: /sys/bus/event_source/devices/uncore_r3qpi_0
295 [22400894756544] INFO perfrun.perfcollector <> - format: event config:0-7 mask:0-7
296 [22400894756544] INFO perfrun.perfcollector <> - format: edge config:18 mask:18
296 [22400894756544] INFO perfrun.perfcollector <> - format: inv config:23 mask:23
296 [22400894756544] INFO perfrun.perfcollector <> - format: umask config:8-15 mask:8-15
296 [22400894756544] INFO perfrun.perfcollector <> - format: thresh config:24-31 mask:24-31
296 [22400894756544] INFO perfrun.perfcollector <> - hwInfo: not set, pmuFam: uncore_r3qpi
296 [22400894756544] INFO perfrun.perfcollector <> - pmu added: family: uncore_r3qpi, id: 0
296 [22400894756544] INFO perfrun.perfcollector <> - dir found: /sys/bus/event_source/devices/cstate_core
297 [22400894756544] INFO perfrun.perfcollector <> - format: event config:0-63 mask:0-63
297 [22400894756544] INFO perfrun.perfcollector <> - hwInfo: not set, pmuFam: cstate_core
297 [22400894756544] INFO perfrun.perfcollector <> - pmu added: family: cstate_core, id: 0
297 [22400894756544] INFO perfrun.perfcollector <> - dir found: /sys/bus/event_source/devices/uncore_cbox_2
297 [22400894756544] INFO perfrun.perfcollector <> - format: event config:0-7 mask:0-7
298 [22400894756544] INFO perfrun.perfcollector <> - format: filter_link config1:6-8 mask:6-8
298 [22400894756544] INFO perfrun.perfcollector <> - format: filter_c6 config1:61 mask:61
298 [22400894756544] INFO perfrun.perfcollector <> - format: edge config:18 mask:18
298 [22400894756544] INFO perfrun.perfcollector <> - format: filter_isoc config1:63 mask:63
298 [22400894756544] INFO perfrun.perfcollector <> - format: filter_tid config1:0-5 mask:0-5
298 [22400894756544] INFO perfrun.perfcollector <> - format: filter_nid config1:32-47 mask:32-47
299 [22400894756544] INFO perfrun.perfcollector <> - format: filter_nc config1:62 mask:62
299 [22400894756544] INFO perfrun.perfcollector <> - format: umask config:8-15 mask:8-15
299 [22400894756544] INFO perfrun.perfcollector <> - format: tid_en config:19 mask:19
299 [22400894756544] INFO perfrun.perfcollector <> - format: thresh config:24-31 mask:24-31
299 [22400894756544] INFO perfrun.perfcollector <> - format: filter_state config1:17-23 mask:17-23
299 [22400894756544] INFO perfrun.perfcollector <> - format: filter_opc config1:52-60 mask:52-60
299 [22400894756544] INFO perfrun.perfcollector <> - hwInfo: PERF_CBOX_PMU_DETAILS
300 [22400894756544] INFO perfrun.perfcollector <> - pmu added: family: uncore_cbox, id: 2
300 [22400894756544] INFO perfrun.perfcollector <> - dir found: /sys/bus/event_source/devices/breakpoint
300 [22400894756544] INFO perfrun.perfcollector <> - format: pmu format subdir doesn't exist
300 [22400894756544] INFO perfrun.perfcollector <> - hwInfo: not set, pmuFam: breakpoint
300 [22400894756544] INFO perfrun.perfcollector <> - pmu added: family: breakpoint, id: 0
300 [22400894756544] INFO perfrun.perfcollector <> - dir found: /sys/bus/event_source/devices/uncore_ha_0
300 [22400894756544] INFO perfrun.perfcollector <> - format: event config:0-7 mask:0-7
301 [22400894756544] INFO perfrun.perfcollector <> - format: edge config:18 mask:18
301 [22400894756544] INFO perfrun.perfcollector <> - format: inv config:23 mask:23
301 [22400894756544] INFO perfrun.perfcollector <> - format: umask config:8-15 mask:8-15
301 [22400894756544] INFO perfrun.perfcollector <> - format: thresh config:24-31 mask:24-31
301 [22400894756544] INFO perfrun.perfcollector <> - hwInfo: not set, pmuFam: uncore_ha
301 [22400894756544] INFO perfrun.perfcollector <> - pmu added: family: uncore_ha, id: 0
301 [22400894756544] INFO perfrun.perfcollector <> - dir found: /sys/bus/event_source/devices/uncore_cbox_0
302 [22400894756544] INFO perfrun.perfcollector <> - format: event config:0-7 mask:0-7
302 [22400894756544] INFO perfrun.perfcollector <> - format: filter_link config1:6-8 mask:6-8
302 [22400894756544] INFO perfrun.perfcollector <> - format: filter_c6 config1:61 mask:61
302 [22400894756544] INFO perfrun.perfcollector <> - format: edge config:18 mask:18
302 [22400894756544] INFO perfrun.perfcollector <> - format: filter_isoc config1:63 mask:63
302 [22400894756544] INFO perfrun.perfcollector <> - format: filter_tid config1:0-5 mask:0-5
302 [22400894756544] INFO perfrun.perfcollector <> - format: filter_nid config1:32-47 mask:32-47
303 [22400894756544] INFO perfrun.perfcollector <> - format: filter_nc config1:62 mask:62
303 [22400894756544] INFO perfrun.perfcollector <> - format: umask config:8-15 mask:8-15
303 [22400894756544] INFO perfrun.perfcollector <> - format: tid_en config:19 mask:19
303 [22400894756544] INFO perfrun.perfcollector <> - format: thresh config:24-31 mask:24-31
303 [22400894756544] INFO perfrun.perfcollector <> - format: filter_state config1:17-23 mask:17-23
303 [22400894756544] INFO perfrun.perfcollector <> - format: filter_opc config1:52-60 mask:52-60
303 [22400894756544] INFO perfrun.perfcollector <> - hwInfo: PERF_CBOX_PMU_DETAILS
303 [22400894756544] INFO perfrun.perfcollector <> - pmu added: family: uncore_cbox, id: 0
303 [22400894756544] INFO perfrun.perfcollector <> - dir found: /sys/bus/event_source/devices/tracepoint
304 [22400894756544] INFO perfrun.perfcollector <> - format: pmu format subdir doesn't exist
304 [22400894756544] INFO perfrun.perfcollector <> - hwInfo: not set, pmuFam: tracepoint
304 [22400894756544] INFO perfrun.perfcollector <> - pmu added: family: tracepoint, id: 0
304 [22400894756544] INFO perfrun.perfcollector <> - dir found: /sys/bus/event_source/devices/uncore_sbox_3
304 [22400894756544] INFO perfrun.perfcollector <> - format: event config:0-7 mask:0-7
304 [22400894756544] INFO perfrun.perfcollector <> - format: edge config:18 mask:18
304 [22400894756544] INFO perfrun.perfcollector <> - format: inv config:23 mask:23
304 [22400894756544] INFO perfrun.perfcollector <> - format: umask config:8-15 mask:8-15
305 [22400894756544] INFO perfrun.perfcollector <> - format: tid_en config:19 mask:19
305 [22400894756544] INFO perfrun.perfcollector <> - format: thresh config:24-31 mask:24-31
305 [22400894756544] INFO perfrun.perfcollector <> - hwInfo: not set, pmuFam: uncore_sbox
305 [22400894756544] INFO perfrun.perfcollector <> - pmu added: family: uncore_sbox, id: 3
305 [22400894756544] INFO perfrun.perfcollector <> - dir found: /sys/bus/event_source/devices/uncore_cbox_9
305 [22400894756544] INFO perfrun.perfcollector <> - format: event config:0-7 mask:0-7
305 [22400894756544] INFO perfrun.perfcollector <> - format: filter_link config1:6-8 mask:6-8
305 [22400894756544] INFO perfrun.perfcollector <> - format: filter_c6 config1:61 mask:61
306 [22400894756544] INFO perfrun.perfcollector <> - format: edge config:18 mask:18
306 [22400894756544] INFO perfrun.perfcollector <> - format: filter_isoc config1:63 mask:63
306 [22400894756544] INFO perfrun.perfcollector <> - format: filter_tid config1:0-5 mask:0-5
306 [22400894756544] INFO perfrun.perfcollector <> - format: filter_nid config1:32-47 mask:32-47
306 [22400894756544] INFO perfrun.perfcollector <> - format: filter_nc config1:62 mask:62
306 [22400894756544] INFO perfrun.perfcollector <> - format: umask config:8-15 mask:8-15
306 [22400894756544] INFO perfrun.perfcollector <> - format: tid_en config:19 mask:19
306 [22400894756544] INFO perfrun.perfcollector <> - format: thresh config:24-31 mask:24-31
306 [22400894756544] INFO perfrun.perfcollector <> - format: filter_state config1:17-23 mask:17-23
307 [22400894756544] INFO perfrun.perfcollector <> - format: filter_opc config1:52-60 mask:52-60
307 [22400894756544] INFO perfrun.perfcollector <> - hwInfo: PERF_CBOX_PMU_DETAILS
307 [22400894756544] INFO perfrun.perfcollector <> - pmu added: family: uncore_cbox, id: 9
307 [22400894756544] INFO perfrun.perfcollector <> - dir found: /sys/bus/event_source/devices/cstate_pkg
307 [22400894756544] INFO perfrun.perfcollector <> - format: event config:0-63 mask:0-63
307 [22400894756544] INFO perfrun.perfcollector <> - hwInfo: not set, pmuFam: cstate_pkg
307 [22400894756544] INFO perfrun.perfcollector <> - pmu added: family: cstate_pkg, id: 0
307 [22400894756544] INFO perfrun.perfcollector <> - dir found: /sys/bus/event_source/devices/uncore_imc_4
308 [22400894756544] INFO perfrun.perfcollector <> - format: event config:0-7 mask:0-7
308 [22400894756544] INFO perfrun.perfcollector <> - format: edge config:18 mask:18
308 [22400894756544] INFO perfrun.perfcollector <> - format: inv config:23 mask:23
308 [22400894756544] INFO perfrun.perfcollector <> - format: umask config:8-15 mask:8-15
308 [22400894756544] INFO perfrun.perfcollector <> - format: thresh config:24-31 mask:24-31
308 [22400894756544] INFO perfrun.perfcollector <> - hwInfo: PERF_IMC_PMU_DETAILS
308 [22400894756544] INFO perfrun.perfcollector <> - pmu added: family: uncore_imc, id: 4
308 [22400894756544] INFO perfrun.perfcollector <> - dir found: /sys/bus/event_source/devices/uncore_ubox
308 [22400894756544] INFO perfrun.perfcollector <> - format: event config:0-7 mask:0-7
309 [22400894756544] INFO perfrun.perfcollector <> - format: edge config:18 mask:18
309 [22400894756544] INFO perfrun.perfcollector <> - format: inv config:23 mask:23
309 [22400894756544] INFO perfrun.perfcollector <> - format: umask config:8-15 mask:8-15
309 [22400894756544] INFO perfrun.perfcollector <> - format: thresh config:24-28 mask:24-28
309 [22400894756544] INFO perfrun.perfcollector <> - hwInfo: not set, pmuFam: uncore_ubox
309 [22400894756544] INFO perfrun.perfcollector <> - pmu added: family: uncore_ubox, id: 0
309 [22400894756544] INFO perfrun.perfcollector <> - dir found: /sys/bus/event_source/devices/uncore_sbox_1
309 [22400894756544] INFO perfrun.perfcollector <> - format: event config:0-7 mask:0-7
309 [22400894756544] INFO perfrun.perfcollector <> - format: edge config:18 mask:18
309 [22400894756544] INFO perfrun.perfcollector <> - format: inv config:23 mask:23
310 [22400894756544] INFO perfrun.perfcollector <> - format: umask config:8-15 mask:8-15
310 [22400894756544] INFO perfrun.perfcollector <> - format: tid_en config:19 mask:19
310 [22400894756544] INFO perfrun.perfcollector <> - format: thresh config:24-31 mask:24-31
310 [22400894756544] INFO perfrun.perfcollector <> - hwInfo: not set, pmuFam: uncore_sbox
310 [22400894756544] INFO perfrun.perfcollector <> - pmu added: family: uncore_sbox, id: 1
310 [22400894756544] INFO perfrun.perfcollector <> - dir found: /sys/bus/event_source/devices/uncore_cbox_7
310 [22400894756544] INFO perfrun.perfcollector <> - format: event config:0-7 mask:0-7
310 [22400894756544] INFO perfrun.perfcollector <> - format: filter_link config1:6-8 mask:6-8
311 [22400894756544] INFO perfrun.perfcollector <> - format: filter_c6 config1:61 mask:61
311 [22400894756544] INFO perfrun.perfcollector <> - format: edge config:18 mask:18
311 [22400894756544] INFO perfrun.perfcollector <> - format: filter_isoc config1:63 mask:63
311 [22400894756544] INFO perfrun.perfcollector <> - format: filter_tid config1:0-5 mask:0-5
311 [22400894756544] INFO perfrun.perfcollector <> - format: filter_nid config1:32-47 mask:32-47
311 [22400894756544] INFO perfrun.perfcollector <> - format: filter_nc config1:62 mask:62
311 [22400894756544] INFO perfrun.perfcollector <> - format: umask config:8-15 mask:8-15
311 [22400894756544] INFO perfrun.perfcollector <> - format: tid_en config:19 mask:19
311 [22400894756544] INFO perfrun.perfcollector <> - format: thresh config:24-31 mask:24-31
312 [22400894756544] INFO perfrun.perfcollector <> - format: filter_state config1:17-23 mask:17-23
312 [22400894756544] INFO perfrun.perfcollector <> - format: filter_opc config1:52-60 mask:52-60
312 [22400894756544] INFO perfrun.perfcollector <> - hwInfo: PERF_CBOX_PMU_DETAILS
312 [22400894756544] INFO perfrun.perfcollector <> - pmu added: family: uncore_cbox, id: 7
312 [22400894756544] INFO perfrun.perfcollector <> - dir found: /sys/bus/event_source/devices/uncore_cbox_12
312 [22400894756544] INFO perfrun.perfcollector <> - format: event config:0-7 mask:0-7
312 [22400894756544] INFO perfrun.perfcollector <> - format: filter_link config1:6-8 mask:6-8
312 [22400894756544] INFO perfrun.perfcollector <> - format: filter_c6 config1:61 mask:61
312 [22400894756544] INFO perfrun.perfcollector <> - format: edge config:18 mask:18
312 [22400894756544] INFO perfrun.perfcollector <> - format: filter_isoc config1:63 mask:63
312 [22400894756544] INFO perfrun.perfcollector <> - format: filter_tid config1:0-5 mask:0-5
312 [22400894756544] INFO perfrun.perfcollector <> - format: filter_nid config1:32-47 mask:32-47
312 [22400894756544] INFO perfrun.perfcollector <> - format: filter_nc config1:62 mask:62
313 [22400894756544] INFO perfrun.perfcollector <> - format: umask config:8-15 mask:8-15
313 [22400894756544] INFO perfrun.perfcollector <> - format: tid_en config:19 mask:19
313 [22400894756544] INFO perfrun.perfcollector <> - format: thresh config:24-31 mask:24-31
313 [22400894756544] INFO perfrun.perfcollector <> - format: filter_state config1:17-23 mask:17-23
313 [22400894756544] INFO perfrun.perfcollector <> - format: filter_opc config1:52-60 mask:52-60
313 [22400894756544] INFO perfrun.perfcollector <> - hwInfo: PERF_CBOX_PMU_DETAILS
313 [22400894756544] INFO perfrun.perfcollector <> - pmu added: family: uncore_cbox, id: 12
313 [22400894756544] INFO perfrun.perfcollector <> - dir found: /sys/bus/event_source/devices/kprobe
313 [22400894756544] INFO perfrun.perfcollector <> - format: retprobe config:0 mask:0
313 [22400894756544] INFO perfrun.perfcollector <> - hwInfo: not set, pmuFam: kprobe
313 [22400894756544] INFO perfrun.perfcollector <> - pmu added: family: kprobe, id: 0
313 [22400894756544] INFO perfrun.perfcollector <> - dir found: /sys/bus/event_source/devices/uncore_qpi_0
313 [22400894756544] INFO perfrun.perfcollector <> - format: mask_rnid4 config2:31 mask:31
313 [22400894756544] INFO perfrun.perfcollector <> - format: mask_rnid30 config2:32-35 mask:32-35
314 [22400894756544] INFO perfrun.perfcollector <> - format: match_rnid30 config1:32-35 mask:32-35
314 [22400894756544] INFO perfrun.perfcollector <> - format: event config:0-7,21 mask:0-7,21
314 [22400894756544] INFO perfrun.perfcollector <> - format: match0 config1:0-31 mask:0-31
314 [22400894756544] INFO perfrun.perfcollector <> - format: match_rds config1:48-51 mask:48-51
314 [22400894756544] INFO perfrun.perfcollector <> - format: mask_rds config2:48-51 mask:48-51
314 [22400894756544] INFO perfrun.perfcollector <> - format: edge config:18 mask:18
314 [22400894756544] INFO perfrun.perfcollector <> - format: mask1 config2:32-63 mask:32-63
314 [22400894756544] INFO perfrun.perfcollector <> - format: match_dnid config1:13-17 mask:13-17
314 [22400894756544] INFO perfrun.perfcollector <> - format: mask_dnid config2:13-17 mask:13-17
314 [22400894756544] INFO perfrun.perfcollector <> - format: match_vnw config1:3-4 mask:3-4
314 [22400894756544] INFO perfrun.perfcollector <> - format: mask_vnw config2:3-4 mask:3-4
314 [22400894756544] INFO perfrun.perfcollector <> - format: mask_mc config2:9-12 mask:9-12
315 [22400894756544] INFO perfrun.perfcollector <> - format: match1 config1:32-63 mask:32-63
315 [22400894756544] INFO perfrun.perfcollector <> - format: inv config:23 mask:23
315 [22400894756544] INFO perfrun.perfcollector <> - format: umask config:8-15 mask:8-15
315 [22400894756544] INFO perfrun.perfcollector <> - format: match_opc config1:5-8 mask:5-8
315 [22400894756544] INFO perfrun.perfcollector <> - format: mask_opc config2:5-8 mask:5-8
315 [22400894756544] INFO perfrun.perfcollector <> - format: thresh config:24-31 mask:24-31
315 [22400894756544] INFO perfrun.perfcollector <> - format: match_rnid4 config1:31 mask:31
315 [22400894756544] INFO perfrun.perfcollector <> - format: mask0 config2:0-31 mask:0-31
315 [22400894756544] INFO perfrun.perfcollector <> - format: match_mc config1:9-12 mask:9-12
315 [22400894756544] INFO perfrun.perfcollector <> - hwInfo: PERF_QPI_PMU_DETAILS
315 [22400894756544] INFO perfrun.perfcollector <> - pmu added: family: uncore_qpi, id: 0
315 [22400894756544] INFO perfrun.perfcollector <> - dir found: /sys/bus/event_source/devices/uncore_cbox_5
316 [22400894756544] INFO perfrun.perfcollector <> - format: event config:0-7 mask:0-7
316 [22400894756544] INFO perfrun.perfcollector <> - format: filter_link config1:6-8 mask:6-8
316 [22400894756544] INFO perfrun.perfcollector <> - format: filter_c6 config1:61 mask:61
316 [22400894756544] INFO perfrun.perfcollector <> - format: edge config:18 mask:18
316 [22400894756544] INFO perfrun.perfcollector <> - format: filter_isoc config1:63 mask:63
316 [22400894756544] INFO perfrun.perfcollector <> - format: filter_tid config1:0-5 mask:0-5
316 [22400894756544] INFO perfrun.perfcollector <> - format: filter_nid config1:32-47 mask:32-47
317 [22400894756544] INFO perfrun.perfcollector <> - format: filter_nc config1:62 mask:62
317 [22400894756544] INFO perfrun.perfcollector <> - format: umask config:8-15 mask:8-15
317 [22400894756544] INFO perfrun.perfcollector <> - format: tid_en config:19 mask:19
317 [22400894756544] INFO perfrun.perfcollector <> - format: thresh config:24-31 mask:24-31
317 [22400894756544] INFO perfrun.perfcollector <> - format: filter_state config1:17-23 mask:17-23
317 [22400894756544] INFO perfrun.perfcollector <> - format: filter_opc config1:52-60 mask:52-60
317 [22400894756544] INFO perfrun.perfcollector <> - hwInfo: PERF_CBOX_PMU_DETAILS
317 [22400894756544] INFO perfrun.perfcollector <> - pmu added: family: uncore_cbox, id: 5
317 [22400894756544] INFO perfrun.perfcollector <> - dir found: /sys/bus/event_source/devices/uncore_imc_0
317 [22400894756544] INFO perfrun.perfcollector <> - format: event config:0-7 mask:0-7
318 [22400894756544] INFO perfrun.perfcollector <> - format: edge config:18 mask:18
318 [22400894756544] INFO perfrun.perfcollector <> - format: inv config:23 mask:23
318 [22400894756544] INFO perfrun.perfcollector <> - format: umask config:8-15 mask:8-15
318 [22400894756544] INFO perfrun.perfcollector <> - format: thresh config:24-31 mask:24-31
318 [22400894756544] INFO perfrun.perfcollector <> - hwInfo: PERF_IMC_PMU_DETAILS
318 [22400894756544] INFO perfrun.perfcollector <> - pmu added: family: uncore_imc, id: 0
318 [22400894756544] INFO perfrun.perfcollector <> - dir found: /sys/bus/event_source/devices/uncore_cbox_10
318 [22400894756544] INFO perfrun.perfcollector <> - format: event config:0-7 mask:0-7
318 [22400894756544] INFO perfrun.perfcollector <> - format: filter_link config1:6-8 mask:6-8
318 [22400894756544] INFO perfrun.perfcollector <> - format: filter_c6 config1:61 mask:61
318 [22400894756544] INFO perfrun.perfcollector <> - format: edge config:18 mask:18
318 [22400894756544] INFO perfrun.perfcollector <> - format: filter_isoc config1:63 mask:63
318 [22400894756544] INFO perfrun.perfcollector <> - format: filter_tid config1:0-5 mask:0-5
319 [22400894756544] INFO perfrun.perfcollector <> - format: filter_nid config1:32-47 mask:32-47
319 [22400894756544] INFO perfrun.perfcollector <> - format: filter_nc config1:62 mask:62
319 [22400894756544] INFO perfrun.perfcollector <> - format: umask config:8-15 mask:8-15
319 [22400894756544] INFO perfrun.perfcollector <> - format: tid_en config:19 mask:19
319 [22400894756544] INFO perfrun.perfcollector <> - format: thresh config:24-31 mask:24-31
319 [22400894756544] INFO perfrun.perfcollector <> - format: filter_state config1:17-23 mask:17-23
319 [22400894756544] INFO perfrun.perfcollector <> - format: filter_opc config1:52-60 mask:52-60
319 [22400894756544] INFO perfrun.perfcollector <> - hwInfo: PERF_CBOX_PMU_DETAILS
319 [22400894756544] INFO perfrun.perfcollector <> - pmu added: family: uncore_cbox, id: 10
319 [22400894756544] INFO perfrun.perfcollector <> - dir found: /sys/bus/event_source/devices/uncore_pcu
319 [22400894756544] INFO perfrun.perfcollector <> - format: filter_band2 config1:16-23 mask:16-23
320 [22400894756544] INFO perfrun.perfcollector <> - format: event config:0-7 mask:0-7
320 [22400894756544] INFO perfrun.perfcollector <> - format: filter_band0 config1:0-7 mask:0-7
320 [22400894756544] INFO perfrun.perfcollector <> - format: edge config:18 mask:18
320 [22400894756544] INFO perfrun.perfcollector <> - format: occ_invert config:30 mask:30
320 [22400894756544] INFO perfrun.perfcollector <> - format: occ_edge config:14-51 mask:14-51
320 [22400894756544] INFO perfrun.perfcollector <> - format: filter_band3 config1:24-31 mask:24-31
320 [22400894756544] INFO perfrun.perfcollector <> - format: filter_band1 config1:8-15 mask:8-15
320 [22400894756544] INFO perfrun.perfcollector <> - format: inv config:23 mask:23
320 [22400894756544] INFO perfrun.perfcollector <> - format: thresh config:24-28 mask:24-28
320 [22400894756544] INFO perfrun.perfcollector <> - format: occ_sel config:14-15 mask:14-15
320 [22400894756544] INFO perfrun.perfcollector <> - hwInfo: not set, pmuFam: uncore_pcu
320 [22400894756544] INFO perfrun.perfcollector <> - pmu added: family: uncore_pcu, id: 0
320 [22400894756544] INFO perfrun.perfcollector <> - dir found: /sys/bus/event_source/devices/uncore_r3qpi_1
321 [22400894756544] INFO perfrun.perfcollector <> - format: event config:0-7 mask:0-7
321 [22400894756544] INFO perfrun.perfcollector <> - format: edge config:18 mask:18
321 [22400894756544] INFO perfrun.perfcollector <> - format: inv config:23 mask:23
321 [22400894756544] INFO perfrun.perfcollector <> - format: umask config:8-15 mask:8-15
321 [22400894756544] INFO perfrun.perfcollector <> - format: thresh config:24-31 mask:24-31
321 [22400894756544] INFO perfrun.perfcollector <> - hwInfo: not set, pmuFam: uncore_r3qpi
321 [22400894756544] INFO perfrun.perfcollector <> - pmu added: family: uncore_r3qpi, id: 1
321 [22400894756544] INFO perfrun.perfcollector <> - dir found: /sys/bus/event_source/devices/msr
321 [22400894756544] INFO perfrun.perfcollector <> - format: event config:0-63 mask:0-63
321 [22400894756544] INFO perfrun.perfcollector <> - hwInfo: not set, pmuFam: msr
321 [22400894756544] INFO perfrun.perfcollector <> - pmu added: family: msr, id: 0
321 [22400894756544] INFO perfrun.perfcollector <> - dir found: /sys/bus/event_source/devices/uncore_cbox_3
322 [22400894756544] INFO perfrun.perfcollector <> - format: event config:0-7 mask:0-7
322 [22400894756544] INFO perfrun.perfcollector <> - format: filter_link config1:6-8 mask:6-8
322 [22400894756544] INFO perfrun.perfcollector <> - format: filter_c6 config1:61 mask:61
322 [22400894756544] INFO perfrun.perfcollector <> - format: edge config:18 mask:18
322 [22400894756544] INFO perfrun.perfcollector <> - format: filter_isoc config1:63 mask:63
322 [22400894756544] INFO perfrun.perfcollector <> - format: filter_tid config1:0-5 mask:0-5
322 [22400894756544] INFO perfrun.perfcollector <> - format: filter_nid config1:32-47 mask:32-47
323 [22400894756544] INFO perfrun.perfcollector <> - format: filter_nc config1:62 mask:62
323 [22400894756544] INFO perfrun.perfcollector <> - format: umask config:8-15 mask:8-15
323 [22400894756544] INFO perfrun.perfcollector <> - format: tid_en config:19 mask:19
323 [22400894756544] INFO perfrun.perfcollector <> - format: thresh config:24-31 mask:24-31
323 [22400894756544] INFO perfrun.perfcollector <> - format: filter_state config1:17-23 mask:17-23
323 [22400894756544] INFO perfrun.perfcollector <> - format: filter_opc config1:52-60 mask:52-60
323 [22400894756544] INFO perfrun.perfcollector <> - hwInfo: PERF_CBOX_PMU_DETAILS
323 [22400894756544] INFO perfrun.perfcollector <> - pmu added: family: uncore_cbox, id: 3
323 [22400894756544] INFO perfrun.perfcollector <> - dir found: /sys/bus/event_source/devices/intel_pt
323 [22400894756544] INFO perfrun.perfcollector <> - format: ptw config:12 mask:12
323 [22400894756544] INFO perfrun.perfcollector <> - format: event config:31 mask:31
324 [22400894756544] INFO perfrun.perfcollector <> - format: cyc_thresh config:19-22 mask:19-22
324 [22400894756544] INFO perfrun.perfcollector <> - format: pt config:0 mask:0
324 [22400894756544] INFO perfrun.perfcollector <> - format: notnt config:55 mask:55
324 [22400894756544] INFO perfrun.perfcollector <> - format: branch config:13 mask:13
324 [22400894756544] INFO perfrun.perfcollector <> - format: tsc config:10 mask:10
324 [22400894756544] INFO perfrun.perfcollector <> - format: pwr_evt config:4 mask:4
324 [22400894756544] INFO perfrun.perfcollector <> - format: fup_on_ptw config:5 mask:5
324 [22400894756544] INFO perfrun.perfcollector <> - format: cyc config:1 mask:1
324 [22400894756544] INFO perfrun.perfcollector <> - format: noretcomp config:11 mask:11
324 [22400894756544] INFO perfrun.perfcollector <> - format: mtc config:9 mask:9
324 [22400894756544] INFO perfrun.perfcollector <> - format: psb_period config:24-27 mask:24-27
325 [22400894756544] INFO perfrun.perfcollector <> - format: mtc_period config:14-17 mask:14-17
325 [22400894756544] INFO perfrun.perfcollector <> - hwInfo: not set, pmuFam: intel_pt
325 [22400894756544] INFO perfrun.perfcollector <> - pmu added: family: intel_pt, id: 0
325 [22400894756544] INFO perfrun.perfcollector <> - dir found: /sys/bus/event_source/devices/uncore_ha_1
325 [22400894756544] INFO perfrun.perfcollector <> - format: event config:0-7 mask:0-7
325 [22400894756544] INFO perfrun.perfcollector <> - format: edge config:18 mask:18
325 [22400894756544] INFO perfrun.perfcollector <> - format: inv config:23 mask:23
325 [22400894756544] INFO perfrun.perfcollector <> - format: umask config:8-15 mask:8-15
325 [22400894756544] INFO perfrun.perfcollector <> - format: thresh config:24-31 mask:24-31
325 [22400894756544] INFO perfrun.perfcollector <> - hwInfo: not set, pmuFam: uncore_ha
325 [22400894756544] INFO perfrun.perfcollector <> - pmu added: family: uncore_ha, id: 1
325 [22400894756544] INFO perfrun.perfcollector <> - dir found: /sys/bus/event_source/devices/uncore_cbox_1
325 [22400894756544] INFO perfrun.perfcollector <> - format: event config:0-7 mask:0-7
325 [22400894756544] INFO perfrun.perfcollector <> - format: filter_link config1:6-8 mask:6-8
325 [22400894756544] INFO perfrun.perfcollector <> - format: filter_c6 config1:61 mask:61
326 [22400894756544] INFO perfrun.perfcollector <> - format: edge config:18 mask:18
326 [22400894756544] INFO perfrun.perfcollector <> - format: filter_isoc config1:63 mask:63
326 [22400894756544] INFO perfrun.perfcollector <> - format: filter_tid config1:0-5 mask:0-5
326 [22400894756544] INFO perfrun.perfcollector <> - format: filter_nid config1:32-47 mask:32-47
326 [22400894756544] INFO perfrun.perfcollector <> - format: filter_nc config1:62 mask:62
326 [22400894756544] INFO perfrun.perfcollector <> - format: umask config:8-15 mask:8-15
326 [22400894756544] INFO perfrun.perfcollector <> - format: tid_en config:19 mask:19
326 [22400894756544] INFO perfrun.perfcollector <> - format: thresh config:24-31 mask:24-31
326 [22400894756544] INFO perfrun.perfcollector <> - format: filter_state config1:17-23 mask:17-23
326 [22400894756544] INFO perfrun.perfcollector <> - format: filter_opc config1:52-60 mask:52-60
326 [22400894756544] INFO perfrun.perfcollector <> - hwInfo: PERF_CBOX_PMU_DETAILS
327 [22400894756544] INFO perfrun.perfcollector <> - pmu added: family: uncore_cbox, id: 1
327 [22400894756544] INFO perfrun.sdk <> - runCmd: /opt/intel/oneapi/vtune/2023.1.0/bin64/sep -dry-run -sam 1 -ec CPU_CLK_UNHALTED.THREAD,CPU_CLK_UNHALTED.REF_TSC:sample:sa=2400000,INST_RETIRED.ANY:sample:sa=2400000,CPU_CLK_UNHALTED.REF_XCLK,CPU_CLK_UNHALTED.ONE_THREAD_ACTIVE,FP_ARITH_INST_RETIRED.SCALAR_SINGLE,FP_ARITH_INST_RETIRED.128B_PACKED_SINGLE,FP_ARITH_INST_RETIRED.256B_PACKED_SINGLE,FP_ARITH_INST_RETIRED.SCALAR_DOUBLE,FP_ARITH_INST_RETIRED.128B_PACKED_DOUBLE,FP_ARITH_INST_RETIRED.256B_PACKED_DOUBLE,INST_RETIRED.X87,UOPS_RETIRED.RETIRE_SLOTS:sample:sa=2000003 -experimental
327 [22400894756544] INFO perfrun.sdk <> - runCmd started PID 3881958
359 [22400894756544] INFO perfrun.perfcollector <> - SepDryRun RC = true
363 [22400894756544] INFO perfrun.perfcollector <> - DRY_RUN: "PMU type: Core (core)"
363 [22400894756544] INFO perfrun.perfcollector <> - pmu type: cpu
363 [22400894756544] INFO perfrun.perfcollector <> - DRY_RUN: "Group 0:"
363 [22400894756544] INFO perfrun.perfcollector <> - id: 0
363 [22400894756544] INFO perfrun.perfcollector <> - DRY_RUN: "INST_RETIRED.ANY: event id 2"
363 [22400894756544] INFO perfrun.perfcollector <> - eventName: INST_RETIRED.ANY, eventId: 2
363 [22400894756544] INFO perfrun.perfcollector <> - DRY_RUN: "CPU_CLK_UNHALTED.THREAD: event id 0"
363 [22400894756544] INFO perfrun.perfcollector <> - eventName: CPU_CLK_UNHALTED.THREAD, eventId: 0
363 [22400894756544] INFO perfrun.perfcollector <> - DRY_RUN: "CPU_CLK_UNHALTED.REF_TSC: event id 1"
363 [22400894756544] INFO perfrun.perfcollector <> - eventName: CPU_CLK_UNHALTED.REF_TSC, eventId: 1
363 [22400894756544] INFO perfrun.perfcollector <> - DRY_RUN: "FP_ARITH_INST_RETIRED.SCALAR_SINGLE: event id 5"
363 [22400894756544] INFO perfrun.perfcollector <> - eventName: FP_ARITH_INST_RETIRED.SCALAR_SINGLE, eventId: 5
363 [22400894756544] INFO perfrun.perfcollector <> - DRY_RUN: "FP_ARITH_INST_RETIRED.128B_PACKED_SINGLE: event id 6"
363 [22400894756544] INFO perfrun.perfcollector <> - eventName: FP_ARITH_INST_RETIRED.128B_PACKED_SINGLE, eventId: 6
363 [22400894756544] INFO perfrun.perfcollector <> - DRY_RUN: "FP_ARITH_INST_RETIRED.256B_PACKED_SINGLE: event id 7"
363 [22400894756544] INFO perfrun.perfcollector <> - eventName: FP_ARITH_INST_RETIRED.256B_PACKED_SINGLE, eventId: 7
363 [22400894756544] INFO perfrun.perfcollector <> - DRY_RUN: "FP_ARITH_INST_RETIRED.SCALAR_DOUBLE: event id 8"
363 [22400894756544] INFO perfrun.perfcollector <> - eventName: FP_ARITH_INST_RETIRED.SCALAR_DOUBLE, eventId: 8
363 [22400894756544] INFO perfrun.perfcollector <> - DRY_RUN: "CPU_CLK_UNHALTED.REF_XCLK: event id 3"
363 [22400894756544] INFO perfrun.perfcollector <> - eventName: CPU_CLK_UNHALTED.REF_XCLK, eventId: 3
363 [22400894756544] INFO perfrun.perfcollector <> - DRY_RUN: "CPU_CLK_UNHALTED.ONE_THREAD_ACTIVE: event id 4"
363 [22400894756544] INFO perfrun.perfcollector <> - eventName: CPU_CLK_UNHALTED.ONE_THREAD_ACTIVE, eventId: 4
363 [22400894756544] INFO perfrun.perfcollector <> - DRY_RUN: "INST_RETIRED.X87: event id 11"
363 [22400894756544] INFO perfrun.perfcollector <> - eventName: INST_RETIRED.X87, eventId: 11
363 [22400894756544] INFO perfrun.perfcollector <> - DRY_RUN: "UOPS_RETIRED.RETIRE_SLOTS: event id 12"
363 [22400894756544] INFO perfrun.perfcollector <> - eventName: UOPS_RETIRED.RETIRE_SLOTS, eventId: 12
363 [22400894756544] INFO perfrun.perfcollector <> - DRY_RUN: "CCCR"
363 [22400894756544] INFO perfrun.perfcollector <> - DRY_RUN: "reg_type       = 1	event_id       = g	reg_id         = 38f	reg_value      = 7000000ff"
363 [22400894756544] INFO perfrun.perfcollector <> - eventId: g, skip parsing event_id
363 [22400894756544] INFO perfrun.perfcollector <> - Register was ignored: group_id: 0, reg_type: 1, event_id: 4294967295, reg_id: 38f, reg_value: 7000000ff, pmu_name: cpu
363 [22400894756544] INFO perfrun.perfcollector <> - DRY_RUN: "reg_type       = 1	event_id       = g	reg_id         = 390	reg_value      = 7000000ff"
363 [22400894756544] INFO perfrun.perfcollector <> - eventId: g, skip parsing event_id
363 [22400894756544] INFO perfrun.perfcollector <> - Register was ignored: group_id: 0, reg_type: 1, event_id: 4294967295, reg_id: 390, reg_value: 7000000ff, pmu_name: cpu
363 [22400894756544] INFO perfrun.perfcollector <> - DRY_RUN: "reg_type       = 1	event_id       = g	reg_id         = 3f1	reg_value      = 0"
363 [22400894756544] INFO perfrun.perfcollector <> - eventId: g, skip parsing event_id
363 [22400894756544] INFO perfrun.perfcollector <> - Register was ignored: group_id: 0, reg_type: 1, event_id: 4294967295, reg_id: 3f1, reg_value: 0, pmu_name: cpu
363 [22400894756544] INFO perfrun.perfcollector <> - DRY_RUN: "reg_type       = 1	event_id       = g	reg_id         = 1d9	reg_value      = 1800"
363 [22400894756544] INFO perfrun.perfcollector <> - eventId: g, skip parsing event_id
363 [22400894756544] INFO perfrun.perfcollector <> - Register was ignored: group_id: 0, reg_type: 1, event_id: 4294967295, reg_id: 1d9, reg_value: 1800, pmu_name: cpu
363 [22400894756544] INFO perfrun.perfcollector <> - DRY_RUN: "reg_type       = 1	event_id       = g	reg_id         = 38d	reg_value      = bbb"
363 [22400894756544] INFO perfrun.perfcollector <> - eventId: g, skip parsing event_id
363 [22400894756544] INFO perfrun.perfcollector <> - Register was ignored: group_id: 0, reg_type: 1, event_id: 4294967295, reg_id: 38d, reg_value: bbb, pmu_name: cpu
363 [22400894756544] INFO perfrun.perfcollector <> - DRY_RUN: "reg_type       = 1	event_id       = 5	reg_id         = 186	reg_value      = 5302c7"
363 [22400894756544] INFO perfrun.perfcollector <> - Event selector: group_id: 0, reg_type: 1, event_id: 5, reg_id: 186, reg_value: 5302c7, pmu_name: cpu
363 [22400894756544] INFO perfrun.perfcollector <> - DRY_RUN: "reg_type       = 1	event_id       = 6	reg_id         = 187	reg_value      = 5308c7"
363 [22400894756544] INFO perfrun.perfcollector <> - Event selector: group_id: 0, reg_type: 1, event_id: 6, reg_id: 187, reg_value: 5308c7, pmu_name: cpu
363 [22400894756544] INFO perfrun.perfcollector <> - DRY_RUN: "reg_type       = 1	event_id       = 7	reg_id         = 188	reg_value      = 5320c7"
363 [22400894756544] INFO perfrun.perfcollector <> - Event selector: group_id: 0, reg_type: 1, event_id: 7, reg_id: 188, reg_value: 5320c7, pmu_name: cpu
363 [22400894756544] INFO perfrun.perfcollector <> - DRY_RUN: "reg_type       = 1	event_id       = 8	reg_id         = 189	reg_value      = 5301c7"
363 [22400894756544] INFO perfrun.perfcollector <> - Event selector: group_id: 0, reg_type: 1, event_id: 8, reg_id: 189, reg_value: 5301c7, pmu_name: cpu
363 [22400894756544] INFO perfrun.perfcollector <> - DRY_RUN: "reg_type       = 1	event_id       = 3	reg_id         = 18a	reg_value      = 53013c"
363 [22400894756544] INFO perfrun.perfcollector <> - Event selector: group_id: 0, reg_type: 1, event_id: 3, reg_id: 18a, reg_value: 53013c, pmu_name: cpu
363 [22400894756544] INFO perfrun.perfcollector <> - DRY_RUN: "reg_type       = 1	event_id       = 4	reg_id         = 18b	reg_value      = 53023c"
363 [22400894756544] INFO perfrun.perfcollector <> - Event selector: group_id: 0, reg_type: 1, event_id: 4, reg_id: 18b, reg_value: 53023c, pmu_name: cpu
363 [22400894756544] INFO perfrun.perfcollector <> - DRY_RUN: "reg_type       = 1	event_id       = 11	reg_id         = 18c	reg_value      = 5302c0"
363 [22400894756544] INFO perfrun.perfcollector <> - Event selector: group_id: 0, reg_type: 1, event_id: 11, reg_id: 18c, reg_value: 5302c0, pmu_name: cpu
363 [22400894756544] INFO perfrun.perfcollector <> - DRY_RUN: "reg_type       = 1	event_id       = 12	reg_id         = 18d	reg_value      = 5302c2"
363 [22400894756544] INFO perfrun.perfcollector <> - Event selector: group_id: 0, reg_type: 1, event_id: 12, reg_id: 18d, reg_value: 5302c2, pmu_name: cpu
363 [22400894756544] INFO perfrun.perfcollector <> - DRY_RUN: "ESCR"
363 [22400894756544] INFO perfrun.perfcollector <> - DRY_RUN: "reg_type       = 2	event_id       = g	reg_id         = 1c8	reg_value      = 0"
363 [22400894756544] INFO perfrun.perfcollector <> - eventId: g, skip parsing event_id
363 [22400894756544] INFO perfrun.perfcollector <> - DRY_RUN: "DATA"
363 [22400894756544] INFO perfrun.perfcollector <> - DRY_RUN: "reg_type       = 4	event_id       = 2	reg_id         = 309	reg_value      = ffffffdb6100"
363 [22400894756544] INFO perfrun.perfcollector <> - eventId: 2, dataAddr: 309, dataVal: ffffffdb6100
363 [22400894756544] INFO perfrun.perfcollector <> - DRY_RUN: "reg_type       = 4	event_id       = 0	reg_id         = 30a	reg_value      = ffffffe17b7d"
363 [22400894756544] INFO perfrun.perfcollector <> - eventId: 0, dataAddr: 30a, dataVal: ffffffe17b7d
363 [22400894756544] INFO perfrun.perfcollector <> - DRY_RUN: "reg_type       = 4	event_id       = 1	reg_id         = 30b	reg_value      = ffffffdb6100"
363 [22400894756544] INFO perfrun.perfcollector <> - eventId: 1, dataAddr: 30b, dataVal: ffffffdb6100
363 [22400894756544] INFO perfrun.perfcollector <> - DRY_RUN: "reg_type       = 4	event_id       = 5	reg_id         = c1	reg_value      = ffffffe17b7d"
363 [22400894756544] INFO perfrun.perfcollector <> - eventId: 5, dataAddr: c1, dataVal: ffffffe17b7d
363 [22400894756544] INFO perfrun.perfcollector <> - DRY_RUN: "reg_type       = 4	event_id       = 6	reg_id         = c2	reg_value      = ffffffe17b7d"
363 [22400894756544] INFO perfrun.perfcollector <> - eventId: 6, dataAddr: c2, dataVal: ffffffe17b7d
363 [22400894756544] INFO perfrun.perfcollector <> - DRY_RUN: "reg_type       = 4	event_id       = 7	reg_id         = c3	reg_value      = ffffffe17b7d"
363 [22400894756544] INFO perfrun.perfcollector <> - eventId: 7, dataAddr: c3, dataVal: ffffffe17b7d
363 [22400894756544] INFO perfrun.perfcollector <> - DRY_RUN: "reg_type       = 4	event_id       = 8	reg_id         = c4	reg_value      = ffffffe17b7d"
363 [22400894756544] INFO perfrun.perfcollector <> - eventId: 8, dataAddr: c4, dataVal: ffffffe17b7d
363 [22400894756544] INFO perfrun.perfcollector <> - DRY_RUN: "reg_type       = 4	event_id       = 3	reg_id         = c5	reg_value      = fffffffe795d"
363 [22400894756544] INFO perfrun.perfcollector <> - eventId: 3, dataAddr: c5, dataVal: fffffffe795d
363 [22400894756544] INFO perfrun.perfcollector <> - DRY_RUN: "reg_type       = 4	event_id       = 4	reg_id         = c6	reg_value      = fffffffe795d"
363 [22400894756544] INFO perfrun.perfcollector <> - eventId: 4, dataAddr: c6, dataVal: fffffffe795d
363 [22400894756544] INFO perfrun.perfcollector <> - DRY_RUN: "reg_type       = 4	event_id       = 11	reg_id         = c7	reg_value      = ffffffe17b7d"
363 [22400894756544] INFO perfrun.perfcollector <> - eventId: 11, dataAddr: c7, dataVal: ffffffe17b7d
363 [22400894756544] INFO perfrun.perfcollector <> - DRY_RUN: "reg_type       = 4	event_id       = 12	reg_id         = c8	reg_value      = ffffffe17b7d"
363 [22400894756544] INFO perfrun.perfcollector <> - eventId: 12, dataAddr: c8, dataVal: ffffffe17b7d
363 [22400894756544] INFO perfrun.perfcollector <> - DRY_RUN: "Group 1:"
363 [22400894756544] INFO perfrun.perfcollector <> - id: 1
363 [22400894756544] INFO perfrun.perfcollector <> - DRY_RUN: "INST_RETIRED.ANY: event id 2"
363 [22400894756544] INFO perfrun.perfcollector <> - eventName: INST_RETIRED.ANY, eventId: 2
363 [22400894756544] INFO perfrun.perfcollector <> - DRY_RUN: "CPU_CLK_UNHALTED.THREAD: event id 0"
363 [22400894756544] INFO perfrun.perfcollector <> - eventName: CPU_CLK_UNHALTED.THREAD, eventId: 0
363 [22400894756544] INFO perfrun.perfcollector <> - DRY_RUN: "CPU_CLK_UNHALTED.REF_TSC: event id 1"
363 [22400894756544] INFO perfrun.perfcollector <> - eventName: CPU_CLK_UNHALTED.REF_TSC, eventId: 1
363 [22400894756544] INFO perfrun.perfcollector <> - DRY_RUN: "FP_ARITH_INST_RETIRED.128B_PACKED_DOUBLE: event id 9"
363 [22400894756544] INFO perfrun.perfcollector <> - eventName: FP_ARITH_INST_RETIRED.128B_PACKED_DOUBLE, eventId: 9
363 [22400894756544] INFO perfrun.perfcollector <> - DRY_RUN: "FP_ARITH_INST_RETIRED.256B_PACKED_DOUBLE: event id 10"
363 [22400894756544] INFO perfrun.perfcollector <> - eventName: FP_ARITH_INST_RETIRED.256B_PACKED_DOUBLE, eventId: 10
363 [22400894756544] INFO perfrun.perfcollector <> - DRY_RUN: "CCCR"
363 [22400894756544] INFO perfrun.perfcollector <> - DRY_RUN: "reg_type       = 1	event_id       = g	reg_id         = 38f	reg_value      = 700000003"
363 [22400894756544] INFO perfrun.perfcollector <> - eventId: g, skip parsing event_id
363 [22400894756544] INFO perfrun.perfcollector <> - Register was ignored: group_id: 1, reg_type: 1, event_id: 4294967295, reg_id: 38f, reg_value: 700000003, pmu_name: cpu
363 [22400894756544] INFO perfrun.perfcollector <> - DRY_RUN: "reg_type       = 1	event_id       = g	reg_id         = 390	reg_value      = 700000003"
363 [22400894756544] INFO perfrun.perfcollector <> - eventId: g, skip parsing event_id
363 [22400894756544] INFO perfrun.perfcollector <> - Register was ignored: group_id: 1, reg_type: 1, event_id: 4294967295, reg_id: 390, reg_value: 700000003, pmu_name: cpu
363 [22400894756544] INFO perfrun.perfcollector <> - DRY_RUN: "reg_type       = 1	event_id       = g	reg_id         = 3f1	reg_value      = 0"
363 [22400894756544] INFO perfrun.perfcollector <> - eventId: g, skip parsing event_id
363 [22400894756544] INFO perfrun.perfcollector <> - Register was ignored: group_id: 1, reg_type: 1, event_id: 4294967295, reg_id: 3f1, reg_value: 0, pmu_name: cpu
363 [22400894756544] INFO perfrun.perfcollector <> - DRY_RUN: "reg_type       = 1	event_id       = g	reg_id         = 1d9	reg_value      = 1800"
363 [22400894756544] INFO perfrun.perfcollector <> - eventId: g, skip parsing event_id
363 [22400894756544] INFO perfrun.perfcollector <> - Register was ignored: group_id: 1, reg_type: 1, event_id: 4294967295, reg_id: 1d9, reg_value: 1800, pmu_name: cpu
363 [22400894756544] INFO perfrun.perfcollector <> - DRY_RUN: "reg_type       = 1	event_id       = g	reg_id         = 38d	reg_value      = bbb"
363 [22400894756544] INFO perfrun.perfcollector <> - eventId: g, skip parsing event_id
363 [22400894756544] INFO perfrun.perfcollector <> - Register was ignored: group_id: 1, reg_type: 1, event_id: 4294967295, reg_id: 38d, reg_value: bbb, pmu_name: cpu
363 [22400894756544] INFO perfrun.perfcollector <> - DRY_RUN: "reg_type       = 1	event_id       = 9	reg_id         = 186	reg_value      = 5304c7"
363 [22400894756544] INFO perfrun.perfcollector <> - Event selector: group_id: 1, reg_type: 1, event_id: 9, reg_id: 186, reg_value: 5304c7, pmu_name: cpu
363 [22400894756544] INFO perfrun.perfcollector <> - DRY_RUN: "reg_type       = 1	event_id       = 10	reg_id         = 187	reg_value      = 5310c7"
363 [22400894756544] INFO perfrun.perfcollector <> - Event selector: group_id: 1, reg_type: 1, event_id: 10, reg_id: 187, reg_value: 5310c7, pmu_name: cpu
363 [22400894756544] INFO perfrun.perfcollector <> - DRY_RUN: "ESCR"
363 [22400894756544] INFO perfrun.perfcollector <> - DRY_RUN: "reg_type       = 2	event_id       = g	reg_id         = 1c8	reg_value      = 0"
363 [22400894756544] INFO perfrun.perfcollector <> - eventId: g, skip parsing event_id
363 [22400894756544] INFO perfrun.perfcollector <> - DRY_RUN: "DATA"
363 [22400894756544] INFO perfrun.perfcollector <> - DRY_RUN: "reg_type       = 4	event_id       = 2	reg_id         = 309	reg_value      = ffffffdb6100"
363 [22400894756544] INFO perfrun.perfcollector <> - eventId: 2, dataAddr: 309, dataVal: ffffffdb6100
363 [22400894756544] INFO perfrun.perfcollector <> - DRY_RUN: "reg_type       = 4	event_id       = 0	reg_id         = 30a	reg_value      = ffffffe17b7d"
363 [22400894756544] INFO perfrun.perfcollector <> - eventId: 0, dataAddr: 30a, dataVal: ffffffe17b7d
363 [22400894756544] INFO perfrun.perfcollector <> - DRY_RUN: "reg_type       = 4	event_id       = 1	reg_id         = 30b	reg_value      = ffffffdb6100"
363 [22400894756544] INFO perfrun.perfcollector <> - eventId: 1, dataAddr: 30b, dataVal: ffffffdb6100
363 [22400894756544] INFO perfrun.perfcollector <> - DRY_RUN: "reg_type       = 4	event_id       = 9	reg_id         = c1	reg_value      = ffffffe17b7d"
363 [22400894756544] INFO perfrun.perfcollector <> - eventId: 9, dataAddr: c1, dataVal: ffffffe17b7d
363 [22400894756544] INFO perfrun.perfcollector <> - DRY_RUN: "reg_type       = 4	event_id       = 10	reg_id         = c2	reg_value      = ffffffe17b7d"
363 [22400894756544] INFO perfrun.perfcollector <> - eventId: 10, dataAddr: c2, dataVal: ffffffe17b7d
363 [22400894756544] INFO perfrun.perfcollector <> - event name: CPU_CLK_UNHALTED.THREAD
363 [22400894756544] INFO perfrun.perfcollector <> - pmu config: cpu
363 [22400894756544] INFO perfrun.perfcollector <> - cccrAddr: ffffffff, cccrValue: 0
363 [22400894756544] INFO perfrun.perfcollector <> - dataAddr: 30a, dataValue: ffffffffffe17b7d
363 [22400894756544] INFO perfrun.perfcollector <> - escrAddr: ffffffff, escrValue: 0
363 [22400894756544] INFO perfrun.perfcollector <> - extendedPebsValue: 0
363 [22400894756544] INFO perfrun.perfcollector <> - adaptivePebsAvailable: 0
363 [22400894756544] INFO perfrun.perfcollector <> - config: event: 3c
363 [22400894756544] INFO perfrun.perfcollector <> - config: pc: 0
363 [22400894756544] INFO perfrun.perfcollector <> - config: in_tx: 0
363 [22400894756544] INFO perfrun.perfcollector <> - config: edge: 0
363 [22400894756544] INFO perfrun.perfcollector <> - config: any: 0
363 [22400894756544] INFO perfrun.perfcollector <> - config1: offcore_rsp: 0
363 [22400894756544] INFO perfrun.perfcollector <> - config: in_tx_cp: 0
363 [22400894756544] INFO perfrun.perfcollector <> - config1: ldlat: 0
363 [22400894756544] INFO perfrun.perfcollector <> - config: inv: 0
363 [22400894756544] INFO perfrun.perfcollector <> - config: umask: 0
363 [22400894756544] INFO perfrun.perfcollector <> - config: cmask: 0
363 [22400894756544] INFO perfrun.perfcollector <> - format: cpu/event=0x3c,name='CPU_CLK_UNHALTED.THREAD'/D
363 [22400894756544] INFO perfrun.perfcollector <> - event name: CPU_CLK_UNHALTED.REF_TSC
363 [22400894756544] INFO perfrun.perfcollector <> - pmu config: cpu
363 [22400894756544] INFO perfrun.perfcollector <> - cccrAddr: ffffffff, cccrValue: 0
363 [22400894756544] INFO perfrun.perfcollector <> - dataAddr: 30b, dataValue: ffffffffffdb6100
363 [22400894756544] INFO perfrun.perfcollector <> - escrAddr: ffffffff, escrValue: 0
363 [22400894756544] INFO perfrun.perfcollector <> - extendedPebsValue: 0
363 [22400894756544] INFO perfrun.perfcollector <> - adaptivePebsAvailable: 0
363 [22400894756544] INFO perfrun.perfcollector <> - config: event: 0
363 [22400894756544] INFO perfrun.perfcollector <> - config: pc: 0
363 [22400894756544] INFO perfrun.perfcollector <> - config: in_tx: 0
363 [22400894756544] INFO perfrun.perfcollector <> - config: edge: 0
363 [22400894756544] INFO perfrun.perfcollector <> - config: any: 0
363 [22400894756544] INFO perfrun.perfcollector <> - config1: offcore_rsp: 0
363 [22400894756544] INFO perfrun.perfcollector <> - config: in_tx_cp: 0
363 [22400894756544] INFO perfrun.perfcollector <> - config1: ldlat: 0
364 [22400894756544] INFO perfrun.perfcollector <> - config: inv: 0
364 [22400894756544] INFO perfrun.perfcollector <> - config: umask: 3
364 [22400894756544] INFO perfrun.perfcollector <> - config: cmask: 0
364 [22400894756544] INFO perfrun.perfcollector <> - format: cpu/umask=0x3,name='CPU_CLK_UNHALTED.REF_TSC'/D
364 [22400894756544] INFO perfrun.perfcollector <> - event name: INST_RETIRED.ANY
364 [22400894756544] INFO perfrun.perfcollector <> - pmu config: cpu
364 [22400894756544] INFO perfrun.perfcollector <> - cccrAddr: ffffffff, cccrValue: 0
364 [22400894756544] INFO perfrun.perfcollector <> - dataAddr: 309, dataValue: ffffffffffdb6100
364 [22400894756544] INFO perfrun.perfcollector <> - escrAddr: ffffffff, escrValue: 0
364 [22400894756544] INFO perfrun.perfcollector <> - extendedPebsValue: 0
364 [22400894756544] INFO perfrun.perfcollector <> - adaptivePebsAvailable: 0
364 [22400894756544] INFO perfrun.perfcollector <> - config: event: c0
364 [22400894756544] INFO perfrun.perfcollector <> - config: pc: 0
364 [22400894756544] INFO perfrun.perfcollector <> - config: in_tx: 0
364 [22400894756544] INFO perfrun.perfcollector <> - config: edge: 0
364 [22400894756544] INFO perfrun.perfcollector <> - config: any: 0
364 [22400894756544] INFO perfrun.perfcollector <> - config1: offcore_rsp: 0
364 [22400894756544] INFO perfrun.perfcollector <> - config: in_tx_cp: 0
364 [22400894756544] INFO perfrun.perfcollector <> - config1: ldlat: 0
364 [22400894756544] INFO perfrun.perfcollector <> - config: inv: 0
364 [22400894756544] INFO perfrun.perfcollector <> - config: umask: 0
364 [22400894756544] INFO perfrun.perfcollector <> - config: cmask: 0
364 [22400894756544] INFO perfrun.perfcollector <> - format: cpu/event=0xc0,name='INST_RETIRED.ANY'/D
364 [22400894756544] INFO perfrun.perfcollector <> - event name: CPU_CLK_UNHALTED.REF_XCLK
364 [22400894756544] INFO perfrun.perfcollector <> - pmu config: cpu
364 [22400894756544] INFO perfrun.perfcollector <> - cccrAddr: 18a, cccrValue: 53013c
364 [22400894756544] INFO perfrun.perfcollector <> - dataAddr: c5, dataValue: fffffffffffe795d
364 [22400894756544] INFO perfrun.perfcollector <> - escrAddr: ffffffff, escrValue: 0
364 [22400894756544] INFO perfrun.perfcollector <> - extendedPebsValue: 0
364 [22400894756544] INFO perfrun.perfcollector <> - adaptivePebsAvailable: 0
364 [22400894756544] INFO perfrun.perfcollector <> - config: event: 3c
364 [22400894756544] INFO perfrun.perfcollector <> - config: pc: 0
364 [22400894756544] INFO perfrun.perfcollector <> - config: in_tx: 0
364 [22400894756544] INFO perfrun.perfcollector <> - config: edge: 0
364 [22400894756544] INFO perfrun.perfcollector <> - config: any: 0
364 [22400894756544] INFO perfrun.perfcollector <> - config1: offcore_rsp: 0
364 [22400894756544] INFO perfrun.perfcollector <> - config: in_tx_cp: 0
364 [22400894756544] INFO perfrun.perfcollector <> - config1: ldlat: 0
364 [22400894756544] INFO perfrun.perfcollector <> - config: inv: 0
364 [22400894756544] INFO perfrun.perfcollector <> - config: umask: 1
364 [22400894756544] INFO perfrun.perfcollector <> - config: cmask: 0
364 [22400894756544] INFO perfrun.perfcollector <> - format: cpu/event=0x3c,umask=0x1,name='CPU_CLK_UNHALTED.REF_XCLK'/
364 [22400894756544] INFO perfrun.perfcollector <> - event name: CPU_CLK_UNHALTED.ONE_THREAD_ACTIVE
364 [22400894756544] INFO perfrun.perfcollector <> - pmu config: cpu
364 [22400894756544] INFO perfrun.perfcollector <> - cccrAddr: 18b, cccrValue: 53023c
364 [22400894756544] INFO perfrun.perfcollector <> - dataAddr: c6, dataValue: fffffffffffe795d
364 [22400894756544] INFO perfrun.perfcollector <> - escrAddr: ffffffff, escrValue: 0
364 [22400894756544] INFO perfrun.perfcollector <> - extendedPebsValue: 0
364 [22400894756544] INFO perfrun.perfcollector <> - adaptivePebsAvailable: 0
364 [22400894756544] INFO perfrun.perfcollector <> - config: event: 3c
364 [22400894756544] INFO perfrun.perfcollector <> - config: pc: 0
364 [22400894756544] INFO perfrun.perfcollector <> - config: in_tx: 0
364 [22400894756544] INFO perfrun.perfcollector <> - config: edge: 0
364 [22400894756544] INFO perfrun.perfcollector <> - config: any: 0
364 [22400894756544] INFO perfrun.perfcollector <> - config1: offcore_rsp: 0
364 [22400894756544] INFO perfrun.perfcollector <> - config: in_tx_cp: 0
364 [22400894756544] INFO perfrun.perfcollector <> - config1: ldlat: 0
364 [22400894756544] INFO perfrun.perfcollector <> - config: inv: 0
364 [22400894756544] INFO perfrun.perfcollector <> - config: umask: 2
364 [22400894756544] INFO perfrun.perfcollector <> - config: cmask: 0
364 [22400894756544] INFO perfrun.perfcollector <> - format: cpu/event=0x3c,umask=0x2,name='CPU_CLK_UNHALTED.ONE_THREAD_ACTIVE'/
364 [22400894756544] INFO perfrun.perfcollector <> - event name: FP_ARITH_INST_RETIRED.SCALAR_SINGLE
364 [22400894756544] INFO perfrun.perfcollector <> - pmu config: cpu
364 [22400894756544] INFO perfrun.perfcollector <> - cccrAddr: 186, cccrValue: 5302c7
364 [22400894756544] INFO perfrun.perfcollector <> - dataAddr: c1, dataValue: ffffffffffe17b7d
364 [22400894756544] INFO perfrun.perfcollector <> - escrAddr: ffffffff, escrValue: 0
364 [22400894756544] INFO perfrun.perfcollector <> - extendedPebsValue: 0
364 [22400894756544] INFO perfrun.perfcollector <> - adaptivePebsAvailable: 0
364 [22400894756544] INFO perfrun.perfcollector <> - config: event: c7
364 [22400894756544] INFO perfrun.perfcollector <> - config: pc: 0
364 [22400894756544] INFO perfrun.perfcollector <> - config: in_tx: 0
364 [22400894756544] INFO perfrun.perfcollector <> - config: edge: 0
364 [22400894756544] INFO perfrun.perfcollector <> - config: any: 0
364 [22400894756544] INFO perfrun.perfcollector <> - config1: offcore_rsp: 0
364 [22400894756544] INFO perfrun.perfcollector <> - config: in_tx_cp: 0
364 [22400894756544] INFO perfrun.perfcollector <> - config1: ldlat: 0
364 [22400894756544] INFO perfrun.perfcollector <> - config: inv: 0
364 [22400894756544] INFO perfrun.perfcollector <> - config: umask: 2
364 [22400894756544] INFO perfrun.perfcollector <> - config: cmask: 0
364 [22400894756544] INFO perfrun.perfcollector <> - format: cpu/event=0xc7,umask=0x2,name='FP_ARITH_INST_RETIRED.SCALAR_SINGLE'/
364 [22400894756544] INFO perfrun.perfcollector <> - event name: FP_ARITH_INST_RETIRED.128B_PACKED_SINGLE
364 [22400894756544] INFO perfrun.perfcollector <> - pmu config: cpu
364 [22400894756544] INFO perfrun.perfcollector <> - cccrAddr: 187, cccrValue: 5308c7
364 [22400894756544] INFO perfrun.perfcollector <> - dataAddr: c2, dataValue: ffffffffffe17b7d
364 [22400894756544] INFO perfrun.perfcollector <> - escrAddr: ffffffff, escrValue: 0
364 [22400894756544] INFO perfrun.perfcollector <> - extendedPebsValue: 0
364 [22400894756544] INFO perfrun.perfcollector <> - adaptivePebsAvailable: 0
364 [22400894756544] INFO perfrun.perfcollector <> - config: event: c7
364 [22400894756544] INFO perfrun.perfcollector <> - config: pc: 0
364 [22400894756544] INFO perfrun.perfcollector <> - config: in_tx: 0
364 [22400894756544] INFO perfrun.perfcollector <> - config: edge: 0
364 [22400894756544] INFO perfrun.perfcollector <> - config: any: 0
364 [22400894756544] INFO perfrun.perfcollector <> - config1: offcore_rsp: 0
364 [22400894756544] INFO perfrun.perfcollector <> - config: in_tx_cp: 0
364 [22400894756544] INFO perfrun.perfcollector <> - config1: ldlat: 0
364 [22400894756544] INFO perfrun.perfcollector <> - config: inv: 0
364 [22400894756544] INFO perfrun.perfcollector <> - config: umask: 8
364 [22400894756544] INFO perfrun.perfcollector <> - config: cmask: 0
364 [22400894756544] INFO perfrun.perfcollector <> - format: cpu/event=0xc7,umask=0x8,name='FP_ARITH_INST_RETIRED.128B_PACKED_SINGLE'/
364 [22400894756544] INFO perfrun.perfcollector <> - event name: FP_ARITH_INST_RETIRED.256B_PACKED_SINGLE
364 [22400894756544] INFO perfrun.perfcollector <> - pmu config: cpu
364 [22400894756544] INFO perfrun.perfcollector <> - cccrAddr: 188, cccrValue: 5320c7
364 [22400894756544] INFO perfrun.perfcollector <> - dataAddr: c3, dataValue: ffffffffffe17b7d
364 [22400894756544] INFO perfrun.perfcollector <> - escrAddr: ffffffff, escrValue: 0
364 [22400894756544] INFO perfrun.perfcollector <> - extendedPebsValue: 0
364 [22400894756544] INFO perfrun.perfcollector <> - adaptivePebsAvailable: 0
364 [22400894756544] INFO perfrun.perfcollector <> - config: event: c7
364 [22400894756544] INFO perfrun.perfcollector <> - config: pc: 0
364 [22400894756544] INFO perfrun.perfcollector <> - config: in_tx: 0
364 [22400894756544] INFO perfrun.perfcollector <> - config: edge: 0
364 [22400894756544] INFO perfrun.perfcollector <> - config: any: 0
364 [22400894756544] INFO perfrun.perfcollector <> - config1: offcore_rsp: 0
364 [22400894756544] INFO perfrun.perfcollector <> - config: in_tx_cp: 0
364 [22400894756544] INFO perfrun.perfcollector <> - config1: ldlat: 0
364 [22400894756544] INFO perfrun.perfcollector <> - config: inv: 0
364 [22400894756544] INFO perfrun.perfcollector <> - config: umask: 20
364 [22400894756544] INFO perfrun.perfcollector <> - config: cmask: 0
364 [22400894756544] INFO perfrun.perfcollector <> - format: cpu/event=0xc7,umask=0x20,name='FP_ARITH_INST_RETIRED.256B_PACKED_SINGLE'/
364 [22400894756544] INFO perfrun.perfcollector <> - event name: FP_ARITH_INST_RETIRED.SCALAR_DOUBLE
364 [22400894756544] INFO perfrun.perfcollector <> - pmu config: cpu
364 [22400894756544] INFO perfrun.perfcollector <> - cccrAddr: 189, cccrValue: 5301c7
364 [22400894756544] INFO perfrun.perfcollector <> - dataAddr: c4, dataValue: ffffffffffe17b7d
364 [22400894756544] INFO perfrun.perfcollector <> - escrAddr: ffffffff, escrValue: 0
364 [22400894756544] INFO perfrun.perfcollector <> - extendedPebsValue: 0
364 [22400894756544] INFO perfrun.perfcollector <> - adaptivePebsAvailable: 0
364 [22400894756544] INFO perfrun.perfcollector <> - config: event: c7
364 [22400894756544] INFO perfrun.perfcollector <> - config: pc: 0
364 [22400894756544] INFO perfrun.perfcollector <> - config: in_tx: 0
364 [22400894756544] INFO perfrun.perfcollector <> - config: edge: 0
364 [22400894756544] INFO perfrun.perfcollector <> - config: any: 0
364 [22400894756544] INFO perfrun.perfcollector <> - config1: offcore_rsp: 0
364 [22400894756544] INFO perfrun.perfcollector <> - config: in_tx_cp: 0
364 [22400894756544] INFO perfrun.perfcollector <> - config1: ldlat: 0
364 [22400894756544] INFO perfrun.perfcollector <> - config: inv: 0
364 [22400894756544] INFO perfrun.perfcollector <> - config: umask: 1
364 [22400894756544] INFO perfrun.perfcollector <> - config: cmask: 0
364 [22400894756544] INFO perfrun.perfcollector <> - format: cpu/event=0xc7,umask=0x1,name='FP_ARITH_INST_RETIRED.SCALAR_DOUBLE'/
364 [22400894756544] INFO perfrun.perfcollector <> - event name: FP_ARITH_INST_RETIRED.128B_PACKED_DOUBLE
364 [22400894756544] INFO perfrun.perfcollector <> - pmu config: cpu
364 [22400894756544] INFO perfrun.perfcollector <> - cccrAddr: 186, cccrValue: 5304c7
364 [22400894756544] INFO perfrun.perfcollector <> - dataAddr: c1, dataValue: ffffffffffe17b7d
364 [22400894756544] INFO perfrun.perfcollector <> - escrAddr: ffffffff, escrValue: 0
364 [22400894756544] INFO perfrun.perfcollector <> - extendedPebsValue: 0
364 [22400894756544] INFO perfrun.perfcollector <> - adaptivePebsAvailable: 0
364 [22400894756544] INFO perfrun.perfcollector <> - config: event: c7
364 [22400894756544] INFO perfrun.perfcollector <> - config: pc: 0
364 [22400894756544] INFO perfrun.perfcollector <> - config: in_tx: 0
364 [22400894756544] INFO perfrun.perfcollector <> - config: edge: 0
364 [22400894756544] INFO perfrun.perfcollector <> - config: any: 0
364 [22400894756544] INFO perfrun.perfcollector <> - config1: offcore_rsp: 0
364 [22400894756544] INFO perfrun.perfcollector <> - config: in_tx_cp: 0
364 [22400894756544] INFO perfrun.perfcollector <> - config1: ldlat: 0
364 [22400894756544] INFO perfrun.perfcollector <> - config: inv: 0
364 [22400894756544] INFO perfrun.perfcollector <> - config: umask: 4
364 [22400894756544] INFO perfrun.perfcollector <> - config: cmask: 0
364 [22400894756544] INFO perfrun.perfcollector <> - format: cpu/event=0xc7,umask=0x4,name='FP_ARITH_INST_RETIRED.128B_PACKED_DOUBLE'/
364 [22400894756544] INFO perfrun.perfcollector <> - event name: FP_ARITH_INST_RETIRED.256B_PACKED_DOUBLE
364 [22400894756544] INFO perfrun.perfcollector <> - pmu config: cpu
364 [22400894756544] INFO perfrun.perfcollector <> - cccrAddr: 187, cccrValue: 5310c7
364 [22400894756544] INFO perfrun.perfcollector <> - dataAddr: c2, dataValue: ffffffffffe17b7d
364 [22400894756544] INFO perfrun.perfcollector <> - escrAddr: ffffffff, escrValue: 0
364 [22400894756544] INFO perfrun.perfcollector <> - extendedPebsValue: 0
364 [22400894756544] INFO perfrun.perfcollector <> - adaptivePebsAvailable: 0
364 [22400894756544] INFO perfrun.perfcollector <> - config: event: c7
364 [22400894756544] INFO perfrun.perfcollector <> - config: pc: 0
364 [22400894756544] INFO perfrun.perfcollector <> - config: in_tx: 0
364 [22400894756544] INFO perfrun.perfcollector <> - config: edge: 0
364 [22400894756544] INFO perfrun.perfcollector <> - config: any: 0
364 [22400894756544] INFO perfrun.perfcollector <> - config1: offcore_rsp: 0
364 [22400894756544] INFO perfrun.perfcollector <> - config: in_tx_cp: 0
364 [22400894756544] INFO perfrun.perfcollector <> - config1: ldlat: 0
364 [22400894756544] INFO perfrun.perfcollector <> - config: inv: 0
364 [22400894756544] INFO perfrun.perfcollector <> - config: umask: 10
364 [22400894756544] INFO perfrun.perfcollector <> - config: cmask: 0
364 [22400894756544] INFO perfrun.perfcollector <> - format: cpu/event=0xc7,umask=0x10,name='FP_ARITH_INST_RETIRED.256B_PACKED_DOUBLE'/
364 [22400894756544] INFO perfrun.perfcollector <> - event name: INST_RETIRED.X87
364 [22400894756544] INFO perfrun.perfcollector <> - pmu config: cpu
364 [22400894756544] INFO perfrun.perfcollector <> - cccrAddr: 18c, cccrValue: 5302c0
364 [22400894756544] INFO perfrun.perfcollector <> - dataAddr: c7, dataValue: ffffffffffe17b7d
364 [22400894756544] INFO perfrun.perfcollector <> - escrAddr: ffffffff, escrValue: 0
364 [22400894756544] INFO perfrun.perfcollector <> - extendedPebsValue: 0
364 [22400894756544] INFO perfrun.perfcollector <> - adaptivePebsAvailable: 0
364 [22400894756544] INFO perfrun.perfcollector <> - config: event: c0
364 [22400894756544] INFO perfrun.perfcollector <> - config: pc: 0
364 [22400894756544] INFO perfrun.perfcollector <> - config: in_tx: 0
364 [22400894756544] INFO perfrun.perfcollector <> - config: edge: 0
364 [22400894756544] INFO perfrun.perfcollector <> - config: any: 0
364 [22400894756544] INFO perfrun.perfcollector <> - config1: offcore_rsp: 0
364 [22400894756544] INFO perfrun.perfcollector <> - config: in_tx_cp: 0
364 [22400894756544] INFO perfrun.perfcollector <> - config1: ldlat: 0
364 [22400894756544] INFO perfrun.perfcollector <> - config: inv: 0
364 [22400894756544] INFO perfrun.perfcollector <> - config: umask: 2
364 [22400894756544] INFO perfrun.perfcollector <> - config: cmask: 0
364 [22400894756544] INFO perfrun.perfcollector <> - format: cpu/event=0xc0,umask=0x2,name='INST_RETIRED.X87'/
364 [22400894756544] INFO perfrun.perfcollector <> - event name: UOPS_RETIRED.RETIRE_SLOTS
364 [22400894756544] INFO perfrun.perfcollector <> - pmu config: cpu
364 [22400894756544] INFO perfrun.perfcollector <> - cccrAddr: 18d, cccrValue: 5302c2
364 [22400894756544] INFO perfrun.perfcollector <> - dataAddr: c8, dataValue: ffffffffffe17b7d
364 [22400894756544] INFO perfrun.perfcollector <> - escrAddr: ffffffff, escrValue: 0
364 [22400894756544] INFO perfrun.perfcollector <> - extendedPebsValue: 0
364 [22400894756544] INFO perfrun.perfcollector <> - adaptivePebsAvailable: 0
364 [22400894756544] INFO perfrun.perfcollector <> - config: event: c2
364 [22400894756544] INFO perfrun.perfcollector <> - config: pc: 0
364 [22400894756544] INFO perfrun.perfcollector <> - config: in_tx: 0
364 [22400894756544] INFO perfrun.perfcollector <> - config: edge: 0
364 [22400894756544] INFO perfrun.perfcollector <> - config: any: 0
364 [22400894756544] INFO perfrun.perfcollector <> - config1: offcore_rsp: 0
364 [22400894756544] INFO perfrun.perfcollector <> - config: in_tx_cp: 0
364 [22400894756544] INFO perfrun.perfcollector <> - config1: ldlat: 0
364 [22400894756544] INFO perfrun.perfcollector <> - config: inv: 0
364 [22400894756544] INFO perfrun.perfcollector <> - config: umask: 2
364 [22400894756544] INFO perfrun.perfcollector <> - config: cmask: 0
364 [22400894756544] INFO perfrun.perfcollector <> - format: cpu/event=0xc2,umask=0x2,name='UOPS_RETIRED.RETIRE_SLOTS'/
364 [22400894756544] INFO perfrun.perfcollector <> - event: cpu/event=0x3c,name='CPU_CLK_UNHALTED.THREAD'/Duk, added for counting
364 [22400894756544] INFO perfrun.perfcollector <> - event: cpu/umask=0x3,name='CPU_CLK_UNHALTED.REF_TSC'/Duk, added for counting
364 [22400894756544] INFO perfrun.perfcollector <> - event: cpu/event=0xc0,name='INST_RETIRED.ANY'/Duk, added for counting
364 [22400894756544] INFO perfrun.perfcollector <> - event: cpu/event=0x3c,umask=0x1,name='CPU_CLK_UNHALTED.REF_XCLK'/uk, added for counting
364 [22400894756544] INFO perfrun.perfcollector <> - event: cpu/event=0x3c,umask=0x2,name='CPU_CLK_UNHALTED.ONE_THREAD_ACTIVE'/uk, added for counting
364 [22400894756544] INFO perfrun.perfcollector <> - event: cpu/event=0xc7,umask=0x2,name='FP_ARITH_INST_RETIRED.SCALAR_SINGLE'/uk, added for counting
364 [22400894756544] INFO perfrun.perfcollector <> - event: cpu/event=0xc7,umask=0x8,name='FP_ARITH_INST_RETIRED.128B_PACKED_SINGLE'/uk, added for counting
364 [22400894756544] INFO perfrun.perfcollector <> - event: cpu/event=0xc7,umask=0x20,name='FP_ARITH_INST_RETIRED.256B_PACKED_SINGLE'/uk, added for counting
364 [22400894756544] INFO perfrun.perfcollector <> - event: cpu/event=0xc7,umask=0x1,name='FP_ARITH_INST_RETIRED.SCALAR_DOUBLE'/uk, added for counting
364 [22400894756544] INFO perfrun.perfcollector <> - event: cpu/event=0xc7,umask=0x4,name='FP_ARITH_INST_RETIRED.128B_PACKED_DOUBLE'/uk, added for counting
364 [22400894756544] INFO perfrun.perfcollector <> - event: cpu/event=0xc7,umask=0x10,name='FP_ARITH_INST_RETIRED.256B_PACKED_DOUBLE'/uk, added for counting
364 [22400894756544] INFO perfrun.perfcollector <> - event: cpu/event=0xc0,umask=0x2,name='INST_RETIRED.X87'/uk, added for counting
364 [22400894756544] INFO perfrun.perfcollector <> - event: cpu/event=0xc2,umask=0x2,name='UOPS_RETIRED.RETIRE_SLOTS'/uk, added for counting
364 [22400894756544] INFO perfrun.perfcollector <> - attaching to pid: 4294967295, collect mode: 1, rc modes: 3
380 [22400883709632] WARN perfrun.perfcollector <> - Perf stat trace pipe capacity: read = 1048576, write = 1048576, at file: vcs/perfrun1/plugins/perfcollector/src/profiler.cpp:765
390 [22400883709632] INFO perfrun.sdk <> - runCmd: /opt/intel/oneapi/vtune/2023.1.0/bin64/amplxe-perf stat -v --log-fd 10 --scale -x ; -e cpu/event=0x3c,name='CPU_CLK_UNHALTED.THREAD'/Duk,cpu/umask=0x3,name='CPU_CLK_UNHALTED.REF_TSC'/Duk,cpu/event=0xc0,name='INST_RETIRED.ANY'/Duk,cpu/event=0x3c,umask=0x1,name='CPU_CLK_UNHALTED.REF_XCLK'/uk,cpu/event=0x3c,umask=0x2,name='CPU_CLK_UNHALTED.ONE_THREAD_ACTIVE'/uk,cpu/event=0xc7,umask=0x2,name='FP_ARITH_INST_RETIRED.SCALAR_SINGLE'/uk,cpu/event=0xc7,umask=0x8,name='FP_ARITH_INST_RETIRED.128B_PACKED_SINGLE'/uk,cpu/event=0xc7,umask=0x20,name='FP_ARITH_INST_RETIRED.256B_PACKED_SINGLE'/uk,cpu/event=0xc7,umask=0x1,name='FP_ARITH_INST_RETIRED.SCALAR_DOUBLE'/uk,cpu/event=0xc7,umask=0x4,name='FP_ARITH_INST_RETIRED.128B_PACKED_DOUBLE'/uk,cpu/event=0xc7,umask=0x10,name='FP_ARITH_INST_RETIRED.256B_PACKED_DOUBLE'/uk,cpu/event=0xc0,umask=0x2,name='INST_RETIRED.X87'/uk,cpu/event=0xc2,umask=0x2,name='UOPS_RETIRED.RETIRE_SLOTS'/uk /opt/intel/oneapi/vtune/2023.1.0/bin64/amplxe-perf-sync dryrun sys
390 [22400883709632] INFO perfrun.sdk <> - runCmd started PID 3882001
546 [22400883709632] INFO perfrun.perfcollector <> - Monitor: runCmd RC = true
547 [22400894756544] INFO perfrun.launcher <> - plugin [aoclprofile] was disabled because it doesn't support the given collection type.
547 [22400894756544] INFO perfrun.tpss <> - initialize tpss controller
547 [22400894756544] INFO perfrun.tpss <> - configure collection mode: value = cpu:counters:nostack
547 [22400894756544] INFO perfrun.tpss <> - configure collection mode: value = cpu:stack
547 [22400894756544] INFO perfrun.tpss <> - default obj-size-min=1024
547 [22400894756544] INFO perfrun.tpss <> - default hash-table-size=0
547 [22400894756544] INFO perfrun.launcher <> - plugin [media] was disabled because it doesn't support the given collection type.
547 [22400894756544] INFO perfrun.launcher <> - plugin [] was disabled because it doesn't support the given collection type.
547 [22400894756544] INFO perfrun.launcher <> - plugin [] was disabled because it doesn't support the given collection type.
548 [22400894756544] INFO perfrun.launcher <> - plugin [parallelfs] was disabled because it doesn't support the given collection type.
548 [22400894756544] INFO perfrun.launcher <> - plugin [power] was disabled because it doesn't support the given collection type.
548 [22400894756544] INFO perfrun.launcher <> - plugin [hwloc] was disabled because it doesn't support the given collection type.
548 [22400894756544] INFO perfrun.launcher <> - plugin [ipmwatch] was disabled because it doesn't support the given collection type.
548 [22400894756544] INFO perfrun.launcher <> - plugin [os_counters] was disabled because it doesn't support the given collection type.
548 [22400894756544] INFO perfrun.launcher <> - plugin [l0_metrics] was disabled because it doesn't support the given collection type.
548 [22401038059392] INFO perfrun.launcher <> - set environment variable: LD_LIBRARY_PATH = /opt/intel/oneapi/vtune/2023.1.0/lib32/runtime:/opt/intel/oneapi/vtune/2023.1.0/lib64/runtime:/opt/intel/oneapi/tbb/2021.5.1/env/../lib/intel64/gcc4.8:/opt/intel/oneapi/mpi/2021.5.1//libfabric/lib:/opt/intel/oneapi/mpi/2021.5.1//lib/release:/opt/intel/oneapi/mpi/2021.5.1//lib:/opt/intel/oneapi/mkl/2022.0.2/lib/intel64:/opt/intel/oneapi/itac/2021.5.0/slib:/opt/intel/oneapi/debugger/2021.5.0/gdb/intel64/lib:/opt/intel/oneapi/debugger/2021.5.0/libipt/intel64/lib:/opt/intel/oneapi/debugger/2021.5.0/dep/lib:/opt/intel/oneapi/compiler/2022.0.2/linux/lib:/opt/intel/oneapi/compiler/2022.0.2/linux/lib/x64:/opt/intel/oneapi/compiler/2022.0.2/linux/lib/oclfpga/host/linux64/lib:/opt/intel/oneapi/compiler/2022.0.2/linux/compiler/lib/intel64_lin
548 [22401038059392] INFO perfrun.launcher <> - set environment variable: INTEL_LIBITTNOTIFY32 = /opt/intel/oneapi/vtune/2023.1.0/lib32/runtime/libittnotify_collector.so
548 [22401038059392] INFO perfrun.launcher <> - set environment variable: INTEL_LIBITTNOTIFY64 = /opt/intel/oneapi/vtune/2023.1.0/lib64/runtime/libittnotify_collector.so
548 [22401038059392] INFO perfrun.launcher <> - set environment variable: INTEL_ITTNOTIFY_GROUPS = 
548 [22401038059392] INFO perfrun.launcher <> - set environment variable: INTEL_JIT_PROFILER32 = /opt/intel/oneapi/vtune/2023.1.0/lib32/runtime/libittnotify_collector.so
548 [22401038059392] INFO perfrun.launcher <> - set environment variable: INTEL_JIT_PROFILER64 = /opt/intel/oneapi/vtune/2023.1.0/lib64/runtime/libittnotify_collector.so
548 [22401038059392] INFO perfrun.launcher <> - set environment variable: OMP_TOOL_LIBRARIES = /opt/intel/oneapi/vtune/2023.1.0/lib32/runtime/libittnotify_collector.so:/opt/intel/oneapi/vtune/2023.1.0/lib64/runtime/libittnotify_collector.so
548 [22401038059392] INFO perfrun.launcher <> - set environment variable: ENABLE_JITPROFILING = 1
548 [22401038059392] INFO perfrun.launcher <> - set environment variable: CL_CONFIG_USE_VTUNE = True
548 [22401038059392] INFO perfrun.launcher <> - set environment variable: LD_PRELOAD = libittnotify_collector.so:
548 [22401038059392] INFO perfrun.launcher <> - set environment variable: KMP_FORKJOIN_FRAMES = 0
548 [22401038059392] INFO perfrun.launcher <> - set environment variable: KMP_FORKJOIN_FRAMES_MODE = 0
548 [22401038059392] INFO perfrun.launcher <> - set environment variable: OMP_TOOL = disabled
548 [22401038059392] INFO perfrun.launcher <> - set environment variable: INTEL_MRTE_DATA_DIR = /home/course/hpc/users/2022012388/exp8/result.conv1/data.24
548 [22401038059392] INFO perfrun.launcher <> - set environment variable: INTEL_MRTE_HOST_NAME = conv1
548 [22401038059392] INFO perfrun.launcher <> - set environment variable: JAVA_TOOL_OPTIONS = -agentlib:amplxe_tpssmrte_javaprof_1.0 -Dsun.boot.library.path=/opt/intel/oneapi/vtune/2023.1.0/lib32/runtime:/opt/intel/oneapi/vtune/2023.1.0/lib64/runtime
548 [22401038059392] INFO perfrun.launcher <> - set environment variable: LD_LIBRARY_PATH = /opt/intel/oneapi/vtune/2023.1.0/lib32/runtime:/opt/intel/oneapi/vtune/2023.1.0/lib64/runtime:/opt/intel/oneapi/tbb/2021.5.1/env/../lib/intel64/gcc4.8:/opt/intel/oneapi/mpi/2021.5.1//libfabric/lib:/opt/intel/oneapi/mpi/2021.5.1//lib/release:/opt/intel/oneapi/mpi/2021.5.1//lib:/opt/intel/oneapi/mkl/2022.0.2/lib/intel64:/opt/intel/oneapi/itac/2021.5.0/slib:/opt/intel/oneapi/debugger/2021.5.0/gdb/intel64/lib:/opt/intel/oneapi/debugger/2021.5.0/libipt/intel64/lib:/opt/intel/oneapi/debugger/2021.5.0/dep/lib:/opt/intel/oneapi/compiler/2022.0.2/linux/lib:/opt/intel/oneapi/compiler/2022.0.2/linux/lib/x64:/opt/intel/oneapi/compiler/2022.0.2/linux/lib/oclfpga/host/linux64/lib:/opt/intel/oneapi/compiler/2022.0.2/linux/compiler/lib/intel64_lin
548 [22401038059392] INFO perfrun.launcher <> - set environment variable: CORECLR_ENABLE_PROFILING = 1
548 [22401038059392] INFO perfrun.launcher <> - set environment variable: CORECLR_PROFILER = {AA5E4821-E3B1-479c-B7FF-5AD047D22CED}
548 [22401038059392] INFO perfrun.launcher <> - set environment variable: CORECLR_PROFILER_PATH = /opt/intel/oneapi/vtune/2023.1.0/lib64/libamplxe_samplingmrte_clrprof_1.0.so
548 [22401038059392] INFO perfrun.launcher <> - set environment variable: INTEL_MRTE_PROFILER_MODE = mixed
549 [22401038059392] INFO perfrun.launcher <> - RpcServer: run RPC server to handle requests
549 [22401038059392] INFO perfrun.launcher <> - Launcher: command line to start before modification = ./run.sh 2022012388
549 [22401038059392] INFO perfrun.launcher <> - Launcher: command line to start after modification = /opt/intel/oneapi/vtune/2023.1.0/bin64/pin -error_file /home/course/hpc/users/2022012388/exp8/result.conv1/data.24/pinerr.tpsslog -detach_reattach -follow_execv -tool_load_option deepbind -t64 /opt/intel/oneapi/vtune/2023.1.0/lib64/libtpsstool.so -t /opt/intel/oneapi/vtune/2023.1.0/lib32/libtpsstool.so -server_name tpss_ipc.3881842 -prd_dir /opt/intel/oneapi/vtune/2023.1.0 -- ./run.sh 2022012388
650 [22401038059392] INFO perfrun.launcher <> - ProcessCreator object was created
651 [22401038059392] INFO perfrun.launcher <> - Launcher: the process was started in suspend mode
655 [22400894756544] WARN perfrun.system <> - Could not do anything with /sys/kernel/debug/kvm: boost::filesystem::status: Permission denied: "/sys/kernel/debug/kvm", at file: vcs/perfrun1/plugins/system/src/trace_writer.cpp:787
655 [22400894756544] WARN perfrun.system <> - Folder "/var/run/libvirt/qemu/"doesn't exist, at file: vcs/perfrun1/plugins/system/src/trace_writer.cpp:800
655 [22400894756544] INFO perfrun.itt <> - start itt controller for pid #3882065
655 [22400894756544] INFO perfrun.perfcollector <> - attaching to pid: 3882065, collect mode: 1, rc modes: 1
669 [22400877405888] WARN perfrun.perfcollector <> - Perf stat trace pipe capacity: read = 1048576, write = 1048576, at file: vcs/perfrun1/plugins/perfcollector/src/profiler.cpp:765
678 [22400877405888] INFO perfrun.sdk <> - runCmd: /opt/intel/oneapi/vtune/2023.1.0/bin64/amplxe-perf stat -v --log-fd 22 --control=fd:23,26 --scale -x ; -p 3882065 -e cpu/event=0x3c,name='CPU_CLK_UNHALTED.THREAD'/Duk,cpu/umask=0x3,name='CPU_CLK_UNHALTED.REF_TSC'/Duk,cpu/event=0xc0,name='INST_RETIRED.ANY'/Duk,cpu/event=0x3c,umask=0x1,name='CPU_CLK_UNHALTED.REF_XCLK'/uk,cpu/event=0x3c,umask=0x2,name='CPU_CLK_UNHALTED.ONE_THREAD_ACTIVE'/uk,cpu/event=0xc7,umask=0x2,name='FP_ARITH_INST_RETIRED.SCALAR_SINGLE'/uk,cpu/event=0xc7,umask=0x8,name='FP_ARITH_INST_RETIRED.128B_PACKED_SINGLE'/uk,cpu/event=0xc7,umask=0x20,name='FP_ARITH_INST_RETIRED.256B_PACKED_SINGLE'/uk,cpu/event=0xc7,umask=0x1,name='FP_ARITH_INST_RETIRED.SCALAR_DOUBLE'/uk,cpu/event=0xc7,umask=0x4,name='FP_ARITH_INST_RETIRED.128B_PACKED_DOUBLE'/uk,cpu/event=0xc7,umask=0x10,name='FP_ARITH_INST_RETIRED.256B_PACKED_DOUBLE'/uk,cpu/event=0xc0,umask=0x2,name='INST_RETIRED.X87'/uk,cpu/event=0xc2,umask=0x2,name='UOPS_RETIRED.RETIRE_SLOTS'/uk /opt/intel/oneapi/vtune/2023.1.0/bin64/amplxe-perf-sync sync sys
680 [22400877405888] INFO perfrun.sdk <> - runCmd started PID 3882099
828 [22400894756544] INFO perfrun.tpss <> - start tpss controller for pid #3882065
879 [22401038059392] INFO perfrun.launcher <> - Launcher: all plugins were started
879 [22401038059392] INFO perfrun.launcher <> - DirectoryMonitor object was created
879 [22401038059392] INFO perfrun.launcher <> - DirectoryMonitor: a callback was added
879 [22401038059392] INFO perfrun.launcher <> - DirectoryMonitor was started with pingTime = 1000
879 [22401038059392] INFO perfrun.launcher <> - DeadlineTimer is going to be constructed
880 [22401038059392] INFO perfrun.launcher <> - DeadlineTimer: a callback was added
881 [22401038059392] INFO perfrun.launcher <> - Launcher: resume the profiled application and  wait its termination or stop command
93952 [22401038059392] INFO perfrun.launcher <> - Launcher: the profiled application was terminated  with exit code = 1
94126 [22400894756544] INFO perfrun.itt <> - detach itt controller
94126 [22400894756544] INFO perfrun.itt <> - detach itt controller done
94128 [22400877405888] INFO perfrun.perfcollector <> - Monitor: runCmd RC = true
94128 [22400894756544] INFO perfrun.perfcollector <> - Monitor: state = 3, error = 1
94129 [22400894756544] INFO perfrun.tpss <> - stop tpss controller
94131 [22400894756544] INFO perfrun.sdk <> - De-allocating TMU: /home/course/hpc/users/2022012388/exp8/result.conv1/data.24/systemcollector-3881842-conv1.sc
94131 [22400894756544] INFO perfrun.system <> - closed the system trace file: /home/course/hpc/users/2022012388/exp8/result.conv1/data.24/systemcollector-3881842-conv1.sc
94131 [22401038059392] INFO perfrun.launcher <> - Launcher: all plugins were stopped.
94131 [22401038059392] INFO perfrun.launcher <> - DeadlineTimer is going to be destroyed
94131 [22401038059392] INFO perfrun.launcher <> - DeadlineTimer was destroyed
94131 [22401038059392] INFO perfrun.launcher <> - DirectoryMonitor object was destroyed
94131 [22401038059392] WARN perfrun.launcher <> - Stop command is ignored because it is received when collection is already stopped, at file: vcs/perfrun1/launcher/src/command_handler.cpp:226
94135 [22401038059392] INFO perfrun.launcher <> - Application exit code: 1
94135 [22401038059392] INFO perfrun.launcher <> - Exit code: 4
