13 [22644664391552] INFO perfrun.launcher <> - Launcher main begin
15 [22644664391552] INFO perfrun.launcher <> - MessageCatalogInit finished
15 [22644664391552] INFO perfrun.launcher <> - Launcher instance created
15 [22644664391552] INFO perfrun.launcher <> - argc = 7; cmdline = /opt/intel/oneapi/vtune/2023.1.0/bin64/amplxe-runss --ui-output-format xml --ui-output-fd 5 --option-file /home/course/hpc/users/2022012388/exp8/result.conv1/config/runss.options.1 
83 [22644664391552] INFO perfrun.launcher <> - create msngr2::ICliToolContext
83 [22644664391552] INFO perfrun.launcher <> - create file finder object
83 [22644664391552] INFO perfrun.launcher <> - create a result directory: pattern = /home/course/hpc/users/2022012388/exp8/result.conv1 pid = 4294967295
86 [22644664391552] INFO perfrun.sdk <> - checked that the directory /home/course/hpc/users/2022012388/exp8/result.conv1 is a local directory
87 [22644664391552] INFO perfrun.sdk <> - the directory /home/course/hpc/users/2022012388/exp8/result.conv1 is located on a share or its FS ID is unknown 26985
87 [22644664391552] INFO perfrun.sdk <> - checked that the directory /tmp/amplxe-tmp-2022012388 is a local directory
87 [22644664391552] INFO perfrun.sdk <> - the directory /tmp/amplxe-tmp-2022012388 is located on a share or its FS ID is unknown 2035054128
88 [22644664391552] INFO perfrun.launcher <> - create data directory = /home/course/hpc/users/2022012388/exp8/result.conv1/data.1
89 [22644664391552] INFO perfrun.launcher <> - Creating the master collection flag
89 [22644664391552] INFO perfrun.launcher <> - Done creating the master collection flag
92 [22644520904384] INFO perfrun.launcher <> - plugin [remoteplug] was disabled because it doesn't support the given collection type.
92 [22644520904384] INFO perfrun.sdk <> - Allocating TMU :/home/course/hpc/users/2022012388/exp8/result.conv1/data.1/systemcollector-3881760-conv1.sc
93 [22644520904384] INFO perfrun.launcher <> - plugin [vdso] was disabled because it doesn't support the given collection type.
93 [22644520904384] INFO perfrun.launcher <> - plugin [ptracecollector] was disabled because it doesn't support the given collection type.
93 [22644520904384] INFO perfrun.launcher <> - plugin [gpu] was disabled because it doesn't support the given collection type.
93 [22644520904384] INFO perfrun.launcher <> - plugin [] was disabled because it doesn't support the given collection type.
93 [22644520904384] INFO perfrun.launcher <> - plugin [] was disabled because it doesn't support the given collection type.
93 [22644520904384] INFO perfrun.launcher <> - plugin [] was disabled because it doesn't support the given collection type.
93 [22644520904384] INFO perfrun.mrte <> - system-wide mode is 0
93 [22644520904384] INFO perfrun.mrte <> - Getting  mrte profiling environment ...
109 [22644520904384] INFO perfrun.mrte <> - INTEL_MRTE_DATA_DIR=/home/course/hpc/users/2022012388/exp8/result.conv1/data.1
109 [22644520904384] INFO perfrun.mrte <> - INTEL_MRTE_HOST_NAME=conv1
109 [22644520904384] INFO perfrun.mrte <> - JAVA_TOOL_OPTIONS=-agentlib:amplxe_tpssmrte_javaprof_1.0 -Dsun.boot.library.path=/opt/intel/oneapi/vtune/2023.1.0/lib32/runtime:/opt/intel/oneapi/vtune/2023.1.0/lib64/runtime
109 [22644520904384] INFO perfrun.mrte <> - LD_LIBRARY_PATH=/opt/intel/oneapi/vtune/2023.1.0/lib32/runtime:/opt/intel/oneapi/vtune/2023.1.0/lib64/runtime:/opt/intel/oneapi/tbb/2021.5.1/env/../lib/intel64/gcc4.8:/opt/intel/oneapi/mpi/2021.5.1//libfabric/lib:/opt/intel/oneapi/mpi/2021.5.1//lib/release:/opt/intel/oneapi/mpi/2021.5.1//lib:/opt/intel/oneapi/mkl/2022.0.2/lib/intel64:/opt/intel/oneapi/itac/2021.5.0/slib:/opt/intel/oneapi/debugger/2021.5.0/gdb/intel64/lib:/opt/intel/oneapi/debugger/2021.5.0/libipt/intel64/lib:/opt/intel/oneapi/debugger/2021.5.0/dep/lib:/opt/intel/oneapi/compiler/2022.0.2/linux/lib:/opt/intel/oneapi/compiler/2022.0.2/linux/lib/x64:/opt/intel/oneapi/compiler/2022.0.2/linux/lib/oclfpga/host/linux64/lib:/opt/intel/oneapi/compiler/2022.0.2/linux/compiler/lib/intel64_lin
109 [22644520904384] INFO perfrun.mrte <> - CORECLR_ENABLE_PROFILING=1
109 [22644520904384] INFO perfrun.mrte <> - CORECLR_PROFILER={AA5E4821-E3B1-479c-B7FF-5AD047D22CED}
109 [22644520904384] INFO perfrun.mrte <> - CORECLR_PROFILER_PATH=/opt/intel/oneapi/vtune/2023.1.0/lib64/libamplxe_samplingmrte_clrprof_1.0.so
109 [22644520904384] INFO perfrun.mrte <> - INTEL_MRTE_PROFILER_MODE=mixed
109 [22644520904384] INFO perfrun.mrte <> - Data directory: /home/course/hpc/users/2022012388/exp8/result.conv1/data.1
109 [22644520904384] INFO perfrun.mrte <> - Mrte plugin is initialized
109 [22644520904384] INFO perfrun.launcher <> - plugin [emon] was disabled because it doesn't support the given collection type.
109 [22644520904384] INFO perfrun.launcher <> - plugin [cuscol] was disabled because it doesn't support the given collection type.
109 [22644520904384] INFO perfrun.launcher <> - plugin [stdsrc] was disabled because it doesn't support the given collection type.
109 [22644520904384] INFO perfrun.launcher <> - plugin [sep] was disabled because it doesn't support the given collection type.
109 [22644520904384] INFO perfrun.launcher <> - plugin [vtsspp] was disabled because it doesn't support the given collection type.
109 [22644520904384] INFO perfrun.sdk <> - Reading value (0) from file: /proc/sys/kernel/perf_event_paranoid
109 [22644520904384] INFO perfrun.perfcollector <> - checking access to: /opt/intel/oneapi/vtune/2023.1.0/bin64/amplxe-perf-priv
112 [22644520904384] INFO perfrun.perfcollector <> - cpu: family = 6 model = 79
112 [22644520904384] INFO perfrun.perfcollector <> - dir found: /sys/bus/event_source/devices/software
112 [22644520904384] INFO perfrun.perfcollector <> - format: pmu format subdir doesn't exist
112 [22644520904384] INFO perfrun.perfcollector <> - hwInfo: not set, pmuFam: software
112 [22644520904384] INFO perfrun.perfcollector <> - pmu added: family: software, id: 0
112 [22644520904384] INFO perfrun.perfcollector <> - dir found: /sys/bus/event_source/devices/uncore_imc_5
113 [22644520904384] INFO perfrun.perfcollector <> - format: event config:0-7 mask:0-7
113 [22644520904384] INFO perfrun.perfcollector <> - format: edge config:18 mask:18
113 [22644520904384] INFO perfrun.perfcollector <> - format: inv config:23 mask:23
113 [22644520904384] INFO perfrun.perfcollector <> - format: umask config:8-15 mask:8-15
113 [22644520904384] INFO perfrun.perfcollector <> - format: thresh config:24-31 mask:24-31
113 [22644520904384] INFO perfrun.perfcollector <> - hwInfo: PERF_IMC_PMU_DETAILS
113 [22644520904384] INFO perfrun.perfcollector <> - pmu added: family: uncore_imc, id: 5
113 [22644520904384] INFO perfrun.perfcollector <> - dir found: /sys/bus/event_source/devices/uncore_sbox_2
114 [22644520904384] INFO perfrun.perfcollector <> - format: event config:0-7 mask:0-7
114 [22644520904384] INFO perfrun.perfcollector <> - format: edge config:18 mask:18
114 [22644520904384] INFO perfrun.perfcollector <> - format: inv config:23 mask:23
114 [22644520904384] INFO perfrun.perfcollector <> - format: umask config:8-15 mask:8-15
114 [22644520904384] INFO perfrun.perfcollector <> - format: tid_en config:19 mask:19
115 [22644520904384] INFO perfrun.perfcollector <> - format: thresh config:24-31 mask:24-31
115 [22644520904384] INFO perfrun.perfcollector <> - hwInfo: not set, pmuFam: uncore_sbox
115 [22644520904384] INFO perfrun.perfcollector <> - pmu added: family: uncore_sbox, id: 2
115 [22644520904384] INFO perfrun.perfcollector <> - dir found: /sys/bus/event_source/devices/uncore_cbox_8
115 [22644520904384] INFO perfrun.perfcollector <> - format: event config:0-7 mask:0-7
115 [22644520904384] INFO perfrun.perfcollector <> - format: filter_link config1:6-8 mask:6-8
116 [22644520904384] INFO perfrun.perfcollector <> - format: filter_c6 config1:61 mask:61
116 [22644520904384] INFO perfrun.perfcollector <> - format: edge config:18 mask:18
116 [22644520904384] INFO perfrun.perfcollector <> - format: filter_isoc config1:63 mask:63
116 [22644520904384] INFO perfrun.perfcollector <> - format: filter_tid config1:0-5 mask:0-5
116 [22644520904384] INFO perfrun.perfcollector <> - format: filter_nid config1:32-47 mask:32-47
116 [22644520904384] INFO perfrun.perfcollector <> - format: filter_nc config1:62 mask:62
117 [22644520904384] INFO perfrun.perfcollector <> - format: umask config:8-15 mask:8-15
117 [22644520904384] INFO perfrun.perfcollector <> - format: tid_en config:19 mask:19
117 [22644520904384] INFO perfrun.perfcollector <> - format: thresh config:24-31 mask:24-31
117 [22644520904384] INFO perfrun.perfcollector <> - format: filter_state config1:17-23 mask:17-23
117 [22644520904384] INFO perfrun.perfcollector <> - format: filter_opc config1:52-60 mask:52-60
117 [22644520904384] INFO perfrun.perfcollector <> - hwInfo: PERF_CBOX_PMU_DETAILS
117 [22644520904384] INFO perfrun.perfcollector <> - pmu added: family: uncore_cbox, id: 8
118 [22644520904384] INFO perfrun.perfcollector <> - dir found: /sys/bus/event_source/devices/uncore_cbox_13
118 [22644520904384] INFO perfrun.perfcollector <> - format: event config:0-7 mask:0-7
118 [22644520904384] INFO perfrun.perfcollector <> - format: filter_link config1:6-8 mask:6-8
118 [22644520904384] INFO perfrun.perfcollector <> - format: filter_c6 config1:61 mask:61
118 [22644520904384] INFO perfrun.perfcollector <> - format: edge config:18 mask:18
119 [22644520904384] INFO perfrun.perfcollector <> - format: filter_isoc config1:63 mask:63
119 [22644520904384] INFO perfrun.perfcollector <> - format: filter_tid config1:0-5 mask:0-5
119 [22644520904384] INFO perfrun.perfcollector <> - format: filter_nid config1:32-47 mask:32-47
119 [22644520904384] INFO perfrun.perfcollector <> - format: filter_nc config1:62 mask:62
119 [22644520904384] INFO perfrun.perfcollector <> - format: umask config:8-15 mask:8-15
120 [22644520904384] INFO perfrun.perfcollector <> - format: tid_en config:19 mask:19
120 [22644520904384] INFO perfrun.perfcollector <> - format: thresh config:24-31 mask:24-31
120 [22644520904384] INFO perfrun.perfcollector <> - format: filter_state config1:17-23 mask:17-23
120 [22644520904384] INFO perfrun.perfcollector <> - format: filter_opc config1:52-60 mask:52-60
120 [22644520904384] INFO perfrun.perfcollector <> - hwInfo: PERF_CBOX_PMU_DETAILS
120 [22644520904384] INFO perfrun.perfcollector <> - pmu added: family: uncore_cbox, id: 13
120 [22644520904384] INFO perfrun.perfcollector <> - dir found: /sys/bus/event_source/devices/uncore_r2pcie
121 [22644520904384] INFO perfrun.perfcollector <> - format: event config:0-7 mask:0-7
121 [22644520904384] INFO perfrun.perfcollector <> - format: edge config:18 mask:18
121 [22644520904384] INFO perfrun.perfcollector <> - format: inv config:23 mask:23
121 [22644520904384] INFO perfrun.perfcollector <> - format: umask config:8-15 mask:8-15
121 [22644520904384] INFO perfrun.perfcollector <> - format: thresh config:24-31 mask:24-31
121 [22644520904384] INFO perfrun.perfcollector <> - hwInfo: not set, pmuFam: uncore_r2pcie
122 [22644520904384] INFO perfrun.perfcollector <> - pmu added: family: uncore_r2pcie, id: 0
122 [22644520904384] INFO perfrun.perfcollector <> - dir found: /sys/bus/event_source/devices/uncore_sbox_0
122 [22644520904384] INFO perfrun.perfcollector <> - format: event config:0-7 mask:0-7
122 [22644520904384] INFO perfrun.perfcollector <> - format: edge config:18 mask:18
123 [22644520904384] INFO perfrun.perfcollector <> - format: inv config:23 mask:23
123 [22644520904384] INFO perfrun.perfcollector <> - format: umask config:8-15 mask:8-15
123 [22644520904384] INFO perfrun.perfcollector <> - format: tid_en config:19 mask:19
123 [22644520904384] INFO perfrun.perfcollector <> - format: thresh config:24-31 mask:24-31
123 [22644520904384] INFO perfrun.perfcollector <> - hwInfo: not set, pmuFam: uncore_sbox
123 [22644520904384] INFO perfrun.perfcollector <> - pmu added: family: uncore_sbox, id: 0
123 [22644520904384] INFO perfrun.perfcollector <> - dir found: /sys/bus/event_source/devices/uncore_qpi_1
124 [22644520904384] INFO perfrun.perfcollector <> - format: mask_rnid4 config2:31 mask:31
124 [22644520904384] INFO perfrun.perfcollector <> - format: mask_rnid30 config2:32-35 mask:32-35
124 [22644520904384] INFO perfrun.perfcollector <> - format: match_rnid30 config1:32-35 mask:32-35
124 [22644520904384] INFO perfrun.perfcollector <> - format: event config:0-7,21 mask:0-7,21
125 [22644520904384] INFO perfrun.perfcollector <> - format: match0 config1:0-31 mask:0-31
125 [22644520904384] INFO perfrun.perfcollector <> - format: match_rds config1:48-51 mask:48-51
125 [22644520904384] INFO perfrun.perfcollector <> - format: mask_rds config2:48-51 mask:48-51
125 [22644520904384] INFO perfrun.perfcollector <> - format: edge config:18 mask:18
125 [22644520904384] INFO perfrun.perfcollector <> - format: mask1 config2:32-63 mask:32-63
126 [22644520904384] INFO perfrun.perfcollector <> - format: match_dnid config1:13-17 mask:13-17
126 [22644520904384] INFO perfrun.perfcollector <> - format: mask_dnid config2:13-17 mask:13-17
126 [22644520904384] INFO perfrun.perfcollector <> - format: match_vnw config1:3-4 mask:3-4
126 [22644520904384] INFO perfrun.perfcollector <> - format: mask_vnw config2:3-4 mask:3-4
126 [22644520904384] INFO perfrun.perfcollector <> - format: mask_mc config2:9-12 mask:9-12
126 [22644520904384] INFO perfrun.perfcollector <> - format: match1 config1:32-63 mask:32-63
127 [22644520904384] INFO perfrun.perfcollector <> - format: inv config:23 mask:23
127 [22644520904384] INFO perfrun.perfcollector <> - format: umask config:8-15 mask:8-15
127 [22644520904384] INFO perfrun.perfcollector <> - format: match_opc config1:5-8 mask:5-8
127 [22644520904384] INFO perfrun.perfcollector <> - format: mask_opc config2:5-8 mask:5-8
127 [22644520904384] INFO perfrun.perfcollector <> - format: thresh config:24-31 mask:24-31
128 [22644520904384] INFO perfrun.perfcollector <> - format: match_rnid4 config1:31 mask:31
128 [22644520904384] INFO perfrun.perfcollector <> - format: mask0 config2:0-31 mask:0-31
128 [22644520904384] INFO perfrun.perfcollector <> - format: match_mc config1:9-12 mask:9-12
128 [22644520904384] INFO perfrun.perfcollector <> - hwInfo: PERF_QPI_PMU_DETAILS
128 [22644520904384] INFO perfrun.perfcollector <> - pmu added: family: uncore_qpi, id: 1
128 [22644520904384] INFO perfrun.perfcollector <> - dir found: /sys/bus/event_source/devices/uncore_cbox_6
129 [22644520904384] INFO perfrun.perfcollector <> - format: event config:0-7 mask:0-7
129 [22644520904384] INFO perfrun.perfcollector <> - format: filter_link config1:6-8 mask:6-8
129 [22644520904384] INFO perfrun.perfcollector <> - format: filter_c6 config1:61 mask:61
129 [22644520904384] INFO perfrun.perfcollector <> - format: edge config:18 mask:18
130 [22644520904384] INFO perfrun.perfcollector <> - format: filter_isoc config1:63 mask:63
130 [22644520904384] INFO perfrun.perfcollector <> - format: filter_tid config1:0-5 mask:0-5
130 [22644520904384] INFO perfrun.perfcollector <> - format: filter_nid config1:32-47 mask:32-47
130 [22644520904384] INFO perfrun.perfcollector <> - format: filter_nc config1:62 mask:62
130 [22644520904384] INFO perfrun.perfcollector <> - format: umask config:8-15 mask:8-15
131 [22644520904384] INFO perfrun.perfcollector <> - format: tid_en config:19 mask:19
131 [22644520904384] INFO perfrun.perfcollector <> - format: thresh config:24-31 mask:24-31
131 [22644520904384] INFO perfrun.perfcollector <> - format: filter_state config1:17-23 mask:17-23
131 [22644520904384] INFO perfrun.perfcollector <> - format: filter_opc config1:52-60 mask:52-60
131 [22644520904384] INFO perfrun.perfcollector <> - hwInfo: PERF_CBOX_PMU_DETAILS
131 [22644520904384] INFO perfrun.perfcollector <> - pmu added: family: uncore_cbox, id: 6
132 [22644520904384] INFO perfrun.perfcollector <> - dir found: /sys/bus/event_source/devices/uncore_imc_1
132 [22644520904384] INFO perfrun.perfcollector <> - format: event config:0-7 mask:0-7
132 [22644520904384] INFO perfrun.perfcollector <> - format: edge config:18 mask:18
132 [22644520904384] INFO perfrun.perfcollector <> - format: inv config:23 mask:23
132 [22644520904384] INFO perfrun.perfcollector <> - format: umask config:8-15 mask:8-15
133 [22644520904384] INFO perfrun.perfcollector <> - format: thresh config:24-31 mask:24-31
133 [22644520904384] INFO perfrun.perfcollector <> - hwInfo: PERF_IMC_PMU_DETAILS
133 [22644520904384] INFO perfrun.perfcollector <> - pmu added: family: uncore_imc, id: 1
133 [22644520904384] INFO perfrun.perfcollector <> - dir found: /sys/bus/event_source/devices/power
133 [22644520904384] INFO perfrun.perfcollector <> - format: event config:0-7 mask:0-7
133 [22644520904384] INFO perfrun.perfcollector <> - hwInfo: not set, pmuFam: power
134 [22644520904384] INFO perfrun.perfcollector <> - pmu added: family: power, id: 0
134 [22644520904384] INFO perfrun.perfcollector <> - dir found: /sys/bus/event_source/devices/uncore_cbox_11
134 [22644520904384] INFO perfrun.perfcollector <> - format: event config:0-7 mask:0-7
134 [22644520904384] INFO perfrun.perfcollector <> - format: filter_link config1:6-8 mask:6-8
134 [22644520904384] INFO perfrun.perfcollector <> - format: filter_c6 config1:61 mask:61
135 [22644520904384] INFO perfrun.perfcollector <> - format: edge config:18 mask:18
135 [22644520904384] INFO perfrun.perfcollector <> - format: filter_isoc config1:63 mask:63
135 [22644520904384] INFO perfrun.perfcollector <> - format: filter_tid config1:0-5 mask:0-5
135 [22644520904384] INFO perfrun.perfcollector <> - format: filter_nid config1:32-47 mask:32-47
135 [22644520904384] INFO perfrun.perfcollector <> - format: filter_nc config1:62 mask:62
136 [22644520904384] INFO perfrun.perfcollector <> - format: umask config:8-15 mask:8-15
136 [22644520904384] INFO perfrun.perfcollector <> - format: tid_en config:19 mask:19
136 [22644520904384] INFO perfrun.perfcollector <> - format: thresh config:24-31 mask:24-31
136 [22644520904384] INFO perfrun.perfcollector <> - format: filter_state config1:17-23 mask:17-23
136 [22644520904384] INFO perfrun.perfcollector <> - format: filter_opc config1:52-60 mask:52-60
136 [22644520904384] INFO perfrun.perfcollector <> - hwInfo: PERF_CBOX_PMU_DETAILS
137 [22644520904384] INFO perfrun.perfcollector <> - pmu added: family: uncore_cbox, id: 11
137 [22644520904384] INFO perfrun.perfcollector <> - dir found: /sys/bus/event_source/devices/uncore_cbox_4
137 [22644520904384] INFO perfrun.perfcollector <> - format: event config:0-7 mask:0-7
137 [22644520904384] INFO perfrun.perfcollector <> - format: filter_link config1:6-8 mask:6-8
137 [22644520904384] INFO perfrun.perfcollector <> - format: filter_c6 config1:61 mask:61
138 [22644520904384] INFO perfrun.perfcollector <> - format: edge config:18 mask:18
138 [22644520904384] INFO perfrun.perfcollector <> - format: filter_isoc config1:63 mask:63
138 [22644520904384] INFO perfrun.perfcollector <> - format: filter_tid config1:0-5 mask:0-5
138 [22644520904384] INFO perfrun.perfcollector <> - format: filter_nid config1:32-47 mask:32-47
138 [22644520904384] INFO perfrun.perfcollector <> - format: filter_nc config1:62 mask:62
139 [22644520904384] INFO perfrun.perfcollector <> - format: umask config:8-15 mask:8-15
139 [22644520904384] INFO perfrun.perfcollector <> - format: tid_en config:19 mask:19
139 [22644520904384] INFO perfrun.perfcollector <> - format: thresh config:24-31 mask:24-31
139 [22644520904384] INFO perfrun.perfcollector <> - format: filter_state config1:17-23 mask:17-23
139 [22644520904384] INFO perfrun.perfcollector <> - format: filter_opc config1:52-60 mask:52-60
139 [22644520904384] INFO perfrun.perfcollector <> - hwInfo: PERF_CBOX_PMU_DETAILS
140 [22644520904384] INFO perfrun.perfcollector <> - pmu added: family: uncore_cbox, id: 4
140 [22644520904384] INFO perfrun.perfcollector <> - dir found: /sys/bus/event_source/devices/uprobe
140 [22644520904384] INFO perfrun.perfcollector <> - format: ref_ctr_offset config:32-63 mask:32-63
140 [22644520904384] INFO perfrun.perfcollector <> - format: retprobe config:0 mask:0
140 [22644520904384] INFO perfrun.perfcollector <> - hwInfo: not set, pmuFam: uprobe
141 [22644520904384] INFO perfrun.perfcollector <> - pmu added: family: uprobe, id: 0
141 [22644520904384] INFO perfrun.perfcollector <> - dir found: /sys/bus/event_source/devices/intel_bts
141 [22644520904384] INFO perfrun.perfcollector <> - format: pmu format subdir doesn't exist
141 [22644520904384] INFO perfrun.perfcollector <> - hwInfo: not set, pmuFam: intel_bts
141 [22644520904384] INFO perfrun.perfcollector <> - pmu added: family: intel_bts, id: 0
141 [22644520904384] INFO perfrun.perfcollector <> - dir found: /sys/bus/event_source/devices/cpu
142 [22644520904384] INFO perfrun.perfcollector <> - format: event config:0-7 mask:0-7
142 [22644520904384] INFO perfrun.perfcollector <> - format: pc config:19 mask:19
142 [22644520904384] INFO perfrun.perfcollector <> - format: in_tx config:32 mask:32
142 [22644520904384] INFO perfrun.perfcollector <> - format: edge config:18 mask:18
143 [22644520904384] INFO perfrun.perfcollector <> - format: any config:21 mask:21
143 [22644520904384] INFO perfrun.perfcollector <> - format: offcore_rsp config1:0-63 mask:0-63
143 [22644520904384] INFO perfrun.perfcollector <> - format: in_tx_cp config:33 mask:33
143 [22644520904384] INFO perfrun.perfcollector <> - format: ldlat config1:0-15 mask:0-15
143 [22644520904384] INFO perfrun.perfcollector <> - format: inv config:23 mask:23
143 [22644520904384] INFO perfrun.perfcollector <> - format: umask config:8-15 mask:8-15
144 [22644520904384] INFO perfrun.perfcollector <> - format: cmask config:24-31 mask:24-31
144 [22644520904384] INFO perfrun.perfcollector <> - hwInfo: PERF_CPU_PMU_DETAILS
144 [22644520904384] INFO perfrun.perfcollector <> - pmu added: family: cpu, id: 0
144 [22644520904384] INFO perfrun.perfcollector <> - dir found: /sys/bus/event_source/devices/uncore_r3qpi_0
144 [22644520904384] INFO perfrun.perfcollector <> - format: event config:0-7 mask:0-7
145 [22644520904384] INFO perfrun.perfcollector <> - format: edge config:18 mask:18
145 [22644520904384] INFO perfrun.perfcollector <> - format: inv config:23 mask:23
145 [22644520904384] INFO perfrun.perfcollector <> - format: umask config:8-15 mask:8-15
145 [22644520904384] INFO perfrun.perfcollector <> - format: thresh config:24-31 mask:24-31
145 [22644520904384] INFO perfrun.perfcollector <> - hwInfo: not set, pmuFam: uncore_r3qpi
145 [22644520904384] INFO perfrun.perfcollector <> - pmu added: family: uncore_r3qpi, id: 0
145 [22644520904384] INFO perfrun.perfcollector <> - dir found: /sys/bus/event_source/devices/cstate_core
146 [22644520904384] INFO perfrun.perfcollector <> - format: event config:0-63 mask:0-63
146 [22644520904384] INFO perfrun.perfcollector <> - hwInfo: not set, pmuFam: cstate_core
146 [22644520904384] INFO perfrun.perfcollector <> - pmu added: family: cstate_core, id: 0
146 [22644520904384] INFO perfrun.perfcollector <> - dir found: /sys/bus/event_source/devices/uncore_cbox_2
146 [22644520904384] INFO perfrun.perfcollector <> - format: event config:0-7 mask:0-7
147 [22644520904384] INFO perfrun.perfcollector <> - format: filter_link config1:6-8 mask:6-8
147 [22644520904384] INFO perfrun.perfcollector <> - format: filter_c6 config1:61 mask:61
147 [22644520904384] INFO perfrun.perfcollector <> - format: edge config:18 mask:18
147 [22644520904384] INFO perfrun.perfcollector <> - format: filter_isoc config1:63 mask:63
147 [22644520904384] INFO perfrun.perfcollector <> - format: filter_tid config1:0-5 mask:0-5
148 [22644520904384] INFO perfrun.perfcollector <> - format: filter_nid config1:32-47 mask:32-47
148 [22644520904384] INFO perfrun.perfcollector <> - format: filter_nc config1:62 mask:62
148 [22644520904384] INFO perfrun.perfcollector <> - format: umask config:8-15 mask:8-15
148 [22644520904384] INFO perfrun.perfcollector <> - format: tid_en config:19 mask:19
148 [22644520904384] INFO perfrun.perfcollector <> - format: thresh config:24-31 mask:24-31
148 [22644520904384] INFO perfrun.perfcollector <> - format: filter_state config1:17-23 mask:17-23
149 [22644520904384] INFO perfrun.perfcollector <> - format: filter_opc config1:52-60 mask:52-60
149 [22644520904384] INFO perfrun.perfcollector <> - hwInfo: PERF_CBOX_PMU_DETAILS
149 [22644520904384] INFO perfrun.perfcollector <> - pmu added: family: uncore_cbox, id: 2
149 [22644520904384] INFO perfrun.perfcollector <> - dir found: /sys/bus/event_source/devices/breakpoint
149 [22644520904384] INFO perfrun.perfcollector <> - format: pmu format subdir doesn't exist
149 [22644520904384] INFO perfrun.perfcollector <> - hwInfo: not set, pmuFam: breakpoint
149 [22644520904384] INFO perfrun.perfcollector <> - pmu added: family: breakpoint, id: 0
149 [22644520904384] INFO perfrun.perfcollector <> - dir found: /sys/bus/event_source/devices/uncore_ha_0
150 [22644520904384] INFO perfrun.perfcollector <> - format: event config:0-7 mask:0-7
150 [22644520904384] INFO perfrun.perfcollector <> - format: edge config:18 mask:18
150 [22644520904384] INFO perfrun.perfcollector <> - format: inv config:23 mask:23
150 [22644520904384] INFO perfrun.perfcollector <> - format: umask config:8-15 mask:8-15
150 [22644520904384] INFO perfrun.perfcollector <> - format: thresh config:24-31 mask:24-31
150 [22644520904384] INFO perfrun.perfcollector <> - hwInfo: not set, pmuFam: uncore_ha
151 [22644520904384] INFO perfrun.perfcollector <> - pmu added: family: uncore_ha, id: 0
151 [22644520904384] INFO perfrun.perfcollector <> - dir found: /sys/bus/event_source/devices/uncore_cbox_0
151 [22644520904384] INFO perfrun.perfcollector <> - format: event config:0-7 mask:0-7
151 [22644520904384] INFO perfrun.perfcollector <> - format: filter_link config1:6-8 mask:6-8
151 [22644520904384] INFO perfrun.perfcollector <> - format: filter_c6 config1:61 mask:61
151 [22644520904384] INFO perfrun.perfcollector <> - format: edge config:18 mask:18
152 [22644520904384] INFO perfrun.perfcollector <> - format: filter_isoc config1:63 mask:63
152 [22644520904384] INFO perfrun.perfcollector <> - format: filter_tid config1:0-5 mask:0-5
152 [22644520904384] INFO perfrun.perfcollector <> - format: filter_nid config1:32-47 mask:32-47
152 [22644520904384] INFO perfrun.perfcollector <> - format: filter_nc config1:62 mask:62
152 [22644520904384] INFO perfrun.perfcollector <> - format: umask config:8-15 mask:8-15
152 [22644520904384] INFO perfrun.perfcollector <> - format: tid_en config:19 mask:19
153 [22644520904384] INFO perfrun.perfcollector <> - format: thresh config:24-31 mask:24-31
153 [22644520904384] INFO perfrun.perfcollector <> - format: filter_state config1:17-23 mask:17-23
153 [22644520904384] INFO perfrun.perfcollector <> - format: filter_opc config1:52-60 mask:52-60
153 [22644520904384] INFO perfrun.perfcollector <> - hwInfo: PERF_CBOX_PMU_DETAILS
153 [22644520904384] INFO perfrun.perfcollector <> - pmu added: family: uncore_cbox, id: 0
153 [22644520904384] INFO perfrun.perfcollector <> - dir found: /sys/bus/event_source/devices/tracepoint
153 [22644520904384] INFO perfrun.perfcollector <> - format: pmu format subdir doesn't exist
153 [22644520904384] INFO perfrun.perfcollector <> - hwInfo: not set, pmuFam: tracepoint
153 [22644520904384] INFO perfrun.perfcollector <> - pmu added: family: tracepoint, id: 0
153 [22644520904384] INFO perfrun.perfcollector <> - dir found: /sys/bus/event_source/devices/uncore_sbox_3
154 [22644520904384] INFO perfrun.perfcollector <> - format: event config:0-7 mask:0-7
154 [22644520904384] INFO perfrun.perfcollector <> - format: edge config:18 mask:18
154 [22644520904384] INFO perfrun.perfcollector <> - format: inv config:23 mask:23
154 [22644520904384] INFO perfrun.perfcollector <> - format: umask config:8-15 mask:8-15
154 [22644520904384] INFO perfrun.perfcollector <> - format: tid_en config:19 mask:19
155 [22644520904384] INFO perfrun.perfcollector <> - format: thresh config:24-31 mask:24-31
155 [22644520904384] INFO perfrun.perfcollector <> - hwInfo: not set, pmuFam: uncore_sbox
155 [22644520904384] INFO perfrun.perfcollector <> - pmu added: family: uncore_sbox, id: 3
155 [22644520904384] INFO perfrun.perfcollector <> - dir found: /sys/bus/event_source/devices/uncore_cbox_9
155 [22644520904384] INFO perfrun.perfcollector <> - format: event config:0-7 mask:0-7
155 [22644520904384] INFO perfrun.perfcollector <> - format: filter_link config1:6-8 mask:6-8
156 [22644520904384] INFO perfrun.perfcollector <> - format: filter_c6 config1:61 mask:61
156 [22644520904384] INFO perfrun.perfcollector <> - format: edge config:18 mask:18
156 [22644520904384] INFO perfrun.perfcollector <> - format: filter_isoc config1:63 mask:63
156 [22644520904384] INFO perfrun.perfcollector <> - format: filter_tid config1:0-5 mask:0-5
156 [22644520904384] INFO perfrun.perfcollector <> - format: filter_nid config1:32-47 mask:32-47
156 [22644520904384] INFO perfrun.perfcollector <> - format: filter_nc config1:62 mask:62
157 [22644520904384] INFO perfrun.perfcollector <> - format: umask config:8-15 mask:8-15
157 [22644520904384] INFO perfrun.perfcollector <> - format: tid_en config:19 mask:19
157 [22644520904384] INFO perfrun.perfcollector <> - format: thresh config:24-31 mask:24-31
157 [22644520904384] INFO perfrun.perfcollector <> - format: filter_state config1:17-23 mask:17-23
157 [22644520904384] INFO perfrun.perfcollector <> - format: filter_opc config1:52-60 mask:52-60
157 [22644520904384] INFO perfrun.perfcollector <> - hwInfo: PERF_CBOX_PMU_DETAILS
157 [22644520904384] INFO perfrun.perfcollector <> - pmu added: family: uncore_cbox, id: 9
157 [22644520904384] INFO perfrun.perfcollector <> - dir found: /sys/bus/event_source/devices/cstate_pkg
158 [22644520904384] INFO perfrun.perfcollector <> - format: event config:0-63 mask:0-63
158 [22644520904384] INFO perfrun.perfcollector <> - hwInfo: not set, pmuFam: cstate_pkg
158 [22644520904384] INFO perfrun.perfcollector <> - pmu added: family: cstate_pkg, id: 0
158 [22644520904384] INFO perfrun.perfcollector <> - dir found: /sys/bus/event_source/devices/uncore_imc_4
158 [22644520904384] INFO perfrun.perfcollector <> - format: event config:0-7 mask:0-7
158 [22644520904384] INFO perfrun.perfcollector <> - format: edge config:18 mask:18
159 [22644520904384] INFO perfrun.perfcollector <> - format: inv config:23 mask:23
159 [22644520904384] INFO perfrun.perfcollector <> - format: umask config:8-15 mask:8-15
159 [22644520904384] INFO perfrun.perfcollector <> - format: thresh config:24-31 mask:24-31
159 [22644520904384] INFO perfrun.perfcollector <> - hwInfo: PERF_IMC_PMU_DETAILS
159 [22644520904384] INFO perfrun.perfcollector <> - pmu added: family: uncore_imc, id: 4
159 [22644520904384] INFO perfrun.perfcollector <> - dir found: /sys/bus/event_source/devices/uncore_ubox
160 [22644520904384] INFO perfrun.perfcollector <> - format: event config:0-7 mask:0-7
160 [22644520904384] INFO perfrun.perfcollector <> - format: edge config:18 mask:18
160 [22644520904384] INFO perfrun.perfcollector <> - format: inv config:23 mask:23
160 [22644520904384] INFO perfrun.perfcollector <> - format: umask config:8-15 mask:8-15
160 [22644520904384] INFO perfrun.perfcollector <> - format: thresh config:24-28 mask:24-28
160 [22644520904384] INFO perfrun.perfcollector <> - hwInfo: not set, pmuFam: uncore_ubox
160 [22644520904384] INFO perfrun.perfcollector <> - pmu added: family: uncore_ubox, id: 0
160 [22644520904384] INFO perfrun.perfcollector <> - dir found: /sys/bus/event_source/devices/uncore_sbox_1
161 [22644520904384] INFO perfrun.perfcollector <> - format: event config:0-7 mask:0-7
161 [22644520904384] INFO perfrun.perfcollector <> - format: edge config:18 mask:18
161 [22644520904384] INFO perfrun.perfcollector <> - format: inv config:23 mask:23
161 [22644520904384] INFO perfrun.perfcollector <> - format: umask config:8-15 mask:8-15
162 [22644520904384] INFO perfrun.perfcollector <> - format: tid_en config:19 mask:19
162 [22644520904384] INFO perfrun.perfcollector <> - format: thresh config:24-31 mask:24-31
162 [22644520904384] INFO perfrun.perfcollector <> - hwInfo: not set, pmuFam: uncore_sbox
162 [22644520904384] INFO perfrun.perfcollector <> - pmu added: family: uncore_sbox, id: 1
162 [22644520904384] INFO perfrun.perfcollector <> - dir found: /sys/bus/event_source/devices/uncore_cbox_7
162 [22644520904384] INFO perfrun.perfcollector <> - format: event config:0-7 mask:0-7
162 [22644520904384] INFO perfrun.perfcollector <> - format: filter_link config1:6-8 mask:6-8
163 [22644520904384] INFO perfrun.perfcollector <> - format: filter_c6 config1:61 mask:61
163 [22644520904384] INFO perfrun.perfcollector <> - format: edge config:18 mask:18
163 [22644520904384] INFO perfrun.perfcollector <> - format: filter_isoc config1:63 mask:63
163 [22644520904384] INFO perfrun.perfcollector <> - format: filter_tid config1:0-5 mask:0-5
163 [22644520904384] INFO perfrun.perfcollector <> - format: filter_nid config1:32-47 mask:32-47
163 [22644520904384] INFO perfrun.perfcollector <> - format: filter_nc config1:62 mask:62
164 [22644520904384] INFO perfrun.perfcollector <> - format: umask config:8-15 mask:8-15
164 [22644520904384] INFO perfrun.perfcollector <> - format: tid_en config:19 mask:19
164 [22644520904384] INFO perfrun.perfcollector <> - format: thresh config:24-31 mask:24-31
164 [22644520904384] INFO perfrun.perfcollector <> - format: filter_state config1:17-23 mask:17-23
164 [22644520904384] INFO perfrun.perfcollector <> - format: filter_opc config1:52-60 mask:52-60
164 [22644520904384] INFO perfrun.perfcollector <> - hwInfo: PERF_CBOX_PMU_DETAILS
165 [22644520904384] INFO perfrun.perfcollector <> - pmu added: family: uncore_cbox, id: 7
165 [22644520904384] INFO perfrun.perfcollector <> - dir found: /sys/bus/event_source/devices/uncore_cbox_12
165 [22644520904384] INFO perfrun.perfcollector <> - format: event config:0-7 mask:0-7
165 [22644520904384] INFO perfrun.perfcollector <> - format: filter_link config1:6-8 mask:6-8
165 [22644520904384] INFO perfrun.perfcollector <> - format: filter_c6 config1:61 mask:61
165 [22644520904384] INFO perfrun.perfcollector <> - format: edge config:18 mask:18
166 [22644520904384] INFO perfrun.perfcollector <> - format: filter_isoc config1:63 mask:63
166 [22644520904384] INFO perfrun.perfcollector <> - format: filter_tid config1:0-5 mask:0-5
166 [22644520904384] INFO perfrun.perfcollector <> - format: filter_nid config1:32-47 mask:32-47
166 [22644520904384] INFO perfrun.perfcollector <> - format: filter_nc config1:62 mask:62
166 [22644520904384] INFO perfrun.perfcollector <> - format: umask config:8-15 mask:8-15
167 [22644520904384] INFO perfrun.perfcollector <> - format: tid_en config:19 mask:19
167 [22644520904384] INFO perfrun.perfcollector <> - format: thresh config:24-31 mask:24-31
167 [22644520904384] INFO perfrun.perfcollector <> - format: filter_state config1:17-23 mask:17-23
167 [22644520904384] INFO perfrun.perfcollector <> - format: filter_opc config1:52-60 mask:52-60
167 [22644520904384] INFO perfrun.perfcollector <> - hwInfo: PERF_CBOX_PMU_DETAILS
167 [22644520904384] INFO perfrun.perfcollector <> - pmu added: family: uncore_cbox, id: 12
167 [22644520904384] INFO perfrun.perfcollector <> - dir found: /sys/bus/event_source/devices/kprobe
168 [22644520904384] INFO perfrun.perfcollector <> - format: retprobe config:0 mask:0
168 [22644520904384] INFO perfrun.perfcollector <> - hwInfo: not set, pmuFam: kprobe
168 [22644520904384] INFO perfrun.perfcollector <> - pmu added: family: kprobe, id: 0
168 [22644520904384] INFO perfrun.perfcollector <> - dir found: /sys/bus/event_source/devices/uncore_qpi_0
168 [22644520904384] INFO perfrun.perfcollector <> - format: mask_rnid4 config2:31 mask:31
168 [22644520904384] INFO perfrun.perfcollector <> - format: mask_rnid30 config2:32-35 mask:32-35
169 [22644520904384] INFO perfrun.perfcollector <> - format: match_rnid30 config1:32-35 mask:32-35
169 [22644520904384] INFO perfrun.perfcollector <> - format: event config:0-7,21 mask:0-7,21
169 [22644520904384] INFO perfrun.perfcollector <> - format: match0 config1:0-31 mask:0-31
169 [22644520904384] INFO perfrun.perfcollector <> - format: match_rds config1:48-51 mask:48-51
169 [22644520904384] INFO perfrun.perfcollector <> - format: mask_rds config2:48-51 mask:48-51
169 [22644520904384] INFO perfrun.perfcollector <> - format: edge config:18 mask:18
170 [22644520904384] INFO perfrun.perfcollector <> - format: mask1 config2:32-63 mask:32-63
170 [22644520904384] INFO perfrun.perfcollector <> - format: match_dnid config1:13-17 mask:13-17
170 [22644520904384] INFO perfrun.perfcollector <> - format: mask_dnid config2:13-17 mask:13-17
170 [22644520904384] INFO perfrun.perfcollector <> - format: match_vnw config1:3-4 mask:3-4
170 [22644520904384] INFO perfrun.perfcollector <> - format: mask_vnw config2:3-4 mask:3-4
170 [22644520904384] INFO perfrun.perfcollector <> - format: mask_mc config2:9-12 mask:9-12
171 [22644520904384] INFO perfrun.perfcollector <> - format: match1 config1:32-63 mask:32-63
171 [22644520904384] INFO perfrun.perfcollector <> - format: inv config:23 mask:23
171 [22644520904384] INFO perfrun.perfcollector <> - format: umask config:8-15 mask:8-15
171 [22644520904384] INFO perfrun.perfcollector <> - format: match_opc config1:5-8 mask:5-8
171 [22644520904384] INFO perfrun.perfcollector <> - format: mask_opc config2:5-8 mask:5-8
171 [22644520904384] INFO perfrun.perfcollector <> - format: thresh config:24-31 mask:24-31
172 [22644520904384] INFO perfrun.perfcollector <> - format: match_rnid4 config1:31 mask:31
172 [22644520904384] INFO perfrun.perfcollector <> - format: mask0 config2:0-31 mask:0-31
172 [22644520904384] INFO perfrun.perfcollector <> - format: match_mc config1:9-12 mask:9-12
172 [22644520904384] INFO perfrun.perfcollector <> - hwInfo: PERF_QPI_PMU_DETAILS
172 [22644520904384] INFO perfrun.perfcollector <> - pmu added: family: uncore_qpi, id: 0
172 [22644520904384] INFO perfrun.perfcollector <> - dir found: /sys/bus/event_source/devices/uncore_cbox_5
173 [22644520904384] INFO perfrun.perfcollector <> - format: event config:0-7 mask:0-7
173 [22644520904384] INFO perfrun.perfcollector <> - format: filter_link config1:6-8 mask:6-8
173 [22644520904384] INFO perfrun.perfcollector <> - format: filter_c6 config1:61 mask:61
173 [22644520904384] INFO perfrun.perfcollector <> - format: edge config:18 mask:18
173 [22644520904384] INFO perfrun.perfcollector <> - format: filter_isoc config1:63 mask:63
174 [22644520904384] INFO perfrun.perfcollector <> - format: filter_tid config1:0-5 mask:0-5
174 [22644520904384] INFO perfrun.perfcollector <> - format: filter_nid config1:32-47 mask:32-47
174 [22644520904384] INFO perfrun.perfcollector <> - format: filter_nc config1:62 mask:62
174 [22644520904384] INFO perfrun.perfcollector <> - format: umask config:8-15 mask:8-15
174 [22644520904384] INFO perfrun.perfcollector <> - format: tid_en config:19 mask:19
174 [22644520904384] INFO perfrun.perfcollector <> - format: thresh config:24-31 mask:24-31
174 [22644520904384] INFO perfrun.perfcollector <> - format: filter_state config1:17-23 mask:17-23
175 [22644520904384] INFO perfrun.perfcollector <> - format: filter_opc config1:52-60 mask:52-60
175 [22644520904384] INFO perfrun.perfcollector <> - hwInfo: PERF_CBOX_PMU_DETAILS
175 [22644520904384] INFO perfrun.perfcollector <> - pmu added: family: uncore_cbox, id: 5
175 [22644520904384] INFO perfrun.perfcollector <> - dir found: /sys/bus/event_source/devices/uncore_imc_0
175 [22644520904384] INFO perfrun.perfcollector <> - format: event config:0-7 mask:0-7
175 [22644520904384] INFO perfrun.perfcollector <> - format: edge config:18 mask:18
176 [22644520904384] INFO perfrun.perfcollector <> - format: inv config:23 mask:23
176 [22644520904384] INFO perfrun.perfcollector <> - format: umask config:8-15 mask:8-15
176 [22644520904384] INFO perfrun.perfcollector <> - format: thresh config:24-31 mask:24-31
176 [22644520904384] INFO perfrun.perfcollector <> - hwInfo: PERF_IMC_PMU_DETAILS
176 [22644520904384] INFO perfrun.perfcollector <> - pmu added: family: uncore_imc, id: 0
176 [22644520904384] INFO perfrun.perfcollector <> - dir found: /sys/bus/event_source/devices/uncore_cbox_10
177 [22644520904384] INFO perfrun.perfcollector <> - format: event config:0-7 mask:0-7
177 [22644520904384] INFO perfrun.perfcollector <> - format: filter_link config1:6-8 mask:6-8
177 [22644520904384] INFO perfrun.perfcollector <> - format: filter_c6 config1:61 mask:61
177 [22644520904384] INFO perfrun.perfcollector <> - format: edge config:18 mask:18
177 [22644520904384] INFO perfrun.perfcollector <> - format: filter_isoc config1:63 mask:63
177 [22644520904384] INFO perfrun.perfcollector <> - format: filter_tid config1:0-5 mask:0-5
178 [22644520904384] INFO perfrun.perfcollector <> - format: filter_nid config1:32-47 mask:32-47
178 [22644520904384] INFO perfrun.perfcollector <> - format: filter_nc config1:62 mask:62
178 [22644520904384] INFO perfrun.perfcollector <> - format: umask config:8-15 mask:8-15
178 [22644520904384] INFO perfrun.perfcollector <> - format: tid_en config:19 mask:19
178 [22644520904384] INFO perfrun.perfcollector <> - format: thresh config:24-31 mask:24-31
178 [22644520904384] INFO perfrun.perfcollector <> - format: filter_state config1:17-23 mask:17-23
179 [22644520904384] INFO perfrun.perfcollector <> - format: filter_opc config1:52-60 mask:52-60
179 [22644520904384] INFO perfrun.perfcollector <> - hwInfo: PERF_CBOX_PMU_DETAILS
179 [22644520904384] INFO perfrun.perfcollector <> - pmu added: family: uncore_cbox, id: 10
179 [22644520904384] INFO perfrun.perfcollector <> - dir found: /sys/bus/event_source/devices/uncore_pcu
179 [22644520904384] INFO perfrun.perfcollector <> - format: filter_band2 config1:16-23 mask:16-23
179 [22644520904384] INFO perfrun.perfcollector <> - format: event config:0-7 mask:0-7
180 [22644520904384] INFO perfrun.perfcollector <> - format: filter_band0 config1:0-7 mask:0-7
180 [22644520904384] INFO perfrun.perfcollector <> - format: edge config:18 mask:18
180 [22644520904384] INFO perfrun.perfcollector <> - format: occ_invert config:30 mask:30
180 [22644520904384] INFO perfrun.perfcollector <> - format: occ_edge config:14-51 mask:14-51
180 [22644520904384] INFO perfrun.perfcollector <> - format: filter_band3 config1:24-31 mask:24-31
181 [22644520904384] INFO perfrun.perfcollector <> - format: filter_band1 config1:8-15 mask:8-15
181 [22644520904384] INFO perfrun.perfcollector <> - format: inv config:23 mask:23
181 [22644520904384] INFO perfrun.perfcollector <> - format: thresh config:24-28 mask:24-28
181 [22644520904384] INFO perfrun.perfcollector <> - format: occ_sel config:14-15 mask:14-15
181 [22644520904384] INFO perfrun.perfcollector <> - hwInfo: not set, pmuFam: uncore_pcu
181 [22644520904384] INFO perfrun.perfcollector <> - pmu added: family: uncore_pcu, id: 0
181 [22644520904384] INFO perfrun.perfcollector <> - dir found: /sys/bus/event_source/devices/uncore_r3qpi_1
182 [22644520904384] INFO perfrun.perfcollector <> - format: event config:0-7 mask:0-7
182 [22644520904384] INFO perfrun.perfcollector <> - format: edge config:18 mask:18
182 [22644520904384] INFO perfrun.perfcollector <> - format: inv config:23 mask:23
182 [22644520904384] INFO perfrun.perfcollector <> - format: umask config:8-15 mask:8-15
182 [22644520904384] INFO perfrun.perfcollector <> - format: thresh config:24-31 mask:24-31
182 [22644520904384] INFO perfrun.perfcollector <> - hwInfo: not set, pmuFam: uncore_r3qpi
183 [22644520904384] INFO perfrun.perfcollector <> - pmu added: family: uncore_r3qpi, id: 1
183 [22644520904384] INFO perfrun.perfcollector <> - dir found: /sys/bus/event_source/devices/msr
183 [22644520904384] INFO perfrun.perfcollector <> - format: event config:0-63 mask:0-63
183 [22644520904384] INFO perfrun.perfcollector <> - hwInfo: not set, pmuFam: msr
183 [22644520904384] INFO perfrun.perfcollector <> - pmu added: family: msr, id: 0
183 [22644520904384] INFO perfrun.perfcollector <> - dir found: /sys/bus/event_source/devices/uncore_cbox_3
184 [22644520904384] INFO perfrun.perfcollector <> - format: event config:0-7 mask:0-7
184 [22644520904384] INFO perfrun.perfcollector <> - format: filter_link config1:6-8 mask:6-8
184 [22644520904384] INFO perfrun.perfcollector <> - format: filter_c6 config1:61 mask:61
184 [22644520904384] INFO perfrun.perfcollector <> - format: edge config:18 mask:18
184 [22644520904384] INFO perfrun.perfcollector <> - format: filter_isoc config1:63 mask:63
185 [22644520904384] INFO perfrun.perfcollector <> - format: filter_tid config1:0-5 mask:0-5
185 [22644520904384] INFO perfrun.perfcollector <> - format: filter_nid config1:32-47 mask:32-47
185 [22644520904384] INFO perfrun.perfcollector <> - format: filter_nc config1:62 mask:62
185 [22644520904384] INFO perfrun.perfcollector <> - format: umask config:8-15 mask:8-15
185 [22644520904384] INFO perfrun.perfcollector <> - format: tid_en config:19 mask:19
186 [22644520904384] INFO perfrun.perfcollector <> - format: thresh config:24-31 mask:24-31
186 [22644520904384] INFO perfrun.perfcollector <> - format: filter_state config1:17-23 mask:17-23
186 [22644520904384] INFO perfrun.perfcollector <> - format: filter_opc config1:52-60 mask:52-60
186 [22644520904384] INFO perfrun.perfcollector <> - hwInfo: PERF_CBOX_PMU_DETAILS
186 [22644520904384] INFO perfrun.perfcollector <> - pmu added: family: uncore_cbox, id: 3
186 [22644520904384] INFO perfrun.perfcollector <> - dir found: /sys/bus/event_source/devices/intel_pt
187 [22644520904384] INFO perfrun.perfcollector <> - format: ptw config:12 mask:12
187 [22644520904384] INFO perfrun.perfcollector <> - format: event config:31 mask:31
187 [22644520904384] INFO perfrun.perfcollector <> - format: cyc_thresh config:19-22 mask:19-22
187 [22644520904384] INFO perfrun.perfcollector <> - format: pt config:0 mask:0
187 [22644520904384] INFO perfrun.perfcollector <> - format: notnt config:55 mask:55
188 [22644520904384] INFO perfrun.perfcollector <> - format: branch config:13 mask:13
188 [22644520904384] INFO perfrun.perfcollector <> - format: tsc config:10 mask:10
188 [22644520904384] INFO perfrun.perfcollector <> - format: pwr_evt config:4 mask:4
188 [22644520904384] INFO perfrun.perfcollector <> - format: fup_on_ptw config:5 mask:5
188 [22644520904384] INFO perfrun.perfcollector <> - format: cyc config:1 mask:1
189 [22644520904384] INFO perfrun.perfcollector <> - format: noretcomp config:11 mask:11
189 [22644520904384] INFO perfrun.perfcollector <> - format: mtc config:9 mask:9
189 [22644520904384] INFO perfrun.perfcollector <> - format: psb_period config:24-27 mask:24-27
189 [22644520904384] INFO perfrun.perfcollector <> - format: mtc_period config:14-17 mask:14-17
189 [22644520904384] INFO perfrun.perfcollector <> - hwInfo: not set, pmuFam: intel_pt
189 [22644520904384] INFO perfrun.perfcollector <> - pmu added: family: intel_pt, id: 0
190 [22644520904384] INFO perfrun.perfcollector <> - dir found: /sys/bus/event_source/devices/uncore_ha_1
190 [22644520904384] INFO perfrun.perfcollector <> - format: event config:0-7 mask:0-7
190 [22644520904384] INFO perfrun.perfcollector <> - format: edge config:18 mask:18
190 [22644520904384] INFO perfrun.perfcollector <> - format: inv config:23 mask:23
190 [22644520904384] INFO perfrun.perfcollector <> - format: umask config:8-15 mask:8-15
191 [22644520904384] INFO perfrun.perfcollector <> - format: thresh config:24-31 mask:24-31
191 [22644520904384] INFO perfrun.perfcollector <> - hwInfo: not set, pmuFam: uncore_ha
191 [22644520904384] INFO perfrun.perfcollector <> - pmu added: family: uncore_ha, id: 1
191 [22644520904384] INFO perfrun.perfcollector <> - dir found: /sys/bus/event_source/devices/uncore_cbox_1
191 [22644520904384] INFO perfrun.perfcollector <> - format: event config:0-7 mask:0-7
191 [22644520904384] INFO perfrun.perfcollector <> - format: filter_link config1:6-8 mask:6-8
192 [22644520904384] INFO perfrun.perfcollector <> - format: filter_c6 config1:61 mask:61
192 [22644520904384] INFO perfrun.perfcollector <> - format: edge config:18 mask:18
192 [22644520904384] INFO perfrun.perfcollector <> - format: filter_isoc config1:63 mask:63
192 [22644520904384] INFO perfrun.perfcollector <> - format: filter_tid config1:0-5 mask:0-5
192 [22644520904384] INFO perfrun.perfcollector <> - format: filter_nid config1:32-47 mask:32-47
193 [22644520904384] INFO perfrun.perfcollector <> - format: filter_nc config1:62 mask:62
193 [22644520904384] INFO perfrun.perfcollector <> - format: umask config:8-15 mask:8-15
193 [22644520904384] INFO perfrun.perfcollector <> - format: tid_en config:19 mask:19
193 [22644520904384] INFO perfrun.perfcollector <> - format: thresh config:24-31 mask:24-31
193 [22644520904384] INFO perfrun.perfcollector <> - format: filter_state config1:17-23 mask:17-23
193 [22644520904384] INFO perfrun.perfcollector <> - format: filter_opc config1:52-60 mask:52-60
193 [22644520904384] INFO perfrun.perfcollector <> - hwInfo: PERF_CBOX_PMU_DETAILS
194 [22644520904384] INFO perfrun.perfcollector <> - pmu added: family: uncore_cbox, id: 1
194 [22644520904384] INFO perfrun.sdk <> - runCmd: /opt/intel/oneapi/vtune/2023.1.0/bin64/sep -dry-run -sam 1 -ec CPU_CLK_UNHALTED.THREAD,CPU_CLK_UNHALTED.REF_TSC:sample:sa=2400000,INST_RETIRED.ANY:sample:sa=2400000,CPU_CLK_UNHALTED.REF_XCLK,CPU_CLK_UNHALTED.ONE_THREAD_ACTIVE,FP_ARITH_INST_RETIRED.SCALAR_SINGLE,FP_ARITH_INST_RETIRED.128B_PACKED_SINGLE,FP_ARITH_INST_RETIRED.256B_PACKED_SINGLE,FP_ARITH_INST_RETIRED.SCALAR_DOUBLE,FP_ARITH_INST_RETIRED.128B_PACKED_DOUBLE,FP_ARITH_INST_RETIRED.256B_PACKED_DOUBLE,INST_RETIRED.X87,UOPS_RETIRED.RETIRE_SLOTS:sample:sa=2000003 -experimental
194 [22644520904384] INFO perfrun.sdk <> - runCmd started PID 3881874
249 [22644520904384] INFO perfrun.perfcollector <> - SepDryRun RC = true
252 [22644520904384] INFO perfrun.perfcollector <> - DRY_RUN: "PMU type: Core (core)"
252 [22644520904384] INFO perfrun.perfcollector <> - pmu type: cpu
253 [22644520904384] INFO perfrun.perfcollector <> - DRY_RUN: "Group 0:"
253 [22644520904384] INFO perfrun.perfcollector <> - id: 0
253 [22644520904384] INFO perfrun.perfcollector <> - DRY_RUN: "INST_RETIRED.ANY: event id 2"
253 [22644520904384] INFO perfrun.perfcollector <> - eventName: INST_RETIRED.ANY, eventId: 2
253 [22644520904384] INFO perfrun.perfcollector <> - DRY_RUN: "CPU_CLK_UNHALTED.THREAD: event id 0"
253 [22644520904384] INFO perfrun.perfcollector <> - eventName: CPU_CLK_UNHALTED.THREAD, eventId: 0
253 [22644520904384] INFO perfrun.perfcollector <> - DRY_RUN: "CPU_CLK_UNHALTED.REF_TSC: event id 1"
253 [22644520904384] INFO perfrun.perfcollector <> - eventName: CPU_CLK_UNHALTED.REF_TSC, eventId: 1
253 [22644520904384] INFO perfrun.perfcollector <> - DRY_RUN: "FP_ARITH_INST_RETIRED.SCALAR_SINGLE: event id 5"
253 [22644520904384] INFO perfrun.perfcollector <> - eventName: FP_ARITH_INST_RETIRED.SCALAR_SINGLE, eventId: 5
253 [22644520904384] INFO perfrun.perfcollector <> - DRY_RUN: "FP_ARITH_INST_RETIRED.128B_PACKED_SINGLE: event id 6"
253 [22644520904384] INFO perfrun.perfcollector <> - eventName: FP_ARITH_INST_RETIRED.128B_PACKED_SINGLE, eventId: 6
253 [22644520904384] INFO perfrun.perfcollector <> - DRY_RUN: "FP_ARITH_INST_RETIRED.256B_PACKED_SINGLE: event id 7"
253 [22644520904384] INFO perfrun.perfcollector <> - eventName: FP_ARITH_INST_RETIRED.256B_PACKED_SINGLE, eventId: 7
253 [22644520904384] INFO perfrun.perfcollector <> - DRY_RUN: "FP_ARITH_INST_RETIRED.SCALAR_DOUBLE: event id 8"
253 [22644520904384] INFO perfrun.perfcollector <> - eventName: FP_ARITH_INST_RETIRED.SCALAR_DOUBLE, eventId: 8
253 [22644520904384] INFO perfrun.perfcollector <> - DRY_RUN: "CPU_CLK_UNHALTED.REF_XCLK: event id 3"
253 [22644520904384] INFO perfrun.perfcollector <> - eventName: CPU_CLK_UNHALTED.REF_XCLK, eventId: 3
253 [22644520904384] INFO perfrun.perfcollector <> - DRY_RUN: "CPU_CLK_UNHALTED.ONE_THREAD_ACTIVE: event id 4"
253 [22644520904384] INFO perfrun.perfcollector <> - eventName: CPU_CLK_UNHALTED.ONE_THREAD_ACTIVE, eventId: 4
253 [22644520904384] INFO perfrun.perfcollector <> - DRY_RUN: "INST_RETIRED.X87: event id 11"
253 [22644520904384] INFO perfrun.perfcollector <> - eventName: INST_RETIRED.X87, eventId: 11
253 [22644520904384] INFO perfrun.perfcollector <> - DRY_RUN: "UOPS_RETIRED.RETIRE_SLOTS: event id 12"
253 [22644520904384] INFO perfrun.perfcollector <> - eventName: UOPS_RETIRED.RETIRE_SLOTS, eventId: 12
253 [22644520904384] INFO perfrun.perfcollector <> - DRY_RUN: "CCCR"
253 [22644520904384] INFO perfrun.perfcollector <> - DRY_RUN: "reg_type       = 1	event_id       = g	reg_id         = 38f	reg_value      = 7000000ff"
253 [22644520904384] INFO perfrun.perfcollector <> - eventId: g, skip parsing event_id
253 [22644520904384] INFO perfrun.perfcollector <> - Register was ignored: group_id: 0, reg_type: 1, event_id: 4294967295, reg_id: 38f, reg_value: 7000000ff, pmu_name: cpu
253 [22644520904384] INFO perfrun.perfcollector <> - DRY_RUN: "reg_type       = 1	event_id       = g	reg_id         = 390	reg_value      = 7000000ff"
253 [22644520904384] INFO perfrun.perfcollector <> - eventId: g, skip parsing event_id
253 [22644520904384] INFO perfrun.perfcollector <> - Register was ignored: group_id: 0, reg_type: 1, event_id: 4294967295, reg_id: 390, reg_value: 7000000ff, pmu_name: cpu
253 [22644520904384] INFO perfrun.perfcollector <> - DRY_RUN: "reg_type       = 1	event_id       = g	reg_id         = 3f1	reg_value      = 0"
253 [22644520904384] INFO perfrun.perfcollector <> - eventId: g, skip parsing event_id
253 [22644520904384] INFO perfrun.perfcollector <> - Register was ignored: group_id: 0, reg_type: 1, event_id: 4294967295, reg_id: 3f1, reg_value: 0, pmu_name: cpu
253 [22644520904384] INFO perfrun.perfcollector <> - DRY_RUN: "reg_type       = 1	event_id       = g	reg_id         = 1d9	reg_value      = 1800"
253 [22644520904384] INFO perfrun.perfcollector <> - eventId: g, skip parsing event_id
253 [22644520904384] INFO perfrun.perfcollector <> - Register was ignored: group_id: 0, reg_type: 1, event_id: 4294967295, reg_id: 1d9, reg_value: 1800, pmu_name: cpu
253 [22644520904384] INFO perfrun.perfcollector <> - DRY_RUN: "reg_type       = 1	event_id       = g	reg_id         = 38d	reg_value      = bbb"
253 [22644520904384] INFO perfrun.perfcollector <> - eventId: g, skip parsing event_id
253 [22644520904384] INFO perfrun.perfcollector <> - Register was ignored: group_id: 0, reg_type: 1, event_id: 4294967295, reg_id: 38d, reg_value: bbb, pmu_name: cpu
253 [22644520904384] INFO perfrun.perfcollector <> - DRY_RUN: "reg_type       = 1	event_id       = 5	reg_id         = 186	reg_value      = 5302c7"
253 [22644520904384] INFO perfrun.perfcollector <> - Event selector: group_id: 0, reg_type: 1, event_id: 5, reg_id: 186, reg_value: 5302c7, pmu_name: cpu
253 [22644520904384] INFO perfrun.perfcollector <> - DRY_RUN: "reg_type       = 1	event_id       = 6	reg_id         = 187	reg_value      = 5308c7"
253 [22644520904384] INFO perfrun.perfcollector <> - Event selector: group_id: 0, reg_type: 1, event_id: 6, reg_id: 187, reg_value: 5308c7, pmu_name: cpu
253 [22644520904384] INFO perfrun.perfcollector <> - DRY_RUN: "reg_type       = 1	event_id       = 7	reg_id         = 188	reg_value      = 5320c7"
253 [22644520904384] INFO perfrun.perfcollector <> - Event selector: group_id: 0, reg_type: 1, event_id: 7, reg_id: 188, reg_value: 5320c7, pmu_name: cpu
253 [22644520904384] INFO perfrun.perfcollector <> - DRY_RUN: "reg_type       = 1	event_id       = 8	reg_id         = 189	reg_value      = 5301c7"
253 [22644520904384] INFO perfrun.perfcollector <> - Event selector: group_id: 0, reg_type: 1, event_id: 8, reg_id: 189, reg_value: 5301c7, pmu_name: cpu
253 [22644520904384] INFO perfrun.perfcollector <> - DRY_RUN: "reg_type       = 1	event_id       = 3	reg_id         = 18a	reg_value      = 53013c"
253 [22644520904384] INFO perfrun.perfcollector <> - Event selector: group_id: 0, reg_type: 1, event_id: 3, reg_id: 18a, reg_value: 53013c, pmu_name: cpu
253 [22644520904384] INFO perfrun.perfcollector <> - DRY_RUN: "reg_type       = 1	event_id       = 4	reg_id         = 18b	reg_value      = 53023c"
253 [22644520904384] INFO perfrun.perfcollector <> - Event selector: group_id: 0, reg_type: 1, event_id: 4, reg_id: 18b, reg_value: 53023c, pmu_name: cpu
253 [22644520904384] INFO perfrun.perfcollector <> - DRY_RUN: "reg_type       = 1	event_id       = 11	reg_id         = 18c	reg_value      = 5302c0"
253 [22644520904384] INFO perfrun.perfcollector <> - Event selector: group_id: 0, reg_type: 1, event_id: 11, reg_id: 18c, reg_value: 5302c0, pmu_name: cpu
253 [22644520904384] INFO perfrun.perfcollector <> - DRY_RUN: "reg_type       = 1	event_id       = 12	reg_id         = 18d	reg_value      = 5302c2"
253 [22644520904384] INFO perfrun.perfcollector <> - Event selector: group_id: 0, reg_type: 1, event_id: 12, reg_id: 18d, reg_value: 5302c2, pmu_name: cpu
253 [22644520904384] INFO perfrun.perfcollector <> - DRY_RUN: "ESCR"
253 [22644520904384] INFO perfrun.perfcollector <> - DRY_RUN: "reg_type       = 2	event_id       = g	reg_id         = 1c8	reg_value      = 0"
253 [22644520904384] INFO perfrun.perfcollector <> - eventId: g, skip parsing event_id
253 [22644520904384] INFO perfrun.perfcollector <> - DRY_RUN: "DATA"
253 [22644520904384] INFO perfrun.perfcollector <> - DRY_RUN: "reg_type       = 4	event_id       = 2	reg_id         = 309	reg_value      = ffffffdb6100"
253 [22644520904384] INFO perfrun.perfcollector <> - eventId: 2, dataAddr: 309, dataVal: ffffffdb6100
253 [22644520904384] INFO perfrun.perfcollector <> - DRY_RUN: "reg_type       = 4	event_id       = 0	reg_id         = 30a	reg_value      = ffffffe17b7d"
253 [22644520904384] INFO perfrun.perfcollector <> - eventId: 0, dataAddr: 30a, dataVal: ffffffe17b7d
253 [22644520904384] INFO perfrun.perfcollector <> - DRY_RUN: "reg_type       = 4	event_id       = 1	reg_id         = 30b	reg_value      = ffffffdb6100"
253 [22644520904384] INFO perfrun.perfcollector <> - eventId: 1, dataAddr: 30b, dataVal: ffffffdb6100
253 [22644520904384] INFO perfrun.perfcollector <> - DRY_RUN: "reg_type       = 4	event_id       = 5	reg_id         = c1	reg_value      = ffffffe17b7d"
253 [22644520904384] INFO perfrun.perfcollector <> - eventId: 5, dataAddr: c1, dataVal: ffffffe17b7d
253 [22644520904384] INFO perfrun.perfcollector <> - DRY_RUN: "reg_type       = 4	event_id       = 6	reg_id         = c2	reg_value      = ffffffe17b7d"
253 [22644520904384] INFO perfrun.perfcollector <> - eventId: 6, dataAddr: c2, dataVal: ffffffe17b7d
253 [22644520904384] INFO perfrun.perfcollector <> - DRY_RUN: "reg_type       = 4	event_id       = 7	reg_id         = c3	reg_value      = ffffffe17b7d"
253 [22644520904384] INFO perfrun.perfcollector <> - eventId: 7, dataAddr: c3, dataVal: ffffffe17b7d
253 [22644520904384] INFO perfrun.perfcollector <> - DRY_RUN: "reg_type       = 4	event_id       = 8	reg_id         = c4	reg_value      = ffffffe17b7d"
253 [22644520904384] INFO perfrun.perfcollector <> - eventId: 8, dataAddr: c4, dataVal: ffffffe17b7d
253 [22644520904384] INFO perfrun.perfcollector <> - DRY_RUN: "reg_type       = 4	event_id       = 3	reg_id         = c5	reg_value      = fffffffe795d"
253 [22644520904384] INFO perfrun.perfcollector <> - eventId: 3, dataAddr: c5, dataVal: fffffffe795d
253 [22644520904384] INFO perfrun.perfcollector <> - DRY_RUN: "reg_type       = 4	event_id       = 4	reg_id         = c6	reg_value      = fffffffe795d"
253 [22644520904384] INFO perfrun.perfcollector <> - eventId: 4, dataAddr: c6, dataVal: fffffffe795d
253 [22644520904384] INFO perfrun.perfcollector <> - DRY_RUN: "reg_type       = 4	event_id       = 11	reg_id         = c7	reg_value      = ffffffe17b7d"
253 [22644520904384] INFO perfrun.perfcollector <> - eventId: 11, dataAddr: c7, dataVal: ffffffe17b7d
253 [22644520904384] INFO perfrun.perfcollector <> - DRY_RUN: "reg_type       = 4	event_id       = 12	reg_id         = c8	reg_value      = ffffffe17b7d"
253 [22644520904384] INFO perfrun.perfcollector <> - eventId: 12, dataAddr: c8, dataVal: ffffffe17b7d
253 [22644520904384] INFO perfrun.perfcollector <> - DRY_RUN: "Group 1:"
253 [22644520904384] INFO perfrun.perfcollector <> - id: 1
253 [22644520904384] INFO perfrun.perfcollector <> - DRY_RUN: "INST_RETIRED.ANY: event id 2"
253 [22644520904384] INFO perfrun.perfcollector <> - eventName: INST_RETIRED.ANY, eventId: 2
253 [22644520904384] INFO perfrun.perfcollector <> - DRY_RUN: "CPU_CLK_UNHALTED.THREAD: event id 0"
253 [22644520904384] INFO perfrun.perfcollector <> - eventName: CPU_CLK_UNHALTED.THREAD, eventId: 0
253 [22644520904384] INFO perfrun.perfcollector <> - DRY_RUN: "CPU_CLK_UNHALTED.REF_TSC: event id 1"
253 [22644520904384] INFO perfrun.perfcollector <> - eventName: CPU_CLK_UNHALTED.REF_TSC, eventId: 1
253 [22644520904384] INFO perfrun.perfcollector <> - DRY_RUN: "FP_ARITH_INST_RETIRED.128B_PACKED_DOUBLE: event id 9"
253 [22644520904384] INFO perfrun.perfcollector <> - eventName: FP_ARITH_INST_RETIRED.128B_PACKED_DOUBLE, eventId: 9
253 [22644520904384] INFO perfrun.perfcollector <> - DRY_RUN: "FP_ARITH_INST_RETIRED.256B_PACKED_DOUBLE: event id 10"
253 [22644520904384] INFO perfrun.perfcollector <> - eventName: FP_ARITH_INST_RETIRED.256B_PACKED_DOUBLE, eventId: 10
253 [22644520904384] INFO perfrun.perfcollector <> - DRY_RUN: "CCCR"
253 [22644520904384] INFO perfrun.perfcollector <> - DRY_RUN: "reg_type       = 1	event_id       = g	reg_id         = 38f	reg_value      = 700000003"
253 [22644520904384] INFO perfrun.perfcollector <> - eventId: g, skip parsing event_id
253 [22644520904384] INFO perfrun.perfcollector <> - Register was ignored: group_id: 1, reg_type: 1, event_id: 4294967295, reg_id: 38f, reg_value: 700000003, pmu_name: cpu
253 [22644520904384] INFO perfrun.perfcollector <> - DRY_RUN: "reg_type       = 1	event_id       = g	reg_id         = 390	reg_value      = 700000003"
253 [22644520904384] INFO perfrun.perfcollector <> - eventId: g, skip parsing event_id
253 [22644520904384] INFO perfrun.perfcollector <> - Register was ignored: group_id: 1, reg_type: 1, event_id: 4294967295, reg_id: 390, reg_value: 700000003, pmu_name: cpu
253 [22644520904384] INFO perfrun.perfcollector <> - DRY_RUN: "reg_type       = 1	event_id       = g	reg_id         = 3f1	reg_value      = 0"
253 [22644520904384] INFO perfrun.perfcollector <> - eventId: g, skip parsing event_id
253 [22644520904384] INFO perfrun.perfcollector <> - Register was ignored: group_id: 1, reg_type: 1, event_id: 4294967295, reg_id: 3f1, reg_value: 0, pmu_name: cpu
253 [22644520904384] INFO perfrun.perfcollector <> - DRY_RUN: "reg_type       = 1	event_id       = g	reg_id         = 1d9	reg_value      = 1800"
253 [22644520904384] INFO perfrun.perfcollector <> - eventId: g, skip parsing event_id
253 [22644520904384] INFO perfrun.perfcollector <> - Register was ignored: group_id: 1, reg_type: 1, event_id: 4294967295, reg_id: 1d9, reg_value: 1800, pmu_name: cpu
253 [22644520904384] INFO perfrun.perfcollector <> - DRY_RUN: "reg_type       = 1	event_id       = g	reg_id         = 38d	reg_value      = bbb"
253 [22644520904384] INFO perfrun.perfcollector <> - eventId: g, skip parsing event_id
253 [22644520904384] INFO perfrun.perfcollector <> - Register was ignored: group_id: 1, reg_type: 1, event_id: 4294967295, reg_id: 38d, reg_value: bbb, pmu_name: cpu
253 [22644520904384] INFO perfrun.perfcollector <> - DRY_RUN: "reg_type       = 1	event_id       = 9	reg_id         = 186	reg_value      = 5304c7"
253 [22644520904384] INFO perfrun.perfcollector <> - Event selector: group_id: 1, reg_type: 1, event_id: 9, reg_id: 186, reg_value: 5304c7, pmu_name: cpu
253 [22644520904384] INFO perfrun.perfcollector <> - DRY_RUN: "reg_type       = 1	event_id       = 10	reg_id         = 187	reg_value      = 5310c7"
253 [22644520904384] INFO perfrun.perfcollector <> - Event selector: group_id: 1, reg_type: 1, event_id: 10, reg_id: 187, reg_value: 5310c7, pmu_name: cpu
253 [22644520904384] INFO perfrun.perfcollector <> - DRY_RUN: "ESCR"
253 [22644520904384] INFO perfrun.perfcollector <> - DRY_RUN: "reg_type       = 2	event_id       = g	reg_id         = 1c8	reg_value      = 0"
253 [22644520904384] INFO perfrun.perfcollector <> - eventId: g, skip parsing event_id
253 [22644520904384] INFO perfrun.perfcollector <> - DRY_RUN: "DATA"
253 [22644520904384] INFO perfrun.perfcollector <> - DRY_RUN: "reg_type       = 4	event_id       = 2	reg_id         = 309	reg_value      = ffffffdb6100"
253 [22644520904384] INFO perfrun.perfcollector <> - eventId: 2, dataAddr: 309, dataVal: ffffffdb6100
253 [22644520904384] INFO perfrun.perfcollector <> - DRY_RUN: "reg_type       = 4	event_id       = 0	reg_id         = 30a	reg_value      = ffffffe17b7d"
253 [22644520904384] INFO perfrun.perfcollector <> - eventId: 0, dataAddr: 30a, dataVal: ffffffe17b7d
253 [22644520904384] INFO perfrun.perfcollector <> - DRY_RUN: "reg_type       = 4	event_id       = 1	reg_id         = 30b	reg_value      = ffffffdb6100"
253 [22644520904384] INFO perfrun.perfcollector <> - eventId: 1, dataAddr: 30b, dataVal: ffffffdb6100
253 [22644520904384] INFO perfrun.perfcollector <> - DRY_RUN: "reg_type       = 4	event_id       = 9	reg_id         = c1	reg_value      = ffffffe17b7d"
253 [22644520904384] INFO perfrun.perfcollector <> - eventId: 9, dataAddr: c1, dataVal: ffffffe17b7d
253 [22644520904384] INFO perfrun.perfcollector <> - DRY_RUN: "reg_type       = 4	event_id       = 10	reg_id         = c2	reg_value      = ffffffe17b7d"
253 [22644520904384] INFO perfrun.perfcollector <> - eventId: 10, dataAddr: c2, dataVal: ffffffe17b7d
253 [22644520904384] INFO perfrun.perfcollector <> - event name: CPU_CLK_UNHALTED.THREAD
253 [22644520904384] INFO perfrun.perfcollector <> - pmu config: cpu
253 [22644520904384] INFO perfrun.perfcollector <> - cccrAddr: ffffffff, cccrValue: 0
253 [22644520904384] INFO perfrun.perfcollector <> - dataAddr: 30a, dataValue: ffffffffffe17b7d
253 [22644520904384] INFO perfrun.perfcollector <> - escrAddr: ffffffff, escrValue: 0
253 [22644520904384] INFO perfrun.perfcollector <> - extendedPebsValue: 0
253 [22644520904384] INFO perfrun.perfcollector <> - adaptivePebsAvailable: 0
253 [22644520904384] INFO perfrun.perfcollector <> - config: event: 3c
253 [22644520904384] INFO perfrun.perfcollector <> - config: pc: 0
253 [22644520904384] INFO perfrun.perfcollector <> - config: in_tx: 0
253 [22644520904384] INFO perfrun.perfcollector <> - config: edge: 0
253 [22644520904384] INFO perfrun.perfcollector <> - config: any: 0
253 [22644520904384] INFO perfrun.perfcollector <> - config1: offcore_rsp: 0
253 [22644520904384] INFO perfrun.perfcollector <> - config: in_tx_cp: 0
253 [22644520904384] INFO perfrun.perfcollector <> - config1: ldlat: 0
253 [22644520904384] INFO perfrun.perfcollector <> - config: inv: 0
253 [22644520904384] INFO perfrun.perfcollector <> - config: umask: 0
253 [22644520904384] INFO perfrun.perfcollector <> - config: cmask: 0
253 [22644520904384] INFO perfrun.perfcollector <> - format: cpu/event=0x3c,name='CPU_CLK_UNHALTED.THREAD'/D
253 [22644520904384] INFO perfrun.perfcollector <> - event name: CPU_CLK_UNHALTED.REF_TSC
253 [22644520904384] INFO perfrun.perfcollector <> - pmu config: cpu
253 [22644520904384] INFO perfrun.perfcollector <> - cccrAddr: ffffffff, cccrValue: 0
253 [22644520904384] INFO perfrun.perfcollector <> - dataAddr: 30b, dataValue: ffffffffffdb6100
253 [22644520904384] INFO perfrun.perfcollector <> - escrAddr: ffffffff, escrValue: 0
253 [22644520904384] INFO perfrun.perfcollector <> - extendedPebsValue: 0
253 [22644520904384] INFO perfrun.perfcollector <> - adaptivePebsAvailable: 0
253 [22644520904384] INFO perfrun.perfcollector <> - config: event: 0
253 [22644520904384] INFO perfrun.perfcollector <> - config: pc: 0
253 [22644520904384] INFO perfrun.perfcollector <> - config: in_tx: 0
253 [22644520904384] INFO perfrun.perfcollector <> - config: edge: 0
253 [22644520904384] INFO perfrun.perfcollector <> - config: any: 0
253 [22644520904384] INFO perfrun.perfcollector <> - config1: offcore_rsp: 0
253 [22644520904384] INFO perfrun.perfcollector <> - config: in_tx_cp: 0
253 [22644520904384] INFO perfrun.perfcollector <> - config1: ldlat: 0
253 [22644520904384] INFO perfrun.perfcollector <> - config: inv: 0
253 [22644520904384] INFO perfrun.perfcollector <> - config: umask: 3
253 [22644520904384] INFO perfrun.perfcollector <> - config: cmask: 0
253 [22644520904384] INFO perfrun.perfcollector <> - format: cpu/umask=0x3,name='CPU_CLK_UNHALTED.REF_TSC'/D
253 [22644520904384] INFO perfrun.perfcollector <> - event name: INST_RETIRED.ANY
253 [22644520904384] INFO perfrun.perfcollector <> - pmu config: cpu
253 [22644520904384] INFO perfrun.perfcollector <> - cccrAddr: ffffffff, cccrValue: 0
253 [22644520904384] INFO perfrun.perfcollector <> - dataAddr: 309, dataValue: ffffffffffdb6100
253 [22644520904384] INFO perfrun.perfcollector <> - escrAddr: ffffffff, escrValue: 0
253 [22644520904384] INFO perfrun.perfcollector <> - extendedPebsValue: 0
253 [22644520904384] INFO perfrun.perfcollector <> - adaptivePebsAvailable: 0
253 [22644520904384] INFO perfrun.perfcollector <> - config: event: c0
253 [22644520904384] INFO perfrun.perfcollector <> - config: pc: 0
253 [22644520904384] INFO perfrun.perfcollector <> - config: in_tx: 0
253 [22644520904384] INFO perfrun.perfcollector <> - config: edge: 0
253 [22644520904384] INFO perfrun.perfcollector <> - config: any: 0
253 [22644520904384] INFO perfrun.perfcollector <> - config1: offcore_rsp: 0
253 [22644520904384] INFO perfrun.perfcollector <> - config: in_tx_cp: 0
253 [22644520904384] INFO perfrun.perfcollector <> - config1: ldlat: 0
253 [22644520904384] INFO perfrun.perfcollector <> - config: inv: 0
253 [22644520904384] INFO perfrun.perfcollector <> - config: umask: 0
253 [22644520904384] INFO perfrun.perfcollector <> - config: cmask: 0
253 [22644520904384] INFO perfrun.perfcollector <> - format: cpu/event=0xc0,name='INST_RETIRED.ANY'/D
253 [22644520904384] INFO perfrun.perfcollector <> - event name: CPU_CLK_UNHALTED.REF_XCLK
253 [22644520904384] INFO perfrun.perfcollector <> - pmu config: cpu
254 [22644520904384] INFO perfrun.perfcollector <> - cccrAddr: 18a, cccrValue: 53013c
254 [22644520904384] INFO perfrun.perfcollector <> - dataAddr: c5, dataValue: fffffffffffe795d
254 [22644520904384] INFO perfrun.perfcollector <> - escrAddr: ffffffff, escrValue: 0
254 [22644520904384] INFO perfrun.perfcollector <> - extendedPebsValue: 0
254 [22644520904384] INFO perfrun.perfcollector <> - adaptivePebsAvailable: 0
254 [22644520904384] INFO perfrun.perfcollector <> - config: event: 3c
254 [22644520904384] INFO perfrun.perfcollector <> - config: pc: 0
254 [22644520904384] INFO perfrun.perfcollector <> - config: in_tx: 0
254 [22644520904384] INFO perfrun.perfcollector <> - config: edge: 0
254 [22644520904384] INFO perfrun.perfcollector <> - config: any: 0
254 [22644520904384] INFO perfrun.perfcollector <> - config1: offcore_rsp: 0
254 [22644520904384] INFO perfrun.perfcollector <> - config: in_tx_cp: 0
254 [22644520904384] INFO perfrun.perfcollector <> - config1: ldlat: 0
254 [22644520904384] INFO perfrun.perfcollector <> - config: inv: 0
254 [22644520904384] INFO perfrun.perfcollector <> - config: umask: 1
254 [22644520904384] INFO perfrun.perfcollector <> - config: cmask: 0
254 [22644520904384] INFO perfrun.perfcollector <> - format: cpu/event=0x3c,umask=0x1,name='CPU_CLK_UNHALTED.REF_XCLK'/
254 [22644520904384] INFO perfrun.perfcollector <> - event name: CPU_CLK_UNHALTED.ONE_THREAD_ACTIVE
254 [22644520904384] INFO perfrun.perfcollector <> - pmu config: cpu
254 [22644520904384] INFO perfrun.perfcollector <> - cccrAddr: 18b, cccrValue: 53023c
254 [22644520904384] INFO perfrun.perfcollector <> - dataAddr: c6, dataValue: fffffffffffe795d
254 [22644520904384] INFO perfrun.perfcollector <> - escrAddr: ffffffff, escrValue: 0
254 [22644520904384] INFO perfrun.perfcollector <> - extendedPebsValue: 0
254 [22644520904384] INFO perfrun.perfcollector <> - adaptivePebsAvailable: 0
254 [22644520904384] INFO perfrun.perfcollector <> - config: event: 3c
254 [22644520904384] INFO perfrun.perfcollector <> - config: pc: 0
254 [22644520904384] INFO perfrun.perfcollector <> - config: in_tx: 0
254 [22644520904384] INFO perfrun.perfcollector <> - config: edge: 0
254 [22644520904384] INFO perfrun.perfcollector <> - config: any: 0
254 [22644520904384] INFO perfrun.perfcollector <> - config1: offcore_rsp: 0
254 [22644520904384] INFO perfrun.perfcollector <> - config: in_tx_cp: 0
254 [22644520904384] INFO perfrun.perfcollector <> - config1: ldlat: 0
254 [22644520904384] INFO perfrun.perfcollector <> - config: inv: 0
254 [22644520904384] INFO perfrun.perfcollector <> - config: umask: 2
254 [22644520904384] INFO perfrun.perfcollector <> - config: cmask: 0
254 [22644520904384] INFO perfrun.perfcollector <> - format: cpu/event=0x3c,umask=0x2,name='CPU_CLK_UNHALTED.ONE_THREAD_ACTIVE'/
254 [22644520904384] INFO perfrun.perfcollector <> - event name: FP_ARITH_INST_RETIRED.SCALAR_SINGLE
254 [22644520904384] INFO perfrun.perfcollector <> - pmu config: cpu
254 [22644520904384] INFO perfrun.perfcollector <> - cccrAddr: 186, cccrValue: 5302c7
254 [22644520904384] INFO perfrun.perfcollector <> - dataAddr: c1, dataValue: ffffffffffe17b7d
254 [22644520904384] INFO perfrun.perfcollector <> - escrAddr: ffffffff, escrValue: 0
254 [22644520904384] INFO perfrun.perfcollector <> - extendedPebsValue: 0
254 [22644520904384] INFO perfrun.perfcollector <> - adaptivePebsAvailable: 0
254 [22644520904384] INFO perfrun.perfcollector <> - config: event: c7
254 [22644520904384] INFO perfrun.perfcollector <> - config: pc: 0
254 [22644520904384] INFO perfrun.perfcollector <> - config: in_tx: 0
254 [22644520904384] INFO perfrun.perfcollector <> - config: edge: 0
254 [22644520904384] INFO perfrun.perfcollector <> - config: any: 0
254 [22644520904384] INFO perfrun.perfcollector <> - config1: offcore_rsp: 0
254 [22644520904384] INFO perfrun.perfcollector <> - config: in_tx_cp: 0
254 [22644520904384] INFO perfrun.perfcollector <> - config1: ldlat: 0
254 [22644520904384] INFO perfrun.perfcollector <> - config: inv: 0
254 [22644520904384] INFO perfrun.perfcollector <> - config: umask: 2
254 [22644520904384] INFO perfrun.perfcollector <> - config: cmask: 0
254 [22644520904384] INFO perfrun.perfcollector <> - format: cpu/event=0xc7,umask=0x2,name='FP_ARITH_INST_RETIRED.SCALAR_SINGLE'/
254 [22644520904384] INFO perfrun.perfcollector <> - event name: FP_ARITH_INST_RETIRED.128B_PACKED_SINGLE
254 [22644520904384] INFO perfrun.perfcollector <> - pmu config: cpu
254 [22644520904384] INFO perfrun.perfcollector <> - cccrAddr: 187, cccrValue: 5308c7
254 [22644520904384] INFO perfrun.perfcollector <> - dataAddr: c2, dataValue: ffffffffffe17b7d
254 [22644520904384] INFO perfrun.perfcollector <> - escrAddr: ffffffff, escrValue: 0
254 [22644520904384] INFO perfrun.perfcollector <> - extendedPebsValue: 0
254 [22644520904384] INFO perfrun.perfcollector <> - adaptivePebsAvailable: 0
254 [22644520904384] INFO perfrun.perfcollector <> - config: event: c7
254 [22644520904384] INFO perfrun.perfcollector <> - config: pc: 0
254 [22644520904384] INFO perfrun.perfcollector <> - config: in_tx: 0
254 [22644520904384] INFO perfrun.perfcollector <> - config: edge: 0
254 [22644520904384] INFO perfrun.perfcollector <> - config: any: 0
254 [22644520904384] INFO perfrun.perfcollector <> - config1: offcore_rsp: 0
254 [22644520904384] INFO perfrun.perfcollector <> - config: in_tx_cp: 0
254 [22644520904384] INFO perfrun.perfcollector <> - config1: ldlat: 0
254 [22644520904384] INFO perfrun.perfcollector <> - config: inv: 0
254 [22644520904384] INFO perfrun.perfcollector <> - config: umask: 8
254 [22644520904384] INFO perfrun.perfcollector <> - config: cmask: 0
254 [22644520904384] INFO perfrun.perfcollector <> - format: cpu/event=0xc7,umask=0x8,name='FP_ARITH_INST_RETIRED.128B_PACKED_SINGLE'/
254 [22644520904384] INFO perfrun.perfcollector <> - event name: FP_ARITH_INST_RETIRED.256B_PACKED_SINGLE
254 [22644520904384] INFO perfrun.perfcollector <> - pmu config: cpu
254 [22644520904384] INFO perfrun.perfcollector <> - cccrAddr: 188, cccrValue: 5320c7
254 [22644520904384] INFO perfrun.perfcollector <> - dataAddr: c3, dataValue: ffffffffffe17b7d
254 [22644520904384] INFO perfrun.perfcollector <> - escrAddr: ffffffff, escrValue: 0
254 [22644520904384] INFO perfrun.perfcollector <> - extendedPebsValue: 0
254 [22644520904384] INFO perfrun.perfcollector <> - adaptivePebsAvailable: 0
254 [22644520904384] INFO perfrun.perfcollector <> - config: event: c7
254 [22644520904384] INFO perfrun.perfcollector <> - config: pc: 0
254 [22644520904384] INFO perfrun.perfcollector <> - config: in_tx: 0
254 [22644520904384] INFO perfrun.perfcollector <> - config: edge: 0
254 [22644520904384] INFO perfrun.perfcollector <> - config: any: 0
254 [22644520904384] INFO perfrun.perfcollector <> - config1: offcore_rsp: 0
254 [22644520904384] INFO perfrun.perfcollector <> - config: in_tx_cp: 0
254 [22644520904384] INFO perfrun.perfcollector <> - config1: ldlat: 0
254 [22644520904384] INFO perfrun.perfcollector <> - config: inv: 0
254 [22644520904384] INFO perfrun.perfcollector <> - config: umask: 20
254 [22644520904384] INFO perfrun.perfcollector <> - config: cmask: 0
254 [22644520904384] INFO perfrun.perfcollector <> - format: cpu/event=0xc7,umask=0x20,name='FP_ARITH_INST_RETIRED.256B_PACKED_SINGLE'/
254 [22644520904384] INFO perfrun.perfcollector <> - event name: FP_ARITH_INST_RETIRED.SCALAR_DOUBLE
254 [22644520904384] INFO perfrun.perfcollector <> - pmu config: cpu
254 [22644520904384] INFO perfrun.perfcollector <> - cccrAddr: 189, cccrValue: 5301c7
254 [22644520904384] INFO perfrun.perfcollector <> - dataAddr: c4, dataValue: ffffffffffe17b7d
254 [22644520904384] INFO perfrun.perfcollector <> - escrAddr: ffffffff, escrValue: 0
254 [22644520904384] INFO perfrun.perfcollector <> - extendedPebsValue: 0
254 [22644520904384] INFO perfrun.perfcollector <> - adaptivePebsAvailable: 0
254 [22644520904384] INFO perfrun.perfcollector <> - config: event: c7
254 [22644520904384] INFO perfrun.perfcollector <> - config: pc: 0
254 [22644520904384] INFO perfrun.perfcollector <> - config: in_tx: 0
254 [22644520904384] INFO perfrun.perfcollector <> - config: edge: 0
254 [22644520904384] INFO perfrun.perfcollector <> - config: any: 0
254 [22644520904384] INFO perfrun.perfcollector <> - config1: offcore_rsp: 0
254 [22644520904384] INFO perfrun.perfcollector <> - config: in_tx_cp: 0
254 [22644520904384] INFO perfrun.perfcollector <> - config1: ldlat: 0
254 [22644520904384] INFO perfrun.perfcollector <> - config: inv: 0
254 [22644520904384] INFO perfrun.perfcollector <> - config: umask: 1
254 [22644520904384] INFO perfrun.perfcollector <> - config: cmask: 0
254 [22644520904384] INFO perfrun.perfcollector <> - format: cpu/event=0xc7,umask=0x1,name='FP_ARITH_INST_RETIRED.SCALAR_DOUBLE'/
254 [22644520904384] INFO perfrun.perfcollector <> - event name: FP_ARITH_INST_RETIRED.128B_PACKED_DOUBLE
254 [22644520904384] INFO perfrun.perfcollector <> - pmu config: cpu
254 [22644520904384] INFO perfrun.perfcollector <> - cccrAddr: 186, cccrValue: 5304c7
254 [22644520904384] INFO perfrun.perfcollector <> - dataAddr: c1, dataValue: ffffffffffe17b7d
254 [22644520904384] INFO perfrun.perfcollector <> - escrAddr: ffffffff, escrValue: 0
254 [22644520904384] INFO perfrun.perfcollector <> - extendedPebsValue: 0
254 [22644520904384] INFO perfrun.perfcollector <> - adaptivePebsAvailable: 0
254 [22644520904384] INFO perfrun.perfcollector <> - config: event: c7
254 [22644520904384] INFO perfrun.perfcollector <> - config: pc: 0
254 [22644520904384] INFO perfrun.perfcollector <> - config: in_tx: 0
254 [22644520904384] INFO perfrun.perfcollector <> - config: edge: 0
254 [22644520904384] INFO perfrun.perfcollector <> - config: any: 0
254 [22644520904384] INFO perfrun.perfcollector <> - config1: offcore_rsp: 0
254 [22644520904384] INFO perfrun.perfcollector <> - config: in_tx_cp: 0
254 [22644520904384] INFO perfrun.perfcollector <> - config1: ldlat: 0
254 [22644520904384] INFO perfrun.perfcollector <> - config: inv: 0
254 [22644520904384] INFO perfrun.perfcollector <> - config: umask: 4
254 [22644520904384] INFO perfrun.perfcollector <> - config: cmask: 0
254 [22644520904384] INFO perfrun.perfcollector <> - format: cpu/event=0xc7,umask=0x4,name='FP_ARITH_INST_RETIRED.128B_PACKED_DOUBLE'/
254 [22644520904384] INFO perfrun.perfcollector <> - event name: FP_ARITH_INST_RETIRED.256B_PACKED_DOUBLE
254 [22644520904384] INFO perfrun.perfcollector <> - pmu config: cpu
254 [22644520904384] INFO perfrun.perfcollector <> - cccrAddr: 187, cccrValue: 5310c7
254 [22644520904384] INFO perfrun.perfcollector <> - dataAddr: c2, dataValue: ffffffffffe17b7d
254 [22644520904384] INFO perfrun.perfcollector <> - escrAddr: ffffffff, escrValue: 0
254 [22644520904384] INFO perfrun.perfcollector <> - extendedPebsValue: 0
254 [22644520904384] INFO perfrun.perfcollector <> - adaptivePebsAvailable: 0
254 [22644520904384] INFO perfrun.perfcollector <> - config: event: c7
254 [22644520904384] INFO perfrun.perfcollector <> - config: pc: 0
254 [22644520904384] INFO perfrun.perfcollector <> - config: in_tx: 0
254 [22644520904384] INFO perfrun.perfcollector <> - config: edge: 0
254 [22644520904384] INFO perfrun.perfcollector <> - config: any: 0
254 [22644520904384] INFO perfrun.perfcollector <> - config1: offcore_rsp: 0
254 [22644520904384] INFO perfrun.perfcollector <> - config: in_tx_cp: 0
254 [22644520904384] INFO perfrun.perfcollector <> - config1: ldlat: 0
254 [22644520904384] INFO perfrun.perfcollector <> - config: inv: 0
254 [22644520904384] INFO perfrun.perfcollector <> - config: umask: 10
254 [22644520904384] INFO perfrun.perfcollector <> - config: cmask: 0
254 [22644520904384] INFO perfrun.perfcollector <> - format: cpu/event=0xc7,umask=0x10,name='FP_ARITH_INST_RETIRED.256B_PACKED_DOUBLE'/
254 [22644520904384] INFO perfrun.perfcollector <> - event name: INST_RETIRED.X87
254 [22644520904384] INFO perfrun.perfcollector <> - pmu config: cpu
254 [22644520904384] INFO perfrun.perfcollector <> - cccrAddr: 18c, cccrValue: 5302c0
254 [22644520904384] INFO perfrun.perfcollector <> - dataAddr: c7, dataValue: ffffffffffe17b7d
254 [22644520904384] INFO perfrun.perfcollector <> - escrAddr: ffffffff, escrValue: 0
254 [22644520904384] INFO perfrun.perfcollector <> - extendedPebsValue: 0
254 [22644520904384] INFO perfrun.perfcollector <> - adaptivePebsAvailable: 0
254 [22644520904384] INFO perfrun.perfcollector <> - config: event: c0
254 [22644520904384] INFO perfrun.perfcollector <> - config: pc: 0
254 [22644520904384] INFO perfrun.perfcollector <> - config: in_tx: 0
254 [22644520904384] INFO perfrun.perfcollector <> - config: edge: 0
254 [22644520904384] INFO perfrun.perfcollector <> - config: any: 0
254 [22644520904384] INFO perfrun.perfcollector <> - config1: offcore_rsp: 0
254 [22644520904384] INFO perfrun.perfcollector <> - config: in_tx_cp: 0
254 [22644520904384] INFO perfrun.perfcollector <> - config1: ldlat: 0
254 [22644520904384] INFO perfrun.perfcollector <> - config: inv: 0
254 [22644520904384] INFO perfrun.perfcollector <> - config: umask: 2
254 [22644520904384] INFO perfrun.perfcollector <> - config: cmask: 0
254 [22644520904384] INFO perfrun.perfcollector <> - format: cpu/event=0xc0,umask=0x2,name='INST_RETIRED.X87'/
254 [22644520904384] INFO perfrun.perfcollector <> - event name: UOPS_RETIRED.RETIRE_SLOTS
254 [22644520904384] INFO perfrun.perfcollector <> - pmu config: cpu
254 [22644520904384] INFO perfrun.perfcollector <> - cccrAddr: 18d, cccrValue: 5302c2
254 [22644520904384] INFO perfrun.perfcollector <> - dataAddr: c8, dataValue: ffffffffffe17b7d
254 [22644520904384] INFO perfrun.perfcollector <> - escrAddr: ffffffff, escrValue: 0
254 [22644520904384] INFO perfrun.perfcollector <> - extendedPebsValue: 0
254 [22644520904384] INFO perfrun.perfcollector <> - adaptivePebsAvailable: 0
254 [22644520904384] INFO perfrun.perfcollector <> - config: event: c2
254 [22644520904384] INFO perfrun.perfcollector <> - config: pc: 0
254 [22644520904384] INFO perfrun.perfcollector <> - config: in_tx: 0
254 [22644520904384] INFO perfrun.perfcollector <> - config: edge: 0
254 [22644520904384] INFO perfrun.perfcollector <> - config: any: 0
254 [22644520904384] INFO perfrun.perfcollector <> - config1: offcore_rsp: 0
254 [22644520904384] INFO perfrun.perfcollector <> - config: in_tx_cp: 0
254 [22644520904384] INFO perfrun.perfcollector <> - config1: ldlat: 0
254 [22644520904384] INFO perfrun.perfcollector <> - config: inv: 0
254 [22644520904384] INFO perfrun.perfcollector <> - config: umask: 2
254 [22644520904384] INFO perfrun.perfcollector <> - config: cmask: 0
254 [22644520904384] INFO perfrun.perfcollector <> - format: cpu/event=0xc2,umask=0x2,name='UOPS_RETIRED.RETIRE_SLOTS'/
254 [22644520904384] INFO perfrun.perfcollector <> - event: cpu/event=0x3c,name='CPU_CLK_UNHALTED.THREAD'/Duk, added for counting
254 [22644520904384] INFO perfrun.perfcollector <> - event: cpu/umask=0x3,name='CPU_CLK_UNHALTED.REF_TSC'/Duk, added for counting
254 [22644520904384] INFO perfrun.perfcollector <> - event: cpu/event=0xc0,name='INST_RETIRED.ANY'/Duk, added for counting
254 [22644520904384] INFO perfrun.perfcollector <> - event: cpu/event=0x3c,umask=0x1,name='CPU_CLK_UNHALTED.REF_XCLK'/uk, added for counting
254 [22644520904384] INFO perfrun.perfcollector <> - event: cpu/event=0x3c,umask=0x2,name='CPU_CLK_UNHALTED.ONE_THREAD_ACTIVE'/uk, added for counting
254 [22644520904384] INFO perfrun.perfcollector <> - event: cpu/event=0xc7,umask=0x2,name='FP_ARITH_INST_RETIRED.SCALAR_SINGLE'/uk, added for counting
254 [22644520904384] INFO perfrun.perfcollector <> - event: cpu/event=0xc7,umask=0x8,name='FP_ARITH_INST_RETIRED.128B_PACKED_SINGLE'/uk, added for counting
254 [22644520904384] INFO perfrun.perfcollector <> - event: cpu/event=0xc7,umask=0x20,name='FP_ARITH_INST_RETIRED.256B_PACKED_SINGLE'/uk, added for counting
254 [22644520904384] INFO perfrun.perfcollector <> - event: cpu/event=0xc7,umask=0x1,name='FP_ARITH_INST_RETIRED.SCALAR_DOUBLE'/uk, added for counting
254 [22644520904384] INFO perfrun.perfcollector <> - event: cpu/event=0xc7,umask=0x4,name='FP_ARITH_INST_RETIRED.128B_PACKED_DOUBLE'/uk, added for counting
254 [22644520904384] INFO perfrun.perfcollector <> - event: cpu/event=0xc7,umask=0x10,name='FP_ARITH_INST_RETIRED.256B_PACKED_DOUBLE'/uk, added for counting
254 [22644520904384] INFO perfrun.perfcollector <> - event: cpu/event=0xc0,umask=0x2,name='INST_RETIRED.X87'/uk, added for counting
254 [22644520904384] INFO perfrun.perfcollector <> - event: cpu/event=0xc2,umask=0x2,name='UOPS_RETIRED.RETIRE_SLOTS'/uk, added for counting
254 [22644520904384] INFO perfrun.perfcollector <> - attaching to pid: 4294967295, collect mode: 1, rc modes: 3
270 [22644509857472] WARN perfrun.perfcollector <> - Perf stat trace pipe capacity: read = 1048576, write = 1048576, at file: vcs/perfrun1/plugins/perfcollector/src/profiler.cpp:765
281 [22644509857472] INFO perfrun.sdk <> - runCmd: /opt/intel/oneapi/vtune/2023.1.0/bin64/amplxe-perf stat -v --log-fd 10 --scale -x ; -e cpu/event=0x3c,name='CPU_CLK_UNHALTED.THREAD'/Duk,cpu/umask=0x3,name='CPU_CLK_UNHALTED.REF_TSC'/Duk,cpu/event=0xc0,name='INST_RETIRED.ANY'/Duk,cpu/event=0x3c,umask=0x1,name='CPU_CLK_UNHALTED.REF_XCLK'/uk,cpu/event=0x3c,umask=0x2,name='CPU_CLK_UNHALTED.ONE_THREAD_ACTIVE'/uk,cpu/event=0xc7,umask=0x2,name='FP_ARITH_INST_RETIRED.SCALAR_SINGLE'/uk,cpu/event=0xc7,umask=0x8,name='FP_ARITH_INST_RETIRED.128B_PACKED_SINGLE'/uk,cpu/event=0xc7,umask=0x20,name='FP_ARITH_INST_RETIRED.256B_PACKED_SINGLE'/uk,cpu/event=0xc7,umask=0x1,name='FP_ARITH_INST_RETIRED.SCALAR_DOUBLE'/uk,cpu/event=0xc7,umask=0x4,name='FP_ARITH_INST_RETIRED.128B_PACKED_DOUBLE'/uk,cpu/event=0xc7,umask=0x10,name='FP_ARITH_INST_RETIRED.256B_PACKED_DOUBLE'/uk,cpu/event=0xc0,umask=0x2,name='INST_RETIRED.X87'/uk,cpu/event=0xc2,umask=0x2,name='UOPS_RETIRED.RETIRE_SLOTS'/uk /opt/intel/oneapi/vtune/2023.1.0/bin64/amplxe-perf-sync dryrun sys
282 [22644509857472] INFO perfrun.sdk <> - runCmd started PID 3881889
509 [22644509857472] INFO perfrun.perfcollector <> - Monitor: runCmd RC = true
510 [22644520904384] INFO perfrun.launcher <> - plugin [aoclprofile] was disabled because it doesn't support the given collection type.
510 [22644520904384] INFO perfrun.tpss <> - initialize tpss controller
510 [22644520904384] INFO perfrun.tpss <> - configure collection mode: value = cpu:counters:nostack
510 [22644520904384] INFO perfrun.tpss <> - configure collection mode: value = cpu:stack
510 [22644520904384] INFO perfrun.tpss <> - default obj-size-min=1024
510 [22644520904384] INFO perfrun.tpss <> - default hash-table-size=0
510 [22644520904384] INFO perfrun.launcher <> - plugin [media] was disabled because it doesn't support the given collection type.
510 [22644520904384] INFO perfrun.launcher <> - plugin [] was disabled because it doesn't support the given collection type.
510 [22644520904384] INFO perfrun.launcher <> - plugin [] was disabled because it doesn't support the given collection type.
510 [22644520904384] INFO perfrun.launcher <> - plugin [parallelfs] was disabled because it doesn't support the given collection type.
510 [22644520904384] INFO perfrun.launcher <> - plugin [power] was disabled because it doesn't support the given collection type.
510 [22644520904384] INFO perfrun.launcher <> - plugin [hwloc] was disabled because it doesn't support the given collection type.
510 [22644520904384] INFO perfrun.launcher <> - plugin [ipmwatch] was disabled because it doesn't support the given collection type.
510 [22644520904384] INFO perfrun.launcher <> - plugin [os_counters] was disabled because it doesn't support the given collection type.
510 [22644520904384] INFO perfrun.launcher <> - plugin [l0_metrics] was disabled because it doesn't support the given collection type.
510 [22644664391552] INFO perfrun.launcher <> - set environment variable: LD_LIBRARY_PATH = /opt/intel/oneapi/vtune/2023.1.0/lib32/runtime:/opt/intel/oneapi/vtune/2023.1.0/lib64/runtime:/opt/intel/oneapi/tbb/2021.5.1/env/../lib/intel64/gcc4.8:/opt/intel/oneapi/mpi/2021.5.1//libfabric/lib:/opt/intel/oneapi/mpi/2021.5.1//lib/release:/opt/intel/oneapi/mpi/2021.5.1//lib:/opt/intel/oneapi/mkl/2022.0.2/lib/intel64:/opt/intel/oneapi/itac/2021.5.0/slib:/opt/intel/oneapi/debugger/2021.5.0/gdb/intel64/lib:/opt/intel/oneapi/debugger/2021.5.0/libipt/intel64/lib:/opt/intel/oneapi/debugger/2021.5.0/dep/lib:/opt/intel/oneapi/compiler/2022.0.2/linux/lib:/opt/intel/oneapi/compiler/2022.0.2/linux/lib/x64:/opt/intel/oneapi/compiler/2022.0.2/linux/lib/oclfpga/host/linux64/lib:/opt/intel/oneapi/compiler/2022.0.2/linux/compiler/lib/intel64_lin
510 [22644664391552] INFO perfrun.launcher <> - set environment variable: INTEL_LIBITTNOTIFY32 = /opt/intel/oneapi/vtune/2023.1.0/lib32/runtime/libittnotify_collector.so
511 [22644664391552] INFO perfrun.launcher <> - set environment variable: INTEL_LIBITTNOTIFY64 = /opt/intel/oneapi/vtune/2023.1.0/lib64/runtime/libittnotify_collector.so
511 [22644664391552] INFO perfrun.launcher <> - set environment variable: INTEL_ITTNOTIFY_GROUPS = 
511 [22644664391552] INFO perfrun.launcher <> - set environment variable: INTEL_JIT_PROFILER32 = /opt/intel/oneapi/vtune/2023.1.0/lib32/runtime/libittnotify_collector.so
511 [22644664391552] INFO perfrun.launcher <> - set environment variable: INTEL_JIT_PROFILER64 = /opt/intel/oneapi/vtune/2023.1.0/lib64/runtime/libittnotify_collector.so
511 [22644664391552] INFO perfrun.launcher <> - set environment variable: OMP_TOOL_LIBRARIES = /opt/intel/oneapi/vtune/2023.1.0/lib32/runtime/libittnotify_collector.so:/opt/intel/oneapi/vtune/2023.1.0/lib64/runtime/libittnotify_collector.so
511 [22644664391552] INFO perfrun.launcher <> - set environment variable: ENABLE_JITPROFILING = 1
511 [22644664391552] INFO perfrun.launcher <> - set environment variable: CL_CONFIG_USE_VTUNE = True
511 [22644664391552] INFO perfrun.launcher <> - set environment variable: LD_PRELOAD = libittnotify_collector.so:
511 [22644664391552] INFO perfrun.launcher <> - set environment variable: KMP_FORKJOIN_FRAMES = 0
511 [22644664391552] INFO perfrun.launcher <> - set environment variable: KMP_FORKJOIN_FRAMES_MODE = 0
511 [22644664391552] INFO perfrun.launcher <> - set environment variable: OMP_TOOL = disabled
511 [22644664391552] INFO perfrun.launcher <> - set environment variable: INTEL_MRTE_DATA_DIR = /home/course/hpc/users/2022012388/exp8/result.conv1/data.1
511 [22644664391552] INFO perfrun.launcher <> - set environment variable: INTEL_MRTE_HOST_NAME = conv1
511 [22644664391552] INFO perfrun.launcher <> - set environment variable: JAVA_TOOL_OPTIONS = -agentlib:amplxe_tpssmrte_javaprof_1.0 -Dsun.boot.library.path=/opt/intel/oneapi/vtune/2023.1.0/lib32/runtime:/opt/intel/oneapi/vtune/2023.1.0/lib64/runtime
511 [22644664391552] INFO perfrun.launcher <> - set environment variable: LD_LIBRARY_PATH = /opt/intel/oneapi/vtune/2023.1.0/lib32/runtime:/opt/intel/oneapi/vtune/2023.1.0/lib64/runtime:/opt/intel/oneapi/tbb/2021.5.1/env/../lib/intel64/gcc4.8:/opt/intel/oneapi/mpi/2021.5.1//libfabric/lib:/opt/intel/oneapi/mpi/2021.5.1//lib/release:/opt/intel/oneapi/mpi/2021.5.1//lib:/opt/intel/oneapi/mkl/2022.0.2/lib/intel64:/opt/intel/oneapi/itac/2021.5.0/slib:/opt/intel/oneapi/debugger/2021.5.0/gdb/intel64/lib:/opt/intel/oneapi/debugger/2021.5.0/libipt/intel64/lib:/opt/intel/oneapi/debugger/2021.5.0/dep/lib:/opt/intel/oneapi/compiler/2022.0.2/linux/lib:/opt/intel/oneapi/compiler/2022.0.2/linux/lib/x64:/opt/intel/oneapi/compiler/2022.0.2/linux/lib/oclfpga/host/linux64/lib:/opt/intel/oneapi/compiler/2022.0.2/linux/compiler/lib/intel64_lin
511 [22644664391552] INFO perfrun.launcher <> - set environment variable: CORECLR_ENABLE_PROFILING = 1
511 [22644664391552] INFO perfrun.launcher <> - set environment variable: CORECLR_PROFILER = {AA5E4821-E3B1-479c-B7FF-5AD047D22CED}
511 [22644664391552] INFO perfrun.launcher <> - set environment variable: CORECLR_PROFILER_PATH = /opt/intel/oneapi/vtune/2023.1.0/lib64/libamplxe_samplingmrte_clrprof_1.0.so
511 [22644664391552] INFO perfrun.launcher <> - set environment variable: INTEL_MRTE_PROFILER_MODE = mixed
511 [22644664391552] INFO perfrun.launcher <> - RpcServer: run RPC server to handle requests
512 [22644664391552] INFO perfrun.launcher <> - Launcher: command line to start before modification = ./run.sh 2022012388
512 [22644664391552] INFO perfrun.launcher <> - Launcher: command line to start after modification = /opt/intel/oneapi/vtune/2023.1.0/bin64/pin -error_file /home/course/hpc/users/2022012388/exp8/result.conv1/data.1/pinerr.tpsslog -detach_reattach -follow_execv -tool_load_option deepbind -t64 /opt/intel/oneapi/vtune/2023.1.0/lib64/libtpsstool.so -t /opt/intel/oneapi/vtune/2023.1.0/lib32/libtpsstool.so -server_name tpss_ipc.3881760 -prd_dir /opt/intel/oneapi/vtune/2023.1.0 -- ./run.sh 2022012388
813 [22644664391552] INFO perfrun.launcher <> - ProcessCreator object was created
814 [22644664391552] INFO perfrun.launcher <> - Launcher: the process was started in suspend mode
819 [22644520904384] WARN perfrun.system <> - Could not do anything with /sys/kernel/debug/kvm: boost::filesystem::status: Permission denied: "/sys/kernel/debug/kvm", at file: vcs/perfrun1/plugins/system/src/trace_writer.cpp:787
819 [22644520904384] WARN perfrun.system <> - Folder "/var/run/libvirt/qemu/"doesn't exist, at file: vcs/perfrun1/plugins/system/src/trace_writer.cpp:800
819 [22644520904384] INFO perfrun.itt <> - start itt controller for pid #3882169
819 [22644520904384] INFO perfrun.perfcollector <> - attaching to pid: 3882169, collect mode: 1, rc modes: 1
833 [22644503553728] WARN perfrun.perfcollector <> - Perf stat trace pipe capacity: read = 1048576, write = 1048576, at file: vcs/perfrun1/plugins/perfcollector/src/profiler.cpp:765
842 [22644503553728] INFO perfrun.sdk <> - runCmd: /opt/intel/oneapi/vtune/2023.1.0/bin64/amplxe-perf stat -v --log-fd 22 --control=fd:23,26 --scale -x ; -p 3882169 -e cpu/event=0x3c,name='CPU_CLK_UNHALTED.THREAD'/Duk,cpu/umask=0x3,name='CPU_CLK_UNHALTED.REF_TSC'/Duk,cpu/event=0xc0,name='INST_RETIRED.ANY'/Duk,cpu/event=0x3c,umask=0x1,name='CPU_CLK_UNHALTED.REF_XCLK'/uk,cpu/event=0x3c,umask=0x2,name='CPU_CLK_UNHALTED.ONE_THREAD_ACTIVE'/uk,cpu/event=0xc7,umask=0x2,name='FP_ARITH_INST_RETIRED.SCALAR_SINGLE'/uk,cpu/event=0xc7,umask=0x8,name='FP_ARITH_INST_RETIRED.128B_PACKED_SINGLE'/uk,cpu/event=0xc7,umask=0x20,name='FP_ARITH_INST_RETIRED.256B_PACKED_SINGLE'/uk,cpu/event=0xc7,umask=0x1,name='FP_ARITH_INST_RETIRED.SCALAR_DOUBLE'/uk,cpu/event=0xc7,umask=0x4,name='FP_ARITH_INST_RETIRED.128B_PACKED_DOUBLE'/uk,cpu/event=0xc7,umask=0x10,name='FP_ARITH_INST_RETIRED.256B_PACKED_DOUBLE'/uk,cpu/event=0xc0,umask=0x2,name='INST_RETIRED.X87'/uk,cpu/event=0xc2,umask=0x2,name='UOPS_RETIRED.RETIRE_SLOTS'/uk /opt/intel/oneapi/vtune/2023.1.0/bin64/amplxe-perf-sync sync sys
843 [22644503553728] INFO perfrun.sdk <> - runCmd started PID 3882195
985 [22644520904384] INFO perfrun.tpss <> - start tpss controller for pid #3882169
1035 [22644664391552] INFO perfrun.launcher <> - Launcher: all plugins were started
1036 [22644664391552] INFO perfrun.launcher <> - DirectoryMonitor object was created
1036 [22644664391552] INFO perfrun.launcher <> - DirectoryMonitor: a callback was added
1036 [22644664391552] INFO perfrun.launcher <> - DirectoryMonitor was started with pingTime = 1000
1036 [22644664391552] INFO perfrun.launcher <> - DeadlineTimer is going to be constructed
1036 [22644664391552] INFO perfrun.launcher <> - DeadlineTimer: a callback was added
1037 [22644664391552] INFO perfrun.launcher <> - Launcher: resume the profiled application and  wait its termination or stop command
94025 [22644664391552] INFO perfrun.launcher <> - Launcher: the profiled application was terminated  with exit code = 1
94191 [22644520904384] INFO perfrun.itt <> - detach itt controller
94191 [22644520904384] INFO perfrun.itt <> - detach itt controller done
94193 [22644503553728] INFO perfrun.perfcollector <> - Monitor: runCmd RC = true
94193 [22644520904384] INFO perfrun.perfcollector <> - Monitor: state = 3, error = 1
94194 [22644520904384] INFO perfrun.tpss <> - stop tpss controller
94196 [22644520904384] INFO perfrun.sdk <> - De-allocating TMU: /home/course/hpc/users/2022012388/exp8/result.conv1/data.1/systemcollector-3881760-conv1.sc
94196 [22644520904384] INFO perfrun.system <> - closed the system trace file: /home/course/hpc/users/2022012388/exp8/result.conv1/data.1/systemcollector-3881760-conv1.sc
94197 [22644664391552] INFO perfrun.launcher <> - Launcher: all plugins were stopped.
94197 [22644664391552] INFO perfrun.launcher <> - DeadlineTimer is going to be destroyed
94197 [22644664391552] INFO perfrun.launcher <> - DeadlineTimer was destroyed
94197 [22644664391552] INFO perfrun.launcher <> - DirectoryMonitor object was destroyed
94197 [22644664391552] WARN perfrun.launcher <> - Stop command is ignored because it is received when collection is already stopped, at file: vcs/perfrun1/launcher/src/command_handler.cpp:226
94197 [22644664391552] INFO perfrun.launcher <> - Application exit code: 1
94197 [22644664391552] INFO perfrun.launcher <> - Exit code: 4
