14 [23119714834304] INFO perfrun.launcher <> - Launcher main begin
16 [23119714834304] INFO perfrun.launcher <> - MessageCatalogInit finished
16 [23119714834304] INFO perfrun.launcher <> - Launcher instance created
16 [23119714834304] INFO perfrun.launcher <> - argc = 7; cmdline = /opt/intel/oneapi/vtune/2023.1.0/bin64/amplxe-runss --ui-output-format xml --ui-output-fd 5 --option-file /home/course/hpc/users/2022012388/exp8/result.conv1/config/runss.options 
82 [23119714834304] INFO perfrun.launcher <> - create msngr2::ICliToolContext
83 [23119714834304] INFO perfrun.launcher <> - create file finder object
83 [23119714834304] INFO perfrun.launcher <> - create a result directory: pattern = /home/course/hpc/users/2022012388/exp8/result.conv1 pid = 4294967295
84 [23119714834304] INFO perfrun.sdk <> - checked that the directory /home/course/hpc/users/2022012388/exp8/result.conv1 is a local directory
84 [23119714834304] INFO perfrun.sdk <> - the directory /home/course/hpc/users/2022012388/exp8/result.conv1 is located on a share or its FS ID is unknown 26985
84 [23119714834304] INFO perfrun.sdk <> - checked that the directory /tmp/amplxe-tmp-2022012388 is a local directory
84 [23119714834304] INFO perfrun.sdk <> - the directory /tmp/amplxe-tmp-2022012388 is located on a share or its FS ID is unknown 2035054128
85 [23119714834304] INFO perfrun.launcher <> - create data directory = /home/course/hpc/users/2022012388/exp8/result.conv1/data.0
86 [23119714834304] INFO perfrun.launcher <> - Creating the master collection flag
87 [23119714834304] INFO perfrun.launcher <> - Done creating the master collection flag
90 [23119571969728] INFO perfrun.launcher <> - plugin [remoteplug] was disabled because it doesn't support the given collection type.
90 [23119571969728] INFO perfrun.sdk <> - Allocating TMU :/home/course/hpc/users/2022012388/exp8/result.conv1/data.0/systemcollector-3881755-conv1.sc
91 [23119571969728] INFO perfrun.system <> - Tpss based collection
91 [23119571969728] INFO perfrun.launcher <> - plugin [ptracecollector] was disabled because it doesn't support the given collection type.
91 [23119571969728] INFO perfrun.launcher <> - plugin [gpu] was disabled because it doesn't support the given collection type.
91 [23119571969728] INFO perfrun.launcher <> - plugin [] was disabled because it doesn't support the given collection type.
91 [23119571969728] INFO perfrun.launcher <> - plugin [] was disabled because it doesn't support the given collection type.
91 [23119571969728] INFO perfrun.launcher <> - plugin [] was disabled because it doesn't support the given collection type.
91 [23119571969728] INFO perfrun.mrte <> - system-wide mode is 0
92 [23119571969728] INFO perfrun.mrte <> - Getting  mrte profiling environment ...
109 [23119571969728] INFO perfrun.mrte <> - INTEL_MRTE_DATA_DIR=/home/course/hpc/users/2022012388/exp8/result.conv1/data.0
109 [23119571969728] INFO perfrun.mrte <> - INTEL_MRTE_HOST_NAME=conv1
109 [23119571969728] INFO perfrun.mrte <> - JAVA_TOOL_OPTIONS=-agentlib:amplxe_tpssmrte_javaprof_1.0 -Dsun.boot.library.path=/opt/intel/oneapi/vtune/2023.1.0/lib32/runtime:/opt/intel/oneapi/vtune/2023.1.0/lib64/runtime
109 [23119571969728] INFO perfrun.mrte <> - LD_LIBRARY_PATH=/opt/intel/oneapi/vtune/2023.1.0/lib32/runtime:/opt/intel/oneapi/vtune/2023.1.0/lib64/runtime:/opt/intel/oneapi/tbb/2021.5.1/env/../lib/intel64/gcc4.8:/opt/intel/oneapi/mpi/2021.5.1//libfabric/lib:/opt/intel/oneapi/mpi/2021.5.1//lib/release:/opt/intel/oneapi/mpi/2021.5.1//lib:/opt/intel/oneapi/mkl/2022.0.2/lib/intel64:/opt/intel/oneapi/itac/2021.5.0/slib:/opt/intel/oneapi/debugger/2021.5.0/gdb/intel64/lib:/opt/intel/oneapi/debugger/2021.5.0/libipt/intel64/lib:/opt/intel/oneapi/debugger/2021.5.0/dep/lib:/opt/intel/oneapi/compiler/2022.0.2/linux/lib:/opt/intel/oneapi/compiler/2022.0.2/linux/lib/x64:/opt/intel/oneapi/compiler/2022.0.2/linux/lib/oclfpga/host/linux64/lib:/opt/intel/oneapi/compiler/2022.0.2/linux/compiler/lib/intel64_lin
109 [23119571969728] INFO perfrun.mrte <> - CORECLR_ENABLE_PROFILING=1
109 [23119571969728] INFO perfrun.mrte <> - CORECLR_PROFILER={AA5E4821-E3B1-479c-B7FF-5AD047D22CED}
109 [23119571969728] INFO perfrun.mrte <> - CORECLR_PROFILER_PATH=/opt/intel/oneapi/vtune/2023.1.0/lib64/libamplxe_samplingmrte_clrprof_1.0.so
109 [23119571969728] INFO perfrun.mrte <> - INTEL_MRTE_PROFILER_MODE=mixed
109 [23119571969728] INFO perfrun.mrte <> - Data directory: /home/course/hpc/users/2022012388/exp8/result.conv1/data.0
109 [23119571969728] INFO perfrun.mrte <> - Mrte plugin is initialized
109 [23119571969728] INFO perfrun.launcher <> - plugin [emon] was disabled because it doesn't support the given collection type.
109 [23119571969728] INFO perfrun.launcher <> - plugin [cuscol] was disabled because it doesn't support the given collection type.
109 [23119571969728] INFO perfrun.launcher <> - plugin [stdsrc] was disabled because it doesn't support the given collection type.
109 [23119571969728] INFO perfrun.launcher <> - plugin [sep] was disabled because it doesn't support the given collection type.
109 [23119571969728] INFO perfrun.launcher <> - plugin [vtsspp] was disabled because it doesn't support the given collection type.
109 [23119571969728] INFO perfrun.sdk <> - Reading value (0) from file: /proc/sys/kernel/perf_event_paranoid
109 [23119571969728] INFO perfrun.perfcollector <> - checking access to: /opt/intel/oneapi/vtune/2023.1.0/bin64/amplxe-perf-priv
111 [23119571969728] INFO perfrun.perfcollector <> - cpu: family = 6 model = 79
111 [23119571969728] INFO perfrun.perfcollector <> - dir found: /sys/bus/event_source/devices/software
111 [23119571969728] INFO perfrun.perfcollector <> - format: pmu format subdir doesn't exist
112 [23119571969728] INFO perfrun.perfcollector <> - hwInfo: not set, pmuFam: software
112 [23119571969728] INFO perfrun.perfcollector <> - pmu added: family: software, id: 0
112 [23119571969728] INFO perfrun.perfcollector <> - dir found: /sys/bus/event_source/devices/uncore_imc_5
112 [23119571969728] INFO perfrun.perfcollector <> - format: event config:0-7 mask:0-7
112 [23119571969728] INFO perfrun.perfcollector <> - format: edge config:18 mask:18
112 [23119571969728] INFO perfrun.perfcollector <> - format: inv config:23 mask:23
112 [23119571969728] INFO perfrun.perfcollector <> - format: umask config:8-15 mask:8-15
112 [23119571969728] INFO perfrun.perfcollector <> - format: thresh config:24-31 mask:24-31
112 [23119571969728] INFO perfrun.perfcollector <> - hwInfo: PERF_IMC_PMU_DETAILS
112 [23119571969728] INFO perfrun.perfcollector <> - pmu added: family: uncore_imc, id: 5
112 [23119571969728] INFO perfrun.perfcollector <> - dir found: /sys/bus/event_source/devices/uncore_sbox_2
112 [23119571969728] INFO perfrun.perfcollector <> - format: event config:0-7 mask:0-7
112 [23119571969728] INFO perfrun.perfcollector <> - format: edge config:18 mask:18
112 [23119571969728] INFO perfrun.perfcollector <> - format: inv config:23 mask:23
112 [23119571969728] INFO perfrun.perfcollector <> - format: umask config:8-15 mask:8-15
112 [23119571969728] INFO perfrun.perfcollector <> - format: tid_en config:19 mask:19
112 [23119571969728] INFO perfrun.perfcollector <> - format: thresh config:24-31 mask:24-31
112 [23119571969728] INFO perfrun.perfcollector <> - hwInfo: not set, pmuFam: uncore_sbox
112 [23119571969728] INFO perfrun.perfcollector <> - pmu added: family: uncore_sbox, id: 2
112 [23119571969728] INFO perfrun.perfcollector <> - dir found: /sys/bus/event_source/devices/uncore_cbox_8
112 [23119571969728] INFO perfrun.perfcollector <> - format: event config:0-7 mask:0-7
112 [23119571969728] INFO perfrun.perfcollector <> - format: filter_link config1:6-8 mask:6-8
112 [23119571969728] INFO perfrun.perfcollector <> - format: filter_c6 config1:61 mask:61
112 [23119571969728] INFO perfrun.perfcollector <> - format: edge config:18 mask:18
112 [23119571969728] INFO perfrun.perfcollector <> - format: filter_isoc config1:63 mask:63
112 [23119571969728] INFO perfrun.perfcollector <> - format: filter_tid config1:0-5 mask:0-5
112 [23119571969728] INFO perfrun.perfcollector <> - format: filter_nid config1:32-47 mask:32-47
112 [23119571969728] INFO perfrun.perfcollector <> - format: filter_nc config1:62 mask:62
112 [23119571969728] INFO perfrun.perfcollector <> - format: umask config:8-15 mask:8-15
112 [23119571969728] INFO perfrun.perfcollector <> - format: tid_en config:19 mask:19
112 [23119571969728] INFO perfrun.perfcollector <> - format: thresh config:24-31 mask:24-31
112 [23119571969728] INFO perfrun.perfcollector <> - format: filter_state config1:17-23 mask:17-23
112 [23119571969728] INFO perfrun.perfcollector <> - format: filter_opc config1:52-60 mask:52-60
112 [23119571969728] INFO perfrun.perfcollector <> - hwInfo: PERF_CBOX_PMU_DETAILS
112 [23119571969728] INFO perfrun.perfcollector <> - pmu added: family: uncore_cbox, id: 8
112 [23119571969728] INFO perfrun.perfcollector <> - dir found: /sys/bus/event_source/devices/uncore_cbox_13
112 [23119571969728] INFO perfrun.perfcollector <> - format: event config:0-7 mask:0-7
112 [23119571969728] INFO perfrun.perfcollector <> - format: filter_link config1:6-8 mask:6-8
112 [23119571969728] INFO perfrun.perfcollector <> - format: filter_c6 config1:61 mask:61
113 [23119571969728] INFO perfrun.perfcollector <> - format: edge config:18 mask:18
113 [23119571969728] INFO perfrun.perfcollector <> - format: filter_isoc config1:63 mask:63
113 [23119571969728] INFO perfrun.perfcollector <> - format: filter_tid config1:0-5 mask:0-5
113 [23119571969728] INFO perfrun.perfcollector <> - format: filter_nid config1:32-47 mask:32-47
113 [23119571969728] INFO perfrun.perfcollector <> - format: filter_nc config1:62 mask:62
113 [23119571969728] INFO perfrun.perfcollector <> - format: umask config:8-15 mask:8-15
113 [23119571969728] INFO perfrun.perfcollector <> - format: tid_en config:19 mask:19
113 [23119571969728] INFO perfrun.perfcollector <> - format: thresh config:24-31 mask:24-31
113 [23119571969728] INFO perfrun.perfcollector <> - format: filter_state config1:17-23 mask:17-23
113 [23119571969728] INFO perfrun.perfcollector <> - format: filter_opc config1:52-60 mask:52-60
113 [23119571969728] INFO perfrun.perfcollector <> - hwInfo: PERF_CBOX_PMU_DETAILS
113 [23119571969728] INFO perfrun.perfcollector <> - pmu added: family: uncore_cbox, id: 13
113 [23119571969728] INFO perfrun.perfcollector <> - dir found: /sys/bus/event_source/devices/uncore_r2pcie
113 [23119571969728] INFO perfrun.perfcollector <> - format: event config:0-7 mask:0-7
113 [23119571969728] INFO perfrun.perfcollector <> - format: edge config:18 mask:18
113 [23119571969728] INFO perfrun.perfcollector <> - format: inv config:23 mask:23
113 [23119571969728] INFO perfrun.perfcollector <> - format: umask config:8-15 mask:8-15
113 [23119571969728] INFO perfrun.perfcollector <> - format: thresh config:24-31 mask:24-31
113 [23119571969728] INFO perfrun.perfcollector <> - hwInfo: not set, pmuFam: uncore_r2pcie
113 [23119571969728] INFO perfrun.perfcollector <> - pmu added: family: uncore_r2pcie, id: 0
113 [23119571969728] INFO perfrun.perfcollector <> - dir found: /sys/bus/event_source/devices/uncore_sbox_0
113 [23119571969728] INFO perfrun.perfcollector <> - format: event config:0-7 mask:0-7
113 [23119571969728] INFO perfrun.perfcollector <> - format: edge config:18 mask:18
113 [23119571969728] INFO perfrun.perfcollector <> - format: inv config:23 mask:23
113 [23119571969728] INFO perfrun.perfcollector <> - format: umask config:8-15 mask:8-15
113 [23119571969728] INFO perfrun.perfcollector <> - format: tid_en config:19 mask:19
113 [23119571969728] INFO perfrun.perfcollector <> - format: thresh config:24-31 mask:24-31
113 [23119571969728] INFO perfrun.perfcollector <> - hwInfo: not set, pmuFam: uncore_sbox
113 [23119571969728] INFO perfrun.perfcollector <> - pmu added: family: uncore_sbox, id: 0
113 [23119571969728] INFO perfrun.perfcollector <> - dir found: /sys/bus/event_source/devices/uncore_qpi_1
113 [23119571969728] INFO perfrun.perfcollector <> - format: mask_rnid4 config2:31 mask:31
113 [23119571969728] INFO perfrun.perfcollector <> - format: mask_rnid30 config2:32-35 mask:32-35
113 [23119571969728] INFO perfrun.perfcollector <> - format: match_rnid30 config1:32-35 mask:32-35
113 [23119571969728] INFO perfrun.perfcollector <> - format: event config:0-7,21 mask:0-7,21
113 [23119571969728] INFO perfrun.perfcollector <> - format: match0 config1:0-31 mask:0-31
113 [23119571969728] INFO perfrun.perfcollector <> - format: match_rds config1:48-51 mask:48-51
113 [23119571969728] INFO perfrun.perfcollector <> - format: mask_rds config2:48-51 mask:48-51
114 [23119571969728] INFO perfrun.perfcollector <> - format: edge config:18 mask:18
114 [23119571969728] INFO perfrun.perfcollector <> - format: mask1 config2:32-63 mask:32-63
114 [23119571969728] INFO perfrun.perfcollector <> - format: match_dnid config1:13-17 mask:13-17
114 [23119571969728] INFO perfrun.perfcollector <> - format: mask_dnid config2:13-17 mask:13-17
114 [23119571969728] INFO perfrun.perfcollector <> - format: match_vnw config1:3-4 mask:3-4
114 [23119571969728] INFO perfrun.perfcollector <> - format: mask_vnw config2:3-4 mask:3-4
114 [23119571969728] INFO perfrun.perfcollector <> - format: mask_mc config2:9-12 mask:9-12
114 [23119571969728] INFO perfrun.perfcollector <> - format: match1 config1:32-63 mask:32-63
114 [23119571969728] INFO perfrun.perfcollector <> - format: inv config:23 mask:23
114 [23119571969728] INFO perfrun.perfcollector <> - format: umask config:8-15 mask:8-15
114 [23119571969728] INFO perfrun.perfcollector <> - format: match_opc config1:5-8 mask:5-8
114 [23119571969728] INFO perfrun.perfcollector <> - format: mask_opc config2:5-8 mask:5-8
114 [23119571969728] INFO perfrun.perfcollector <> - format: thresh config:24-31 mask:24-31
114 [23119571969728] INFO perfrun.perfcollector <> - format: match_rnid4 config1:31 mask:31
114 [23119571969728] INFO perfrun.perfcollector <> - format: mask0 config2:0-31 mask:0-31
114 [23119571969728] INFO perfrun.perfcollector <> - format: match_mc config1:9-12 mask:9-12
114 [23119571969728] INFO perfrun.perfcollector <> - hwInfo: PERF_QPI_PMU_DETAILS
114 [23119571969728] INFO perfrun.perfcollector <> - pmu added: family: uncore_qpi, id: 1
114 [23119571969728] INFO perfrun.perfcollector <> - dir found: /sys/bus/event_source/devices/uncore_cbox_6
114 [23119571969728] INFO perfrun.perfcollector <> - format: event config:0-7 mask:0-7
114 [23119571969728] INFO perfrun.perfcollector <> - format: filter_link config1:6-8 mask:6-8
114 [23119571969728] INFO perfrun.perfcollector <> - format: filter_c6 config1:61 mask:61
114 [23119571969728] INFO perfrun.perfcollector <> - format: edge config:18 mask:18
114 [23119571969728] INFO perfrun.perfcollector <> - format: filter_isoc config1:63 mask:63
114 [23119571969728] INFO perfrun.perfcollector <> - format: filter_tid config1:0-5 mask:0-5
114 [23119571969728] INFO perfrun.perfcollector <> - format: filter_nid config1:32-47 mask:32-47
114 [23119571969728] INFO perfrun.perfcollector <> - format: filter_nc config1:62 mask:62
114 [23119571969728] INFO perfrun.perfcollector <> - format: umask config:8-15 mask:8-15
114 [23119571969728] INFO perfrun.perfcollector <> - format: tid_en config:19 mask:19
114 [23119571969728] INFO perfrun.perfcollector <> - format: thresh config:24-31 mask:24-31
114 [23119571969728] INFO perfrun.perfcollector <> - format: filter_state config1:17-23 mask:17-23
114 [23119571969728] INFO perfrun.perfcollector <> - format: filter_opc config1:52-60 mask:52-60
114 [23119571969728] INFO perfrun.perfcollector <> - hwInfo: PERF_CBOX_PMU_DETAILS
114 [23119571969728] INFO perfrun.perfcollector <> - pmu added: family: uncore_cbox, id: 6
114 [23119571969728] INFO perfrun.perfcollector <> - dir found: /sys/bus/event_source/devices/uncore_imc_1
114 [23119571969728] INFO perfrun.perfcollector <> - format: event config:0-7 mask:0-7
114 [23119571969728] INFO perfrun.perfcollector <> - format: edge config:18 mask:18
114 [23119571969728] INFO perfrun.perfcollector <> - format: inv config:23 mask:23
114 [23119571969728] INFO perfrun.perfcollector <> - format: umask config:8-15 mask:8-15
115 [23119571969728] INFO perfrun.perfcollector <> - format: thresh config:24-31 mask:24-31
115 [23119571969728] INFO perfrun.perfcollector <> - hwInfo: PERF_IMC_PMU_DETAILS
115 [23119571969728] INFO perfrun.perfcollector <> - pmu added: family: uncore_imc, id: 1
115 [23119571969728] INFO perfrun.perfcollector <> - dir found: /sys/bus/event_source/devices/power
115 [23119571969728] INFO perfrun.perfcollector <> - format: event config:0-7 mask:0-7
115 [23119571969728] INFO perfrun.perfcollector <> - hwInfo: not set, pmuFam: power
115 [23119571969728] INFO perfrun.perfcollector <> - pmu added: family: power, id: 0
115 [23119571969728] INFO perfrun.perfcollector <> - dir found: /sys/bus/event_source/devices/uncore_cbox_11
115 [23119571969728] INFO perfrun.perfcollector <> - format: event config:0-7 mask:0-7
115 [23119571969728] INFO perfrun.perfcollector <> - format: filter_link config1:6-8 mask:6-8
115 [23119571969728] INFO perfrun.perfcollector <> - format: filter_c6 config1:61 mask:61
115 [23119571969728] INFO perfrun.perfcollector <> - format: edge config:18 mask:18
115 [23119571969728] INFO perfrun.perfcollector <> - format: filter_isoc config1:63 mask:63
115 [23119571969728] INFO perfrun.perfcollector <> - format: filter_tid config1:0-5 mask:0-5
115 [23119571969728] INFO perfrun.perfcollector <> - format: filter_nid config1:32-47 mask:32-47
115 [23119571969728] INFO perfrun.perfcollector <> - format: filter_nc config1:62 mask:62
115 [23119571969728] INFO perfrun.perfcollector <> - format: umask config:8-15 mask:8-15
115 [23119571969728] INFO perfrun.perfcollector <> - format: tid_en config:19 mask:19
115 [23119571969728] INFO perfrun.perfcollector <> - format: thresh config:24-31 mask:24-31
115 [23119571969728] INFO perfrun.perfcollector <> - format: filter_state config1:17-23 mask:17-23
115 [23119571969728] INFO perfrun.perfcollector <> - format: filter_opc config1:52-60 mask:52-60
115 [23119571969728] INFO perfrun.perfcollector <> - hwInfo: PERF_CBOX_PMU_DETAILS
115 [23119571969728] INFO perfrun.perfcollector <> - pmu added: family: uncore_cbox, id: 11
115 [23119571969728] INFO perfrun.perfcollector <> - dir found: /sys/bus/event_source/devices/uncore_cbox_4
115 [23119571969728] INFO perfrun.perfcollector <> - format: event config:0-7 mask:0-7
115 [23119571969728] INFO perfrun.perfcollector <> - format: filter_link config1:6-8 mask:6-8
115 [23119571969728] INFO perfrun.perfcollector <> - format: filter_c6 config1:61 mask:61
115 [23119571969728] INFO perfrun.perfcollector <> - format: edge config:18 mask:18
115 [23119571969728] INFO perfrun.perfcollector <> - format: filter_isoc config1:63 mask:63
115 [23119571969728] INFO perfrun.perfcollector <> - format: filter_tid config1:0-5 mask:0-5
115 [23119571969728] INFO perfrun.perfcollector <> - format: filter_nid config1:32-47 mask:32-47
115 [23119571969728] INFO perfrun.perfcollector <> - format: filter_nc config1:62 mask:62
115 [23119571969728] INFO perfrun.perfcollector <> - format: umask config:8-15 mask:8-15
115 [23119571969728] INFO perfrun.perfcollector <> - format: tid_en config:19 mask:19
115 [23119571969728] INFO perfrun.perfcollector <> - format: thresh config:24-31 mask:24-31
115 [23119571969728] INFO perfrun.perfcollector <> - format: filter_state config1:17-23 mask:17-23
115 [23119571969728] INFO perfrun.perfcollector <> - format: filter_opc config1:52-60 mask:52-60
115 [23119571969728] INFO perfrun.perfcollector <> - hwInfo: PERF_CBOX_PMU_DETAILS
115 [23119571969728] INFO perfrun.perfcollector <> - pmu added: family: uncore_cbox, id: 4
115 [23119571969728] INFO perfrun.perfcollector <> - dir found: /sys/bus/event_source/devices/uprobe
115 [23119571969728] INFO perfrun.perfcollector <> - format: ref_ctr_offset config:32-63 mask:32-63
115 [23119571969728] INFO perfrun.perfcollector <> - format: retprobe config:0 mask:0
115 [23119571969728] INFO perfrun.perfcollector <> - hwInfo: not set, pmuFam: uprobe
115 [23119571969728] INFO perfrun.perfcollector <> - pmu added: family: uprobe, id: 0
116 [23119571969728] INFO perfrun.perfcollector <> - dir found: /sys/bus/event_source/devices/intel_bts
116 [23119571969728] INFO perfrun.perfcollector <> - format: pmu format subdir doesn't exist
116 [23119571969728] INFO perfrun.perfcollector <> - hwInfo: not set, pmuFam: intel_bts
116 [23119571969728] INFO perfrun.perfcollector <> - pmu added: family: intel_bts, id: 0
116 [23119571969728] INFO perfrun.perfcollector <> - dir found: /sys/bus/event_source/devices/cpu
116 [23119571969728] INFO perfrun.perfcollector <> - format: event config:0-7 mask:0-7
116 [23119571969728] INFO perfrun.perfcollector <> - format: pc config:19 mask:19
116 [23119571969728] INFO perfrun.perfcollector <> - format: in_tx config:32 mask:32
116 [23119571969728] INFO perfrun.perfcollector <> - format: edge config:18 mask:18
116 [23119571969728] INFO perfrun.perfcollector <> - format: any config:21 mask:21
116 [23119571969728] INFO perfrun.perfcollector <> - format: offcore_rsp config1:0-63 mask:0-63
116 [23119571969728] INFO perfrun.perfcollector <> - format: in_tx_cp config:33 mask:33
116 [23119571969728] INFO perfrun.perfcollector <> - format: ldlat config1:0-15 mask:0-15
116 [23119571969728] INFO perfrun.perfcollector <> - format: inv config:23 mask:23
116 [23119571969728] INFO perfrun.perfcollector <> - format: umask config:8-15 mask:8-15
116 [23119571969728] INFO perfrun.perfcollector <> - format: cmask config:24-31 mask:24-31
116 [23119571969728] INFO perfrun.perfcollector <> - hwInfo: PERF_CPU_PMU_DETAILS
116 [23119571969728] INFO perfrun.perfcollector <> - pmu added: family: cpu, id: 0
116 [23119571969728] INFO perfrun.perfcollector <> - dir found: /sys/bus/event_source/devices/uncore_r3qpi_0
116 [23119571969728] INFO perfrun.perfcollector <> - format: event config:0-7 mask:0-7
116 [23119571969728] INFO perfrun.perfcollector <> - format: edge config:18 mask:18
116 [23119571969728] INFO perfrun.perfcollector <> - format: inv config:23 mask:23
116 [23119571969728] INFO perfrun.perfcollector <> - format: umask config:8-15 mask:8-15
116 [23119571969728] INFO perfrun.perfcollector <> - format: thresh config:24-31 mask:24-31
116 [23119571969728] INFO perfrun.perfcollector <> - hwInfo: not set, pmuFam: uncore_r3qpi
116 [23119571969728] INFO perfrun.perfcollector <> - pmu added: family: uncore_r3qpi, id: 0
116 [23119571969728] INFO perfrun.perfcollector <> - dir found: /sys/bus/event_source/devices/cstate_core
116 [23119571969728] INFO perfrun.perfcollector <> - format: event config:0-63 mask:0-63
116 [23119571969728] INFO perfrun.perfcollector <> - hwInfo: not set, pmuFam: cstate_core
117 [23119571969728] INFO perfrun.perfcollector <> - pmu added: family: cstate_core, id: 0
117 [23119571969728] INFO perfrun.perfcollector <> - dir found: /sys/bus/event_source/devices/uncore_cbox_2
117 [23119571969728] INFO perfrun.perfcollector <> - format: event config:0-7 mask:0-7
117 [23119571969728] INFO perfrun.perfcollector <> - format: filter_link config1:6-8 mask:6-8
117 [23119571969728] INFO perfrun.perfcollector <> - format: filter_c6 config1:61 mask:61
117 [23119571969728] INFO perfrun.perfcollector <> - format: edge config:18 mask:18
117 [23119571969728] INFO perfrun.perfcollector <> - format: filter_isoc config1:63 mask:63
117 [23119571969728] INFO perfrun.perfcollector <> - format: filter_tid config1:0-5 mask:0-5
117 [23119571969728] INFO perfrun.perfcollector <> - format: filter_nid config1:32-47 mask:32-47
117 [23119571969728] INFO perfrun.perfcollector <> - format: filter_nc config1:62 mask:62
117 [23119571969728] INFO perfrun.perfcollector <> - format: umask config:8-15 mask:8-15
117 [23119571969728] INFO perfrun.perfcollector <> - format: tid_en config:19 mask:19
117 [23119571969728] INFO perfrun.perfcollector <> - format: thresh config:24-31 mask:24-31
117 [23119571969728] INFO perfrun.perfcollector <> - format: filter_state config1:17-23 mask:17-23
117 [23119571969728] INFO perfrun.perfcollector <> - format: filter_opc config1:52-60 mask:52-60
117 [23119571969728] INFO perfrun.perfcollector <> - hwInfo: PERF_CBOX_PMU_DETAILS
117 [23119571969728] INFO perfrun.perfcollector <> - pmu added: family: uncore_cbox, id: 2
117 [23119571969728] INFO perfrun.perfcollector <> - dir found: /sys/bus/event_source/devices/breakpoint
117 [23119571969728] INFO perfrun.perfcollector <> - format: pmu format subdir doesn't exist
117 [23119571969728] INFO perfrun.perfcollector <> - hwInfo: not set, pmuFam: breakpoint
117 [23119571969728] INFO perfrun.perfcollector <> - pmu added: family: breakpoint, id: 0
117 [23119571969728] INFO perfrun.perfcollector <> - dir found: /sys/bus/event_source/devices/uncore_ha_0
117 [23119571969728] INFO perfrun.perfcollector <> - format: event config:0-7 mask:0-7
117 [23119571969728] INFO perfrun.perfcollector <> - format: edge config:18 mask:18
117 [23119571969728] INFO perfrun.perfcollector <> - format: inv config:23 mask:23
117 [23119571969728] INFO perfrun.perfcollector <> - format: umask config:8-15 mask:8-15
117 [23119571969728] INFO perfrun.perfcollector <> - format: thresh config:24-31 mask:24-31
117 [23119571969728] INFO perfrun.perfcollector <> - hwInfo: not set, pmuFam: uncore_ha
117 [23119571969728] INFO perfrun.perfcollector <> - pmu added: family: uncore_ha, id: 0
117 [23119571969728] INFO perfrun.perfcollector <> - dir found: /sys/bus/event_source/devices/uncore_cbox_0
117 [23119571969728] INFO perfrun.perfcollector <> - format: event config:0-7 mask:0-7
117 [23119571969728] INFO perfrun.perfcollector <> - format: filter_link config1:6-8 mask:6-8
117 [23119571969728] INFO perfrun.perfcollector <> - format: filter_c6 config1:61 mask:61
117 [23119571969728] INFO perfrun.perfcollector <> - format: edge config:18 mask:18
117 [23119571969728] INFO perfrun.perfcollector <> - format: filter_isoc config1:63 mask:63
117 [23119571969728] INFO perfrun.perfcollector <> - format: filter_tid config1:0-5 mask:0-5
117 [23119571969728] INFO perfrun.perfcollector <> - format: filter_nid config1:32-47 mask:32-47
117 [23119571969728] INFO perfrun.perfcollector <> - format: filter_nc config1:62 mask:62
117 [23119571969728] INFO perfrun.perfcollector <> - format: umask config:8-15 mask:8-15
117 [23119571969728] INFO perfrun.perfcollector <> - format: tid_en config:19 mask:19
117 [23119571969728] INFO perfrun.perfcollector <> - format: thresh config:24-31 mask:24-31
117 [23119571969728] INFO perfrun.perfcollector <> - format: filter_state config1:17-23 mask:17-23
117 [23119571969728] INFO perfrun.perfcollector <> - format: filter_opc config1:52-60 mask:52-60
117 [23119571969728] INFO perfrun.perfcollector <> - hwInfo: PERF_CBOX_PMU_DETAILS
118 [23119571969728] INFO perfrun.perfcollector <> - pmu added: family: uncore_cbox, id: 0
118 [23119571969728] INFO perfrun.perfcollector <> - dir found: /sys/bus/event_source/devices/tracepoint
118 [23119571969728] INFO perfrun.perfcollector <> - format: pmu format subdir doesn't exist
118 [23119571969728] INFO perfrun.perfcollector <> - hwInfo: not set, pmuFam: tracepoint
118 [23119571969728] INFO perfrun.perfcollector <> - pmu added: family: tracepoint, id: 0
118 [23119571969728] INFO perfrun.perfcollector <> - dir found: /sys/bus/event_source/devices/uncore_sbox_3
118 [23119571969728] INFO perfrun.perfcollector <> - format: event config:0-7 mask:0-7
118 [23119571969728] INFO perfrun.perfcollector <> - format: edge config:18 mask:18
118 [23119571969728] INFO perfrun.perfcollector <> - format: inv config:23 mask:23
118 [23119571969728] INFO perfrun.perfcollector <> - format: umask config:8-15 mask:8-15
118 [23119571969728] INFO perfrun.perfcollector <> - format: tid_en config:19 mask:19
118 [23119571969728] INFO perfrun.perfcollector <> - format: thresh config:24-31 mask:24-31
118 [23119571969728] INFO perfrun.perfcollector <> - hwInfo: not set, pmuFam: uncore_sbox
118 [23119571969728] INFO perfrun.perfcollector <> - pmu added: family: uncore_sbox, id: 3
118 [23119571969728] INFO perfrun.perfcollector <> - dir found: /sys/bus/event_source/devices/uncore_cbox_9
118 [23119571969728] INFO perfrun.perfcollector <> - format: event config:0-7 mask:0-7
118 [23119571969728] INFO perfrun.perfcollector <> - format: filter_link config1:6-8 mask:6-8
118 [23119571969728] INFO perfrun.perfcollector <> - format: filter_c6 config1:61 mask:61
118 [23119571969728] INFO perfrun.perfcollector <> - format: edge config:18 mask:18
118 [23119571969728] INFO perfrun.perfcollector <> - format: filter_isoc config1:63 mask:63
118 [23119571969728] INFO perfrun.perfcollector <> - format: filter_tid config1:0-5 mask:0-5
118 [23119571969728] INFO perfrun.perfcollector <> - format: filter_nid config1:32-47 mask:32-47
118 [23119571969728] INFO perfrun.perfcollector <> - format: filter_nc config1:62 mask:62
118 [23119571969728] INFO perfrun.perfcollector <> - format: umask config:8-15 mask:8-15
118 [23119571969728] INFO perfrun.perfcollector <> - format: tid_en config:19 mask:19
118 [23119571969728] INFO perfrun.perfcollector <> - format: thresh config:24-31 mask:24-31
118 [23119571969728] INFO perfrun.perfcollector <> - format: filter_state config1:17-23 mask:17-23
118 [23119571969728] INFO perfrun.perfcollector <> - format: filter_opc config1:52-60 mask:52-60
118 [23119571969728] INFO perfrun.perfcollector <> - hwInfo: PERF_CBOX_PMU_DETAILS
118 [23119571969728] INFO perfrun.perfcollector <> - pmu added: family: uncore_cbox, id: 9
118 [23119571969728] INFO perfrun.perfcollector <> - dir found: /sys/bus/event_source/devices/cstate_pkg
118 [23119571969728] INFO perfrun.perfcollector <> - format: event config:0-63 mask:0-63
118 [23119571969728] INFO perfrun.perfcollector <> - hwInfo: not set, pmuFam: cstate_pkg
118 [23119571969728] INFO perfrun.perfcollector <> - pmu added: family: cstate_pkg, id: 0
118 [23119571969728] INFO perfrun.perfcollector <> - dir found: /sys/bus/event_source/devices/uncore_imc_4
118 [23119571969728] INFO perfrun.perfcollector <> - format: event config:0-7 mask:0-7
118 [23119571969728] INFO perfrun.perfcollector <> - format: edge config:18 mask:18
118 [23119571969728] INFO perfrun.perfcollector <> - format: inv config:23 mask:23
118 [23119571969728] INFO perfrun.perfcollector <> - format: umask config:8-15 mask:8-15
118 [23119571969728] INFO perfrun.perfcollector <> - format: thresh config:24-31 mask:24-31
118 [23119571969728] INFO perfrun.perfcollector <> - hwInfo: PERF_IMC_PMU_DETAILS
118 [23119571969728] INFO perfrun.perfcollector <> - pmu added: family: uncore_imc, id: 4
118 [23119571969728] INFO perfrun.perfcollector <> - dir found: /sys/bus/event_source/devices/uncore_ubox
118 [23119571969728] INFO perfrun.perfcollector <> - format: event config:0-7 mask:0-7
118 [23119571969728] INFO perfrun.perfcollector <> - format: edge config:18 mask:18
119 [23119571969728] INFO perfrun.perfcollector <> - format: inv config:23 mask:23
119 [23119571969728] INFO perfrun.perfcollector <> - format: umask config:8-15 mask:8-15
119 [23119571969728] INFO perfrun.perfcollector <> - format: thresh config:24-28 mask:24-28
119 [23119571969728] INFO perfrun.perfcollector <> - hwInfo: not set, pmuFam: uncore_ubox
119 [23119571969728] INFO perfrun.perfcollector <> - pmu added: family: uncore_ubox, id: 0
119 [23119571969728] INFO perfrun.perfcollector <> - dir found: /sys/bus/event_source/devices/uncore_sbox_1
119 [23119571969728] INFO perfrun.perfcollector <> - format: event config:0-7 mask:0-7
119 [23119571969728] INFO perfrun.perfcollector <> - format: edge config:18 mask:18
119 [23119571969728] INFO perfrun.perfcollector <> - format: inv config:23 mask:23
119 [23119571969728] INFO perfrun.perfcollector <> - format: umask config:8-15 mask:8-15
119 [23119571969728] INFO perfrun.perfcollector <> - format: tid_en config:19 mask:19
119 [23119571969728] INFO perfrun.perfcollector <> - format: thresh config:24-31 mask:24-31
119 [23119571969728] INFO perfrun.perfcollector <> - hwInfo: not set, pmuFam: uncore_sbox
119 [23119571969728] INFO perfrun.perfcollector <> - pmu added: family: uncore_sbox, id: 1
119 [23119571969728] INFO perfrun.perfcollector <> - dir found: /sys/bus/event_source/devices/uncore_cbox_7
119 [23119571969728] INFO perfrun.perfcollector <> - format: event config:0-7 mask:0-7
119 [23119571969728] INFO perfrun.perfcollector <> - format: filter_link config1:6-8 mask:6-8
119 [23119571969728] INFO perfrun.perfcollector <> - format: filter_c6 config1:61 mask:61
119 [23119571969728] INFO perfrun.perfcollector <> - format: edge config:18 mask:18
119 [23119571969728] INFO perfrun.perfcollector <> - format: filter_isoc config1:63 mask:63
119 [23119571969728] INFO perfrun.perfcollector <> - format: filter_tid config1:0-5 mask:0-5
119 [23119571969728] INFO perfrun.perfcollector <> - format: filter_nid config1:32-47 mask:32-47
119 [23119571969728] INFO perfrun.perfcollector <> - format: filter_nc config1:62 mask:62
119 [23119571969728] INFO perfrun.perfcollector <> - format: umask config:8-15 mask:8-15
119 [23119571969728] INFO perfrun.perfcollector <> - format: tid_en config:19 mask:19
119 [23119571969728] INFO perfrun.perfcollector <> - format: thresh config:24-31 mask:24-31
119 [23119571969728] INFO perfrun.perfcollector <> - format: filter_state config1:17-23 mask:17-23
119 [23119571969728] INFO perfrun.perfcollector <> - format: filter_opc config1:52-60 mask:52-60
119 [23119571969728] INFO perfrun.perfcollector <> - hwInfo: PERF_CBOX_PMU_DETAILS
119 [23119571969728] INFO perfrun.perfcollector <> - pmu added: family: uncore_cbox, id: 7
119 [23119571969728] INFO perfrun.perfcollector <> - dir found: /sys/bus/event_source/devices/uncore_cbox_12
119 [23119571969728] INFO perfrun.perfcollector <> - format: event config:0-7 mask:0-7
119 [23119571969728] INFO perfrun.perfcollector <> - format: filter_link config1:6-8 mask:6-8
119 [23119571969728] INFO perfrun.perfcollector <> - format: filter_c6 config1:61 mask:61
119 [23119571969728] INFO perfrun.perfcollector <> - format: edge config:18 mask:18
119 [23119571969728] INFO perfrun.perfcollector <> - format: filter_isoc config1:63 mask:63
119 [23119571969728] INFO perfrun.perfcollector <> - format: filter_tid config1:0-5 mask:0-5
119 [23119571969728] INFO perfrun.perfcollector <> - format: filter_nid config1:32-47 mask:32-47
119 [23119571969728] INFO perfrun.perfcollector <> - format: filter_nc config1:62 mask:62
119 [23119571969728] INFO perfrun.perfcollector <> - format: umask config:8-15 mask:8-15
119 [23119571969728] INFO perfrun.perfcollector <> - format: tid_en config:19 mask:19
119 [23119571969728] INFO perfrun.perfcollector <> - format: thresh config:24-31 mask:24-31
120 [23119571969728] INFO perfrun.perfcollector <> - format: filter_state config1:17-23 mask:17-23
120 [23119571969728] INFO perfrun.perfcollector <> - format: filter_opc config1:52-60 mask:52-60
120 [23119571969728] INFO perfrun.perfcollector <> - hwInfo: PERF_CBOX_PMU_DETAILS
120 [23119571969728] INFO perfrun.perfcollector <> - pmu added: family: uncore_cbox, id: 12
120 [23119571969728] INFO perfrun.perfcollector <> - dir found: /sys/bus/event_source/devices/kprobe
120 [23119571969728] INFO perfrun.perfcollector <> - format: retprobe config:0 mask:0
120 [23119571969728] INFO perfrun.perfcollector <> - hwInfo: not set, pmuFam: kprobe
120 [23119571969728] INFO perfrun.perfcollector <> - pmu added: family: kprobe, id: 0
120 [23119571969728] INFO perfrun.perfcollector <> - dir found: /sys/bus/event_source/devices/uncore_qpi_0
120 [23119571969728] INFO perfrun.perfcollector <> - format: mask_rnid4 config2:31 mask:31
120 [23119571969728] INFO perfrun.perfcollector <> - format: mask_rnid30 config2:32-35 mask:32-35
120 [23119571969728] INFO perfrun.perfcollector <> - format: match_rnid30 config1:32-35 mask:32-35
120 [23119571969728] INFO perfrun.perfcollector <> - format: event config:0-7,21 mask:0-7,21
120 [23119571969728] INFO perfrun.perfcollector <> - format: match0 config1:0-31 mask:0-31
120 [23119571969728] INFO perfrun.perfcollector <> - format: match_rds config1:48-51 mask:48-51
120 [23119571969728] INFO perfrun.perfcollector <> - format: mask_rds config2:48-51 mask:48-51
120 [23119571969728] INFO perfrun.perfcollector <> - format: edge config:18 mask:18
120 [23119571969728] INFO perfrun.perfcollector <> - format: mask1 config2:32-63 mask:32-63
120 [23119571969728] INFO perfrun.perfcollector <> - format: match_dnid config1:13-17 mask:13-17
120 [23119571969728] INFO perfrun.perfcollector <> - format: mask_dnid config2:13-17 mask:13-17
120 [23119571969728] INFO perfrun.perfcollector <> - format: match_vnw config1:3-4 mask:3-4
120 [23119571969728] INFO perfrun.perfcollector <> - format: mask_vnw config2:3-4 mask:3-4
120 [23119571969728] INFO perfrun.perfcollector <> - format: mask_mc config2:9-12 mask:9-12
120 [23119571969728] INFO perfrun.perfcollector <> - format: match1 config1:32-63 mask:32-63
120 [23119571969728] INFO perfrun.perfcollector <> - format: inv config:23 mask:23
120 [23119571969728] INFO perfrun.perfcollector <> - format: umask config:8-15 mask:8-15
120 [23119571969728] INFO perfrun.perfcollector <> - format: match_opc config1:5-8 mask:5-8
120 [23119571969728] INFO perfrun.perfcollector <> - format: mask_opc config2:5-8 mask:5-8
120 [23119571969728] INFO perfrun.perfcollector <> - format: thresh config:24-31 mask:24-31
120 [23119571969728] INFO perfrun.perfcollector <> - format: match_rnid4 config1:31 mask:31
120 [23119571969728] INFO perfrun.perfcollector <> - format: mask0 config2:0-31 mask:0-31
120 [23119571969728] INFO perfrun.perfcollector <> - format: match_mc config1:9-12 mask:9-12
120 [23119571969728] INFO perfrun.perfcollector <> - hwInfo: PERF_QPI_PMU_DETAILS
120 [23119571969728] INFO perfrun.perfcollector <> - pmu added: family: uncore_qpi, id: 0
120 [23119571969728] INFO perfrun.perfcollector <> - dir found: /sys/bus/event_source/devices/uncore_cbox_5
120 [23119571969728] INFO perfrun.perfcollector <> - format: event config:0-7 mask:0-7
120 [23119571969728] INFO perfrun.perfcollector <> - format: filter_link config1:6-8 mask:6-8
120 [23119571969728] INFO perfrun.perfcollector <> - format: filter_c6 config1:61 mask:61
120 [23119571969728] INFO perfrun.perfcollector <> - format: edge config:18 mask:18
120 [23119571969728] INFO perfrun.perfcollector <> - format: filter_isoc config1:63 mask:63
121 [23119571969728] INFO perfrun.perfcollector <> - format: filter_tid config1:0-5 mask:0-5
121 [23119571969728] INFO perfrun.perfcollector <> - format: filter_nid config1:32-47 mask:32-47
121 [23119571969728] INFO perfrun.perfcollector <> - format: filter_nc config1:62 mask:62
121 [23119571969728] INFO perfrun.perfcollector <> - format: umask config:8-15 mask:8-15
121 [23119571969728] INFO perfrun.perfcollector <> - format: tid_en config:19 mask:19
121 [23119571969728] INFO perfrun.perfcollector <> - format: thresh config:24-31 mask:24-31
121 [23119571969728] INFO perfrun.perfcollector <> - format: filter_state config1:17-23 mask:17-23
121 [23119571969728] INFO perfrun.perfcollector <> - format: filter_opc config1:52-60 mask:52-60
121 [23119571969728] INFO perfrun.perfcollector <> - hwInfo: PERF_CBOX_PMU_DETAILS
121 [23119571969728] INFO perfrun.perfcollector <> - pmu added: family: uncore_cbox, id: 5
121 [23119571969728] INFO perfrun.perfcollector <> - dir found: /sys/bus/event_source/devices/uncore_imc_0
121 [23119571969728] INFO perfrun.perfcollector <> - format: event config:0-7 mask:0-7
121 [23119571969728] INFO perfrun.perfcollector <> - format: edge config:18 mask:18
121 [23119571969728] INFO perfrun.perfcollector <> - format: inv config:23 mask:23
121 [23119571969728] INFO perfrun.perfcollector <> - format: umask config:8-15 mask:8-15
121 [23119571969728] INFO perfrun.perfcollector <> - format: thresh config:24-31 mask:24-31
121 [23119571969728] INFO perfrun.perfcollector <> - hwInfo: PERF_IMC_PMU_DETAILS
121 [23119571969728] INFO perfrun.perfcollector <> - pmu added: family: uncore_imc, id: 0
121 [23119571969728] INFO perfrun.perfcollector <> - dir found: /sys/bus/event_source/devices/uncore_cbox_10
121 [23119571969728] INFO perfrun.perfcollector <> - format: event config:0-7 mask:0-7
121 [23119571969728] INFO perfrun.perfcollector <> - format: filter_link config1:6-8 mask:6-8
121 [23119571969728] INFO perfrun.perfcollector <> - format: filter_c6 config1:61 mask:61
121 [23119571969728] INFO perfrun.perfcollector <> - format: edge config:18 mask:18
121 [23119571969728] INFO perfrun.perfcollector <> - format: filter_isoc config1:63 mask:63
121 [23119571969728] INFO perfrun.perfcollector <> - format: filter_tid config1:0-5 mask:0-5
121 [23119571969728] INFO perfrun.perfcollector <> - format: filter_nid config1:32-47 mask:32-47
121 [23119571969728] INFO perfrun.perfcollector <> - format: filter_nc config1:62 mask:62
121 [23119571969728] INFO perfrun.perfcollector <> - format: umask config:8-15 mask:8-15
121 [23119571969728] INFO perfrun.perfcollector <> - format: tid_en config:19 mask:19
121 [23119571969728] INFO perfrun.perfcollector <> - format: thresh config:24-31 mask:24-31
121 [23119571969728] INFO perfrun.perfcollector <> - format: filter_state config1:17-23 mask:17-23
121 [23119571969728] INFO perfrun.perfcollector <> - format: filter_opc config1:52-60 mask:52-60
121 [23119571969728] INFO perfrun.perfcollector <> - hwInfo: PERF_CBOX_PMU_DETAILS
121 [23119571969728] INFO perfrun.perfcollector <> - pmu added: family: uncore_cbox, id: 10
121 [23119571969728] INFO perfrun.perfcollector <> - dir found: /sys/bus/event_source/devices/uncore_pcu
121 [23119571969728] INFO perfrun.perfcollector <> - format: filter_band2 config1:16-23 mask:16-23
121 [23119571969728] INFO perfrun.perfcollector <> - format: event config:0-7 mask:0-7
121 [23119571969728] INFO perfrun.perfcollector <> - format: filter_band0 config1:0-7 mask:0-7
121 [23119571969728] INFO perfrun.perfcollector <> - format: edge config:18 mask:18
121 [23119571969728] INFO perfrun.perfcollector <> - format: occ_invert config:30 mask:30
121 [23119571969728] INFO perfrun.perfcollector <> - format: occ_edge config:14-51 mask:14-51
122 [23119571969728] INFO perfrun.perfcollector <> - format: filter_band3 config1:24-31 mask:24-31
122 [23119571969728] INFO perfrun.perfcollector <> - format: filter_band1 config1:8-15 mask:8-15
122 [23119571969728] INFO perfrun.perfcollector <> - format: inv config:23 mask:23
122 [23119571969728] INFO perfrun.perfcollector <> - format: thresh config:24-28 mask:24-28
122 [23119571969728] INFO perfrun.perfcollector <> - format: occ_sel config:14-15 mask:14-15
122 [23119571969728] INFO perfrun.perfcollector <> - hwInfo: not set, pmuFam: uncore_pcu
122 [23119571969728] INFO perfrun.perfcollector <> - pmu added: family: uncore_pcu, id: 0
122 [23119571969728] INFO perfrun.perfcollector <> - dir found: /sys/bus/event_source/devices/uncore_r3qpi_1
122 [23119571969728] INFO perfrun.perfcollector <> - format: event config:0-7 mask:0-7
122 [23119571969728] INFO perfrun.perfcollector <> - format: edge config:18 mask:18
122 [23119571969728] INFO perfrun.perfcollector <> - format: inv config:23 mask:23
122 [23119571969728] INFO perfrun.perfcollector <> - format: umask config:8-15 mask:8-15
122 [23119571969728] INFO perfrun.perfcollector <> - format: thresh config:24-31 mask:24-31
122 [23119571969728] INFO perfrun.perfcollector <> - hwInfo: not set, pmuFam: uncore_r3qpi
122 [23119571969728] INFO perfrun.perfcollector <> - pmu added: family: uncore_r3qpi, id: 1
122 [23119571969728] INFO perfrun.perfcollector <> - dir found: /sys/bus/event_source/devices/msr
122 [23119571969728] INFO perfrun.perfcollector <> - format: event config:0-63 mask:0-63
122 [23119571969728] INFO perfrun.perfcollector <> - hwInfo: not set, pmuFam: msr
122 [23119571969728] INFO perfrun.perfcollector <> - pmu added: family: msr, id: 0
122 [23119571969728] INFO perfrun.perfcollector <> - dir found: /sys/bus/event_source/devices/uncore_cbox_3
122 [23119571969728] INFO perfrun.perfcollector <> - format: event config:0-7 mask:0-7
122 [23119571969728] INFO perfrun.perfcollector <> - format: filter_link config1:6-8 mask:6-8
122 [23119571969728] INFO perfrun.perfcollector <> - format: filter_c6 config1:61 mask:61
122 [23119571969728] INFO perfrun.perfcollector <> - format: edge config:18 mask:18
122 [23119571969728] INFO perfrun.perfcollector <> - format: filter_isoc config1:63 mask:63
122 [23119571969728] INFO perfrun.perfcollector <> - format: filter_tid config1:0-5 mask:0-5
122 [23119571969728] INFO perfrun.perfcollector <> - format: filter_nid config1:32-47 mask:32-47
122 [23119571969728] INFO perfrun.perfcollector <> - format: filter_nc config1:62 mask:62
122 [23119571969728] INFO perfrun.perfcollector <> - format: umask config:8-15 mask:8-15
122 [23119571969728] INFO perfrun.perfcollector <> - format: tid_en config:19 mask:19
122 [23119571969728] INFO perfrun.perfcollector <> - format: thresh config:24-31 mask:24-31
122 [23119571969728] INFO perfrun.perfcollector <> - format: filter_state config1:17-23 mask:17-23
122 [23119571969728] INFO perfrun.perfcollector <> - format: filter_opc config1:52-60 mask:52-60
122 [23119571969728] INFO perfrun.perfcollector <> - hwInfo: PERF_CBOX_PMU_DETAILS
122 [23119571969728] INFO perfrun.perfcollector <> - pmu added: family: uncore_cbox, id: 3
122 [23119571969728] INFO perfrun.perfcollector <> - dir found: /sys/bus/event_source/devices/intel_pt
122 [23119571969728] INFO perfrun.perfcollector <> - format: ptw config:12 mask:12
122 [23119571969728] INFO perfrun.perfcollector <> - format: event config:31 mask:31
122 [23119571969728] INFO perfrun.perfcollector <> - format: cyc_thresh config:19-22 mask:19-22
122 [23119571969728] INFO perfrun.perfcollector <> - format: pt config:0 mask:0
122 [23119571969728] INFO perfrun.perfcollector <> - format: notnt config:55 mask:55
122 [23119571969728] INFO perfrun.perfcollector <> - format: branch config:13 mask:13
122 [23119571969728] INFO perfrun.perfcollector <> - format: tsc config:10 mask:10
123 [23119571969728] INFO perfrun.perfcollector <> - format: pwr_evt config:4 mask:4
123 [23119571969728] INFO perfrun.perfcollector <> - format: fup_on_ptw config:5 mask:5
123 [23119571969728] INFO perfrun.perfcollector <> - format: cyc config:1 mask:1
123 [23119571969728] INFO perfrun.perfcollector <> - format: noretcomp config:11 mask:11
123 [23119571969728] INFO perfrun.perfcollector <> - format: mtc config:9 mask:9
123 [23119571969728] INFO perfrun.perfcollector <> - format: psb_period config:24-27 mask:24-27
123 [23119571969728] INFO perfrun.perfcollector <> - format: mtc_period config:14-17 mask:14-17
123 [23119571969728] INFO perfrun.perfcollector <> - hwInfo: not set, pmuFam: intel_pt
123 [23119571969728] INFO perfrun.perfcollector <> - pmu added: family: intel_pt, id: 0
123 [23119571969728] INFO perfrun.perfcollector <> - dir found: /sys/bus/event_source/devices/uncore_ha_1
123 [23119571969728] INFO perfrun.perfcollector <> - format: event config:0-7 mask:0-7
123 [23119571969728] INFO perfrun.perfcollector <> - format: edge config:18 mask:18
123 [23119571969728] INFO perfrun.perfcollector <> - format: inv config:23 mask:23
123 [23119571969728] INFO perfrun.perfcollector <> - format: umask config:8-15 mask:8-15
123 [23119571969728] INFO perfrun.perfcollector <> - format: thresh config:24-31 mask:24-31
123 [23119571969728] INFO perfrun.perfcollector <> - hwInfo: not set, pmuFam: uncore_ha
123 [23119571969728] INFO perfrun.perfcollector <> - pmu added: family: uncore_ha, id: 1
123 [23119571969728] INFO perfrun.perfcollector <> - dir found: /sys/bus/event_source/devices/uncore_cbox_1
123 [23119571969728] INFO perfrun.perfcollector <> - format: event config:0-7 mask:0-7
123 [23119571969728] INFO perfrun.perfcollector <> - format: filter_link config1:6-8 mask:6-8
123 [23119571969728] INFO perfrun.perfcollector <> - format: filter_c6 config1:61 mask:61
123 [23119571969728] INFO perfrun.perfcollector <> - format: edge config:18 mask:18
123 [23119571969728] INFO perfrun.perfcollector <> - format: filter_isoc config1:63 mask:63
123 [23119571969728] INFO perfrun.perfcollector <> - format: filter_tid config1:0-5 mask:0-5
123 [23119571969728] INFO perfrun.perfcollector <> - format: filter_nid config1:32-47 mask:32-47
123 [23119571969728] INFO perfrun.perfcollector <> - format: filter_nc config1:62 mask:62
123 [23119571969728] INFO perfrun.perfcollector <> - format: umask config:8-15 mask:8-15
123 [23119571969728] INFO perfrun.perfcollector <> - format: tid_en config:19 mask:19
123 [23119571969728] INFO perfrun.perfcollector <> - format: thresh config:24-31 mask:24-31
123 [23119571969728] INFO perfrun.perfcollector <> - format: filter_state config1:17-23 mask:17-23
123 [23119571969728] INFO perfrun.perfcollector <> - format: filter_opc config1:52-60 mask:52-60
123 [23119571969728] INFO perfrun.perfcollector <> - hwInfo: PERF_CBOX_PMU_DETAILS
123 [23119571969728] INFO perfrun.perfcollector <> - pmu added: family: uncore_cbox, id: 1
123 [23119571969728] INFO perfrun.sdk <> - runCmd: /opt/intel/oneapi/vtune/2023.1.0/bin64/sep -dry-run -sam 1 -ec CPU_CLK_UNHALTED.THREAD,CPU_CLK_UNHALTED.REF_TSC:sample:sa=2400000,INST_RETIRED.ANY:sample:sa=2400000,CPU_CLK_UNHALTED.REF_XCLK,CPU_CLK_UNHALTED.ONE_THREAD_ACTIVE,FP_ARITH_INST_RETIRED.SCALAR_SINGLE,FP_ARITH_INST_RETIRED.128B_PACKED_SINGLE,FP_ARITH_INST_RETIRED.256B_PACKED_SINGLE,FP_ARITH_INST_RETIRED.SCALAR_DOUBLE,FP_ARITH_INST_RETIRED.128B_PACKED_DOUBLE,FP_ARITH_INST_RETIRED.256B_PACKED_DOUBLE,INST_RETIRED.X87,UOPS_RETIRED.RETIRE_SLOTS:sample:sa=2000003 -experimental
124 [23119571969728] INFO perfrun.sdk <> - runCmd started PID 3881796
145 [23119571969728] INFO perfrun.perfcollector <> - SepDryRun RC = true
149 [23119571969728] INFO perfrun.perfcollector <> - DRY_RUN: "PMU type: Core (core)"
149 [23119571969728] INFO perfrun.perfcollector <> - pmu type: cpu
149 [23119571969728] INFO perfrun.perfcollector <> - DRY_RUN: "Group 0:"
149 [23119571969728] INFO perfrun.perfcollector <> - id: 0
149 [23119571969728] INFO perfrun.perfcollector <> - DRY_RUN: "INST_RETIRED.ANY: event id 2"
149 [23119571969728] INFO perfrun.perfcollector <> - eventName: INST_RETIRED.ANY, eventId: 2
149 [23119571969728] INFO perfrun.perfcollector <> - DRY_RUN: "CPU_CLK_UNHALTED.THREAD: event id 0"
149 [23119571969728] INFO perfrun.perfcollector <> - eventName: CPU_CLK_UNHALTED.THREAD, eventId: 0
149 [23119571969728] INFO perfrun.perfcollector <> - DRY_RUN: "CPU_CLK_UNHALTED.REF_TSC: event id 1"
149 [23119571969728] INFO perfrun.perfcollector <> - eventName: CPU_CLK_UNHALTED.REF_TSC, eventId: 1
149 [23119571969728] INFO perfrun.perfcollector <> - DRY_RUN: "FP_ARITH_INST_RETIRED.SCALAR_SINGLE: event id 5"
149 [23119571969728] INFO perfrun.perfcollector <> - eventName: FP_ARITH_INST_RETIRED.SCALAR_SINGLE, eventId: 5
149 [23119571969728] INFO perfrun.perfcollector <> - DRY_RUN: "FP_ARITH_INST_RETIRED.128B_PACKED_SINGLE: event id 6"
149 [23119571969728] INFO perfrun.perfcollector <> - eventName: FP_ARITH_INST_RETIRED.128B_PACKED_SINGLE, eventId: 6
149 [23119571969728] INFO perfrun.perfcollector <> - DRY_RUN: "FP_ARITH_INST_RETIRED.256B_PACKED_SINGLE: event id 7"
149 [23119571969728] INFO perfrun.perfcollector <> - eventName: FP_ARITH_INST_RETIRED.256B_PACKED_SINGLE, eventId: 7
149 [23119571969728] INFO perfrun.perfcollector <> - DRY_RUN: "FP_ARITH_INST_RETIRED.SCALAR_DOUBLE: event id 8"
149 [23119571969728] INFO perfrun.perfcollector <> - eventName: FP_ARITH_INST_RETIRED.SCALAR_DOUBLE, eventId: 8
149 [23119571969728] INFO perfrun.perfcollector <> - DRY_RUN: "CPU_CLK_UNHALTED.REF_XCLK: event id 3"
149 [23119571969728] INFO perfrun.perfcollector <> - eventName: CPU_CLK_UNHALTED.REF_XCLK, eventId: 3
149 [23119571969728] INFO perfrun.perfcollector <> - DRY_RUN: "CPU_CLK_UNHALTED.ONE_THREAD_ACTIVE: event id 4"
149 [23119571969728] INFO perfrun.perfcollector <> - eventName: CPU_CLK_UNHALTED.ONE_THREAD_ACTIVE, eventId: 4
149 [23119571969728] INFO perfrun.perfcollector <> - DRY_RUN: "INST_RETIRED.X87: event id 11"
149 [23119571969728] INFO perfrun.perfcollector <> - eventName: INST_RETIRED.X87, eventId: 11
149 [23119571969728] INFO perfrun.perfcollector <> - DRY_RUN: "UOPS_RETIRED.RETIRE_SLOTS: event id 12"
149 [23119571969728] INFO perfrun.perfcollector <> - eventName: UOPS_RETIRED.RETIRE_SLOTS, eventId: 12
149 [23119571969728] INFO perfrun.perfcollector <> - DRY_RUN: "CCCR"
149 [23119571969728] INFO perfrun.perfcollector <> - DRY_RUN: "reg_type       = 1	event_id       = g	reg_id         = 38f	reg_value      = 7000000ff"
149 [23119571969728] INFO perfrun.perfcollector <> - eventId: g, skip parsing event_id
149 [23119571969728] INFO perfrun.perfcollector <> - Register was ignored: group_id: 0, reg_type: 1, event_id: 4294967295, reg_id: 38f, reg_value: 7000000ff, pmu_name: cpu
149 [23119571969728] INFO perfrun.perfcollector <> - DRY_RUN: "reg_type       = 1	event_id       = g	reg_id         = 390	reg_value      = 7000000ff"
149 [23119571969728] INFO perfrun.perfcollector <> - eventId: g, skip parsing event_id
149 [23119571969728] INFO perfrun.perfcollector <> - Register was ignored: group_id: 0, reg_type: 1, event_id: 4294967295, reg_id: 390, reg_value: 7000000ff, pmu_name: cpu
149 [23119571969728] INFO perfrun.perfcollector <> - DRY_RUN: "reg_type       = 1	event_id       = g	reg_id         = 3f1	reg_value      = 0"
149 [23119571969728] INFO perfrun.perfcollector <> - eventId: g, skip parsing event_id
149 [23119571969728] INFO perfrun.perfcollector <> - Register was ignored: group_id: 0, reg_type: 1, event_id: 4294967295, reg_id: 3f1, reg_value: 0, pmu_name: cpu
149 [23119571969728] INFO perfrun.perfcollector <> - DRY_RUN: "reg_type       = 1	event_id       = g	reg_id         = 1d9	reg_value      = 1800"
149 [23119571969728] INFO perfrun.perfcollector <> - eventId: g, skip parsing event_id
149 [23119571969728] INFO perfrun.perfcollector <> - Register was ignored: group_id: 0, reg_type: 1, event_id: 4294967295, reg_id: 1d9, reg_value: 1800, pmu_name: cpu
149 [23119571969728] INFO perfrun.perfcollector <> - DRY_RUN: "reg_type       = 1	event_id       = g	reg_id         = 38d	reg_value      = bbb"
149 [23119571969728] INFO perfrun.perfcollector <> - eventId: g, skip parsing event_id
149 [23119571969728] INFO perfrun.perfcollector <> - Register was ignored: group_id: 0, reg_type: 1, event_id: 4294967295, reg_id: 38d, reg_value: bbb, pmu_name: cpu
149 [23119571969728] INFO perfrun.perfcollector <> - DRY_RUN: "reg_type       = 1	event_id       = 5	reg_id         = 186	reg_value      = 5302c7"
149 [23119571969728] INFO perfrun.perfcollector <> - Event selector: group_id: 0, reg_type: 1, event_id: 5, reg_id: 186, reg_value: 5302c7, pmu_name: cpu
149 [23119571969728] INFO perfrun.perfcollector <> - DRY_RUN: "reg_type       = 1	event_id       = 6	reg_id         = 187	reg_value      = 5308c7"
149 [23119571969728] INFO perfrun.perfcollector <> - Event selector: group_id: 0, reg_type: 1, event_id: 6, reg_id: 187, reg_value: 5308c7, pmu_name: cpu
149 [23119571969728] INFO perfrun.perfcollector <> - DRY_RUN: "reg_type       = 1	event_id       = 7	reg_id         = 188	reg_value      = 5320c7"
149 [23119571969728] INFO perfrun.perfcollector <> - Event selector: group_id: 0, reg_type: 1, event_id: 7, reg_id: 188, reg_value: 5320c7, pmu_name: cpu
149 [23119571969728] INFO perfrun.perfcollector <> - DRY_RUN: "reg_type       = 1	event_id       = 8	reg_id         = 189	reg_value      = 5301c7"
149 [23119571969728] INFO perfrun.perfcollector <> - Event selector: group_id: 0, reg_type: 1, event_id: 8, reg_id: 189, reg_value: 5301c7, pmu_name: cpu
149 [23119571969728] INFO perfrun.perfcollector <> - DRY_RUN: "reg_type       = 1	event_id       = 3	reg_id         = 18a	reg_value      = 53013c"
149 [23119571969728] INFO perfrun.perfcollector <> - Event selector: group_id: 0, reg_type: 1, event_id: 3, reg_id: 18a, reg_value: 53013c, pmu_name: cpu
149 [23119571969728] INFO perfrun.perfcollector <> - DRY_RUN: "reg_type       = 1	event_id       = 4	reg_id         = 18b	reg_value      = 53023c"
149 [23119571969728] INFO perfrun.perfcollector <> - Event selector: group_id: 0, reg_type: 1, event_id: 4, reg_id: 18b, reg_value: 53023c, pmu_name: cpu
149 [23119571969728] INFO perfrun.perfcollector <> - DRY_RUN: "reg_type       = 1	event_id       = 11	reg_id         = 18c	reg_value      = 5302c0"
149 [23119571969728] INFO perfrun.perfcollector <> - Event selector: group_id: 0, reg_type: 1, event_id: 11, reg_id: 18c, reg_value: 5302c0, pmu_name: cpu
149 [23119571969728] INFO perfrun.perfcollector <> - DRY_RUN: "reg_type       = 1	event_id       = 12	reg_id         = 18d	reg_value      = 5302c2"
149 [23119571969728] INFO perfrun.perfcollector <> - Event selector: group_id: 0, reg_type: 1, event_id: 12, reg_id: 18d, reg_value: 5302c2, pmu_name: cpu
149 [23119571969728] INFO perfrun.perfcollector <> - DRY_RUN: "ESCR"
149 [23119571969728] INFO perfrun.perfcollector <> - DRY_RUN: "reg_type       = 2	event_id       = g	reg_id         = 1c8	reg_value      = 0"
149 [23119571969728] INFO perfrun.perfcollector <> - eventId: g, skip parsing event_id
149 [23119571969728] INFO perfrun.perfcollector <> - DRY_RUN: "DATA"
149 [23119571969728] INFO perfrun.perfcollector <> - DRY_RUN: "reg_type       = 4	event_id       = 2	reg_id         = 309	reg_value      = ffffffdb6100"
149 [23119571969728] INFO perfrun.perfcollector <> - eventId: 2, dataAddr: 309, dataVal: ffffffdb6100
149 [23119571969728] INFO perfrun.perfcollector <> - DRY_RUN: "reg_type       = 4	event_id       = 0	reg_id         = 30a	reg_value      = ffffffe17b7d"
149 [23119571969728] INFO perfrun.perfcollector <> - eventId: 0, dataAddr: 30a, dataVal: ffffffe17b7d
149 [23119571969728] INFO perfrun.perfcollector <> - DRY_RUN: "reg_type       = 4	event_id       = 1	reg_id         = 30b	reg_value      = ffffffdb6100"
149 [23119571969728] INFO perfrun.perfcollector <> - eventId: 1, dataAddr: 30b, dataVal: ffffffdb6100
149 [23119571969728] INFO perfrun.perfcollector <> - DRY_RUN: "reg_type       = 4	event_id       = 5	reg_id         = c1	reg_value      = ffffffe17b7d"
149 [23119571969728] INFO perfrun.perfcollector <> - eventId: 5, dataAddr: c1, dataVal: ffffffe17b7d
149 [23119571969728] INFO perfrun.perfcollector <> - DRY_RUN: "reg_type       = 4	event_id       = 6	reg_id         = c2	reg_value      = ffffffe17b7d"
149 [23119571969728] INFO perfrun.perfcollector <> - eventId: 6, dataAddr: c2, dataVal: ffffffe17b7d
149 [23119571969728] INFO perfrun.perfcollector <> - DRY_RUN: "reg_type       = 4	event_id       = 7	reg_id         = c3	reg_value      = ffffffe17b7d"
149 [23119571969728] INFO perfrun.perfcollector <> - eventId: 7, dataAddr: c3, dataVal: ffffffe17b7d
149 [23119571969728] INFO perfrun.perfcollector <> - DRY_RUN: "reg_type       = 4	event_id       = 8	reg_id         = c4	reg_value      = ffffffe17b7d"
149 [23119571969728] INFO perfrun.perfcollector <> - eventId: 8, dataAddr: c4, dataVal: ffffffe17b7d
149 [23119571969728] INFO perfrun.perfcollector <> - DRY_RUN: "reg_type       = 4	event_id       = 3	reg_id         = c5	reg_value      = fffffffe795d"
149 [23119571969728] INFO perfrun.perfcollector <> - eventId: 3, dataAddr: c5, dataVal: fffffffe795d
149 [23119571969728] INFO perfrun.perfcollector <> - DRY_RUN: "reg_type       = 4	event_id       = 4	reg_id         = c6	reg_value      = fffffffe795d"
149 [23119571969728] INFO perfrun.perfcollector <> - eventId: 4, dataAddr: c6, dataVal: fffffffe795d
149 [23119571969728] INFO perfrun.perfcollector <> - DRY_RUN: "reg_type       = 4	event_id       = 11	reg_id         = c7	reg_value      = ffffffe17b7d"
149 [23119571969728] INFO perfrun.perfcollector <> - eventId: 11, dataAddr: c7, dataVal: ffffffe17b7d
149 [23119571969728] INFO perfrun.perfcollector <> - DRY_RUN: "reg_type       = 4	event_id       = 12	reg_id         = c8	reg_value      = ffffffe17b7d"
149 [23119571969728] INFO perfrun.perfcollector <> - eventId: 12, dataAddr: c8, dataVal: ffffffe17b7d
149 [23119571969728] INFO perfrun.perfcollector <> - DRY_RUN: "Group 1:"
149 [23119571969728] INFO perfrun.perfcollector <> - id: 1
149 [23119571969728] INFO perfrun.perfcollector <> - DRY_RUN: "INST_RETIRED.ANY: event id 2"
149 [23119571969728] INFO perfrun.perfcollector <> - eventName: INST_RETIRED.ANY, eventId: 2
149 [23119571969728] INFO perfrun.perfcollector <> - DRY_RUN: "CPU_CLK_UNHALTED.THREAD: event id 0"
149 [23119571969728] INFO perfrun.perfcollector <> - eventName: CPU_CLK_UNHALTED.THREAD, eventId: 0
149 [23119571969728] INFO perfrun.perfcollector <> - DRY_RUN: "CPU_CLK_UNHALTED.REF_TSC: event id 1"
149 [23119571969728] INFO perfrun.perfcollector <> - eventName: CPU_CLK_UNHALTED.REF_TSC, eventId: 1
149 [23119571969728] INFO perfrun.perfcollector <> - DRY_RUN: "FP_ARITH_INST_RETIRED.128B_PACKED_DOUBLE: event id 9"
149 [23119571969728] INFO perfrun.perfcollector <> - eventName: FP_ARITH_INST_RETIRED.128B_PACKED_DOUBLE, eventId: 9
149 [23119571969728] INFO perfrun.perfcollector <> - DRY_RUN: "FP_ARITH_INST_RETIRED.256B_PACKED_DOUBLE: event id 10"
149 [23119571969728] INFO perfrun.perfcollector <> - eventName: FP_ARITH_INST_RETIRED.256B_PACKED_DOUBLE, eventId: 10
149 [23119571969728] INFO perfrun.perfcollector <> - DRY_RUN: "CCCR"
149 [23119571969728] INFO perfrun.perfcollector <> - DRY_RUN: "reg_type       = 1	event_id       = g	reg_id         = 38f	reg_value      = 700000003"
149 [23119571969728] INFO perfrun.perfcollector <> - eventId: g, skip parsing event_id
149 [23119571969728] INFO perfrun.perfcollector <> - Register was ignored: group_id: 1, reg_type: 1, event_id: 4294967295, reg_id: 38f, reg_value: 700000003, pmu_name: cpu
149 [23119571969728] INFO perfrun.perfcollector <> - DRY_RUN: "reg_type       = 1	event_id       = g	reg_id         = 390	reg_value      = 700000003"
149 [23119571969728] INFO perfrun.perfcollector <> - eventId: g, skip parsing event_id
149 [23119571969728] INFO perfrun.perfcollector <> - Register was ignored: group_id: 1, reg_type: 1, event_id: 4294967295, reg_id: 390, reg_value: 700000003, pmu_name: cpu
149 [23119571969728] INFO perfrun.perfcollector <> - DRY_RUN: "reg_type       = 1	event_id       = g	reg_id         = 3f1	reg_value      = 0"
149 [23119571969728] INFO perfrun.perfcollector <> - eventId: g, skip parsing event_id
149 [23119571969728] INFO perfrun.perfcollector <> - Register was ignored: group_id: 1, reg_type: 1, event_id: 4294967295, reg_id: 3f1, reg_value: 0, pmu_name: cpu
149 [23119571969728] INFO perfrun.perfcollector <> - DRY_RUN: "reg_type       = 1	event_id       = g	reg_id         = 1d9	reg_value      = 1800"
149 [23119571969728] INFO perfrun.perfcollector <> - eventId: g, skip parsing event_id
149 [23119571969728] INFO perfrun.perfcollector <> - Register was ignored: group_id: 1, reg_type: 1, event_id: 4294967295, reg_id: 1d9, reg_value: 1800, pmu_name: cpu
149 [23119571969728] INFO perfrun.perfcollector <> - DRY_RUN: "reg_type       = 1	event_id       = g	reg_id         = 38d	reg_value      = bbb"
149 [23119571969728] INFO perfrun.perfcollector <> - eventId: g, skip parsing event_id
149 [23119571969728] INFO perfrun.perfcollector <> - Register was ignored: group_id: 1, reg_type: 1, event_id: 4294967295, reg_id: 38d, reg_value: bbb, pmu_name: cpu
149 [23119571969728] INFO perfrun.perfcollector <> - DRY_RUN: "reg_type       = 1	event_id       = 9	reg_id         = 186	reg_value      = 5304c7"
149 [23119571969728] INFO perfrun.perfcollector <> - Event selector: group_id: 1, reg_type: 1, event_id: 9, reg_id: 186, reg_value: 5304c7, pmu_name: cpu
149 [23119571969728] INFO perfrun.perfcollector <> - DRY_RUN: "reg_type       = 1	event_id       = 10	reg_id         = 187	reg_value      = 5310c7"
149 [23119571969728] INFO perfrun.perfcollector <> - Event selector: group_id: 1, reg_type: 1, event_id: 10, reg_id: 187, reg_value: 5310c7, pmu_name: cpu
149 [23119571969728] INFO perfrun.perfcollector <> - DRY_RUN: "ESCR"
149 [23119571969728] INFO perfrun.perfcollector <> - DRY_RUN: "reg_type       = 2	event_id       = g	reg_id         = 1c8	reg_value      = 0"
149 [23119571969728] INFO perfrun.perfcollector <> - eventId: g, skip parsing event_id
149 [23119571969728] INFO perfrun.perfcollector <> - DRY_RUN: "DATA"
149 [23119571969728] INFO perfrun.perfcollector <> - DRY_RUN: "reg_type       = 4	event_id       = 2	reg_id         = 309	reg_value      = ffffffdb6100"
149 [23119571969728] INFO perfrun.perfcollector <> - eventId: 2, dataAddr: 309, dataVal: ffffffdb6100
149 [23119571969728] INFO perfrun.perfcollector <> - DRY_RUN: "reg_type       = 4	event_id       = 0	reg_id         = 30a	reg_value      = ffffffe17b7d"
149 [23119571969728] INFO perfrun.perfcollector <> - eventId: 0, dataAddr: 30a, dataVal: ffffffe17b7d
149 [23119571969728] INFO perfrun.perfcollector <> - DRY_RUN: "reg_type       = 4	event_id       = 1	reg_id         = 30b	reg_value      = ffffffdb6100"
149 [23119571969728] INFO perfrun.perfcollector <> - eventId: 1, dataAddr: 30b, dataVal: ffffffdb6100
149 [23119571969728] INFO perfrun.perfcollector <> - DRY_RUN: "reg_type       = 4	event_id       = 9	reg_id         = c1	reg_value      = ffffffe17b7d"
149 [23119571969728] INFO perfrun.perfcollector <> - eventId: 9, dataAddr: c1, dataVal: ffffffe17b7d
149 [23119571969728] INFO perfrun.perfcollector <> - DRY_RUN: "reg_type       = 4	event_id       = 10	reg_id         = c2	reg_value      = ffffffe17b7d"
149 [23119571969728] INFO perfrun.perfcollector <> - eventId: 10, dataAddr: c2, dataVal: ffffffe17b7d
149 [23119571969728] INFO perfrun.perfcollector <> - event name: CPU_CLK_UNHALTED.THREAD
149 [23119571969728] INFO perfrun.perfcollector <> - pmu config: cpu
149 [23119571969728] INFO perfrun.perfcollector <> - cccrAddr: ffffffff, cccrValue: 0
149 [23119571969728] INFO perfrun.perfcollector <> - dataAddr: 30a, dataValue: ffffffffffe17b7d
149 [23119571969728] INFO perfrun.perfcollector <> - escrAddr: ffffffff, escrValue: 0
149 [23119571969728] INFO perfrun.perfcollector <> - extendedPebsValue: 0
149 [23119571969728] INFO perfrun.perfcollector <> - adaptivePebsAvailable: 0
149 [23119571969728] INFO perfrun.perfcollector <> - config: event: 3c
149 [23119571969728] INFO perfrun.perfcollector <> - config: pc: 0
149 [23119571969728] INFO perfrun.perfcollector <> - config: in_tx: 0
149 [23119571969728] INFO perfrun.perfcollector <> - config: edge: 0
149 [23119571969728] INFO perfrun.perfcollector <> - config: any: 0
149 [23119571969728] INFO perfrun.perfcollector <> - config1: offcore_rsp: 0
149 [23119571969728] INFO perfrun.perfcollector <> - config: in_tx_cp: 0
149 [23119571969728] INFO perfrun.perfcollector <> - config1: ldlat: 0
149 [23119571969728] INFO perfrun.perfcollector <> - config: inv: 0
149 [23119571969728] INFO perfrun.perfcollector <> - config: umask: 0
149 [23119571969728] INFO perfrun.perfcollector <> - config: cmask: 0
149 [23119571969728] INFO perfrun.perfcollector <> - format: cpu/event=0x3c,name='CPU_CLK_UNHALTED.THREAD'/D
149 [23119571969728] INFO perfrun.perfcollector <> - event name: CPU_CLK_UNHALTED.REF_TSC
149 [23119571969728] INFO perfrun.perfcollector <> - pmu config: cpu
149 [23119571969728] INFO perfrun.perfcollector <> - cccrAddr: ffffffff, cccrValue: 0
149 [23119571969728] INFO perfrun.perfcollector <> - dataAddr: 30b, dataValue: ffffffffffdb6100
149 [23119571969728] INFO perfrun.perfcollector <> - escrAddr: ffffffff, escrValue: 0
149 [23119571969728] INFO perfrun.perfcollector <> - extendedPebsValue: 0
149 [23119571969728] INFO perfrun.perfcollector <> - adaptivePebsAvailable: 0
149 [23119571969728] INFO perfrun.perfcollector <> - config: event: 0
149 [23119571969728] INFO perfrun.perfcollector <> - config: pc: 0
149 [23119571969728] INFO perfrun.perfcollector <> - config: in_tx: 0
149 [23119571969728] INFO perfrun.perfcollector <> - config: edge: 0
149 [23119571969728] INFO perfrun.perfcollector <> - config: any: 0
149 [23119571969728] INFO perfrun.perfcollector <> - config1: offcore_rsp: 0
149 [23119571969728] INFO perfrun.perfcollector <> - config: in_tx_cp: 0
149 [23119571969728] INFO perfrun.perfcollector <> - config1: ldlat: 0
149 [23119571969728] INFO perfrun.perfcollector <> - config: inv: 0
149 [23119571969728] INFO perfrun.perfcollector <> - config: umask: 3
149 [23119571969728] INFO perfrun.perfcollector <> - config: cmask: 0
149 [23119571969728] INFO perfrun.perfcollector <> - format: cpu/umask=0x3,name='CPU_CLK_UNHALTED.REF_TSC'/D
149 [23119571969728] INFO perfrun.perfcollector <> - event name: INST_RETIRED.ANY
149 [23119571969728] INFO perfrun.perfcollector <> - pmu config: cpu
149 [23119571969728] INFO perfrun.perfcollector <> - cccrAddr: ffffffff, cccrValue: 0
149 [23119571969728] INFO perfrun.perfcollector <> - dataAddr: 309, dataValue: ffffffffffdb6100
149 [23119571969728] INFO perfrun.perfcollector <> - escrAddr: ffffffff, escrValue: 0
149 [23119571969728] INFO perfrun.perfcollector <> - extendedPebsValue: 0
149 [23119571969728] INFO perfrun.perfcollector <> - adaptivePebsAvailable: 0
149 [23119571969728] INFO perfrun.perfcollector <> - config: event: c0
149 [23119571969728] INFO perfrun.perfcollector <> - config: pc: 0
149 [23119571969728] INFO perfrun.perfcollector <> - config: in_tx: 0
149 [23119571969728] INFO perfrun.perfcollector <> - config: edge: 0
149 [23119571969728] INFO perfrun.perfcollector <> - config: any: 0
149 [23119571969728] INFO perfrun.perfcollector <> - config1: offcore_rsp: 0
149 [23119571969728] INFO perfrun.perfcollector <> - config: in_tx_cp: 0
150 [23119571969728] INFO perfrun.perfcollector <> - config1: ldlat: 0
150 [23119571969728] INFO perfrun.perfcollector <> - config: inv: 0
150 [23119571969728] INFO perfrun.perfcollector <> - config: umask: 0
150 [23119571969728] INFO perfrun.perfcollector <> - config: cmask: 0
150 [23119571969728] INFO perfrun.perfcollector <> - format: cpu/event=0xc0,name='INST_RETIRED.ANY'/D
150 [23119571969728] INFO perfrun.perfcollector <> - event name: CPU_CLK_UNHALTED.REF_XCLK
150 [23119571969728] INFO perfrun.perfcollector <> - pmu config: cpu
150 [23119571969728] INFO perfrun.perfcollector <> - cccrAddr: 18a, cccrValue: 53013c
150 [23119571969728] INFO perfrun.perfcollector <> - dataAddr: c5, dataValue: fffffffffffe795d
150 [23119571969728] INFO perfrun.perfcollector <> - escrAddr: ffffffff, escrValue: 0
150 [23119571969728] INFO perfrun.perfcollector <> - extendedPebsValue: 0
150 [23119571969728] INFO perfrun.perfcollector <> - adaptivePebsAvailable: 0
150 [23119571969728] INFO perfrun.perfcollector <> - config: event: 3c
150 [23119571969728] INFO perfrun.perfcollector <> - config: pc: 0
150 [23119571969728] INFO perfrun.perfcollector <> - config: in_tx: 0
150 [23119571969728] INFO perfrun.perfcollector <> - config: edge: 0
150 [23119571969728] INFO perfrun.perfcollector <> - config: any: 0
150 [23119571969728] INFO perfrun.perfcollector <> - config1: offcore_rsp: 0
150 [23119571969728] INFO perfrun.perfcollector <> - config: in_tx_cp: 0
150 [23119571969728] INFO perfrun.perfcollector <> - config1: ldlat: 0
150 [23119571969728] INFO perfrun.perfcollector <> - config: inv: 0
150 [23119571969728] INFO perfrun.perfcollector <> - config: umask: 1
150 [23119571969728] INFO perfrun.perfcollector <> - config: cmask: 0
150 [23119571969728] INFO perfrun.perfcollector <> - format: cpu/event=0x3c,umask=0x1,name='CPU_CLK_UNHALTED.REF_XCLK'/
150 [23119571969728] INFO perfrun.perfcollector <> - event name: CPU_CLK_UNHALTED.ONE_THREAD_ACTIVE
150 [23119571969728] INFO perfrun.perfcollector <> - pmu config: cpu
150 [23119571969728] INFO perfrun.perfcollector <> - cccrAddr: 18b, cccrValue: 53023c
150 [23119571969728] INFO perfrun.perfcollector <> - dataAddr: c6, dataValue: fffffffffffe795d
150 [23119571969728] INFO perfrun.perfcollector <> - escrAddr: ffffffff, escrValue: 0
150 [23119571969728] INFO perfrun.perfcollector <> - extendedPebsValue: 0
150 [23119571969728] INFO perfrun.perfcollector <> - adaptivePebsAvailable: 0
150 [23119571969728] INFO perfrun.perfcollector <> - config: event: 3c
150 [23119571969728] INFO perfrun.perfcollector <> - config: pc: 0
150 [23119571969728] INFO perfrun.perfcollector <> - config: in_tx: 0
150 [23119571969728] INFO perfrun.perfcollector <> - config: edge: 0
150 [23119571969728] INFO perfrun.perfcollector <> - config: any: 0
150 [23119571969728] INFO perfrun.perfcollector <> - config1: offcore_rsp: 0
150 [23119571969728] INFO perfrun.perfcollector <> - config: in_tx_cp: 0
150 [23119571969728] INFO perfrun.perfcollector <> - config1: ldlat: 0
150 [23119571969728] INFO perfrun.perfcollector <> - config: inv: 0
150 [23119571969728] INFO perfrun.perfcollector <> - config: umask: 2
150 [23119571969728] INFO perfrun.perfcollector <> - config: cmask: 0
150 [23119571969728] INFO perfrun.perfcollector <> - format: cpu/event=0x3c,umask=0x2,name='CPU_CLK_UNHALTED.ONE_THREAD_ACTIVE'/
150 [23119571969728] INFO perfrun.perfcollector <> - event name: FP_ARITH_INST_RETIRED.SCALAR_SINGLE
150 [23119571969728] INFO perfrun.perfcollector <> - pmu config: cpu
150 [23119571969728] INFO perfrun.perfcollector <> - cccrAddr: 186, cccrValue: 5302c7
150 [23119571969728] INFO perfrun.perfcollector <> - dataAddr: c1, dataValue: ffffffffffe17b7d
150 [23119571969728] INFO perfrun.perfcollector <> - escrAddr: ffffffff, escrValue: 0
150 [23119571969728] INFO perfrun.perfcollector <> - extendedPebsValue: 0
150 [23119571969728] INFO perfrun.perfcollector <> - adaptivePebsAvailable: 0
150 [23119571969728] INFO perfrun.perfcollector <> - config: event: c7
150 [23119571969728] INFO perfrun.perfcollector <> - config: pc: 0
150 [23119571969728] INFO perfrun.perfcollector <> - config: in_tx: 0
150 [23119571969728] INFO perfrun.perfcollector <> - config: edge: 0
150 [23119571969728] INFO perfrun.perfcollector <> - config: any: 0
150 [23119571969728] INFO perfrun.perfcollector <> - config1: offcore_rsp: 0
150 [23119571969728] INFO perfrun.perfcollector <> - config: in_tx_cp: 0
150 [23119571969728] INFO perfrun.perfcollector <> - config1: ldlat: 0
150 [23119571969728] INFO perfrun.perfcollector <> - config: inv: 0
150 [23119571969728] INFO perfrun.perfcollector <> - config: umask: 2
150 [23119571969728] INFO perfrun.perfcollector <> - config: cmask: 0
150 [23119571969728] INFO perfrun.perfcollector <> - format: cpu/event=0xc7,umask=0x2,name='FP_ARITH_INST_RETIRED.SCALAR_SINGLE'/
150 [23119571969728] INFO perfrun.perfcollector <> - event name: FP_ARITH_INST_RETIRED.128B_PACKED_SINGLE
150 [23119571969728] INFO perfrun.perfcollector <> - pmu config: cpu
150 [23119571969728] INFO perfrun.perfcollector <> - cccrAddr: 187, cccrValue: 5308c7
150 [23119571969728] INFO perfrun.perfcollector <> - dataAddr: c2, dataValue: ffffffffffe17b7d
150 [23119571969728] INFO perfrun.perfcollector <> - escrAddr: ffffffff, escrValue: 0
150 [23119571969728] INFO perfrun.perfcollector <> - extendedPebsValue: 0
150 [23119571969728] INFO perfrun.perfcollector <> - adaptivePebsAvailable: 0
150 [23119571969728] INFO perfrun.perfcollector <> - config: event: c7
150 [23119571969728] INFO perfrun.perfcollector <> - config: pc: 0
150 [23119571969728] INFO perfrun.perfcollector <> - config: in_tx: 0
150 [23119571969728] INFO perfrun.perfcollector <> - config: edge: 0
150 [23119571969728] INFO perfrun.perfcollector <> - config: any: 0
150 [23119571969728] INFO perfrun.perfcollector <> - config1: offcore_rsp: 0
150 [23119571969728] INFO perfrun.perfcollector <> - config: in_tx_cp: 0
150 [23119571969728] INFO perfrun.perfcollector <> - config1: ldlat: 0
150 [23119571969728] INFO perfrun.perfcollector <> - config: inv: 0
150 [23119571969728] INFO perfrun.perfcollector <> - config: umask: 8
150 [23119571969728] INFO perfrun.perfcollector <> - config: cmask: 0
150 [23119571969728] INFO perfrun.perfcollector <> - format: cpu/event=0xc7,umask=0x8,name='FP_ARITH_INST_RETIRED.128B_PACKED_SINGLE'/
150 [23119571969728] INFO perfrun.perfcollector <> - event name: FP_ARITH_INST_RETIRED.256B_PACKED_SINGLE
150 [23119571969728] INFO perfrun.perfcollector <> - pmu config: cpu
150 [23119571969728] INFO perfrun.perfcollector <> - cccrAddr: 188, cccrValue: 5320c7
150 [23119571969728] INFO perfrun.perfcollector <> - dataAddr: c3, dataValue: ffffffffffe17b7d
150 [23119571969728] INFO perfrun.perfcollector <> - escrAddr: ffffffff, escrValue: 0
150 [23119571969728] INFO perfrun.perfcollector <> - extendedPebsValue: 0
150 [23119571969728] INFO perfrun.perfcollector <> - adaptivePebsAvailable: 0
150 [23119571969728] INFO perfrun.perfcollector <> - config: event: c7
150 [23119571969728] INFO perfrun.perfcollector <> - config: pc: 0
150 [23119571969728] INFO perfrun.perfcollector <> - config: in_tx: 0
150 [23119571969728] INFO perfrun.perfcollector <> - config: edge: 0
150 [23119571969728] INFO perfrun.perfcollector <> - config: any: 0
150 [23119571969728] INFO perfrun.perfcollector <> - config1: offcore_rsp: 0
150 [23119571969728] INFO perfrun.perfcollector <> - config: in_tx_cp: 0
150 [23119571969728] INFO perfrun.perfcollector <> - config1: ldlat: 0
150 [23119571969728] INFO perfrun.perfcollector <> - config: inv: 0
150 [23119571969728] INFO perfrun.perfcollector <> - config: umask: 20
150 [23119571969728] INFO perfrun.perfcollector <> - config: cmask: 0
150 [23119571969728] INFO perfrun.perfcollector <> - format: cpu/event=0xc7,umask=0x20,name='FP_ARITH_INST_RETIRED.256B_PACKED_SINGLE'/
150 [23119571969728] INFO perfrun.perfcollector <> - event name: FP_ARITH_INST_RETIRED.SCALAR_DOUBLE
150 [23119571969728] INFO perfrun.perfcollector <> - pmu config: cpu
150 [23119571969728] INFO perfrun.perfcollector <> - cccrAddr: 189, cccrValue: 5301c7
150 [23119571969728] INFO perfrun.perfcollector <> - dataAddr: c4, dataValue: ffffffffffe17b7d
150 [23119571969728] INFO perfrun.perfcollector <> - escrAddr: ffffffff, escrValue: 0
150 [23119571969728] INFO perfrun.perfcollector <> - extendedPebsValue: 0
150 [23119571969728] INFO perfrun.perfcollector <> - adaptivePebsAvailable: 0
150 [23119571969728] INFO perfrun.perfcollector <> - config: event: c7
150 [23119571969728] INFO perfrun.perfcollector <> - config: pc: 0
150 [23119571969728] INFO perfrun.perfcollector <> - config: in_tx: 0
150 [23119571969728] INFO perfrun.perfcollector <> - config: edge: 0
150 [23119571969728] INFO perfrun.perfcollector <> - config: any: 0
150 [23119571969728] INFO perfrun.perfcollector <> - config1: offcore_rsp: 0
150 [23119571969728] INFO perfrun.perfcollector <> - config: in_tx_cp: 0
150 [23119571969728] INFO perfrun.perfcollector <> - config1: ldlat: 0
150 [23119571969728] INFO perfrun.perfcollector <> - config: inv: 0
150 [23119571969728] INFO perfrun.perfcollector <> - config: umask: 1
150 [23119571969728] INFO perfrun.perfcollector <> - config: cmask: 0
150 [23119571969728] INFO perfrun.perfcollector <> - format: cpu/event=0xc7,umask=0x1,name='FP_ARITH_INST_RETIRED.SCALAR_DOUBLE'/
150 [23119571969728] INFO perfrun.perfcollector <> - event name: FP_ARITH_INST_RETIRED.128B_PACKED_DOUBLE
150 [23119571969728] INFO perfrun.perfcollector <> - pmu config: cpu
150 [23119571969728] INFO perfrun.perfcollector <> - cccrAddr: 186, cccrValue: 5304c7
150 [23119571969728] INFO perfrun.perfcollector <> - dataAddr: c1, dataValue: ffffffffffe17b7d
150 [23119571969728] INFO perfrun.perfcollector <> - escrAddr: ffffffff, escrValue: 0
150 [23119571969728] INFO perfrun.perfcollector <> - extendedPebsValue: 0
150 [23119571969728] INFO perfrun.perfcollector <> - adaptivePebsAvailable: 0
150 [23119571969728] INFO perfrun.perfcollector <> - config: event: c7
150 [23119571969728] INFO perfrun.perfcollector <> - config: pc: 0
150 [23119571969728] INFO perfrun.perfcollector <> - config: in_tx: 0
150 [23119571969728] INFO perfrun.perfcollector <> - config: edge: 0
150 [23119571969728] INFO perfrun.perfcollector <> - config: any: 0
150 [23119571969728] INFO perfrun.perfcollector <> - config1: offcore_rsp: 0
150 [23119571969728] INFO perfrun.perfcollector <> - config: in_tx_cp: 0
150 [23119571969728] INFO perfrun.perfcollector <> - config1: ldlat: 0
150 [23119571969728] INFO perfrun.perfcollector <> - config: inv: 0
150 [23119571969728] INFO perfrun.perfcollector <> - config: umask: 4
150 [23119571969728] INFO perfrun.perfcollector <> - config: cmask: 0
150 [23119571969728] INFO perfrun.perfcollector <> - format: cpu/event=0xc7,umask=0x4,name='FP_ARITH_INST_RETIRED.128B_PACKED_DOUBLE'/
150 [23119571969728] INFO perfrun.perfcollector <> - event name: FP_ARITH_INST_RETIRED.256B_PACKED_DOUBLE
150 [23119571969728] INFO perfrun.perfcollector <> - pmu config: cpu
150 [23119571969728] INFO perfrun.perfcollector <> - cccrAddr: 187, cccrValue: 5310c7
150 [23119571969728] INFO perfrun.perfcollector <> - dataAddr: c2, dataValue: ffffffffffe17b7d
150 [23119571969728] INFO perfrun.perfcollector <> - escrAddr: ffffffff, escrValue: 0
150 [23119571969728] INFO perfrun.perfcollector <> - extendedPebsValue: 0
150 [23119571969728] INFO perfrun.perfcollector <> - adaptivePebsAvailable: 0
150 [23119571969728] INFO perfrun.perfcollector <> - config: event: c7
150 [23119571969728] INFO perfrun.perfcollector <> - config: pc: 0
150 [23119571969728] INFO perfrun.perfcollector <> - config: in_tx: 0
150 [23119571969728] INFO perfrun.perfcollector <> - config: edge: 0
150 [23119571969728] INFO perfrun.perfcollector <> - config: any: 0
150 [23119571969728] INFO perfrun.perfcollector <> - config1: offcore_rsp: 0
150 [23119571969728] INFO perfrun.perfcollector <> - config: in_tx_cp: 0
150 [23119571969728] INFO perfrun.perfcollector <> - config1: ldlat: 0
150 [23119571969728] INFO perfrun.perfcollector <> - config: inv: 0
150 [23119571969728] INFO perfrun.perfcollector <> - config: umask: 10
150 [23119571969728] INFO perfrun.perfcollector <> - config: cmask: 0
150 [23119571969728] INFO perfrun.perfcollector <> - format: cpu/event=0xc7,umask=0x10,name='FP_ARITH_INST_RETIRED.256B_PACKED_DOUBLE'/
150 [23119571969728] INFO perfrun.perfcollector <> - event name: INST_RETIRED.X87
150 [23119571969728] INFO perfrun.perfcollector <> - pmu config: cpu
150 [23119571969728] INFO perfrun.perfcollector <> - cccrAddr: 18c, cccrValue: 5302c0
150 [23119571969728] INFO perfrun.perfcollector <> - dataAddr: c7, dataValue: ffffffffffe17b7d
150 [23119571969728] INFO perfrun.perfcollector <> - escrAddr: ffffffff, escrValue: 0
150 [23119571969728] INFO perfrun.perfcollector <> - extendedPebsValue: 0
150 [23119571969728] INFO perfrun.perfcollector <> - adaptivePebsAvailable: 0
150 [23119571969728] INFO perfrun.perfcollector <> - config: event: c0
150 [23119571969728] INFO perfrun.perfcollector <> - config: pc: 0
150 [23119571969728] INFO perfrun.perfcollector <> - config: in_tx: 0
150 [23119571969728] INFO perfrun.perfcollector <> - config: edge: 0
150 [23119571969728] INFO perfrun.perfcollector <> - config: any: 0
150 [23119571969728] INFO perfrun.perfcollector <> - config1: offcore_rsp: 0
150 [23119571969728] INFO perfrun.perfcollector <> - config: in_tx_cp: 0
150 [23119571969728] INFO perfrun.perfcollector <> - config1: ldlat: 0
150 [23119571969728] INFO perfrun.perfcollector <> - config: inv: 0
150 [23119571969728] INFO perfrun.perfcollector <> - config: umask: 2
150 [23119571969728] INFO perfrun.perfcollector <> - config: cmask: 0
150 [23119571969728] INFO perfrun.perfcollector <> - format: cpu/event=0xc0,umask=0x2,name='INST_RETIRED.X87'/
150 [23119571969728] INFO perfrun.perfcollector <> - event name: UOPS_RETIRED.RETIRE_SLOTS
150 [23119571969728] INFO perfrun.perfcollector <> - pmu config: cpu
150 [23119571969728] INFO perfrun.perfcollector <> - cccrAddr: 18d, cccrValue: 5302c2
150 [23119571969728] INFO perfrun.perfcollector <> - dataAddr: c8, dataValue: ffffffffffe17b7d
150 [23119571969728] INFO perfrun.perfcollector <> - escrAddr: ffffffff, escrValue: 0
150 [23119571969728] INFO perfrun.perfcollector <> - extendedPebsValue: 0
150 [23119571969728] INFO perfrun.perfcollector <> - adaptivePebsAvailable: 0
150 [23119571969728] INFO perfrun.perfcollector <> - config: event: c2
150 [23119571969728] INFO perfrun.perfcollector <> - config: pc: 0
150 [23119571969728] INFO perfrun.perfcollector <> - config: in_tx: 0
150 [23119571969728] INFO perfrun.perfcollector <> - config: edge: 0
150 [23119571969728] INFO perfrun.perfcollector <> - config: any: 0
150 [23119571969728] INFO perfrun.perfcollector <> - config1: offcore_rsp: 0
150 [23119571969728] INFO perfrun.perfcollector <> - config: in_tx_cp: 0
150 [23119571969728] INFO perfrun.perfcollector <> - config1: ldlat: 0
150 [23119571969728] INFO perfrun.perfcollector <> - config: inv: 0
150 [23119571969728] INFO perfrun.perfcollector <> - config: umask: 2
150 [23119571969728] INFO perfrun.perfcollector <> - config: cmask: 0
150 [23119571969728] INFO perfrun.perfcollector <> - format: cpu/event=0xc2,umask=0x2,name='UOPS_RETIRED.RETIRE_SLOTS'/
150 [23119571969728] INFO perfrun.perfcollector <> - event: cpu/event=0x3c,name='CPU_CLK_UNHALTED.THREAD'/Duk, added for counting
150 [23119571969728] INFO perfrun.perfcollector <> - event: cpu/umask=0x3,name='CPU_CLK_UNHALTED.REF_TSC'/Duk, added for counting
150 [23119571969728] INFO perfrun.perfcollector <> - event: cpu/event=0xc0,name='INST_RETIRED.ANY'/Duk, added for counting
150 [23119571969728] INFO perfrun.perfcollector <> - event: cpu/event=0x3c,umask=0x1,name='CPU_CLK_UNHALTED.REF_XCLK'/uk, added for counting
150 [23119571969728] INFO perfrun.perfcollector <> - event: cpu/event=0x3c,umask=0x2,name='CPU_CLK_UNHALTED.ONE_THREAD_ACTIVE'/uk, added for counting
150 [23119571969728] INFO perfrun.perfcollector <> - event: cpu/event=0xc7,umask=0x2,name='FP_ARITH_INST_RETIRED.SCALAR_SINGLE'/uk, added for counting
150 [23119571969728] INFO perfrun.perfcollector <> - event: cpu/event=0xc7,umask=0x8,name='FP_ARITH_INST_RETIRED.128B_PACKED_SINGLE'/uk, added for counting
150 [23119571969728] INFO perfrun.perfcollector <> - event: cpu/event=0xc7,umask=0x20,name='FP_ARITH_INST_RETIRED.256B_PACKED_SINGLE'/uk, added for counting
150 [23119571969728] INFO perfrun.perfcollector <> - event: cpu/event=0xc7,umask=0x1,name='FP_ARITH_INST_RETIRED.SCALAR_DOUBLE'/uk, added for counting
150 [23119571969728] INFO perfrun.perfcollector <> - event: cpu/event=0xc7,umask=0x4,name='FP_ARITH_INST_RETIRED.128B_PACKED_DOUBLE'/uk, added for counting
150 [23119571969728] INFO perfrun.perfcollector <> - event: cpu/event=0xc7,umask=0x10,name='FP_ARITH_INST_RETIRED.256B_PACKED_DOUBLE'/uk, added for counting
150 [23119571969728] INFO perfrun.perfcollector <> - event: cpu/event=0xc0,umask=0x2,name='INST_RETIRED.X87'/uk, added for counting
150 [23119571969728] INFO perfrun.perfcollector <> - event: cpu/event=0xc2,umask=0x2,name='UOPS_RETIRED.RETIRE_SLOTS'/uk, added for counting
150 [23119571969728] INFO perfrun.perfcollector <> - attaching to pid: 4294967295, collect mode: 1, rc modes: 3
166 [23119560922816] WARN perfrun.perfcollector <> - Perf stat trace pipe capacity: read = 1048576, write = 1048576, at file: vcs/perfrun1/plugins/perfcollector/src/profiler.cpp:765
176 [23119560922816] INFO perfrun.sdk <> - runCmd: /opt/intel/oneapi/vtune/2023.1.0/bin64/amplxe-perf stat -v --log-fd 11 --scale -x ; -e cpu/event=0x3c,name='CPU_CLK_UNHALTED.THREAD'/Duk,cpu/umask=0x3,name='CPU_CLK_UNHALTED.REF_TSC'/Duk,cpu/event=0xc0,name='INST_RETIRED.ANY'/Duk,cpu/event=0x3c,umask=0x1,name='CPU_CLK_UNHALTED.REF_XCLK'/uk,cpu/event=0x3c,umask=0x2,name='CPU_CLK_UNHALTED.ONE_THREAD_ACTIVE'/uk,cpu/event=0xc7,umask=0x2,name='FP_ARITH_INST_RETIRED.SCALAR_SINGLE'/uk,cpu/event=0xc7,umask=0x8,name='FP_ARITH_INST_RETIRED.128B_PACKED_SINGLE'/uk,cpu/event=0xc7,umask=0x20,name='FP_ARITH_INST_RETIRED.256B_PACKED_SINGLE'/uk,cpu/event=0xc7,umask=0x1,name='FP_ARITH_INST_RETIRED.SCALAR_DOUBLE'/uk,cpu/event=0xc7,umask=0x4,name='FP_ARITH_INST_RETIRED.128B_PACKED_DOUBLE'/uk,cpu/event=0xc7,umask=0x10,name='FP_ARITH_INST_RETIRED.256B_PACKED_DOUBLE'/uk,cpu/event=0xc0,umask=0x2,name='INST_RETIRED.X87'/uk,cpu/event=0xc2,umask=0x2,name='UOPS_RETIRED.RETIRE_SLOTS'/uk /opt/intel/oneapi/vtune/2023.1.0/bin64/amplxe-perf-sync dryrun sys
176 [23119560922816] INFO perfrun.sdk <> - runCmd started PID 3881851
466 [23119560922816] INFO perfrun.perfcollector <> - Monitor: runCmd RC = true
467 [23119571969728] INFO perfrun.launcher <> - plugin [aoclprofile] was disabled because it doesn't support the given collection type.
467 [23119571969728] INFO perfrun.tpss <> - initialize tpss controller
467 [23119571969728] INFO perfrun.tpss <> - configure collection mode: value = cpu:counters:nostack
467 [23119571969728] INFO perfrun.tpss <> - configure collection mode: value = cpu:stack
467 [23119571969728] INFO perfrun.tpss <> - default obj-size-min=1024
467 [23119571969728] INFO perfrun.tpss <> - default hash-table-size=0
467 [23119571969728] INFO perfrun.launcher <> - plugin [media] was disabled because it doesn't support the given collection type.
467 [23119571969728] INFO perfrun.launcher <> - plugin [] was disabled because it doesn't support the given collection type.
467 [23119571969728] INFO perfrun.launcher <> - plugin [] was disabled because it doesn't support the given collection type.
467 [23119571969728] INFO perfrun.launcher <> - plugin [parallelfs] was disabled because it doesn't support the given collection type.
467 [23119571969728] INFO perfrun.launcher <> - plugin [power] was disabled because it doesn't support the given collection type.
467 [23119571969728] INFO perfrun.launcher <> - plugin [hwloc] was disabled because it doesn't support the given collection type.
467 [23119571969728] INFO perfrun.launcher <> - plugin [ipmwatch] was disabled because it doesn't support the given collection type.
467 [23119571969728] INFO perfrun.launcher <> - plugin [os_counters] was disabled because it doesn't support the given collection type.
467 [23119571969728] INFO perfrun.launcher <> - plugin [l0_metrics] was disabled because it doesn't support the given collection type.
468 [23119714834304] INFO perfrun.launcher <> - set environment variable: LD_LIBRARY_PATH = /opt/intel/oneapi/vtune/2023.1.0/lib32/runtime:/opt/intel/oneapi/vtune/2023.1.0/lib64/runtime:/opt/intel/oneapi/tbb/2021.5.1/env/../lib/intel64/gcc4.8:/opt/intel/oneapi/mpi/2021.5.1//libfabric/lib:/opt/intel/oneapi/mpi/2021.5.1//lib/release:/opt/intel/oneapi/mpi/2021.5.1//lib:/opt/intel/oneapi/mkl/2022.0.2/lib/intel64:/opt/intel/oneapi/itac/2021.5.0/slib:/opt/intel/oneapi/debugger/2021.5.0/gdb/intel64/lib:/opt/intel/oneapi/debugger/2021.5.0/libipt/intel64/lib:/opt/intel/oneapi/debugger/2021.5.0/dep/lib:/opt/intel/oneapi/compiler/2022.0.2/linux/lib:/opt/intel/oneapi/compiler/2022.0.2/linux/lib/x64:/opt/intel/oneapi/compiler/2022.0.2/linux/lib/oclfpga/host/linux64/lib:/opt/intel/oneapi/compiler/2022.0.2/linux/compiler/lib/intel64_lin
468 [23119714834304] INFO perfrun.launcher <> - set environment variable: INTEL_LIBITTNOTIFY32 = /opt/intel/oneapi/vtune/2023.1.0/lib32/runtime/libittnotify_collector.so
468 [23119714834304] INFO perfrun.launcher <> - set environment variable: INTEL_LIBITTNOTIFY64 = /opt/intel/oneapi/vtune/2023.1.0/lib64/runtime/libittnotify_collector.so
468 [23119714834304] INFO perfrun.launcher <> - set environment variable: INTEL_ITTNOTIFY_GROUPS = 
468 [23119714834304] INFO perfrun.launcher <> - set environment variable: INTEL_JIT_PROFILER32 = /opt/intel/oneapi/vtune/2023.1.0/lib32/runtime/libittnotify_collector.so
468 [23119714834304] INFO perfrun.launcher <> - set environment variable: INTEL_JIT_PROFILER64 = /opt/intel/oneapi/vtune/2023.1.0/lib64/runtime/libittnotify_collector.so
468 [23119714834304] INFO perfrun.launcher <> - set environment variable: OMP_TOOL_LIBRARIES = /opt/intel/oneapi/vtune/2023.1.0/lib32/runtime/libittnotify_collector.so:/opt/intel/oneapi/vtune/2023.1.0/lib64/runtime/libittnotify_collector.so
468 [23119714834304] INFO perfrun.launcher <> - set environment variable: ENABLE_JITPROFILING = 1
468 [23119714834304] INFO perfrun.launcher <> - set environment variable: CL_CONFIG_USE_VTUNE = True
468 [23119714834304] INFO perfrun.launcher <> - set environment variable: LD_PRELOAD = libittnotify_collector.so:
468 [23119714834304] INFO perfrun.launcher <> - set environment variable: KMP_FORKJOIN_FRAMES = 0
468 [23119714834304] INFO perfrun.launcher <> - set environment variable: KMP_FORKJOIN_FRAMES_MODE = 0
468 [23119714834304] INFO perfrun.launcher <> - set environment variable: OMP_TOOL = disabled
468 [23119714834304] INFO perfrun.launcher <> - set environment variable: INTEL_MRTE_DATA_DIR = /home/course/hpc/users/2022012388/exp8/result.conv1/data.0
468 [23119714834304] INFO perfrun.launcher <> - set environment variable: INTEL_MRTE_HOST_NAME = conv1
468 [23119714834304] INFO perfrun.launcher <> - set environment variable: JAVA_TOOL_OPTIONS = -agentlib:amplxe_tpssmrte_javaprof_1.0 -Dsun.boot.library.path=/opt/intel/oneapi/vtune/2023.1.0/lib32/runtime:/opt/intel/oneapi/vtune/2023.1.0/lib64/runtime
468 [23119714834304] INFO perfrun.launcher <> - set environment variable: LD_LIBRARY_PATH = /opt/intel/oneapi/vtune/2023.1.0/lib32/runtime:/opt/intel/oneapi/vtune/2023.1.0/lib64/runtime:/opt/intel/oneapi/tbb/2021.5.1/env/../lib/intel64/gcc4.8:/opt/intel/oneapi/mpi/2021.5.1//libfabric/lib:/opt/intel/oneapi/mpi/2021.5.1//lib/release:/opt/intel/oneapi/mpi/2021.5.1//lib:/opt/intel/oneapi/mkl/2022.0.2/lib/intel64:/opt/intel/oneapi/itac/2021.5.0/slib:/opt/intel/oneapi/debugger/2021.5.0/gdb/intel64/lib:/opt/intel/oneapi/debugger/2021.5.0/libipt/intel64/lib:/opt/intel/oneapi/debugger/2021.5.0/dep/lib:/opt/intel/oneapi/compiler/2022.0.2/linux/lib:/opt/intel/oneapi/compiler/2022.0.2/linux/lib/x64:/opt/intel/oneapi/compiler/2022.0.2/linux/lib/oclfpga/host/linux64/lib:/opt/intel/oneapi/compiler/2022.0.2/linux/compiler/lib/intel64_lin
468 [23119714834304] INFO perfrun.launcher <> - set environment variable: CORECLR_ENABLE_PROFILING = 1
468 [23119714834304] INFO perfrun.launcher <> - set environment variable: CORECLR_PROFILER = {AA5E4821-E3B1-479c-B7FF-5AD047D22CED}
468 [23119714834304] INFO perfrun.launcher <> - set environment variable: CORECLR_PROFILER_PATH = /opt/intel/oneapi/vtune/2023.1.0/lib64/libamplxe_samplingmrte_clrprof_1.0.so
468 [23119714834304] INFO perfrun.launcher <> - set environment variable: INTEL_MRTE_PROFILER_MODE = mixed
469 [23119714834304] INFO perfrun.launcher <> - RpcServer: run RPC server to handle requests
469 [23119714834304] INFO perfrun.launcher <> - Launcher: command line to start before modification = ./run.sh 2022012388
470 [23119714834304] INFO perfrun.launcher <> - Launcher: command line to start after modification = /opt/intel/oneapi/vtune/2023.1.0/bin64/pin -error_file /home/course/hpc/users/2022012388/exp8/result.conv1/data.0/pinerr.tpsslog -detach_reattach -follow_execv -tool_load_option deepbind -t64 /opt/intel/oneapi/vtune/2023.1.0/lib64/libtpsstool.so -t /opt/intel/oneapi/vtune/2023.1.0/lib32/libtpsstool.so -server_name tpss_ipc.3881755 -prd_dir /opt/intel/oneapi/vtune/2023.1.0 -- ./run.sh 2022012388
470 [23119714834304] INFO perfrun.launcher <> - ProcessCreator object was created
471 [23119714834304] INFO perfrun.launcher <> - Launcher: the process was started in suspend mode
474 [23119571969728] WARN perfrun.system <> - Could not do anything with /sys/kernel/debug/kvm: boost::filesystem::status: Permission denied: "/sys/kernel/debug/kvm", at file: vcs/perfrun1/plugins/system/src/trace_writer.cpp:787
474 [23119571969728] WARN perfrun.system <> - Folder "/var/run/libvirt/qemu/"doesn't exist, at file: vcs/perfrun1/plugins/system/src/trace_writer.cpp:800
477 [23119571969728] WARN perfrun.sdk <> - Failed to find xl binary on any of the system paths: /bin, /sbin, /usr/bin, /usr/sbin., at file: vcs/perfrun1/sdk/src/utils.cpp:204
477 [23119571969728] WARN perfrun.system <> - Could not start ContainerMapping collector, at file: vcs/perfrun1/plugins/system/src/controller.cpp:448
495 [23119571969728] INFO perfrun.vdso <> - Helper runtool '/opt/intel/oneapi/vtune/2023.1.0/bin32/amplxe-runss -dump-vdso -r /home/course/hpc/users/2022012388/exp8/result.conv1 --tmp-dir /tmp/amplxe-tmp-2022012388' returned 1
627 [23119571969728] INFO perfrun.vdso <> - Helper runtool '/opt/intel/oneapi/vtune/2023.1.0/bin64/amplxe-runss -dump-vdso -r /home/course/hpc/users/2022012388/exp8/result.conv1 --tmp-dir /tmp/amplxe-tmp-2022012388' returned 0
627 [23119571969728] INFO perfrun.itt <> - start itt controller for pid #3881926
627 [23119571969728] INFO perfrun.perfcollector <> - attaching to pid: 3881926, collect mode: 1, rc modes: 1
643 [23119554619072] WARN perfrun.perfcollector <> - Perf stat trace pipe capacity: read = 1048576, write = 1048576, at file: vcs/perfrun1/plugins/perfcollector/src/profiler.cpp:765
653 [23119554619072] INFO perfrun.sdk <> - runCmd: /opt/intel/oneapi/vtune/2023.1.0/bin64/amplxe-perf stat -v --log-fd 23 --control=fd:24,27 --scale -x ; -p 3881926 -e cpu/event=0x3c,name='CPU_CLK_UNHALTED.THREAD'/Duk,cpu/umask=0x3,name='CPU_CLK_UNHALTED.REF_TSC'/Duk,cpu/event=0xc0,name='INST_RETIRED.ANY'/Duk,cpu/event=0x3c,umask=0x1,name='CPU_CLK_UNHALTED.REF_XCLK'/uk,cpu/event=0x3c,umask=0x2,name='CPU_CLK_UNHALTED.ONE_THREAD_ACTIVE'/uk,cpu/event=0xc7,umask=0x2,name='FP_ARITH_INST_RETIRED.SCALAR_SINGLE'/uk,cpu/event=0xc7,umask=0x8,name='FP_ARITH_INST_RETIRED.128B_PACKED_SINGLE'/uk,cpu/event=0xc7,umask=0x20,name='FP_ARITH_INST_RETIRED.256B_PACKED_SINGLE'/uk,cpu/event=0xc7,umask=0x1,name='FP_ARITH_INST_RETIRED.SCALAR_DOUBLE'/uk,cpu/event=0xc7,umask=0x4,name='FP_ARITH_INST_RETIRED.128B_PACKED_DOUBLE'/uk,cpu/event=0xc7,umask=0x10,name='FP_ARITH_INST_RETIRED.256B_PACKED_DOUBLE'/uk,cpu/event=0xc0,umask=0x2,name='INST_RETIRED.X87'/uk,cpu/event=0xc2,umask=0x2,name='UOPS_RETIRED.RETIRE_SLOTS'/uk /opt/intel/oneapi/vtune/2023.1.0/bin64/amplxe-perf-sync sync sys
653 [23119554619072] INFO perfrun.sdk <> - runCmd started PID 3882017
788 [23119571969728] INFO perfrun.tpss <> - start tpss controller for pid #3881926
839 [23119714834304] INFO perfrun.launcher <> - Launcher: all plugins were started
839 [23119714834304] INFO perfrun.launcher <> - DirectoryMonitor object was created
839 [23119714834304] INFO perfrun.launcher <> - DirectoryMonitor: a callback was added
839 [23119714834304] INFO perfrun.launcher <> - DirectoryMonitor was started with pingTime = 1000
839 [23119714834304] INFO perfrun.launcher <> - DeadlineTimer is going to be constructed
839 [23119714834304] INFO perfrun.launcher <> - DeadlineTimer: a callback was added
842 [23119714834304] INFO perfrun.launcher <> - Launcher: resume the profiled application and  wait its termination or stop command
94142 [23119714834304] INFO perfrun.launcher <> - Launcher: the profiled application was terminated  with exit code = 1
