13 [22764614838144] INFO perfrun.launcher <> - Launcher main begin
15 [22764614838144] INFO perfrun.launcher <> - MessageCatalogInit finished
15 [22764614838144] INFO perfrun.launcher <> - Launcher instance created
15 [22764614838144] INFO perfrun.launcher <> - argc = 7; cmdline = /opt/intel/oneapi/vtune/2023.1.0/bin64/amplxe-runss --ui-output-format xml --ui-output-fd 5 --option-file /home/course/hpc/users/2022012388/exp8/result.conv1/config/runss.options.8 
192 [22764614838144] INFO perfrun.launcher <> - create msngr2::ICliToolContext
193 [22764614838144] INFO perfrun.launcher <> - create file finder object
193 [22764614838144] INFO perfrun.launcher <> - create a result directory: pattern = /home/course/hpc/users/2022012388/exp8/result.conv1 pid = 4294967295
195 [22764614838144] INFO perfrun.sdk <> - checked that the directory /home/course/hpc/users/2022012388/exp8/result.conv1 is a local directory
195 [22764614838144] INFO perfrun.sdk <> - the directory /home/course/hpc/users/2022012388/exp8/result.conv1 is located on a share or its FS ID is unknown 26985
195 [22764614838144] INFO perfrun.sdk <> - checked that the directory /tmp/amplxe-tmp-2022012388 is a local directory
195 [22764614838144] INFO perfrun.sdk <> - the directory /tmp/amplxe-tmp-2022012388 is located on a share or its FS ID is unknown 2035054128
196 [22764614838144] INFO perfrun.launcher <> - create data directory = /home/course/hpc/users/2022012388/exp8/result.conv1/data.8
197 [22764614838144] INFO perfrun.launcher <> - Creating the master collection flag
197 [22764614838144] INFO perfrun.launcher <> - Done creating the master collection flag
200 [22764471707328] INFO perfrun.launcher <> - plugin [remoteplug] was disabled because it doesn't support the given collection type.
200 [22764471707328] INFO perfrun.sdk <> - Allocating TMU :/home/course/hpc/users/2022012388/exp8/result.conv1/data.8/systemcollector-3881782-conv1.sc
201 [22764471707328] INFO perfrun.launcher <> - plugin [vdso] was disabled because it doesn't support the given collection type.
201 [22764471707328] INFO perfrun.launcher <> - plugin [ptracecollector] was disabled because it doesn't support the given collection type.
201 [22764471707328] INFO perfrun.launcher <> - plugin [gpu] was disabled because it doesn't support the given collection type.
201 [22764471707328] INFO perfrun.launcher <> - plugin [] was disabled because it doesn't support the given collection type.
201 [22764471707328] INFO perfrun.launcher <> - plugin [] was disabled because it doesn't support the given collection type.
201 [22764471707328] INFO perfrun.launcher <> - plugin [] was disabled because it doesn't support the given collection type.
201 [22764471707328] INFO perfrun.mrte <> - system-wide mode is 0
201 [22764471707328] INFO perfrun.mrte <> - Getting  mrte profiling environment ...
215 [22764471707328] INFO perfrun.mrte <> - INTEL_MRTE_DATA_DIR=/home/course/hpc/users/2022012388/exp8/result.conv1/data.8
215 [22764471707328] INFO perfrun.mrte <> - INTEL_MRTE_HOST_NAME=conv1
215 [22764471707328] INFO perfrun.mrte <> - JAVA_TOOL_OPTIONS=-agentlib:amplxe_tpssmrte_javaprof_1.0 -Dsun.boot.library.path=/opt/intel/oneapi/vtune/2023.1.0/lib32/runtime:/opt/intel/oneapi/vtune/2023.1.0/lib64/runtime
215 [22764471707328] INFO perfrun.mrte <> - LD_LIBRARY_PATH=/opt/intel/oneapi/vtune/2023.1.0/lib32/runtime:/opt/intel/oneapi/vtune/2023.1.0/lib64/runtime:/opt/intel/oneapi/tbb/2021.5.1/env/../lib/intel64/gcc4.8:/opt/intel/oneapi/mpi/2021.5.1//libfabric/lib:/opt/intel/oneapi/mpi/2021.5.1//lib/release:/opt/intel/oneapi/mpi/2021.5.1//lib:/opt/intel/oneapi/mkl/2022.0.2/lib/intel64:/opt/intel/oneapi/itac/2021.5.0/slib:/opt/intel/oneapi/debugger/2021.5.0/gdb/intel64/lib:/opt/intel/oneapi/debugger/2021.5.0/libipt/intel64/lib:/opt/intel/oneapi/debugger/2021.5.0/dep/lib:/opt/intel/oneapi/compiler/2022.0.2/linux/lib:/opt/intel/oneapi/compiler/2022.0.2/linux/lib/x64:/opt/intel/oneapi/compiler/2022.0.2/linux/lib/oclfpga/host/linux64/lib:/opt/intel/oneapi/compiler/2022.0.2/linux/compiler/lib/intel64_lin
215 [22764471707328] INFO perfrun.mrte <> - CORECLR_ENABLE_PROFILING=1
215 [22764471707328] INFO perfrun.mrte <> - CORECLR_PROFILER={AA5E4821-E3B1-479c-B7FF-5AD047D22CED}
215 [22764471707328] INFO perfrun.mrte <> - CORECLR_PROFILER_PATH=/opt/intel/oneapi/vtune/2023.1.0/lib64/libamplxe_samplingmrte_clrprof_1.0.so
215 [22764471707328] INFO perfrun.mrte <> - INTEL_MRTE_PROFILER_MODE=mixed
215 [22764471707328] INFO perfrun.mrte <> - Data directory: /home/course/hpc/users/2022012388/exp8/result.conv1/data.8
215 [22764471707328] INFO perfrun.mrte <> - Mrte plugin is initialized
215 [22764471707328] INFO perfrun.launcher <> - plugin [emon] was disabled because it doesn't support the given collection type.
215 [22764471707328] INFO perfrun.launcher <> - plugin [cuscol] was disabled because it doesn't support the given collection type.
215 [22764471707328] INFO perfrun.launcher <> - plugin [stdsrc] was disabled because it doesn't support the given collection type.
215 [22764471707328] INFO perfrun.launcher <> - plugin [sep] was disabled because it doesn't support the given collection type.
215 [22764471707328] INFO perfrun.launcher <> - plugin [vtsspp] was disabled because it doesn't support the given collection type.
215 [22764471707328] INFO perfrun.sdk <> - Reading value (0) from file: /proc/sys/kernel/perf_event_paranoid
215 [22764471707328] INFO perfrun.perfcollector <> - checking access to: /opt/intel/oneapi/vtune/2023.1.0/bin64/amplxe-perf-priv
218 [22764471707328] INFO perfrun.perfcollector <> - cpu: family = 6 model = 79
218 [22764471707328] INFO perfrun.perfcollector <> - dir found: /sys/bus/event_source/devices/software
218 [22764471707328] INFO perfrun.perfcollector <> - format: pmu format subdir doesn't exist
218 [22764471707328] INFO perfrun.perfcollector <> - hwInfo: not set, pmuFam: software
219 [22764471707328] INFO perfrun.perfcollector <> - pmu added: family: software, id: 0
219 [22764471707328] INFO perfrun.perfcollector <> - dir found: /sys/bus/event_source/devices/uncore_imc_5
219 [22764471707328] INFO perfrun.perfcollector <> - format: event config:0-7 mask:0-7
219 [22764471707328] INFO perfrun.perfcollector <> - format: edge config:18 mask:18
219 [22764471707328] INFO perfrun.perfcollector <> - format: inv config:23 mask:23
219 [22764471707328] INFO perfrun.perfcollector <> - format: umask config:8-15 mask:8-15
219 [22764471707328] INFO perfrun.perfcollector <> - format: thresh config:24-31 mask:24-31
219 [22764471707328] INFO perfrun.perfcollector <> - hwInfo: PERF_IMC_PMU_DETAILS
220 [22764471707328] INFO perfrun.perfcollector <> - pmu added: family: uncore_imc, id: 5
220 [22764471707328] INFO perfrun.perfcollector <> - dir found: /sys/bus/event_source/devices/uncore_sbox_2
220 [22764471707328] INFO perfrun.perfcollector <> - format: event config:0-7 mask:0-7
220 [22764471707328] INFO perfrun.perfcollector <> - format: edge config:18 mask:18
220 [22764471707328] INFO perfrun.perfcollector <> - format: inv config:23 mask:23
220 [22764471707328] INFO perfrun.perfcollector <> - format: umask config:8-15 mask:8-15
220 [22764471707328] INFO perfrun.perfcollector <> - format: tid_en config:19 mask:19
221 [22764471707328] INFO perfrun.perfcollector <> - format: thresh config:24-31 mask:24-31
221 [22764471707328] INFO perfrun.perfcollector <> - hwInfo: not set, pmuFam: uncore_sbox
221 [22764471707328] INFO perfrun.perfcollector <> - pmu added: family: uncore_sbox, id: 2
221 [22764471707328] INFO perfrun.perfcollector <> - dir found: /sys/bus/event_source/devices/uncore_cbox_8
221 [22764471707328] INFO perfrun.perfcollector <> - format: event config:0-7 mask:0-7
221 [22764471707328] INFO perfrun.perfcollector <> - format: filter_link config1:6-8 mask:6-8
221 [22764471707328] INFO perfrun.perfcollector <> - format: filter_c6 config1:61 mask:61
222 [22764471707328] INFO perfrun.perfcollector <> - format: edge config:18 mask:18
222 [22764471707328] INFO perfrun.perfcollector <> - format: filter_isoc config1:63 mask:63
222 [22764471707328] INFO perfrun.perfcollector <> - format: filter_tid config1:0-5 mask:0-5
222 [22764471707328] INFO perfrun.perfcollector <> - format: filter_nid config1:32-47 mask:32-47
222 [22764471707328] INFO perfrun.perfcollector <> - format: filter_nc config1:62 mask:62
222 [22764471707328] INFO perfrun.perfcollector <> - format: umask config:8-15 mask:8-15
222 [22764471707328] INFO perfrun.perfcollector <> - format: tid_en config:19 mask:19
223 [22764471707328] INFO perfrun.perfcollector <> - format: thresh config:24-31 mask:24-31
223 [22764471707328] INFO perfrun.perfcollector <> - format: filter_state config1:17-23 mask:17-23
223 [22764471707328] INFO perfrun.perfcollector <> - format: filter_opc config1:52-60 mask:52-60
223 [22764471707328] INFO perfrun.perfcollector <> - hwInfo: PERF_CBOX_PMU_DETAILS
223 [22764471707328] INFO perfrun.perfcollector <> - pmu added: family: uncore_cbox, id: 8
223 [22764471707328] INFO perfrun.perfcollector <> - dir found: /sys/bus/event_source/devices/uncore_cbox_13
223 [22764471707328] INFO perfrun.perfcollector <> - format: event config:0-7 mask:0-7
223 [22764471707328] INFO perfrun.perfcollector <> - format: filter_link config1:6-8 mask:6-8
224 [22764471707328] INFO perfrun.perfcollector <> - format: filter_c6 config1:61 mask:61
224 [22764471707328] INFO perfrun.perfcollector <> - format: edge config:18 mask:18
224 [22764471707328] INFO perfrun.perfcollector <> - format: filter_isoc config1:63 mask:63
224 [22764471707328] INFO perfrun.perfcollector <> - format: filter_tid config1:0-5 mask:0-5
224 [22764471707328] INFO perfrun.perfcollector <> - format: filter_nid config1:32-47 mask:32-47
224 [22764471707328] INFO perfrun.perfcollector <> - format: filter_nc config1:62 mask:62
224 [22764471707328] INFO perfrun.perfcollector <> - format: umask config:8-15 mask:8-15
224 [22764471707328] INFO perfrun.perfcollector <> - format: tid_en config:19 mask:19
224 [22764471707328] INFO perfrun.perfcollector <> - format: thresh config:24-31 mask:24-31
225 [22764471707328] INFO perfrun.perfcollector <> - format: filter_state config1:17-23 mask:17-23
225 [22764471707328] INFO perfrun.perfcollector <> - format: filter_opc config1:52-60 mask:52-60
225 [22764471707328] INFO perfrun.perfcollector <> - hwInfo: PERF_CBOX_PMU_DETAILS
225 [22764471707328] INFO perfrun.perfcollector <> - pmu added: family: uncore_cbox, id: 13
225 [22764471707328] INFO perfrun.perfcollector <> - dir found: /sys/bus/event_source/devices/uncore_r2pcie
225 [22764471707328] INFO perfrun.perfcollector <> - format: event config:0-7 mask:0-7
225 [22764471707328] INFO perfrun.perfcollector <> - format: edge config:18 mask:18
225 [22764471707328] INFO perfrun.perfcollector <> - format: inv config:23 mask:23
225 [22764471707328] INFO perfrun.perfcollector <> - format: umask config:8-15 mask:8-15
225 [22764471707328] INFO perfrun.perfcollector <> - format: thresh config:24-31 mask:24-31
226 [22764471707328] INFO perfrun.perfcollector <> - hwInfo: not set, pmuFam: uncore_r2pcie
226 [22764471707328] INFO perfrun.perfcollector <> - pmu added: family: uncore_r2pcie, id: 0
226 [22764471707328] INFO perfrun.perfcollector <> - dir found: /sys/bus/event_source/devices/uncore_sbox_0
226 [22764471707328] INFO perfrun.perfcollector <> - format: event config:0-7 mask:0-7
226 [22764471707328] INFO perfrun.perfcollector <> - format: edge config:18 mask:18
226 [22764471707328] INFO perfrun.perfcollector <> - format: inv config:23 mask:23
226 [22764471707328] INFO perfrun.perfcollector <> - format: umask config:8-15 mask:8-15
226 [22764471707328] INFO perfrun.perfcollector <> - format: tid_en config:19 mask:19
226 [22764471707328] INFO perfrun.perfcollector <> - format: thresh config:24-31 mask:24-31
226 [22764471707328] INFO perfrun.perfcollector <> - hwInfo: not set, pmuFam: uncore_sbox
227 [22764471707328] INFO perfrun.perfcollector <> - pmu added: family: uncore_sbox, id: 0
227 [22764471707328] INFO perfrun.perfcollector <> - dir found: /sys/bus/event_source/devices/uncore_qpi_1
227 [22764471707328] INFO perfrun.perfcollector <> - format: mask_rnid4 config2:31 mask:31
227 [22764471707328] INFO perfrun.perfcollector <> - format: mask_rnid30 config2:32-35 mask:32-35
227 [22764471707328] INFO perfrun.perfcollector <> - format: match_rnid30 config1:32-35 mask:32-35
227 [22764471707328] INFO perfrun.perfcollector <> - format: event config:0-7,21 mask:0-7,21
227 [22764471707328] INFO perfrun.perfcollector <> - format: match0 config1:0-31 mask:0-31
227 [22764471707328] INFO perfrun.perfcollector <> - format: match_rds config1:48-51 mask:48-51
228 [22764471707328] INFO perfrun.perfcollector <> - format: mask_rds config2:48-51 mask:48-51
228 [22764471707328] INFO perfrun.perfcollector <> - format: edge config:18 mask:18
228 [22764471707328] INFO perfrun.perfcollector <> - format: mask1 config2:32-63 mask:32-63
228 [22764471707328] INFO perfrun.perfcollector <> - format: match_dnid config1:13-17 mask:13-17
228 [22764471707328] INFO perfrun.perfcollector <> - format: mask_dnid config2:13-17 mask:13-17
228 [22764471707328] INFO perfrun.perfcollector <> - format: match_vnw config1:3-4 mask:3-4
228 [22764471707328] INFO perfrun.perfcollector <> - format: mask_vnw config2:3-4 mask:3-4
228 [22764471707328] INFO perfrun.perfcollector <> - format: mask_mc config2:9-12 mask:9-12
228 [22764471707328] INFO perfrun.perfcollector <> - format: match1 config1:32-63 mask:32-63
228 [22764471707328] INFO perfrun.perfcollector <> - format: inv config:23 mask:23
229 [22764471707328] INFO perfrun.perfcollector <> - format: umask config:8-15 mask:8-15
229 [22764471707328] INFO perfrun.perfcollector <> - format: match_opc config1:5-8 mask:5-8
229 [22764471707328] INFO perfrun.perfcollector <> - format: mask_opc config2:5-8 mask:5-8
229 [22764471707328] INFO perfrun.perfcollector <> - format: thresh config:24-31 mask:24-31
229 [22764471707328] INFO perfrun.perfcollector <> - format: match_rnid4 config1:31 mask:31
229 [22764471707328] INFO perfrun.perfcollector <> - format: mask0 config2:0-31 mask:0-31
229 [22764471707328] INFO perfrun.perfcollector <> - format: match_mc config1:9-12 mask:9-12
229 [22764471707328] INFO perfrun.perfcollector <> - hwInfo: PERF_QPI_PMU_DETAILS
229 [22764471707328] INFO perfrun.perfcollector <> - pmu added: family: uncore_qpi, id: 1
229 [22764471707328] INFO perfrun.perfcollector <> - dir found: /sys/bus/event_source/devices/uncore_cbox_6
229 [22764471707328] INFO perfrun.perfcollector <> - format: event config:0-7 mask:0-7
230 [22764471707328] INFO perfrun.perfcollector <> - format: filter_link config1:6-8 mask:6-8
230 [22764471707328] INFO perfrun.perfcollector <> - format: filter_c6 config1:61 mask:61
230 [22764471707328] INFO perfrun.perfcollector <> - format: edge config:18 mask:18
230 [22764471707328] INFO perfrun.perfcollector <> - format: filter_isoc config1:63 mask:63
230 [22764471707328] INFO perfrun.perfcollector <> - format: filter_tid config1:0-5 mask:0-5
230 [22764471707328] INFO perfrun.perfcollector <> - format: filter_nid config1:32-47 mask:32-47
230 [22764471707328] INFO perfrun.perfcollector <> - format: filter_nc config1:62 mask:62
230 [22764471707328] INFO perfrun.perfcollector <> - format: umask config:8-15 mask:8-15
230 [22764471707328] INFO perfrun.perfcollector <> - format: tid_en config:19 mask:19
230 [22764471707328] INFO perfrun.perfcollector <> - format: thresh config:24-31 mask:24-31
230 [22764471707328] INFO perfrun.perfcollector <> - format: filter_state config1:17-23 mask:17-23
231 [22764471707328] INFO perfrun.perfcollector <> - format: filter_opc config1:52-60 mask:52-60
231 [22764471707328] INFO perfrun.perfcollector <> - hwInfo: PERF_CBOX_PMU_DETAILS
231 [22764471707328] INFO perfrun.perfcollector <> - pmu added: family: uncore_cbox, id: 6
231 [22764471707328] INFO perfrun.perfcollector <> - dir found: /sys/bus/event_source/devices/uncore_imc_1
231 [22764471707328] INFO perfrun.perfcollector <> - format: event config:0-7 mask:0-7
231 [22764471707328] INFO perfrun.perfcollector <> - format: edge config:18 mask:18
231 [22764471707328] INFO perfrun.perfcollector <> - format: inv config:23 mask:23
231 [22764471707328] INFO perfrun.perfcollector <> - format: umask config:8-15 mask:8-15
231 [22764471707328] INFO perfrun.perfcollector <> - format: thresh config:24-31 mask:24-31
231 [22764471707328] INFO perfrun.perfcollector <> - hwInfo: PERF_IMC_PMU_DETAILS
231 [22764471707328] INFO perfrun.perfcollector <> - pmu added: family: uncore_imc, id: 1
232 [22764471707328] INFO perfrun.perfcollector <> - dir found: /sys/bus/event_source/devices/power
232 [22764471707328] INFO perfrun.perfcollector <> - format: event config:0-7 mask:0-7
232 [22764471707328] INFO perfrun.perfcollector <> - hwInfo: not set, pmuFam: power
232 [22764471707328] INFO perfrun.perfcollector <> - pmu added: family: power, id: 0
232 [22764471707328] INFO perfrun.perfcollector <> - dir found: /sys/bus/event_source/devices/uncore_cbox_11
232 [22764471707328] INFO perfrun.perfcollector <> - format: event config:0-7 mask:0-7
232 [22764471707328] INFO perfrun.perfcollector <> - format: filter_link config1:6-8 mask:6-8
232 [22764471707328] INFO perfrun.perfcollector <> - format: filter_c6 config1:61 mask:61
232 [22764471707328] INFO perfrun.perfcollector <> - format: edge config:18 mask:18
232 [22764471707328] INFO perfrun.perfcollector <> - format: filter_isoc config1:63 mask:63
233 [22764471707328] INFO perfrun.perfcollector <> - format: filter_tid config1:0-5 mask:0-5
233 [22764471707328] INFO perfrun.perfcollector <> - format: filter_nid config1:32-47 mask:32-47
233 [22764471707328] INFO perfrun.perfcollector <> - format: filter_nc config1:62 mask:62
233 [22764471707328] INFO perfrun.perfcollector <> - format: umask config:8-15 mask:8-15
233 [22764471707328] INFO perfrun.perfcollector <> - format: tid_en config:19 mask:19
233 [22764471707328] INFO perfrun.perfcollector <> - format: thresh config:24-31 mask:24-31
233 [22764471707328] INFO perfrun.perfcollector <> - format: filter_state config1:17-23 mask:17-23
233 [22764471707328] INFO perfrun.perfcollector <> - format: filter_opc config1:52-60 mask:52-60
233 [22764471707328] INFO perfrun.perfcollector <> - hwInfo: PERF_CBOX_PMU_DETAILS
234 [22764471707328] INFO perfrun.perfcollector <> - pmu added: family: uncore_cbox, id: 11
234 [22764471707328] INFO perfrun.perfcollector <> - dir found: /sys/bus/event_source/devices/uncore_cbox_4
234 [22764471707328] INFO perfrun.perfcollector <> - format: event config:0-7 mask:0-7
234 [22764471707328] INFO perfrun.perfcollector <> - format: filter_link config1:6-8 mask:6-8
234 [22764471707328] INFO perfrun.perfcollector <> - format: filter_c6 config1:61 mask:61
234 [22764471707328] INFO perfrun.perfcollector <> - format: edge config:18 mask:18
234 [22764471707328] INFO perfrun.perfcollector <> - format: filter_isoc config1:63 mask:63
234 [22764471707328] INFO perfrun.perfcollector <> - format: filter_tid config1:0-5 mask:0-5
235 [22764471707328] INFO perfrun.perfcollector <> - format: filter_nid config1:32-47 mask:32-47
235 [22764471707328] INFO perfrun.perfcollector <> - format: filter_nc config1:62 mask:62
235 [22764471707328] INFO perfrun.perfcollector <> - format: umask config:8-15 mask:8-15
235 [22764471707328] INFO perfrun.perfcollector <> - format: tid_en config:19 mask:19
235 [22764471707328] INFO perfrun.perfcollector <> - format: thresh config:24-31 mask:24-31
235 [22764471707328] INFO perfrun.perfcollector <> - format: filter_state config1:17-23 mask:17-23
235 [22764471707328] INFO perfrun.perfcollector <> - format: filter_opc config1:52-60 mask:52-60
235 [22764471707328] INFO perfrun.perfcollector <> - hwInfo: PERF_CBOX_PMU_DETAILS
235 [22764471707328] INFO perfrun.perfcollector <> - pmu added: family: uncore_cbox, id: 4
235 [22764471707328] INFO perfrun.perfcollector <> - dir found: /sys/bus/event_source/devices/uprobe
236 [22764471707328] INFO perfrun.perfcollector <> - format: ref_ctr_offset config:32-63 mask:32-63
236 [22764471707328] INFO perfrun.perfcollector <> - format: retprobe config:0 mask:0
236 [22764471707328] INFO perfrun.perfcollector <> - hwInfo: not set, pmuFam: uprobe
236 [22764471707328] INFO perfrun.perfcollector <> - pmu added: family: uprobe, id: 0
236 [22764471707328] INFO perfrun.perfcollector <> - dir found: /sys/bus/event_source/devices/intel_bts
236 [22764471707328] INFO perfrun.perfcollector <> - format: pmu format subdir doesn't exist
236 [22764471707328] INFO perfrun.perfcollector <> - hwInfo: not set, pmuFam: intel_bts
236 [22764471707328] INFO perfrun.perfcollector <> - pmu added: family: intel_bts, id: 0
236 [22764471707328] INFO perfrun.perfcollector <> - dir found: /sys/bus/event_source/devices/cpu
236 [22764471707328] INFO perfrun.perfcollector <> - format: event config:0-7 mask:0-7
237 [22764471707328] INFO perfrun.perfcollector <> - format: pc config:19 mask:19
237 [22764471707328] INFO perfrun.perfcollector <> - format: in_tx config:32 mask:32
237 [22764471707328] INFO perfrun.perfcollector <> - format: edge config:18 mask:18
237 [22764471707328] INFO perfrun.perfcollector <> - format: any config:21 mask:21
237 [22764471707328] INFO perfrun.perfcollector <> - format: offcore_rsp config1:0-63 mask:0-63
237 [22764471707328] INFO perfrun.perfcollector <> - format: in_tx_cp config:33 mask:33
237 [22764471707328] INFO perfrun.perfcollector <> - format: ldlat config1:0-15 mask:0-15
237 [22764471707328] INFO perfrun.perfcollector <> - format: inv config:23 mask:23
238 [22764471707328] INFO perfrun.perfcollector <> - format: umask config:8-15 mask:8-15
238 [22764471707328] INFO perfrun.perfcollector <> - format: cmask config:24-31 mask:24-31
238 [22764471707328] INFO perfrun.perfcollector <> - hwInfo: PERF_CPU_PMU_DETAILS
238 [22764471707328] INFO perfrun.perfcollector <> - pmu added: family: cpu, id: 0
238 [22764471707328] INFO perfrun.perfcollector <> - dir found: /sys/bus/event_source/devices/uncore_r3qpi_0
238 [22764471707328] INFO perfrun.perfcollector <> - format: event config:0-7 mask:0-7
238 [22764471707328] INFO perfrun.perfcollector <> - format: edge config:18 mask:18
239 [22764471707328] INFO perfrun.perfcollector <> - format: inv config:23 mask:23
239 [22764471707328] INFO perfrun.perfcollector <> - format: umask config:8-15 mask:8-15
239 [22764471707328] INFO perfrun.perfcollector <> - format: thresh config:24-31 mask:24-31
239 [22764471707328] INFO perfrun.perfcollector <> - hwInfo: not set, pmuFam: uncore_r3qpi
239 [22764471707328] INFO perfrun.perfcollector <> - pmu added: family: uncore_r3qpi, id: 0
239 [22764471707328] INFO perfrun.perfcollector <> - dir found: /sys/bus/event_source/devices/cstate_core
239 [22764471707328] INFO perfrun.perfcollector <> - format: event config:0-63 mask:0-63
239 [22764471707328] INFO perfrun.perfcollector <> - hwInfo: not set, pmuFam: cstate_core
240 [22764471707328] INFO perfrun.perfcollector <> - pmu added: family: cstate_core, id: 0
240 [22764471707328] INFO perfrun.perfcollector <> - dir found: /sys/bus/event_source/devices/uncore_cbox_2
240 [22764471707328] INFO perfrun.perfcollector <> - format: event config:0-7 mask:0-7
240 [22764471707328] INFO perfrun.perfcollector <> - format: filter_link config1:6-8 mask:6-8
240 [22764471707328] INFO perfrun.perfcollector <> - format: filter_c6 config1:61 mask:61
240 [22764471707328] INFO perfrun.perfcollector <> - format: edge config:18 mask:18
241 [22764471707328] INFO perfrun.perfcollector <> - format: filter_isoc config1:63 mask:63
241 [22764471707328] INFO perfrun.perfcollector <> - format: filter_tid config1:0-5 mask:0-5
241 [22764471707328] INFO perfrun.perfcollector <> - format: filter_nid config1:32-47 mask:32-47
241 [22764471707328] INFO perfrun.perfcollector <> - format: filter_nc config1:62 mask:62
241 [22764471707328] INFO perfrun.perfcollector <> - format: umask config:8-15 mask:8-15
241 [22764471707328] INFO perfrun.perfcollector <> - format: tid_en config:19 mask:19
242 [22764471707328] INFO perfrun.perfcollector <> - format: thresh config:24-31 mask:24-31
242 [22764471707328] INFO perfrun.perfcollector <> - format: filter_state config1:17-23 mask:17-23
242 [22764471707328] INFO perfrun.perfcollector <> - format: filter_opc config1:52-60 mask:52-60
242 [22764471707328] INFO perfrun.perfcollector <> - hwInfo: PERF_CBOX_PMU_DETAILS
242 [22764471707328] INFO perfrun.perfcollector <> - pmu added: family: uncore_cbox, id: 2
242 [22764471707328] INFO perfrun.perfcollector <> - dir found: /sys/bus/event_source/devices/breakpoint
242 [22764471707328] INFO perfrun.perfcollector <> - format: pmu format subdir doesn't exist
242 [22764471707328] INFO perfrun.perfcollector <> - hwInfo: not set, pmuFam: breakpoint
242 [22764471707328] INFO perfrun.perfcollector <> - pmu added: family: breakpoint, id: 0
242 [22764471707328] INFO perfrun.perfcollector <> - dir found: /sys/bus/event_source/devices/uncore_ha_0
243 [22764471707328] INFO perfrun.perfcollector <> - format: event config:0-7 mask:0-7
243 [22764471707328] INFO perfrun.perfcollector <> - format: edge config:18 mask:18
243 [22764471707328] INFO perfrun.perfcollector <> - format: inv config:23 mask:23
243 [22764471707328] INFO perfrun.perfcollector <> - format: umask config:8-15 mask:8-15
243 [22764471707328] INFO perfrun.perfcollector <> - format: thresh config:24-31 mask:24-31
243 [22764471707328] INFO perfrun.perfcollector <> - hwInfo: not set, pmuFam: uncore_ha
244 [22764471707328] INFO perfrun.perfcollector <> - pmu added: family: uncore_ha, id: 0
244 [22764471707328] INFO perfrun.perfcollector <> - dir found: /sys/bus/event_source/devices/uncore_cbox_0
244 [22764471707328] INFO perfrun.perfcollector <> - format: event config:0-7 mask:0-7
244 [22764471707328] INFO perfrun.perfcollector <> - format: filter_link config1:6-8 mask:6-8
244 [22764471707328] INFO perfrun.perfcollector <> - format: filter_c6 config1:61 mask:61
244 [22764471707328] INFO perfrun.perfcollector <> - format: edge config:18 mask:18
245 [22764471707328] INFO perfrun.perfcollector <> - format: filter_isoc config1:63 mask:63
245 [22764471707328] INFO perfrun.perfcollector <> - format: filter_tid config1:0-5 mask:0-5
245 [22764471707328] INFO perfrun.perfcollector <> - format: filter_nid config1:32-47 mask:32-47
245 [22764471707328] INFO perfrun.perfcollector <> - format: filter_nc config1:62 mask:62
245 [22764471707328] INFO perfrun.perfcollector <> - format: umask config:8-15 mask:8-15
245 [22764471707328] INFO perfrun.perfcollector <> - format: tid_en config:19 mask:19
245 [22764471707328] INFO perfrun.perfcollector <> - format: thresh config:24-31 mask:24-31
246 [22764471707328] INFO perfrun.perfcollector <> - format: filter_state config1:17-23 mask:17-23
246 [22764471707328] INFO perfrun.perfcollector <> - format: filter_opc config1:52-60 mask:52-60
246 [22764471707328] INFO perfrun.perfcollector <> - hwInfo: PERF_CBOX_PMU_DETAILS
246 [22764471707328] INFO perfrun.perfcollector <> - pmu added: family: uncore_cbox, id: 0
246 [22764471707328] INFO perfrun.perfcollector <> - dir found: /sys/bus/event_source/devices/tracepoint
246 [22764471707328] INFO perfrun.perfcollector <> - format: pmu format subdir doesn't exist
246 [22764471707328] INFO perfrun.perfcollector <> - hwInfo: not set, pmuFam: tracepoint
246 [22764471707328] INFO perfrun.perfcollector <> - pmu added: family: tracepoint, id: 0
246 [22764471707328] INFO perfrun.perfcollector <> - dir found: /sys/bus/event_source/devices/uncore_sbox_3
247 [22764471707328] INFO perfrun.perfcollector <> - format: event config:0-7 mask:0-7
247 [22764471707328] INFO perfrun.perfcollector <> - format: edge config:18 mask:18
247 [22764471707328] INFO perfrun.perfcollector <> - format: inv config:23 mask:23
247 [22764471707328] INFO perfrun.perfcollector <> - format: umask config:8-15 mask:8-15
247 [22764471707328] INFO perfrun.perfcollector <> - format: tid_en config:19 mask:19
248 [22764471707328] INFO perfrun.perfcollector <> - format: thresh config:24-31 mask:24-31
248 [22764471707328] INFO perfrun.perfcollector <> - hwInfo: not set, pmuFam: uncore_sbox
248 [22764471707328] INFO perfrun.perfcollector <> - pmu added: family: uncore_sbox, id: 3
248 [22764471707328] INFO perfrun.perfcollector <> - dir found: /sys/bus/event_source/devices/uncore_cbox_9
248 [22764471707328] INFO perfrun.perfcollector <> - format: event config:0-7 mask:0-7
248 [22764471707328] INFO perfrun.perfcollector <> - format: filter_link config1:6-8 mask:6-8
249 [22764471707328] INFO perfrun.perfcollector <> - format: filter_c6 config1:61 mask:61
249 [22764471707328] INFO perfrun.perfcollector <> - format: edge config:18 mask:18
249 [22764471707328] INFO perfrun.perfcollector <> - format: filter_isoc config1:63 mask:63
249 [22764471707328] INFO perfrun.perfcollector <> - format: filter_tid config1:0-5 mask:0-5
249 [22764471707328] INFO perfrun.perfcollector <> - format: filter_nid config1:32-47 mask:32-47
249 [22764471707328] INFO perfrun.perfcollector <> - format: filter_nc config1:62 mask:62
250 [22764471707328] INFO perfrun.perfcollector <> - format: umask config:8-15 mask:8-15
250 [22764471707328] INFO perfrun.perfcollector <> - format: tid_en config:19 mask:19
250 [22764471707328] INFO perfrun.perfcollector <> - format: thresh config:24-31 mask:24-31
250 [22764471707328] INFO perfrun.perfcollector <> - format: filter_state config1:17-23 mask:17-23
250 [22764471707328] INFO perfrun.perfcollector <> - format: filter_opc config1:52-60 mask:52-60
250 [22764471707328] INFO perfrun.perfcollector <> - hwInfo: PERF_CBOX_PMU_DETAILS
251 [22764471707328] INFO perfrun.perfcollector <> - pmu added: family: uncore_cbox, id: 9
251 [22764471707328] INFO perfrun.perfcollector <> - dir found: /sys/bus/event_source/devices/cstate_pkg
251 [22764471707328] INFO perfrun.perfcollector <> - format: event config:0-63 mask:0-63
251 [22764471707328] INFO perfrun.perfcollector <> - hwInfo: not set, pmuFam: cstate_pkg
251 [22764471707328] INFO perfrun.perfcollector <> - pmu added: family: cstate_pkg, id: 0
251 [22764471707328] INFO perfrun.perfcollector <> - dir found: /sys/bus/event_source/devices/uncore_imc_4
252 [22764471707328] INFO perfrun.perfcollector <> - format: event config:0-7 mask:0-7
252 [22764471707328] INFO perfrun.perfcollector <> - format: edge config:18 mask:18
252 [22764471707328] INFO perfrun.perfcollector <> - format: inv config:23 mask:23
252 [22764471707328] INFO perfrun.perfcollector <> - format: umask config:8-15 mask:8-15
252 [22764471707328] INFO perfrun.perfcollector <> - format: thresh config:24-31 mask:24-31
252 [22764471707328] INFO perfrun.perfcollector <> - hwInfo: PERF_IMC_PMU_DETAILS
252 [22764471707328] INFO perfrun.perfcollector <> - pmu added: family: uncore_imc, id: 4
253 [22764471707328] INFO perfrun.perfcollector <> - dir found: /sys/bus/event_source/devices/uncore_ubox
253 [22764471707328] INFO perfrun.perfcollector <> - format: event config:0-7 mask:0-7
253 [22764471707328] INFO perfrun.perfcollector <> - format: edge config:18 mask:18
253 [22764471707328] INFO perfrun.perfcollector <> - format: inv config:23 mask:23
253 [22764471707328] INFO perfrun.perfcollector <> - format: umask config:8-15 mask:8-15
254 [22764471707328] INFO perfrun.perfcollector <> - format: thresh config:24-28 mask:24-28
254 [22764471707328] INFO perfrun.perfcollector <> - hwInfo: not set, pmuFam: uncore_ubox
254 [22764471707328] INFO perfrun.perfcollector <> - pmu added: family: uncore_ubox, id: 0
254 [22764471707328] INFO perfrun.perfcollector <> - dir found: /sys/bus/event_source/devices/uncore_sbox_1
254 [22764471707328] INFO perfrun.perfcollector <> - format: event config:0-7 mask:0-7
254 [22764471707328] INFO perfrun.perfcollector <> - format: edge config:18 mask:18
255 [22764471707328] INFO perfrun.perfcollector <> - format: inv config:23 mask:23
255 [22764471707328] INFO perfrun.perfcollector <> - format: umask config:8-15 mask:8-15
255 [22764471707328] INFO perfrun.perfcollector <> - format: tid_en config:19 mask:19
255 [22764471707328] INFO perfrun.perfcollector <> - format: thresh config:24-31 mask:24-31
255 [22764471707328] INFO perfrun.perfcollector <> - hwInfo: not set, pmuFam: uncore_sbox
255 [22764471707328] INFO perfrun.perfcollector <> - pmu added: family: uncore_sbox, id: 1
255 [22764471707328] INFO perfrun.perfcollector <> - dir found: /sys/bus/event_source/devices/uncore_cbox_7
256 [22764471707328] INFO perfrun.perfcollector <> - format: event config:0-7 mask:0-7
256 [22764471707328] INFO perfrun.perfcollector <> - format: filter_link config1:6-8 mask:6-8
256 [22764471707328] INFO perfrun.perfcollector <> - format: filter_c6 config1:61 mask:61
256 [22764471707328] INFO perfrun.perfcollector <> - format: edge config:18 mask:18
256 [22764471707328] INFO perfrun.perfcollector <> - format: filter_isoc config1:63 mask:63
257 [22764471707328] INFO perfrun.perfcollector <> - format: filter_tid config1:0-5 mask:0-5
257 [22764471707328] INFO perfrun.perfcollector <> - format: filter_nid config1:32-47 mask:32-47
257 [22764471707328] INFO perfrun.perfcollector <> - format: filter_nc config1:62 mask:62
257 [22764471707328] INFO perfrun.perfcollector <> - format: umask config:8-15 mask:8-15
257 [22764471707328] INFO perfrun.perfcollector <> - format: tid_en config:19 mask:19
258 [22764471707328] INFO perfrun.perfcollector <> - format: thresh config:24-31 mask:24-31
258 [22764471707328] INFO perfrun.perfcollector <> - format: filter_state config1:17-23 mask:17-23
258 [22764471707328] INFO perfrun.perfcollector <> - format: filter_opc config1:52-60 mask:52-60
258 [22764471707328] INFO perfrun.perfcollector <> - hwInfo: PERF_CBOX_PMU_DETAILS
258 [22764471707328] INFO perfrun.perfcollector <> - pmu added: family: uncore_cbox, id: 7
258 [22764471707328] INFO perfrun.perfcollector <> - dir found: /sys/bus/event_source/devices/uncore_cbox_12
259 [22764471707328] INFO perfrun.perfcollector <> - format: event config:0-7 mask:0-7
259 [22764471707328] INFO perfrun.perfcollector <> - format: filter_link config1:6-8 mask:6-8
259 [22764471707328] INFO perfrun.perfcollector <> - format: filter_c6 config1:61 mask:61
259 [22764471707328] INFO perfrun.perfcollector <> - format: edge config:18 mask:18
259 [22764471707328] INFO perfrun.perfcollector <> - format: filter_isoc config1:63 mask:63
260 [22764471707328] INFO perfrun.perfcollector <> - format: filter_tid config1:0-5 mask:0-5
260 [22764471707328] INFO perfrun.perfcollector <> - format: filter_nid config1:32-47 mask:32-47
260 [22764471707328] INFO perfrun.perfcollector <> - format: filter_nc config1:62 mask:62
260 [22764471707328] INFO perfrun.perfcollector <> - format: umask config:8-15 mask:8-15
260 [22764471707328] INFO perfrun.perfcollector <> - format: tid_en config:19 mask:19
261 [22764471707328] INFO perfrun.perfcollector <> - format: thresh config:24-31 mask:24-31
261 [22764471707328] INFO perfrun.perfcollector <> - format: filter_state config1:17-23 mask:17-23
261 [22764471707328] INFO perfrun.perfcollector <> - format: filter_opc config1:52-60 mask:52-60
261 [22764471707328] INFO perfrun.perfcollector <> - hwInfo: PERF_CBOX_PMU_DETAILS
261 [22764471707328] INFO perfrun.perfcollector <> - pmu added: family: uncore_cbox, id: 12
261 [22764471707328] INFO perfrun.perfcollector <> - dir found: /sys/bus/event_source/devices/kprobe
262 [22764471707328] INFO perfrun.perfcollector <> - format: retprobe config:0 mask:0
262 [22764471707328] INFO perfrun.perfcollector <> - hwInfo: not set, pmuFam: kprobe
262 [22764471707328] INFO perfrun.perfcollector <> - pmu added: family: kprobe, id: 0
262 [22764471707328] INFO perfrun.perfcollector <> - dir found: /sys/bus/event_source/devices/uncore_qpi_0
262 [22764471707328] INFO perfrun.perfcollector <> - format: mask_rnid4 config2:31 mask:31
262 [22764471707328] INFO perfrun.perfcollector <> - format: mask_rnid30 config2:32-35 mask:32-35
263 [22764471707328] INFO perfrun.perfcollector <> - format: match_rnid30 config1:32-35 mask:32-35
263 [22764471707328] INFO perfrun.perfcollector <> - format: event config:0-7,21 mask:0-7,21
263 [22764471707328] INFO perfrun.perfcollector <> - format: match0 config1:0-31 mask:0-31
263 [22764471707328] INFO perfrun.perfcollector <> - format: match_rds config1:48-51 mask:48-51
263 [22764471707328] INFO perfrun.perfcollector <> - format: mask_rds config2:48-51 mask:48-51
263 [22764471707328] INFO perfrun.perfcollector <> - format: edge config:18 mask:18
264 [22764471707328] INFO perfrun.perfcollector <> - format: mask1 config2:32-63 mask:32-63
264 [22764471707328] INFO perfrun.perfcollector <> - format: match_dnid config1:13-17 mask:13-17
264 [22764471707328] INFO perfrun.perfcollector <> - format: mask_dnid config2:13-17 mask:13-17
264 [22764471707328] INFO perfrun.perfcollector <> - format: match_vnw config1:3-4 mask:3-4
264 [22764471707328] INFO perfrun.perfcollector <> - format: mask_vnw config2:3-4 mask:3-4
264 [22764471707328] INFO perfrun.perfcollector <> - format: mask_mc config2:9-12 mask:9-12
265 [22764471707328] INFO perfrun.perfcollector <> - format: match1 config1:32-63 mask:32-63
265 [22764471707328] INFO perfrun.perfcollector <> - format: inv config:23 mask:23
265 [22764471707328] INFO perfrun.perfcollector <> - format: umask config:8-15 mask:8-15
265 [22764471707328] INFO perfrun.perfcollector <> - format: match_opc config1:5-8 mask:5-8
265 [22764471707328] INFO perfrun.perfcollector <> - format: mask_opc config2:5-8 mask:5-8
265 [22764471707328] INFO perfrun.perfcollector <> - format: thresh config:24-31 mask:24-31
266 [22764471707328] INFO perfrun.perfcollector <> - format: match_rnid4 config1:31 mask:31
266 [22764471707328] INFO perfrun.perfcollector <> - format: mask0 config2:0-31 mask:0-31
266 [22764471707328] INFO perfrun.perfcollector <> - format: match_mc config1:9-12 mask:9-12
266 [22764471707328] INFO perfrun.perfcollector <> - hwInfo: PERF_QPI_PMU_DETAILS
266 [22764471707328] INFO perfrun.perfcollector <> - pmu added: family: uncore_qpi, id: 0
266 [22764471707328] INFO perfrun.perfcollector <> - dir found: /sys/bus/event_source/devices/uncore_cbox_5
267 [22764471707328] INFO perfrun.perfcollector <> - format: event config:0-7 mask:0-7
267 [22764471707328] INFO perfrun.perfcollector <> - format: filter_link config1:6-8 mask:6-8
267 [22764471707328] INFO perfrun.perfcollector <> - format: filter_c6 config1:61 mask:61
267 [22764471707328] INFO perfrun.perfcollector <> - format: edge config:18 mask:18
267 [22764471707328] INFO perfrun.perfcollector <> - format: filter_isoc config1:63 mask:63
268 [22764471707328] INFO perfrun.perfcollector <> - format: filter_tid config1:0-5 mask:0-5
268 [22764471707328] INFO perfrun.perfcollector <> - format: filter_nid config1:32-47 mask:32-47
268 [22764471707328] INFO perfrun.perfcollector <> - format: filter_nc config1:62 mask:62
268 [22764471707328] INFO perfrun.perfcollector <> - format: umask config:8-15 mask:8-15
268 [22764471707328] INFO perfrun.perfcollector <> - format: tid_en config:19 mask:19
268 [22764471707328] INFO perfrun.perfcollector <> - format: thresh config:24-31 mask:24-31
269 [22764471707328] INFO perfrun.perfcollector <> - format: filter_state config1:17-23 mask:17-23
269 [22764471707328] INFO perfrun.perfcollector <> - format: filter_opc config1:52-60 mask:52-60
269 [22764471707328] INFO perfrun.perfcollector <> - hwInfo: PERF_CBOX_PMU_DETAILS
269 [22764471707328] INFO perfrun.perfcollector <> - pmu added: family: uncore_cbox, id: 5
269 [22764471707328] INFO perfrun.perfcollector <> - dir found: /sys/bus/event_source/devices/uncore_imc_0
270 [22764471707328] INFO perfrun.perfcollector <> - format: event config:0-7 mask:0-7
270 [22764471707328] INFO perfrun.perfcollector <> - format: edge config:18 mask:18
270 [22764471707328] INFO perfrun.perfcollector <> - format: inv config:23 mask:23
270 [22764471707328] INFO perfrun.perfcollector <> - format: umask config:8-15 mask:8-15
270 [22764471707328] INFO perfrun.perfcollector <> - format: thresh config:24-31 mask:24-31
270 [22764471707328] INFO perfrun.perfcollector <> - hwInfo: PERF_IMC_PMU_DETAILS
271 [22764471707328] INFO perfrun.perfcollector <> - pmu added: family: uncore_imc, id: 0
271 [22764471707328] INFO perfrun.perfcollector <> - dir found: /sys/bus/event_source/devices/uncore_cbox_10
271 [22764471707328] INFO perfrun.perfcollector <> - format: event config:0-7 mask:0-7
271 [22764471707328] INFO perfrun.perfcollector <> - format: filter_link config1:6-8 mask:6-8
271 [22764471707328] INFO perfrun.perfcollector <> - format: filter_c6 config1:61 mask:61
272 [22764471707328] INFO perfrun.perfcollector <> - format: edge config:18 mask:18
272 [22764471707328] INFO perfrun.perfcollector <> - format: filter_isoc config1:63 mask:63
272 [22764471707328] INFO perfrun.perfcollector <> - format: filter_tid config1:0-5 mask:0-5
272 [22764471707328] INFO perfrun.perfcollector <> - format: filter_nid config1:32-47 mask:32-47
272 [22764471707328] INFO perfrun.perfcollector <> - format: filter_nc config1:62 mask:62
272 [22764471707328] INFO perfrun.perfcollector <> - format: umask config:8-15 mask:8-15
273 [22764471707328] INFO perfrun.perfcollector <> - format: tid_en config:19 mask:19
273 [22764471707328] INFO perfrun.perfcollector <> - format: thresh config:24-31 mask:24-31
273 [22764471707328] INFO perfrun.perfcollector <> - format: filter_state config1:17-23 mask:17-23
273 [22764471707328] INFO perfrun.perfcollector <> - format: filter_opc config1:52-60 mask:52-60
273 [22764471707328] INFO perfrun.perfcollector <> - hwInfo: PERF_CBOX_PMU_DETAILS
273 [22764471707328] INFO perfrun.perfcollector <> - pmu added: family: uncore_cbox, id: 10
273 [22764471707328] INFO perfrun.perfcollector <> - dir found: /sys/bus/event_source/devices/uncore_pcu
274 [22764471707328] INFO perfrun.perfcollector <> - format: filter_band2 config1:16-23 mask:16-23
274 [22764471707328] INFO perfrun.perfcollector <> - format: event config:0-7 mask:0-7
274 [22764471707328] INFO perfrun.perfcollector <> - format: filter_band0 config1:0-7 mask:0-7
274 [22764471707328] INFO perfrun.perfcollector <> - format: edge config:18 mask:18
274 [22764471707328] INFO perfrun.perfcollector <> - format: occ_invert config:30 mask:30
274 [22764471707328] INFO perfrun.perfcollector <> - format: occ_edge config:14-51 mask:14-51
275 [22764471707328] INFO perfrun.perfcollector <> - format: filter_band3 config1:24-31 mask:24-31
275 [22764471707328] INFO perfrun.perfcollector <> - format: filter_band1 config1:8-15 mask:8-15
275 [22764471707328] INFO perfrun.perfcollector <> - format: inv config:23 mask:23
275 [22764471707328] INFO perfrun.perfcollector <> - format: thresh config:24-28 mask:24-28
275 [22764471707328] INFO perfrun.perfcollector <> - format: occ_sel config:14-15 mask:14-15
275 [22764471707328] INFO perfrun.perfcollector <> - hwInfo: not set, pmuFam: uncore_pcu
275 [22764471707328] INFO perfrun.perfcollector <> - pmu added: family: uncore_pcu, id: 0
275 [22764471707328] INFO perfrun.perfcollector <> - dir found: /sys/bus/event_source/devices/uncore_r3qpi_1
276 [22764471707328] INFO perfrun.perfcollector <> - format: event config:0-7 mask:0-7
276 [22764471707328] INFO perfrun.perfcollector <> - format: edge config:18 mask:18
276 [22764471707328] INFO perfrun.perfcollector <> - format: inv config:23 mask:23
276 [22764471707328] INFO perfrun.perfcollector <> - format: umask config:8-15 mask:8-15
276 [22764471707328] INFO perfrun.perfcollector <> - format: thresh config:24-31 mask:24-31
276 [22764471707328] INFO perfrun.perfcollector <> - hwInfo: not set, pmuFam: uncore_r3qpi
276 [22764471707328] INFO perfrun.perfcollector <> - pmu added: family: uncore_r3qpi, id: 1
276 [22764471707328] INFO perfrun.perfcollector <> - dir found: /sys/bus/event_source/devices/msr
277 [22764471707328] INFO perfrun.perfcollector <> - format: event config:0-63 mask:0-63
277 [22764471707328] INFO perfrun.perfcollector <> - hwInfo: not set, pmuFam: msr
277 [22764471707328] INFO perfrun.perfcollector <> - pmu added: family: msr, id: 0
277 [22764471707328] INFO perfrun.perfcollector <> - dir found: /sys/bus/event_source/devices/uncore_cbox_3
277 [22764471707328] INFO perfrun.perfcollector <> - format: event config:0-7 mask:0-7
277 [22764471707328] INFO perfrun.perfcollector <> - format: filter_link config1:6-8 mask:6-8
277 [22764471707328] INFO perfrun.perfcollector <> - format: filter_c6 config1:61 mask:61
278 [22764471707328] INFO perfrun.perfcollector <> - format: edge config:18 mask:18
278 [22764471707328] INFO perfrun.perfcollector <> - format: filter_isoc config1:63 mask:63
278 [22764471707328] INFO perfrun.perfcollector <> - format: filter_tid config1:0-5 mask:0-5
278 [22764471707328] INFO perfrun.perfcollector <> - format: filter_nid config1:32-47 mask:32-47
278 [22764471707328] INFO perfrun.perfcollector <> - format: filter_nc config1:62 mask:62
278 [22764471707328] INFO perfrun.perfcollector <> - format: umask config:8-15 mask:8-15
278 [22764471707328] INFO perfrun.perfcollector <> - format: tid_en config:19 mask:19
279 [22764471707328] INFO perfrun.perfcollector <> - format: thresh config:24-31 mask:24-31
279 [22764471707328] INFO perfrun.perfcollector <> - format: filter_state config1:17-23 mask:17-23
279 [22764471707328] INFO perfrun.perfcollector <> - format: filter_opc config1:52-60 mask:52-60
279 [22764471707328] INFO perfrun.perfcollector <> - hwInfo: PERF_CBOX_PMU_DETAILS
279 [22764471707328] INFO perfrun.perfcollector <> - pmu added: family: uncore_cbox, id: 3
279 [22764471707328] INFO perfrun.perfcollector <> - dir found: /sys/bus/event_source/devices/intel_pt
279 [22764471707328] INFO perfrun.perfcollector <> - format: ptw config:12 mask:12
280 [22764471707328] INFO perfrun.perfcollector <> - format: event config:31 mask:31
280 [22764471707328] INFO perfrun.perfcollector <> - format: cyc_thresh config:19-22 mask:19-22
280 [22764471707328] INFO perfrun.perfcollector <> - format: pt config:0 mask:0
280 [22764471707328] INFO perfrun.perfcollector <> - format: notnt config:55 mask:55
280 [22764471707328] INFO perfrun.perfcollector <> - format: branch config:13 mask:13
280 [22764471707328] INFO perfrun.perfcollector <> - format: tsc config:10 mask:10
280 [22764471707328] INFO perfrun.perfcollector <> - format: pwr_evt config:4 mask:4
280 [22764471707328] INFO perfrun.perfcollector <> - format: fup_on_ptw config:5 mask:5
281 [22764471707328] INFO perfrun.perfcollector <> - format: cyc config:1 mask:1
281 [22764471707328] INFO perfrun.perfcollector <> - format: noretcomp config:11 mask:11
281 [22764471707328] INFO perfrun.perfcollector <> - format: mtc config:9 mask:9
281 [22764471707328] INFO perfrun.perfcollector <> - format: psb_period config:24-27 mask:24-27
281 [22764471707328] INFO perfrun.perfcollector <> - format: mtc_period config:14-17 mask:14-17
281 [22764471707328] INFO perfrun.perfcollector <> - hwInfo: not set, pmuFam: intel_pt
281 [22764471707328] INFO perfrun.perfcollector <> - pmu added: family: intel_pt, id: 0
281 [22764471707328] INFO perfrun.perfcollector <> - dir found: /sys/bus/event_source/devices/uncore_ha_1
282 [22764471707328] INFO perfrun.perfcollector <> - format: event config:0-7 mask:0-7
282 [22764471707328] INFO perfrun.perfcollector <> - format: edge config:18 mask:18
282 [22764471707328] INFO perfrun.perfcollector <> - format: inv config:23 mask:23
282 [22764471707328] INFO perfrun.perfcollector <> - format: umask config:8-15 mask:8-15
282 [22764471707328] INFO perfrun.perfcollector <> - format: thresh config:24-31 mask:24-31
282 [22764471707328] INFO perfrun.perfcollector <> - hwInfo: not set, pmuFam: uncore_ha
283 [22764471707328] INFO perfrun.perfcollector <> - pmu added: family: uncore_ha, id: 1
283 [22764471707328] INFO perfrun.perfcollector <> - dir found: /sys/bus/event_source/devices/uncore_cbox_1
283 [22764471707328] INFO perfrun.perfcollector <> - format: event config:0-7 mask:0-7
283 [22764471707328] INFO perfrun.perfcollector <> - format: filter_link config1:6-8 mask:6-8
283 [22764471707328] INFO perfrun.perfcollector <> - format: filter_c6 config1:61 mask:61
283 [22764471707328] INFO perfrun.perfcollector <> - format: edge config:18 mask:18
284 [22764471707328] INFO perfrun.perfcollector <> - format: filter_isoc config1:63 mask:63
284 [22764471707328] INFO perfrun.perfcollector <> - format: filter_tid config1:0-5 mask:0-5
284 [22764471707328] INFO perfrun.perfcollector <> - format: filter_nid config1:32-47 mask:32-47
284 [22764471707328] INFO perfrun.perfcollector <> - format: filter_nc config1:62 mask:62
284 [22764471707328] INFO perfrun.perfcollector <> - format: umask config:8-15 mask:8-15
284 [22764471707328] INFO perfrun.perfcollector <> - format: tid_en config:19 mask:19
284 [22764471707328] INFO perfrun.perfcollector <> - format: thresh config:24-31 mask:24-31
285 [22764471707328] INFO perfrun.perfcollector <> - format: filter_state config1:17-23 mask:17-23
285 [22764471707328] INFO perfrun.perfcollector <> - format: filter_opc config1:52-60 mask:52-60
285 [22764471707328] INFO perfrun.perfcollector <> - hwInfo: PERF_CBOX_PMU_DETAILS
285 [22764471707328] INFO perfrun.perfcollector <> - pmu added: family: uncore_cbox, id: 1
285 [22764471707328] INFO perfrun.sdk <> - runCmd: /opt/intel/oneapi/vtune/2023.1.0/bin64/sep -dry-run -sam 1 -ec CPU_CLK_UNHALTED.THREAD,CPU_CLK_UNHALTED.REF_TSC:sample:sa=2400000,INST_RETIRED.ANY:sample:sa=2400000,CPU_CLK_UNHALTED.REF_XCLK,CPU_CLK_UNHALTED.ONE_THREAD_ACTIVE,FP_ARITH_INST_RETIRED.SCALAR_SINGLE,FP_ARITH_INST_RETIRED.128B_PACKED_SINGLE,FP_ARITH_INST_RETIRED.256B_PACKED_SINGLE,FP_ARITH_INST_RETIRED.SCALAR_DOUBLE,FP_ARITH_INST_RETIRED.128B_PACKED_DOUBLE,FP_ARITH_INST_RETIRED.256B_PACKED_DOUBLE,INST_RETIRED.X87,UOPS_RETIRED.RETIRE_SLOTS:sample:sa=2000003 -experimental
286 [22764471707328] INFO perfrun.sdk <> - runCmd started PID 3881903
332 [22764471707328] INFO perfrun.perfcollector <> - SepDryRun RC = true
336 [22764471707328] INFO perfrun.perfcollector <> - DRY_RUN: "PMU type: Core (core)"
336 [22764471707328] INFO perfrun.perfcollector <> - pmu type: cpu
336 [22764471707328] INFO perfrun.perfcollector <> - DRY_RUN: "Group 0:"
336 [22764471707328] INFO perfrun.perfcollector <> - id: 0
336 [22764471707328] INFO perfrun.perfcollector <> - DRY_RUN: "INST_RETIRED.ANY: event id 2"
336 [22764471707328] INFO perfrun.perfcollector <> - eventName: INST_RETIRED.ANY, eventId: 2
336 [22764471707328] INFO perfrun.perfcollector <> - DRY_RUN: "CPU_CLK_UNHALTED.THREAD: event id 0"
336 [22764471707328] INFO perfrun.perfcollector <> - eventName: CPU_CLK_UNHALTED.THREAD, eventId: 0
336 [22764471707328] INFO perfrun.perfcollector <> - DRY_RUN: "CPU_CLK_UNHALTED.REF_TSC: event id 1"
336 [22764471707328] INFO perfrun.perfcollector <> - eventName: CPU_CLK_UNHALTED.REF_TSC, eventId: 1
336 [22764471707328] INFO perfrun.perfcollector <> - DRY_RUN: "FP_ARITH_INST_RETIRED.SCALAR_SINGLE: event id 5"
336 [22764471707328] INFO perfrun.perfcollector <> - eventName: FP_ARITH_INST_RETIRED.SCALAR_SINGLE, eventId: 5
336 [22764471707328] INFO perfrun.perfcollector <> - DRY_RUN: "FP_ARITH_INST_RETIRED.128B_PACKED_SINGLE: event id 6"
336 [22764471707328] INFO perfrun.perfcollector <> - eventName: FP_ARITH_INST_RETIRED.128B_PACKED_SINGLE, eventId: 6
336 [22764471707328] INFO perfrun.perfcollector <> - DRY_RUN: "FP_ARITH_INST_RETIRED.256B_PACKED_SINGLE: event id 7"
336 [22764471707328] INFO perfrun.perfcollector <> - eventName: FP_ARITH_INST_RETIRED.256B_PACKED_SINGLE, eventId: 7
336 [22764471707328] INFO perfrun.perfcollector <> - DRY_RUN: "FP_ARITH_INST_RETIRED.SCALAR_DOUBLE: event id 8"
336 [22764471707328] INFO perfrun.perfcollector <> - eventName: FP_ARITH_INST_RETIRED.SCALAR_DOUBLE, eventId: 8
336 [22764471707328] INFO perfrun.perfcollector <> - DRY_RUN: "CPU_CLK_UNHALTED.REF_XCLK: event id 3"
336 [22764471707328] INFO perfrun.perfcollector <> - eventName: CPU_CLK_UNHALTED.REF_XCLK, eventId: 3
336 [22764471707328] INFO perfrun.perfcollector <> - DRY_RUN: "CPU_CLK_UNHALTED.ONE_THREAD_ACTIVE: event id 4"
336 [22764471707328] INFO perfrun.perfcollector <> - eventName: CPU_CLK_UNHALTED.ONE_THREAD_ACTIVE, eventId: 4
336 [22764471707328] INFO perfrun.perfcollector <> - DRY_RUN: "INST_RETIRED.X87: event id 11"
336 [22764471707328] INFO perfrun.perfcollector <> - eventName: INST_RETIRED.X87, eventId: 11
336 [22764471707328] INFO perfrun.perfcollector <> - DRY_RUN: "UOPS_RETIRED.RETIRE_SLOTS: event id 12"
336 [22764471707328] INFO perfrun.perfcollector <> - eventName: UOPS_RETIRED.RETIRE_SLOTS, eventId: 12
336 [22764471707328] INFO perfrun.perfcollector <> - DRY_RUN: "CCCR"
336 [22764471707328] INFO perfrun.perfcollector <> - DRY_RUN: "reg_type       = 1	event_id       = g	reg_id         = 38f	reg_value      = 7000000ff"
336 [22764471707328] INFO perfrun.perfcollector <> - eventId: g, skip parsing event_id
336 [22764471707328] INFO perfrun.perfcollector <> - Register was ignored: group_id: 0, reg_type: 1, event_id: 4294967295, reg_id: 38f, reg_value: 7000000ff, pmu_name: cpu
336 [22764471707328] INFO perfrun.perfcollector <> - DRY_RUN: "reg_type       = 1	event_id       = g	reg_id         = 390	reg_value      = 7000000ff"
336 [22764471707328] INFO perfrun.perfcollector <> - eventId: g, skip parsing event_id
336 [22764471707328] INFO perfrun.perfcollector <> - Register was ignored: group_id: 0, reg_type: 1, event_id: 4294967295, reg_id: 390, reg_value: 7000000ff, pmu_name: cpu
336 [22764471707328] INFO perfrun.perfcollector <> - DRY_RUN: "reg_type       = 1	event_id       = g	reg_id         = 3f1	reg_value      = 0"
336 [22764471707328] INFO perfrun.perfcollector <> - eventId: g, skip parsing event_id
336 [22764471707328] INFO perfrun.perfcollector <> - Register was ignored: group_id: 0, reg_type: 1, event_id: 4294967295, reg_id: 3f1, reg_value: 0, pmu_name: cpu
336 [22764471707328] INFO perfrun.perfcollector <> - DRY_RUN: "reg_type       = 1	event_id       = g	reg_id         = 1d9	reg_value      = 1800"
336 [22764471707328] INFO perfrun.perfcollector <> - eventId: g, skip parsing event_id
336 [22764471707328] INFO perfrun.perfcollector <> - Register was ignored: group_id: 0, reg_type: 1, event_id: 4294967295, reg_id: 1d9, reg_value: 1800, pmu_name: cpu
336 [22764471707328] INFO perfrun.perfcollector <> - DRY_RUN: "reg_type       = 1	event_id       = g	reg_id         = 38d	reg_value      = bbb"
336 [22764471707328] INFO perfrun.perfcollector <> - eventId: g, skip parsing event_id
336 [22764471707328] INFO perfrun.perfcollector <> - Register was ignored: group_id: 0, reg_type: 1, event_id: 4294967295, reg_id: 38d, reg_value: bbb, pmu_name: cpu
336 [22764471707328] INFO perfrun.perfcollector <> - DRY_RUN: "reg_type       = 1	event_id       = 5	reg_id         = 186	reg_value      = 5302c7"
336 [22764471707328] INFO perfrun.perfcollector <> - Event selector: group_id: 0, reg_type: 1, event_id: 5, reg_id: 186, reg_value: 5302c7, pmu_name: cpu
336 [22764471707328] INFO perfrun.perfcollector <> - DRY_RUN: "reg_type       = 1	event_id       = 6	reg_id         = 187	reg_value      = 5308c7"
336 [22764471707328] INFO perfrun.perfcollector <> - Event selector: group_id: 0, reg_type: 1, event_id: 6, reg_id: 187, reg_value: 5308c7, pmu_name: cpu
336 [22764471707328] INFO perfrun.perfcollector <> - DRY_RUN: "reg_type       = 1	event_id       = 7	reg_id         = 188	reg_value      = 5320c7"
336 [22764471707328] INFO perfrun.perfcollector <> - Event selector: group_id: 0, reg_type: 1, event_id: 7, reg_id: 188, reg_value: 5320c7, pmu_name: cpu
336 [22764471707328] INFO perfrun.perfcollector <> - DRY_RUN: "reg_type       = 1	event_id       = 8	reg_id         = 189	reg_value      = 5301c7"
336 [22764471707328] INFO perfrun.perfcollector <> - Event selector: group_id: 0, reg_type: 1, event_id: 8, reg_id: 189, reg_value: 5301c7, pmu_name: cpu
336 [22764471707328] INFO perfrun.perfcollector <> - DRY_RUN: "reg_type       = 1	event_id       = 3	reg_id         = 18a	reg_value      = 53013c"
336 [22764471707328] INFO perfrun.perfcollector <> - Event selector: group_id: 0, reg_type: 1, event_id: 3, reg_id: 18a, reg_value: 53013c, pmu_name: cpu
336 [22764471707328] INFO perfrun.perfcollector <> - DRY_RUN: "reg_type       = 1	event_id       = 4	reg_id         = 18b	reg_value      = 53023c"
336 [22764471707328] INFO perfrun.perfcollector <> - Event selector: group_id: 0, reg_type: 1, event_id: 4, reg_id: 18b, reg_value: 53023c, pmu_name: cpu
336 [22764471707328] INFO perfrun.perfcollector <> - DRY_RUN: "reg_type       = 1	event_id       = 11	reg_id         = 18c	reg_value      = 5302c0"
336 [22764471707328] INFO perfrun.perfcollector <> - Event selector: group_id: 0, reg_type: 1, event_id: 11, reg_id: 18c, reg_value: 5302c0, pmu_name: cpu
336 [22764471707328] INFO perfrun.perfcollector <> - DRY_RUN: "reg_type       = 1	event_id       = 12	reg_id         = 18d	reg_value      = 5302c2"
336 [22764471707328] INFO perfrun.perfcollector <> - Event selector: group_id: 0, reg_type: 1, event_id: 12, reg_id: 18d, reg_value: 5302c2, pmu_name: cpu
336 [22764471707328] INFO perfrun.perfcollector <> - DRY_RUN: "ESCR"
336 [22764471707328] INFO perfrun.perfcollector <> - DRY_RUN: "reg_type       = 2	event_id       = g	reg_id         = 1c8	reg_value      = 0"
336 [22764471707328] INFO perfrun.perfcollector <> - eventId: g, skip parsing event_id
336 [22764471707328] INFO perfrun.perfcollector <> - DRY_RUN: "DATA"
336 [22764471707328] INFO perfrun.perfcollector <> - DRY_RUN: "reg_type       = 4	event_id       = 2	reg_id         = 309	reg_value      = ffffffdb6100"
336 [22764471707328] INFO perfrun.perfcollector <> - eventId: 2, dataAddr: 309, dataVal: ffffffdb6100
336 [22764471707328] INFO perfrun.perfcollector <> - DRY_RUN: "reg_type       = 4	event_id       = 0	reg_id         = 30a	reg_value      = ffffffe17b7d"
336 [22764471707328] INFO perfrun.perfcollector <> - eventId: 0, dataAddr: 30a, dataVal: ffffffe17b7d
336 [22764471707328] INFO perfrun.perfcollector <> - DRY_RUN: "reg_type       = 4	event_id       = 1	reg_id         = 30b	reg_value      = ffffffdb6100"
336 [22764471707328] INFO perfrun.perfcollector <> - eventId: 1, dataAddr: 30b, dataVal: ffffffdb6100
336 [22764471707328] INFO perfrun.perfcollector <> - DRY_RUN: "reg_type       = 4	event_id       = 5	reg_id         = c1	reg_value      = ffffffe17b7d"
336 [22764471707328] INFO perfrun.perfcollector <> - eventId: 5, dataAddr: c1, dataVal: ffffffe17b7d
336 [22764471707328] INFO perfrun.perfcollector <> - DRY_RUN: "reg_type       = 4	event_id       = 6	reg_id         = c2	reg_value      = ffffffe17b7d"
336 [22764471707328] INFO perfrun.perfcollector <> - eventId: 6, dataAddr: c2, dataVal: ffffffe17b7d
336 [22764471707328] INFO perfrun.perfcollector <> - DRY_RUN: "reg_type       = 4	event_id       = 7	reg_id         = c3	reg_value      = ffffffe17b7d"
336 [22764471707328] INFO perfrun.perfcollector <> - eventId: 7, dataAddr: c3, dataVal: ffffffe17b7d
336 [22764471707328] INFO perfrun.perfcollector <> - DRY_RUN: "reg_type       = 4	event_id       = 8	reg_id         = c4	reg_value      = ffffffe17b7d"
336 [22764471707328] INFO perfrun.perfcollector <> - eventId: 8, dataAddr: c4, dataVal: ffffffe17b7d
336 [22764471707328] INFO perfrun.perfcollector <> - DRY_RUN: "reg_type       = 4	event_id       = 3	reg_id         = c5	reg_value      = fffffffe795d"
336 [22764471707328] INFO perfrun.perfcollector <> - eventId: 3, dataAddr: c5, dataVal: fffffffe795d
336 [22764471707328] INFO perfrun.perfcollector <> - DRY_RUN: "reg_type       = 4	event_id       = 4	reg_id         = c6	reg_value      = fffffffe795d"
336 [22764471707328] INFO perfrun.perfcollector <> - eventId: 4, dataAddr: c6, dataVal: fffffffe795d
336 [22764471707328] INFO perfrun.perfcollector <> - DRY_RUN: "reg_type       = 4	event_id       = 11	reg_id         = c7	reg_value      = ffffffe17b7d"
336 [22764471707328] INFO perfrun.perfcollector <> - eventId: 11, dataAddr: c7, dataVal: ffffffe17b7d
336 [22764471707328] INFO perfrun.perfcollector <> - DRY_RUN: "reg_type       = 4	event_id       = 12	reg_id         = c8	reg_value      = ffffffe17b7d"
336 [22764471707328] INFO perfrun.perfcollector <> - eventId: 12, dataAddr: c8, dataVal: ffffffe17b7d
336 [22764471707328] INFO perfrun.perfcollector <> - DRY_RUN: "Group 1:"
336 [22764471707328] INFO perfrun.perfcollector <> - id: 1
336 [22764471707328] INFO perfrun.perfcollector <> - DRY_RUN: "INST_RETIRED.ANY: event id 2"
336 [22764471707328] INFO perfrun.perfcollector <> - eventName: INST_RETIRED.ANY, eventId: 2
336 [22764471707328] INFO perfrun.perfcollector <> - DRY_RUN: "CPU_CLK_UNHALTED.THREAD: event id 0"
336 [22764471707328] INFO perfrun.perfcollector <> - eventName: CPU_CLK_UNHALTED.THREAD, eventId: 0
336 [22764471707328] INFO perfrun.perfcollector <> - DRY_RUN: "CPU_CLK_UNHALTED.REF_TSC: event id 1"
336 [22764471707328] INFO perfrun.perfcollector <> - eventName: CPU_CLK_UNHALTED.REF_TSC, eventId: 1
336 [22764471707328] INFO perfrun.perfcollector <> - DRY_RUN: "FP_ARITH_INST_RETIRED.128B_PACKED_DOUBLE: event id 9"
336 [22764471707328] INFO perfrun.perfcollector <> - eventName: FP_ARITH_INST_RETIRED.128B_PACKED_DOUBLE, eventId: 9
336 [22764471707328] INFO perfrun.perfcollector <> - DRY_RUN: "FP_ARITH_INST_RETIRED.256B_PACKED_DOUBLE: event id 10"
336 [22764471707328] INFO perfrun.perfcollector <> - eventName: FP_ARITH_INST_RETIRED.256B_PACKED_DOUBLE, eventId: 10
336 [22764471707328] INFO perfrun.perfcollector <> - DRY_RUN: "CCCR"
337 [22764471707328] INFO perfrun.perfcollector <> - DRY_RUN: "reg_type       = 1	event_id       = g	reg_id         = 38f	reg_value      = 700000003"
337 [22764471707328] INFO perfrun.perfcollector <> - eventId: g, skip parsing event_id
337 [22764471707328] INFO perfrun.perfcollector <> - Register was ignored: group_id: 1, reg_type: 1, event_id: 4294967295, reg_id: 38f, reg_value: 700000003, pmu_name: cpu
337 [22764471707328] INFO perfrun.perfcollector <> - DRY_RUN: "reg_type       = 1	event_id       = g	reg_id         = 390	reg_value      = 700000003"
337 [22764471707328] INFO perfrun.perfcollector <> - eventId: g, skip parsing event_id
337 [22764471707328] INFO perfrun.perfcollector <> - Register was ignored: group_id: 1, reg_type: 1, event_id: 4294967295, reg_id: 390, reg_value: 700000003, pmu_name: cpu
337 [22764471707328] INFO perfrun.perfcollector <> - DRY_RUN: "reg_type       = 1	event_id       = g	reg_id         = 3f1	reg_value      = 0"
337 [22764471707328] INFO perfrun.perfcollector <> - eventId: g, skip parsing event_id
337 [22764471707328] INFO perfrun.perfcollector <> - Register was ignored: group_id: 1, reg_type: 1, event_id: 4294967295, reg_id: 3f1, reg_value: 0, pmu_name: cpu
337 [22764471707328] INFO perfrun.perfcollector <> - DRY_RUN: "reg_type       = 1	event_id       = g	reg_id         = 1d9	reg_value      = 1800"
337 [22764471707328] INFO perfrun.perfcollector <> - eventId: g, skip parsing event_id
337 [22764471707328] INFO perfrun.perfcollector <> - Register was ignored: group_id: 1, reg_type: 1, event_id: 4294967295, reg_id: 1d9, reg_value: 1800, pmu_name: cpu
337 [22764471707328] INFO perfrun.perfcollector <> - DRY_RUN: "reg_type       = 1	event_id       = g	reg_id         = 38d	reg_value      = bbb"
337 [22764471707328] INFO perfrun.perfcollector <> - eventId: g, skip parsing event_id
337 [22764471707328] INFO perfrun.perfcollector <> - Register was ignored: group_id: 1, reg_type: 1, event_id: 4294967295, reg_id: 38d, reg_value: bbb, pmu_name: cpu
337 [22764471707328] INFO perfrun.perfcollector <> - DRY_RUN: "reg_type       = 1	event_id       = 9	reg_id         = 186	reg_value      = 5304c7"
337 [22764471707328] INFO perfrun.perfcollector <> - Event selector: group_id: 1, reg_type: 1, event_id: 9, reg_id: 186, reg_value: 5304c7, pmu_name: cpu
337 [22764471707328] INFO perfrun.perfcollector <> - DRY_RUN: "reg_type       = 1	event_id       = 10	reg_id         = 187	reg_value      = 5310c7"
337 [22764471707328] INFO perfrun.perfcollector <> - Event selector: group_id: 1, reg_type: 1, event_id: 10, reg_id: 187, reg_value: 5310c7, pmu_name: cpu
337 [22764471707328] INFO perfrun.perfcollector <> - DRY_RUN: "ESCR"
337 [22764471707328] INFO perfrun.perfcollector <> - DRY_RUN: "reg_type       = 2	event_id       = g	reg_id         = 1c8	reg_value      = 0"
337 [22764471707328] INFO perfrun.perfcollector <> - eventId: g, skip parsing event_id
337 [22764471707328] INFO perfrun.perfcollector <> - DRY_RUN: "DATA"
337 [22764471707328] INFO perfrun.perfcollector <> - DRY_RUN: "reg_type       = 4	event_id       = 2	reg_id         = 309	reg_value      = ffffffdb6100"
337 [22764471707328] INFO perfrun.perfcollector <> - eventId: 2, dataAddr: 309, dataVal: ffffffdb6100
337 [22764471707328] INFO perfrun.perfcollector <> - DRY_RUN: "reg_type       = 4	event_id       = 0	reg_id         = 30a	reg_value      = ffffffe17b7d"
337 [22764471707328] INFO perfrun.perfcollector <> - eventId: 0, dataAddr: 30a, dataVal: ffffffe17b7d
337 [22764471707328] INFO perfrun.perfcollector <> - DRY_RUN: "reg_type       = 4	event_id       = 1	reg_id         = 30b	reg_value      = ffffffdb6100"
337 [22764471707328] INFO perfrun.perfcollector <> - eventId: 1, dataAddr: 30b, dataVal: ffffffdb6100
337 [22764471707328] INFO perfrun.perfcollector <> - DRY_RUN: "reg_type       = 4	event_id       = 9	reg_id         = c1	reg_value      = ffffffe17b7d"
337 [22764471707328] INFO perfrun.perfcollector <> - eventId: 9, dataAddr: c1, dataVal: ffffffe17b7d
337 [22764471707328] INFO perfrun.perfcollector <> - DRY_RUN: "reg_type       = 4	event_id       = 10	reg_id         = c2	reg_value      = ffffffe17b7d"
337 [22764471707328] INFO perfrun.perfcollector <> - eventId: 10, dataAddr: c2, dataVal: ffffffe17b7d
337 [22764471707328] INFO perfrun.perfcollector <> - event name: CPU_CLK_UNHALTED.THREAD
337 [22764471707328] INFO perfrun.perfcollector <> - pmu config: cpu
337 [22764471707328] INFO perfrun.perfcollector <> - cccrAddr: ffffffff, cccrValue: 0
337 [22764471707328] INFO perfrun.perfcollector <> - dataAddr: 30a, dataValue: ffffffffffe17b7d
337 [22764471707328] INFO perfrun.perfcollector <> - escrAddr: ffffffff, escrValue: 0
337 [22764471707328] INFO perfrun.perfcollector <> - extendedPebsValue: 0
337 [22764471707328] INFO perfrun.perfcollector <> - adaptivePebsAvailable: 0
337 [22764471707328] INFO perfrun.perfcollector <> - config: event: 3c
337 [22764471707328] INFO perfrun.perfcollector <> - config: pc: 0
337 [22764471707328] INFO perfrun.perfcollector <> - config: in_tx: 0
337 [22764471707328] INFO perfrun.perfcollector <> - config: edge: 0
337 [22764471707328] INFO perfrun.perfcollector <> - config: any: 0
337 [22764471707328] INFO perfrun.perfcollector <> - config1: offcore_rsp: 0
337 [22764471707328] INFO perfrun.perfcollector <> - config: in_tx_cp: 0
337 [22764471707328] INFO perfrun.perfcollector <> - config1: ldlat: 0
337 [22764471707328] INFO perfrun.perfcollector <> - config: inv: 0
337 [22764471707328] INFO perfrun.perfcollector <> - config: umask: 0
337 [22764471707328] INFO perfrun.perfcollector <> - config: cmask: 0
337 [22764471707328] INFO perfrun.perfcollector <> - format: cpu/event=0x3c,name='CPU_CLK_UNHALTED.THREAD'/D
337 [22764471707328] INFO perfrun.perfcollector <> - event name: CPU_CLK_UNHALTED.REF_TSC
337 [22764471707328] INFO perfrun.perfcollector <> - pmu config: cpu
337 [22764471707328] INFO perfrun.perfcollector <> - cccrAddr: ffffffff, cccrValue: 0
337 [22764471707328] INFO perfrun.perfcollector <> - dataAddr: 30b, dataValue: ffffffffffdb6100
337 [22764471707328] INFO perfrun.perfcollector <> - escrAddr: ffffffff, escrValue: 0
337 [22764471707328] INFO perfrun.perfcollector <> - extendedPebsValue: 0
337 [22764471707328] INFO perfrun.perfcollector <> - adaptivePebsAvailable: 0
337 [22764471707328] INFO perfrun.perfcollector <> - config: event: 0
337 [22764471707328] INFO perfrun.perfcollector <> - config: pc: 0
337 [22764471707328] INFO perfrun.perfcollector <> - config: in_tx: 0
337 [22764471707328] INFO perfrun.perfcollector <> - config: edge: 0
337 [22764471707328] INFO perfrun.perfcollector <> - config: any: 0
337 [22764471707328] INFO perfrun.perfcollector <> - config1: offcore_rsp: 0
337 [22764471707328] INFO perfrun.perfcollector <> - config: in_tx_cp: 0
337 [22764471707328] INFO perfrun.perfcollector <> - config1: ldlat: 0
337 [22764471707328] INFO perfrun.perfcollector <> - config: inv: 0
337 [22764471707328] INFO perfrun.perfcollector <> - config: umask: 3
337 [22764471707328] INFO perfrun.perfcollector <> - config: cmask: 0
337 [22764471707328] INFO perfrun.perfcollector <> - format: cpu/umask=0x3,name='CPU_CLK_UNHALTED.REF_TSC'/D
337 [22764471707328] INFO perfrun.perfcollector <> - event name: INST_RETIRED.ANY
337 [22764471707328] INFO perfrun.perfcollector <> - pmu config: cpu
337 [22764471707328] INFO perfrun.perfcollector <> - cccrAddr: ffffffff, cccrValue: 0
337 [22764471707328] INFO perfrun.perfcollector <> - dataAddr: 309, dataValue: ffffffffffdb6100
337 [22764471707328] INFO perfrun.perfcollector <> - escrAddr: ffffffff, escrValue: 0
337 [22764471707328] INFO perfrun.perfcollector <> - extendedPebsValue: 0
337 [22764471707328] INFO perfrun.perfcollector <> - adaptivePebsAvailable: 0
337 [22764471707328] INFO perfrun.perfcollector <> - config: event: c0
337 [22764471707328] INFO perfrun.perfcollector <> - config: pc: 0
337 [22764471707328] INFO perfrun.perfcollector <> - config: in_tx: 0
337 [22764471707328] INFO perfrun.perfcollector <> - config: edge: 0
337 [22764471707328] INFO perfrun.perfcollector <> - config: any: 0
337 [22764471707328] INFO perfrun.perfcollector <> - config1: offcore_rsp: 0
337 [22764471707328] INFO perfrun.perfcollector <> - config: in_tx_cp: 0
337 [22764471707328] INFO perfrun.perfcollector <> - config1: ldlat: 0
337 [22764471707328] INFO perfrun.perfcollector <> - config: inv: 0
337 [22764471707328] INFO perfrun.perfcollector <> - config: umask: 0
337 [22764471707328] INFO perfrun.perfcollector <> - config: cmask: 0
337 [22764471707328] INFO perfrun.perfcollector <> - format: cpu/event=0xc0,name='INST_RETIRED.ANY'/D
337 [22764471707328] INFO perfrun.perfcollector <> - event name: CPU_CLK_UNHALTED.REF_XCLK
337 [22764471707328] INFO perfrun.perfcollector <> - pmu config: cpu
337 [22764471707328] INFO perfrun.perfcollector <> - cccrAddr: 18a, cccrValue: 53013c
337 [22764471707328] INFO perfrun.perfcollector <> - dataAddr: c5, dataValue: fffffffffffe795d
337 [22764471707328] INFO perfrun.perfcollector <> - escrAddr: ffffffff, escrValue: 0
337 [22764471707328] INFO perfrun.perfcollector <> - extendedPebsValue: 0
337 [22764471707328] INFO perfrun.perfcollector <> - adaptivePebsAvailable: 0
337 [22764471707328] INFO perfrun.perfcollector <> - config: event: 3c
337 [22764471707328] INFO perfrun.perfcollector <> - config: pc: 0
337 [22764471707328] INFO perfrun.perfcollector <> - config: in_tx: 0
337 [22764471707328] INFO perfrun.perfcollector <> - config: edge: 0
337 [22764471707328] INFO perfrun.perfcollector <> - config: any: 0
337 [22764471707328] INFO perfrun.perfcollector <> - config1: offcore_rsp: 0
337 [22764471707328] INFO perfrun.perfcollector <> - config: in_tx_cp: 0
337 [22764471707328] INFO perfrun.perfcollector <> - config1: ldlat: 0
337 [22764471707328] INFO perfrun.perfcollector <> - config: inv: 0
337 [22764471707328] INFO perfrun.perfcollector <> - config: umask: 1
337 [22764471707328] INFO perfrun.perfcollector <> - config: cmask: 0
337 [22764471707328] INFO perfrun.perfcollector <> - format: cpu/event=0x3c,umask=0x1,name='CPU_CLK_UNHALTED.REF_XCLK'/
337 [22764471707328] INFO perfrun.perfcollector <> - event name: CPU_CLK_UNHALTED.ONE_THREAD_ACTIVE
337 [22764471707328] INFO perfrun.perfcollector <> - pmu config: cpu
337 [22764471707328] INFO perfrun.perfcollector <> - cccrAddr: 18b, cccrValue: 53023c
337 [22764471707328] INFO perfrun.perfcollector <> - dataAddr: c6, dataValue: fffffffffffe795d
337 [22764471707328] INFO perfrun.perfcollector <> - escrAddr: ffffffff, escrValue: 0
337 [22764471707328] INFO perfrun.perfcollector <> - extendedPebsValue: 0
337 [22764471707328] INFO perfrun.perfcollector <> - adaptivePebsAvailable: 0
337 [22764471707328] INFO perfrun.perfcollector <> - config: event: 3c
337 [22764471707328] INFO perfrun.perfcollector <> - config: pc: 0
337 [22764471707328] INFO perfrun.perfcollector <> - config: in_tx: 0
337 [22764471707328] INFO perfrun.perfcollector <> - config: edge: 0
337 [22764471707328] INFO perfrun.perfcollector <> - config: any: 0
337 [22764471707328] INFO perfrun.perfcollector <> - config1: offcore_rsp: 0
337 [22764471707328] INFO perfrun.perfcollector <> - config: in_tx_cp: 0
337 [22764471707328] INFO perfrun.perfcollector <> - config1: ldlat: 0
337 [22764471707328] INFO perfrun.perfcollector <> - config: inv: 0
337 [22764471707328] INFO perfrun.perfcollector <> - config: umask: 2
337 [22764471707328] INFO perfrun.perfcollector <> - config: cmask: 0
337 [22764471707328] INFO perfrun.perfcollector <> - format: cpu/event=0x3c,umask=0x2,name='CPU_CLK_UNHALTED.ONE_THREAD_ACTIVE'/
337 [22764471707328] INFO perfrun.perfcollector <> - event name: FP_ARITH_INST_RETIRED.SCALAR_SINGLE
337 [22764471707328] INFO perfrun.perfcollector <> - pmu config: cpu
337 [22764471707328] INFO perfrun.perfcollector <> - cccrAddr: 186, cccrValue: 5302c7
337 [22764471707328] INFO perfrun.perfcollector <> - dataAddr: c1, dataValue: ffffffffffe17b7d
337 [22764471707328] INFO perfrun.perfcollector <> - escrAddr: ffffffff, escrValue: 0
337 [22764471707328] INFO perfrun.perfcollector <> - extendedPebsValue: 0
337 [22764471707328] INFO perfrun.perfcollector <> - adaptivePebsAvailable: 0
337 [22764471707328] INFO perfrun.perfcollector <> - config: event: c7
337 [22764471707328] INFO perfrun.perfcollector <> - config: pc: 0
337 [22764471707328] INFO perfrun.perfcollector <> - config: in_tx: 0
337 [22764471707328] INFO perfrun.perfcollector <> - config: edge: 0
337 [22764471707328] INFO perfrun.perfcollector <> - config: any: 0
337 [22764471707328] INFO perfrun.perfcollector <> - config1: offcore_rsp: 0
337 [22764471707328] INFO perfrun.perfcollector <> - config: in_tx_cp: 0
337 [22764471707328] INFO perfrun.perfcollector <> - config1: ldlat: 0
337 [22764471707328] INFO perfrun.perfcollector <> - config: inv: 0
337 [22764471707328] INFO perfrun.perfcollector <> - config: umask: 2
337 [22764471707328] INFO perfrun.perfcollector <> - config: cmask: 0
337 [22764471707328] INFO perfrun.perfcollector <> - format: cpu/event=0xc7,umask=0x2,name='FP_ARITH_INST_RETIRED.SCALAR_SINGLE'/
337 [22764471707328] INFO perfrun.perfcollector <> - event name: FP_ARITH_INST_RETIRED.128B_PACKED_SINGLE
337 [22764471707328] INFO perfrun.perfcollector <> - pmu config: cpu
337 [22764471707328] INFO perfrun.perfcollector <> - cccrAddr: 187, cccrValue: 5308c7
337 [22764471707328] INFO perfrun.perfcollector <> - dataAddr: c2, dataValue: ffffffffffe17b7d
337 [22764471707328] INFO perfrun.perfcollector <> - escrAddr: ffffffff, escrValue: 0
337 [22764471707328] INFO perfrun.perfcollector <> - extendedPebsValue: 0
337 [22764471707328] INFO perfrun.perfcollector <> - adaptivePebsAvailable: 0
337 [22764471707328] INFO perfrun.perfcollector <> - config: event: c7
337 [22764471707328] INFO perfrun.perfcollector <> - config: pc: 0
337 [22764471707328] INFO perfrun.perfcollector <> - config: in_tx: 0
337 [22764471707328] INFO perfrun.perfcollector <> - config: edge: 0
337 [22764471707328] INFO perfrun.perfcollector <> - config: any: 0
337 [22764471707328] INFO perfrun.perfcollector <> - config1: offcore_rsp: 0
337 [22764471707328] INFO perfrun.perfcollector <> - config: in_tx_cp: 0
337 [22764471707328] INFO perfrun.perfcollector <> - config1: ldlat: 0
337 [22764471707328] INFO perfrun.perfcollector <> - config: inv: 0
337 [22764471707328] INFO perfrun.perfcollector <> - config: umask: 8
337 [22764471707328] INFO perfrun.perfcollector <> - config: cmask: 0
337 [22764471707328] INFO perfrun.perfcollector <> - format: cpu/event=0xc7,umask=0x8,name='FP_ARITH_INST_RETIRED.128B_PACKED_SINGLE'/
337 [22764471707328] INFO perfrun.perfcollector <> - event name: FP_ARITH_INST_RETIRED.256B_PACKED_SINGLE
337 [22764471707328] INFO perfrun.perfcollector <> - pmu config: cpu
337 [22764471707328] INFO perfrun.perfcollector <> - cccrAddr: 188, cccrValue: 5320c7
337 [22764471707328] INFO perfrun.perfcollector <> - dataAddr: c3, dataValue: ffffffffffe17b7d
337 [22764471707328] INFO perfrun.perfcollector <> - escrAddr: ffffffff, escrValue: 0
337 [22764471707328] INFO perfrun.perfcollector <> - extendedPebsValue: 0
337 [22764471707328] INFO perfrun.perfcollector <> - adaptivePebsAvailable: 0
337 [22764471707328] INFO perfrun.perfcollector <> - config: event: c7
337 [22764471707328] INFO perfrun.perfcollector <> - config: pc: 0
337 [22764471707328] INFO perfrun.perfcollector <> - config: in_tx: 0
337 [22764471707328] INFO perfrun.perfcollector <> - config: edge: 0
337 [22764471707328] INFO perfrun.perfcollector <> - config: any: 0
337 [22764471707328] INFO perfrun.perfcollector <> - config1: offcore_rsp: 0
337 [22764471707328] INFO perfrun.perfcollector <> - config: in_tx_cp: 0
337 [22764471707328] INFO perfrun.perfcollector <> - config1: ldlat: 0
337 [22764471707328] INFO perfrun.perfcollector <> - config: inv: 0
337 [22764471707328] INFO perfrun.perfcollector <> - config: umask: 20
337 [22764471707328] INFO perfrun.perfcollector <> - config: cmask: 0
337 [22764471707328] INFO perfrun.perfcollector <> - format: cpu/event=0xc7,umask=0x20,name='FP_ARITH_INST_RETIRED.256B_PACKED_SINGLE'/
337 [22764471707328] INFO perfrun.perfcollector <> - event name: FP_ARITH_INST_RETIRED.SCALAR_DOUBLE
337 [22764471707328] INFO perfrun.perfcollector <> - pmu config: cpu
337 [22764471707328] INFO perfrun.perfcollector <> - cccrAddr: 189, cccrValue: 5301c7
337 [22764471707328] INFO perfrun.perfcollector <> - dataAddr: c4, dataValue: ffffffffffe17b7d
337 [22764471707328] INFO perfrun.perfcollector <> - escrAddr: ffffffff, escrValue: 0
337 [22764471707328] INFO perfrun.perfcollector <> - extendedPebsValue: 0
337 [22764471707328] INFO perfrun.perfcollector <> - adaptivePebsAvailable: 0
337 [22764471707328] INFO perfrun.perfcollector <> - config: event: c7
337 [22764471707328] INFO perfrun.perfcollector <> - config: pc: 0
337 [22764471707328] INFO perfrun.perfcollector <> - config: in_tx: 0
337 [22764471707328] INFO perfrun.perfcollector <> - config: edge: 0
337 [22764471707328] INFO perfrun.perfcollector <> - config: any: 0
337 [22764471707328] INFO perfrun.perfcollector <> - config1: offcore_rsp: 0
337 [22764471707328] INFO perfrun.perfcollector <> - config: in_tx_cp: 0
337 [22764471707328] INFO perfrun.perfcollector <> - config1: ldlat: 0
337 [22764471707328] INFO perfrun.perfcollector <> - config: inv: 0
337 [22764471707328] INFO perfrun.perfcollector <> - config: umask: 1
337 [22764471707328] INFO perfrun.perfcollector <> - config: cmask: 0
337 [22764471707328] INFO perfrun.perfcollector <> - format: cpu/event=0xc7,umask=0x1,name='FP_ARITH_INST_RETIRED.SCALAR_DOUBLE'/
337 [22764471707328] INFO perfrun.perfcollector <> - event name: FP_ARITH_INST_RETIRED.128B_PACKED_DOUBLE
337 [22764471707328] INFO perfrun.perfcollector <> - pmu config: cpu
337 [22764471707328] INFO perfrun.perfcollector <> - cccrAddr: 186, cccrValue: 5304c7
337 [22764471707328] INFO perfrun.perfcollector <> - dataAddr: c1, dataValue: ffffffffffe17b7d
337 [22764471707328] INFO perfrun.perfcollector <> - escrAddr: ffffffff, escrValue: 0
337 [22764471707328] INFO perfrun.perfcollector <> - extendedPebsValue: 0
337 [22764471707328] INFO perfrun.perfcollector <> - adaptivePebsAvailable: 0
337 [22764471707328] INFO perfrun.perfcollector <> - config: event: c7
337 [22764471707328] INFO perfrun.perfcollector <> - config: pc: 0
337 [22764471707328] INFO perfrun.perfcollector <> - config: in_tx: 0
337 [22764471707328] INFO perfrun.perfcollector <> - config: edge: 0
337 [22764471707328] INFO perfrun.perfcollector <> - config: any: 0
337 [22764471707328] INFO perfrun.perfcollector <> - config1: offcore_rsp: 0
337 [22764471707328] INFO perfrun.perfcollector <> - config: in_tx_cp: 0
337 [22764471707328] INFO perfrun.perfcollector <> - config1: ldlat: 0
337 [22764471707328] INFO perfrun.perfcollector <> - config: inv: 0
337 [22764471707328] INFO perfrun.perfcollector <> - config: umask: 4
337 [22764471707328] INFO perfrun.perfcollector <> - config: cmask: 0
337 [22764471707328] INFO perfrun.perfcollector <> - format: cpu/event=0xc7,umask=0x4,name='FP_ARITH_INST_RETIRED.128B_PACKED_DOUBLE'/
337 [22764471707328] INFO perfrun.perfcollector <> - event name: FP_ARITH_INST_RETIRED.256B_PACKED_DOUBLE
337 [22764471707328] INFO perfrun.perfcollector <> - pmu config: cpu
337 [22764471707328] INFO perfrun.perfcollector <> - cccrAddr: 187, cccrValue: 5310c7
337 [22764471707328] INFO perfrun.perfcollector <> - dataAddr: c2, dataValue: ffffffffffe17b7d
337 [22764471707328] INFO perfrun.perfcollector <> - escrAddr: ffffffff, escrValue: 0
337 [22764471707328] INFO perfrun.perfcollector <> - extendedPebsValue: 0
337 [22764471707328] INFO perfrun.perfcollector <> - adaptivePebsAvailable: 0
337 [22764471707328] INFO perfrun.perfcollector <> - config: event: c7
337 [22764471707328] INFO perfrun.perfcollector <> - config: pc: 0
337 [22764471707328] INFO perfrun.perfcollector <> - config: in_tx: 0
337 [22764471707328] INFO perfrun.perfcollector <> - config: edge: 0
337 [22764471707328] INFO perfrun.perfcollector <> - config: any: 0
337 [22764471707328] INFO perfrun.perfcollector <> - config1: offcore_rsp: 0
337 [22764471707328] INFO perfrun.perfcollector <> - config: in_tx_cp: 0
337 [22764471707328] INFO perfrun.perfcollector <> - config1: ldlat: 0
337 [22764471707328] INFO perfrun.perfcollector <> - config: inv: 0
337 [22764471707328] INFO perfrun.perfcollector <> - config: umask: 10
337 [22764471707328] INFO perfrun.perfcollector <> - config: cmask: 0
337 [22764471707328] INFO perfrun.perfcollector <> - format: cpu/event=0xc7,umask=0x10,name='FP_ARITH_INST_RETIRED.256B_PACKED_DOUBLE'/
337 [22764471707328] INFO perfrun.perfcollector <> - event name: INST_RETIRED.X87
337 [22764471707328] INFO perfrun.perfcollector <> - pmu config: cpu
337 [22764471707328] INFO perfrun.perfcollector <> - cccrAddr: 18c, cccrValue: 5302c0
337 [22764471707328] INFO perfrun.perfcollector <> - dataAddr: c7, dataValue: ffffffffffe17b7d
337 [22764471707328] INFO perfrun.perfcollector <> - escrAddr: ffffffff, escrValue: 0
337 [22764471707328] INFO perfrun.perfcollector <> - extendedPebsValue: 0
337 [22764471707328] INFO perfrun.perfcollector <> - adaptivePebsAvailable: 0
337 [22764471707328] INFO perfrun.perfcollector <> - config: event: c0
337 [22764471707328] INFO perfrun.perfcollector <> - config: pc: 0
337 [22764471707328] INFO perfrun.perfcollector <> - config: in_tx: 0
337 [22764471707328] INFO perfrun.perfcollector <> - config: edge: 0
337 [22764471707328] INFO perfrun.perfcollector <> - config: any: 0
337 [22764471707328] INFO perfrun.perfcollector <> - config1: offcore_rsp: 0
337 [22764471707328] INFO perfrun.perfcollector <> - config: in_tx_cp: 0
337 [22764471707328] INFO perfrun.perfcollector <> - config1: ldlat: 0
337 [22764471707328] INFO perfrun.perfcollector <> - config: inv: 0
337 [22764471707328] INFO perfrun.perfcollector <> - config: umask: 2
337 [22764471707328] INFO perfrun.perfcollector <> - config: cmask: 0
337 [22764471707328] INFO perfrun.perfcollector <> - format: cpu/event=0xc0,umask=0x2,name='INST_RETIRED.X87'/
337 [22764471707328] INFO perfrun.perfcollector <> - event name: UOPS_RETIRED.RETIRE_SLOTS
337 [22764471707328] INFO perfrun.perfcollector <> - pmu config: cpu
337 [22764471707328] INFO perfrun.perfcollector <> - cccrAddr: 18d, cccrValue: 5302c2
337 [22764471707328] INFO perfrun.perfcollector <> - dataAddr: c8, dataValue: ffffffffffe17b7d
337 [22764471707328] INFO perfrun.perfcollector <> - escrAddr: ffffffff, escrValue: 0
337 [22764471707328] INFO perfrun.perfcollector <> - extendedPebsValue: 0
337 [22764471707328] INFO perfrun.perfcollector <> - adaptivePebsAvailable: 0
337 [22764471707328] INFO perfrun.perfcollector <> - config: event: c2
337 [22764471707328] INFO perfrun.perfcollector <> - config: pc: 0
337 [22764471707328] INFO perfrun.perfcollector <> - config: in_tx: 0
337 [22764471707328] INFO perfrun.perfcollector <> - config: edge: 0
337 [22764471707328] INFO perfrun.perfcollector <> - config: any: 0
337 [22764471707328] INFO perfrun.perfcollector <> - config1: offcore_rsp: 0
338 [22764471707328] INFO perfrun.perfcollector <> - config: in_tx_cp: 0
338 [22764471707328] INFO perfrun.perfcollector <> - config1: ldlat: 0
338 [22764471707328] INFO perfrun.perfcollector <> - config: inv: 0
338 [22764471707328] INFO perfrun.perfcollector <> - config: umask: 2
338 [22764471707328] INFO perfrun.perfcollector <> - config: cmask: 0
338 [22764471707328] INFO perfrun.perfcollector <> - format: cpu/event=0xc2,umask=0x2,name='UOPS_RETIRED.RETIRE_SLOTS'/
338 [22764471707328] INFO perfrun.perfcollector <> - event: cpu/event=0x3c,name='CPU_CLK_UNHALTED.THREAD'/Duk, added for counting
338 [22764471707328] INFO perfrun.perfcollector <> - event: cpu/umask=0x3,name='CPU_CLK_UNHALTED.REF_TSC'/Duk, added for counting
338 [22764471707328] INFO perfrun.perfcollector <> - event: cpu/event=0xc0,name='INST_RETIRED.ANY'/Duk, added for counting
338 [22764471707328] INFO perfrun.perfcollector <> - event: cpu/event=0x3c,umask=0x1,name='CPU_CLK_UNHALTED.REF_XCLK'/uk, added for counting
338 [22764471707328] INFO perfrun.perfcollector <> - event: cpu/event=0x3c,umask=0x2,name='CPU_CLK_UNHALTED.ONE_THREAD_ACTIVE'/uk, added for counting
338 [22764471707328] INFO perfrun.perfcollector <> - event: cpu/event=0xc7,umask=0x2,name='FP_ARITH_INST_RETIRED.SCALAR_SINGLE'/uk, added for counting
338 [22764471707328] INFO perfrun.perfcollector <> - event: cpu/event=0xc7,umask=0x8,name='FP_ARITH_INST_RETIRED.128B_PACKED_SINGLE'/uk, added for counting
338 [22764471707328] INFO perfrun.perfcollector <> - event: cpu/event=0xc7,umask=0x20,name='FP_ARITH_INST_RETIRED.256B_PACKED_SINGLE'/uk, added for counting
338 [22764471707328] INFO perfrun.perfcollector <> - event: cpu/event=0xc7,umask=0x1,name='FP_ARITH_INST_RETIRED.SCALAR_DOUBLE'/uk, added for counting
338 [22764471707328] INFO perfrun.perfcollector <> - event: cpu/event=0xc7,umask=0x4,name='FP_ARITH_INST_RETIRED.128B_PACKED_DOUBLE'/uk, added for counting
338 [22764471707328] INFO perfrun.perfcollector <> - event: cpu/event=0xc7,umask=0x10,name='FP_ARITH_INST_RETIRED.256B_PACKED_DOUBLE'/uk, added for counting
338 [22764471707328] INFO perfrun.perfcollector <> - event: cpu/event=0xc0,umask=0x2,name='INST_RETIRED.X87'/uk, added for counting
338 [22764471707328] INFO perfrun.perfcollector <> - event: cpu/event=0xc2,umask=0x2,name='UOPS_RETIRED.RETIRE_SLOTS'/uk, added for counting
338 [22764471707328] INFO perfrun.perfcollector <> - attaching to pid: 4294967295, collect mode: 1, rc modes: 3
353 [22764392740544] WARN perfrun.perfcollector <> - Perf stat trace pipe capacity: read = 1048576, write = 1048576, at file: vcs/perfrun1/plugins/perfcollector/src/profiler.cpp:765
363 [22764392740544] INFO perfrun.sdk <> - runCmd: /opt/intel/oneapi/vtune/2023.1.0/bin64/amplxe-perf stat -v --log-fd 10 --scale -x ; -e cpu/event=0x3c,name='CPU_CLK_UNHALTED.THREAD'/Duk,cpu/umask=0x3,name='CPU_CLK_UNHALTED.REF_TSC'/Duk,cpu/event=0xc0,name='INST_RETIRED.ANY'/Duk,cpu/event=0x3c,umask=0x1,name='CPU_CLK_UNHALTED.REF_XCLK'/uk,cpu/event=0x3c,umask=0x2,name='CPU_CLK_UNHALTED.ONE_THREAD_ACTIVE'/uk,cpu/event=0xc7,umask=0x2,name='FP_ARITH_INST_RETIRED.SCALAR_SINGLE'/uk,cpu/event=0xc7,umask=0x8,name='FP_ARITH_INST_RETIRED.128B_PACKED_SINGLE'/uk,cpu/event=0xc7,umask=0x20,name='FP_ARITH_INST_RETIRED.256B_PACKED_SINGLE'/uk,cpu/event=0xc7,umask=0x1,name='FP_ARITH_INST_RETIRED.SCALAR_DOUBLE'/uk,cpu/event=0xc7,umask=0x4,name='FP_ARITH_INST_RETIRED.128B_PACKED_DOUBLE'/uk,cpu/event=0xc7,umask=0x10,name='FP_ARITH_INST_RETIRED.256B_PACKED_DOUBLE'/uk,cpu/event=0xc0,umask=0x2,name='INST_RETIRED.X87'/uk,cpu/event=0xc2,umask=0x2,name='UOPS_RETIRED.RETIRE_SLOTS'/uk /opt/intel/oneapi/vtune/2023.1.0/bin64/amplxe-perf-sync dryrun sys
363 [22764392740544] INFO perfrun.sdk <> - runCmd started PID 3881945
552 [22764392740544] INFO perfrun.perfcollector <> - Monitor: runCmd RC = true
553 [22764471707328] INFO perfrun.launcher <> - plugin [aoclprofile] was disabled because it doesn't support the given collection type.
553 [22764471707328] INFO perfrun.tpss <> - initialize tpss controller
553 [22764471707328] INFO perfrun.tpss <> - configure collection mode: value = cpu:counters:nostack
553 [22764471707328] INFO perfrun.tpss <> - configure collection mode: value = cpu:stack
553 [22764471707328] INFO perfrun.tpss <> - default obj-size-min=1024
553 [22764471707328] INFO perfrun.tpss <> - default hash-table-size=0
553 [22764471707328] INFO perfrun.launcher <> - plugin [media] was disabled because it doesn't support the given collection type.
553 [22764471707328] INFO perfrun.launcher <> - plugin [] was disabled because it doesn't support the given collection type.
553 [22764471707328] INFO perfrun.launcher <> - plugin [] was disabled because it doesn't support the given collection type.
553 [22764471707328] INFO perfrun.launcher <> - plugin [parallelfs] was disabled because it doesn't support the given collection type.
553 [22764471707328] INFO perfrun.launcher <> - plugin [power] was disabled because it doesn't support the given collection type.
553 [22764471707328] INFO perfrun.launcher <> - plugin [hwloc] was disabled because it doesn't support the given collection type.
553 [22764471707328] INFO perfrun.launcher <> - plugin [ipmwatch] was disabled because it doesn't support the given collection type.
553 [22764471707328] INFO perfrun.launcher <> - plugin [os_counters] was disabled because it doesn't support the given collection type.
553 [22764471707328] INFO perfrun.launcher <> - plugin [l0_metrics] was disabled because it doesn't support the given collection type.
553 [22764614838144] INFO perfrun.launcher <> - set environment variable: LD_LIBRARY_PATH = /opt/intel/oneapi/vtune/2023.1.0/lib32/runtime:/opt/intel/oneapi/vtune/2023.1.0/lib64/runtime:/opt/intel/oneapi/tbb/2021.5.1/env/../lib/intel64/gcc4.8:/opt/intel/oneapi/mpi/2021.5.1//libfabric/lib:/opt/intel/oneapi/mpi/2021.5.1//lib/release:/opt/intel/oneapi/mpi/2021.5.1//lib:/opt/intel/oneapi/mkl/2022.0.2/lib/intel64:/opt/intel/oneapi/itac/2021.5.0/slib:/opt/intel/oneapi/debugger/2021.5.0/gdb/intel64/lib:/opt/intel/oneapi/debugger/2021.5.0/libipt/intel64/lib:/opt/intel/oneapi/debugger/2021.5.0/dep/lib:/opt/intel/oneapi/compiler/2022.0.2/linux/lib:/opt/intel/oneapi/compiler/2022.0.2/linux/lib/x64:/opt/intel/oneapi/compiler/2022.0.2/linux/lib/oclfpga/host/linux64/lib:/opt/intel/oneapi/compiler/2022.0.2/linux/compiler/lib/intel64_lin
553 [22764614838144] INFO perfrun.launcher <> - set environment variable: INTEL_LIBITTNOTIFY32 = /opt/intel/oneapi/vtune/2023.1.0/lib32/runtime/libittnotify_collector.so
553 [22764614838144] INFO perfrun.launcher <> - set environment variable: INTEL_LIBITTNOTIFY64 = /opt/intel/oneapi/vtune/2023.1.0/lib64/runtime/libittnotify_collector.so
553 [22764614838144] INFO perfrun.launcher <> - set environment variable: INTEL_ITTNOTIFY_GROUPS = 
554 [22764614838144] INFO perfrun.launcher <> - set environment variable: INTEL_JIT_PROFILER32 = /opt/intel/oneapi/vtune/2023.1.0/lib32/runtime/libittnotify_collector.so
554 [22764614838144] INFO perfrun.launcher <> - set environment variable: INTEL_JIT_PROFILER64 = /opt/intel/oneapi/vtune/2023.1.0/lib64/runtime/libittnotify_collector.so
554 [22764614838144] INFO perfrun.launcher <> - set environment variable: OMP_TOOL_LIBRARIES = /opt/intel/oneapi/vtune/2023.1.0/lib32/runtime/libittnotify_collector.so:/opt/intel/oneapi/vtune/2023.1.0/lib64/runtime/libittnotify_collector.so
554 [22764614838144] INFO perfrun.launcher <> - set environment variable: ENABLE_JITPROFILING = 1
554 [22764614838144] INFO perfrun.launcher <> - set environment variable: CL_CONFIG_USE_VTUNE = True
554 [22764614838144] INFO perfrun.launcher <> - set environment variable: LD_PRELOAD = libittnotify_collector.so:
554 [22764614838144] INFO perfrun.launcher <> - set environment variable: KMP_FORKJOIN_FRAMES = 0
554 [22764614838144] INFO perfrun.launcher <> - set environment variable: KMP_FORKJOIN_FRAMES_MODE = 0
554 [22764614838144] INFO perfrun.launcher <> - set environment variable: OMP_TOOL = disabled
554 [22764614838144] INFO perfrun.launcher <> - set environment variable: INTEL_MRTE_DATA_DIR = /home/course/hpc/users/2022012388/exp8/result.conv1/data.8
554 [22764614838144] INFO perfrun.launcher <> - set environment variable: INTEL_MRTE_HOST_NAME = conv1
554 [22764614838144] INFO perfrun.launcher <> - set environment variable: JAVA_TOOL_OPTIONS = -agentlib:amplxe_tpssmrte_javaprof_1.0 -Dsun.boot.library.path=/opt/intel/oneapi/vtune/2023.1.0/lib32/runtime:/opt/intel/oneapi/vtune/2023.1.0/lib64/runtime
554 [22764614838144] INFO perfrun.launcher <> - set environment variable: LD_LIBRARY_PATH = /opt/intel/oneapi/vtune/2023.1.0/lib32/runtime:/opt/intel/oneapi/vtune/2023.1.0/lib64/runtime:/opt/intel/oneapi/tbb/2021.5.1/env/../lib/intel64/gcc4.8:/opt/intel/oneapi/mpi/2021.5.1//libfabric/lib:/opt/intel/oneapi/mpi/2021.5.1//lib/release:/opt/intel/oneapi/mpi/2021.5.1//lib:/opt/intel/oneapi/mkl/2022.0.2/lib/intel64:/opt/intel/oneapi/itac/2021.5.0/slib:/opt/intel/oneapi/debugger/2021.5.0/gdb/intel64/lib:/opt/intel/oneapi/debugger/2021.5.0/libipt/intel64/lib:/opt/intel/oneapi/debugger/2021.5.0/dep/lib:/opt/intel/oneapi/compiler/2022.0.2/linux/lib:/opt/intel/oneapi/compiler/2022.0.2/linux/lib/x64:/opt/intel/oneapi/compiler/2022.0.2/linux/lib/oclfpga/host/linux64/lib:/opt/intel/oneapi/compiler/2022.0.2/linux/compiler/lib/intel64_lin
554 [22764614838144] INFO perfrun.launcher <> - set environment variable: CORECLR_ENABLE_PROFILING = 1
554 [22764614838144] INFO perfrun.launcher <> - set environment variable: CORECLR_PROFILER = {AA5E4821-E3B1-479c-B7FF-5AD047D22CED}
554 [22764614838144] INFO perfrun.launcher <> - set environment variable: CORECLR_PROFILER_PATH = /opt/intel/oneapi/vtune/2023.1.0/lib64/libamplxe_samplingmrte_clrprof_1.0.so
554 [22764614838144] INFO perfrun.launcher <> - set environment variable: INTEL_MRTE_PROFILER_MODE = mixed
554 [22764614838144] INFO perfrun.launcher <> - RpcServer: run RPC server to handle requests
555 [22764614838144] INFO perfrun.launcher <> - Launcher: command line to start before modification = ./run.sh 2022012388
555 [22764614838144] INFO perfrun.launcher <> - Launcher: command line to start after modification = /opt/intel/oneapi/vtune/2023.1.0/bin64/pin -error_file /home/course/hpc/users/2022012388/exp8/result.conv1/data.8/pinerr.tpsslog -detach_reattach -follow_execv -tool_load_option deepbind -t64 /opt/intel/oneapi/vtune/2023.1.0/lib64/libtpsstool.so -t /opt/intel/oneapi/vtune/2023.1.0/lib32/libtpsstool.so -server_name tpss_ipc.3881782 -prd_dir /opt/intel/oneapi/vtune/2023.1.0 -- ./run.sh 2022012388
756 [22764614838144] INFO perfrun.launcher <> - ProcessCreator object was created
757 [22764614838144] INFO perfrun.launcher <> - Launcher: the process was started in suspend mode
761 [22764471707328] WARN perfrun.system <> - Could not do anything with /sys/kernel/debug/kvm: boost::filesystem::status: Permission denied: "/sys/kernel/debug/kvm", at file: vcs/perfrun1/plugins/system/src/trace_writer.cpp:787
761 [22764471707328] WARN perfrun.system <> - Folder "/var/run/libvirt/qemu/"doesn't exist, at file: vcs/perfrun1/plugins/system/src/trace_writer.cpp:800
761 [22764471707328] INFO perfrun.itt <> - start itt controller for pid #3882124
761 [22764471707328] INFO perfrun.perfcollector <> - attaching to pid: 3882124, collect mode: 1, rc modes: 1
775 [22764386436800] WARN perfrun.perfcollector <> - Perf stat trace pipe capacity: read = 1048576, write = 1048576, at file: vcs/perfrun1/plugins/perfcollector/src/profiler.cpp:765
784 [22764386436800] INFO perfrun.sdk <> - runCmd: /opt/intel/oneapi/vtune/2023.1.0/bin64/amplxe-perf stat -v --log-fd 22 --control=fd:23,26 --scale -x ; -p 3882124 -e cpu/event=0x3c,name='CPU_CLK_UNHALTED.THREAD'/Duk,cpu/umask=0x3,name='CPU_CLK_UNHALTED.REF_TSC'/Duk,cpu/event=0xc0,name='INST_RETIRED.ANY'/Duk,cpu/event=0x3c,umask=0x1,name='CPU_CLK_UNHALTED.REF_XCLK'/uk,cpu/event=0x3c,umask=0x2,name='CPU_CLK_UNHALTED.ONE_THREAD_ACTIVE'/uk,cpu/event=0xc7,umask=0x2,name='FP_ARITH_INST_RETIRED.SCALAR_SINGLE'/uk,cpu/event=0xc7,umask=0x8,name='FP_ARITH_INST_RETIRED.128B_PACKED_SINGLE'/uk,cpu/event=0xc7,umask=0x20,name='FP_ARITH_INST_RETIRED.256B_PACKED_SINGLE'/uk,cpu/event=0xc7,umask=0x1,name='FP_ARITH_INST_RETIRED.SCALAR_DOUBLE'/uk,cpu/event=0xc7,umask=0x4,name='FP_ARITH_INST_RETIRED.128B_PACKED_DOUBLE'/uk,cpu/event=0xc7,umask=0x10,name='FP_ARITH_INST_RETIRED.256B_PACKED_DOUBLE'/uk,cpu/event=0xc0,umask=0x2,name='INST_RETIRED.X87'/uk,cpu/event=0xc2,umask=0x2,name='UOPS_RETIRED.RETIRE_SLOTS'/uk /opt/intel/oneapi/vtune/2023.1.0/bin64/amplxe-perf-sync sync sys
785 [22764386436800] INFO perfrun.sdk <> - runCmd started PID 3882161
929 [22764471707328] INFO perfrun.tpss <> - start tpss controller for pid #3882124
980 [22764614838144] INFO perfrun.launcher <> - Launcher: all plugins were started
980 [22764614838144] INFO perfrun.launcher <> - DirectoryMonitor object was created
980 [22764614838144] INFO perfrun.launcher <> - DirectoryMonitor: a callback was added
980 [22764614838144] INFO perfrun.launcher <> - DirectoryMonitor was started with pingTime = 1000
980 [22764614838144] INFO perfrun.launcher <> - DeadlineTimer is going to be constructed
980 [22764614838144] INFO perfrun.launcher <> - DeadlineTimer: a callback was added
982 [22764614838144] INFO perfrun.launcher <> - Launcher: resume the profiled application and  wait its termination or stop command
94001 [22764614838144] INFO perfrun.launcher <> - Launcher: the profiled application was terminated  with exit code = 1
94172 [22764471707328] INFO perfrun.itt <> - detach itt controller
94172 [22764471707328] INFO perfrun.itt <> - detach itt controller done
94174 [22764386436800] INFO perfrun.perfcollector <> - Monitor: runCmd RC = true
94174 [22764471707328] INFO perfrun.perfcollector <> - Monitor: state = 3, error = 1
94175 [22764471707328] INFO perfrun.tpss <> - stop tpss controller
94177 [22764471707328] INFO perfrun.sdk <> - De-allocating TMU: /home/course/hpc/users/2022012388/exp8/result.conv1/data.8/systemcollector-3881782-conv1.sc
94177 [22764471707328] INFO perfrun.system <> - closed the system trace file: /home/course/hpc/users/2022012388/exp8/result.conv1/data.8/systemcollector-3881782-conv1.sc
94177 [22764614838144] INFO perfrun.launcher <> - Launcher: all plugins were stopped.
94177 [22764614838144] INFO perfrun.launcher <> - DeadlineTimer is going to be destroyed
94177 [22764614838144] INFO perfrun.launcher <> - DeadlineTimer was destroyed
94177 [22764614838144] INFO perfrun.launcher <> - DirectoryMonitor object was destroyed
94177 [22764614838144] WARN perfrun.launcher <> - Stop command is ignored because it is received when collection is already stopped, at file: vcs/perfrun1/launcher/src/command_handler.cpp:226
94178 [22764614838144] INFO perfrun.launcher <> - Application exit code: 1
94178 [22764614838144] INFO perfrun.launcher <> - Exit code: 4
