14 [22851107575680] INFO perfrun.launcher <> - Launcher main begin
16 [22851107575680] INFO perfrun.launcher <> - MessageCatalogInit finished
16 [22851107575680] INFO perfrun.launcher <> - Launcher instance created
16 [22851107575680] INFO perfrun.launcher <> - argc = 7; cmdline = /opt/intel/oneapi/vtune/2023.1.0/bin64/amplxe-runss --ui-output-format xml --ui-output-fd 5 --option-file /home/course/hpc/users/2022012388/exp8/vtune_result.conv4/config/runss.options.17 
170 [22851107575680] INFO perfrun.launcher <> - create msngr2::ICliToolContext
170 [22851107575680] INFO perfrun.launcher <> - create file finder object
170 [22851107575680] INFO perfrun.launcher <> - create a result directory: pattern = /home/course/hpc/users/2022012388/exp8/vtune_result.conv4 pid = 4294967295
173 [22851107575680] INFO perfrun.sdk <> - checked that the directory /home/course/hpc/users/2022012388/exp8/vtune_result.conv4 is a local directory
173 [22851107575680] INFO perfrun.sdk <> - the directory /home/course/hpc/users/2022012388/exp8/vtune_result.conv4 is located on a share or its FS ID is unknown 26985
173 [22851107575680] INFO perfrun.sdk <> - checked that the directory /tmp/amplxe-tmp-2022012388 is a local directory
173 [22851107575680] INFO perfrun.sdk <> - the directory /tmp/amplxe-tmp-2022012388 is located on a share or its FS ID is unknown 2035054128
174 [22851107575680] INFO perfrun.launcher <> - create data directory = /home/course/hpc/users/2022012388/exp8/vtune_result.conv4/data.18
175 [22851107575680] INFO perfrun.launcher <> - Creating the master collection flag
175 [22851107575680] INFO perfrun.launcher <> - Done creating the master collection flag
178 [22850964547264] INFO perfrun.launcher <> - plugin [remoteplug] was disabled because it doesn't support the given collection type.
178 [22850964547264] INFO perfrun.sdk <> - Allocating TMU :/home/course/hpc/users/2022012388/exp8/vtune_result.conv4/data.18/systemcollector-3362724-conv4.sc
179 [22850964547264] INFO perfrun.launcher <> - plugin [vdso] was disabled because it doesn't support the given collection type.
179 [22850964547264] INFO perfrun.launcher <> - plugin [ptracecollector] was disabled because it doesn't support the given collection type.
179 [22850964547264] INFO perfrun.launcher <> - plugin [gpu] was disabled because it doesn't support the given collection type.
179 [22850964547264] INFO perfrun.launcher <> - plugin [] was disabled because it doesn't support the given collection type.
179 [22850964547264] INFO perfrun.launcher <> - plugin [] was disabled because it doesn't support the given collection type.
179 [22850964547264] INFO perfrun.launcher <> - plugin [] was disabled because it doesn't support the given collection type.
179 [22850964547264] INFO perfrun.mrte <> - system-wide mode is 0
179 [22850964547264] INFO perfrun.mrte <> - Getting  mrte profiling environment ...
193 [22850964547264] INFO perfrun.mrte <> - INTEL_MRTE_DATA_DIR=/home/course/hpc/users/2022012388/exp8/vtune_result.conv4/data.18
193 [22850964547264] INFO perfrun.mrte <> - INTEL_MRTE_HOST_NAME=conv4
193 [22850964547264] INFO perfrun.mrte <> - JAVA_TOOL_OPTIONS=-agentlib:amplxe_tpssmrte_javaprof_1.0 -Dsun.boot.library.path=/opt/intel/oneapi/vtune/2023.1.0/lib32/runtime:/opt/intel/oneapi/vtune/2023.1.0/lib64/runtime
193 [22850964547264] INFO perfrun.mrte <> - LD_LIBRARY_PATH=/opt/intel/oneapi/vtune/2023.1.0/lib32/runtime:/opt/intel/oneapi/vtune/2023.1.0/lib64/runtime:/opt/intel/oneapi/tbb/2021.5.1/env/../lib/intel64/gcc4.8:/opt/intel/oneapi/mpi/2021.5.1//libfabric/lib:/opt/intel/oneapi/mpi/2021.5.1//lib/release:/opt/intel/oneapi/mpi/2021.5.1//lib:/opt/intel/oneapi/mkl/2022.0.2/lib/intel64:/opt/intel/oneapi/itac/2021.5.0/slib:/opt/intel/oneapi/debugger/2021.5.0/gdb/intel64/lib:/opt/intel/oneapi/debugger/2021.5.0/libipt/intel64/lib:/opt/intel/oneapi/debugger/2021.5.0/dep/lib:/opt/intel/oneapi/compiler/2022.0.2/linux/lib:/opt/intel/oneapi/compiler/2022.0.2/linux/lib/x64:/opt/intel/oneapi/compiler/2022.0.2/linux/lib/oclfpga/host/linux64/lib:/opt/intel/oneapi/compiler/2022.0.2/linux/compiler/lib/intel64_lin
193 [22850964547264] INFO perfrun.mrte <> - CORECLR_ENABLE_PROFILING=1
193 [22850964547264] INFO perfrun.mrte <> - CORECLR_PROFILER={AA5E4821-E3B1-479c-B7FF-5AD047D22CED}
193 [22850964547264] INFO perfrun.mrte <> - CORECLR_PROFILER_PATH=/opt/intel/oneapi/vtune/2023.1.0/lib64/libamplxe_samplingmrte_clrprof_1.0.so
193 [22850964547264] INFO perfrun.mrte <> - INTEL_MRTE_PROFILER_MODE=mixed
193 [22850964547264] INFO perfrun.mrte <> - Data directory: /home/course/hpc/users/2022012388/exp8/vtune_result.conv4/data.18
193 [22850964547264] INFO perfrun.mrte <> - Mrte plugin is initialized
193 [22850964547264] INFO perfrun.launcher <> - plugin [emon] was disabled because it doesn't support the given collection type.
193 [22850964547264] INFO perfrun.launcher <> - plugin [cuscol] was disabled because it doesn't support the given collection type.
193 [22850964547264] INFO perfrun.launcher <> - plugin [stdsrc] was disabled because it doesn't support the given collection type.
193 [22850964547264] INFO perfrun.launcher <> - plugin [sep] was disabled because it doesn't support the given collection type.
193 [22850964547264] INFO perfrun.launcher <> - plugin [vtsspp] was disabled because it doesn't support the given collection type.
193 [22850964547264] INFO perfrun.sdk <> - Reading value (0) from file: /proc/sys/kernel/perf_event_paranoid
193 [22850964547264] INFO perfrun.perfcollector <> - checking access to: /opt/intel/oneapi/vtune/2023.1.0/bin64/amplxe-perf-priv
196 [22850964547264] INFO perfrun.perfcollector <> - cpu: family = 6 model = 79
196 [22850964547264] INFO perfrun.perfcollector <> - dir found: /sys/bus/event_source/devices/software
196 [22850964547264] INFO perfrun.perfcollector <> - format: pmu format subdir doesn't exist
196 [22850964547264] INFO perfrun.perfcollector <> - hwInfo: not set, pmuFam: software
197 [22850964547264] INFO perfrun.perfcollector <> - pmu added: family: software, id: 0
197 [22850964547264] INFO perfrun.perfcollector <> - dir found: /sys/bus/event_source/devices/uncore_imc_5
197 [22850964547264] INFO perfrun.perfcollector <> - format: event config:0-7 mask:0-7
198 [22850964547264] INFO perfrun.perfcollector <> - format: edge config:18 mask:18
198 [22850964547264] INFO perfrun.perfcollector <> - format: inv config:23 mask:23
198 [22850964547264] INFO perfrun.perfcollector <> - format: umask config:8-15 mask:8-15
199 [22850964547264] INFO perfrun.perfcollector <> - format: thresh config:24-31 mask:24-31
199 [22850964547264] INFO perfrun.perfcollector <> - hwInfo: PERF_IMC_PMU_DETAILS
199 [22850964547264] INFO perfrun.perfcollector <> - pmu added: family: uncore_imc, id: 5
199 [22850964547264] INFO perfrun.perfcollector <> - dir found: /sys/bus/event_source/devices/uncore_sbox_2
200 [22850964547264] INFO perfrun.perfcollector <> - format: event config:0-7 mask:0-7
200 [22850964547264] INFO perfrun.perfcollector <> - format: edge config:18 mask:18
200 [22850964547264] INFO perfrun.perfcollector <> - format: inv config:23 mask:23
201 [22850964547264] INFO perfrun.perfcollector <> - format: umask config:8-15 mask:8-15
201 [22850964547264] INFO perfrun.perfcollector <> - format: tid_en config:19 mask:19
201 [22850964547264] INFO perfrun.perfcollector <> - format: thresh config:24-31 mask:24-31
201 [22850964547264] INFO perfrun.perfcollector <> - hwInfo: not set, pmuFam: uncore_sbox
201 [22850964547264] INFO perfrun.perfcollector <> - pmu added: family: uncore_sbox, id: 2
202 [22850964547264] INFO perfrun.perfcollector <> - dir found: /sys/bus/event_source/devices/uncore_cbox_8
202 [22850964547264] INFO perfrun.perfcollector <> - format: event config:0-7 mask:0-7
202 [22850964547264] INFO perfrun.perfcollector <> - format: filter_link config1:6-8 mask:6-8
203 [22850964547264] INFO perfrun.perfcollector <> - format: filter_c6 config1:61 mask:61
203 [22850964547264] INFO perfrun.perfcollector <> - format: edge config:18 mask:18
203 [22850964547264] INFO perfrun.perfcollector <> - format: filter_isoc config1:63 mask:63
204 [22850964547264] INFO perfrun.perfcollector <> - format: filter_tid config1:0-5 mask:0-5
204 [22850964547264] INFO perfrun.perfcollector <> - format: filter_nid config1:32-47 mask:32-47
204 [22850964547264] INFO perfrun.perfcollector <> - format: filter_nc config1:62 mask:62
205 [22850964547264] INFO perfrun.perfcollector <> - format: umask config:8-15 mask:8-15
205 [22850964547264] INFO perfrun.perfcollector <> - format: tid_en config:19 mask:19
205 [22850964547264] INFO perfrun.perfcollector <> - format: thresh config:24-31 mask:24-31
205 [22850964547264] INFO perfrun.perfcollector <> - format: filter_state config1:17-23 mask:17-23
206 [22850964547264] INFO perfrun.perfcollector <> - format: filter_opc config1:52-60 mask:52-60
206 [22850964547264] INFO perfrun.perfcollector <> - hwInfo: PERF_CBOX_PMU_DETAILS
206 [22850964547264] INFO perfrun.perfcollector <> - pmu added: family: uncore_cbox, id: 8
206 [22850964547264] INFO perfrun.perfcollector <> - dir found: /sys/bus/event_source/devices/uncore_cbox_13
207 [22850964547264] INFO perfrun.perfcollector <> - format: event config:0-7 mask:0-7
207 [22850964547264] INFO perfrun.perfcollector <> - format: filter_link config1:6-8 mask:6-8
207 [22850964547264] INFO perfrun.perfcollector <> - format: filter_c6 config1:61 mask:61
208 [22850964547264] INFO perfrun.perfcollector <> - format: edge config:18 mask:18
208 [22850964547264] INFO perfrun.perfcollector <> - format: filter_isoc config1:63 mask:63
208 [22850964547264] INFO perfrun.perfcollector <> - format: filter_tid config1:0-5 mask:0-5
208 [22850964547264] INFO perfrun.perfcollector <> - format: filter_nid config1:32-47 mask:32-47
209 [22850964547264] INFO perfrun.perfcollector <> - format: filter_nc config1:62 mask:62
209 [22850964547264] INFO perfrun.perfcollector <> - format: umask config:8-15 mask:8-15
209 [22850964547264] INFO perfrun.perfcollector <> - format: tid_en config:19 mask:19
210 [22850964547264] INFO perfrun.perfcollector <> - format: thresh config:24-31 mask:24-31
210 [22850964547264] INFO perfrun.perfcollector <> - format: filter_state config1:17-23 mask:17-23
210 [22850964547264] INFO perfrun.perfcollector <> - format: filter_opc config1:52-60 mask:52-60
210 [22850964547264] INFO perfrun.perfcollector <> - hwInfo: PERF_CBOX_PMU_DETAILS
210 [22850964547264] INFO perfrun.perfcollector <> - pmu added: family: uncore_cbox, id: 13
210 [22850964547264] INFO perfrun.perfcollector <> - dir found: /sys/bus/event_source/devices/uncore_r2pcie
211 [22850964547264] INFO perfrun.perfcollector <> - format: event config:0-7 mask:0-7
211 [22850964547264] INFO perfrun.perfcollector <> - format: edge config:18 mask:18
212 [22850964547264] INFO perfrun.perfcollector <> - format: inv config:23 mask:23
212 [22850964547264] INFO perfrun.perfcollector <> - format: umask config:8-15 mask:8-15
212 [22850964547264] INFO perfrun.perfcollector <> - format: thresh config:24-31 mask:24-31
212 [22850964547264] INFO perfrun.perfcollector <> - hwInfo: not set, pmuFam: uncore_r2pcie
213 [22850964547264] INFO perfrun.perfcollector <> - pmu added: family: uncore_r2pcie, id: 0
213 [22850964547264] INFO perfrun.perfcollector <> - dir found: /sys/bus/event_source/devices/uncore_sbox_0
213 [22850964547264] INFO perfrun.perfcollector <> - format: event config:0-7 mask:0-7
213 [22850964547264] INFO perfrun.perfcollector <> - format: edge config:18 mask:18
214 [22850964547264] INFO perfrun.perfcollector <> - format: inv config:23 mask:23
214 [22850964547264] INFO perfrun.perfcollector <> - format: umask config:8-15 mask:8-15
214 [22850964547264] INFO perfrun.perfcollector <> - format: tid_en config:19 mask:19
214 [22850964547264] INFO perfrun.perfcollector <> - format: thresh config:24-31 mask:24-31
214 [22850964547264] INFO perfrun.perfcollector <> - hwInfo: not set, pmuFam: uncore_sbox
214 [22850964547264] INFO perfrun.perfcollector <> - pmu added: family: uncore_sbox, id: 0
214 [22850964547264] INFO perfrun.perfcollector <> - dir found: /sys/bus/event_source/devices/uncore_qpi_1
215 [22850964547264] INFO perfrun.perfcollector <> - format: mask_rnid4 config2:31 mask:31
215 [22850964547264] INFO perfrun.perfcollector <> - format: mask_rnid30 config2:32-35 mask:32-35
215 [22850964547264] INFO perfrun.perfcollector <> - format: match_rnid30 config1:32-35 mask:32-35
215 [22850964547264] INFO perfrun.perfcollector <> - format: event config:0-7,21 mask:0-7,21
215 [22850964547264] INFO perfrun.perfcollector <> - format: match0 config1:0-31 mask:0-31
215 [22850964547264] INFO perfrun.perfcollector <> - format: match_rds config1:48-51 mask:48-51
215 [22850964547264] INFO perfrun.perfcollector <> - format: mask_rds config2:48-51 mask:48-51
215 [22850964547264] INFO perfrun.perfcollector <> - format: edge config:18 mask:18
216 [22850964547264] INFO perfrun.perfcollector <> - format: mask1 config2:32-63 mask:32-63
216 [22850964547264] INFO perfrun.perfcollector <> - format: match_dnid config1:13-17 mask:13-17
216 [22850964547264] INFO perfrun.perfcollector <> - format: mask_dnid config2:13-17 mask:13-17
216 [22850964547264] INFO perfrun.perfcollector <> - format: match_vnw config1:3-4 mask:3-4
216 [22850964547264] INFO perfrun.perfcollector <> - format: mask_vnw config2:3-4 mask:3-4
216 [22850964547264] INFO perfrun.perfcollector <> - format: mask_mc config2:9-12 mask:9-12
216 [22850964547264] INFO perfrun.perfcollector <> - format: match1 config1:32-63 mask:32-63
216 [22850964547264] INFO perfrun.perfcollector <> - format: inv config:23 mask:23
217 [22850964547264] INFO perfrun.perfcollector <> - format: umask config:8-15 mask:8-15
217 [22850964547264] INFO perfrun.perfcollector <> - format: match_opc config1:5-8 mask:5-8
217 [22850964547264] INFO perfrun.perfcollector <> - format: mask_opc config2:5-8 mask:5-8
217 [22850964547264] INFO perfrun.perfcollector <> - format: thresh config:24-31 mask:24-31
217 [22850964547264] INFO perfrun.perfcollector <> - format: match_rnid4 config1:31 mask:31
217 [22850964547264] INFO perfrun.perfcollector <> - format: mask0 config2:0-31 mask:0-31
217 [22850964547264] INFO perfrun.perfcollector <> - format: match_mc config1:9-12 mask:9-12
217 [22850964547264] INFO perfrun.perfcollector <> - hwInfo: PERF_QPI_PMU_DETAILS
217 [22850964547264] INFO perfrun.perfcollector <> - pmu added: family: uncore_qpi, id: 1
217 [22850964547264] INFO perfrun.perfcollector <> - dir found: /sys/bus/event_source/devices/uncore_cbox_6
218 [22850964547264] INFO perfrun.perfcollector <> - format: event config:0-7 mask:0-7
218 [22850964547264] INFO perfrun.perfcollector <> - format: filter_link config1:6-8 mask:6-8
218 [22850964547264] INFO perfrun.perfcollector <> - format: filter_c6 config1:61 mask:61
218 [22850964547264] INFO perfrun.perfcollector <> - format: edge config:18 mask:18
218 [22850964547264] INFO perfrun.perfcollector <> - format: filter_isoc config1:63 mask:63
218 [22850964547264] INFO perfrun.perfcollector <> - format: filter_tid config1:0-5 mask:0-5
218 [22850964547264] INFO perfrun.perfcollector <> - format: filter_nid config1:32-47 mask:32-47
219 [22850964547264] INFO perfrun.perfcollector <> - format: filter_nc config1:62 mask:62
219 [22850964547264] INFO perfrun.perfcollector <> - format: umask config:8-15 mask:8-15
219 [22850964547264] INFO perfrun.perfcollector <> - format: tid_en config:19 mask:19
219 [22850964547264] INFO perfrun.perfcollector <> - format: thresh config:24-31 mask:24-31
219 [22850964547264] INFO perfrun.perfcollector <> - format: filter_state config1:17-23 mask:17-23
219 [22850964547264] INFO perfrun.perfcollector <> - format: filter_opc config1:52-60 mask:52-60
219 [22850964547264] INFO perfrun.perfcollector <> - hwInfo: PERF_CBOX_PMU_DETAILS
220 [22850964547264] INFO perfrun.perfcollector <> - pmu added: family: uncore_cbox, id: 6
220 [22850964547264] INFO perfrun.perfcollector <> - dir found: /sys/bus/event_source/devices/uncore_imc_1
220 [22850964547264] INFO perfrun.perfcollector <> - format: event config:0-7 mask:0-7
220 [22850964547264] INFO perfrun.perfcollector <> - format: edge config:18 mask:18
220 [22850964547264] INFO perfrun.perfcollector <> - format: inv config:23 mask:23
220 [22850964547264] INFO perfrun.perfcollector <> - format: umask config:8-15 mask:8-15
220 [22850964547264] INFO perfrun.perfcollector <> - format: thresh config:24-31 mask:24-31
220 [22850964547264] INFO perfrun.perfcollector <> - hwInfo: PERF_IMC_PMU_DETAILS
221 [22850964547264] INFO perfrun.perfcollector <> - pmu added: family: uncore_imc, id: 1
221 [22850964547264] INFO perfrun.perfcollector <> - dir found: /sys/bus/event_source/devices/power
221 [22850964547264] INFO perfrun.perfcollector <> - format: event config:0-7 mask:0-7
221 [22850964547264] INFO perfrun.perfcollector <> - hwInfo: not set, pmuFam: power
221 [22850964547264] INFO perfrun.perfcollector <> - pmu added: family: power, id: 0
221 [22850964547264] INFO perfrun.perfcollector <> - dir found: /sys/bus/event_source/devices/uncore_cbox_11
222 [22850964547264] INFO perfrun.perfcollector <> - format: event config:0-7 mask:0-7
222 [22850964547264] INFO perfrun.perfcollector <> - format: filter_link config1:6-8 mask:6-8
222 [22850964547264] INFO perfrun.perfcollector <> - format: filter_c6 config1:61 mask:61
222 [22850964547264] INFO perfrun.perfcollector <> - format: edge config:18 mask:18
223 [22850964547264] INFO perfrun.perfcollector <> - format: filter_isoc config1:63 mask:63
223 [22850964547264] INFO perfrun.perfcollector <> - format: filter_tid config1:0-5 mask:0-5
223 [22850964547264] INFO perfrun.perfcollector <> - format: filter_nid config1:32-47 mask:32-47
223 [22850964547264] INFO perfrun.perfcollector <> - format: filter_nc config1:62 mask:62
224 [22850964547264] INFO perfrun.perfcollector <> - format: umask config:8-15 mask:8-15
224 [22850964547264] INFO perfrun.perfcollector <> - format: tid_en config:19 mask:19
224 [22850964547264] INFO perfrun.perfcollector <> - format: thresh config:24-31 mask:24-31
224 [22850964547264] INFO perfrun.perfcollector <> - format: filter_state config1:17-23 mask:17-23
225 [22850964547264] INFO perfrun.perfcollector <> - format: filter_opc config1:52-60 mask:52-60
225 [22850964547264] INFO perfrun.perfcollector <> - hwInfo: PERF_CBOX_PMU_DETAILS
225 [22850964547264] INFO perfrun.perfcollector <> - pmu added: family: uncore_cbox, id: 11
225 [22850964547264] INFO perfrun.perfcollector <> - dir found: /sys/bus/event_source/devices/uncore_cbox_4
226 [22850964547264] INFO perfrun.perfcollector <> - format: event config:0-7 mask:0-7
226 [22850964547264] INFO perfrun.perfcollector <> - format: filter_link config1:6-8 mask:6-8
226 [22850964547264] INFO perfrun.perfcollector <> - format: filter_c6 config1:61 mask:61
227 [22850964547264] INFO perfrun.perfcollector <> - format: edge config:18 mask:18
227 [22850964547264] INFO perfrun.perfcollector <> - format: filter_isoc config1:63 mask:63
227 [22850964547264] INFO perfrun.perfcollector <> - format: filter_tid config1:0-5 mask:0-5
227 [22850964547264] INFO perfrun.perfcollector <> - format: filter_nid config1:32-47 mask:32-47
228 [22850964547264] INFO perfrun.perfcollector <> - format: filter_nc config1:62 mask:62
228 [22850964547264] INFO perfrun.perfcollector <> - format: umask config:8-15 mask:8-15
228 [22850964547264] INFO perfrun.perfcollector <> - format: tid_en config:19 mask:19
229 [22850964547264] INFO perfrun.perfcollector <> - format: thresh config:24-31 mask:24-31
229 [22850964547264] INFO perfrun.perfcollector <> - format: filter_state config1:17-23 mask:17-23
229 [22850964547264] INFO perfrun.perfcollector <> - format: filter_opc config1:52-60 mask:52-60
229 [22850964547264] INFO perfrun.perfcollector <> - hwInfo: PERF_CBOX_PMU_DETAILS
230 [22850964547264] INFO perfrun.perfcollector <> - pmu added: family: uncore_cbox, id: 4
230 [22850964547264] INFO perfrun.perfcollector <> - dir found: /sys/bus/event_source/devices/uprobe
230 [22850964547264] INFO perfrun.perfcollector <> - format: ref_ctr_offset config:32-63 mask:32-63
230 [22850964547264] INFO perfrun.perfcollector <> - format: retprobe config:0 mask:0
230 [22850964547264] INFO perfrun.perfcollector <> - hwInfo: not set, pmuFam: uprobe
231 [22850964547264] INFO perfrun.perfcollector <> - pmu added: family: uprobe, id: 0
231 [22850964547264] INFO perfrun.perfcollector <> - dir found: /sys/bus/event_source/devices/intel_bts
231 [22850964547264] INFO perfrun.perfcollector <> - format: pmu format subdir doesn't exist
231 [22850964547264] INFO perfrun.perfcollector <> - hwInfo: not set, pmuFam: intel_bts
231 [22850964547264] INFO perfrun.perfcollector <> - pmu added: family: intel_bts, id: 0
231 [22850964547264] INFO perfrun.perfcollector <> - dir found: /sys/bus/event_source/devices/cpu
232 [22850964547264] INFO perfrun.perfcollector <> - format: event config:0-7 mask:0-7
232 [22850964547264] INFO perfrun.perfcollector <> - format: pc config:19 mask:19
233 [22850964547264] INFO perfrun.perfcollector <> - format: in_tx config:32 mask:32
233 [22850964547264] INFO perfrun.perfcollector <> - format: edge config:18 mask:18
233 [22850964547264] INFO perfrun.perfcollector <> - format: any config:21 mask:21
233 [22850964547264] INFO perfrun.perfcollector <> - format: offcore_rsp config1:0-63 mask:0-63
234 [22850964547264] INFO perfrun.perfcollector <> - format: in_tx_cp config:33 mask:33
234 [22850964547264] INFO perfrun.perfcollector <> - format: ldlat config1:0-15 mask:0-15
234 [22850964547264] INFO perfrun.perfcollector <> - format: inv config:23 mask:23
234 [22850964547264] INFO perfrun.perfcollector <> - format: umask config:8-15 mask:8-15
235 [22850964547264] INFO perfrun.perfcollector <> - format: cmask config:24-31 mask:24-31
235 [22850964547264] INFO perfrun.perfcollector <> - hwInfo: PERF_CPU_PMU_DETAILS
235 [22850964547264] INFO perfrun.perfcollector <> - pmu added: family: cpu, id: 0
235 [22850964547264] INFO perfrun.perfcollector <> - dir found: /sys/bus/event_source/devices/uncore_r3qpi_0
236 [22850964547264] INFO perfrun.perfcollector <> - format: event config:0-7 mask:0-7
236 [22850964547264] INFO perfrun.perfcollector <> - format: edge config:18 mask:18
236 [22850964547264] INFO perfrun.perfcollector <> - format: inv config:23 mask:23
236 [22850964547264] INFO perfrun.perfcollector <> - format: umask config:8-15 mask:8-15
237 [22850964547264] INFO perfrun.perfcollector <> - format: thresh config:24-31 mask:24-31
237 [22850964547264] INFO perfrun.perfcollector <> - hwInfo: not set, pmuFam: uncore_r3qpi
237 [22850964547264] INFO perfrun.perfcollector <> - pmu added: family: uncore_r3qpi, id: 0
237 [22850964547264] INFO perfrun.perfcollector <> - dir found: /sys/bus/event_source/devices/cstate_core
238 [22850964547264] INFO perfrun.perfcollector <> - format: event config:0-63 mask:0-63
238 [22850964547264] INFO perfrun.perfcollector <> - hwInfo: not set, pmuFam: cstate_core
238 [22850964547264] INFO perfrun.perfcollector <> - pmu added: family: cstate_core, id: 0
238 [22850964547264] INFO perfrun.perfcollector <> - dir found: /sys/bus/event_source/devices/uncore_cbox_2
239 [22850964547264] INFO perfrun.perfcollector <> - format: event config:0-7 mask:0-7
239 [22850964547264] INFO perfrun.perfcollector <> - format: filter_link config1:6-8 mask:6-8
239 [22850964547264] INFO perfrun.perfcollector <> - format: filter_c6 config1:61 mask:61
240 [22850964547264] INFO perfrun.perfcollector <> - format: edge config:18 mask:18
240 [22850964547264] INFO perfrun.perfcollector <> - format: filter_isoc config1:63 mask:63
240 [22850964547264] INFO perfrun.perfcollector <> - format: filter_tid config1:0-5 mask:0-5
240 [22850964547264] INFO perfrun.perfcollector <> - format: filter_nid config1:32-47 mask:32-47
241 [22850964547264] INFO perfrun.perfcollector <> - format: filter_nc config1:62 mask:62
241 [22850964547264] INFO perfrun.perfcollector <> - format: umask config:8-15 mask:8-15
241 [22850964547264] INFO perfrun.perfcollector <> - format: tid_en config:19 mask:19
241 [22850964547264] INFO perfrun.perfcollector <> - format: thresh config:24-31 mask:24-31
242 [22850964547264] INFO perfrun.perfcollector <> - format: filter_state config1:17-23 mask:17-23
242 [22850964547264] INFO perfrun.perfcollector <> - format: filter_opc config1:52-60 mask:52-60
242 [22850964547264] INFO perfrun.perfcollector <> - hwInfo: PERF_CBOX_PMU_DETAILS
242 [22850964547264] INFO perfrun.perfcollector <> - pmu added: family: uncore_cbox, id: 2
242 [22850964547264] INFO perfrun.perfcollector <> - dir found: /sys/bus/event_source/devices/breakpoint
243 [22850964547264] INFO perfrun.perfcollector <> - format: pmu format subdir doesn't exist
243 [22850964547264] INFO perfrun.perfcollector <> - hwInfo: not set, pmuFam: breakpoint
243 [22850964547264] INFO perfrun.perfcollector <> - pmu added: family: breakpoint, id: 0
243 [22850964547264] INFO perfrun.perfcollector <> - dir found: /sys/bus/event_source/devices/uncore_ha_0
243 [22850964547264] INFO perfrun.perfcollector <> - format: event config:0-7 mask:0-7
244 [22850964547264] INFO perfrun.perfcollector <> - format: edge config:18 mask:18
244 [22850964547264] INFO perfrun.perfcollector <> - format: inv config:23 mask:23
244 [22850964547264] INFO perfrun.perfcollector <> - format: umask config:8-15 mask:8-15
245 [22850964547264] INFO perfrun.perfcollector <> - format: thresh config:24-31 mask:24-31
245 [22850964547264] INFO perfrun.perfcollector <> - hwInfo: not set, pmuFam: uncore_ha
245 [22850964547264] INFO perfrun.perfcollector <> - pmu added: family: uncore_ha, id: 0
245 [22850964547264] INFO perfrun.perfcollector <> - dir found: /sys/bus/event_source/devices/uncore_cbox_0
246 [22850964547264] INFO perfrun.perfcollector <> - format: event config:0-7 mask:0-7
246 [22850964547264] INFO perfrun.perfcollector <> - format: filter_link config1:6-8 mask:6-8
246 [22850964547264] INFO perfrun.perfcollector <> - format: filter_c6 config1:61 mask:61
247 [22850964547264] INFO perfrun.perfcollector <> - format: edge config:18 mask:18
247 [22850964547264] INFO perfrun.perfcollector <> - format: filter_isoc config1:63 mask:63
247 [22850964547264] INFO perfrun.perfcollector <> - format: filter_tid config1:0-5 mask:0-5
248 [22850964547264] INFO perfrun.perfcollector <> - format: filter_nid config1:32-47 mask:32-47
248 [22850964547264] INFO perfrun.perfcollector <> - format: filter_nc config1:62 mask:62
248 [22850964547264] INFO perfrun.perfcollector <> - format: umask config:8-15 mask:8-15
248 [22850964547264] INFO perfrun.perfcollector <> - format: tid_en config:19 mask:19
249 [22850964547264] INFO perfrun.perfcollector <> - format: thresh config:24-31 mask:24-31
249 [22850964547264] INFO perfrun.perfcollector <> - format: filter_state config1:17-23 mask:17-23
249 [22850964547264] INFO perfrun.perfcollector <> - format: filter_opc config1:52-60 mask:52-60
249 [22850964547264] INFO perfrun.perfcollector <> - hwInfo: PERF_CBOX_PMU_DETAILS
249 [22850964547264] INFO perfrun.perfcollector <> - pmu added: family: uncore_cbox, id: 0
250 [22850964547264] INFO perfrun.perfcollector <> - dir found: /sys/bus/event_source/devices/tracepoint
250 [22850964547264] INFO perfrun.perfcollector <> - format: pmu format subdir doesn't exist
250 [22850964547264] INFO perfrun.perfcollector <> - hwInfo: not set, pmuFam: tracepoint
250 [22850964547264] INFO perfrun.perfcollector <> - pmu added: family: tracepoint, id: 0
250 [22850964547264] INFO perfrun.perfcollector <> - dir found: /sys/bus/event_source/devices/uncore_sbox_3
251 [22850964547264] INFO perfrun.perfcollector <> - format: event config:0-7 mask:0-7
251 [22850964547264] INFO perfrun.perfcollector <> - format: edge config:18 mask:18
251 [22850964547264] INFO perfrun.perfcollector <> - format: inv config:23 mask:23
252 [22850964547264] INFO perfrun.perfcollector <> - format: umask config:8-15 mask:8-15
252 [22850964547264] INFO perfrun.perfcollector <> - format: tid_en config:19 mask:19
252 [22850964547264] INFO perfrun.perfcollector <> - format: thresh config:24-31 mask:24-31
252 [22850964547264] INFO perfrun.perfcollector <> - hwInfo: not set, pmuFam: uncore_sbox
252 [22850964547264] INFO perfrun.perfcollector <> - pmu added: family: uncore_sbox, id: 3
253 [22850964547264] INFO perfrun.perfcollector <> - dir found: /sys/bus/event_source/devices/uncore_cbox_9
253 [22850964547264] INFO perfrun.perfcollector <> - format: event config:0-7 mask:0-7
254 [22850964547264] INFO perfrun.perfcollector <> - format: filter_link config1:6-8 mask:6-8
254 [22850964547264] INFO perfrun.perfcollector <> - format: filter_c6 config1:61 mask:61
254 [22850964547264] INFO perfrun.perfcollector <> - format: edge config:18 mask:18
255 [22850964547264] INFO perfrun.perfcollector <> - format: filter_isoc config1:63 mask:63
255 [22850964547264] INFO perfrun.perfcollector <> - format: filter_tid config1:0-5 mask:0-5
255 [22850964547264] INFO perfrun.perfcollector <> - format: filter_nid config1:32-47 mask:32-47
255 [22850964547264] INFO perfrun.perfcollector <> - format: filter_nc config1:62 mask:62
256 [22850964547264] INFO perfrun.perfcollector <> - format: umask config:8-15 mask:8-15
256 [22850964547264] INFO perfrun.perfcollector <> - format: tid_en config:19 mask:19
256 [22850964547264] INFO perfrun.perfcollector <> - format: thresh config:24-31 mask:24-31
257 [22850964547264] INFO perfrun.perfcollector <> - format: filter_state config1:17-23 mask:17-23
257 [22850964547264] INFO perfrun.perfcollector <> - format: filter_opc config1:52-60 mask:52-60
257 [22850964547264] INFO perfrun.perfcollector <> - hwInfo: PERF_CBOX_PMU_DETAILS
257 [22850964547264] INFO perfrun.perfcollector <> - pmu added: family: uncore_cbox, id: 9
257 [22850964547264] INFO perfrun.perfcollector <> - dir found: /sys/bus/event_source/devices/cstate_pkg
258 [22850964547264] INFO perfrun.perfcollector <> - format: event config:0-63 mask:0-63
258 [22850964547264] INFO perfrun.perfcollector <> - hwInfo: not set, pmuFam: cstate_pkg
258 [22850964547264] INFO perfrun.perfcollector <> - pmu added: family: cstate_pkg, id: 0
258 [22850964547264] INFO perfrun.perfcollector <> - dir found: /sys/bus/event_source/devices/uncore_imc_4
259 [22850964547264] INFO perfrun.perfcollector <> - format: event config:0-7 mask:0-7
259 [22850964547264] INFO perfrun.perfcollector <> - format: edge config:18 mask:18
259 [22850964547264] INFO perfrun.perfcollector <> - format: inv config:23 mask:23
260 [22850964547264] INFO perfrun.perfcollector <> - format: umask config:8-15 mask:8-15
260 [22850964547264] INFO perfrun.perfcollector <> - format: thresh config:24-31 mask:24-31
260 [22850964547264] INFO perfrun.perfcollector <> - hwInfo: PERF_IMC_PMU_DETAILS
260 [22850964547264] INFO perfrun.perfcollector <> - pmu added: family: uncore_imc, id: 4
261 [22850964547264] INFO perfrun.perfcollector <> - dir found: /sys/bus/event_source/devices/uncore_ubox
261 [22850964547264] INFO perfrun.perfcollector <> - format: event config:0-7 mask:0-7
261 [22850964547264] INFO perfrun.perfcollector <> - format: edge config:18 mask:18
262 [22850964547264] INFO perfrun.perfcollector <> - format: inv config:23 mask:23
262 [22850964547264] INFO perfrun.perfcollector <> - format: umask config:8-15 mask:8-15
262 [22850964547264] INFO perfrun.perfcollector <> - format: thresh config:24-28 mask:24-28
262 [22850964547264] INFO perfrun.perfcollector <> - hwInfo: not set, pmuFam: uncore_ubox
262 [22850964547264] INFO perfrun.perfcollector <> - pmu added: family: uncore_ubox, id: 0
263 [22850964547264] INFO perfrun.perfcollector <> - dir found: /sys/bus/event_source/devices/uncore_sbox_1
263 [22850964547264] INFO perfrun.perfcollector <> - format: event config:0-7 mask:0-7
263 [22850964547264] INFO perfrun.perfcollector <> - format: edge config:18 mask:18
264 [22850964547264] INFO perfrun.perfcollector <> - format: inv config:23 mask:23
264 [22850964547264] INFO perfrun.perfcollector <> - format: umask config:8-15 mask:8-15
264 [22850964547264] INFO perfrun.perfcollector <> - format: tid_en config:19 mask:19
264 [22850964547264] INFO perfrun.perfcollector <> - format: thresh config:24-31 mask:24-31
264 [22850964547264] INFO perfrun.perfcollector <> - hwInfo: not set, pmuFam: uncore_sbox
265 [22850964547264] INFO perfrun.perfcollector <> - pmu added: family: uncore_sbox, id: 1
265 [22850964547264] INFO perfrun.perfcollector <> - dir found: /sys/bus/event_source/devices/uncore_cbox_7
265 [22850964547264] INFO perfrun.perfcollector <> - format: event config:0-7 mask:0-7
265 [22850964547264] INFO perfrun.perfcollector <> - format: filter_link config1:6-8 mask:6-8
266 [22850964547264] INFO perfrun.perfcollector <> - format: filter_c6 config1:61 mask:61
266 [22850964547264] INFO perfrun.perfcollector <> - format: edge config:18 mask:18
266 [22850964547264] INFO perfrun.perfcollector <> - format: filter_isoc config1:63 mask:63
266 [22850964547264] INFO perfrun.perfcollector <> - format: filter_tid config1:0-5 mask:0-5
267 [22850964547264] INFO perfrun.perfcollector <> - format: filter_nid config1:32-47 mask:32-47
267 [22850964547264] INFO perfrun.perfcollector <> - format: filter_nc config1:62 mask:62
267 [22850964547264] INFO perfrun.perfcollector <> - format: umask config:8-15 mask:8-15
267 [22850964547264] INFO perfrun.perfcollector <> - format: tid_en config:19 mask:19
268 [22850964547264] INFO perfrun.perfcollector <> - format: thresh config:24-31 mask:24-31
268 [22850964547264] INFO perfrun.perfcollector <> - format: filter_state config1:17-23 mask:17-23
268 [22850964547264] INFO perfrun.perfcollector <> - format: filter_opc config1:52-60 mask:52-60
268 [22850964547264] INFO perfrun.perfcollector <> - hwInfo: PERF_CBOX_PMU_DETAILS
268 [22850964547264] INFO perfrun.perfcollector <> - pmu added: family: uncore_cbox, id: 7
269 [22850964547264] INFO perfrun.perfcollector <> - dir found: /sys/bus/event_source/devices/uncore_cbox_12
269 [22850964547264] INFO perfrun.perfcollector <> - format: event config:0-7 mask:0-7
269 [22850964547264] INFO perfrun.perfcollector <> - format: filter_link config1:6-8 mask:6-8
270 [22850964547264] INFO perfrun.perfcollector <> - format: filter_c6 config1:61 mask:61
270 [22850964547264] INFO perfrun.perfcollector <> - format: edge config:18 mask:18
270 [22850964547264] INFO perfrun.perfcollector <> - format: filter_isoc config1:63 mask:63
270 [22850964547264] INFO perfrun.perfcollector <> - format: filter_tid config1:0-5 mask:0-5
270 [22850964547264] INFO perfrun.perfcollector <> - format: filter_nid config1:32-47 mask:32-47
271 [22850964547264] INFO perfrun.perfcollector <> - format: filter_nc config1:62 mask:62
271 [22850964547264] INFO perfrun.perfcollector <> - format: umask config:8-15 mask:8-15
271 [22850964547264] INFO perfrun.perfcollector <> - format: tid_en config:19 mask:19
271 [22850964547264] INFO perfrun.perfcollector <> - format: thresh config:24-31 mask:24-31
272 [22850964547264] INFO perfrun.perfcollector <> - format: filter_state config1:17-23 mask:17-23
272 [22850964547264] INFO perfrun.perfcollector <> - format: filter_opc config1:52-60 mask:52-60
272 [22850964547264] INFO perfrun.perfcollector <> - hwInfo: PERF_CBOX_PMU_DETAILS
272 [22850964547264] INFO perfrun.perfcollector <> - pmu added: family: uncore_cbox, id: 12
272 [22850964547264] INFO perfrun.perfcollector <> - dir found: /sys/bus/event_source/devices/kprobe
273 [22850964547264] INFO perfrun.perfcollector <> - format: retprobe config:0 mask:0
273 [22850964547264] INFO perfrun.perfcollector <> - hwInfo: not set, pmuFam: kprobe
273 [22850964547264] INFO perfrun.perfcollector <> - pmu added: family: kprobe, id: 0
273 [22850964547264] INFO perfrun.perfcollector <> - dir found: /sys/bus/event_source/devices/uncore_qpi_0
274 [22850964547264] INFO perfrun.perfcollector <> - format: mask_rnid4 config2:31 mask:31
274 [22850964547264] INFO perfrun.perfcollector <> - format: mask_rnid30 config2:32-35 mask:32-35
274 [22850964547264] INFO perfrun.perfcollector <> - format: match_rnid30 config1:32-35 mask:32-35
275 [22850964547264] INFO perfrun.perfcollector <> - format: event config:0-7,21 mask:0-7,21
275 [22850964547264] INFO perfrun.perfcollector <> - format: match0 config1:0-31 mask:0-31
275 [22850964547264] INFO perfrun.perfcollector <> - format: match_rds config1:48-51 mask:48-51
275 [22850964547264] INFO perfrun.perfcollector <> - format: mask_rds config2:48-51 mask:48-51
276 [22850964547264] INFO perfrun.perfcollector <> - format: edge config:18 mask:18
276 [22850964547264] INFO perfrun.perfcollector <> - format: mask1 config2:32-63 mask:32-63
276 [22850964547264] INFO perfrun.perfcollector <> - format: match_dnid config1:13-17 mask:13-17
276 [22850964547264] INFO perfrun.perfcollector <> - format: mask_dnid config2:13-17 mask:13-17
276 [22850964547264] INFO perfrun.perfcollector <> - format: match_vnw config1:3-4 mask:3-4
277 [22850964547264] INFO perfrun.perfcollector <> - format: mask_vnw config2:3-4 mask:3-4
277 [22850964547264] INFO perfrun.perfcollector <> - format: mask_mc config2:9-12 mask:9-12
277 [22850964547264] INFO perfrun.perfcollector <> - format: match1 config1:32-63 mask:32-63
277 [22850964547264] INFO perfrun.perfcollector <> - format: inv config:23 mask:23
277 [22850964547264] INFO perfrun.perfcollector <> - format: umask config:8-15 mask:8-15
278 [22850964547264] INFO perfrun.perfcollector <> - format: match_opc config1:5-8 mask:5-8
278 [22850964547264] INFO perfrun.perfcollector <> - format: mask_opc config2:5-8 mask:5-8
278 [22850964547264] INFO perfrun.perfcollector <> - format: thresh config:24-31 mask:24-31
278 [22850964547264] INFO perfrun.perfcollector <> - format: match_rnid4 config1:31 mask:31
278 [22850964547264] INFO perfrun.perfcollector <> - format: mask0 config2:0-31 mask:0-31
279 [22850964547264] INFO perfrun.perfcollector <> - format: match_mc config1:9-12 mask:9-12
279 [22850964547264] INFO perfrun.perfcollector <> - hwInfo: PERF_QPI_PMU_DETAILS
279 [22850964547264] INFO perfrun.perfcollector <> - pmu added: family: uncore_qpi, id: 0
279 [22850964547264] INFO perfrun.perfcollector <> - dir found: /sys/bus/event_source/devices/uncore_cbox_5
280 [22850964547264] INFO perfrun.perfcollector <> - format: event config:0-7 mask:0-7
280 [22850964547264] INFO perfrun.perfcollector <> - format: filter_link config1:6-8 mask:6-8
280 [22850964547264] INFO perfrun.perfcollector <> - format: filter_c6 config1:61 mask:61
280 [22850964547264] INFO perfrun.perfcollector <> - format: edge config:18 mask:18
280 [22850964547264] INFO perfrun.perfcollector <> - format: filter_isoc config1:63 mask:63
281 [22850964547264] INFO perfrun.perfcollector <> - format: filter_tid config1:0-5 mask:0-5
281 [22850964547264] INFO perfrun.perfcollector <> - format: filter_nid config1:32-47 mask:32-47
281 [22850964547264] INFO perfrun.perfcollector <> - format: filter_nc config1:62 mask:62
281 [22850964547264] INFO perfrun.perfcollector <> - format: umask config:8-15 mask:8-15
282 [22850964547264] INFO perfrun.perfcollector <> - format: tid_en config:19 mask:19
282 [22850964547264] INFO perfrun.perfcollector <> - format: thresh config:24-31 mask:24-31
282 [22850964547264] INFO perfrun.perfcollector <> - format: filter_state config1:17-23 mask:17-23
282 [22850964547264] INFO perfrun.perfcollector <> - format: filter_opc config1:52-60 mask:52-60
282 [22850964547264] INFO perfrun.perfcollector <> - hwInfo: PERF_CBOX_PMU_DETAILS
282 [22850964547264] INFO perfrun.perfcollector <> - pmu added: family: uncore_cbox, id: 5
283 [22850964547264] INFO perfrun.perfcollector <> - dir found: /sys/bus/event_source/devices/uncore_imc_0
283 [22850964547264] INFO perfrun.perfcollector <> - format: event config:0-7 mask:0-7
283 [22850964547264] INFO perfrun.perfcollector <> - format: edge config:18 mask:18
283 [22850964547264] INFO perfrun.perfcollector <> - format: inv config:23 mask:23
284 [22850964547264] INFO perfrun.perfcollector <> - format: umask config:8-15 mask:8-15
284 [22850964547264] INFO perfrun.perfcollector <> - format: thresh config:24-31 mask:24-31
284 [22850964547264] INFO perfrun.perfcollector <> - hwInfo: PERF_IMC_PMU_DETAILS
284 [22850964547264] INFO perfrun.perfcollector <> - pmu added: family: uncore_imc, id: 0
284 [22850964547264] INFO perfrun.perfcollector <> - dir found: /sys/bus/event_source/devices/uncore_cbox_10
285 [22850964547264] INFO perfrun.perfcollector <> - format: event config:0-7 mask:0-7
285 [22850964547264] INFO perfrun.perfcollector <> - format: filter_link config1:6-8 mask:6-8
285 [22850964547264] INFO perfrun.perfcollector <> - format: filter_c6 config1:61 mask:61
285 [22850964547264] INFO perfrun.perfcollector <> - format: edge config:18 mask:18
285 [22850964547264] INFO perfrun.perfcollector <> - format: filter_isoc config1:63 mask:63
286 [22850964547264] INFO perfrun.perfcollector <> - format: filter_tid config1:0-5 mask:0-5
286 [22850964547264] INFO perfrun.perfcollector <> - format: filter_nid config1:32-47 mask:32-47
286 [22850964547264] INFO perfrun.perfcollector <> - format: filter_nc config1:62 mask:62
286 [22850964547264] INFO perfrun.perfcollector <> - format: umask config:8-15 mask:8-15
286 [22850964547264] INFO perfrun.perfcollector <> - format: tid_en config:19 mask:19
287 [22850964547264] INFO perfrun.perfcollector <> - format: thresh config:24-31 mask:24-31
287 [22850964547264] INFO perfrun.perfcollector <> - format: filter_state config1:17-23 mask:17-23
287 [22850964547264] INFO perfrun.perfcollector <> - format: filter_opc config1:52-60 mask:52-60
287 [22850964547264] INFO perfrun.perfcollector <> - hwInfo: PERF_CBOX_PMU_DETAILS
287 [22850964547264] INFO perfrun.perfcollector <> - pmu added: family: uncore_cbox, id: 10
287 [22850964547264] INFO perfrun.perfcollector <> - dir found: /sys/bus/event_source/devices/uncore_pcu
288 [22850964547264] INFO perfrun.perfcollector <> - format: filter_band2 config1:16-23 mask:16-23
288 [22850964547264] INFO perfrun.perfcollector <> - format: event config:0-7 mask:0-7
288 [22850964547264] INFO perfrun.perfcollector <> - format: filter_band0 config1:0-7 mask:0-7
288 [22850964547264] INFO perfrun.perfcollector <> - format: edge config:18 mask:18
288 [22850964547264] INFO perfrun.perfcollector <> - format: occ_invert config:30 mask:30
289 [22850964547264] INFO perfrun.perfcollector <> - format: occ_edge config:14-51 mask:14-51
289 [22850964547264] INFO perfrun.perfcollector <> - format: filter_band3 config1:24-31 mask:24-31
289 [22850964547264] INFO perfrun.perfcollector <> - format: filter_band1 config1:8-15 mask:8-15
289 [22850964547264] INFO perfrun.perfcollector <> - format: inv config:23 mask:23
289 [22850964547264] INFO perfrun.perfcollector <> - format: thresh config:24-28 mask:24-28
289 [22850964547264] INFO perfrun.perfcollector <> - format: occ_sel config:14-15 mask:14-15
289 [22850964547264] INFO perfrun.perfcollector <> - hwInfo: not set, pmuFam: uncore_pcu
290 [22850964547264] INFO perfrun.perfcollector <> - pmu added: family: uncore_pcu, id: 0
290 [22850964547264] INFO perfrun.perfcollector <> - dir found: /sys/bus/event_source/devices/uncore_r3qpi_1
290 [22850964547264] INFO perfrun.perfcollector <> - format: event config:0-7 mask:0-7
290 [22850964547264] INFO perfrun.perfcollector <> - format: edge config:18 mask:18
291 [22850964547264] INFO perfrun.perfcollector <> - format: inv config:23 mask:23
291 [22850964547264] INFO perfrun.perfcollector <> - format: umask config:8-15 mask:8-15
291 [22850964547264] INFO perfrun.perfcollector <> - format: thresh config:24-31 mask:24-31
291 [22850964547264] INFO perfrun.perfcollector <> - hwInfo: not set, pmuFam: uncore_r3qpi
291 [22850964547264] INFO perfrun.perfcollector <> - pmu added: family: uncore_r3qpi, id: 1
291 [22850964547264] INFO perfrun.perfcollector <> - dir found: /sys/bus/event_source/devices/msr
291 [22850964547264] INFO perfrun.perfcollector <> - format: event config:0-63 mask:0-63
291 [22850964547264] INFO perfrun.perfcollector <> - hwInfo: not set, pmuFam: msr
292 [22850964547264] INFO perfrun.perfcollector <> - pmu added: family: msr, id: 0
292 [22850964547264] INFO perfrun.perfcollector <> - dir found: /sys/bus/event_source/devices/uncore_cbox_3
292 [22850964547264] INFO perfrun.perfcollector <> - format: event config:0-7 mask:0-7
292 [22850964547264] INFO perfrun.perfcollector <> - format: filter_link config1:6-8 mask:6-8
292 [22850964547264] INFO perfrun.perfcollector <> - format: filter_c6 config1:61 mask:61
293 [22850964547264] INFO perfrun.perfcollector <> - format: edge config:18 mask:18
293 [22850964547264] INFO perfrun.perfcollector <> - format: filter_isoc config1:63 mask:63
293 [22850964547264] INFO perfrun.perfcollector <> - format: filter_tid config1:0-5 mask:0-5
293 [22850964547264] INFO perfrun.perfcollector <> - format: filter_nid config1:32-47 mask:32-47
293 [22850964547264] INFO perfrun.perfcollector <> - format: filter_nc config1:62 mask:62
293 [22850964547264] INFO perfrun.perfcollector <> - format: umask config:8-15 mask:8-15
294 [22850964547264] INFO perfrun.perfcollector <> - format: tid_en config:19 mask:19
294 [22850964547264] INFO perfrun.perfcollector <> - format: thresh config:24-31 mask:24-31
294 [22850964547264] INFO perfrun.perfcollector <> - format: filter_state config1:17-23 mask:17-23
294 [22850964547264] INFO perfrun.perfcollector <> - format: filter_opc config1:52-60 mask:52-60
294 [22850964547264] INFO perfrun.perfcollector <> - hwInfo: PERF_CBOX_PMU_DETAILS
294 [22850964547264] INFO perfrun.perfcollector <> - pmu added: family: uncore_cbox, id: 3
294 [22850964547264] INFO perfrun.perfcollector <> - dir found: /sys/bus/event_source/devices/intel_pt
295 [22850964547264] INFO perfrun.perfcollector <> - format: ptw config:12 mask:12
295 [22850964547264] INFO perfrun.perfcollector <> - format: event config:31 mask:31
295 [22850964547264] INFO perfrun.perfcollector <> - format: cyc_thresh config:19-22 mask:19-22
295 [22850964547264] INFO perfrun.perfcollector <> - format: pt config:0 mask:0
295 [22850964547264] INFO perfrun.perfcollector <> - format: notnt config:55 mask:55
296 [22850964547264] INFO perfrun.perfcollector <> - format: branch config:13 mask:13
296 [22850964547264] INFO perfrun.perfcollector <> - format: tsc config:10 mask:10
296 [22850964547264] INFO perfrun.perfcollector <> - format: pwr_evt config:4 mask:4
296 [22850964547264] INFO perfrun.perfcollector <> - format: fup_on_ptw config:5 mask:5
296 [22850964547264] INFO perfrun.perfcollector <> - format: cyc config:1 mask:1
296 [22850964547264] INFO perfrun.perfcollector <> - format: noretcomp config:11 mask:11
297 [22850964547264] INFO perfrun.perfcollector <> - format: mtc config:9 mask:9
297 [22850964547264] INFO perfrun.perfcollector <> - format: psb_period config:24-27 mask:24-27
297 [22850964547264] INFO perfrun.perfcollector <> - format: mtc_period config:14-17 mask:14-17
297 [22850964547264] INFO perfrun.perfcollector <> - hwInfo: not set, pmuFam: intel_pt
297 [22850964547264] INFO perfrun.perfcollector <> - pmu added: family: intel_pt, id: 0
297 [22850964547264] INFO perfrun.perfcollector <> - dir found: /sys/bus/event_source/devices/uncore_ha_1
298 [22850964547264] INFO perfrun.perfcollector <> - format: event config:0-7 mask:0-7
298 [22850964547264] INFO perfrun.perfcollector <> - format: edge config:18 mask:18
298 [22850964547264] INFO perfrun.perfcollector <> - format: inv config:23 mask:23
298 [22850964547264] INFO perfrun.perfcollector <> - format: umask config:8-15 mask:8-15
298 [22850964547264] INFO perfrun.perfcollector <> - format: thresh config:24-31 mask:24-31
298 [22850964547264] INFO perfrun.perfcollector <> - hwInfo: not set, pmuFam: uncore_ha
298 [22850964547264] INFO perfrun.perfcollector <> - pmu added: family: uncore_ha, id: 1
298 [22850964547264] INFO perfrun.perfcollector <> - dir found: /sys/bus/event_source/devices/uncore_cbox_1
298 [22850964547264] INFO perfrun.perfcollector <> - format: event config:0-7 mask:0-7
299 [22850964547264] INFO perfrun.perfcollector <> - format: filter_link config1:6-8 mask:6-8
299 [22850964547264] INFO perfrun.perfcollector <> - format: filter_c6 config1:61 mask:61
299 [22850964547264] INFO perfrun.perfcollector <> - format: edge config:18 mask:18
299 [22850964547264] INFO perfrun.perfcollector <> - format: filter_isoc config1:63 mask:63
299 [22850964547264] INFO perfrun.perfcollector <> - format: filter_tid config1:0-5 mask:0-5
299 [22850964547264] INFO perfrun.perfcollector <> - format: filter_nid config1:32-47 mask:32-47
299 [22850964547264] INFO perfrun.perfcollector <> - format: filter_nc config1:62 mask:62
299 [22850964547264] INFO perfrun.perfcollector <> - format: umask config:8-15 mask:8-15
299 [22850964547264] INFO perfrun.perfcollector <> - format: tid_en config:19 mask:19
299 [22850964547264] INFO perfrun.perfcollector <> - format: thresh config:24-31 mask:24-31
299 [22850964547264] INFO perfrun.perfcollector <> - format: filter_state config1:17-23 mask:17-23
299 [22850964547264] INFO perfrun.perfcollector <> - format: filter_opc config1:52-60 mask:52-60
299 [22850964547264] INFO perfrun.perfcollector <> - hwInfo: PERF_CBOX_PMU_DETAILS
300 [22850964547264] INFO perfrun.perfcollector <> - pmu added: family: uncore_cbox, id: 1
300 [22850964547264] INFO perfrun.sdk <> - runCmd: /opt/intel/oneapi/vtune/2023.1.0/bin64/sep -dry-run -sam 1 -ec CPU_CLK_UNHALTED.THREAD,CPU_CLK_UNHALTED.REF_TSC:sample:sa=2400000,INST_RETIRED.ANY:sample:sa=2400000,CPU_CLK_UNHALTED.REF_XCLK,CPU_CLK_UNHALTED.ONE_THREAD_ACTIVE,FP_ARITH_INST_RETIRED.SCALAR_SINGLE,FP_ARITH_INST_RETIRED.128B_PACKED_SINGLE,FP_ARITH_INST_RETIRED.256B_PACKED_SINGLE,FP_ARITH_INST_RETIRED.SCALAR_DOUBLE,FP_ARITH_INST_RETIRED.128B_PACKED_DOUBLE,FP_ARITH_INST_RETIRED.256B_PACKED_DOUBLE,INST_RETIRED.X87,UOPS_RETIRED.RETIRE_SLOTS:sample:sa=2000003 -experimental
300 [22850964547264] INFO perfrun.sdk <> - runCmd started PID 3362816
320 [22850964547264] INFO perfrun.perfcollector <> - SepDryRun RC = true
324 [22850964547264] INFO perfrun.perfcollector <> - DRY_RUN: "PMU type: Core (core)"
324 [22850964547264] INFO perfrun.perfcollector <> - pmu type: cpu
324 [22850964547264] INFO perfrun.perfcollector <> - DRY_RUN: "Group 0:"
324 [22850964547264] INFO perfrun.perfcollector <> - id: 0
324 [22850964547264] INFO perfrun.perfcollector <> - DRY_RUN: "INST_RETIRED.ANY: event id 2"
324 [22850964547264] INFO perfrun.perfcollector <> - eventName: INST_RETIRED.ANY, eventId: 2
324 [22850964547264] INFO perfrun.perfcollector <> - DRY_RUN: "CPU_CLK_UNHALTED.THREAD: event id 0"
324 [22850964547264] INFO perfrun.perfcollector <> - eventName: CPU_CLK_UNHALTED.THREAD, eventId: 0
324 [22850964547264] INFO perfrun.perfcollector <> - DRY_RUN: "CPU_CLK_UNHALTED.REF_TSC: event id 1"
324 [22850964547264] INFO perfrun.perfcollector <> - eventName: CPU_CLK_UNHALTED.REF_TSC, eventId: 1
324 [22850964547264] INFO perfrun.perfcollector <> - DRY_RUN: "FP_ARITH_INST_RETIRED.SCALAR_SINGLE: event id 5"
324 [22850964547264] INFO perfrun.perfcollector <> - eventName: FP_ARITH_INST_RETIRED.SCALAR_SINGLE, eventId: 5
324 [22850964547264] INFO perfrun.perfcollector <> - DRY_RUN: "FP_ARITH_INST_RETIRED.128B_PACKED_SINGLE: event id 6"
324 [22850964547264] INFO perfrun.perfcollector <> - eventName: FP_ARITH_INST_RETIRED.128B_PACKED_SINGLE, eventId: 6
324 [22850964547264] INFO perfrun.perfcollector <> - DRY_RUN: "FP_ARITH_INST_RETIRED.256B_PACKED_SINGLE: event id 7"
324 [22850964547264] INFO perfrun.perfcollector <> - eventName: FP_ARITH_INST_RETIRED.256B_PACKED_SINGLE, eventId: 7
324 [22850964547264] INFO perfrun.perfcollector <> - DRY_RUN: "FP_ARITH_INST_RETIRED.SCALAR_DOUBLE: event id 8"
324 [22850964547264] INFO perfrun.perfcollector <> - eventName: FP_ARITH_INST_RETIRED.SCALAR_DOUBLE, eventId: 8
324 [22850964547264] INFO perfrun.perfcollector <> - DRY_RUN: "CPU_CLK_UNHALTED.REF_XCLK: event id 3"
324 [22850964547264] INFO perfrun.perfcollector <> - eventName: CPU_CLK_UNHALTED.REF_XCLK, eventId: 3
324 [22850964547264] INFO perfrun.perfcollector <> - DRY_RUN: "CPU_CLK_UNHALTED.ONE_THREAD_ACTIVE: event id 4"
324 [22850964547264] INFO perfrun.perfcollector <> - eventName: CPU_CLK_UNHALTED.ONE_THREAD_ACTIVE, eventId: 4
324 [22850964547264] INFO perfrun.perfcollector <> - DRY_RUN: "INST_RETIRED.X87: event id 11"
324 [22850964547264] INFO perfrun.perfcollector <> - eventName: INST_RETIRED.X87, eventId: 11
324 [22850964547264] INFO perfrun.perfcollector <> - DRY_RUN: "UOPS_RETIRED.RETIRE_SLOTS: event id 12"
324 [22850964547264] INFO perfrun.perfcollector <> - eventName: UOPS_RETIRED.RETIRE_SLOTS, eventId: 12
324 [22850964547264] INFO perfrun.perfcollector <> - DRY_RUN: "CCCR"
324 [22850964547264] INFO perfrun.perfcollector <> - DRY_RUN: "reg_type       = 1	event_id       = g	reg_id         = 38f	reg_value      = 7000000ff"
324 [22850964547264] INFO perfrun.perfcollector <> - eventId: g, skip parsing event_id
324 [22850964547264] INFO perfrun.perfcollector <> - Register was ignored: group_id: 0, reg_type: 1, event_id: 4294967295, reg_id: 38f, reg_value: 7000000ff, pmu_name: cpu
324 [22850964547264] INFO perfrun.perfcollector <> - DRY_RUN: "reg_type       = 1	event_id       = g	reg_id         = 390	reg_value      = 7000000ff"
324 [22850964547264] INFO perfrun.perfcollector <> - eventId: g, skip parsing event_id
324 [22850964547264] INFO perfrun.perfcollector <> - Register was ignored: group_id: 0, reg_type: 1, event_id: 4294967295, reg_id: 390, reg_value: 7000000ff, pmu_name: cpu
324 [22850964547264] INFO perfrun.perfcollector <> - DRY_RUN: "reg_type       = 1	event_id       = g	reg_id         = 3f1	reg_value      = 0"
324 [22850964547264] INFO perfrun.perfcollector <> - eventId: g, skip parsing event_id
324 [22850964547264] INFO perfrun.perfcollector <> - Register was ignored: group_id: 0, reg_type: 1, event_id: 4294967295, reg_id: 3f1, reg_value: 0, pmu_name: cpu
324 [22850964547264] INFO perfrun.perfcollector <> - DRY_RUN: "reg_type       = 1	event_id       = g	reg_id         = 1d9	reg_value      = 1800"
324 [22850964547264] INFO perfrun.perfcollector <> - eventId: g, skip parsing event_id
324 [22850964547264] INFO perfrun.perfcollector <> - Register was ignored: group_id: 0, reg_type: 1, event_id: 4294967295, reg_id: 1d9, reg_value: 1800, pmu_name: cpu
324 [22850964547264] INFO perfrun.perfcollector <> - DRY_RUN: "reg_type       = 1	event_id       = g	reg_id         = 38d	reg_value      = bbb"
324 [22850964547264] INFO perfrun.perfcollector <> - eventId: g, skip parsing event_id
324 [22850964547264] INFO perfrun.perfcollector <> - Register was ignored: group_id: 0, reg_type: 1, event_id: 4294967295, reg_id: 38d, reg_value: bbb, pmu_name: cpu
324 [22850964547264] INFO perfrun.perfcollector <> - DRY_RUN: "reg_type       = 1	event_id       = 5	reg_id         = 186	reg_value      = 5302c7"
324 [22850964547264] INFO perfrun.perfcollector <> - Event selector: group_id: 0, reg_type: 1, event_id: 5, reg_id: 186, reg_value: 5302c7, pmu_name: cpu
324 [22850964547264] INFO perfrun.perfcollector <> - DRY_RUN: "reg_type       = 1	event_id       = 6	reg_id         = 187	reg_value      = 5308c7"
324 [22850964547264] INFO perfrun.perfcollector <> - Event selector: group_id: 0, reg_type: 1, event_id: 6, reg_id: 187, reg_value: 5308c7, pmu_name: cpu
324 [22850964547264] INFO perfrun.perfcollector <> - DRY_RUN: "reg_type       = 1	event_id       = 7	reg_id         = 188	reg_value      = 5320c7"
324 [22850964547264] INFO perfrun.perfcollector <> - Event selector: group_id: 0, reg_type: 1, event_id: 7, reg_id: 188, reg_value: 5320c7, pmu_name: cpu
324 [22850964547264] INFO perfrun.perfcollector <> - DRY_RUN: "reg_type       = 1	event_id       = 8	reg_id         = 189	reg_value      = 5301c7"
324 [22850964547264] INFO perfrun.perfcollector <> - Event selector: group_id: 0, reg_type: 1, event_id: 8, reg_id: 189, reg_value: 5301c7, pmu_name: cpu
324 [22850964547264] INFO perfrun.perfcollector <> - DRY_RUN: "reg_type       = 1	event_id       = 3	reg_id         = 18a	reg_value      = 53013c"
324 [22850964547264] INFO perfrun.perfcollector <> - Event selector: group_id: 0, reg_type: 1, event_id: 3, reg_id: 18a, reg_value: 53013c, pmu_name: cpu
324 [22850964547264] INFO perfrun.perfcollector <> - DRY_RUN: "reg_type       = 1	event_id       = 4	reg_id         = 18b	reg_value      = 53023c"
324 [22850964547264] INFO perfrun.perfcollector <> - Event selector: group_id: 0, reg_type: 1, event_id: 4, reg_id: 18b, reg_value: 53023c, pmu_name: cpu
324 [22850964547264] INFO perfrun.perfcollector <> - DRY_RUN: "reg_type       = 1	event_id       = 11	reg_id         = 18c	reg_value      = 5302c0"
324 [22850964547264] INFO perfrun.perfcollector <> - Event selector: group_id: 0, reg_type: 1, event_id: 11, reg_id: 18c, reg_value: 5302c0, pmu_name: cpu
324 [22850964547264] INFO perfrun.perfcollector <> - DRY_RUN: "reg_type       = 1	event_id       = 12	reg_id         = 18d	reg_value      = 5302c2"
324 [22850964547264] INFO perfrun.perfcollector <> - Event selector: group_id: 0, reg_type: 1, event_id: 12, reg_id: 18d, reg_value: 5302c2, pmu_name: cpu
324 [22850964547264] INFO perfrun.perfcollector <> - DRY_RUN: "ESCR"
324 [22850964547264] INFO perfrun.perfcollector <> - DRY_RUN: "reg_type       = 2	event_id       = g	reg_id         = 1c8	reg_value      = 0"
324 [22850964547264] INFO perfrun.perfcollector <> - eventId: g, skip parsing event_id
324 [22850964547264] INFO perfrun.perfcollector <> - DRY_RUN: "DATA"
324 [22850964547264] INFO perfrun.perfcollector <> - DRY_RUN: "reg_type       = 4	event_id       = 2	reg_id         = 309	reg_value      = ffffffdb6100"
324 [22850964547264] INFO perfrun.perfcollector <> - eventId: 2, dataAddr: 309, dataVal: ffffffdb6100
324 [22850964547264] INFO perfrun.perfcollector <> - DRY_RUN: "reg_type       = 4	event_id       = 0	reg_id         = 30a	reg_value      = ffffffe17b7d"
324 [22850964547264] INFO perfrun.perfcollector <> - eventId: 0, dataAddr: 30a, dataVal: ffffffe17b7d
324 [22850964547264] INFO perfrun.perfcollector <> - DRY_RUN: "reg_type       = 4	event_id       = 1	reg_id         = 30b	reg_value      = ffffffdb6100"
324 [22850964547264] INFO perfrun.perfcollector <> - eventId: 1, dataAddr: 30b, dataVal: ffffffdb6100
324 [22850964547264] INFO perfrun.perfcollector <> - DRY_RUN: "reg_type       = 4	event_id       = 5	reg_id         = c1	reg_value      = ffffffe17b7d"
324 [22850964547264] INFO perfrun.perfcollector <> - eventId: 5, dataAddr: c1, dataVal: ffffffe17b7d
324 [22850964547264] INFO perfrun.perfcollector <> - DRY_RUN: "reg_type       = 4	event_id       = 6	reg_id         = c2	reg_value      = ffffffe17b7d"
324 [22850964547264] INFO perfrun.perfcollector <> - eventId: 6, dataAddr: c2, dataVal: ffffffe17b7d
324 [22850964547264] INFO perfrun.perfcollector <> - DRY_RUN: "reg_type       = 4	event_id       = 7	reg_id         = c3	reg_value      = ffffffe17b7d"
324 [22850964547264] INFO perfrun.perfcollector <> - eventId: 7, dataAddr: c3, dataVal: ffffffe17b7d
324 [22850964547264] INFO perfrun.perfcollector <> - DRY_RUN: "reg_type       = 4	event_id       = 8	reg_id         = c4	reg_value      = ffffffe17b7d"
324 [22850964547264] INFO perfrun.perfcollector <> - eventId: 8, dataAddr: c4, dataVal: ffffffe17b7d
324 [22850964547264] INFO perfrun.perfcollector <> - DRY_RUN: "reg_type       = 4	event_id       = 3	reg_id         = c5	reg_value      = fffffffe795d"
324 [22850964547264] INFO perfrun.perfcollector <> - eventId: 3, dataAddr: c5, dataVal: fffffffe795d
324 [22850964547264] INFO perfrun.perfcollector <> - DRY_RUN: "reg_type       = 4	event_id       = 4	reg_id         = c6	reg_value      = fffffffe795d"
324 [22850964547264] INFO perfrun.perfcollector <> - eventId: 4, dataAddr: c6, dataVal: fffffffe795d
324 [22850964547264] INFO perfrun.perfcollector <> - DRY_RUN: "reg_type       = 4	event_id       = 11	reg_id         = c7	reg_value      = ffffffe17b7d"
324 [22850964547264] INFO perfrun.perfcollector <> - eventId: 11, dataAddr: c7, dataVal: ffffffe17b7d
324 [22850964547264] INFO perfrun.perfcollector <> - DRY_RUN: "reg_type       = 4	event_id       = 12	reg_id         = c8	reg_value      = ffffffe17b7d"
324 [22850964547264] INFO perfrun.perfcollector <> - eventId: 12, dataAddr: c8, dataVal: ffffffe17b7d
324 [22850964547264] INFO perfrun.perfcollector <> - DRY_RUN: "Group 1:"
324 [22850964547264] INFO perfrun.perfcollector <> - id: 1
324 [22850964547264] INFO perfrun.perfcollector <> - DRY_RUN: "INST_RETIRED.ANY: event id 2"
324 [22850964547264] INFO perfrun.perfcollector <> - eventName: INST_RETIRED.ANY, eventId: 2
324 [22850964547264] INFO perfrun.perfcollector <> - DRY_RUN: "CPU_CLK_UNHALTED.THREAD: event id 0"
324 [22850964547264] INFO perfrun.perfcollector <> - eventName: CPU_CLK_UNHALTED.THREAD, eventId: 0
324 [22850964547264] INFO perfrun.perfcollector <> - DRY_RUN: "CPU_CLK_UNHALTED.REF_TSC: event id 1"
324 [22850964547264] INFO perfrun.perfcollector <> - eventName: CPU_CLK_UNHALTED.REF_TSC, eventId: 1
324 [22850964547264] INFO perfrun.perfcollector <> - DRY_RUN: "FP_ARITH_INST_RETIRED.128B_PACKED_DOUBLE: event id 9"
324 [22850964547264] INFO perfrun.perfcollector <> - eventName: FP_ARITH_INST_RETIRED.128B_PACKED_DOUBLE, eventId: 9
324 [22850964547264] INFO perfrun.perfcollector <> - DRY_RUN: "FP_ARITH_INST_RETIRED.256B_PACKED_DOUBLE: event id 10"
324 [22850964547264] INFO perfrun.perfcollector <> - eventName: FP_ARITH_INST_RETIRED.256B_PACKED_DOUBLE, eventId: 10
324 [22850964547264] INFO perfrun.perfcollector <> - DRY_RUN: "CCCR"
324 [22850964547264] INFO perfrun.perfcollector <> - DRY_RUN: "reg_type       = 1	event_id       = g	reg_id         = 38f	reg_value      = 700000003"
324 [22850964547264] INFO perfrun.perfcollector <> - eventId: g, skip parsing event_id
324 [22850964547264] INFO perfrun.perfcollector <> - Register was ignored: group_id: 1, reg_type: 1, event_id: 4294967295, reg_id: 38f, reg_value: 700000003, pmu_name: cpu
324 [22850964547264] INFO perfrun.perfcollector <> - DRY_RUN: "reg_type       = 1	event_id       = g	reg_id         = 390	reg_value      = 700000003"
324 [22850964547264] INFO perfrun.perfcollector <> - eventId: g, skip parsing event_id
324 [22850964547264] INFO perfrun.perfcollector <> - Register was ignored: group_id: 1, reg_type: 1, event_id: 4294967295, reg_id: 390, reg_value: 700000003, pmu_name: cpu
324 [22850964547264] INFO perfrun.perfcollector <> - DRY_RUN: "reg_type       = 1	event_id       = g	reg_id         = 3f1	reg_value      = 0"
324 [22850964547264] INFO perfrun.perfcollector <> - eventId: g, skip parsing event_id
325 [22850964547264] INFO perfrun.perfcollector <> - Register was ignored: group_id: 1, reg_type: 1, event_id: 4294967295, reg_id: 3f1, reg_value: 0, pmu_name: cpu
325 [22850964547264] INFO perfrun.perfcollector <> - DRY_RUN: "reg_type       = 1	event_id       = g	reg_id         = 1d9	reg_value      = 1800"
325 [22850964547264] INFO perfrun.perfcollector <> - eventId: g, skip parsing event_id
325 [22850964547264] INFO perfrun.perfcollector <> - Register was ignored: group_id: 1, reg_type: 1, event_id: 4294967295, reg_id: 1d9, reg_value: 1800, pmu_name: cpu
325 [22850964547264] INFO perfrun.perfcollector <> - DRY_RUN: "reg_type       = 1	event_id       = g	reg_id         = 38d	reg_value      = bbb"
325 [22850964547264] INFO perfrun.perfcollector <> - eventId: g, skip parsing event_id
325 [22850964547264] INFO perfrun.perfcollector <> - Register was ignored: group_id: 1, reg_type: 1, event_id: 4294967295, reg_id: 38d, reg_value: bbb, pmu_name: cpu
325 [22850964547264] INFO perfrun.perfcollector <> - DRY_RUN: "reg_type       = 1	event_id       = 9	reg_id         = 186	reg_value      = 5304c7"
325 [22850964547264] INFO perfrun.perfcollector <> - Event selector: group_id: 1, reg_type: 1, event_id: 9, reg_id: 186, reg_value: 5304c7, pmu_name: cpu
325 [22850964547264] INFO perfrun.perfcollector <> - DRY_RUN: "reg_type       = 1	event_id       = 10	reg_id         = 187	reg_value      = 5310c7"
325 [22850964547264] INFO perfrun.perfcollector <> - Event selector: group_id: 1, reg_type: 1, event_id: 10, reg_id: 187, reg_value: 5310c7, pmu_name: cpu
325 [22850964547264] INFO perfrun.perfcollector <> - DRY_RUN: "ESCR"
325 [22850964547264] INFO perfrun.perfcollector <> - DRY_RUN: "reg_type       = 2	event_id       = g	reg_id         = 1c8	reg_value      = 0"
325 [22850964547264] INFO perfrun.perfcollector <> - eventId: g, skip parsing event_id
325 [22850964547264] INFO perfrun.perfcollector <> - DRY_RUN: "DATA"
325 [22850964547264] INFO perfrun.perfcollector <> - DRY_RUN: "reg_type       = 4	event_id       = 2	reg_id         = 309	reg_value      = ffffffdb6100"
325 [22850964547264] INFO perfrun.perfcollector <> - eventId: 2, dataAddr: 309, dataVal: ffffffdb6100
325 [22850964547264] INFO perfrun.perfcollector <> - DRY_RUN: "reg_type       = 4	event_id       = 0	reg_id         = 30a	reg_value      = ffffffe17b7d"
325 [22850964547264] INFO perfrun.perfcollector <> - eventId: 0, dataAddr: 30a, dataVal: ffffffe17b7d
325 [22850964547264] INFO perfrun.perfcollector <> - DRY_RUN: "reg_type       = 4	event_id       = 1	reg_id         = 30b	reg_value      = ffffffdb6100"
325 [22850964547264] INFO perfrun.perfcollector <> - eventId: 1, dataAddr: 30b, dataVal: ffffffdb6100
325 [22850964547264] INFO perfrun.perfcollector <> - DRY_RUN: "reg_type       = 4	event_id       = 9	reg_id         = c1	reg_value      = ffffffe17b7d"
325 [22850964547264] INFO perfrun.perfcollector <> - eventId: 9, dataAddr: c1, dataVal: ffffffe17b7d
325 [22850964547264] INFO perfrun.perfcollector <> - DRY_RUN: "reg_type       = 4	event_id       = 10	reg_id         = c2	reg_value      = ffffffe17b7d"
325 [22850964547264] INFO perfrun.perfcollector <> - eventId: 10, dataAddr: c2, dataVal: ffffffe17b7d
325 [22850964547264] INFO perfrun.perfcollector <> - event name: CPU_CLK_UNHALTED.THREAD
325 [22850964547264] INFO perfrun.perfcollector <> - pmu config: cpu
325 [22850964547264] INFO perfrun.perfcollector <> - cccrAddr: ffffffff, cccrValue: 0
325 [22850964547264] INFO perfrun.perfcollector <> - dataAddr: 30a, dataValue: ffffffffffe17b7d
325 [22850964547264] INFO perfrun.perfcollector <> - escrAddr: ffffffff, escrValue: 0
325 [22850964547264] INFO perfrun.perfcollector <> - extendedPebsValue: 0
325 [22850964547264] INFO perfrun.perfcollector <> - adaptivePebsAvailable: 0
325 [22850964547264] INFO perfrun.perfcollector <> - config: event: 3c
325 [22850964547264] INFO perfrun.perfcollector <> - config: pc: 0
325 [22850964547264] INFO perfrun.perfcollector <> - config: in_tx: 0
325 [22850964547264] INFO perfrun.perfcollector <> - config: edge: 0
325 [22850964547264] INFO perfrun.perfcollector <> - config: any: 0
325 [22850964547264] INFO perfrun.perfcollector <> - config1: offcore_rsp: 0
325 [22850964547264] INFO perfrun.perfcollector <> - config: in_tx_cp: 0
325 [22850964547264] INFO perfrun.perfcollector <> - config1: ldlat: 0
325 [22850964547264] INFO perfrun.perfcollector <> - config: inv: 0
325 [22850964547264] INFO perfrun.perfcollector <> - config: umask: 0
325 [22850964547264] INFO perfrun.perfcollector <> - config: cmask: 0
325 [22850964547264] INFO perfrun.perfcollector <> - format: cpu/event=0x3c,name='CPU_CLK_UNHALTED.THREAD'/D
325 [22850964547264] INFO perfrun.perfcollector <> - event name: CPU_CLK_UNHALTED.REF_TSC
325 [22850964547264] INFO perfrun.perfcollector <> - pmu config: cpu
325 [22850964547264] INFO perfrun.perfcollector <> - cccrAddr: ffffffff, cccrValue: 0
325 [22850964547264] INFO perfrun.perfcollector <> - dataAddr: 30b, dataValue: ffffffffffdb6100
325 [22850964547264] INFO perfrun.perfcollector <> - escrAddr: ffffffff, escrValue: 0
325 [22850964547264] INFO perfrun.perfcollector <> - extendedPebsValue: 0
325 [22850964547264] INFO perfrun.perfcollector <> - adaptivePebsAvailable: 0
325 [22850964547264] INFO perfrun.perfcollector <> - config: event: 0
325 [22850964547264] INFO perfrun.perfcollector <> - config: pc: 0
325 [22850964547264] INFO perfrun.perfcollector <> - config: in_tx: 0
325 [22850964547264] INFO perfrun.perfcollector <> - config: edge: 0
325 [22850964547264] INFO perfrun.perfcollector <> - config: any: 0
325 [22850964547264] INFO perfrun.perfcollector <> - config1: offcore_rsp: 0
325 [22850964547264] INFO perfrun.perfcollector <> - config: in_tx_cp: 0
325 [22850964547264] INFO perfrun.perfcollector <> - config1: ldlat: 0
325 [22850964547264] INFO perfrun.perfcollector <> - config: inv: 0
325 [22850964547264] INFO perfrun.perfcollector <> - config: umask: 3
325 [22850964547264] INFO perfrun.perfcollector <> - config: cmask: 0
325 [22850964547264] INFO perfrun.perfcollector <> - format: cpu/umask=0x3,name='CPU_CLK_UNHALTED.REF_TSC'/D
325 [22850964547264] INFO perfrun.perfcollector <> - event name: INST_RETIRED.ANY
325 [22850964547264] INFO perfrun.perfcollector <> - pmu config: cpu
325 [22850964547264] INFO perfrun.perfcollector <> - cccrAddr: ffffffff, cccrValue: 0
325 [22850964547264] INFO perfrun.perfcollector <> - dataAddr: 309, dataValue: ffffffffffdb6100
325 [22850964547264] INFO perfrun.perfcollector <> - escrAddr: ffffffff, escrValue: 0
325 [22850964547264] INFO perfrun.perfcollector <> - extendedPebsValue: 0
325 [22850964547264] INFO perfrun.perfcollector <> - adaptivePebsAvailable: 0
325 [22850964547264] INFO perfrun.perfcollector <> - config: event: c0
325 [22850964547264] INFO perfrun.perfcollector <> - config: pc: 0
325 [22850964547264] INFO perfrun.perfcollector <> - config: in_tx: 0
325 [22850964547264] INFO perfrun.perfcollector <> - config: edge: 0
325 [22850964547264] INFO perfrun.perfcollector <> - config: any: 0
325 [22850964547264] INFO perfrun.perfcollector <> - config1: offcore_rsp: 0
325 [22850964547264] INFO perfrun.perfcollector <> - config: in_tx_cp: 0
325 [22850964547264] INFO perfrun.perfcollector <> - config1: ldlat: 0
325 [22850964547264] INFO perfrun.perfcollector <> - config: inv: 0
325 [22850964547264] INFO perfrun.perfcollector <> - config: umask: 0
325 [22850964547264] INFO perfrun.perfcollector <> - config: cmask: 0
325 [22850964547264] INFO perfrun.perfcollector <> - format: cpu/event=0xc0,name='INST_RETIRED.ANY'/D
325 [22850964547264] INFO perfrun.perfcollector <> - event name: CPU_CLK_UNHALTED.REF_XCLK
325 [22850964547264] INFO perfrun.perfcollector <> - pmu config: cpu
325 [22850964547264] INFO perfrun.perfcollector <> - cccrAddr: 18a, cccrValue: 53013c
325 [22850964547264] INFO perfrun.perfcollector <> - dataAddr: c5, dataValue: fffffffffffe795d
325 [22850964547264] INFO perfrun.perfcollector <> - escrAddr: ffffffff, escrValue: 0
325 [22850964547264] INFO perfrun.perfcollector <> - extendedPebsValue: 0
325 [22850964547264] INFO perfrun.perfcollector <> - adaptivePebsAvailable: 0
325 [22850964547264] INFO perfrun.perfcollector <> - config: event: 3c
325 [22850964547264] INFO perfrun.perfcollector <> - config: pc: 0
325 [22850964547264] INFO perfrun.perfcollector <> - config: in_tx: 0
325 [22850964547264] INFO perfrun.perfcollector <> - config: edge: 0
325 [22850964547264] INFO perfrun.perfcollector <> - config: any: 0
325 [22850964547264] INFO perfrun.perfcollector <> - config1: offcore_rsp: 0
325 [22850964547264] INFO perfrun.perfcollector <> - config: in_tx_cp: 0
325 [22850964547264] INFO perfrun.perfcollector <> - config1: ldlat: 0
325 [22850964547264] INFO perfrun.perfcollector <> - config: inv: 0
325 [22850964547264] INFO perfrun.perfcollector <> - config: umask: 1
325 [22850964547264] INFO perfrun.perfcollector <> - config: cmask: 0
325 [22850964547264] INFO perfrun.perfcollector <> - format: cpu/event=0x3c,umask=0x1,name='CPU_CLK_UNHALTED.REF_XCLK'/
325 [22850964547264] INFO perfrun.perfcollector <> - event name: CPU_CLK_UNHALTED.ONE_THREAD_ACTIVE
325 [22850964547264] INFO perfrun.perfcollector <> - pmu config: cpu
325 [22850964547264] INFO perfrun.perfcollector <> - cccrAddr: 18b, cccrValue: 53023c
325 [22850964547264] INFO perfrun.perfcollector <> - dataAddr: c6, dataValue: fffffffffffe795d
325 [22850964547264] INFO perfrun.perfcollector <> - escrAddr: ffffffff, escrValue: 0
325 [22850964547264] INFO perfrun.perfcollector <> - extendedPebsValue: 0
325 [22850964547264] INFO perfrun.perfcollector <> - adaptivePebsAvailable: 0
325 [22850964547264] INFO perfrun.perfcollector <> - config: event: 3c
325 [22850964547264] INFO perfrun.perfcollector <> - config: pc: 0
325 [22850964547264] INFO perfrun.perfcollector <> - config: in_tx: 0
325 [22850964547264] INFO perfrun.perfcollector <> - config: edge: 0
325 [22850964547264] INFO perfrun.perfcollector <> - config: any: 0
325 [22850964547264] INFO perfrun.perfcollector <> - config1: offcore_rsp: 0
325 [22850964547264] INFO perfrun.perfcollector <> - config: in_tx_cp: 0
325 [22850964547264] INFO perfrun.perfcollector <> - config1: ldlat: 0
325 [22850964547264] INFO perfrun.perfcollector <> - config: inv: 0
325 [22850964547264] INFO perfrun.perfcollector <> - config: umask: 2
325 [22850964547264] INFO perfrun.perfcollector <> - config: cmask: 0
325 [22850964547264] INFO perfrun.perfcollector <> - format: cpu/event=0x3c,umask=0x2,name='CPU_CLK_UNHALTED.ONE_THREAD_ACTIVE'/
325 [22850964547264] INFO perfrun.perfcollector <> - event name: FP_ARITH_INST_RETIRED.SCALAR_SINGLE
325 [22850964547264] INFO perfrun.perfcollector <> - pmu config: cpu
325 [22850964547264] INFO perfrun.perfcollector <> - cccrAddr: 186, cccrValue: 5302c7
325 [22850964547264] INFO perfrun.perfcollector <> - dataAddr: c1, dataValue: ffffffffffe17b7d
325 [22850964547264] INFO perfrun.perfcollector <> - escrAddr: ffffffff, escrValue: 0
325 [22850964547264] INFO perfrun.perfcollector <> - extendedPebsValue: 0
325 [22850964547264] INFO perfrun.perfcollector <> - adaptivePebsAvailable: 0
325 [22850964547264] INFO perfrun.perfcollector <> - config: event: c7
325 [22850964547264] INFO perfrun.perfcollector <> - config: pc: 0
325 [22850964547264] INFO perfrun.perfcollector <> - config: in_tx: 0
325 [22850964547264] INFO perfrun.perfcollector <> - config: edge: 0
325 [22850964547264] INFO perfrun.perfcollector <> - config: any: 0
325 [22850964547264] INFO perfrun.perfcollector <> - config1: offcore_rsp: 0
325 [22850964547264] INFO perfrun.perfcollector <> - config: in_tx_cp: 0
325 [22850964547264] INFO perfrun.perfcollector <> - config1: ldlat: 0
325 [22850964547264] INFO perfrun.perfcollector <> - config: inv: 0
325 [22850964547264] INFO perfrun.perfcollector <> - config: umask: 2
325 [22850964547264] INFO perfrun.perfcollector <> - config: cmask: 0
325 [22850964547264] INFO perfrun.perfcollector <> - format: cpu/event=0xc7,umask=0x2,name='FP_ARITH_INST_RETIRED.SCALAR_SINGLE'/
325 [22850964547264] INFO perfrun.perfcollector <> - event name: FP_ARITH_INST_RETIRED.128B_PACKED_SINGLE
325 [22850964547264] INFO perfrun.perfcollector <> - pmu config: cpu
325 [22850964547264] INFO perfrun.perfcollector <> - cccrAddr: 187, cccrValue: 5308c7
325 [22850964547264] INFO perfrun.perfcollector <> - dataAddr: c2, dataValue: ffffffffffe17b7d
325 [22850964547264] INFO perfrun.perfcollector <> - escrAddr: ffffffff, escrValue: 0
325 [22850964547264] INFO perfrun.perfcollector <> - extendedPebsValue: 0
325 [22850964547264] INFO perfrun.perfcollector <> - adaptivePebsAvailable: 0
325 [22850964547264] INFO perfrun.perfcollector <> - config: event: c7
325 [22850964547264] INFO perfrun.perfcollector <> - config: pc: 0
325 [22850964547264] INFO perfrun.perfcollector <> - config: in_tx: 0
325 [22850964547264] INFO perfrun.perfcollector <> - config: edge: 0
325 [22850964547264] INFO perfrun.perfcollector <> - config: any: 0
325 [22850964547264] INFO perfrun.perfcollector <> - config1: offcore_rsp: 0
325 [22850964547264] INFO perfrun.perfcollector <> - config: in_tx_cp: 0
325 [22850964547264] INFO perfrun.perfcollector <> - config1: ldlat: 0
325 [22850964547264] INFO perfrun.perfcollector <> - config: inv: 0
325 [22850964547264] INFO perfrun.perfcollector <> - config: umask: 8
325 [22850964547264] INFO perfrun.perfcollector <> - config: cmask: 0
325 [22850964547264] INFO perfrun.perfcollector <> - format: cpu/event=0xc7,umask=0x8,name='FP_ARITH_INST_RETIRED.128B_PACKED_SINGLE'/
325 [22850964547264] INFO perfrun.perfcollector <> - event name: FP_ARITH_INST_RETIRED.256B_PACKED_SINGLE
325 [22850964547264] INFO perfrun.perfcollector <> - pmu config: cpu
325 [22850964547264] INFO perfrun.perfcollector <> - cccrAddr: 188, cccrValue: 5320c7
325 [22850964547264] INFO perfrun.perfcollector <> - dataAddr: c3, dataValue: ffffffffffe17b7d
325 [22850964547264] INFO perfrun.perfcollector <> - escrAddr: ffffffff, escrValue: 0
325 [22850964547264] INFO perfrun.perfcollector <> - extendedPebsValue: 0
325 [22850964547264] INFO perfrun.perfcollector <> - adaptivePebsAvailable: 0
325 [22850964547264] INFO perfrun.perfcollector <> - config: event: c7
325 [22850964547264] INFO perfrun.perfcollector <> - config: pc: 0
325 [22850964547264] INFO perfrun.perfcollector <> - config: in_tx: 0
325 [22850964547264] INFO perfrun.perfcollector <> - config: edge: 0
325 [22850964547264] INFO perfrun.perfcollector <> - config: any: 0
325 [22850964547264] INFO perfrun.perfcollector <> - config1: offcore_rsp: 0
325 [22850964547264] INFO perfrun.perfcollector <> - config: in_tx_cp: 0
325 [22850964547264] INFO perfrun.perfcollector <> - config1: ldlat: 0
325 [22850964547264] INFO perfrun.perfcollector <> - config: inv: 0
325 [22850964547264] INFO perfrun.perfcollector <> - config: umask: 20
325 [22850964547264] INFO perfrun.perfcollector <> - config: cmask: 0
325 [22850964547264] INFO perfrun.perfcollector <> - format: cpu/event=0xc7,umask=0x20,name='FP_ARITH_INST_RETIRED.256B_PACKED_SINGLE'/
325 [22850964547264] INFO perfrun.perfcollector <> - event name: FP_ARITH_INST_RETIRED.SCALAR_DOUBLE
325 [22850964547264] INFO perfrun.perfcollector <> - pmu config: cpu
325 [22850964547264] INFO perfrun.perfcollector <> - cccrAddr: 189, cccrValue: 5301c7
325 [22850964547264] INFO perfrun.perfcollector <> - dataAddr: c4, dataValue: ffffffffffe17b7d
325 [22850964547264] INFO perfrun.perfcollector <> - escrAddr: ffffffff, escrValue: 0
325 [22850964547264] INFO perfrun.perfcollector <> - extendedPebsValue: 0
325 [22850964547264] INFO perfrun.perfcollector <> - adaptivePebsAvailable: 0
325 [22850964547264] INFO perfrun.perfcollector <> - config: event: c7
325 [22850964547264] INFO perfrun.perfcollector <> - config: pc: 0
325 [22850964547264] INFO perfrun.perfcollector <> - config: in_tx: 0
325 [22850964547264] INFO perfrun.perfcollector <> - config: edge: 0
325 [22850964547264] INFO perfrun.perfcollector <> - config: any: 0
325 [22850964547264] INFO perfrun.perfcollector <> - config1: offcore_rsp: 0
325 [22850964547264] INFO perfrun.perfcollector <> - config: in_tx_cp: 0
325 [22850964547264] INFO perfrun.perfcollector <> - config1: ldlat: 0
325 [22850964547264] INFO perfrun.perfcollector <> - config: inv: 0
325 [22850964547264] INFO perfrun.perfcollector <> - config: umask: 1
325 [22850964547264] INFO perfrun.perfcollector <> - config: cmask: 0
325 [22850964547264] INFO perfrun.perfcollector <> - format: cpu/event=0xc7,umask=0x1,name='FP_ARITH_INST_RETIRED.SCALAR_DOUBLE'/
325 [22850964547264] INFO perfrun.perfcollector <> - event name: FP_ARITH_INST_RETIRED.128B_PACKED_DOUBLE
325 [22850964547264] INFO perfrun.perfcollector <> - pmu config: cpu
325 [22850964547264] INFO perfrun.perfcollector <> - cccrAddr: 186, cccrValue: 5304c7
325 [22850964547264] INFO perfrun.perfcollector <> - dataAddr: c1, dataValue: ffffffffffe17b7d
325 [22850964547264] INFO perfrun.perfcollector <> - escrAddr: ffffffff, escrValue: 0
325 [22850964547264] INFO perfrun.perfcollector <> - extendedPebsValue: 0
325 [22850964547264] INFO perfrun.perfcollector <> - adaptivePebsAvailable: 0
325 [22850964547264] INFO perfrun.perfcollector <> - config: event: c7
325 [22850964547264] INFO perfrun.perfcollector <> - config: pc: 0
325 [22850964547264] INFO perfrun.perfcollector <> - config: in_tx: 0
325 [22850964547264] INFO perfrun.perfcollector <> - config: edge: 0
325 [22850964547264] INFO perfrun.perfcollector <> - config: any: 0
325 [22850964547264] INFO perfrun.perfcollector <> - config1: offcore_rsp: 0
325 [22850964547264] INFO perfrun.perfcollector <> - config: in_tx_cp: 0
325 [22850964547264] INFO perfrun.perfcollector <> - config1: ldlat: 0
325 [22850964547264] INFO perfrun.perfcollector <> - config: inv: 0
325 [22850964547264] INFO perfrun.perfcollector <> - config: umask: 4
325 [22850964547264] INFO perfrun.perfcollector <> - config: cmask: 0
325 [22850964547264] INFO perfrun.perfcollector <> - format: cpu/event=0xc7,umask=0x4,name='FP_ARITH_INST_RETIRED.128B_PACKED_DOUBLE'/
325 [22850964547264] INFO perfrun.perfcollector <> - event name: FP_ARITH_INST_RETIRED.256B_PACKED_DOUBLE
325 [22850964547264] INFO perfrun.perfcollector <> - pmu config: cpu
325 [22850964547264] INFO perfrun.perfcollector <> - cccrAddr: 187, cccrValue: 5310c7
325 [22850964547264] INFO perfrun.perfcollector <> - dataAddr: c2, dataValue: ffffffffffe17b7d
325 [22850964547264] INFO perfrun.perfcollector <> - escrAddr: ffffffff, escrValue: 0
325 [22850964547264] INFO perfrun.perfcollector <> - extendedPebsValue: 0
325 [22850964547264] INFO perfrun.perfcollector <> - adaptivePebsAvailable: 0
325 [22850964547264] INFO perfrun.perfcollector <> - config: event: c7
325 [22850964547264] INFO perfrun.perfcollector <> - config: pc: 0
325 [22850964547264] INFO perfrun.perfcollector <> - config: in_tx: 0
325 [22850964547264] INFO perfrun.perfcollector <> - config: edge: 0
325 [22850964547264] INFO perfrun.perfcollector <> - config: any: 0
325 [22850964547264] INFO perfrun.perfcollector <> - config1: offcore_rsp: 0
325 [22850964547264] INFO perfrun.perfcollector <> - config: in_tx_cp: 0
325 [22850964547264] INFO perfrun.perfcollector <> - config1: ldlat: 0
325 [22850964547264] INFO perfrun.perfcollector <> - config: inv: 0
325 [22850964547264] INFO perfrun.perfcollector <> - config: umask: 10
325 [22850964547264] INFO perfrun.perfcollector <> - config: cmask: 0
325 [22850964547264] INFO perfrun.perfcollector <> - format: cpu/event=0xc7,umask=0x10,name='FP_ARITH_INST_RETIRED.256B_PACKED_DOUBLE'/
325 [22850964547264] INFO perfrun.perfcollector <> - event name: INST_RETIRED.X87
325 [22850964547264] INFO perfrun.perfcollector <> - pmu config: cpu
325 [22850964547264] INFO perfrun.perfcollector <> - cccrAddr: 18c, cccrValue: 5302c0
325 [22850964547264] INFO perfrun.perfcollector <> - dataAddr: c7, dataValue: ffffffffffe17b7d
325 [22850964547264] INFO perfrun.perfcollector <> - escrAddr: ffffffff, escrValue: 0
325 [22850964547264] INFO perfrun.perfcollector <> - extendedPebsValue: 0
325 [22850964547264] INFO perfrun.perfcollector <> - adaptivePebsAvailable: 0
325 [22850964547264] INFO perfrun.perfcollector <> - config: event: c0
325 [22850964547264] INFO perfrun.perfcollector <> - config: pc: 0
325 [22850964547264] INFO perfrun.perfcollector <> - config: in_tx: 0
325 [22850964547264] INFO perfrun.perfcollector <> - config: edge: 0
325 [22850964547264] INFO perfrun.perfcollector <> - config: any: 0
325 [22850964547264] INFO perfrun.perfcollector <> - config1: offcore_rsp: 0
325 [22850964547264] INFO perfrun.perfcollector <> - config: in_tx_cp: 0
325 [22850964547264] INFO perfrun.perfcollector <> - config1: ldlat: 0
325 [22850964547264] INFO perfrun.perfcollector <> - config: inv: 0
325 [22850964547264] INFO perfrun.perfcollector <> - config: umask: 2
325 [22850964547264] INFO perfrun.perfcollector <> - config: cmask: 0
325 [22850964547264] INFO perfrun.perfcollector <> - format: cpu/event=0xc0,umask=0x2,name='INST_RETIRED.X87'/
325 [22850964547264] INFO perfrun.perfcollector <> - event name: UOPS_RETIRED.RETIRE_SLOTS
325 [22850964547264] INFO perfrun.perfcollector <> - pmu config: cpu
325 [22850964547264] INFO perfrun.perfcollector <> - cccrAddr: 18d, cccrValue: 5302c2
325 [22850964547264] INFO perfrun.perfcollector <> - dataAddr: c8, dataValue: ffffffffffe17b7d
325 [22850964547264] INFO perfrun.perfcollector <> - escrAddr: ffffffff, escrValue: 0
325 [22850964547264] INFO perfrun.perfcollector <> - extendedPebsValue: 0
325 [22850964547264] INFO perfrun.perfcollector <> - adaptivePebsAvailable: 0
325 [22850964547264] INFO perfrun.perfcollector <> - config: event: c2
325 [22850964547264] INFO perfrun.perfcollector <> - config: pc: 0
325 [22850964547264] INFO perfrun.perfcollector <> - config: in_tx: 0
325 [22850964547264] INFO perfrun.perfcollector <> - config: edge: 0
325 [22850964547264] INFO perfrun.perfcollector <> - config: any: 0
325 [22850964547264] INFO perfrun.perfcollector <> - config1: offcore_rsp: 0
325 [22850964547264] INFO perfrun.perfcollector <> - config: in_tx_cp: 0
325 [22850964547264] INFO perfrun.perfcollector <> - config1: ldlat: 0
325 [22850964547264] INFO perfrun.perfcollector <> - config: inv: 0
325 [22850964547264] INFO perfrun.perfcollector <> - config: umask: 2
325 [22850964547264] INFO perfrun.perfcollector <> - config: cmask: 0
325 [22850964547264] INFO perfrun.perfcollector <> - format: cpu/event=0xc2,umask=0x2,name='UOPS_RETIRED.RETIRE_SLOTS'/
325 [22850964547264] INFO perfrun.perfcollector <> - event: cpu/event=0x3c,name='CPU_CLK_UNHALTED.THREAD'/Duk, added for counting
325 [22850964547264] INFO perfrun.perfcollector <> - event: cpu/umask=0x3,name='CPU_CLK_UNHALTED.REF_TSC'/Duk, added for counting
325 [22850964547264] INFO perfrun.perfcollector <> - event: cpu/event=0xc0,name='INST_RETIRED.ANY'/Duk, added for counting
325 [22850964547264] INFO perfrun.perfcollector <> - event: cpu/event=0x3c,umask=0x1,name='CPU_CLK_UNHALTED.REF_XCLK'/uk, added for counting
326 [22850964547264] INFO perfrun.perfcollector <> - event: cpu/event=0x3c,umask=0x2,name='CPU_CLK_UNHALTED.ONE_THREAD_ACTIVE'/uk, added for counting
326 [22850964547264] INFO perfrun.perfcollector <> - event: cpu/event=0xc7,umask=0x2,name='FP_ARITH_INST_RETIRED.SCALAR_SINGLE'/uk, added for counting
326 [22850964547264] INFO perfrun.perfcollector <> - event: cpu/event=0xc7,umask=0x8,name='FP_ARITH_INST_RETIRED.128B_PACKED_SINGLE'/uk, added for counting
326 [22850964547264] INFO perfrun.perfcollector <> - event: cpu/event=0xc7,umask=0x20,name='FP_ARITH_INST_RETIRED.256B_PACKED_SINGLE'/uk, added for counting
326 [22850964547264] INFO perfrun.perfcollector <> - event: cpu/event=0xc7,umask=0x1,name='FP_ARITH_INST_RETIRED.SCALAR_DOUBLE'/uk, added for counting
326 [22850964547264] INFO perfrun.perfcollector <> - event: cpu/event=0xc7,umask=0x4,name='FP_ARITH_INST_RETIRED.128B_PACKED_DOUBLE'/uk, added for counting
326 [22850964547264] INFO perfrun.perfcollector <> - event: cpu/event=0xc7,umask=0x10,name='FP_ARITH_INST_RETIRED.256B_PACKED_DOUBLE'/uk, added for counting
326 [22850964547264] INFO perfrun.perfcollector <> - event: cpu/event=0xc0,umask=0x2,name='INST_RETIRED.X87'/uk, added for counting
326 [22850964547264] INFO perfrun.perfcollector <> - event: cpu/event=0xc2,umask=0x2,name='UOPS_RETIRED.RETIRE_SLOTS'/uk, added for counting
326 [22850964547264] INFO perfrun.perfcollector <> - attaching to pid: 4294967295, collect mode: 1, rc modes: 3
341 [22850953500352] WARN perfrun.perfcollector <> - Perf stat trace pipe capacity: read = 1048576, write = 1048576, at file: vcs/perfrun1/plugins/perfcollector/src/profiler.cpp:765
353 [22850953500352] INFO perfrun.sdk <> - runCmd: /opt/intel/oneapi/vtune/2023.1.0/bin64/amplxe-perf stat -v --log-fd 10 --scale -x ; -e cpu/event=0x3c,name='CPU_CLK_UNHALTED.THREAD'/Duk,cpu/umask=0x3,name='CPU_CLK_UNHALTED.REF_TSC'/Duk,cpu/event=0xc0,name='INST_RETIRED.ANY'/Duk,cpu/event=0x3c,umask=0x1,name='CPU_CLK_UNHALTED.REF_XCLK'/uk,cpu/event=0x3c,umask=0x2,name='CPU_CLK_UNHALTED.ONE_THREAD_ACTIVE'/uk,cpu/event=0xc7,umask=0x2,name='FP_ARITH_INST_RETIRED.SCALAR_SINGLE'/uk,cpu/event=0xc7,umask=0x8,name='FP_ARITH_INST_RETIRED.128B_PACKED_SINGLE'/uk,cpu/event=0xc7,umask=0x20,name='FP_ARITH_INST_RETIRED.256B_PACKED_SINGLE'/uk,cpu/event=0xc7,umask=0x1,name='FP_ARITH_INST_RETIRED.SCALAR_DOUBLE'/uk,cpu/event=0xc7,umask=0x4,name='FP_ARITH_INST_RETIRED.128B_PACKED_DOUBLE'/uk,cpu/event=0xc7,umask=0x10,name='FP_ARITH_INST_RETIRED.256B_PACKED_DOUBLE'/uk,cpu/event=0xc0,umask=0x2,name='INST_RETIRED.X87'/uk,cpu/event=0xc2,umask=0x2,name='UOPS_RETIRED.RETIRE_SLOTS'/uk /opt/intel/oneapi/vtune/2023.1.0/bin64/amplxe-perf-sync dryrun sys
353 [22850953500352] INFO perfrun.sdk <> - runCmd started PID 3362881
540 [22850953500352] INFO perfrun.perfcollector <> - Monitor: runCmd RC = true
544 [22850964547264] INFO perfrun.launcher <> - plugin [aoclprofile] was disabled because it doesn't support the given collection type.
544 [22850964547264] INFO perfrun.tpss <> - initialize tpss controller
544 [22850964547264] INFO perfrun.tpss <> - configure collection mode: value = cpu:counters:nostack
544 [22850964547264] INFO perfrun.tpss <> - configure collection mode: value = cpu:stack
544 [22850964547264] INFO perfrun.tpss <> - default obj-size-min=1024
544 [22850964547264] INFO perfrun.tpss <> - default hash-table-size=0
544 [22850964547264] INFO perfrun.launcher <> - plugin [media] was disabled because it doesn't support the given collection type.
544 [22850964547264] INFO perfrun.launcher <> - plugin [] was disabled because it doesn't support the given collection type.
544 [22850964547264] INFO perfrun.launcher <> - plugin [] was disabled because it doesn't support the given collection type.
544 [22850964547264] INFO perfrun.launcher <> - plugin [parallelfs] was disabled because it doesn't support the given collection type.
544 [22850964547264] INFO perfrun.launcher <> - plugin [power] was disabled because it doesn't support the given collection type.
544 [22850964547264] INFO perfrun.launcher <> - plugin [hwloc] was disabled because it doesn't support the given collection type.
544 [22850964547264] INFO perfrun.launcher <> - plugin [ipmwatch] was disabled because it doesn't support the given collection type.
544 [22850964547264] INFO perfrun.launcher <> - plugin [os_counters] was disabled because it doesn't support the given collection type.
544 [22850964547264] INFO perfrun.launcher <> - plugin [l0_metrics] was disabled because it doesn't support the given collection type.
544 [22851107575680] INFO perfrun.launcher <> - set environment variable: LD_LIBRARY_PATH = /opt/intel/oneapi/vtune/2023.1.0/lib32/runtime:/opt/intel/oneapi/vtune/2023.1.0/lib64/runtime:/opt/intel/oneapi/tbb/2021.5.1/env/../lib/intel64/gcc4.8:/opt/intel/oneapi/mpi/2021.5.1//libfabric/lib:/opt/intel/oneapi/mpi/2021.5.1//lib/release:/opt/intel/oneapi/mpi/2021.5.1//lib:/opt/intel/oneapi/mkl/2022.0.2/lib/intel64:/opt/intel/oneapi/itac/2021.5.0/slib:/opt/intel/oneapi/debugger/2021.5.0/gdb/intel64/lib:/opt/intel/oneapi/debugger/2021.5.0/libipt/intel64/lib:/opt/intel/oneapi/debugger/2021.5.0/dep/lib:/opt/intel/oneapi/compiler/2022.0.2/linux/lib:/opt/intel/oneapi/compiler/2022.0.2/linux/lib/x64:/opt/intel/oneapi/compiler/2022.0.2/linux/lib/oclfpga/host/linux64/lib:/opt/intel/oneapi/compiler/2022.0.2/linux/compiler/lib/intel64_lin
544 [22851107575680] INFO perfrun.launcher <> - set environment variable: INTEL_LIBITTNOTIFY32 = /opt/intel/oneapi/vtune/2023.1.0/lib32/runtime/libittnotify_collector.so
544 [22851107575680] INFO perfrun.launcher <> - set environment variable: INTEL_LIBITTNOTIFY64 = /opt/intel/oneapi/vtune/2023.1.0/lib64/runtime/libittnotify_collector.so
544 [22851107575680] INFO perfrun.launcher <> - set environment variable: INTEL_ITTNOTIFY_GROUPS = 
544 [22851107575680] INFO perfrun.launcher <> - set environment variable: INTEL_JIT_PROFILER32 = /opt/intel/oneapi/vtune/2023.1.0/lib32/runtime/libittnotify_collector.so
544 [22851107575680] INFO perfrun.launcher <> - set environment variable: INTEL_JIT_PROFILER64 = /opt/intel/oneapi/vtune/2023.1.0/lib64/runtime/libittnotify_collector.so
544 [22851107575680] INFO perfrun.launcher <> - set environment variable: OMP_TOOL_LIBRARIES = /opt/intel/oneapi/vtune/2023.1.0/lib32/runtime/libittnotify_collector.so:/opt/intel/oneapi/vtune/2023.1.0/lib64/runtime/libittnotify_collector.so
544 [22851107575680] INFO perfrun.launcher <> - set environment variable: ENABLE_JITPROFILING = 1
545 [22851107575680] INFO perfrun.launcher <> - set environment variable: CL_CONFIG_USE_VTUNE = True
545 [22851107575680] INFO perfrun.launcher <> - set environment variable: LD_PRELOAD = libittnotify_collector.so:
545 [22851107575680] INFO perfrun.launcher <> - set environment variable: KMP_FORKJOIN_FRAMES = 0
545 [22851107575680] INFO perfrun.launcher <> - set environment variable: KMP_FORKJOIN_FRAMES_MODE = 0
545 [22851107575680] INFO perfrun.launcher <> - set environment variable: OMP_TOOL = disabled
545 [22851107575680] INFO perfrun.launcher <> - set environment variable: INTEL_MRTE_DATA_DIR = /home/course/hpc/users/2022012388/exp8/vtune_result.conv4/data.18
545 [22851107575680] INFO perfrun.launcher <> - set environment variable: INTEL_MRTE_HOST_NAME = conv4
545 [22851107575680] INFO perfrun.launcher <> - set environment variable: JAVA_TOOL_OPTIONS = -agentlib:amplxe_tpssmrte_javaprof_1.0 -Dsun.boot.library.path=/opt/intel/oneapi/vtune/2023.1.0/lib32/runtime:/opt/intel/oneapi/vtune/2023.1.0/lib64/runtime
545 [22851107575680] INFO perfrun.launcher <> - set environment variable: LD_LIBRARY_PATH = /opt/intel/oneapi/vtune/2023.1.0/lib32/runtime:/opt/intel/oneapi/vtune/2023.1.0/lib64/runtime:/opt/intel/oneapi/tbb/2021.5.1/env/../lib/intel64/gcc4.8:/opt/intel/oneapi/mpi/2021.5.1//libfabric/lib:/opt/intel/oneapi/mpi/2021.5.1//lib/release:/opt/intel/oneapi/mpi/2021.5.1//lib:/opt/intel/oneapi/mkl/2022.0.2/lib/intel64:/opt/intel/oneapi/itac/2021.5.0/slib:/opt/intel/oneapi/debugger/2021.5.0/gdb/intel64/lib:/opt/intel/oneapi/debugger/2021.5.0/libipt/intel64/lib:/opt/intel/oneapi/debugger/2021.5.0/dep/lib:/opt/intel/oneapi/compiler/2022.0.2/linux/lib:/opt/intel/oneapi/compiler/2022.0.2/linux/lib/x64:/opt/intel/oneapi/compiler/2022.0.2/linux/lib/oclfpga/host/linux64/lib:/opt/intel/oneapi/compiler/2022.0.2/linux/compiler/lib/intel64_lin
545 [22851107575680] INFO perfrun.launcher <> - set environment variable: CORECLR_ENABLE_PROFILING = 1
545 [22851107575680] INFO perfrun.launcher <> - set environment variable: CORECLR_PROFILER = {AA5E4821-E3B1-479c-B7FF-5AD047D22CED}
545 [22851107575680] INFO perfrun.launcher <> - set environment variable: CORECLR_PROFILER_PATH = /opt/intel/oneapi/vtune/2023.1.0/lib64/libamplxe_samplingmrte_clrprof_1.0.so
545 [22851107575680] INFO perfrun.launcher <> - set environment variable: INTEL_MRTE_PROFILER_MODE = mixed
545 [22851107575680] INFO perfrun.launcher <> - RpcServer: run RPC server to handle requests
547 [22851107575680] INFO perfrun.launcher <> - Launcher: command line to start before modification = ./main 2022012388
548 [22851107575680] INFO perfrun.launcher <> - Launcher: command line to start after modification = /opt/intel/oneapi/vtune/2023.1.0/bin64/pin -error_file /home/course/hpc/users/2022012388/exp8/vtune_result.conv4/data.18/pinerr.tpsslog -detach_reattach -follow_execv -tool_load_option deepbind -t64 /opt/intel/oneapi/vtune/2023.1.0/lib64/libtpsstool.so -t /opt/intel/oneapi/vtune/2023.1.0/lib32/libtpsstool.so -server_name tpss_ipc.3362724 -prd_dir /opt/intel/oneapi/vtune/2023.1.0 -- ./main 2022012388
950 [22851107575680] INFO perfrun.launcher <> - ProcessCreator object was created
952 [22851107575680] INFO perfrun.launcher <> - Launcher: the process was started in suspend mode
956 [22850964547264] WARN perfrun.system <> - Could not do anything with /sys/kernel/debug/kvm: boost::filesystem::status: Permission denied: "/sys/kernel/debug/kvm", at file: vcs/perfrun1/plugins/system/src/trace_writer.cpp:787
956 [22850964547264] WARN perfrun.system <> - Folder "/var/run/libvirt/qemu/"doesn't exist, at file: vcs/perfrun1/plugins/system/src/trace_writer.cpp:800
956 [22850964547264] INFO perfrun.itt <> - start itt controller for pid #3363000
956 [22850964547264] INFO perfrun.perfcollector <> - attaching to pid: 3363000, collect mode: 1, rc modes: 1
970 [22850947196608] WARN perfrun.perfcollector <> - Perf stat trace pipe capacity: read = 1048576, write = 1048576, at file: vcs/perfrun1/plugins/perfcollector/src/profiler.cpp:765
981 [22850947196608] INFO perfrun.sdk <> - runCmd: /opt/intel/oneapi/vtune/2023.1.0/bin64/amplxe-perf stat -v --log-fd 22 --control=fd:23,26 --scale -x ; -p 3363000 -e cpu/event=0x3c,name='CPU_CLK_UNHALTED.THREAD'/Duk,cpu/umask=0x3,name='CPU_CLK_UNHALTED.REF_TSC'/Duk,cpu/event=0xc0,name='INST_RETIRED.ANY'/Duk,cpu/event=0x3c,umask=0x1,name='CPU_CLK_UNHALTED.REF_XCLK'/uk,cpu/event=0x3c,umask=0x2,name='CPU_CLK_UNHALTED.ONE_THREAD_ACTIVE'/uk,cpu/event=0xc7,umask=0x2,name='FP_ARITH_INST_RETIRED.SCALAR_SINGLE'/uk,cpu/event=0xc7,umask=0x8,name='FP_ARITH_INST_RETIRED.128B_PACKED_SINGLE'/uk,cpu/event=0xc7,umask=0x20,name='FP_ARITH_INST_RETIRED.256B_PACKED_SINGLE'/uk,cpu/event=0xc7,umask=0x1,name='FP_ARITH_INST_RETIRED.SCALAR_DOUBLE'/uk,cpu/event=0xc7,umask=0x4,name='FP_ARITH_INST_RETIRED.128B_PACKED_DOUBLE'/uk,cpu/event=0xc7,umask=0x10,name='FP_ARITH_INST_RETIRED.256B_PACKED_DOUBLE'/uk,cpu/event=0xc0,umask=0x2,name='INST_RETIRED.X87'/uk,cpu/event=0xc2,umask=0x2,name='UOPS_RETIRED.RETIRE_SLOTS'/uk /opt/intel/oneapi/vtune/2023.1.0/bin64/amplxe-perf-sync sync sys
981 [22850947196608] INFO perfrun.sdk <> - runCmd started PID 3363091
1156 [22850964547264] INFO perfrun.tpss <> - start tpss controller for pid #3363000
1207 [22851107575680] INFO perfrun.launcher <> - Launcher: all plugins were started
1207 [22851107575680] INFO perfrun.launcher <> - DirectoryMonitor object was created
1207 [22851107575680] INFO perfrun.launcher <> - DirectoryMonitor: a callback was added
1207 [22851107575680] INFO perfrun.launcher <> - DirectoryMonitor was started with pingTime = 1000
1207 [22851107575680] INFO perfrun.launcher <> - DeadlineTimer is going to be constructed
1207 [22851107575680] INFO perfrun.launcher <> - DeadlineTimer: a callback was added
1209 [22851107575680] INFO perfrun.launcher <> - Launcher: resume the profiled application and  wait its termination or stop command
3278 [22851107575680] INFO perfrun.launcher <> - Launcher: the profiled application was terminated  with exit code = 1
3473 [22850964547264] INFO perfrun.itt <> - detach itt controller
3473 [22850964547264] INFO perfrun.itt <> - detach itt controller done
3475 [22850947196608] INFO perfrun.perfcollector <> - Monitor: runCmd RC = true
3476 [22850964547264] INFO perfrun.perfcollector <> - Monitor: state = 3, error = 1
3477 [22850964547264] INFO perfrun.tpss <> - stop tpss controller
3481 [22850964547264] INFO perfrun.sdk <> - De-allocating TMU: /home/course/hpc/users/2022012388/exp8/vtune_result.conv4/data.18/systemcollector-3362724-conv4.sc
3481 [22850964547264] INFO perfrun.system <> - closed the system trace file: /home/course/hpc/users/2022012388/exp8/vtune_result.conv4/data.18/systemcollector-3362724-conv4.sc
3481 [22851107575680] INFO perfrun.launcher <> - Launcher: all plugins were stopped.
3481 [22851107575680] INFO perfrun.launcher <> - DeadlineTimer is going to be destroyed
3481 [22851107575680] INFO perfrun.launcher <> - DeadlineTimer was destroyed
3481 [22851107575680] INFO perfrun.launcher <> - DirectoryMonitor object was destroyed
3481 [22851107575680] WARN perfrun.launcher <> - Stop command is ignored because it is received when collection is already stopped, at file: vcs/perfrun1/launcher/src/command_handler.cpp:226
3483 [22851107575680] INFO perfrun.launcher <> - Application exit code: 1
3483 [22851107575680] INFO perfrun.launcher <> - Exit code: 4
