14 [23103967311744] INFO perfrun.launcher <> - Launcher main begin
17 [23103967311744] INFO perfrun.launcher <> - MessageCatalogInit finished
17 [23103967311744] INFO perfrun.launcher <> - Launcher instance created
17 [23103967311744] INFO perfrun.launcher <> - argc = 7; cmdline = /opt/intel/oneapi/vtune/2023.1.0/bin64/amplxe-runss --ui-output-format xml --ui-output-fd 5 --option-file /home/course/hpc/users/2022012388/exp8/vtune_result.conv4/config/runss.options.21 
253 [23103967311744] INFO perfrun.launcher <> - create msngr2::ICliToolContext
253 [23103967311744] INFO perfrun.launcher <> - create file finder object
253 [23103967311744] INFO perfrun.launcher <> - create a result directory: pattern = /home/course/hpc/users/2022012388/exp8/vtune_result.conv4 pid = 4294967295
257 [23103967311744] INFO perfrun.sdk <> - checked that the directory /home/course/hpc/users/2022012388/exp8/vtune_result.conv4 is a local directory
257 [23103967311744] INFO perfrun.sdk <> - the directory /home/course/hpc/users/2022012388/exp8/vtune_result.conv4 is located on a share or its FS ID is unknown 26985
257 [23103967311744] INFO perfrun.sdk <> - checked that the directory /tmp/amplxe-tmp-2022012388 is a local directory
257 [23103967311744] INFO perfrun.sdk <> - the directory /tmp/amplxe-tmp-2022012388 is located on a share or its FS ID is unknown 2035054128
258 [23103967311744] INFO perfrun.launcher <> - create data directory = /home/course/hpc/users/2022012388/exp8/vtune_result.conv4/data.20
259 [23103967311744] INFO perfrun.launcher <> - Creating the master collection flag
259 [23103967311744] INFO perfrun.launcher <> - Done creating the master collection flag
262 [23103824455360] INFO perfrun.launcher <> - plugin [remoteplug] was disabled because it doesn't support the given collection type.
262 [23103824455360] INFO perfrun.sdk <> - Allocating TMU :/home/course/hpc/users/2022012388/exp8/vtune_result.conv4/data.20/systemcollector-3362744-conv4.sc
263 [23103824455360] INFO perfrun.launcher <> - plugin [vdso] was disabled because it doesn't support the given collection type.
263 [23103824455360] INFO perfrun.launcher <> - plugin [ptracecollector] was disabled because it doesn't support the given collection type.
263 [23103824455360] INFO perfrun.launcher <> - plugin [gpu] was disabled because it doesn't support the given collection type.
263 [23103824455360] INFO perfrun.launcher <> - plugin [] was disabled because it doesn't support the given collection type.
263 [23103824455360] INFO perfrun.launcher <> - plugin [] was disabled because it doesn't support the given collection type.
263 [23103824455360] INFO perfrun.launcher <> - plugin [] was disabled because it doesn't support the given collection type.
263 [23103824455360] INFO perfrun.mrte <> - system-wide mode is 0
264 [23103824455360] INFO perfrun.mrte <> - Getting  mrte profiling environment ...
277 [23103824455360] INFO perfrun.mrte <> - INTEL_MRTE_DATA_DIR=/home/course/hpc/users/2022012388/exp8/vtune_result.conv4/data.20
277 [23103824455360] INFO perfrun.mrte <> - INTEL_MRTE_HOST_NAME=conv4
277 [23103824455360] INFO perfrun.mrte <> - JAVA_TOOL_OPTIONS=-agentlib:amplxe_tpssmrte_javaprof_1.0 -Dsun.boot.library.path=/opt/intel/oneapi/vtune/2023.1.0/lib32/runtime:/opt/intel/oneapi/vtune/2023.1.0/lib64/runtime
277 [23103824455360] INFO perfrun.mrte <> - LD_LIBRARY_PATH=/opt/intel/oneapi/vtune/2023.1.0/lib32/runtime:/opt/intel/oneapi/vtune/2023.1.0/lib64/runtime:/opt/intel/oneapi/tbb/2021.5.1/env/../lib/intel64/gcc4.8:/opt/intel/oneapi/mpi/2021.5.1//libfabric/lib:/opt/intel/oneapi/mpi/2021.5.1//lib/release:/opt/intel/oneapi/mpi/2021.5.1//lib:/opt/intel/oneapi/mkl/2022.0.2/lib/intel64:/opt/intel/oneapi/itac/2021.5.0/slib:/opt/intel/oneapi/debugger/2021.5.0/gdb/intel64/lib:/opt/intel/oneapi/debugger/2021.5.0/libipt/intel64/lib:/opt/intel/oneapi/debugger/2021.5.0/dep/lib:/opt/intel/oneapi/compiler/2022.0.2/linux/lib:/opt/intel/oneapi/compiler/2022.0.2/linux/lib/x64:/opt/intel/oneapi/compiler/2022.0.2/linux/lib/oclfpga/host/linux64/lib:/opt/intel/oneapi/compiler/2022.0.2/linux/compiler/lib/intel64_lin
277 [23103824455360] INFO perfrun.mrte <> - CORECLR_ENABLE_PROFILING=1
277 [23103824455360] INFO perfrun.mrte <> - CORECLR_PROFILER={AA5E4821-E3B1-479c-B7FF-5AD047D22CED}
277 [23103824455360] INFO perfrun.mrte <> - CORECLR_PROFILER_PATH=/opt/intel/oneapi/vtune/2023.1.0/lib64/libamplxe_samplingmrte_clrprof_1.0.so
277 [23103824455360] INFO perfrun.mrte <> - INTEL_MRTE_PROFILER_MODE=mixed
277 [23103824455360] INFO perfrun.mrte <> - Data directory: /home/course/hpc/users/2022012388/exp8/vtune_result.conv4/data.20
277 [23103824455360] INFO perfrun.mrte <> - Mrte plugin is initialized
277 [23103824455360] INFO perfrun.launcher <> - plugin [emon] was disabled because it doesn't support the given collection type.
277 [23103824455360] INFO perfrun.launcher <> - plugin [cuscol] was disabled because it doesn't support the given collection type.
277 [23103824455360] INFO perfrun.launcher <> - plugin [stdsrc] was disabled because it doesn't support the given collection type.
277 [23103824455360] INFO perfrun.launcher <> - plugin [sep] was disabled because it doesn't support the given collection type.
277 [23103824455360] INFO perfrun.launcher <> - plugin [vtsspp] was disabled because it doesn't support the given collection type.
277 [23103824455360] INFO perfrun.sdk <> - Reading value (0) from file: /proc/sys/kernel/perf_event_paranoid
277 [23103824455360] INFO perfrun.perfcollector <> - checking access to: /opt/intel/oneapi/vtune/2023.1.0/bin64/amplxe-perf-priv
280 [23103824455360] INFO perfrun.perfcollector <> - cpu: family = 6 model = 79
280 [23103824455360] INFO perfrun.perfcollector <> - dir found: /sys/bus/event_source/devices/software
280 [23103824455360] INFO perfrun.perfcollector <> - format: pmu format subdir doesn't exist
280 [23103824455360] INFO perfrun.perfcollector <> - hwInfo: not set, pmuFam: software
280 [23103824455360] INFO perfrun.perfcollector <> - pmu added: family: software, id: 0
280 [23103824455360] INFO perfrun.perfcollector <> - dir found: /sys/bus/event_source/devices/uncore_imc_5
281 [23103824455360] INFO perfrun.perfcollector <> - format: event config:0-7 mask:0-7
281 [23103824455360] INFO perfrun.perfcollector <> - format: edge config:18 mask:18
281 [23103824455360] INFO perfrun.perfcollector <> - format: inv config:23 mask:23
281 [23103824455360] INFO perfrun.perfcollector <> - format: umask config:8-15 mask:8-15
281 [23103824455360] INFO perfrun.perfcollector <> - format: thresh config:24-31 mask:24-31
281 [23103824455360] INFO perfrun.perfcollector <> - hwInfo: PERF_IMC_PMU_DETAILS
281 [23103824455360] INFO perfrun.perfcollector <> - pmu added: family: uncore_imc, id: 5
281 [23103824455360] INFO perfrun.perfcollector <> - dir found: /sys/bus/event_source/devices/uncore_sbox_2
281 [23103824455360] INFO perfrun.perfcollector <> - format: event config:0-7 mask:0-7
281 [23103824455360] INFO perfrun.perfcollector <> - format: edge config:18 mask:18
281 [23103824455360] INFO perfrun.perfcollector <> - format: inv config:23 mask:23
281 [23103824455360] INFO perfrun.perfcollector <> - format: umask config:8-15 mask:8-15
281 [23103824455360] INFO perfrun.perfcollector <> - format: tid_en config:19 mask:19
281 [23103824455360] INFO perfrun.perfcollector <> - format: thresh config:24-31 mask:24-31
281 [23103824455360] INFO perfrun.perfcollector <> - hwInfo: not set, pmuFam: uncore_sbox
281 [23103824455360] INFO perfrun.perfcollector <> - pmu added: family: uncore_sbox, id: 2
281 [23103824455360] INFO perfrun.perfcollector <> - dir found: /sys/bus/event_source/devices/uncore_cbox_8
281 [23103824455360] INFO perfrun.perfcollector <> - format: event config:0-7 mask:0-7
282 [23103824455360] INFO perfrun.perfcollector <> - format: filter_link config1:6-8 mask:6-8
282 [23103824455360] INFO perfrun.perfcollector <> - format: filter_c6 config1:61 mask:61
282 [23103824455360] INFO perfrun.perfcollector <> - format: edge config:18 mask:18
282 [23103824455360] INFO perfrun.perfcollector <> - format: filter_isoc config1:63 mask:63
282 [23103824455360] INFO perfrun.perfcollector <> - format: filter_tid config1:0-5 mask:0-5
282 [23103824455360] INFO perfrun.perfcollector <> - format: filter_nid config1:32-47 mask:32-47
282 [23103824455360] INFO perfrun.perfcollector <> - format: filter_nc config1:62 mask:62
282 [23103824455360] INFO perfrun.perfcollector <> - format: umask config:8-15 mask:8-15
282 [23103824455360] INFO perfrun.perfcollector <> - format: tid_en config:19 mask:19
282 [23103824455360] INFO perfrun.perfcollector <> - format: thresh config:24-31 mask:24-31
282 [23103824455360] INFO perfrun.perfcollector <> - format: filter_state config1:17-23 mask:17-23
282 [23103824455360] INFO perfrun.perfcollector <> - format: filter_opc config1:52-60 mask:52-60
282 [23103824455360] INFO perfrun.perfcollector <> - hwInfo: PERF_CBOX_PMU_DETAILS
282 [23103824455360] INFO perfrun.perfcollector <> - pmu added: family: uncore_cbox, id: 8
282 [23103824455360] INFO perfrun.perfcollector <> - dir found: /sys/bus/event_source/devices/uncore_cbox_13
282 [23103824455360] INFO perfrun.perfcollector <> - format: event config:0-7 mask:0-7
282 [23103824455360] INFO perfrun.perfcollector <> - format: filter_link config1:6-8 mask:6-8
282 [23103824455360] INFO perfrun.perfcollector <> - format: filter_c6 config1:61 mask:61
282 [23103824455360] INFO perfrun.perfcollector <> - format: edge config:18 mask:18
282 [23103824455360] INFO perfrun.perfcollector <> - format: filter_isoc config1:63 mask:63
282 [23103824455360] INFO perfrun.perfcollector <> - format: filter_tid config1:0-5 mask:0-5
282 [23103824455360] INFO perfrun.perfcollector <> - format: filter_nid config1:32-47 mask:32-47
282 [23103824455360] INFO perfrun.perfcollector <> - format: filter_nc config1:62 mask:62
282 [23103824455360] INFO perfrun.perfcollector <> - format: umask config:8-15 mask:8-15
282 [23103824455360] INFO perfrun.perfcollector <> - format: tid_en config:19 mask:19
282 [23103824455360] INFO perfrun.perfcollector <> - format: thresh config:24-31 mask:24-31
282 [23103824455360] INFO perfrun.perfcollector <> - format: filter_state config1:17-23 mask:17-23
283 [23103824455360] INFO perfrun.perfcollector <> - format: filter_opc config1:52-60 mask:52-60
283 [23103824455360] INFO perfrun.perfcollector <> - hwInfo: PERF_CBOX_PMU_DETAILS
283 [23103824455360] INFO perfrun.perfcollector <> - pmu added: family: uncore_cbox, id: 13
283 [23103824455360] INFO perfrun.perfcollector <> - dir found: /sys/bus/event_source/devices/uncore_r2pcie
283 [23103824455360] INFO perfrun.perfcollector <> - format: event config:0-7 mask:0-7
283 [23103824455360] INFO perfrun.perfcollector <> - format: edge config:18 mask:18
283 [23103824455360] INFO perfrun.perfcollector <> - format: inv config:23 mask:23
283 [23103824455360] INFO perfrun.perfcollector <> - format: umask config:8-15 mask:8-15
283 [23103824455360] INFO perfrun.perfcollector <> - format: thresh config:24-31 mask:24-31
283 [23103824455360] INFO perfrun.perfcollector <> - hwInfo: not set, pmuFam: uncore_r2pcie
283 [23103824455360] INFO perfrun.perfcollector <> - pmu added: family: uncore_r2pcie, id: 0
283 [23103824455360] INFO perfrun.perfcollector <> - dir found: /sys/bus/event_source/devices/uncore_sbox_0
283 [23103824455360] INFO perfrun.perfcollector <> - format: event config:0-7 mask:0-7
283 [23103824455360] INFO perfrun.perfcollector <> - format: edge config:18 mask:18
283 [23103824455360] INFO perfrun.perfcollector <> - format: inv config:23 mask:23
283 [23103824455360] INFO perfrun.perfcollector <> - format: umask config:8-15 mask:8-15
283 [23103824455360] INFO perfrun.perfcollector <> - format: tid_en config:19 mask:19
283 [23103824455360] INFO perfrun.perfcollector <> - format: thresh config:24-31 mask:24-31
283 [23103824455360] INFO perfrun.perfcollector <> - hwInfo: not set, pmuFam: uncore_sbox
283 [23103824455360] INFO perfrun.perfcollector <> - pmu added: family: uncore_sbox, id: 0
283 [23103824455360] INFO perfrun.perfcollector <> - dir found: /sys/bus/event_source/devices/uncore_qpi_1
283 [23103824455360] INFO perfrun.perfcollector <> - format: mask_rnid4 config2:31 mask:31
283 [23103824455360] INFO perfrun.perfcollector <> - format: mask_rnid30 config2:32-35 mask:32-35
283 [23103824455360] INFO perfrun.perfcollector <> - format: match_rnid30 config1:32-35 mask:32-35
283 [23103824455360] INFO perfrun.perfcollector <> - format: event config:0-7,21 mask:0-7,21
283 [23103824455360] INFO perfrun.perfcollector <> - format: match0 config1:0-31 mask:0-31
283 [23103824455360] INFO perfrun.perfcollector <> - format: match_rds config1:48-51 mask:48-51
283 [23103824455360] INFO perfrun.perfcollector <> - format: mask_rds config2:48-51 mask:48-51
283 [23103824455360] INFO perfrun.perfcollector <> - format: edge config:18 mask:18
283 [23103824455360] INFO perfrun.perfcollector <> - format: mask1 config2:32-63 mask:32-63
283 [23103824455360] INFO perfrun.perfcollector <> - format: match_dnid config1:13-17 mask:13-17
283 [23103824455360] INFO perfrun.perfcollector <> - format: mask_dnid config2:13-17 mask:13-17
283 [23103824455360] INFO perfrun.perfcollector <> - format: match_vnw config1:3-4 mask:3-4
283 [23103824455360] INFO perfrun.perfcollector <> - format: mask_vnw config2:3-4 mask:3-4
284 [23103824455360] INFO perfrun.perfcollector <> - format: mask_mc config2:9-12 mask:9-12
284 [23103824455360] INFO perfrun.perfcollector <> - format: match1 config1:32-63 mask:32-63
284 [23103824455360] INFO perfrun.perfcollector <> - format: inv config:23 mask:23
284 [23103824455360] INFO perfrun.perfcollector <> - format: umask config:8-15 mask:8-15
284 [23103824455360] INFO perfrun.perfcollector <> - format: match_opc config1:5-8 mask:5-8
284 [23103824455360] INFO perfrun.perfcollector <> - format: mask_opc config2:5-8 mask:5-8
284 [23103824455360] INFO perfrun.perfcollector <> - format: thresh config:24-31 mask:24-31
284 [23103824455360] INFO perfrun.perfcollector <> - format: match_rnid4 config1:31 mask:31
284 [23103824455360] INFO perfrun.perfcollector <> - format: mask0 config2:0-31 mask:0-31
284 [23103824455360] INFO perfrun.perfcollector <> - format: match_mc config1:9-12 mask:9-12
284 [23103824455360] INFO perfrun.perfcollector <> - hwInfo: PERF_QPI_PMU_DETAILS
284 [23103824455360] INFO perfrun.perfcollector <> - pmu added: family: uncore_qpi, id: 1
284 [23103824455360] INFO perfrun.perfcollector <> - dir found: /sys/bus/event_source/devices/uncore_cbox_6
284 [23103824455360] INFO perfrun.perfcollector <> - format: event config:0-7 mask:0-7
284 [23103824455360] INFO perfrun.perfcollector <> - format: filter_link config1:6-8 mask:6-8
284 [23103824455360] INFO perfrun.perfcollector <> - format: filter_c6 config1:61 mask:61
284 [23103824455360] INFO perfrun.perfcollector <> - format: edge config:18 mask:18
284 [23103824455360] INFO perfrun.perfcollector <> - format: filter_isoc config1:63 mask:63
284 [23103824455360] INFO perfrun.perfcollector <> - format: filter_tid config1:0-5 mask:0-5
284 [23103824455360] INFO perfrun.perfcollector <> - format: filter_nid config1:32-47 mask:32-47
284 [23103824455360] INFO perfrun.perfcollector <> - format: filter_nc config1:62 mask:62
284 [23103824455360] INFO perfrun.perfcollector <> - format: umask config:8-15 mask:8-15
284 [23103824455360] INFO perfrun.perfcollector <> - format: tid_en config:19 mask:19
284 [23103824455360] INFO perfrun.perfcollector <> - format: thresh config:24-31 mask:24-31
284 [23103824455360] INFO perfrun.perfcollector <> - format: filter_state config1:17-23 mask:17-23
284 [23103824455360] INFO perfrun.perfcollector <> - format: filter_opc config1:52-60 mask:52-60
284 [23103824455360] INFO perfrun.perfcollector <> - hwInfo: PERF_CBOX_PMU_DETAILS
284 [23103824455360] INFO perfrun.perfcollector <> - pmu added: family: uncore_cbox, id: 6
284 [23103824455360] INFO perfrun.perfcollector <> - dir found: /sys/bus/event_source/devices/uncore_imc_1
284 [23103824455360] INFO perfrun.perfcollector <> - format: event config:0-7 mask:0-7
284 [23103824455360] INFO perfrun.perfcollector <> - format: edge config:18 mask:18
284 [23103824455360] INFO perfrun.perfcollector <> - format: inv config:23 mask:23
284 [23103824455360] INFO perfrun.perfcollector <> - format: umask config:8-15 mask:8-15
284 [23103824455360] INFO perfrun.perfcollector <> - format: thresh config:24-31 mask:24-31
284 [23103824455360] INFO perfrun.perfcollector <> - hwInfo: PERF_IMC_PMU_DETAILS
284 [23103824455360] INFO perfrun.perfcollector <> - pmu added: family: uncore_imc, id: 1
284 [23103824455360] INFO perfrun.perfcollector <> - dir found: /sys/bus/event_source/devices/power
285 [23103824455360] INFO perfrun.perfcollector <> - format: event config:0-7 mask:0-7
285 [23103824455360] INFO perfrun.perfcollector <> - hwInfo: not set, pmuFam: power
285 [23103824455360] INFO perfrun.perfcollector <> - pmu added: family: power, id: 0
285 [23103824455360] INFO perfrun.perfcollector <> - dir found: /sys/bus/event_source/devices/uncore_cbox_11
285 [23103824455360] INFO perfrun.perfcollector <> - format: event config:0-7 mask:0-7
285 [23103824455360] INFO perfrun.perfcollector <> - format: filter_link config1:6-8 mask:6-8
285 [23103824455360] INFO perfrun.perfcollector <> - format: filter_c6 config1:61 mask:61
285 [23103824455360] INFO perfrun.perfcollector <> - format: edge config:18 mask:18
285 [23103824455360] INFO perfrun.perfcollector <> - format: filter_isoc config1:63 mask:63
285 [23103824455360] INFO perfrun.perfcollector <> - format: filter_tid config1:0-5 mask:0-5
285 [23103824455360] INFO perfrun.perfcollector <> - format: filter_nid config1:32-47 mask:32-47
285 [23103824455360] INFO perfrun.perfcollector <> - format: filter_nc config1:62 mask:62
285 [23103824455360] INFO perfrun.perfcollector <> - format: umask config:8-15 mask:8-15
285 [23103824455360] INFO perfrun.perfcollector <> - format: tid_en config:19 mask:19
285 [23103824455360] INFO perfrun.perfcollector <> - format: thresh config:24-31 mask:24-31
285 [23103824455360] INFO perfrun.perfcollector <> - format: filter_state config1:17-23 mask:17-23
285 [23103824455360] INFO perfrun.perfcollector <> - format: filter_opc config1:52-60 mask:52-60
285 [23103824455360] INFO perfrun.perfcollector <> - hwInfo: PERF_CBOX_PMU_DETAILS
285 [23103824455360] INFO perfrun.perfcollector <> - pmu added: family: uncore_cbox, id: 11
285 [23103824455360] INFO perfrun.perfcollector <> - dir found: /sys/bus/event_source/devices/uncore_cbox_4
285 [23103824455360] INFO perfrun.perfcollector <> - format: event config:0-7 mask:0-7
285 [23103824455360] INFO perfrun.perfcollector <> - format: filter_link config1:6-8 mask:6-8
285 [23103824455360] INFO perfrun.perfcollector <> - format: filter_c6 config1:61 mask:61
285 [23103824455360] INFO perfrun.perfcollector <> - format: edge config:18 mask:18
285 [23103824455360] INFO perfrun.perfcollector <> - format: filter_isoc config1:63 mask:63
285 [23103824455360] INFO perfrun.perfcollector <> - format: filter_tid config1:0-5 mask:0-5
285 [23103824455360] INFO perfrun.perfcollector <> - format: filter_nid config1:32-47 mask:32-47
285 [23103824455360] INFO perfrun.perfcollector <> - format: filter_nc config1:62 mask:62
285 [23103824455360] INFO perfrun.perfcollector <> - format: umask config:8-15 mask:8-15
285 [23103824455360] INFO perfrun.perfcollector <> - format: tid_en config:19 mask:19
285 [23103824455360] INFO perfrun.perfcollector <> - format: thresh config:24-31 mask:24-31
285 [23103824455360] INFO perfrun.perfcollector <> - format: filter_state config1:17-23 mask:17-23
285 [23103824455360] INFO perfrun.perfcollector <> - format: filter_opc config1:52-60 mask:52-60
285 [23103824455360] INFO perfrun.perfcollector <> - hwInfo: PERF_CBOX_PMU_DETAILS
285 [23103824455360] INFO perfrun.perfcollector <> - pmu added: family: uncore_cbox, id: 4
285 [23103824455360] INFO perfrun.perfcollector <> - dir found: /sys/bus/event_source/devices/uprobe
285 [23103824455360] INFO perfrun.perfcollector <> - format: ref_ctr_offset config:32-63 mask:32-63
285 [23103824455360] INFO perfrun.perfcollector <> - format: retprobe config:0 mask:0
285 [23103824455360] INFO perfrun.perfcollector <> - hwInfo: not set, pmuFam: uprobe
285 [23103824455360] INFO perfrun.perfcollector <> - pmu added: family: uprobe, id: 0
285 [23103824455360] INFO perfrun.perfcollector <> - dir found: /sys/bus/event_source/devices/intel_bts
285 [23103824455360] INFO perfrun.perfcollector <> - format: pmu format subdir doesn't exist
286 [23103824455360] INFO perfrun.perfcollector <> - hwInfo: not set, pmuFam: intel_bts
286 [23103824455360] INFO perfrun.perfcollector <> - pmu added: family: intel_bts, id: 0
286 [23103824455360] INFO perfrun.perfcollector <> - dir found: /sys/bus/event_source/devices/cpu
286 [23103824455360] INFO perfrun.perfcollector <> - format: event config:0-7 mask:0-7
286 [23103824455360] INFO perfrun.perfcollector <> - format: pc config:19 mask:19
286 [23103824455360] INFO perfrun.perfcollector <> - format: in_tx config:32 mask:32
286 [23103824455360] INFO perfrun.perfcollector <> - format: edge config:18 mask:18
286 [23103824455360] INFO perfrun.perfcollector <> - format: any config:21 mask:21
286 [23103824455360] INFO perfrun.perfcollector <> - format: offcore_rsp config1:0-63 mask:0-63
286 [23103824455360] INFO perfrun.perfcollector <> - format: in_tx_cp config:33 mask:33
286 [23103824455360] INFO perfrun.perfcollector <> - format: ldlat config1:0-15 mask:0-15
286 [23103824455360] INFO perfrun.perfcollector <> - format: inv config:23 mask:23
286 [23103824455360] INFO perfrun.perfcollector <> - format: umask config:8-15 mask:8-15
286 [23103824455360] INFO perfrun.perfcollector <> - format: cmask config:24-31 mask:24-31
286 [23103824455360] INFO perfrun.perfcollector <> - hwInfo: PERF_CPU_PMU_DETAILS
286 [23103824455360] INFO perfrun.perfcollector <> - pmu added: family: cpu, id: 0
286 [23103824455360] INFO perfrun.perfcollector <> - dir found: /sys/bus/event_source/devices/uncore_r3qpi_0
286 [23103824455360] INFO perfrun.perfcollector <> - format: event config:0-7 mask:0-7
286 [23103824455360] INFO perfrun.perfcollector <> - format: edge config:18 mask:18
286 [23103824455360] INFO perfrun.perfcollector <> - format: inv config:23 mask:23
286 [23103824455360] INFO perfrun.perfcollector <> - format: umask config:8-15 mask:8-15
286 [23103824455360] INFO perfrun.perfcollector <> - format: thresh config:24-31 mask:24-31
286 [23103824455360] INFO perfrun.perfcollector <> - hwInfo: not set, pmuFam: uncore_r3qpi
286 [23103824455360] INFO perfrun.perfcollector <> - pmu added: family: uncore_r3qpi, id: 0
286 [23103824455360] INFO perfrun.perfcollector <> - dir found: /sys/bus/event_source/devices/cstate_core
286 [23103824455360] INFO perfrun.perfcollector <> - format: event config:0-63 mask:0-63
286 [23103824455360] INFO perfrun.perfcollector <> - hwInfo: not set, pmuFam: cstate_core
286 [23103824455360] INFO perfrun.perfcollector <> - pmu added: family: cstate_core, id: 0
286 [23103824455360] INFO perfrun.perfcollector <> - dir found: /sys/bus/event_source/devices/uncore_cbox_2
286 [23103824455360] INFO perfrun.perfcollector <> - format: event config:0-7 mask:0-7
286 [23103824455360] INFO perfrun.perfcollector <> - format: filter_link config1:6-8 mask:6-8
286 [23103824455360] INFO perfrun.perfcollector <> - format: filter_c6 config1:61 mask:61
286 [23103824455360] INFO perfrun.perfcollector <> - format: edge config:18 mask:18
286 [23103824455360] INFO perfrun.perfcollector <> - format: filter_isoc config1:63 mask:63
286 [23103824455360] INFO perfrun.perfcollector <> - format: filter_tid config1:0-5 mask:0-5
286 [23103824455360] INFO perfrun.perfcollector <> - format: filter_nid config1:32-47 mask:32-47
286 [23103824455360] INFO perfrun.perfcollector <> - format: filter_nc config1:62 mask:62
287 [23103824455360] INFO perfrun.perfcollector <> - format: umask config:8-15 mask:8-15
287 [23103824455360] INFO perfrun.perfcollector <> - format: tid_en config:19 mask:19
287 [23103824455360] INFO perfrun.perfcollector <> - format: thresh config:24-31 mask:24-31
287 [23103824455360] INFO perfrun.perfcollector <> - format: filter_state config1:17-23 mask:17-23
287 [23103824455360] INFO perfrun.perfcollector <> - format: filter_opc config1:52-60 mask:52-60
287 [23103824455360] INFO perfrun.perfcollector <> - hwInfo: PERF_CBOX_PMU_DETAILS
287 [23103824455360] INFO perfrun.perfcollector <> - pmu added: family: uncore_cbox, id: 2
287 [23103824455360] INFO perfrun.perfcollector <> - dir found: /sys/bus/event_source/devices/breakpoint
287 [23103824455360] INFO perfrun.perfcollector <> - format: pmu format subdir doesn't exist
287 [23103824455360] INFO perfrun.perfcollector <> - hwInfo: not set, pmuFam: breakpoint
287 [23103824455360] INFO perfrun.perfcollector <> - pmu added: family: breakpoint, id: 0
287 [23103824455360] INFO perfrun.perfcollector <> - dir found: /sys/bus/event_source/devices/uncore_ha_0
287 [23103824455360] INFO perfrun.perfcollector <> - format: event config:0-7 mask:0-7
287 [23103824455360] INFO perfrun.perfcollector <> - format: edge config:18 mask:18
287 [23103824455360] INFO perfrun.perfcollector <> - format: inv config:23 mask:23
287 [23103824455360] INFO perfrun.perfcollector <> - format: umask config:8-15 mask:8-15
287 [23103824455360] INFO perfrun.perfcollector <> - format: thresh config:24-31 mask:24-31
287 [23103824455360] INFO perfrun.perfcollector <> - hwInfo: not set, pmuFam: uncore_ha
287 [23103824455360] INFO perfrun.perfcollector <> - pmu added: family: uncore_ha, id: 0
287 [23103824455360] INFO perfrun.perfcollector <> - dir found: /sys/bus/event_source/devices/uncore_cbox_0
287 [23103824455360] INFO perfrun.perfcollector <> - format: event config:0-7 mask:0-7
287 [23103824455360] INFO perfrun.perfcollector <> - format: filter_link config1:6-8 mask:6-8
287 [23103824455360] INFO perfrun.perfcollector <> - format: filter_c6 config1:61 mask:61
287 [23103824455360] INFO perfrun.perfcollector <> - format: edge config:18 mask:18
287 [23103824455360] INFO perfrun.perfcollector <> - format: filter_isoc config1:63 mask:63
287 [23103824455360] INFO perfrun.perfcollector <> - format: filter_tid config1:0-5 mask:0-5
287 [23103824455360] INFO perfrun.perfcollector <> - format: filter_nid config1:32-47 mask:32-47
287 [23103824455360] INFO perfrun.perfcollector <> - format: filter_nc config1:62 mask:62
287 [23103824455360] INFO perfrun.perfcollector <> - format: umask config:8-15 mask:8-15
287 [23103824455360] INFO perfrun.perfcollector <> - format: tid_en config:19 mask:19
287 [23103824455360] INFO perfrun.perfcollector <> - format: thresh config:24-31 mask:24-31
287 [23103824455360] INFO perfrun.perfcollector <> - format: filter_state config1:17-23 mask:17-23
287 [23103824455360] INFO perfrun.perfcollector <> - format: filter_opc config1:52-60 mask:52-60
287 [23103824455360] INFO perfrun.perfcollector <> - hwInfo: PERF_CBOX_PMU_DETAILS
287 [23103824455360] INFO perfrun.perfcollector <> - pmu added: family: uncore_cbox, id: 0
287 [23103824455360] INFO perfrun.perfcollector <> - dir found: /sys/bus/event_source/devices/tracepoint
287 [23103824455360] INFO perfrun.perfcollector <> - format: pmu format subdir doesn't exist
287 [23103824455360] INFO perfrun.perfcollector <> - hwInfo: not set, pmuFam: tracepoint
287 [23103824455360] INFO perfrun.perfcollector <> - pmu added: family: tracepoint, id: 0
287 [23103824455360] INFO perfrun.perfcollector <> - dir found: /sys/bus/event_source/devices/uncore_sbox_3
287 [23103824455360] INFO perfrun.perfcollector <> - format: event config:0-7 mask:0-7
287 [23103824455360] INFO perfrun.perfcollector <> - format: edge config:18 mask:18
287 [23103824455360] INFO perfrun.perfcollector <> - format: inv config:23 mask:23
288 [23103824455360] INFO perfrun.perfcollector <> - format: umask config:8-15 mask:8-15
288 [23103824455360] INFO perfrun.perfcollector <> - format: tid_en config:19 mask:19
288 [23103824455360] INFO perfrun.perfcollector <> - format: thresh config:24-31 mask:24-31
288 [23103824455360] INFO perfrun.perfcollector <> - hwInfo: not set, pmuFam: uncore_sbox
288 [23103824455360] INFO perfrun.perfcollector <> - pmu added: family: uncore_sbox, id: 3
288 [23103824455360] INFO perfrun.perfcollector <> - dir found: /sys/bus/event_source/devices/uncore_cbox_9
288 [23103824455360] INFO perfrun.perfcollector <> - format: event config:0-7 mask:0-7
288 [23103824455360] INFO perfrun.perfcollector <> - format: filter_link config1:6-8 mask:6-8
288 [23103824455360] INFO perfrun.perfcollector <> - format: filter_c6 config1:61 mask:61
288 [23103824455360] INFO perfrun.perfcollector <> - format: edge config:18 mask:18
288 [23103824455360] INFO perfrun.perfcollector <> - format: filter_isoc config1:63 mask:63
288 [23103824455360] INFO perfrun.perfcollector <> - format: filter_tid config1:0-5 mask:0-5
288 [23103824455360] INFO perfrun.perfcollector <> - format: filter_nid config1:32-47 mask:32-47
288 [23103824455360] INFO perfrun.perfcollector <> - format: filter_nc config1:62 mask:62
288 [23103824455360] INFO perfrun.perfcollector <> - format: umask config:8-15 mask:8-15
288 [23103824455360] INFO perfrun.perfcollector <> - format: tid_en config:19 mask:19
288 [23103824455360] INFO perfrun.perfcollector <> - format: thresh config:24-31 mask:24-31
288 [23103824455360] INFO perfrun.perfcollector <> - format: filter_state config1:17-23 mask:17-23
288 [23103824455360] INFO perfrun.perfcollector <> - format: filter_opc config1:52-60 mask:52-60
288 [23103824455360] INFO perfrun.perfcollector <> - hwInfo: PERF_CBOX_PMU_DETAILS
288 [23103824455360] INFO perfrun.perfcollector <> - pmu added: family: uncore_cbox, id: 9
288 [23103824455360] INFO perfrun.perfcollector <> - dir found: /sys/bus/event_source/devices/cstate_pkg
288 [23103824455360] INFO perfrun.perfcollector <> - format: event config:0-63 mask:0-63
288 [23103824455360] INFO perfrun.perfcollector <> - hwInfo: not set, pmuFam: cstate_pkg
288 [23103824455360] INFO perfrun.perfcollector <> - pmu added: family: cstate_pkg, id: 0
288 [23103824455360] INFO perfrun.perfcollector <> - dir found: /sys/bus/event_source/devices/uncore_imc_4
288 [23103824455360] INFO perfrun.perfcollector <> - format: event config:0-7 mask:0-7
288 [23103824455360] INFO perfrun.perfcollector <> - format: edge config:18 mask:18
288 [23103824455360] INFO perfrun.perfcollector <> - format: inv config:23 mask:23
288 [23103824455360] INFO perfrun.perfcollector <> - format: umask config:8-15 mask:8-15
288 [23103824455360] INFO perfrun.perfcollector <> - format: thresh config:24-31 mask:24-31
288 [23103824455360] INFO perfrun.perfcollector <> - hwInfo: PERF_IMC_PMU_DETAILS
288 [23103824455360] INFO perfrun.perfcollector <> - pmu added: family: uncore_imc, id: 4
288 [23103824455360] INFO perfrun.perfcollector <> - dir found: /sys/bus/event_source/devices/uncore_ubox
288 [23103824455360] INFO perfrun.perfcollector <> - format: event config:0-7 mask:0-7
288 [23103824455360] INFO perfrun.perfcollector <> - format: edge config:18 mask:18
288 [23103824455360] INFO perfrun.perfcollector <> - format: inv config:23 mask:23
288 [23103824455360] INFO perfrun.perfcollector <> - format: umask config:8-15 mask:8-15
289 [23103824455360] INFO perfrun.perfcollector <> - format: thresh config:24-28 mask:24-28
289 [23103824455360] INFO perfrun.perfcollector <> - hwInfo: not set, pmuFam: uncore_ubox
289 [23103824455360] INFO perfrun.perfcollector <> - pmu added: family: uncore_ubox, id: 0
289 [23103824455360] INFO perfrun.perfcollector <> - dir found: /sys/bus/event_source/devices/uncore_sbox_1
289 [23103824455360] INFO perfrun.perfcollector <> - format: event config:0-7 mask:0-7
289 [23103824455360] INFO perfrun.perfcollector <> - format: edge config:18 mask:18
289 [23103824455360] INFO perfrun.perfcollector <> - format: inv config:23 mask:23
289 [23103824455360] INFO perfrun.perfcollector <> - format: umask config:8-15 mask:8-15
289 [23103824455360] INFO perfrun.perfcollector <> - format: tid_en config:19 mask:19
289 [23103824455360] INFO perfrun.perfcollector <> - format: thresh config:24-31 mask:24-31
289 [23103824455360] INFO perfrun.perfcollector <> - hwInfo: not set, pmuFam: uncore_sbox
289 [23103824455360] INFO perfrun.perfcollector <> - pmu added: family: uncore_sbox, id: 1
289 [23103824455360] INFO perfrun.perfcollector <> - dir found: /sys/bus/event_source/devices/uncore_cbox_7
289 [23103824455360] INFO perfrun.perfcollector <> - format: event config:0-7 mask:0-7
289 [23103824455360] INFO perfrun.perfcollector <> - format: filter_link config1:6-8 mask:6-8
289 [23103824455360] INFO perfrun.perfcollector <> - format: filter_c6 config1:61 mask:61
289 [23103824455360] INFO perfrun.perfcollector <> - format: edge config:18 mask:18
289 [23103824455360] INFO perfrun.perfcollector <> - format: filter_isoc config1:63 mask:63
289 [23103824455360] INFO perfrun.perfcollector <> - format: filter_tid config1:0-5 mask:0-5
289 [23103824455360] INFO perfrun.perfcollector <> - format: filter_nid config1:32-47 mask:32-47
289 [23103824455360] INFO perfrun.perfcollector <> - format: filter_nc config1:62 mask:62
289 [23103824455360] INFO perfrun.perfcollector <> - format: umask config:8-15 mask:8-15
289 [23103824455360] INFO perfrun.perfcollector <> - format: tid_en config:19 mask:19
289 [23103824455360] INFO perfrun.perfcollector <> - format: thresh config:24-31 mask:24-31
289 [23103824455360] INFO perfrun.perfcollector <> - format: filter_state config1:17-23 mask:17-23
289 [23103824455360] INFO perfrun.perfcollector <> - format: filter_opc config1:52-60 mask:52-60
289 [23103824455360] INFO perfrun.perfcollector <> - hwInfo: PERF_CBOX_PMU_DETAILS
289 [23103824455360] INFO perfrun.perfcollector <> - pmu added: family: uncore_cbox, id: 7
289 [23103824455360] INFO perfrun.perfcollector <> - dir found: /sys/bus/event_source/devices/uncore_cbox_12
289 [23103824455360] INFO perfrun.perfcollector <> - format: event config:0-7 mask:0-7
289 [23103824455360] INFO perfrun.perfcollector <> - format: filter_link config1:6-8 mask:6-8
289 [23103824455360] INFO perfrun.perfcollector <> - format: filter_c6 config1:61 mask:61
289 [23103824455360] INFO perfrun.perfcollector <> - format: edge config:18 mask:18
289 [23103824455360] INFO perfrun.perfcollector <> - format: filter_isoc config1:63 mask:63
289 [23103824455360] INFO perfrun.perfcollector <> - format: filter_tid config1:0-5 mask:0-5
290 [23103824455360] INFO perfrun.perfcollector <> - format: filter_nid config1:32-47 mask:32-47
290 [23103824455360] INFO perfrun.perfcollector <> - format: filter_nc config1:62 mask:62
290 [23103824455360] INFO perfrun.perfcollector <> - format: umask config:8-15 mask:8-15
290 [23103824455360] INFO perfrun.perfcollector <> - format: tid_en config:19 mask:19
290 [23103824455360] INFO perfrun.perfcollector <> - format: thresh config:24-31 mask:24-31
290 [23103824455360] INFO perfrun.perfcollector <> - format: filter_state config1:17-23 mask:17-23
290 [23103824455360] INFO perfrun.perfcollector <> - format: filter_opc config1:52-60 mask:52-60
290 [23103824455360] INFO perfrun.perfcollector <> - hwInfo: PERF_CBOX_PMU_DETAILS
290 [23103824455360] INFO perfrun.perfcollector <> - pmu added: family: uncore_cbox, id: 12
290 [23103824455360] INFO perfrun.perfcollector <> - dir found: /sys/bus/event_source/devices/kprobe
290 [23103824455360] INFO perfrun.perfcollector <> - format: retprobe config:0 mask:0
290 [23103824455360] INFO perfrun.perfcollector <> - hwInfo: not set, pmuFam: kprobe
290 [23103824455360] INFO perfrun.perfcollector <> - pmu added: family: kprobe, id: 0
290 [23103824455360] INFO perfrun.perfcollector <> - dir found: /sys/bus/event_source/devices/uncore_qpi_0
290 [23103824455360] INFO perfrun.perfcollector <> - format: mask_rnid4 config2:31 mask:31
290 [23103824455360] INFO perfrun.perfcollector <> - format: mask_rnid30 config2:32-35 mask:32-35
290 [23103824455360] INFO perfrun.perfcollector <> - format: match_rnid30 config1:32-35 mask:32-35
290 [23103824455360] INFO perfrun.perfcollector <> - format: event config:0-7,21 mask:0-7,21
290 [23103824455360] INFO perfrun.perfcollector <> - format: match0 config1:0-31 mask:0-31
290 [23103824455360] INFO perfrun.perfcollector <> - format: match_rds config1:48-51 mask:48-51
290 [23103824455360] INFO perfrun.perfcollector <> - format: mask_rds config2:48-51 mask:48-51
290 [23103824455360] INFO perfrun.perfcollector <> - format: edge config:18 mask:18
290 [23103824455360] INFO perfrun.perfcollector <> - format: mask1 config2:32-63 mask:32-63
290 [23103824455360] INFO perfrun.perfcollector <> - format: match_dnid config1:13-17 mask:13-17
290 [23103824455360] INFO perfrun.perfcollector <> - format: mask_dnid config2:13-17 mask:13-17
290 [23103824455360] INFO perfrun.perfcollector <> - format: match_vnw config1:3-4 mask:3-4
290 [23103824455360] INFO perfrun.perfcollector <> - format: mask_vnw config2:3-4 mask:3-4
290 [23103824455360] INFO perfrun.perfcollector <> - format: mask_mc config2:9-12 mask:9-12
290 [23103824455360] INFO perfrun.perfcollector <> - format: match1 config1:32-63 mask:32-63
291 [23103824455360] INFO perfrun.perfcollector <> - format: inv config:23 mask:23
291 [23103824455360] INFO perfrun.perfcollector <> - format: umask config:8-15 mask:8-15
291 [23103824455360] INFO perfrun.perfcollector <> - format: match_opc config1:5-8 mask:5-8
291 [23103824455360] INFO perfrun.perfcollector <> - format: mask_opc config2:5-8 mask:5-8
291 [23103824455360] INFO perfrun.perfcollector <> - format: thresh config:24-31 mask:24-31
291 [23103824455360] INFO perfrun.perfcollector <> - format: match_rnid4 config1:31 mask:31
291 [23103824455360] INFO perfrun.perfcollector <> - format: mask0 config2:0-31 mask:0-31
291 [23103824455360] INFO perfrun.perfcollector <> - format: match_mc config1:9-12 mask:9-12
291 [23103824455360] INFO perfrun.perfcollector <> - hwInfo: PERF_QPI_PMU_DETAILS
291 [23103824455360] INFO perfrun.perfcollector <> - pmu added: family: uncore_qpi, id: 0
291 [23103824455360] INFO perfrun.perfcollector <> - dir found: /sys/bus/event_source/devices/uncore_cbox_5
291 [23103824455360] INFO perfrun.perfcollector <> - format: event config:0-7 mask:0-7
291 [23103824455360] INFO perfrun.perfcollector <> - format: filter_link config1:6-8 mask:6-8
291 [23103824455360] INFO perfrun.perfcollector <> - format: filter_c6 config1:61 mask:61
291 [23103824455360] INFO perfrun.perfcollector <> - format: edge config:18 mask:18
291 [23103824455360] INFO perfrun.perfcollector <> - format: filter_isoc config1:63 mask:63
291 [23103824455360] INFO perfrun.perfcollector <> - format: filter_tid config1:0-5 mask:0-5
291 [23103824455360] INFO perfrun.perfcollector <> - format: filter_nid config1:32-47 mask:32-47
291 [23103824455360] INFO perfrun.perfcollector <> - format: filter_nc config1:62 mask:62
291 [23103824455360] INFO perfrun.perfcollector <> - format: umask config:8-15 mask:8-15
291 [23103824455360] INFO perfrun.perfcollector <> - format: tid_en config:19 mask:19
291 [23103824455360] INFO perfrun.perfcollector <> - format: thresh config:24-31 mask:24-31
291 [23103824455360] INFO perfrun.perfcollector <> - format: filter_state config1:17-23 mask:17-23
291 [23103824455360] INFO perfrun.perfcollector <> - format: filter_opc config1:52-60 mask:52-60
291 [23103824455360] INFO perfrun.perfcollector <> - hwInfo: PERF_CBOX_PMU_DETAILS
291 [23103824455360] INFO perfrun.perfcollector <> - pmu added: family: uncore_cbox, id: 5
291 [23103824455360] INFO perfrun.perfcollector <> - dir found: /sys/bus/event_source/devices/uncore_imc_0
291 [23103824455360] INFO perfrun.perfcollector <> - format: event config:0-7 mask:0-7
291 [23103824455360] INFO perfrun.perfcollector <> - format: edge config:18 mask:18
292 [23103824455360] INFO perfrun.perfcollector <> - format: inv config:23 mask:23
292 [23103824455360] INFO perfrun.perfcollector <> - format: umask config:8-15 mask:8-15
292 [23103824455360] INFO perfrun.perfcollector <> - format: thresh config:24-31 mask:24-31
292 [23103824455360] INFO perfrun.perfcollector <> - hwInfo: PERF_IMC_PMU_DETAILS
292 [23103824455360] INFO perfrun.perfcollector <> - pmu added: family: uncore_imc, id: 0
292 [23103824455360] INFO perfrun.perfcollector <> - dir found: /sys/bus/event_source/devices/uncore_cbox_10
292 [23103824455360] INFO perfrun.perfcollector <> - format: event config:0-7 mask:0-7
292 [23103824455360] INFO perfrun.perfcollector <> - format: filter_link config1:6-8 mask:6-8
292 [23103824455360] INFO perfrun.perfcollector <> - format: filter_c6 config1:61 mask:61
292 [23103824455360] INFO perfrun.perfcollector <> - format: edge config:18 mask:18
292 [23103824455360] INFO perfrun.perfcollector <> - format: filter_isoc config1:63 mask:63
292 [23103824455360] INFO perfrun.perfcollector <> - format: filter_tid config1:0-5 mask:0-5
292 [23103824455360] INFO perfrun.perfcollector <> - format: filter_nid config1:32-47 mask:32-47
292 [23103824455360] INFO perfrun.perfcollector <> - format: filter_nc config1:62 mask:62
292 [23103824455360] INFO perfrun.perfcollector <> - format: umask config:8-15 mask:8-15
292 [23103824455360] INFO perfrun.perfcollector <> - format: tid_en config:19 mask:19
292 [23103824455360] INFO perfrun.perfcollector <> - format: thresh config:24-31 mask:24-31
292 [23103824455360] INFO perfrun.perfcollector <> - format: filter_state config1:17-23 mask:17-23
292 [23103824455360] INFO perfrun.perfcollector <> - format: filter_opc config1:52-60 mask:52-60
292 [23103824455360] INFO perfrun.perfcollector <> - hwInfo: PERF_CBOX_PMU_DETAILS
292 [23103824455360] INFO perfrun.perfcollector <> - pmu added: family: uncore_cbox, id: 10
292 [23103824455360] INFO perfrun.perfcollector <> - dir found: /sys/bus/event_source/devices/uncore_pcu
292 [23103824455360] INFO perfrun.perfcollector <> - format: filter_band2 config1:16-23 mask:16-23
292 [23103824455360] INFO perfrun.perfcollector <> - format: event config:0-7 mask:0-7
292 [23103824455360] INFO perfrun.perfcollector <> - format: filter_band0 config1:0-7 mask:0-7
292 [23103824455360] INFO perfrun.perfcollector <> - format: edge config:18 mask:18
292 [23103824455360] INFO perfrun.perfcollector <> - format: occ_invert config:30 mask:30
292 [23103824455360] INFO perfrun.perfcollector <> - format: occ_edge config:14-51 mask:14-51
292 [23103824455360] INFO perfrun.perfcollector <> - format: filter_band3 config1:24-31 mask:24-31
293 [23103824455360] INFO perfrun.perfcollector <> - format: filter_band1 config1:8-15 mask:8-15
293 [23103824455360] INFO perfrun.perfcollector <> - format: inv config:23 mask:23
293 [23103824455360] INFO perfrun.perfcollector <> - format: thresh config:24-28 mask:24-28
293 [23103824455360] INFO perfrun.perfcollector <> - format: occ_sel config:14-15 mask:14-15
293 [23103824455360] INFO perfrun.perfcollector <> - hwInfo: not set, pmuFam: uncore_pcu
293 [23103824455360] INFO perfrun.perfcollector <> - pmu added: family: uncore_pcu, id: 0
293 [23103824455360] INFO perfrun.perfcollector <> - dir found: /sys/bus/event_source/devices/uncore_r3qpi_1
293 [23103824455360] INFO perfrun.perfcollector <> - format: event config:0-7 mask:0-7
293 [23103824455360] INFO perfrun.perfcollector <> - format: edge config:18 mask:18
293 [23103824455360] INFO perfrun.perfcollector <> - format: inv config:23 mask:23
293 [23103824455360] INFO perfrun.perfcollector <> - format: umask config:8-15 mask:8-15
293 [23103824455360] INFO perfrun.perfcollector <> - format: thresh config:24-31 mask:24-31
293 [23103824455360] INFO perfrun.perfcollector <> - hwInfo: not set, pmuFam: uncore_r3qpi
293 [23103824455360] INFO perfrun.perfcollector <> - pmu added: family: uncore_r3qpi, id: 1
293 [23103824455360] INFO perfrun.perfcollector <> - dir found: /sys/bus/event_source/devices/msr
293 [23103824455360] INFO perfrun.perfcollector <> - format: event config:0-63 mask:0-63
293 [23103824455360] INFO perfrun.perfcollector <> - hwInfo: not set, pmuFam: msr
293 [23103824455360] INFO perfrun.perfcollector <> - pmu added: family: msr, id: 0
293 [23103824455360] INFO perfrun.perfcollector <> - dir found: /sys/bus/event_source/devices/uncore_cbox_3
293 [23103824455360] INFO perfrun.perfcollector <> - format: event config:0-7 mask:0-7
293 [23103824455360] INFO perfrun.perfcollector <> - format: filter_link config1:6-8 mask:6-8
293 [23103824455360] INFO perfrun.perfcollector <> - format: filter_c6 config1:61 mask:61
293 [23103824455360] INFO perfrun.perfcollector <> - format: edge config:18 mask:18
293 [23103824455360] INFO perfrun.perfcollector <> - format: filter_isoc config1:63 mask:63
293 [23103824455360] INFO perfrun.perfcollector <> - format: filter_tid config1:0-5 mask:0-5
293 [23103824455360] INFO perfrun.perfcollector <> - format: filter_nid config1:32-47 mask:32-47
293 [23103824455360] INFO perfrun.perfcollector <> - format: filter_nc config1:62 mask:62
294 [23103824455360] INFO perfrun.perfcollector <> - format: umask config:8-15 mask:8-15
294 [23103824455360] INFO perfrun.perfcollector <> - format: tid_en config:19 mask:19
294 [23103824455360] INFO perfrun.perfcollector <> - format: thresh config:24-31 mask:24-31
294 [23103824455360] INFO perfrun.perfcollector <> - format: filter_state config1:17-23 mask:17-23
294 [23103824455360] INFO perfrun.perfcollector <> - format: filter_opc config1:52-60 mask:52-60
294 [23103824455360] INFO perfrun.perfcollector <> - hwInfo: PERF_CBOX_PMU_DETAILS
294 [23103824455360] INFO perfrun.perfcollector <> - pmu added: family: uncore_cbox, id: 3
294 [23103824455360] INFO perfrun.perfcollector <> - dir found: /sys/bus/event_source/devices/intel_pt
294 [23103824455360] INFO perfrun.perfcollector <> - format: ptw config:12 mask:12
294 [23103824455360] INFO perfrun.perfcollector <> - format: event config:31 mask:31
294 [23103824455360] INFO perfrun.perfcollector <> - format: cyc_thresh config:19-22 mask:19-22
294 [23103824455360] INFO perfrun.perfcollector <> - format: pt config:0 mask:0
294 [23103824455360] INFO perfrun.perfcollector <> - format: notnt config:55 mask:55
294 [23103824455360] INFO perfrun.perfcollector <> - format: branch config:13 mask:13
294 [23103824455360] INFO perfrun.perfcollector <> - format: tsc config:10 mask:10
294 [23103824455360] INFO perfrun.perfcollector <> - format: pwr_evt config:4 mask:4
294 [23103824455360] INFO perfrun.perfcollector <> - format: fup_on_ptw config:5 mask:5
294 [23103824455360] INFO perfrun.perfcollector <> - format: cyc config:1 mask:1
294 [23103824455360] INFO perfrun.perfcollector <> - format: noretcomp config:11 mask:11
294 [23103824455360] INFO perfrun.perfcollector <> - format: mtc config:9 mask:9
294 [23103824455360] INFO perfrun.perfcollector <> - format: psb_period config:24-27 mask:24-27
294 [23103824455360] INFO perfrun.perfcollector <> - format: mtc_period config:14-17 mask:14-17
294 [23103824455360] INFO perfrun.perfcollector <> - hwInfo: not set, pmuFam: intel_pt
294 [23103824455360] INFO perfrun.perfcollector <> - pmu added: family: intel_pt, id: 0
294 [23103824455360] INFO perfrun.perfcollector <> - dir found: /sys/bus/event_source/devices/uncore_ha_1
294 [23103824455360] INFO perfrun.perfcollector <> - format: event config:0-7 mask:0-7
295 [23103824455360] INFO perfrun.perfcollector <> - format: edge config:18 mask:18
295 [23103824455360] INFO perfrun.perfcollector <> - format: inv config:23 mask:23
295 [23103824455360] INFO perfrun.perfcollector <> - format: umask config:8-15 mask:8-15
295 [23103824455360] INFO perfrun.perfcollector <> - format: thresh config:24-31 mask:24-31
295 [23103824455360] INFO perfrun.perfcollector <> - hwInfo: not set, pmuFam: uncore_ha
295 [23103824455360] INFO perfrun.perfcollector <> - pmu added: family: uncore_ha, id: 1
295 [23103824455360] INFO perfrun.perfcollector <> - dir found: /sys/bus/event_source/devices/uncore_cbox_1
295 [23103824455360] INFO perfrun.perfcollector <> - format: event config:0-7 mask:0-7
295 [23103824455360] INFO perfrun.perfcollector <> - format: filter_link config1:6-8 mask:6-8
295 [23103824455360] INFO perfrun.perfcollector <> - format: filter_c6 config1:61 mask:61
295 [23103824455360] INFO perfrun.perfcollector <> - format: edge config:18 mask:18
295 [23103824455360] INFO perfrun.perfcollector <> - format: filter_isoc config1:63 mask:63
295 [23103824455360] INFO perfrun.perfcollector <> - format: filter_tid config1:0-5 mask:0-5
295 [23103824455360] INFO perfrun.perfcollector <> - format: filter_nid config1:32-47 mask:32-47
295 [23103824455360] INFO perfrun.perfcollector <> - format: filter_nc config1:62 mask:62
295 [23103824455360] INFO perfrun.perfcollector <> - format: umask config:8-15 mask:8-15
295 [23103824455360] INFO perfrun.perfcollector <> - format: tid_en config:19 mask:19
295 [23103824455360] INFO perfrun.perfcollector <> - format: thresh config:24-31 mask:24-31
295 [23103824455360] INFO perfrun.perfcollector <> - format: filter_state config1:17-23 mask:17-23
295 [23103824455360] INFO perfrun.perfcollector <> - format: filter_opc config1:52-60 mask:52-60
295 [23103824455360] INFO perfrun.perfcollector <> - hwInfo: PERF_CBOX_PMU_DETAILS
295 [23103824455360] INFO perfrun.perfcollector <> - pmu added: family: uncore_cbox, id: 1
295 [23103824455360] INFO perfrun.sdk <> - runCmd: /opt/intel/oneapi/vtune/2023.1.0/bin64/sep -dry-run -sam 1 -ec CPU_CLK_UNHALTED.THREAD,CPU_CLK_UNHALTED.REF_TSC:sample:sa=2400000,INST_RETIRED.ANY:sample:sa=2400000,CPU_CLK_UNHALTED.REF_XCLK,CPU_CLK_UNHALTED.ONE_THREAD_ACTIVE,FP_ARITH_INST_RETIRED.SCALAR_SINGLE,FP_ARITH_INST_RETIRED.128B_PACKED_SINGLE,FP_ARITH_INST_RETIRED.256B_PACKED_SINGLE,FP_ARITH_INST_RETIRED.SCALAR_DOUBLE,FP_ARITH_INST_RETIRED.128B_PACKED_DOUBLE,FP_ARITH_INST_RETIRED.256B_PACKED_DOUBLE,INST_RETIRED.X87,UOPS_RETIRED.RETIRE_SLOTS:sample:sa=2000003 -experimental
296 [23103824455360] INFO perfrun.sdk <> - runCmd started PID 3362838
316 [23103824455360] INFO perfrun.perfcollector <> - SepDryRun RC = true
319 [23103824455360] INFO perfrun.perfcollector <> - DRY_RUN: "PMU type: Core (core)"
319 [23103824455360] INFO perfrun.perfcollector <> - pmu type: cpu
319 [23103824455360] INFO perfrun.perfcollector <> - DRY_RUN: "Group 0:"
319 [23103824455360] INFO perfrun.perfcollector <> - id: 0
319 [23103824455360] INFO perfrun.perfcollector <> - DRY_RUN: "INST_RETIRED.ANY: event id 2"
319 [23103824455360] INFO perfrun.perfcollector <> - eventName: INST_RETIRED.ANY, eventId: 2
320 [23103824455360] INFO perfrun.perfcollector <> - DRY_RUN: "CPU_CLK_UNHALTED.THREAD: event id 0"
320 [23103824455360] INFO perfrun.perfcollector <> - eventName: CPU_CLK_UNHALTED.THREAD, eventId: 0
320 [23103824455360] INFO perfrun.perfcollector <> - DRY_RUN: "CPU_CLK_UNHALTED.REF_TSC: event id 1"
320 [23103824455360] INFO perfrun.perfcollector <> - eventName: CPU_CLK_UNHALTED.REF_TSC, eventId: 1
320 [23103824455360] INFO perfrun.perfcollector <> - DRY_RUN: "FP_ARITH_INST_RETIRED.SCALAR_SINGLE: event id 5"
320 [23103824455360] INFO perfrun.perfcollector <> - eventName: FP_ARITH_INST_RETIRED.SCALAR_SINGLE, eventId: 5
320 [23103824455360] INFO perfrun.perfcollector <> - DRY_RUN: "FP_ARITH_INST_RETIRED.128B_PACKED_SINGLE: event id 6"
320 [23103824455360] INFO perfrun.perfcollector <> - eventName: FP_ARITH_INST_RETIRED.128B_PACKED_SINGLE, eventId: 6
320 [23103824455360] INFO perfrun.perfcollector <> - DRY_RUN: "FP_ARITH_INST_RETIRED.256B_PACKED_SINGLE: event id 7"
320 [23103824455360] INFO perfrun.perfcollector <> - eventName: FP_ARITH_INST_RETIRED.256B_PACKED_SINGLE, eventId: 7
320 [23103824455360] INFO perfrun.perfcollector <> - DRY_RUN: "FP_ARITH_INST_RETIRED.SCALAR_DOUBLE: event id 8"
320 [23103824455360] INFO perfrun.perfcollector <> - eventName: FP_ARITH_INST_RETIRED.SCALAR_DOUBLE, eventId: 8
320 [23103824455360] INFO perfrun.perfcollector <> - DRY_RUN: "CPU_CLK_UNHALTED.REF_XCLK: event id 3"
320 [23103824455360] INFO perfrun.perfcollector <> - eventName: CPU_CLK_UNHALTED.REF_XCLK, eventId: 3
320 [23103824455360] INFO perfrun.perfcollector <> - DRY_RUN: "CPU_CLK_UNHALTED.ONE_THREAD_ACTIVE: event id 4"
320 [23103824455360] INFO perfrun.perfcollector <> - eventName: CPU_CLK_UNHALTED.ONE_THREAD_ACTIVE, eventId: 4
320 [23103824455360] INFO perfrun.perfcollector <> - DRY_RUN: "INST_RETIRED.X87: event id 11"
320 [23103824455360] INFO perfrun.perfcollector <> - eventName: INST_RETIRED.X87, eventId: 11
320 [23103824455360] INFO perfrun.perfcollector <> - DRY_RUN: "UOPS_RETIRED.RETIRE_SLOTS: event id 12"
320 [23103824455360] INFO perfrun.perfcollector <> - eventName: UOPS_RETIRED.RETIRE_SLOTS, eventId: 12
320 [23103824455360] INFO perfrun.perfcollector <> - DRY_RUN: "CCCR"
320 [23103824455360] INFO perfrun.perfcollector <> - DRY_RUN: "reg_type       = 1	event_id       = g	reg_id         = 38f	reg_value      = 7000000ff"
320 [23103824455360] INFO perfrun.perfcollector <> - eventId: g, skip parsing event_id
320 [23103824455360] INFO perfrun.perfcollector <> - Register was ignored: group_id: 0, reg_type: 1, event_id: 4294967295, reg_id: 38f, reg_value: 7000000ff, pmu_name: cpu
320 [23103824455360] INFO perfrun.perfcollector <> - DRY_RUN: "reg_type       = 1	event_id       = g	reg_id         = 390	reg_value      = 7000000ff"
320 [23103824455360] INFO perfrun.perfcollector <> - eventId: g, skip parsing event_id
320 [23103824455360] INFO perfrun.perfcollector <> - Register was ignored: group_id: 0, reg_type: 1, event_id: 4294967295, reg_id: 390, reg_value: 7000000ff, pmu_name: cpu
320 [23103824455360] INFO perfrun.perfcollector <> - DRY_RUN: "reg_type       = 1	event_id       = g	reg_id         = 3f1	reg_value      = 0"
320 [23103824455360] INFO perfrun.perfcollector <> - eventId: g, skip parsing event_id
320 [23103824455360] INFO perfrun.perfcollector <> - Register was ignored: group_id: 0, reg_type: 1, event_id: 4294967295, reg_id: 3f1, reg_value: 0, pmu_name: cpu
320 [23103824455360] INFO perfrun.perfcollector <> - DRY_RUN: "reg_type       = 1	event_id       = g	reg_id         = 1d9	reg_value      = 1800"
320 [23103824455360] INFO perfrun.perfcollector <> - eventId: g, skip parsing event_id
320 [23103824455360] INFO perfrun.perfcollector <> - Register was ignored: group_id: 0, reg_type: 1, event_id: 4294967295, reg_id: 1d9, reg_value: 1800, pmu_name: cpu
320 [23103824455360] INFO perfrun.perfcollector <> - DRY_RUN: "reg_type       = 1	event_id       = g	reg_id         = 38d	reg_value      = bbb"
320 [23103824455360] INFO perfrun.perfcollector <> - eventId: g, skip parsing event_id
320 [23103824455360] INFO perfrun.perfcollector <> - Register was ignored: group_id: 0, reg_type: 1, event_id: 4294967295, reg_id: 38d, reg_value: bbb, pmu_name: cpu
320 [23103824455360] INFO perfrun.perfcollector <> - DRY_RUN: "reg_type       = 1	event_id       = 5	reg_id         = 186	reg_value      = 5302c7"
320 [23103824455360] INFO perfrun.perfcollector <> - Event selector: group_id: 0, reg_type: 1, event_id: 5, reg_id: 186, reg_value: 5302c7, pmu_name: cpu
320 [23103824455360] INFO perfrun.perfcollector <> - DRY_RUN: "reg_type       = 1	event_id       = 6	reg_id         = 187	reg_value      = 5308c7"
320 [23103824455360] INFO perfrun.perfcollector <> - Event selector: group_id: 0, reg_type: 1, event_id: 6, reg_id: 187, reg_value: 5308c7, pmu_name: cpu
320 [23103824455360] INFO perfrun.perfcollector <> - DRY_RUN: "reg_type       = 1	event_id       = 7	reg_id         = 188	reg_value      = 5320c7"
320 [23103824455360] INFO perfrun.perfcollector <> - Event selector: group_id: 0, reg_type: 1, event_id: 7, reg_id: 188, reg_value: 5320c7, pmu_name: cpu
320 [23103824455360] INFO perfrun.perfcollector <> - DRY_RUN: "reg_type       = 1	event_id       = 8	reg_id         = 189	reg_value      = 5301c7"
320 [23103824455360] INFO perfrun.perfcollector <> - Event selector: group_id: 0, reg_type: 1, event_id: 8, reg_id: 189, reg_value: 5301c7, pmu_name: cpu
320 [23103824455360] INFO perfrun.perfcollector <> - DRY_RUN: "reg_type       = 1	event_id       = 3	reg_id         = 18a	reg_value      = 53013c"
320 [23103824455360] INFO perfrun.perfcollector <> - Event selector: group_id: 0, reg_type: 1, event_id: 3, reg_id: 18a, reg_value: 53013c, pmu_name: cpu
320 [23103824455360] INFO perfrun.perfcollector <> - DRY_RUN: "reg_type       = 1	event_id       = 4	reg_id         = 18b	reg_value      = 53023c"
320 [23103824455360] INFO perfrun.perfcollector <> - Event selector: group_id: 0, reg_type: 1, event_id: 4, reg_id: 18b, reg_value: 53023c, pmu_name: cpu
320 [23103824455360] INFO perfrun.perfcollector <> - DRY_RUN: "reg_type       = 1	event_id       = 11	reg_id         = 18c	reg_value      = 5302c0"
320 [23103824455360] INFO perfrun.perfcollector <> - Event selector: group_id: 0, reg_type: 1, event_id: 11, reg_id: 18c, reg_value: 5302c0, pmu_name: cpu
320 [23103824455360] INFO perfrun.perfcollector <> - DRY_RUN: "reg_type       = 1	event_id       = 12	reg_id         = 18d	reg_value      = 5302c2"
320 [23103824455360] INFO perfrun.perfcollector <> - Event selector: group_id: 0, reg_type: 1, event_id: 12, reg_id: 18d, reg_value: 5302c2, pmu_name: cpu
320 [23103824455360] INFO perfrun.perfcollector <> - DRY_RUN: "ESCR"
320 [23103824455360] INFO perfrun.perfcollector <> - DRY_RUN: "reg_type       = 2	event_id       = g	reg_id         = 1c8	reg_value      = 0"
320 [23103824455360] INFO perfrun.perfcollector <> - eventId: g, skip parsing event_id
320 [23103824455360] INFO perfrun.perfcollector <> - DRY_RUN: "DATA"
320 [23103824455360] INFO perfrun.perfcollector <> - DRY_RUN: "reg_type       = 4	event_id       = 2	reg_id         = 309	reg_value      = ffffffdb6100"
320 [23103824455360] INFO perfrun.perfcollector <> - eventId: 2, dataAddr: 309, dataVal: ffffffdb6100
320 [23103824455360] INFO perfrun.perfcollector <> - DRY_RUN: "reg_type       = 4	event_id       = 0	reg_id         = 30a	reg_value      = ffffffe17b7d"
320 [23103824455360] INFO perfrun.perfcollector <> - eventId: 0, dataAddr: 30a, dataVal: ffffffe17b7d
320 [23103824455360] INFO perfrun.perfcollector <> - DRY_RUN: "reg_type       = 4	event_id       = 1	reg_id         = 30b	reg_value      = ffffffdb6100"
320 [23103824455360] INFO perfrun.perfcollector <> - eventId: 1, dataAddr: 30b, dataVal: ffffffdb6100
320 [23103824455360] INFO perfrun.perfcollector <> - DRY_RUN: "reg_type       = 4	event_id       = 5	reg_id         = c1	reg_value      = ffffffe17b7d"
320 [23103824455360] INFO perfrun.perfcollector <> - eventId: 5, dataAddr: c1, dataVal: ffffffe17b7d
320 [23103824455360] INFO perfrun.perfcollector <> - DRY_RUN: "reg_type       = 4	event_id       = 6	reg_id         = c2	reg_value      = ffffffe17b7d"
320 [23103824455360] INFO perfrun.perfcollector <> - eventId: 6, dataAddr: c2, dataVal: ffffffe17b7d
320 [23103824455360] INFO perfrun.perfcollector <> - DRY_RUN: "reg_type       = 4	event_id       = 7	reg_id         = c3	reg_value      = ffffffe17b7d"
320 [23103824455360] INFO perfrun.perfcollector <> - eventId: 7, dataAddr: c3, dataVal: ffffffe17b7d
320 [23103824455360] INFO perfrun.perfcollector <> - DRY_RUN: "reg_type       = 4	event_id       = 8	reg_id         = c4	reg_value      = ffffffe17b7d"
320 [23103824455360] INFO perfrun.perfcollector <> - eventId: 8, dataAddr: c4, dataVal: ffffffe17b7d
320 [23103824455360] INFO perfrun.perfcollector <> - DRY_RUN: "reg_type       = 4	event_id       = 3	reg_id         = c5	reg_value      = fffffffe795d"
320 [23103824455360] INFO perfrun.perfcollector <> - eventId: 3, dataAddr: c5, dataVal: fffffffe795d
320 [23103824455360] INFO perfrun.perfcollector <> - DRY_RUN: "reg_type       = 4	event_id       = 4	reg_id         = c6	reg_value      = fffffffe795d"
320 [23103824455360] INFO perfrun.perfcollector <> - eventId: 4, dataAddr: c6, dataVal: fffffffe795d
320 [23103824455360] INFO perfrun.perfcollector <> - DRY_RUN: "reg_type       = 4	event_id       = 11	reg_id         = c7	reg_value      = ffffffe17b7d"
320 [23103824455360] INFO perfrun.perfcollector <> - eventId: 11, dataAddr: c7, dataVal: ffffffe17b7d
320 [23103824455360] INFO perfrun.perfcollector <> - DRY_RUN: "reg_type       = 4	event_id       = 12	reg_id         = c8	reg_value      = ffffffe17b7d"
320 [23103824455360] INFO perfrun.perfcollector <> - eventId: 12, dataAddr: c8, dataVal: ffffffe17b7d
320 [23103824455360] INFO perfrun.perfcollector <> - DRY_RUN: "Group 1:"
320 [23103824455360] INFO perfrun.perfcollector <> - id: 1
320 [23103824455360] INFO perfrun.perfcollector <> - DRY_RUN: "INST_RETIRED.ANY: event id 2"
320 [23103824455360] INFO perfrun.perfcollector <> - eventName: INST_RETIRED.ANY, eventId: 2
320 [23103824455360] INFO perfrun.perfcollector <> - DRY_RUN: "CPU_CLK_UNHALTED.THREAD: event id 0"
320 [23103824455360] INFO perfrun.perfcollector <> - eventName: CPU_CLK_UNHALTED.THREAD, eventId: 0
320 [23103824455360] INFO perfrun.perfcollector <> - DRY_RUN: "CPU_CLK_UNHALTED.REF_TSC: event id 1"
320 [23103824455360] INFO perfrun.perfcollector <> - eventName: CPU_CLK_UNHALTED.REF_TSC, eventId: 1
320 [23103824455360] INFO perfrun.perfcollector <> - DRY_RUN: "FP_ARITH_INST_RETIRED.128B_PACKED_DOUBLE: event id 9"
320 [23103824455360] INFO perfrun.perfcollector <> - eventName: FP_ARITH_INST_RETIRED.128B_PACKED_DOUBLE, eventId: 9
320 [23103824455360] INFO perfrun.perfcollector <> - DRY_RUN: "FP_ARITH_INST_RETIRED.256B_PACKED_DOUBLE: event id 10"
320 [23103824455360] INFO perfrun.perfcollector <> - eventName: FP_ARITH_INST_RETIRED.256B_PACKED_DOUBLE, eventId: 10
320 [23103824455360] INFO perfrun.perfcollector <> - DRY_RUN: "CCCR"
320 [23103824455360] INFO perfrun.perfcollector <> - DRY_RUN: "reg_type       = 1	event_id       = g	reg_id         = 38f	reg_value      = 700000003"
320 [23103824455360] INFO perfrun.perfcollector <> - eventId: g, skip parsing event_id
320 [23103824455360] INFO perfrun.perfcollector <> - Register was ignored: group_id: 1, reg_type: 1, event_id: 4294967295, reg_id: 38f, reg_value: 700000003, pmu_name: cpu
320 [23103824455360] INFO perfrun.perfcollector <> - DRY_RUN: "reg_type       = 1	event_id       = g	reg_id         = 390	reg_value      = 700000003"
320 [23103824455360] INFO perfrun.perfcollector <> - eventId: g, skip parsing event_id
320 [23103824455360] INFO perfrun.perfcollector <> - Register was ignored: group_id: 1, reg_type: 1, event_id: 4294967295, reg_id: 390, reg_value: 700000003, pmu_name: cpu
320 [23103824455360] INFO perfrun.perfcollector <> - DRY_RUN: "reg_type       = 1	event_id       = g	reg_id         = 3f1	reg_value      = 0"
320 [23103824455360] INFO perfrun.perfcollector <> - eventId: g, skip parsing event_id
320 [23103824455360] INFO perfrun.perfcollector <> - Register was ignored: group_id: 1, reg_type: 1, event_id: 4294967295, reg_id: 3f1, reg_value: 0, pmu_name: cpu
320 [23103824455360] INFO perfrun.perfcollector <> - DRY_RUN: "reg_type       = 1	event_id       = g	reg_id         = 1d9	reg_value      = 1800"
320 [23103824455360] INFO perfrun.perfcollector <> - eventId: g, skip parsing event_id
320 [23103824455360] INFO perfrun.perfcollector <> - Register was ignored: group_id: 1, reg_type: 1, event_id: 4294967295, reg_id: 1d9, reg_value: 1800, pmu_name: cpu
320 [23103824455360] INFO perfrun.perfcollector <> - DRY_RUN: "reg_type       = 1	event_id       = g	reg_id         = 38d	reg_value      = bbb"
320 [23103824455360] INFO perfrun.perfcollector <> - eventId: g, skip parsing event_id
320 [23103824455360] INFO perfrun.perfcollector <> - Register was ignored: group_id: 1, reg_type: 1, event_id: 4294967295, reg_id: 38d, reg_value: bbb, pmu_name: cpu
320 [23103824455360] INFO perfrun.perfcollector <> - DRY_RUN: "reg_type       = 1	event_id       = 9	reg_id         = 186	reg_value      = 5304c7"
320 [23103824455360] INFO perfrun.perfcollector <> - Event selector: group_id: 1, reg_type: 1, event_id: 9, reg_id: 186, reg_value: 5304c7, pmu_name: cpu
320 [23103824455360] INFO perfrun.perfcollector <> - DRY_RUN: "reg_type       = 1	event_id       = 10	reg_id         = 187	reg_value      = 5310c7"
320 [23103824455360] INFO perfrun.perfcollector <> - Event selector: group_id: 1, reg_type: 1, event_id: 10, reg_id: 187, reg_value: 5310c7, pmu_name: cpu
320 [23103824455360] INFO perfrun.perfcollector <> - DRY_RUN: "ESCR"
320 [23103824455360] INFO perfrun.perfcollector <> - DRY_RUN: "reg_type       = 2	event_id       = g	reg_id         = 1c8	reg_value      = 0"
320 [23103824455360] INFO perfrun.perfcollector <> - eventId: g, skip parsing event_id
320 [23103824455360] INFO perfrun.perfcollector <> - DRY_RUN: "DATA"
320 [23103824455360] INFO perfrun.perfcollector <> - DRY_RUN: "reg_type       = 4	event_id       = 2	reg_id         = 309	reg_value      = ffffffdb6100"
320 [23103824455360] INFO perfrun.perfcollector <> - eventId: 2, dataAddr: 309, dataVal: ffffffdb6100
320 [23103824455360] INFO perfrun.perfcollector <> - DRY_RUN: "reg_type       = 4	event_id       = 0	reg_id         = 30a	reg_value      = ffffffe17b7d"
320 [23103824455360] INFO perfrun.perfcollector <> - eventId: 0, dataAddr: 30a, dataVal: ffffffe17b7d
320 [23103824455360] INFO perfrun.perfcollector <> - DRY_RUN: "reg_type       = 4	event_id       = 1	reg_id         = 30b	reg_value      = ffffffdb6100"
320 [23103824455360] INFO perfrun.perfcollector <> - eventId: 1, dataAddr: 30b, dataVal: ffffffdb6100
320 [23103824455360] INFO perfrun.perfcollector <> - DRY_RUN: "reg_type       = 4	event_id       = 9	reg_id         = c1	reg_value      = ffffffe17b7d"
320 [23103824455360] INFO perfrun.perfcollector <> - eventId: 9, dataAddr: c1, dataVal: ffffffe17b7d
320 [23103824455360] INFO perfrun.perfcollector <> - DRY_RUN: "reg_type       = 4	event_id       = 10	reg_id         = c2	reg_value      = ffffffe17b7d"
320 [23103824455360] INFO perfrun.perfcollector <> - eventId: 10, dataAddr: c2, dataVal: ffffffe17b7d
320 [23103824455360] INFO perfrun.perfcollector <> - event name: CPU_CLK_UNHALTED.THREAD
320 [23103824455360] INFO perfrun.perfcollector <> - pmu config: cpu
320 [23103824455360] INFO perfrun.perfcollector <> - cccrAddr: ffffffff, cccrValue: 0
320 [23103824455360] INFO perfrun.perfcollector <> - dataAddr: 30a, dataValue: ffffffffffe17b7d
320 [23103824455360] INFO perfrun.perfcollector <> - escrAddr: ffffffff, escrValue: 0
320 [23103824455360] INFO perfrun.perfcollector <> - extendedPebsValue: 0
320 [23103824455360] INFO perfrun.perfcollector <> - adaptivePebsAvailable: 0
320 [23103824455360] INFO perfrun.perfcollector <> - config: event: 3c
320 [23103824455360] INFO perfrun.perfcollector <> - config: pc: 0
320 [23103824455360] INFO perfrun.perfcollector <> - config: in_tx: 0
320 [23103824455360] INFO perfrun.perfcollector <> - config: edge: 0
320 [23103824455360] INFO perfrun.perfcollector <> - config: any: 0
320 [23103824455360] INFO perfrun.perfcollector <> - config1: offcore_rsp: 0
320 [23103824455360] INFO perfrun.perfcollector <> - config: in_tx_cp: 0
320 [23103824455360] INFO perfrun.perfcollector <> - config1: ldlat: 0
320 [23103824455360] INFO perfrun.perfcollector <> - config: inv: 0
320 [23103824455360] INFO perfrun.perfcollector <> - config: umask: 0
320 [23103824455360] INFO perfrun.perfcollector <> - config: cmask: 0
320 [23103824455360] INFO perfrun.perfcollector <> - format: cpu/event=0x3c,name='CPU_CLK_UNHALTED.THREAD'/D
320 [23103824455360] INFO perfrun.perfcollector <> - event name: CPU_CLK_UNHALTED.REF_TSC
320 [23103824455360] INFO perfrun.perfcollector <> - pmu config: cpu
320 [23103824455360] INFO perfrun.perfcollector <> - cccrAddr: ffffffff, cccrValue: 0
320 [23103824455360] INFO perfrun.perfcollector <> - dataAddr: 30b, dataValue: ffffffffffdb6100
320 [23103824455360] INFO perfrun.perfcollector <> - escrAddr: ffffffff, escrValue: 0
320 [23103824455360] INFO perfrun.perfcollector <> - extendedPebsValue: 0
320 [23103824455360] INFO perfrun.perfcollector <> - adaptivePebsAvailable: 0
320 [23103824455360] INFO perfrun.perfcollector <> - config: event: 0
320 [23103824455360] INFO perfrun.perfcollector <> - config: pc: 0
320 [23103824455360] INFO perfrun.perfcollector <> - config: in_tx: 0
320 [23103824455360] INFO perfrun.perfcollector <> - config: edge: 0
320 [23103824455360] INFO perfrun.perfcollector <> - config: any: 0
320 [23103824455360] INFO perfrun.perfcollector <> - config1: offcore_rsp: 0
320 [23103824455360] INFO perfrun.perfcollector <> - config: in_tx_cp: 0
320 [23103824455360] INFO perfrun.perfcollector <> - config1: ldlat: 0
320 [23103824455360] INFO perfrun.perfcollector <> - config: inv: 0
320 [23103824455360] INFO perfrun.perfcollector <> - config: umask: 3
320 [23103824455360] INFO perfrun.perfcollector <> - config: cmask: 0
320 [23103824455360] INFO perfrun.perfcollector <> - format: cpu/umask=0x3,name='CPU_CLK_UNHALTED.REF_TSC'/D
320 [23103824455360] INFO perfrun.perfcollector <> - event name: INST_RETIRED.ANY
320 [23103824455360] INFO perfrun.perfcollector <> - pmu config: cpu
320 [23103824455360] INFO perfrun.perfcollector <> - cccrAddr: ffffffff, cccrValue: 0
320 [23103824455360] INFO perfrun.perfcollector <> - dataAddr: 309, dataValue: ffffffffffdb6100
320 [23103824455360] INFO perfrun.perfcollector <> - escrAddr: ffffffff, escrValue: 0
320 [23103824455360] INFO perfrun.perfcollector <> - extendedPebsValue: 0
320 [23103824455360] INFO perfrun.perfcollector <> - adaptivePebsAvailable: 0
320 [23103824455360] INFO perfrun.perfcollector <> - config: event: c0
320 [23103824455360] INFO perfrun.perfcollector <> - config: pc: 0
320 [23103824455360] INFO perfrun.perfcollector <> - config: in_tx: 0
320 [23103824455360] INFO perfrun.perfcollector <> - config: edge: 0
320 [23103824455360] INFO perfrun.perfcollector <> - config: any: 0
320 [23103824455360] INFO perfrun.perfcollector <> - config1: offcore_rsp: 0
320 [23103824455360] INFO perfrun.perfcollector <> - config: in_tx_cp: 0
320 [23103824455360] INFO perfrun.perfcollector <> - config1: ldlat: 0
320 [23103824455360] INFO perfrun.perfcollector <> - config: inv: 0
320 [23103824455360] INFO perfrun.perfcollector <> - config: umask: 0
320 [23103824455360] INFO perfrun.perfcollector <> - config: cmask: 0
320 [23103824455360] INFO perfrun.perfcollector <> - format: cpu/event=0xc0,name='INST_RETIRED.ANY'/D
320 [23103824455360] INFO perfrun.perfcollector <> - event name: FP_ARITH_INST_RETIRED.SCALAR_SINGLE
320 [23103824455360] INFO perfrun.perfcollector <> - pmu config: cpu
320 [23103824455360] INFO perfrun.perfcollector <> - cccrAddr: 186, cccrValue: 5302c7
320 [23103824455360] INFO perfrun.perfcollector <> - dataAddr: c1, dataValue: ffffffffffe17b7d
320 [23103824455360] INFO perfrun.perfcollector <> - escrAddr: ffffffff, escrValue: 0
320 [23103824455360] INFO perfrun.perfcollector <> - extendedPebsValue: 0
320 [23103824455360] INFO perfrun.perfcollector <> - adaptivePebsAvailable: 0
320 [23103824455360] INFO perfrun.perfcollector <> - config: event: c7
320 [23103824455360] INFO perfrun.perfcollector <> - config: pc: 0
320 [23103824455360] INFO perfrun.perfcollector <> - config: in_tx: 0
320 [23103824455360] INFO perfrun.perfcollector <> - config: edge: 0
320 [23103824455360] INFO perfrun.perfcollector <> - config: any: 0
320 [23103824455360] INFO perfrun.perfcollector <> - config1: offcore_rsp: 0
320 [23103824455360] INFO perfrun.perfcollector <> - config: in_tx_cp: 0
320 [23103824455360] INFO perfrun.perfcollector <> - config1: ldlat: 0
320 [23103824455360] INFO perfrun.perfcollector <> - config: inv: 0
320 [23103824455360] INFO perfrun.perfcollector <> - config: umask: 2
320 [23103824455360] INFO perfrun.perfcollector <> - config: cmask: 0
320 [23103824455360] INFO perfrun.perfcollector <> - format: cpu/event=0xc7,umask=0x2,name='FP_ARITH_INST_RETIRED.SCALAR_SINGLE'/
320 [23103824455360] INFO perfrun.perfcollector <> - event name: FP_ARITH_INST_RETIRED.128B_PACKED_SINGLE
320 [23103824455360] INFO perfrun.perfcollector <> - pmu config: cpu
320 [23103824455360] INFO perfrun.perfcollector <> - cccrAddr: 187, cccrValue: 5308c7
320 [23103824455360] INFO perfrun.perfcollector <> - dataAddr: c2, dataValue: ffffffffffe17b7d
320 [23103824455360] INFO perfrun.perfcollector <> - escrAddr: ffffffff, escrValue: 0
320 [23103824455360] INFO perfrun.perfcollector <> - extendedPebsValue: 0
320 [23103824455360] INFO perfrun.perfcollector <> - adaptivePebsAvailable: 0
320 [23103824455360] INFO perfrun.perfcollector <> - config: event: c7
320 [23103824455360] INFO perfrun.perfcollector <> - config: pc: 0
320 [23103824455360] INFO perfrun.perfcollector <> - config: in_tx: 0
320 [23103824455360] INFO perfrun.perfcollector <> - config: edge: 0
320 [23103824455360] INFO perfrun.perfcollector <> - config: any: 0
320 [23103824455360] INFO perfrun.perfcollector <> - config1: offcore_rsp: 0
320 [23103824455360] INFO perfrun.perfcollector <> - config: in_tx_cp: 0
320 [23103824455360] INFO perfrun.perfcollector <> - config1: ldlat: 0
321 [23103824455360] INFO perfrun.perfcollector <> - config: inv: 0
321 [23103824455360] INFO perfrun.perfcollector <> - config: umask: 8
321 [23103824455360] INFO perfrun.perfcollector <> - config: cmask: 0
321 [23103824455360] INFO perfrun.perfcollector <> - format: cpu/event=0xc7,umask=0x8,name='FP_ARITH_INST_RETIRED.128B_PACKED_SINGLE'/
321 [23103824455360] INFO perfrun.perfcollector <> - event name: FP_ARITH_INST_RETIRED.256B_PACKED_SINGLE
321 [23103824455360] INFO perfrun.perfcollector <> - pmu config: cpu
321 [23103824455360] INFO perfrun.perfcollector <> - cccrAddr: 188, cccrValue: 5320c7
321 [23103824455360] INFO perfrun.perfcollector <> - dataAddr: c3, dataValue: ffffffffffe17b7d
321 [23103824455360] INFO perfrun.perfcollector <> - escrAddr: ffffffff, escrValue: 0
321 [23103824455360] INFO perfrun.perfcollector <> - extendedPebsValue: 0
321 [23103824455360] INFO perfrun.perfcollector <> - adaptivePebsAvailable: 0
321 [23103824455360] INFO perfrun.perfcollector <> - config: event: c7
321 [23103824455360] INFO perfrun.perfcollector <> - config: pc: 0
321 [23103824455360] INFO perfrun.perfcollector <> - config: in_tx: 0
321 [23103824455360] INFO perfrun.perfcollector <> - config: edge: 0
321 [23103824455360] INFO perfrun.perfcollector <> - config: any: 0
321 [23103824455360] INFO perfrun.perfcollector <> - config1: offcore_rsp: 0
321 [23103824455360] INFO perfrun.perfcollector <> - config: in_tx_cp: 0
321 [23103824455360] INFO perfrun.perfcollector <> - config1: ldlat: 0
321 [23103824455360] INFO perfrun.perfcollector <> - config: inv: 0
321 [23103824455360] INFO perfrun.perfcollector <> - config: umask: 20
321 [23103824455360] INFO perfrun.perfcollector <> - config: cmask: 0
321 [23103824455360] INFO perfrun.perfcollector <> - format: cpu/event=0xc7,umask=0x20,name='FP_ARITH_INST_RETIRED.256B_PACKED_SINGLE'/
321 [23103824455360] INFO perfrun.perfcollector <> - event name: FP_ARITH_INST_RETIRED.SCALAR_DOUBLE
321 [23103824455360] INFO perfrun.perfcollector <> - pmu config: cpu
321 [23103824455360] INFO perfrun.perfcollector <> - cccrAddr: 189, cccrValue: 5301c7
321 [23103824455360] INFO perfrun.perfcollector <> - dataAddr: c4, dataValue: ffffffffffe17b7d
321 [23103824455360] INFO perfrun.perfcollector <> - escrAddr: ffffffff, escrValue: 0
321 [23103824455360] INFO perfrun.perfcollector <> - extendedPebsValue: 0
321 [23103824455360] INFO perfrun.perfcollector <> - adaptivePebsAvailable: 0
321 [23103824455360] INFO perfrun.perfcollector <> - config: event: c7
321 [23103824455360] INFO perfrun.perfcollector <> - config: pc: 0
321 [23103824455360] INFO perfrun.perfcollector <> - config: in_tx: 0
321 [23103824455360] INFO perfrun.perfcollector <> - config: edge: 0
321 [23103824455360] INFO perfrun.perfcollector <> - config: any: 0
321 [23103824455360] INFO perfrun.perfcollector <> - config1: offcore_rsp: 0
321 [23103824455360] INFO perfrun.perfcollector <> - config: in_tx_cp: 0
321 [23103824455360] INFO perfrun.perfcollector <> - config1: ldlat: 0
321 [23103824455360] INFO perfrun.perfcollector <> - config: inv: 0
321 [23103824455360] INFO perfrun.perfcollector <> - config: umask: 1
321 [23103824455360] INFO perfrun.perfcollector <> - config: cmask: 0
321 [23103824455360] INFO perfrun.perfcollector <> - format: cpu/event=0xc7,umask=0x1,name='FP_ARITH_INST_RETIRED.SCALAR_DOUBLE'/
321 [23103824455360] INFO perfrun.perfcollector <> - event name: CPU_CLK_UNHALTED.REF_XCLK
321 [23103824455360] INFO perfrun.perfcollector <> - pmu config: cpu
321 [23103824455360] INFO perfrun.perfcollector <> - cccrAddr: 18a, cccrValue: 53013c
321 [23103824455360] INFO perfrun.perfcollector <> - dataAddr: c5, dataValue: fffffffffffe795d
321 [23103824455360] INFO perfrun.perfcollector <> - escrAddr: ffffffff, escrValue: 0
321 [23103824455360] INFO perfrun.perfcollector <> - extendedPebsValue: 0
321 [23103824455360] INFO perfrun.perfcollector <> - adaptivePebsAvailable: 0
321 [23103824455360] INFO perfrun.perfcollector <> - config: event: 3c
321 [23103824455360] INFO perfrun.perfcollector <> - config: pc: 0
321 [23103824455360] INFO perfrun.perfcollector <> - config: in_tx: 0
321 [23103824455360] INFO perfrun.perfcollector <> - config: edge: 0
321 [23103824455360] INFO perfrun.perfcollector <> - config: any: 0
321 [23103824455360] INFO perfrun.perfcollector <> - config1: offcore_rsp: 0
321 [23103824455360] INFO perfrun.perfcollector <> - config: in_tx_cp: 0
321 [23103824455360] INFO perfrun.perfcollector <> - config1: ldlat: 0
321 [23103824455360] INFO perfrun.perfcollector <> - config: inv: 0
321 [23103824455360] INFO perfrun.perfcollector <> - config: umask: 1
321 [23103824455360] INFO perfrun.perfcollector <> - config: cmask: 0
321 [23103824455360] INFO perfrun.perfcollector <> - format: cpu/event=0x3c,umask=0x1,name='CPU_CLK_UNHALTED.REF_XCLK'/
321 [23103824455360] INFO perfrun.perfcollector <> - event name: CPU_CLK_UNHALTED.ONE_THREAD_ACTIVE
321 [23103824455360] INFO perfrun.perfcollector <> - pmu config: cpu
321 [23103824455360] INFO perfrun.perfcollector <> - cccrAddr: 18b, cccrValue: 53023c
321 [23103824455360] INFO perfrun.perfcollector <> - dataAddr: c6, dataValue: fffffffffffe795d
321 [23103824455360] INFO perfrun.perfcollector <> - escrAddr: ffffffff, escrValue: 0
321 [23103824455360] INFO perfrun.perfcollector <> - extendedPebsValue: 0
321 [23103824455360] INFO perfrun.perfcollector <> - adaptivePebsAvailable: 0
321 [23103824455360] INFO perfrun.perfcollector <> - config: event: 3c
321 [23103824455360] INFO perfrun.perfcollector <> - config: pc: 0
321 [23103824455360] INFO perfrun.perfcollector <> - config: in_tx: 0
321 [23103824455360] INFO perfrun.perfcollector <> - config: edge: 0
321 [23103824455360] INFO perfrun.perfcollector <> - config: any: 0
321 [23103824455360] INFO perfrun.perfcollector <> - config1: offcore_rsp: 0
321 [23103824455360] INFO perfrun.perfcollector <> - config: in_tx_cp: 0
321 [23103824455360] INFO perfrun.perfcollector <> - config1: ldlat: 0
321 [23103824455360] INFO perfrun.perfcollector <> - config: inv: 0
321 [23103824455360] INFO perfrun.perfcollector <> - config: umask: 2
321 [23103824455360] INFO perfrun.perfcollector <> - config: cmask: 0
321 [23103824455360] INFO perfrun.perfcollector <> - format: cpu/event=0x3c,umask=0x2,name='CPU_CLK_UNHALTED.ONE_THREAD_ACTIVE'/
321 [23103824455360] INFO perfrun.perfcollector <> - event name: INST_RETIRED.X87
321 [23103824455360] INFO perfrun.perfcollector <> - pmu config: cpu
321 [23103824455360] INFO perfrun.perfcollector <> - cccrAddr: 18c, cccrValue: 5302c0
321 [23103824455360] INFO perfrun.perfcollector <> - dataAddr: c7, dataValue: ffffffffffe17b7d
321 [23103824455360] INFO perfrun.perfcollector <> - escrAddr: ffffffff, escrValue: 0
321 [23103824455360] INFO perfrun.perfcollector <> - extendedPebsValue: 0
321 [23103824455360] INFO perfrun.perfcollector <> - adaptivePebsAvailable: 0
321 [23103824455360] INFO perfrun.perfcollector <> - config: event: c0
321 [23103824455360] INFO perfrun.perfcollector <> - config: pc: 0
321 [23103824455360] INFO perfrun.perfcollector <> - config: in_tx: 0
321 [23103824455360] INFO perfrun.perfcollector <> - config: edge: 0
321 [23103824455360] INFO perfrun.perfcollector <> - config: any: 0
321 [23103824455360] INFO perfrun.perfcollector <> - config1: offcore_rsp: 0
321 [23103824455360] INFO perfrun.perfcollector <> - config: in_tx_cp: 0
321 [23103824455360] INFO perfrun.perfcollector <> - config1: ldlat: 0
321 [23103824455360] INFO perfrun.perfcollector <> - config: inv: 0
321 [23103824455360] INFO perfrun.perfcollector <> - config: umask: 2
321 [23103824455360] INFO perfrun.perfcollector <> - config: cmask: 0
321 [23103824455360] INFO perfrun.perfcollector <> - format: cpu/event=0xc0,umask=0x2,name='INST_RETIRED.X87'/
321 [23103824455360] INFO perfrun.perfcollector <> - event name: UOPS_RETIRED.RETIRE_SLOTS
321 [23103824455360] INFO perfrun.perfcollector <> - pmu config: cpu
321 [23103824455360] INFO perfrun.perfcollector <> - cccrAddr: 18d, cccrValue: 5302c2
321 [23103824455360] INFO perfrun.perfcollector <> - dataAddr: c8, dataValue: ffffffffffe17b7d
321 [23103824455360] INFO perfrun.perfcollector <> - escrAddr: ffffffff, escrValue: 0
321 [23103824455360] INFO perfrun.perfcollector <> - extendedPebsValue: 0
321 [23103824455360] INFO perfrun.perfcollector <> - adaptivePebsAvailable: 0
321 [23103824455360] INFO perfrun.perfcollector <> - config: event: c2
321 [23103824455360] INFO perfrun.perfcollector <> - config: pc: 0
321 [23103824455360] INFO perfrun.perfcollector <> - config: in_tx: 0
321 [23103824455360] INFO perfrun.perfcollector <> - config: edge: 0
321 [23103824455360] INFO perfrun.perfcollector <> - config: any: 0
321 [23103824455360] INFO perfrun.perfcollector <> - config1: offcore_rsp: 0
321 [23103824455360] INFO perfrun.perfcollector <> - config: in_tx_cp: 0
321 [23103824455360] INFO perfrun.perfcollector <> - config1: ldlat: 0
321 [23103824455360] INFO perfrun.perfcollector <> - config: inv: 0
321 [23103824455360] INFO perfrun.perfcollector <> - config: umask: 2
321 [23103824455360] INFO perfrun.perfcollector <> - config: cmask: 0
321 [23103824455360] INFO perfrun.perfcollector <> - format: cpu/event=0xc2,umask=0x2,name='UOPS_RETIRED.RETIRE_SLOTS'/
321 [23103824455360] INFO perfrun.perfcollector <> - event name: FP_ARITH_INST_RETIRED.128B_PACKED_DOUBLE
321 [23103824455360] INFO perfrun.perfcollector <> - pmu config: cpu
321 [23103824455360] INFO perfrun.perfcollector <> - cccrAddr: 186, cccrValue: 5304c7
321 [23103824455360] INFO perfrun.perfcollector <> - dataAddr: c1, dataValue: ffffffffffe17b7d
321 [23103824455360] INFO perfrun.perfcollector <> - escrAddr: ffffffff, escrValue: 0
321 [23103824455360] INFO perfrun.perfcollector <> - extendedPebsValue: 0
321 [23103824455360] INFO perfrun.perfcollector <> - adaptivePebsAvailable: 0
321 [23103824455360] INFO perfrun.perfcollector <> - config: event: c7
321 [23103824455360] INFO perfrun.perfcollector <> - config: pc: 0
321 [23103824455360] INFO perfrun.perfcollector <> - config: in_tx: 0
321 [23103824455360] INFO perfrun.perfcollector <> - config: edge: 0
321 [23103824455360] INFO perfrun.perfcollector <> - config: any: 0
321 [23103824455360] INFO perfrun.perfcollector <> - config1: offcore_rsp: 0
321 [23103824455360] INFO perfrun.perfcollector <> - config: in_tx_cp: 0
321 [23103824455360] INFO perfrun.perfcollector <> - config1: ldlat: 0
321 [23103824455360] INFO perfrun.perfcollector <> - config: inv: 0
321 [23103824455360] INFO perfrun.perfcollector <> - config: umask: 4
321 [23103824455360] INFO perfrun.perfcollector <> - config: cmask: 0
321 [23103824455360] INFO perfrun.perfcollector <> - format: cpu/event=0xc7,umask=0x4,name='FP_ARITH_INST_RETIRED.128B_PACKED_DOUBLE'/
321 [23103824455360] INFO perfrun.perfcollector <> - event name: FP_ARITH_INST_RETIRED.256B_PACKED_DOUBLE
321 [23103824455360] INFO perfrun.perfcollector <> - pmu config: cpu
321 [23103824455360] INFO perfrun.perfcollector <> - cccrAddr: 187, cccrValue: 5310c7
321 [23103824455360] INFO perfrun.perfcollector <> - dataAddr: c2, dataValue: ffffffffffe17b7d
321 [23103824455360] INFO perfrun.perfcollector <> - escrAddr: ffffffff, escrValue: 0
321 [23103824455360] INFO perfrun.perfcollector <> - extendedPebsValue: 0
321 [23103824455360] INFO perfrun.perfcollector <> - adaptivePebsAvailable: 0
321 [23103824455360] INFO perfrun.perfcollector <> - config: event: c7
321 [23103824455360] INFO perfrun.perfcollector <> - config: pc: 0
321 [23103824455360] INFO perfrun.perfcollector <> - config: in_tx: 0
321 [23103824455360] INFO perfrun.perfcollector <> - config: edge: 0
321 [23103824455360] INFO perfrun.perfcollector <> - config: any: 0
321 [23103824455360] INFO perfrun.perfcollector <> - config1: offcore_rsp: 0
321 [23103824455360] INFO perfrun.perfcollector <> - config: in_tx_cp: 0
321 [23103824455360] INFO perfrun.perfcollector <> - config1: ldlat: 0
321 [23103824455360] INFO perfrun.perfcollector <> - config: inv: 0
321 [23103824455360] INFO perfrun.perfcollector <> - config: umask: 10
321 [23103824455360] INFO perfrun.perfcollector <> - config: cmask: 0
321 [23103824455360] INFO perfrun.perfcollector <> - format: cpu/event=0xc7,umask=0x10,name='FP_ARITH_INST_RETIRED.256B_PACKED_DOUBLE'/
321 [23103824455360] INFO perfrun.perfcollector <> - event: cpu/event=0x3c,name='CPU_CLK_UNHALTED.THREAD'/Duk, added for counting
321 [23103824455360] INFO perfrun.perfcollector <> - event: cpu/umask=0x3,name='CPU_CLK_UNHALTED.REF_TSC'/Duk, added for counting
321 [23103824455360] INFO perfrun.perfcollector <> - event: cpu/event=0xc0,name='INST_RETIRED.ANY'/Duk, added for counting
321 [23103824455360] INFO perfrun.perfcollector <> - event: cpu/event=0xc7,umask=0x2,name='FP_ARITH_INST_RETIRED.SCALAR_SINGLE'/uk, added for counting
321 [23103824455360] INFO perfrun.perfcollector <> - event: cpu/event=0xc7,umask=0x8,name='FP_ARITH_INST_RETIRED.128B_PACKED_SINGLE'/uk, added for counting
321 [23103824455360] INFO perfrun.perfcollector <> - event: cpu/event=0xc7,umask=0x20,name='FP_ARITH_INST_RETIRED.256B_PACKED_SINGLE'/uk, added for counting
321 [23103824455360] INFO perfrun.perfcollector <> - event: cpu/event=0xc7,umask=0x1,name='FP_ARITH_INST_RETIRED.SCALAR_DOUBLE'/uk, added for counting
321 [23103824455360] INFO perfrun.perfcollector <> - event: cpu/event=0x3c,umask=0x1,name='CPU_CLK_UNHALTED.REF_XCLK'/uk, added for counting
321 [23103824455360] INFO perfrun.perfcollector <> - event: cpu/event=0x3c,umask=0x2,name='CPU_CLK_UNHALTED.ONE_THREAD_ACTIVE'/uk, added for counting
321 [23103824455360] INFO perfrun.perfcollector <> - event: cpu/event=0xc0,umask=0x2,name='INST_RETIRED.X87'/uk, added for counting
321 [23103824455360] INFO perfrun.perfcollector <> - event: cpu/event=0xc2,umask=0x2,name='UOPS_RETIRED.RETIRE_SLOTS'/uk, added for counting
321 [23103824455360] INFO perfrun.perfcollector <> - event: cpu/event=0xc7,umask=0x4,name='FP_ARITH_INST_RETIRED.128B_PACKED_DOUBLE'/uk, added for counting
321 [23103824455360] INFO perfrun.perfcollector <> - event: cpu/event=0xc7,umask=0x10,name='FP_ARITH_INST_RETIRED.256B_PACKED_DOUBLE'/uk, added for counting
321 [23103824455360] INFO perfrun.perfcollector <> - attaching to pid: 4294967295, collect mode: 1, rc modes: 3
337 [23103813408448] WARN perfrun.perfcollector <> - Perf stat trace pipe capacity: read = 1048576, write = 1048576, at file: vcs/perfrun1/plugins/perfcollector/src/profiler.cpp:765
348 [23103813408448] INFO perfrun.sdk <> - runCmd: /opt/intel/oneapi/vtune/2023.1.0/bin64/amplxe-perf stat -v --log-fd 10 --scale -x ; -e cpu/event=0x3c,name='CPU_CLK_UNHALTED.THREAD'/Duk,cpu/umask=0x3,name='CPU_CLK_UNHALTED.REF_TSC'/Duk,cpu/event=0xc0,name='INST_RETIRED.ANY'/Duk,cpu/event=0xc7,umask=0x2,name='FP_ARITH_INST_RETIRED.SCALAR_SINGLE'/uk,cpu/event=0xc7,umask=0x8,name='FP_ARITH_INST_RETIRED.128B_PACKED_SINGLE'/uk,cpu/event=0xc7,umask=0x20,name='FP_ARITH_INST_RETIRED.256B_PACKED_SINGLE'/uk,cpu/event=0xc7,umask=0x1,name='FP_ARITH_INST_RETIRED.SCALAR_DOUBLE'/uk,cpu/event=0x3c,umask=0x1,name='CPU_CLK_UNHALTED.REF_XCLK'/uk,cpu/event=0x3c,umask=0x2,name='CPU_CLK_UNHALTED.ONE_THREAD_ACTIVE'/uk,cpu/event=0xc0,umask=0x2,name='INST_RETIRED.X87'/uk,cpu/event=0xc2,umask=0x2,name='UOPS_RETIRED.RETIRE_SLOTS'/uk,cpu/event=0xc7,umask=0x4,name='FP_ARITH_INST_RETIRED.128B_PACKED_DOUBLE'/uk,cpu/event=0xc7,umask=0x10,name='FP_ARITH_INST_RETIRED.256B_PACKED_DOUBLE'/uk /opt/intel/oneapi/vtune/2023.1.0/bin64/amplxe-perf-sync dryrun sys
348 [23103813408448] INFO perfrun.sdk <> - runCmd started PID 3362886
535 [23103813408448] INFO perfrun.perfcollector <> - Monitor: runCmd RC = true
537 [23103824455360] INFO perfrun.launcher <> - plugin [aoclprofile] was disabled because it doesn't support the given collection type.
537 [23103824455360] INFO perfrun.tpss <> - initialize tpss controller
537 [23103824455360] INFO perfrun.tpss <> - configure collection mode: value = cpu:counters:nostack
537 [23103824455360] INFO perfrun.tpss <> - configure collection mode: value = cpu:stack
537 [23103824455360] INFO perfrun.tpss <> - default obj-size-min=1024
537 [23103824455360] INFO perfrun.tpss <> - default hash-table-size=0
537 [23103824455360] INFO perfrun.launcher <> - plugin [media] was disabled because it doesn't support the given collection type.
537 [23103824455360] INFO perfrun.launcher <> - plugin [] was disabled because it doesn't support the given collection type.
537 [23103824455360] INFO perfrun.launcher <> - plugin [] was disabled because it doesn't support the given collection type.
537 [23103824455360] INFO perfrun.launcher <> - plugin [parallelfs] was disabled because it doesn't support the given collection type.
537 [23103824455360] INFO perfrun.launcher <> - plugin [power] was disabled because it doesn't support the given collection type.
537 [23103824455360] INFO perfrun.launcher <> - plugin [hwloc] was disabled because it doesn't support the given collection type.
537 [23103824455360] INFO perfrun.launcher <> - plugin [ipmwatch] was disabled because it doesn't support the given collection type.
537 [23103824455360] INFO perfrun.launcher <> - plugin [os_counters] was disabled because it doesn't support the given collection type.
537 [23103824455360] INFO perfrun.launcher <> - plugin [l0_metrics] was disabled because it doesn't support the given collection type.
537 [23103967311744] INFO perfrun.launcher <> - set environment variable: LD_LIBRARY_PATH = /opt/intel/oneapi/vtune/2023.1.0/lib32/runtime:/opt/intel/oneapi/vtune/2023.1.0/lib64/runtime:/opt/intel/oneapi/tbb/2021.5.1/env/../lib/intel64/gcc4.8:/opt/intel/oneapi/mpi/2021.5.1//libfabric/lib:/opt/intel/oneapi/mpi/2021.5.1//lib/release:/opt/intel/oneapi/mpi/2021.5.1//lib:/opt/intel/oneapi/mkl/2022.0.2/lib/intel64:/opt/intel/oneapi/itac/2021.5.0/slib:/opt/intel/oneapi/debugger/2021.5.0/gdb/intel64/lib:/opt/intel/oneapi/debugger/2021.5.0/libipt/intel64/lib:/opt/intel/oneapi/debugger/2021.5.0/dep/lib:/opt/intel/oneapi/compiler/2022.0.2/linux/lib:/opt/intel/oneapi/compiler/2022.0.2/linux/lib/x64:/opt/intel/oneapi/compiler/2022.0.2/linux/lib/oclfpga/host/linux64/lib:/opt/intel/oneapi/compiler/2022.0.2/linux/compiler/lib/intel64_lin
537 [23103967311744] INFO perfrun.launcher <> - set environment variable: INTEL_LIBITTNOTIFY32 = /opt/intel/oneapi/vtune/2023.1.0/lib32/runtime/libittnotify_collector.so
538 [23103967311744] INFO perfrun.launcher <> - set environment variable: INTEL_LIBITTNOTIFY64 = /opt/intel/oneapi/vtune/2023.1.0/lib64/runtime/libittnotify_collector.so
538 [23103967311744] INFO perfrun.launcher <> - set environment variable: INTEL_ITTNOTIFY_GROUPS = 
538 [23103967311744] INFO perfrun.launcher <> - set environment variable: INTEL_JIT_PROFILER32 = /opt/intel/oneapi/vtune/2023.1.0/lib32/runtime/libittnotify_collector.so
538 [23103967311744] INFO perfrun.launcher <> - set environment variable: INTEL_JIT_PROFILER64 = /opt/intel/oneapi/vtune/2023.1.0/lib64/runtime/libittnotify_collector.so
538 [23103967311744] INFO perfrun.launcher <> - set environment variable: OMP_TOOL_LIBRARIES = /opt/intel/oneapi/vtune/2023.1.0/lib32/runtime/libittnotify_collector.so:/opt/intel/oneapi/vtune/2023.1.0/lib64/runtime/libittnotify_collector.so
538 [23103967311744] INFO perfrun.launcher <> - set environment variable: ENABLE_JITPROFILING = 1
538 [23103967311744] INFO perfrun.launcher <> - set environment variable: CL_CONFIG_USE_VTUNE = True
538 [23103967311744] INFO perfrun.launcher <> - set environment variable: LD_PRELOAD = libittnotify_collector.so:
538 [23103967311744] INFO perfrun.launcher <> - set environment variable: KMP_FORKJOIN_FRAMES = 0
538 [23103967311744] INFO perfrun.launcher <> - set environment variable: KMP_FORKJOIN_FRAMES_MODE = 0
538 [23103967311744] INFO perfrun.launcher <> - set environment variable: OMP_TOOL = disabled
538 [23103967311744] INFO perfrun.launcher <> - set environment variable: INTEL_MRTE_DATA_DIR = /home/course/hpc/users/2022012388/exp8/vtune_result.conv4/data.20
538 [23103967311744] INFO perfrun.launcher <> - set environment variable: INTEL_MRTE_HOST_NAME = conv4
538 [23103967311744] INFO perfrun.launcher <> - set environment variable: JAVA_TOOL_OPTIONS = -agentlib:amplxe_tpssmrte_javaprof_1.0 -Dsun.boot.library.path=/opt/intel/oneapi/vtune/2023.1.0/lib32/runtime:/opt/intel/oneapi/vtune/2023.1.0/lib64/runtime
538 [23103967311744] INFO perfrun.launcher <> - set environment variable: LD_LIBRARY_PATH = /opt/intel/oneapi/vtune/2023.1.0/lib32/runtime:/opt/intel/oneapi/vtune/2023.1.0/lib64/runtime:/opt/intel/oneapi/tbb/2021.5.1/env/../lib/intel64/gcc4.8:/opt/intel/oneapi/mpi/2021.5.1//libfabric/lib:/opt/intel/oneapi/mpi/2021.5.1//lib/release:/opt/intel/oneapi/mpi/2021.5.1//lib:/opt/intel/oneapi/mkl/2022.0.2/lib/intel64:/opt/intel/oneapi/itac/2021.5.0/slib:/opt/intel/oneapi/debugger/2021.5.0/gdb/intel64/lib:/opt/intel/oneapi/debugger/2021.5.0/libipt/intel64/lib:/opt/intel/oneapi/debugger/2021.5.0/dep/lib:/opt/intel/oneapi/compiler/2022.0.2/linux/lib:/opt/intel/oneapi/compiler/2022.0.2/linux/lib/x64:/opt/intel/oneapi/compiler/2022.0.2/linux/lib/oclfpga/host/linux64/lib:/opt/intel/oneapi/compiler/2022.0.2/linux/compiler/lib/intel64_lin
538 [23103967311744] INFO perfrun.launcher <> - set environment variable: CORECLR_ENABLE_PROFILING = 1
538 [23103967311744] INFO perfrun.launcher <> - set environment variable: CORECLR_PROFILER = {AA5E4821-E3B1-479c-B7FF-5AD047D22CED}
538 [23103967311744] INFO perfrun.launcher <> - set environment variable: CORECLR_PROFILER_PATH = /opt/intel/oneapi/vtune/2023.1.0/lib64/libamplxe_samplingmrte_clrprof_1.0.so
538 [23103967311744] INFO perfrun.launcher <> - set environment variable: INTEL_MRTE_PROFILER_MODE = mixed
538 [23103967311744] INFO perfrun.launcher <> - RpcServer: run RPC server to handle requests
539 [23103967311744] INFO perfrun.launcher <> - Launcher: command line to start before modification = ./main 2022012388
540 [23103967311744] INFO perfrun.launcher <> - Launcher: command line to start after modification = /opt/intel/oneapi/vtune/2023.1.0/bin64/pin -error_file /home/course/hpc/users/2022012388/exp8/vtune_result.conv4/data.20/pinerr.tpsslog -detach_reattach -follow_execv -tool_load_option deepbind -t64 /opt/intel/oneapi/vtune/2023.1.0/lib64/libtpsstool.so -t /opt/intel/oneapi/vtune/2023.1.0/lib32/libtpsstool.so -server_name tpss_ipc.3362744 -prd_dir /opt/intel/oneapi/vtune/2023.1.0 -- ./main 2022012388
940 [23103967311744] INFO perfrun.launcher <> - ProcessCreator object was created
941 [23103967311744] INFO perfrun.launcher <> - Launcher: the process was started in suspend mode
944 [23103824455360] WARN perfrun.system <> - Could not do anything with /sys/kernel/debug/kvm: boost::filesystem::status: Permission denied: "/sys/kernel/debug/kvm", at file: vcs/perfrun1/plugins/system/src/trace_writer.cpp:787
944 [23103824455360] WARN perfrun.system <> - Folder "/var/run/libvirt/qemu/"doesn't exist, at file: vcs/perfrun1/plugins/system/src/trace_writer.cpp:800
944 [23103824455360] INFO perfrun.itt <> - start itt controller for pid #3363044
945 [23103824455360] INFO perfrun.perfcollector <> - attaching to pid: 3363044, collect mode: 1, rc modes: 1
959 [23103807104704] WARN perfrun.perfcollector <> - Perf stat trace pipe capacity: read = 1048576, write = 1048576, at file: vcs/perfrun1/plugins/perfcollector/src/profiler.cpp:765
968 [23103807104704] INFO perfrun.sdk <> - runCmd: /opt/intel/oneapi/vtune/2023.1.0/bin64/amplxe-perf stat -v --log-fd 22 --control=fd:23,26 --scale -x ; -p 3363044 -e cpu/event=0x3c,name='CPU_CLK_UNHALTED.THREAD'/Duk,cpu/umask=0x3,name='CPU_CLK_UNHALTED.REF_TSC'/Duk,cpu/event=0xc0,name='INST_RETIRED.ANY'/Duk,cpu/event=0xc7,umask=0x2,name='FP_ARITH_INST_RETIRED.SCALAR_SINGLE'/uk,cpu/event=0xc7,umask=0x8,name='FP_ARITH_INST_RETIRED.128B_PACKED_SINGLE'/uk,cpu/event=0xc7,umask=0x20,name='FP_ARITH_INST_RETIRED.256B_PACKED_SINGLE'/uk,cpu/event=0xc7,umask=0x1,name='FP_ARITH_INST_RETIRED.SCALAR_DOUBLE'/uk,cpu/event=0x3c,umask=0x1,name='CPU_CLK_UNHALTED.REF_XCLK'/uk,cpu/event=0x3c,umask=0x2,name='CPU_CLK_UNHALTED.ONE_THREAD_ACTIVE'/uk,cpu/event=0xc0,umask=0x2,name='INST_RETIRED.X87'/uk,cpu/event=0xc2,umask=0x2,name='UOPS_RETIRED.RETIRE_SLOTS'/uk,cpu/event=0xc7,umask=0x4,name='FP_ARITH_INST_RETIRED.128B_PACKED_DOUBLE'/uk,cpu/event=0xc7,umask=0x10,name='FP_ARITH_INST_RETIRED.256B_PACKED_DOUBLE'/uk /opt/intel/oneapi/vtune/2023.1.0/bin64/amplxe-perf-sync sync sys
969 [23103807104704] INFO perfrun.sdk <> - runCmd started PID 3363103
1139 [23103824455360] INFO perfrun.tpss <> - start tpss controller for pid #3363044
1189 [23103967311744] INFO perfrun.launcher <> - Launcher: all plugins were started
1189 [23103967311744] INFO perfrun.launcher <> - DirectoryMonitor object was created
1189 [23103967311744] INFO perfrun.launcher <> - DirectoryMonitor: a callback was added
1189 [23103967311744] INFO perfrun.launcher <> - DirectoryMonitor was started with pingTime = 1000
1189 [23103967311744] INFO perfrun.launcher <> - DeadlineTimer is going to be constructed
1190 [23103967311744] INFO perfrun.launcher <> - DeadlineTimer: a callback was added
1191 [23103967311744] INFO perfrun.launcher <> - Launcher: resume the profiled application and  wait its termination or stop command
3229 [23103967311744] INFO perfrun.launcher <> - Launcher: the profiled application was terminated  with exit code = 1
3421 [23103824455360] INFO perfrun.itt <> - detach itt controller
3421 [23103824455360] INFO perfrun.itt <> - detach itt controller done
3423 [23103807104704] INFO perfrun.perfcollector <> - Monitor: runCmd RC = true
3424 [23103824455360] INFO perfrun.perfcollector <> - Monitor: state = 3, error = 1
3424 [23103824455360] INFO perfrun.tpss <> - stop tpss controller
3427 [23103824455360] INFO perfrun.sdk <> - De-allocating TMU: /home/course/hpc/users/2022012388/exp8/vtune_result.conv4/data.20/systemcollector-3362744-conv4.sc
3427 [23103824455360] INFO perfrun.system <> - closed the system trace file: /home/course/hpc/users/2022012388/exp8/vtune_result.conv4/data.20/systemcollector-3362744-conv4.sc
3427 [23103967311744] INFO perfrun.launcher <> - Launcher: all plugins were stopped.
3427 [23103967311744] INFO perfrun.launcher <> - DeadlineTimer is going to be destroyed
3427 [23103967311744] INFO perfrun.launcher <> - DeadlineTimer was destroyed
3427 [23103967311744] INFO perfrun.launcher <> - DirectoryMonitor object was destroyed
3427 [23103967311744] WARN perfrun.launcher <> - Stop command is ignored because it is received when collection is already stopped, at file: vcs/perfrun1/launcher/src/command_handler.cpp:226
3431 [23103967311744] INFO perfrun.launcher <> - Application exit code: 1
3431 [23103967311744] INFO perfrun.launcher <> - Exit code: 4
