13 [22483743897472] INFO perfrun.launcher <> - Launcher main begin
15 [22483743897472] INFO perfrun.launcher <> - MessageCatalogInit finished
15 [22483743897472] INFO perfrun.launcher <> - Launcher instance created
15 [22483743897472] INFO perfrun.launcher <> - argc = 7; cmdline = /opt/intel/oneapi/vtune/2023.1.0/bin64/amplxe-runss --ui-output-format xml --ui-output-fd 5 --option-file /home/course/hpc/users/2022012388/exp8/vtune_result.conv4/config/runss.options.3 
120 [22483743897472] INFO perfrun.launcher <> - create msngr2::ICliToolContext
121 [22483743897472] INFO perfrun.launcher <> - create file finder object
121 [22483743897472] INFO perfrun.launcher <> - create a result directory: pattern = /home/course/hpc/users/2022012388/exp8/vtune_result.conv4 pid = 4294967295
125 [22483743897472] INFO perfrun.sdk <> - checked that the directory /home/course/hpc/users/2022012388/exp8/vtune_result.conv4 is a local directory
125 [22483743897472] INFO perfrun.sdk <> - the directory /home/course/hpc/users/2022012388/exp8/vtune_result.conv4 is located on a share or its FS ID is unknown 26985
125 [22483743897472] INFO perfrun.sdk <> - checked that the directory /tmp/amplxe-tmp-2022012388 is a local directory
125 [22483743897472] INFO perfrun.sdk <> - the directory /tmp/amplxe-tmp-2022012388 is located on a share or its FS ID is unknown 2035054128
130 [22483743897472] INFO perfrun.launcher <> - create data directory = /home/course/hpc/users/2022012388/exp8/vtune_result.conv4/data.4
131 [22483743897472] INFO perfrun.launcher <> - Creating the master collection flag
132 [22483743897472] INFO perfrun.launcher <> - Done creating the master collection flag
135 [22483600139968] INFO perfrun.launcher <> - plugin [remoteplug] was disabled because it doesn't support the given collection type.
135 [22483600139968] INFO perfrun.sdk <> - Allocating TMU :/home/course/hpc/users/2022012388/exp8/vtune_result.conv4/data.4/systemcollector-3362669-conv4.sc
137 [22483600139968] INFO perfrun.launcher <> - plugin [vdso] was disabled because it doesn't support the given collection type.
137 [22483600139968] INFO perfrun.launcher <> - plugin [ptracecollector] was disabled because it doesn't support the given collection type.
137 [22483600139968] INFO perfrun.launcher <> - plugin [gpu] was disabled because it doesn't support the given collection type.
137 [22483600139968] INFO perfrun.launcher <> - plugin [] was disabled because it doesn't support the given collection type.
137 [22483600139968] INFO perfrun.launcher <> - plugin [] was disabled because it doesn't support the given collection type.
137 [22483600139968] INFO perfrun.launcher <> - plugin [] was disabled because it doesn't support the given collection type.
137 [22483600139968] INFO perfrun.mrte <> - system-wide mode is 0
137 [22483600139968] INFO perfrun.mrte <> - Getting  mrte profiling environment ...
206 [22483600139968] INFO perfrun.mrte <> - INTEL_MRTE_DATA_DIR=/home/course/hpc/users/2022012388/exp8/vtune_result.conv4/data.4
206 [22483600139968] INFO perfrun.mrte <> - INTEL_MRTE_HOST_NAME=conv4
206 [22483600139968] INFO perfrun.mrte <> - JAVA_TOOL_OPTIONS=-agentlib:amplxe_tpssmrte_javaprof_1.0 -Dsun.boot.library.path=/opt/intel/oneapi/vtune/2023.1.0/lib32/runtime:/opt/intel/oneapi/vtune/2023.1.0/lib64/runtime
206 [22483600139968] INFO perfrun.mrte <> - LD_LIBRARY_PATH=/opt/intel/oneapi/vtune/2023.1.0/lib32/runtime:/opt/intel/oneapi/vtune/2023.1.0/lib64/runtime:/opt/intel/oneapi/tbb/2021.5.1/env/../lib/intel64/gcc4.8:/opt/intel/oneapi/mpi/2021.5.1//libfabric/lib:/opt/intel/oneapi/mpi/2021.5.1//lib/release:/opt/intel/oneapi/mpi/2021.5.1//lib:/opt/intel/oneapi/mkl/2022.0.2/lib/intel64:/opt/intel/oneapi/itac/2021.5.0/slib:/opt/intel/oneapi/debugger/2021.5.0/gdb/intel64/lib:/opt/intel/oneapi/debugger/2021.5.0/libipt/intel64/lib:/opt/intel/oneapi/debugger/2021.5.0/dep/lib:/opt/intel/oneapi/compiler/2022.0.2/linux/lib:/opt/intel/oneapi/compiler/2022.0.2/linux/lib/x64:/opt/intel/oneapi/compiler/2022.0.2/linux/lib/oclfpga/host/linux64/lib:/opt/intel/oneapi/compiler/2022.0.2/linux/compiler/lib/intel64_lin
206 [22483600139968] INFO perfrun.mrte <> - CORECLR_ENABLE_PROFILING=1
206 [22483600139968] INFO perfrun.mrte <> - CORECLR_PROFILER={AA5E4821-E3B1-479c-B7FF-5AD047D22CED}
206 [22483600139968] INFO perfrun.mrte <> - CORECLR_PROFILER_PATH=/opt/intel/oneapi/vtune/2023.1.0/lib64/libamplxe_samplingmrte_clrprof_1.0.so
206 [22483600139968] INFO perfrun.mrte <> - INTEL_MRTE_PROFILER_MODE=mixed
206 [22483600139968] INFO perfrun.mrte <> - Data directory: /home/course/hpc/users/2022012388/exp8/vtune_result.conv4/data.4
206 [22483600139968] INFO perfrun.mrte <> - Mrte plugin is initialized
206 [22483600139968] INFO perfrun.launcher <> - plugin [emon] was disabled because it doesn't support the given collection type.
206 [22483600139968] INFO perfrun.launcher <> - plugin [cuscol] was disabled because it doesn't support the given collection type.
206 [22483600139968] INFO perfrun.launcher <> - plugin [stdsrc] was disabled because it doesn't support the given collection type.
206 [22483600139968] INFO perfrun.launcher <> - plugin [sep] was disabled because it doesn't support the given collection type.
206 [22483600139968] INFO perfrun.launcher <> - plugin [vtsspp] was disabled because it doesn't support the given collection type.
206 [22483600139968] INFO perfrun.sdk <> - Reading value (0) from file: /proc/sys/kernel/perf_event_paranoid
206 [22483600139968] INFO perfrun.perfcollector <> - checking access to: /opt/intel/oneapi/vtune/2023.1.0/bin64/amplxe-perf-priv
208 [22483600139968] INFO perfrun.perfcollector <> - cpu: family = 6 model = 79
209 [22483600139968] INFO perfrun.perfcollector <> - dir found: /sys/bus/event_source/devices/software
209 [22483600139968] INFO perfrun.perfcollector <> - format: pmu format subdir doesn't exist
209 [22483600139968] INFO perfrun.perfcollector <> - hwInfo: not set, pmuFam: software
209 [22483600139968] INFO perfrun.perfcollector <> - pmu added: family: software, id: 0
209 [22483600139968] INFO perfrun.perfcollector <> - dir found: /sys/bus/event_source/devices/uncore_imc_5
210 [22483600139968] INFO perfrun.perfcollector <> - format: event config:0-7 mask:0-7
210 [22483600139968] INFO perfrun.perfcollector <> - format: edge config:18 mask:18
211 [22483600139968] INFO perfrun.perfcollector <> - format: inv config:23 mask:23
211 [22483600139968] INFO perfrun.perfcollector <> - format: umask config:8-15 mask:8-15
211 [22483600139968] INFO perfrun.perfcollector <> - format: thresh config:24-31 mask:24-31
211 [22483600139968] INFO perfrun.perfcollector <> - hwInfo: PERF_IMC_PMU_DETAILS
212 [22483600139968] INFO perfrun.perfcollector <> - pmu added: family: uncore_imc, id: 5
212 [22483600139968] INFO perfrun.perfcollector <> - dir found: /sys/bus/event_source/devices/uncore_sbox_2
212 [22483600139968] INFO perfrun.perfcollector <> - format: event config:0-7 mask:0-7
213 [22483600139968] INFO perfrun.perfcollector <> - format: edge config:18 mask:18
213 [22483600139968] INFO perfrun.perfcollector <> - format: inv config:23 mask:23
213 [22483600139968] INFO perfrun.perfcollector <> - format: umask config:8-15 mask:8-15
213 [22483600139968] INFO perfrun.perfcollector <> - format: tid_en config:19 mask:19
214 [22483600139968] INFO perfrun.perfcollector <> - format: thresh config:24-31 mask:24-31
214 [22483600139968] INFO perfrun.perfcollector <> - hwInfo: not set, pmuFam: uncore_sbox
214 [22483600139968] INFO perfrun.perfcollector <> - pmu added: family: uncore_sbox, id: 2
214 [22483600139968] INFO perfrun.perfcollector <> - dir found: /sys/bus/event_source/devices/uncore_cbox_8
215 [22483600139968] INFO perfrun.perfcollector <> - format: event config:0-7 mask:0-7
215 [22483600139968] INFO perfrun.perfcollector <> - format: filter_link config1:6-8 mask:6-8
215 [22483600139968] INFO perfrun.perfcollector <> - format: filter_c6 config1:61 mask:61
215 [22483600139968] INFO perfrun.perfcollector <> - format: edge config:18 mask:18
216 [22483600139968] INFO perfrun.perfcollector <> - format: filter_isoc config1:63 mask:63
216 [22483600139968] INFO perfrun.perfcollector <> - format: filter_tid config1:0-5 mask:0-5
216 [22483600139968] INFO perfrun.perfcollector <> - format: filter_nid config1:32-47 mask:32-47
217 [22483600139968] INFO perfrun.perfcollector <> - format: filter_nc config1:62 mask:62
217 [22483600139968] INFO perfrun.perfcollector <> - format: umask config:8-15 mask:8-15
217 [22483600139968] INFO perfrun.perfcollector <> - format: tid_en config:19 mask:19
218 [22483600139968] INFO perfrun.perfcollector <> - format: thresh config:24-31 mask:24-31
218 [22483600139968] INFO perfrun.perfcollector <> - format: filter_state config1:17-23 mask:17-23
218 [22483600139968] INFO perfrun.perfcollector <> - format: filter_opc config1:52-60 mask:52-60
218 [22483600139968] INFO perfrun.perfcollector <> - hwInfo: PERF_CBOX_PMU_DETAILS
218 [22483600139968] INFO perfrun.perfcollector <> - pmu added: family: uncore_cbox, id: 8
219 [22483600139968] INFO perfrun.perfcollector <> - dir found: /sys/bus/event_source/devices/uncore_cbox_13
219 [22483600139968] INFO perfrun.perfcollector <> - format: event config:0-7 mask:0-7
219 [22483600139968] INFO perfrun.perfcollector <> - format: filter_link config1:6-8 mask:6-8
220 [22483600139968] INFO perfrun.perfcollector <> - format: filter_c6 config1:61 mask:61
220 [22483600139968] INFO perfrun.perfcollector <> - format: edge config:18 mask:18
220 [22483600139968] INFO perfrun.perfcollector <> - format: filter_isoc config1:63 mask:63
221 [22483600139968] INFO perfrun.perfcollector <> - format: filter_tid config1:0-5 mask:0-5
221 [22483600139968] INFO perfrun.perfcollector <> - format: filter_nid config1:32-47 mask:32-47
221 [22483600139968] INFO perfrun.perfcollector <> - format: filter_nc config1:62 mask:62
221 [22483600139968] INFO perfrun.perfcollector <> - format: umask config:8-15 mask:8-15
222 [22483600139968] INFO perfrun.perfcollector <> - format: tid_en config:19 mask:19
222 [22483600139968] INFO perfrun.perfcollector <> - format: thresh config:24-31 mask:24-31
222 [22483600139968] INFO perfrun.perfcollector <> - format: filter_state config1:17-23 mask:17-23
222 [22483600139968] INFO perfrun.perfcollector <> - format: filter_opc config1:52-60 mask:52-60
222 [22483600139968] INFO perfrun.perfcollector <> - hwInfo: PERF_CBOX_PMU_DETAILS
223 [22483600139968] INFO perfrun.perfcollector <> - pmu added: family: uncore_cbox, id: 13
223 [22483600139968] INFO perfrun.perfcollector <> - dir found: /sys/bus/event_source/devices/uncore_r2pcie
223 [22483600139968] INFO perfrun.perfcollector <> - format: event config:0-7 mask:0-7
224 [22483600139968] INFO perfrun.perfcollector <> - format: edge config:18 mask:18
224 [22483600139968] INFO perfrun.perfcollector <> - format: inv config:23 mask:23
224 [22483600139968] INFO perfrun.perfcollector <> - format: umask config:8-15 mask:8-15
224 [22483600139968] INFO perfrun.perfcollector <> - format: thresh config:24-31 mask:24-31
224 [22483600139968] INFO perfrun.perfcollector <> - hwInfo: not set, pmuFam: uncore_r2pcie
225 [22483600139968] INFO perfrun.perfcollector <> - pmu added: family: uncore_r2pcie, id: 0
225 [22483600139968] INFO perfrun.perfcollector <> - dir found: /sys/bus/event_source/devices/uncore_sbox_0
225 [22483600139968] INFO perfrun.perfcollector <> - format: event config:0-7 mask:0-7
226 [22483600139968] INFO perfrun.perfcollector <> - format: edge config:18 mask:18
226 [22483600139968] INFO perfrun.perfcollector <> - format: inv config:23 mask:23
226 [22483600139968] INFO perfrun.perfcollector <> - format: umask config:8-15 mask:8-15
226 [22483600139968] INFO perfrun.perfcollector <> - format: tid_en config:19 mask:19
227 [22483600139968] INFO perfrun.perfcollector <> - format: thresh config:24-31 mask:24-31
227 [22483600139968] INFO perfrun.perfcollector <> - hwInfo: not set, pmuFam: uncore_sbox
227 [22483600139968] INFO perfrun.perfcollector <> - pmu added: family: uncore_sbox, id: 0
227 [22483600139968] INFO perfrun.perfcollector <> - dir found: /sys/bus/event_source/devices/uncore_qpi_1
228 [22483600139968] INFO perfrun.perfcollector <> - format: mask_rnid4 config2:31 mask:31
228 [22483600139968] INFO perfrun.perfcollector <> - format: mask_rnid30 config2:32-35 mask:32-35
228 [22483600139968] INFO perfrun.perfcollector <> - format: match_rnid30 config1:32-35 mask:32-35
229 [22483600139968] INFO perfrun.perfcollector <> - format: event config:0-7,21 mask:0-7,21
229 [22483600139968] INFO perfrun.perfcollector <> - format: match0 config1:0-31 mask:0-31
229 [22483600139968] INFO perfrun.perfcollector <> - format: match_rds config1:48-51 mask:48-51
229 [22483600139968] INFO perfrun.perfcollector <> - format: mask_rds config2:48-51 mask:48-51
230 [22483600139968] INFO perfrun.perfcollector <> - format: edge config:18 mask:18
230 [22483600139968] INFO perfrun.perfcollector <> - format: mask1 config2:32-63 mask:32-63
230 [22483600139968] INFO perfrun.perfcollector <> - format: match_dnid config1:13-17 mask:13-17
231 [22483600139968] INFO perfrun.perfcollector <> - format: mask_dnid config2:13-17 mask:13-17
231 [22483600139968] INFO perfrun.perfcollector <> - format: match_vnw config1:3-4 mask:3-4
231 [22483600139968] INFO perfrun.perfcollector <> - format: mask_vnw config2:3-4 mask:3-4
231 [22483600139968] INFO perfrun.perfcollector <> - format: mask_mc config2:9-12 mask:9-12
232 [22483600139968] INFO perfrun.perfcollector <> - format: match1 config1:32-63 mask:32-63
232 [22483600139968] INFO perfrun.perfcollector <> - format: inv config:23 mask:23
232 [22483600139968] INFO perfrun.perfcollector <> - format: umask config:8-15 mask:8-15
232 [22483600139968] INFO perfrun.perfcollector <> - format: match_opc config1:5-8 mask:5-8
233 [22483600139968] INFO perfrun.perfcollector <> - format: mask_opc config2:5-8 mask:5-8
233 [22483600139968] INFO perfrun.perfcollector <> - format: thresh config:24-31 mask:24-31
233 [22483600139968] INFO perfrun.perfcollector <> - format: match_rnid4 config1:31 mask:31
233 [22483600139968] INFO perfrun.perfcollector <> - format: mask0 config2:0-31 mask:0-31
234 [22483600139968] INFO perfrun.perfcollector <> - format: match_mc config1:9-12 mask:9-12
234 [22483600139968] INFO perfrun.perfcollector <> - hwInfo: PERF_QPI_PMU_DETAILS
234 [22483600139968] INFO perfrun.perfcollector <> - pmu added: family: uncore_qpi, id: 1
234 [22483600139968] INFO perfrun.perfcollector <> - dir found: /sys/bus/event_source/devices/uncore_cbox_6
235 [22483600139968] INFO perfrun.perfcollector <> - format: event config:0-7 mask:0-7
235 [22483600139968] INFO perfrun.perfcollector <> - format: filter_link config1:6-8 mask:6-8
235 [22483600139968] INFO perfrun.perfcollector <> - format: filter_c6 config1:61 mask:61
236 [22483600139968] INFO perfrun.perfcollector <> - format: edge config:18 mask:18
236 [22483600139968] INFO perfrun.perfcollector <> - format: filter_isoc config1:63 mask:63
236 [22483600139968] INFO perfrun.perfcollector <> - format: filter_tid config1:0-5 mask:0-5
236 [22483600139968] INFO perfrun.perfcollector <> - format: filter_nid config1:32-47 mask:32-47
237 [22483600139968] INFO perfrun.perfcollector <> - format: filter_nc config1:62 mask:62
237 [22483600139968] INFO perfrun.perfcollector <> - format: umask config:8-15 mask:8-15
237 [22483600139968] INFO perfrun.perfcollector <> - format: tid_en config:19 mask:19
237 [22483600139968] INFO perfrun.perfcollector <> - format: thresh config:24-31 mask:24-31
238 [22483600139968] INFO perfrun.perfcollector <> - format: filter_state config1:17-23 mask:17-23
238 [22483600139968] INFO perfrun.perfcollector <> - format: filter_opc config1:52-60 mask:52-60
238 [22483600139968] INFO perfrun.perfcollector <> - hwInfo: PERF_CBOX_PMU_DETAILS
238 [22483600139968] INFO perfrun.perfcollector <> - pmu added: family: uncore_cbox, id: 6
239 [22483600139968] INFO perfrun.perfcollector <> - dir found: /sys/bus/event_source/devices/uncore_imc_1
239 [22483600139968] INFO perfrun.perfcollector <> - format: event config:0-7 mask:0-7
239 [22483600139968] INFO perfrun.perfcollector <> - format: edge config:18 mask:18
240 [22483600139968] INFO perfrun.perfcollector <> - format: inv config:23 mask:23
240 [22483600139968] INFO perfrun.perfcollector <> - format: umask config:8-15 mask:8-15
240 [22483600139968] INFO perfrun.perfcollector <> - format: thresh config:24-31 mask:24-31
240 [22483600139968] INFO perfrun.perfcollector <> - hwInfo: PERF_IMC_PMU_DETAILS
241 [22483600139968] INFO perfrun.perfcollector <> - pmu added: family: uncore_imc, id: 1
241 [22483600139968] INFO perfrun.perfcollector <> - dir found: /sys/bus/event_source/devices/power
241 [22483600139968] INFO perfrun.perfcollector <> - format: event config:0-7 mask:0-7
241 [22483600139968] INFO perfrun.perfcollector <> - hwInfo: not set, pmuFam: power
242 [22483600139968] INFO perfrun.perfcollector <> - pmu added: family: power, id: 0
242 [22483600139968] INFO perfrun.perfcollector <> - dir found: /sys/bus/event_source/devices/uncore_cbox_11
242 [22483600139968] INFO perfrun.perfcollector <> - format: event config:0-7 mask:0-7
243 [22483600139968] INFO perfrun.perfcollector <> - format: filter_link config1:6-8 mask:6-8
243 [22483600139968] INFO perfrun.perfcollector <> - format: filter_c6 config1:61 mask:61
243 [22483600139968] INFO perfrun.perfcollector <> - format: edge config:18 mask:18
243 [22483600139968] INFO perfrun.perfcollector <> - format: filter_isoc config1:63 mask:63
244 [22483600139968] INFO perfrun.perfcollector <> - format: filter_tid config1:0-5 mask:0-5
244 [22483600139968] INFO perfrun.perfcollector <> - format: filter_nid config1:32-47 mask:32-47
244 [22483600139968] INFO perfrun.perfcollector <> - format: filter_nc config1:62 mask:62
245 [22483600139968] INFO perfrun.perfcollector <> - format: umask config:8-15 mask:8-15
245 [22483600139968] INFO perfrun.perfcollector <> - format: tid_en config:19 mask:19
245 [22483600139968] INFO perfrun.perfcollector <> - format: thresh config:24-31 mask:24-31
245 [22483600139968] INFO perfrun.perfcollector <> - format: filter_state config1:17-23 mask:17-23
246 [22483600139968] INFO perfrun.perfcollector <> - format: filter_opc config1:52-60 mask:52-60
246 [22483600139968] INFO perfrun.perfcollector <> - hwInfo: PERF_CBOX_PMU_DETAILS
246 [22483600139968] INFO perfrun.perfcollector <> - pmu added: family: uncore_cbox, id: 11
246 [22483600139968] INFO perfrun.perfcollector <> - dir found: /sys/bus/event_source/devices/uncore_cbox_4
247 [22483600139968] INFO perfrun.perfcollector <> - format: event config:0-7 mask:0-7
247 [22483600139968] INFO perfrun.perfcollector <> - format: filter_link config1:6-8 mask:6-8
248 [22483600139968] INFO perfrun.perfcollector <> - format: filter_c6 config1:61 mask:61
248 [22483600139968] INFO perfrun.perfcollector <> - format: edge config:18 mask:18
248 [22483600139968] INFO perfrun.perfcollector <> - format: filter_isoc config1:63 mask:63
248 [22483600139968] INFO perfrun.perfcollector <> - format: filter_tid config1:0-5 mask:0-5
249 [22483600139968] INFO perfrun.perfcollector <> - format: filter_nid config1:32-47 mask:32-47
249 [22483600139968] INFO perfrun.perfcollector <> - format: filter_nc config1:62 mask:62
249 [22483600139968] INFO perfrun.perfcollector <> - format: umask config:8-15 mask:8-15
249 [22483600139968] INFO perfrun.perfcollector <> - format: tid_en config:19 mask:19
250 [22483600139968] INFO perfrun.perfcollector <> - format: thresh config:24-31 mask:24-31
250 [22483600139968] INFO perfrun.perfcollector <> - format: filter_state config1:17-23 mask:17-23
250 [22483600139968] INFO perfrun.perfcollector <> - format: filter_opc config1:52-60 mask:52-60
250 [22483600139968] INFO perfrun.perfcollector <> - hwInfo: PERF_CBOX_PMU_DETAILS
251 [22483600139968] INFO perfrun.perfcollector <> - pmu added: family: uncore_cbox, id: 4
251 [22483600139968] INFO perfrun.perfcollector <> - dir found: /sys/bus/event_source/devices/uprobe
251 [22483600139968] INFO perfrun.perfcollector <> - format: ref_ctr_offset config:32-63 mask:32-63
252 [22483600139968] INFO perfrun.perfcollector <> - format: retprobe config:0 mask:0
252 [22483600139968] INFO perfrun.perfcollector <> - hwInfo: not set, pmuFam: uprobe
252 [22483600139968] INFO perfrun.perfcollector <> - pmu added: family: uprobe, id: 0
252 [22483600139968] INFO perfrun.perfcollector <> - dir found: /sys/bus/event_source/devices/intel_bts
252 [22483600139968] INFO perfrun.perfcollector <> - format: pmu format subdir doesn't exist
252 [22483600139968] INFO perfrun.perfcollector <> - hwInfo: not set, pmuFam: intel_bts
253 [22483600139968] INFO perfrun.perfcollector <> - pmu added: family: intel_bts, id: 0
253 [22483600139968] INFO perfrun.perfcollector <> - dir found: /sys/bus/event_source/devices/cpu
253 [22483600139968] INFO perfrun.perfcollector <> - format: event config:0-7 mask:0-7
253 [22483600139968] INFO perfrun.perfcollector <> - format: pc config:19 mask:19
254 [22483600139968] INFO perfrun.perfcollector <> - format: in_tx config:32 mask:32
254 [22483600139968] INFO perfrun.perfcollector <> - format: edge config:18 mask:18
254 [22483600139968] INFO perfrun.perfcollector <> - format: any config:21 mask:21
254 [22483600139968] INFO perfrun.perfcollector <> - format: offcore_rsp config1:0-63 mask:0-63
255 [22483600139968] INFO perfrun.perfcollector <> - format: in_tx_cp config:33 mask:33
255 [22483600139968] INFO perfrun.perfcollector <> - format: ldlat config1:0-15 mask:0-15
255 [22483600139968] INFO perfrun.perfcollector <> - format: inv config:23 mask:23
256 [22483600139968] INFO perfrun.perfcollector <> - format: umask config:8-15 mask:8-15
256 [22483600139968] INFO perfrun.perfcollector <> - format: cmask config:24-31 mask:24-31
256 [22483600139968] INFO perfrun.perfcollector <> - hwInfo: PERF_CPU_PMU_DETAILS
256 [22483600139968] INFO perfrun.perfcollector <> - pmu added: family: cpu, id: 0
256 [22483600139968] INFO perfrun.perfcollector <> - dir found: /sys/bus/event_source/devices/uncore_r3qpi_0
257 [22483600139968] INFO perfrun.perfcollector <> - format: event config:0-7 mask:0-7
257 [22483600139968] INFO perfrun.perfcollector <> - format: edge config:18 mask:18
257 [22483600139968] INFO perfrun.perfcollector <> - format: inv config:23 mask:23
258 [22483600139968] INFO perfrun.perfcollector <> - format: umask config:8-15 mask:8-15
258 [22483600139968] INFO perfrun.perfcollector <> - format: thresh config:24-31 mask:24-31
258 [22483600139968] INFO perfrun.perfcollector <> - hwInfo: not set, pmuFam: uncore_r3qpi
258 [22483600139968] INFO perfrun.perfcollector <> - pmu added: family: uncore_r3qpi, id: 0
258 [22483600139968] INFO perfrun.perfcollector <> - dir found: /sys/bus/event_source/devices/cstate_core
259 [22483600139968] INFO perfrun.perfcollector <> - format: event config:0-63 mask:0-63
259 [22483600139968] INFO perfrun.perfcollector <> - hwInfo: not set, pmuFam: cstate_core
259 [22483600139968] INFO perfrun.perfcollector <> - pmu added: family: cstate_core, id: 0
259 [22483600139968] INFO perfrun.perfcollector <> - dir found: /sys/bus/event_source/devices/uncore_cbox_2
260 [22483600139968] INFO perfrun.perfcollector <> - format: event config:0-7 mask:0-7
260 [22483600139968] INFO perfrun.perfcollector <> - format: filter_link config1:6-8 mask:6-8
261 [22483600139968] INFO perfrun.perfcollector <> - format: filter_c6 config1:61 mask:61
261 [22483600139968] INFO perfrun.perfcollector <> - format: edge config:18 mask:18
261 [22483600139968] INFO perfrun.perfcollector <> - format: filter_isoc config1:63 mask:63
261 [22483600139968] INFO perfrun.perfcollector <> - format: filter_tid config1:0-5 mask:0-5
262 [22483600139968] INFO perfrun.perfcollector <> - format: filter_nid config1:32-47 mask:32-47
262 [22483600139968] INFO perfrun.perfcollector <> - format: filter_nc config1:62 mask:62
262 [22483600139968] INFO perfrun.perfcollector <> - format: umask config:8-15 mask:8-15
262 [22483600139968] INFO perfrun.perfcollector <> - format: tid_en config:19 mask:19
263 [22483600139968] INFO perfrun.perfcollector <> - format: thresh config:24-31 mask:24-31
263 [22483600139968] INFO perfrun.perfcollector <> - format: filter_state config1:17-23 mask:17-23
263 [22483600139968] INFO perfrun.perfcollector <> - format: filter_opc config1:52-60 mask:52-60
263 [22483600139968] INFO perfrun.perfcollector <> - hwInfo: PERF_CBOX_PMU_DETAILS
264 [22483600139968] INFO perfrun.perfcollector <> - pmu added: family: uncore_cbox, id: 2
264 [22483600139968] INFO perfrun.perfcollector <> - dir found: /sys/bus/event_source/devices/breakpoint
264 [22483600139968] INFO perfrun.perfcollector <> - format: pmu format subdir doesn't exist
264 [22483600139968] INFO perfrun.perfcollector <> - hwInfo: not set, pmuFam: breakpoint
264 [22483600139968] INFO perfrun.perfcollector <> - pmu added: family: breakpoint, id: 0
264 [22483600139968] INFO perfrun.perfcollector <> - dir found: /sys/bus/event_source/devices/uncore_ha_0
265 [22483600139968] INFO perfrun.perfcollector <> - format: event config:0-7 mask:0-7
265 [22483600139968] INFO perfrun.perfcollector <> - format: edge config:18 mask:18
266 [22483600139968] INFO perfrun.perfcollector <> - format: inv config:23 mask:23
266 [22483600139968] INFO perfrun.perfcollector <> - format: umask config:8-15 mask:8-15
266 [22483600139968] INFO perfrun.perfcollector <> - format: thresh config:24-31 mask:24-31
266 [22483600139968] INFO perfrun.perfcollector <> - hwInfo: not set, pmuFam: uncore_ha
267 [22483600139968] INFO perfrun.perfcollector <> - pmu added: family: uncore_ha, id: 0
267 [22483600139968] INFO perfrun.perfcollector <> - dir found: /sys/bus/event_source/devices/uncore_cbox_0
267 [22483600139968] INFO perfrun.perfcollector <> - format: event config:0-7 mask:0-7
268 [22483600139968] INFO perfrun.perfcollector <> - format: filter_link config1:6-8 mask:6-8
268 [22483600139968] INFO perfrun.perfcollector <> - format: filter_c6 config1:61 mask:61
268 [22483600139968] INFO perfrun.perfcollector <> - format: edge config:18 mask:18
268 [22483600139968] INFO perfrun.perfcollector <> - format: filter_isoc config1:63 mask:63
269 [22483600139968] INFO perfrun.perfcollector <> - format: filter_tid config1:0-5 mask:0-5
269 [22483600139968] INFO perfrun.perfcollector <> - format: filter_nid config1:32-47 mask:32-47
269 [22483600139968] INFO perfrun.perfcollector <> - format: filter_nc config1:62 mask:62
269 [22483600139968] INFO perfrun.perfcollector <> - format: umask config:8-15 mask:8-15
270 [22483600139968] INFO perfrun.perfcollector <> - format: tid_en config:19 mask:19
270 [22483600139968] INFO perfrun.perfcollector <> - format: thresh config:24-31 mask:24-31
270 [22483600139968] INFO perfrun.perfcollector <> - format: filter_state config1:17-23 mask:17-23
270 [22483600139968] INFO perfrun.perfcollector <> - format: filter_opc config1:52-60 mask:52-60
271 [22483600139968] INFO perfrun.perfcollector <> - hwInfo: PERF_CBOX_PMU_DETAILS
271 [22483600139968] INFO perfrun.perfcollector <> - pmu added: family: uncore_cbox, id: 0
271 [22483600139968] INFO perfrun.perfcollector <> - dir found: /sys/bus/event_source/devices/tracepoint
271 [22483600139968] INFO perfrun.perfcollector <> - format: pmu format subdir doesn't exist
271 [22483600139968] INFO perfrun.perfcollector <> - hwInfo: not set, pmuFam: tracepoint
271 [22483600139968] INFO perfrun.perfcollector <> - pmu added: family: tracepoint, id: 0
272 [22483600139968] INFO perfrun.perfcollector <> - dir found: /sys/bus/event_source/devices/uncore_sbox_3
272 [22483600139968] INFO perfrun.perfcollector <> - format: event config:0-7 mask:0-7
272 [22483600139968] INFO perfrun.perfcollector <> - format: edge config:18 mask:18
273 [22483600139968] INFO perfrun.perfcollector <> - format: inv config:23 mask:23
273 [22483600139968] INFO perfrun.perfcollector <> - format: umask config:8-15 mask:8-15
273 [22483600139968] INFO perfrun.perfcollector <> - format: tid_en config:19 mask:19
273 [22483600139968] INFO perfrun.perfcollector <> - format: thresh config:24-31 mask:24-31
273 [22483600139968] INFO perfrun.perfcollector <> - hwInfo: not set, pmuFam: uncore_sbox
274 [22483600139968] INFO perfrun.perfcollector <> - pmu added: family: uncore_sbox, id: 3
274 [22483600139968] INFO perfrun.perfcollector <> - dir found: /sys/bus/event_source/devices/uncore_cbox_9
275 [22483600139968] INFO perfrun.perfcollector <> - format: event config:0-7 mask:0-7
275 [22483600139968] INFO perfrun.perfcollector <> - format: filter_link config1:6-8 mask:6-8
275 [22483600139968] INFO perfrun.perfcollector <> - format: filter_c6 config1:61 mask:61
275 [22483600139968] INFO perfrun.perfcollector <> - format: edge config:18 mask:18
276 [22483600139968] INFO perfrun.perfcollector <> - format: filter_isoc config1:63 mask:63
276 [22483600139968] INFO perfrun.perfcollector <> - format: filter_tid config1:0-5 mask:0-5
276 [22483600139968] INFO perfrun.perfcollector <> - format: filter_nid config1:32-47 mask:32-47
276 [22483600139968] INFO perfrun.perfcollector <> - format: filter_nc config1:62 mask:62
277 [22483600139968] INFO perfrun.perfcollector <> - format: umask config:8-15 mask:8-15
277 [22483600139968] INFO perfrun.perfcollector <> - format: tid_en config:19 mask:19
277 [22483600139968] INFO perfrun.perfcollector <> - format: thresh config:24-31 mask:24-31
278 [22483600139968] INFO perfrun.perfcollector <> - format: filter_state config1:17-23 mask:17-23
278 [22483600139968] INFO perfrun.perfcollector <> - format: filter_opc config1:52-60 mask:52-60
278 [22483600139968] INFO perfrun.perfcollector <> - hwInfo: PERF_CBOX_PMU_DETAILS
278 [22483600139968] INFO perfrun.perfcollector <> - pmu added: family: uncore_cbox, id: 9
278 [22483600139968] INFO perfrun.perfcollector <> - dir found: /sys/bus/event_source/devices/cstate_pkg
279 [22483600139968] INFO perfrun.perfcollector <> - format: event config:0-63 mask:0-63
279 [22483600139968] INFO perfrun.perfcollector <> - hwInfo: not set, pmuFam: cstate_pkg
279 [22483600139968] INFO perfrun.perfcollector <> - pmu added: family: cstate_pkg, id: 0
280 [22483600139968] INFO perfrun.perfcollector <> - dir found: /sys/bus/event_source/devices/uncore_imc_4
280 [22483600139968] INFO perfrun.perfcollector <> - format: event config:0-7 mask:0-7
280 [22483600139968] INFO perfrun.perfcollector <> - format: edge config:18 mask:18
281 [22483600139968] INFO perfrun.perfcollector <> - format: inv config:23 mask:23
281 [22483600139968] INFO perfrun.perfcollector <> - format: umask config:8-15 mask:8-15
281 [22483600139968] INFO perfrun.perfcollector <> - format: thresh config:24-31 mask:24-31
281 [22483600139968] INFO perfrun.perfcollector <> - hwInfo: PERF_IMC_PMU_DETAILS
281 [22483600139968] INFO perfrun.perfcollector <> - pmu added: family: uncore_imc, id: 4
282 [22483600139968] INFO perfrun.perfcollector <> - dir found: /sys/bus/event_source/devices/uncore_ubox
282 [22483600139968] INFO perfrun.perfcollector <> - format: event config:0-7 mask:0-7
282 [22483600139968] INFO perfrun.perfcollector <> - format: edge config:18 mask:18
283 [22483600139968] INFO perfrun.perfcollector <> - format: inv config:23 mask:23
283 [22483600139968] INFO perfrun.perfcollector <> - format: umask config:8-15 mask:8-15
283 [22483600139968] INFO perfrun.perfcollector <> - format: thresh config:24-28 mask:24-28
283 [22483600139968] INFO perfrun.perfcollector <> - hwInfo: not set, pmuFam: uncore_ubox
284 [22483600139968] INFO perfrun.perfcollector <> - pmu added: family: uncore_ubox, id: 0
284 [22483600139968] INFO perfrun.perfcollector <> - dir found: /sys/bus/event_source/devices/uncore_sbox_1
284 [22483600139968] INFO perfrun.perfcollector <> - format: event config:0-7 mask:0-7
285 [22483600139968] INFO perfrun.perfcollector <> - format: edge config:18 mask:18
285 [22483600139968] INFO perfrun.perfcollector <> - format: inv config:23 mask:23
285 [22483600139968] INFO perfrun.perfcollector <> - format: umask config:8-15 mask:8-15
285 [22483600139968] INFO perfrun.perfcollector <> - format: tid_en config:19 mask:19
286 [22483600139968] INFO perfrun.perfcollector <> - format: thresh config:24-31 mask:24-31
286 [22483600139968] INFO perfrun.perfcollector <> - hwInfo: not set, pmuFam: uncore_sbox
286 [22483600139968] INFO perfrun.perfcollector <> - pmu added: family: uncore_sbox, id: 1
286 [22483600139968] INFO perfrun.perfcollector <> - dir found: /sys/bus/event_source/devices/uncore_cbox_7
287 [22483600139968] INFO perfrun.perfcollector <> - format: event config:0-7 mask:0-7
287 [22483600139968] INFO perfrun.perfcollector <> - format: filter_link config1:6-8 mask:6-8
287 [22483600139968] INFO perfrun.perfcollector <> - format: filter_c6 config1:61 mask:61
288 [22483600139968] INFO perfrun.perfcollector <> - format: edge config:18 mask:18
288 [22483600139968] INFO perfrun.perfcollector <> - format: filter_isoc config1:63 mask:63
288 [22483600139968] INFO perfrun.perfcollector <> - format: filter_tid config1:0-5 mask:0-5
289 [22483600139968] INFO perfrun.perfcollector <> - format: filter_nid config1:32-47 mask:32-47
289 [22483600139968] INFO perfrun.perfcollector <> - format: filter_nc config1:62 mask:62
289 [22483600139968] INFO perfrun.perfcollector <> - format: umask config:8-15 mask:8-15
289 [22483600139968] INFO perfrun.perfcollector <> - format: tid_en config:19 mask:19
290 [22483600139968] INFO perfrun.perfcollector <> - format: thresh config:24-31 mask:24-31
290 [22483600139968] INFO perfrun.perfcollector <> - format: filter_state config1:17-23 mask:17-23
290 [22483600139968] INFO perfrun.perfcollector <> - format: filter_opc config1:52-60 mask:52-60
290 [22483600139968] INFO perfrun.perfcollector <> - hwInfo: PERF_CBOX_PMU_DETAILS
290 [22483600139968] INFO perfrun.perfcollector <> - pmu added: family: uncore_cbox, id: 7
291 [22483600139968] INFO perfrun.perfcollector <> - dir found: /sys/bus/event_source/devices/uncore_cbox_12
291 [22483600139968] INFO perfrun.perfcollector <> - format: event config:0-7 mask:0-7
291 [22483600139968] INFO perfrun.perfcollector <> - format: filter_link config1:6-8 mask:6-8
292 [22483600139968] INFO perfrun.perfcollector <> - format: filter_c6 config1:61 mask:61
292 [22483600139968] INFO perfrun.perfcollector <> - format: edge config:18 mask:18
292 [22483600139968] INFO perfrun.perfcollector <> - format: filter_isoc config1:63 mask:63
293 [22483600139968] INFO perfrun.perfcollector <> - format: filter_tid config1:0-5 mask:0-5
293 [22483600139968] INFO perfrun.perfcollector <> - format: filter_nid config1:32-47 mask:32-47
293 [22483600139968] INFO perfrun.perfcollector <> - format: filter_nc config1:62 mask:62
293 [22483600139968] INFO perfrun.perfcollector <> - format: umask config:8-15 mask:8-15
294 [22483600139968] INFO perfrun.perfcollector <> - format: tid_en config:19 mask:19
294 [22483600139968] INFO perfrun.perfcollector <> - format: thresh config:24-31 mask:24-31
294 [22483600139968] INFO perfrun.perfcollector <> - format: filter_state config1:17-23 mask:17-23
295 [22483600139968] INFO perfrun.perfcollector <> - format: filter_opc config1:52-60 mask:52-60
295 [22483600139968] INFO perfrun.perfcollector <> - hwInfo: PERF_CBOX_PMU_DETAILS
295 [22483600139968] INFO perfrun.perfcollector <> - pmu added: family: uncore_cbox, id: 12
295 [22483600139968] INFO perfrun.perfcollector <> - dir found: /sys/bus/event_source/devices/kprobe
296 [22483600139968] INFO perfrun.perfcollector <> - format: retprobe config:0 mask:0
296 [22483600139968] INFO perfrun.perfcollector <> - hwInfo: not set, pmuFam: kprobe
296 [22483600139968] INFO perfrun.perfcollector <> - pmu added: family: kprobe, id: 0
296 [22483600139968] INFO perfrun.perfcollector <> - dir found: /sys/bus/event_source/devices/uncore_qpi_0
297 [22483600139968] INFO perfrun.perfcollector <> - format: mask_rnid4 config2:31 mask:31
297 [22483600139968] INFO perfrun.perfcollector <> - format: mask_rnid30 config2:32-35 mask:32-35
297 [22483600139968] INFO perfrun.perfcollector <> - format: match_rnid30 config1:32-35 mask:32-35
298 [22483600139968] INFO perfrun.perfcollector <> - format: event config:0-7,21 mask:0-7,21
298 [22483600139968] INFO perfrun.perfcollector <> - format: match0 config1:0-31 mask:0-31
298 [22483600139968] INFO perfrun.perfcollector <> - format: match_rds config1:48-51 mask:48-51
299 [22483600139968] INFO perfrun.perfcollector <> - format: mask_rds config2:48-51 mask:48-51
299 [22483600139968] INFO perfrun.perfcollector <> - format: edge config:18 mask:18
299 [22483600139968] INFO perfrun.perfcollector <> - format: mask1 config2:32-63 mask:32-63
299 [22483600139968] INFO perfrun.perfcollector <> - format: match_dnid config1:13-17 mask:13-17
300 [22483600139968] INFO perfrun.perfcollector <> - format: mask_dnid config2:13-17 mask:13-17
300 [22483600139968] INFO perfrun.perfcollector <> - format: match_vnw config1:3-4 mask:3-4
300 [22483600139968] INFO perfrun.perfcollector <> - format: mask_vnw config2:3-4 mask:3-4
300 [22483600139968] INFO perfrun.perfcollector <> - format: mask_mc config2:9-12 mask:9-12
301 [22483600139968] INFO perfrun.perfcollector <> - format: match1 config1:32-63 mask:32-63
301 [22483600139968] INFO perfrun.perfcollector <> - format: inv config:23 mask:23
301 [22483600139968] INFO perfrun.perfcollector <> - format: umask config:8-15 mask:8-15
302 [22483600139968] INFO perfrun.perfcollector <> - format: match_opc config1:5-8 mask:5-8
302 [22483600139968] INFO perfrun.perfcollector <> - format: mask_opc config2:5-8 mask:5-8
302 [22483600139968] INFO perfrun.perfcollector <> - format: thresh config:24-31 mask:24-31
302 [22483600139968] INFO perfrun.perfcollector <> - format: match_rnid4 config1:31 mask:31
303 [22483600139968] INFO perfrun.perfcollector <> - format: mask0 config2:0-31 mask:0-31
303 [22483600139968] INFO perfrun.perfcollector <> - format: match_mc config1:9-12 mask:9-12
303 [22483600139968] INFO perfrun.perfcollector <> - hwInfo: PERF_QPI_PMU_DETAILS
303 [22483600139968] INFO perfrun.perfcollector <> - pmu added: family: uncore_qpi, id: 0
303 [22483600139968] INFO perfrun.perfcollector <> - dir found: /sys/bus/event_source/devices/uncore_cbox_5
304 [22483600139968] INFO perfrun.perfcollector <> - format: event config:0-7 mask:0-7
304 [22483600139968] INFO perfrun.perfcollector <> - format: filter_link config1:6-8 mask:6-8
305 [22483600139968] INFO perfrun.perfcollector <> - format: filter_c6 config1:61 mask:61
305 [22483600139968] INFO perfrun.perfcollector <> - format: edge config:18 mask:18
305 [22483600139968] INFO perfrun.perfcollector <> - format: filter_isoc config1:63 mask:63
305 [22483600139968] INFO perfrun.perfcollector <> - format: filter_tid config1:0-5 mask:0-5
306 [22483600139968] INFO perfrun.perfcollector <> - format: filter_nid config1:32-47 mask:32-47
306 [22483600139968] INFO perfrun.perfcollector <> - format: filter_nc config1:62 mask:62
306 [22483600139968] INFO perfrun.perfcollector <> - format: umask config:8-15 mask:8-15
307 [22483600139968] INFO perfrun.perfcollector <> - format: tid_en config:19 mask:19
307 [22483600139968] INFO perfrun.perfcollector <> - format: thresh config:24-31 mask:24-31
307 [22483600139968] INFO perfrun.perfcollector <> - format: filter_state config1:17-23 mask:17-23
307 [22483600139968] INFO perfrun.perfcollector <> - format: filter_opc config1:52-60 mask:52-60
307 [22483600139968] INFO perfrun.perfcollector <> - hwInfo: PERF_CBOX_PMU_DETAILS
308 [22483600139968] INFO perfrun.perfcollector <> - pmu added: family: uncore_cbox, id: 5
308 [22483600139968] INFO perfrun.perfcollector <> - dir found: /sys/bus/event_source/devices/uncore_imc_0
308 [22483600139968] INFO perfrun.perfcollector <> - format: event config:0-7 mask:0-7
309 [22483600139968] INFO perfrun.perfcollector <> - format: edge config:18 mask:18
309 [22483600139968] INFO perfrun.perfcollector <> - format: inv config:23 mask:23
309 [22483600139968] INFO perfrun.perfcollector <> - format: umask config:8-15 mask:8-15
310 [22483600139968] INFO perfrun.perfcollector <> - format: thresh config:24-31 mask:24-31
310 [22483600139968] INFO perfrun.perfcollector <> - hwInfo: PERF_IMC_PMU_DETAILS
310 [22483600139968] INFO perfrun.perfcollector <> - pmu added: family: uncore_imc, id: 0
310 [22483600139968] INFO perfrun.perfcollector <> - dir found: /sys/bus/event_source/devices/uncore_cbox_10
311 [22483600139968] INFO perfrun.perfcollector <> - format: event config:0-7 mask:0-7
311 [22483600139968] INFO perfrun.perfcollector <> - format: filter_link config1:6-8 mask:6-8
311 [22483600139968] INFO perfrun.perfcollector <> - format: filter_c6 config1:61 mask:61
312 [22483600139968] INFO perfrun.perfcollector <> - format: edge config:18 mask:18
312 [22483600139968] INFO perfrun.perfcollector <> - format: filter_isoc config1:63 mask:63
312 [22483600139968] INFO perfrun.perfcollector <> - format: filter_tid config1:0-5 mask:0-5
312 [22483600139968] INFO perfrun.perfcollector <> - format: filter_nid config1:32-47 mask:32-47
313 [22483600139968] INFO perfrun.perfcollector <> - format: filter_nc config1:62 mask:62
313 [22483600139968] INFO perfrun.perfcollector <> - format: umask config:8-15 mask:8-15
313 [22483600139968] INFO perfrun.perfcollector <> - format: tid_en config:19 mask:19
313 [22483600139968] INFO perfrun.perfcollector <> - format: thresh config:24-31 mask:24-31
314 [22483600139968] INFO perfrun.perfcollector <> - format: filter_state config1:17-23 mask:17-23
314 [22483600139968] INFO perfrun.perfcollector <> - format: filter_opc config1:52-60 mask:52-60
314 [22483600139968] INFO perfrun.perfcollector <> - hwInfo: PERF_CBOX_PMU_DETAILS
314 [22483600139968] INFO perfrun.perfcollector <> - pmu added: family: uncore_cbox, id: 10
315 [22483600139968] INFO perfrun.perfcollector <> - dir found: /sys/bus/event_source/devices/uncore_pcu
315 [22483600139968] INFO perfrun.perfcollector <> - format: filter_band2 config1:16-23 mask:16-23
315 [22483600139968] INFO perfrun.perfcollector <> - format: event config:0-7 mask:0-7
316 [22483600139968] INFO perfrun.perfcollector <> - format: filter_band0 config1:0-7 mask:0-7
316 [22483600139968] INFO perfrun.perfcollector <> - format: edge config:18 mask:18
316 [22483600139968] INFO perfrun.perfcollector <> - format: occ_invert config:30 mask:30
316 [22483600139968] INFO perfrun.perfcollector <> - format: occ_edge config:14-51 mask:14-51
317 [22483600139968] INFO perfrun.perfcollector <> - format: filter_band3 config1:24-31 mask:24-31
317 [22483600139968] INFO perfrun.perfcollector <> - format: filter_band1 config1:8-15 mask:8-15
317 [22483600139968] INFO perfrun.perfcollector <> - format: inv config:23 mask:23
318 [22483600139968] INFO perfrun.perfcollector <> - format: thresh config:24-28 mask:24-28
318 [22483600139968] INFO perfrun.perfcollector <> - format: occ_sel config:14-15 mask:14-15
318 [22483600139968] INFO perfrun.perfcollector <> - hwInfo: not set, pmuFam: uncore_pcu
318 [22483600139968] INFO perfrun.perfcollector <> - pmu added: family: uncore_pcu, id: 0
318 [22483600139968] INFO perfrun.perfcollector <> - dir found: /sys/bus/event_source/devices/uncore_r3qpi_1
319 [22483600139968] INFO perfrun.perfcollector <> - format: event config:0-7 mask:0-7
319 [22483600139968] INFO perfrun.perfcollector <> - format: edge config:18 mask:18
319 [22483600139968] INFO perfrun.perfcollector <> - format: inv config:23 mask:23
320 [22483600139968] INFO perfrun.perfcollector <> - format: umask config:8-15 mask:8-15
320 [22483600139968] INFO perfrun.perfcollector <> - format: thresh config:24-31 mask:24-31
320 [22483600139968] INFO perfrun.perfcollector <> - hwInfo: not set, pmuFam: uncore_r3qpi
320 [22483600139968] INFO perfrun.perfcollector <> - pmu added: family: uncore_r3qpi, id: 1
321 [22483600139968] INFO perfrun.perfcollector <> - dir found: /sys/bus/event_source/devices/msr
321 [22483600139968] INFO perfrun.perfcollector <> - format: event config:0-63 mask:0-63
321 [22483600139968] INFO perfrun.perfcollector <> - hwInfo: not set, pmuFam: msr
321 [22483600139968] INFO perfrun.perfcollector <> - pmu added: family: msr, id: 0
322 [22483600139968] INFO perfrun.perfcollector <> - dir found: /sys/bus/event_source/devices/uncore_cbox_3
322 [22483600139968] INFO perfrun.perfcollector <> - format: event config:0-7 mask:0-7
322 [22483600139968] INFO perfrun.perfcollector <> - format: filter_link config1:6-8 mask:6-8
323 [22483600139968] INFO perfrun.perfcollector <> - format: filter_c6 config1:61 mask:61
323 [22483600139968] INFO perfrun.perfcollector <> - format: edge config:18 mask:18
323 [22483600139968] INFO perfrun.perfcollector <> - format: filter_isoc config1:63 mask:63
324 [22483600139968] INFO perfrun.perfcollector <> - format: filter_tid config1:0-5 mask:0-5
324 [22483600139968] INFO perfrun.perfcollector <> - format: filter_nid config1:32-47 mask:32-47
324 [22483600139968] INFO perfrun.perfcollector <> - format: filter_nc config1:62 mask:62
324 [22483600139968] INFO perfrun.perfcollector <> - format: umask config:8-15 mask:8-15
325 [22483600139968] INFO perfrun.perfcollector <> - format: tid_en config:19 mask:19
325 [22483600139968] INFO perfrun.perfcollector <> - format: thresh config:24-31 mask:24-31
325 [22483600139968] INFO perfrun.perfcollector <> - format: filter_state config1:17-23 mask:17-23
326 [22483600139968] INFO perfrun.perfcollector <> - format: filter_opc config1:52-60 mask:52-60
326 [22483600139968] INFO perfrun.perfcollector <> - hwInfo: PERF_CBOX_PMU_DETAILS
326 [22483600139968] INFO perfrun.perfcollector <> - pmu added: family: uncore_cbox, id: 3
326 [22483600139968] INFO perfrun.perfcollector <> - dir found: /sys/bus/event_source/devices/intel_pt
327 [22483600139968] INFO perfrun.perfcollector <> - format: ptw config:12 mask:12
327 [22483600139968] INFO perfrun.perfcollector <> - format: event config:31 mask:31
327 [22483600139968] INFO perfrun.perfcollector <> - format: cyc_thresh config:19-22 mask:19-22
328 [22483600139968] INFO perfrun.perfcollector <> - format: pt config:0 mask:0
328 [22483600139968] INFO perfrun.perfcollector <> - format: notnt config:55 mask:55
328 [22483600139968] INFO perfrun.perfcollector <> - format: branch config:13 mask:13
328 [22483600139968] INFO perfrun.perfcollector <> - format: tsc config:10 mask:10
329 [22483600139968] INFO perfrun.perfcollector <> - format: pwr_evt config:4 mask:4
329 [22483600139968] INFO perfrun.perfcollector <> - format: fup_on_ptw config:5 mask:5
329 [22483600139968] INFO perfrun.perfcollector <> - format: cyc config:1 mask:1
329 [22483600139968] INFO perfrun.perfcollector <> - format: noretcomp config:11 mask:11
330 [22483600139968] INFO perfrun.perfcollector <> - format: mtc config:9 mask:9
330 [22483600139968] INFO perfrun.perfcollector <> - format: psb_period config:24-27 mask:24-27
330 [22483600139968] INFO perfrun.perfcollector <> - format: mtc_period config:14-17 mask:14-17
330 [22483600139968] INFO perfrun.perfcollector <> - hwInfo: not set, pmuFam: intel_pt
331 [22483600139968] INFO perfrun.perfcollector <> - pmu added: family: intel_pt, id: 0
331 [22483600139968] INFO perfrun.perfcollector <> - dir found: /sys/bus/event_source/devices/uncore_ha_1
331 [22483600139968] INFO perfrun.perfcollector <> - format: event config:0-7 mask:0-7
332 [22483600139968] INFO perfrun.perfcollector <> - format: edge config:18 mask:18
332 [22483600139968] INFO perfrun.perfcollector <> - format: inv config:23 mask:23
332 [22483600139968] INFO perfrun.perfcollector <> - format: umask config:8-15 mask:8-15
332 [22483600139968] INFO perfrun.perfcollector <> - format: thresh config:24-31 mask:24-31
332 [22483600139968] INFO perfrun.perfcollector <> - hwInfo: not set, pmuFam: uncore_ha
333 [22483600139968] INFO perfrun.perfcollector <> - pmu added: family: uncore_ha, id: 1
333 [22483600139968] INFO perfrun.perfcollector <> - dir found: /sys/bus/event_source/devices/uncore_cbox_1
333 [22483600139968] INFO perfrun.perfcollector <> - format: event config:0-7 mask:0-7
334 [22483600139968] INFO perfrun.perfcollector <> - format: filter_link config1:6-8 mask:6-8
334 [22483600139968] INFO perfrun.perfcollector <> - format: filter_c6 config1:61 mask:61
334 [22483600139968] INFO perfrun.perfcollector <> - format: edge config:18 mask:18
334 [22483600139968] INFO perfrun.perfcollector <> - format: filter_isoc config1:63 mask:63
334 [22483600139968] INFO perfrun.perfcollector <> - format: filter_tid config1:0-5 mask:0-5
335 [22483600139968] INFO perfrun.perfcollector <> - format: filter_nid config1:32-47 mask:32-47
335 [22483600139968] INFO perfrun.perfcollector <> - format: filter_nc config1:62 mask:62
335 [22483600139968] INFO perfrun.perfcollector <> - format: umask config:8-15 mask:8-15
335 [22483600139968] INFO perfrun.perfcollector <> - format: tid_en config:19 mask:19
335 [22483600139968] INFO perfrun.perfcollector <> - format: thresh config:24-31 mask:24-31
335 [22483600139968] INFO perfrun.perfcollector <> - format: filter_state config1:17-23 mask:17-23
335 [22483600139968] INFO perfrun.perfcollector <> - format: filter_opc config1:52-60 mask:52-60
336 [22483600139968] INFO perfrun.perfcollector <> - hwInfo: PERF_CBOX_PMU_DETAILS
336 [22483600139968] INFO perfrun.perfcollector <> - pmu added: family: uncore_cbox, id: 1
336 [22483600139968] INFO perfrun.sdk <> - runCmd: /opt/intel/oneapi/vtune/2023.1.0/bin64/sep -dry-run -sam 1 -ec CPU_CLK_UNHALTED.THREAD,CPU_CLK_UNHALTED.REF_TSC:sample:sa=2400000,INST_RETIRED.ANY:sample:sa=2400000,CPU_CLK_UNHALTED.REF_XCLK,CPU_CLK_UNHALTED.ONE_THREAD_ACTIVE,FP_ARITH_INST_RETIRED.SCALAR_SINGLE,FP_ARITH_INST_RETIRED.128B_PACKED_SINGLE,FP_ARITH_INST_RETIRED.256B_PACKED_SINGLE,FP_ARITH_INST_RETIRED.SCALAR_DOUBLE,FP_ARITH_INST_RETIRED.128B_PACKED_DOUBLE,FP_ARITH_INST_RETIRED.256B_PACKED_DOUBLE,INST_RETIRED.X87,UOPS_RETIRED.RETIRE_SLOTS:sample:sa=2000003 -experimental
336 [22483600139968] INFO perfrun.sdk <> - runCmd started PID 3362802
425 [22483600139968] INFO perfrun.perfcollector <> - SepDryRun RC = true
429 [22483600139968] INFO perfrun.perfcollector <> - DRY_RUN: "PMU type: Core (core)"
429 [22483600139968] INFO perfrun.perfcollector <> - pmu type: cpu
429 [22483600139968] INFO perfrun.perfcollector <> - DRY_RUN: "Group 0:"
429 [22483600139968] INFO perfrun.perfcollector <> - id: 0
429 [22483600139968] INFO perfrun.perfcollector <> - DRY_RUN: "INST_RETIRED.ANY: event id 2"
429 [22483600139968] INFO perfrun.perfcollector <> - eventName: INST_RETIRED.ANY, eventId: 2
429 [22483600139968] INFO perfrun.perfcollector <> - DRY_RUN: "CPU_CLK_UNHALTED.THREAD: event id 0"
429 [22483600139968] INFO perfrun.perfcollector <> - eventName: CPU_CLK_UNHALTED.THREAD, eventId: 0
429 [22483600139968] INFO perfrun.perfcollector <> - DRY_RUN: "CPU_CLK_UNHALTED.REF_TSC: event id 1"
429 [22483600139968] INFO perfrun.perfcollector <> - eventName: CPU_CLK_UNHALTED.REF_TSC, eventId: 1
429 [22483600139968] INFO perfrun.perfcollector <> - DRY_RUN: "FP_ARITH_INST_RETIRED.SCALAR_SINGLE: event id 5"
429 [22483600139968] INFO perfrun.perfcollector <> - eventName: FP_ARITH_INST_RETIRED.SCALAR_SINGLE, eventId: 5
429 [22483600139968] INFO perfrun.perfcollector <> - DRY_RUN: "FP_ARITH_INST_RETIRED.128B_PACKED_SINGLE: event id 6"
429 [22483600139968] INFO perfrun.perfcollector <> - eventName: FP_ARITH_INST_RETIRED.128B_PACKED_SINGLE, eventId: 6
429 [22483600139968] INFO perfrun.perfcollector <> - DRY_RUN: "FP_ARITH_INST_RETIRED.256B_PACKED_SINGLE: event id 7"
429 [22483600139968] INFO perfrun.perfcollector <> - eventName: FP_ARITH_INST_RETIRED.256B_PACKED_SINGLE, eventId: 7
429 [22483600139968] INFO perfrun.perfcollector <> - DRY_RUN: "FP_ARITH_INST_RETIRED.SCALAR_DOUBLE: event id 8"
429 [22483600139968] INFO perfrun.perfcollector <> - eventName: FP_ARITH_INST_RETIRED.SCALAR_DOUBLE, eventId: 8
429 [22483600139968] INFO perfrun.perfcollector <> - DRY_RUN: "CPU_CLK_UNHALTED.REF_XCLK: event id 3"
429 [22483600139968] INFO perfrun.perfcollector <> - eventName: CPU_CLK_UNHALTED.REF_XCLK, eventId: 3
429 [22483600139968] INFO perfrun.perfcollector <> - DRY_RUN: "CPU_CLK_UNHALTED.ONE_THREAD_ACTIVE: event id 4"
429 [22483600139968] INFO perfrun.perfcollector <> - eventName: CPU_CLK_UNHALTED.ONE_THREAD_ACTIVE, eventId: 4
429 [22483600139968] INFO perfrun.perfcollector <> - DRY_RUN: "INST_RETIRED.X87: event id 11"
429 [22483600139968] INFO perfrun.perfcollector <> - eventName: INST_RETIRED.X87, eventId: 11
429 [22483600139968] INFO perfrun.perfcollector <> - DRY_RUN: "UOPS_RETIRED.RETIRE_SLOTS: event id 12"
429 [22483600139968] INFO perfrun.perfcollector <> - eventName: UOPS_RETIRED.RETIRE_SLOTS, eventId: 12
429 [22483600139968] INFO perfrun.perfcollector <> - DRY_RUN: "CCCR"
429 [22483600139968] INFO perfrun.perfcollector <> - DRY_RUN: "reg_type       = 1	event_id       = g	reg_id         = 38f	reg_value      = 7000000ff"
429 [22483600139968] INFO perfrun.perfcollector <> - eventId: g, skip parsing event_id
429 [22483600139968] INFO perfrun.perfcollector <> - Register was ignored: group_id: 0, reg_type: 1, event_id: 4294967295, reg_id: 38f, reg_value: 7000000ff, pmu_name: cpu
429 [22483600139968] INFO perfrun.perfcollector <> - DRY_RUN: "reg_type       = 1	event_id       = g	reg_id         = 390	reg_value      = 7000000ff"
429 [22483600139968] INFO perfrun.perfcollector <> - eventId: g, skip parsing event_id
429 [22483600139968] INFO perfrun.perfcollector <> - Register was ignored: group_id: 0, reg_type: 1, event_id: 4294967295, reg_id: 390, reg_value: 7000000ff, pmu_name: cpu
429 [22483600139968] INFO perfrun.perfcollector <> - DRY_RUN: "reg_type       = 1	event_id       = g	reg_id         = 3f1	reg_value      = 0"
429 [22483600139968] INFO perfrun.perfcollector <> - eventId: g, skip parsing event_id
429 [22483600139968] INFO perfrun.perfcollector <> - Register was ignored: group_id: 0, reg_type: 1, event_id: 4294967295, reg_id: 3f1, reg_value: 0, pmu_name: cpu
429 [22483600139968] INFO perfrun.perfcollector <> - DRY_RUN: "reg_type       = 1	event_id       = g	reg_id         = 1d9	reg_value      = 1800"
429 [22483600139968] INFO perfrun.perfcollector <> - eventId: g, skip parsing event_id
429 [22483600139968] INFO perfrun.perfcollector <> - Register was ignored: group_id: 0, reg_type: 1, event_id: 4294967295, reg_id: 1d9, reg_value: 1800, pmu_name: cpu
429 [22483600139968] INFO perfrun.perfcollector <> - DRY_RUN: "reg_type       = 1	event_id       = g	reg_id         = 38d	reg_value      = bbb"
429 [22483600139968] INFO perfrun.perfcollector <> - eventId: g, skip parsing event_id
429 [22483600139968] INFO perfrun.perfcollector <> - Register was ignored: group_id: 0, reg_type: 1, event_id: 4294967295, reg_id: 38d, reg_value: bbb, pmu_name: cpu
429 [22483600139968] INFO perfrun.perfcollector <> - DRY_RUN: "reg_type       = 1	event_id       = 5	reg_id         = 186	reg_value      = 5302c7"
429 [22483600139968] INFO perfrun.perfcollector <> - Event selector: group_id: 0, reg_type: 1, event_id: 5, reg_id: 186, reg_value: 5302c7, pmu_name: cpu
429 [22483600139968] INFO perfrun.perfcollector <> - DRY_RUN: "reg_type       = 1	event_id       = 6	reg_id         = 187	reg_value      = 5308c7"
429 [22483600139968] INFO perfrun.perfcollector <> - Event selector: group_id: 0, reg_type: 1, event_id: 6, reg_id: 187, reg_value: 5308c7, pmu_name: cpu
429 [22483600139968] INFO perfrun.perfcollector <> - DRY_RUN: "reg_type       = 1	event_id       = 7	reg_id         = 188	reg_value      = 5320c7"
429 [22483600139968] INFO perfrun.perfcollector <> - Event selector: group_id: 0, reg_type: 1, event_id: 7, reg_id: 188, reg_value: 5320c7, pmu_name: cpu
429 [22483600139968] INFO perfrun.perfcollector <> - DRY_RUN: "reg_type       = 1	event_id       = 8	reg_id         = 189	reg_value      = 5301c7"
429 [22483600139968] INFO perfrun.perfcollector <> - Event selector: group_id: 0, reg_type: 1, event_id: 8, reg_id: 189, reg_value: 5301c7, pmu_name: cpu
429 [22483600139968] INFO perfrun.perfcollector <> - DRY_RUN: "reg_type       = 1	event_id       = 3	reg_id         = 18a	reg_value      = 53013c"
429 [22483600139968] INFO perfrun.perfcollector <> - Event selector: group_id: 0, reg_type: 1, event_id: 3, reg_id: 18a, reg_value: 53013c, pmu_name: cpu
429 [22483600139968] INFO perfrun.perfcollector <> - DRY_RUN: "reg_type       = 1	event_id       = 4	reg_id         = 18b	reg_value      = 53023c"
429 [22483600139968] INFO perfrun.perfcollector <> - Event selector: group_id: 0, reg_type: 1, event_id: 4, reg_id: 18b, reg_value: 53023c, pmu_name: cpu
429 [22483600139968] INFO perfrun.perfcollector <> - DRY_RUN: "reg_type       = 1	event_id       = 11	reg_id         = 18c	reg_value      = 5302c0"
429 [22483600139968] INFO perfrun.perfcollector <> - Event selector: group_id: 0, reg_type: 1, event_id: 11, reg_id: 18c, reg_value: 5302c0, pmu_name: cpu
429 [22483600139968] INFO perfrun.perfcollector <> - DRY_RUN: "reg_type       = 1	event_id       = 12	reg_id         = 18d	reg_value      = 5302c2"
429 [22483600139968] INFO perfrun.perfcollector <> - Event selector: group_id: 0, reg_type: 1, event_id: 12, reg_id: 18d, reg_value: 5302c2, pmu_name: cpu
429 [22483600139968] INFO perfrun.perfcollector <> - DRY_RUN: "ESCR"
429 [22483600139968] INFO perfrun.perfcollector <> - DRY_RUN: "reg_type       = 2	event_id       = g	reg_id         = 1c8	reg_value      = 0"
429 [22483600139968] INFO perfrun.perfcollector <> - eventId: g, skip parsing event_id
429 [22483600139968] INFO perfrun.perfcollector <> - DRY_RUN: "DATA"
429 [22483600139968] INFO perfrun.perfcollector <> - DRY_RUN: "reg_type       = 4	event_id       = 2	reg_id         = 309	reg_value      = ffffffdb6100"
429 [22483600139968] INFO perfrun.perfcollector <> - eventId: 2, dataAddr: 309, dataVal: ffffffdb6100
429 [22483600139968] INFO perfrun.perfcollector <> - DRY_RUN: "reg_type       = 4	event_id       = 0	reg_id         = 30a	reg_value      = ffffffe17b7d"
429 [22483600139968] INFO perfrun.perfcollector <> - eventId: 0, dataAddr: 30a, dataVal: ffffffe17b7d
429 [22483600139968] INFO perfrun.perfcollector <> - DRY_RUN: "reg_type       = 4	event_id       = 1	reg_id         = 30b	reg_value      = ffffffdb6100"
429 [22483600139968] INFO perfrun.perfcollector <> - eventId: 1, dataAddr: 30b, dataVal: ffffffdb6100
429 [22483600139968] INFO perfrun.perfcollector <> - DRY_RUN: "reg_type       = 4	event_id       = 5	reg_id         = c1	reg_value      = ffffffe17b7d"
429 [22483600139968] INFO perfrun.perfcollector <> - eventId: 5, dataAddr: c1, dataVal: ffffffe17b7d
429 [22483600139968] INFO perfrun.perfcollector <> - DRY_RUN: "reg_type       = 4	event_id       = 6	reg_id         = c2	reg_value      = ffffffe17b7d"
429 [22483600139968] INFO perfrun.perfcollector <> - eventId: 6, dataAddr: c2, dataVal: ffffffe17b7d
429 [22483600139968] INFO perfrun.perfcollector <> - DRY_RUN: "reg_type       = 4	event_id       = 7	reg_id         = c3	reg_value      = ffffffe17b7d"
429 [22483600139968] INFO perfrun.perfcollector <> - eventId: 7, dataAddr: c3, dataVal: ffffffe17b7d
429 [22483600139968] INFO perfrun.perfcollector <> - DRY_RUN: "reg_type       = 4	event_id       = 8	reg_id         = c4	reg_value      = ffffffe17b7d"
429 [22483600139968] INFO perfrun.perfcollector <> - eventId: 8, dataAddr: c4, dataVal: ffffffe17b7d
429 [22483600139968] INFO perfrun.perfcollector <> - DRY_RUN: "reg_type       = 4	event_id       = 3	reg_id         = c5	reg_value      = fffffffe795d"
429 [22483600139968] INFO perfrun.perfcollector <> - eventId: 3, dataAddr: c5, dataVal: fffffffe795d
429 [22483600139968] INFO perfrun.perfcollector <> - DRY_RUN: "reg_type       = 4	event_id       = 4	reg_id         = c6	reg_value      = fffffffe795d"
429 [22483600139968] INFO perfrun.perfcollector <> - eventId: 4, dataAddr: c6, dataVal: fffffffe795d
429 [22483600139968] INFO perfrun.perfcollector <> - DRY_RUN: "reg_type       = 4	event_id       = 11	reg_id         = c7	reg_value      = ffffffe17b7d"
429 [22483600139968] INFO perfrun.perfcollector <> - eventId: 11, dataAddr: c7, dataVal: ffffffe17b7d
429 [22483600139968] INFO perfrun.perfcollector <> - DRY_RUN: "reg_type       = 4	event_id       = 12	reg_id         = c8	reg_value      = ffffffe17b7d"
429 [22483600139968] INFO perfrun.perfcollector <> - eventId: 12, dataAddr: c8, dataVal: ffffffe17b7d
429 [22483600139968] INFO perfrun.perfcollector <> - DRY_RUN: "Group 1:"
429 [22483600139968] INFO perfrun.perfcollector <> - id: 1
429 [22483600139968] INFO perfrun.perfcollector <> - DRY_RUN: "INST_RETIRED.ANY: event id 2"
429 [22483600139968] INFO perfrun.perfcollector <> - eventName: INST_RETIRED.ANY, eventId: 2
429 [22483600139968] INFO perfrun.perfcollector <> - DRY_RUN: "CPU_CLK_UNHALTED.THREAD: event id 0"
429 [22483600139968] INFO perfrun.perfcollector <> - eventName: CPU_CLK_UNHALTED.THREAD, eventId: 0
429 [22483600139968] INFO perfrun.perfcollector <> - DRY_RUN: "CPU_CLK_UNHALTED.REF_TSC: event id 1"
429 [22483600139968] INFO perfrun.perfcollector <> - eventName: CPU_CLK_UNHALTED.REF_TSC, eventId: 1
429 [22483600139968] INFO perfrun.perfcollector <> - DRY_RUN: "FP_ARITH_INST_RETIRED.128B_PACKED_DOUBLE: event id 9"
429 [22483600139968] INFO perfrun.perfcollector <> - eventName: FP_ARITH_INST_RETIRED.128B_PACKED_DOUBLE, eventId: 9
429 [22483600139968] INFO perfrun.perfcollector <> - DRY_RUN: "FP_ARITH_INST_RETIRED.256B_PACKED_DOUBLE: event id 10"
429 [22483600139968] INFO perfrun.perfcollector <> - eventName: FP_ARITH_INST_RETIRED.256B_PACKED_DOUBLE, eventId: 10
429 [22483600139968] INFO perfrun.perfcollector <> - DRY_RUN: "CCCR"
429 [22483600139968] INFO perfrun.perfcollector <> - DRY_RUN: "reg_type       = 1	event_id       = g	reg_id         = 38f	reg_value      = 700000003"
429 [22483600139968] INFO perfrun.perfcollector <> - eventId: g, skip parsing event_id
429 [22483600139968] INFO perfrun.perfcollector <> - Register was ignored: group_id: 1, reg_type: 1, event_id: 4294967295, reg_id: 38f, reg_value: 700000003, pmu_name: cpu
429 [22483600139968] INFO perfrun.perfcollector <> - DRY_RUN: "reg_type       = 1	event_id       = g	reg_id         = 390	reg_value      = 700000003"
429 [22483600139968] INFO perfrun.perfcollector <> - eventId: g, skip parsing event_id
429 [22483600139968] INFO perfrun.perfcollector <> - Register was ignored: group_id: 1, reg_type: 1, event_id: 4294967295, reg_id: 390, reg_value: 700000003, pmu_name: cpu
429 [22483600139968] INFO perfrun.perfcollector <> - DRY_RUN: "reg_type       = 1	event_id       = g	reg_id         = 3f1	reg_value      = 0"
429 [22483600139968] INFO perfrun.perfcollector <> - eventId: g, skip parsing event_id
429 [22483600139968] INFO perfrun.perfcollector <> - Register was ignored: group_id: 1, reg_type: 1, event_id: 4294967295, reg_id: 3f1, reg_value: 0, pmu_name: cpu
429 [22483600139968] INFO perfrun.perfcollector <> - DRY_RUN: "reg_type       = 1	event_id       = g	reg_id         = 1d9	reg_value      = 1800"
429 [22483600139968] INFO perfrun.perfcollector <> - eventId: g, skip parsing event_id
429 [22483600139968] INFO perfrun.perfcollector <> - Register was ignored: group_id: 1, reg_type: 1, event_id: 4294967295, reg_id: 1d9, reg_value: 1800, pmu_name: cpu
429 [22483600139968] INFO perfrun.perfcollector <> - DRY_RUN: "reg_type       = 1	event_id       = g	reg_id         = 38d	reg_value      = bbb"
429 [22483600139968] INFO perfrun.perfcollector <> - eventId: g, skip parsing event_id
429 [22483600139968] INFO perfrun.perfcollector <> - Register was ignored: group_id: 1, reg_type: 1, event_id: 4294967295, reg_id: 38d, reg_value: bbb, pmu_name: cpu
429 [22483600139968] INFO perfrun.perfcollector <> - DRY_RUN: "reg_type       = 1	event_id       = 9	reg_id         = 186	reg_value      = 5304c7"
429 [22483600139968] INFO perfrun.perfcollector <> - Event selector: group_id: 1, reg_type: 1, event_id: 9, reg_id: 186, reg_value: 5304c7, pmu_name: cpu
429 [22483600139968] INFO perfrun.perfcollector <> - DRY_RUN: "reg_type       = 1	event_id       = 10	reg_id         = 187	reg_value      = 5310c7"
429 [22483600139968] INFO perfrun.perfcollector <> - Event selector: group_id: 1, reg_type: 1, event_id: 10, reg_id: 187, reg_value: 5310c7, pmu_name: cpu
429 [22483600139968] INFO perfrun.perfcollector <> - DRY_RUN: "ESCR"
429 [22483600139968] INFO perfrun.perfcollector <> - DRY_RUN: "reg_type       = 2	event_id       = g	reg_id         = 1c8	reg_value      = 0"
429 [22483600139968] INFO perfrun.perfcollector <> - eventId: g, skip parsing event_id
429 [22483600139968] INFO perfrun.perfcollector <> - DRY_RUN: "DATA"
429 [22483600139968] INFO perfrun.perfcollector <> - DRY_RUN: "reg_type       = 4	event_id       = 2	reg_id         = 309	reg_value      = ffffffdb6100"
429 [22483600139968] INFO perfrun.perfcollector <> - eventId: 2, dataAddr: 309, dataVal: ffffffdb6100
429 [22483600139968] INFO perfrun.perfcollector <> - DRY_RUN: "reg_type       = 4	event_id       = 0	reg_id         = 30a	reg_value      = ffffffe17b7d"
429 [22483600139968] INFO perfrun.perfcollector <> - eventId: 0, dataAddr: 30a, dataVal: ffffffe17b7d
429 [22483600139968] INFO perfrun.perfcollector <> - DRY_RUN: "reg_type       = 4	event_id       = 1	reg_id         = 30b	reg_value      = ffffffdb6100"
429 [22483600139968] INFO perfrun.perfcollector <> - eventId: 1, dataAddr: 30b, dataVal: ffffffdb6100
429 [22483600139968] INFO perfrun.perfcollector <> - DRY_RUN: "reg_type       = 4	event_id       = 9	reg_id         = c1	reg_value      = ffffffe17b7d"
429 [22483600139968] INFO perfrun.perfcollector <> - eventId: 9, dataAddr: c1, dataVal: ffffffe17b7d
429 [22483600139968] INFO perfrun.perfcollector <> - DRY_RUN: "reg_type       = 4	event_id       = 10	reg_id         = c2	reg_value      = ffffffe17b7d"
429 [22483600139968] INFO perfrun.perfcollector <> - eventId: 10, dataAddr: c2, dataVal: ffffffe17b7d
430 [22483600139968] INFO perfrun.perfcollector <> - event name: CPU_CLK_UNHALTED.THREAD
430 [22483600139968] INFO perfrun.perfcollector <> - pmu config: cpu
430 [22483600139968] INFO perfrun.perfcollector <> - cccrAddr: ffffffff, cccrValue: 0
430 [22483600139968] INFO perfrun.perfcollector <> - dataAddr: 30a, dataValue: ffffffffffe17b7d
430 [22483600139968] INFO perfrun.perfcollector <> - escrAddr: ffffffff, escrValue: 0
430 [22483600139968] INFO perfrun.perfcollector <> - extendedPebsValue: 0
430 [22483600139968] INFO perfrun.perfcollector <> - adaptivePebsAvailable: 0
430 [22483600139968] INFO perfrun.perfcollector <> - config: event: 3c
430 [22483600139968] INFO perfrun.perfcollector <> - config: pc: 0
430 [22483600139968] INFO perfrun.perfcollector <> - config: in_tx: 0
430 [22483600139968] INFO perfrun.perfcollector <> - config: edge: 0
430 [22483600139968] INFO perfrun.perfcollector <> - config: any: 0
430 [22483600139968] INFO perfrun.perfcollector <> - config1: offcore_rsp: 0
430 [22483600139968] INFO perfrun.perfcollector <> - config: in_tx_cp: 0
430 [22483600139968] INFO perfrun.perfcollector <> - config1: ldlat: 0
430 [22483600139968] INFO perfrun.perfcollector <> - config: inv: 0
430 [22483600139968] INFO perfrun.perfcollector <> - config: umask: 0
430 [22483600139968] INFO perfrun.perfcollector <> - config: cmask: 0
430 [22483600139968] INFO perfrun.perfcollector <> - format: cpu/event=0x3c,name='CPU_CLK_UNHALTED.THREAD'/D
430 [22483600139968] INFO perfrun.perfcollector <> - event name: CPU_CLK_UNHALTED.REF_TSC
430 [22483600139968] INFO perfrun.perfcollector <> - pmu config: cpu
430 [22483600139968] INFO perfrun.perfcollector <> - cccrAddr: ffffffff, cccrValue: 0
430 [22483600139968] INFO perfrun.perfcollector <> - dataAddr: 30b, dataValue: ffffffffffdb6100
430 [22483600139968] INFO perfrun.perfcollector <> - escrAddr: ffffffff, escrValue: 0
430 [22483600139968] INFO perfrun.perfcollector <> - extendedPebsValue: 0
430 [22483600139968] INFO perfrun.perfcollector <> - adaptivePebsAvailable: 0
430 [22483600139968] INFO perfrun.perfcollector <> - config: event: 0
430 [22483600139968] INFO perfrun.perfcollector <> - config: pc: 0
430 [22483600139968] INFO perfrun.perfcollector <> - config: in_tx: 0
430 [22483600139968] INFO perfrun.perfcollector <> - config: edge: 0
430 [22483600139968] INFO perfrun.perfcollector <> - config: any: 0
430 [22483600139968] INFO perfrun.perfcollector <> - config1: offcore_rsp: 0
430 [22483600139968] INFO perfrun.perfcollector <> - config: in_tx_cp: 0
430 [22483600139968] INFO perfrun.perfcollector <> - config1: ldlat: 0
430 [22483600139968] INFO perfrun.perfcollector <> - config: inv: 0
430 [22483600139968] INFO perfrun.perfcollector <> - config: umask: 3
430 [22483600139968] INFO perfrun.perfcollector <> - config: cmask: 0
430 [22483600139968] INFO perfrun.perfcollector <> - format: cpu/umask=0x3,name='CPU_CLK_UNHALTED.REF_TSC'/D
430 [22483600139968] INFO perfrun.perfcollector <> - event name: INST_RETIRED.ANY
430 [22483600139968] INFO perfrun.perfcollector <> - pmu config: cpu
430 [22483600139968] INFO perfrun.perfcollector <> - cccrAddr: ffffffff, cccrValue: 0
430 [22483600139968] INFO perfrun.perfcollector <> - dataAddr: 309, dataValue: ffffffffffdb6100
430 [22483600139968] INFO perfrun.perfcollector <> - escrAddr: ffffffff, escrValue: 0
430 [22483600139968] INFO perfrun.perfcollector <> - extendedPebsValue: 0
430 [22483600139968] INFO perfrun.perfcollector <> - adaptivePebsAvailable: 0
430 [22483600139968] INFO perfrun.perfcollector <> - config: event: c0
430 [22483600139968] INFO perfrun.perfcollector <> - config: pc: 0
430 [22483600139968] INFO perfrun.perfcollector <> - config: in_tx: 0
430 [22483600139968] INFO perfrun.perfcollector <> - config: edge: 0
430 [22483600139968] INFO perfrun.perfcollector <> - config: any: 0
430 [22483600139968] INFO perfrun.perfcollector <> - config1: offcore_rsp: 0
430 [22483600139968] INFO perfrun.perfcollector <> - config: in_tx_cp: 0
430 [22483600139968] INFO perfrun.perfcollector <> - config1: ldlat: 0
430 [22483600139968] INFO perfrun.perfcollector <> - config: inv: 0
430 [22483600139968] INFO perfrun.perfcollector <> - config: umask: 0
430 [22483600139968] INFO perfrun.perfcollector <> - config: cmask: 0
430 [22483600139968] INFO perfrun.perfcollector <> - format: cpu/event=0xc0,name='INST_RETIRED.ANY'/D
430 [22483600139968] INFO perfrun.perfcollector <> - event name: CPU_CLK_UNHALTED.REF_XCLK
430 [22483600139968] INFO perfrun.perfcollector <> - pmu config: cpu
430 [22483600139968] INFO perfrun.perfcollector <> - cccrAddr: 18a, cccrValue: 53013c
430 [22483600139968] INFO perfrun.perfcollector <> - dataAddr: c5, dataValue: fffffffffffe795d
430 [22483600139968] INFO perfrun.perfcollector <> - escrAddr: ffffffff, escrValue: 0
430 [22483600139968] INFO perfrun.perfcollector <> - extendedPebsValue: 0
430 [22483600139968] INFO perfrun.perfcollector <> - adaptivePebsAvailable: 0
430 [22483600139968] INFO perfrun.perfcollector <> - config: event: 3c
430 [22483600139968] INFO perfrun.perfcollector <> - config: pc: 0
430 [22483600139968] INFO perfrun.perfcollector <> - config: in_tx: 0
430 [22483600139968] INFO perfrun.perfcollector <> - config: edge: 0
430 [22483600139968] INFO perfrun.perfcollector <> - config: any: 0
430 [22483600139968] INFO perfrun.perfcollector <> - config1: offcore_rsp: 0
430 [22483600139968] INFO perfrun.perfcollector <> - config: in_tx_cp: 0
430 [22483600139968] INFO perfrun.perfcollector <> - config1: ldlat: 0
430 [22483600139968] INFO perfrun.perfcollector <> - config: inv: 0
430 [22483600139968] INFO perfrun.perfcollector <> - config: umask: 1
430 [22483600139968] INFO perfrun.perfcollector <> - config: cmask: 0
430 [22483600139968] INFO perfrun.perfcollector <> - format: cpu/event=0x3c,umask=0x1,name='CPU_CLK_UNHALTED.REF_XCLK'/
430 [22483600139968] INFO perfrun.perfcollector <> - event name: CPU_CLK_UNHALTED.ONE_THREAD_ACTIVE
430 [22483600139968] INFO perfrun.perfcollector <> - pmu config: cpu
430 [22483600139968] INFO perfrun.perfcollector <> - cccrAddr: 18b, cccrValue: 53023c
430 [22483600139968] INFO perfrun.perfcollector <> - dataAddr: c6, dataValue: fffffffffffe795d
430 [22483600139968] INFO perfrun.perfcollector <> - escrAddr: ffffffff, escrValue: 0
430 [22483600139968] INFO perfrun.perfcollector <> - extendedPebsValue: 0
430 [22483600139968] INFO perfrun.perfcollector <> - adaptivePebsAvailable: 0
430 [22483600139968] INFO perfrun.perfcollector <> - config: event: 3c
430 [22483600139968] INFO perfrun.perfcollector <> - config: pc: 0
430 [22483600139968] INFO perfrun.perfcollector <> - config: in_tx: 0
430 [22483600139968] INFO perfrun.perfcollector <> - config: edge: 0
430 [22483600139968] INFO perfrun.perfcollector <> - config: any: 0
430 [22483600139968] INFO perfrun.perfcollector <> - config1: offcore_rsp: 0
430 [22483600139968] INFO perfrun.perfcollector <> - config: in_tx_cp: 0
430 [22483600139968] INFO perfrun.perfcollector <> - config1: ldlat: 0
430 [22483600139968] INFO perfrun.perfcollector <> - config: inv: 0
430 [22483600139968] INFO perfrun.perfcollector <> - config: umask: 2
430 [22483600139968] INFO perfrun.perfcollector <> - config: cmask: 0
430 [22483600139968] INFO perfrun.perfcollector <> - format: cpu/event=0x3c,umask=0x2,name='CPU_CLK_UNHALTED.ONE_THREAD_ACTIVE'/
430 [22483600139968] INFO perfrun.perfcollector <> - event name: FP_ARITH_INST_RETIRED.SCALAR_SINGLE
430 [22483600139968] INFO perfrun.perfcollector <> - pmu config: cpu
430 [22483600139968] INFO perfrun.perfcollector <> - cccrAddr: 186, cccrValue: 5302c7
430 [22483600139968] INFO perfrun.perfcollector <> - dataAddr: c1, dataValue: ffffffffffe17b7d
430 [22483600139968] INFO perfrun.perfcollector <> - escrAddr: ffffffff, escrValue: 0
430 [22483600139968] INFO perfrun.perfcollector <> - extendedPebsValue: 0
430 [22483600139968] INFO perfrun.perfcollector <> - adaptivePebsAvailable: 0
430 [22483600139968] INFO perfrun.perfcollector <> - config: event: c7
430 [22483600139968] INFO perfrun.perfcollector <> - config: pc: 0
430 [22483600139968] INFO perfrun.perfcollector <> - config: in_tx: 0
430 [22483600139968] INFO perfrun.perfcollector <> - config: edge: 0
430 [22483600139968] INFO perfrun.perfcollector <> - config: any: 0
430 [22483600139968] INFO perfrun.perfcollector <> - config1: offcore_rsp: 0
430 [22483600139968] INFO perfrun.perfcollector <> - config: in_tx_cp: 0
430 [22483600139968] INFO perfrun.perfcollector <> - config1: ldlat: 0
430 [22483600139968] INFO perfrun.perfcollector <> - config: inv: 0
430 [22483600139968] INFO perfrun.perfcollector <> - config: umask: 2
430 [22483600139968] INFO perfrun.perfcollector <> - config: cmask: 0
430 [22483600139968] INFO perfrun.perfcollector <> - format: cpu/event=0xc7,umask=0x2,name='FP_ARITH_INST_RETIRED.SCALAR_SINGLE'/
430 [22483600139968] INFO perfrun.perfcollector <> - event name: FP_ARITH_INST_RETIRED.128B_PACKED_SINGLE
430 [22483600139968] INFO perfrun.perfcollector <> - pmu config: cpu
430 [22483600139968] INFO perfrun.perfcollector <> - cccrAddr: 187, cccrValue: 5308c7
430 [22483600139968] INFO perfrun.perfcollector <> - dataAddr: c2, dataValue: ffffffffffe17b7d
430 [22483600139968] INFO perfrun.perfcollector <> - escrAddr: ffffffff, escrValue: 0
430 [22483600139968] INFO perfrun.perfcollector <> - extendedPebsValue: 0
430 [22483600139968] INFO perfrun.perfcollector <> - adaptivePebsAvailable: 0
430 [22483600139968] INFO perfrun.perfcollector <> - config: event: c7
430 [22483600139968] INFO perfrun.perfcollector <> - config: pc: 0
430 [22483600139968] INFO perfrun.perfcollector <> - config: in_tx: 0
430 [22483600139968] INFO perfrun.perfcollector <> - config: edge: 0
430 [22483600139968] INFO perfrun.perfcollector <> - config: any: 0
430 [22483600139968] INFO perfrun.perfcollector <> - config1: offcore_rsp: 0
430 [22483600139968] INFO perfrun.perfcollector <> - config: in_tx_cp: 0
430 [22483600139968] INFO perfrun.perfcollector <> - config1: ldlat: 0
430 [22483600139968] INFO perfrun.perfcollector <> - config: inv: 0
430 [22483600139968] INFO perfrun.perfcollector <> - config: umask: 8
430 [22483600139968] INFO perfrun.perfcollector <> - config: cmask: 0
430 [22483600139968] INFO perfrun.perfcollector <> - format: cpu/event=0xc7,umask=0x8,name='FP_ARITH_INST_RETIRED.128B_PACKED_SINGLE'/
430 [22483600139968] INFO perfrun.perfcollector <> - event name: FP_ARITH_INST_RETIRED.256B_PACKED_SINGLE
430 [22483600139968] INFO perfrun.perfcollector <> - pmu config: cpu
430 [22483600139968] INFO perfrun.perfcollector <> - cccrAddr: 188, cccrValue: 5320c7
430 [22483600139968] INFO perfrun.perfcollector <> - dataAddr: c3, dataValue: ffffffffffe17b7d
430 [22483600139968] INFO perfrun.perfcollector <> - escrAddr: ffffffff, escrValue: 0
430 [22483600139968] INFO perfrun.perfcollector <> - extendedPebsValue: 0
430 [22483600139968] INFO perfrun.perfcollector <> - adaptivePebsAvailable: 0
430 [22483600139968] INFO perfrun.perfcollector <> - config: event: c7
430 [22483600139968] INFO perfrun.perfcollector <> - config: pc: 0
430 [22483600139968] INFO perfrun.perfcollector <> - config: in_tx: 0
430 [22483600139968] INFO perfrun.perfcollector <> - config: edge: 0
430 [22483600139968] INFO perfrun.perfcollector <> - config: any: 0
430 [22483600139968] INFO perfrun.perfcollector <> - config1: offcore_rsp: 0
430 [22483600139968] INFO perfrun.perfcollector <> - config: in_tx_cp: 0
430 [22483600139968] INFO perfrun.perfcollector <> - config1: ldlat: 0
430 [22483600139968] INFO perfrun.perfcollector <> - config: inv: 0
430 [22483600139968] INFO perfrun.perfcollector <> - config: umask: 20
430 [22483600139968] INFO perfrun.perfcollector <> - config: cmask: 0
430 [22483600139968] INFO perfrun.perfcollector <> - format: cpu/event=0xc7,umask=0x20,name='FP_ARITH_INST_RETIRED.256B_PACKED_SINGLE'/
430 [22483600139968] INFO perfrun.perfcollector <> - event name: FP_ARITH_INST_RETIRED.SCALAR_DOUBLE
430 [22483600139968] INFO perfrun.perfcollector <> - pmu config: cpu
430 [22483600139968] INFO perfrun.perfcollector <> - cccrAddr: 189, cccrValue: 5301c7
430 [22483600139968] INFO perfrun.perfcollector <> - dataAddr: c4, dataValue: ffffffffffe17b7d
430 [22483600139968] INFO perfrun.perfcollector <> - escrAddr: ffffffff, escrValue: 0
430 [22483600139968] INFO perfrun.perfcollector <> - extendedPebsValue: 0
430 [22483600139968] INFO perfrun.perfcollector <> - adaptivePebsAvailable: 0
430 [22483600139968] INFO perfrun.perfcollector <> - config: event: c7
430 [22483600139968] INFO perfrun.perfcollector <> - config: pc: 0
430 [22483600139968] INFO perfrun.perfcollector <> - config: in_tx: 0
430 [22483600139968] INFO perfrun.perfcollector <> - config: edge: 0
430 [22483600139968] INFO perfrun.perfcollector <> - config: any: 0
430 [22483600139968] INFO perfrun.perfcollector <> - config1: offcore_rsp: 0
430 [22483600139968] INFO perfrun.perfcollector <> - config: in_tx_cp: 0
430 [22483600139968] INFO perfrun.perfcollector <> - config1: ldlat: 0
430 [22483600139968] INFO perfrun.perfcollector <> - config: inv: 0
430 [22483600139968] INFO perfrun.perfcollector <> - config: umask: 1
430 [22483600139968] INFO perfrun.perfcollector <> - config: cmask: 0
430 [22483600139968] INFO perfrun.perfcollector <> - format: cpu/event=0xc7,umask=0x1,name='FP_ARITH_INST_RETIRED.SCALAR_DOUBLE'/
430 [22483600139968] INFO perfrun.perfcollector <> - event name: FP_ARITH_INST_RETIRED.128B_PACKED_DOUBLE
430 [22483600139968] INFO perfrun.perfcollector <> - pmu config: cpu
430 [22483600139968] INFO perfrun.perfcollector <> - cccrAddr: 186, cccrValue: 5304c7
430 [22483600139968] INFO perfrun.perfcollector <> - dataAddr: c1, dataValue: ffffffffffe17b7d
430 [22483600139968] INFO perfrun.perfcollector <> - escrAddr: ffffffff, escrValue: 0
430 [22483600139968] INFO perfrun.perfcollector <> - extendedPebsValue: 0
430 [22483600139968] INFO perfrun.perfcollector <> - adaptivePebsAvailable: 0
430 [22483600139968] INFO perfrun.perfcollector <> - config: event: c7
430 [22483600139968] INFO perfrun.perfcollector <> - config: pc: 0
430 [22483600139968] INFO perfrun.perfcollector <> - config: in_tx: 0
430 [22483600139968] INFO perfrun.perfcollector <> - config: edge: 0
430 [22483600139968] INFO perfrun.perfcollector <> - config: any: 0
430 [22483600139968] INFO perfrun.perfcollector <> - config1: offcore_rsp: 0
430 [22483600139968] INFO perfrun.perfcollector <> - config: in_tx_cp: 0
430 [22483600139968] INFO perfrun.perfcollector <> - config1: ldlat: 0
430 [22483600139968] INFO perfrun.perfcollector <> - config: inv: 0
430 [22483600139968] INFO perfrun.perfcollector <> - config: umask: 4
430 [22483600139968] INFO perfrun.perfcollector <> - config: cmask: 0
430 [22483600139968] INFO perfrun.perfcollector <> - format: cpu/event=0xc7,umask=0x4,name='FP_ARITH_INST_RETIRED.128B_PACKED_DOUBLE'/
430 [22483600139968] INFO perfrun.perfcollector <> - event name: FP_ARITH_INST_RETIRED.256B_PACKED_DOUBLE
430 [22483600139968] INFO perfrun.perfcollector <> - pmu config: cpu
430 [22483600139968] INFO perfrun.perfcollector <> - cccrAddr: 187, cccrValue: 5310c7
430 [22483600139968] INFO perfrun.perfcollector <> - dataAddr: c2, dataValue: ffffffffffe17b7d
430 [22483600139968] INFO perfrun.perfcollector <> - escrAddr: ffffffff, escrValue: 0
430 [22483600139968] INFO perfrun.perfcollector <> - extendedPebsValue: 0
430 [22483600139968] INFO perfrun.perfcollector <> - adaptivePebsAvailable: 0
430 [22483600139968] INFO perfrun.perfcollector <> - config: event: c7
430 [22483600139968] INFO perfrun.perfcollector <> - config: pc: 0
430 [22483600139968] INFO perfrun.perfcollector <> - config: in_tx: 0
430 [22483600139968] INFO perfrun.perfcollector <> - config: edge: 0
430 [22483600139968] INFO perfrun.perfcollector <> - config: any: 0
430 [22483600139968] INFO perfrun.perfcollector <> - config1: offcore_rsp: 0
430 [22483600139968] INFO perfrun.perfcollector <> - config: in_tx_cp: 0
430 [22483600139968] INFO perfrun.perfcollector <> - config1: ldlat: 0
430 [22483600139968] INFO perfrun.perfcollector <> - config: inv: 0
430 [22483600139968] INFO perfrun.perfcollector <> - config: umask: 10
430 [22483600139968] INFO perfrun.perfcollector <> - config: cmask: 0
430 [22483600139968] INFO perfrun.perfcollector <> - format: cpu/event=0xc7,umask=0x10,name='FP_ARITH_INST_RETIRED.256B_PACKED_DOUBLE'/
430 [22483600139968] INFO perfrun.perfcollector <> - event name: INST_RETIRED.X87
430 [22483600139968] INFO perfrun.perfcollector <> - pmu config: cpu
430 [22483600139968] INFO perfrun.perfcollector <> - cccrAddr: 18c, cccrValue: 5302c0
430 [22483600139968] INFO perfrun.perfcollector <> - dataAddr: c7, dataValue: ffffffffffe17b7d
430 [22483600139968] INFO perfrun.perfcollector <> - escrAddr: ffffffff, escrValue: 0
430 [22483600139968] INFO perfrun.perfcollector <> - extendedPebsValue: 0
430 [22483600139968] INFO perfrun.perfcollector <> - adaptivePebsAvailable: 0
430 [22483600139968] INFO perfrun.perfcollector <> - config: event: c0
430 [22483600139968] INFO perfrun.perfcollector <> - config: pc: 0
430 [22483600139968] INFO perfrun.perfcollector <> - config: in_tx: 0
430 [22483600139968] INFO perfrun.perfcollector <> - config: edge: 0
430 [22483600139968] INFO perfrun.perfcollector <> - config: any: 0
430 [22483600139968] INFO perfrun.perfcollector <> - config1: offcore_rsp: 0
430 [22483600139968] INFO perfrun.perfcollector <> - config: in_tx_cp: 0
430 [22483600139968] INFO perfrun.perfcollector <> - config1: ldlat: 0
430 [22483600139968] INFO perfrun.perfcollector <> - config: inv: 0
430 [22483600139968] INFO perfrun.perfcollector <> - config: umask: 2
430 [22483600139968] INFO perfrun.perfcollector <> - config: cmask: 0
430 [22483600139968] INFO perfrun.perfcollector <> - format: cpu/event=0xc0,umask=0x2,name='INST_RETIRED.X87'/
430 [22483600139968] INFO perfrun.perfcollector <> - event name: UOPS_RETIRED.RETIRE_SLOTS
430 [22483600139968] INFO perfrun.perfcollector <> - pmu config: cpu
430 [22483600139968] INFO perfrun.perfcollector <> - cccrAddr: 18d, cccrValue: 5302c2
430 [22483600139968] INFO perfrun.perfcollector <> - dataAddr: c8, dataValue: ffffffffffe17b7d
430 [22483600139968] INFO perfrun.perfcollector <> - escrAddr: ffffffff, escrValue: 0
430 [22483600139968] INFO perfrun.perfcollector <> - extendedPebsValue: 0
430 [22483600139968] INFO perfrun.perfcollector <> - adaptivePebsAvailable: 0
430 [22483600139968] INFO perfrun.perfcollector <> - config: event: c2
430 [22483600139968] INFO perfrun.perfcollector <> - config: pc: 0
430 [22483600139968] INFO perfrun.perfcollector <> - config: in_tx: 0
430 [22483600139968] INFO perfrun.perfcollector <> - config: edge: 0
430 [22483600139968] INFO perfrun.perfcollector <> - config: any: 0
430 [22483600139968] INFO perfrun.perfcollector <> - config1: offcore_rsp: 0
430 [22483600139968] INFO perfrun.perfcollector <> - config: in_tx_cp: 0
430 [22483600139968] INFO perfrun.perfcollector <> - config1: ldlat: 0
430 [22483600139968] INFO perfrun.perfcollector <> - config: inv: 0
430 [22483600139968] INFO perfrun.perfcollector <> - config: umask: 2
430 [22483600139968] INFO perfrun.perfcollector <> - config: cmask: 0
430 [22483600139968] INFO perfrun.perfcollector <> - format: cpu/event=0xc2,umask=0x2,name='UOPS_RETIRED.RETIRE_SLOTS'/
430 [22483600139968] INFO perfrun.perfcollector <> - event: cpu/event=0x3c,name='CPU_CLK_UNHALTED.THREAD'/Duk, added for counting
430 [22483600139968] INFO perfrun.perfcollector <> - event: cpu/umask=0x3,name='CPU_CLK_UNHALTED.REF_TSC'/Duk, added for counting
430 [22483600139968] INFO perfrun.perfcollector <> - event: cpu/event=0xc0,name='INST_RETIRED.ANY'/Duk, added for counting
430 [22483600139968] INFO perfrun.perfcollector <> - event: cpu/event=0x3c,umask=0x1,name='CPU_CLK_UNHALTED.REF_XCLK'/uk, added for counting
430 [22483600139968] INFO perfrun.perfcollector <> - event: cpu/event=0x3c,umask=0x2,name='CPU_CLK_UNHALTED.ONE_THREAD_ACTIVE'/uk, added for counting
430 [22483600139968] INFO perfrun.perfcollector <> - event: cpu/event=0xc7,umask=0x2,name='FP_ARITH_INST_RETIRED.SCALAR_SINGLE'/uk, added for counting
430 [22483600139968] INFO perfrun.perfcollector <> - event: cpu/event=0xc7,umask=0x8,name='FP_ARITH_INST_RETIRED.128B_PACKED_SINGLE'/uk, added for counting
430 [22483600139968] INFO perfrun.perfcollector <> - event: cpu/event=0xc7,umask=0x20,name='FP_ARITH_INST_RETIRED.256B_PACKED_SINGLE'/uk, added for counting
430 [22483600139968] INFO perfrun.perfcollector <> - event: cpu/event=0xc7,umask=0x1,name='FP_ARITH_INST_RETIRED.SCALAR_DOUBLE'/uk, added for counting
430 [22483600139968] INFO perfrun.perfcollector <> - event: cpu/event=0xc7,umask=0x4,name='FP_ARITH_INST_RETIRED.128B_PACKED_DOUBLE'/uk, added for counting
430 [22483600139968] INFO perfrun.perfcollector <> - event: cpu/event=0xc7,umask=0x10,name='FP_ARITH_INST_RETIRED.256B_PACKED_DOUBLE'/uk, added for counting
430 [22483600139968] INFO perfrun.perfcollector <> - event: cpu/event=0xc0,umask=0x2,name='INST_RETIRED.X87'/uk, added for counting
430 [22483600139968] INFO perfrun.perfcollector <> - event: cpu/event=0xc2,umask=0x2,name='UOPS_RETIRED.RETIRE_SLOTS'/uk, added for counting
430 [22483600139968] INFO perfrun.perfcollector <> - attaching to pid: 4294967295, collect mode: 1, rc modes: 3
446 [22483590371008] WARN perfrun.perfcollector <> - Perf stat trace pipe capacity: read = 1048576, write = 1048576, at file: vcs/perfrun1/plugins/perfcollector/src/profiler.cpp:765
456 [22483590371008] INFO perfrun.sdk <> - runCmd: /opt/intel/oneapi/vtune/2023.1.0/bin64/amplxe-perf stat -v --log-fd 10 --scale -x ; -e cpu/event=0x3c,name='CPU_CLK_UNHALTED.THREAD'/Duk,cpu/umask=0x3,name='CPU_CLK_UNHALTED.REF_TSC'/Duk,cpu/event=0xc0,name='INST_RETIRED.ANY'/Duk,cpu/event=0x3c,umask=0x1,name='CPU_CLK_UNHALTED.REF_XCLK'/uk,cpu/event=0x3c,umask=0x2,name='CPU_CLK_UNHALTED.ONE_THREAD_ACTIVE'/uk,cpu/event=0xc7,umask=0x2,name='FP_ARITH_INST_RETIRED.SCALAR_SINGLE'/uk,cpu/event=0xc7,umask=0x8,name='FP_ARITH_INST_RETIRED.128B_PACKED_SINGLE'/uk,cpu/event=0xc7,umask=0x20,name='FP_ARITH_INST_RETIRED.256B_PACKED_SINGLE'/uk,cpu/event=0xc7,umask=0x1,name='FP_ARITH_INST_RETIRED.SCALAR_DOUBLE'/uk,cpu/event=0xc7,umask=0x4,name='FP_ARITH_INST_RETIRED.128B_PACKED_DOUBLE'/uk,cpu/event=0xc7,umask=0x10,name='FP_ARITH_INST_RETIRED.256B_PACKED_DOUBLE'/uk,cpu/event=0xc0,umask=0x2,name='INST_RETIRED.X87'/uk,cpu/event=0xc2,umask=0x2,name='UOPS_RETIRED.RETIRE_SLOTS'/uk /opt/intel/oneapi/vtune/2023.1.0/bin64/amplxe-perf-sync dryrun sys
457 [22483590371008] INFO perfrun.sdk <> - runCmd started PID 3362869
664 [22483590371008] INFO perfrun.perfcollector <> - Monitor: runCmd RC = true
667 [22483600139968] INFO perfrun.launcher <> - plugin [aoclprofile] was disabled because it doesn't support the given collection type.
667 [22483600139968] INFO perfrun.tpss <> - initialize tpss controller
667 [22483600139968] INFO perfrun.tpss <> - configure collection mode: value = cpu:counters:nostack
667 [22483600139968] INFO perfrun.tpss <> - configure collection mode: value = cpu:stack
667 [22483600139968] INFO perfrun.tpss <> - default obj-size-min=1024
667 [22483600139968] INFO perfrun.tpss <> - default hash-table-size=0
667 [22483600139968] INFO perfrun.launcher <> - plugin [media] was disabled because it doesn't support the given collection type.
667 [22483600139968] INFO perfrun.launcher <> - plugin [] was disabled because it doesn't support the given collection type.
667 [22483600139968] INFO perfrun.launcher <> - plugin [] was disabled because it doesn't support the given collection type.
667 [22483600139968] INFO perfrun.launcher <> - plugin [parallelfs] was disabled because it doesn't support the given collection type.
667 [22483600139968] INFO perfrun.launcher <> - plugin [power] was disabled because it doesn't support the given collection type.
667 [22483600139968] INFO perfrun.launcher <> - plugin [hwloc] was disabled because it doesn't support the given collection type.
667 [22483600139968] INFO perfrun.launcher <> - plugin [ipmwatch] was disabled because it doesn't support the given collection type.
667 [22483600139968] INFO perfrun.launcher <> - plugin [os_counters] was disabled because it doesn't support the given collection type.
667 [22483600139968] INFO perfrun.launcher <> - plugin [l0_metrics] was disabled because it doesn't support the given collection type.
668 [22483743897472] INFO perfrun.launcher <> - set environment variable: LD_LIBRARY_PATH = /opt/intel/oneapi/vtune/2023.1.0/lib32/runtime:/opt/intel/oneapi/vtune/2023.1.0/lib64/runtime:/opt/intel/oneapi/tbb/2021.5.1/env/../lib/intel64/gcc4.8:/opt/intel/oneapi/mpi/2021.5.1//libfabric/lib:/opt/intel/oneapi/mpi/2021.5.1//lib/release:/opt/intel/oneapi/mpi/2021.5.1//lib:/opt/intel/oneapi/mkl/2022.0.2/lib/intel64:/opt/intel/oneapi/itac/2021.5.0/slib:/opt/intel/oneapi/debugger/2021.5.0/gdb/intel64/lib:/opt/intel/oneapi/debugger/2021.5.0/libipt/intel64/lib:/opt/intel/oneapi/debugger/2021.5.0/dep/lib:/opt/intel/oneapi/compiler/2022.0.2/linux/lib:/opt/intel/oneapi/compiler/2022.0.2/linux/lib/x64:/opt/intel/oneapi/compiler/2022.0.2/linux/lib/oclfpga/host/linux64/lib:/opt/intel/oneapi/compiler/2022.0.2/linux/compiler/lib/intel64_lin
668 [22483743897472] INFO perfrun.launcher <> - set environment variable: INTEL_LIBITTNOTIFY32 = /opt/intel/oneapi/vtune/2023.1.0/lib32/runtime/libittnotify_collector.so
668 [22483743897472] INFO perfrun.launcher <> - set environment variable: INTEL_LIBITTNOTIFY64 = /opt/intel/oneapi/vtune/2023.1.0/lib64/runtime/libittnotify_collector.so
668 [22483743897472] INFO perfrun.launcher <> - set environment variable: INTEL_ITTNOTIFY_GROUPS = 
668 [22483743897472] INFO perfrun.launcher <> - set environment variable: INTEL_JIT_PROFILER32 = /opt/intel/oneapi/vtune/2023.1.0/lib32/runtime/libittnotify_collector.so
668 [22483743897472] INFO perfrun.launcher <> - set environment variable: INTEL_JIT_PROFILER64 = /opt/intel/oneapi/vtune/2023.1.0/lib64/runtime/libittnotify_collector.so
668 [22483743897472] INFO perfrun.launcher <> - set environment variable: OMP_TOOL_LIBRARIES = /opt/intel/oneapi/vtune/2023.1.0/lib32/runtime/libittnotify_collector.so:/opt/intel/oneapi/vtune/2023.1.0/lib64/runtime/libittnotify_collector.so
668 [22483743897472] INFO perfrun.launcher <> - set environment variable: ENABLE_JITPROFILING = 1
668 [22483743897472] INFO perfrun.launcher <> - set environment variable: CL_CONFIG_USE_VTUNE = True
668 [22483743897472] INFO perfrun.launcher <> - set environment variable: LD_PRELOAD = libittnotify_collector.so:
668 [22483743897472] INFO perfrun.launcher <> - set environment variable: KMP_FORKJOIN_FRAMES = 0
668 [22483743897472] INFO perfrun.launcher <> - set environment variable: KMP_FORKJOIN_FRAMES_MODE = 0
668 [22483743897472] INFO perfrun.launcher <> - set environment variable: OMP_TOOL = disabled
668 [22483743897472] INFO perfrun.launcher <> - set environment variable: INTEL_MRTE_DATA_DIR = /home/course/hpc/users/2022012388/exp8/vtune_result.conv4/data.4
668 [22483743897472] INFO perfrun.launcher <> - set environment variable: INTEL_MRTE_HOST_NAME = conv4
668 [22483743897472] INFO perfrun.launcher <> - set environment variable: JAVA_TOOL_OPTIONS = -agentlib:amplxe_tpssmrte_javaprof_1.0 -Dsun.boot.library.path=/opt/intel/oneapi/vtune/2023.1.0/lib32/runtime:/opt/intel/oneapi/vtune/2023.1.0/lib64/runtime
668 [22483743897472] INFO perfrun.launcher <> - set environment variable: LD_LIBRARY_PATH = /opt/intel/oneapi/vtune/2023.1.0/lib32/runtime:/opt/intel/oneapi/vtune/2023.1.0/lib64/runtime:/opt/intel/oneapi/tbb/2021.5.1/env/../lib/intel64/gcc4.8:/opt/intel/oneapi/mpi/2021.5.1//libfabric/lib:/opt/intel/oneapi/mpi/2021.5.1//lib/release:/opt/intel/oneapi/mpi/2021.5.1//lib:/opt/intel/oneapi/mkl/2022.0.2/lib/intel64:/opt/intel/oneapi/itac/2021.5.0/slib:/opt/intel/oneapi/debugger/2021.5.0/gdb/intel64/lib:/opt/intel/oneapi/debugger/2021.5.0/libipt/intel64/lib:/opt/intel/oneapi/debugger/2021.5.0/dep/lib:/opt/intel/oneapi/compiler/2022.0.2/linux/lib:/opt/intel/oneapi/compiler/2022.0.2/linux/lib/x64:/opt/intel/oneapi/compiler/2022.0.2/linux/lib/oclfpga/host/linux64/lib:/opt/intel/oneapi/compiler/2022.0.2/linux/compiler/lib/intel64_lin
668 [22483743897472] INFO perfrun.launcher <> - set environment variable: CORECLR_ENABLE_PROFILING = 1
668 [22483743897472] INFO perfrun.launcher <> - set environment variable: CORECLR_PROFILER = {AA5E4821-E3B1-479c-B7FF-5AD047D22CED}
668 [22483743897472] INFO perfrun.launcher <> - set environment variable: CORECLR_PROFILER_PATH = /opt/intel/oneapi/vtune/2023.1.0/lib64/libamplxe_samplingmrte_clrprof_1.0.so
668 [22483743897472] INFO perfrun.launcher <> - set environment variable: INTEL_MRTE_PROFILER_MODE = mixed
668 [22483743897472] INFO perfrun.launcher <> - RpcServer: run RPC server to handle requests
671 [22483743897472] INFO perfrun.launcher <> - Launcher: command line to start before modification = ./main 2022012388
671 [22483743897472] INFO perfrun.launcher <> - Launcher: command line to start after modification = /opt/intel/oneapi/vtune/2023.1.0/bin64/pin -error_file /home/course/hpc/users/2022012388/exp8/vtune_result.conv4/data.4/pinerr.tpsslog -detach_reattach -follow_execv -tool_load_option deepbind -t64 /opt/intel/oneapi/vtune/2023.1.0/lib64/libtpsstool.so -t /opt/intel/oneapi/vtune/2023.1.0/lib32/libtpsstool.so -server_name tpss_ipc.3362669 -prd_dir /opt/intel/oneapi/vtune/2023.1.0 -- ./main 2022012388
1072 [22483743897472] INFO perfrun.launcher <> - ProcessCreator object was created
1074 [22483743897472] INFO perfrun.launcher <> - Launcher: the process was started in suspend mode
1078 [22483600139968] WARN perfrun.system <> - Could not do anything with /sys/kernel/debug/kvm: boost::filesystem::status: Permission denied: "/sys/kernel/debug/kvm", at file: vcs/perfrun1/plugins/system/src/trace_writer.cpp:787
1078 [22483600139968] WARN perfrun.system <> - Folder "/var/run/libvirt/qemu/"doesn't exist, at file: vcs/perfrun1/plugins/system/src/trace_writer.cpp:800
1078 [22483600139968] INFO perfrun.itt <> - start itt controller for pid #3363001
1078 [22483600139968] INFO perfrun.perfcollector <> - attaching to pid: 3363001, collect mode: 1, rc modes: 1
1092 [22483584067264] WARN perfrun.perfcollector <> - Perf stat trace pipe capacity: read = 1048576, write = 1048576, at file: vcs/perfrun1/plugins/perfcollector/src/profiler.cpp:765
1101 [22483584067264] INFO perfrun.sdk <> - runCmd: /opt/intel/oneapi/vtune/2023.1.0/bin64/amplxe-perf stat -v --log-fd 22 --control=fd:23,26 --scale -x ; -p 3363001 -e cpu/event=0x3c,name='CPU_CLK_UNHALTED.THREAD'/Duk,cpu/umask=0x3,name='CPU_CLK_UNHALTED.REF_TSC'/Duk,cpu/event=0xc0,name='INST_RETIRED.ANY'/Duk,cpu/event=0x3c,umask=0x1,name='CPU_CLK_UNHALTED.REF_XCLK'/uk,cpu/event=0x3c,umask=0x2,name='CPU_CLK_UNHALTED.ONE_THREAD_ACTIVE'/uk,cpu/event=0xc7,umask=0x2,name='FP_ARITH_INST_RETIRED.SCALAR_SINGLE'/uk,cpu/event=0xc7,umask=0x8,name='FP_ARITH_INST_RETIRED.128B_PACKED_SINGLE'/uk,cpu/event=0xc7,umask=0x20,name='FP_ARITH_INST_RETIRED.256B_PACKED_SINGLE'/uk,cpu/event=0xc7,umask=0x1,name='FP_ARITH_INST_RETIRED.SCALAR_DOUBLE'/uk,cpu/event=0xc7,umask=0x4,name='FP_ARITH_INST_RETIRED.128B_PACKED_DOUBLE'/uk,cpu/event=0xc7,umask=0x10,name='FP_ARITH_INST_RETIRED.256B_PACKED_DOUBLE'/uk,cpu/event=0xc0,umask=0x2,name='INST_RETIRED.X87'/uk,cpu/event=0xc2,umask=0x2,name='UOPS_RETIRED.RETIRE_SLOTS'/uk /opt/intel/oneapi/vtune/2023.1.0/bin64/amplxe-perf-sync sync sys
1102 [22483584067264] INFO perfrun.sdk <> - runCmd started PID 3363089
1274 [22483600139968] INFO perfrun.tpss <> - start tpss controller for pid #3363001
1326 [22483743897472] INFO perfrun.launcher <> - Launcher: all plugins were started
1326 [22483743897472] INFO perfrun.launcher <> - DirectoryMonitor object was created
1326 [22483743897472] INFO perfrun.launcher <> - DirectoryMonitor: a callback was added
1326 [22483743897472] INFO perfrun.launcher <> - DirectoryMonitor was started with pingTime = 1000
1326 [22483743897472] INFO perfrun.launcher <> - DeadlineTimer is going to be constructed
1326 [22483743897472] INFO perfrun.launcher <> - DeadlineTimer: a callback was added
1328 [22483743897472] INFO perfrun.launcher <> - Launcher: resume the profiled application and  wait its termination or stop command
3355 [22483743897472] INFO perfrun.launcher <> - Launcher: the profiled application was terminated  with exit code = 139
3549 [22483600139968] INFO perfrun.itt <> - detach itt controller
3549 [22483600139968] INFO perfrun.itt <> - detach itt controller done
3550 [22483584067264] INFO perfrun.perfcollector <> - Monitor: runCmd RC = true
3551 [22483600139968] INFO perfrun.perfcollector <> - Monitor: state = 3, error = 1
3553 [22483600139968] INFO perfrun.tpss <> - stop tpss controller
3557 [22483600139968] INFO perfrun.sdk <> - De-allocating TMU: /home/course/hpc/users/2022012388/exp8/vtune_result.conv4/data.4/systemcollector-3362669-conv4.sc
3557 [22483600139968] INFO perfrun.system <> - closed the system trace file: /home/course/hpc/users/2022012388/exp8/vtune_result.conv4/data.4/systemcollector-3362669-conv4.sc
3557 [22483743897472] INFO perfrun.launcher <> - Launcher: all plugins were stopped.
3557 [22483743897472] INFO perfrun.launcher <> - DeadlineTimer is going to be destroyed
3557 [22483743897472] INFO perfrun.launcher <> - DeadlineTimer was destroyed
3557 [22483743897472] INFO perfrun.launcher <> - DirectoryMonitor object was destroyed
3557 [22483743897472] WARN perfrun.launcher <> - Stop command is ignored because it is received when collection is already stopped, at file: vcs/perfrun1/launcher/src/command_handler.cpp:226
3562 [22483743897472] INFO perfrun.launcher <> - Application exit code: 139
3562 [22483743897472] INFO perfrun.launcher <> - Exit code: 4
