13 [22560586950528] INFO perfrun.launcher <> - Launcher main begin
15 [22560586950528] INFO perfrun.launcher <> - MessageCatalogInit finished
15 [22560586950528] INFO perfrun.launcher <> - Launcher instance created
15 [22560586950528] INFO perfrun.launcher <> - argc = 7; cmdline = /opt/intel/oneapi/vtune/2023.1.0/bin64/amplxe-runss --ui-output-format xml --ui-output-fd 5 --option-file /home/course/hpc/users/2022012388/exp8/vtune_result.conv4/config/runss.options.5 
120 [22560586950528] INFO perfrun.launcher <> - create msngr2::ICliToolContext
121 [22560586950528] INFO perfrun.launcher <> - create file finder object
121 [22560586950528] INFO perfrun.launcher <> - create a result directory: pattern = /home/course/hpc/users/2022012388/exp8/vtune_result.conv4 pid = 4294967295
125 [22560586950528] INFO perfrun.sdk <> - checked that the directory /home/course/hpc/users/2022012388/exp8/vtune_result.conv4 is a local directory
125 [22560586950528] INFO perfrun.sdk <> - the directory /home/course/hpc/users/2022012388/exp8/vtune_result.conv4 is located on a share or its FS ID is unknown 26985
125 [22560586950528] INFO perfrun.sdk <> - checked that the directory /tmp/amplxe-tmp-2022012388 is a local directory
125 [22560586950528] INFO perfrun.sdk <> - the directory /tmp/amplxe-tmp-2022012388 is located on a share or its FS ID is unknown 2035054128
128 [22560586950528] INFO perfrun.launcher <> - create data directory = /home/course/hpc/users/2022012388/exp8/vtune_result.conv4/data.6
131 [22560586950528] INFO perfrun.launcher <> - Creating the master collection flag
131 [22560586950528] INFO perfrun.launcher <> - Done creating the master collection flag
134 [22560443983552] INFO perfrun.launcher <> - plugin [remoteplug] was disabled because it doesn't support the given collection type.
134 [22560443983552] INFO perfrun.sdk <> - Allocating TMU :/home/course/hpc/users/2022012388/exp8/vtune_result.conv4/data.6/systemcollector-3362678-conv4.sc
137 [22560443983552] INFO perfrun.launcher <> - plugin [vdso] was disabled because it doesn't support the given collection type.
137 [22560443983552] INFO perfrun.launcher <> - plugin [ptracecollector] was disabled because it doesn't support the given collection type.
137 [22560443983552] INFO perfrun.launcher <> - plugin [gpu] was disabled because it doesn't support the given collection type.
137 [22560443983552] INFO perfrun.launcher <> - plugin [] was disabled because it doesn't support the given collection type.
137 [22560443983552] INFO perfrun.launcher <> - plugin [] was disabled because it doesn't support the given collection type.
137 [22560443983552] INFO perfrun.launcher <> - plugin [] was disabled because it doesn't support the given collection type.
137 [22560443983552] INFO perfrun.mrte <> - system-wide mode is 0
137 [22560443983552] INFO perfrun.mrte <> - Getting  mrte profiling environment ...
202 [22560443983552] INFO perfrun.mrte <> - INTEL_MRTE_DATA_DIR=/home/course/hpc/users/2022012388/exp8/vtune_result.conv4/data.6
202 [22560443983552] INFO perfrun.mrte <> - INTEL_MRTE_HOST_NAME=conv4
202 [22560443983552] INFO perfrun.mrte <> - JAVA_TOOL_OPTIONS=-agentlib:amplxe_tpssmrte_javaprof_1.0 -Dsun.boot.library.path=/opt/intel/oneapi/vtune/2023.1.0/lib32/runtime:/opt/intel/oneapi/vtune/2023.1.0/lib64/runtime
202 [22560443983552] INFO perfrun.mrte <> - LD_LIBRARY_PATH=/opt/intel/oneapi/vtune/2023.1.0/lib32/runtime:/opt/intel/oneapi/vtune/2023.1.0/lib64/runtime:/opt/intel/oneapi/tbb/2021.5.1/env/../lib/intel64/gcc4.8:/opt/intel/oneapi/mpi/2021.5.1//libfabric/lib:/opt/intel/oneapi/mpi/2021.5.1//lib/release:/opt/intel/oneapi/mpi/2021.5.1//lib:/opt/intel/oneapi/mkl/2022.0.2/lib/intel64:/opt/intel/oneapi/itac/2021.5.0/slib:/opt/intel/oneapi/debugger/2021.5.0/gdb/intel64/lib:/opt/intel/oneapi/debugger/2021.5.0/libipt/intel64/lib:/opt/intel/oneapi/debugger/2021.5.0/dep/lib:/opt/intel/oneapi/compiler/2022.0.2/linux/lib:/opt/intel/oneapi/compiler/2022.0.2/linux/lib/x64:/opt/intel/oneapi/compiler/2022.0.2/linux/lib/oclfpga/host/linux64/lib:/opt/intel/oneapi/compiler/2022.0.2/linux/compiler/lib/intel64_lin
202 [22560443983552] INFO perfrun.mrte <> - CORECLR_ENABLE_PROFILING=1
202 [22560443983552] INFO perfrun.mrte <> - CORECLR_PROFILER={AA5E4821-E3B1-479c-B7FF-5AD047D22CED}
202 [22560443983552] INFO perfrun.mrte <> - CORECLR_PROFILER_PATH=/opt/intel/oneapi/vtune/2023.1.0/lib64/libamplxe_samplingmrte_clrprof_1.0.so
202 [22560443983552] INFO perfrun.mrte <> - INTEL_MRTE_PROFILER_MODE=mixed
202 [22560443983552] INFO perfrun.mrte <> - Data directory: /home/course/hpc/users/2022012388/exp8/vtune_result.conv4/data.6
202 [22560443983552] INFO perfrun.mrte <> - Mrte plugin is initialized
202 [22560443983552] INFO perfrun.launcher <> - plugin [emon] was disabled because it doesn't support the given collection type.
202 [22560443983552] INFO perfrun.launcher <> - plugin [cuscol] was disabled because it doesn't support the given collection type.
202 [22560443983552] INFO perfrun.launcher <> - plugin [stdsrc] was disabled because it doesn't support the given collection type.
202 [22560443983552] INFO perfrun.launcher <> - plugin [sep] was disabled because it doesn't support the given collection type.
202 [22560443983552] INFO perfrun.launcher <> - plugin [vtsspp] was disabled because it doesn't support the given collection type.
202 [22560443983552] INFO perfrun.sdk <> - Reading value (0) from file: /proc/sys/kernel/perf_event_paranoid
202 [22560443983552] INFO perfrun.perfcollector <> - checking access to: /opt/intel/oneapi/vtune/2023.1.0/bin64/amplxe-perf-priv
205 [22560443983552] INFO perfrun.perfcollector <> - cpu: family = 6 model = 79
205 [22560443983552] INFO perfrun.perfcollector <> - dir found: /sys/bus/event_source/devices/software
205 [22560443983552] INFO perfrun.perfcollector <> - format: pmu format subdir doesn't exist
205 [22560443983552] INFO perfrun.perfcollector <> - hwInfo: not set, pmuFam: software
206 [22560443983552] INFO perfrun.perfcollector <> - pmu added: family: software, id: 0
206 [22560443983552] INFO perfrun.perfcollector <> - dir found: /sys/bus/event_source/devices/uncore_imc_5
206 [22560443983552] INFO perfrun.perfcollector <> - format: event config:0-7 mask:0-7
207 [22560443983552] INFO perfrun.perfcollector <> - format: edge config:18 mask:18
207 [22560443983552] INFO perfrun.perfcollector <> - format: inv config:23 mask:23
207 [22560443983552] INFO perfrun.perfcollector <> - format: umask config:8-15 mask:8-15
207 [22560443983552] INFO perfrun.perfcollector <> - format: thresh config:24-31 mask:24-31
207 [22560443983552] INFO perfrun.perfcollector <> - hwInfo: PERF_IMC_PMU_DETAILS
208 [22560443983552] INFO perfrun.perfcollector <> - pmu added: family: uncore_imc, id: 5
208 [22560443983552] INFO perfrun.perfcollector <> - dir found: /sys/bus/event_source/devices/uncore_sbox_2
208 [22560443983552] INFO perfrun.perfcollector <> - format: event config:0-7 mask:0-7
209 [22560443983552] INFO perfrun.perfcollector <> - format: edge config:18 mask:18
209 [22560443983552] INFO perfrun.perfcollector <> - format: inv config:23 mask:23
209 [22560443983552] INFO perfrun.perfcollector <> - format: umask config:8-15 mask:8-15
210 [22560443983552] INFO perfrun.perfcollector <> - format: tid_en config:19 mask:19
210 [22560443983552] INFO perfrun.perfcollector <> - format: thresh config:24-31 mask:24-31
210 [22560443983552] INFO perfrun.perfcollector <> - hwInfo: not set, pmuFam: uncore_sbox
210 [22560443983552] INFO perfrun.perfcollector <> - pmu added: family: uncore_sbox, id: 2
210 [22560443983552] INFO perfrun.perfcollector <> - dir found: /sys/bus/event_source/devices/uncore_cbox_8
211 [22560443983552] INFO perfrun.perfcollector <> - format: event config:0-7 mask:0-7
211 [22560443983552] INFO perfrun.perfcollector <> - format: filter_link config1:6-8 mask:6-8
211 [22560443983552] INFO perfrun.perfcollector <> - format: filter_c6 config1:61 mask:61
212 [22560443983552] INFO perfrun.perfcollector <> - format: edge config:18 mask:18
212 [22560443983552] INFO perfrun.perfcollector <> - format: filter_isoc config1:63 mask:63
212 [22560443983552] INFO perfrun.perfcollector <> - format: filter_tid config1:0-5 mask:0-5
213 [22560443983552] INFO perfrun.perfcollector <> - format: filter_nid config1:32-47 mask:32-47
213 [22560443983552] INFO perfrun.perfcollector <> - format: filter_nc config1:62 mask:62
213 [22560443983552] INFO perfrun.perfcollector <> - format: umask config:8-15 mask:8-15
213 [22560443983552] INFO perfrun.perfcollector <> - format: tid_en config:19 mask:19
214 [22560443983552] INFO perfrun.perfcollector <> - format: thresh config:24-31 mask:24-31
214 [22560443983552] INFO perfrun.perfcollector <> - format: filter_state config1:17-23 mask:17-23
214 [22560443983552] INFO perfrun.perfcollector <> - format: filter_opc config1:52-60 mask:52-60
214 [22560443983552] INFO perfrun.perfcollector <> - hwInfo: PERF_CBOX_PMU_DETAILS
215 [22560443983552] INFO perfrun.perfcollector <> - pmu added: family: uncore_cbox, id: 8
215 [22560443983552] INFO perfrun.perfcollector <> - dir found: /sys/bus/event_source/devices/uncore_cbox_13
215 [22560443983552] INFO perfrun.perfcollector <> - format: event config:0-7 mask:0-7
216 [22560443983552] INFO perfrun.perfcollector <> - format: filter_link config1:6-8 mask:6-8
216 [22560443983552] INFO perfrun.perfcollector <> - format: filter_c6 config1:61 mask:61
216 [22560443983552] INFO perfrun.perfcollector <> - format: edge config:18 mask:18
216 [22560443983552] INFO perfrun.perfcollector <> - format: filter_isoc config1:63 mask:63
217 [22560443983552] INFO perfrun.perfcollector <> - format: filter_tid config1:0-5 mask:0-5
217 [22560443983552] INFO perfrun.perfcollector <> - format: filter_nid config1:32-47 mask:32-47
217 [22560443983552] INFO perfrun.perfcollector <> - format: filter_nc config1:62 mask:62
217 [22560443983552] INFO perfrun.perfcollector <> - format: umask config:8-15 mask:8-15
218 [22560443983552] INFO perfrun.perfcollector <> - format: tid_en config:19 mask:19
218 [22560443983552] INFO perfrun.perfcollector <> - format: thresh config:24-31 mask:24-31
218 [22560443983552] INFO perfrun.perfcollector <> - format: filter_state config1:17-23 mask:17-23
218 [22560443983552] INFO perfrun.perfcollector <> - format: filter_opc config1:52-60 mask:52-60
218 [22560443983552] INFO perfrun.perfcollector <> - hwInfo: PERF_CBOX_PMU_DETAILS
219 [22560443983552] INFO perfrun.perfcollector <> - pmu added: family: uncore_cbox, id: 13
219 [22560443983552] INFO perfrun.perfcollector <> - dir found: /sys/bus/event_source/devices/uncore_r2pcie
220 [22560443983552] INFO perfrun.perfcollector <> - format: event config:0-7 mask:0-7
220 [22560443983552] INFO perfrun.perfcollector <> - format: edge config:18 mask:18
220 [22560443983552] INFO perfrun.perfcollector <> - format: inv config:23 mask:23
220 [22560443983552] INFO perfrun.perfcollector <> - format: umask config:8-15 mask:8-15
221 [22560443983552] INFO perfrun.perfcollector <> - format: thresh config:24-31 mask:24-31
221 [22560443983552] INFO perfrun.perfcollector <> - hwInfo: not set, pmuFam: uncore_r2pcie
221 [22560443983552] INFO perfrun.perfcollector <> - pmu added: family: uncore_r2pcie, id: 0
221 [22560443983552] INFO perfrun.perfcollector <> - dir found: /sys/bus/event_source/devices/uncore_sbox_0
222 [22560443983552] INFO perfrun.perfcollector <> - format: event config:0-7 mask:0-7
222 [22560443983552] INFO perfrun.perfcollector <> - format: edge config:18 mask:18
222 [22560443983552] INFO perfrun.perfcollector <> - format: inv config:23 mask:23
222 [22560443983552] INFO perfrun.perfcollector <> - format: umask config:8-15 mask:8-15
223 [22560443983552] INFO perfrun.perfcollector <> - format: tid_en config:19 mask:19
223 [22560443983552] INFO perfrun.perfcollector <> - format: thresh config:24-31 mask:24-31
223 [22560443983552] INFO perfrun.perfcollector <> - hwInfo: not set, pmuFam: uncore_sbox
223 [22560443983552] INFO perfrun.perfcollector <> - pmu added: family: uncore_sbox, id: 0
223 [22560443983552] INFO perfrun.perfcollector <> - dir found: /sys/bus/event_source/devices/uncore_qpi_1
224 [22560443983552] INFO perfrun.perfcollector <> - format: mask_rnid4 config2:31 mask:31
224 [22560443983552] INFO perfrun.perfcollector <> - format: mask_rnid30 config2:32-35 mask:32-35
225 [22560443983552] INFO perfrun.perfcollector <> - format: match_rnid30 config1:32-35 mask:32-35
225 [22560443983552] INFO perfrun.perfcollector <> - format: event config:0-7,21 mask:0-7,21
225 [22560443983552] INFO perfrun.perfcollector <> - format: match0 config1:0-31 mask:0-31
226 [22560443983552] INFO perfrun.perfcollector <> - format: match_rds config1:48-51 mask:48-51
226 [22560443983552] INFO perfrun.perfcollector <> - format: mask_rds config2:48-51 mask:48-51
226 [22560443983552] INFO perfrun.perfcollector <> - format: edge config:18 mask:18
226 [22560443983552] INFO perfrun.perfcollector <> - format: mask1 config2:32-63 mask:32-63
227 [22560443983552] INFO perfrun.perfcollector <> - format: match_dnid config1:13-17 mask:13-17
227 [22560443983552] INFO perfrun.perfcollector <> - format: mask_dnid config2:13-17 mask:13-17
227 [22560443983552] INFO perfrun.perfcollector <> - format: match_vnw config1:3-4 mask:3-4
227 [22560443983552] INFO perfrun.perfcollector <> - format: mask_vnw config2:3-4 mask:3-4
228 [22560443983552] INFO perfrun.perfcollector <> - format: mask_mc config2:9-12 mask:9-12
228 [22560443983552] INFO perfrun.perfcollector <> - format: match1 config1:32-63 mask:32-63
228 [22560443983552] INFO perfrun.perfcollector <> - format: inv config:23 mask:23
228 [22560443983552] INFO perfrun.perfcollector <> - format: umask config:8-15 mask:8-15
229 [22560443983552] INFO perfrun.perfcollector <> - format: match_opc config1:5-8 mask:5-8
229 [22560443983552] INFO perfrun.perfcollector <> - format: mask_opc config2:5-8 mask:5-8
229 [22560443983552] INFO perfrun.perfcollector <> - format: thresh config:24-31 mask:24-31
230 [22560443983552] INFO perfrun.perfcollector <> - format: match_rnid4 config1:31 mask:31
230 [22560443983552] INFO perfrun.perfcollector <> - format: mask0 config2:0-31 mask:0-31
230 [22560443983552] INFO perfrun.perfcollector <> - format: match_mc config1:9-12 mask:9-12
230 [22560443983552] INFO perfrun.perfcollector <> - hwInfo: PERF_QPI_PMU_DETAILS
230 [22560443983552] INFO perfrun.perfcollector <> - pmu added: family: uncore_qpi, id: 1
231 [22560443983552] INFO perfrun.perfcollector <> - dir found: /sys/bus/event_source/devices/uncore_cbox_6
231 [22560443983552] INFO perfrun.perfcollector <> - format: event config:0-7 mask:0-7
232 [22560443983552] INFO perfrun.perfcollector <> - format: filter_link config1:6-8 mask:6-8
232 [22560443983552] INFO perfrun.perfcollector <> - format: filter_c6 config1:61 mask:61
232 [22560443983552] INFO perfrun.perfcollector <> - format: edge config:18 mask:18
232 [22560443983552] INFO perfrun.perfcollector <> - format: filter_isoc config1:63 mask:63
233 [22560443983552] INFO perfrun.perfcollector <> - format: filter_tid config1:0-5 mask:0-5
233 [22560443983552] INFO perfrun.perfcollector <> - format: filter_nid config1:32-47 mask:32-47
233 [22560443983552] INFO perfrun.perfcollector <> - format: filter_nc config1:62 mask:62
233 [22560443983552] INFO perfrun.perfcollector <> - format: umask config:8-15 mask:8-15
234 [22560443983552] INFO perfrun.perfcollector <> - format: tid_en config:19 mask:19
234 [22560443983552] INFO perfrun.perfcollector <> - format: thresh config:24-31 mask:24-31
234 [22560443983552] INFO perfrun.perfcollector <> - format: filter_state config1:17-23 mask:17-23
235 [22560443983552] INFO perfrun.perfcollector <> - format: filter_opc config1:52-60 mask:52-60
235 [22560443983552] INFO perfrun.perfcollector <> - hwInfo: PERF_CBOX_PMU_DETAILS
235 [22560443983552] INFO perfrun.perfcollector <> - pmu added: family: uncore_cbox, id: 6
235 [22560443983552] INFO perfrun.perfcollector <> - dir found: /sys/bus/event_source/devices/uncore_imc_1
236 [22560443983552] INFO perfrun.perfcollector <> - format: event config:0-7 mask:0-7
236 [22560443983552] INFO perfrun.perfcollector <> - format: edge config:18 mask:18
236 [22560443983552] INFO perfrun.perfcollector <> - format: inv config:23 mask:23
236 [22560443983552] INFO perfrun.perfcollector <> - format: umask config:8-15 mask:8-15
237 [22560443983552] INFO perfrun.perfcollector <> - format: thresh config:24-31 mask:24-31
237 [22560443983552] INFO perfrun.perfcollector <> - hwInfo: PERF_IMC_PMU_DETAILS
237 [22560443983552] INFO perfrun.perfcollector <> - pmu added: family: uncore_imc, id: 1
237 [22560443983552] INFO perfrun.perfcollector <> - dir found: /sys/bus/event_source/devices/power
238 [22560443983552] INFO perfrun.perfcollector <> - format: event config:0-7 mask:0-7
238 [22560443983552] INFO perfrun.perfcollector <> - hwInfo: not set, pmuFam: power
238 [22560443983552] INFO perfrun.perfcollector <> - pmu added: family: power, id: 0
238 [22560443983552] INFO perfrun.perfcollector <> - dir found: /sys/bus/event_source/devices/uncore_cbox_11
239 [22560443983552] INFO perfrun.perfcollector <> - format: event config:0-7 mask:0-7
239 [22560443983552] INFO perfrun.perfcollector <> - format: filter_link config1:6-8 mask:6-8
240 [22560443983552] INFO perfrun.perfcollector <> - format: filter_c6 config1:61 mask:61
240 [22560443983552] INFO perfrun.perfcollector <> - format: edge config:18 mask:18
240 [22560443983552] INFO perfrun.perfcollector <> - format: filter_isoc config1:63 mask:63
240 [22560443983552] INFO perfrun.perfcollector <> - format: filter_tid config1:0-5 mask:0-5
241 [22560443983552] INFO perfrun.perfcollector <> - format: filter_nid config1:32-47 mask:32-47
241 [22560443983552] INFO perfrun.perfcollector <> - format: filter_nc config1:62 mask:62
241 [22560443983552] INFO perfrun.perfcollector <> - format: umask config:8-15 mask:8-15
241 [22560443983552] INFO perfrun.perfcollector <> - format: tid_en config:19 mask:19
242 [22560443983552] INFO perfrun.perfcollector <> - format: thresh config:24-31 mask:24-31
242 [22560443983552] INFO perfrun.perfcollector <> - format: filter_state config1:17-23 mask:17-23
242 [22560443983552] INFO perfrun.perfcollector <> - format: filter_opc config1:52-60 mask:52-60
242 [22560443983552] INFO perfrun.perfcollector <> - hwInfo: PERF_CBOX_PMU_DETAILS
243 [22560443983552] INFO perfrun.perfcollector <> - pmu added: family: uncore_cbox, id: 11
243 [22560443983552] INFO perfrun.perfcollector <> - dir found: /sys/bus/event_source/devices/uncore_cbox_4
243 [22560443983552] INFO perfrun.perfcollector <> - format: event config:0-7 mask:0-7
244 [22560443983552] INFO perfrun.perfcollector <> - format: filter_link config1:6-8 mask:6-8
244 [22560443983552] INFO perfrun.perfcollector <> - format: filter_c6 config1:61 mask:61
244 [22560443983552] INFO perfrun.perfcollector <> - format: edge config:18 mask:18
244 [22560443983552] INFO perfrun.perfcollector <> - format: filter_isoc config1:63 mask:63
245 [22560443983552] INFO perfrun.perfcollector <> - format: filter_tid config1:0-5 mask:0-5
245 [22560443983552] INFO perfrun.perfcollector <> - format: filter_nid config1:32-47 mask:32-47
245 [22560443983552] INFO perfrun.perfcollector <> - format: filter_nc config1:62 mask:62
246 [22560443983552] INFO perfrun.perfcollector <> - format: umask config:8-15 mask:8-15
246 [22560443983552] INFO perfrun.perfcollector <> - format: tid_en config:19 mask:19
246 [22560443983552] INFO perfrun.perfcollector <> - format: thresh config:24-31 mask:24-31
246 [22560443983552] INFO perfrun.perfcollector <> - format: filter_state config1:17-23 mask:17-23
247 [22560443983552] INFO perfrun.perfcollector <> - format: filter_opc config1:52-60 mask:52-60
247 [22560443983552] INFO perfrun.perfcollector <> - hwInfo: PERF_CBOX_PMU_DETAILS
247 [22560443983552] INFO perfrun.perfcollector <> - pmu added: family: uncore_cbox, id: 4
247 [22560443983552] INFO perfrun.perfcollector <> - dir found: /sys/bus/event_source/devices/uprobe
248 [22560443983552] INFO perfrun.perfcollector <> - format: ref_ctr_offset config:32-63 mask:32-63
248 [22560443983552] INFO perfrun.perfcollector <> - format: retprobe config:0 mask:0
248 [22560443983552] INFO perfrun.perfcollector <> - hwInfo: not set, pmuFam: uprobe
248 [22560443983552] INFO perfrun.perfcollector <> - pmu added: family: uprobe, id: 0
249 [22560443983552] INFO perfrun.perfcollector <> - dir found: /sys/bus/event_source/devices/intel_bts
249 [22560443983552] INFO perfrun.perfcollector <> - format: pmu format subdir doesn't exist
249 [22560443983552] INFO perfrun.perfcollector <> - hwInfo: not set, pmuFam: intel_bts
249 [22560443983552] INFO perfrun.perfcollector <> - pmu added: family: intel_bts, id: 0
249 [22560443983552] INFO perfrun.perfcollector <> - dir found: /sys/bus/event_source/devices/cpu
250 [22560443983552] INFO perfrun.perfcollector <> - format: event config:0-7 mask:0-7
250 [22560443983552] INFO perfrun.perfcollector <> - format: pc config:19 mask:19
250 [22560443983552] INFO perfrun.perfcollector <> - format: in_tx config:32 mask:32
250 [22560443983552] INFO perfrun.perfcollector <> - format: edge config:18 mask:18
251 [22560443983552] INFO perfrun.perfcollector <> - format: any config:21 mask:21
251 [22560443983552] INFO perfrun.perfcollector <> - format: offcore_rsp config1:0-63 mask:0-63
251 [22560443983552] INFO perfrun.perfcollector <> - format: in_tx_cp config:33 mask:33
252 [22560443983552] INFO perfrun.perfcollector <> - format: ldlat config1:0-15 mask:0-15
252 [22560443983552] INFO perfrun.perfcollector <> - format: inv config:23 mask:23
252 [22560443983552] INFO perfrun.perfcollector <> - format: umask config:8-15 mask:8-15
252 [22560443983552] INFO perfrun.perfcollector <> - format: cmask config:24-31 mask:24-31
252 [22560443983552] INFO perfrun.perfcollector <> - hwInfo: PERF_CPU_PMU_DETAILS
253 [22560443983552] INFO perfrun.perfcollector <> - pmu added: family: cpu, id: 0
253 [22560443983552] INFO perfrun.perfcollector <> - dir found: /sys/bus/event_source/devices/uncore_r3qpi_0
253 [22560443983552] INFO perfrun.perfcollector <> - format: event config:0-7 mask:0-7
254 [22560443983552] INFO perfrun.perfcollector <> - format: edge config:18 mask:18
254 [22560443983552] INFO perfrun.perfcollector <> - format: inv config:23 mask:23
254 [22560443983552] INFO perfrun.perfcollector <> - format: umask config:8-15 mask:8-15
254 [22560443983552] INFO perfrun.perfcollector <> - format: thresh config:24-31 mask:24-31
254 [22560443983552] INFO perfrun.perfcollector <> - hwInfo: not set, pmuFam: uncore_r3qpi
255 [22560443983552] INFO perfrun.perfcollector <> - pmu added: family: uncore_r3qpi, id: 0
255 [22560443983552] INFO perfrun.perfcollector <> - dir found: /sys/bus/event_source/devices/cstate_core
255 [22560443983552] INFO perfrun.perfcollector <> - format: event config:0-63 mask:0-63
255 [22560443983552] INFO perfrun.perfcollector <> - hwInfo: not set, pmuFam: cstate_core
256 [22560443983552] INFO perfrun.perfcollector <> - pmu added: family: cstate_core, id: 0
256 [22560443983552] INFO perfrun.perfcollector <> - dir found: /sys/bus/event_source/devices/uncore_cbox_2
257 [22560443983552] INFO perfrun.perfcollector <> - format: event config:0-7 mask:0-7
257 [22560443983552] INFO perfrun.perfcollector <> - format: filter_link config1:6-8 mask:6-8
257 [22560443983552] INFO perfrun.perfcollector <> - format: filter_c6 config1:61 mask:61
257 [22560443983552] INFO perfrun.perfcollector <> - format: edge config:18 mask:18
258 [22560443983552] INFO perfrun.perfcollector <> - format: filter_isoc config1:63 mask:63
258 [22560443983552] INFO perfrun.perfcollector <> - format: filter_tid config1:0-5 mask:0-5
258 [22560443983552] INFO perfrun.perfcollector <> - format: filter_nid config1:32-47 mask:32-47
259 [22560443983552] INFO perfrun.perfcollector <> - format: filter_nc config1:62 mask:62
259 [22560443983552] INFO perfrun.perfcollector <> - format: umask config:8-15 mask:8-15
259 [22560443983552] INFO perfrun.perfcollector <> - format: tid_en config:19 mask:19
259 [22560443983552] INFO perfrun.perfcollector <> - format: thresh config:24-31 mask:24-31
260 [22560443983552] INFO perfrun.perfcollector <> - format: filter_state config1:17-23 mask:17-23
260 [22560443983552] INFO perfrun.perfcollector <> - format: filter_opc config1:52-60 mask:52-60
260 [22560443983552] INFO perfrun.perfcollector <> - hwInfo: PERF_CBOX_PMU_DETAILS
260 [22560443983552] INFO perfrun.perfcollector <> - pmu added: family: uncore_cbox, id: 2
260 [22560443983552] INFO perfrun.perfcollector <> - dir found: /sys/bus/event_source/devices/breakpoint
261 [22560443983552] INFO perfrun.perfcollector <> - format: pmu format subdir doesn't exist
261 [22560443983552] INFO perfrun.perfcollector <> - hwInfo: not set, pmuFam: breakpoint
261 [22560443983552] INFO perfrun.perfcollector <> - pmu added: family: breakpoint, id: 0
261 [22560443983552] INFO perfrun.perfcollector <> - dir found: /sys/bus/event_source/devices/uncore_ha_0
262 [22560443983552] INFO perfrun.perfcollector <> - format: event config:0-7 mask:0-7
262 [22560443983552] INFO perfrun.perfcollector <> - format: edge config:18 mask:18
262 [22560443983552] INFO perfrun.perfcollector <> - format: inv config:23 mask:23
262 [22560443983552] INFO perfrun.perfcollector <> - format: umask config:8-15 mask:8-15
263 [22560443983552] INFO perfrun.perfcollector <> - format: thresh config:24-31 mask:24-31
263 [22560443983552] INFO perfrun.perfcollector <> - hwInfo: not set, pmuFam: uncore_ha
263 [22560443983552] INFO perfrun.perfcollector <> - pmu added: family: uncore_ha, id: 0
263 [22560443983552] INFO perfrun.perfcollector <> - dir found: /sys/bus/event_source/devices/uncore_cbox_0
264 [22560443983552] INFO perfrun.perfcollector <> - format: event config:0-7 mask:0-7
264 [22560443983552] INFO perfrun.perfcollector <> - format: filter_link config1:6-8 mask:6-8
264 [22560443983552] INFO perfrun.perfcollector <> - format: filter_c6 config1:61 mask:61
265 [22560443983552] INFO perfrun.perfcollector <> - format: edge config:18 mask:18
265 [22560443983552] INFO perfrun.perfcollector <> - format: filter_isoc config1:63 mask:63
265 [22560443983552] INFO perfrun.perfcollector <> - format: filter_tid config1:0-5 mask:0-5
266 [22560443983552] INFO perfrun.perfcollector <> - format: filter_nid config1:32-47 mask:32-47
266 [22560443983552] INFO perfrun.perfcollector <> - format: filter_nc config1:62 mask:62
266 [22560443983552] INFO perfrun.perfcollector <> - format: umask config:8-15 mask:8-15
266 [22560443983552] INFO perfrun.perfcollector <> - format: tid_en config:19 mask:19
267 [22560443983552] INFO perfrun.perfcollector <> - format: thresh config:24-31 mask:24-31
267 [22560443983552] INFO perfrun.perfcollector <> - format: filter_state config1:17-23 mask:17-23
267 [22560443983552] INFO perfrun.perfcollector <> - format: filter_opc config1:52-60 mask:52-60
267 [22560443983552] INFO perfrun.perfcollector <> - hwInfo: PERF_CBOX_PMU_DETAILS
268 [22560443983552] INFO perfrun.perfcollector <> - pmu added: family: uncore_cbox, id: 0
268 [22560443983552] INFO perfrun.perfcollector <> - dir found: /sys/bus/event_source/devices/tracepoint
268 [22560443983552] INFO perfrun.perfcollector <> - format: pmu format subdir doesn't exist
268 [22560443983552] INFO perfrun.perfcollector <> - hwInfo: not set, pmuFam: tracepoint
268 [22560443983552] INFO perfrun.perfcollector <> - pmu added: family: tracepoint, id: 0
268 [22560443983552] INFO perfrun.perfcollector <> - dir found: /sys/bus/event_source/devices/uncore_sbox_3
269 [22560443983552] INFO perfrun.perfcollector <> - format: event config:0-7 mask:0-7
269 [22560443983552] INFO perfrun.perfcollector <> - format: edge config:18 mask:18
269 [22560443983552] INFO perfrun.perfcollector <> - format: inv config:23 mask:23
270 [22560443983552] INFO perfrun.perfcollector <> - format: umask config:8-15 mask:8-15
270 [22560443983552] INFO perfrun.perfcollector <> - format: tid_en config:19 mask:19
270 [22560443983552] INFO perfrun.perfcollector <> - format: thresh config:24-31 mask:24-31
270 [22560443983552] INFO perfrun.perfcollector <> - hwInfo: not set, pmuFam: uncore_sbox
271 [22560443983552] INFO perfrun.perfcollector <> - pmu added: family: uncore_sbox, id: 3
271 [22560443983552] INFO perfrun.perfcollector <> - dir found: /sys/bus/event_source/devices/uncore_cbox_9
271 [22560443983552] INFO perfrun.perfcollector <> - format: event config:0-7 mask:0-7
272 [22560443983552] INFO perfrun.perfcollector <> - format: filter_link config1:6-8 mask:6-8
272 [22560443983552] INFO perfrun.perfcollector <> - format: filter_c6 config1:61 mask:61
272 [22560443983552] INFO perfrun.perfcollector <> - format: edge config:18 mask:18
273 [22560443983552] INFO perfrun.perfcollector <> - format: filter_isoc config1:63 mask:63
273 [22560443983552] INFO perfrun.perfcollector <> - format: filter_tid config1:0-5 mask:0-5
273 [22560443983552] INFO perfrun.perfcollector <> - format: filter_nid config1:32-47 mask:32-47
273 [22560443983552] INFO perfrun.perfcollector <> - format: filter_nc config1:62 mask:62
274 [22560443983552] INFO perfrun.perfcollector <> - format: umask config:8-15 mask:8-15
274 [22560443983552] INFO perfrun.perfcollector <> - format: tid_en config:19 mask:19
274 [22560443983552] INFO perfrun.perfcollector <> - format: thresh config:24-31 mask:24-31
274 [22560443983552] INFO perfrun.perfcollector <> - format: filter_state config1:17-23 mask:17-23
275 [22560443983552] INFO perfrun.perfcollector <> - format: filter_opc config1:52-60 mask:52-60
275 [22560443983552] INFO perfrun.perfcollector <> - hwInfo: PERF_CBOX_PMU_DETAILS
275 [22560443983552] INFO perfrun.perfcollector <> - pmu added: family: uncore_cbox, id: 9
275 [22560443983552] INFO perfrun.perfcollector <> - dir found: /sys/bus/event_source/devices/cstate_pkg
276 [22560443983552] INFO perfrun.perfcollector <> - format: event config:0-63 mask:0-63
276 [22560443983552] INFO perfrun.perfcollector <> - hwInfo: not set, pmuFam: cstate_pkg
276 [22560443983552] INFO perfrun.perfcollector <> - pmu added: family: cstate_pkg, id: 0
276 [22560443983552] INFO perfrun.perfcollector <> - dir found: /sys/bus/event_source/devices/uncore_imc_4
277 [22560443983552] INFO perfrun.perfcollector <> - format: event config:0-7 mask:0-7
277 [22560443983552] INFO perfrun.perfcollector <> - format: edge config:18 mask:18
277 [22560443983552] INFO perfrun.perfcollector <> - format: inv config:23 mask:23
278 [22560443983552] INFO perfrun.perfcollector <> - format: umask config:8-15 mask:8-15
278 [22560443983552] INFO perfrun.perfcollector <> - format: thresh config:24-31 mask:24-31
278 [22560443983552] INFO perfrun.perfcollector <> - hwInfo: PERF_IMC_PMU_DETAILS
278 [22560443983552] INFO perfrun.perfcollector <> - pmu added: family: uncore_imc, id: 4
278 [22560443983552] INFO perfrun.perfcollector <> - dir found: /sys/bus/event_source/devices/uncore_ubox
279 [22560443983552] INFO perfrun.perfcollector <> - format: event config:0-7 mask:0-7
279 [22560443983552] INFO perfrun.perfcollector <> - format: edge config:18 mask:18
279 [22560443983552] INFO perfrun.perfcollector <> - format: inv config:23 mask:23
280 [22560443983552] INFO perfrun.perfcollector <> - format: umask config:8-15 mask:8-15
280 [22560443983552] INFO perfrun.perfcollector <> - format: thresh config:24-28 mask:24-28
280 [22560443983552] INFO perfrun.perfcollector <> - hwInfo: not set, pmuFam: uncore_ubox
280 [22560443983552] INFO perfrun.perfcollector <> - pmu added: family: uncore_ubox, id: 0
280 [22560443983552] INFO perfrun.perfcollector <> - dir found: /sys/bus/event_source/devices/uncore_sbox_1
281 [22560443983552] INFO perfrun.perfcollector <> - format: event config:0-7 mask:0-7
281 [22560443983552] INFO perfrun.perfcollector <> - format: edge config:18 mask:18
282 [22560443983552] INFO perfrun.perfcollector <> - format: inv config:23 mask:23
282 [22560443983552] INFO perfrun.perfcollector <> - format: umask config:8-15 mask:8-15
282 [22560443983552] INFO perfrun.perfcollector <> - format: tid_en config:19 mask:19
282 [22560443983552] INFO perfrun.perfcollector <> - format: thresh config:24-31 mask:24-31
282 [22560443983552] INFO perfrun.perfcollector <> - hwInfo: not set, pmuFam: uncore_sbox
283 [22560443983552] INFO perfrun.perfcollector <> - pmu added: family: uncore_sbox, id: 1
283 [22560443983552] INFO perfrun.perfcollector <> - dir found: /sys/bus/event_source/devices/uncore_cbox_7
283 [22560443983552] INFO perfrun.perfcollector <> - format: event config:0-7 mask:0-7
284 [22560443983552] INFO perfrun.perfcollector <> - format: filter_link config1:6-8 mask:6-8
284 [22560443983552] INFO perfrun.perfcollector <> - format: filter_c6 config1:61 mask:61
284 [22560443983552] INFO perfrun.perfcollector <> - format: edge config:18 mask:18
285 [22560443983552] INFO perfrun.perfcollector <> - format: filter_isoc config1:63 mask:63
285 [22560443983552] INFO perfrun.perfcollector <> - format: filter_tid config1:0-5 mask:0-5
285 [22560443983552] INFO perfrun.perfcollector <> - format: filter_nid config1:32-47 mask:32-47
285 [22560443983552] INFO perfrun.perfcollector <> - format: filter_nc config1:62 mask:62
286 [22560443983552] INFO perfrun.perfcollector <> - format: umask config:8-15 mask:8-15
286 [22560443983552] INFO perfrun.perfcollector <> - format: tid_en config:19 mask:19
286 [22560443983552] INFO perfrun.perfcollector <> - format: thresh config:24-31 mask:24-31
286 [22560443983552] INFO perfrun.perfcollector <> - format: filter_state config1:17-23 mask:17-23
287 [22560443983552] INFO perfrun.perfcollector <> - format: filter_opc config1:52-60 mask:52-60
287 [22560443983552] INFO perfrun.perfcollector <> - hwInfo: PERF_CBOX_PMU_DETAILS
287 [22560443983552] INFO perfrun.perfcollector <> - pmu added: family: uncore_cbox, id: 7
287 [22560443983552] INFO perfrun.perfcollector <> - dir found: /sys/bus/event_source/devices/uncore_cbox_12
288 [22560443983552] INFO perfrun.perfcollector <> - format: event config:0-7 mask:0-7
288 [22560443983552] INFO perfrun.perfcollector <> - format: filter_link config1:6-8 mask:6-8
288 [22560443983552] INFO perfrun.perfcollector <> - format: filter_c6 config1:61 mask:61
289 [22560443983552] INFO perfrun.perfcollector <> - format: edge config:18 mask:18
289 [22560443983552] INFO perfrun.perfcollector <> - format: filter_isoc config1:63 mask:63
289 [22560443983552] INFO perfrun.perfcollector <> - format: filter_tid config1:0-5 mask:0-5
290 [22560443983552] INFO perfrun.perfcollector <> - format: filter_nid config1:32-47 mask:32-47
290 [22560443983552] INFO perfrun.perfcollector <> - format: filter_nc config1:62 mask:62
290 [22560443983552] INFO perfrun.perfcollector <> - format: umask config:8-15 mask:8-15
290 [22560443983552] INFO perfrun.perfcollector <> - format: tid_en config:19 mask:19
291 [22560443983552] INFO perfrun.perfcollector <> - format: thresh config:24-31 mask:24-31
291 [22560443983552] INFO perfrun.perfcollector <> - format: filter_state config1:17-23 mask:17-23
291 [22560443983552] INFO perfrun.perfcollector <> - format: filter_opc config1:52-60 mask:52-60
291 [22560443983552] INFO perfrun.perfcollector <> - hwInfo: PERF_CBOX_PMU_DETAILS
292 [22560443983552] INFO perfrun.perfcollector <> - pmu added: family: uncore_cbox, id: 12
292 [22560443983552] INFO perfrun.perfcollector <> - dir found: /sys/bus/event_source/devices/kprobe
292 [22560443983552] INFO perfrun.perfcollector <> - format: retprobe config:0 mask:0
292 [22560443983552] INFO perfrun.perfcollector <> - hwInfo: not set, pmuFam: kprobe
293 [22560443983552] INFO perfrun.perfcollector <> - pmu added: family: kprobe, id: 0
293 [22560443983552] INFO perfrun.perfcollector <> - dir found: /sys/bus/event_source/devices/uncore_qpi_0
293 [22560443983552] INFO perfrun.perfcollector <> - format: mask_rnid4 config2:31 mask:31
293 [22560443983552] INFO perfrun.perfcollector <> - format: mask_rnid30 config2:32-35 mask:32-35
294 [22560443983552] INFO perfrun.perfcollector <> - format: match_rnid30 config1:32-35 mask:32-35
294 [22560443983552] INFO perfrun.perfcollector <> - format: event config:0-7,21 mask:0-7,21
294 [22560443983552] INFO perfrun.perfcollector <> - format: match0 config1:0-31 mask:0-31
295 [22560443983552] INFO perfrun.perfcollector <> - format: match_rds config1:48-51 mask:48-51
295 [22560443983552] INFO perfrun.perfcollector <> - format: mask_rds config2:48-51 mask:48-51
295 [22560443983552] INFO perfrun.perfcollector <> - format: edge config:18 mask:18
295 [22560443983552] INFO perfrun.perfcollector <> - format: mask1 config2:32-63 mask:32-63
296 [22560443983552] INFO perfrun.perfcollector <> - format: match_dnid config1:13-17 mask:13-17
296 [22560443983552] INFO perfrun.perfcollector <> - format: mask_dnid config2:13-17 mask:13-17
296 [22560443983552] INFO perfrun.perfcollector <> - format: match_vnw config1:3-4 mask:3-4
296 [22560443983552] INFO perfrun.perfcollector <> - format: mask_vnw config2:3-4 mask:3-4
297 [22560443983552] INFO perfrun.perfcollector <> - format: mask_mc config2:9-12 mask:9-12
297 [22560443983552] INFO perfrun.perfcollector <> - format: match1 config1:32-63 mask:32-63
297 [22560443983552] INFO perfrun.perfcollector <> - format: inv config:23 mask:23
298 [22560443983552] INFO perfrun.perfcollector <> - format: umask config:8-15 mask:8-15
298 [22560443983552] INFO perfrun.perfcollector <> - format: match_opc config1:5-8 mask:5-8
298 [22560443983552] INFO perfrun.perfcollector <> - format: mask_opc config2:5-8 mask:5-8
298 [22560443983552] INFO perfrun.perfcollector <> - format: thresh config:24-31 mask:24-31
299 [22560443983552] INFO perfrun.perfcollector <> - format: match_rnid4 config1:31 mask:31
299 [22560443983552] INFO perfrun.perfcollector <> - format: mask0 config2:0-31 mask:0-31
299 [22560443983552] INFO perfrun.perfcollector <> - format: match_mc config1:9-12 mask:9-12
299 [22560443983552] INFO perfrun.perfcollector <> - hwInfo: PERF_QPI_PMU_DETAILS
300 [22560443983552] INFO perfrun.perfcollector <> - pmu added: family: uncore_qpi, id: 0
300 [22560443983552] INFO perfrun.perfcollector <> - dir found: /sys/bus/event_source/devices/uncore_cbox_5
300 [22560443983552] INFO perfrun.perfcollector <> - format: event config:0-7 mask:0-7
301 [22560443983552] INFO perfrun.perfcollector <> - format: filter_link config1:6-8 mask:6-8
301 [22560443983552] INFO perfrun.perfcollector <> - format: filter_c6 config1:61 mask:61
301 [22560443983552] INFO perfrun.perfcollector <> - format: edge config:18 mask:18
302 [22560443983552] INFO perfrun.perfcollector <> - format: filter_isoc config1:63 mask:63
302 [22560443983552] INFO perfrun.perfcollector <> - format: filter_tid config1:0-5 mask:0-5
302 [22560443983552] INFO perfrun.perfcollector <> - format: filter_nid config1:32-47 mask:32-47
302 [22560443983552] INFO perfrun.perfcollector <> - format: filter_nc config1:62 mask:62
303 [22560443983552] INFO perfrun.perfcollector <> - format: umask config:8-15 mask:8-15
303 [22560443983552] INFO perfrun.perfcollector <> - format: tid_en config:19 mask:19
303 [22560443983552] INFO perfrun.perfcollector <> - format: thresh config:24-31 mask:24-31
304 [22560443983552] INFO perfrun.perfcollector <> - format: filter_state config1:17-23 mask:17-23
304 [22560443983552] INFO perfrun.perfcollector <> - format: filter_opc config1:52-60 mask:52-60
304 [22560443983552] INFO perfrun.perfcollector <> - hwInfo: PERF_CBOX_PMU_DETAILS
304 [22560443983552] INFO perfrun.perfcollector <> - pmu added: family: uncore_cbox, id: 5
304 [22560443983552] INFO perfrun.perfcollector <> - dir found: /sys/bus/event_source/devices/uncore_imc_0
305 [22560443983552] INFO perfrun.perfcollector <> - format: event config:0-7 mask:0-7
305 [22560443983552] INFO perfrun.perfcollector <> - format: edge config:18 mask:18
305 [22560443983552] INFO perfrun.perfcollector <> - format: inv config:23 mask:23
306 [22560443983552] INFO perfrun.perfcollector <> - format: umask config:8-15 mask:8-15
306 [22560443983552] INFO perfrun.perfcollector <> - format: thresh config:24-31 mask:24-31
306 [22560443983552] INFO perfrun.perfcollector <> - hwInfo: PERF_IMC_PMU_DETAILS
306 [22560443983552] INFO perfrun.perfcollector <> - pmu added: family: uncore_imc, id: 0
306 [22560443983552] INFO perfrun.perfcollector <> - dir found: /sys/bus/event_source/devices/uncore_cbox_10
307 [22560443983552] INFO perfrun.perfcollector <> - format: event config:0-7 mask:0-7
307 [22560443983552] INFO perfrun.perfcollector <> - format: filter_link config1:6-8 mask:6-8
308 [22560443983552] INFO perfrun.perfcollector <> - format: filter_c6 config1:61 mask:61
308 [22560443983552] INFO perfrun.perfcollector <> - format: edge config:18 mask:18
308 [22560443983552] INFO perfrun.perfcollector <> - format: filter_isoc config1:63 mask:63
308 [22560443983552] INFO perfrun.perfcollector <> - format: filter_tid config1:0-5 mask:0-5
309 [22560443983552] INFO perfrun.perfcollector <> - format: filter_nid config1:32-47 mask:32-47
309 [22560443983552] INFO perfrun.perfcollector <> - format: filter_nc config1:62 mask:62
309 [22560443983552] INFO perfrun.perfcollector <> - format: umask config:8-15 mask:8-15
309 [22560443983552] INFO perfrun.perfcollector <> - format: tid_en config:19 mask:19
310 [22560443983552] INFO perfrun.perfcollector <> - format: thresh config:24-31 mask:24-31
310 [22560443983552] INFO perfrun.perfcollector <> - format: filter_state config1:17-23 mask:17-23
310 [22560443983552] INFO perfrun.perfcollector <> - format: filter_opc config1:52-60 mask:52-60
310 [22560443983552] INFO perfrun.perfcollector <> - hwInfo: PERF_CBOX_PMU_DETAILS
311 [22560443983552] INFO perfrun.perfcollector <> - pmu added: family: uncore_cbox, id: 10
311 [22560443983552] INFO perfrun.perfcollector <> - dir found: /sys/bus/event_source/devices/uncore_pcu
311 [22560443983552] INFO perfrun.perfcollector <> - format: filter_band2 config1:16-23 mask:16-23
312 [22560443983552] INFO perfrun.perfcollector <> - format: event config:0-7 mask:0-7
312 [22560443983552] INFO perfrun.perfcollector <> - format: filter_band0 config1:0-7 mask:0-7
312 [22560443983552] INFO perfrun.perfcollector <> - format: edge config:18 mask:18
312 [22560443983552] INFO perfrun.perfcollector <> - format: occ_invert config:30 mask:30
313 [22560443983552] INFO perfrun.perfcollector <> - format: occ_edge config:14-51 mask:14-51
313 [22560443983552] INFO perfrun.perfcollector <> - format: filter_band3 config1:24-31 mask:24-31
313 [22560443983552] INFO perfrun.perfcollector <> - format: filter_band1 config1:8-15 mask:8-15
313 [22560443983552] INFO perfrun.perfcollector <> - format: inv config:23 mask:23
314 [22560443983552] INFO perfrun.perfcollector <> - format: thresh config:24-28 mask:24-28
314 [22560443983552] INFO perfrun.perfcollector <> - format: occ_sel config:14-15 mask:14-15
314 [22560443983552] INFO perfrun.perfcollector <> - hwInfo: not set, pmuFam: uncore_pcu
314 [22560443983552] INFO perfrun.perfcollector <> - pmu added: family: uncore_pcu, id: 0
314 [22560443983552] INFO perfrun.perfcollector <> - dir found: /sys/bus/event_source/devices/uncore_r3qpi_1
315 [22560443983552] INFO perfrun.perfcollector <> - format: event config:0-7 mask:0-7
315 [22560443983552] INFO perfrun.perfcollector <> - format: edge config:18 mask:18
316 [22560443983552] INFO perfrun.perfcollector <> - format: inv config:23 mask:23
316 [22560443983552] INFO perfrun.perfcollector <> - format: umask config:8-15 mask:8-15
316 [22560443983552] INFO perfrun.perfcollector <> - format: thresh config:24-31 mask:24-31
316 [22560443983552] INFO perfrun.perfcollector <> - hwInfo: not set, pmuFam: uncore_r3qpi
317 [22560443983552] INFO perfrun.perfcollector <> - pmu added: family: uncore_r3qpi, id: 1
317 [22560443983552] INFO perfrun.perfcollector <> - dir found: /sys/bus/event_source/devices/msr
317 [22560443983552] INFO perfrun.perfcollector <> - format: event config:0-63 mask:0-63
317 [22560443983552] INFO perfrun.perfcollector <> - hwInfo: not set, pmuFam: msr
318 [22560443983552] INFO perfrun.perfcollector <> - pmu added: family: msr, id: 0
318 [22560443983552] INFO perfrun.perfcollector <> - dir found: /sys/bus/event_source/devices/uncore_cbox_3
318 [22560443983552] INFO perfrun.perfcollector <> - format: event config:0-7 mask:0-7
319 [22560443983552] INFO perfrun.perfcollector <> - format: filter_link config1:6-8 mask:6-8
319 [22560443983552] INFO perfrun.perfcollector <> - format: filter_c6 config1:61 mask:61
319 [22560443983552] INFO perfrun.perfcollector <> - format: edge config:18 mask:18
319 [22560443983552] INFO perfrun.perfcollector <> - format: filter_isoc config1:63 mask:63
320 [22560443983552] INFO perfrun.perfcollector <> - format: filter_tid config1:0-5 mask:0-5
320 [22560443983552] INFO perfrun.perfcollector <> - format: filter_nid config1:32-47 mask:32-47
320 [22560443983552] INFO perfrun.perfcollector <> - format: filter_nc config1:62 mask:62
320 [22560443983552] INFO perfrun.perfcollector <> - format: umask config:8-15 mask:8-15
321 [22560443983552] INFO perfrun.perfcollector <> - format: tid_en config:19 mask:19
321 [22560443983552] INFO perfrun.perfcollector <> - format: thresh config:24-31 mask:24-31
321 [22560443983552] INFO perfrun.perfcollector <> - format: filter_state config1:17-23 mask:17-23
322 [22560443983552] INFO perfrun.perfcollector <> - format: filter_opc config1:52-60 mask:52-60
322 [22560443983552] INFO perfrun.perfcollector <> - hwInfo: PERF_CBOX_PMU_DETAILS
322 [22560443983552] INFO perfrun.perfcollector <> - pmu added: family: uncore_cbox, id: 3
322 [22560443983552] INFO perfrun.perfcollector <> - dir found: /sys/bus/event_source/devices/intel_pt
323 [22560443983552] INFO perfrun.perfcollector <> - format: ptw config:12 mask:12
323 [22560443983552] INFO perfrun.perfcollector <> - format: event config:31 mask:31
323 [22560443983552] INFO perfrun.perfcollector <> - format: cyc_thresh config:19-22 mask:19-22
324 [22560443983552] INFO perfrun.perfcollector <> - format: pt config:0 mask:0
324 [22560443983552] INFO perfrun.perfcollector <> - format: notnt config:55 mask:55
324 [22560443983552] INFO perfrun.perfcollector <> - format: branch config:13 mask:13
324 [22560443983552] INFO perfrun.perfcollector <> - format: tsc config:10 mask:10
325 [22560443983552] INFO perfrun.perfcollector <> - format: pwr_evt config:4 mask:4
325 [22560443983552] INFO perfrun.perfcollector <> - format: fup_on_ptw config:5 mask:5
325 [22560443983552] INFO perfrun.perfcollector <> - format: cyc config:1 mask:1
326 [22560443983552] INFO perfrun.perfcollector <> - format: noretcomp config:11 mask:11
326 [22560443983552] INFO perfrun.perfcollector <> - format: mtc config:9 mask:9
326 [22560443983552] INFO perfrun.perfcollector <> - format: psb_period config:24-27 mask:24-27
326 [22560443983552] INFO perfrun.perfcollector <> - format: mtc_period config:14-17 mask:14-17
326 [22560443983552] INFO perfrun.perfcollector <> - hwInfo: not set, pmuFam: intel_pt
327 [22560443983552] INFO perfrun.perfcollector <> - pmu added: family: intel_pt, id: 0
327 [22560443983552] INFO perfrun.perfcollector <> - dir found: /sys/bus/event_source/devices/uncore_ha_1
327 [22560443983552] INFO perfrun.perfcollector <> - format: event config:0-7 mask:0-7
328 [22560443983552] INFO perfrun.perfcollector <> - format: edge config:18 mask:18
328 [22560443983552] INFO perfrun.perfcollector <> - format: inv config:23 mask:23
328 [22560443983552] INFO perfrun.perfcollector <> - format: umask config:8-15 mask:8-15
328 [22560443983552] INFO perfrun.perfcollector <> - format: thresh config:24-31 mask:24-31
328 [22560443983552] INFO perfrun.perfcollector <> - hwInfo: not set, pmuFam: uncore_ha
329 [22560443983552] INFO perfrun.perfcollector <> - pmu added: family: uncore_ha, id: 1
329 [22560443983552] INFO perfrun.perfcollector <> - dir found: /sys/bus/event_source/devices/uncore_cbox_1
329 [22560443983552] INFO perfrun.perfcollector <> - format: event config:0-7 mask:0-7
330 [22560443983552] INFO perfrun.perfcollector <> - format: filter_link config1:6-8 mask:6-8
330 [22560443983552] INFO perfrun.perfcollector <> - format: filter_c6 config1:61 mask:61
330 [22560443983552] INFO perfrun.perfcollector <> - format: edge config:18 mask:18
330 [22560443983552] INFO perfrun.perfcollector <> - format: filter_isoc config1:63 mask:63
331 [22560443983552] INFO perfrun.perfcollector <> - format: filter_tid config1:0-5 mask:0-5
331 [22560443983552] INFO perfrun.perfcollector <> - format: filter_nid config1:32-47 mask:32-47
331 [22560443983552] INFO perfrun.perfcollector <> - format: filter_nc config1:62 mask:62
331 [22560443983552] INFO perfrun.perfcollector <> - format: umask config:8-15 mask:8-15
331 [22560443983552] INFO perfrun.perfcollector <> - format: tid_en config:19 mask:19
331 [22560443983552] INFO perfrun.perfcollector <> - format: thresh config:24-31 mask:24-31
332 [22560443983552] INFO perfrun.perfcollector <> - format: filter_state config1:17-23 mask:17-23
332 [22560443983552] INFO perfrun.perfcollector <> - format: filter_opc config1:52-60 mask:52-60
332 [22560443983552] INFO perfrun.perfcollector <> - hwInfo: PERF_CBOX_PMU_DETAILS
332 [22560443983552] INFO perfrun.perfcollector <> - pmu added: family: uncore_cbox, id: 1
332 [22560443983552] INFO perfrun.sdk <> - runCmd: /opt/intel/oneapi/vtune/2023.1.0/bin64/sep -dry-run -sam 1 -ec CPU_CLK_UNHALTED.THREAD,CPU_CLK_UNHALTED.REF_TSC:sample:sa=2400000,INST_RETIRED.ANY:sample:sa=2400000,CPU_CLK_UNHALTED.REF_XCLK,CPU_CLK_UNHALTED.ONE_THREAD_ACTIVE,FP_ARITH_INST_RETIRED.SCALAR_SINGLE,FP_ARITH_INST_RETIRED.128B_PACKED_SINGLE,FP_ARITH_INST_RETIRED.256B_PACKED_SINGLE,FP_ARITH_INST_RETIRED.SCALAR_DOUBLE,FP_ARITH_INST_RETIRED.128B_PACKED_DOUBLE,FP_ARITH_INST_RETIRED.256B_PACKED_DOUBLE,INST_RETIRED.X87,UOPS_RETIRED.RETIRE_SLOTS:sample:sa=2000003 -experimental
333 [22560443983552] INFO perfrun.sdk <> - runCmd started PID 3362800
421 [22560443983552] INFO perfrun.perfcollector <> - SepDryRun RC = true
425 [22560443983552] INFO perfrun.perfcollector <> - DRY_RUN: "PMU type: Core (core)"
425 [22560443983552] INFO perfrun.perfcollector <> - pmu type: cpu
425 [22560443983552] INFO perfrun.perfcollector <> - DRY_RUN: "Group 0:"
425 [22560443983552] INFO perfrun.perfcollector <> - id: 0
425 [22560443983552] INFO perfrun.perfcollector <> - DRY_RUN: "INST_RETIRED.ANY: event id 2"
425 [22560443983552] INFO perfrun.perfcollector <> - eventName: INST_RETIRED.ANY, eventId: 2
425 [22560443983552] INFO perfrun.perfcollector <> - DRY_RUN: "CPU_CLK_UNHALTED.THREAD: event id 0"
425 [22560443983552] INFO perfrun.perfcollector <> - eventName: CPU_CLK_UNHALTED.THREAD, eventId: 0
425 [22560443983552] INFO perfrun.perfcollector <> - DRY_RUN: "CPU_CLK_UNHALTED.REF_TSC: event id 1"
425 [22560443983552] INFO perfrun.perfcollector <> - eventName: CPU_CLK_UNHALTED.REF_TSC, eventId: 1
425 [22560443983552] INFO perfrun.perfcollector <> - DRY_RUN: "FP_ARITH_INST_RETIRED.SCALAR_SINGLE: event id 5"
425 [22560443983552] INFO perfrun.perfcollector <> - eventName: FP_ARITH_INST_RETIRED.SCALAR_SINGLE, eventId: 5
425 [22560443983552] INFO perfrun.perfcollector <> - DRY_RUN: "FP_ARITH_INST_RETIRED.128B_PACKED_SINGLE: event id 6"
425 [22560443983552] INFO perfrun.perfcollector <> - eventName: FP_ARITH_INST_RETIRED.128B_PACKED_SINGLE, eventId: 6
425 [22560443983552] INFO perfrun.perfcollector <> - DRY_RUN: "FP_ARITH_INST_RETIRED.256B_PACKED_SINGLE: event id 7"
425 [22560443983552] INFO perfrun.perfcollector <> - eventName: FP_ARITH_INST_RETIRED.256B_PACKED_SINGLE, eventId: 7
425 [22560443983552] INFO perfrun.perfcollector <> - DRY_RUN: "FP_ARITH_INST_RETIRED.SCALAR_DOUBLE: event id 8"
425 [22560443983552] INFO perfrun.perfcollector <> - eventName: FP_ARITH_INST_RETIRED.SCALAR_DOUBLE, eventId: 8
425 [22560443983552] INFO perfrun.perfcollector <> - DRY_RUN: "CPU_CLK_UNHALTED.REF_XCLK: event id 3"
425 [22560443983552] INFO perfrun.perfcollector <> - eventName: CPU_CLK_UNHALTED.REF_XCLK, eventId: 3
425 [22560443983552] INFO perfrun.perfcollector <> - DRY_RUN: "CPU_CLK_UNHALTED.ONE_THREAD_ACTIVE: event id 4"
425 [22560443983552] INFO perfrun.perfcollector <> - eventName: CPU_CLK_UNHALTED.ONE_THREAD_ACTIVE, eventId: 4
425 [22560443983552] INFO perfrun.perfcollector <> - DRY_RUN: "INST_RETIRED.X87: event id 11"
425 [22560443983552] INFO perfrun.perfcollector <> - eventName: INST_RETIRED.X87, eventId: 11
425 [22560443983552] INFO perfrun.perfcollector <> - DRY_RUN: "UOPS_RETIRED.RETIRE_SLOTS: event id 12"
425 [22560443983552] INFO perfrun.perfcollector <> - eventName: UOPS_RETIRED.RETIRE_SLOTS, eventId: 12
425 [22560443983552] INFO perfrun.perfcollector <> - DRY_RUN: "CCCR"
425 [22560443983552] INFO perfrun.perfcollector <> - DRY_RUN: "reg_type       = 1	event_id       = g	reg_id         = 38f	reg_value      = 7000000ff"
425 [22560443983552] INFO perfrun.perfcollector <> - eventId: g, skip parsing event_id
425 [22560443983552] INFO perfrun.perfcollector <> - Register was ignored: group_id: 0, reg_type: 1, event_id: 4294967295, reg_id: 38f, reg_value: 7000000ff, pmu_name: cpu
425 [22560443983552] INFO perfrun.perfcollector <> - DRY_RUN: "reg_type       = 1	event_id       = g	reg_id         = 390	reg_value      = 7000000ff"
425 [22560443983552] INFO perfrun.perfcollector <> - eventId: g, skip parsing event_id
425 [22560443983552] INFO perfrun.perfcollector <> - Register was ignored: group_id: 0, reg_type: 1, event_id: 4294967295, reg_id: 390, reg_value: 7000000ff, pmu_name: cpu
425 [22560443983552] INFO perfrun.perfcollector <> - DRY_RUN: "reg_type       = 1	event_id       = g	reg_id         = 3f1	reg_value      = 0"
425 [22560443983552] INFO perfrun.perfcollector <> - eventId: g, skip parsing event_id
425 [22560443983552] INFO perfrun.perfcollector <> - Register was ignored: group_id: 0, reg_type: 1, event_id: 4294967295, reg_id: 3f1, reg_value: 0, pmu_name: cpu
425 [22560443983552] INFO perfrun.perfcollector <> - DRY_RUN: "reg_type       = 1	event_id       = g	reg_id         = 1d9	reg_value      = 1800"
425 [22560443983552] INFO perfrun.perfcollector <> - eventId: g, skip parsing event_id
425 [22560443983552] INFO perfrun.perfcollector <> - Register was ignored: group_id: 0, reg_type: 1, event_id: 4294967295, reg_id: 1d9, reg_value: 1800, pmu_name: cpu
425 [22560443983552] INFO perfrun.perfcollector <> - DRY_RUN: "reg_type       = 1	event_id       = g	reg_id         = 38d	reg_value      = bbb"
425 [22560443983552] INFO perfrun.perfcollector <> - eventId: g, skip parsing event_id
425 [22560443983552] INFO perfrun.perfcollector <> - Register was ignored: group_id: 0, reg_type: 1, event_id: 4294967295, reg_id: 38d, reg_value: bbb, pmu_name: cpu
425 [22560443983552] INFO perfrun.perfcollector <> - DRY_RUN: "reg_type       = 1	event_id       = 5	reg_id         = 186	reg_value      = 5302c7"
425 [22560443983552] INFO perfrun.perfcollector <> - Event selector: group_id: 0, reg_type: 1, event_id: 5, reg_id: 186, reg_value: 5302c7, pmu_name: cpu
425 [22560443983552] INFO perfrun.perfcollector <> - DRY_RUN: "reg_type       = 1	event_id       = 6	reg_id         = 187	reg_value      = 5308c7"
425 [22560443983552] INFO perfrun.perfcollector <> - Event selector: group_id: 0, reg_type: 1, event_id: 6, reg_id: 187, reg_value: 5308c7, pmu_name: cpu
425 [22560443983552] INFO perfrun.perfcollector <> - DRY_RUN: "reg_type       = 1	event_id       = 7	reg_id         = 188	reg_value      = 5320c7"
425 [22560443983552] INFO perfrun.perfcollector <> - Event selector: group_id: 0, reg_type: 1, event_id: 7, reg_id: 188, reg_value: 5320c7, pmu_name: cpu
425 [22560443983552] INFO perfrun.perfcollector <> - DRY_RUN: "reg_type       = 1	event_id       = 8	reg_id         = 189	reg_value      = 5301c7"
425 [22560443983552] INFO perfrun.perfcollector <> - Event selector: group_id: 0, reg_type: 1, event_id: 8, reg_id: 189, reg_value: 5301c7, pmu_name: cpu
425 [22560443983552] INFO perfrun.perfcollector <> - DRY_RUN: "reg_type       = 1	event_id       = 3	reg_id         = 18a	reg_value      = 53013c"
425 [22560443983552] INFO perfrun.perfcollector <> - Event selector: group_id: 0, reg_type: 1, event_id: 3, reg_id: 18a, reg_value: 53013c, pmu_name: cpu
425 [22560443983552] INFO perfrun.perfcollector <> - DRY_RUN: "reg_type       = 1	event_id       = 4	reg_id         = 18b	reg_value      = 53023c"
425 [22560443983552] INFO perfrun.perfcollector <> - Event selector: group_id: 0, reg_type: 1, event_id: 4, reg_id: 18b, reg_value: 53023c, pmu_name: cpu
425 [22560443983552] INFO perfrun.perfcollector <> - DRY_RUN: "reg_type       = 1	event_id       = 11	reg_id         = 18c	reg_value      = 5302c0"
425 [22560443983552] INFO perfrun.perfcollector <> - Event selector: group_id: 0, reg_type: 1, event_id: 11, reg_id: 18c, reg_value: 5302c0, pmu_name: cpu
425 [22560443983552] INFO perfrun.perfcollector <> - DRY_RUN: "reg_type       = 1	event_id       = 12	reg_id         = 18d	reg_value      = 5302c2"
425 [22560443983552] INFO perfrun.perfcollector <> - Event selector: group_id: 0, reg_type: 1, event_id: 12, reg_id: 18d, reg_value: 5302c2, pmu_name: cpu
425 [22560443983552] INFO perfrun.perfcollector <> - DRY_RUN: "ESCR"
425 [22560443983552] INFO perfrun.perfcollector <> - DRY_RUN: "reg_type       = 2	event_id       = g	reg_id         = 1c8	reg_value      = 0"
425 [22560443983552] INFO perfrun.perfcollector <> - eventId: g, skip parsing event_id
425 [22560443983552] INFO perfrun.perfcollector <> - DRY_RUN: "DATA"
425 [22560443983552] INFO perfrun.perfcollector <> - DRY_RUN: "reg_type       = 4	event_id       = 2	reg_id         = 309	reg_value      = ffffffdb6100"
425 [22560443983552] INFO perfrun.perfcollector <> - eventId: 2, dataAddr: 309, dataVal: ffffffdb6100
425 [22560443983552] INFO perfrun.perfcollector <> - DRY_RUN: "reg_type       = 4	event_id       = 0	reg_id         = 30a	reg_value      = ffffffe17b7d"
425 [22560443983552] INFO perfrun.perfcollector <> - eventId: 0, dataAddr: 30a, dataVal: ffffffe17b7d
425 [22560443983552] INFO perfrun.perfcollector <> - DRY_RUN: "reg_type       = 4	event_id       = 1	reg_id         = 30b	reg_value      = ffffffdb6100"
425 [22560443983552] INFO perfrun.perfcollector <> - eventId: 1, dataAddr: 30b, dataVal: ffffffdb6100
425 [22560443983552] INFO perfrun.perfcollector <> - DRY_RUN: "reg_type       = 4	event_id       = 5	reg_id         = c1	reg_value      = ffffffe17b7d"
425 [22560443983552] INFO perfrun.perfcollector <> - eventId: 5, dataAddr: c1, dataVal: ffffffe17b7d
425 [22560443983552] INFO perfrun.perfcollector <> - DRY_RUN: "reg_type       = 4	event_id       = 6	reg_id         = c2	reg_value      = ffffffe17b7d"
425 [22560443983552] INFO perfrun.perfcollector <> - eventId: 6, dataAddr: c2, dataVal: ffffffe17b7d
425 [22560443983552] INFO perfrun.perfcollector <> - DRY_RUN: "reg_type       = 4	event_id       = 7	reg_id         = c3	reg_value      = ffffffe17b7d"
425 [22560443983552] INFO perfrun.perfcollector <> - eventId: 7, dataAddr: c3, dataVal: ffffffe17b7d
425 [22560443983552] INFO perfrun.perfcollector <> - DRY_RUN: "reg_type       = 4	event_id       = 8	reg_id         = c4	reg_value      = ffffffe17b7d"
425 [22560443983552] INFO perfrun.perfcollector <> - eventId: 8, dataAddr: c4, dataVal: ffffffe17b7d
425 [22560443983552] INFO perfrun.perfcollector <> - DRY_RUN: "reg_type       = 4	event_id       = 3	reg_id         = c5	reg_value      = fffffffe795d"
425 [22560443983552] INFO perfrun.perfcollector <> - eventId: 3, dataAddr: c5, dataVal: fffffffe795d
425 [22560443983552] INFO perfrun.perfcollector <> - DRY_RUN: "reg_type       = 4	event_id       = 4	reg_id         = c6	reg_value      = fffffffe795d"
425 [22560443983552] INFO perfrun.perfcollector <> - eventId: 4, dataAddr: c6, dataVal: fffffffe795d
425 [22560443983552] INFO perfrun.perfcollector <> - DRY_RUN: "reg_type       = 4	event_id       = 11	reg_id         = c7	reg_value      = ffffffe17b7d"
425 [22560443983552] INFO perfrun.perfcollector <> - eventId: 11, dataAddr: c7, dataVal: ffffffe17b7d
425 [22560443983552] INFO perfrun.perfcollector <> - DRY_RUN: "reg_type       = 4	event_id       = 12	reg_id         = c8	reg_value      = ffffffe17b7d"
425 [22560443983552] INFO perfrun.perfcollector <> - eventId: 12, dataAddr: c8, dataVal: ffffffe17b7d
425 [22560443983552] INFO perfrun.perfcollector <> - DRY_RUN: "Group 1:"
425 [22560443983552] INFO perfrun.perfcollector <> - id: 1
426 [22560443983552] INFO perfrun.perfcollector <> - DRY_RUN: "INST_RETIRED.ANY: event id 2"
426 [22560443983552] INFO perfrun.perfcollector <> - eventName: INST_RETIRED.ANY, eventId: 2
426 [22560443983552] INFO perfrun.perfcollector <> - DRY_RUN: "CPU_CLK_UNHALTED.THREAD: event id 0"
426 [22560443983552] INFO perfrun.perfcollector <> - eventName: CPU_CLK_UNHALTED.THREAD, eventId: 0
426 [22560443983552] INFO perfrun.perfcollector <> - DRY_RUN: "CPU_CLK_UNHALTED.REF_TSC: event id 1"
426 [22560443983552] INFO perfrun.perfcollector <> - eventName: CPU_CLK_UNHALTED.REF_TSC, eventId: 1
426 [22560443983552] INFO perfrun.perfcollector <> - DRY_RUN: "FP_ARITH_INST_RETIRED.128B_PACKED_DOUBLE: event id 9"
426 [22560443983552] INFO perfrun.perfcollector <> - eventName: FP_ARITH_INST_RETIRED.128B_PACKED_DOUBLE, eventId: 9
426 [22560443983552] INFO perfrun.perfcollector <> - DRY_RUN: "FP_ARITH_INST_RETIRED.256B_PACKED_DOUBLE: event id 10"
426 [22560443983552] INFO perfrun.perfcollector <> - eventName: FP_ARITH_INST_RETIRED.256B_PACKED_DOUBLE, eventId: 10
426 [22560443983552] INFO perfrun.perfcollector <> - DRY_RUN: "CCCR"
426 [22560443983552] INFO perfrun.perfcollector <> - DRY_RUN: "reg_type       = 1	event_id       = g	reg_id         = 38f	reg_value      = 700000003"
426 [22560443983552] INFO perfrun.perfcollector <> - eventId: g, skip parsing event_id
426 [22560443983552] INFO perfrun.perfcollector <> - Register was ignored: group_id: 1, reg_type: 1, event_id: 4294967295, reg_id: 38f, reg_value: 700000003, pmu_name: cpu
426 [22560443983552] INFO perfrun.perfcollector <> - DRY_RUN: "reg_type       = 1	event_id       = g	reg_id         = 390	reg_value      = 700000003"
426 [22560443983552] INFO perfrun.perfcollector <> - eventId: g, skip parsing event_id
426 [22560443983552] INFO perfrun.perfcollector <> - Register was ignored: group_id: 1, reg_type: 1, event_id: 4294967295, reg_id: 390, reg_value: 700000003, pmu_name: cpu
426 [22560443983552] INFO perfrun.perfcollector <> - DRY_RUN: "reg_type       = 1	event_id       = g	reg_id         = 3f1	reg_value      = 0"
426 [22560443983552] INFO perfrun.perfcollector <> - eventId: g, skip parsing event_id
426 [22560443983552] INFO perfrun.perfcollector <> - Register was ignored: group_id: 1, reg_type: 1, event_id: 4294967295, reg_id: 3f1, reg_value: 0, pmu_name: cpu
426 [22560443983552] INFO perfrun.perfcollector <> - DRY_RUN: "reg_type       = 1	event_id       = g	reg_id         = 1d9	reg_value      = 1800"
426 [22560443983552] INFO perfrun.perfcollector <> - eventId: g, skip parsing event_id
426 [22560443983552] INFO perfrun.perfcollector <> - Register was ignored: group_id: 1, reg_type: 1, event_id: 4294967295, reg_id: 1d9, reg_value: 1800, pmu_name: cpu
426 [22560443983552] INFO perfrun.perfcollector <> - DRY_RUN: "reg_type       = 1	event_id       = g	reg_id         = 38d	reg_value      = bbb"
426 [22560443983552] INFO perfrun.perfcollector <> - eventId: g, skip parsing event_id
426 [22560443983552] INFO perfrun.perfcollector <> - Register was ignored: group_id: 1, reg_type: 1, event_id: 4294967295, reg_id: 38d, reg_value: bbb, pmu_name: cpu
426 [22560443983552] INFO perfrun.perfcollector <> - DRY_RUN: "reg_type       = 1	event_id       = 9	reg_id         = 186	reg_value      = 5304c7"
426 [22560443983552] INFO perfrun.perfcollector <> - Event selector: group_id: 1, reg_type: 1, event_id: 9, reg_id: 186, reg_value: 5304c7, pmu_name: cpu
426 [22560443983552] INFO perfrun.perfcollector <> - DRY_RUN: "reg_type       = 1	event_id       = 10	reg_id         = 187	reg_value      = 5310c7"
426 [22560443983552] INFO perfrun.perfcollector <> - Event selector: group_id: 1, reg_type: 1, event_id: 10, reg_id: 187, reg_value: 5310c7, pmu_name: cpu
426 [22560443983552] INFO perfrun.perfcollector <> - DRY_RUN: "ESCR"
426 [22560443983552] INFO perfrun.perfcollector <> - DRY_RUN: "reg_type       = 2	event_id       = g	reg_id         = 1c8	reg_value      = 0"
426 [22560443983552] INFO perfrun.perfcollector <> - eventId: g, skip parsing event_id
426 [22560443983552] INFO perfrun.perfcollector <> - DRY_RUN: "DATA"
426 [22560443983552] INFO perfrun.perfcollector <> - DRY_RUN: "reg_type       = 4	event_id       = 2	reg_id         = 309	reg_value      = ffffffdb6100"
426 [22560443983552] INFO perfrun.perfcollector <> - eventId: 2, dataAddr: 309, dataVal: ffffffdb6100
426 [22560443983552] INFO perfrun.perfcollector <> - DRY_RUN: "reg_type       = 4	event_id       = 0	reg_id         = 30a	reg_value      = ffffffe17b7d"
426 [22560443983552] INFO perfrun.perfcollector <> - eventId: 0, dataAddr: 30a, dataVal: ffffffe17b7d
426 [22560443983552] INFO perfrun.perfcollector <> - DRY_RUN: "reg_type       = 4	event_id       = 1	reg_id         = 30b	reg_value      = ffffffdb6100"
426 [22560443983552] INFO perfrun.perfcollector <> - eventId: 1, dataAddr: 30b, dataVal: ffffffdb6100
426 [22560443983552] INFO perfrun.perfcollector <> - DRY_RUN: "reg_type       = 4	event_id       = 9	reg_id         = c1	reg_value      = ffffffe17b7d"
426 [22560443983552] INFO perfrun.perfcollector <> - eventId: 9, dataAddr: c1, dataVal: ffffffe17b7d
426 [22560443983552] INFO perfrun.perfcollector <> - DRY_RUN: "reg_type       = 4	event_id       = 10	reg_id         = c2	reg_value      = ffffffe17b7d"
426 [22560443983552] INFO perfrun.perfcollector <> - eventId: 10, dataAddr: c2, dataVal: ffffffe17b7d
426 [22560443983552] INFO perfrun.perfcollector <> - event name: CPU_CLK_UNHALTED.THREAD
426 [22560443983552] INFO perfrun.perfcollector <> - pmu config: cpu
426 [22560443983552] INFO perfrun.perfcollector <> - cccrAddr: ffffffff, cccrValue: 0
426 [22560443983552] INFO perfrun.perfcollector <> - dataAddr: 30a, dataValue: ffffffffffe17b7d
426 [22560443983552] INFO perfrun.perfcollector <> - escrAddr: ffffffff, escrValue: 0
426 [22560443983552] INFO perfrun.perfcollector <> - extendedPebsValue: 0
426 [22560443983552] INFO perfrun.perfcollector <> - adaptivePebsAvailable: 0
426 [22560443983552] INFO perfrun.perfcollector <> - config: event: 3c
426 [22560443983552] INFO perfrun.perfcollector <> - config: pc: 0
426 [22560443983552] INFO perfrun.perfcollector <> - config: in_tx: 0
426 [22560443983552] INFO perfrun.perfcollector <> - config: edge: 0
426 [22560443983552] INFO perfrun.perfcollector <> - config: any: 0
426 [22560443983552] INFO perfrun.perfcollector <> - config1: offcore_rsp: 0
426 [22560443983552] INFO perfrun.perfcollector <> - config: in_tx_cp: 0
426 [22560443983552] INFO perfrun.perfcollector <> - config1: ldlat: 0
426 [22560443983552] INFO perfrun.perfcollector <> - config: inv: 0
426 [22560443983552] INFO perfrun.perfcollector <> - config: umask: 0
426 [22560443983552] INFO perfrun.perfcollector <> - config: cmask: 0
426 [22560443983552] INFO perfrun.perfcollector <> - format: cpu/event=0x3c,name='CPU_CLK_UNHALTED.THREAD'/D
426 [22560443983552] INFO perfrun.perfcollector <> - event name: CPU_CLK_UNHALTED.REF_TSC
426 [22560443983552] INFO perfrun.perfcollector <> - pmu config: cpu
426 [22560443983552] INFO perfrun.perfcollector <> - cccrAddr: ffffffff, cccrValue: 0
426 [22560443983552] INFO perfrun.perfcollector <> - dataAddr: 30b, dataValue: ffffffffffdb6100
426 [22560443983552] INFO perfrun.perfcollector <> - escrAddr: ffffffff, escrValue: 0
426 [22560443983552] INFO perfrun.perfcollector <> - extendedPebsValue: 0
426 [22560443983552] INFO perfrun.perfcollector <> - adaptivePebsAvailable: 0
426 [22560443983552] INFO perfrun.perfcollector <> - config: event: 0
426 [22560443983552] INFO perfrun.perfcollector <> - config: pc: 0
426 [22560443983552] INFO perfrun.perfcollector <> - config: in_tx: 0
426 [22560443983552] INFO perfrun.perfcollector <> - config: edge: 0
426 [22560443983552] INFO perfrun.perfcollector <> - config: any: 0
426 [22560443983552] INFO perfrun.perfcollector <> - config1: offcore_rsp: 0
426 [22560443983552] INFO perfrun.perfcollector <> - config: in_tx_cp: 0
426 [22560443983552] INFO perfrun.perfcollector <> - config1: ldlat: 0
426 [22560443983552] INFO perfrun.perfcollector <> - config: inv: 0
426 [22560443983552] INFO perfrun.perfcollector <> - config: umask: 3
426 [22560443983552] INFO perfrun.perfcollector <> - config: cmask: 0
426 [22560443983552] INFO perfrun.perfcollector <> - format: cpu/umask=0x3,name='CPU_CLK_UNHALTED.REF_TSC'/D
426 [22560443983552] INFO perfrun.perfcollector <> - event name: INST_RETIRED.ANY
426 [22560443983552] INFO perfrun.perfcollector <> - pmu config: cpu
426 [22560443983552] INFO perfrun.perfcollector <> - cccrAddr: ffffffff, cccrValue: 0
426 [22560443983552] INFO perfrun.perfcollector <> - dataAddr: 309, dataValue: ffffffffffdb6100
426 [22560443983552] INFO perfrun.perfcollector <> - escrAddr: ffffffff, escrValue: 0
426 [22560443983552] INFO perfrun.perfcollector <> - extendedPebsValue: 0
426 [22560443983552] INFO perfrun.perfcollector <> - adaptivePebsAvailable: 0
426 [22560443983552] INFO perfrun.perfcollector <> - config: event: c0
426 [22560443983552] INFO perfrun.perfcollector <> - config: pc: 0
426 [22560443983552] INFO perfrun.perfcollector <> - config: in_tx: 0
426 [22560443983552] INFO perfrun.perfcollector <> - config: edge: 0
426 [22560443983552] INFO perfrun.perfcollector <> - config: any: 0
426 [22560443983552] INFO perfrun.perfcollector <> - config1: offcore_rsp: 0
426 [22560443983552] INFO perfrun.perfcollector <> - config: in_tx_cp: 0
426 [22560443983552] INFO perfrun.perfcollector <> - config1: ldlat: 0
426 [22560443983552] INFO perfrun.perfcollector <> - config: inv: 0
426 [22560443983552] INFO perfrun.perfcollector <> - config: umask: 0
426 [22560443983552] INFO perfrun.perfcollector <> - config: cmask: 0
426 [22560443983552] INFO perfrun.perfcollector <> - format: cpu/event=0xc0,name='INST_RETIRED.ANY'/D
426 [22560443983552] INFO perfrun.perfcollector <> - event name: CPU_CLK_UNHALTED.REF_XCLK
426 [22560443983552] INFO perfrun.perfcollector <> - pmu config: cpu
426 [22560443983552] INFO perfrun.perfcollector <> - cccrAddr: 18a, cccrValue: 53013c
426 [22560443983552] INFO perfrun.perfcollector <> - dataAddr: c5, dataValue: fffffffffffe795d
426 [22560443983552] INFO perfrun.perfcollector <> - escrAddr: ffffffff, escrValue: 0
426 [22560443983552] INFO perfrun.perfcollector <> - extendedPebsValue: 0
426 [22560443983552] INFO perfrun.perfcollector <> - adaptivePebsAvailable: 0
426 [22560443983552] INFO perfrun.perfcollector <> - config: event: 3c
426 [22560443983552] INFO perfrun.perfcollector <> - config: pc: 0
426 [22560443983552] INFO perfrun.perfcollector <> - config: in_tx: 0
426 [22560443983552] INFO perfrun.perfcollector <> - config: edge: 0
426 [22560443983552] INFO perfrun.perfcollector <> - config: any: 0
426 [22560443983552] INFO perfrun.perfcollector <> - config1: offcore_rsp: 0
426 [22560443983552] INFO perfrun.perfcollector <> - config: in_tx_cp: 0
426 [22560443983552] INFO perfrun.perfcollector <> - config1: ldlat: 0
426 [22560443983552] INFO perfrun.perfcollector <> - config: inv: 0
426 [22560443983552] INFO perfrun.perfcollector <> - config: umask: 1
426 [22560443983552] INFO perfrun.perfcollector <> - config: cmask: 0
426 [22560443983552] INFO perfrun.perfcollector <> - format: cpu/event=0x3c,umask=0x1,name='CPU_CLK_UNHALTED.REF_XCLK'/
426 [22560443983552] INFO perfrun.perfcollector <> - event name: CPU_CLK_UNHALTED.ONE_THREAD_ACTIVE
426 [22560443983552] INFO perfrun.perfcollector <> - pmu config: cpu
426 [22560443983552] INFO perfrun.perfcollector <> - cccrAddr: 18b, cccrValue: 53023c
426 [22560443983552] INFO perfrun.perfcollector <> - dataAddr: c6, dataValue: fffffffffffe795d
426 [22560443983552] INFO perfrun.perfcollector <> - escrAddr: ffffffff, escrValue: 0
426 [22560443983552] INFO perfrun.perfcollector <> - extendedPebsValue: 0
426 [22560443983552] INFO perfrun.perfcollector <> - adaptivePebsAvailable: 0
426 [22560443983552] INFO perfrun.perfcollector <> - config: event: 3c
426 [22560443983552] INFO perfrun.perfcollector <> - config: pc: 0
426 [22560443983552] INFO perfrun.perfcollector <> - config: in_tx: 0
426 [22560443983552] INFO perfrun.perfcollector <> - config: edge: 0
426 [22560443983552] INFO perfrun.perfcollector <> - config: any: 0
426 [22560443983552] INFO perfrun.perfcollector <> - config1: offcore_rsp: 0
426 [22560443983552] INFO perfrun.perfcollector <> - config: in_tx_cp: 0
426 [22560443983552] INFO perfrun.perfcollector <> - config1: ldlat: 0
426 [22560443983552] INFO perfrun.perfcollector <> - config: inv: 0
426 [22560443983552] INFO perfrun.perfcollector <> - config: umask: 2
426 [22560443983552] INFO perfrun.perfcollector <> - config: cmask: 0
426 [22560443983552] INFO perfrun.perfcollector <> - format: cpu/event=0x3c,umask=0x2,name='CPU_CLK_UNHALTED.ONE_THREAD_ACTIVE'/
426 [22560443983552] INFO perfrun.perfcollector <> - event name: FP_ARITH_INST_RETIRED.SCALAR_SINGLE
426 [22560443983552] INFO perfrun.perfcollector <> - pmu config: cpu
426 [22560443983552] INFO perfrun.perfcollector <> - cccrAddr: 186, cccrValue: 5302c7
426 [22560443983552] INFO perfrun.perfcollector <> - dataAddr: c1, dataValue: ffffffffffe17b7d
426 [22560443983552] INFO perfrun.perfcollector <> - escrAddr: ffffffff, escrValue: 0
426 [22560443983552] INFO perfrun.perfcollector <> - extendedPebsValue: 0
426 [22560443983552] INFO perfrun.perfcollector <> - adaptivePebsAvailable: 0
426 [22560443983552] INFO perfrun.perfcollector <> - config: event: c7
426 [22560443983552] INFO perfrun.perfcollector <> - config: pc: 0
426 [22560443983552] INFO perfrun.perfcollector <> - config: in_tx: 0
426 [22560443983552] INFO perfrun.perfcollector <> - config: edge: 0
426 [22560443983552] INFO perfrun.perfcollector <> - config: any: 0
426 [22560443983552] INFO perfrun.perfcollector <> - config1: offcore_rsp: 0
426 [22560443983552] INFO perfrun.perfcollector <> - config: in_tx_cp: 0
426 [22560443983552] INFO perfrun.perfcollector <> - config1: ldlat: 0
426 [22560443983552] INFO perfrun.perfcollector <> - config: inv: 0
426 [22560443983552] INFO perfrun.perfcollector <> - config: umask: 2
426 [22560443983552] INFO perfrun.perfcollector <> - config: cmask: 0
426 [22560443983552] INFO perfrun.perfcollector <> - format: cpu/event=0xc7,umask=0x2,name='FP_ARITH_INST_RETIRED.SCALAR_SINGLE'/
426 [22560443983552] INFO perfrun.perfcollector <> - event name: FP_ARITH_INST_RETIRED.128B_PACKED_SINGLE
426 [22560443983552] INFO perfrun.perfcollector <> - pmu config: cpu
426 [22560443983552] INFO perfrun.perfcollector <> - cccrAddr: 187, cccrValue: 5308c7
426 [22560443983552] INFO perfrun.perfcollector <> - dataAddr: c2, dataValue: ffffffffffe17b7d
426 [22560443983552] INFO perfrun.perfcollector <> - escrAddr: ffffffff, escrValue: 0
426 [22560443983552] INFO perfrun.perfcollector <> - extendedPebsValue: 0
426 [22560443983552] INFO perfrun.perfcollector <> - adaptivePebsAvailable: 0
426 [22560443983552] INFO perfrun.perfcollector <> - config: event: c7
426 [22560443983552] INFO perfrun.perfcollector <> - config: pc: 0
426 [22560443983552] INFO perfrun.perfcollector <> - config: in_tx: 0
426 [22560443983552] INFO perfrun.perfcollector <> - config: edge: 0
426 [22560443983552] INFO perfrun.perfcollector <> - config: any: 0
426 [22560443983552] INFO perfrun.perfcollector <> - config1: offcore_rsp: 0
426 [22560443983552] INFO perfrun.perfcollector <> - config: in_tx_cp: 0
426 [22560443983552] INFO perfrun.perfcollector <> - config1: ldlat: 0
426 [22560443983552] INFO perfrun.perfcollector <> - config: inv: 0
426 [22560443983552] INFO perfrun.perfcollector <> - config: umask: 8
426 [22560443983552] INFO perfrun.perfcollector <> - config: cmask: 0
426 [22560443983552] INFO perfrun.perfcollector <> - format: cpu/event=0xc7,umask=0x8,name='FP_ARITH_INST_RETIRED.128B_PACKED_SINGLE'/
426 [22560443983552] INFO perfrun.perfcollector <> - event name: FP_ARITH_INST_RETIRED.256B_PACKED_SINGLE
426 [22560443983552] INFO perfrun.perfcollector <> - pmu config: cpu
426 [22560443983552] INFO perfrun.perfcollector <> - cccrAddr: 188, cccrValue: 5320c7
426 [22560443983552] INFO perfrun.perfcollector <> - dataAddr: c3, dataValue: ffffffffffe17b7d
426 [22560443983552] INFO perfrun.perfcollector <> - escrAddr: ffffffff, escrValue: 0
426 [22560443983552] INFO perfrun.perfcollector <> - extendedPebsValue: 0
426 [22560443983552] INFO perfrun.perfcollector <> - adaptivePebsAvailable: 0
426 [22560443983552] INFO perfrun.perfcollector <> - config: event: c7
426 [22560443983552] INFO perfrun.perfcollector <> - config: pc: 0
426 [22560443983552] INFO perfrun.perfcollector <> - config: in_tx: 0
426 [22560443983552] INFO perfrun.perfcollector <> - config: edge: 0
426 [22560443983552] INFO perfrun.perfcollector <> - config: any: 0
426 [22560443983552] INFO perfrun.perfcollector <> - config1: offcore_rsp: 0
426 [22560443983552] INFO perfrun.perfcollector <> - config: in_tx_cp: 0
426 [22560443983552] INFO perfrun.perfcollector <> - config1: ldlat: 0
426 [22560443983552] INFO perfrun.perfcollector <> - config: inv: 0
426 [22560443983552] INFO perfrun.perfcollector <> - config: umask: 20
426 [22560443983552] INFO perfrun.perfcollector <> - config: cmask: 0
426 [22560443983552] INFO perfrun.perfcollector <> - format: cpu/event=0xc7,umask=0x20,name='FP_ARITH_INST_RETIRED.256B_PACKED_SINGLE'/
426 [22560443983552] INFO perfrun.perfcollector <> - event name: FP_ARITH_INST_RETIRED.SCALAR_DOUBLE
426 [22560443983552] INFO perfrun.perfcollector <> - pmu config: cpu
426 [22560443983552] INFO perfrun.perfcollector <> - cccrAddr: 189, cccrValue: 5301c7
426 [22560443983552] INFO perfrun.perfcollector <> - dataAddr: c4, dataValue: ffffffffffe17b7d
426 [22560443983552] INFO perfrun.perfcollector <> - escrAddr: ffffffff, escrValue: 0
426 [22560443983552] INFO perfrun.perfcollector <> - extendedPebsValue: 0
426 [22560443983552] INFO perfrun.perfcollector <> - adaptivePebsAvailable: 0
426 [22560443983552] INFO perfrun.perfcollector <> - config: event: c7
426 [22560443983552] INFO perfrun.perfcollector <> - config: pc: 0
426 [22560443983552] INFO perfrun.perfcollector <> - config: in_tx: 0
426 [22560443983552] INFO perfrun.perfcollector <> - config: edge: 0
426 [22560443983552] INFO perfrun.perfcollector <> - config: any: 0
426 [22560443983552] INFO perfrun.perfcollector <> - config1: offcore_rsp: 0
426 [22560443983552] INFO perfrun.perfcollector <> - config: in_tx_cp: 0
426 [22560443983552] INFO perfrun.perfcollector <> - config1: ldlat: 0
426 [22560443983552] INFO perfrun.perfcollector <> - config: inv: 0
426 [22560443983552] INFO perfrun.perfcollector <> - config: umask: 1
426 [22560443983552] INFO perfrun.perfcollector <> - config: cmask: 0
426 [22560443983552] INFO perfrun.perfcollector <> - format: cpu/event=0xc7,umask=0x1,name='FP_ARITH_INST_RETIRED.SCALAR_DOUBLE'/
426 [22560443983552] INFO perfrun.perfcollector <> - event name: FP_ARITH_INST_RETIRED.128B_PACKED_DOUBLE
426 [22560443983552] INFO perfrun.perfcollector <> - pmu config: cpu
426 [22560443983552] INFO perfrun.perfcollector <> - cccrAddr: 186, cccrValue: 5304c7
426 [22560443983552] INFO perfrun.perfcollector <> - dataAddr: c1, dataValue: ffffffffffe17b7d
426 [22560443983552] INFO perfrun.perfcollector <> - escrAddr: ffffffff, escrValue: 0
426 [22560443983552] INFO perfrun.perfcollector <> - extendedPebsValue: 0
426 [22560443983552] INFO perfrun.perfcollector <> - adaptivePebsAvailable: 0
426 [22560443983552] INFO perfrun.perfcollector <> - config: event: c7
426 [22560443983552] INFO perfrun.perfcollector <> - config: pc: 0
426 [22560443983552] INFO perfrun.perfcollector <> - config: in_tx: 0
426 [22560443983552] INFO perfrun.perfcollector <> - config: edge: 0
426 [22560443983552] INFO perfrun.perfcollector <> - config: any: 0
426 [22560443983552] INFO perfrun.perfcollector <> - config1: offcore_rsp: 0
426 [22560443983552] INFO perfrun.perfcollector <> - config: in_tx_cp: 0
426 [22560443983552] INFO perfrun.perfcollector <> - config1: ldlat: 0
426 [22560443983552] INFO perfrun.perfcollector <> - config: inv: 0
426 [22560443983552] INFO perfrun.perfcollector <> - config: umask: 4
426 [22560443983552] INFO perfrun.perfcollector <> - config: cmask: 0
426 [22560443983552] INFO perfrun.perfcollector <> - format: cpu/event=0xc7,umask=0x4,name='FP_ARITH_INST_RETIRED.128B_PACKED_DOUBLE'/
426 [22560443983552] INFO perfrun.perfcollector <> - event name: FP_ARITH_INST_RETIRED.256B_PACKED_DOUBLE
426 [22560443983552] INFO perfrun.perfcollector <> - pmu config: cpu
426 [22560443983552] INFO perfrun.perfcollector <> - cccrAddr: 187, cccrValue: 5310c7
426 [22560443983552] INFO perfrun.perfcollector <> - dataAddr: c2, dataValue: ffffffffffe17b7d
426 [22560443983552] INFO perfrun.perfcollector <> - escrAddr: ffffffff, escrValue: 0
426 [22560443983552] INFO perfrun.perfcollector <> - extendedPebsValue: 0
426 [22560443983552] INFO perfrun.perfcollector <> - adaptivePebsAvailable: 0
426 [22560443983552] INFO perfrun.perfcollector <> - config: event: c7
426 [22560443983552] INFO perfrun.perfcollector <> - config: pc: 0
426 [22560443983552] INFO perfrun.perfcollector <> - config: in_tx: 0
426 [22560443983552] INFO perfrun.perfcollector <> - config: edge: 0
426 [22560443983552] INFO perfrun.perfcollector <> - config: any: 0
426 [22560443983552] INFO perfrun.perfcollector <> - config1: offcore_rsp: 0
426 [22560443983552] INFO perfrun.perfcollector <> - config: in_tx_cp: 0
426 [22560443983552] INFO perfrun.perfcollector <> - config1: ldlat: 0
426 [22560443983552] INFO perfrun.perfcollector <> - config: inv: 0
426 [22560443983552] INFO perfrun.perfcollector <> - config: umask: 10
426 [22560443983552] INFO perfrun.perfcollector <> - config: cmask: 0
427 [22560443983552] INFO perfrun.perfcollector <> - format: cpu/event=0xc7,umask=0x10,name='FP_ARITH_INST_RETIRED.256B_PACKED_DOUBLE'/
427 [22560443983552] INFO perfrun.perfcollector <> - event name: INST_RETIRED.X87
427 [22560443983552] INFO perfrun.perfcollector <> - pmu config: cpu
427 [22560443983552] INFO perfrun.perfcollector <> - cccrAddr: 18c, cccrValue: 5302c0
427 [22560443983552] INFO perfrun.perfcollector <> - dataAddr: c7, dataValue: ffffffffffe17b7d
427 [22560443983552] INFO perfrun.perfcollector <> - escrAddr: ffffffff, escrValue: 0
427 [22560443983552] INFO perfrun.perfcollector <> - extendedPebsValue: 0
427 [22560443983552] INFO perfrun.perfcollector <> - adaptivePebsAvailable: 0
427 [22560443983552] INFO perfrun.perfcollector <> - config: event: c0
427 [22560443983552] INFO perfrun.perfcollector <> - config: pc: 0
427 [22560443983552] INFO perfrun.perfcollector <> - config: in_tx: 0
427 [22560443983552] INFO perfrun.perfcollector <> - config: edge: 0
427 [22560443983552] INFO perfrun.perfcollector <> - config: any: 0
427 [22560443983552] INFO perfrun.perfcollector <> - config1: offcore_rsp: 0
427 [22560443983552] INFO perfrun.perfcollector <> - config: in_tx_cp: 0
427 [22560443983552] INFO perfrun.perfcollector <> - config1: ldlat: 0
427 [22560443983552] INFO perfrun.perfcollector <> - config: inv: 0
427 [22560443983552] INFO perfrun.perfcollector <> - config: umask: 2
427 [22560443983552] INFO perfrun.perfcollector <> - config: cmask: 0
427 [22560443983552] INFO perfrun.perfcollector <> - format: cpu/event=0xc0,umask=0x2,name='INST_RETIRED.X87'/
427 [22560443983552] INFO perfrun.perfcollector <> - event name: UOPS_RETIRED.RETIRE_SLOTS
427 [22560443983552] INFO perfrun.perfcollector <> - pmu config: cpu
427 [22560443983552] INFO perfrun.perfcollector <> - cccrAddr: 18d, cccrValue: 5302c2
427 [22560443983552] INFO perfrun.perfcollector <> - dataAddr: c8, dataValue: ffffffffffe17b7d
427 [22560443983552] INFO perfrun.perfcollector <> - escrAddr: ffffffff, escrValue: 0
427 [22560443983552] INFO perfrun.perfcollector <> - extendedPebsValue: 0
427 [22560443983552] INFO perfrun.perfcollector <> - adaptivePebsAvailable: 0
427 [22560443983552] INFO perfrun.perfcollector <> - config: event: c2
427 [22560443983552] INFO perfrun.perfcollector <> - config: pc: 0
427 [22560443983552] INFO perfrun.perfcollector <> - config: in_tx: 0
427 [22560443983552] INFO perfrun.perfcollector <> - config: edge: 0
427 [22560443983552] INFO perfrun.perfcollector <> - config: any: 0
427 [22560443983552] INFO perfrun.perfcollector <> - config1: offcore_rsp: 0
427 [22560443983552] INFO perfrun.perfcollector <> - config: in_tx_cp: 0
427 [22560443983552] INFO perfrun.perfcollector <> - config1: ldlat: 0
427 [22560443983552] INFO perfrun.perfcollector <> - config: inv: 0
427 [22560443983552] INFO perfrun.perfcollector <> - config: umask: 2
427 [22560443983552] INFO perfrun.perfcollector <> - config: cmask: 0
427 [22560443983552] INFO perfrun.perfcollector <> - format: cpu/event=0xc2,umask=0x2,name='UOPS_RETIRED.RETIRE_SLOTS'/
427 [22560443983552] INFO perfrun.perfcollector <> - event: cpu/event=0x3c,name='CPU_CLK_UNHALTED.THREAD'/Duk, added for counting
427 [22560443983552] INFO perfrun.perfcollector <> - event: cpu/umask=0x3,name='CPU_CLK_UNHALTED.REF_TSC'/Duk, added for counting
427 [22560443983552] INFO perfrun.perfcollector <> - event: cpu/event=0xc0,name='INST_RETIRED.ANY'/Duk, added for counting
427 [22560443983552] INFO perfrun.perfcollector <> - event: cpu/event=0x3c,umask=0x1,name='CPU_CLK_UNHALTED.REF_XCLK'/uk, added for counting
427 [22560443983552] INFO perfrun.perfcollector <> - event: cpu/event=0x3c,umask=0x2,name='CPU_CLK_UNHALTED.ONE_THREAD_ACTIVE'/uk, added for counting
427 [22560443983552] INFO perfrun.perfcollector <> - event: cpu/event=0xc7,umask=0x2,name='FP_ARITH_INST_RETIRED.SCALAR_SINGLE'/uk, added for counting
427 [22560443983552] INFO perfrun.perfcollector <> - event: cpu/event=0xc7,umask=0x8,name='FP_ARITH_INST_RETIRED.128B_PACKED_SINGLE'/uk, added for counting
427 [22560443983552] INFO perfrun.perfcollector <> - event: cpu/event=0xc7,umask=0x20,name='FP_ARITH_INST_RETIRED.256B_PACKED_SINGLE'/uk, added for counting
427 [22560443983552] INFO perfrun.perfcollector <> - event: cpu/event=0xc7,umask=0x1,name='FP_ARITH_INST_RETIRED.SCALAR_DOUBLE'/uk, added for counting
427 [22560443983552] INFO perfrun.perfcollector <> - event: cpu/event=0xc7,umask=0x4,name='FP_ARITH_INST_RETIRED.128B_PACKED_DOUBLE'/uk, added for counting
427 [22560443983552] INFO perfrun.perfcollector <> - event: cpu/event=0xc7,umask=0x10,name='FP_ARITH_INST_RETIRED.256B_PACKED_DOUBLE'/uk, added for counting
427 [22560443983552] INFO perfrun.perfcollector <> - event: cpu/event=0xc0,umask=0x2,name='INST_RETIRED.X87'/uk, added for counting
427 [22560443983552] INFO perfrun.perfcollector <> - event: cpu/event=0xc2,umask=0x2,name='UOPS_RETIRED.RETIRE_SLOTS'/uk, added for counting
427 [22560443983552] INFO perfrun.perfcollector <> - attaching to pid: 4294967295, collect mode: 1, rc modes: 3
442 [22560432936640] WARN perfrun.perfcollector <> - Perf stat trace pipe capacity: read = 1048576, write = 1048576, at file: vcs/perfrun1/plugins/perfcollector/src/profiler.cpp:765
452 [22560432936640] INFO perfrun.sdk <> - runCmd: /opt/intel/oneapi/vtune/2023.1.0/bin64/amplxe-perf stat -v --log-fd 10 --scale -x ; -e cpu/event=0x3c,name='CPU_CLK_UNHALTED.THREAD'/Duk,cpu/umask=0x3,name='CPU_CLK_UNHALTED.REF_TSC'/Duk,cpu/event=0xc0,name='INST_RETIRED.ANY'/Duk,cpu/event=0x3c,umask=0x1,name='CPU_CLK_UNHALTED.REF_XCLK'/uk,cpu/event=0x3c,umask=0x2,name='CPU_CLK_UNHALTED.ONE_THREAD_ACTIVE'/uk,cpu/event=0xc7,umask=0x2,name='FP_ARITH_INST_RETIRED.SCALAR_SINGLE'/uk,cpu/event=0xc7,umask=0x8,name='FP_ARITH_INST_RETIRED.128B_PACKED_SINGLE'/uk,cpu/event=0xc7,umask=0x20,name='FP_ARITH_INST_RETIRED.256B_PACKED_SINGLE'/uk,cpu/event=0xc7,umask=0x1,name='FP_ARITH_INST_RETIRED.SCALAR_DOUBLE'/uk,cpu/event=0xc7,umask=0x4,name='FP_ARITH_INST_RETIRED.128B_PACKED_DOUBLE'/uk,cpu/event=0xc7,umask=0x10,name='FP_ARITH_INST_RETIRED.256B_PACKED_DOUBLE'/uk,cpu/event=0xc0,umask=0x2,name='INST_RETIRED.X87'/uk,cpu/event=0xc2,umask=0x2,name='UOPS_RETIRED.RETIRE_SLOTS'/uk /opt/intel/oneapi/vtune/2023.1.0/bin64/amplxe-perf-sync dryrun sys
453 [22560432936640] INFO perfrun.sdk <> - runCmd started PID 3362867
661 [22560432936640] INFO perfrun.perfcollector <> - Monitor: runCmd RC = true
664 [22560443983552] INFO perfrun.launcher <> - plugin [aoclprofile] was disabled because it doesn't support the given collection type.
664 [22560443983552] INFO perfrun.tpss <> - initialize tpss controller
664 [22560443983552] INFO perfrun.tpss <> - configure collection mode: value = cpu:counters:nostack
664 [22560443983552] INFO perfrun.tpss <> - configure collection mode: value = cpu:stack
664 [22560443983552] INFO perfrun.tpss <> - default obj-size-min=1024
664 [22560443983552] INFO perfrun.tpss <> - default hash-table-size=0
664 [22560443983552] INFO perfrun.launcher <> - plugin [media] was disabled because it doesn't support the given collection type.
664 [22560443983552] INFO perfrun.launcher <> - plugin [] was disabled because it doesn't support the given collection type.
664 [22560443983552] INFO perfrun.launcher <> - plugin [] was disabled because it doesn't support the given collection type.
664 [22560443983552] INFO perfrun.launcher <> - plugin [parallelfs] was disabled because it doesn't support the given collection type.
664 [22560443983552] INFO perfrun.launcher <> - plugin [power] was disabled because it doesn't support the given collection type.
664 [22560443983552] INFO perfrun.launcher <> - plugin [hwloc] was disabled because it doesn't support the given collection type.
664 [22560443983552] INFO perfrun.launcher <> - plugin [ipmwatch] was disabled because it doesn't support the given collection type.
664 [22560443983552] INFO perfrun.launcher <> - plugin [os_counters] was disabled because it doesn't support the given collection type.
664 [22560443983552] INFO perfrun.launcher <> - plugin [l0_metrics] was disabled because it doesn't support the given collection type.
664 [22560586950528] INFO perfrun.launcher <> - set environment variable: LD_LIBRARY_PATH = /opt/intel/oneapi/vtune/2023.1.0/lib32/runtime:/opt/intel/oneapi/vtune/2023.1.0/lib64/runtime:/opt/intel/oneapi/tbb/2021.5.1/env/../lib/intel64/gcc4.8:/opt/intel/oneapi/mpi/2021.5.1//libfabric/lib:/opt/intel/oneapi/mpi/2021.5.1//lib/release:/opt/intel/oneapi/mpi/2021.5.1//lib:/opt/intel/oneapi/mkl/2022.0.2/lib/intel64:/opt/intel/oneapi/itac/2021.5.0/slib:/opt/intel/oneapi/debugger/2021.5.0/gdb/intel64/lib:/opt/intel/oneapi/debugger/2021.5.0/libipt/intel64/lib:/opt/intel/oneapi/debugger/2021.5.0/dep/lib:/opt/intel/oneapi/compiler/2022.0.2/linux/lib:/opt/intel/oneapi/compiler/2022.0.2/linux/lib/x64:/opt/intel/oneapi/compiler/2022.0.2/linux/lib/oclfpga/host/linux64/lib:/opt/intel/oneapi/compiler/2022.0.2/linux/compiler/lib/intel64_lin
664 [22560586950528] INFO perfrun.launcher <> - set environment variable: INTEL_LIBITTNOTIFY32 = /opt/intel/oneapi/vtune/2023.1.0/lib32/runtime/libittnotify_collector.so
664 [22560586950528] INFO perfrun.launcher <> - set environment variable: INTEL_LIBITTNOTIFY64 = /opt/intel/oneapi/vtune/2023.1.0/lib64/runtime/libittnotify_collector.so
665 [22560586950528] INFO perfrun.launcher <> - set environment variable: INTEL_ITTNOTIFY_GROUPS = 
665 [22560586950528] INFO perfrun.launcher <> - set environment variable: INTEL_JIT_PROFILER32 = /opt/intel/oneapi/vtune/2023.1.0/lib32/runtime/libittnotify_collector.so
665 [22560586950528] INFO perfrun.launcher <> - set environment variable: INTEL_JIT_PROFILER64 = /opt/intel/oneapi/vtune/2023.1.0/lib64/runtime/libittnotify_collector.so
665 [22560586950528] INFO perfrun.launcher <> - set environment variable: OMP_TOOL_LIBRARIES = /opt/intel/oneapi/vtune/2023.1.0/lib32/runtime/libittnotify_collector.so:/opt/intel/oneapi/vtune/2023.1.0/lib64/runtime/libittnotify_collector.so
665 [22560586950528] INFO perfrun.launcher <> - set environment variable: ENABLE_JITPROFILING = 1
665 [22560586950528] INFO perfrun.launcher <> - set environment variable: CL_CONFIG_USE_VTUNE = True
665 [22560586950528] INFO perfrun.launcher <> - set environment variable: LD_PRELOAD = libittnotify_collector.so:
665 [22560586950528] INFO perfrun.launcher <> - set environment variable: KMP_FORKJOIN_FRAMES = 0
665 [22560586950528] INFO perfrun.launcher <> - set environment variable: KMP_FORKJOIN_FRAMES_MODE = 0
665 [22560586950528] INFO perfrun.launcher <> - set environment variable: OMP_TOOL = disabled
665 [22560586950528] INFO perfrun.launcher <> - set environment variable: INTEL_MRTE_DATA_DIR = /home/course/hpc/users/2022012388/exp8/vtune_result.conv4/data.6
665 [22560586950528] INFO perfrun.launcher <> - set environment variable: INTEL_MRTE_HOST_NAME = conv4
665 [22560586950528] INFO perfrun.launcher <> - set environment variable: JAVA_TOOL_OPTIONS = -agentlib:amplxe_tpssmrte_javaprof_1.0 -Dsun.boot.library.path=/opt/intel/oneapi/vtune/2023.1.0/lib32/runtime:/opt/intel/oneapi/vtune/2023.1.0/lib64/runtime
665 [22560586950528] INFO perfrun.launcher <> - set environment variable: LD_LIBRARY_PATH = /opt/intel/oneapi/vtune/2023.1.0/lib32/runtime:/opt/intel/oneapi/vtune/2023.1.0/lib64/runtime:/opt/intel/oneapi/tbb/2021.5.1/env/../lib/intel64/gcc4.8:/opt/intel/oneapi/mpi/2021.5.1//libfabric/lib:/opt/intel/oneapi/mpi/2021.5.1//lib/release:/opt/intel/oneapi/mpi/2021.5.1//lib:/opt/intel/oneapi/mkl/2022.0.2/lib/intel64:/opt/intel/oneapi/itac/2021.5.0/slib:/opt/intel/oneapi/debugger/2021.5.0/gdb/intel64/lib:/opt/intel/oneapi/debugger/2021.5.0/libipt/intel64/lib:/opt/intel/oneapi/debugger/2021.5.0/dep/lib:/opt/intel/oneapi/compiler/2022.0.2/linux/lib:/opt/intel/oneapi/compiler/2022.0.2/linux/lib/x64:/opt/intel/oneapi/compiler/2022.0.2/linux/lib/oclfpga/host/linux64/lib:/opt/intel/oneapi/compiler/2022.0.2/linux/compiler/lib/intel64_lin
665 [22560586950528] INFO perfrun.launcher <> - set environment variable: CORECLR_ENABLE_PROFILING = 1
665 [22560586950528] INFO perfrun.launcher <> - set environment variable: CORECLR_PROFILER = {AA5E4821-E3B1-479c-B7FF-5AD047D22CED}
665 [22560586950528] INFO perfrun.launcher <> - set environment variable: CORECLR_PROFILER_PATH = /opt/intel/oneapi/vtune/2023.1.0/lib64/libamplxe_samplingmrte_clrprof_1.0.so
665 [22560586950528] INFO perfrun.launcher <> - set environment variable: INTEL_MRTE_PROFILER_MODE = mixed
665 [22560586950528] INFO perfrun.launcher <> - RpcServer: run RPC server to handle requests
668 [22560586950528] INFO perfrun.launcher <> - Launcher: command line to start before modification = ./main 2022012388
668 [22560586950528] INFO perfrun.launcher <> - Launcher: command line to start after modification = /opt/intel/oneapi/vtune/2023.1.0/bin64/pin -error_file /home/course/hpc/users/2022012388/exp8/vtune_result.conv4/data.6/pinerr.tpsslog -detach_reattach -follow_execv -tool_load_option deepbind -t64 /opt/intel/oneapi/vtune/2023.1.0/lib64/libtpsstool.so -t /opt/intel/oneapi/vtune/2023.1.0/lib32/libtpsstool.so -server_name tpss_ipc.3362678 -prd_dir /opt/intel/oneapi/vtune/2023.1.0 -- ./main 2022012388
1069 [22560586950528] INFO perfrun.launcher <> - ProcessCreator object was created
1070 [22560586950528] INFO perfrun.launcher <> - Launcher: the process was started in suspend mode
1074 [22560443983552] WARN perfrun.system <> - Could not do anything with /sys/kernel/debug/kvm: boost::filesystem::status: Permission denied: "/sys/kernel/debug/kvm", at file: vcs/perfrun1/plugins/system/src/trace_writer.cpp:787
1074 [22560443983552] WARN perfrun.system <> - Folder "/var/run/libvirt/qemu/"doesn't exist, at file: vcs/perfrun1/plugins/system/src/trace_writer.cpp:800
1074 [22560443983552] INFO perfrun.itt <> - start itt controller for pid #3363002
1075 [22560443983552] INFO perfrun.perfcollector <> - attaching to pid: 3363002, collect mode: 1, rc modes: 1
1088 [22560426632896] WARN perfrun.perfcollector <> - Perf stat trace pipe capacity: read = 1048576, write = 1048576, at file: vcs/perfrun1/plugins/perfcollector/src/profiler.cpp:765
1098 [22560426632896] INFO perfrun.sdk <> - runCmd: /opt/intel/oneapi/vtune/2023.1.0/bin64/amplxe-perf stat -v --log-fd 22 --control=fd:23,26 --scale -x ; -p 3363002 -e cpu/event=0x3c,name='CPU_CLK_UNHALTED.THREAD'/Duk,cpu/umask=0x3,name='CPU_CLK_UNHALTED.REF_TSC'/Duk,cpu/event=0xc0,name='INST_RETIRED.ANY'/Duk,cpu/event=0x3c,umask=0x1,name='CPU_CLK_UNHALTED.REF_XCLK'/uk,cpu/event=0x3c,umask=0x2,name='CPU_CLK_UNHALTED.ONE_THREAD_ACTIVE'/uk,cpu/event=0xc7,umask=0x2,name='FP_ARITH_INST_RETIRED.SCALAR_SINGLE'/uk,cpu/event=0xc7,umask=0x8,name='FP_ARITH_INST_RETIRED.128B_PACKED_SINGLE'/uk,cpu/event=0xc7,umask=0x20,name='FP_ARITH_INST_RETIRED.256B_PACKED_SINGLE'/uk,cpu/event=0xc7,umask=0x1,name='FP_ARITH_INST_RETIRED.SCALAR_DOUBLE'/uk,cpu/event=0xc7,umask=0x4,name='FP_ARITH_INST_RETIRED.128B_PACKED_DOUBLE'/uk,cpu/event=0xc7,umask=0x10,name='FP_ARITH_INST_RETIRED.256B_PACKED_DOUBLE'/uk,cpu/event=0xc0,umask=0x2,name='INST_RETIRED.X87'/uk,cpu/event=0xc2,umask=0x2,name='UOPS_RETIRED.RETIRE_SLOTS'/uk /opt/intel/oneapi/vtune/2023.1.0/bin64/amplxe-perf-sync sync sys
1098 [22560426632896] INFO perfrun.sdk <> - runCmd started PID 3363087
1271 [22560443983552] INFO perfrun.tpss <> - start tpss controller for pid #3363002
1322 [22560586950528] INFO perfrun.launcher <> - Launcher: all plugins were started
1322 [22560586950528] INFO perfrun.launcher <> - DirectoryMonitor object was created
1322 [22560586950528] INFO perfrun.launcher <> - DirectoryMonitor: a callback was added
1322 [22560586950528] INFO perfrun.launcher <> - DirectoryMonitor was started with pingTime = 1000
1322 [22560586950528] INFO perfrun.launcher <> - DeadlineTimer is going to be constructed
1322 [22560586950528] INFO perfrun.launcher <> - DeadlineTimer: a callback was added
1324 [22560586950528] INFO perfrun.launcher <> - Launcher: resume the profiled application and  wait its termination or stop command
3353 [22560586950528] INFO perfrun.launcher <> - Launcher: the profiled application was terminated  with exit code = 1
3558 [22560443983552] INFO perfrun.itt <> - detach itt controller
3558 [22560443983552] INFO perfrun.itt <> - detach itt controller done
3560 [22560426632896] INFO perfrun.perfcollector <> - Monitor: runCmd RC = true
3561 [22560443983552] INFO perfrun.perfcollector <> - Monitor: state = 3, error = 1
3561 [22560443983552] INFO perfrun.tpss <> - stop tpss controller
3564 [22560443983552] INFO perfrun.sdk <> - De-allocating TMU: /home/course/hpc/users/2022012388/exp8/vtune_result.conv4/data.6/systemcollector-3362678-conv4.sc
3564 [22560443983552] INFO perfrun.system <> - closed the system trace file: /home/course/hpc/users/2022012388/exp8/vtune_result.conv4/data.6/systemcollector-3362678-conv4.sc
3564 [22560586950528] INFO perfrun.launcher <> - Launcher: all plugins were stopped.
3564 [22560586950528] INFO perfrun.launcher <> - DeadlineTimer is going to be destroyed
3564 [22560586950528] INFO perfrun.launcher <> - DeadlineTimer was destroyed
3564 [22560586950528] INFO perfrun.launcher <> - DirectoryMonitor object was destroyed
3564 [22560586950528] WARN perfrun.launcher <> - Stop command is ignored because it is received when collection is already stopped, at file: vcs/perfrun1/launcher/src/command_handler.cpp:226
3567 [22560586950528] INFO perfrun.launcher <> - Application exit code: 1
3567 [22560586950528] INFO perfrun.launcher <> - Exit code: 4
