14 [22486161635200] INFO perfrun.launcher <> - Launcher main begin
16 [22486161635200] INFO perfrun.launcher <> - MessageCatalogInit finished
16 [22486161635200] INFO perfrun.launcher <> - Launcher instance created
16 [22486161635200] INFO perfrun.launcher <> - argc = 7; cmdline = /opt/intel/oneapi/vtune/2023.1.0/bin64/amplxe-runss --ui-output-format xml --ui-output-fd 5 --option-file /home/course/hpc/users/2022012388/exp8/vtune_result.conv4/config/runss.options.10 
107 [22486161635200] INFO perfrun.launcher <> - create msngr2::ICliToolContext
107 [22486161635200] INFO perfrun.launcher <> - create file finder object
107 [22486161635200] INFO perfrun.launcher <> - create a result directory: pattern = /home/course/hpc/users/2022012388/exp8/vtune_result.conv4 pid = 4294967295
110 [22486161635200] INFO perfrun.sdk <> - checked that the directory /home/course/hpc/users/2022012388/exp8/vtune_result.conv4 is a local directory
110 [22486161635200] INFO perfrun.sdk <> - the directory /home/course/hpc/users/2022012388/exp8/vtune_result.conv4 is located on a share or its FS ID is unknown 26985
110 [22486161635200] INFO perfrun.sdk <> - checked that the directory /tmp/amplxe-tmp-2022012388 is a local directory
110 [22486161635200] INFO perfrun.sdk <> - the directory /tmp/amplxe-tmp-2022012388 is located on a share or its FS ID is unknown 2035054128
114 [22486161635200] INFO perfrun.launcher <> - create data directory = /home/course/hpc/users/2022012388/exp8/vtune_result.conv4/data.11
116 [22486161635200] INFO perfrun.launcher <> - Creating the master collection flag
116 [22486161635200] INFO perfrun.launcher <> - Done creating the master collection flag
119 [22486018156224] INFO perfrun.launcher <> - plugin [remoteplug] was disabled because it doesn't support the given collection type.
119 [22486018156224] INFO perfrun.sdk <> - Allocating TMU :/home/course/hpc/users/2022012388/exp8/vtune_result.conv4/data.11/systemcollector-3362690-conv4.sc
122 [22486018156224] INFO perfrun.launcher <> - plugin [vdso] was disabled because it doesn't support the given collection type.
122 [22486018156224] INFO perfrun.launcher <> - plugin [ptracecollector] was disabled because it doesn't support the given collection type.
122 [22486018156224] INFO perfrun.launcher <> - plugin [gpu] was disabled because it doesn't support the given collection type.
122 [22486018156224] INFO perfrun.launcher <> - plugin [] was disabled because it doesn't support the given collection type.
122 [22486018156224] INFO perfrun.launcher <> - plugin [] was disabled because it doesn't support the given collection type.
122 [22486018156224] INFO perfrun.launcher <> - plugin [] was disabled because it doesn't support the given collection type.
122 [22486018156224] INFO perfrun.mrte <> - system-wide mode is 0
123 [22486018156224] INFO perfrun.mrte <> - Getting  mrte profiling environment ...
166 [22486018156224] INFO perfrun.mrte <> - INTEL_MRTE_DATA_DIR=/home/course/hpc/users/2022012388/exp8/vtune_result.conv4/data.11
166 [22486018156224] INFO perfrun.mrte <> - INTEL_MRTE_HOST_NAME=conv4
166 [22486018156224] INFO perfrun.mrte <> - JAVA_TOOL_OPTIONS=-agentlib:amplxe_tpssmrte_javaprof_1.0 -Dsun.boot.library.path=/opt/intel/oneapi/vtune/2023.1.0/lib32/runtime:/opt/intel/oneapi/vtune/2023.1.0/lib64/runtime
166 [22486018156224] INFO perfrun.mrte <> - LD_LIBRARY_PATH=/opt/intel/oneapi/vtune/2023.1.0/lib32/runtime:/opt/intel/oneapi/vtune/2023.1.0/lib64/runtime:/opt/intel/oneapi/tbb/2021.5.1/env/../lib/intel64/gcc4.8:/opt/intel/oneapi/mpi/2021.5.1//libfabric/lib:/opt/intel/oneapi/mpi/2021.5.1//lib/release:/opt/intel/oneapi/mpi/2021.5.1//lib:/opt/intel/oneapi/mkl/2022.0.2/lib/intel64:/opt/intel/oneapi/itac/2021.5.0/slib:/opt/intel/oneapi/debugger/2021.5.0/gdb/intel64/lib:/opt/intel/oneapi/debugger/2021.5.0/libipt/intel64/lib:/opt/intel/oneapi/debugger/2021.5.0/dep/lib:/opt/intel/oneapi/compiler/2022.0.2/linux/lib:/opt/intel/oneapi/compiler/2022.0.2/linux/lib/x64:/opt/intel/oneapi/compiler/2022.0.2/linux/lib/oclfpga/host/linux64/lib:/opt/intel/oneapi/compiler/2022.0.2/linux/compiler/lib/intel64_lin
166 [22486018156224] INFO perfrun.mrte <> - CORECLR_ENABLE_PROFILING=1
166 [22486018156224] INFO perfrun.mrte <> - CORECLR_PROFILER={AA5E4821-E3B1-479c-B7FF-5AD047D22CED}
166 [22486018156224] INFO perfrun.mrte <> - CORECLR_PROFILER_PATH=/opt/intel/oneapi/vtune/2023.1.0/lib64/libamplxe_samplingmrte_clrprof_1.0.so
166 [22486018156224] INFO perfrun.mrte <> - INTEL_MRTE_PROFILER_MODE=mixed
166 [22486018156224] INFO perfrun.mrte <> - Data directory: /home/course/hpc/users/2022012388/exp8/vtune_result.conv4/data.11
166 [22486018156224] INFO perfrun.mrte <> - Mrte plugin is initialized
166 [22486018156224] INFO perfrun.launcher <> - plugin [emon] was disabled because it doesn't support the given collection type.
166 [22486018156224] INFO perfrun.launcher <> - plugin [cuscol] was disabled because it doesn't support the given collection type.
166 [22486018156224] INFO perfrun.launcher <> - plugin [stdsrc] was disabled because it doesn't support the given collection type.
166 [22486018156224] INFO perfrun.launcher <> - plugin [sep] was disabled because it doesn't support the given collection type.
166 [22486018156224] INFO perfrun.launcher <> - plugin [vtsspp] was disabled because it doesn't support the given collection type.
167 [22486018156224] INFO perfrun.sdk <> - Reading value (0) from file: /proc/sys/kernel/perf_event_paranoid
167 [22486018156224] INFO perfrun.perfcollector <> - checking access to: /opt/intel/oneapi/vtune/2023.1.0/bin64/amplxe-perf-priv
169 [22486018156224] INFO perfrun.perfcollector <> - cpu: family = 6 model = 79
170 [22486018156224] INFO perfrun.perfcollector <> - dir found: /sys/bus/event_source/devices/software
170 [22486018156224] INFO perfrun.perfcollector <> - format: pmu format subdir doesn't exist
170 [22486018156224] INFO perfrun.perfcollector <> - hwInfo: not set, pmuFam: software
170 [22486018156224] INFO perfrun.perfcollector <> - pmu added: family: software, id: 0
170 [22486018156224] INFO perfrun.perfcollector <> - dir found: /sys/bus/event_source/devices/uncore_imc_5
171 [22486018156224] INFO perfrun.perfcollector <> - format: event config:0-7 mask:0-7
171 [22486018156224] INFO perfrun.perfcollector <> - format: edge config:18 mask:18
171 [22486018156224] INFO perfrun.perfcollector <> - format: inv config:23 mask:23
171 [22486018156224] INFO perfrun.perfcollector <> - format: umask config:8-15 mask:8-15
172 [22486018156224] INFO perfrun.perfcollector <> - format: thresh config:24-31 mask:24-31
172 [22486018156224] INFO perfrun.perfcollector <> - hwInfo: PERF_IMC_PMU_DETAILS
172 [22486018156224] INFO perfrun.perfcollector <> - pmu added: family: uncore_imc, id: 5
172 [22486018156224] INFO perfrun.perfcollector <> - dir found: /sys/bus/event_source/devices/uncore_sbox_2
173 [22486018156224] INFO perfrun.perfcollector <> - format: event config:0-7 mask:0-7
173 [22486018156224] INFO perfrun.perfcollector <> - format: edge config:18 mask:18
173 [22486018156224] INFO perfrun.perfcollector <> - format: inv config:23 mask:23
173 [22486018156224] INFO perfrun.perfcollector <> - format: umask config:8-15 mask:8-15
174 [22486018156224] INFO perfrun.perfcollector <> - format: tid_en config:19 mask:19
174 [22486018156224] INFO perfrun.perfcollector <> - format: thresh config:24-31 mask:24-31
174 [22486018156224] INFO perfrun.perfcollector <> - hwInfo: not set, pmuFam: uncore_sbox
174 [22486018156224] INFO perfrun.perfcollector <> - pmu added: family: uncore_sbox, id: 2
175 [22486018156224] INFO perfrun.perfcollector <> - dir found: /sys/bus/event_source/devices/uncore_cbox_8
175 [22486018156224] INFO perfrun.perfcollector <> - format: event config:0-7 mask:0-7
175 [22486018156224] INFO perfrun.perfcollector <> - format: filter_link config1:6-8 mask:6-8
176 [22486018156224] INFO perfrun.perfcollector <> - format: filter_c6 config1:61 mask:61
176 [22486018156224] INFO perfrun.perfcollector <> - format: edge config:18 mask:18
176 [22486018156224] INFO perfrun.perfcollector <> - format: filter_isoc config1:63 mask:63
176 [22486018156224] INFO perfrun.perfcollector <> - format: filter_tid config1:0-5 mask:0-5
177 [22486018156224] INFO perfrun.perfcollector <> - format: filter_nid config1:32-47 mask:32-47
177 [22486018156224] INFO perfrun.perfcollector <> - format: filter_nc config1:62 mask:62
177 [22486018156224] INFO perfrun.perfcollector <> - format: umask config:8-15 mask:8-15
178 [22486018156224] INFO perfrun.perfcollector <> - format: tid_en config:19 mask:19
178 [22486018156224] INFO perfrun.perfcollector <> - format: thresh config:24-31 mask:24-31
178 [22486018156224] INFO perfrun.perfcollector <> - format: filter_state config1:17-23 mask:17-23
178 [22486018156224] INFO perfrun.perfcollector <> - format: filter_opc config1:52-60 mask:52-60
178 [22486018156224] INFO perfrun.perfcollector <> - hwInfo: PERF_CBOX_PMU_DETAILS
179 [22486018156224] INFO perfrun.perfcollector <> - pmu added: family: uncore_cbox, id: 8
179 [22486018156224] INFO perfrun.perfcollector <> - dir found: /sys/bus/event_source/devices/uncore_cbox_13
179 [22486018156224] INFO perfrun.perfcollector <> - format: event config:0-7 mask:0-7
180 [22486018156224] INFO perfrun.perfcollector <> - format: filter_link config1:6-8 mask:6-8
180 [22486018156224] INFO perfrun.perfcollector <> - format: filter_c6 config1:61 mask:61
180 [22486018156224] INFO perfrun.perfcollector <> - format: edge config:18 mask:18
180 [22486018156224] INFO perfrun.perfcollector <> - format: filter_isoc config1:63 mask:63
181 [22486018156224] INFO perfrun.perfcollector <> - format: filter_tid config1:0-5 mask:0-5
181 [22486018156224] INFO perfrun.perfcollector <> - format: filter_nid config1:32-47 mask:32-47
181 [22486018156224] INFO perfrun.perfcollector <> - format: filter_nc config1:62 mask:62
182 [22486018156224] INFO perfrun.perfcollector <> - format: umask config:8-15 mask:8-15
182 [22486018156224] INFO perfrun.perfcollector <> - format: tid_en config:19 mask:19
182 [22486018156224] INFO perfrun.perfcollector <> - format: thresh config:24-31 mask:24-31
182 [22486018156224] INFO perfrun.perfcollector <> - format: filter_state config1:17-23 mask:17-23
183 [22486018156224] INFO perfrun.perfcollector <> - format: filter_opc config1:52-60 mask:52-60
183 [22486018156224] INFO perfrun.perfcollector <> - hwInfo: PERF_CBOX_PMU_DETAILS
183 [22486018156224] INFO perfrun.perfcollector <> - pmu added: family: uncore_cbox, id: 13
183 [22486018156224] INFO perfrun.perfcollector <> - dir found: /sys/bus/event_source/devices/uncore_r2pcie
183 [22486018156224] INFO perfrun.perfcollector <> - format: event config:0-7 mask:0-7
184 [22486018156224] INFO perfrun.perfcollector <> - format: edge config:18 mask:18
184 [22486018156224] INFO perfrun.perfcollector <> - format: inv config:23 mask:23
184 [22486018156224] INFO perfrun.perfcollector <> - format: umask config:8-15 mask:8-15
185 [22486018156224] INFO perfrun.perfcollector <> - format: thresh config:24-31 mask:24-31
185 [22486018156224] INFO perfrun.perfcollector <> - hwInfo: not set, pmuFam: uncore_r2pcie
185 [22486018156224] INFO perfrun.perfcollector <> - pmu added: family: uncore_r2pcie, id: 0
185 [22486018156224] INFO perfrun.perfcollector <> - dir found: /sys/bus/event_source/devices/uncore_sbox_0
186 [22486018156224] INFO perfrun.perfcollector <> - format: event config:0-7 mask:0-7
186 [22486018156224] INFO perfrun.perfcollector <> - format: edge config:18 mask:18
186 [22486018156224] INFO perfrun.perfcollector <> - format: inv config:23 mask:23
186 [22486018156224] INFO perfrun.perfcollector <> - format: umask config:8-15 mask:8-15
187 [22486018156224] INFO perfrun.perfcollector <> - format: tid_en config:19 mask:19
187 [22486018156224] INFO perfrun.perfcollector <> - format: thresh config:24-31 mask:24-31
187 [22486018156224] INFO perfrun.perfcollector <> - hwInfo: not set, pmuFam: uncore_sbox
187 [22486018156224] INFO perfrun.perfcollector <> - pmu added: family: uncore_sbox, id: 0
187 [22486018156224] INFO perfrun.perfcollector <> - dir found: /sys/bus/event_source/devices/uncore_qpi_1
188 [22486018156224] INFO perfrun.perfcollector <> - format: mask_rnid4 config2:31 mask:31
188 [22486018156224] INFO perfrun.perfcollector <> - format: mask_rnid30 config2:32-35 mask:32-35
189 [22486018156224] INFO perfrun.perfcollector <> - format: match_rnid30 config1:32-35 mask:32-35
189 [22486018156224] INFO perfrun.perfcollector <> - format: event config:0-7,21 mask:0-7,21
189 [22486018156224] INFO perfrun.perfcollector <> - format: match0 config1:0-31 mask:0-31
189 [22486018156224] INFO perfrun.perfcollector <> - format: match_rds config1:48-51 mask:48-51
190 [22486018156224] INFO perfrun.perfcollector <> - format: mask_rds config2:48-51 mask:48-51
190 [22486018156224] INFO perfrun.perfcollector <> - format: edge config:18 mask:18
190 [22486018156224] INFO perfrun.perfcollector <> - format: mask1 config2:32-63 mask:32-63
191 [22486018156224] INFO perfrun.perfcollector <> - format: match_dnid config1:13-17 mask:13-17
191 [22486018156224] INFO perfrun.perfcollector <> - format: mask_dnid config2:13-17 mask:13-17
191 [22486018156224] INFO perfrun.perfcollector <> - format: match_vnw config1:3-4 mask:3-4
191 [22486018156224] INFO perfrun.perfcollector <> - format: mask_vnw config2:3-4 mask:3-4
192 [22486018156224] INFO perfrun.perfcollector <> - format: mask_mc config2:9-12 mask:9-12
192 [22486018156224] INFO perfrun.perfcollector <> - format: match1 config1:32-63 mask:32-63
192 [22486018156224] INFO perfrun.perfcollector <> - format: inv config:23 mask:23
193 [22486018156224] INFO perfrun.perfcollector <> - format: umask config:8-15 mask:8-15
193 [22486018156224] INFO perfrun.perfcollector <> - format: match_opc config1:5-8 mask:5-8
193 [22486018156224] INFO perfrun.perfcollector <> - format: mask_opc config2:5-8 mask:5-8
193 [22486018156224] INFO perfrun.perfcollector <> - format: thresh config:24-31 mask:24-31
194 [22486018156224] INFO perfrun.perfcollector <> - format: match_rnid4 config1:31 mask:31
194 [22486018156224] INFO perfrun.perfcollector <> - format: mask0 config2:0-31 mask:0-31
194 [22486018156224] INFO perfrun.perfcollector <> - format: match_mc config1:9-12 mask:9-12
194 [22486018156224] INFO perfrun.perfcollector <> - hwInfo: PERF_QPI_PMU_DETAILS
195 [22486018156224] INFO perfrun.perfcollector <> - pmu added: family: uncore_qpi, id: 1
195 [22486018156224] INFO perfrun.perfcollector <> - dir found: /sys/bus/event_source/devices/uncore_cbox_6
195 [22486018156224] INFO perfrun.perfcollector <> - format: event config:0-7 mask:0-7
196 [22486018156224] INFO perfrun.perfcollector <> - format: filter_link config1:6-8 mask:6-8
196 [22486018156224] INFO perfrun.perfcollector <> - format: filter_c6 config1:61 mask:61
196 [22486018156224] INFO perfrun.perfcollector <> - format: edge config:18 mask:18
196 [22486018156224] INFO perfrun.perfcollector <> - format: filter_isoc config1:63 mask:63
197 [22486018156224] INFO perfrun.perfcollector <> - format: filter_tid config1:0-5 mask:0-5
197 [22486018156224] INFO perfrun.perfcollector <> - format: filter_nid config1:32-47 mask:32-47
197 [22486018156224] INFO perfrun.perfcollector <> - format: filter_nc config1:62 mask:62
197 [22486018156224] INFO perfrun.perfcollector <> - format: umask config:8-15 mask:8-15
198 [22486018156224] INFO perfrun.perfcollector <> - format: tid_en config:19 mask:19
198 [22486018156224] INFO perfrun.perfcollector <> - format: thresh config:24-31 mask:24-31
198 [22486018156224] INFO perfrun.perfcollector <> - format: filter_state config1:17-23 mask:17-23
199 [22486018156224] INFO perfrun.perfcollector <> - format: filter_opc config1:52-60 mask:52-60
199 [22486018156224] INFO perfrun.perfcollector <> - hwInfo: PERF_CBOX_PMU_DETAILS
199 [22486018156224] INFO perfrun.perfcollector <> - pmu added: family: uncore_cbox, id: 6
199 [22486018156224] INFO perfrun.perfcollector <> - dir found: /sys/bus/event_source/devices/uncore_imc_1
200 [22486018156224] INFO perfrun.perfcollector <> - format: event config:0-7 mask:0-7
200 [22486018156224] INFO perfrun.perfcollector <> - format: edge config:18 mask:18
200 [22486018156224] INFO perfrun.perfcollector <> - format: inv config:23 mask:23
200 [22486018156224] INFO perfrun.perfcollector <> - format: umask config:8-15 mask:8-15
201 [22486018156224] INFO perfrun.perfcollector <> - format: thresh config:24-31 mask:24-31
201 [22486018156224] INFO perfrun.perfcollector <> - hwInfo: PERF_IMC_PMU_DETAILS
201 [22486018156224] INFO perfrun.perfcollector <> - pmu added: family: uncore_imc, id: 1
201 [22486018156224] INFO perfrun.perfcollector <> - dir found: /sys/bus/event_source/devices/power
202 [22486018156224] INFO perfrun.perfcollector <> - format: event config:0-7 mask:0-7
202 [22486018156224] INFO perfrun.perfcollector <> - hwInfo: not set, pmuFam: power
202 [22486018156224] INFO perfrun.perfcollector <> - pmu added: family: power, id: 0
202 [22486018156224] INFO perfrun.perfcollector <> - dir found: /sys/bus/event_source/devices/uncore_cbox_11
203 [22486018156224] INFO perfrun.perfcollector <> - format: event config:0-7 mask:0-7
203 [22486018156224] INFO perfrun.perfcollector <> - format: filter_link config1:6-8 mask:6-8
203 [22486018156224] INFO perfrun.perfcollector <> - format: filter_c6 config1:61 mask:61
203 [22486018156224] INFO perfrun.perfcollector <> - format: edge config:18 mask:18
204 [22486018156224] INFO perfrun.perfcollector <> - format: filter_isoc config1:63 mask:63
204 [22486018156224] INFO perfrun.perfcollector <> - format: filter_tid config1:0-5 mask:0-5
204 [22486018156224] INFO perfrun.perfcollector <> - format: filter_nid config1:32-47 mask:32-47
205 [22486018156224] INFO perfrun.perfcollector <> - format: filter_nc config1:62 mask:62
205 [22486018156224] INFO perfrun.perfcollector <> - format: umask config:8-15 mask:8-15
205 [22486018156224] INFO perfrun.perfcollector <> - format: tid_en config:19 mask:19
205 [22486018156224] INFO perfrun.perfcollector <> - format: thresh config:24-31 mask:24-31
206 [22486018156224] INFO perfrun.perfcollector <> - format: filter_state config1:17-23 mask:17-23
206 [22486018156224] INFO perfrun.perfcollector <> - format: filter_opc config1:52-60 mask:52-60
206 [22486018156224] INFO perfrun.perfcollector <> - hwInfo: PERF_CBOX_PMU_DETAILS
206 [22486018156224] INFO perfrun.perfcollector <> - pmu added: family: uncore_cbox, id: 11
206 [22486018156224] INFO perfrun.perfcollector <> - dir found: /sys/bus/event_source/devices/uncore_cbox_4
207 [22486018156224] INFO perfrun.perfcollector <> - format: event config:0-7 mask:0-7
207 [22486018156224] INFO perfrun.perfcollector <> - format: filter_link config1:6-8 mask:6-8
208 [22486018156224] INFO perfrun.perfcollector <> - format: filter_c6 config1:61 mask:61
208 [22486018156224] INFO perfrun.perfcollector <> - format: edge config:18 mask:18
208 [22486018156224] INFO perfrun.perfcollector <> - format: filter_isoc config1:63 mask:63
208 [22486018156224] INFO perfrun.perfcollector <> - format: filter_tid config1:0-5 mask:0-5
209 [22486018156224] INFO perfrun.perfcollector <> - format: filter_nid config1:32-47 mask:32-47
209 [22486018156224] INFO perfrun.perfcollector <> - format: filter_nc config1:62 mask:62
209 [22486018156224] INFO perfrun.perfcollector <> - format: umask config:8-15 mask:8-15
210 [22486018156224] INFO perfrun.perfcollector <> - format: tid_en config:19 mask:19
210 [22486018156224] INFO perfrun.perfcollector <> - format: thresh config:24-31 mask:24-31
210 [22486018156224] INFO perfrun.perfcollector <> - format: filter_state config1:17-23 mask:17-23
210 [22486018156224] INFO perfrun.perfcollector <> - format: filter_opc config1:52-60 mask:52-60
210 [22486018156224] INFO perfrun.perfcollector <> - hwInfo: PERF_CBOX_PMU_DETAILS
211 [22486018156224] INFO perfrun.perfcollector <> - pmu added: family: uncore_cbox, id: 4
211 [22486018156224] INFO perfrun.perfcollector <> - dir found: /sys/bus/event_source/devices/uprobe
211 [22486018156224] INFO perfrun.perfcollector <> - format: ref_ctr_offset config:32-63 mask:32-63
212 [22486018156224] INFO perfrun.perfcollector <> - format: retprobe config:0 mask:0
212 [22486018156224] INFO perfrun.perfcollector <> - hwInfo: not set, pmuFam: uprobe
212 [22486018156224] INFO perfrun.perfcollector <> - pmu added: family: uprobe, id: 0
212 [22486018156224] INFO perfrun.perfcollector <> - dir found: /sys/bus/event_source/devices/intel_bts
212 [22486018156224] INFO perfrun.perfcollector <> - format: pmu format subdir doesn't exist
212 [22486018156224] INFO perfrun.perfcollector <> - hwInfo: not set, pmuFam: intel_bts
213 [22486018156224] INFO perfrun.perfcollector <> - pmu added: family: intel_bts, id: 0
213 [22486018156224] INFO perfrun.perfcollector <> - dir found: /sys/bus/event_source/devices/cpu
213 [22486018156224] INFO perfrun.perfcollector <> - format: event config:0-7 mask:0-7
214 [22486018156224] INFO perfrun.perfcollector <> - format: pc config:19 mask:19
214 [22486018156224] INFO perfrun.perfcollector <> - format: in_tx config:32 mask:32
214 [22486018156224] INFO perfrun.perfcollector <> - format: edge config:18 mask:18
214 [22486018156224] INFO perfrun.perfcollector <> - format: any config:21 mask:21
215 [22486018156224] INFO perfrun.perfcollector <> - format: offcore_rsp config1:0-63 mask:0-63
215 [22486018156224] INFO perfrun.perfcollector <> - format: in_tx_cp config:33 mask:33
215 [22486018156224] INFO perfrun.perfcollector <> - format: ldlat config1:0-15 mask:0-15
216 [22486018156224] INFO perfrun.perfcollector <> - format: inv config:23 mask:23
216 [22486018156224] INFO perfrun.perfcollector <> - format: umask config:8-15 mask:8-15
216 [22486018156224] INFO perfrun.perfcollector <> - format: cmask config:24-31 mask:24-31
216 [22486018156224] INFO perfrun.perfcollector <> - hwInfo: PERF_CPU_PMU_DETAILS
216 [22486018156224] INFO perfrun.perfcollector <> - pmu added: family: cpu, id: 0
217 [22486018156224] INFO perfrun.perfcollector <> - dir found: /sys/bus/event_source/devices/uncore_r3qpi_0
217 [22486018156224] INFO perfrun.perfcollector <> - format: event config:0-7 mask:0-7
217 [22486018156224] INFO perfrun.perfcollector <> - format: edge config:18 mask:18
218 [22486018156224] INFO perfrun.perfcollector <> - format: inv config:23 mask:23
218 [22486018156224] INFO perfrun.perfcollector <> - format: umask config:8-15 mask:8-15
218 [22486018156224] INFO perfrun.perfcollector <> - format: thresh config:24-31 mask:24-31
218 [22486018156224] INFO perfrun.perfcollector <> - hwInfo: not set, pmuFam: uncore_r3qpi
219 [22486018156224] INFO perfrun.perfcollector <> - pmu added: family: uncore_r3qpi, id: 0
219 [22486018156224] INFO perfrun.perfcollector <> - dir found: /sys/bus/event_source/devices/cstate_core
219 [22486018156224] INFO perfrun.perfcollector <> - format: event config:0-63 mask:0-63
219 [22486018156224] INFO perfrun.perfcollector <> - hwInfo: not set, pmuFam: cstate_core
220 [22486018156224] INFO perfrun.perfcollector <> - pmu added: family: cstate_core, id: 0
220 [22486018156224] INFO perfrun.perfcollector <> - dir found: /sys/bus/event_source/devices/uncore_cbox_2
221 [22486018156224] INFO perfrun.perfcollector <> - format: event config:0-7 mask:0-7
221 [22486018156224] INFO perfrun.perfcollector <> - format: filter_link config1:6-8 mask:6-8
221 [22486018156224] INFO perfrun.perfcollector <> - format: filter_c6 config1:61 mask:61
221 [22486018156224] INFO perfrun.perfcollector <> - format: edge config:18 mask:18
222 [22486018156224] INFO perfrun.perfcollector <> - format: filter_isoc config1:63 mask:63
222 [22486018156224] INFO perfrun.perfcollector <> - format: filter_tid config1:0-5 mask:0-5
222 [22486018156224] INFO perfrun.perfcollector <> - format: filter_nid config1:32-47 mask:32-47
223 [22486018156224] INFO perfrun.perfcollector <> - format: filter_nc config1:62 mask:62
223 [22486018156224] INFO perfrun.perfcollector <> - format: umask config:8-15 mask:8-15
223 [22486018156224] INFO perfrun.perfcollector <> - format: tid_en config:19 mask:19
223 [22486018156224] INFO perfrun.perfcollector <> - format: thresh config:24-31 mask:24-31
224 [22486018156224] INFO perfrun.perfcollector <> - format: filter_state config1:17-23 mask:17-23
224 [22486018156224] INFO perfrun.perfcollector <> - format: filter_opc config1:52-60 mask:52-60
224 [22486018156224] INFO perfrun.perfcollector <> - hwInfo: PERF_CBOX_PMU_DETAILS
224 [22486018156224] INFO perfrun.perfcollector <> - pmu added: family: uncore_cbox, id: 2
225 [22486018156224] INFO perfrun.perfcollector <> - dir found: /sys/bus/event_source/devices/breakpoint
225 [22486018156224] INFO perfrun.perfcollector <> - format: pmu format subdir doesn't exist
225 [22486018156224] INFO perfrun.perfcollector <> - hwInfo: not set, pmuFam: breakpoint
225 [22486018156224] INFO perfrun.perfcollector <> - pmu added: family: breakpoint, id: 0
225 [22486018156224] INFO perfrun.perfcollector <> - dir found: /sys/bus/event_source/devices/uncore_ha_0
226 [22486018156224] INFO perfrun.perfcollector <> - format: event config:0-7 mask:0-7
226 [22486018156224] INFO perfrun.perfcollector <> - format: edge config:18 mask:18
226 [22486018156224] INFO perfrun.perfcollector <> - format: inv config:23 mask:23
226 [22486018156224] INFO perfrun.perfcollector <> - format: umask config:8-15 mask:8-15
227 [22486018156224] INFO perfrun.perfcollector <> - format: thresh config:24-31 mask:24-31
227 [22486018156224] INFO perfrun.perfcollector <> - hwInfo: not set, pmuFam: uncore_ha
227 [22486018156224] INFO perfrun.perfcollector <> - pmu added: family: uncore_ha, id: 0
227 [22486018156224] INFO perfrun.perfcollector <> - dir found: /sys/bus/event_source/devices/uncore_cbox_0
228 [22486018156224] INFO perfrun.perfcollector <> - format: event config:0-7 mask:0-7
228 [22486018156224] INFO perfrun.perfcollector <> - format: filter_link config1:6-8 mask:6-8
228 [22486018156224] INFO perfrun.perfcollector <> - format: filter_c6 config1:61 mask:61
228 [22486018156224] INFO perfrun.perfcollector <> - format: edge config:18 mask:18
229 [22486018156224] INFO perfrun.perfcollector <> - format: filter_isoc config1:63 mask:63
229 [22486018156224] INFO perfrun.perfcollector <> - format: filter_tid config1:0-5 mask:0-5
229 [22486018156224] INFO perfrun.perfcollector <> - format: filter_nid config1:32-47 mask:32-47
230 [22486018156224] INFO perfrun.perfcollector <> - format: filter_nc config1:62 mask:62
230 [22486018156224] INFO perfrun.perfcollector <> - format: umask config:8-15 mask:8-15
230 [22486018156224] INFO perfrun.perfcollector <> - format: tid_en config:19 mask:19
230 [22486018156224] INFO perfrun.perfcollector <> - format: thresh config:24-31 mask:24-31
231 [22486018156224] INFO perfrun.perfcollector <> - format: filter_state config1:17-23 mask:17-23
231 [22486018156224] INFO perfrun.perfcollector <> - format: filter_opc config1:52-60 mask:52-60
231 [22486018156224] INFO perfrun.perfcollector <> - hwInfo: PERF_CBOX_PMU_DETAILS
231 [22486018156224] INFO perfrun.perfcollector <> - pmu added: family: uncore_cbox, id: 0
231 [22486018156224] INFO perfrun.perfcollector <> - dir found: /sys/bus/event_source/devices/tracepoint
232 [22486018156224] INFO perfrun.perfcollector <> - format: pmu format subdir doesn't exist
232 [22486018156224] INFO perfrun.perfcollector <> - hwInfo: not set, pmuFam: tracepoint
232 [22486018156224] INFO perfrun.perfcollector <> - pmu added: family: tracepoint, id: 0
232 [22486018156224] INFO perfrun.perfcollector <> - dir found: /sys/bus/event_source/devices/uncore_sbox_3
233 [22486018156224] INFO perfrun.perfcollector <> - format: event config:0-7 mask:0-7
233 [22486018156224] INFO perfrun.perfcollector <> - format: edge config:18 mask:18
233 [22486018156224] INFO perfrun.perfcollector <> - format: inv config:23 mask:23
233 [22486018156224] INFO perfrun.perfcollector <> - format: umask config:8-15 mask:8-15
234 [22486018156224] INFO perfrun.perfcollector <> - format: tid_en config:19 mask:19
234 [22486018156224] INFO perfrun.perfcollector <> - format: thresh config:24-31 mask:24-31
234 [22486018156224] INFO perfrun.perfcollector <> - hwInfo: not set, pmuFam: uncore_sbox
234 [22486018156224] INFO perfrun.perfcollector <> - pmu added: family: uncore_sbox, id: 3
234 [22486018156224] INFO perfrun.perfcollector <> - dir found: /sys/bus/event_source/devices/uncore_cbox_9
235 [22486018156224] INFO perfrun.perfcollector <> - format: event config:0-7 mask:0-7
235 [22486018156224] INFO perfrun.perfcollector <> - format: filter_link config1:6-8 mask:6-8
236 [22486018156224] INFO perfrun.perfcollector <> - format: filter_c6 config1:61 mask:61
236 [22486018156224] INFO perfrun.perfcollector <> - format: edge config:18 mask:18
236 [22486018156224] INFO perfrun.perfcollector <> - format: filter_isoc config1:63 mask:63
236 [22486018156224] INFO perfrun.perfcollector <> - format: filter_tid config1:0-5 mask:0-5
237 [22486018156224] INFO perfrun.perfcollector <> - format: filter_nid config1:32-47 mask:32-47
237 [22486018156224] INFO perfrun.perfcollector <> - format: filter_nc config1:62 mask:62
237 [22486018156224] INFO perfrun.perfcollector <> - format: umask config:8-15 mask:8-15
238 [22486018156224] INFO perfrun.perfcollector <> - format: tid_en config:19 mask:19
238 [22486018156224] INFO perfrun.perfcollector <> - format: thresh config:24-31 mask:24-31
238 [22486018156224] INFO perfrun.perfcollector <> - format: filter_state config1:17-23 mask:17-23
238 [22486018156224] INFO perfrun.perfcollector <> - format: filter_opc config1:52-60 mask:52-60
238 [22486018156224] INFO perfrun.perfcollector <> - hwInfo: PERF_CBOX_PMU_DETAILS
239 [22486018156224] INFO perfrun.perfcollector <> - pmu added: family: uncore_cbox, id: 9
239 [22486018156224] INFO perfrun.perfcollector <> - dir found: /sys/bus/event_source/devices/cstate_pkg
239 [22486018156224] INFO perfrun.perfcollector <> - format: event config:0-63 mask:0-63
239 [22486018156224] INFO perfrun.perfcollector <> - hwInfo: not set, pmuFam: cstate_pkg
240 [22486018156224] INFO perfrun.perfcollector <> - pmu added: family: cstate_pkg, id: 0
240 [22486018156224] INFO perfrun.perfcollector <> - dir found: /sys/bus/event_source/devices/uncore_imc_4
240 [22486018156224] INFO perfrun.perfcollector <> - format: event config:0-7 mask:0-7
241 [22486018156224] INFO perfrun.perfcollector <> - format: edge config:18 mask:18
241 [22486018156224] INFO perfrun.perfcollector <> - format: inv config:23 mask:23
241 [22486018156224] INFO perfrun.perfcollector <> - format: umask config:8-15 mask:8-15
241 [22486018156224] INFO perfrun.perfcollector <> - format: thresh config:24-31 mask:24-31
241 [22486018156224] INFO perfrun.perfcollector <> - hwInfo: PERF_IMC_PMU_DETAILS
242 [22486018156224] INFO perfrun.perfcollector <> - pmu added: family: uncore_imc, id: 4
242 [22486018156224] INFO perfrun.perfcollector <> - dir found: /sys/bus/event_source/devices/uncore_ubox
242 [22486018156224] INFO perfrun.perfcollector <> - format: event config:0-7 mask:0-7
243 [22486018156224] INFO perfrun.perfcollector <> - format: edge config:18 mask:18
243 [22486018156224] INFO perfrun.perfcollector <> - format: inv config:23 mask:23
243 [22486018156224] INFO perfrun.perfcollector <> - format: umask config:8-15 mask:8-15
243 [22486018156224] INFO perfrun.perfcollector <> - format: thresh config:24-28 mask:24-28
243 [22486018156224] INFO perfrun.perfcollector <> - hwInfo: not set, pmuFam: uncore_ubox
244 [22486018156224] INFO perfrun.perfcollector <> - pmu added: family: uncore_ubox, id: 0
244 [22486018156224] INFO perfrun.perfcollector <> - dir found: /sys/bus/event_source/devices/uncore_sbox_1
244 [22486018156224] INFO perfrun.perfcollector <> - format: event config:0-7 mask:0-7
245 [22486018156224] INFO perfrun.perfcollector <> - format: edge config:18 mask:18
245 [22486018156224] INFO perfrun.perfcollector <> - format: inv config:23 mask:23
245 [22486018156224] INFO perfrun.perfcollector <> - format: umask config:8-15 mask:8-15
246 [22486018156224] INFO perfrun.perfcollector <> - format: tid_en config:19 mask:19
246 [22486018156224] INFO perfrun.perfcollector <> - format: thresh config:24-31 mask:24-31
246 [22486018156224] INFO perfrun.perfcollector <> - hwInfo: not set, pmuFam: uncore_sbox
246 [22486018156224] INFO perfrun.perfcollector <> - pmu added: family: uncore_sbox, id: 1
246 [22486018156224] INFO perfrun.perfcollector <> - dir found: /sys/bus/event_source/devices/uncore_cbox_7
247 [22486018156224] INFO perfrun.perfcollector <> - format: event config:0-7 mask:0-7
247 [22486018156224] INFO perfrun.perfcollector <> - format: filter_link config1:6-8 mask:6-8
247 [22486018156224] INFO perfrun.perfcollector <> - format: filter_c6 config1:61 mask:61
248 [22486018156224] INFO perfrun.perfcollector <> - format: edge config:18 mask:18
248 [22486018156224] INFO perfrun.perfcollector <> - format: filter_isoc config1:63 mask:63
248 [22486018156224] INFO perfrun.perfcollector <> - format: filter_tid config1:0-5 mask:0-5
249 [22486018156224] INFO perfrun.perfcollector <> - format: filter_nid config1:32-47 mask:32-47
249 [22486018156224] INFO perfrun.perfcollector <> - format: filter_nc config1:62 mask:62
249 [22486018156224] INFO perfrun.perfcollector <> - format: umask config:8-15 mask:8-15
249 [22486018156224] INFO perfrun.perfcollector <> - format: tid_en config:19 mask:19
250 [22486018156224] INFO perfrun.perfcollector <> - format: thresh config:24-31 mask:24-31
250 [22486018156224] INFO perfrun.perfcollector <> - format: filter_state config1:17-23 mask:17-23
250 [22486018156224] INFO perfrun.perfcollector <> - format: filter_opc config1:52-60 mask:52-60
250 [22486018156224] INFO perfrun.perfcollector <> - hwInfo: PERF_CBOX_PMU_DETAILS
250 [22486018156224] INFO perfrun.perfcollector <> - pmu added: family: uncore_cbox, id: 7
251 [22486018156224] INFO perfrun.perfcollector <> - dir found: /sys/bus/event_source/devices/uncore_cbox_12
251 [22486018156224] INFO perfrun.perfcollector <> - format: event config:0-7 mask:0-7
251 [22486018156224] INFO perfrun.perfcollector <> - format: filter_link config1:6-8 mask:6-8
252 [22486018156224] INFO perfrun.perfcollector <> - format: filter_c6 config1:61 mask:61
252 [22486018156224] INFO perfrun.perfcollector <> - format: edge config:18 mask:18
252 [22486018156224] INFO perfrun.perfcollector <> - format: filter_isoc config1:63 mask:63
252 [22486018156224] INFO perfrun.perfcollector <> - format: filter_tid config1:0-5 mask:0-5
253 [22486018156224] INFO perfrun.perfcollector <> - format: filter_nid config1:32-47 mask:32-47
253 [22486018156224] INFO perfrun.perfcollector <> - format: filter_nc config1:62 mask:62
253 [22486018156224] INFO perfrun.perfcollector <> - format: umask config:8-15 mask:8-15
254 [22486018156224] INFO perfrun.perfcollector <> - format: tid_en config:19 mask:19
254 [22486018156224] INFO perfrun.perfcollector <> - format: thresh config:24-31 mask:24-31
254 [22486018156224] INFO perfrun.perfcollector <> - format: filter_state config1:17-23 mask:17-23
254 [22486018156224] INFO perfrun.perfcollector <> - format: filter_opc config1:52-60 mask:52-60
254 [22486018156224] INFO perfrun.perfcollector <> - hwInfo: PERF_CBOX_PMU_DETAILS
255 [22486018156224] INFO perfrun.perfcollector <> - pmu added: family: uncore_cbox, id: 12
255 [22486018156224] INFO perfrun.perfcollector <> - dir found: /sys/bus/event_source/devices/kprobe
255 [22486018156224] INFO perfrun.perfcollector <> - format: retprobe config:0 mask:0
255 [22486018156224] INFO perfrun.perfcollector <> - hwInfo: not set, pmuFam: kprobe
256 [22486018156224] INFO perfrun.perfcollector <> - pmu added: family: kprobe, id: 0
256 [22486018156224] INFO perfrun.perfcollector <> - dir found: /sys/bus/event_source/devices/uncore_qpi_0
256 [22486018156224] INFO perfrun.perfcollector <> - format: mask_rnid4 config2:31 mask:31
257 [22486018156224] INFO perfrun.perfcollector <> - format: mask_rnid30 config2:32-35 mask:32-35
257 [22486018156224] INFO perfrun.perfcollector <> - format: match_rnid30 config1:32-35 mask:32-35
257 [22486018156224] INFO perfrun.perfcollector <> - format: event config:0-7,21 mask:0-7,21
257 [22486018156224] INFO perfrun.perfcollector <> - format: match0 config1:0-31 mask:0-31
258 [22486018156224] INFO perfrun.perfcollector <> - format: match_rds config1:48-51 mask:48-51
258 [22486018156224] INFO perfrun.perfcollector <> - format: mask_rds config2:48-51 mask:48-51
258 [22486018156224] INFO perfrun.perfcollector <> - format: edge config:18 mask:18
258 [22486018156224] INFO perfrun.perfcollector <> - format: mask1 config2:32-63 mask:32-63
259 [22486018156224] INFO perfrun.perfcollector <> - format: match_dnid config1:13-17 mask:13-17
259 [22486018156224] INFO perfrun.perfcollector <> - format: mask_dnid config2:13-17 mask:13-17
259 [22486018156224] INFO perfrun.perfcollector <> - format: match_vnw config1:3-4 mask:3-4
260 [22486018156224] INFO perfrun.perfcollector <> - format: mask_vnw config2:3-4 mask:3-4
260 [22486018156224] INFO perfrun.perfcollector <> - format: mask_mc config2:9-12 mask:9-12
260 [22486018156224] INFO perfrun.perfcollector <> - format: match1 config1:32-63 mask:32-63
260 [22486018156224] INFO perfrun.perfcollector <> - format: inv config:23 mask:23
261 [22486018156224] INFO perfrun.perfcollector <> - format: umask config:8-15 mask:8-15
261 [22486018156224] INFO perfrun.perfcollector <> - format: match_opc config1:5-8 mask:5-8
261 [22486018156224] INFO perfrun.perfcollector <> - format: mask_opc config2:5-8 mask:5-8
262 [22486018156224] INFO perfrun.perfcollector <> - format: thresh config:24-31 mask:24-31
262 [22486018156224] INFO perfrun.perfcollector <> - format: match_rnid4 config1:31 mask:31
262 [22486018156224] INFO perfrun.perfcollector <> - format: mask0 config2:0-31 mask:0-31
262 [22486018156224] INFO perfrun.perfcollector <> - format: match_mc config1:9-12 mask:9-12
262 [22486018156224] INFO perfrun.perfcollector <> - hwInfo: PERF_QPI_PMU_DETAILS
263 [22486018156224] INFO perfrun.perfcollector <> - pmu added: family: uncore_qpi, id: 0
263 [22486018156224] INFO perfrun.perfcollector <> - dir found: /sys/bus/event_source/devices/uncore_cbox_5
263 [22486018156224] INFO perfrun.perfcollector <> - format: event config:0-7 mask:0-7
264 [22486018156224] INFO perfrun.perfcollector <> - format: filter_link config1:6-8 mask:6-8
264 [22486018156224] INFO perfrun.perfcollector <> - format: filter_c6 config1:61 mask:61
264 [22486018156224] INFO perfrun.perfcollector <> - format: edge config:18 mask:18
264 [22486018156224] INFO perfrun.perfcollector <> - format: filter_isoc config1:63 mask:63
265 [22486018156224] INFO perfrun.perfcollector <> - format: filter_tid config1:0-5 mask:0-5
265 [22486018156224] INFO perfrun.perfcollector <> - format: filter_nid config1:32-47 mask:32-47
265 [22486018156224] INFO perfrun.perfcollector <> - format: filter_nc config1:62 mask:62
266 [22486018156224] INFO perfrun.perfcollector <> - format: umask config:8-15 mask:8-15
266 [22486018156224] INFO perfrun.perfcollector <> - format: tid_en config:19 mask:19
266 [22486018156224] INFO perfrun.perfcollector <> - format: thresh config:24-31 mask:24-31
266 [22486018156224] INFO perfrun.perfcollector <> - format: filter_state config1:17-23 mask:17-23
266 [22486018156224] INFO perfrun.perfcollector <> - format: filter_opc config1:52-60 mask:52-60
267 [22486018156224] INFO perfrun.perfcollector <> - hwInfo: PERF_CBOX_PMU_DETAILS
267 [22486018156224] INFO perfrun.perfcollector <> - pmu added: family: uncore_cbox, id: 5
267 [22486018156224] INFO perfrun.perfcollector <> - dir found: /sys/bus/event_source/devices/uncore_imc_0
267 [22486018156224] INFO perfrun.perfcollector <> - format: event config:0-7 mask:0-7
268 [22486018156224] INFO perfrun.perfcollector <> - format: edge config:18 mask:18
268 [22486018156224] INFO perfrun.perfcollector <> - format: inv config:23 mask:23
268 [22486018156224] INFO perfrun.perfcollector <> - format: umask config:8-15 mask:8-15
269 [22486018156224] INFO perfrun.perfcollector <> - format: thresh config:24-31 mask:24-31
269 [22486018156224] INFO perfrun.perfcollector <> - hwInfo: PERF_IMC_PMU_DETAILS
269 [22486018156224] INFO perfrun.perfcollector <> - pmu added: family: uncore_imc, id: 0
269 [22486018156224] INFO perfrun.perfcollector <> - dir found: /sys/bus/event_source/devices/uncore_cbox_10
270 [22486018156224] INFO perfrun.perfcollector <> - format: event config:0-7 mask:0-7
270 [22486018156224] INFO perfrun.perfcollector <> - format: filter_link config1:6-8 mask:6-8
270 [22486018156224] INFO perfrun.perfcollector <> - format: filter_c6 config1:61 mask:61
270 [22486018156224] INFO perfrun.perfcollector <> - format: edge config:18 mask:18
271 [22486018156224] INFO perfrun.perfcollector <> - format: filter_isoc config1:63 mask:63
271 [22486018156224] INFO perfrun.perfcollector <> - format: filter_tid config1:0-5 mask:0-5
271 [22486018156224] INFO perfrun.perfcollector <> - format: filter_nid config1:32-47 mask:32-47
272 [22486018156224] INFO perfrun.perfcollector <> - format: filter_nc config1:62 mask:62
272 [22486018156224] INFO perfrun.perfcollector <> - format: umask config:8-15 mask:8-15
272 [22486018156224] INFO perfrun.perfcollector <> - format: tid_en config:19 mask:19
272 [22486018156224] INFO perfrun.perfcollector <> - format: thresh config:24-31 mask:24-31
273 [22486018156224] INFO perfrun.perfcollector <> - format: filter_state config1:17-23 mask:17-23
273 [22486018156224] INFO perfrun.perfcollector <> - format: filter_opc config1:52-60 mask:52-60
273 [22486018156224] INFO perfrun.perfcollector <> - hwInfo: PERF_CBOX_PMU_DETAILS
273 [22486018156224] INFO perfrun.perfcollector <> - pmu added: family: uncore_cbox, id: 10
273 [22486018156224] INFO perfrun.perfcollector <> - dir found: /sys/bus/event_source/devices/uncore_pcu
274 [22486018156224] INFO perfrun.perfcollector <> - format: filter_band2 config1:16-23 mask:16-23
274 [22486018156224] INFO perfrun.perfcollector <> - format: event config:0-7 mask:0-7
275 [22486018156224] INFO perfrun.perfcollector <> - format: filter_band0 config1:0-7 mask:0-7
275 [22486018156224] INFO perfrun.perfcollector <> - format: edge config:18 mask:18
275 [22486018156224] INFO perfrun.perfcollector <> - format: occ_invert config:30 mask:30
275 [22486018156224] INFO perfrun.perfcollector <> - format: occ_edge config:14-51 mask:14-51
276 [22486018156224] INFO perfrun.perfcollector <> - format: filter_band3 config1:24-31 mask:24-31
276 [22486018156224] INFO perfrun.perfcollector <> - format: filter_band1 config1:8-15 mask:8-15
276 [22486018156224] INFO perfrun.perfcollector <> - format: inv config:23 mask:23
276 [22486018156224] INFO perfrun.perfcollector <> - format: thresh config:24-28 mask:24-28
277 [22486018156224] INFO perfrun.perfcollector <> - format: occ_sel config:14-15 mask:14-15
277 [22486018156224] INFO perfrun.perfcollector <> - hwInfo: not set, pmuFam: uncore_pcu
277 [22486018156224] INFO perfrun.perfcollector <> - pmu added: family: uncore_pcu, id: 0
277 [22486018156224] INFO perfrun.perfcollector <> - dir found: /sys/bus/event_source/devices/uncore_r3qpi_1
278 [22486018156224] INFO perfrun.perfcollector <> - format: event config:0-7 mask:0-7
278 [22486018156224] INFO perfrun.perfcollector <> - format: edge config:18 mask:18
278 [22486018156224] INFO perfrun.perfcollector <> - format: inv config:23 mask:23
279 [22486018156224] INFO perfrun.perfcollector <> - format: umask config:8-15 mask:8-15
279 [22486018156224] INFO perfrun.perfcollector <> - format: thresh config:24-31 mask:24-31
279 [22486018156224] INFO perfrun.perfcollector <> - hwInfo: not set, pmuFam: uncore_r3qpi
279 [22486018156224] INFO perfrun.perfcollector <> - pmu added: family: uncore_r3qpi, id: 1
279 [22486018156224] INFO perfrun.perfcollector <> - dir found: /sys/bus/event_source/devices/msr
280 [22486018156224] INFO perfrun.perfcollector <> - format: event config:0-63 mask:0-63
280 [22486018156224] INFO perfrun.perfcollector <> - hwInfo: not set, pmuFam: msr
280 [22486018156224] INFO perfrun.perfcollector <> - pmu added: family: msr, id: 0
280 [22486018156224] INFO perfrun.perfcollector <> - dir found: /sys/bus/event_source/devices/uncore_cbox_3
281 [22486018156224] INFO perfrun.perfcollector <> - format: event config:0-7 mask:0-7
281 [22486018156224] INFO perfrun.perfcollector <> - format: filter_link config1:6-8 mask:6-8
282 [22486018156224] INFO perfrun.perfcollector <> - format: filter_c6 config1:61 mask:61
282 [22486018156224] INFO perfrun.perfcollector <> - format: edge config:18 mask:18
282 [22486018156224] INFO perfrun.perfcollector <> - format: filter_isoc config1:63 mask:63
282 [22486018156224] INFO perfrun.perfcollector <> - format: filter_tid config1:0-5 mask:0-5
283 [22486018156224] INFO perfrun.perfcollector <> - format: filter_nid config1:32-47 mask:32-47
283 [22486018156224] INFO perfrun.perfcollector <> - format: filter_nc config1:62 mask:62
283 [22486018156224] INFO perfrun.perfcollector <> - format: umask config:8-15 mask:8-15
283 [22486018156224] INFO perfrun.perfcollector <> - format: tid_en config:19 mask:19
284 [22486018156224] INFO perfrun.perfcollector <> - format: thresh config:24-31 mask:24-31
284 [22486018156224] INFO perfrun.perfcollector <> - format: filter_state config1:17-23 mask:17-23
284 [22486018156224] INFO perfrun.perfcollector <> - format: filter_opc config1:52-60 mask:52-60
284 [22486018156224] INFO perfrun.perfcollector <> - hwInfo: PERF_CBOX_PMU_DETAILS
285 [22486018156224] INFO perfrun.perfcollector <> - pmu added: family: uncore_cbox, id: 3
285 [22486018156224] INFO perfrun.perfcollector <> - dir found: /sys/bus/event_source/devices/intel_pt
285 [22486018156224] INFO perfrun.perfcollector <> - format: ptw config:12 mask:12
286 [22486018156224] INFO perfrun.perfcollector <> - format: event config:31 mask:31
286 [22486018156224] INFO perfrun.perfcollector <> - format: cyc_thresh config:19-22 mask:19-22
286 [22486018156224] INFO perfrun.perfcollector <> - format: pt config:0 mask:0
286 [22486018156224] INFO perfrun.perfcollector <> - format: notnt config:55 mask:55
287 [22486018156224] INFO perfrun.perfcollector <> - format: branch config:13 mask:13
287 [22486018156224] INFO perfrun.perfcollector <> - format: tsc config:10 mask:10
287 [22486018156224] INFO perfrun.perfcollector <> - format: pwr_evt config:4 mask:4
288 [22486018156224] INFO perfrun.perfcollector <> - format: fup_on_ptw config:5 mask:5
288 [22486018156224] INFO perfrun.perfcollector <> - format: cyc config:1 mask:1
288 [22486018156224] INFO perfrun.perfcollector <> - format: noretcomp config:11 mask:11
288 [22486018156224] INFO perfrun.perfcollector <> - format: mtc config:9 mask:9
289 [22486018156224] INFO perfrun.perfcollector <> - format: psb_period config:24-27 mask:24-27
289 [22486018156224] INFO perfrun.perfcollector <> - format: mtc_period config:14-17 mask:14-17
289 [22486018156224] INFO perfrun.perfcollector <> - hwInfo: not set, pmuFam: intel_pt
289 [22486018156224] INFO perfrun.perfcollector <> - pmu added: family: intel_pt, id: 0
289 [22486018156224] INFO perfrun.perfcollector <> - dir found: /sys/bus/event_source/devices/uncore_ha_1
290 [22486018156224] INFO perfrun.perfcollector <> - format: event config:0-7 mask:0-7
290 [22486018156224] INFO perfrun.perfcollector <> - format: edge config:18 mask:18
291 [22486018156224] INFO perfrun.perfcollector <> - format: inv config:23 mask:23
291 [22486018156224] INFO perfrun.perfcollector <> - format: umask config:8-15 mask:8-15
291 [22486018156224] INFO perfrun.perfcollector <> - format: thresh config:24-31 mask:24-31
291 [22486018156224] INFO perfrun.perfcollector <> - hwInfo: not set, pmuFam: uncore_ha
291 [22486018156224] INFO perfrun.perfcollector <> - pmu added: family: uncore_ha, id: 1
292 [22486018156224] INFO perfrun.perfcollector <> - dir found: /sys/bus/event_source/devices/uncore_cbox_1
292 [22486018156224] INFO perfrun.perfcollector <> - format: event config:0-7 mask:0-7
292 [22486018156224] INFO perfrun.perfcollector <> - format: filter_link config1:6-8 mask:6-8
293 [22486018156224] INFO perfrun.perfcollector <> - format: filter_c6 config1:61 mask:61
293 [22486018156224] INFO perfrun.perfcollector <> - format: edge config:18 mask:18
293 [22486018156224] INFO perfrun.perfcollector <> - format: filter_isoc config1:63 mask:63
293 [22486018156224] INFO perfrun.perfcollector <> - format: filter_tid config1:0-5 mask:0-5
294 [22486018156224] INFO perfrun.perfcollector <> - format: filter_nid config1:32-47 mask:32-47
294 [22486018156224] INFO perfrun.perfcollector <> - format: filter_nc config1:62 mask:62
294 [22486018156224] INFO perfrun.perfcollector <> - format: umask config:8-15 mask:8-15
294 [22486018156224] INFO perfrun.perfcollector <> - format: tid_en config:19 mask:19
295 [22486018156224] INFO perfrun.perfcollector <> - format: thresh config:24-31 mask:24-31
295 [22486018156224] INFO perfrun.perfcollector <> - format: filter_state config1:17-23 mask:17-23
295 [22486018156224] INFO perfrun.perfcollector <> - format: filter_opc config1:52-60 mask:52-60
295 [22486018156224] INFO perfrun.perfcollector <> - hwInfo: PERF_CBOX_PMU_DETAILS
296 [22486018156224] INFO perfrun.perfcollector <> - pmu added: family: uncore_cbox, id: 1
296 [22486018156224] INFO perfrun.sdk <> - runCmd: /opt/intel/oneapi/vtune/2023.1.0/bin64/sep -dry-run -sam 1 -ec CPU_CLK_UNHALTED.THREAD,CPU_CLK_UNHALTED.REF_TSC:sample:sa=2400000,INST_RETIRED.ANY:sample:sa=2400000,CPU_CLK_UNHALTED.REF_XCLK,CPU_CLK_UNHALTED.ONE_THREAD_ACTIVE,FP_ARITH_INST_RETIRED.SCALAR_SINGLE,FP_ARITH_INST_RETIRED.128B_PACKED_SINGLE,FP_ARITH_INST_RETIRED.256B_PACKED_SINGLE,FP_ARITH_INST_RETIRED.SCALAR_DOUBLE,FP_ARITH_INST_RETIRED.128B_PACKED_DOUBLE,FP_ARITH_INST_RETIRED.256B_PACKED_DOUBLE,INST_RETIRED.X87,UOPS_RETIRED.RETIRE_SLOTS:sample:sa=2000003 -experimental
296 [22486018156224] INFO perfrun.sdk <> - runCmd started PID 3362794
384 [22486018156224] INFO perfrun.perfcollector <> - SepDryRun RC = true
387 [22486018156224] INFO perfrun.perfcollector <> - DRY_RUN: "PMU type: Core (core)"
388 [22486018156224] INFO perfrun.perfcollector <> - pmu type: cpu
388 [22486018156224] INFO perfrun.perfcollector <> - DRY_RUN: "Group 0:"
388 [22486018156224] INFO perfrun.perfcollector <> - id: 0
388 [22486018156224] INFO perfrun.perfcollector <> - DRY_RUN: "INST_RETIRED.ANY: event id 2"
388 [22486018156224] INFO perfrun.perfcollector <> - eventName: INST_RETIRED.ANY, eventId: 2
388 [22486018156224] INFO perfrun.perfcollector <> - DRY_RUN: "CPU_CLK_UNHALTED.THREAD: event id 0"
388 [22486018156224] INFO perfrun.perfcollector <> - eventName: CPU_CLK_UNHALTED.THREAD, eventId: 0
388 [22486018156224] INFO perfrun.perfcollector <> - DRY_RUN: "CPU_CLK_UNHALTED.REF_TSC: event id 1"
388 [22486018156224] INFO perfrun.perfcollector <> - eventName: CPU_CLK_UNHALTED.REF_TSC, eventId: 1
388 [22486018156224] INFO perfrun.perfcollector <> - DRY_RUN: "FP_ARITH_INST_RETIRED.SCALAR_SINGLE: event id 5"
388 [22486018156224] INFO perfrun.perfcollector <> - eventName: FP_ARITH_INST_RETIRED.SCALAR_SINGLE, eventId: 5
388 [22486018156224] INFO perfrun.perfcollector <> - DRY_RUN: "FP_ARITH_INST_RETIRED.128B_PACKED_SINGLE: event id 6"
388 [22486018156224] INFO perfrun.perfcollector <> - eventName: FP_ARITH_INST_RETIRED.128B_PACKED_SINGLE, eventId: 6
388 [22486018156224] INFO perfrun.perfcollector <> - DRY_RUN: "FP_ARITH_INST_RETIRED.256B_PACKED_SINGLE: event id 7"
388 [22486018156224] INFO perfrun.perfcollector <> - eventName: FP_ARITH_INST_RETIRED.256B_PACKED_SINGLE, eventId: 7
388 [22486018156224] INFO perfrun.perfcollector <> - DRY_RUN: "FP_ARITH_INST_RETIRED.SCALAR_DOUBLE: event id 8"
388 [22486018156224] INFO perfrun.perfcollector <> - eventName: FP_ARITH_INST_RETIRED.SCALAR_DOUBLE, eventId: 8
388 [22486018156224] INFO perfrun.perfcollector <> - DRY_RUN: "CPU_CLK_UNHALTED.REF_XCLK: event id 3"
388 [22486018156224] INFO perfrun.perfcollector <> - eventName: CPU_CLK_UNHALTED.REF_XCLK, eventId: 3
388 [22486018156224] INFO perfrun.perfcollector <> - DRY_RUN: "CPU_CLK_UNHALTED.ONE_THREAD_ACTIVE: event id 4"
388 [22486018156224] INFO perfrun.perfcollector <> - eventName: CPU_CLK_UNHALTED.ONE_THREAD_ACTIVE, eventId: 4
388 [22486018156224] INFO perfrun.perfcollector <> - DRY_RUN: "INST_RETIRED.X87: event id 11"
388 [22486018156224] INFO perfrun.perfcollector <> - eventName: INST_RETIRED.X87, eventId: 11
388 [22486018156224] INFO perfrun.perfcollector <> - DRY_RUN: "UOPS_RETIRED.RETIRE_SLOTS: event id 12"
388 [22486018156224] INFO perfrun.perfcollector <> - eventName: UOPS_RETIRED.RETIRE_SLOTS, eventId: 12
388 [22486018156224] INFO perfrun.perfcollector <> - DRY_RUN: "CCCR"
388 [22486018156224] INFO perfrun.perfcollector <> - DRY_RUN: "reg_type       = 1	event_id       = g	reg_id         = 38f	reg_value      = 7000000ff"
388 [22486018156224] INFO perfrun.perfcollector <> - eventId: g, skip parsing event_id
388 [22486018156224] INFO perfrun.perfcollector <> - Register was ignored: group_id: 0, reg_type: 1, event_id: 4294967295, reg_id: 38f, reg_value: 7000000ff, pmu_name: cpu
388 [22486018156224] INFO perfrun.perfcollector <> - DRY_RUN: "reg_type       = 1	event_id       = g	reg_id         = 390	reg_value      = 7000000ff"
388 [22486018156224] INFO perfrun.perfcollector <> - eventId: g, skip parsing event_id
388 [22486018156224] INFO perfrun.perfcollector <> - Register was ignored: group_id: 0, reg_type: 1, event_id: 4294967295, reg_id: 390, reg_value: 7000000ff, pmu_name: cpu
388 [22486018156224] INFO perfrun.perfcollector <> - DRY_RUN: "reg_type       = 1	event_id       = g	reg_id         = 3f1	reg_value      = 0"
388 [22486018156224] INFO perfrun.perfcollector <> - eventId: g, skip parsing event_id
388 [22486018156224] INFO perfrun.perfcollector <> - Register was ignored: group_id: 0, reg_type: 1, event_id: 4294967295, reg_id: 3f1, reg_value: 0, pmu_name: cpu
388 [22486018156224] INFO perfrun.perfcollector <> - DRY_RUN: "reg_type       = 1	event_id       = g	reg_id         = 1d9	reg_value      = 1800"
388 [22486018156224] INFO perfrun.perfcollector <> - eventId: g, skip parsing event_id
388 [22486018156224] INFO perfrun.perfcollector <> - Register was ignored: group_id: 0, reg_type: 1, event_id: 4294967295, reg_id: 1d9, reg_value: 1800, pmu_name: cpu
388 [22486018156224] INFO perfrun.perfcollector <> - DRY_RUN: "reg_type       = 1	event_id       = g	reg_id         = 38d	reg_value      = bbb"
388 [22486018156224] INFO perfrun.perfcollector <> - eventId: g, skip parsing event_id
388 [22486018156224] INFO perfrun.perfcollector <> - Register was ignored: group_id: 0, reg_type: 1, event_id: 4294967295, reg_id: 38d, reg_value: bbb, pmu_name: cpu
388 [22486018156224] INFO perfrun.perfcollector <> - DRY_RUN: "reg_type       = 1	event_id       = 5	reg_id         = 186	reg_value      = 5302c7"
388 [22486018156224] INFO perfrun.perfcollector <> - Event selector: group_id: 0, reg_type: 1, event_id: 5, reg_id: 186, reg_value: 5302c7, pmu_name: cpu
388 [22486018156224] INFO perfrun.perfcollector <> - DRY_RUN: "reg_type       = 1	event_id       = 6	reg_id         = 187	reg_value      = 5308c7"
388 [22486018156224] INFO perfrun.perfcollector <> - Event selector: group_id: 0, reg_type: 1, event_id: 6, reg_id: 187, reg_value: 5308c7, pmu_name: cpu
388 [22486018156224] INFO perfrun.perfcollector <> - DRY_RUN: "reg_type       = 1	event_id       = 7	reg_id         = 188	reg_value      = 5320c7"
388 [22486018156224] INFO perfrun.perfcollector <> - Event selector: group_id: 0, reg_type: 1, event_id: 7, reg_id: 188, reg_value: 5320c7, pmu_name: cpu
388 [22486018156224] INFO perfrun.perfcollector <> - DRY_RUN: "reg_type       = 1	event_id       = 8	reg_id         = 189	reg_value      = 5301c7"
388 [22486018156224] INFO perfrun.perfcollector <> - Event selector: group_id: 0, reg_type: 1, event_id: 8, reg_id: 189, reg_value: 5301c7, pmu_name: cpu
388 [22486018156224] INFO perfrun.perfcollector <> - DRY_RUN: "reg_type       = 1	event_id       = 3	reg_id         = 18a	reg_value      = 53013c"
388 [22486018156224] INFO perfrun.perfcollector <> - Event selector: group_id: 0, reg_type: 1, event_id: 3, reg_id: 18a, reg_value: 53013c, pmu_name: cpu
388 [22486018156224] INFO perfrun.perfcollector <> - DRY_RUN: "reg_type       = 1	event_id       = 4	reg_id         = 18b	reg_value      = 53023c"
388 [22486018156224] INFO perfrun.perfcollector <> - Event selector: group_id: 0, reg_type: 1, event_id: 4, reg_id: 18b, reg_value: 53023c, pmu_name: cpu
388 [22486018156224] INFO perfrun.perfcollector <> - DRY_RUN: "reg_type       = 1	event_id       = 11	reg_id         = 18c	reg_value      = 5302c0"
388 [22486018156224] INFO perfrun.perfcollector <> - Event selector: group_id: 0, reg_type: 1, event_id: 11, reg_id: 18c, reg_value: 5302c0, pmu_name: cpu
388 [22486018156224] INFO perfrun.perfcollector <> - DRY_RUN: "reg_type       = 1	event_id       = 12	reg_id         = 18d	reg_value      = 5302c2"
388 [22486018156224] INFO perfrun.perfcollector <> - Event selector: group_id: 0, reg_type: 1, event_id: 12, reg_id: 18d, reg_value: 5302c2, pmu_name: cpu
388 [22486018156224] INFO perfrun.perfcollector <> - DRY_RUN: "ESCR"
388 [22486018156224] INFO perfrun.perfcollector <> - DRY_RUN: "reg_type       = 2	event_id       = g	reg_id         = 1c8	reg_value      = 0"
388 [22486018156224] INFO perfrun.perfcollector <> - eventId: g, skip parsing event_id
388 [22486018156224] INFO perfrun.perfcollector <> - DRY_RUN: "DATA"
388 [22486018156224] INFO perfrun.perfcollector <> - DRY_RUN: "reg_type       = 4	event_id       = 2	reg_id         = 309	reg_value      = ffffffdb6100"
388 [22486018156224] INFO perfrun.perfcollector <> - eventId: 2, dataAddr: 309, dataVal: ffffffdb6100
388 [22486018156224] INFO perfrun.perfcollector <> - DRY_RUN: "reg_type       = 4	event_id       = 0	reg_id         = 30a	reg_value      = ffffffe17b7d"
388 [22486018156224] INFO perfrun.perfcollector <> - eventId: 0, dataAddr: 30a, dataVal: ffffffe17b7d
388 [22486018156224] INFO perfrun.perfcollector <> - DRY_RUN: "reg_type       = 4	event_id       = 1	reg_id         = 30b	reg_value      = ffffffdb6100"
388 [22486018156224] INFO perfrun.perfcollector <> - eventId: 1, dataAddr: 30b, dataVal: ffffffdb6100
388 [22486018156224] INFO perfrun.perfcollector <> - DRY_RUN: "reg_type       = 4	event_id       = 5	reg_id         = c1	reg_value      = ffffffe17b7d"
388 [22486018156224] INFO perfrun.perfcollector <> - eventId: 5, dataAddr: c1, dataVal: ffffffe17b7d
388 [22486018156224] INFO perfrun.perfcollector <> - DRY_RUN: "reg_type       = 4	event_id       = 6	reg_id         = c2	reg_value      = ffffffe17b7d"
388 [22486018156224] INFO perfrun.perfcollector <> - eventId: 6, dataAddr: c2, dataVal: ffffffe17b7d
388 [22486018156224] INFO perfrun.perfcollector <> - DRY_RUN: "reg_type       = 4	event_id       = 7	reg_id         = c3	reg_value      = ffffffe17b7d"
388 [22486018156224] INFO perfrun.perfcollector <> - eventId: 7, dataAddr: c3, dataVal: ffffffe17b7d
388 [22486018156224] INFO perfrun.perfcollector <> - DRY_RUN: "reg_type       = 4	event_id       = 8	reg_id         = c4	reg_value      = ffffffe17b7d"
388 [22486018156224] INFO perfrun.perfcollector <> - eventId: 8, dataAddr: c4, dataVal: ffffffe17b7d
388 [22486018156224] INFO perfrun.perfcollector <> - DRY_RUN: "reg_type       = 4	event_id       = 3	reg_id         = c5	reg_value      = fffffffe795d"
388 [22486018156224] INFO perfrun.perfcollector <> - eventId: 3, dataAddr: c5, dataVal: fffffffe795d
388 [22486018156224] INFO perfrun.perfcollector <> - DRY_RUN: "reg_type       = 4	event_id       = 4	reg_id         = c6	reg_value      = fffffffe795d"
388 [22486018156224] INFO perfrun.perfcollector <> - eventId: 4, dataAddr: c6, dataVal: fffffffe795d
388 [22486018156224] INFO perfrun.perfcollector <> - DRY_RUN: "reg_type       = 4	event_id       = 11	reg_id         = c7	reg_value      = ffffffe17b7d"
388 [22486018156224] INFO perfrun.perfcollector <> - eventId: 11, dataAddr: c7, dataVal: ffffffe17b7d
388 [22486018156224] INFO perfrun.perfcollector <> - DRY_RUN: "reg_type       = 4	event_id       = 12	reg_id         = c8	reg_value      = ffffffe17b7d"
388 [22486018156224] INFO perfrun.perfcollector <> - eventId: 12, dataAddr: c8, dataVal: ffffffe17b7d
388 [22486018156224] INFO perfrun.perfcollector <> - DRY_RUN: "Group 1:"
388 [22486018156224] INFO perfrun.perfcollector <> - id: 1
388 [22486018156224] INFO perfrun.perfcollector <> - DRY_RUN: "INST_RETIRED.ANY: event id 2"
388 [22486018156224] INFO perfrun.perfcollector <> - eventName: INST_RETIRED.ANY, eventId: 2
388 [22486018156224] INFO perfrun.perfcollector <> - DRY_RUN: "CPU_CLK_UNHALTED.THREAD: event id 0"
388 [22486018156224] INFO perfrun.perfcollector <> - eventName: CPU_CLK_UNHALTED.THREAD, eventId: 0
388 [22486018156224] INFO perfrun.perfcollector <> - DRY_RUN: "CPU_CLK_UNHALTED.REF_TSC: event id 1"
388 [22486018156224] INFO perfrun.perfcollector <> - eventName: CPU_CLK_UNHALTED.REF_TSC, eventId: 1
388 [22486018156224] INFO perfrun.perfcollector <> - DRY_RUN: "FP_ARITH_INST_RETIRED.128B_PACKED_DOUBLE: event id 9"
388 [22486018156224] INFO perfrun.perfcollector <> - eventName: FP_ARITH_INST_RETIRED.128B_PACKED_DOUBLE, eventId: 9
388 [22486018156224] INFO perfrun.perfcollector <> - DRY_RUN: "FP_ARITH_INST_RETIRED.256B_PACKED_DOUBLE: event id 10"
388 [22486018156224] INFO perfrun.perfcollector <> - eventName: FP_ARITH_INST_RETIRED.256B_PACKED_DOUBLE, eventId: 10
388 [22486018156224] INFO perfrun.perfcollector <> - DRY_RUN: "CCCR"
388 [22486018156224] INFO perfrun.perfcollector <> - DRY_RUN: "reg_type       = 1	event_id       = g	reg_id         = 38f	reg_value      = 700000003"
388 [22486018156224] INFO perfrun.perfcollector <> - eventId: g, skip parsing event_id
388 [22486018156224] INFO perfrun.perfcollector <> - Register was ignored: group_id: 1, reg_type: 1, event_id: 4294967295, reg_id: 38f, reg_value: 700000003, pmu_name: cpu
388 [22486018156224] INFO perfrun.perfcollector <> - DRY_RUN: "reg_type       = 1	event_id       = g	reg_id         = 390	reg_value      = 700000003"
388 [22486018156224] INFO perfrun.perfcollector <> - eventId: g, skip parsing event_id
388 [22486018156224] INFO perfrun.perfcollector <> - Register was ignored: group_id: 1, reg_type: 1, event_id: 4294967295, reg_id: 390, reg_value: 700000003, pmu_name: cpu
388 [22486018156224] INFO perfrun.perfcollector <> - DRY_RUN: "reg_type       = 1	event_id       = g	reg_id         = 3f1	reg_value      = 0"
388 [22486018156224] INFO perfrun.perfcollector <> - eventId: g, skip parsing event_id
388 [22486018156224] INFO perfrun.perfcollector <> - Register was ignored: group_id: 1, reg_type: 1, event_id: 4294967295, reg_id: 3f1, reg_value: 0, pmu_name: cpu
388 [22486018156224] INFO perfrun.perfcollector <> - DRY_RUN: "reg_type       = 1	event_id       = g	reg_id         = 1d9	reg_value      = 1800"
388 [22486018156224] INFO perfrun.perfcollector <> - eventId: g, skip parsing event_id
388 [22486018156224] INFO perfrun.perfcollector <> - Register was ignored: group_id: 1, reg_type: 1, event_id: 4294967295, reg_id: 1d9, reg_value: 1800, pmu_name: cpu
388 [22486018156224] INFO perfrun.perfcollector <> - DRY_RUN: "reg_type       = 1	event_id       = g	reg_id         = 38d	reg_value      = bbb"
388 [22486018156224] INFO perfrun.perfcollector <> - eventId: g, skip parsing event_id
388 [22486018156224] INFO perfrun.perfcollector <> - Register was ignored: group_id: 1, reg_type: 1, event_id: 4294967295, reg_id: 38d, reg_value: bbb, pmu_name: cpu
388 [22486018156224] INFO perfrun.perfcollector <> - DRY_RUN: "reg_type       = 1	event_id       = 9	reg_id         = 186	reg_value      = 5304c7"
388 [22486018156224] INFO perfrun.perfcollector <> - Event selector: group_id: 1, reg_type: 1, event_id: 9, reg_id: 186, reg_value: 5304c7, pmu_name: cpu
388 [22486018156224] INFO perfrun.perfcollector <> - DRY_RUN: "reg_type       = 1	event_id       = 10	reg_id         = 187	reg_value      = 5310c7"
388 [22486018156224] INFO perfrun.perfcollector <> - Event selector: group_id: 1, reg_type: 1, event_id: 10, reg_id: 187, reg_value: 5310c7, pmu_name: cpu
388 [22486018156224] INFO perfrun.perfcollector <> - DRY_RUN: "ESCR"
388 [22486018156224] INFO perfrun.perfcollector <> - DRY_RUN: "reg_type       = 2	event_id       = g	reg_id         = 1c8	reg_value      = 0"
388 [22486018156224] INFO perfrun.perfcollector <> - eventId: g, skip parsing event_id
388 [22486018156224] INFO perfrun.perfcollector <> - DRY_RUN: "DATA"
388 [22486018156224] INFO perfrun.perfcollector <> - DRY_RUN: "reg_type       = 4	event_id       = 2	reg_id         = 309	reg_value      = ffffffdb6100"
388 [22486018156224] INFO perfrun.perfcollector <> - eventId: 2, dataAddr: 309, dataVal: ffffffdb6100
388 [22486018156224] INFO perfrun.perfcollector <> - DRY_RUN: "reg_type       = 4	event_id       = 0	reg_id         = 30a	reg_value      = ffffffe17b7d"
388 [22486018156224] INFO perfrun.perfcollector <> - eventId: 0, dataAddr: 30a, dataVal: ffffffe17b7d
388 [22486018156224] INFO perfrun.perfcollector <> - DRY_RUN: "reg_type       = 4	event_id       = 1	reg_id         = 30b	reg_value      = ffffffdb6100"
388 [22486018156224] INFO perfrun.perfcollector <> - eventId: 1, dataAddr: 30b, dataVal: ffffffdb6100
388 [22486018156224] INFO perfrun.perfcollector <> - DRY_RUN: "reg_type       = 4	event_id       = 9	reg_id         = c1	reg_value      = ffffffe17b7d"
388 [22486018156224] INFO perfrun.perfcollector <> - eventId: 9, dataAddr: c1, dataVal: ffffffe17b7d
388 [22486018156224] INFO perfrun.perfcollector <> - DRY_RUN: "reg_type       = 4	event_id       = 10	reg_id         = c2	reg_value      = ffffffe17b7d"
388 [22486018156224] INFO perfrun.perfcollector <> - eventId: 10, dataAddr: c2, dataVal: ffffffe17b7d
388 [22486018156224] INFO perfrun.perfcollector <> - event name: CPU_CLK_UNHALTED.THREAD
388 [22486018156224] INFO perfrun.perfcollector <> - pmu config: cpu
388 [22486018156224] INFO perfrun.perfcollector <> - cccrAddr: ffffffff, cccrValue: 0
388 [22486018156224] INFO perfrun.perfcollector <> - dataAddr: 30a, dataValue: ffffffffffe17b7d
388 [22486018156224] INFO perfrun.perfcollector <> - escrAddr: ffffffff, escrValue: 0
388 [22486018156224] INFO perfrun.perfcollector <> - extendedPebsValue: 0
388 [22486018156224] INFO perfrun.perfcollector <> - adaptivePebsAvailable: 0
388 [22486018156224] INFO perfrun.perfcollector <> - config: event: 3c
388 [22486018156224] INFO perfrun.perfcollector <> - config: pc: 0
388 [22486018156224] INFO perfrun.perfcollector <> - config: in_tx: 0
388 [22486018156224] INFO perfrun.perfcollector <> - config: edge: 0
388 [22486018156224] INFO perfrun.perfcollector <> - config: any: 0
388 [22486018156224] INFO perfrun.perfcollector <> - config1: offcore_rsp: 0
388 [22486018156224] INFO perfrun.perfcollector <> - config: in_tx_cp: 0
388 [22486018156224] INFO perfrun.perfcollector <> - config1: ldlat: 0
388 [22486018156224] INFO perfrun.perfcollector <> - config: inv: 0
388 [22486018156224] INFO perfrun.perfcollector <> - config: umask: 0
388 [22486018156224] INFO perfrun.perfcollector <> - config: cmask: 0
388 [22486018156224] INFO perfrun.perfcollector <> - format: cpu/event=0x3c,name='CPU_CLK_UNHALTED.THREAD'/D
388 [22486018156224] INFO perfrun.perfcollector <> - event name: CPU_CLK_UNHALTED.REF_TSC
388 [22486018156224] INFO perfrun.perfcollector <> - pmu config: cpu
388 [22486018156224] INFO perfrun.perfcollector <> - cccrAddr: ffffffff, cccrValue: 0
388 [22486018156224] INFO perfrun.perfcollector <> - dataAddr: 30b, dataValue: ffffffffffdb6100
388 [22486018156224] INFO perfrun.perfcollector <> - escrAddr: ffffffff, escrValue: 0
388 [22486018156224] INFO perfrun.perfcollector <> - extendedPebsValue: 0
388 [22486018156224] INFO perfrun.perfcollector <> - adaptivePebsAvailable: 0
388 [22486018156224] INFO perfrun.perfcollector <> - config: event: 0
388 [22486018156224] INFO perfrun.perfcollector <> - config: pc: 0
388 [22486018156224] INFO perfrun.perfcollector <> - config: in_tx: 0
388 [22486018156224] INFO perfrun.perfcollector <> - config: edge: 0
388 [22486018156224] INFO perfrun.perfcollector <> - config: any: 0
388 [22486018156224] INFO perfrun.perfcollector <> - config1: offcore_rsp: 0
388 [22486018156224] INFO perfrun.perfcollector <> - config: in_tx_cp: 0
388 [22486018156224] INFO perfrun.perfcollector <> - config1: ldlat: 0
388 [22486018156224] INFO perfrun.perfcollector <> - config: inv: 0
388 [22486018156224] INFO perfrun.perfcollector <> - config: umask: 3
388 [22486018156224] INFO perfrun.perfcollector <> - config: cmask: 0
388 [22486018156224] INFO perfrun.perfcollector <> - format: cpu/umask=0x3,name='CPU_CLK_UNHALTED.REF_TSC'/D
388 [22486018156224] INFO perfrun.perfcollector <> - event name: INST_RETIRED.ANY
388 [22486018156224] INFO perfrun.perfcollector <> - pmu config: cpu
388 [22486018156224] INFO perfrun.perfcollector <> - cccrAddr: ffffffff, cccrValue: 0
388 [22486018156224] INFO perfrun.perfcollector <> - dataAddr: 309, dataValue: ffffffffffdb6100
388 [22486018156224] INFO perfrun.perfcollector <> - escrAddr: ffffffff, escrValue: 0
388 [22486018156224] INFO perfrun.perfcollector <> - extendedPebsValue: 0
388 [22486018156224] INFO perfrun.perfcollector <> - adaptivePebsAvailable: 0
388 [22486018156224] INFO perfrun.perfcollector <> - config: event: c0
388 [22486018156224] INFO perfrun.perfcollector <> - config: pc: 0
388 [22486018156224] INFO perfrun.perfcollector <> - config: in_tx: 0
388 [22486018156224] INFO perfrun.perfcollector <> - config: edge: 0
388 [22486018156224] INFO perfrun.perfcollector <> - config: any: 0
388 [22486018156224] INFO perfrun.perfcollector <> - config1: offcore_rsp: 0
388 [22486018156224] INFO perfrun.perfcollector <> - config: in_tx_cp: 0
388 [22486018156224] INFO perfrun.perfcollector <> - config1: ldlat: 0
388 [22486018156224] INFO perfrun.perfcollector <> - config: inv: 0
388 [22486018156224] INFO perfrun.perfcollector <> - config: umask: 0
388 [22486018156224] INFO perfrun.perfcollector <> - config: cmask: 0
388 [22486018156224] INFO perfrun.perfcollector <> - format: cpu/event=0xc0,name='INST_RETIRED.ANY'/D
388 [22486018156224] INFO perfrun.perfcollector <> - event name: CPU_CLK_UNHALTED.REF_XCLK
388 [22486018156224] INFO perfrun.perfcollector <> - pmu config: cpu
388 [22486018156224] INFO perfrun.perfcollector <> - cccrAddr: 18a, cccrValue: 53013c
388 [22486018156224] INFO perfrun.perfcollector <> - dataAddr: c5, dataValue: fffffffffffe795d
388 [22486018156224] INFO perfrun.perfcollector <> - escrAddr: ffffffff, escrValue: 0
388 [22486018156224] INFO perfrun.perfcollector <> - extendedPebsValue: 0
388 [22486018156224] INFO perfrun.perfcollector <> - adaptivePebsAvailable: 0
388 [22486018156224] INFO perfrun.perfcollector <> - config: event: 3c
388 [22486018156224] INFO perfrun.perfcollector <> - config: pc: 0
388 [22486018156224] INFO perfrun.perfcollector <> - config: in_tx: 0
388 [22486018156224] INFO perfrun.perfcollector <> - config: edge: 0
388 [22486018156224] INFO perfrun.perfcollector <> - config: any: 0
388 [22486018156224] INFO perfrun.perfcollector <> - config1: offcore_rsp: 0
388 [22486018156224] INFO perfrun.perfcollector <> - config: in_tx_cp: 0
388 [22486018156224] INFO perfrun.perfcollector <> - config1: ldlat: 0
389 [22486018156224] INFO perfrun.perfcollector <> - config: inv: 0
389 [22486018156224] INFO perfrun.perfcollector <> - config: umask: 1
389 [22486018156224] INFO perfrun.perfcollector <> - config: cmask: 0
389 [22486018156224] INFO perfrun.perfcollector <> - format: cpu/event=0x3c,umask=0x1,name='CPU_CLK_UNHALTED.REF_XCLK'/
389 [22486018156224] INFO perfrun.perfcollector <> - event name: CPU_CLK_UNHALTED.ONE_THREAD_ACTIVE
389 [22486018156224] INFO perfrun.perfcollector <> - pmu config: cpu
389 [22486018156224] INFO perfrun.perfcollector <> - cccrAddr: 18b, cccrValue: 53023c
389 [22486018156224] INFO perfrun.perfcollector <> - dataAddr: c6, dataValue: fffffffffffe795d
389 [22486018156224] INFO perfrun.perfcollector <> - escrAddr: ffffffff, escrValue: 0
389 [22486018156224] INFO perfrun.perfcollector <> - extendedPebsValue: 0
389 [22486018156224] INFO perfrun.perfcollector <> - adaptivePebsAvailable: 0
389 [22486018156224] INFO perfrun.perfcollector <> - config: event: 3c
389 [22486018156224] INFO perfrun.perfcollector <> - config: pc: 0
389 [22486018156224] INFO perfrun.perfcollector <> - config: in_tx: 0
389 [22486018156224] INFO perfrun.perfcollector <> - config: edge: 0
389 [22486018156224] INFO perfrun.perfcollector <> - config: any: 0
389 [22486018156224] INFO perfrun.perfcollector <> - config1: offcore_rsp: 0
389 [22486018156224] INFO perfrun.perfcollector <> - config: in_tx_cp: 0
389 [22486018156224] INFO perfrun.perfcollector <> - config1: ldlat: 0
389 [22486018156224] INFO perfrun.perfcollector <> - config: inv: 0
389 [22486018156224] INFO perfrun.perfcollector <> - config: umask: 2
389 [22486018156224] INFO perfrun.perfcollector <> - config: cmask: 0
389 [22486018156224] INFO perfrun.perfcollector <> - format: cpu/event=0x3c,umask=0x2,name='CPU_CLK_UNHALTED.ONE_THREAD_ACTIVE'/
389 [22486018156224] INFO perfrun.perfcollector <> - event name: FP_ARITH_INST_RETIRED.SCALAR_SINGLE
389 [22486018156224] INFO perfrun.perfcollector <> - pmu config: cpu
389 [22486018156224] INFO perfrun.perfcollector <> - cccrAddr: 186, cccrValue: 5302c7
389 [22486018156224] INFO perfrun.perfcollector <> - dataAddr: c1, dataValue: ffffffffffe17b7d
389 [22486018156224] INFO perfrun.perfcollector <> - escrAddr: ffffffff, escrValue: 0
389 [22486018156224] INFO perfrun.perfcollector <> - extendedPebsValue: 0
389 [22486018156224] INFO perfrun.perfcollector <> - adaptivePebsAvailable: 0
389 [22486018156224] INFO perfrun.perfcollector <> - config: event: c7
389 [22486018156224] INFO perfrun.perfcollector <> - config: pc: 0
389 [22486018156224] INFO perfrun.perfcollector <> - config: in_tx: 0
389 [22486018156224] INFO perfrun.perfcollector <> - config: edge: 0
389 [22486018156224] INFO perfrun.perfcollector <> - config: any: 0
389 [22486018156224] INFO perfrun.perfcollector <> - config1: offcore_rsp: 0
389 [22486018156224] INFO perfrun.perfcollector <> - config: in_tx_cp: 0
389 [22486018156224] INFO perfrun.perfcollector <> - config1: ldlat: 0
389 [22486018156224] INFO perfrun.perfcollector <> - config: inv: 0
389 [22486018156224] INFO perfrun.perfcollector <> - config: umask: 2
389 [22486018156224] INFO perfrun.perfcollector <> - config: cmask: 0
389 [22486018156224] INFO perfrun.perfcollector <> - format: cpu/event=0xc7,umask=0x2,name='FP_ARITH_INST_RETIRED.SCALAR_SINGLE'/
389 [22486018156224] INFO perfrun.perfcollector <> - event name: FP_ARITH_INST_RETIRED.128B_PACKED_SINGLE
389 [22486018156224] INFO perfrun.perfcollector <> - pmu config: cpu
389 [22486018156224] INFO perfrun.perfcollector <> - cccrAddr: 187, cccrValue: 5308c7
389 [22486018156224] INFO perfrun.perfcollector <> - dataAddr: c2, dataValue: ffffffffffe17b7d
389 [22486018156224] INFO perfrun.perfcollector <> - escrAddr: ffffffff, escrValue: 0
389 [22486018156224] INFO perfrun.perfcollector <> - extendedPebsValue: 0
389 [22486018156224] INFO perfrun.perfcollector <> - adaptivePebsAvailable: 0
389 [22486018156224] INFO perfrun.perfcollector <> - config: event: c7
389 [22486018156224] INFO perfrun.perfcollector <> - config: pc: 0
389 [22486018156224] INFO perfrun.perfcollector <> - config: in_tx: 0
389 [22486018156224] INFO perfrun.perfcollector <> - config: edge: 0
389 [22486018156224] INFO perfrun.perfcollector <> - config: any: 0
389 [22486018156224] INFO perfrun.perfcollector <> - config1: offcore_rsp: 0
389 [22486018156224] INFO perfrun.perfcollector <> - config: in_tx_cp: 0
389 [22486018156224] INFO perfrun.perfcollector <> - config1: ldlat: 0
389 [22486018156224] INFO perfrun.perfcollector <> - config: inv: 0
389 [22486018156224] INFO perfrun.perfcollector <> - config: umask: 8
389 [22486018156224] INFO perfrun.perfcollector <> - config: cmask: 0
389 [22486018156224] INFO perfrun.perfcollector <> - format: cpu/event=0xc7,umask=0x8,name='FP_ARITH_INST_RETIRED.128B_PACKED_SINGLE'/
389 [22486018156224] INFO perfrun.perfcollector <> - event name: FP_ARITH_INST_RETIRED.256B_PACKED_SINGLE
389 [22486018156224] INFO perfrun.perfcollector <> - pmu config: cpu
389 [22486018156224] INFO perfrun.perfcollector <> - cccrAddr: 188, cccrValue: 5320c7
389 [22486018156224] INFO perfrun.perfcollector <> - dataAddr: c3, dataValue: ffffffffffe17b7d
389 [22486018156224] INFO perfrun.perfcollector <> - escrAddr: ffffffff, escrValue: 0
389 [22486018156224] INFO perfrun.perfcollector <> - extendedPebsValue: 0
389 [22486018156224] INFO perfrun.perfcollector <> - adaptivePebsAvailable: 0
389 [22486018156224] INFO perfrun.perfcollector <> - config: event: c7
389 [22486018156224] INFO perfrun.perfcollector <> - config: pc: 0
389 [22486018156224] INFO perfrun.perfcollector <> - config: in_tx: 0
389 [22486018156224] INFO perfrun.perfcollector <> - config: edge: 0
389 [22486018156224] INFO perfrun.perfcollector <> - config: any: 0
389 [22486018156224] INFO perfrun.perfcollector <> - config1: offcore_rsp: 0
389 [22486018156224] INFO perfrun.perfcollector <> - config: in_tx_cp: 0
389 [22486018156224] INFO perfrun.perfcollector <> - config1: ldlat: 0
389 [22486018156224] INFO perfrun.perfcollector <> - config: inv: 0
389 [22486018156224] INFO perfrun.perfcollector <> - config: umask: 20
389 [22486018156224] INFO perfrun.perfcollector <> - config: cmask: 0
389 [22486018156224] INFO perfrun.perfcollector <> - format: cpu/event=0xc7,umask=0x20,name='FP_ARITH_INST_RETIRED.256B_PACKED_SINGLE'/
389 [22486018156224] INFO perfrun.perfcollector <> - event name: FP_ARITH_INST_RETIRED.SCALAR_DOUBLE
389 [22486018156224] INFO perfrun.perfcollector <> - pmu config: cpu
389 [22486018156224] INFO perfrun.perfcollector <> - cccrAddr: 189, cccrValue: 5301c7
389 [22486018156224] INFO perfrun.perfcollector <> - dataAddr: c4, dataValue: ffffffffffe17b7d
389 [22486018156224] INFO perfrun.perfcollector <> - escrAddr: ffffffff, escrValue: 0
389 [22486018156224] INFO perfrun.perfcollector <> - extendedPebsValue: 0
389 [22486018156224] INFO perfrun.perfcollector <> - adaptivePebsAvailable: 0
389 [22486018156224] INFO perfrun.perfcollector <> - config: event: c7
389 [22486018156224] INFO perfrun.perfcollector <> - config: pc: 0
389 [22486018156224] INFO perfrun.perfcollector <> - config: in_tx: 0
389 [22486018156224] INFO perfrun.perfcollector <> - config: edge: 0
389 [22486018156224] INFO perfrun.perfcollector <> - config: any: 0
389 [22486018156224] INFO perfrun.perfcollector <> - config1: offcore_rsp: 0
389 [22486018156224] INFO perfrun.perfcollector <> - config: in_tx_cp: 0
389 [22486018156224] INFO perfrun.perfcollector <> - config1: ldlat: 0
389 [22486018156224] INFO perfrun.perfcollector <> - config: inv: 0
389 [22486018156224] INFO perfrun.perfcollector <> - config: umask: 1
389 [22486018156224] INFO perfrun.perfcollector <> - config: cmask: 0
389 [22486018156224] INFO perfrun.perfcollector <> - format: cpu/event=0xc7,umask=0x1,name='FP_ARITH_INST_RETIRED.SCALAR_DOUBLE'/
389 [22486018156224] INFO perfrun.perfcollector <> - event name: FP_ARITH_INST_RETIRED.128B_PACKED_DOUBLE
389 [22486018156224] INFO perfrun.perfcollector <> - pmu config: cpu
389 [22486018156224] INFO perfrun.perfcollector <> - cccrAddr: 186, cccrValue: 5304c7
389 [22486018156224] INFO perfrun.perfcollector <> - dataAddr: c1, dataValue: ffffffffffe17b7d
389 [22486018156224] INFO perfrun.perfcollector <> - escrAddr: ffffffff, escrValue: 0
389 [22486018156224] INFO perfrun.perfcollector <> - extendedPebsValue: 0
389 [22486018156224] INFO perfrun.perfcollector <> - adaptivePebsAvailable: 0
389 [22486018156224] INFO perfrun.perfcollector <> - config: event: c7
389 [22486018156224] INFO perfrun.perfcollector <> - config: pc: 0
389 [22486018156224] INFO perfrun.perfcollector <> - config: in_tx: 0
389 [22486018156224] INFO perfrun.perfcollector <> - config: edge: 0
389 [22486018156224] INFO perfrun.perfcollector <> - config: any: 0
389 [22486018156224] INFO perfrun.perfcollector <> - config1: offcore_rsp: 0
389 [22486018156224] INFO perfrun.perfcollector <> - config: in_tx_cp: 0
389 [22486018156224] INFO perfrun.perfcollector <> - config1: ldlat: 0
389 [22486018156224] INFO perfrun.perfcollector <> - config: inv: 0
389 [22486018156224] INFO perfrun.perfcollector <> - config: umask: 4
389 [22486018156224] INFO perfrun.perfcollector <> - config: cmask: 0
389 [22486018156224] INFO perfrun.perfcollector <> - format: cpu/event=0xc7,umask=0x4,name='FP_ARITH_INST_RETIRED.128B_PACKED_DOUBLE'/
389 [22486018156224] INFO perfrun.perfcollector <> - event name: FP_ARITH_INST_RETIRED.256B_PACKED_DOUBLE
389 [22486018156224] INFO perfrun.perfcollector <> - pmu config: cpu
389 [22486018156224] INFO perfrun.perfcollector <> - cccrAddr: 187, cccrValue: 5310c7
389 [22486018156224] INFO perfrun.perfcollector <> - dataAddr: c2, dataValue: ffffffffffe17b7d
389 [22486018156224] INFO perfrun.perfcollector <> - escrAddr: ffffffff, escrValue: 0
389 [22486018156224] INFO perfrun.perfcollector <> - extendedPebsValue: 0
389 [22486018156224] INFO perfrun.perfcollector <> - adaptivePebsAvailable: 0
389 [22486018156224] INFO perfrun.perfcollector <> - config: event: c7
389 [22486018156224] INFO perfrun.perfcollector <> - config: pc: 0
389 [22486018156224] INFO perfrun.perfcollector <> - config: in_tx: 0
389 [22486018156224] INFO perfrun.perfcollector <> - config: edge: 0
389 [22486018156224] INFO perfrun.perfcollector <> - config: any: 0
389 [22486018156224] INFO perfrun.perfcollector <> - config1: offcore_rsp: 0
389 [22486018156224] INFO perfrun.perfcollector <> - config: in_tx_cp: 0
389 [22486018156224] INFO perfrun.perfcollector <> - config1: ldlat: 0
389 [22486018156224] INFO perfrun.perfcollector <> - config: inv: 0
389 [22486018156224] INFO perfrun.perfcollector <> - config: umask: 10
389 [22486018156224] INFO perfrun.perfcollector <> - config: cmask: 0
389 [22486018156224] INFO perfrun.perfcollector <> - format: cpu/event=0xc7,umask=0x10,name='FP_ARITH_INST_RETIRED.256B_PACKED_DOUBLE'/
389 [22486018156224] INFO perfrun.perfcollector <> - event name: INST_RETIRED.X87
389 [22486018156224] INFO perfrun.perfcollector <> - pmu config: cpu
389 [22486018156224] INFO perfrun.perfcollector <> - cccrAddr: 18c, cccrValue: 5302c0
389 [22486018156224] INFO perfrun.perfcollector <> - dataAddr: c7, dataValue: ffffffffffe17b7d
389 [22486018156224] INFO perfrun.perfcollector <> - escrAddr: ffffffff, escrValue: 0
389 [22486018156224] INFO perfrun.perfcollector <> - extendedPebsValue: 0
389 [22486018156224] INFO perfrun.perfcollector <> - adaptivePebsAvailable: 0
389 [22486018156224] INFO perfrun.perfcollector <> - config: event: c0
389 [22486018156224] INFO perfrun.perfcollector <> - config: pc: 0
389 [22486018156224] INFO perfrun.perfcollector <> - config: in_tx: 0
389 [22486018156224] INFO perfrun.perfcollector <> - config: edge: 0
389 [22486018156224] INFO perfrun.perfcollector <> - config: any: 0
389 [22486018156224] INFO perfrun.perfcollector <> - config1: offcore_rsp: 0
389 [22486018156224] INFO perfrun.perfcollector <> - config: in_tx_cp: 0
389 [22486018156224] INFO perfrun.perfcollector <> - config1: ldlat: 0
389 [22486018156224] INFO perfrun.perfcollector <> - config: inv: 0
389 [22486018156224] INFO perfrun.perfcollector <> - config: umask: 2
389 [22486018156224] INFO perfrun.perfcollector <> - config: cmask: 0
389 [22486018156224] INFO perfrun.perfcollector <> - format: cpu/event=0xc0,umask=0x2,name='INST_RETIRED.X87'/
389 [22486018156224] INFO perfrun.perfcollector <> - event name: UOPS_RETIRED.RETIRE_SLOTS
389 [22486018156224] INFO perfrun.perfcollector <> - pmu config: cpu
389 [22486018156224] INFO perfrun.perfcollector <> - cccrAddr: 18d, cccrValue: 5302c2
389 [22486018156224] INFO perfrun.perfcollector <> - dataAddr: c8, dataValue: ffffffffffe17b7d
389 [22486018156224] INFO perfrun.perfcollector <> - escrAddr: ffffffff, escrValue: 0
389 [22486018156224] INFO perfrun.perfcollector <> - extendedPebsValue: 0
389 [22486018156224] INFO perfrun.perfcollector <> - adaptivePebsAvailable: 0
389 [22486018156224] INFO perfrun.perfcollector <> - config: event: c2
389 [22486018156224] INFO perfrun.perfcollector <> - config: pc: 0
389 [22486018156224] INFO perfrun.perfcollector <> - config: in_tx: 0
389 [22486018156224] INFO perfrun.perfcollector <> - config: edge: 0
389 [22486018156224] INFO perfrun.perfcollector <> - config: any: 0
389 [22486018156224] INFO perfrun.perfcollector <> - config1: offcore_rsp: 0
389 [22486018156224] INFO perfrun.perfcollector <> - config: in_tx_cp: 0
389 [22486018156224] INFO perfrun.perfcollector <> - config1: ldlat: 0
389 [22486018156224] INFO perfrun.perfcollector <> - config: inv: 0
389 [22486018156224] INFO perfrun.perfcollector <> - config: umask: 2
389 [22486018156224] INFO perfrun.perfcollector <> - config: cmask: 0
389 [22486018156224] INFO perfrun.perfcollector <> - format: cpu/event=0xc2,umask=0x2,name='UOPS_RETIRED.RETIRE_SLOTS'/
389 [22486018156224] INFO perfrun.perfcollector <> - event: cpu/event=0x3c,name='CPU_CLK_UNHALTED.THREAD'/Duk, added for counting
389 [22486018156224] INFO perfrun.perfcollector <> - event: cpu/umask=0x3,name='CPU_CLK_UNHALTED.REF_TSC'/Duk, added for counting
389 [22486018156224] INFO perfrun.perfcollector <> - event: cpu/event=0xc0,name='INST_RETIRED.ANY'/Duk, added for counting
389 [22486018156224] INFO perfrun.perfcollector <> - event: cpu/event=0x3c,umask=0x1,name='CPU_CLK_UNHALTED.REF_XCLK'/uk, added for counting
389 [22486018156224] INFO perfrun.perfcollector <> - event: cpu/event=0x3c,umask=0x2,name='CPU_CLK_UNHALTED.ONE_THREAD_ACTIVE'/uk, added for counting
389 [22486018156224] INFO perfrun.perfcollector <> - event: cpu/event=0xc7,umask=0x2,name='FP_ARITH_INST_RETIRED.SCALAR_SINGLE'/uk, added for counting
389 [22486018156224] INFO perfrun.perfcollector <> - event: cpu/event=0xc7,umask=0x8,name='FP_ARITH_INST_RETIRED.128B_PACKED_SINGLE'/uk, added for counting
389 [22486018156224] INFO perfrun.perfcollector <> - event: cpu/event=0xc7,umask=0x20,name='FP_ARITH_INST_RETIRED.256B_PACKED_SINGLE'/uk, added for counting
389 [22486018156224] INFO perfrun.perfcollector <> - event: cpu/event=0xc7,umask=0x1,name='FP_ARITH_INST_RETIRED.SCALAR_DOUBLE'/uk, added for counting
389 [22486018156224] INFO perfrun.perfcollector <> - event: cpu/event=0xc7,umask=0x4,name='FP_ARITH_INST_RETIRED.128B_PACKED_DOUBLE'/uk, added for counting
389 [22486018156224] INFO perfrun.perfcollector <> - event: cpu/event=0xc7,umask=0x10,name='FP_ARITH_INST_RETIRED.256B_PACKED_DOUBLE'/uk, added for counting
389 [22486018156224] INFO perfrun.perfcollector <> - event: cpu/event=0xc0,umask=0x2,name='INST_RETIRED.X87'/uk, added for counting
389 [22486018156224] INFO perfrun.perfcollector <> - event: cpu/event=0xc2,umask=0x2,name='UOPS_RETIRED.RETIRE_SLOTS'/uk, added for counting
389 [22486018156224] INFO perfrun.perfcollector <> - attaching to pid: 4294967295, collect mode: 1, rc modes: 3
405 [22486007109312] WARN perfrun.perfcollector <> - Perf stat trace pipe capacity: read = 1048576, write = 1048576, at file: vcs/perfrun1/plugins/perfcollector/src/profiler.cpp:765
415 [22486007109312] INFO perfrun.sdk <> - runCmd: /opt/intel/oneapi/vtune/2023.1.0/bin64/amplxe-perf stat -v --log-fd 10 --scale -x ; -e cpu/event=0x3c,name='CPU_CLK_UNHALTED.THREAD'/Duk,cpu/umask=0x3,name='CPU_CLK_UNHALTED.REF_TSC'/Duk,cpu/event=0xc0,name='INST_RETIRED.ANY'/Duk,cpu/event=0x3c,umask=0x1,name='CPU_CLK_UNHALTED.REF_XCLK'/uk,cpu/event=0x3c,umask=0x2,name='CPU_CLK_UNHALTED.ONE_THREAD_ACTIVE'/uk,cpu/event=0xc7,umask=0x2,name='FP_ARITH_INST_RETIRED.SCALAR_SINGLE'/uk,cpu/event=0xc7,umask=0x8,name='FP_ARITH_INST_RETIRED.128B_PACKED_SINGLE'/uk,cpu/event=0xc7,umask=0x20,name='FP_ARITH_INST_RETIRED.256B_PACKED_SINGLE'/uk,cpu/event=0xc7,umask=0x1,name='FP_ARITH_INST_RETIRED.SCALAR_DOUBLE'/uk,cpu/event=0xc7,umask=0x4,name='FP_ARITH_INST_RETIRED.128B_PACKED_DOUBLE'/uk,cpu/event=0xc7,umask=0x10,name='FP_ARITH_INST_RETIRED.256B_PACKED_DOUBLE'/uk,cpu/event=0xc0,umask=0x2,name='INST_RETIRED.X87'/uk,cpu/event=0xc2,umask=0x2,name='UOPS_RETIRED.RETIRE_SLOTS'/uk /opt/intel/oneapi/vtune/2023.1.0/bin64/amplxe-perf-sync dryrun sys
415 [22486007109312] INFO perfrun.sdk <> - runCmd started PID 3362862
625 [22486007109312] INFO perfrun.perfcollector <> - Monitor: runCmd RC = true
629 [22486018156224] INFO perfrun.launcher <> - plugin [aoclprofile] was disabled because it doesn't support the given collection type.
629 [22486018156224] INFO perfrun.tpss <> - initialize tpss controller
629 [22486018156224] INFO perfrun.tpss <> - configure collection mode: value = cpu:counters:nostack
629 [22486018156224] INFO perfrun.tpss <> - configure collection mode: value = cpu:stack
629 [22486018156224] INFO perfrun.tpss <> - default obj-size-min=1024
629 [22486018156224] INFO perfrun.tpss <> - default hash-table-size=0
630 [22486018156224] INFO perfrun.launcher <> - plugin [media] was disabled because it doesn't support the given collection type.
630 [22486018156224] INFO perfrun.launcher <> - plugin [] was disabled because it doesn't support the given collection type.
630 [22486018156224] INFO perfrun.launcher <> - plugin [] was disabled because it doesn't support the given collection type.
630 [22486018156224] INFO perfrun.launcher <> - plugin [parallelfs] was disabled because it doesn't support the given collection type.
630 [22486018156224] INFO perfrun.launcher <> - plugin [power] was disabled because it doesn't support the given collection type.
630 [22486018156224] INFO perfrun.launcher <> - plugin [hwloc] was disabled because it doesn't support the given collection type.
630 [22486018156224] INFO perfrun.launcher <> - plugin [ipmwatch] was disabled because it doesn't support the given collection type.
630 [22486018156224] INFO perfrun.launcher <> - plugin [os_counters] was disabled because it doesn't support the given collection type.
630 [22486018156224] INFO perfrun.launcher <> - plugin [l0_metrics] was disabled because it doesn't support the given collection type.
630 [22486161635200] INFO perfrun.launcher <> - set environment variable: LD_LIBRARY_PATH = /opt/intel/oneapi/vtune/2023.1.0/lib32/runtime:/opt/intel/oneapi/vtune/2023.1.0/lib64/runtime:/opt/intel/oneapi/tbb/2021.5.1/env/../lib/intel64/gcc4.8:/opt/intel/oneapi/mpi/2021.5.1//libfabric/lib:/opt/intel/oneapi/mpi/2021.5.1//lib/release:/opt/intel/oneapi/mpi/2021.5.1//lib:/opt/intel/oneapi/mkl/2022.0.2/lib/intel64:/opt/intel/oneapi/itac/2021.5.0/slib:/opt/intel/oneapi/debugger/2021.5.0/gdb/intel64/lib:/opt/intel/oneapi/debugger/2021.5.0/libipt/intel64/lib:/opt/intel/oneapi/debugger/2021.5.0/dep/lib:/opt/intel/oneapi/compiler/2022.0.2/linux/lib:/opt/intel/oneapi/compiler/2022.0.2/linux/lib/x64:/opt/intel/oneapi/compiler/2022.0.2/linux/lib/oclfpga/host/linux64/lib:/opt/intel/oneapi/compiler/2022.0.2/linux/compiler/lib/intel64_lin
630 [22486161635200] INFO perfrun.launcher <> - set environment variable: INTEL_LIBITTNOTIFY32 = /opt/intel/oneapi/vtune/2023.1.0/lib32/runtime/libittnotify_collector.so
630 [22486161635200] INFO perfrun.launcher <> - set environment variable: INTEL_LIBITTNOTIFY64 = /opt/intel/oneapi/vtune/2023.1.0/lib64/runtime/libittnotify_collector.so
630 [22486161635200] INFO perfrun.launcher <> - set environment variable: INTEL_ITTNOTIFY_GROUPS = 
630 [22486161635200] INFO perfrun.launcher <> - set environment variable: INTEL_JIT_PROFILER32 = /opt/intel/oneapi/vtune/2023.1.0/lib32/runtime/libittnotify_collector.so
630 [22486161635200] INFO perfrun.launcher <> - set environment variable: INTEL_JIT_PROFILER64 = /opt/intel/oneapi/vtune/2023.1.0/lib64/runtime/libittnotify_collector.so
630 [22486161635200] INFO perfrun.launcher <> - set environment variable: OMP_TOOL_LIBRARIES = /opt/intel/oneapi/vtune/2023.1.0/lib32/runtime/libittnotify_collector.so:/opt/intel/oneapi/vtune/2023.1.0/lib64/runtime/libittnotify_collector.so
630 [22486161635200] INFO perfrun.launcher <> - set environment variable: ENABLE_JITPROFILING = 1
630 [22486161635200] INFO perfrun.launcher <> - set environment variable: CL_CONFIG_USE_VTUNE = True
630 [22486161635200] INFO perfrun.launcher <> - set environment variable: LD_PRELOAD = libittnotify_collector.so:
630 [22486161635200] INFO perfrun.launcher <> - set environment variable: KMP_FORKJOIN_FRAMES = 0
630 [22486161635200] INFO perfrun.launcher <> - set environment variable: KMP_FORKJOIN_FRAMES_MODE = 0
630 [22486161635200] INFO perfrun.launcher <> - set environment variable: OMP_TOOL = disabled
630 [22486161635200] INFO perfrun.launcher <> - set environment variable: INTEL_MRTE_DATA_DIR = /home/course/hpc/users/2022012388/exp8/vtune_result.conv4/data.11
630 [22486161635200] INFO perfrun.launcher <> - set environment variable: INTEL_MRTE_HOST_NAME = conv4
630 [22486161635200] INFO perfrun.launcher <> - set environment variable: JAVA_TOOL_OPTIONS = -agentlib:amplxe_tpssmrte_javaprof_1.0 -Dsun.boot.library.path=/opt/intel/oneapi/vtune/2023.1.0/lib32/runtime:/opt/intel/oneapi/vtune/2023.1.0/lib64/runtime
630 [22486161635200] INFO perfrun.launcher <> - set environment variable: LD_LIBRARY_PATH = /opt/intel/oneapi/vtune/2023.1.0/lib32/runtime:/opt/intel/oneapi/vtune/2023.1.0/lib64/runtime:/opt/intel/oneapi/tbb/2021.5.1/env/../lib/intel64/gcc4.8:/opt/intel/oneapi/mpi/2021.5.1//libfabric/lib:/opt/intel/oneapi/mpi/2021.5.1//lib/release:/opt/intel/oneapi/mpi/2021.5.1//lib:/opt/intel/oneapi/mkl/2022.0.2/lib/intel64:/opt/intel/oneapi/itac/2021.5.0/slib:/opt/intel/oneapi/debugger/2021.5.0/gdb/intel64/lib:/opt/intel/oneapi/debugger/2021.5.0/libipt/intel64/lib:/opt/intel/oneapi/debugger/2021.5.0/dep/lib:/opt/intel/oneapi/compiler/2022.0.2/linux/lib:/opt/intel/oneapi/compiler/2022.0.2/linux/lib/x64:/opt/intel/oneapi/compiler/2022.0.2/linux/lib/oclfpga/host/linux64/lib:/opt/intel/oneapi/compiler/2022.0.2/linux/compiler/lib/intel64_lin
630 [22486161635200] INFO perfrun.launcher <> - set environment variable: CORECLR_ENABLE_PROFILING = 1
630 [22486161635200] INFO perfrun.launcher <> - set environment variable: CORECLR_PROFILER = {AA5E4821-E3B1-479c-B7FF-5AD047D22CED}
631 [22486161635200] INFO perfrun.launcher <> - set environment variable: CORECLR_PROFILER_PATH = /opt/intel/oneapi/vtune/2023.1.0/lib64/libamplxe_samplingmrte_clrprof_1.0.so
631 [22486161635200] INFO perfrun.launcher <> - set environment variable: INTEL_MRTE_PROFILER_MODE = mixed
631 [22486161635200] INFO perfrun.launcher <> - RpcServer: run RPC server to handle requests
637 [22486161635200] INFO perfrun.launcher <> - Launcher: command line to start before modification = ./main 2022012388
637 [22486161635200] INFO perfrun.launcher <> - Launcher: command line to start after modification = /opt/intel/oneapi/vtune/2023.1.0/bin64/pin -error_file /home/course/hpc/users/2022012388/exp8/vtune_result.conv4/data.11/pinerr.tpsslog -detach_reattach -follow_execv -tool_load_option deepbind -t64 /opt/intel/oneapi/vtune/2023.1.0/lib64/libtpsstool.so -t /opt/intel/oneapi/vtune/2023.1.0/lib32/libtpsstool.so -server_name tpss_ipc.3362690 -prd_dir /opt/intel/oneapi/vtune/2023.1.0 -- ./main 2022012388
1038 [22486161635200] INFO perfrun.launcher <> - ProcessCreator object was created
1039 [22486161635200] INFO perfrun.launcher <> - Launcher: the process was started in suspend mode
1043 [22486018156224] WARN perfrun.system <> - Could not do anything with /sys/kernel/debug/kvm: boost::filesystem::status: Permission denied: "/sys/kernel/debug/kvm", at file: vcs/perfrun1/plugins/system/src/trace_writer.cpp:787
1043 [22486018156224] WARN perfrun.system <> - Folder "/var/run/libvirt/qemu/"doesn't exist, at file: vcs/perfrun1/plugins/system/src/trace_writer.cpp:800
1043 [22486018156224] INFO perfrun.itt <> - start itt controller for pid #3363016
1043 [22486018156224] INFO perfrun.perfcollector <> - attaching to pid: 3363016, collect mode: 1, rc modes: 1
1057 [22486000805568] WARN perfrun.perfcollector <> - Perf stat trace pipe capacity: read = 1048576, write = 1048576, at file: vcs/perfrun1/plugins/perfcollector/src/profiler.cpp:765
1066 [22486000805568] INFO perfrun.sdk <> - runCmd: /opt/intel/oneapi/vtune/2023.1.0/bin64/amplxe-perf stat -v --log-fd 22 --control=fd:23,26 --scale -x ; -p 3363016 -e cpu/event=0x3c,name='CPU_CLK_UNHALTED.THREAD'/Duk,cpu/umask=0x3,name='CPU_CLK_UNHALTED.REF_TSC'/Duk,cpu/event=0xc0,name='INST_RETIRED.ANY'/Duk,cpu/event=0x3c,umask=0x1,name='CPU_CLK_UNHALTED.REF_XCLK'/uk,cpu/event=0x3c,umask=0x2,name='CPU_CLK_UNHALTED.ONE_THREAD_ACTIVE'/uk,cpu/event=0xc7,umask=0x2,name='FP_ARITH_INST_RETIRED.SCALAR_SINGLE'/uk,cpu/event=0xc7,umask=0x8,name='FP_ARITH_INST_RETIRED.128B_PACKED_SINGLE'/uk,cpu/event=0xc7,umask=0x20,name='FP_ARITH_INST_RETIRED.256B_PACKED_SINGLE'/uk,cpu/event=0xc7,umask=0x1,name='FP_ARITH_INST_RETIRED.SCALAR_DOUBLE'/uk,cpu/event=0xc7,umask=0x4,name='FP_ARITH_INST_RETIRED.128B_PACKED_DOUBLE'/uk,cpu/event=0xc7,umask=0x10,name='FP_ARITH_INST_RETIRED.256B_PACKED_DOUBLE'/uk,cpu/event=0xc0,umask=0x2,name='INST_RETIRED.X87'/uk,cpu/event=0xc2,umask=0x2,name='UOPS_RETIRED.RETIRE_SLOTS'/uk /opt/intel/oneapi/vtune/2023.1.0/bin64/amplxe-perf-sync sync sys
1067 [22486000805568] INFO perfrun.sdk <> - runCmd started PID 3363101
1233 [22486018156224] INFO perfrun.tpss <> - start tpss controller for pid #3363016
1283 [22486161635200] INFO perfrun.launcher <> - Launcher: all plugins were started
1283 [22486161635200] INFO perfrun.launcher <> - DirectoryMonitor object was created
1283 [22486161635200] INFO perfrun.launcher <> - DirectoryMonitor: a callback was added
1283 [22486161635200] INFO perfrun.launcher <> - DirectoryMonitor was started with pingTime = 1000
1283 [22486161635200] INFO perfrun.launcher <> - DeadlineTimer is going to be constructed
1283 [22486161635200] INFO perfrun.launcher <> - DeadlineTimer: a callback was added
1285 [22486161635200] INFO perfrun.launcher <> - Launcher: resume the profiled application and  wait its termination or stop command
3328 [22486161635200] INFO perfrun.launcher <> - Launcher: the profiled application was terminated  with exit code = 1
3522 [22486018156224] INFO perfrun.itt <> - detach itt controller
3522 [22486018156224] INFO perfrun.itt <> - detach itt controller done
3525 [22486000805568] INFO perfrun.perfcollector <> - Monitor: runCmd RC = true
3525 [22486018156224] INFO perfrun.perfcollector <> - Monitor: state = 3, error = 1
3526 [22486018156224] INFO perfrun.tpss <> - stop tpss controller
3529 [22486018156224] INFO perfrun.sdk <> - De-allocating TMU: /home/course/hpc/users/2022012388/exp8/vtune_result.conv4/data.11/systemcollector-3362690-conv4.sc
3529 [22486018156224] INFO perfrun.system <> - closed the system trace file: /home/course/hpc/users/2022012388/exp8/vtune_result.conv4/data.11/systemcollector-3362690-conv4.sc
3529 [22486161635200] INFO perfrun.launcher <> - Launcher: all plugins were stopped.
3529 [22486161635200] INFO perfrun.launcher <> - DeadlineTimer is going to be destroyed
3529 [22486161635200] INFO perfrun.launcher <> - DeadlineTimer was destroyed
3529 [22486161635200] INFO perfrun.launcher <> - DirectoryMonitor object was destroyed
3529 [22486161635200] WARN perfrun.launcher <> - Stop command is ignored because it is received when collection is already stopped, at file: vcs/perfrun1/launcher/src/command_handler.cpp:226
3532 [22486161635200] INFO perfrun.launcher <> - Application exit code: 1
3533 [22486161635200] INFO perfrun.launcher <> - Exit code: 4
