14 [23184798332800] INFO perfrun.launcher <> - Launcher main begin
16 [23184798332800] INFO perfrun.launcher <> - MessageCatalogInit finished
16 [23184798332800] INFO perfrun.launcher <> - Launcher instance created
16 [23184798332800] INFO perfrun.launcher <> - argc = 7; cmdline = /opt/intel/oneapi/vtune/2023.1.0/bin64/amplxe-runss --ui-output-format xml --ui-output-fd 5 --option-file /home/course/hpc/users/2022012388/exp8/vtune_result.conv4/config/runss.options 
121 [23184798332800] INFO perfrun.launcher <> - create msngr2::ICliToolContext
122 [23184798332800] INFO perfrun.launcher <> - create file finder object
122 [23184798332800] INFO perfrun.launcher <> - create a result directory: pattern = /home/course/hpc/users/2022012388/exp8/vtune_result.conv4 pid = 4294967295
124 [23184798332800] INFO perfrun.sdk <> - checked that the directory /home/course/hpc/users/2022012388/exp8/vtune_result.conv4 is a local directory
124 [23184798332800] INFO perfrun.sdk <> - the directory /home/course/hpc/users/2022012388/exp8/vtune_result.conv4 is located on a share or its FS ID is unknown 26985
124 [23184798332800] INFO perfrun.sdk <> - checked that the directory /tmp/amplxe-tmp-2022012388 is a local directory
124 [23184798332800] INFO perfrun.sdk <> - the directory /tmp/amplxe-tmp-2022012388 is located on a share or its FS ID is unknown 2035054128
125 [23184798332800] INFO perfrun.launcher <> - create data directory = /home/course/hpc/users/2022012388/exp8/vtune_result.conv4/data.1
127 [23184798332800] INFO perfrun.launcher <> - Creating the master collection flag
127 [23184798332800] INFO perfrun.launcher <> - Done creating the master collection flag
130 [23184654984896] INFO perfrun.launcher <> - plugin [remoteplug] was disabled because it doesn't support the given collection type.
130 [23184654984896] INFO perfrun.sdk <> - Allocating TMU :/home/course/hpc/users/2022012388/exp8/vtune_result.conv4/data.1/systemcollector-3362665-conv4.sc
131 [23184654984896] INFO perfrun.launcher <> - plugin [vdso] was disabled because it doesn't support the given collection type.
132 [23184654984896] INFO perfrun.launcher <> - plugin [ptracecollector] was disabled because it doesn't support the given collection type.
132 [23184654984896] INFO perfrun.launcher <> - plugin [gpu] was disabled because it doesn't support the given collection type.
132 [23184654984896] INFO perfrun.launcher <> - plugin [] was disabled because it doesn't support the given collection type.
132 [23184654984896] INFO perfrun.launcher <> - plugin [] was disabled because it doesn't support the given collection type.
132 [23184654984896] INFO perfrun.launcher <> - plugin [] was disabled because it doesn't support the given collection type.
132 [23184654984896] INFO perfrun.mrte <> - system-wide mode is 0
132 [23184654984896] INFO perfrun.mrte <> - Getting  mrte profiling environment ...
207 [23184654984896] INFO perfrun.mrte <> - INTEL_MRTE_DATA_DIR=/home/course/hpc/users/2022012388/exp8/vtune_result.conv4/data.1
207 [23184654984896] INFO perfrun.mrte <> - INTEL_MRTE_HOST_NAME=conv4
207 [23184654984896] INFO perfrun.mrte <> - JAVA_TOOL_OPTIONS=-agentlib:amplxe_tpssmrte_javaprof_1.0 -Dsun.boot.library.path=/opt/intel/oneapi/vtune/2023.1.0/lib32/runtime:/opt/intel/oneapi/vtune/2023.1.0/lib64/runtime
207 [23184654984896] INFO perfrun.mrte <> - LD_LIBRARY_PATH=/opt/intel/oneapi/vtune/2023.1.0/lib32/runtime:/opt/intel/oneapi/vtune/2023.1.0/lib64/runtime:/opt/intel/oneapi/tbb/2021.5.1/env/../lib/intel64/gcc4.8:/opt/intel/oneapi/mpi/2021.5.1//libfabric/lib:/opt/intel/oneapi/mpi/2021.5.1//lib/release:/opt/intel/oneapi/mpi/2021.5.1//lib:/opt/intel/oneapi/mkl/2022.0.2/lib/intel64:/opt/intel/oneapi/itac/2021.5.0/slib:/opt/intel/oneapi/debugger/2021.5.0/gdb/intel64/lib:/opt/intel/oneapi/debugger/2021.5.0/libipt/intel64/lib:/opt/intel/oneapi/debugger/2021.5.0/dep/lib:/opt/intel/oneapi/compiler/2022.0.2/linux/lib:/opt/intel/oneapi/compiler/2022.0.2/linux/lib/x64:/opt/intel/oneapi/compiler/2022.0.2/linux/lib/oclfpga/host/linux64/lib:/opt/intel/oneapi/compiler/2022.0.2/linux/compiler/lib/intel64_lin
207 [23184654984896] INFO perfrun.mrte <> - CORECLR_ENABLE_PROFILING=1
207 [23184654984896] INFO perfrun.mrte <> - CORECLR_PROFILER={AA5E4821-E3B1-479c-B7FF-5AD047D22CED}
208 [23184654984896] INFO perfrun.mrte <> - CORECLR_PROFILER_PATH=/opt/intel/oneapi/vtune/2023.1.0/lib64/libamplxe_samplingmrte_clrprof_1.0.so
208 [23184654984896] INFO perfrun.mrte <> - INTEL_MRTE_PROFILER_MODE=mixed
208 [23184654984896] INFO perfrun.mrte <> - Data directory: /home/course/hpc/users/2022012388/exp8/vtune_result.conv4/data.1
208 [23184654984896] INFO perfrun.mrte <> - Mrte plugin is initialized
208 [23184654984896] INFO perfrun.launcher <> - plugin [emon] was disabled because it doesn't support the given collection type.
208 [23184654984896] INFO perfrun.launcher <> - plugin [cuscol] was disabled because it doesn't support the given collection type.
208 [23184654984896] INFO perfrun.launcher <> - plugin [stdsrc] was disabled because it doesn't support the given collection type.
208 [23184654984896] INFO perfrun.launcher <> - plugin [sep] was disabled because it doesn't support the given collection type.
208 [23184654984896] INFO perfrun.launcher <> - plugin [vtsspp] was disabled because it doesn't support the given collection type.
208 [23184654984896] INFO perfrun.sdk <> - Reading value (0) from file: /proc/sys/kernel/perf_event_paranoid
208 [23184654984896] INFO perfrun.perfcollector <> - checking access to: /opt/intel/oneapi/vtune/2023.1.0/bin64/amplxe-perf-priv
210 [23184654984896] INFO perfrun.perfcollector <> - cpu: family = 6 model = 79
211 [23184654984896] INFO perfrun.perfcollector <> - dir found: /sys/bus/event_source/devices/software
211 [23184654984896] INFO perfrun.perfcollector <> - format: pmu format subdir doesn't exist
211 [23184654984896] INFO perfrun.perfcollector <> - hwInfo: not set, pmuFam: software
211 [23184654984896] INFO perfrun.perfcollector <> - pmu added: family: software, id: 0
211 [23184654984896] INFO perfrun.perfcollector <> - dir found: /sys/bus/event_source/devices/uncore_imc_5
212 [23184654984896] INFO perfrun.perfcollector <> - format: event config:0-7 mask:0-7
212 [23184654984896] INFO perfrun.perfcollector <> - format: edge config:18 mask:18
212 [23184654984896] INFO perfrun.perfcollector <> - format: inv config:23 mask:23
213 [23184654984896] INFO perfrun.perfcollector <> - format: umask config:8-15 mask:8-15
213 [23184654984896] INFO perfrun.perfcollector <> - format: thresh config:24-31 mask:24-31
213 [23184654984896] INFO perfrun.perfcollector <> - hwInfo: PERF_IMC_PMU_DETAILS
213 [23184654984896] INFO perfrun.perfcollector <> - pmu added: family: uncore_imc, id: 5
213 [23184654984896] INFO perfrun.perfcollector <> - dir found: /sys/bus/event_source/devices/uncore_sbox_2
214 [23184654984896] INFO perfrun.perfcollector <> - format: event config:0-7 mask:0-7
214 [23184654984896] INFO perfrun.perfcollector <> - format: edge config:18 mask:18
215 [23184654984896] INFO perfrun.perfcollector <> - format: inv config:23 mask:23
215 [23184654984896] INFO perfrun.perfcollector <> - format: umask config:8-15 mask:8-15
215 [23184654984896] INFO perfrun.perfcollector <> - format: tid_en config:19 mask:19
215 [23184654984896] INFO perfrun.perfcollector <> - format: thresh config:24-31 mask:24-31
215 [23184654984896] INFO perfrun.perfcollector <> - hwInfo: not set, pmuFam: uncore_sbox
216 [23184654984896] INFO perfrun.perfcollector <> - pmu added: family: uncore_sbox, id: 2
216 [23184654984896] INFO perfrun.perfcollector <> - dir found: /sys/bus/event_source/devices/uncore_cbox_8
216 [23184654984896] INFO perfrun.perfcollector <> - format: event config:0-7 mask:0-7
217 [23184654984896] INFO perfrun.perfcollector <> - format: filter_link config1:6-8 mask:6-8
217 [23184654984896] INFO perfrun.perfcollector <> - format: filter_c6 config1:61 mask:61
217 [23184654984896] INFO perfrun.perfcollector <> - format: edge config:18 mask:18
217 [23184654984896] INFO perfrun.perfcollector <> - format: filter_isoc config1:63 mask:63
218 [23184654984896] INFO perfrun.perfcollector <> - format: filter_tid config1:0-5 mask:0-5
218 [23184654984896] INFO perfrun.perfcollector <> - format: filter_nid config1:32-47 mask:32-47
218 [23184654984896] INFO perfrun.perfcollector <> - format: filter_nc config1:62 mask:62
219 [23184654984896] INFO perfrun.perfcollector <> - format: umask config:8-15 mask:8-15
219 [23184654984896] INFO perfrun.perfcollector <> - format: tid_en config:19 mask:19
219 [23184654984896] INFO perfrun.perfcollector <> - format: thresh config:24-31 mask:24-31
219 [23184654984896] INFO perfrun.perfcollector <> - format: filter_state config1:17-23 mask:17-23
220 [23184654984896] INFO perfrun.perfcollector <> - format: filter_opc config1:52-60 mask:52-60
220 [23184654984896] INFO perfrun.perfcollector <> - hwInfo: PERF_CBOX_PMU_DETAILS
220 [23184654984896] INFO perfrun.perfcollector <> - pmu added: family: uncore_cbox, id: 8
220 [23184654984896] INFO perfrun.perfcollector <> - dir found: /sys/bus/event_source/devices/uncore_cbox_13
221 [23184654984896] INFO perfrun.perfcollector <> - format: event config:0-7 mask:0-7
221 [23184654984896] INFO perfrun.perfcollector <> - format: filter_link config1:6-8 mask:6-8
221 [23184654984896] INFO perfrun.perfcollector <> - format: filter_c6 config1:61 mask:61
222 [23184654984896] INFO perfrun.perfcollector <> - format: edge config:18 mask:18
222 [23184654984896] INFO perfrun.perfcollector <> - format: filter_isoc config1:63 mask:63
222 [23184654984896] INFO perfrun.perfcollector <> - format: filter_tid config1:0-5 mask:0-5
222 [23184654984896] INFO perfrun.perfcollector <> - format: filter_nid config1:32-47 mask:32-47
223 [23184654984896] INFO perfrun.perfcollector <> - format: filter_nc config1:62 mask:62
223 [23184654984896] INFO perfrun.perfcollector <> - format: umask config:8-15 mask:8-15
223 [23184654984896] INFO perfrun.perfcollector <> - format: tid_en config:19 mask:19
223 [23184654984896] INFO perfrun.perfcollector <> - format: thresh config:24-31 mask:24-31
224 [23184654984896] INFO perfrun.perfcollector <> - format: filter_state config1:17-23 mask:17-23
224 [23184654984896] INFO perfrun.perfcollector <> - format: filter_opc config1:52-60 mask:52-60
224 [23184654984896] INFO perfrun.perfcollector <> - hwInfo: PERF_CBOX_PMU_DETAILS
224 [23184654984896] INFO perfrun.perfcollector <> - pmu added: family: uncore_cbox, id: 13
224 [23184654984896] INFO perfrun.perfcollector <> - dir found: /sys/bus/event_source/devices/uncore_r2pcie
225 [23184654984896] INFO perfrun.perfcollector <> - format: event config:0-7 mask:0-7
225 [23184654984896] INFO perfrun.perfcollector <> - format: edge config:18 mask:18
226 [23184654984896] INFO perfrun.perfcollector <> - format: inv config:23 mask:23
226 [23184654984896] INFO perfrun.perfcollector <> - format: umask config:8-15 mask:8-15
226 [23184654984896] INFO perfrun.perfcollector <> - format: thresh config:24-31 mask:24-31
226 [23184654984896] INFO perfrun.perfcollector <> - hwInfo: not set, pmuFam: uncore_r2pcie
226 [23184654984896] INFO perfrun.perfcollector <> - pmu added: family: uncore_r2pcie, id: 0
227 [23184654984896] INFO perfrun.perfcollector <> - dir found: /sys/bus/event_source/devices/uncore_sbox_0
227 [23184654984896] INFO perfrun.perfcollector <> - format: event config:0-7 mask:0-7
227 [23184654984896] INFO perfrun.perfcollector <> - format: edge config:18 mask:18
228 [23184654984896] INFO perfrun.perfcollector <> - format: inv config:23 mask:23
228 [23184654984896] INFO perfrun.perfcollector <> - format: umask config:8-15 mask:8-15
228 [23184654984896] INFO perfrun.perfcollector <> - format: tid_en config:19 mask:19
228 [23184654984896] INFO perfrun.perfcollector <> - format: thresh config:24-31 mask:24-31
228 [23184654984896] INFO perfrun.perfcollector <> - hwInfo: not set, pmuFam: uncore_sbox
229 [23184654984896] INFO perfrun.perfcollector <> - pmu added: family: uncore_sbox, id: 0
229 [23184654984896] INFO perfrun.perfcollector <> - dir found: /sys/bus/event_source/devices/uncore_qpi_1
230 [23184654984896] INFO perfrun.perfcollector <> - format: mask_rnid4 config2:31 mask:31
230 [23184654984896] INFO perfrun.perfcollector <> - format: mask_rnid30 config2:32-35 mask:32-35
230 [23184654984896] INFO perfrun.perfcollector <> - format: match_rnid30 config1:32-35 mask:32-35
230 [23184654984896] INFO perfrun.perfcollector <> - format: event config:0-7,21 mask:0-7,21
231 [23184654984896] INFO perfrun.perfcollector <> - format: match0 config1:0-31 mask:0-31
231 [23184654984896] INFO perfrun.perfcollector <> - format: match_rds config1:48-51 mask:48-51
231 [23184654984896] INFO perfrun.perfcollector <> - format: mask_rds config2:48-51 mask:48-51
232 [23184654984896] INFO perfrun.perfcollector <> - format: edge config:18 mask:18
232 [23184654984896] INFO perfrun.perfcollector <> - format: mask1 config2:32-63 mask:32-63
232 [23184654984896] INFO perfrun.perfcollector <> - format: match_dnid config1:13-17 mask:13-17
232 [23184654984896] INFO perfrun.perfcollector <> - format: mask_dnid config2:13-17 mask:13-17
233 [23184654984896] INFO perfrun.perfcollector <> - format: match_vnw config1:3-4 mask:3-4
233 [23184654984896] INFO perfrun.perfcollector <> - format: mask_vnw config2:3-4 mask:3-4
233 [23184654984896] INFO perfrun.perfcollector <> - format: mask_mc config2:9-12 mask:9-12
233 [23184654984896] INFO perfrun.perfcollector <> - format: match1 config1:32-63 mask:32-63
234 [23184654984896] INFO perfrun.perfcollector <> - format: inv config:23 mask:23
234 [23184654984896] INFO perfrun.perfcollector <> - format: umask config:8-15 mask:8-15
234 [23184654984896] INFO perfrun.perfcollector <> - format: match_opc config1:5-8 mask:5-8
235 [23184654984896] INFO perfrun.perfcollector <> - format: mask_opc config2:5-8 mask:5-8
235 [23184654984896] INFO perfrun.perfcollector <> - format: thresh config:24-31 mask:24-31
235 [23184654984896] INFO perfrun.perfcollector <> - format: match_rnid4 config1:31 mask:31
235 [23184654984896] INFO perfrun.perfcollector <> - format: mask0 config2:0-31 mask:0-31
236 [23184654984896] INFO perfrun.perfcollector <> - format: match_mc config1:9-12 mask:9-12
236 [23184654984896] INFO perfrun.perfcollector <> - hwInfo: PERF_QPI_PMU_DETAILS
236 [23184654984896] INFO perfrun.perfcollector <> - pmu added: family: uncore_qpi, id: 1
236 [23184654984896] INFO perfrun.perfcollector <> - dir found: /sys/bus/event_source/devices/uncore_cbox_6
237 [23184654984896] INFO perfrun.perfcollector <> - format: event config:0-7 mask:0-7
237 [23184654984896] INFO perfrun.perfcollector <> - format: filter_link config1:6-8 mask:6-8
237 [23184654984896] INFO perfrun.perfcollector <> - format: filter_c6 config1:61 mask:61
237 [23184654984896] INFO perfrun.perfcollector <> - format: edge config:18 mask:18
238 [23184654984896] INFO perfrun.perfcollector <> - format: filter_isoc config1:63 mask:63
238 [23184654984896] INFO perfrun.perfcollector <> - format: filter_tid config1:0-5 mask:0-5
238 [23184654984896] INFO perfrun.perfcollector <> - format: filter_nid config1:32-47 mask:32-47
239 [23184654984896] INFO perfrun.perfcollector <> - format: filter_nc config1:62 mask:62
239 [23184654984896] INFO perfrun.perfcollector <> - format: umask config:8-15 mask:8-15
239 [23184654984896] INFO perfrun.perfcollector <> - format: tid_en config:19 mask:19
239 [23184654984896] INFO perfrun.perfcollector <> - format: thresh config:24-31 mask:24-31
240 [23184654984896] INFO perfrun.perfcollector <> - format: filter_state config1:17-23 mask:17-23
240 [23184654984896] INFO perfrun.perfcollector <> - format: filter_opc config1:52-60 mask:52-60
240 [23184654984896] INFO perfrun.perfcollector <> - hwInfo: PERF_CBOX_PMU_DETAILS
240 [23184654984896] INFO perfrun.perfcollector <> - pmu added: family: uncore_cbox, id: 6
240 [23184654984896] INFO perfrun.perfcollector <> - dir found: /sys/bus/event_source/devices/uncore_imc_1
241 [23184654984896] INFO perfrun.perfcollector <> - format: event config:0-7 mask:0-7
241 [23184654984896] INFO perfrun.perfcollector <> - format: edge config:18 mask:18
242 [23184654984896] INFO perfrun.perfcollector <> - format: inv config:23 mask:23
242 [23184654984896] INFO perfrun.perfcollector <> - format: umask config:8-15 mask:8-15
242 [23184654984896] INFO perfrun.perfcollector <> - format: thresh config:24-31 mask:24-31
242 [23184654984896] INFO perfrun.perfcollector <> - hwInfo: PERF_IMC_PMU_DETAILS
242 [23184654984896] INFO perfrun.perfcollector <> - pmu added: family: uncore_imc, id: 1
243 [23184654984896] INFO perfrun.perfcollector <> - dir found: /sys/bus/event_source/devices/power
243 [23184654984896] INFO perfrun.perfcollector <> - format: event config:0-7 mask:0-7
243 [23184654984896] INFO perfrun.perfcollector <> - hwInfo: not set, pmuFam: power
244 [23184654984896] INFO perfrun.perfcollector <> - pmu added: family: power, id: 0
244 [23184654984896] INFO perfrun.perfcollector <> - dir found: /sys/bus/event_source/devices/uncore_cbox_11
244 [23184654984896] INFO perfrun.perfcollector <> - format: event config:0-7 mask:0-7
245 [23184654984896] INFO perfrun.perfcollector <> - format: filter_link config1:6-8 mask:6-8
245 [23184654984896] INFO perfrun.perfcollector <> - format: filter_c6 config1:61 mask:61
245 [23184654984896] INFO perfrun.perfcollector <> - format: edge config:18 mask:18
245 [23184654984896] INFO perfrun.perfcollector <> - format: filter_isoc config1:63 mask:63
246 [23184654984896] INFO perfrun.perfcollector <> - format: filter_tid config1:0-5 mask:0-5
246 [23184654984896] INFO perfrun.perfcollector <> - format: filter_nid config1:32-47 mask:32-47
246 [23184654984896] INFO perfrun.perfcollector <> - format: filter_nc config1:62 mask:62
246 [23184654984896] INFO perfrun.perfcollector <> - format: umask config:8-15 mask:8-15
247 [23184654984896] INFO perfrun.perfcollector <> - format: tid_en config:19 mask:19
247 [23184654984896] INFO perfrun.perfcollector <> - format: thresh config:24-31 mask:24-31
247 [23184654984896] INFO perfrun.perfcollector <> - format: filter_state config1:17-23 mask:17-23
247 [23184654984896] INFO perfrun.perfcollector <> - format: filter_opc config1:52-60 mask:52-60
247 [23184654984896] INFO perfrun.perfcollector <> - hwInfo: PERF_CBOX_PMU_DETAILS
248 [23184654984896] INFO perfrun.perfcollector <> - pmu added: family: uncore_cbox, id: 11
248 [23184654984896] INFO perfrun.perfcollector <> - dir found: /sys/bus/event_source/devices/uncore_cbox_4
249 [23184654984896] INFO perfrun.perfcollector <> - format: event config:0-7 mask:0-7
249 [23184654984896] INFO perfrun.perfcollector <> - format: filter_link config1:6-8 mask:6-8
249 [23184654984896] INFO perfrun.perfcollector <> - format: filter_c6 config1:61 mask:61
249 [23184654984896] INFO perfrun.perfcollector <> - format: edge config:18 mask:18
250 [23184654984896] INFO perfrun.perfcollector <> - format: filter_isoc config1:63 mask:63
250 [23184654984896] INFO perfrun.perfcollector <> - format: filter_tid config1:0-5 mask:0-5
250 [23184654984896] INFO perfrun.perfcollector <> - format: filter_nid config1:32-47 mask:32-47
251 [23184654984896] INFO perfrun.perfcollector <> - format: filter_nc config1:62 mask:62
251 [23184654984896] INFO perfrun.perfcollector <> - format: umask config:8-15 mask:8-15
251 [23184654984896] INFO perfrun.perfcollector <> - format: tid_en config:19 mask:19
251 [23184654984896] INFO perfrun.perfcollector <> - format: thresh config:24-31 mask:24-31
252 [23184654984896] INFO perfrun.perfcollector <> - format: filter_state config1:17-23 mask:17-23
252 [23184654984896] INFO perfrun.perfcollector <> - format: filter_opc config1:52-60 mask:52-60
252 [23184654984896] INFO perfrun.perfcollector <> - hwInfo: PERF_CBOX_PMU_DETAILS
252 [23184654984896] INFO perfrun.perfcollector <> - pmu added: family: uncore_cbox, id: 4
253 [23184654984896] INFO perfrun.perfcollector <> - dir found: /sys/bus/event_source/devices/uprobe
253 [23184654984896] INFO perfrun.perfcollector <> - format: ref_ctr_offset config:32-63 mask:32-63
253 [23184654984896] INFO perfrun.perfcollector <> - format: retprobe config:0 mask:0
253 [23184654984896] INFO perfrun.perfcollector <> - hwInfo: not set, pmuFam: uprobe
254 [23184654984896] INFO perfrun.perfcollector <> - pmu added: family: uprobe, id: 0
254 [23184654984896] INFO perfrun.perfcollector <> - dir found: /sys/bus/event_source/devices/intel_bts
254 [23184654984896] INFO perfrun.perfcollector <> - format: pmu format subdir doesn't exist
254 [23184654984896] INFO perfrun.perfcollector <> - hwInfo: not set, pmuFam: intel_bts
254 [23184654984896] INFO perfrun.perfcollector <> - pmu added: family: intel_bts, id: 0
254 [23184654984896] INFO perfrun.perfcollector <> - dir found: /sys/bus/event_source/devices/cpu
255 [23184654984896] INFO perfrun.perfcollector <> - format: event config:0-7 mask:0-7
255 [23184654984896] INFO perfrun.perfcollector <> - format: pc config:19 mask:19
255 [23184654984896] INFO perfrun.perfcollector <> - format: in_tx config:32 mask:32
256 [23184654984896] INFO perfrun.perfcollector <> - format: edge config:18 mask:18
256 [23184654984896] INFO perfrun.perfcollector <> - format: any config:21 mask:21
256 [23184654984896] INFO perfrun.perfcollector <> - format: offcore_rsp config1:0-63 mask:0-63
257 [23184654984896] INFO perfrun.perfcollector <> - format: in_tx_cp config:33 mask:33
257 [23184654984896] INFO perfrun.perfcollector <> - format: ldlat config1:0-15 mask:0-15
257 [23184654984896] INFO perfrun.perfcollector <> - format: inv config:23 mask:23
257 [23184654984896] INFO perfrun.perfcollector <> - format: umask config:8-15 mask:8-15
258 [23184654984896] INFO perfrun.perfcollector <> - format: cmask config:24-31 mask:24-31
258 [23184654984896] INFO perfrun.perfcollector <> - hwInfo: PERF_CPU_PMU_DETAILS
258 [23184654984896] INFO perfrun.perfcollector <> - pmu added: family: cpu, id: 0
258 [23184654984896] INFO perfrun.perfcollector <> - dir found: /sys/bus/event_source/devices/uncore_r3qpi_0
259 [23184654984896] INFO perfrun.perfcollector <> - format: event config:0-7 mask:0-7
259 [23184654984896] INFO perfrun.perfcollector <> - format: edge config:18 mask:18
259 [23184654984896] INFO perfrun.perfcollector <> - format: inv config:23 mask:23
260 [23184654984896] INFO perfrun.perfcollector <> - format: umask config:8-15 mask:8-15
260 [23184654984896] INFO perfrun.perfcollector <> - format: thresh config:24-31 mask:24-31
260 [23184654984896] INFO perfrun.perfcollector <> - hwInfo: not set, pmuFam: uncore_r3qpi
260 [23184654984896] INFO perfrun.perfcollector <> - pmu added: family: uncore_r3qpi, id: 0
260 [23184654984896] INFO perfrun.perfcollector <> - dir found: /sys/bus/event_source/devices/cstate_core
261 [23184654984896] INFO perfrun.perfcollector <> - format: event config:0-63 mask:0-63
261 [23184654984896] INFO perfrun.perfcollector <> - hwInfo: not set, pmuFam: cstate_core
261 [23184654984896] INFO perfrun.perfcollector <> - pmu added: family: cstate_core, id: 0
261 [23184654984896] INFO perfrun.perfcollector <> - dir found: /sys/bus/event_source/devices/uncore_cbox_2
262 [23184654984896] INFO perfrun.perfcollector <> - format: event config:0-7 mask:0-7
262 [23184654984896] INFO perfrun.perfcollector <> - format: filter_link config1:6-8 mask:6-8
262 [23184654984896] INFO perfrun.perfcollector <> - format: filter_c6 config1:61 mask:61
263 [23184654984896] INFO perfrun.perfcollector <> - format: edge config:18 mask:18
263 [23184654984896] INFO perfrun.perfcollector <> - format: filter_isoc config1:63 mask:63
263 [23184654984896] INFO perfrun.perfcollector <> - format: filter_tid config1:0-5 mask:0-5
264 [23184654984896] INFO perfrun.perfcollector <> - format: filter_nid config1:32-47 mask:32-47
264 [23184654984896] INFO perfrun.perfcollector <> - format: filter_nc config1:62 mask:62
264 [23184654984896] INFO perfrun.perfcollector <> - format: umask config:8-15 mask:8-15
264 [23184654984896] INFO perfrun.perfcollector <> - format: tid_en config:19 mask:19
265 [23184654984896] INFO perfrun.perfcollector <> - format: thresh config:24-31 mask:24-31
265 [23184654984896] INFO perfrun.perfcollector <> - format: filter_state config1:17-23 mask:17-23
265 [23184654984896] INFO perfrun.perfcollector <> - format: filter_opc config1:52-60 mask:52-60
265 [23184654984896] INFO perfrun.perfcollector <> - hwInfo: PERF_CBOX_PMU_DETAILS
266 [23184654984896] INFO perfrun.perfcollector <> - pmu added: family: uncore_cbox, id: 2
266 [23184654984896] INFO perfrun.perfcollector <> - dir found: /sys/bus/event_source/devices/breakpoint
266 [23184654984896] INFO perfrun.perfcollector <> - format: pmu format subdir doesn't exist
266 [23184654984896] INFO perfrun.perfcollector <> - hwInfo: not set, pmuFam: breakpoint
266 [23184654984896] INFO perfrun.perfcollector <> - pmu added: family: breakpoint, id: 0
266 [23184654984896] INFO perfrun.perfcollector <> - dir found: /sys/bus/event_source/devices/uncore_ha_0
267 [23184654984896] INFO perfrun.perfcollector <> - format: event config:0-7 mask:0-7
267 [23184654984896] INFO perfrun.perfcollector <> - format: edge config:18 mask:18
267 [23184654984896] INFO perfrun.perfcollector <> - format: inv config:23 mask:23
268 [23184654984896] INFO perfrun.perfcollector <> - format: umask config:8-15 mask:8-15
268 [23184654984896] INFO perfrun.perfcollector <> - format: thresh config:24-31 mask:24-31
268 [23184654984896] INFO perfrun.perfcollector <> - hwInfo: not set, pmuFam: uncore_ha
268 [23184654984896] INFO perfrun.perfcollector <> - pmu added: family: uncore_ha, id: 0
268 [23184654984896] INFO perfrun.perfcollector <> - dir found: /sys/bus/event_source/devices/uncore_cbox_0
269 [23184654984896] INFO perfrun.perfcollector <> - format: event config:0-7 mask:0-7
269 [23184654984896] INFO perfrun.perfcollector <> - format: filter_link config1:6-8 mask:6-8
270 [23184654984896] INFO perfrun.perfcollector <> - format: filter_c6 config1:61 mask:61
270 [23184654984896] INFO perfrun.perfcollector <> - format: edge config:18 mask:18
270 [23184654984896] INFO perfrun.perfcollector <> - format: filter_isoc config1:63 mask:63
270 [23184654984896] INFO perfrun.perfcollector <> - format: filter_tid config1:0-5 mask:0-5
271 [23184654984896] INFO perfrun.perfcollector <> - format: filter_nid config1:32-47 mask:32-47
271 [23184654984896] INFO perfrun.perfcollector <> - format: filter_nc config1:62 mask:62
271 [23184654984896] INFO perfrun.perfcollector <> - format: umask config:8-15 mask:8-15
272 [23184654984896] INFO perfrun.perfcollector <> - format: tid_en config:19 mask:19
272 [23184654984896] INFO perfrun.perfcollector <> - format: thresh config:24-31 mask:24-31
272 [23184654984896] INFO perfrun.perfcollector <> - format: filter_state config1:17-23 mask:17-23
272 [23184654984896] INFO perfrun.perfcollector <> - format: filter_opc config1:52-60 mask:52-60
272 [23184654984896] INFO perfrun.perfcollector <> - hwInfo: PERF_CBOX_PMU_DETAILS
273 [23184654984896] INFO perfrun.perfcollector <> - pmu added: family: uncore_cbox, id: 0
273 [23184654984896] INFO perfrun.perfcollector <> - dir found: /sys/bus/event_source/devices/tracepoint
273 [23184654984896] INFO perfrun.perfcollector <> - format: pmu format subdir doesn't exist
273 [23184654984896] INFO perfrun.perfcollector <> - hwInfo: not set, pmuFam: tracepoint
273 [23184654984896] INFO perfrun.perfcollector <> - pmu added: family: tracepoint, id: 0
273 [23184654984896] INFO perfrun.perfcollector <> - dir found: /sys/bus/event_source/devices/uncore_sbox_3
274 [23184654984896] INFO perfrun.perfcollector <> - format: event config:0-7 mask:0-7
274 [23184654984896] INFO perfrun.perfcollector <> - format: edge config:18 mask:18
274 [23184654984896] INFO perfrun.perfcollector <> - format: inv config:23 mask:23
275 [23184654984896] INFO perfrun.perfcollector <> - format: umask config:8-15 mask:8-15
275 [23184654984896] INFO perfrun.perfcollector <> - format: tid_en config:19 mask:19
275 [23184654984896] INFO perfrun.perfcollector <> - format: thresh config:24-31 mask:24-31
275 [23184654984896] INFO perfrun.perfcollector <> - hwInfo: not set, pmuFam: uncore_sbox
276 [23184654984896] INFO perfrun.perfcollector <> - pmu added: family: uncore_sbox, id: 3
276 [23184654984896] INFO perfrun.perfcollector <> - dir found: /sys/bus/event_source/devices/uncore_cbox_9
276 [23184654984896] INFO perfrun.perfcollector <> - format: event config:0-7 mask:0-7
277 [23184654984896] INFO perfrun.perfcollector <> - format: filter_link config1:6-8 mask:6-8
277 [23184654984896] INFO perfrun.perfcollector <> - format: filter_c6 config1:61 mask:61
277 [23184654984896] INFO perfrun.perfcollector <> - format: edge config:18 mask:18
277 [23184654984896] INFO perfrun.perfcollector <> - format: filter_isoc config1:63 mask:63
278 [23184654984896] INFO perfrun.perfcollector <> - format: filter_tid config1:0-5 mask:0-5
278 [23184654984896] INFO perfrun.perfcollector <> - format: filter_nid config1:32-47 mask:32-47
278 [23184654984896] INFO perfrun.perfcollector <> - format: filter_nc config1:62 mask:62
279 [23184654984896] INFO perfrun.perfcollector <> - format: umask config:8-15 mask:8-15
279 [23184654984896] INFO perfrun.perfcollector <> - format: tid_en config:19 mask:19
279 [23184654984896] INFO perfrun.perfcollector <> - format: thresh config:24-31 mask:24-31
279 [23184654984896] INFO perfrun.perfcollector <> - format: filter_state config1:17-23 mask:17-23
280 [23184654984896] INFO perfrun.perfcollector <> - format: filter_opc config1:52-60 mask:52-60
280 [23184654984896] INFO perfrun.perfcollector <> - hwInfo: PERF_CBOX_PMU_DETAILS
280 [23184654984896] INFO perfrun.perfcollector <> - pmu added: family: uncore_cbox, id: 9
280 [23184654984896] INFO perfrun.perfcollector <> - dir found: /sys/bus/event_source/devices/cstate_pkg
281 [23184654984896] INFO perfrun.perfcollector <> - format: event config:0-63 mask:0-63
281 [23184654984896] INFO perfrun.perfcollector <> - hwInfo: not set, pmuFam: cstate_pkg
281 [23184654984896] INFO perfrun.perfcollector <> - pmu added: family: cstate_pkg, id: 0
281 [23184654984896] INFO perfrun.perfcollector <> - dir found: /sys/bus/event_source/devices/uncore_imc_4
282 [23184654984896] INFO perfrun.perfcollector <> - format: event config:0-7 mask:0-7
282 [23184654984896] INFO perfrun.perfcollector <> - format: edge config:18 mask:18
282 [23184654984896] INFO perfrun.perfcollector <> - format: inv config:23 mask:23
283 [23184654984896] INFO perfrun.perfcollector <> - format: umask config:8-15 mask:8-15
283 [23184654984896] INFO perfrun.perfcollector <> - format: thresh config:24-31 mask:24-31
283 [23184654984896] INFO perfrun.perfcollector <> - hwInfo: PERF_IMC_PMU_DETAILS
283 [23184654984896] INFO perfrun.perfcollector <> - pmu added: family: uncore_imc, id: 4
283 [23184654984896] INFO perfrun.perfcollector <> - dir found: /sys/bus/event_source/devices/uncore_ubox
284 [23184654984896] INFO perfrun.perfcollector <> - format: event config:0-7 mask:0-7
284 [23184654984896] INFO perfrun.perfcollector <> - format: edge config:18 mask:18
284 [23184654984896] INFO perfrun.perfcollector <> - format: inv config:23 mask:23
285 [23184654984896] INFO perfrun.perfcollector <> - format: umask config:8-15 mask:8-15
285 [23184654984896] INFO perfrun.perfcollector <> - format: thresh config:24-28 mask:24-28
285 [23184654984896] INFO perfrun.perfcollector <> - hwInfo: not set, pmuFam: uncore_ubox
285 [23184654984896] INFO perfrun.perfcollector <> - pmu added: family: uncore_ubox, id: 0
285 [23184654984896] INFO perfrun.perfcollector <> - dir found: /sys/bus/event_source/devices/uncore_sbox_1
286 [23184654984896] INFO perfrun.perfcollector <> - format: event config:0-7 mask:0-7
286 [23184654984896] INFO perfrun.perfcollector <> - format: edge config:18 mask:18
287 [23184654984896] INFO perfrun.perfcollector <> - format: inv config:23 mask:23
287 [23184654984896] INFO perfrun.perfcollector <> - format: umask config:8-15 mask:8-15
287 [23184654984896] INFO perfrun.perfcollector <> - format: tid_en config:19 mask:19
287 [23184654984896] INFO perfrun.perfcollector <> - format: thresh config:24-31 mask:24-31
287 [23184654984896] INFO perfrun.perfcollector <> - hwInfo: not set, pmuFam: uncore_sbox
288 [23184654984896] INFO perfrun.perfcollector <> - pmu added: family: uncore_sbox, id: 1
288 [23184654984896] INFO perfrun.perfcollector <> - dir found: /sys/bus/event_source/devices/uncore_cbox_7
289 [23184654984896] INFO perfrun.perfcollector <> - format: event config:0-7 mask:0-7
289 [23184654984896] INFO perfrun.perfcollector <> - format: filter_link config1:6-8 mask:6-8
289 [23184654984896] INFO perfrun.perfcollector <> - format: filter_c6 config1:61 mask:61
289 [23184654984896] INFO perfrun.perfcollector <> - format: edge config:18 mask:18
290 [23184654984896] INFO perfrun.perfcollector <> - format: filter_isoc config1:63 mask:63
290 [23184654984896] INFO perfrun.perfcollector <> - format: filter_tid config1:0-5 mask:0-5
290 [23184654984896] INFO perfrun.perfcollector <> - format: filter_nid config1:32-47 mask:32-47
291 [23184654984896] INFO perfrun.perfcollector <> - format: filter_nc config1:62 mask:62
291 [23184654984896] INFO perfrun.perfcollector <> - format: umask config:8-15 mask:8-15
291 [23184654984896] INFO perfrun.perfcollector <> - format: tid_en config:19 mask:19
291 [23184654984896] INFO perfrun.perfcollector <> - format: thresh config:24-31 mask:24-31
292 [23184654984896] INFO perfrun.perfcollector <> - format: filter_state config1:17-23 mask:17-23
292 [23184654984896] INFO perfrun.perfcollector <> - format: filter_opc config1:52-60 mask:52-60
292 [23184654984896] INFO perfrun.perfcollector <> - hwInfo: PERF_CBOX_PMU_DETAILS
292 [23184654984896] INFO perfrun.perfcollector <> - pmu added: family: uncore_cbox, id: 7
292 [23184654984896] INFO perfrun.perfcollector <> - dir found: /sys/bus/event_source/devices/uncore_cbox_12
293 [23184654984896] INFO perfrun.perfcollector <> - format: event config:0-7 mask:0-7
293 [23184654984896] INFO perfrun.perfcollector <> - format: filter_link config1:6-8 mask:6-8
293 [23184654984896] INFO perfrun.perfcollector <> - format: filter_c6 config1:61 mask:61
294 [23184654984896] INFO perfrun.perfcollector <> - format: edge config:18 mask:18
294 [23184654984896] INFO perfrun.perfcollector <> - format: filter_isoc config1:63 mask:63
294 [23184654984896] INFO perfrun.perfcollector <> - format: filter_tid config1:0-5 mask:0-5
295 [23184654984896] INFO perfrun.perfcollector <> - format: filter_nid config1:32-47 mask:32-47
295 [23184654984896] INFO perfrun.perfcollector <> - format: filter_nc config1:62 mask:62
295 [23184654984896] INFO perfrun.perfcollector <> - format: umask config:8-15 mask:8-15
295 [23184654984896] INFO perfrun.perfcollector <> - format: tid_en config:19 mask:19
296 [23184654984896] INFO perfrun.perfcollector <> - format: thresh config:24-31 mask:24-31
296 [23184654984896] INFO perfrun.perfcollector <> - format: filter_state config1:17-23 mask:17-23
296 [23184654984896] INFO perfrun.perfcollector <> - format: filter_opc config1:52-60 mask:52-60
296 [23184654984896] INFO perfrun.perfcollector <> - hwInfo: PERF_CBOX_PMU_DETAILS
297 [23184654984896] INFO perfrun.perfcollector <> - pmu added: family: uncore_cbox, id: 12
297 [23184654984896] INFO perfrun.perfcollector <> - dir found: /sys/bus/event_source/devices/kprobe
297 [23184654984896] INFO perfrun.perfcollector <> - format: retprobe config:0 mask:0
297 [23184654984896] INFO perfrun.perfcollector <> - hwInfo: not set, pmuFam: kprobe
298 [23184654984896] INFO perfrun.perfcollector <> - pmu added: family: kprobe, id: 0
298 [23184654984896] INFO perfrun.perfcollector <> - dir found: /sys/bus/event_source/devices/uncore_qpi_0
298 [23184654984896] INFO perfrun.perfcollector <> - format: mask_rnid4 config2:31 mask:31
299 [23184654984896] INFO perfrun.perfcollector <> - format: mask_rnid30 config2:32-35 mask:32-35
299 [23184654984896] INFO perfrun.perfcollector <> - format: match_rnid30 config1:32-35 mask:32-35
299 [23184654984896] INFO perfrun.perfcollector <> - format: event config:0-7,21 mask:0-7,21
299 [23184654984896] INFO perfrun.perfcollector <> - format: match0 config1:0-31 mask:0-31
300 [23184654984896] INFO perfrun.perfcollector <> - format: match_rds config1:48-51 mask:48-51
300 [23184654984896] INFO perfrun.perfcollector <> - format: mask_rds config2:48-51 mask:48-51
300 [23184654984896] INFO perfrun.perfcollector <> - format: edge config:18 mask:18
301 [23184654984896] INFO perfrun.perfcollector <> - format: mask1 config2:32-63 mask:32-63
301 [23184654984896] INFO perfrun.perfcollector <> - format: match_dnid config1:13-17 mask:13-17
301 [23184654984896] INFO perfrun.perfcollector <> - format: mask_dnid config2:13-17 mask:13-17
301 [23184654984896] INFO perfrun.perfcollector <> - format: match_vnw config1:3-4 mask:3-4
302 [23184654984896] INFO perfrun.perfcollector <> - format: mask_vnw config2:3-4 mask:3-4
302 [23184654984896] INFO perfrun.perfcollector <> - format: mask_mc config2:9-12 mask:9-12
302 [23184654984896] INFO perfrun.perfcollector <> - format: match1 config1:32-63 mask:32-63
302 [23184654984896] INFO perfrun.perfcollector <> - format: inv config:23 mask:23
303 [23184654984896] INFO perfrun.perfcollector <> - format: umask config:8-15 mask:8-15
303 [23184654984896] INFO perfrun.perfcollector <> - format: match_opc config1:5-8 mask:5-8
303 [23184654984896] INFO perfrun.perfcollector <> - format: mask_opc config2:5-8 mask:5-8
303 [23184654984896] INFO perfrun.perfcollector <> - format: thresh config:24-31 mask:24-31
304 [23184654984896] INFO perfrun.perfcollector <> - format: match_rnid4 config1:31 mask:31
304 [23184654984896] INFO perfrun.perfcollector <> - format: mask0 config2:0-31 mask:0-31
304 [23184654984896] INFO perfrun.perfcollector <> - format: match_mc config1:9-12 mask:9-12
304 [23184654984896] INFO perfrun.perfcollector <> - hwInfo: PERF_QPI_PMU_DETAILS
305 [23184654984896] INFO perfrun.perfcollector <> - pmu added: family: uncore_qpi, id: 0
305 [23184654984896] INFO perfrun.perfcollector <> - dir found: /sys/bus/event_source/devices/uncore_cbox_5
305 [23184654984896] INFO perfrun.perfcollector <> - format: event config:0-7 mask:0-7
306 [23184654984896] INFO perfrun.perfcollector <> - format: filter_link config1:6-8 mask:6-8
306 [23184654984896] INFO perfrun.perfcollector <> - format: filter_c6 config1:61 mask:61
306 [23184654984896] INFO perfrun.perfcollector <> - format: edge config:18 mask:18
306 [23184654984896] INFO perfrun.perfcollector <> - format: filter_isoc config1:63 mask:63
307 [23184654984896] INFO perfrun.perfcollector <> - format: filter_tid config1:0-5 mask:0-5
307 [23184654984896] INFO perfrun.perfcollector <> - format: filter_nid config1:32-47 mask:32-47
307 [23184654984896] INFO perfrun.perfcollector <> - format: filter_nc config1:62 mask:62
307 [23184654984896] INFO perfrun.perfcollector <> - format: umask config:8-15 mask:8-15
308 [23184654984896] INFO perfrun.perfcollector <> - format: tid_en config:19 mask:19
308 [23184654984896] INFO perfrun.perfcollector <> - format: thresh config:24-31 mask:24-31
308 [23184654984896] INFO perfrun.perfcollector <> - format: filter_state config1:17-23 mask:17-23
308 [23184654984896] INFO perfrun.perfcollector <> - format: filter_opc config1:52-60 mask:52-60
308 [23184654984896] INFO perfrun.perfcollector <> - hwInfo: PERF_CBOX_PMU_DETAILS
309 [23184654984896] INFO perfrun.perfcollector <> - pmu added: family: uncore_cbox, id: 5
309 [23184654984896] INFO perfrun.perfcollector <> - dir found: /sys/bus/event_source/devices/uncore_imc_0
310 [23184654984896] INFO perfrun.perfcollector <> - format: event config:0-7 mask:0-7
310 [23184654984896] INFO perfrun.perfcollector <> - format: edge config:18 mask:18
310 [23184654984896] INFO perfrun.perfcollector <> - format: inv config:23 mask:23
310 [23184654984896] INFO perfrun.perfcollector <> - format: umask config:8-15 mask:8-15
311 [23184654984896] INFO perfrun.perfcollector <> - format: thresh config:24-31 mask:24-31
311 [23184654984896] INFO perfrun.perfcollector <> - hwInfo: PERF_IMC_PMU_DETAILS
311 [23184654984896] INFO perfrun.perfcollector <> - pmu added: family: uncore_imc, id: 0
311 [23184654984896] INFO perfrun.perfcollector <> - dir found: /sys/bus/event_source/devices/uncore_cbox_10
312 [23184654984896] INFO perfrun.perfcollector <> - format: event config:0-7 mask:0-7
312 [23184654984896] INFO perfrun.perfcollector <> - format: filter_link config1:6-8 mask:6-8
312 [23184654984896] INFO perfrun.perfcollector <> - format: filter_c6 config1:61 mask:61
312 [23184654984896] INFO perfrun.perfcollector <> - format: edge config:18 mask:18
313 [23184654984896] INFO perfrun.perfcollector <> - format: filter_isoc config1:63 mask:63
313 [23184654984896] INFO perfrun.perfcollector <> - format: filter_tid config1:0-5 mask:0-5
313 [23184654984896] INFO perfrun.perfcollector <> - format: filter_nid config1:32-47 mask:32-47
314 [23184654984896] INFO perfrun.perfcollector <> - format: filter_nc config1:62 mask:62
314 [23184654984896] INFO perfrun.perfcollector <> - format: umask config:8-15 mask:8-15
314 [23184654984896] INFO perfrun.perfcollector <> - format: tid_en config:19 mask:19
314 [23184654984896] INFO perfrun.perfcollector <> - format: thresh config:24-31 mask:24-31
315 [23184654984896] INFO perfrun.perfcollector <> - format: filter_state config1:17-23 mask:17-23
315 [23184654984896] INFO perfrun.perfcollector <> - format: filter_opc config1:52-60 mask:52-60
315 [23184654984896] INFO perfrun.perfcollector <> - hwInfo: PERF_CBOX_PMU_DETAILS
315 [23184654984896] INFO perfrun.perfcollector <> - pmu added: family: uncore_cbox, id: 10
315 [23184654984896] INFO perfrun.perfcollector <> - dir found: /sys/bus/event_source/devices/uncore_pcu
316 [23184654984896] INFO perfrun.perfcollector <> - format: filter_band2 config1:16-23 mask:16-23
316 [23184654984896] INFO perfrun.perfcollector <> - format: event config:0-7 mask:0-7
316 [23184654984896] INFO perfrun.perfcollector <> - format: filter_band0 config1:0-7 mask:0-7
317 [23184654984896] INFO perfrun.perfcollector <> - format: edge config:18 mask:18
317 [23184654984896] INFO perfrun.perfcollector <> - format: occ_invert config:30 mask:30
317 [23184654984896] INFO perfrun.perfcollector <> - format: occ_edge config:14-51 mask:14-51
317 [23184654984896] INFO perfrun.perfcollector <> - format: filter_band3 config1:24-31 mask:24-31
318 [23184654984896] INFO perfrun.perfcollector <> - format: filter_band1 config1:8-15 mask:8-15
318 [23184654984896] INFO perfrun.perfcollector <> - format: inv config:23 mask:23
318 [23184654984896] INFO perfrun.perfcollector <> - format: thresh config:24-28 mask:24-28
318 [23184654984896] INFO perfrun.perfcollector <> - format: occ_sel config:14-15 mask:14-15
318 [23184654984896] INFO perfrun.perfcollector <> - hwInfo: not set, pmuFam: uncore_pcu
319 [23184654984896] INFO perfrun.perfcollector <> - pmu added: family: uncore_pcu, id: 0
319 [23184654984896] INFO perfrun.perfcollector <> - dir found: /sys/bus/event_source/devices/uncore_r3qpi_1
319 [23184654984896] INFO perfrun.perfcollector <> - format: event config:0-7 mask:0-7
320 [23184654984896] INFO perfrun.perfcollector <> - format: edge config:18 mask:18
320 [23184654984896] INFO perfrun.perfcollector <> - format: inv config:23 mask:23
320 [23184654984896] INFO perfrun.perfcollector <> - format: umask config:8-15 mask:8-15
320 [23184654984896] INFO perfrun.perfcollector <> - format: thresh config:24-31 mask:24-31
321 [23184654984896] INFO perfrun.perfcollector <> - hwInfo: not set, pmuFam: uncore_r3qpi
321 [23184654984896] INFO perfrun.perfcollector <> - pmu added: family: uncore_r3qpi, id: 1
321 [23184654984896] INFO perfrun.perfcollector <> - dir found: /sys/bus/event_source/devices/msr
322 [23184654984896] INFO perfrun.perfcollector <> - format: event config:0-63 mask:0-63
322 [23184654984896] INFO perfrun.perfcollector <> - hwInfo: not set, pmuFam: msr
322 [23184654984896] INFO perfrun.perfcollector <> - pmu added: family: msr, id: 0
322 [23184654984896] INFO perfrun.perfcollector <> - dir found: /sys/bus/event_source/devices/uncore_cbox_3
323 [23184654984896] INFO perfrun.perfcollector <> - format: event config:0-7 mask:0-7
323 [23184654984896] INFO perfrun.perfcollector <> - format: filter_link config1:6-8 mask:6-8
323 [23184654984896] INFO perfrun.perfcollector <> - format: filter_c6 config1:61 mask:61
323 [23184654984896] INFO perfrun.perfcollector <> - format: edge config:18 mask:18
324 [23184654984896] INFO perfrun.perfcollector <> - format: filter_isoc config1:63 mask:63
324 [23184654984896] INFO perfrun.perfcollector <> - format: filter_tid config1:0-5 mask:0-5
324 [23184654984896] INFO perfrun.perfcollector <> - format: filter_nid config1:32-47 mask:32-47
325 [23184654984896] INFO perfrun.perfcollector <> - format: filter_nc config1:62 mask:62
325 [23184654984896] INFO perfrun.perfcollector <> - format: umask config:8-15 mask:8-15
325 [23184654984896] INFO perfrun.perfcollector <> - format: tid_en config:19 mask:19
325 [23184654984896] INFO perfrun.perfcollector <> - format: thresh config:24-31 mask:24-31
326 [23184654984896] INFO perfrun.perfcollector <> - format: filter_state config1:17-23 mask:17-23
326 [23184654984896] INFO perfrun.perfcollector <> - format: filter_opc config1:52-60 mask:52-60
326 [23184654984896] INFO perfrun.perfcollector <> - hwInfo: PERF_CBOX_PMU_DETAILS
326 [23184654984896] INFO perfrun.perfcollector <> - pmu added: family: uncore_cbox, id: 3
326 [23184654984896] INFO perfrun.perfcollector <> - dir found: /sys/bus/event_source/devices/intel_pt
327 [23184654984896] INFO perfrun.perfcollector <> - format: ptw config:12 mask:12
327 [23184654984896] INFO perfrun.perfcollector <> - format: event config:31 mask:31
327 [23184654984896] INFO perfrun.perfcollector <> - format: cyc_thresh config:19-22 mask:19-22
328 [23184654984896] INFO perfrun.perfcollector <> - format: pt config:0 mask:0
328 [23184654984896] INFO perfrun.perfcollector <> - format: notnt config:55 mask:55
328 [23184654984896] INFO perfrun.perfcollector <> - format: branch config:13 mask:13
328 [23184654984896] INFO perfrun.perfcollector <> - format: tsc config:10 mask:10
329 [23184654984896] INFO perfrun.perfcollector <> - format: pwr_evt config:4 mask:4
329 [23184654984896] INFO perfrun.perfcollector <> - format: fup_on_ptw config:5 mask:5
329 [23184654984896] INFO perfrun.perfcollector <> - format: cyc config:1 mask:1
329 [23184654984896] INFO perfrun.perfcollector <> - format: noretcomp config:11 mask:11
330 [23184654984896] INFO perfrun.perfcollector <> - format: mtc config:9 mask:9
330 [23184654984896] INFO perfrun.perfcollector <> - format: psb_period config:24-27 mask:24-27
330 [23184654984896] INFO perfrun.perfcollector <> - format: mtc_period config:14-17 mask:14-17
330 [23184654984896] INFO perfrun.perfcollector <> - hwInfo: not set, pmuFam: intel_pt
331 [23184654984896] INFO perfrun.perfcollector <> - pmu added: family: intel_pt, id: 0
331 [23184654984896] INFO perfrun.perfcollector <> - dir found: /sys/bus/event_source/devices/uncore_ha_1
331 [23184654984896] INFO perfrun.perfcollector <> - format: event config:0-7 mask:0-7
332 [23184654984896] INFO perfrun.perfcollector <> - format: edge config:18 mask:18
332 [23184654984896] INFO perfrun.perfcollector <> - format: inv config:23 mask:23
332 [23184654984896] INFO perfrun.perfcollector <> - format: umask config:8-15 mask:8-15
332 [23184654984896] INFO perfrun.perfcollector <> - format: thresh config:24-31 mask:24-31
332 [23184654984896] INFO perfrun.perfcollector <> - hwInfo: not set, pmuFam: uncore_ha
333 [23184654984896] INFO perfrun.perfcollector <> - pmu added: family: uncore_ha, id: 1
333 [23184654984896] INFO perfrun.perfcollector <> - dir found: /sys/bus/event_source/devices/uncore_cbox_1
333 [23184654984896] INFO perfrun.perfcollector <> - format: event config:0-7 mask:0-7
334 [23184654984896] INFO perfrun.perfcollector <> - format: filter_link config1:6-8 mask:6-8
334 [23184654984896] INFO perfrun.perfcollector <> - format: filter_c6 config1:61 mask:61
334 [23184654984896] INFO perfrun.perfcollector <> - format: edge config:18 mask:18
334 [23184654984896] INFO perfrun.perfcollector <> - format: filter_isoc config1:63 mask:63
335 [23184654984896] INFO perfrun.perfcollector <> - format: filter_tid config1:0-5 mask:0-5
335 [23184654984896] INFO perfrun.perfcollector <> - format: filter_nid config1:32-47 mask:32-47
335 [23184654984896] INFO perfrun.perfcollector <> - format: filter_nc config1:62 mask:62
335 [23184654984896] INFO perfrun.perfcollector <> - format: umask config:8-15 mask:8-15
336 [23184654984896] INFO perfrun.perfcollector <> - format: tid_en config:19 mask:19
336 [23184654984896] INFO perfrun.perfcollector <> - format: thresh config:24-31 mask:24-31
336 [23184654984896] INFO perfrun.perfcollector <> - format: filter_state config1:17-23 mask:17-23
336 [23184654984896] INFO perfrun.perfcollector <> - format: filter_opc config1:52-60 mask:52-60
336 [23184654984896] INFO perfrun.perfcollector <> - hwInfo: PERF_CBOX_PMU_DETAILS
337 [23184654984896] INFO perfrun.perfcollector <> - pmu added: family: uncore_cbox, id: 1
337 [23184654984896] INFO perfrun.sdk <> - runCmd: /opt/intel/oneapi/vtune/2023.1.0/bin64/sep -dry-run -sam 1 -ec CPU_CLK_UNHALTED.THREAD,CPU_CLK_UNHALTED.REF_TSC:sample:sa=2400000,INST_RETIRED.ANY:sample:sa=2400000,CPU_CLK_UNHALTED.REF_XCLK,CPU_CLK_UNHALTED.ONE_THREAD_ACTIVE,FP_ARITH_INST_RETIRED.SCALAR_SINGLE,FP_ARITH_INST_RETIRED.128B_PACKED_SINGLE,FP_ARITH_INST_RETIRED.256B_PACKED_SINGLE,FP_ARITH_INST_RETIRED.SCALAR_DOUBLE,FP_ARITH_INST_RETIRED.128B_PACKED_DOUBLE,FP_ARITH_INST_RETIRED.256B_PACKED_DOUBLE,INST_RETIRED.X87,UOPS_RETIRED.RETIRE_SLOTS:sample:sa=2000003 -experimental
338 [23184654984896] INFO perfrun.sdk <> - runCmd started PID 3362795
425 [23184654984896] INFO perfrun.perfcollector <> - SepDryRun RC = true
429 [23184654984896] INFO perfrun.perfcollector <> - DRY_RUN: "PMU type: Core (core)"
429 [23184654984896] INFO perfrun.perfcollector <> - pmu type: cpu
429 [23184654984896] INFO perfrun.perfcollector <> - DRY_RUN: "Group 0:"
429 [23184654984896] INFO perfrun.perfcollector <> - id: 0
429 [23184654984896] INFO perfrun.perfcollector <> - DRY_RUN: "INST_RETIRED.ANY: event id 2"
429 [23184654984896] INFO perfrun.perfcollector <> - eventName: INST_RETIRED.ANY, eventId: 2
429 [23184654984896] INFO perfrun.perfcollector <> - DRY_RUN: "CPU_CLK_UNHALTED.THREAD: event id 0"
429 [23184654984896] INFO perfrun.perfcollector <> - eventName: CPU_CLK_UNHALTED.THREAD, eventId: 0
429 [23184654984896] INFO perfrun.perfcollector <> - DRY_RUN: "CPU_CLK_UNHALTED.REF_TSC: event id 1"
429 [23184654984896] INFO perfrun.perfcollector <> - eventName: CPU_CLK_UNHALTED.REF_TSC, eventId: 1
429 [23184654984896] INFO perfrun.perfcollector <> - DRY_RUN: "FP_ARITH_INST_RETIRED.SCALAR_SINGLE: event id 5"
429 [23184654984896] INFO perfrun.perfcollector <> - eventName: FP_ARITH_INST_RETIRED.SCALAR_SINGLE, eventId: 5
429 [23184654984896] INFO perfrun.perfcollector <> - DRY_RUN: "FP_ARITH_INST_RETIRED.128B_PACKED_SINGLE: event id 6"
429 [23184654984896] INFO perfrun.perfcollector <> - eventName: FP_ARITH_INST_RETIRED.128B_PACKED_SINGLE, eventId: 6
429 [23184654984896] INFO perfrun.perfcollector <> - DRY_RUN: "FP_ARITH_INST_RETIRED.256B_PACKED_SINGLE: event id 7"
429 [23184654984896] INFO perfrun.perfcollector <> - eventName: FP_ARITH_INST_RETIRED.256B_PACKED_SINGLE, eventId: 7
429 [23184654984896] INFO perfrun.perfcollector <> - DRY_RUN: "FP_ARITH_INST_RETIRED.SCALAR_DOUBLE: event id 8"
429 [23184654984896] INFO perfrun.perfcollector <> - eventName: FP_ARITH_INST_RETIRED.SCALAR_DOUBLE, eventId: 8
429 [23184654984896] INFO perfrun.perfcollector <> - DRY_RUN: "CPU_CLK_UNHALTED.REF_XCLK: event id 3"
429 [23184654984896] INFO perfrun.perfcollector <> - eventName: CPU_CLK_UNHALTED.REF_XCLK, eventId: 3
429 [23184654984896] INFO perfrun.perfcollector <> - DRY_RUN: "CPU_CLK_UNHALTED.ONE_THREAD_ACTIVE: event id 4"
429 [23184654984896] INFO perfrun.perfcollector <> - eventName: CPU_CLK_UNHALTED.ONE_THREAD_ACTIVE, eventId: 4
429 [23184654984896] INFO perfrun.perfcollector <> - DRY_RUN: "INST_RETIRED.X87: event id 11"
429 [23184654984896] INFO perfrun.perfcollector <> - eventName: INST_RETIRED.X87, eventId: 11
429 [23184654984896] INFO perfrun.perfcollector <> - DRY_RUN: "UOPS_RETIRED.RETIRE_SLOTS: event id 12"
429 [23184654984896] INFO perfrun.perfcollector <> - eventName: UOPS_RETIRED.RETIRE_SLOTS, eventId: 12
429 [23184654984896] INFO perfrun.perfcollector <> - DRY_RUN: "CCCR"
429 [23184654984896] INFO perfrun.perfcollector <> - DRY_RUN: "reg_type       = 1	event_id       = g	reg_id         = 38f	reg_value      = 7000000ff"
429 [23184654984896] INFO perfrun.perfcollector <> - eventId: g, skip parsing event_id
429 [23184654984896] INFO perfrun.perfcollector <> - Register was ignored: group_id: 0, reg_type: 1, event_id: 4294967295, reg_id: 38f, reg_value: 7000000ff, pmu_name: cpu
429 [23184654984896] INFO perfrun.perfcollector <> - DRY_RUN: "reg_type       = 1	event_id       = g	reg_id         = 390	reg_value      = 7000000ff"
429 [23184654984896] INFO perfrun.perfcollector <> - eventId: g, skip parsing event_id
429 [23184654984896] INFO perfrun.perfcollector <> - Register was ignored: group_id: 0, reg_type: 1, event_id: 4294967295, reg_id: 390, reg_value: 7000000ff, pmu_name: cpu
429 [23184654984896] INFO perfrun.perfcollector <> - DRY_RUN: "reg_type       = 1	event_id       = g	reg_id         = 3f1	reg_value      = 0"
429 [23184654984896] INFO perfrun.perfcollector <> - eventId: g, skip parsing event_id
429 [23184654984896] INFO perfrun.perfcollector <> - Register was ignored: group_id: 0, reg_type: 1, event_id: 4294967295, reg_id: 3f1, reg_value: 0, pmu_name: cpu
429 [23184654984896] INFO perfrun.perfcollector <> - DRY_RUN: "reg_type       = 1	event_id       = g	reg_id         = 1d9	reg_value      = 1800"
429 [23184654984896] INFO perfrun.perfcollector <> - eventId: g, skip parsing event_id
429 [23184654984896] INFO perfrun.perfcollector <> - Register was ignored: group_id: 0, reg_type: 1, event_id: 4294967295, reg_id: 1d9, reg_value: 1800, pmu_name: cpu
429 [23184654984896] INFO perfrun.perfcollector <> - DRY_RUN: "reg_type       = 1	event_id       = g	reg_id         = 38d	reg_value      = bbb"
429 [23184654984896] INFO perfrun.perfcollector <> - eventId: g, skip parsing event_id
429 [23184654984896] INFO perfrun.perfcollector <> - Register was ignored: group_id: 0, reg_type: 1, event_id: 4294967295, reg_id: 38d, reg_value: bbb, pmu_name: cpu
429 [23184654984896] INFO perfrun.perfcollector <> - DRY_RUN: "reg_type       = 1	event_id       = 5	reg_id         = 186	reg_value      = 5302c7"
429 [23184654984896] INFO perfrun.perfcollector <> - Event selector: group_id: 0, reg_type: 1, event_id: 5, reg_id: 186, reg_value: 5302c7, pmu_name: cpu
429 [23184654984896] INFO perfrun.perfcollector <> - DRY_RUN: "reg_type       = 1	event_id       = 6	reg_id         = 187	reg_value      = 5308c7"
429 [23184654984896] INFO perfrun.perfcollector <> - Event selector: group_id: 0, reg_type: 1, event_id: 6, reg_id: 187, reg_value: 5308c7, pmu_name: cpu
429 [23184654984896] INFO perfrun.perfcollector <> - DRY_RUN: "reg_type       = 1	event_id       = 7	reg_id         = 188	reg_value      = 5320c7"
429 [23184654984896] INFO perfrun.perfcollector <> - Event selector: group_id: 0, reg_type: 1, event_id: 7, reg_id: 188, reg_value: 5320c7, pmu_name: cpu
429 [23184654984896] INFO perfrun.perfcollector <> - DRY_RUN: "reg_type       = 1	event_id       = 8	reg_id         = 189	reg_value      = 5301c7"
429 [23184654984896] INFO perfrun.perfcollector <> - Event selector: group_id: 0, reg_type: 1, event_id: 8, reg_id: 189, reg_value: 5301c7, pmu_name: cpu
429 [23184654984896] INFO perfrun.perfcollector <> - DRY_RUN: "reg_type       = 1	event_id       = 3	reg_id         = 18a	reg_value      = 53013c"
429 [23184654984896] INFO perfrun.perfcollector <> - Event selector: group_id: 0, reg_type: 1, event_id: 3, reg_id: 18a, reg_value: 53013c, pmu_name: cpu
429 [23184654984896] INFO perfrun.perfcollector <> - DRY_RUN: "reg_type       = 1	event_id       = 4	reg_id         = 18b	reg_value      = 53023c"
429 [23184654984896] INFO perfrun.perfcollector <> - Event selector: group_id: 0, reg_type: 1, event_id: 4, reg_id: 18b, reg_value: 53023c, pmu_name: cpu
429 [23184654984896] INFO perfrun.perfcollector <> - DRY_RUN: "reg_type       = 1	event_id       = 11	reg_id         = 18c	reg_value      = 5302c0"
429 [23184654984896] INFO perfrun.perfcollector <> - Event selector: group_id: 0, reg_type: 1, event_id: 11, reg_id: 18c, reg_value: 5302c0, pmu_name: cpu
429 [23184654984896] INFO perfrun.perfcollector <> - DRY_RUN: "reg_type       = 1	event_id       = 12	reg_id         = 18d	reg_value      = 5302c2"
429 [23184654984896] INFO perfrun.perfcollector <> - Event selector: group_id: 0, reg_type: 1, event_id: 12, reg_id: 18d, reg_value: 5302c2, pmu_name: cpu
429 [23184654984896] INFO perfrun.perfcollector <> - DRY_RUN: "ESCR"
429 [23184654984896] INFO perfrun.perfcollector <> - DRY_RUN: "reg_type       = 2	event_id       = g	reg_id         = 1c8	reg_value      = 0"
429 [23184654984896] INFO perfrun.perfcollector <> - eventId: g, skip parsing event_id
429 [23184654984896] INFO perfrun.perfcollector <> - DRY_RUN: "DATA"
429 [23184654984896] INFO perfrun.perfcollector <> - DRY_RUN: "reg_type       = 4	event_id       = 2	reg_id         = 309	reg_value      = ffffffdb6100"
429 [23184654984896] INFO perfrun.perfcollector <> - eventId: 2, dataAddr: 309, dataVal: ffffffdb6100
429 [23184654984896] INFO perfrun.perfcollector <> - DRY_RUN: "reg_type       = 4	event_id       = 0	reg_id         = 30a	reg_value      = ffffffe17b7d"
429 [23184654984896] INFO perfrun.perfcollector <> - eventId: 0, dataAddr: 30a, dataVal: ffffffe17b7d
430 [23184654984896] INFO perfrun.perfcollector <> - DRY_RUN: "reg_type       = 4	event_id       = 1	reg_id         = 30b	reg_value      = ffffffdb6100"
430 [23184654984896] INFO perfrun.perfcollector <> - eventId: 1, dataAddr: 30b, dataVal: ffffffdb6100
430 [23184654984896] INFO perfrun.perfcollector <> - DRY_RUN: "reg_type       = 4	event_id       = 5	reg_id         = c1	reg_value      = ffffffe17b7d"
430 [23184654984896] INFO perfrun.perfcollector <> - eventId: 5, dataAddr: c1, dataVal: ffffffe17b7d
430 [23184654984896] INFO perfrun.perfcollector <> - DRY_RUN: "reg_type       = 4	event_id       = 6	reg_id         = c2	reg_value      = ffffffe17b7d"
430 [23184654984896] INFO perfrun.perfcollector <> - eventId: 6, dataAddr: c2, dataVal: ffffffe17b7d
430 [23184654984896] INFO perfrun.perfcollector <> - DRY_RUN: "reg_type       = 4	event_id       = 7	reg_id         = c3	reg_value      = ffffffe17b7d"
430 [23184654984896] INFO perfrun.perfcollector <> - eventId: 7, dataAddr: c3, dataVal: ffffffe17b7d
430 [23184654984896] INFO perfrun.perfcollector <> - DRY_RUN: "reg_type       = 4	event_id       = 8	reg_id         = c4	reg_value      = ffffffe17b7d"
430 [23184654984896] INFO perfrun.perfcollector <> - eventId: 8, dataAddr: c4, dataVal: ffffffe17b7d
430 [23184654984896] INFO perfrun.perfcollector <> - DRY_RUN: "reg_type       = 4	event_id       = 3	reg_id         = c5	reg_value      = fffffffe795d"
430 [23184654984896] INFO perfrun.perfcollector <> - eventId: 3, dataAddr: c5, dataVal: fffffffe795d
430 [23184654984896] INFO perfrun.perfcollector <> - DRY_RUN: "reg_type       = 4	event_id       = 4	reg_id         = c6	reg_value      = fffffffe795d"
430 [23184654984896] INFO perfrun.perfcollector <> - eventId: 4, dataAddr: c6, dataVal: fffffffe795d
430 [23184654984896] INFO perfrun.perfcollector <> - DRY_RUN: "reg_type       = 4	event_id       = 11	reg_id         = c7	reg_value      = ffffffe17b7d"
430 [23184654984896] INFO perfrun.perfcollector <> - eventId: 11, dataAddr: c7, dataVal: ffffffe17b7d
430 [23184654984896] INFO perfrun.perfcollector <> - DRY_RUN: "reg_type       = 4	event_id       = 12	reg_id         = c8	reg_value      = ffffffe17b7d"
430 [23184654984896] INFO perfrun.perfcollector <> - eventId: 12, dataAddr: c8, dataVal: ffffffe17b7d
430 [23184654984896] INFO perfrun.perfcollector <> - DRY_RUN: "Group 1:"
430 [23184654984896] INFO perfrun.perfcollector <> - id: 1
430 [23184654984896] INFO perfrun.perfcollector <> - DRY_RUN: "INST_RETIRED.ANY: event id 2"
430 [23184654984896] INFO perfrun.perfcollector <> - eventName: INST_RETIRED.ANY, eventId: 2
430 [23184654984896] INFO perfrun.perfcollector <> - DRY_RUN: "CPU_CLK_UNHALTED.THREAD: event id 0"
430 [23184654984896] INFO perfrun.perfcollector <> - eventName: CPU_CLK_UNHALTED.THREAD, eventId: 0
430 [23184654984896] INFO perfrun.perfcollector <> - DRY_RUN: "CPU_CLK_UNHALTED.REF_TSC: event id 1"
430 [23184654984896] INFO perfrun.perfcollector <> - eventName: CPU_CLK_UNHALTED.REF_TSC, eventId: 1
430 [23184654984896] INFO perfrun.perfcollector <> - DRY_RUN: "FP_ARITH_INST_RETIRED.128B_PACKED_DOUBLE: event id 9"
430 [23184654984896] INFO perfrun.perfcollector <> - eventName: FP_ARITH_INST_RETIRED.128B_PACKED_DOUBLE, eventId: 9
430 [23184654984896] INFO perfrun.perfcollector <> - DRY_RUN: "FP_ARITH_INST_RETIRED.256B_PACKED_DOUBLE: event id 10"
430 [23184654984896] INFO perfrun.perfcollector <> - eventName: FP_ARITH_INST_RETIRED.256B_PACKED_DOUBLE, eventId: 10
430 [23184654984896] INFO perfrun.perfcollector <> - DRY_RUN: "CCCR"
430 [23184654984896] INFO perfrun.perfcollector <> - DRY_RUN: "reg_type       = 1	event_id       = g	reg_id         = 38f	reg_value      = 700000003"
430 [23184654984896] INFO perfrun.perfcollector <> - eventId: g, skip parsing event_id
430 [23184654984896] INFO perfrun.perfcollector <> - Register was ignored: group_id: 1, reg_type: 1, event_id: 4294967295, reg_id: 38f, reg_value: 700000003, pmu_name: cpu
430 [23184654984896] INFO perfrun.perfcollector <> - DRY_RUN: "reg_type       = 1	event_id       = g	reg_id         = 390	reg_value      = 700000003"
430 [23184654984896] INFO perfrun.perfcollector <> - eventId: g, skip parsing event_id
430 [23184654984896] INFO perfrun.perfcollector <> - Register was ignored: group_id: 1, reg_type: 1, event_id: 4294967295, reg_id: 390, reg_value: 700000003, pmu_name: cpu
430 [23184654984896] INFO perfrun.perfcollector <> - DRY_RUN: "reg_type       = 1	event_id       = g	reg_id         = 3f1	reg_value      = 0"
430 [23184654984896] INFO perfrun.perfcollector <> - eventId: g, skip parsing event_id
430 [23184654984896] INFO perfrun.perfcollector <> - Register was ignored: group_id: 1, reg_type: 1, event_id: 4294967295, reg_id: 3f1, reg_value: 0, pmu_name: cpu
430 [23184654984896] INFO perfrun.perfcollector <> - DRY_RUN: "reg_type       = 1	event_id       = g	reg_id         = 1d9	reg_value      = 1800"
430 [23184654984896] INFO perfrun.perfcollector <> - eventId: g, skip parsing event_id
430 [23184654984896] INFO perfrun.perfcollector <> - Register was ignored: group_id: 1, reg_type: 1, event_id: 4294967295, reg_id: 1d9, reg_value: 1800, pmu_name: cpu
430 [23184654984896] INFO perfrun.perfcollector <> - DRY_RUN: "reg_type       = 1	event_id       = g	reg_id         = 38d	reg_value      = bbb"
430 [23184654984896] INFO perfrun.perfcollector <> - eventId: g, skip parsing event_id
430 [23184654984896] INFO perfrun.perfcollector <> - Register was ignored: group_id: 1, reg_type: 1, event_id: 4294967295, reg_id: 38d, reg_value: bbb, pmu_name: cpu
430 [23184654984896] INFO perfrun.perfcollector <> - DRY_RUN: "reg_type       = 1	event_id       = 9	reg_id         = 186	reg_value      = 5304c7"
430 [23184654984896] INFO perfrun.perfcollector <> - Event selector: group_id: 1, reg_type: 1, event_id: 9, reg_id: 186, reg_value: 5304c7, pmu_name: cpu
430 [23184654984896] INFO perfrun.perfcollector <> - DRY_RUN: "reg_type       = 1	event_id       = 10	reg_id         = 187	reg_value      = 5310c7"
430 [23184654984896] INFO perfrun.perfcollector <> - Event selector: group_id: 1, reg_type: 1, event_id: 10, reg_id: 187, reg_value: 5310c7, pmu_name: cpu
430 [23184654984896] INFO perfrun.perfcollector <> - DRY_RUN: "ESCR"
430 [23184654984896] INFO perfrun.perfcollector <> - DRY_RUN: "reg_type       = 2	event_id       = g	reg_id         = 1c8	reg_value      = 0"
430 [23184654984896] INFO perfrun.perfcollector <> - eventId: g, skip parsing event_id
430 [23184654984896] INFO perfrun.perfcollector <> - DRY_RUN: "DATA"
430 [23184654984896] INFO perfrun.perfcollector <> - DRY_RUN: "reg_type       = 4	event_id       = 2	reg_id         = 309	reg_value      = ffffffdb6100"
430 [23184654984896] INFO perfrun.perfcollector <> - eventId: 2, dataAddr: 309, dataVal: ffffffdb6100
430 [23184654984896] INFO perfrun.perfcollector <> - DRY_RUN: "reg_type       = 4	event_id       = 0	reg_id         = 30a	reg_value      = ffffffe17b7d"
430 [23184654984896] INFO perfrun.perfcollector <> - eventId: 0, dataAddr: 30a, dataVal: ffffffe17b7d
430 [23184654984896] INFO perfrun.perfcollector <> - DRY_RUN: "reg_type       = 4	event_id       = 1	reg_id         = 30b	reg_value      = ffffffdb6100"
430 [23184654984896] INFO perfrun.perfcollector <> - eventId: 1, dataAddr: 30b, dataVal: ffffffdb6100
430 [23184654984896] INFO perfrun.perfcollector <> - DRY_RUN: "reg_type       = 4	event_id       = 9	reg_id         = c1	reg_value      = ffffffe17b7d"
430 [23184654984896] INFO perfrun.perfcollector <> - eventId: 9, dataAddr: c1, dataVal: ffffffe17b7d
430 [23184654984896] INFO perfrun.perfcollector <> - DRY_RUN: "reg_type       = 4	event_id       = 10	reg_id         = c2	reg_value      = ffffffe17b7d"
430 [23184654984896] INFO perfrun.perfcollector <> - eventId: 10, dataAddr: c2, dataVal: ffffffe17b7d
430 [23184654984896] INFO perfrun.perfcollector <> - event name: CPU_CLK_UNHALTED.THREAD
430 [23184654984896] INFO perfrun.perfcollector <> - pmu config: cpu
430 [23184654984896] INFO perfrun.perfcollector <> - cccrAddr: ffffffff, cccrValue: 0
430 [23184654984896] INFO perfrun.perfcollector <> - dataAddr: 30a, dataValue: ffffffffffe17b7d
430 [23184654984896] INFO perfrun.perfcollector <> - escrAddr: ffffffff, escrValue: 0
430 [23184654984896] INFO perfrun.perfcollector <> - extendedPebsValue: 0
430 [23184654984896] INFO perfrun.perfcollector <> - adaptivePebsAvailable: 0
430 [23184654984896] INFO perfrun.perfcollector <> - config: event: 3c
430 [23184654984896] INFO perfrun.perfcollector <> - config: pc: 0
430 [23184654984896] INFO perfrun.perfcollector <> - config: in_tx: 0
430 [23184654984896] INFO perfrun.perfcollector <> - config: edge: 0
430 [23184654984896] INFO perfrun.perfcollector <> - config: any: 0
430 [23184654984896] INFO perfrun.perfcollector <> - config1: offcore_rsp: 0
430 [23184654984896] INFO perfrun.perfcollector <> - config: in_tx_cp: 0
430 [23184654984896] INFO perfrun.perfcollector <> - config1: ldlat: 0
430 [23184654984896] INFO perfrun.perfcollector <> - config: inv: 0
430 [23184654984896] INFO perfrun.perfcollector <> - config: umask: 0
430 [23184654984896] INFO perfrun.perfcollector <> - config: cmask: 0
430 [23184654984896] INFO perfrun.perfcollector <> - format: cpu/event=0x3c,name='CPU_CLK_UNHALTED.THREAD'/D
430 [23184654984896] INFO perfrun.perfcollector <> - event name: CPU_CLK_UNHALTED.REF_TSC
430 [23184654984896] INFO perfrun.perfcollector <> - pmu config: cpu
430 [23184654984896] INFO perfrun.perfcollector <> - cccrAddr: ffffffff, cccrValue: 0
430 [23184654984896] INFO perfrun.perfcollector <> - dataAddr: 30b, dataValue: ffffffffffdb6100
430 [23184654984896] INFO perfrun.perfcollector <> - escrAddr: ffffffff, escrValue: 0
430 [23184654984896] INFO perfrun.perfcollector <> - extendedPebsValue: 0
430 [23184654984896] INFO perfrun.perfcollector <> - adaptivePebsAvailable: 0
430 [23184654984896] INFO perfrun.perfcollector <> - config: event: 0
430 [23184654984896] INFO perfrun.perfcollector <> - config: pc: 0
430 [23184654984896] INFO perfrun.perfcollector <> - config: in_tx: 0
430 [23184654984896] INFO perfrun.perfcollector <> - config: edge: 0
430 [23184654984896] INFO perfrun.perfcollector <> - config: any: 0
430 [23184654984896] INFO perfrun.perfcollector <> - config1: offcore_rsp: 0
430 [23184654984896] INFO perfrun.perfcollector <> - config: in_tx_cp: 0
430 [23184654984896] INFO perfrun.perfcollector <> - config1: ldlat: 0
430 [23184654984896] INFO perfrun.perfcollector <> - config: inv: 0
430 [23184654984896] INFO perfrun.perfcollector <> - config: umask: 3
430 [23184654984896] INFO perfrun.perfcollector <> - config: cmask: 0
430 [23184654984896] INFO perfrun.perfcollector <> - format: cpu/umask=0x3,name='CPU_CLK_UNHALTED.REF_TSC'/D
430 [23184654984896] INFO perfrun.perfcollector <> - event name: INST_RETIRED.ANY
430 [23184654984896] INFO perfrun.perfcollector <> - pmu config: cpu
430 [23184654984896] INFO perfrun.perfcollector <> - cccrAddr: ffffffff, cccrValue: 0
430 [23184654984896] INFO perfrun.perfcollector <> - dataAddr: 309, dataValue: ffffffffffdb6100
430 [23184654984896] INFO perfrun.perfcollector <> - escrAddr: ffffffff, escrValue: 0
430 [23184654984896] INFO perfrun.perfcollector <> - extendedPebsValue: 0
430 [23184654984896] INFO perfrun.perfcollector <> - adaptivePebsAvailable: 0
430 [23184654984896] INFO perfrun.perfcollector <> - config: event: c0
430 [23184654984896] INFO perfrun.perfcollector <> - config: pc: 0
430 [23184654984896] INFO perfrun.perfcollector <> - config: in_tx: 0
430 [23184654984896] INFO perfrun.perfcollector <> - config: edge: 0
430 [23184654984896] INFO perfrun.perfcollector <> - config: any: 0
430 [23184654984896] INFO perfrun.perfcollector <> - config1: offcore_rsp: 0
430 [23184654984896] INFO perfrun.perfcollector <> - config: in_tx_cp: 0
430 [23184654984896] INFO perfrun.perfcollector <> - config1: ldlat: 0
430 [23184654984896] INFO perfrun.perfcollector <> - config: inv: 0
430 [23184654984896] INFO perfrun.perfcollector <> - config: umask: 0
430 [23184654984896] INFO perfrun.perfcollector <> - config: cmask: 0
430 [23184654984896] INFO perfrun.perfcollector <> - format: cpu/event=0xc0,name='INST_RETIRED.ANY'/D
430 [23184654984896] INFO perfrun.perfcollector <> - event name: CPU_CLK_UNHALTED.REF_XCLK
430 [23184654984896] INFO perfrun.perfcollector <> - pmu config: cpu
430 [23184654984896] INFO perfrun.perfcollector <> - cccrAddr: 18a, cccrValue: 53013c
430 [23184654984896] INFO perfrun.perfcollector <> - dataAddr: c5, dataValue: fffffffffffe795d
430 [23184654984896] INFO perfrun.perfcollector <> - escrAddr: ffffffff, escrValue: 0
430 [23184654984896] INFO perfrun.perfcollector <> - extendedPebsValue: 0
430 [23184654984896] INFO perfrun.perfcollector <> - adaptivePebsAvailable: 0
430 [23184654984896] INFO perfrun.perfcollector <> - config: event: 3c
430 [23184654984896] INFO perfrun.perfcollector <> - config: pc: 0
430 [23184654984896] INFO perfrun.perfcollector <> - config: in_tx: 0
430 [23184654984896] INFO perfrun.perfcollector <> - config: edge: 0
430 [23184654984896] INFO perfrun.perfcollector <> - config: any: 0
430 [23184654984896] INFO perfrun.perfcollector <> - config1: offcore_rsp: 0
430 [23184654984896] INFO perfrun.perfcollector <> - config: in_tx_cp: 0
430 [23184654984896] INFO perfrun.perfcollector <> - config1: ldlat: 0
430 [23184654984896] INFO perfrun.perfcollector <> - config: inv: 0
430 [23184654984896] INFO perfrun.perfcollector <> - config: umask: 1
430 [23184654984896] INFO perfrun.perfcollector <> - config: cmask: 0
430 [23184654984896] INFO perfrun.perfcollector <> - format: cpu/event=0x3c,umask=0x1,name='CPU_CLK_UNHALTED.REF_XCLK'/
430 [23184654984896] INFO perfrun.perfcollector <> - event name: CPU_CLK_UNHALTED.ONE_THREAD_ACTIVE
430 [23184654984896] INFO perfrun.perfcollector <> - pmu config: cpu
430 [23184654984896] INFO perfrun.perfcollector <> - cccrAddr: 18b, cccrValue: 53023c
430 [23184654984896] INFO perfrun.perfcollector <> - dataAddr: c6, dataValue: fffffffffffe795d
430 [23184654984896] INFO perfrun.perfcollector <> - escrAddr: ffffffff, escrValue: 0
430 [23184654984896] INFO perfrun.perfcollector <> - extendedPebsValue: 0
430 [23184654984896] INFO perfrun.perfcollector <> - adaptivePebsAvailable: 0
430 [23184654984896] INFO perfrun.perfcollector <> - config: event: 3c
430 [23184654984896] INFO perfrun.perfcollector <> - config: pc: 0
430 [23184654984896] INFO perfrun.perfcollector <> - config: in_tx: 0
430 [23184654984896] INFO perfrun.perfcollector <> - config: edge: 0
430 [23184654984896] INFO perfrun.perfcollector <> - config: any: 0
430 [23184654984896] INFO perfrun.perfcollector <> - config1: offcore_rsp: 0
430 [23184654984896] INFO perfrun.perfcollector <> - config: in_tx_cp: 0
430 [23184654984896] INFO perfrun.perfcollector <> - config1: ldlat: 0
430 [23184654984896] INFO perfrun.perfcollector <> - config: inv: 0
430 [23184654984896] INFO perfrun.perfcollector <> - config: umask: 2
430 [23184654984896] INFO perfrun.perfcollector <> - config: cmask: 0
430 [23184654984896] INFO perfrun.perfcollector <> - format: cpu/event=0x3c,umask=0x2,name='CPU_CLK_UNHALTED.ONE_THREAD_ACTIVE'/
430 [23184654984896] INFO perfrun.perfcollector <> - event name: FP_ARITH_INST_RETIRED.SCALAR_SINGLE
430 [23184654984896] INFO perfrun.perfcollector <> - pmu config: cpu
430 [23184654984896] INFO perfrun.perfcollector <> - cccrAddr: 186, cccrValue: 5302c7
430 [23184654984896] INFO perfrun.perfcollector <> - dataAddr: c1, dataValue: ffffffffffe17b7d
430 [23184654984896] INFO perfrun.perfcollector <> - escrAddr: ffffffff, escrValue: 0
430 [23184654984896] INFO perfrun.perfcollector <> - extendedPebsValue: 0
430 [23184654984896] INFO perfrun.perfcollector <> - adaptivePebsAvailable: 0
430 [23184654984896] INFO perfrun.perfcollector <> - config: event: c7
430 [23184654984896] INFO perfrun.perfcollector <> - config: pc: 0
430 [23184654984896] INFO perfrun.perfcollector <> - config: in_tx: 0
430 [23184654984896] INFO perfrun.perfcollector <> - config: edge: 0
430 [23184654984896] INFO perfrun.perfcollector <> - config: any: 0
430 [23184654984896] INFO perfrun.perfcollector <> - config1: offcore_rsp: 0
430 [23184654984896] INFO perfrun.perfcollector <> - config: in_tx_cp: 0
430 [23184654984896] INFO perfrun.perfcollector <> - config1: ldlat: 0
430 [23184654984896] INFO perfrun.perfcollector <> - config: inv: 0
430 [23184654984896] INFO perfrun.perfcollector <> - config: umask: 2
430 [23184654984896] INFO perfrun.perfcollector <> - config: cmask: 0
430 [23184654984896] INFO perfrun.perfcollector <> - format: cpu/event=0xc7,umask=0x2,name='FP_ARITH_INST_RETIRED.SCALAR_SINGLE'/
430 [23184654984896] INFO perfrun.perfcollector <> - event name: FP_ARITH_INST_RETIRED.128B_PACKED_SINGLE
430 [23184654984896] INFO perfrun.perfcollector <> - pmu config: cpu
430 [23184654984896] INFO perfrun.perfcollector <> - cccrAddr: 187, cccrValue: 5308c7
430 [23184654984896] INFO perfrun.perfcollector <> - dataAddr: c2, dataValue: ffffffffffe17b7d
430 [23184654984896] INFO perfrun.perfcollector <> - escrAddr: ffffffff, escrValue: 0
430 [23184654984896] INFO perfrun.perfcollector <> - extendedPebsValue: 0
430 [23184654984896] INFO perfrun.perfcollector <> - adaptivePebsAvailable: 0
430 [23184654984896] INFO perfrun.perfcollector <> - config: event: c7
430 [23184654984896] INFO perfrun.perfcollector <> - config: pc: 0
430 [23184654984896] INFO perfrun.perfcollector <> - config: in_tx: 0
430 [23184654984896] INFO perfrun.perfcollector <> - config: edge: 0
430 [23184654984896] INFO perfrun.perfcollector <> - config: any: 0
430 [23184654984896] INFO perfrun.perfcollector <> - config1: offcore_rsp: 0
430 [23184654984896] INFO perfrun.perfcollector <> - config: in_tx_cp: 0
430 [23184654984896] INFO perfrun.perfcollector <> - config1: ldlat: 0
430 [23184654984896] INFO perfrun.perfcollector <> - config: inv: 0
430 [23184654984896] INFO perfrun.perfcollector <> - config: umask: 8
430 [23184654984896] INFO perfrun.perfcollector <> - config: cmask: 0
430 [23184654984896] INFO perfrun.perfcollector <> - format: cpu/event=0xc7,umask=0x8,name='FP_ARITH_INST_RETIRED.128B_PACKED_SINGLE'/
430 [23184654984896] INFO perfrun.perfcollector <> - event name: FP_ARITH_INST_RETIRED.256B_PACKED_SINGLE
430 [23184654984896] INFO perfrun.perfcollector <> - pmu config: cpu
430 [23184654984896] INFO perfrun.perfcollector <> - cccrAddr: 188, cccrValue: 5320c7
430 [23184654984896] INFO perfrun.perfcollector <> - dataAddr: c3, dataValue: ffffffffffe17b7d
430 [23184654984896] INFO perfrun.perfcollector <> - escrAddr: ffffffff, escrValue: 0
430 [23184654984896] INFO perfrun.perfcollector <> - extendedPebsValue: 0
430 [23184654984896] INFO perfrun.perfcollector <> - adaptivePebsAvailable: 0
430 [23184654984896] INFO perfrun.perfcollector <> - config: event: c7
430 [23184654984896] INFO perfrun.perfcollector <> - config: pc: 0
430 [23184654984896] INFO perfrun.perfcollector <> - config: in_tx: 0
430 [23184654984896] INFO perfrun.perfcollector <> - config: edge: 0
430 [23184654984896] INFO perfrun.perfcollector <> - config: any: 0
430 [23184654984896] INFO perfrun.perfcollector <> - config1: offcore_rsp: 0
430 [23184654984896] INFO perfrun.perfcollector <> - config: in_tx_cp: 0
430 [23184654984896] INFO perfrun.perfcollector <> - config1: ldlat: 0
430 [23184654984896] INFO perfrun.perfcollector <> - config: inv: 0
430 [23184654984896] INFO perfrun.perfcollector <> - config: umask: 20
430 [23184654984896] INFO perfrun.perfcollector <> - config: cmask: 0
430 [23184654984896] INFO perfrun.perfcollector <> - format: cpu/event=0xc7,umask=0x20,name='FP_ARITH_INST_RETIRED.256B_PACKED_SINGLE'/
430 [23184654984896] INFO perfrun.perfcollector <> - event name: FP_ARITH_INST_RETIRED.SCALAR_DOUBLE
430 [23184654984896] INFO perfrun.perfcollector <> - pmu config: cpu
430 [23184654984896] INFO perfrun.perfcollector <> - cccrAddr: 189, cccrValue: 5301c7
430 [23184654984896] INFO perfrun.perfcollector <> - dataAddr: c4, dataValue: ffffffffffe17b7d
430 [23184654984896] INFO perfrun.perfcollector <> - escrAddr: ffffffff, escrValue: 0
430 [23184654984896] INFO perfrun.perfcollector <> - extendedPebsValue: 0
430 [23184654984896] INFO perfrun.perfcollector <> - adaptivePebsAvailable: 0
430 [23184654984896] INFO perfrun.perfcollector <> - config: event: c7
430 [23184654984896] INFO perfrun.perfcollector <> - config: pc: 0
430 [23184654984896] INFO perfrun.perfcollector <> - config: in_tx: 0
430 [23184654984896] INFO perfrun.perfcollector <> - config: edge: 0
430 [23184654984896] INFO perfrun.perfcollector <> - config: any: 0
430 [23184654984896] INFO perfrun.perfcollector <> - config1: offcore_rsp: 0
430 [23184654984896] INFO perfrun.perfcollector <> - config: in_tx_cp: 0
430 [23184654984896] INFO perfrun.perfcollector <> - config1: ldlat: 0
430 [23184654984896] INFO perfrun.perfcollector <> - config: inv: 0
430 [23184654984896] INFO perfrun.perfcollector <> - config: umask: 1
430 [23184654984896] INFO perfrun.perfcollector <> - config: cmask: 0
430 [23184654984896] INFO perfrun.perfcollector <> - format: cpu/event=0xc7,umask=0x1,name='FP_ARITH_INST_RETIRED.SCALAR_DOUBLE'/
430 [23184654984896] INFO perfrun.perfcollector <> - event name: FP_ARITH_INST_RETIRED.128B_PACKED_DOUBLE
430 [23184654984896] INFO perfrun.perfcollector <> - pmu config: cpu
430 [23184654984896] INFO perfrun.perfcollector <> - cccrAddr: 186, cccrValue: 5304c7
430 [23184654984896] INFO perfrun.perfcollector <> - dataAddr: c1, dataValue: ffffffffffe17b7d
430 [23184654984896] INFO perfrun.perfcollector <> - escrAddr: ffffffff, escrValue: 0
430 [23184654984896] INFO perfrun.perfcollector <> - extendedPebsValue: 0
430 [23184654984896] INFO perfrun.perfcollector <> - adaptivePebsAvailable: 0
430 [23184654984896] INFO perfrun.perfcollector <> - config: event: c7
430 [23184654984896] INFO perfrun.perfcollector <> - config: pc: 0
430 [23184654984896] INFO perfrun.perfcollector <> - config: in_tx: 0
430 [23184654984896] INFO perfrun.perfcollector <> - config: edge: 0
430 [23184654984896] INFO perfrun.perfcollector <> - config: any: 0
430 [23184654984896] INFO perfrun.perfcollector <> - config1: offcore_rsp: 0
430 [23184654984896] INFO perfrun.perfcollector <> - config: in_tx_cp: 0
430 [23184654984896] INFO perfrun.perfcollector <> - config1: ldlat: 0
430 [23184654984896] INFO perfrun.perfcollector <> - config: inv: 0
430 [23184654984896] INFO perfrun.perfcollector <> - config: umask: 4
430 [23184654984896] INFO perfrun.perfcollector <> - config: cmask: 0
430 [23184654984896] INFO perfrun.perfcollector <> - format: cpu/event=0xc7,umask=0x4,name='FP_ARITH_INST_RETIRED.128B_PACKED_DOUBLE'/
430 [23184654984896] INFO perfrun.perfcollector <> - event name: FP_ARITH_INST_RETIRED.256B_PACKED_DOUBLE
430 [23184654984896] INFO perfrun.perfcollector <> - pmu config: cpu
430 [23184654984896] INFO perfrun.perfcollector <> - cccrAddr: 187, cccrValue: 5310c7
430 [23184654984896] INFO perfrun.perfcollector <> - dataAddr: c2, dataValue: ffffffffffe17b7d
431 [23184654984896] INFO perfrun.perfcollector <> - escrAddr: ffffffff, escrValue: 0
431 [23184654984896] INFO perfrun.perfcollector <> - extendedPebsValue: 0
431 [23184654984896] INFO perfrun.perfcollector <> - adaptivePebsAvailable: 0
431 [23184654984896] INFO perfrun.perfcollector <> - config: event: c7
431 [23184654984896] INFO perfrun.perfcollector <> - config: pc: 0
431 [23184654984896] INFO perfrun.perfcollector <> - config: in_tx: 0
431 [23184654984896] INFO perfrun.perfcollector <> - config: edge: 0
431 [23184654984896] INFO perfrun.perfcollector <> - config: any: 0
431 [23184654984896] INFO perfrun.perfcollector <> - config1: offcore_rsp: 0
431 [23184654984896] INFO perfrun.perfcollector <> - config: in_tx_cp: 0
431 [23184654984896] INFO perfrun.perfcollector <> - config1: ldlat: 0
431 [23184654984896] INFO perfrun.perfcollector <> - config: inv: 0
431 [23184654984896] INFO perfrun.perfcollector <> - config: umask: 10
431 [23184654984896] INFO perfrun.perfcollector <> - config: cmask: 0
431 [23184654984896] INFO perfrun.perfcollector <> - format: cpu/event=0xc7,umask=0x10,name='FP_ARITH_INST_RETIRED.256B_PACKED_DOUBLE'/
431 [23184654984896] INFO perfrun.perfcollector <> - event name: INST_RETIRED.X87
431 [23184654984896] INFO perfrun.perfcollector <> - pmu config: cpu
431 [23184654984896] INFO perfrun.perfcollector <> - cccrAddr: 18c, cccrValue: 5302c0
431 [23184654984896] INFO perfrun.perfcollector <> - dataAddr: c7, dataValue: ffffffffffe17b7d
431 [23184654984896] INFO perfrun.perfcollector <> - escrAddr: ffffffff, escrValue: 0
431 [23184654984896] INFO perfrun.perfcollector <> - extendedPebsValue: 0
431 [23184654984896] INFO perfrun.perfcollector <> - adaptivePebsAvailable: 0
431 [23184654984896] INFO perfrun.perfcollector <> - config: event: c0
431 [23184654984896] INFO perfrun.perfcollector <> - config: pc: 0
431 [23184654984896] INFO perfrun.perfcollector <> - config: in_tx: 0
431 [23184654984896] INFO perfrun.perfcollector <> - config: edge: 0
431 [23184654984896] INFO perfrun.perfcollector <> - config: any: 0
431 [23184654984896] INFO perfrun.perfcollector <> - config1: offcore_rsp: 0
431 [23184654984896] INFO perfrun.perfcollector <> - config: in_tx_cp: 0
431 [23184654984896] INFO perfrun.perfcollector <> - config1: ldlat: 0
431 [23184654984896] INFO perfrun.perfcollector <> - config: inv: 0
431 [23184654984896] INFO perfrun.perfcollector <> - config: umask: 2
431 [23184654984896] INFO perfrun.perfcollector <> - config: cmask: 0
431 [23184654984896] INFO perfrun.perfcollector <> - format: cpu/event=0xc0,umask=0x2,name='INST_RETIRED.X87'/
431 [23184654984896] INFO perfrun.perfcollector <> - event name: UOPS_RETIRED.RETIRE_SLOTS
431 [23184654984896] INFO perfrun.perfcollector <> - pmu config: cpu
431 [23184654984896] INFO perfrun.perfcollector <> - cccrAddr: 18d, cccrValue: 5302c2
431 [23184654984896] INFO perfrun.perfcollector <> - dataAddr: c8, dataValue: ffffffffffe17b7d
431 [23184654984896] INFO perfrun.perfcollector <> - escrAddr: ffffffff, escrValue: 0
431 [23184654984896] INFO perfrun.perfcollector <> - extendedPebsValue: 0
431 [23184654984896] INFO perfrun.perfcollector <> - adaptivePebsAvailable: 0
431 [23184654984896] INFO perfrun.perfcollector <> - config: event: c2
431 [23184654984896] INFO perfrun.perfcollector <> - config: pc: 0
431 [23184654984896] INFO perfrun.perfcollector <> - config: in_tx: 0
431 [23184654984896] INFO perfrun.perfcollector <> - config: edge: 0
431 [23184654984896] INFO perfrun.perfcollector <> - config: any: 0
431 [23184654984896] INFO perfrun.perfcollector <> - config1: offcore_rsp: 0
431 [23184654984896] INFO perfrun.perfcollector <> - config: in_tx_cp: 0
431 [23184654984896] INFO perfrun.perfcollector <> - config1: ldlat: 0
431 [23184654984896] INFO perfrun.perfcollector <> - config: inv: 0
431 [23184654984896] INFO perfrun.perfcollector <> - config: umask: 2
431 [23184654984896] INFO perfrun.perfcollector <> - config: cmask: 0
431 [23184654984896] INFO perfrun.perfcollector <> - format: cpu/event=0xc2,umask=0x2,name='UOPS_RETIRED.RETIRE_SLOTS'/
431 [23184654984896] INFO perfrun.perfcollector <> - event: cpu/event=0x3c,name='CPU_CLK_UNHALTED.THREAD'/Duk, added for counting
431 [23184654984896] INFO perfrun.perfcollector <> - event: cpu/umask=0x3,name='CPU_CLK_UNHALTED.REF_TSC'/Duk, added for counting
431 [23184654984896] INFO perfrun.perfcollector <> - event: cpu/event=0xc0,name='INST_RETIRED.ANY'/Duk, added for counting
431 [23184654984896] INFO perfrun.perfcollector <> - event: cpu/event=0x3c,umask=0x1,name='CPU_CLK_UNHALTED.REF_XCLK'/uk, added for counting
431 [23184654984896] INFO perfrun.perfcollector <> - event: cpu/event=0x3c,umask=0x2,name='CPU_CLK_UNHALTED.ONE_THREAD_ACTIVE'/uk, added for counting
431 [23184654984896] INFO perfrun.perfcollector <> - event: cpu/event=0xc7,umask=0x2,name='FP_ARITH_INST_RETIRED.SCALAR_SINGLE'/uk, added for counting
431 [23184654984896] INFO perfrun.perfcollector <> - event: cpu/event=0xc7,umask=0x8,name='FP_ARITH_INST_RETIRED.128B_PACKED_SINGLE'/uk, added for counting
431 [23184654984896] INFO perfrun.perfcollector <> - event: cpu/event=0xc7,umask=0x20,name='FP_ARITH_INST_RETIRED.256B_PACKED_SINGLE'/uk, added for counting
431 [23184654984896] INFO perfrun.perfcollector <> - event: cpu/event=0xc7,umask=0x1,name='FP_ARITH_INST_RETIRED.SCALAR_DOUBLE'/uk, added for counting
431 [23184654984896] INFO perfrun.perfcollector <> - event: cpu/event=0xc7,umask=0x4,name='FP_ARITH_INST_RETIRED.128B_PACKED_DOUBLE'/uk, added for counting
431 [23184654984896] INFO perfrun.perfcollector <> - event: cpu/event=0xc7,umask=0x10,name='FP_ARITH_INST_RETIRED.256B_PACKED_DOUBLE'/uk, added for counting
431 [23184654984896] INFO perfrun.perfcollector <> - event: cpu/event=0xc0,umask=0x2,name='INST_RETIRED.X87'/uk, added for counting
431 [23184654984896] INFO perfrun.perfcollector <> - event: cpu/event=0xc2,umask=0x2,name='UOPS_RETIRED.RETIRE_SLOTS'/uk, added for counting
431 [23184654984896] INFO perfrun.perfcollector <> - attaching to pid: 4294967295, collect mode: 1, rc modes: 3
446 [23184643937984] WARN perfrun.perfcollector <> - Perf stat trace pipe capacity: read = 1048576, write = 1048576, at file: vcs/perfrun1/plugins/perfcollector/src/profiler.cpp:765
455 [23184643937984] INFO perfrun.sdk <> - runCmd: /opt/intel/oneapi/vtune/2023.1.0/bin64/amplxe-perf stat -v --log-fd 10 --scale -x ; -e cpu/event=0x3c,name='CPU_CLK_UNHALTED.THREAD'/Duk,cpu/umask=0x3,name='CPU_CLK_UNHALTED.REF_TSC'/Duk,cpu/event=0xc0,name='INST_RETIRED.ANY'/Duk,cpu/event=0x3c,umask=0x1,name='CPU_CLK_UNHALTED.REF_XCLK'/uk,cpu/event=0x3c,umask=0x2,name='CPU_CLK_UNHALTED.ONE_THREAD_ACTIVE'/uk,cpu/event=0xc7,umask=0x2,name='FP_ARITH_INST_RETIRED.SCALAR_SINGLE'/uk,cpu/event=0xc7,umask=0x8,name='FP_ARITH_INST_RETIRED.128B_PACKED_SINGLE'/uk,cpu/event=0xc7,umask=0x20,name='FP_ARITH_INST_RETIRED.256B_PACKED_SINGLE'/uk,cpu/event=0xc7,umask=0x1,name='FP_ARITH_INST_RETIRED.SCALAR_DOUBLE'/uk,cpu/event=0xc7,umask=0x4,name='FP_ARITH_INST_RETIRED.128B_PACKED_DOUBLE'/uk,cpu/event=0xc7,umask=0x10,name='FP_ARITH_INST_RETIRED.256B_PACKED_DOUBLE'/uk,cpu/event=0xc0,umask=0x2,name='INST_RETIRED.X87'/uk,cpu/event=0xc2,umask=0x2,name='UOPS_RETIRED.RETIRE_SLOTS'/uk /opt/intel/oneapi/vtune/2023.1.0/bin64/amplxe-perf-sync dryrun sys
456 [23184643937984] INFO perfrun.sdk <> - runCmd started PID 3362861
666 [23184643937984] INFO perfrun.perfcollector <> - Monitor: runCmd RC = true
670 [23184654984896] INFO perfrun.launcher <> - plugin [aoclprofile] was disabled because it doesn't support the given collection type.
670 [23184654984896] INFO perfrun.tpss <> - initialize tpss controller
670 [23184654984896] INFO perfrun.tpss <> - configure collection mode: value = cpu:counters:nostack
670 [23184654984896] INFO perfrun.tpss <> - configure collection mode: value = cpu:stack
670 [23184654984896] INFO perfrun.tpss <> - default obj-size-min=1024
670 [23184654984896] INFO perfrun.tpss <> - default hash-table-size=0
670 [23184654984896] INFO perfrun.launcher <> - plugin [media] was disabled because it doesn't support the given collection type.
670 [23184654984896] INFO perfrun.launcher <> - plugin [] was disabled because it doesn't support the given collection type.
670 [23184654984896] INFO perfrun.launcher <> - plugin [] was disabled because it doesn't support the given collection type.
670 [23184654984896] INFO perfrun.launcher <> - plugin [parallelfs] was disabled because it doesn't support the given collection type.
670 [23184654984896] INFO perfrun.launcher <> - plugin [power] was disabled because it doesn't support the given collection type.
670 [23184654984896] INFO perfrun.launcher <> - plugin [hwloc] was disabled because it doesn't support the given collection type.
670 [23184654984896] INFO perfrun.launcher <> - plugin [ipmwatch] was disabled because it doesn't support the given collection type.
670 [23184654984896] INFO perfrun.launcher <> - plugin [os_counters] was disabled because it doesn't support the given collection type.
670 [23184654984896] INFO perfrun.launcher <> - plugin [l0_metrics] was disabled because it doesn't support the given collection type.
670 [23184798332800] INFO perfrun.launcher <> - set environment variable: LD_LIBRARY_PATH = /opt/intel/oneapi/vtune/2023.1.0/lib32/runtime:/opt/intel/oneapi/vtune/2023.1.0/lib64/runtime:/opt/intel/oneapi/tbb/2021.5.1/env/../lib/intel64/gcc4.8:/opt/intel/oneapi/mpi/2021.5.1//libfabric/lib:/opt/intel/oneapi/mpi/2021.5.1//lib/release:/opt/intel/oneapi/mpi/2021.5.1//lib:/opt/intel/oneapi/mkl/2022.0.2/lib/intel64:/opt/intel/oneapi/itac/2021.5.0/slib:/opt/intel/oneapi/debugger/2021.5.0/gdb/intel64/lib:/opt/intel/oneapi/debugger/2021.5.0/libipt/intel64/lib:/opt/intel/oneapi/debugger/2021.5.0/dep/lib:/opt/intel/oneapi/compiler/2022.0.2/linux/lib:/opt/intel/oneapi/compiler/2022.0.2/linux/lib/x64:/opt/intel/oneapi/compiler/2022.0.2/linux/lib/oclfpga/host/linux64/lib:/opt/intel/oneapi/compiler/2022.0.2/linux/compiler/lib/intel64_lin
670 [23184798332800] INFO perfrun.launcher <> - set environment variable: INTEL_LIBITTNOTIFY32 = /opt/intel/oneapi/vtune/2023.1.0/lib32/runtime/libittnotify_collector.so
670 [23184798332800] INFO perfrun.launcher <> - set environment variable: INTEL_LIBITTNOTIFY64 = /opt/intel/oneapi/vtune/2023.1.0/lib64/runtime/libittnotify_collector.so
670 [23184798332800] INFO perfrun.launcher <> - set environment variable: INTEL_ITTNOTIFY_GROUPS = 
670 [23184798332800] INFO perfrun.launcher <> - set environment variable: INTEL_JIT_PROFILER32 = /opt/intel/oneapi/vtune/2023.1.0/lib32/runtime/libittnotify_collector.so
670 [23184798332800] INFO perfrun.launcher <> - set environment variable: INTEL_JIT_PROFILER64 = /opt/intel/oneapi/vtune/2023.1.0/lib64/runtime/libittnotify_collector.so
671 [23184798332800] INFO perfrun.launcher <> - set environment variable: OMP_TOOL_LIBRARIES = /opt/intel/oneapi/vtune/2023.1.0/lib32/runtime/libittnotify_collector.so:/opt/intel/oneapi/vtune/2023.1.0/lib64/runtime/libittnotify_collector.so
671 [23184798332800] INFO perfrun.launcher <> - set environment variable: ENABLE_JITPROFILING = 1
671 [23184798332800] INFO perfrun.launcher <> - set environment variable: CL_CONFIG_USE_VTUNE = True
671 [23184798332800] INFO perfrun.launcher <> - set environment variable: LD_PRELOAD = libittnotify_collector.so:
671 [23184798332800] INFO perfrun.launcher <> - set environment variable: KMP_FORKJOIN_FRAMES = 0
671 [23184798332800] INFO perfrun.launcher <> - set environment variable: KMP_FORKJOIN_FRAMES_MODE = 0
671 [23184798332800] INFO perfrun.launcher <> - set environment variable: OMP_TOOL = disabled
671 [23184798332800] INFO perfrun.launcher <> - set environment variable: INTEL_MRTE_DATA_DIR = /home/course/hpc/users/2022012388/exp8/vtune_result.conv4/data.1
671 [23184798332800] INFO perfrun.launcher <> - set environment variable: INTEL_MRTE_HOST_NAME = conv4
671 [23184798332800] INFO perfrun.launcher <> - set environment variable: JAVA_TOOL_OPTIONS = -agentlib:amplxe_tpssmrte_javaprof_1.0 -Dsun.boot.library.path=/opt/intel/oneapi/vtune/2023.1.0/lib32/runtime:/opt/intel/oneapi/vtune/2023.1.0/lib64/runtime
671 [23184798332800] INFO perfrun.launcher <> - set environment variable: LD_LIBRARY_PATH = /opt/intel/oneapi/vtune/2023.1.0/lib32/runtime:/opt/intel/oneapi/vtune/2023.1.0/lib64/runtime:/opt/intel/oneapi/tbb/2021.5.1/env/../lib/intel64/gcc4.8:/opt/intel/oneapi/mpi/2021.5.1//libfabric/lib:/opt/intel/oneapi/mpi/2021.5.1//lib/release:/opt/intel/oneapi/mpi/2021.5.1//lib:/opt/intel/oneapi/mkl/2022.0.2/lib/intel64:/opt/intel/oneapi/itac/2021.5.0/slib:/opt/intel/oneapi/debugger/2021.5.0/gdb/intel64/lib:/opt/intel/oneapi/debugger/2021.5.0/libipt/intel64/lib:/opt/intel/oneapi/debugger/2021.5.0/dep/lib:/opt/intel/oneapi/compiler/2022.0.2/linux/lib:/opt/intel/oneapi/compiler/2022.0.2/linux/lib/x64:/opt/intel/oneapi/compiler/2022.0.2/linux/lib/oclfpga/host/linux64/lib:/opt/intel/oneapi/compiler/2022.0.2/linux/compiler/lib/intel64_lin
671 [23184798332800] INFO perfrun.launcher <> - set environment variable: CORECLR_ENABLE_PROFILING = 1
671 [23184798332800] INFO perfrun.launcher <> - set environment variable: CORECLR_PROFILER = {AA5E4821-E3B1-479c-B7FF-5AD047D22CED}
671 [23184798332800] INFO perfrun.launcher <> - set environment variable: CORECLR_PROFILER_PATH = /opt/intel/oneapi/vtune/2023.1.0/lib64/libamplxe_samplingmrte_clrprof_1.0.so
671 [23184798332800] INFO perfrun.launcher <> - set environment variable: INTEL_MRTE_PROFILER_MODE = mixed
671 [23184798332800] INFO perfrun.launcher <> - RpcServer: run RPC server to handle requests
674 [23184798332800] INFO perfrun.launcher <> - Launcher: command line to start before modification = ./main 2022012388
674 [23184798332800] INFO perfrun.launcher <> - Launcher: command line to start after modification = /opt/intel/oneapi/vtune/2023.1.0/bin64/pin -error_file /home/course/hpc/users/2022012388/exp8/vtune_result.conv4/data.1/pinerr.tpsslog -detach_reattach -follow_execv -tool_load_option deepbind -t64 /opt/intel/oneapi/vtune/2023.1.0/lib64/libtpsstool.so -t /opt/intel/oneapi/vtune/2023.1.0/lib32/libtpsstool.so -server_name tpss_ipc.3362665 -prd_dir /opt/intel/oneapi/vtune/2023.1.0 -- ./main 2022012388
1075 [23184798332800] INFO perfrun.launcher <> - ProcessCreator object was created
1076 [23184798332800] INFO perfrun.launcher <> - Launcher: the process was started in suspend mode
1080 [23184654984896] WARN perfrun.system <> - Could not do anything with /sys/kernel/debug/kvm: boost::filesystem::status: Permission denied: "/sys/kernel/debug/kvm", at file: vcs/perfrun1/plugins/system/src/trace_writer.cpp:787
1080 [23184654984896] WARN perfrun.system <> - Folder "/var/run/libvirt/qemu/"doesn't exist, at file: vcs/perfrun1/plugins/system/src/trace_writer.cpp:800
1080 [23184654984896] INFO perfrun.itt <> - start itt controller for pid #3363003
1081 [23184654984896] INFO perfrun.perfcollector <> - attaching to pid: 3363003, collect mode: 1, rc modes: 1
1093 [23184434788032] WARN perfrun.perfcollector <> - Perf stat trace pipe capacity: read = 1048576, write = 1048576, at file: vcs/perfrun1/plugins/perfcollector/src/profiler.cpp:765
1102 [23184434788032] INFO perfrun.sdk <> - runCmd: /opt/intel/oneapi/vtune/2023.1.0/bin64/amplxe-perf stat -v --log-fd 22 --control=fd:23,26 --scale -x ; -p 3363003 -e cpu/event=0x3c,name='CPU_CLK_UNHALTED.THREAD'/Duk,cpu/umask=0x3,name='CPU_CLK_UNHALTED.REF_TSC'/Duk,cpu/event=0xc0,name='INST_RETIRED.ANY'/Duk,cpu/event=0x3c,umask=0x1,name='CPU_CLK_UNHALTED.REF_XCLK'/uk,cpu/event=0x3c,umask=0x2,name='CPU_CLK_UNHALTED.ONE_THREAD_ACTIVE'/uk,cpu/event=0xc7,umask=0x2,name='FP_ARITH_INST_RETIRED.SCALAR_SINGLE'/uk,cpu/event=0xc7,umask=0x8,name='FP_ARITH_INST_RETIRED.128B_PACKED_SINGLE'/uk,cpu/event=0xc7,umask=0x20,name='FP_ARITH_INST_RETIRED.256B_PACKED_SINGLE'/uk,cpu/event=0xc7,umask=0x1,name='FP_ARITH_INST_RETIRED.SCALAR_DOUBLE'/uk,cpu/event=0xc7,umask=0x4,name='FP_ARITH_INST_RETIRED.128B_PACKED_DOUBLE'/uk,cpu/event=0xc7,umask=0x10,name='FP_ARITH_INST_RETIRED.256B_PACKED_DOUBLE'/uk,cpu/event=0xc0,umask=0x2,name='INST_RETIRED.X87'/uk,cpu/event=0xc2,umask=0x2,name='UOPS_RETIRED.RETIRE_SLOTS'/uk /opt/intel/oneapi/vtune/2023.1.0/bin64/amplxe-perf-sync sync sys
1103 [23184434788032] INFO perfrun.sdk <> - runCmd started PID 3363085
1267 [23184654984896] INFO perfrun.tpss <> - start tpss controller for pid #3363003
1318 [23184798332800] INFO perfrun.launcher <> - Launcher: all plugins were started
1318 [23184798332800] INFO perfrun.launcher <> - DirectoryMonitor object was created
1318 [23184798332800] INFO perfrun.launcher <> - DirectoryMonitor: a callback was added
1318 [23184798332800] INFO perfrun.launcher <> - DirectoryMonitor was started with pingTime = 1000
1318 [23184798332800] INFO perfrun.launcher <> - DeadlineTimer is going to be constructed
1318 [23184798332800] INFO perfrun.launcher <> - DeadlineTimer: a callback was added
1320 [23184798332800] INFO perfrun.launcher <> - Launcher: resume the profiled application and  wait its termination or stop command
3349 [23184798332800] INFO perfrun.launcher <> - Launcher: the profiled application was terminated  with exit code = 139
3550 [23184654984896] INFO perfrun.itt <> - detach itt controller
3550 [23184654984896] INFO perfrun.itt <> - detach itt controller done
3552 [23184434788032] INFO perfrun.perfcollector <> - Monitor: runCmd RC = true
3552 [23184654984896] INFO perfrun.perfcollector <> - Monitor: state = 3, error = 1
3553 [23184654984896] INFO perfrun.tpss <> - stop tpss controller
3558 [23184654984896] INFO perfrun.sdk <> - De-allocating TMU: /home/course/hpc/users/2022012388/exp8/vtune_result.conv4/data.1/systemcollector-3362665-conv4.sc
3558 [23184654984896] INFO perfrun.system <> - closed the system trace file: /home/course/hpc/users/2022012388/exp8/vtune_result.conv4/data.1/systemcollector-3362665-conv4.sc
3558 [23184798332800] INFO perfrun.launcher <> - Launcher: all plugins were stopped.
3558 [23184798332800] INFO perfrun.launcher <> - DeadlineTimer is going to be destroyed
3558 [23184798332800] INFO perfrun.launcher <> - DeadlineTimer was destroyed
3558 [23184798332800] INFO perfrun.launcher <> - DirectoryMonitor object was destroyed
3558 [23184798332800] WARN perfrun.launcher <> - Stop command is ignored because it is received when collection is already stopped, at file: vcs/perfrun1/launcher/src/command_handler.cpp:226
3561 [23184798332800] INFO perfrun.launcher <> - Application exit code: 139
3561 [23184798332800] INFO perfrun.launcher <> - Exit code: 4
