13 [23028268693376] INFO perfrun.launcher <> - Launcher main begin
15 [23028268693376] INFO perfrun.launcher <> - MessageCatalogInit finished
15 [23028268693376] INFO perfrun.launcher <> - Launcher instance created
15 [23028268693376] INFO perfrun.launcher <> - argc = 7; cmdline = /opt/intel/oneapi/vtune/2023.1.0/bin64/amplxe-runss --ui-output-format xml --ui-output-fd 5 --option-file /home/course/hpc/users/2022012388/exp8/vtune_result.conv4/config/runss.options.7 
121 [23028268693376] INFO perfrun.launcher <> - create msngr2::ICliToolContext
121 [23028268693376] INFO perfrun.launcher <> - create file finder object
121 [23028268693376] INFO perfrun.launcher <> - create a result directory: pattern = /home/course/hpc/users/2022012388/exp8/vtune_result.conv4 pid = 4294967295
125 [23028268693376] INFO perfrun.sdk <> - checked that the directory /home/course/hpc/users/2022012388/exp8/vtune_result.conv4 is a local directory
125 [23028268693376] INFO perfrun.sdk <> - the directory /home/course/hpc/users/2022012388/exp8/vtune_result.conv4 is located on a share or its FS ID is unknown 26985
125 [23028268693376] INFO perfrun.sdk <> - checked that the directory /tmp/amplxe-tmp-2022012388 is a local directory
125 [23028268693376] INFO perfrun.sdk <> - the directory /tmp/amplxe-tmp-2022012388 is located on a share or its FS ID is unknown 2035054128
130 [23028268693376] INFO perfrun.launcher <> - create data directory = /home/course/hpc/users/2022012388/exp8/vtune_result.conv4/data.7
131 [23028268693376] INFO perfrun.launcher <> - Creating the master collection flag
132 [23028268693376] INFO perfrun.launcher <> - Done creating the master collection flag
134 [23028125656768] INFO perfrun.launcher <> - plugin [remoteplug] was disabled because it doesn't support the given collection type.
135 [23028125656768] INFO perfrun.sdk <> - Allocating TMU :/home/course/hpc/users/2022012388/exp8/vtune_result.conv4/data.7/systemcollector-3362680-conv4.sc
137 [23028125656768] INFO perfrun.launcher <> - plugin [vdso] was disabled because it doesn't support the given collection type.
137 [23028125656768] INFO perfrun.launcher <> - plugin [ptracecollector] was disabled because it doesn't support the given collection type.
137 [23028125656768] INFO perfrun.launcher <> - plugin [gpu] was disabled because it doesn't support the given collection type.
137 [23028125656768] INFO perfrun.launcher <> - plugin [] was disabled because it doesn't support the given collection type.
137 [23028125656768] INFO perfrun.launcher <> - plugin [] was disabled because it doesn't support the given collection type.
137 [23028125656768] INFO perfrun.launcher <> - plugin [] was disabled because it doesn't support the given collection type.
137 [23028125656768] INFO perfrun.mrte <> - system-wide mode is 0
137 [23028125656768] INFO perfrun.mrte <> - Getting  mrte profiling environment ...
201 [23028125656768] INFO perfrun.mrte <> - INTEL_MRTE_DATA_DIR=/home/course/hpc/users/2022012388/exp8/vtune_result.conv4/data.7
201 [23028125656768] INFO perfrun.mrte <> - INTEL_MRTE_HOST_NAME=conv4
201 [23028125656768] INFO perfrun.mrte <> - JAVA_TOOL_OPTIONS=-agentlib:amplxe_tpssmrte_javaprof_1.0 -Dsun.boot.library.path=/opt/intel/oneapi/vtune/2023.1.0/lib32/runtime:/opt/intel/oneapi/vtune/2023.1.0/lib64/runtime
201 [23028125656768] INFO perfrun.mrte <> - LD_LIBRARY_PATH=/opt/intel/oneapi/vtune/2023.1.0/lib32/runtime:/opt/intel/oneapi/vtune/2023.1.0/lib64/runtime:/opt/intel/oneapi/tbb/2021.5.1/env/../lib/intel64/gcc4.8:/opt/intel/oneapi/mpi/2021.5.1//libfabric/lib:/opt/intel/oneapi/mpi/2021.5.1//lib/release:/opt/intel/oneapi/mpi/2021.5.1//lib:/opt/intel/oneapi/mkl/2022.0.2/lib/intel64:/opt/intel/oneapi/itac/2021.5.0/slib:/opt/intel/oneapi/debugger/2021.5.0/gdb/intel64/lib:/opt/intel/oneapi/debugger/2021.5.0/libipt/intel64/lib:/opt/intel/oneapi/debugger/2021.5.0/dep/lib:/opt/intel/oneapi/compiler/2022.0.2/linux/lib:/opt/intel/oneapi/compiler/2022.0.2/linux/lib/x64:/opt/intel/oneapi/compiler/2022.0.2/linux/lib/oclfpga/host/linux64/lib:/opt/intel/oneapi/compiler/2022.0.2/linux/compiler/lib/intel64_lin
201 [23028125656768] INFO perfrun.mrte <> - CORECLR_ENABLE_PROFILING=1
201 [23028125656768] INFO perfrun.mrte <> - CORECLR_PROFILER={AA5E4821-E3B1-479c-B7FF-5AD047D22CED}
202 [23028125656768] INFO perfrun.mrte <> - CORECLR_PROFILER_PATH=/opt/intel/oneapi/vtune/2023.1.0/lib64/libamplxe_samplingmrte_clrprof_1.0.so
202 [23028125656768] INFO perfrun.mrte <> - INTEL_MRTE_PROFILER_MODE=mixed
202 [23028125656768] INFO perfrun.mrte <> - Data directory: /home/course/hpc/users/2022012388/exp8/vtune_result.conv4/data.7
202 [23028125656768] INFO perfrun.mrte <> - Mrte plugin is initialized
202 [23028125656768] INFO perfrun.launcher <> - plugin [emon] was disabled because it doesn't support the given collection type.
202 [23028125656768] INFO perfrun.launcher <> - plugin [cuscol] was disabled because it doesn't support the given collection type.
202 [23028125656768] INFO perfrun.launcher <> - plugin [stdsrc] was disabled because it doesn't support the given collection type.
202 [23028125656768] INFO perfrun.launcher <> - plugin [sep] was disabled because it doesn't support the given collection type.
202 [23028125656768] INFO perfrun.launcher <> - plugin [vtsspp] was disabled because it doesn't support the given collection type.
202 [23028125656768] INFO perfrun.sdk <> - Reading value (0) from file: /proc/sys/kernel/perf_event_paranoid
202 [23028125656768] INFO perfrun.perfcollector <> - checking access to: /opt/intel/oneapi/vtune/2023.1.0/bin64/amplxe-perf-priv
204 [23028125656768] INFO perfrun.perfcollector <> - cpu: family = 6 model = 79
205 [23028125656768] INFO perfrun.perfcollector <> - dir found: /sys/bus/event_source/devices/software
205 [23028125656768] INFO perfrun.perfcollector <> - format: pmu format subdir doesn't exist
205 [23028125656768] INFO perfrun.perfcollector <> - hwInfo: not set, pmuFam: software
205 [23028125656768] INFO perfrun.perfcollector <> - pmu added: family: software, id: 0
205 [23028125656768] INFO perfrun.perfcollector <> - dir found: /sys/bus/event_source/devices/uncore_imc_5
206 [23028125656768] INFO perfrun.perfcollector <> - format: event config:0-7 mask:0-7
206 [23028125656768] INFO perfrun.perfcollector <> - format: edge config:18 mask:18
206 [23028125656768] INFO perfrun.perfcollector <> - format: inv config:23 mask:23
207 [23028125656768] INFO perfrun.perfcollector <> - format: umask config:8-15 mask:8-15
207 [23028125656768] INFO perfrun.perfcollector <> - format: thresh config:24-31 mask:24-31
207 [23028125656768] INFO perfrun.perfcollector <> - hwInfo: PERF_IMC_PMU_DETAILS
207 [23028125656768] INFO perfrun.perfcollector <> - pmu added: family: uncore_imc, id: 5
207 [23028125656768] INFO perfrun.perfcollector <> - dir found: /sys/bus/event_source/devices/uncore_sbox_2
208 [23028125656768] INFO perfrun.perfcollector <> - format: event config:0-7 mask:0-7
208 [23028125656768] INFO perfrun.perfcollector <> - format: edge config:18 mask:18
209 [23028125656768] INFO perfrun.perfcollector <> - format: inv config:23 mask:23
209 [23028125656768] INFO perfrun.perfcollector <> - format: umask config:8-15 mask:8-15
209 [23028125656768] INFO perfrun.perfcollector <> - format: tid_en config:19 mask:19
209 [23028125656768] INFO perfrun.perfcollector <> - format: thresh config:24-31 mask:24-31
210 [23028125656768] INFO perfrun.perfcollector <> - hwInfo: not set, pmuFam: uncore_sbox
210 [23028125656768] INFO perfrun.perfcollector <> - pmu added: family: uncore_sbox, id: 2
210 [23028125656768] INFO perfrun.perfcollector <> - dir found: /sys/bus/event_source/devices/uncore_cbox_8
211 [23028125656768] INFO perfrun.perfcollector <> - format: event config:0-7 mask:0-7
211 [23028125656768] INFO perfrun.perfcollector <> - format: filter_link config1:6-8 mask:6-8
211 [23028125656768] INFO perfrun.perfcollector <> - format: filter_c6 config1:61 mask:61
211 [23028125656768] INFO perfrun.perfcollector <> - format: edge config:18 mask:18
212 [23028125656768] INFO perfrun.perfcollector <> - format: filter_isoc config1:63 mask:63
212 [23028125656768] INFO perfrun.perfcollector <> - format: filter_tid config1:0-5 mask:0-5
212 [23028125656768] INFO perfrun.perfcollector <> - format: filter_nid config1:32-47 mask:32-47
213 [23028125656768] INFO perfrun.perfcollector <> - format: filter_nc config1:62 mask:62
213 [23028125656768] INFO perfrun.perfcollector <> - format: umask config:8-15 mask:8-15
213 [23028125656768] INFO perfrun.perfcollector <> - format: tid_en config:19 mask:19
213 [23028125656768] INFO perfrun.perfcollector <> - format: thresh config:24-31 mask:24-31
214 [23028125656768] INFO perfrun.perfcollector <> - format: filter_state config1:17-23 mask:17-23
214 [23028125656768] INFO perfrun.perfcollector <> - format: filter_opc config1:52-60 mask:52-60
214 [23028125656768] INFO perfrun.perfcollector <> - hwInfo: PERF_CBOX_PMU_DETAILS
214 [23028125656768] INFO perfrun.perfcollector <> - pmu added: family: uncore_cbox, id: 8
214 [23028125656768] INFO perfrun.perfcollector <> - dir found: /sys/bus/event_source/devices/uncore_cbox_13
215 [23028125656768] INFO perfrun.perfcollector <> - format: event config:0-7 mask:0-7
215 [23028125656768] INFO perfrun.perfcollector <> - format: filter_link config1:6-8 mask:6-8
216 [23028125656768] INFO perfrun.perfcollector <> - format: filter_c6 config1:61 mask:61
216 [23028125656768] INFO perfrun.perfcollector <> - format: edge config:18 mask:18
216 [23028125656768] INFO perfrun.perfcollector <> - format: filter_isoc config1:63 mask:63
216 [23028125656768] INFO perfrun.perfcollector <> - format: filter_tid config1:0-5 mask:0-5
217 [23028125656768] INFO perfrun.perfcollector <> - format: filter_nid config1:32-47 mask:32-47
217 [23028125656768] INFO perfrun.perfcollector <> - format: filter_nc config1:62 mask:62
217 [23028125656768] INFO perfrun.perfcollector <> - format: umask config:8-15 mask:8-15
217 [23028125656768] INFO perfrun.perfcollector <> - format: tid_en config:19 mask:19
218 [23028125656768] INFO perfrun.perfcollector <> - format: thresh config:24-31 mask:24-31
218 [23028125656768] INFO perfrun.perfcollector <> - format: filter_state config1:17-23 mask:17-23
218 [23028125656768] INFO perfrun.perfcollector <> - format: filter_opc config1:52-60 mask:52-60
218 [23028125656768] INFO perfrun.perfcollector <> - hwInfo: PERF_CBOX_PMU_DETAILS
219 [23028125656768] INFO perfrun.perfcollector <> - pmu added: family: uncore_cbox, id: 13
219 [23028125656768] INFO perfrun.perfcollector <> - dir found: /sys/bus/event_source/devices/uncore_r2pcie
219 [23028125656768] INFO perfrun.perfcollector <> - format: event config:0-7 mask:0-7
220 [23028125656768] INFO perfrun.perfcollector <> - format: edge config:18 mask:18
220 [23028125656768] INFO perfrun.perfcollector <> - format: inv config:23 mask:23
220 [23028125656768] INFO perfrun.perfcollector <> - format: umask config:8-15 mask:8-15
220 [23028125656768] INFO perfrun.perfcollector <> - format: thresh config:24-31 mask:24-31
221 [23028125656768] INFO perfrun.perfcollector <> - hwInfo: not set, pmuFam: uncore_r2pcie
221 [23028125656768] INFO perfrun.perfcollector <> - pmu added: family: uncore_r2pcie, id: 0
221 [23028125656768] INFO perfrun.perfcollector <> - dir found: /sys/bus/event_source/devices/uncore_sbox_0
221 [23028125656768] INFO perfrun.perfcollector <> - format: event config:0-7 mask:0-7
222 [23028125656768] INFO perfrun.perfcollector <> - format: edge config:18 mask:18
222 [23028125656768] INFO perfrun.perfcollector <> - format: inv config:23 mask:23
222 [23028125656768] INFO perfrun.perfcollector <> - format: umask config:8-15 mask:8-15
223 [23028125656768] INFO perfrun.perfcollector <> - format: tid_en config:19 mask:19
223 [23028125656768] INFO perfrun.perfcollector <> - format: thresh config:24-31 mask:24-31
223 [23028125656768] INFO perfrun.perfcollector <> - hwInfo: not set, pmuFam: uncore_sbox
223 [23028125656768] INFO perfrun.perfcollector <> - pmu added: family: uncore_sbox, id: 0
223 [23028125656768] INFO perfrun.perfcollector <> - dir found: /sys/bus/event_source/devices/uncore_qpi_1
224 [23028125656768] INFO perfrun.perfcollector <> - format: mask_rnid4 config2:31 mask:31
224 [23028125656768] INFO perfrun.perfcollector <> - format: mask_rnid30 config2:32-35 mask:32-35
225 [23028125656768] INFO perfrun.perfcollector <> - format: match_rnid30 config1:32-35 mask:32-35
225 [23028125656768] INFO perfrun.perfcollector <> - format: event config:0-7,21 mask:0-7,21
225 [23028125656768] INFO perfrun.perfcollector <> - format: match0 config1:0-31 mask:0-31
225 [23028125656768] INFO perfrun.perfcollector <> - format: match_rds config1:48-51 mask:48-51
226 [23028125656768] INFO perfrun.perfcollector <> - format: mask_rds config2:48-51 mask:48-51
226 [23028125656768] INFO perfrun.perfcollector <> - format: edge config:18 mask:18
226 [23028125656768] INFO perfrun.perfcollector <> - format: mask1 config2:32-63 mask:32-63
226 [23028125656768] INFO perfrun.perfcollector <> - format: match_dnid config1:13-17 mask:13-17
227 [23028125656768] INFO perfrun.perfcollector <> - format: mask_dnid config2:13-17 mask:13-17
227 [23028125656768] INFO perfrun.perfcollector <> - format: match_vnw config1:3-4 mask:3-4
227 [23028125656768] INFO perfrun.perfcollector <> - format: mask_vnw config2:3-4 mask:3-4
228 [23028125656768] INFO perfrun.perfcollector <> - format: mask_mc config2:9-12 mask:9-12
228 [23028125656768] INFO perfrun.perfcollector <> - format: match1 config1:32-63 mask:32-63
228 [23028125656768] INFO perfrun.perfcollector <> - format: inv config:23 mask:23
228 [23028125656768] INFO perfrun.perfcollector <> - format: umask config:8-15 mask:8-15
229 [23028125656768] INFO perfrun.perfcollector <> - format: match_opc config1:5-8 mask:5-8
229 [23028125656768] INFO perfrun.perfcollector <> - format: mask_opc config2:5-8 mask:5-8
229 [23028125656768] INFO perfrun.perfcollector <> - format: thresh config:24-31 mask:24-31
230 [23028125656768] INFO perfrun.perfcollector <> - format: match_rnid4 config1:31 mask:31
230 [23028125656768] INFO perfrun.perfcollector <> - format: mask0 config2:0-31 mask:0-31
230 [23028125656768] INFO perfrun.perfcollector <> - format: match_mc config1:9-12 mask:9-12
230 [23028125656768] INFO perfrun.perfcollector <> - hwInfo: PERF_QPI_PMU_DETAILS
231 [23028125656768] INFO perfrun.perfcollector <> - pmu added: family: uncore_qpi, id: 1
231 [23028125656768] INFO perfrun.perfcollector <> - dir found: /sys/bus/event_source/devices/uncore_cbox_6
231 [23028125656768] INFO perfrun.perfcollector <> - format: event config:0-7 mask:0-7
231 [23028125656768] INFO perfrun.perfcollector <> - format: filter_link config1:6-8 mask:6-8
232 [23028125656768] INFO perfrun.perfcollector <> - format: filter_c6 config1:61 mask:61
232 [23028125656768] INFO perfrun.perfcollector <> - format: edge config:18 mask:18
232 [23028125656768] INFO perfrun.perfcollector <> - format: filter_isoc config1:63 mask:63
232 [23028125656768] INFO perfrun.perfcollector <> - format: filter_tid config1:0-5 mask:0-5
233 [23028125656768] INFO perfrun.perfcollector <> - format: filter_nid config1:32-47 mask:32-47
233 [23028125656768] INFO perfrun.perfcollector <> - format: filter_nc config1:62 mask:62
233 [23028125656768] INFO perfrun.perfcollector <> - format: umask config:8-15 mask:8-15
234 [23028125656768] INFO perfrun.perfcollector <> - format: tid_en config:19 mask:19
234 [23028125656768] INFO perfrun.perfcollector <> - format: thresh config:24-31 mask:24-31
234 [23028125656768] INFO perfrun.perfcollector <> - format: filter_state config1:17-23 mask:17-23
234 [23028125656768] INFO perfrun.perfcollector <> - format: filter_opc config1:52-60 mask:52-60
234 [23028125656768] INFO perfrun.perfcollector <> - hwInfo: PERF_CBOX_PMU_DETAILS
235 [23028125656768] INFO perfrun.perfcollector <> - pmu added: family: uncore_cbox, id: 6
235 [23028125656768] INFO perfrun.perfcollector <> - dir found: /sys/bus/event_source/devices/uncore_imc_1
236 [23028125656768] INFO perfrun.perfcollector <> - format: event config:0-7 mask:0-7
236 [23028125656768] INFO perfrun.perfcollector <> - format: edge config:18 mask:18
236 [23028125656768] INFO perfrun.perfcollector <> - format: inv config:23 mask:23
236 [23028125656768] INFO perfrun.perfcollector <> - format: umask config:8-15 mask:8-15
237 [23028125656768] INFO perfrun.perfcollector <> - format: thresh config:24-31 mask:24-31
237 [23028125656768] INFO perfrun.perfcollector <> - hwInfo: PERF_IMC_PMU_DETAILS
237 [23028125656768] INFO perfrun.perfcollector <> - pmu added: family: uncore_imc, id: 1
237 [23028125656768] INFO perfrun.perfcollector <> - dir found: /sys/bus/event_source/devices/power
238 [23028125656768] INFO perfrun.perfcollector <> - format: event config:0-7 mask:0-7
238 [23028125656768] INFO perfrun.perfcollector <> - hwInfo: not set, pmuFam: power
238 [23028125656768] INFO perfrun.perfcollector <> - pmu added: family: power, id: 0
238 [23028125656768] INFO perfrun.perfcollector <> - dir found: /sys/bus/event_source/devices/uncore_cbox_11
239 [23028125656768] INFO perfrun.perfcollector <> - format: event config:0-7 mask:0-7
239 [23028125656768] INFO perfrun.perfcollector <> - format: filter_link config1:6-8 mask:6-8
239 [23028125656768] INFO perfrun.perfcollector <> - format: filter_c6 config1:61 mask:61
240 [23028125656768] INFO perfrun.perfcollector <> - format: edge config:18 mask:18
240 [23028125656768] INFO perfrun.perfcollector <> - format: filter_isoc config1:63 mask:63
240 [23028125656768] INFO perfrun.perfcollector <> - format: filter_tid config1:0-5 mask:0-5
240 [23028125656768] INFO perfrun.perfcollector <> - format: filter_nid config1:32-47 mask:32-47
241 [23028125656768] INFO perfrun.perfcollector <> - format: filter_nc config1:62 mask:62
241 [23028125656768] INFO perfrun.perfcollector <> - format: umask config:8-15 mask:8-15
241 [23028125656768] INFO perfrun.perfcollector <> - format: tid_en config:19 mask:19
242 [23028125656768] INFO perfrun.perfcollector <> - format: thresh config:24-31 mask:24-31
242 [23028125656768] INFO perfrun.perfcollector <> - format: filter_state config1:17-23 mask:17-23
242 [23028125656768] INFO perfrun.perfcollector <> - format: filter_opc config1:52-60 mask:52-60
242 [23028125656768] INFO perfrun.perfcollector <> - hwInfo: PERF_CBOX_PMU_DETAILS
243 [23028125656768] INFO perfrun.perfcollector <> - pmu added: family: uncore_cbox, id: 11
243 [23028125656768] INFO perfrun.perfcollector <> - dir found: /sys/bus/event_source/devices/uncore_cbox_4
243 [23028125656768] INFO perfrun.perfcollector <> - format: event config:0-7 mask:0-7
243 [23028125656768] INFO perfrun.perfcollector <> - format: filter_link config1:6-8 mask:6-8
244 [23028125656768] INFO perfrun.perfcollector <> - format: filter_c6 config1:61 mask:61
244 [23028125656768] INFO perfrun.perfcollector <> - format: edge config:18 mask:18
244 [23028125656768] INFO perfrun.perfcollector <> - format: filter_isoc config1:63 mask:63
244 [23028125656768] INFO perfrun.perfcollector <> - format: filter_tid config1:0-5 mask:0-5
245 [23028125656768] INFO perfrun.perfcollector <> - format: filter_nid config1:32-47 mask:32-47
245 [23028125656768] INFO perfrun.perfcollector <> - format: filter_nc config1:62 mask:62
245 [23028125656768] INFO perfrun.perfcollector <> - format: umask config:8-15 mask:8-15
246 [23028125656768] INFO perfrun.perfcollector <> - format: tid_en config:19 mask:19
246 [23028125656768] INFO perfrun.perfcollector <> - format: thresh config:24-31 mask:24-31
246 [23028125656768] INFO perfrun.perfcollector <> - format: filter_state config1:17-23 mask:17-23
246 [23028125656768] INFO perfrun.perfcollector <> - format: filter_opc config1:52-60 mask:52-60
246 [23028125656768] INFO perfrun.perfcollector <> - hwInfo: PERF_CBOX_PMU_DETAILS
247 [23028125656768] INFO perfrun.perfcollector <> - pmu added: family: uncore_cbox, id: 4
247 [23028125656768] INFO perfrun.perfcollector <> - dir found: /sys/bus/event_source/devices/uprobe
247 [23028125656768] INFO perfrun.perfcollector <> - format: ref_ctr_offset config:32-63 mask:32-63
248 [23028125656768] INFO perfrun.perfcollector <> - format: retprobe config:0 mask:0
248 [23028125656768] INFO perfrun.perfcollector <> - hwInfo: not set, pmuFam: uprobe
248 [23028125656768] INFO perfrun.perfcollector <> - pmu added: family: uprobe, id: 0
248 [23028125656768] INFO perfrun.perfcollector <> - dir found: /sys/bus/event_source/devices/intel_bts
248 [23028125656768] INFO perfrun.perfcollector <> - format: pmu format subdir doesn't exist
248 [23028125656768] INFO perfrun.perfcollector <> - hwInfo: not set, pmuFam: intel_bts
249 [23028125656768] INFO perfrun.perfcollector <> - pmu added: family: intel_bts, id: 0
249 [23028125656768] INFO perfrun.perfcollector <> - dir found: /sys/bus/event_source/devices/cpu
249 [23028125656768] INFO perfrun.perfcollector <> - format: event config:0-7 mask:0-7
249 [23028125656768] INFO perfrun.perfcollector <> - format: pc config:19 mask:19
250 [23028125656768] INFO perfrun.perfcollector <> - format: in_tx config:32 mask:32
250 [23028125656768] INFO perfrun.perfcollector <> - format: edge config:18 mask:18
250 [23028125656768] INFO perfrun.perfcollector <> - format: any config:21 mask:21
251 [23028125656768] INFO perfrun.perfcollector <> - format: offcore_rsp config1:0-63 mask:0-63
251 [23028125656768] INFO perfrun.perfcollector <> - format: in_tx_cp config:33 mask:33
251 [23028125656768] INFO perfrun.perfcollector <> - format: ldlat config1:0-15 mask:0-15
251 [23028125656768] INFO perfrun.perfcollector <> - format: inv config:23 mask:23
252 [23028125656768] INFO perfrun.perfcollector <> - format: umask config:8-15 mask:8-15
252 [23028125656768] INFO perfrun.perfcollector <> - format: cmask config:24-31 mask:24-31
252 [23028125656768] INFO perfrun.perfcollector <> - hwInfo: PERF_CPU_PMU_DETAILS
252 [23028125656768] INFO perfrun.perfcollector <> - pmu added: family: cpu, id: 0
252 [23028125656768] INFO perfrun.perfcollector <> - dir found: /sys/bus/event_source/devices/uncore_r3qpi_0
253 [23028125656768] INFO perfrun.perfcollector <> - format: event config:0-7 mask:0-7
253 [23028125656768] INFO perfrun.perfcollector <> - format: edge config:18 mask:18
253 [23028125656768] INFO perfrun.perfcollector <> - format: inv config:23 mask:23
254 [23028125656768] INFO perfrun.perfcollector <> - format: umask config:8-15 mask:8-15
254 [23028125656768] INFO perfrun.perfcollector <> - format: thresh config:24-31 mask:24-31
254 [23028125656768] INFO perfrun.perfcollector <> - hwInfo: not set, pmuFam: uncore_r3qpi
254 [23028125656768] INFO perfrun.perfcollector <> - pmu added: family: uncore_r3qpi, id: 0
255 [23028125656768] INFO perfrun.perfcollector <> - dir found: /sys/bus/event_source/devices/cstate_core
255 [23028125656768] INFO perfrun.perfcollector <> - format: event config:0-63 mask:0-63
255 [23028125656768] INFO perfrun.perfcollector <> - hwInfo: not set, pmuFam: cstate_core
255 [23028125656768] INFO perfrun.perfcollector <> - pmu added: family: cstate_core, id: 0
256 [23028125656768] INFO perfrun.perfcollector <> - dir found: /sys/bus/event_source/devices/uncore_cbox_2
256 [23028125656768] INFO perfrun.perfcollector <> - format: event config:0-7 mask:0-7
256 [23028125656768] INFO perfrun.perfcollector <> - format: filter_link config1:6-8 mask:6-8
257 [23028125656768] INFO perfrun.perfcollector <> - format: filter_c6 config1:61 mask:61
257 [23028125656768] INFO perfrun.perfcollector <> - format: edge config:18 mask:18
257 [23028125656768] INFO perfrun.perfcollector <> - format: filter_isoc config1:63 mask:63
258 [23028125656768] INFO perfrun.perfcollector <> - format: filter_tid config1:0-5 mask:0-5
258 [23028125656768] INFO perfrun.perfcollector <> - format: filter_nid config1:32-47 mask:32-47
258 [23028125656768] INFO perfrun.perfcollector <> - format: filter_nc config1:62 mask:62
258 [23028125656768] INFO perfrun.perfcollector <> - format: umask config:8-15 mask:8-15
259 [23028125656768] INFO perfrun.perfcollector <> - format: tid_en config:19 mask:19
259 [23028125656768] INFO perfrun.perfcollector <> - format: thresh config:24-31 mask:24-31
259 [23028125656768] INFO perfrun.perfcollector <> - format: filter_state config1:17-23 mask:17-23
259 [23028125656768] INFO perfrun.perfcollector <> - format: filter_opc config1:52-60 mask:52-60
259 [23028125656768] INFO perfrun.perfcollector <> - hwInfo: PERF_CBOX_PMU_DETAILS
260 [23028125656768] INFO perfrun.perfcollector <> - pmu added: family: uncore_cbox, id: 2
260 [23028125656768] INFO perfrun.perfcollector <> - dir found: /sys/bus/event_source/devices/breakpoint
260 [23028125656768] INFO perfrun.perfcollector <> - format: pmu format subdir doesn't exist
260 [23028125656768] INFO perfrun.perfcollector <> - hwInfo: not set, pmuFam: breakpoint
260 [23028125656768] INFO perfrun.perfcollector <> - pmu added: family: breakpoint, id: 0
261 [23028125656768] INFO perfrun.perfcollector <> - dir found: /sys/bus/event_source/devices/uncore_ha_0
261 [23028125656768] INFO perfrun.perfcollector <> - format: event config:0-7 mask:0-7
261 [23028125656768] INFO perfrun.perfcollector <> - format: edge config:18 mask:18
262 [23028125656768] INFO perfrun.perfcollector <> - format: inv config:23 mask:23
262 [23028125656768] INFO perfrun.perfcollector <> - format: umask config:8-15 mask:8-15
262 [23028125656768] INFO perfrun.perfcollector <> - format: thresh config:24-31 mask:24-31
262 [23028125656768] INFO perfrun.perfcollector <> - hwInfo: not set, pmuFam: uncore_ha
263 [23028125656768] INFO perfrun.perfcollector <> - pmu added: family: uncore_ha, id: 0
263 [23028125656768] INFO perfrun.perfcollector <> - dir found: /sys/bus/event_source/devices/uncore_cbox_0
263 [23028125656768] INFO perfrun.perfcollector <> - format: event config:0-7 mask:0-7
264 [23028125656768] INFO perfrun.perfcollector <> - format: filter_link config1:6-8 mask:6-8
264 [23028125656768] INFO perfrun.perfcollector <> - format: filter_c6 config1:61 mask:61
264 [23028125656768] INFO perfrun.perfcollector <> - format: edge config:18 mask:18
264 [23028125656768] INFO perfrun.perfcollector <> - format: filter_isoc config1:63 mask:63
265 [23028125656768] INFO perfrun.perfcollector <> - format: filter_tid config1:0-5 mask:0-5
265 [23028125656768] INFO perfrun.perfcollector <> - format: filter_nid config1:32-47 mask:32-47
265 [23028125656768] INFO perfrun.perfcollector <> - format: filter_nc config1:62 mask:62
266 [23028125656768] INFO perfrun.perfcollector <> - format: umask config:8-15 mask:8-15
266 [23028125656768] INFO perfrun.perfcollector <> - format: tid_en config:19 mask:19
266 [23028125656768] INFO perfrun.perfcollector <> - format: thresh config:24-31 mask:24-31
266 [23028125656768] INFO perfrun.perfcollector <> - format: filter_state config1:17-23 mask:17-23
267 [23028125656768] INFO perfrun.perfcollector <> - format: filter_opc config1:52-60 mask:52-60
267 [23028125656768] INFO perfrun.perfcollector <> - hwInfo: PERF_CBOX_PMU_DETAILS
267 [23028125656768] INFO perfrun.perfcollector <> - pmu added: family: uncore_cbox, id: 0
267 [23028125656768] INFO perfrun.perfcollector <> - dir found: /sys/bus/event_source/devices/tracepoint
267 [23028125656768] INFO perfrun.perfcollector <> - format: pmu format subdir doesn't exist
267 [23028125656768] INFO perfrun.perfcollector <> - hwInfo: not set, pmuFam: tracepoint
268 [23028125656768] INFO perfrun.perfcollector <> - pmu added: family: tracepoint, id: 0
268 [23028125656768] INFO perfrun.perfcollector <> - dir found: /sys/bus/event_source/devices/uncore_sbox_3
268 [23028125656768] INFO perfrun.perfcollector <> - format: event config:0-7 mask:0-7
268 [23028125656768] INFO perfrun.perfcollector <> - format: edge config:18 mask:18
269 [23028125656768] INFO perfrun.perfcollector <> - format: inv config:23 mask:23
269 [23028125656768] INFO perfrun.perfcollector <> - format: umask config:8-15 mask:8-15
269 [23028125656768] INFO perfrun.perfcollector <> - format: tid_en config:19 mask:19
270 [23028125656768] INFO perfrun.perfcollector <> - format: thresh config:24-31 mask:24-31
270 [23028125656768] INFO perfrun.perfcollector <> - hwInfo: not set, pmuFam: uncore_sbox
270 [23028125656768] INFO perfrun.perfcollector <> - pmu added: family: uncore_sbox, id: 3
270 [23028125656768] INFO perfrun.perfcollector <> - dir found: /sys/bus/event_source/devices/uncore_cbox_9
271 [23028125656768] INFO perfrun.perfcollector <> - format: event config:0-7 mask:0-7
271 [23028125656768] INFO perfrun.perfcollector <> - format: filter_link config1:6-8 mask:6-8
271 [23028125656768] INFO perfrun.perfcollector <> - format: filter_c6 config1:61 mask:61
271 [23028125656768] INFO perfrun.perfcollector <> - format: edge config:18 mask:18
272 [23028125656768] INFO perfrun.perfcollector <> - format: filter_isoc config1:63 mask:63
272 [23028125656768] INFO perfrun.perfcollector <> - format: filter_tid config1:0-5 mask:0-5
272 [23028125656768] INFO perfrun.perfcollector <> - format: filter_nid config1:32-47 mask:32-47
272 [23028125656768] INFO perfrun.perfcollector <> - format: filter_nc config1:62 mask:62
273 [23028125656768] INFO perfrun.perfcollector <> - format: umask config:8-15 mask:8-15
273 [23028125656768] INFO perfrun.perfcollector <> - format: tid_en config:19 mask:19
273 [23028125656768] INFO perfrun.perfcollector <> - format: thresh config:24-31 mask:24-31
274 [23028125656768] INFO perfrun.perfcollector <> - format: filter_state config1:17-23 mask:17-23
274 [23028125656768] INFO perfrun.perfcollector <> - format: filter_opc config1:52-60 mask:52-60
274 [23028125656768] INFO perfrun.perfcollector <> - hwInfo: PERF_CBOX_PMU_DETAILS
274 [23028125656768] INFO perfrun.perfcollector <> - pmu added: family: uncore_cbox, id: 9
274 [23028125656768] INFO perfrun.perfcollector <> - dir found: /sys/bus/event_source/devices/cstate_pkg
275 [23028125656768] INFO perfrun.perfcollector <> - format: event config:0-63 mask:0-63
275 [23028125656768] INFO perfrun.perfcollector <> - hwInfo: not set, pmuFam: cstate_pkg
275 [23028125656768] INFO perfrun.perfcollector <> - pmu added: family: cstate_pkg, id: 0
275 [23028125656768] INFO perfrun.perfcollector <> - dir found: /sys/bus/event_source/devices/uncore_imc_4
276 [23028125656768] INFO perfrun.perfcollector <> - format: event config:0-7 mask:0-7
276 [23028125656768] INFO perfrun.perfcollector <> - format: edge config:18 mask:18
276 [23028125656768] INFO perfrun.perfcollector <> - format: inv config:23 mask:23
277 [23028125656768] INFO perfrun.perfcollector <> - format: umask config:8-15 mask:8-15
277 [23028125656768] INFO perfrun.perfcollector <> - format: thresh config:24-31 mask:24-31
277 [23028125656768] INFO perfrun.perfcollector <> - hwInfo: PERF_IMC_PMU_DETAILS
277 [23028125656768] INFO perfrun.perfcollector <> - pmu added: family: uncore_imc, id: 4
277 [23028125656768] INFO perfrun.perfcollector <> - dir found: /sys/bus/event_source/devices/uncore_ubox
278 [23028125656768] INFO perfrun.perfcollector <> - format: event config:0-7 mask:0-7
278 [23028125656768] INFO perfrun.perfcollector <> - format: edge config:18 mask:18
279 [23028125656768] INFO perfrun.perfcollector <> - format: inv config:23 mask:23
279 [23028125656768] INFO perfrun.perfcollector <> - format: umask config:8-15 mask:8-15
279 [23028125656768] INFO perfrun.perfcollector <> - format: thresh config:24-28 mask:24-28
279 [23028125656768] INFO perfrun.perfcollector <> - hwInfo: not set, pmuFam: uncore_ubox
280 [23028125656768] INFO perfrun.perfcollector <> - pmu added: family: uncore_ubox, id: 0
280 [23028125656768] INFO perfrun.perfcollector <> - dir found: /sys/bus/event_source/devices/uncore_sbox_1
280 [23028125656768] INFO perfrun.perfcollector <> - format: event config:0-7 mask:0-7
280 [23028125656768] INFO perfrun.perfcollector <> - format: edge config:18 mask:18
281 [23028125656768] INFO perfrun.perfcollector <> - format: inv config:23 mask:23
281 [23028125656768] INFO perfrun.perfcollector <> - format: umask config:8-15 mask:8-15
281 [23028125656768] INFO perfrun.perfcollector <> - format: tid_en config:19 mask:19
282 [23028125656768] INFO perfrun.perfcollector <> - format: thresh config:24-31 mask:24-31
282 [23028125656768] INFO perfrun.perfcollector <> - hwInfo: not set, pmuFam: uncore_sbox
282 [23028125656768] INFO perfrun.perfcollector <> - pmu added: family: uncore_sbox, id: 1
282 [23028125656768] INFO perfrun.perfcollector <> - dir found: /sys/bus/event_source/devices/uncore_cbox_7
283 [23028125656768] INFO perfrun.perfcollector <> - format: event config:0-7 mask:0-7
283 [23028125656768] INFO perfrun.perfcollector <> - format: filter_link config1:6-8 mask:6-8
283 [23028125656768] INFO perfrun.perfcollector <> - format: filter_c6 config1:61 mask:61
284 [23028125656768] INFO perfrun.perfcollector <> - format: edge config:18 mask:18
284 [23028125656768] INFO perfrun.perfcollector <> - format: filter_isoc config1:63 mask:63
284 [23028125656768] INFO perfrun.perfcollector <> - format: filter_tid config1:0-5 mask:0-5
284 [23028125656768] INFO perfrun.perfcollector <> - format: filter_nid config1:32-47 mask:32-47
285 [23028125656768] INFO perfrun.perfcollector <> - format: filter_nc config1:62 mask:62
285 [23028125656768] INFO perfrun.perfcollector <> - format: umask config:8-15 mask:8-15
285 [23028125656768] INFO perfrun.perfcollector <> - format: tid_en config:19 mask:19
286 [23028125656768] INFO perfrun.perfcollector <> - format: thresh config:24-31 mask:24-31
286 [23028125656768] INFO perfrun.perfcollector <> - format: filter_state config1:17-23 mask:17-23
286 [23028125656768] INFO perfrun.perfcollector <> - format: filter_opc config1:52-60 mask:52-60
286 [23028125656768] INFO perfrun.perfcollector <> - hwInfo: PERF_CBOX_PMU_DETAILS
286 [23028125656768] INFO perfrun.perfcollector <> - pmu added: family: uncore_cbox, id: 7
287 [23028125656768] INFO perfrun.perfcollector <> - dir found: /sys/bus/event_source/devices/uncore_cbox_12
287 [23028125656768] INFO perfrun.perfcollector <> - format: event config:0-7 mask:0-7
287 [23028125656768] INFO perfrun.perfcollector <> - format: filter_link config1:6-8 mask:6-8
288 [23028125656768] INFO perfrun.perfcollector <> - format: filter_c6 config1:61 mask:61
288 [23028125656768] INFO perfrun.perfcollector <> - format: edge config:18 mask:18
288 [23028125656768] INFO perfrun.perfcollector <> - format: filter_isoc config1:63 mask:63
289 [23028125656768] INFO perfrun.perfcollector <> - format: filter_tid config1:0-5 mask:0-5
289 [23028125656768] INFO perfrun.perfcollector <> - format: filter_nid config1:32-47 mask:32-47
289 [23028125656768] INFO perfrun.perfcollector <> - format: filter_nc config1:62 mask:62
289 [23028125656768] INFO perfrun.perfcollector <> - format: umask config:8-15 mask:8-15
290 [23028125656768] INFO perfrun.perfcollector <> - format: tid_en config:19 mask:19
290 [23028125656768] INFO perfrun.perfcollector <> - format: thresh config:24-31 mask:24-31
290 [23028125656768] INFO perfrun.perfcollector <> - format: filter_state config1:17-23 mask:17-23
291 [23028125656768] INFO perfrun.perfcollector <> - format: filter_opc config1:52-60 mask:52-60
291 [23028125656768] INFO perfrun.perfcollector <> - hwInfo: PERF_CBOX_PMU_DETAILS
291 [23028125656768] INFO perfrun.perfcollector <> - pmu added: family: uncore_cbox, id: 12
291 [23028125656768] INFO perfrun.perfcollector <> - dir found: /sys/bus/event_source/devices/kprobe
292 [23028125656768] INFO perfrun.perfcollector <> - format: retprobe config:0 mask:0
292 [23028125656768] INFO perfrun.perfcollector <> - hwInfo: not set, pmuFam: kprobe
292 [23028125656768] INFO perfrun.perfcollector <> - pmu added: family: kprobe, id: 0
292 [23028125656768] INFO perfrun.perfcollector <> - dir found: /sys/bus/event_source/devices/uncore_qpi_0
293 [23028125656768] INFO perfrun.perfcollector <> - format: mask_rnid4 config2:31 mask:31
293 [23028125656768] INFO perfrun.perfcollector <> - format: mask_rnid30 config2:32-35 mask:32-35
293 [23028125656768] INFO perfrun.perfcollector <> - format: match_rnid30 config1:32-35 mask:32-35
293 [23028125656768] INFO perfrun.perfcollector <> - format: event config:0-7,21 mask:0-7,21
294 [23028125656768] INFO perfrun.perfcollector <> - format: match0 config1:0-31 mask:0-31
294 [23028125656768] INFO perfrun.perfcollector <> - format: match_rds config1:48-51 mask:48-51
294 [23028125656768] INFO perfrun.perfcollector <> - format: mask_rds config2:48-51 mask:48-51
295 [23028125656768] INFO perfrun.perfcollector <> - format: edge config:18 mask:18
295 [23028125656768] INFO perfrun.perfcollector <> - format: mask1 config2:32-63 mask:32-63
295 [23028125656768] INFO perfrun.perfcollector <> - format: match_dnid config1:13-17 mask:13-17
295 [23028125656768] INFO perfrun.perfcollector <> - format: mask_dnid config2:13-17 mask:13-17
296 [23028125656768] INFO perfrun.perfcollector <> - format: match_vnw config1:3-4 mask:3-4
296 [23028125656768] INFO perfrun.perfcollector <> - format: mask_vnw config2:3-4 mask:3-4
296 [23028125656768] INFO perfrun.perfcollector <> - format: mask_mc config2:9-12 mask:9-12
296 [23028125656768] INFO perfrun.perfcollector <> - format: match1 config1:32-63 mask:32-63
297 [23028125656768] INFO perfrun.perfcollector <> - format: inv config:23 mask:23
297 [23028125656768] INFO perfrun.perfcollector <> - format: umask config:8-15 mask:8-15
297 [23028125656768] INFO perfrun.perfcollector <> - format: match_opc config1:5-8 mask:5-8
297 [23028125656768] INFO perfrun.perfcollector <> - format: mask_opc config2:5-8 mask:5-8
298 [23028125656768] INFO perfrun.perfcollector <> - format: thresh config:24-31 mask:24-31
298 [23028125656768] INFO perfrun.perfcollector <> - format: match_rnid4 config1:31 mask:31
298 [23028125656768] INFO perfrun.perfcollector <> - format: mask0 config2:0-31 mask:0-31
298 [23028125656768] INFO perfrun.perfcollector <> - format: match_mc config1:9-12 mask:9-12
299 [23028125656768] INFO perfrun.perfcollector <> - hwInfo: PERF_QPI_PMU_DETAILS
299 [23028125656768] INFO perfrun.perfcollector <> - pmu added: family: uncore_qpi, id: 0
299 [23028125656768] INFO perfrun.perfcollector <> - dir found: /sys/bus/event_source/devices/uncore_cbox_5
300 [23028125656768] INFO perfrun.perfcollector <> - format: event config:0-7 mask:0-7
300 [23028125656768] INFO perfrun.perfcollector <> - format: filter_link config1:6-8 mask:6-8
300 [23028125656768] INFO perfrun.perfcollector <> - format: filter_c6 config1:61 mask:61
300 [23028125656768] INFO perfrun.perfcollector <> - format: edge config:18 mask:18
301 [23028125656768] INFO perfrun.perfcollector <> - format: filter_isoc config1:63 mask:63
301 [23028125656768] INFO perfrun.perfcollector <> - format: filter_tid config1:0-5 mask:0-5
301 [23028125656768] INFO perfrun.perfcollector <> - format: filter_nid config1:32-47 mask:32-47
301 [23028125656768] INFO perfrun.perfcollector <> - format: filter_nc config1:62 mask:62
302 [23028125656768] INFO perfrun.perfcollector <> - format: umask config:8-15 mask:8-15
302 [23028125656768] INFO perfrun.perfcollector <> - format: tid_en config:19 mask:19
302 [23028125656768] INFO perfrun.perfcollector <> - format: thresh config:24-31 mask:24-31
303 [23028125656768] INFO perfrun.perfcollector <> - format: filter_state config1:17-23 mask:17-23
303 [23028125656768] INFO perfrun.perfcollector <> - format: filter_opc config1:52-60 mask:52-60
303 [23028125656768] INFO perfrun.perfcollector <> - hwInfo: PERF_CBOX_PMU_DETAILS
303 [23028125656768] INFO perfrun.perfcollector <> - pmu added: family: uncore_cbox, id: 5
303 [23028125656768] INFO perfrun.perfcollector <> - dir found: /sys/bus/event_source/devices/uncore_imc_0
304 [23028125656768] INFO perfrun.perfcollector <> - format: event config:0-7 mask:0-7
304 [23028125656768] INFO perfrun.perfcollector <> - format: edge config:18 mask:18
305 [23028125656768] INFO perfrun.perfcollector <> - format: inv config:23 mask:23
305 [23028125656768] INFO perfrun.perfcollector <> - format: umask config:8-15 mask:8-15
305 [23028125656768] INFO perfrun.perfcollector <> - format: thresh config:24-31 mask:24-31
305 [23028125656768] INFO perfrun.perfcollector <> - hwInfo: PERF_IMC_PMU_DETAILS
306 [23028125656768] INFO perfrun.perfcollector <> - pmu added: family: uncore_imc, id: 0
306 [23028125656768] INFO perfrun.perfcollector <> - dir found: /sys/bus/event_source/devices/uncore_cbox_10
306 [23028125656768] INFO perfrun.perfcollector <> - format: event config:0-7 mask:0-7
307 [23028125656768] INFO perfrun.perfcollector <> - format: filter_link config1:6-8 mask:6-8
307 [23028125656768] INFO perfrun.perfcollector <> - format: filter_c6 config1:61 mask:61
307 [23028125656768] INFO perfrun.perfcollector <> - format: edge config:18 mask:18
307 [23028125656768] INFO perfrun.perfcollector <> - format: filter_isoc config1:63 mask:63
308 [23028125656768] INFO perfrun.perfcollector <> - format: filter_tid config1:0-5 mask:0-5
308 [23028125656768] INFO perfrun.perfcollector <> - format: filter_nid config1:32-47 mask:32-47
308 [23028125656768] INFO perfrun.perfcollector <> - format: filter_nc config1:62 mask:62
308 [23028125656768] INFO perfrun.perfcollector <> - format: umask config:8-15 mask:8-15
309 [23028125656768] INFO perfrun.perfcollector <> - format: tid_en config:19 mask:19
309 [23028125656768] INFO perfrun.perfcollector <> - format: thresh config:24-31 mask:24-31
309 [23028125656768] INFO perfrun.perfcollector <> - format: filter_state config1:17-23 mask:17-23
310 [23028125656768] INFO perfrun.perfcollector <> - format: filter_opc config1:52-60 mask:52-60
310 [23028125656768] INFO perfrun.perfcollector <> - hwInfo: PERF_CBOX_PMU_DETAILS
310 [23028125656768] INFO perfrun.perfcollector <> - pmu added: family: uncore_cbox, id: 10
310 [23028125656768] INFO perfrun.perfcollector <> - dir found: /sys/bus/event_source/devices/uncore_pcu
311 [23028125656768] INFO perfrun.perfcollector <> - format: filter_band2 config1:16-23 mask:16-23
311 [23028125656768] INFO perfrun.perfcollector <> - format: event config:0-7 mask:0-7
311 [23028125656768] INFO perfrun.perfcollector <> - format: filter_band0 config1:0-7 mask:0-7
311 [23028125656768] INFO perfrun.perfcollector <> - format: edge config:18 mask:18
312 [23028125656768] INFO perfrun.perfcollector <> - format: occ_invert config:30 mask:30
312 [23028125656768] INFO perfrun.perfcollector <> - format: occ_edge config:14-51 mask:14-51
312 [23028125656768] INFO perfrun.perfcollector <> - format: filter_band3 config1:24-31 mask:24-31
312 [23028125656768] INFO perfrun.perfcollector <> - format: filter_band1 config1:8-15 mask:8-15
313 [23028125656768] INFO perfrun.perfcollector <> - format: inv config:23 mask:23
313 [23028125656768] INFO perfrun.perfcollector <> - format: thresh config:24-28 mask:24-28
313 [23028125656768] INFO perfrun.perfcollector <> - format: occ_sel config:14-15 mask:14-15
313 [23028125656768] INFO perfrun.perfcollector <> - hwInfo: not set, pmuFam: uncore_pcu
314 [23028125656768] INFO perfrun.perfcollector <> - pmu added: family: uncore_pcu, id: 0
314 [23028125656768] INFO perfrun.perfcollector <> - dir found: /sys/bus/event_source/devices/uncore_r3qpi_1
314 [23028125656768] INFO perfrun.perfcollector <> - format: event config:0-7 mask:0-7
315 [23028125656768] INFO perfrun.perfcollector <> - format: edge config:18 mask:18
315 [23028125656768] INFO perfrun.perfcollector <> - format: inv config:23 mask:23
315 [23028125656768] INFO perfrun.perfcollector <> - format: umask config:8-15 mask:8-15
316 [23028125656768] INFO perfrun.perfcollector <> - format: thresh config:24-31 mask:24-31
316 [23028125656768] INFO perfrun.perfcollector <> - hwInfo: not set, pmuFam: uncore_r3qpi
316 [23028125656768] INFO perfrun.perfcollector <> - pmu added: family: uncore_r3qpi, id: 1
316 [23028125656768] INFO perfrun.perfcollector <> - dir found: /sys/bus/event_source/devices/msr
317 [23028125656768] INFO perfrun.perfcollector <> - format: event config:0-63 mask:0-63
317 [23028125656768] INFO perfrun.perfcollector <> - hwInfo: not set, pmuFam: msr
317 [23028125656768] INFO perfrun.perfcollector <> - pmu added: family: msr, id: 0
317 [23028125656768] INFO perfrun.perfcollector <> - dir found: /sys/bus/event_source/devices/uncore_cbox_3
318 [23028125656768] INFO perfrun.perfcollector <> - format: event config:0-7 mask:0-7
318 [23028125656768] INFO perfrun.perfcollector <> - format: filter_link config1:6-8 mask:6-8
318 [23028125656768] INFO perfrun.perfcollector <> - format: filter_c6 config1:61 mask:61
319 [23028125656768] INFO perfrun.perfcollector <> - format: edge config:18 mask:18
319 [23028125656768] INFO perfrun.perfcollector <> - format: filter_isoc config1:63 mask:63
319 [23028125656768] INFO perfrun.perfcollector <> - format: filter_tid config1:0-5 mask:0-5
319 [23028125656768] INFO perfrun.perfcollector <> - format: filter_nid config1:32-47 mask:32-47
320 [23028125656768] INFO perfrun.perfcollector <> - format: filter_nc config1:62 mask:62
320 [23028125656768] INFO perfrun.perfcollector <> - format: umask config:8-15 mask:8-15
320 [23028125656768] INFO perfrun.perfcollector <> - format: tid_en config:19 mask:19
320 [23028125656768] INFO perfrun.perfcollector <> - format: thresh config:24-31 mask:24-31
321 [23028125656768] INFO perfrun.perfcollector <> - format: filter_state config1:17-23 mask:17-23
321 [23028125656768] INFO perfrun.perfcollector <> - format: filter_opc config1:52-60 mask:52-60
321 [23028125656768] INFO perfrun.perfcollector <> - hwInfo: PERF_CBOX_PMU_DETAILS
321 [23028125656768] INFO perfrun.perfcollector <> - pmu added: family: uncore_cbox, id: 3
322 [23028125656768] INFO perfrun.perfcollector <> - dir found: /sys/bus/event_source/devices/intel_pt
322 [23028125656768] INFO perfrun.perfcollector <> - format: ptw config:12 mask:12
322 [23028125656768] INFO perfrun.perfcollector <> - format: event config:31 mask:31
323 [23028125656768] INFO perfrun.perfcollector <> - format: cyc_thresh config:19-22 mask:19-22
323 [23028125656768] INFO perfrun.perfcollector <> - format: pt config:0 mask:0
323 [23028125656768] INFO perfrun.perfcollector <> - format: notnt config:55 mask:55
324 [23028125656768] INFO perfrun.perfcollector <> - format: branch config:13 mask:13
324 [23028125656768] INFO perfrun.perfcollector <> - format: tsc config:10 mask:10
324 [23028125656768] INFO perfrun.perfcollector <> - format: pwr_evt config:4 mask:4
324 [23028125656768] INFO perfrun.perfcollector <> - format: fup_on_ptw config:5 mask:5
325 [23028125656768] INFO perfrun.perfcollector <> - format: cyc config:1 mask:1
325 [23028125656768] INFO perfrun.perfcollector <> - format: noretcomp config:11 mask:11
325 [23028125656768] INFO perfrun.perfcollector <> - format: mtc config:9 mask:9
326 [23028125656768] INFO perfrun.perfcollector <> - format: psb_period config:24-27 mask:24-27
326 [23028125656768] INFO perfrun.perfcollector <> - format: mtc_period config:14-17 mask:14-17
326 [23028125656768] INFO perfrun.perfcollector <> - hwInfo: not set, pmuFam: intel_pt
326 [23028125656768] INFO perfrun.perfcollector <> - pmu added: family: intel_pt, id: 0
326 [23028125656768] INFO perfrun.perfcollector <> - dir found: /sys/bus/event_source/devices/uncore_ha_1
327 [23028125656768] INFO perfrun.perfcollector <> - format: event config:0-7 mask:0-7
327 [23028125656768] INFO perfrun.perfcollector <> - format: edge config:18 mask:18
327 [23028125656768] INFO perfrun.perfcollector <> - format: inv config:23 mask:23
328 [23028125656768] INFO perfrun.perfcollector <> - format: umask config:8-15 mask:8-15
328 [23028125656768] INFO perfrun.perfcollector <> - format: thresh config:24-31 mask:24-31
328 [23028125656768] INFO perfrun.perfcollector <> - hwInfo: not set, pmuFam: uncore_ha
328 [23028125656768] INFO perfrun.perfcollector <> - pmu added: family: uncore_ha, id: 1
328 [23028125656768] INFO perfrun.perfcollector <> - dir found: /sys/bus/event_source/devices/uncore_cbox_1
329 [23028125656768] INFO perfrun.perfcollector <> - format: event config:0-7 mask:0-7
329 [23028125656768] INFO perfrun.perfcollector <> - format: filter_link config1:6-8 mask:6-8
329 [23028125656768] INFO perfrun.perfcollector <> - format: filter_c6 config1:61 mask:61
330 [23028125656768] INFO perfrun.perfcollector <> - format: edge config:18 mask:18
330 [23028125656768] INFO perfrun.perfcollector <> - format: filter_isoc config1:63 mask:63
330 [23028125656768] INFO perfrun.perfcollector <> - format: filter_tid config1:0-5 mask:0-5
330 [23028125656768] INFO perfrun.perfcollector <> - format: filter_nid config1:32-47 mask:32-47
331 [23028125656768] INFO perfrun.perfcollector <> - format: filter_nc config1:62 mask:62
331 [23028125656768] INFO perfrun.perfcollector <> - format: umask config:8-15 mask:8-15
331 [23028125656768] INFO perfrun.perfcollector <> - format: tid_en config:19 mask:19
331 [23028125656768] INFO perfrun.perfcollector <> - format: thresh config:24-31 mask:24-31
331 [23028125656768] INFO perfrun.perfcollector <> - format: filter_state config1:17-23 mask:17-23
331 [23028125656768] INFO perfrun.perfcollector <> - format: filter_opc config1:52-60 mask:52-60
331 [23028125656768] INFO perfrun.perfcollector <> - hwInfo: PERF_CBOX_PMU_DETAILS
332 [23028125656768] INFO perfrun.perfcollector <> - pmu added: family: uncore_cbox, id: 1
332 [23028125656768] INFO perfrun.sdk <> - runCmd: /opt/intel/oneapi/vtune/2023.1.0/bin64/sep -dry-run -sam 1 -ec CPU_CLK_UNHALTED.THREAD,CPU_CLK_UNHALTED.REF_TSC:sample:sa=2400000,INST_RETIRED.ANY:sample:sa=2400000,CPU_CLK_UNHALTED.REF_XCLK,CPU_CLK_UNHALTED.ONE_THREAD_ACTIVE,FP_ARITH_INST_RETIRED.SCALAR_SINGLE,FP_ARITH_INST_RETIRED.128B_PACKED_SINGLE,FP_ARITH_INST_RETIRED.256B_PACKED_SINGLE,FP_ARITH_INST_RETIRED.SCALAR_DOUBLE,FP_ARITH_INST_RETIRED.128B_PACKED_DOUBLE,FP_ARITH_INST_RETIRED.256B_PACKED_DOUBLE,INST_RETIRED.X87,UOPS_RETIRED.RETIRE_SLOTS:sample:sa=2000003 -experimental
332 [23028125656768] INFO perfrun.sdk <> - runCmd started PID 3362801
421 [23028125656768] INFO perfrun.perfcollector <> - SepDryRun RC = true
424 [23028125656768] INFO perfrun.perfcollector <> - DRY_RUN: "PMU type: Core (core)"
424 [23028125656768] INFO perfrun.perfcollector <> - pmu type: cpu
424 [23028125656768] INFO perfrun.perfcollector <> - DRY_RUN: "Group 0:"
424 [23028125656768] INFO perfrun.perfcollector <> - id: 0
424 [23028125656768] INFO perfrun.perfcollector <> - DRY_RUN: "INST_RETIRED.ANY: event id 2"
424 [23028125656768] INFO perfrun.perfcollector <> - eventName: INST_RETIRED.ANY, eventId: 2
424 [23028125656768] INFO perfrun.perfcollector <> - DRY_RUN: "CPU_CLK_UNHALTED.THREAD: event id 0"
424 [23028125656768] INFO perfrun.perfcollector <> - eventName: CPU_CLK_UNHALTED.THREAD, eventId: 0
424 [23028125656768] INFO perfrun.perfcollector <> - DRY_RUN: "CPU_CLK_UNHALTED.REF_TSC: event id 1"
424 [23028125656768] INFO perfrun.perfcollector <> - eventName: CPU_CLK_UNHALTED.REF_TSC, eventId: 1
424 [23028125656768] INFO perfrun.perfcollector <> - DRY_RUN: "FP_ARITH_INST_RETIRED.SCALAR_SINGLE: event id 5"
424 [23028125656768] INFO perfrun.perfcollector <> - eventName: FP_ARITH_INST_RETIRED.SCALAR_SINGLE, eventId: 5
425 [23028125656768] INFO perfrun.perfcollector <> - DRY_RUN: "FP_ARITH_INST_RETIRED.128B_PACKED_SINGLE: event id 6"
425 [23028125656768] INFO perfrun.perfcollector <> - eventName: FP_ARITH_INST_RETIRED.128B_PACKED_SINGLE, eventId: 6
425 [23028125656768] INFO perfrun.perfcollector <> - DRY_RUN: "FP_ARITH_INST_RETIRED.256B_PACKED_SINGLE: event id 7"
425 [23028125656768] INFO perfrun.perfcollector <> - eventName: FP_ARITH_INST_RETIRED.256B_PACKED_SINGLE, eventId: 7
425 [23028125656768] INFO perfrun.perfcollector <> - DRY_RUN: "FP_ARITH_INST_RETIRED.SCALAR_DOUBLE: event id 8"
425 [23028125656768] INFO perfrun.perfcollector <> - eventName: FP_ARITH_INST_RETIRED.SCALAR_DOUBLE, eventId: 8
425 [23028125656768] INFO perfrun.perfcollector <> - DRY_RUN: "CPU_CLK_UNHALTED.REF_XCLK: event id 3"
425 [23028125656768] INFO perfrun.perfcollector <> - eventName: CPU_CLK_UNHALTED.REF_XCLK, eventId: 3
425 [23028125656768] INFO perfrun.perfcollector <> - DRY_RUN: "CPU_CLK_UNHALTED.ONE_THREAD_ACTIVE: event id 4"
425 [23028125656768] INFO perfrun.perfcollector <> - eventName: CPU_CLK_UNHALTED.ONE_THREAD_ACTIVE, eventId: 4
425 [23028125656768] INFO perfrun.perfcollector <> - DRY_RUN: "INST_RETIRED.X87: event id 11"
425 [23028125656768] INFO perfrun.perfcollector <> - eventName: INST_RETIRED.X87, eventId: 11
425 [23028125656768] INFO perfrun.perfcollector <> - DRY_RUN: "UOPS_RETIRED.RETIRE_SLOTS: event id 12"
425 [23028125656768] INFO perfrun.perfcollector <> - eventName: UOPS_RETIRED.RETIRE_SLOTS, eventId: 12
425 [23028125656768] INFO perfrun.perfcollector <> - DRY_RUN: "CCCR"
425 [23028125656768] INFO perfrun.perfcollector <> - DRY_RUN: "reg_type       = 1	event_id       = g	reg_id         = 38f	reg_value      = 7000000ff"
425 [23028125656768] INFO perfrun.perfcollector <> - eventId: g, skip parsing event_id
425 [23028125656768] INFO perfrun.perfcollector <> - Register was ignored: group_id: 0, reg_type: 1, event_id: 4294967295, reg_id: 38f, reg_value: 7000000ff, pmu_name: cpu
425 [23028125656768] INFO perfrun.perfcollector <> - DRY_RUN: "reg_type       = 1	event_id       = g	reg_id         = 390	reg_value      = 7000000ff"
425 [23028125656768] INFO perfrun.perfcollector <> - eventId: g, skip parsing event_id
425 [23028125656768] INFO perfrun.perfcollector <> - Register was ignored: group_id: 0, reg_type: 1, event_id: 4294967295, reg_id: 390, reg_value: 7000000ff, pmu_name: cpu
425 [23028125656768] INFO perfrun.perfcollector <> - DRY_RUN: "reg_type       = 1	event_id       = g	reg_id         = 3f1	reg_value      = 0"
425 [23028125656768] INFO perfrun.perfcollector <> - eventId: g, skip parsing event_id
425 [23028125656768] INFO perfrun.perfcollector <> - Register was ignored: group_id: 0, reg_type: 1, event_id: 4294967295, reg_id: 3f1, reg_value: 0, pmu_name: cpu
425 [23028125656768] INFO perfrun.perfcollector <> - DRY_RUN: "reg_type       = 1	event_id       = g	reg_id         = 1d9	reg_value      = 1800"
425 [23028125656768] INFO perfrun.perfcollector <> - eventId: g, skip parsing event_id
425 [23028125656768] INFO perfrun.perfcollector <> - Register was ignored: group_id: 0, reg_type: 1, event_id: 4294967295, reg_id: 1d9, reg_value: 1800, pmu_name: cpu
425 [23028125656768] INFO perfrun.perfcollector <> - DRY_RUN: "reg_type       = 1	event_id       = g	reg_id         = 38d	reg_value      = bbb"
425 [23028125656768] INFO perfrun.perfcollector <> - eventId: g, skip parsing event_id
425 [23028125656768] INFO perfrun.perfcollector <> - Register was ignored: group_id: 0, reg_type: 1, event_id: 4294967295, reg_id: 38d, reg_value: bbb, pmu_name: cpu
425 [23028125656768] INFO perfrun.perfcollector <> - DRY_RUN: "reg_type       = 1	event_id       = 5	reg_id         = 186	reg_value      = 5302c7"
425 [23028125656768] INFO perfrun.perfcollector <> - Event selector: group_id: 0, reg_type: 1, event_id: 5, reg_id: 186, reg_value: 5302c7, pmu_name: cpu
425 [23028125656768] INFO perfrun.perfcollector <> - DRY_RUN: "reg_type       = 1	event_id       = 6	reg_id         = 187	reg_value      = 5308c7"
425 [23028125656768] INFO perfrun.perfcollector <> - Event selector: group_id: 0, reg_type: 1, event_id: 6, reg_id: 187, reg_value: 5308c7, pmu_name: cpu
425 [23028125656768] INFO perfrun.perfcollector <> - DRY_RUN: "reg_type       = 1	event_id       = 7	reg_id         = 188	reg_value      = 5320c7"
425 [23028125656768] INFO perfrun.perfcollector <> - Event selector: group_id: 0, reg_type: 1, event_id: 7, reg_id: 188, reg_value: 5320c7, pmu_name: cpu
425 [23028125656768] INFO perfrun.perfcollector <> - DRY_RUN: "reg_type       = 1	event_id       = 8	reg_id         = 189	reg_value      = 5301c7"
425 [23028125656768] INFO perfrun.perfcollector <> - Event selector: group_id: 0, reg_type: 1, event_id: 8, reg_id: 189, reg_value: 5301c7, pmu_name: cpu
425 [23028125656768] INFO perfrun.perfcollector <> - DRY_RUN: "reg_type       = 1	event_id       = 3	reg_id         = 18a	reg_value      = 53013c"
425 [23028125656768] INFO perfrun.perfcollector <> - Event selector: group_id: 0, reg_type: 1, event_id: 3, reg_id: 18a, reg_value: 53013c, pmu_name: cpu
425 [23028125656768] INFO perfrun.perfcollector <> - DRY_RUN: "reg_type       = 1	event_id       = 4	reg_id         = 18b	reg_value      = 53023c"
425 [23028125656768] INFO perfrun.perfcollector <> - Event selector: group_id: 0, reg_type: 1, event_id: 4, reg_id: 18b, reg_value: 53023c, pmu_name: cpu
425 [23028125656768] INFO perfrun.perfcollector <> - DRY_RUN: "reg_type       = 1	event_id       = 11	reg_id         = 18c	reg_value      = 5302c0"
425 [23028125656768] INFO perfrun.perfcollector <> - Event selector: group_id: 0, reg_type: 1, event_id: 11, reg_id: 18c, reg_value: 5302c0, pmu_name: cpu
425 [23028125656768] INFO perfrun.perfcollector <> - DRY_RUN: "reg_type       = 1	event_id       = 12	reg_id         = 18d	reg_value      = 5302c2"
425 [23028125656768] INFO perfrun.perfcollector <> - Event selector: group_id: 0, reg_type: 1, event_id: 12, reg_id: 18d, reg_value: 5302c2, pmu_name: cpu
425 [23028125656768] INFO perfrun.perfcollector <> - DRY_RUN: "ESCR"
425 [23028125656768] INFO perfrun.perfcollector <> - DRY_RUN: "reg_type       = 2	event_id       = g	reg_id         = 1c8	reg_value      = 0"
425 [23028125656768] INFO perfrun.perfcollector <> - eventId: g, skip parsing event_id
425 [23028125656768] INFO perfrun.perfcollector <> - DRY_RUN: "DATA"
425 [23028125656768] INFO perfrun.perfcollector <> - DRY_RUN: "reg_type       = 4	event_id       = 2	reg_id         = 309	reg_value      = ffffffdb6100"
425 [23028125656768] INFO perfrun.perfcollector <> - eventId: 2, dataAddr: 309, dataVal: ffffffdb6100
425 [23028125656768] INFO perfrun.perfcollector <> - DRY_RUN: "reg_type       = 4	event_id       = 0	reg_id         = 30a	reg_value      = ffffffe17b7d"
425 [23028125656768] INFO perfrun.perfcollector <> - eventId: 0, dataAddr: 30a, dataVal: ffffffe17b7d
425 [23028125656768] INFO perfrun.perfcollector <> - DRY_RUN: "reg_type       = 4	event_id       = 1	reg_id         = 30b	reg_value      = ffffffdb6100"
425 [23028125656768] INFO perfrun.perfcollector <> - eventId: 1, dataAddr: 30b, dataVal: ffffffdb6100
425 [23028125656768] INFO perfrun.perfcollector <> - DRY_RUN: "reg_type       = 4	event_id       = 5	reg_id         = c1	reg_value      = ffffffe17b7d"
425 [23028125656768] INFO perfrun.perfcollector <> - eventId: 5, dataAddr: c1, dataVal: ffffffe17b7d
425 [23028125656768] INFO perfrun.perfcollector <> - DRY_RUN: "reg_type       = 4	event_id       = 6	reg_id         = c2	reg_value      = ffffffe17b7d"
425 [23028125656768] INFO perfrun.perfcollector <> - eventId: 6, dataAddr: c2, dataVal: ffffffe17b7d
425 [23028125656768] INFO perfrun.perfcollector <> - DRY_RUN: "reg_type       = 4	event_id       = 7	reg_id         = c3	reg_value      = ffffffe17b7d"
425 [23028125656768] INFO perfrun.perfcollector <> - eventId: 7, dataAddr: c3, dataVal: ffffffe17b7d
425 [23028125656768] INFO perfrun.perfcollector <> - DRY_RUN: "reg_type       = 4	event_id       = 8	reg_id         = c4	reg_value      = ffffffe17b7d"
425 [23028125656768] INFO perfrun.perfcollector <> - eventId: 8, dataAddr: c4, dataVal: ffffffe17b7d
425 [23028125656768] INFO perfrun.perfcollector <> - DRY_RUN: "reg_type       = 4	event_id       = 3	reg_id         = c5	reg_value      = fffffffe795d"
425 [23028125656768] INFO perfrun.perfcollector <> - eventId: 3, dataAddr: c5, dataVal: fffffffe795d
425 [23028125656768] INFO perfrun.perfcollector <> - DRY_RUN: "reg_type       = 4	event_id       = 4	reg_id         = c6	reg_value      = fffffffe795d"
425 [23028125656768] INFO perfrun.perfcollector <> - eventId: 4, dataAddr: c6, dataVal: fffffffe795d
425 [23028125656768] INFO perfrun.perfcollector <> - DRY_RUN: "reg_type       = 4	event_id       = 11	reg_id         = c7	reg_value      = ffffffe17b7d"
425 [23028125656768] INFO perfrun.perfcollector <> - eventId: 11, dataAddr: c7, dataVal: ffffffe17b7d
425 [23028125656768] INFO perfrun.perfcollector <> - DRY_RUN: "reg_type       = 4	event_id       = 12	reg_id         = c8	reg_value      = ffffffe17b7d"
425 [23028125656768] INFO perfrun.perfcollector <> - eventId: 12, dataAddr: c8, dataVal: ffffffe17b7d
425 [23028125656768] INFO perfrun.perfcollector <> - DRY_RUN: "Group 1:"
425 [23028125656768] INFO perfrun.perfcollector <> - id: 1
425 [23028125656768] INFO perfrun.perfcollector <> - DRY_RUN: "INST_RETIRED.ANY: event id 2"
425 [23028125656768] INFO perfrun.perfcollector <> - eventName: INST_RETIRED.ANY, eventId: 2
425 [23028125656768] INFO perfrun.perfcollector <> - DRY_RUN: "CPU_CLK_UNHALTED.THREAD: event id 0"
425 [23028125656768] INFO perfrun.perfcollector <> - eventName: CPU_CLK_UNHALTED.THREAD, eventId: 0
425 [23028125656768] INFO perfrun.perfcollector <> - DRY_RUN: "CPU_CLK_UNHALTED.REF_TSC: event id 1"
425 [23028125656768] INFO perfrun.perfcollector <> - eventName: CPU_CLK_UNHALTED.REF_TSC, eventId: 1
425 [23028125656768] INFO perfrun.perfcollector <> - DRY_RUN: "FP_ARITH_INST_RETIRED.128B_PACKED_DOUBLE: event id 9"
425 [23028125656768] INFO perfrun.perfcollector <> - eventName: FP_ARITH_INST_RETIRED.128B_PACKED_DOUBLE, eventId: 9
425 [23028125656768] INFO perfrun.perfcollector <> - DRY_RUN: "FP_ARITH_INST_RETIRED.256B_PACKED_DOUBLE: event id 10"
425 [23028125656768] INFO perfrun.perfcollector <> - eventName: FP_ARITH_INST_RETIRED.256B_PACKED_DOUBLE, eventId: 10
425 [23028125656768] INFO perfrun.perfcollector <> - DRY_RUN: "CCCR"
425 [23028125656768] INFO perfrun.perfcollector <> - DRY_RUN: "reg_type       = 1	event_id       = g	reg_id         = 38f	reg_value      = 700000003"
425 [23028125656768] INFO perfrun.perfcollector <> - eventId: g, skip parsing event_id
425 [23028125656768] INFO perfrun.perfcollector <> - Register was ignored: group_id: 1, reg_type: 1, event_id: 4294967295, reg_id: 38f, reg_value: 700000003, pmu_name: cpu
425 [23028125656768] INFO perfrun.perfcollector <> - DRY_RUN: "reg_type       = 1	event_id       = g	reg_id         = 390	reg_value      = 700000003"
425 [23028125656768] INFO perfrun.perfcollector <> - eventId: g, skip parsing event_id
425 [23028125656768] INFO perfrun.perfcollector <> - Register was ignored: group_id: 1, reg_type: 1, event_id: 4294967295, reg_id: 390, reg_value: 700000003, pmu_name: cpu
425 [23028125656768] INFO perfrun.perfcollector <> - DRY_RUN: "reg_type       = 1	event_id       = g	reg_id         = 3f1	reg_value      = 0"
425 [23028125656768] INFO perfrun.perfcollector <> - eventId: g, skip parsing event_id
425 [23028125656768] INFO perfrun.perfcollector <> - Register was ignored: group_id: 1, reg_type: 1, event_id: 4294967295, reg_id: 3f1, reg_value: 0, pmu_name: cpu
425 [23028125656768] INFO perfrun.perfcollector <> - DRY_RUN: "reg_type       = 1	event_id       = g	reg_id         = 1d9	reg_value      = 1800"
425 [23028125656768] INFO perfrun.perfcollector <> - eventId: g, skip parsing event_id
425 [23028125656768] INFO perfrun.perfcollector <> - Register was ignored: group_id: 1, reg_type: 1, event_id: 4294967295, reg_id: 1d9, reg_value: 1800, pmu_name: cpu
425 [23028125656768] INFO perfrun.perfcollector <> - DRY_RUN: "reg_type       = 1	event_id       = g	reg_id         = 38d	reg_value      = bbb"
425 [23028125656768] INFO perfrun.perfcollector <> - eventId: g, skip parsing event_id
425 [23028125656768] INFO perfrun.perfcollector <> - Register was ignored: group_id: 1, reg_type: 1, event_id: 4294967295, reg_id: 38d, reg_value: bbb, pmu_name: cpu
425 [23028125656768] INFO perfrun.perfcollector <> - DRY_RUN: "reg_type       = 1	event_id       = 9	reg_id         = 186	reg_value      = 5304c7"
425 [23028125656768] INFO perfrun.perfcollector <> - Event selector: group_id: 1, reg_type: 1, event_id: 9, reg_id: 186, reg_value: 5304c7, pmu_name: cpu
425 [23028125656768] INFO perfrun.perfcollector <> - DRY_RUN: "reg_type       = 1	event_id       = 10	reg_id         = 187	reg_value      = 5310c7"
425 [23028125656768] INFO perfrun.perfcollector <> - Event selector: group_id: 1, reg_type: 1, event_id: 10, reg_id: 187, reg_value: 5310c7, pmu_name: cpu
425 [23028125656768] INFO perfrun.perfcollector <> - DRY_RUN: "ESCR"
425 [23028125656768] INFO perfrun.perfcollector <> - DRY_RUN: "reg_type       = 2	event_id       = g	reg_id         = 1c8	reg_value      = 0"
425 [23028125656768] INFO perfrun.perfcollector <> - eventId: g, skip parsing event_id
425 [23028125656768] INFO perfrun.perfcollector <> - DRY_RUN: "DATA"
425 [23028125656768] INFO perfrun.perfcollector <> - DRY_RUN: "reg_type       = 4	event_id       = 2	reg_id         = 309	reg_value      = ffffffdb6100"
425 [23028125656768] INFO perfrun.perfcollector <> - eventId: 2, dataAddr: 309, dataVal: ffffffdb6100
425 [23028125656768] INFO perfrun.perfcollector <> - DRY_RUN: "reg_type       = 4	event_id       = 0	reg_id         = 30a	reg_value      = ffffffe17b7d"
425 [23028125656768] INFO perfrun.perfcollector <> - eventId: 0, dataAddr: 30a, dataVal: ffffffe17b7d
425 [23028125656768] INFO perfrun.perfcollector <> - DRY_RUN: "reg_type       = 4	event_id       = 1	reg_id         = 30b	reg_value      = ffffffdb6100"
425 [23028125656768] INFO perfrun.perfcollector <> - eventId: 1, dataAddr: 30b, dataVal: ffffffdb6100
425 [23028125656768] INFO perfrun.perfcollector <> - DRY_RUN: "reg_type       = 4	event_id       = 9	reg_id         = c1	reg_value      = ffffffe17b7d"
425 [23028125656768] INFO perfrun.perfcollector <> - eventId: 9, dataAddr: c1, dataVal: ffffffe17b7d
425 [23028125656768] INFO perfrun.perfcollector <> - DRY_RUN: "reg_type       = 4	event_id       = 10	reg_id         = c2	reg_value      = ffffffe17b7d"
425 [23028125656768] INFO perfrun.perfcollector <> - eventId: 10, dataAddr: c2, dataVal: ffffffe17b7d
425 [23028125656768] INFO perfrun.perfcollector <> - event name: CPU_CLK_UNHALTED.THREAD
425 [23028125656768] INFO perfrun.perfcollector <> - pmu config: cpu
425 [23028125656768] INFO perfrun.perfcollector <> - cccrAddr: ffffffff, cccrValue: 0
425 [23028125656768] INFO perfrun.perfcollector <> - dataAddr: 30a, dataValue: ffffffffffe17b7d
425 [23028125656768] INFO perfrun.perfcollector <> - escrAddr: ffffffff, escrValue: 0
425 [23028125656768] INFO perfrun.perfcollector <> - extendedPebsValue: 0
425 [23028125656768] INFO perfrun.perfcollector <> - adaptivePebsAvailable: 0
425 [23028125656768] INFO perfrun.perfcollector <> - config: event: 3c
425 [23028125656768] INFO perfrun.perfcollector <> - config: pc: 0
425 [23028125656768] INFO perfrun.perfcollector <> - config: in_tx: 0
425 [23028125656768] INFO perfrun.perfcollector <> - config: edge: 0
425 [23028125656768] INFO perfrun.perfcollector <> - config: any: 0
425 [23028125656768] INFO perfrun.perfcollector <> - config1: offcore_rsp: 0
425 [23028125656768] INFO perfrun.perfcollector <> - config: in_tx_cp: 0
425 [23028125656768] INFO perfrun.perfcollector <> - config1: ldlat: 0
425 [23028125656768] INFO perfrun.perfcollector <> - config: inv: 0
425 [23028125656768] INFO perfrun.perfcollector <> - config: umask: 0
425 [23028125656768] INFO perfrun.perfcollector <> - config: cmask: 0
425 [23028125656768] INFO perfrun.perfcollector <> - format: cpu/event=0x3c,name='CPU_CLK_UNHALTED.THREAD'/D
425 [23028125656768] INFO perfrun.perfcollector <> - event name: CPU_CLK_UNHALTED.REF_TSC
425 [23028125656768] INFO perfrun.perfcollector <> - pmu config: cpu
425 [23028125656768] INFO perfrun.perfcollector <> - cccrAddr: ffffffff, cccrValue: 0
425 [23028125656768] INFO perfrun.perfcollector <> - dataAddr: 30b, dataValue: ffffffffffdb6100
425 [23028125656768] INFO perfrun.perfcollector <> - escrAddr: ffffffff, escrValue: 0
425 [23028125656768] INFO perfrun.perfcollector <> - extendedPebsValue: 0
425 [23028125656768] INFO perfrun.perfcollector <> - adaptivePebsAvailable: 0
425 [23028125656768] INFO perfrun.perfcollector <> - config: event: 0
425 [23028125656768] INFO perfrun.perfcollector <> - config: pc: 0
425 [23028125656768] INFO perfrun.perfcollector <> - config: in_tx: 0
425 [23028125656768] INFO perfrun.perfcollector <> - config: edge: 0
425 [23028125656768] INFO perfrun.perfcollector <> - config: any: 0
425 [23028125656768] INFO perfrun.perfcollector <> - config1: offcore_rsp: 0
425 [23028125656768] INFO perfrun.perfcollector <> - config: in_tx_cp: 0
425 [23028125656768] INFO perfrun.perfcollector <> - config1: ldlat: 0
425 [23028125656768] INFO perfrun.perfcollector <> - config: inv: 0
425 [23028125656768] INFO perfrun.perfcollector <> - config: umask: 3
425 [23028125656768] INFO perfrun.perfcollector <> - config: cmask: 0
425 [23028125656768] INFO perfrun.perfcollector <> - format: cpu/umask=0x3,name='CPU_CLK_UNHALTED.REF_TSC'/D
425 [23028125656768] INFO perfrun.perfcollector <> - event name: INST_RETIRED.ANY
425 [23028125656768] INFO perfrun.perfcollector <> - pmu config: cpu
425 [23028125656768] INFO perfrun.perfcollector <> - cccrAddr: ffffffff, cccrValue: 0
425 [23028125656768] INFO perfrun.perfcollector <> - dataAddr: 309, dataValue: ffffffffffdb6100
425 [23028125656768] INFO perfrun.perfcollector <> - escrAddr: ffffffff, escrValue: 0
425 [23028125656768] INFO perfrun.perfcollector <> - extendedPebsValue: 0
425 [23028125656768] INFO perfrun.perfcollector <> - adaptivePebsAvailable: 0
425 [23028125656768] INFO perfrun.perfcollector <> - config: event: c0
425 [23028125656768] INFO perfrun.perfcollector <> - config: pc: 0
425 [23028125656768] INFO perfrun.perfcollector <> - config: in_tx: 0
425 [23028125656768] INFO perfrun.perfcollector <> - config: edge: 0
425 [23028125656768] INFO perfrun.perfcollector <> - config: any: 0
425 [23028125656768] INFO perfrun.perfcollector <> - config1: offcore_rsp: 0
425 [23028125656768] INFO perfrun.perfcollector <> - config: in_tx_cp: 0
425 [23028125656768] INFO perfrun.perfcollector <> - config1: ldlat: 0
425 [23028125656768] INFO perfrun.perfcollector <> - config: inv: 0
425 [23028125656768] INFO perfrun.perfcollector <> - config: umask: 0
425 [23028125656768] INFO perfrun.perfcollector <> - config: cmask: 0
425 [23028125656768] INFO perfrun.perfcollector <> - format: cpu/event=0xc0,name='INST_RETIRED.ANY'/D
425 [23028125656768] INFO perfrun.perfcollector <> - event name: FP_ARITH_INST_RETIRED.SCALAR_SINGLE
425 [23028125656768] INFO perfrun.perfcollector <> - pmu config: cpu
425 [23028125656768] INFO perfrun.perfcollector <> - cccrAddr: 186, cccrValue: 5302c7
425 [23028125656768] INFO perfrun.perfcollector <> - dataAddr: c1, dataValue: ffffffffffe17b7d
425 [23028125656768] INFO perfrun.perfcollector <> - escrAddr: ffffffff, escrValue: 0
425 [23028125656768] INFO perfrun.perfcollector <> - extendedPebsValue: 0
425 [23028125656768] INFO perfrun.perfcollector <> - adaptivePebsAvailable: 0
425 [23028125656768] INFO perfrun.perfcollector <> - config: event: c7
425 [23028125656768] INFO perfrun.perfcollector <> - config: pc: 0
425 [23028125656768] INFO perfrun.perfcollector <> - config: in_tx: 0
425 [23028125656768] INFO perfrun.perfcollector <> - config: edge: 0
425 [23028125656768] INFO perfrun.perfcollector <> - config: any: 0
425 [23028125656768] INFO perfrun.perfcollector <> - config1: offcore_rsp: 0
425 [23028125656768] INFO perfrun.perfcollector <> - config: in_tx_cp: 0
425 [23028125656768] INFO perfrun.perfcollector <> - config1: ldlat: 0
425 [23028125656768] INFO perfrun.perfcollector <> - config: inv: 0
425 [23028125656768] INFO perfrun.perfcollector <> - config: umask: 2
425 [23028125656768] INFO perfrun.perfcollector <> - config: cmask: 0
425 [23028125656768] INFO perfrun.perfcollector <> - format: cpu/event=0xc7,umask=0x2,name='FP_ARITH_INST_RETIRED.SCALAR_SINGLE'/
426 [23028125656768] INFO perfrun.perfcollector <> - event name: FP_ARITH_INST_RETIRED.128B_PACKED_SINGLE
426 [23028125656768] INFO perfrun.perfcollector <> - pmu config: cpu
426 [23028125656768] INFO perfrun.perfcollector <> - cccrAddr: 187, cccrValue: 5308c7
426 [23028125656768] INFO perfrun.perfcollector <> - dataAddr: c2, dataValue: ffffffffffe17b7d
426 [23028125656768] INFO perfrun.perfcollector <> - escrAddr: ffffffff, escrValue: 0
426 [23028125656768] INFO perfrun.perfcollector <> - extendedPebsValue: 0
426 [23028125656768] INFO perfrun.perfcollector <> - adaptivePebsAvailable: 0
426 [23028125656768] INFO perfrun.perfcollector <> - config: event: c7
426 [23028125656768] INFO perfrun.perfcollector <> - config: pc: 0
426 [23028125656768] INFO perfrun.perfcollector <> - config: in_tx: 0
426 [23028125656768] INFO perfrun.perfcollector <> - config: edge: 0
426 [23028125656768] INFO perfrun.perfcollector <> - config: any: 0
426 [23028125656768] INFO perfrun.perfcollector <> - config1: offcore_rsp: 0
426 [23028125656768] INFO perfrun.perfcollector <> - config: in_tx_cp: 0
426 [23028125656768] INFO perfrun.perfcollector <> - config1: ldlat: 0
426 [23028125656768] INFO perfrun.perfcollector <> - config: inv: 0
426 [23028125656768] INFO perfrun.perfcollector <> - config: umask: 8
426 [23028125656768] INFO perfrun.perfcollector <> - config: cmask: 0
426 [23028125656768] INFO perfrun.perfcollector <> - format: cpu/event=0xc7,umask=0x8,name='FP_ARITH_INST_RETIRED.128B_PACKED_SINGLE'/
426 [23028125656768] INFO perfrun.perfcollector <> - event name: FP_ARITH_INST_RETIRED.256B_PACKED_SINGLE
426 [23028125656768] INFO perfrun.perfcollector <> - pmu config: cpu
426 [23028125656768] INFO perfrun.perfcollector <> - cccrAddr: 188, cccrValue: 5320c7
426 [23028125656768] INFO perfrun.perfcollector <> - dataAddr: c3, dataValue: ffffffffffe17b7d
426 [23028125656768] INFO perfrun.perfcollector <> - escrAddr: ffffffff, escrValue: 0
426 [23028125656768] INFO perfrun.perfcollector <> - extendedPebsValue: 0
426 [23028125656768] INFO perfrun.perfcollector <> - adaptivePebsAvailable: 0
426 [23028125656768] INFO perfrun.perfcollector <> - config: event: c7
426 [23028125656768] INFO perfrun.perfcollector <> - config: pc: 0
426 [23028125656768] INFO perfrun.perfcollector <> - config: in_tx: 0
426 [23028125656768] INFO perfrun.perfcollector <> - config: edge: 0
426 [23028125656768] INFO perfrun.perfcollector <> - config: any: 0
426 [23028125656768] INFO perfrun.perfcollector <> - config1: offcore_rsp: 0
426 [23028125656768] INFO perfrun.perfcollector <> - config: in_tx_cp: 0
426 [23028125656768] INFO perfrun.perfcollector <> - config1: ldlat: 0
426 [23028125656768] INFO perfrun.perfcollector <> - config: inv: 0
426 [23028125656768] INFO perfrun.perfcollector <> - config: umask: 20
426 [23028125656768] INFO perfrun.perfcollector <> - config: cmask: 0
426 [23028125656768] INFO perfrun.perfcollector <> - format: cpu/event=0xc7,umask=0x20,name='FP_ARITH_INST_RETIRED.256B_PACKED_SINGLE'/
426 [23028125656768] INFO perfrun.perfcollector <> - event name: FP_ARITH_INST_RETIRED.SCALAR_DOUBLE
426 [23028125656768] INFO perfrun.perfcollector <> - pmu config: cpu
426 [23028125656768] INFO perfrun.perfcollector <> - cccrAddr: 189, cccrValue: 5301c7
426 [23028125656768] INFO perfrun.perfcollector <> - dataAddr: c4, dataValue: ffffffffffe17b7d
426 [23028125656768] INFO perfrun.perfcollector <> - escrAddr: ffffffff, escrValue: 0
426 [23028125656768] INFO perfrun.perfcollector <> - extendedPebsValue: 0
426 [23028125656768] INFO perfrun.perfcollector <> - adaptivePebsAvailable: 0
426 [23028125656768] INFO perfrun.perfcollector <> - config: event: c7
426 [23028125656768] INFO perfrun.perfcollector <> - config: pc: 0
426 [23028125656768] INFO perfrun.perfcollector <> - config: in_tx: 0
426 [23028125656768] INFO perfrun.perfcollector <> - config: edge: 0
426 [23028125656768] INFO perfrun.perfcollector <> - config: any: 0
426 [23028125656768] INFO perfrun.perfcollector <> - config1: offcore_rsp: 0
426 [23028125656768] INFO perfrun.perfcollector <> - config: in_tx_cp: 0
426 [23028125656768] INFO perfrun.perfcollector <> - config1: ldlat: 0
426 [23028125656768] INFO perfrun.perfcollector <> - config: inv: 0
426 [23028125656768] INFO perfrun.perfcollector <> - config: umask: 1
426 [23028125656768] INFO perfrun.perfcollector <> - config: cmask: 0
426 [23028125656768] INFO perfrun.perfcollector <> - format: cpu/event=0xc7,umask=0x1,name='FP_ARITH_INST_RETIRED.SCALAR_DOUBLE'/
426 [23028125656768] INFO perfrun.perfcollector <> - event name: CPU_CLK_UNHALTED.REF_XCLK
426 [23028125656768] INFO perfrun.perfcollector <> - pmu config: cpu
426 [23028125656768] INFO perfrun.perfcollector <> - cccrAddr: 18a, cccrValue: 53013c
426 [23028125656768] INFO perfrun.perfcollector <> - dataAddr: c5, dataValue: fffffffffffe795d
426 [23028125656768] INFO perfrun.perfcollector <> - escrAddr: ffffffff, escrValue: 0
426 [23028125656768] INFO perfrun.perfcollector <> - extendedPebsValue: 0
426 [23028125656768] INFO perfrun.perfcollector <> - adaptivePebsAvailable: 0
426 [23028125656768] INFO perfrun.perfcollector <> - config: event: 3c
426 [23028125656768] INFO perfrun.perfcollector <> - config: pc: 0
426 [23028125656768] INFO perfrun.perfcollector <> - config: in_tx: 0
426 [23028125656768] INFO perfrun.perfcollector <> - config: edge: 0
426 [23028125656768] INFO perfrun.perfcollector <> - config: any: 0
426 [23028125656768] INFO perfrun.perfcollector <> - config1: offcore_rsp: 0
426 [23028125656768] INFO perfrun.perfcollector <> - config: in_tx_cp: 0
426 [23028125656768] INFO perfrun.perfcollector <> - config1: ldlat: 0
426 [23028125656768] INFO perfrun.perfcollector <> - config: inv: 0
426 [23028125656768] INFO perfrun.perfcollector <> - config: umask: 1
426 [23028125656768] INFO perfrun.perfcollector <> - config: cmask: 0
426 [23028125656768] INFO perfrun.perfcollector <> - format: cpu/event=0x3c,umask=0x1,name='CPU_CLK_UNHALTED.REF_XCLK'/
426 [23028125656768] INFO perfrun.perfcollector <> - event name: CPU_CLK_UNHALTED.ONE_THREAD_ACTIVE
426 [23028125656768] INFO perfrun.perfcollector <> - pmu config: cpu
426 [23028125656768] INFO perfrun.perfcollector <> - cccrAddr: 18b, cccrValue: 53023c
426 [23028125656768] INFO perfrun.perfcollector <> - dataAddr: c6, dataValue: fffffffffffe795d
426 [23028125656768] INFO perfrun.perfcollector <> - escrAddr: ffffffff, escrValue: 0
426 [23028125656768] INFO perfrun.perfcollector <> - extendedPebsValue: 0
426 [23028125656768] INFO perfrun.perfcollector <> - adaptivePebsAvailable: 0
426 [23028125656768] INFO perfrun.perfcollector <> - config: event: 3c
426 [23028125656768] INFO perfrun.perfcollector <> - config: pc: 0
426 [23028125656768] INFO perfrun.perfcollector <> - config: in_tx: 0
426 [23028125656768] INFO perfrun.perfcollector <> - config: edge: 0
426 [23028125656768] INFO perfrun.perfcollector <> - config: any: 0
426 [23028125656768] INFO perfrun.perfcollector <> - config1: offcore_rsp: 0
426 [23028125656768] INFO perfrun.perfcollector <> - config: in_tx_cp: 0
426 [23028125656768] INFO perfrun.perfcollector <> - config1: ldlat: 0
426 [23028125656768] INFO perfrun.perfcollector <> - config: inv: 0
426 [23028125656768] INFO perfrun.perfcollector <> - config: umask: 2
426 [23028125656768] INFO perfrun.perfcollector <> - config: cmask: 0
426 [23028125656768] INFO perfrun.perfcollector <> - format: cpu/event=0x3c,umask=0x2,name='CPU_CLK_UNHALTED.ONE_THREAD_ACTIVE'/
426 [23028125656768] INFO perfrun.perfcollector <> - event name: INST_RETIRED.X87
426 [23028125656768] INFO perfrun.perfcollector <> - pmu config: cpu
426 [23028125656768] INFO perfrun.perfcollector <> - cccrAddr: 18c, cccrValue: 5302c0
426 [23028125656768] INFO perfrun.perfcollector <> - dataAddr: c7, dataValue: ffffffffffe17b7d
426 [23028125656768] INFO perfrun.perfcollector <> - escrAddr: ffffffff, escrValue: 0
426 [23028125656768] INFO perfrun.perfcollector <> - extendedPebsValue: 0
426 [23028125656768] INFO perfrun.perfcollector <> - adaptivePebsAvailable: 0
426 [23028125656768] INFO perfrun.perfcollector <> - config: event: c0
426 [23028125656768] INFO perfrun.perfcollector <> - config: pc: 0
426 [23028125656768] INFO perfrun.perfcollector <> - config: in_tx: 0
426 [23028125656768] INFO perfrun.perfcollector <> - config: edge: 0
426 [23028125656768] INFO perfrun.perfcollector <> - config: any: 0
426 [23028125656768] INFO perfrun.perfcollector <> - config1: offcore_rsp: 0
426 [23028125656768] INFO perfrun.perfcollector <> - config: in_tx_cp: 0
426 [23028125656768] INFO perfrun.perfcollector <> - config1: ldlat: 0
426 [23028125656768] INFO perfrun.perfcollector <> - config: inv: 0
426 [23028125656768] INFO perfrun.perfcollector <> - config: umask: 2
426 [23028125656768] INFO perfrun.perfcollector <> - config: cmask: 0
426 [23028125656768] INFO perfrun.perfcollector <> - format: cpu/event=0xc0,umask=0x2,name='INST_RETIRED.X87'/
426 [23028125656768] INFO perfrun.perfcollector <> - event name: UOPS_RETIRED.RETIRE_SLOTS
426 [23028125656768] INFO perfrun.perfcollector <> - pmu config: cpu
426 [23028125656768] INFO perfrun.perfcollector <> - cccrAddr: 18d, cccrValue: 5302c2
426 [23028125656768] INFO perfrun.perfcollector <> - dataAddr: c8, dataValue: ffffffffffe17b7d
426 [23028125656768] INFO perfrun.perfcollector <> - escrAddr: ffffffff, escrValue: 0
426 [23028125656768] INFO perfrun.perfcollector <> - extendedPebsValue: 0
426 [23028125656768] INFO perfrun.perfcollector <> - adaptivePebsAvailable: 0
426 [23028125656768] INFO perfrun.perfcollector <> - config: event: c2
426 [23028125656768] INFO perfrun.perfcollector <> - config: pc: 0
426 [23028125656768] INFO perfrun.perfcollector <> - config: in_tx: 0
426 [23028125656768] INFO perfrun.perfcollector <> - config: edge: 0
426 [23028125656768] INFO perfrun.perfcollector <> - config: any: 0
426 [23028125656768] INFO perfrun.perfcollector <> - config1: offcore_rsp: 0
426 [23028125656768] INFO perfrun.perfcollector <> - config: in_tx_cp: 0
426 [23028125656768] INFO perfrun.perfcollector <> - config1: ldlat: 0
426 [23028125656768] INFO perfrun.perfcollector <> - config: inv: 0
426 [23028125656768] INFO perfrun.perfcollector <> - config: umask: 2
426 [23028125656768] INFO perfrun.perfcollector <> - config: cmask: 0
426 [23028125656768] INFO perfrun.perfcollector <> - format: cpu/event=0xc2,umask=0x2,name='UOPS_RETIRED.RETIRE_SLOTS'/
426 [23028125656768] INFO perfrun.perfcollector <> - event name: FP_ARITH_INST_RETIRED.128B_PACKED_DOUBLE
426 [23028125656768] INFO perfrun.perfcollector <> - pmu config: cpu
426 [23028125656768] INFO perfrun.perfcollector <> - cccrAddr: 186, cccrValue: 5304c7
426 [23028125656768] INFO perfrun.perfcollector <> - dataAddr: c1, dataValue: ffffffffffe17b7d
426 [23028125656768] INFO perfrun.perfcollector <> - escrAddr: ffffffff, escrValue: 0
426 [23028125656768] INFO perfrun.perfcollector <> - extendedPebsValue: 0
426 [23028125656768] INFO perfrun.perfcollector <> - adaptivePebsAvailable: 0
426 [23028125656768] INFO perfrun.perfcollector <> - config: event: c7
426 [23028125656768] INFO perfrun.perfcollector <> - config: pc: 0
426 [23028125656768] INFO perfrun.perfcollector <> - config: in_tx: 0
426 [23028125656768] INFO perfrun.perfcollector <> - config: edge: 0
426 [23028125656768] INFO perfrun.perfcollector <> - config: any: 0
426 [23028125656768] INFO perfrun.perfcollector <> - config1: offcore_rsp: 0
426 [23028125656768] INFO perfrun.perfcollector <> - config: in_tx_cp: 0
426 [23028125656768] INFO perfrun.perfcollector <> - config1: ldlat: 0
426 [23028125656768] INFO perfrun.perfcollector <> - config: inv: 0
426 [23028125656768] INFO perfrun.perfcollector <> - config: umask: 4
426 [23028125656768] INFO perfrun.perfcollector <> - config: cmask: 0
426 [23028125656768] INFO perfrun.perfcollector <> - format: cpu/event=0xc7,umask=0x4,name='FP_ARITH_INST_RETIRED.128B_PACKED_DOUBLE'/
426 [23028125656768] INFO perfrun.perfcollector <> - event name: FP_ARITH_INST_RETIRED.256B_PACKED_DOUBLE
426 [23028125656768] INFO perfrun.perfcollector <> - pmu config: cpu
426 [23028125656768] INFO perfrun.perfcollector <> - cccrAddr: 187, cccrValue: 5310c7
426 [23028125656768] INFO perfrun.perfcollector <> - dataAddr: c2, dataValue: ffffffffffe17b7d
426 [23028125656768] INFO perfrun.perfcollector <> - escrAddr: ffffffff, escrValue: 0
426 [23028125656768] INFO perfrun.perfcollector <> - extendedPebsValue: 0
426 [23028125656768] INFO perfrun.perfcollector <> - adaptivePebsAvailable: 0
426 [23028125656768] INFO perfrun.perfcollector <> - config: event: c7
426 [23028125656768] INFO perfrun.perfcollector <> - config: pc: 0
426 [23028125656768] INFO perfrun.perfcollector <> - config: in_tx: 0
426 [23028125656768] INFO perfrun.perfcollector <> - config: edge: 0
426 [23028125656768] INFO perfrun.perfcollector <> - config: any: 0
426 [23028125656768] INFO perfrun.perfcollector <> - config1: offcore_rsp: 0
426 [23028125656768] INFO perfrun.perfcollector <> - config: in_tx_cp: 0
426 [23028125656768] INFO perfrun.perfcollector <> - config1: ldlat: 0
426 [23028125656768] INFO perfrun.perfcollector <> - config: inv: 0
426 [23028125656768] INFO perfrun.perfcollector <> - config: umask: 10
426 [23028125656768] INFO perfrun.perfcollector <> - config: cmask: 0
426 [23028125656768] INFO perfrun.perfcollector <> - format: cpu/event=0xc7,umask=0x10,name='FP_ARITH_INST_RETIRED.256B_PACKED_DOUBLE'/
426 [23028125656768] INFO perfrun.perfcollector <> - event: cpu/event=0x3c,name='CPU_CLK_UNHALTED.THREAD'/Duk, added for counting
426 [23028125656768] INFO perfrun.perfcollector <> - event: cpu/umask=0x3,name='CPU_CLK_UNHALTED.REF_TSC'/Duk, added for counting
426 [23028125656768] INFO perfrun.perfcollector <> - event: cpu/event=0xc0,name='INST_RETIRED.ANY'/Duk, added for counting
426 [23028125656768] INFO perfrun.perfcollector <> - event: cpu/event=0xc7,umask=0x2,name='FP_ARITH_INST_RETIRED.SCALAR_SINGLE'/uk, added for counting
426 [23028125656768] INFO perfrun.perfcollector <> - event: cpu/event=0xc7,umask=0x8,name='FP_ARITH_INST_RETIRED.128B_PACKED_SINGLE'/uk, added for counting
426 [23028125656768] INFO perfrun.perfcollector <> - event: cpu/event=0xc7,umask=0x20,name='FP_ARITH_INST_RETIRED.256B_PACKED_SINGLE'/uk, added for counting
426 [23028125656768] INFO perfrun.perfcollector <> - event: cpu/event=0xc7,umask=0x1,name='FP_ARITH_INST_RETIRED.SCALAR_DOUBLE'/uk, added for counting
426 [23028125656768] INFO perfrun.perfcollector <> - event: cpu/event=0x3c,umask=0x1,name='CPU_CLK_UNHALTED.REF_XCLK'/uk, added for counting
426 [23028125656768] INFO perfrun.perfcollector <> - event: cpu/event=0x3c,umask=0x2,name='CPU_CLK_UNHALTED.ONE_THREAD_ACTIVE'/uk, added for counting
426 [23028125656768] INFO perfrun.perfcollector <> - event: cpu/event=0xc0,umask=0x2,name='INST_RETIRED.X87'/uk, added for counting
426 [23028125656768] INFO perfrun.perfcollector <> - event: cpu/event=0xc2,umask=0x2,name='UOPS_RETIRED.RETIRE_SLOTS'/uk, added for counting
426 [23028125656768] INFO perfrun.perfcollector <> - event: cpu/event=0xc7,umask=0x4,name='FP_ARITH_INST_RETIRED.128B_PACKED_DOUBLE'/uk, added for counting
426 [23028125656768] INFO perfrun.perfcollector <> - event: cpu/event=0xc7,umask=0x10,name='FP_ARITH_INST_RETIRED.256B_PACKED_DOUBLE'/uk, added for counting
426 [23028125656768] INFO perfrun.perfcollector <> - attaching to pid: 4294967295, collect mode: 1, rc modes: 3
442 [23028114609856] WARN perfrun.perfcollector <> - Perf stat trace pipe capacity: read = 1048576, write = 1048576, at file: vcs/perfrun1/plugins/perfcollector/src/profiler.cpp:765
452 [23028114609856] INFO perfrun.sdk <> - runCmd: /opt/intel/oneapi/vtune/2023.1.0/bin64/amplxe-perf stat -v --log-fd 10 --scale -x ; -e cpu/event=0x3c,name='CPU_CLK_UNHALTED.THREAD'/Duk,cpu/umask=0x3,name='CPU_CLK_UNHALTED.REF_TSC'/Duk,cpu/event=0xc0,name='INST_RETIRED.ANY'/Duk,cpu/event=0xc7,umask=0x2,name='FP_ARITH_INST_RETIRED.SCALAR_SINGLE'/uk,cpu/event=0xc7,umask=0x8,name='FP_ARITH_INST_RETIRED.128B_PACKED_SINGLE'/uk,cpu/event=0xc7,umask=0x20,name='FP_ARITH_INST_RETIRED.256B_PACKED_SINGLE'/uk,cpu/event=0xc7,umask=0x1,name='FP_ARITH_INST_RETIRED.SCALAR_DOUBLE'/uk,cpu/event=0x3c,umask=0x1,name='CPU_CLK_UNHALTED.REF_XCLK'/uk,cpu/event=0x3c,umask=0x2,name='CPU_CLK_UNHALTED.ONE_THREAD_ACTIVE'/uk,cpu/event=0xc0,umask=0x2,name='INST_RETIRED.X87'/uk,cpu/event=0xc2,umask=0x2,name='UOPS_RETIRED.RETIRE_SLOTS'/uk,cpu/event=0xc7,umask=0x4,name='FP_ARITH_INST_RETIRED.128B_PACKED_DOUBLE'/uk,cpu/event=0xc7,umask=0x10,name='FP_ARITH_INST_RETIRED.256B_PACKED_DOUBLE'/uk /opt/intel/oneapi/vtune/2023.1.0/bin64/amplxe-perf-sync dryrun sys
452 [23028114609856] INFO perfrun.sdk <> - runCmd started PID 3362864
660 [23028114609856] INFO perfrun.perfcollector <> - Monitor: runCmd RC = true
664 [23028125656768] INFO perfrun.launcher <> - plugin [aoclprofile] was disabled because it doesn't support the given collection type.
664 [23028125656768] INFO perfrun.tpss <> - initialize tpss controller
665 [23028125656768] INFO perfrun.tpss <> - configure collection mode: value = cpu:counters:nostack
665 [23028125656768] INFO perfrun.tpss <> - configure collection mode: value = cpu:stack
665 [23028125656768] INFO perfrun.tpss <> - default obj-size-min=1024
665 [23028125656768] INFO perfrun.tpss <> - default hash-table-size=0
665 [23028125656768] INFO perfrun.launcher <> - plugin [media] was disabled because it doesn't support the given collection type.
665 [23028125656768] INFO perfrun.launcher <> - plugin [] was disabled because it doesn't support the given collection type.
665 [23028125656768] INFO perfrun.launcher <> - plugin [] was disabled because it doesn't support the given collection type.
665 [23028125656768] INFO perfrun.launcher <> - plugin [parallelfs] was disabled because it doesn't support the given collection type.
665 [23028125656768] INFO perfrun.launcher <> - plugin [power] was disabled because it doesn't support the given collection type.
665 [23028125656768] INFO perfrun.launcher <> - plugin [hwloc] was disabled because it doesn't support the given collection type.
665 [23028125656768] INFO perfrun.launcher <> - plugin [ipmwatch] was disabled because it doesn't support the given collection type.
665 [23028125656768] INFO perfrun.launcher <> - plugin [os_counters] was disabled because it doesn't support the given collection type.
665 [23028125656768] INFO perfrun.launcher <> - plugin [l0_metrics] was disabled because it doesn't support the given collection type.
665 [23028268693376] INFO perfrun.launcher <> - set environment variable: LD_LIBRARY_PATH = /opt/intel/oneapi/vtune/2023.1.0/lib32/runtime:/opt/intel/oneapi/vtune/2023.1.0/lib64/runtime:/opt/intel/oneapi/tbb/2021.5.1/env/../lib/intel64/gcc4.8:/opt/intel/oneapi/mpi/2021.5.1//libfabric/lib:/opt/intel/oneapi/mpi/2021.5.1//lib/release:/opt/intel/oneapi/mpi/2021.5.1//lib:/opt/intel/oneapi/mkl/2022.0.2/lib/intel64:/opt/intel/oneapi/itac/2021.5.0/slib:/opt/intel/oneapi/debugger/2021.5.0/gdb/intel64/lib:/opt/intel/oneapi/debugger/2021.5.0/libipt/intel64/lib:/opt/intel/oneapi/debugger/2021.5.0/dep/lib:/opt/intel/oneapi/compiler/2022.0.2/linux/lib:/opt/intel/oneapi/compiler/2022.0.2/linux/lib/x64:/opt/intel/oneapi/compiler/2022.0.2/linux/lib/oclfpga/host/linux64/lib:/opt/intel/oneapi/compiler/2022.0.2/linux/compiler/lib/intel64_lin
665 [23028268693376] INFO perfrun.launcher <> - set environment variable: INTEL_LIBITTNOTIFY32 = /opt/intel/oneapi/vtune/2023.1.0/lib32/runtime/libittnotify_collector.so
665 [23028268693376] INFO perfrun.launcher <> - set environment variable: INTEL_LIBITTNOTIFY64 = /opt/intel/oneapi/vtune/2023.1.0/lib64/runtime/libittnotify_collector.so
665 [23028268693376] INFO perfrun.launcher <> - set environment variable: INTEL_ITTNOTIFY_GROUPS = 
665 [23028268693376] INFO perfrun.launcher <> - set environment variable: INTEL_JIT_PROFILER32 = /opt/intel/oneapi/vtune/2023.1.0/lib32/runtime/libittnotify_collector.so
665 [23028268693376] INFO perfrun.launcher <> - set environment variable: INTEL_JIT_PROFILER64 = /opt/intel/oneapi/vtune/2023.1.0/lib64/runtime/libittnotify_collector.so
665 [23028268693376] INFO perfrun.launcher <> - set environment variable: OMP_TOOL_LIBRARIES = /opt/intel/oneapi/vtune/2023.1.0/lib32/runtime/libittnotify_collector.so:/opt/intel/oneapi/vtune/2023.1.0/lib64/runtime/libittnotify_collector.so
665 [23028268693376] INFO perfrun.launcher <> - set environment variable: ENABLE_JITPROFILING = 1
665 [23028268693376] INFO perfrun.launcher <> - set environment variable: CL_CONFIG_USE_VTUNE = True
665 [23028268693376] INFO perfrun.launcher <> - set environment variable: LD_PRELOAD = libittnotify_collector.so:
665 [23028268693376] INFO perfrun.launcher <> - set environment variable: KMP_FORKJOIN_FRAMES = 0
665 [23028268693376] INFO perfrun.launcher <> - set environment variable: KMP_FORKJOIN_FRAMES_MODE = 0
665 [23028268693376] INFO perfrun.launcher <> - set environment variable: OMP_TOOL = disabled
665 [23028268693376] INFO perfrun.launcher <> - set environment variable: INTEL_MRTE_DATA_DIR = /home/course/hpc/users/2022012388/exp8/vtune_result.conv4/data.7
665 [23028268693376] INFO perfrun.launcher <> - set environment variable: INTEL_MRTE_HOST_NAME = conv4
666 [23028268693376] INFO perfrun.launcher <> - set environment variable: JAVA_TOOL_OPTIONS = -agentlib:amplxe_tpssmrte_javaprof_1.0 -Dsun.boot.library.path=/opt/intel/oneapi/vtune/2023.1.0/lib32/runtime:/opt/intel/oneapi/vtune/2023.1.0/lib64/runtime
666 [23028268693376] INFO perfrun.launcher <> - set environment variable: LD_LIBRARY_PATH = /opt/intel/oneapi/vtune/2023.1.0/lib32/runtime:/opt/intel/oneapi/vtune/2023.1.0/lib64/runtime:/opt/intel/oneapi/tbb/2021.5.1/env/../lib/intel64/gcc4.8:/opt/intel/oneapi/mpi/2021.5.1//libfabric/lib:/opt/intel/oneapi/mpi/2021.5.1//lib/release:/opt/intel/oneapi/mpi/2021.5.1//lib:/opt/intel/oneapi/mkl/2022.0.2/lib/intel64:/opt/intel/oneapi/itac/2021.5.0/slib:/opt/intel/oneapi/debugger/2021.5.0/gdb/intel64/lib:/opt/intel/oneapi/debugger/2021.5.0/libipt/intel64/lib:/opt/intel/oneapi/debugger/2021.5.0/dep/lib:/opt/intel/oneapi/compiler/2022.0.2/linux/lib:/opt/intel/oneapi/compiler/2022.0.2/linux/lib/x64:/opt/intel/oneapi/compiler/2022.0.2/linux/lib/oclfpga/host/linux64/lib:/opt/intel/oneapi/compiler/2022.0.2/linux/compiler/lib/intel64_lin
666 [23028268693376] INFO perfrun.launcher <> - set environment variable: CORECLR_ENABLE_PROFILING = 1
666 [23028268693376] INFO perfrun.launcher <> - set environment variable: CORECLR_PROFILER = {AA5E4821-E3B1-479c-B7FF-5AD047D22CED}
666 [23028268693376] INFO perfrun.launcher <> - set environment variable: CORECLR_PROFILER_PATH = /opt/intel/oneapi/vtune/2023.1.0/lib64/libamplxe_samplingmrte_clrprof_1.0.so
666 [23028268693376] INFO perfrun.launcher <> - set environment variable: INTEL_MRTE_PROFILER_MODE = mixed
666 [23028268693376] INFO perfrun.launcher <> - RpcServer: run RPC server to handle requests
671 [23028268693376] INFO perfrun.launcher <> - Launcher: command line to start before modification = ./main 2022012388
672 [23028268693376] INFO perfrun.launcher <> - Launcher: command line to start after modification = /opt/intel/oneapi/vtune/2023.1.0/bin64/pin -error_file /home/course/hpc/users/2022012388/exp8/vtune_result.conv4/data.7/pinerr.tpsslog -detach_reattach -follow_execv -tool_load_option deepbind -t64 /opt/intel/oneapi/vtune/2023.1.0/lib64/libtpsstool.so -t /opt/intel/oneapi/vtune/2023.1.0/lib32/libtpsstool.so -server_name tpss_ipc.3362680 -prd_dir /opt/intel/oneapi/vtune/2023.1.0 -- ./main 2022012388
1073 [23028268693376] INFO perfrun.launcher <> - ProcessCreator object was created
1074 [23028268693376] INFO perfrun.launcher <> - Launcher: the process was started in suspend mode
1078 [23028125656768] WARN perfrun.system <> - Could not do anything with /sys/kernel/debug/kvm: boost::filesystem::status: Permission denied: "/sys/kernel/debug/kvm", at file: vcs/perfrun1/plugins/system/src/trace_writer.cpp:787
1078 [23028125656768] WARN perfrun.system <> - Folder "/var/run/libvirt/qemu/"doesn't exist, at file: vcs/perfrun1/plugins/system/src/trace_writer.cpp:800
1078 [23028125656768] INFO perfrun.itt <> - start itt controller for pid #3363014
1078 [23028125656768] INFO perfrun.perfcollector <> - attaching to pid: 3363014, collect mode: 1, rc modes: 1
1092 [23028108306112] WARN perfrun.perfcollector <> - Perf stat trace pipe capacity: read = 1048576, write = 1048576, at file: vcs/perfrun1/plugins/perfcollector/src/profiler.cpp:765
1101 [23028108306112] INFO perfrun.sdk <> - runCmd: /opt/intel/oneapi/vtune/2023.1.0/bin64/amplxe-perf stat -v --log-fd 22 --control=fd:23,26 --scale -x ; -p 3363014 -e cpu/event=0x3c,name='CPU_CLK_UNHALTED.THREAD'/Duk,cpu/umask=0x3,name='CPU_CLK_UNHALTED.REF_TSC'/Duk,cpu/event=0xc0,name='INST_RETIRED.ANY'/Duk,cpu/event=0xc7,umask=0x2,name='FP_ARITH_INST_RETIRED.SCALAR_SINGLE'/uk,cpu/event=0xc7,umask=0x8,name='FP_ARITH_INST_RETIRED.128B_PACKED_SINGLE'/uk,cpu/event=0xc7,umask=0x20,name='FP_ARITH_INST_RETIRED.256B_PACKED_SINGLE'/uk,cpu/event=0xc7,umask=0x1,name='FP_ARITH_INST_RETIRED.SCALAR_DOUBLE'/uk,cpu/event=0x3c,umask=0x1,name='CPU_CLK_UNHALTED.REF_XCLK'/uk,cpu/event=0x3c,umask=0x2,name='CPU_CLK_UNHALTED.ONE_THREAD_ACTIVE'/uk,cpu/event=0xc0,umask=0x2,name='INST_RETIRED.X87'/uk,cpu/event=0xc2,umask=0x2,name='UOPS_RETIRED.RETIRE_SLOTS'/uk,cpu/event=0xc7,umask=0x4,name='FP_ARITH_INST_RETIRED.128B_PACKED_DOUBLE'/uk,cpu/event=0xc7,umask=0x10,name='FP_ARITH_INST_RETIRED.256B_PACKED_DOUBLE'/uk /opt/intel/oneapi/vtune/2023.1.0/bin64/amplxe-perf-sync sync sys
1102 [23028108306112] INFO perfrun.sdk <> - runCmd started PID 3363102
1272 [23028125656768] INFO perfrun.tpss <> - start tpss controller for pid #3363014
1323 [23028268693376] INFO perfrun.launcher <> - Launcher: all plugins were started
1323 [23028268693376] INFO perfrun.launcher <> - DirectoryMonitor object was created
1323 [23028268693376] INFO perfrun.launcher <> - DirectoryMonitor: a callback was added
1323 [23028268693376] INFO perfrun.launcher <> - DirectoryMonitor was started with pingTime = 1000
1323 [23028268693376] INFO perfrun.launcher <> - DeadlineTimer is going to be constructed
1323 [23028268693376] INFO perfrun.launcher <> - DeadlineTimer: a callback was added
1325 [23028268693376] INFO perfrun.launcher <> - Launcher: resume the profiled application and  wait its termination or stop command
3350 [23028268693376] INFO perfrun.launcher <> - Launcher: the profiled application was terminated  with exit code = 1
3548 [23028125656768] INFO perfrun.itt <> - detach itt controller
3548 [23028125656768] INFO perfrun.itt <> - detach itt controller done
3551 [23028108306112] INFO perfrun.perfcollector <> - Monitor: runCmd RC = true
3552 [23028125656768] INFO perfrun.perfcollector <> - Monitor: state = 3, error = 1
3553 [23028125656768] INFO perfrun.tpss <> - stop tpss controller
3555 [23028125656768] INFO perfrun.sdk <> - De-allocating TMU: /home/course/hpc/users/2022012388/exp8/vtune_result.conv4/data.7/systemcollector-3362680-conv4.sc
3555 [23028125656768] INFO perfrun.system <> - closed the system trace file: /home/course/hpc/users/2022012388/exp8/vtune_result.conv4/data.7/systemcollector-3362680-conv4.sc
3556 [23028268693376] INFO perfrun.launcher <> - Launcher: all plugins were stopped.
3556 [23028268693376] INFO perfrun.launcher <> - DeadlineTimer is going to be destroyed
3556 [23028268693376] INFO perfrun.launcher <> - DeadlineTimer was destroyed
3556 [23028268693376] INFO perfrun.launcher <> - DirectoryMonitor object was destroyed
3556 [23028268693376] WARN perfrun.launcher <> - Stop command is ignored because it is received when collection is already stopped, at file: vcs/perfrun1/launcher/src/command_handler.cpp:226
3560 [23028268693376] INFO perfrun.launcher <> - Application exit code: 1
3560 [23028268693376] INFO perfrun.launcher <> - Exit code: 4
