13 [22955205859200] INFO perfrun.launcher <> - Launcher main begin
16 [22955205859200] INFO perfrun.launcher <> - MessageCatalogInit finished
16 [22955205859200] INFO perfrun.launcher <> - Launcher instance created
16 [22955205859200] INFO perfrun.launcher <> - argc = 7; cmdline = /opt/intel/oneapi/vtune/2023.1.0/bin64/amplxe-runss --ui-output-format xml --ui-output-fd 5 --option-file /home/course/hpc/users/2022012388/exp8/vtune_result.conv4/config/runss.options.15 
88 [22955205859200] INFO perfrun.launcher <> - create msngr2::ICliToolContext
89 [22955205859200] INFO perfrun.launcher <> - create file finder object
89 [22955205859200] INFO perfrun.launcher <> - create a result directory: pattern = /home/course/hpc/users/2022012388/exp8/vtune_result.conv4 pid = 4294967295
92 [22955205859200] INFO perfrun.sdk <> - checked that the directory /home/course/hpc/users/2022012388/exp8/vtune_result.conv4 is a local directory
92 [22955205859200] INFO perfrun.sdk <> - the directory /home/course/hpc/users/2022012388/exp8/vtune_result.conv4 is located on a share or its FS ID is unknown 26985
92 [22955205859200] INFO perfrun.sdk <> - checked that the directory /tmp/amplxe-tmp-2022012388 is a local directory
92 [22955205859200] INFO perfrun.sdk <> - the directory /tmp/amplxe-tmp-2022012388 is located on a share or its FS ID is unknown 2035054128
94 [22955205859200] INFO perfrun.launcher <> - create data directory = /home/course/hpc/users/2022012388/exp8/vtune_result.conv4/data.15
94 [22955205859200] INFO perfrun.launcher <> - Creating the master collection flag
95 [22955205859200] INFO perfrun.launcher <> - Done creating the master collection flag
97 [22955062978240] INFO perfrun.launcher <> - plugin [remoteplug] was disabled because it doesn't support the given collection type.
98 [22955062978240] INFO perfrun.sdk <> - Allocating TMU :/home/course/hpc/users/2022012388/exp8/vtune_result.conv4/data.15/systemcollector-3362718-conv4.sc
99 [22955062978240] INFO perfrun.launcher <> - plugin [vdso] was disabled because it doesn't support the given collection type.
99 [22955062978240] INFO perfrun.launcher <> - plugin [ptracecollector] was disabled because it doesn't support the given collection type.
99 [22955062978240] INFO perfrun.launcher <> - plugin [gpu] was disabled because it doesn't support the given collection type.
99 [22955062978240] INFO perfrun.launcher <> - plugin [] was disabled because it doesn't support the given collection type.
99 [22955062978240] INFO perfrun.launcher <> - plugin [] was disabled because it doesn't support the given collection type.
99 [22955062978240] INFO perfrun.launcher <> - plugin [] was disabled because it doesn't support the given collection type.
99 [22955062978240] INFO perfrun.mrte <> - system-wide mode is 0
99 [22955062978240] INFO perfrun.mrte <> - Getting  mrte profiling environment ...
113 [22955062978240] INFO perfrun.mrte <> - INTEL_MRTE_DATA_DIR=/home/course/hpc/users/2022012388/exp8/vtune_result.conv4/data.15
113 [22955062978240] INFO perfrun.mrte <> - INTEL_MRTE_HOST_NAME=conv4
113 [22955062978240] INFO perfrun.mrte <> - JAVA_TOOL_OPTIONS=-agentlib:amplxe_tpssmrte_javaprof_1.0 -Dsun.boot.library.path=/opt/intel/oneapi/vtune/2023.1.0/lib32/runtime:/opt/intel/oneapi/vtune/2023.1.0/lib64/runtime
113 [22955062978240] INFO perfrun.mrte <> - LD_LIBRARY_PATH=/opt/intel/oneapi/vtune/2023.1.0/lib32/runtime:/opt/intel/oneapi/vtune/2023.1.0/lib64/runtime:/opt/intel/oneapi/tbb/2021.5.1/env/../lib/intel64/gcc4.8:/opt/intel/oneapi/mpi/2021.5.1//libfabric/lib:/opt/intel/oneapi/mpi/2021.5.1//lib/release:/opt/intel/oneapi/mpi/2021.5.1//lib:/opt/intel/oneapi/mkl/2022.0.2/lib/intel64:/opt/intel/oneapi/itac/2021.5.0/slib:/opt/intel/oneapi/debugger/2021.5.0/gdb/intel64/lib:/opt/intel/oneapi/debugger/2021.5.0/libipt/intel64/lib:/opt/intel/oneapi/debugger/2021.5.0/dep/lib:/opt/intel/oneapi/compiler/2022.0.2/linux/lib:/opt/intel/oneapi/compiler/2022.0.2/linux/lib/x64:/opt/intel/oneapi/compiler/2022.0.2/linux/lib/oclfpga/host/linux64/lib:/opt/intel/oneapi/compiler/2022.0.2/linux/compiler/lib/intel64_lin
113 [22955062978240] INFO perfrun.mrte <> - CORECLR_ENABLE_PROFILING=1
113 [22955062978240] INFO perfrun.mrte <> - CORECLR_PROFILER={AA5E4821-E3B1-479c-B7FF-5AD047D22CED}
113 [22955062978240] INFO perfrun.mrte <> - CORECLR_PROFILER_PATH=/opt/intel/oneapi/vtune/2023.1.0/lib64/libamplxe_samplingmrte_clrprof_1.0.so
113 [22955062978240] INFO perfrun.mrte <> - INTEL_MRTE_PROFILER_MODE=mixed
113 [22955062978240] INFO perfrun.mrte <> - Data directory: /home/course/hpc/users/2022012388/exp8/vtune_result.conv4/data.15
113 [22955062978240] INFO perfrun.mrte <> - Mrte plugin is initialized
113 [22955062978240] INFO perfrun.launcher <> - plugin [emon] was disabled because it doesn't support the given collection type.
113 [22955062978240] INFO perfrun.launcher <> - plugin [cuscol] was disabled because it doesn't support the given collection type.
113 [22955062978240] INFO perfrun.launcher <> - plugin [stdsrc] was disabled because it doesn't support the given collection type.
113 [22955062978240] INFO perfrun.launcher <> - plugin [sep] was disabled because it doesn't support the given collection type.
113 [22955062978240] INFO perfrun.launcher <> - plugin [vtsspp] was disabled because it doesn't support the given collection type.
113 [22955062978240] INFO perfrun.sdk <> - Reading value (0) from file: /proc/sys/kernel/perf_event_paranoid
113 [22955062978240] INFO perfrun.perfcollector <> - checking access to: /opt/intel/oneapi/vtune/2023.1.0/bin64/amplxe-perf-priv
115 [22955062978240] INFO perfrun.perfcollector <> - cpu: family = 6 model = 79
116 [22955062978240] INFO perfrun.perfcollector <> - dir found: /sys/bus/event_source/devices/software
116 [22955062978240] INFO perfrun.perfcollector <> - format: pmu format subdir doesn't exist
116 [22955062978240] INFO perfrun.perfcollector <> - hwInfo: not set, pmuFam: software
116 [22955062978240] INFO perfrun.perfcollector <> - pmu added: family: software, id: 0
116 [22955062978240] INFO perfrun.perfcollector <> - dir found: /sys/bus/event_source/devices/uncore_imc_5
117 [22955062978240] INFO perfrun.perfcollector <> - format: event config:0-7 mask:0-7
117 [22955062978240] INFO perfrun.perfcollector <> - format: edge config:18 mask:18
117 [22955062978240] INFO perfrun.perfcollector <> - format: inv config:23 mask:23
117 [22955062978240] INFO perfrun.perfcollector <> - format: umask config:8-15 mask:8-15
118 [22955062978240] INFO perfrun.perfcollector <> - format: thresh config:24-31 mask:24-31
118 [22955062978240] INFO perfrun.perfcollector <> - hwInfo: PERF_IMC_PMU_DETAILS
118 [22955062978240] INFO perfrun.perfcollector <> - pmu added: family: uncore_imc, id: 5
118 [22955062978240] INFO perfrun.perfcollector <> - dir found: /sys/bus/event_source/devices/uncore_sbox_2
119 [22955062978240] INFO perfrun.perfcollector <> - format: event config:0-7 mask:0-7
119 [22955062978240] INFO perfrun.perfcollector <> - format: edge config:18 mask:18
119 [22955062978240] INFO perfrun.perfcollector <> - format: inv config:23 mask:23
119 [22955062978240] INFO perfrun.perfcollector <> - format: umask config:8-15 mask:8-15
120 [22955062978240] INFO perfrun.perfcollector <> - format: tid_en config:19 mask:19
120 [22955062978240] INFO perfrun.perfcollector <> - format: thresh config:24-31 mask:24-31
120 [22955062978240] INFO perfrun.perfcollector <> - hwInfo: not set, pmuFam: uncore_sbox
120 [22955062978240] INFO perfrun.perfcollector <> - pmu added: family: uncore_sbox, id: 2
120 [22955062978240] INFO perfrun.perfcollector <> - dir found: /sys/bus/event_source/devices/uncore_cbox_8
121 [22955062978240] INFO perfrun.perfcollector <> - format: event config:0-7 mask:0-7
121 [22955062978240] INFO perfrun.perfcollector <> - format: filter_link config1:6-8 mask:6-8
121 [22955062978240] INFO perfrun.perfcollector <> - format: filter_c6 config1:61 mask:61
122 [22955062978240] INFO perfrun.perfcollector <> - format: edge config:18 mask:18
122 [22955062978240] INFO perfrun.perfcollector <> - format: filter_isoc config1:63 mask:63
122 [22955062978240] INFO perfrun.perfcollector <> - format: filter_tid config1:0-5 mask:0-5
123 [22955062978240] INFO perfrun.perfcollector <> - format: filter_nid config1:32-47 mask:32-47
123 [22955062978240] INFO perfrun.perfcollector <> - format: filter_nc config1:62 mask:62
123 [22955062978240] INFO perfrun.perfcollector <> - format: umask config:8-15 mask:8-15
123 [22955062978240] INFO perfrun.perfcollector <> - format: tid_en config:19 mask:19
124 [22955062978240] INFO perfrun.perfcollector <> - format: thresh config:24-31 mask:24-31
124 [22955062978240] INFO perfrun.perfcollector <> - format: filter_state config1:17-23 mask:17-23
124 [22955062978240] INFO perfrun.perfcollector <> - format: filter_opc config1:52-60 mask:52-60
124 [22955062978240] INFO perfrun.perfcollector <> - hwInfo: PERF_CBOX_PMU_DETAILS
124 [22955062978240] INFO perfrun.perfcollector <> - pmu added: family: uncore_cbox, id: 8
125 [22955062978240] INFO perfrun.perfcollector <> - dir found: /sys/bus/event_source/devices/uncore_cbox_13
125 [22955062978240] INFO perfrun.perfcollector <> - format: event config:0-7 mask:0-7
125 [22955062978240] INFO perfrun.perfcollector <> - format: filter_link config1:6-8 mask:6-8
126 [22955062978240] INFO perfrun.perfcollector <> - format: filter_c6 config1:61 mask:61
126 [22955062978240] INFO perfrun.perfcollector <> - format: edge config:18 mask:18
126 [22955062978240] INFO perfrun.perfcollector <> - format: filter_isoc config1:63 mask:63
126 [22955062978240] INFO perfrun.perfcollector <> - format: filter_tid config1:0-5 mask:0-5
127 [22955062978240] INFO perfrun.perfcollector <> - format: filter_nid config1:32-47 mask:32-47
127 [22955062978240] INFO perfrun.perfcollector <> - format: filter_nc config1:62 mask:62
127 [22955062978240] INFO perfrun.perfcollector <> - format: umask config:8-15 mask:8-15
127 [22955062978240] INFO perfrun.perfcollector <> - format: tid_en config:19 mask:19
128 [22955062978240] INFO perfrun.perfcollector <> - format: thresh config:24-31 mask:24-31
128 [22955062978240] INFO perfrun.perfcollector <> - format: filter_state config1:17-23 mask:17-23
128 [22955062978240] INFO perfrun.perfcollector <> - format: filter_opc config1:52-60 mask:52-60
128 [22955062978240] INFO perfrun.perfcollector <> - hwInfo: PERF_CBOX_PMU_DETAILS
128 [22955062978240] INFO perfrun.perfcollector <> - pmu added: family: uncore_cbox, id: 13
129 [22955062978240] INFO perfrun.perfcollector <> - dir found: /sys/bus/event_source/devices/uncore_r2pcie
129 [22955062978240] INFO perfrun.perfcollector <> - format: event config:0-7 mask:0-7
129 [22955062978240] INFO perfrun.perfcollector <> - format: edge config:18 mask:18
130 [22955062978240] INFO perfrun.perfcollector <> - format: inv config:23 mask:23
130 [22955062978240] INFO perfrun.perfcollector <> - format: umask config:8-15 mask:8-15
130 [22955062978240] INFO perfrun.perfcollector <> - format: thresh config:24-31 mask:24-31
130 [22955062978240] INFO perfrun.perfcollector <> - hwInfo: not set, pmuFam: uncore_r2pcie
131 [22955062978240] INFO perfrun.perfcollector <> - pmu added: family: uncore_r2pcie, id: 0
131 [22955062978240] INFO perfrun.perfcollector <> - dir found: /sys/bus/event_source/devices/uncore_sbox_0
131 [22955062978240] INFO perfrun.perfcollector <> - format: event config:0-7 mask:0-7
132 [22955062978240] INFO perfrun.perfcollector <> - format: edge config:18 mask:18
132 [22955062978240] INFO perfrun.perfcollector <> - format: inv config:23 mask:23
132 [22955062978240] INFO perfrun.perfcollector <> - format: umask config:8-15 mask:8-15
132 [22955062978240] INFO perfrun.perfcollector <> - format: tid_en config:19 mask:19
133 [22955062978240] INFO perfrun.perfcollector <> - format: thresh config:24-31 mask:24-31
133 [22955062978240] INFO perfrun.perfcollector <> - hwInfo: not set, pmuFam: uncore_sbox
133 [22955062978240] INFO perfrun.perfcollector <> - pmu added: family: uncore_sbox, id: 0
133 [22955062978240] INFO perfrun.perfcollector <> - dir found: /sys/bus/event_source/devices/uncore_qpi_1
134 [22955062978240] INFO perfrun.perfcollector <> - format: mask_rnid4 config2:31 mask:31
134 [22955062978240] INFO perfrun.perfcollector <> - format: mask_rnid30 config2:32-35 mask:32-35
134 [22955062978240] INFO perfrun.perfcollector <> - format: match_rnid30 config1:32-35 mask:32-35
135 [22955062978240] INFO perfrun.perfcollector <> - format: event config:0-7,21 mask:0-7,21
135 [22955062978240] INFO perfrun.perfcollector <> - format: match0 config1:0-31 mask:0-31
135 [22955062978240] INFO perfrun.perfcollector <> - format: match_rds config1:48-51 mask:48-51
135 [22955062978240] INFO perfrun.perfcollector <> - format: mask_rds config2:48-51 mask:48-51
136 [22955062978240] INFO perfrun.perfcollector <> - format: edge config:18 mask:18
136 [22955062978240] INFO perfrun.perfcollector <> - format: mask1 config2:32-63 mask:32-63
136 [22955062978240] INFO perfrun.perfcollector <> - format: match_dnid config1:13-17 mask:13-17
137 [22955062978240] INFO perfrun.perfcollector <> - format: mask_dnid config2:13-17 mask:13-17
137 [22955062978240] INFO perfrun.perfcollector <> - format: match_vnw config1:3-4 mask:3-4
137 [22955062978240] INFO perfrun.perfcollector <> - format: mask_vnw config2:3-4 mask:3-4
137 [22955062978240] INFO perfrun.perfcollector <> - format: mask_mc config2:9-12 mask:9-12
138 [22955062978240] INFO perfrun.perfcollector <> - format: match1 config1:32-63 mask:32-63
138 [22955062978240] INFO perfrun.perfcollector <> - format: inv config:23 mask:23
138 [22955062978240] INFO perfrun.perfcollector <> - format: umask config:8-15 mask:8-15
139 [22955062978240] INFO perfrun.perfcollector <> - format: match_opc config1:5-8 mask:5-8
139 [22955062978240] INFO perfrun.perfcollector <> - format: mask_opc config2:5-8 mask:5-8
139 [22955062978240] INFO perfrun.perfcollector <> - format: thresh config:24-31 mask:24-31
139 [22955062978240] INFO perfrun.perfcollector <> - format: match_rnid4 config1:31 mask:31
140 [22955062978240] INFO perfrun.perfcollector <> - format: mask0 config2:0-31 mask:0-31
140 [22955062978240] INFO perfrun.perfcollector <> - format: match_mc config1:9-12 mask:9-12
140 [22955062978240] INFO perfrun.perfcollector <> - hwInfo: PERF_QPI_PMU_DETAILS
140 [22955062978240] INFO perfrun.perfcollector <> - pmu added: family: uncore_qpi, id: 1
140 [22955062978240] INFO perfrun.perfcollector <> - dir found: /sys/bus/event_source/devices/uncore_cbox_6
141 [22955062978240] INFO perfrun.perfcollector <> - format: event config:0-7 mask:0-7
141 [22955062978240] INFO perfrun.perfcollector <> - format: filter_link config1:6-8 mask:6-8
142 [22955062978240] INFO perfrun.perfcollector <> - format: filter_c6 config1:61 mask:61
142 [22955062978240] INFO perfrun.perfcollector <> - format: edge config:18 mask:18
142 [22955062978240] INFO perfrun.perfcollector <> - format: filter_isoc config1:63 mask:63
142 [22955062978240] INFO perfrun.perfcollector <> - format: filter_tid config1:0-5 mask:0-5
143 [22955062978240] INFO perfrun.perfcollector <> - format: filter_nid config1:32-47 mask:32-47
143 [22955062978240] INFO perfrun.perfcollector <> - format: filter_nc config1:62 mask:62
143 [22955062978240] INFO perfrun.perfcollector <> - format: umask config:8-15 mask:8-15
144 [22955062978240] INFO perfrun.perfcollector <> - format: tid_en config:19 mask:19
144 [22955062978240] INFO perfrun.perfcollector <> - format: thresh config:24-31 mask:24-31
144 [22955062978240] INFO perfrun.perfcollector <> - format: filter_state config1:17-23 mask:17-23
144 [22955062978240] INFO perfrun.perfcollector <> - format: filter_opc config1:52-60 mask:52-60
144 [22955062978240] INFO perfrun.perfcollector <> - hwInfo: PERF_CBOX_PMU_DETAILS
145 [22955062978240] INFO perfrun.perfcollector <> - pmu added: family: uncore_cbox, id: 6
145 [22955062978240] INFO perfrun.perfcollector <> - dir found: /sys/bus/event_source/devices/uncore_imc_1
146 [22955062978240] INFO perfrun.perfcollector <> - format: event config:0-7 mask:0-7
146 [22955062978240] INFO perfrun.perfcollector <> - format: edge config:18 mask:18
146 [22955062978240] INFO perfrun.perfcollector <> - format: inv config:23 mask:23
146 [22955062978240] INFO perfrun.perfcollector <> - format: umask config:8-15 mask:8-15
147 [22955062978240] INFO perfrun.perfcollector <> - format: thresh config:24-31 mask:24-31
147 [22955062978240] INFO perfrun.perfcollector <> - hwInfo: PERF_IMC_PMU_DETAILS
147 [22955062978240] INFO perfrun.perfcollector <> - pmu added: family: uncore_imc, id: 1
147 [22955062978240] INFO perfrun.perfcollector <> - dir found: /sys/bus/event_source/devices/power
148 [22955062978240] INFO perfrun.perfcollector <> - format: event config:0-7 mask:0-7
148 [22955062978240] INFO perfrun.perfcollector <> - hwInfo: not set, pmuFam: power
148 [22955062978240] INFO perfrun.perfcollector <> - pmu added: family: power, id: 0
148 [22955062978240] INFO perfrun.perfcollector <> - dir found: /sys/bus/event_source/devices/uncore_cbox_11
149 [22955062978240] INFO perfrun.perfcollector <> - format: event config:0-7 mask:0-7
149 [22955062978240] INFO perfrun.perfcollector <> - format: filter_link config1:6-8 mask:6-8
149 [22955062978240] INFO perfrun.perfcollector <> - format: filter_c6 config1:61 mask:61
150 [22955062978240] INFO perfrun.perfcollector <> - format: edge config:18 mask:18
150 [22955062978240] INFO perfrun.perfcollector <> - format: filter_isoc config1:63 mask:63
150 [22955062978240] INFO perfrun.perfcollector <> - format: filter_tid config1:0-5 mask:0-5
150 [22955062978240] INFO perfrun.perfcollector <> - format: filter_nid config1:32-47 mask:32-47
151 [22955062978240] INFO perfrun.perfcollector <> - format: filter_nc config1:62 mask:62
151 [22955062978240] INFO perfrun.perfcollector <> - format: umask config:8-15 mask:8-15
151 [22955062978240] INFO perfrun.perfcollector <> - format: tid_en config:19 mask:19
152 [22955062978240] INFO perfrun.perfcollector <> - format: thresh config:24-31 mask:24-31
152 [22955062978240] INFO perfrun.perfcollector <> - format: filter_state config1:17-23 mask:17-23
152 [22955062978240] INFO perfrun.perfcollector <> - format: filter_opc config1:52-60 mask:52-60
152 [22955062978240] INFO perfrun.perfcollector <> - hwInfo: PERF_CBOX_PMU_DETAILS
153 [22955062978240] INFO perfrun.perfcollector <> - pmu added: family: uncore_cbox, id: 11
153 [22955062978240] INFO perfrun.perfcollector <> - dir found: /sys/bus/event_source/devices/uncore_cbox_4
153 [22955062978240] INFO perfrun.perfcollector <> - format: event config:0-7 mask:0-7
154 [22955062978240] INFO perfrun.perfcollector <> - format: filter_link config1:6-8 mask:6-8
154 [22955062978240] INFO perfrun.perfcollector <> - format: filter_c6 config1:61 mask:61
154 [22955062978240] INFO perfrun.perfcollector <> - format: edge config:18 mask:18
154 [22955062978240] INFO perfrun.perfcollector <> - format: filter_isoc config1:63 mask:63
155 [22955062978240] INFO perfrun.perfcollector <> - format: filter_tid config1:0-5 mask:0-5
155 [22955062978240] INFO perfrun.perfcollector <> - format: filter_nid config1:32-47 mask:32-47
155 [22955062978240] INFO perfrun.perfcollector <> - format: filter_nc config1:62 mask:62
156 [22955062978240] INFO perfrun.perfcollector <> - format: umask config:8-15 mask:8-15
156 [22955062978240] INFO perfrun.perfcollector <> - format: tid_en config:19 mask:19
156 [22955062978240] INFO perfrun.perfcollector <> - format: thresh config:24-31 mask:24-31
156 [22955062978240] INFO perfrun.perfcollector <> - format: filter_state config1:17-23 mask:17-23
157 [22955062978240] INFO perfrun.perfcollector <> - format: filter_opc config1:52-60 mask:52-60
157 [22955062978240] INFO perfrun.perfcollector <> - hwInfo: PERF_CBOX_PMU_DETAILS
157 [22955062978240] INFO perfrun.perfcollector <> - pmu added: family: uncore_cbox, id: 4
157 [22955062978240] INFO perfrun.perfcollector <> - dir found: /sys/bus/event_source/devices/uprobe
158 [22955062978240] INFO perfrun.perfcollector <> - format: ref_ctr_offset config:32-63 mask:32-63
158 [22955062978240] INFO perfrun.perfcollector <> - format: retprobe config:0 mask:0
158 [22955062978240] INFO perfrun.perfcollector <> - hwInfo: not set, pmuFam: uprobe
159 [22955062978240] INFO perfrun.perfcollector <> - pmu added: family: uprobe, id: 0
159 [22955062978240] INFO perfrun.perfcollector <> - dir found: /sys/bus/event_source/devices/intel_bts
159 [22955062978240] INFO perfrun.perfcollector <> - format: pmu format subdir doesn't exist
159 [22955062978240] INFO perfrun.perfcollector <> - hwInfo: not set, pmuFam: intel_bts
159 [22955062978240] INFO perfrun.perfcollector <> - pmu added: family: intel_bts, id: 0
159 [22955062978240] INFO perfrun.perfcollector <> - dir found: /sys/bus/event_source/devices/cpu
160 [22955062978240] INFO perfrun.perfcollector <> - format: event config:0-7 mask:0-7
160 [22955062978240] INFO perfrun.perfcollector <> - format: pc config:19 mask:19
160 [22955062978240] INFO perfrun.perfcollector <> - format: in_tx config:32 mask:32
161 [22955062978240] INFO perfrun.perfcollector <> - format: edge config:18 mask:18
161 [22955062978240] INFO perfrun.perfcollector <> - format: any config:21 mask:21
161 [22955062978240] INFO perfrun.perfcollector <> - format: offcore_rsp config1:0-63 mask:0-63
162 [22955062978240] INFO perfrun.perfcollector <> - format: in_tx_cp config:33 mask:33
162 [22955062978240] INFO perfrun.perfcollector <> - format: ldlat config1:0-15 mask:0-15
162 [22955062978240] INFO perfrun.perfcollector <> - format: inv config:23 mask:23
162 [22955062978240] INFO perfrun.perfcollector <> - format: umask config:8-15 mask:8-15
163 [22955062978240] INFO perfrun.perfcollector <> - format: cmask config:24-31 mask:24-31
163 [22955062978240] INFO perfrun.perfcollector <> - hwInfo: PERF_CPU_PMU_DETAILS
163 [22955062978240] INFO perfrun.perfcollector <> - pmu added: family: cpu, id: 0
163 [22955062978240] INFO perfrun.perfcollector <> - dir found: /sys/bus/event_source/devices/uncore_r3qpi_0
164 [22955062978240] INFO perfrun.perfcollector <> - format: event config:0-7 mask:0-7
164 [22955062978240] INFO perfrun.perfcollector <> - format: edge config:18 mask:18
164 [22955062978240] INFO perfrun.perfcollector <> - format: inv config:23 mask:23
165 [22955062978240] INFO perfrun.perfcollector <> - format: umask config:8-15 mask:8-15
165 [22955062978240] INFO perfrun.perfcollector <> - format: thresh config:24-31 mask:24-31
165 [22955062978240] INFO perfrun.perfcollector <> - hwInfo: not set, pmuFam: uncore_r3qpi
165 [22955062978240] INFO perfrun.perfcollector <> - pmu added: family: uncore_r3qpi, id: 0
166 [22955062978240] INFO perfrun.perfcollector <> - dir found: /sys/bus/event_source/devices/cstate_core
166 [22955062978240] INFO perfrun.perfcollector <> - format: event config:0-63 mask:0-63
166 [22955062978240] INFO perfrun.perfcollector <> - hwInfo: not set, pmuFam: cstate_core
167 [22955062978240] INFO perfrun.perfcollector <> - pmu added: family: cstate_core, id: 0
167 [22955062978240] INFO perfrun.perfcollector <> - dir found: /sys/bus/event_source/devices/uncore_cbox_2
167 [22955062978240] INFO perfrun.perfcollector <> - format: event config:0-7 mask:0-7
168 [22955062978240] INFO perfrun.perfcollector <> - format: filter_link config1:6-8 mask:6-8
168 [22955062978240] INFO perfrun.perfcollector <> - format: filter_c6 config1:61 mask:61
168 [22955062978240] INFO perfrun.perfcollector <> - format: edge config:18 mask:18
168 [22955062978240] INFO perfrun.perfcollector <> - format: filter_isoc config1:63 mask:63
169 [22955062978240] INFO perfrun.perfcollector <> - format: filter_tid config1:0-5 mask:0-5
169 [22955062978240] INFO perfrun.perfcollector <> - format: filter_nid config1:32-47 mask:32-47
169 [22955062978240] INFO perfrun.perfcollector <> - format: filter_nc config1:62 mask:62
169 [22955062978240] INFO perfrun.perfcollector <> - format: umask config:8-15 mask:8-15
170 [22955062978240] INFO perfrun.perfcollector <> - format: tid_en config:19 mask:19
170 [22955062978240] INFO perfrun.perfcollector <> - format: thresh config:24-31 mask:24-31
170 [22955062978240] INFO perfrun.perfcollector <> - format: filter_state config1:17-23 mask:17-23
171 [22955062978240] INFO perfrun.perfcollector <> - format: filter_opc config1:52-60 mask:52-60
171 [22955062978240] INFO perfrun.perfcollector <> - hwInfo: PERF_CBOX_PMU_DETAILS
171 [22955062978240] INFO perfrun.perfcollector <> - pmu added: family: uncore_cbox, id: 2
171 [22955062978240] INFO perfrun.perfcollector <> - dir found: /sys/bus/event_source/devices/breakpoint
171 [22955062978240] INFO perfrun.perfcollector <> - format: pmu format subdir doesn't exist
171 [22955062978240] INFO perfrun.perfcollector <> - hwInfo: not set, pmuFam: breakpoint
172 [22955062978240] INFO perfrun.perfcollector <> - pmu added: family: breakpoint, id: 0
172 [22955062978240] INFO perfrun.perfcollector <> - dir found: /sys/bus/event_source/devices/uncore_ha_0
172 [22955062978240] INFO perfrun.perfcollector <> - format: event config:0-7 mask:0-7
173 [22955062978240] INFO perfrun.perfcollector <> - format: edge config:18 mask:18
173 [22955062978240] INFO perfrun.perfcollector <> - format: inv config:23 mask:23
173 [22955062978240] INFO perfrun.perfcollector <> - format: umask config:8-15 mask:8-15
173 [22955062978240] INFO perfrun.perfcollector <> - format: thresh config:24-31 mask:24-31
173 [22955062978240] INFO perfrun.perfcollector <> - hwInfo: not set, pmuFam: uncore_ha
174 [22955062978240] INFO perfrun.perfcollector <> - pmu added: family: uncore_ha, id: 0
174 [22955062978240] INFO perfrun.perfcollector <> - dir found: /sys/bus/event_source/devices/uncore_cbox_0
174 [22955062978240] INFO perfrun.perfcollector <> - format: event config:0-7 mask:0-7
174 [22955062978240] INFO perfrun.perfcollector <> - format: filter_link config1:6-8 mask:6-8
175 [22955062978240] INFO perfrun.perfcollector <> - format: filter_c6 config1:61 mask:61
175 [22955062978240] INFO perfrun.perfcollector <> - format: edge config:18 mask:18
175 [22955062978240] INFO perfrun.perfcollector <> - format: filter_isoc config1:63 mask:63
175 [22955062978240] INFO perfrun.perfcollector <> - format: filter_tid config1:0-5 mask:0-5
176 [22955062978240] INFO perfrun.perfcollector <> - format: filter_nid config1:32-47 mask:32-47
176 [22955062978240] INFO perfrun.perfcollector <> - format: filter_nc config1:62 mask:62
176 [22955062978240] INFO perfrun.perfcollector <> - format: umask config:8-15 mask:8-15
176 [22955062978240] INFO perfrun.perfcollector <> - format: tid_en config:19 mask:19
177 [22955062978240] INFO perfrun.perfcollector <> - format: thresh config:24-31 mask:24-31
177 [22955062978240] INFO perfrun.perfcollector <> - format: filter_state config1:17-23 mask:17-23
177 [22955062978240] INFO perfrun.perfcollector <> - format: filter_opc config1:52-60 mask:52-60
177 [22955062978240] INFO perfrun.perfcollector <> - hwInfo: PERF_CBOX_PMU_DETAILS
177 [22955062978240] INFO perfrun.perfcollector <> - pmu added: family: uncore_cbox, id: 0
177 [22955062978240] INFO perfrun.perfcollector <> - dir found: /sys/bus/event_source/devices/tracepoint
178 [22955062978240] INFO perfrun.perfcollector <> - format: pmu format subdir doesn't exist
178 [22955062978240] INFO perfrun.perfcollector <> - hwInfo: not set, pmuFam: tracepoint
178 [22955062978240] INFO perfrun.perfcollector <> - pmu added: family: tracepoint, id: 0
178 [22955062978240] INFO perfrun.perfcollector <> - dir found: /sys/bus/event_source/devices/uncore_sbox_3
178 [22955062978240] INFO perfrun.perfcollector <> - format: event config:0-7 mask:0-7
179 [22955062978240] INFO perfrun.perfcollector <> - format: edge config:18 mask:18
179 [22955062978240] INFO perfrun.perfcollector <> - format: inv config:23 mask:23
179 [22955062978240] INFO perfrun.perfcollector <> - format: umask config:8-15 mask:8-15
179 [22955062978240] INFO perfrun.perfcollector <> - format: tid_en config:19 mask:19
180 [22955062978240] INFO perfrun.perfcollector <> - format: thresh config:24-31 mask:24-31
180 [22955062978240] INFO perfrun.perfcollector <> - hwInfo: not set, pmuFam: uncore_sbox
180 [22955062978240] INFO perfrun.perfcollector <> - pmu added: family: uncore_sbox, id: 3
180 [22955062978240] INFO perfrun.perfcollector <> - dir found: /sys/bus/event_source/devices/uncore_cbox_9
181 [22955062978240] INFO perfrun.perfcollector <> - format: event config:0-7 mask:0-7
181 [22955062978240] INFO perfrun.perfcollector <> - format: filter_link config1:6-8 mask:6-8
181 [22955062978240] INFO perfrun.perfcollector <> - format: filter_c6 config1:61 mask:61
181 [22955062978240] INFO perfrun.perfcollector <> - format: edge config:18 mask:18
182 [22955062978240] INFO perfrun.perfcollector <> - format: filter_isoc config1:63 mask:63
182 [22955062978240] INFO perfrun.perfcollector <> - format: filter_tid config1:0-5 mask:0-5
182 [22955062978240] INFO perfrun.perfcollector <> - format: filter_nid config1:32-47 mask:32-47
182 [22955062978240] INFO perfrun.perfcollector <> - format: filter_nc config1:62 mask:62
183 [22955062978240] INFO perfrun.perfcollector <> - format: umask config:8-15 mask:8-15
183 [22955062978240] INFO perfrun.perfcollector <> - format: tid_en config:19 mask:19
183 [22955062978240] INFO perfrun.perfcollector <> - format: thresh config:24-31 mask:24-31
183 [22955062978240] INFO perfrun.perfcollector <> - format: filter_state config1:17-23 mask:17-23
184 [22955062978240] INFO perfrun.perfcollector <> - format: filter_opc config1:52-60 mask:52-60
184 [22955062978240] INFO perfrun.perfcollector <> - hwInfo: PERF_CBOX_PMU_DETAILS
184 [22955062978240] INFO perfrun.perfcollector <> - pmu added: family: uncore_cbox, id: 9
184 [22955062978240] INFO perfrun.perfcollector <> - dir found: /sys/bus/event_source/devices/cstate_pkg
184 [22955062978240] INFO perfrun.perfcollector <> - format: event config:0-63 mask:0-63
184 [22955062978240] INFO perfrun.perfcollector <> - hwInfo: not set, pmuFam: cstate_pkg
185 [22955062978240] INFO perfrun.perfcollector <> - pmu added: family: cstate_pkg, id: 0
185 [22955062978240] INFO perfrun.perfcollector <> - dir found: /sys/bus/event_source/devices/uncore_imc_4
185 [22955062978240] INFO perfrun.perfcollector <> - format: event config:0-7 mask:0-7
186 [22955062978240] INFO perfrun.perfcollector <> - format: edge config:18 mask:18
186 [22955062978240] INFO perfrun.perfcollector <> - format: inv config:23 mask:23
186 [22955062978240] INFO perfrun.perfcollector <> - format: umask config:8-15 mask:8-15
186 [22955062978240] INFO perfrun.perfcollector <> - format: thresh config:24-31 mask:24-31
186 [22955062978240] INFO perfrun.perfcollector <> - hwInfo: PERF_IMC_PMU_DETAILS
187 [22955062978240] INFO perfrun.perfcollector <> - pmu added: family: uncore_imc, id: 4
187 [22955062978240] INFO perfrun.perfcollector <> - dir found: /sys/bus/event_source/devices/uncore_ubox
187 [22955062978240] INFO perfrun.perfcollector <> - format: event config:0-7 mask:0-7
187 [22955062978240] INFO perfrun.perfcollector <> - format: edge config:18 mask:18
188 [22955062978240] INFO perfrun.perfcollector <> - format: inv config:23 mask:23
188 [22955062978240] INFO perfrun.perfcollector <> - format: umask config:8-15 mask:8-15
188 [22955062978240] INFO perfrun.perfcollector <> - format: thresh config:24-28 mask:24-28
188 [22955062978240] INFO perfrun.perfcollector <> - hwInfo: not set, pmuFam: uncore_ubox
188 [22955062978240] INFO perfrun.perfcollector <> - pmu added: family: uncore_ubox, id: 0
189 [22955062978240] INFO perfrun.perfcollector <> - dir found: /sys/bus/event_source/devices/uncore_sbox_1
189 [22955062978240] INFO perfrun.perfcollector <> - format: event config:0-7 mask:0-7
189 [22955062978240] INFO perfrun.perfcollector <> - format: edge config:18 mask:18
190 [22955062978240] INFO perfrun.perfcollector <> - format: inv config:23 mask:23
190 [22955062978240] INFO perfrun.perfcollector <> - format: umask config:8-15 mask:8-15
190 [22955062978240] INFO perfrun.perfcollector <> - format: tid_en config:19 mask:19
190 [22955062978240] INFO perfrun.perfcollector <> - format: thresh config:24-31 mask:24-31
190 [22955062978240] INFO perfrun.perfcollector <> - hwInfo: not set, pmuFam: uncore_sbox
191 [22955062978240] INFO perfrun.perfcollector <> - pmu added: family: uncore_sbox, id: 1
191 [22955062978240] INFO perfrun.perfcollector <> - dir found: /sys/bus/event_source/devices/uncore_cbox_7
191 [22955062978240] INFO perfrun.perfcollector <> - format: event config:0-7 mask:0-7
191 [22955062978240] INFO perfrun.perfcollector <> - format: filter_link config1:6-8 mask:6-8
192 [22955062978240] INFO perfrun.perfcollector <> - format: filter_c6 config1:61 mask:61
192 [22955062978240] INFO perfrun.perfcollector <> - format: edge config:18 mask:18
192 [22955062978240] INFO perfrun.perfcollector <> - format: filter_isoc config1:63 mask:63
192 [22955062978240] INFO perfrun.perfcollector <> - format: filter_tid config1:0-5 mask:0-5
193 [22955062978240] INFO perfrun.perfcollector <> - format: filter_nid config1:32-47 mask:32-47
193 [22955062978240] INFO perfrun.perfcollector <> - format: filter_nc config1:62 mask:62
193 [22955062978240] INFO perfrun.perfcollector <> - format: umask config:8-15 mask:8-15
194 [22955062978240] INFO perfrun.perfcollector <> - format: tid_en config:19 mask:19
194 [22955062978240] INFO perfrun.perfcollector <> - format: thresh config:24-31 mask:24-31
194 [22955062978240] INFO perfrun.perfcollector <> - format: filter_state config1:17-23 mask:17-23
194 [22955062978240] INFO perfrun.perfcollector <> - format: filter_opc config1:52-60 mask:52-60
194 [22955062978240] INFO perfrun.perfcollector <> - hwInfo: PERF_CBOX_PMU_DETAILS
195 [22955062978240] INFO perfrun.perfcollector <> - pmu added: family: uncore_cbox, id: 7
195 [22955062978240] INFO perfrun.perfcollector <> - dir found: /sys/bus/event_source/devices/uncore_cbox_12
195 [22955062978240] INFO perfrun.perfcollector <> - format: event config:0-7 mask:0-7
195 [22955062978240] INFO perfrun.perfcollector <> - format: filter_link config1:6-8 mask:6-8
196 [22955062978240] INFO perfrun.perfcollector <> - format: filter_c6 config1:61 mask:61
196 [22955062978240] INFO perfrun.perfcollector <> - format: edge config:18 mask:18
196 [22955062978240] INFO perfrun.perfcollector <> - format: filter_isoc config1:63 mask:63
196 [22955062978240] INFO perfrun.perfcollector <> - format: filter_tid config1:0-5 mask:0-5
197 [22955062978240] INFO perfrun.perfcollector <> - format: filter_nid config1:32-47 mask:32-47
197 [22955062978240] INFO perfrun.perfcollector <> - format: filter_nc config1:62 mask:62
197 [22955062978240] INFO perfrun.perfcollector <> - format: umask config:8-15 mask:8-15
197 [22955062978240] INFO perfrun.perfcollector <> - format: tid_en config:19 mask:19
198 [22955062978240] INFO perfrun.perfcollector <> - format: thresh config:24-31 mask:24-31
198 [22955062978240] INFO perfrun.perfcollector <> - format: filter_state config1:17-23 mask:17-23
198 [22955062978240] INFO perfrun.perfcollector <> - format: filter_opc config1:52-60 mask:52-60
198 [22955062978240] INFO perfrun.perfcollector <> - hwInfo: PERF_CBOX_PMU_DETAILS
199 [22955062978240] INFO perfrun.perfcollector <> - pmu added: family: uncore_cbox, id: 12
199 [22955062978240] INFO perfrun.perfcollector <> - dir found: /sys/bus/event_source/devices/kprobe
199 [22955062978240] INFO perfrun.perfcollector <> - format: retprobe config:0 mask:0
199 [22955062978240] INFO perfrun.perfcollector <> - hwInfo: not set, pmuFam: kprobe
199 [22955062978240] INFO perfrun.perfcollector <> - pmu added: family: kprobe, id: 0
199 [22955062978240] INFO perfrun.perfcollector <> - dir found: /sys/bus/event_source/devices/uncore_qpi_0
200 [22955062978240] INFO perfrun.perfcollector <> - format: mask_rnid4 config2:31 mask:31
200 [22955062978240] INFO perfrun.perfcollector <> - format: mask_rnid30 config2:32-35 mask:32-35
200 [22955062978240] INFO perfrun.perfcollector <> - format: match_rnid30 config1:32-35 mask:32-35
201 [22955062978240] INFO perfrun.perfcollector <> - format: event config:0-7,21 mask:0-7,21
201 [22955062978240] INFO perfrun.perfcollector <> - format: match0 config1:0-31 mask:0-31
201 [22955062978240] INFO perfrun.perfcollector <> - format: match_rds config1:48-51 mask:48-51
201 [22955062978240] INFO perfrun.perfcollector <> - format: mask_rds config2:48-51 mask:48-51
202 [22955062978240] INFO perfrun.perfcollector <> - format: edge config:18 mask:18
202 [22955062978240] INFO perfrun.perfcollector <> - format: mask1 config2:32-63 mask:32-63
202 [22955062978240] INFO perfrun.perfcollector <> - format: match_dnid config1:13-17 mask:13-17
203 [22955062978240] INFO perfrun.perfcollector <> - format: mask_dnid config2:13-17 mask:13-17
203 [22955062978240] INFO perfrun.perfcollector <> - format: match_vnw config1:3-4 mask:3-4
203 [22955062978240] INFO perfrun.perfcollector <> - format: mask_vnw config2:3-4 mask:3-4
203 [22955062978240] INFO perfrun.perfcollector <> - format: mask_mc config2:9-12 mask:9-12
204 [22955062978240] INFO perfrun.perfcollector <> - format: match1 config1:32-63 mask:32-63
204 [22955062978240] INFO perfrun.perfcollector <> - format: inv config:23 mask:23
204 [22955062978240] INFO perfrun.perfcollector <> - format: umask config:8-15 mask:8-15
204 [22955062978240] INFO perfrun.perfcollector <> - format: match_opc config1:5-8 mask:5-8
204 [22955062978240] INFO perfrun.perfcollector <> - format: mask_opc config2:5-8 mask:5-8
205 [22955062978240] INFO perfrun.perfcollector <> - format: thresh config:24-31 mask:24-31
205 [22955062978240] INFO perfrun.perfcollector <> - format: match_rnid4 config1:31 mask:31
205 [22955062978240] INFO perfrun.perfcollector <> - format: mask0 config2:0-31 mask:0-31
205 [22955062978240] INFO perfrun.perfcollector <> - format: match_mc config1:9-12 mask:9-12
206 [22955062978240] INFO perfrun.perfcollector <> - hwInfo: PERF_QPI_PMU_DETAILS
206 [22955062978240] INFO perfrun.perfcollector <> - pmu added: family: uncore_qpi, id: 0
206 [22955062978240] INFO perfrun.perfcollector <> - dir found: /sys/bus/event_source/devices/uncore_cbox_5
207 [22955062978240] INFO perfrun.perfcollector <> - format: event config:0-7 mask:0-7
207 [22955062978240] INFO perfrun.perfcollector <> - format: filter_link config1:6-8 mask:6-8
207 [22955062978240] INFO perfrun.perfcollector <> - format: filter_c6 config1:61 mask:61
207 [22955062978240] INFO perfrun.perfcollector <> - format: edge config:18 mask:18
208 [22955062978240] INFO perfrun.perfcollector <> - format: filter_isoc config1:63 mask:63
208 [22955062978240] INFO perfrun.perfcollector <> - format: filter_tid config1:0-5 mask:0-5
208 [22955062978240] INFO perfrun.perfcollector <> - format: filter_nid config1:32-47 mask:32-47
208 [22955062978240] INFO perfrun.perfcollector <> - format: filter_nc config1:62 mask:62
209 [22955062978240] INFO perfrun.perfcollector <> - format: umask config:8-15 mask:8-15
209 [22955062978240] INFO perfrun.perfcollector <> - format: tid_en config:19 mask:19
209 [22955062978240] INFO perfrun.perfcollector <> - format: thresh config:24-31 mask:24-31
210 [22955062978240] INFO perfrun.perfcollector <> - format: filter_state config1:17-23 mask:17-23
210 [22955062978240] INFO perfrun.perfcollector <> - format: filter_opc config1:52-60 mask:52-60
210 [22955062978240] INFO perfrun.perfcollector <> - hwInfo: PERF_CBOX_PMU_DETAILS
210 [22955062978240] INFO perfrun.perfcollector <> - pmu added: family: uncore_cbox, id: 5
210 [22955062978240] INFO perfrun.perfcollector <> - dir found: /sys/bus/event_source/devices/uncore_imc_0
211 [22955062978240] INFO perfrun.perfcollector <> - format: event config:0-7 mask:0-7
211 [22955062978240] INFO perfrun.perfcollector <> - format: edge config:18 mask:18
211 [22955062978240] INFO perfrun.perfcollector <> - format: inv config:23 mask:23
212 [22955062978240] INFO perfrun.perfcollector <> - format: umask config:8-15 mask:8-15
212 [22955062978240] INFO perfrun.perfcollector <> - format: thresh config:24-31 mask:24-31
212 [22955062978240] INFO perfrun.perfcollector <> - hwInfo: PERF_IMC_PMU_DETAILS
212 [22955062978240] INFO perfrun.perfcollector <> - pmu added: family: uncore_imc, id: 0
212 [22955062978240] INFO perfrun.perfcollector <> - dir found: /sys/bus/event_source/devices/uncore_cbox_10
213 [22955062978240] INFO perfrun.perfcollector <> - format: event config:0-7 mask:0-7
213 [22955062978240] INFO perfrun.perfcollector <> - format: filter_link config1:6-8 mask:6-8
214 [22955062978240] INFO perfrun.perfcollector <> - format: filter_c6 config1:61 mask:61
214 [22955062978240] INFO perfrun.perfcollector <> - format: edge config:18 mask:18
214 [22955062978240] INFO perfrun.perfcollector <> - format: filter_isoc config1:63 mask:63
214 [22955062978240] INFO perfrun.perfcollector <> - format: filter_tid config1:0-5 mask:0-5
215 [22955062978240] INFO perfrun.perfcollector <> - format: filter_nid config1:32-47 mask:32-47
215 [22955062978240] INFO perfrun.perfcollector <> - format: filter_nc config1:62 mask:62
215 [22955062978240] INFO perfrun.perfcollector <> - format: umask config:8-15 mask:8-15
215 [22955062978240] INFO perfrun.perfcollector <> - format: tid_en config:19 mask:19
216 [22955062978240] INFO perfrun.perfcollector <> - format: thresh config:24-31 mask:24-31
216 [22955062978240] INFO perfrun.perfcollector <> - format: filter_state config1:17-23 mask:17-23
216 [22955062978240] INFO perfrun.perfcollector <> - format: filter_opc config1:52-60 mask:52-60
216 [22955062978240] INFO perfrun.perfcollector <> - hwInfo: PERF_CBOX_PMU_DETAILS
217 [22955062978240] INFO perfrun.perfcollector <> - pmu added: family: uncore_cbox, id: 10
217 [22955062978240] INFO perfrun.perfcollector <> - dir found: /sys/bus/event_source/devices/uncore_pcu
217 [22955062978240] INFO perfrun.perfcollector <> - format: filter_band2 config1:16-23 mask:16-23
218 [22955062978240] INFO perfrun.perfcollector <> - format: event config:0-7 mask:0-7
218 [22955062978240] INFO perfrun.perfcollector <> - format: filter_band0 config1:0-7 mask:0-7
218 [22955062978240] INFO perfrun.perfcollector <> - format: edge config:18 mask:18
219 [22955062978240] INFO perfrun.perfcollector <> - format: occ_invert config:30 mask:30
219 [22955062978240] INFO perfrun.perfcollector <> - format: occ_edge config:14-51 mask:14-51
219 [22955062978240] INFO perfrun.perfcollector <> - format: filter_band3 config1:24-31 mask:24-31
219 [22955062978240] INFO perfrun.perfcollector <> - format: filter_band1 config1:8-15 mask:8-15
220 [22955062978240] INFO perfrun.perfcollector <> - format: inv config:23 mask:23
220 [22955062978240] INFO perfrun.perfcollector <> - format: thresh config:24-28 mask:24-28
220 [22955062978240] INFO perfrun.perfcollector <> - format: occ_sel config:14-15 mask:14-15
220 [22955062978240] INFO perfrun.perfcollector <> - hwInfo: not set, pmuFam: uncore_pcu
221 [22955062978240] INFO perfrun.perfcollector <> - pmu added: family: uncore_pcu, id: 0
221 [22955062978240] INFO perfrun.perfcollector <> - dir found: /sys/bus/event_source/devices/uncore_r3qpi_1
221 [22955062978240] INFO perfrun.perfcollector <> - format: event config:0-7 mask:0-7
221 [22955062978240] INFO perfrun.perfcollector <> - format: edge config:18 mask:18
222 [22955062978240] INFO perfrun.perfcollector <> - format: inv config:23 mask:23
222 [22955062978240] INFO perfrun.perfcollector <> - format: umask config:8-15 mask:8-15
222 [22955062978240] INFO perfrun.perfcollector <> - format: thresh config:24-31 mask:24-31
222 [22955062978240] INFO perfrun.perfcollector <> - hwInfo: not set, pmuFam: uncore_r3qpi
223 [22955062978240] INFO perfrun.perfcollector <> - pmu added: family: uncore_r3qpi, id: 1
223 [22955062978240] INFO perfrun.perfcollector <> - dir found: /sys/bus/event_source/devices/msr
223 [22955062978240] INFO perfrun.perfcollector <> - format: event config:0-63 mask:0-63
223 [22955062978240] INFO perfrun.perfcollector <> - hwInfo: not set, pmuFam: msr
224 [22955062978240] INFO perfrun.perfcollector <> - pmu added: family: msr, id: 0
224 [22955062978240] INFO perfrun.perfcollector <> - dir found: /sys/bus/event_source/devices/uncore_cbox_3
224 [22955062978240] INFO perfrun.perfcollector <> - format: event config:0-7 mask:0-7
225 [22955062978240] INFO perfrun.perfcollector <> - format: filter_link config1:6-8 mask:6-8
225 [22955062978240] INFO perfrun.perfcollector <> - format: filter_c6 config1:61 mask:61
225 [22955062978240] INFO perfrun.perfcollector <> - format: edge config:18 mask:18
225 [22955062978240] INFO perfrun.perfcollector <> - format: filter_isoc config1:63 mask:63
226 [22955062978240] INFO perfrun.perfcollector <> - format: filter_tid config1:0-5 mask:0-5
226 [22955062978240] INFO perfrun.perfcollector <> - format: filter_nid config1:32-47 mask:32-47
226 [22955062978240] INFO perfrun.perfcollector <> - format: filter_nc config1:62 mask:62
226 [22955062978240] INFO perfrun.perfcollector <> - format: umask config:8-15 mask:8-15
227 [22955062978240] INFO perfrun.perfcollector <> - format: tid_en config:19 mask:19
227 [22955062978240] INFO perfrun.perfcollector <> - format: thresh config:24-31 mask:24-31
227 [22955062978240] INFO perfrun.perfcollector <> - format: filter_state config1:17-23 mask:17-23
227 [22955062978240] INFO perfrun.perfcollector <> - format: filter_opc config1:52-60 mask:52-60
227 [22955062978240] INFO perfrun.perfcollector <> - hwInfo: PERF_CBOX_PMU_DETAILS
227 [22955062978240] INFO perfrun.perfcollector <> - pmu added: family: uncore_cbox, id: 3
227 [22955062978240] INFO perfrun.perfcollector <> - dir found: /sys/bus/event_source/devices/intel_pt
227 [22955062978240] INFO perfrun.perfcollector <> - format: ptw config:12 mask:12
227 [22955062978240] INFO perfrun.perfcollector <> - format: event config:31 mask:31
228 [22955062978240] INFO perfrun.perfcollector <> - format: cyc_thresh config:19-22 mask:19-22
228 [22955062978240] INFO perfrun.perfcollector <> - format: pt config:0 mask:0
228 [22955062978240] INFO perfrun.perfcollector <> - format: notnt config:55 mask:55
228 [22955062978240] INFO perfrun.perfcollector <> - format: branch config:13 mask:13
228 [22955062978240] INFO perfrun.perfcollector <> - format: tsc config:10 mask:10
228 [22955062978240] INFO perfrun.perfcollector <> - format: pwr_evt config:4 mask:4
228 [22955062978240] INFO perfrun.perfcollector <> - format: fup_on_ptw config:5 mask:5
228 [22955062978240] INFO perfrun.perfcollector <> - format: cyc config:1 mask:1
229 [22955062978240] INFO perfrun.perfcollector <> - format: noretcomp config:11 mask:11
229 [22955062978240] INFO perfrun.perfcollector <> - format: mtc config:9 mask:9
229 [22955062978240] INFO perfrun.perfcollector <> - format: psb_period config:24-27 mask:24-27
229 [22955062978240] INFO perfrun.perfcollector <> - format: mtc_period config:14-17 mask:14-17
229 [22955062978240] INFO perfrun.perfcollector <> - hwInfo: not set, pmuFam: intel_pt
229 [22955062978240] INFO perfrun.perfcollector <> - pmu added: family: intel_pt, id: 0
229 [22955062978240] INFO perfrun.perfcollector <> - dir found: /sys/bus/event_source/devices/uncore_ha_1
229 [22955062978240] INFO perfrun.perfcollector <> - format: event config:0-7 mask:0-7
230 [22955062978240] INFO perfrun.perfcollector <> - format: edge config:18 mask:18
230 [22955062978240] INFO perfrun.perfcollector <> - format: inv config:23 mask:23
230 [22955062978240] INFO perfrun.perfcollector <> - format: umask config:8-15 mask:8-15
230 [22955062978240] INFO perfrun.perfcollector <> - format: thresh config:24-31 mask:24-31
230 [22955062978240] INFO perfrun.perfcollector <> - hwInfo: not set, pmuFam: uncore_ha
230 [22955062978240] INFO perfrun.perfcollector <> - pmu added: family: uncore_ha, id: 1
230 [22955062978240] INFO perfrun.perfcollector <> - dir found: /sys/bus/event_source/devices/uncore_cbox_1
230 [22955062978240] INFO perfrun.perfcollector <> - format: event config:0-7 mask:0-7
230 [22955062978240] INFO perfrun.perfcollector <> - format: filter_link config1:6-8 mask:6-8
230 [22955062978240] INFO perfrun.perfcollector <> - format: filter_c6 config1:61 mask:61
231 [22955062978240] INFO perfrun.perfcollector <> - format: edge config:18 mask:18
231 [22955062978240] INFO perfrun.perfcollector <> - format: filter_isoc config1:63 mask:63
231 [22955062978240] INFO perfrun.perfcollector <> - format: filter_tid config1:0-5 mask:0-5
231 [22955062978240] INFO perfrun.perfcollector <> - format: filter_nid config1:32-47 mask:32-47
231 [22955062978240] INFO perfrun.perfcollector <> - format: filter_nc config1:62 mask:62
231 [22955062978240] INFO perfrun.perfcollector <> - format: umask config:8-15 mask:8-15
231 [22955062978240] INFO perfrun.perfcollector <> - format: tid_en config:19 mask:19
232 [22955062978240] INFO perfrun.perfcollector <> - format: thresh config:24-31 mask:24-31
232 [22955062978240] INFO perfrun.perfcollector <> - format: filter_state config1:17-23 mask:17-23
232 [22955062978240] INFO perfrun.perfcollector <> - format: filter_opc config1:52-60 mask:52-60
232 [22955062978240] INFO perfrun.perfcollector <> - hwInfo: PERF_CBOX_PMU_DETAILS
232 [22955062978240] INFO perfrun.perfcollector <> - pmu added: family: uncore_cbox, id: 1
232 [22955062978240] INFO perfrun.sdk <> - runCmd: /opt/intel/oneapi/vtune/2023.1.0/bin64/sep -dry-run -sam 1 -ec CPU_CLK_UNHALTED.THREAD,CPU_CLK_UNHALTED.REF_TSC:sample:sa=2400000,INST_RETIRED.ANY:sample:sa=2400000,CPU_CLK_UNHALTED.REF_XCLK,CPU_CLK_UNHALTED.ONE_THREAD_ACTIVE,FP_ARITH_INST_RETIRED.SCALAR_SINGLE,FP_ARITH_INST_RETIRED.128B_PACKED_SINGLE,FP_ARITH_INST_RETIRED.256B_PACKED_SINGLE,FP_ARITH_INST_RETIRED.SCALAR_DOUBLE,FP_ARITH_INST_RETIRED.128B_PACKED_DOUBLE,FP_ARITH_INST_RETIRED.256B_PACKED_DOUBLE,INST_RETIRED.X87,UOPS_RETIRED.RETIRE_SLOTS:sample:sa=2000003 -experimental
233 [22955062978240] INFO perfrun.sdk <> - runCmd started PID 3362805
317 [22955062978240] INFO perfrun.perfcollector <> - SepDryRun RC = true
321 [22955062978240] INFO perfrun.perfcollector <> - DRY_RUN: "PMU type: Core (core)"
321 [22955062978240] INFO perfrun.perfcollector <> - pmu type: cpu
321 [22955062978240] INFO perfrun.perfcollector <> - DRY_RUN: "Group 0:"
321 [22955062978240] INFO perfrun.perfcollector <> - id: 0
321 [22955062978240] INFO perfrun.perfcollector <> - DRY_RUN: "INST_RETIRED.ANY: event id 2"
321 [22955062978240] INFO perfrun.perfcollector <> - eventName: INST_RETIRED.ANY, eventId: 2
321 [22955062978240] INFO perfrun.perfcollector <> - DRY_RUN: "CPU_CLK_UNHALTED.THREAD: event id 0"
321 [22955062978240] INFO perfrun.perfcollector <> - eventName: CPU_CLK_UNHALTED.THREAD, eventId: 0
321 [22955062978240] INFO perfrun.perfcollector <> - DRY_RUN: "CPU_CLK_UNHALTED.REF_TSC: event id 1"
321 [22955062978240] INFO perfrun.perfcollector <> - eventName: CPU_CLK_UNHALTED.REF_TSC, eventId: 1
321 [22955062978240] INFO perfrun.perfcollector <> - DRY_RUN: "FP_ARITH_INST_RETIRED.SCALAR_SINGLE: event id 5"
321 [22955062978240] INFO perfrun.perfcollector <> - eventName: FP_ARITH_INST_RETIRED.SCALAR_SINGLE, eventId: 5
321 [22955062978240] INFO perfrun.perfcollector <> - DRY_RUN: "FP_ARITH_INST_RETIRED.128B_PACKED_SINGLE: event id 6"
321 [22955062978240] INFO perfrun.perfcollector <> - eventName: FP_ARITH_INST_RETIRED.128B_PACKED_SINGLE, eventId: 6
321 [22955062978240] INFO perfrun.perfcollector <> - DRY_RUN: "FP_ARITH_INST_RETIRED.256B_PACKED_SINGLE: event id 7"
321 [22955062978240] INFO perfrun.perfcollector <> - eventName: FP_ARITH_INST_RETIRED.256B_PACKED_SINGLE, eventId: 7
321 [22955062978240] INFO perfrun.perfcollector <> - DRY_RUN: "FP_ARITH_INST_RETIRED.SCALAR_DOUBLE: event id 8"
321 [22955062978240] INFO perfrun.perfcollector <> - eventName: FP_ARITH_INST_RETIRED.SCALAR_DOUBLE, eventId: 8
321 [22955062978240] INFO perfrun.perfcollector <> - DRY_RUN: "CPU_CLK_UNHALTED.REF_XCLK: event id 3"
321 [22955062978240] INFO perfrun.perfcollector <> - eventName: CPU_CLK_UNHALTED.REF_XCLK, eventId: 3
321 [22955062978240] INFO perfrun.perfcollector <> - DRY_RUN: "CPU_CLK_UNHALTED.ONE_THREAD_ACTIVE: event id 4"
321 [22955062978240] INFO perfrun.perfcollector <> - eventName: CPU_CLK_UNHALTED.ONE_THREAD_ACTIVE, eventId: 4
321 [22955062978240] INFO perfrun.perfcollector <> - DRY_RUN: "INST_RETIRED.X87: event id 11"
321 [22955062978240] INFO perfrun.perfcollector <> - eventName: INST_RETIRED.X87, eventId: 11
321 [22955062978240] INFO perfrun.perfcollector <> - DRY_RUN: "UOPS_RETIRED.RETIRE_SLOTS: event id 12"
321 [22955062978240] INFO perfrun.perfcollector <> - eventName: UOPS_RETIRED.RETIRE_SLOTS, eventId: 12
321 [22955062978240] INFO perfrun.perfcollector <> - DRY_RUN: "CCCR"
321 [22955062978240] INFO perfrun.perfcollector <> - DRY_RUN: "reg_type       = 1	event_id       = g	reg_id         = 38f	reg_value      = 7000000ff"
321 [22955062978240] INFO perfrun.perfcollector <> - eventId: g, skip parsing event_id
321 [22955062978240] INFO perfrun.perfcollector <> - Register was ignored: group_id: 0, reg_type: 1, event_id: 4294967295, reg_id: 38f, reg_value: 7000000ff, pmu_name: cpu
321 [22955062978240] INFO perfrun.perfcollector <> - DRY_RUN: "reg_type       = 1	event_id       = g	reg_id         = 390	reg_value      = 7000000ff"
321 [22955062978240] INFO perfrun.perfcollector <> - eventId: g, skip parsing event_id
321 [22955062978240] INFO perfrun.perfcollector <> - Register was ignored: group_id: 0, reg_type: 1, event_id: 4294967295, reg_id: 390, reg_value: 7000000ff, pmu_name: cpu
321 [22955062978240] INFO perfrun.perfcollector <> - DRY_RUN: "reg_type       = 1	event_id       = g	reg_id         = 3f1	reg_value      = 0"
321 [22955062978240] INFO perfrun.perfcollector <> - eventId: g, skip parsing event_id
321 [22955062978240] INFO perfrun.perfcollector <> - Register was ignored: group_id: 0, reg_type: 1, event_id: 4294967295, reg_id: 3f1, reg_value: 0, pmu_name: cpu
321 [22955062978240] INFO perfrun.perfcollector <> - DRY_RUN: "reg_type       = 1	event_id       = g	reg_id         = 1d9	reg_value      = 1800"
321 [22955062978240] INFO perfrun.perfcollector <> - eventId: g, skip parsing event_id
321 [22955062978240] INFO perfrun.perfcollector <> - Register was ignored: group_id: 0, reg_type: 1, event_id: 4294967295, reg_id: 1d9, reg_value: 1800, pmu_name: cpu
321 [22955062978240] INFO perfrun.perfcollector <> - DRY_RUN: "reg_type       = 1	event_id       = g	reg_id         = 38d	reg_value      = bbb"
321 [22955062978240] INFO perfrun.perfcollector <> - eventId: g, skip parsing event_id
321 [22955062978240] INFO perfrun.perfcollector <> - Register was ignored: group_id: 0, reg_type: 1, event_id: 4294967295, reg_id: 38d, reg_value: bbb, pmu_name: cpu
321 [22955062978240] INFO perfrun.perfcollector <> - DRY_RUN: "reg_type       = 1	event_id       = 5	reg_id         = 186	reg_value      = 5302c7"
321 [22955062978240] INFO perfrun.perfcollector <> - Event selector: group_id: 0, reg_type: 1, event_id: 5, reg_id: 186, reg_value: 5302c7, pmu_name: cpu
321 [22955062978240] INFO perfrun.perfcollector <> - DRY_RUN: "reg_type       = 1	event_id       = 6	reg_id         = 187	reg_value      = 5308c7"
321 [22955062978240] INFO perfrun.perfcollector <> - Event selector: group_id: 0, reg_type: 1, event_id: 6, reg_id: 187, reg_value: 5308c7, pmu_name: cpu
322 [22955062978240] INFO perfrun.perfcollector <> - DRY_RUN: "reg_type       = 1	event_id       = 7	reg_id         = 188	reg_value      = 5320c7"
322 [22955062978240] INFO perfrun.perfcollector <> - Event selector: group_id: 0, reg_type: 1, event_id: 7, reg_id: 188, reg_value: 5320c7, pmu_name: cpu
322 [22955062978240] INFO perfrun.perfcollector <> - DRY_RUN: "reg_type       = 1	event_id       = 8	reg_id         = 189	reg_value      = 5301c7"
322 [22955062978240] INFO perfrun.perfcollector <> - Event selector: group_id: 0, reg_type: 1, event_id: 8, reg_id: 189, reg_value: 5301c7, pmu_name: cpu
322 [22955062978240] INFO perfrun.perfcollector <> - DRY_RUN: "reg_type       = 1	event_id       = 3	reg_id         = 18a	reg_value      = 53013c"
322 [22955062978240] INFO perfrun.perfcollector <> - Event selector: group_id: 0, reg_type: 1, event_id: 3, reg_id: 18a, reg_value: 53013c, pmu_name: cpu
322 [22955062978240] INFO perfrun.perfcollector <> - DRY_RUN: "reg_type       = 1	event_id       = 4	reg_id         = 18b	reg_value      = 53023c"
322 [22955062978240] INFO perfrun.perfcollector <> - Event selector: group_id: 0, reg_type: 1, event_id: 4, reg_id: 18b, reg_value: 53023c, pmu_name: cpu
322 [22955062978240] INFO perfrun.perfcollector <> - DRY_RUN: "reg_type       = 1	event_id       = 11	reg_id         = 18c	reg_value      = 5302c0"
322 [22955062978240] INFO perfrun.perfcollector <> - Event selector: group_id: 0, reg_type: 1, event_id: 11, reg_id: 18c, reg_value: 5302c0, pmu_name: cpu
322 [22955062978240] INFO perfrun.perfcollector <> - DRY_RUN: "reg_type       = 1	event_id       = 12	reg_id         = 18d	reg_value      = 5302c2"
322 [22955062978240] INFO perfrun.perfcollector <> - Event selector: group_id: 0, reg_type: 1, event_id: 12, reg_id: 18d, reg_value: 5302c2, pmu_name: cpu
322 [22955062978240] INFO perfrun.perfcollector <> - DRY_RUN: "ESCR"
322 [22955062978240] INFO perfrun.perfcollector <> - DRY_RUN: "reg_type       = 2	event_id       = g	reg_id         = 1c8	reg_value      = 0"
322 [22955062978240] INFO perfrun.perfcollector <> - eventId: g, skip parsing event_id
322 [22955062978240] INFO perfrun.perfcollector <> - DRY_RUN: "DATA"
322 [22955062978240] INFO perfrun.perfcollector <> - DRY_RUN: "reg_type       = 4	event_id       = 2	reg_id         = 309	reg_value      = ffffffdb6100"
322 [22955062978240] INFO perfrun.perfcollector <> - eventId: 2, dataAddr: 309, dataVal: ffffffdb6100
322 [22955062978240] INFO perfrun.perfcollector <> - DRY_RUN: "reg_type       = 4	event_id       = 0	reg_id         = 30a	reg_value      = ffffffe17b7d"
322 [22955062978240] INFO perfrun.perfcollector <> - eventId: 0, dataAddr: 30a, dataVal: ffffffe17b7d
322 [22955062978240] INFO perfrun.perfcollector <> - DRY_RUN: "reg_type       = 4	event_id       = 1	reg_id         = 30b	reg_value      = ffffffdb6100"
322 [22955062978240] INFO perfrun.perfcollector <> - eventId: 1, dataAddr: 30b, dataVal: ffffffdb6100
322 [22955062978240] INFO perfrun.perfcollector <> - DRY_RUN: "reg_type       = 4	event_id       = 5	reg_id         = c1	reg_value      = ffffffe17b7d"
322 [22955062978240] INFO perfrun.perfcollector <> - eventId: 5, dataAddr: c1, dataVal: ffffffe17b7d
322 [22955062978240] INFO perfrun.perfcollector <> - DRY_RUN: "reg_type       = 4	event_id       = 6	reg_id         = c2	reg_value      = ffffffe17b7d"
322 [22955062978240] INFO perfrun.perfcollector <> - eventId: 6, dataAddr: c2, dataVal: ffffffe17b7d
322 [22955062978240] INFO perfrun.perfcollector <> - DRY_RUN: "reg_type       = 4	event_id       = 7	reg_id         = c3	reg_value      = ffffffe17b7d"
322 [22955062978240] INFO perfrun.perfcollector <> - eventId: 7, dataAddr: c3, dataVal: ffffffe17b7d
322 [22955062978240] INFO perfrun.perfcollector <> - DRY_RUN: "reg_type       = 4	event_id       = 8	reg_id         = c4	reg_value      = ffffffe17b7d"
322 [22955062978240] INFO perfrun.perfcollector <> - eventId: 8, dataAddr: c4, dataVal: ffffffe17b7d
322 [22955062978240] INFO perfrun.perfcollector <> - DRY_RUN: "reg_type       = 4	event_id       = 3	reg_id         = c5	reg_value      = fffffffe795d"
322 [22955062978240] INFO perfrun.perfcollector <> - eventId: 3, dataAddr: c5, dataVal: fffffffe795d
322 [22955062978240] INFO perfrun.perfcollector <> - DRY_RUN: "reg_type       = 4	event_id       = 4	reg_id         = c6	reg_value      = fffffffe795d"
322 [22955062978240] INFO perfrun.perfcollector <> - eventId: 4, dataAddr: c6, dataVal: fffffffe795d
322 [22955062978240] INFO perfrun.perfcollector <> - DRY_RUN: "reg_type       = 4	event_id       = 11	reg_id         = c7	reg_value      = ffffffe17b7d"
322 [22955062978240] INFO perfrun.perfcollector <> - eventId: 11, dataAddr: c7, dataVal: ffffffe17b7d
322 [22955062978240] INFO perfrun.perfcollector <> - DRY_RUN: "reg_type       = 4	event_id       = 12	reg_id         = c8	reg_value      = ffffffe17b7d"
322 [22955062978240] INFO perfrun.perfcollector <> - eventId: 12, dataAddr: c8, dataVal: ffffffe17b7d
322 [22955062978240] INFO perfrun.perfcollector <> - DRY_RUN: "Group 1:"
322 [22955062978240] INFO perfrun.perfcollector <> - id: 1
322 [22955062978240] INFO perfrun.perfcollector <> - DRY_RUN: "INST_RETIRED.ANY: event id 2"
322 [22955062978240] INFO perfrun.perfcollector <> - eventName: INST_RETIRED.ANY, eventId: 2
322 [22955062978240] INFO perfrun.perfcollector <> - DRY_RUN: "CPU_CLK_UNHALTED.THREAD: event id 0"
322 [22955062978240] INFO perfrun.perfcollector <> - eventName: CPU_CLK_UNHALTED.THREAD, eventId: 0
322 [22955062978240] INFO perfrun.perfcollector <> - DRY_RUN: "CPU_CLK_UNHALTED.REF_TSC: event id 1"
322 [22955062978240] INFO perfrun.perfcollector <> - eventName: CPU_CLK_UNHALTED.REF_TSC, eventId: 1
322 [22955062978240] INFO perfrun.perfcollector <> - DRY_RUN: "FP_ARITH_INST_RETIRED.128B_PACKED_DOUBLE: event id 9"
322 [22955062978240] INFO perfrun.perfcollector <> - eventName: FP_ARITH_INST_RETIRED.128B_PACKED_DOUBLE, eventId: 9
322 [22955062978240] INFO perfrun.perfcollector <> - DRY_RUN: "FP_ARITH_INST_RETIRED.256B_PACKED_DOUBLE: event id 10"
322 [22955062978240] INFO perfrun.perfcollector <> - eventName: FP_ARITH_INST_RETIRED.256B_PACKED_DOUBLE, eventId: 10
322 [22955062978240] INFO perfrun.perfcollector <> - DRY_RUN: "CCCR"
322 [22955062978240] INFO perfrun.perfcollector <> - DRY_RUN: "reg_type       = 1	event_id       = g	reg_id         = 38f	reg_value      = 700000003"
322 [22955062978240] INFO perfrun.perfcollector <> - eventId: g, skip parsing event_id
322 [22955062978240] INFO perfrun.perfcollector <> - Register was ignored: group_id: 1, reg_type: 1, event_id: 4294967295, reg_id: 38f, reg_value: 700000003, pmu_name: cpu
322 [22955062978240] INFO perfrun.perfcollector <> - DRY_RUN: "reg_type       = 1	event_id       = g	reg_id         = 390	reg_value      = 700000003"
322 [22955062978240] INFO perfrun.perfcollector <> - eventId: g, skip parsing event_id
322 [22955062978240] INFO perfrun.perfcollector <> - Register was ignored: group_id: 1, reg_type: 1, event_id: 4294967295, reg_id: 390, reg_value: 700000003, pmu_name: cpu
322 [22955062978240] INFO perfrun.perfcollector <> - DRY_RUN: "reg_type       = 1	event_id       = g	reg_id         = 3f1	reg_value      = 0"
322 [22955062978240] INFO perfrun.perfcollector <> - eventId: g, skip parsing event_id
322 [22955062978240] INFO perfrun.perfcollector <> - Register was ignored: group_id: 1, reg_type: 1, event_id: 4294967295, reg_id: 3f1, reg_value: 0, pmu_name: cpu
322 [22955062978240] INFO perfrun.perfcollector <> - DRY_RUN: "reg_type       = 1	event_id       = g	reg_id         = 1d9	reg_value      = 1800"
322 [22955062978240] INFO perfrun.perfcollector <> - eventId: g, skip parsing event_id
322 [22955062978240] INFO perfrun.perfcollector <> - Register was ignored: group_id: 1, reg_type: 1, event_id: 4294967295, reg_id: 1d9, reg_value: 1800, pmu_name: cpu
322 [22955062978240] INFO perfrun.perfcollector <> - DRY_RUN: "reg_type       = 1	event_id       = g	reg_id         = 38d	reg_value      = bbb"
322 [22955062978240] INFO perfrun.perfcollector <> - eventId: g, skip parsing event_id
322 [22955062978240] INFO perfrun.perfcollector <> - Register was ignored: group_id: 1, reg_type: 1, event_id: 4294967295, reg_id: 38d, reg_value: bbb, pmu_name: cpu
322 [22955062978240] INFO perfrun.perfcollector <> - DRY_RUN: "reg_type       = 1	event_id       = 9	reg_id         = 186	reg_value      = 5304c7"
322 [22955062978240] INFO perfrun.perfcollector <> - Event selector: group_id: 1, reg_type: 1, event_id: 9, reg_id: 186, reg_value: 5304c7, pmu_name: cpu
322 [22955062978240] INFO perfrun.perfcollector <> - DRY_RUN: "reg_type       = 1	event_id       = 10	reg_id         = 187	reg_value      = 5310c7"
322 [22955062978240] INFO perfrun.perfcollector <> - Event selector: group_id: 1, reg_type: 1, event_id: 10, reg_id: 187, reg_value: 5310c7, pmu_name: cpu
322 [22955062978240] INFO perfrun.perfcollector <> - DRY_RUN: "ESCR"
322 [22955062978240] INFO perfrun.perfcollector <> - DRY_RUN: "reg_type       = 2	event_id       = g	reg_id         = 1c8	reg_value      = 0"
322 [22955062978240] INFO perfrun.perfcollector <> - eventId: g, skip parsing event_id
322 [22955062978240] INFO perfrun.perfcollector <> - DRY_RUN: "DATA"
322 [22955062978240] INFO perfrun.perfcollector <> - DRY_RUN: "reg_type       = 4	event_id       = 2	reg_id         = 309	reg_value      = ffffffdb6100"
322 [22955062978240] INFO perfrun.perfcollector <> - eventId: 2, dataAddr: 309, dataVal: ffffffdb6100
322 [22955062978240] INFO perfrun.perfcollector <> - DRY_RUN: "reg_type       = 4	event_id       = 0	reg_id         = 30a	reg_value      = ffffffe17b7d"
322 [22955062978240] INFO perfrun.perfcollector <> - eventId: 0, dataAddr: 30a, dataVal: ffffffe17b7d
322 [22955062978240] INFO perfrun.perfcollector <> - DRY_RUN: "reg_type       = 4	event_id       = 1	reg_id         = 30b	reg_value      = ffffffdb6100"
322 [22955062978240] INFO perfrun.perfcollector <> - eventId: 1, dataAddr: 30b, dataVal: ffffffdb6100
322 [22955062978240] INFO perfrun.perfcollector <> - DRY_RUN: "reg_type       = 4	event_id       = 9	reg_id         = c1	reg_value      = ffffffe17b7d"
322 [22955062978240] INFO perfrun.perfcollector <> - eventId: 9, dataAddr: c1, dataVal: ffffffe17b7d
322 [22955062978240] INFO perfrun.perfcollector <> - DRY_RUN: "reg_type       = 4	event_id       = 10	reg_id         = c2	reg_value      = ffffffe17b7d"
322 [22955062978240] INFO perfrun.perfcollector <> - eventId: 10, dataAddr: c2, dataVal: ffffffe17b7d
322 [22955062978240] INFO perfrun.perfcollector <> - event name: CPU_CLK_UNHALTED.THREAD
322 [22955062978240] INFO perfrun.perfcollector <> - pmu config: cpu
322 [22955062978240] INFO perfrun.perfcollector <> - cccrAddr: ffffffff, cccrValue: 0
322 [22955062978240] INFO perfrun.perfcollector <> - dataAddr: 30a, dataValue: ffffffffffe17b7d
322 [22955062978240] INFO perfrun.perfcollector <> - escrAddr: ffffffff, escrValue: 0
322 [22955062978240] INFO perfrun.perfcollector <> - extendedPebsValue: 0
322 [22955062978240] INFO perfrun.perfcollector <> - adaptivePebsAvailable: 0
322 [22955062978240] INFO perfrun.perfcollector <> - config: event: 3c
322 [22955062978240] INFO perfrun.perfcollector <> - config: pc: 0
322 [22955062978240] INFO perfrun.perfcollector <> - config: in_tx: 0
322 [22955062978240] INFO perfrun.perfcollector <> - config: edge: 0
322 [22955062978240] INFO perfrun.perfcollector <> - config: any: 0
322 [22955062978240] INFO perfrun.perfcollector <> - config1: offcore_rsp: 0
322 [22955062978240] INFO perfrun.perfcollector <> - config: in_tx_cp: 0
322 [22955062978240] INFO perfrun.perfcollector <> - config1: ldlat: 0
322 [22955062978240] INFO perfrun.perfcollector <> - config: inv: 0
322 [22955062978240] INFO perfrun.perfcollector <> - config: umask: 0
322 [22955062978240] INFO perfrun.perfcollector <> - config: cmask: 0
322 [22955062978240] INFO perfrun.perfcollector <> - format: cpu/event=0x3c,name='CPU_CLK_UNHALTED.THREAD'/D
322 [22955062978240] INFO perfrun.perfcollector <> - event name: CPU_CLK_UNHALTED.REF_TSC
322 [22955062978240] INFO perfrun.perfcollector <> - pmu config: cpu
322 [22955062978240] INFO perfrun.perfcollector <> - cccrAddr: ffffffff, cccrValue: 0
322 [22955062978240] INFO perfrun.perfcollector <> - dataAddr: 30b, dataValue: ffffffffffdb6100
322 [22955062978240] INFO perfrun.perfcollector <> - escrAddr: ffffffff, escrValue: 0
322 [22955062978240] INFO perfrun.perfcollector <> - extendedPebsValue: 0
322 [22955062978240] INFO perfrun.perfcollector <> - adaptivePebsAvailable: 0
322 [22955062978240] INFO perfrun.perfcollector <> - config: event: 0
322 [22955062978240] INFO perfrun.perfcollector <> - config: pc: 0
322 [22955062978240] INFO perfrun.perfcollector <> - config: in_tx: 0
322 [22955062978240] INFO perfrun.perfcollector <> - config: edge: 0
322 [22955062978240] INFO perfrun.perfcollector <> - config: any: 0
322 [22955062978240] INFO perfrun.perfcollector <> - config1: offcore_rsp: 0
322 [22955062978240] INFO perfrun.perfcollector <> - config: in_tx_cp: 0
322 [22955062978240] INFO perfrun.perfcollector <> - config1: ldlat: 0
322 [22955062978240] INFO perfrun.perfcollector <> - config: inv: 0
322 [22955062978240] INFO perfrun.perfcollector <> - config: umask: 3
322 [22955062978240] INFO perfrun.perfcollector <> - config: cmask: 0
322 [22955062978240] INFO perfrun.perfcollector <> - format: cpu/umask=0x3,name='CPU_CLK_UNHALTED.REF_TSC'/D
322 [22955062978240] INFO perfrun.perfcollector <> - event name: INST_RETIRED.ANY
322 [22955062978240] INFO perfrun.perfcollector <> - pmu config: cpu
322 [22955062978240] INFO perfrun.perfcollector <> - cccrAddr: ffffffff, cccrValue: 0
322 [22955062978240] INFO perfrun.perfcollector <> - dataAddr: 309, dataValue: ffffffffffdb6100
322 [22955062978240] INFO perfrun.perfcollector <> - escrAddr: ffffffff, escrValue: 0
322 [22955062978240] INFO perfrun.perfcollector <> - extendedPebsValue: 0
322 [22955062978240] INFO perfrun.perfcollector <> - adaptivePebsAvailable: 0
322 [22955062978240] INFO perfrun.perfcollector <> - config: event: c0
322 [22955062978240] INFO perfrun.perfcollector <> - config: pc: 0
322 [22955062978240] INFO perfrun.perfcollector <> - config: in_tx: 0
322 [22955062978240] INFO perfrun.perfcollector <> - config: edge: 0
322 [22955062978240] INFO perfrun.perfcollector <> - config: any: 0
322 [22955062978240] INFO perfrun.perfcollector <> - config1: offcore_rsp: 0
322 [22955062978240] INFO perfrun.perfcollector <> - config: in_tx_cp: 0
322 [22955062978240] INFO perfrun.perfcollector <> - config1: ldlat: 0
322 [22955062978240] INFO perfrun.perfcollector <> - config: inv: 0
322 [22955062978240] INFO perfrun.perfcollector <> - config: umask: 0
322 [22955062978240] INFO perfrun.perfcollector <> - config: cmask: 0
322 [22955062978240] INFO perfrun.perfcollector <> - format: cpu/event=0xc0,name='INST_RETIRED.ANY'/D
322 [22955062978240] INFO perfrun.perfcollector <> - event name: CPU_CLK_UNHALTED.REF_XCLK
322 [22955062978240] INFO perfrun.perfcollector <> - pmu config: cpu
322 [22955062978240] INFO perfrun.perfcollector <> - cccrAddr: 18a, cccrValue: 53013c
322 [22955062978240] INFO perfrun.perfcollector <> - dataAddr: c5, dataValue: fffffffffffe795d
322 [22955062978240] INFO perfrun.perfcollector <> - escrAddr: ffffffff, escrValue: 0
322 [22955062978240] INFO perfrun.perfcollector <> - extendedPebsValue: 0
322 [22955062978240] INFO perfrun.perfcollector <> - adaptivePebsAvailable: 0
322 [22955062978240] INFO perfrun.perfcollector <> - config: event: 3c
322 [22955062978240] INFO perfrun.perfcollector <> - config: pc: 0
322 [22955062978240] INFO perfrun.perfcollector <> - config: in_tx: 0
322 [22955062978240] INFO perfrun.perfcollector <> - config: edge: 0
322 [22955062978240] INFO perfrun.perfcollector <> - config: any: 0
322 [22955062978240] INFO perfrun.perfcollector <> - config1: offcore_rsp: 0
322 [22955062978240] INFO perfrun.perfcollector <> - config: in_tx_cp: 0
322 [22955062978240] INFO perfrun.perfcollector <> - config1: ldlat: 0
322 [22955062978240] INFO perfrun.perfcollector <> - config: inv: 0
322 [22955062978240] INFO perfrun.perfcollector <> - config: umask: 1
322 [22955062978240] INFO perfrun.perfcollector <> - config: cmask: 0
322 [22955062978240] INFO perfrun.perfcollector <> - format: cpu/event=0x3c,umask=0x1,name='CPU_CLK_UNHALTED.REF_XCLK'/
322 [22955062978240] INFO perfrun.perfcollector <> - event name: CPU_CLK_UNHALTED.ONE_THREAD_ACTIVE
322 [22955062978240] INFO perfrun.perfcollector <> - pmu config: cpu
322 [22955062978240] INFO perfrun.perfcollector <> - cccrAddr: 18b, cccrValue: 53023c
322 [22955062978240] INFO perfrun.perfcollector <> - dataAddr: c6, dataValue: fffffffffffe795d
322 [22955062978240] INFO perfrun.perfcollector <> - escrAddr: ffffffff, escrValue: 0
322 [22955062978240] INFO perfrun.perfcollector <> - extendedPebsValue: 0
322 [22955062978240] INFO perfrun.perfcollector <> - adaptivePebsAvailable: 0
322 [22955062978240] INFO perfrun.perfcollector <> - config: event: 3c
322 [22955062978240] INFO perfrun.perfcollector <> - config: pc: 0
322 [22955062978240] INFO perfrun.perfcollector <> - config: in_tx: 0
322 [22955062978240] INFO perfrun.perfcollector <> - config: edge: 0
322 [22955062978240] INFO perfrun.perfcollector <> - config: any: 0
322 [22955062978240] INFO perfrun.perfcollector <> - config1: offcore_rsp: 0
322 [22955062978240] INFO perfrun.perfcollector <> - config: in_tx_cp: 0
322 [22955062978240] INFO perfrun.perfcollector <> - config1: ldlat: 0
322 [22955062978240] INFO perfrun.perfcollector <> - config: inv: 0
322 [22955062978240] INFO perfrun.perfcollector <> - config: umask: 2
322 [22955062978240] INFO perfrun.perfcollector <> - config: cmask: 0
322 [22955062978240] INFO perfrun.perfcollector <> - format: cpu/event=0x3c,umask=0x2,name='CPU_CLK_UNHALTED.ONE_THREAD_ACTIVE'/
322 [22955062978240] INFO perfrun.perfcollector <> - event name: FP_ARITH_INST_RETIRED.SCALAR_SINGLE
322 [22955062978240] INFO perfrun.perfcollector <> - pmu config: cpu
322 [22955062978240] INFO perfrun.perfcollector <> - cccrAddr: 186, cccrValue: 5302c7
322 [22955062978240] INFO perfrun.perfcollector <> - dataAddr: c1, dataValue: ffffffffffe17b7d
322 [22955062978240] INFO perfrun.perfcollector <> - escrAddr: ffffffff, escrValue: 0
322 [22955062978240] INFO perfrun.perfcollector <> - extendedPebsValue: 0
322 [22955062978240] INFO perfrun.perfcollector <> - adaptivePebsAvailable: 0
322 [22955062978240] INFO perfrun.perfcollector <> - config: event: c7
322 [22955062978240] INFO perfrun.perfcollector <> - config: pc: 0
322 [22955062978240] INFO perfrun.perfcollector <> - config: in_tx: 0
322 [22955062978240] INFO perfrun.perfcollector <> - config: edge: 0
322 [22955062978240] INFO perfrun.perfcollector <> - config: any: 0
322 [22955062978240] INFO perfrun.perfcollector <> - config1: offcore_rsp: 0
322 [22955062978240] INFO perfrun.perfcollector <> - config: in_tx_cp: 0
322 [22955062978240] INFO perfrun.perfcollector <> - config1: ldlat: 0
322 [22955062978240] INFO perfrun.perfcollector <> - config: inv: 0
322 [22955062978240] INFO perfrun.perfcollector <> - config: umask: 2
322 [22955062978240] INFO perfrun.perfcollector <> - config: cmask: 0
322 [22955062978240] INFO perfrun.perfcollector <> - format: cpu/event=0xc7,umask=0x2,name='FP_ARITH_INST_RETIRED.SCALAR_SINGLE'/
322 [22955062978240] INFO perfrun.perfcollector <> - event name: FP_ARITH_INST_RETIRED.128B_PACKED_SINGLE
322 [22955062978240] INFO perfrun.perfcollector <> - pmu config: cpu
322 [22955062978240] INFO perfrun.perfcollector <> - cccrAddr: 187, cccrValue: 5308c7
322 [22955062978240] INFO perfrun.perfcollector <> - dataAddr: c2, dataValue: ffffffffffe17b7d
322 [22955062978240] INFO perfrun.perfcollector <> - escrAddr: ffffffff, escrValue: 0
322 [22955062978240] INFO perfrun.perfcollector <> - extendedPebsValue: 0
322 [22955062978240] INFO perfrun.perfcollector <> - adaptivePebsAvailable: 0
322 [22955062978240] INFO perfrun.perfcollector <> - config: event: c7
322 [22955062978240] INFO perfrun.perfcollector <> - config: pc: 0
323 [22955062978240] INFO perfrun.perfcollector <> - config: in_tx: 0
323 [22955062978240] INFO perfrun.perfcollector <> - config: edge: 0
323 [22955062978240] INFO perfrun.perfcollector <> - config: any: 0
323 [22955062978240] INFO perfrun.perfcollector <> - config1: offcore_rsp: 0
323 [22955062978240] INFO perfrun.perfcollector <> - config: in_tx_cp: 0
323 [22955062978240] INFO perfrun.perfcollector <> - config1: ldlat: 0
323 [22955062978240] INFO perfrun.perfcollector <> - config: inv: 0
323 [22955062978240] INFO perfrun.perfcollector <> - config: umask: 8
323 [22955062978240] INFO perfrun.perfcollector <> - config: cmask: 0
323 [22955062978240] INFO perfrun.perfcollector <> - format: cpu/event=0xc7,umask=0x8,name='FP_ARITH_INST_RETIRED.128B_PACKED_SINGLE'/
323 [22955062978240] INFO perfrun.perfcollector <> - event name: FP_ARITH_INST_RETIRED.256B_PACKED_SINGLE
323 [22955062978240] INFO perfrun.perfcollector <> - pmu config: cpu
323 [22955062978240] INFO perfrun.perfcollector <> - cccrAddr: 188, cccrValue: 5320c7
323 [22955062978240] INFO perfrun.perfcollector <> - dataAddr: c3, dataValue: ffffffffffe17b7d
323 [22955062978240] INFO perfrun.perfcollector <> - escrAddr: ffffffff, escrValue: 0
323 [22955062978240] INFO perfrun.perfcollector <> - extendedPebsValue: 0
323 [22955062978240] INFO perfrun.perfcollector <> - adaptivePebsAvailable: 0
323 [22955062978240] INFO perfrun.perfcollector <> - config: event: c7
323 [22955062978240] INFO perfrun.perfcollector <> - config: pc: 0
323 [22955062978240] INFO perfrun.perfcollector <> - config: in_tx: 0
323 [22955062978240] INFO perfrun.perfcollector <> - config: edge: 0
323 [22955062978240] INFO perfrun.perfcollector <> - config: any: 0
323 [22955062978240] INFO perfrun.perfcollector <> - config1: offcore_rsp: 0
323 [22955062978240] INFO perfrun.perfcollector <> - config: in_tx_cp: 0
323 [22955062978240] INFO perfrun.perfcollector <> - config1: ldlat: 0
323 [22955062978240] INFO perfrun.perfcollector <> - config: inv: 0
323 [22955062978240] INFO perfrun.perfcollector <> - config: umask: 20
323 [22955062978240] INFO perfrun.perfcollector <> - config: cmask: 0
323 [22955062978240] INFO perfrun.perfcollector <> - format: cpu/event=0xc7,umask=0x20,name='FP_ARITH_INST_RETIRED.256B_PACKED_SINGLE'/
323 [22955062978240] INFO perfrun.perfcollector <> - event name: FP_ARITH_INST_RETIRED.SCALAR_DOUBLE
323 [22955062978240] INFO perfrun.perfcollector <> - pmu config: cpu
323 [22955062978240] INFO perfrun.perfcollector <> - cccrAddr: 189, cccrValue: 5301c7
323 [22955062978240] INFO perfrun.perfcollector <> - dataAddr: c4, dataValue: ffffffffffe17b7d
323 [22955062978240] INFO perfrun.perfcollector <> - escrAddr: ffffffff, escrValue: 0
323 [22955062978240] INFO perfrun.perfcollector <> - extendedPebsValue: 0
323 [22955062978240] INFO perfrun.perfcollector <> - adaptivePebsAvailable: 0
323 [22955062978240] INFO perfrun.perfcollector <> - config: event: c7
323 [22955062978240] INFO perfrun.perfcollector <> - config: pc: 0
323 [22955062978240] INFO perfrun.perfcollector <> - config: in_tx: 0
323 [22955062978240] INFO perfrun.perfcollector <> - config: edge: 0
323 [22955062978240] INFO perfrun.perfcollector <> - config: any: 0
323 [22955062978240] INFO perfrun.perfcollector <> - config1: offcore_rsp: 0
323 [22955062978240] INFO perfrun.perfcollector <> - config: in_tx_cp: 0
323 [22955062978240] INFO perfrun.perfcollector <> - config1: ldlat: 0
323 [22955062978240] INFO perfrun.perfcollector <> - config: inv: 0
323 [22955062978240] INFO perfrun.perfcollector <> - config: umask: 1
323 [22955062978240] INFO perfrun.perfcollector <> - config: cmask: 0
323 [22955062978240] INFO perfrun.perfcollector <> - format: cpu/event=0xc7,umask=0x1,name='FP_ARITH_INST_RETIRED.SCALAR_DOUBLE'/
323 [22955062978240] INFO perfrun.perfcollector <> - event name: FP_ARITH_INST_RETIRED.128B_PACKED_DOUBLE
323 [22955062978240] INFO perfrun.perfcollector <> - pmu config: cpu
323 [22955062978240] INFO perfrun.perfcollector <> - cccrAddr: 186, cccrValue: 5304c7
323 [22955062978240] INFO perfrun.perfcollector <> - dataAddr: c1, dataValue: ffffffffffe17b7d
323 [22955062978240] INFO perfrun.perfcollector <> - escrAddr: ffffffff, escrValue: 0
323 [22955062978240] INFO perfrun.perfcollector <> - extendedPebsValue: 0
323 [22955062978240] INFO perfrun.perfcollector <> - adaptivePebsAvailable: 0
323 [22955062978240] INFO perfrun.perfcollector <> - config: event: c7
323 [22955062978240] INFO perfrun.perfcollector <> - config: pc: 0
323 [22955062978240] INFO perfrun.perfcollector <> - config: in_tx: 0
323 [22955062978240] INFO perfrun.perfcollector <> - config: edge: 0
323 [22955062978240] INFO perfrun.perfcollector <> - config: any: 0
323 [22955062978240] INFO perfrun.perfcollector <> - config1: offcore_rsp: 0
323 [22955062978240] INFO perfrun.perfcollector <> - config: in_tx_cp: 0
323 [22955062978240] INFO perfrun.perfcollector <> - config1: ldlat: 0
323 [22955062978240] INFO perfrun.perfcollector <> - config: inv: 0
323 [22955062978240] INFO perfrun.perfcollector <> - config: umask: 4
323 [22955062978240] INFO perfrun.perfcollector <> - config: cmask: 0
323 [22955062978240] INFO perfrun.perfcollector <> - format: cpu/event=0xc7,umask=0x4,name='FP_ARITH_INST_RETIRED.128B_PACKED_DOUBLE'/
323 [22955062978240] INFO perfrun.perfcollector <> - event name: FP_ARITH_INST_RETIRED.256B_PACKED_DOUBLE
323 [22955062978240] INFO perfrun.perfcollector <> - pmu config: cpu
323 [22955062978240] INFO perfrun.perfcollector <> - cccrAddr: 187, cccrValue: 5310c7
323 [22955062978240] INFO perfrun.perfcollector <> - dataAddr: c2, dataValue: ffffffffffe17b7d
323 [22955062978240] INFO perfrun.perfcollector <> - escrAddr: ffffffff, escrValue: 0
323 [22955062978240] INFO perfrun.perfcollector <> - extendedPebsValue: 0
323 [22955062978240] INFO perfrun.perfcollector <> - adaptivePebsAvailable: 0
323 [22955062978240] INFO perfrun.perfcollector <> - config: event: c7
323 [22955062978240] INFO perfrun.perfcollector <> - config: pc: 0
323 [22955062978240] INFO perfrun.perfcollector <> - config: in_tx: 0
323 [22955062978240] INFO perfrun.perfcollector <> - config: edge: 0
323 [22955062978240] INFO perfrun.perfcollector <> - config: any: 0
323 [22955062978240] INFO perfrun.perfcollector <> - config1: offcore_rsp: 0
323 [22955062978240] INFO perfrun.perfcollector <> - config: in_tx_cp: 0
323 [22955062978240] INFO perfrun.perfcollector <> - config1: ldlat: 0
323 [22955062978240] INFO perfrun.perfcollector <> - config: inv: 0
323 [22955062978240] INFO perfrun.perfcollector <> - config: umask: 10
323 [22955062978240] INFO perfrun.perfcollector <> - config: cmask: 0
323 [22955062978240] INFO perfrun.perfcollector <> - format: cpu/event=0xc7,umask=0x10,name='FP_ARITH_INST_RETIRED.256B_PACKED_DOUBLE'/
323 [22955062978240] INFO perfrun.perfcollector <> - event name: INST_RETIRED.X87
323 [22955062978240] INFO perfrun.perfcollector <> - pmu config: cpu
323 [22955062978240] INFO perfrun.perfcollector <> - cccrAddr: 18c, cccrValue: 5302c0
323 [22955062978240] INFO perfrun.perfcollector <> - dataAddr: c7, dataValue: ffffffffffe17b7d
323 [22955062978240] INFO perfrun.perfcollector <> - escrAddr: ffffffff, escrValue: 0
323 [22955062978240] INFO perfrun.perfcollector <> - extendedPebsValue: 0
323 [22955062978240] INFO perfrun.perfcollector <> - adaptivePebsAvailable: 0
323 [22955062978240] INFO perfrun.perfcollector <> - config: event: c0
323 [22955062978240] INFO perfrun.perfcollector <> - config: pc: 0
323 [22955062978240] INFO perfrun.perfcollector <> - config: in_tx: 0
323 [22955062978240] INFO perfrun.perfcollector <> - config: edge: 0
323 [22955062978240] INFO perfrun.perfcollector <> - config: any: 0
323 [22955062978240] INFO perfrun.perfcollector <> - config1: offcore_rsp: 0
323 [22955062978240] INFO perfrun.perfcollector <> - config: in_tx_cp: 0
323 [22955062978240] INFO perfrun.perfcollector <> - config1: ldlat: 0
323 [22955062978240] INFO perfrun.perfcollector <> - config: inv: 0
323 [22955062978240] INFO perfrun.perfcollector <> - config: umask: 2
323 [22955062978240] INFO perfrun.perfcollector <> - config: cmask: 0
323 [22955062978240] INFO perfrun.perfcollector <> - format: cpu/event=0xc0,umask=0x2,name='INST_RETIRED.X87'/
323 [22955062978240] INFO perfrun.perfcollector <> - event name: UOPS_RETIRED.RETIRE_SLOTS
323 [22955062978240] INFO perfrun.perfcollector <> - pmu config: cpu
323 [22955062978240] INFO perfrun.perfcollector <> - cccrAddr: 18d, cccrValue: 5302c2
323 [22955062978240] INFO perfrun.perfcollector <> - dataAddr: c8, dataValue: ffffffffffe17b7d
323 [22955062978240] INFO perfrun.perfcollector <> - escrAddr: ffffffff, escrValue: 0
323 [22955062978240] INFO perfrun.perfcollector <> - extendedPebsValue: 0
323 [22955062978240] INFO perfrun.perfcollector <> - adaptivePebsAvailable: 0
323 [22955062978240] INFO perfrun.perfcollector <> - config: event: c2
323 [22955062978240] INFO perfrun.perfcollector <> - config: pc: 0
323 [22955062978240] INFO perfrun.perfcollector <> - config: in_tx: 0
323 [22955062978240] INFO perfrun.perfcollector <> - config: edge: 0
323 [22955062978240] INFO perfrun.perfcollector <> - config: any: 0
323 [22955062978240] INFO perfrun.perfcollector <> - config1: offcore_rsp: 0
323 [22955062978240] INFO perfrun.perfcollector <> - config: in_tx_cp: 0
323 [22955062978240] INFO perfrun.perfcollector <> - config1: ldlat: 0
323 [22955062978240] INFO perfrun.perfcollector <> - config: inv: 0
323 [22955062978240] INFO perfrun.perfcollector <> - config: umask: 2
323 [22955062978240] INFO perfrun.perfcollector <> - config: cmask: 0
323 [22955062978240] INFO perfrun.perfcollector <> - format: cpu/event=0xc2,umask=0x2,name='UOPS_RETIRED.RETIRE_SLOTS'/
323 [22955062978240] INFO perfrun.perfcollector <> - event: cpu/event=0x3c,name='CPU_CLK_UNHALTED.THREAD'/Duk, added for counting
323 [22955062978240] INFO perfrun.perfcollector <> - event: cpu/umask=0x3,name='CPU_CLK_UNHALTED.REF_TSC'/Duk, added for counting
323 [22955062978240] INFO perfrun.perfcollector <> - event: cpu/event=0xc0,name='INST_RETIRED.ANY'/Duk, added for counting
323 [22955062978240] INFO perfrun.perfcollector <> - event: cpu/event=0x3c,umask=0x1,name='CPU_CLK_UNHALTED.REF_XCLK'/uk, added for counting
323 [22955062978240] INFO perfrun.perfcollector <> - event: cpu/event=0x3c,umask=0x2,name='CPU_CLK_UNHALTED.ONE_THREAD_ACTIVE'/uk, added for counting
323 [22955062978240] INFO perfrun.perfcollector <> - event: cpu/event=0xc7,umask=0x2,name='FP_ARITH_INST_RETIRED.SCALAR_SINGLE'/uk, added for counting
323 [22955062978240] INFO perfrun.perfcollector <> - event: cpu/event=0xc7,umask=0x8,name='FP_ARITH_INST_RETIRED.128B_PACKED_SINGLE'/uk, added for counting
323 [22955062978240] INFO perfrun.perfcollector <> - event: cpu/event=0xc7,umask=0x20,name='FP_ARITH_INST_RETIRED.256B_PACKED_SINGLE'/uk, added for counting
323 [22955062978240] INFO perfrun.perfcollector <> - event: cpu/event=0xc7,umask=0x1,name='FP_ARITH_INST_RETIRED.SCALAR_DOUBLE'/uk, added for counting
323 [22955062978240] INFO perfrun.perfcollector <> - event: cpu/event=0xc7,umask=0x4,name='FP_ARITH_INST_RETIRED.128B_PACKED_DOUBLE'/uk, added for counting
323 [22955062978240] INFO perfrun.perfcollector <> - event: cpu/event=0xc7,umask=0x10,name='FP_ARITH_INST_RETIRED.256B_PACKED_DOUBLE'/uk, added for counting
323 [22955062978240] INFO perfrun.perfcollector <> - event: cpu/event=0xc0,umask=0x2,name='INST_RETIRED.X87'/uk, added for counting
323 [22955062978240] INFO perfrun.perfcollector <> - event: cpu/event=0xc2,umask=0x2,name='UOPS_RETIRED.RETIRE_SLOTS'/uk, added for counting
323 [22955062978240] INFO perfrun.perfcollector <> - attaching to pid: 4294967295, collect mode: 1, rc modes: 3
339 [22954984470208] WARN perfrun.perfcollector <> - Perf stat trace pipe capacity: read = 1048576, write = 1048576, at file: vcs/perfrun1/plugins/perfcollector/src/profiler.cpp:765
348 [22954984470208] INFO perfrun.sdk <> - runCmd: /opt/intel/oneapi/vtune/2023.1.0/bin64/amplxe-perf stat -v --log-fd 10 --scale -x ; -e cpu/event=0x3c,name='CPU_CLK_UNHALTED.THREAD'/Duk,cpu/umask=0x3,name='CPU_CLK_UNHALTED.REF_TSC'/Duk,cpu/event=0xc0,name='INST_RETIRED.ANY'/Duk,cpu/event=0x3c,umask=0x1,name='CPU_CLK_UNHALTED.REF_XCLK'/uk,cpu/event=0x3c,umask=0x2,name='CPU_CLK_UNHALTED.ONE_THREAD_ACTIVE'/uk,cpu/event=0xc7,umask=0x2,name='FP_ARITH_INST_RETIRED.SCALAR_SINGLE'/uk,cpu/event=0xc7,umask=0x8,name='FP_ARITH_INST_RETIRED.128B_PACKED_SINGLE'/uk,cpu/event=0xc7,umask=0x20,name='FP_ARITH_INST_RETIRED.256B_PACKED_SINGLE'/uk,cpu/event=0xc7,umask=0x1,name='FP_ARITH_INST_RETIRED.SCALAR_DOUBLE'/uk,cpu/event=0xc7,umask=0x4,name='FP_ARITH_INST_RETIRED.128B_PACKED_DOUBLE'/uk,cpu/event=0xc7,umask=0x10,name='FP_ARITH_INST_RETIRED.256B_PACKED_DOUBLE'/uk,cpu/event=0xc0,umask=0x2,name='INST_RETIRED.X87'/uk,cpu/event=0xc2,umask=0x2,name='UOPS_RETIRED.RETIRE_SLOTS'/uk /opt/intel/oneapi/vtune/2023.1.0/bin64/amplxe-perf-sync dryrun sys
349 [22954984470208] INFO perfrun.sdk <> - runCmd started PID 3362871
553 [22954984470208] INFO perfrun.perfcollector <> - Monitor: runCmd RC = true
557 [22955062978240] INFO perfrun.launcher <> - plugin [aoclprofile] was disabled because it doesn't support the given collection type.
557 [22955062978240] INFO perfrun.tpss <> - initialize tpss controller
557 [22955062978240] INFO perfrun.tpss <> - configure collection mode: value = cpu:counters:nostack
557 [22955062978240] INFO perfrun.tpss <> - configure collection mode: value = cpu:stack
557 [22955062978240] INFO perfrun.tpss <> - default obj-size-min=1024
557 [22955062978240] INFO perfrun.tpss <> - default hash-table-size=0
557 [22955062978240] INFO perfrun.launcher <> - plugin [media] was disabled because it doesn't support the given collection type.
557 [22955062978240] INFO perfrun.launcher <> - plugin [] was disabled because it doesn't support the given collection type.
557 [22955062978240] INFO perfrun.launcher <> - plugin [] was disabled because it doesn't support the given collection type.
557 [22955062978240] INFO perfrun.launcher <> - plugin [parallelfs] was disabled because it doesn't support the given collection type.
557 [22955062978240] INFO perfrun.launcher <> - plugin [power] was disabled because it doesn't support the given collection type.
557 [22955062978240] INFO perfrun.launcher <> - plugin [hwloc] was disabled because it doesn't support the given collection type.
557 [22955062978240] INFO perfrun.launcher <> - plugin [ipmwatch] was disabled because it doesn't support the given collection type.
557 [22955062978240] INFO perfrun.launcher <> - plugin [os_counters] was disabled because it doesn't support the given collection type.
557 [22955062978240] INFO perfrun.launcher <> - plugin [l0_metrics] was disabled because it doesn't support the given collection type.
558 [22955205859200] INFO perfrun.launcher <> - set environment variable: LD_LIBRARY_PATH = /opt/intel/oneapi/vtune/2023.1.0/lib32/runtime:/opt/intel/oneapi/vtune/2023.1.0/lib64/runtime:/opt/intel/oneapi/tbb/2021.5.1/env/../lib/intel64/gcc4.8:/opt/intel/oneapi/mpi/2021.5.1//libfabric/lib:/opt/intel/oneapi/mpi/2021.5.1//lib/release:/opt/intel/oneapi/mpi/2021.5.1//lib:/opt/intel/oneapi/mkl/2022.0.2/lib/intel64:/opt/intel/oneapi/itac/2021.5.0/slib:/opt/intel/oneapi/debugger/2021.5.0/gdb/intel64/lib:/opt/intel/oneapi/debugger/2021.5.0/libipt/intel64/lib:/opt/intel/oneapi/debugger/2021.5.0/dep/lib:/opt/intel/oneapi/compiler/2022.0.2/linux/lib:/opt/intel/oneapi/compiler/2022.0.2/linux/lib/x64:/opt/intel/oneapi/compiler/2022.0.2/linux/lib/oclfpga/host/linux64/lib:/opt/intel/oneapi/compiler/2022.0.2/linux/compiler/lib/intel64_lin
558 [22955205859200] INFO perfrun.launcher <> - set environment variable: INTEL_LIBITTNOTIFY32 = /opt/intel/oneapi/vtune/2023.1.0/lib32/runtime/libittnotify_collector.so
558 [22955205859200] INFO perfrun.launcher <> - set environment variable: INTEL_LIBITTNOTIFY64 = /opt/intel/oneapi/vtune/2023.1.0/lib64/runtime/libittnotify_collector.so
558 [22955205859200] INFO perfrun.launcher <> - set environment variable: INTEL_ITTNOTIFY_GROUPS = 
558 [22955205859200] INFO perfrun.launcher <> - set environment variable: INTEL_JIT_PROFILER32 = /opt/intel/oneapi/vtune/2023.1.0/lib32/runtime/libittnotify_collector.so
558 [22955205859200] INFO perfrun.launcher <> - set environment variable: INTEL_JIT_PROFILER64 = /opt/intel/oneapi/vtune/2023.1.0/lib64/runtime/libittnotify_collector.so
558 [22955205859200] INFO perfrun.launcher <> - set environment variable: OMP_TOOL_LIBRARIES = /opt/intel/oneapi/vtune/2023.1.0/lib32/runtime/libittnotify_collector.so:/opt/intel/oneapi/vtune/2023.1.0/lib64/runtime/libittnotify_collector.so
558 [22955205859200] INFO perfrun.launcher <> - set environment variable: ENABLE_JITPROFILING = 1
558 [22955205859200] INFO perfrun.launcher <> - set environment variable: CL_CONFIG_USE_VTUNE = True
558 [22955205859200] INFO perfrun.launcher <> - set environment variable: LD_PRELOAD = libittnotify_collector.so:
558 [22955205859200] INFO perfrun.launcher <> - set environment variable: KMP_FORKJOIN_FRAMES = 0
558 [22955205859200] INFO perfrun.launcher <> - set environment variable: KMP_FORKJOIN_FRAMES_MODE = 0
558 [22955205859200] INFO perfrun.launcher <> - set environment variable: OMP_TOOL = disabled
558 [22955205859200] INFO perfrun.launcher <> - set environment variable: INTEL_MRTE_DATA_DIR = /home/course/hpc/users/2022012388/exp8/vtune_result.conv4/data.15
558 [22955205859200] INFO perfrun.launcher <> - set environment variable: INTEL_MRTE_HOST_NAME = conv4
558 [22955205859200] INFO perfrun.launcher <> - set environment variable: JAVA_TOOL_OPTIONS = -agentlib:amplxe_tpssmrte_javaprof_1.0 -Dsun.boot.library.path=/opt/intel/oneapi/vtune/2023.1.0/lib32/runtime:/opt/intel/oneapi/vtune/2023.1.0/lib64/runtime
558 [22955205859200] INFO perfrun.launcher <> - set environment variable: LD_LIBRARY_PATH = /opt/intel/oneapi/vtune/2023.1.0/lib32/runtime:/opt/intel/oneapi/vtune/2023.1.0/lib64/runtime:/opt/intel/oneapi/tbb/2021.5.1/env/../lib/intel64/gcc4.8:/opt/intel/oneapi/mpi/2021.5.1//libfabric/lib:/opt/intel/oneapi/mpi/2021.5.1//lib/release:/opt/intel/oneapi/mpi/2021.5.1//lib:/opt/intel/oneapi/mkl/2022.0.2/lib/intel64:/opt/intel/oneapi/itac/2021.5.0/slib:/opt/intel/oneapi/debugger/2021.5.0/gdb/intel64/lib:/opt/intel/oneapi/debugger/2021.5.0/libipt/intel64/lib:/opt/intel/oneapi/debugger/2021.5.0/dep/lib:/opt/intel/oneapi/compiler/2022.0.2/linux/lib:/opt/intel/oneapi/compiler/2022.0.2/linux/lib/x64:/opt/intel/oneapi/compiler/2022.0.2/linux/lib/oclfpga/host/linux64/lib:/opt/intel/oneapi/compiler/2022.0.2/linux/compiler/lib/intel64_lin
558 [22955205859200] INFO perfrun.launcher <> - set environment variable: CORECLR_ENABLE_PROFILING = 1
558 [22955205859200] INFO perfrun.launcher <> - set environment variable: CORECLR_PROFILER = {AA5E4821-E3B1-479c-B7FF-5AD047D22CED}
558 [22955205859200] INFO perfrun.launcher <> - set environment variable: CORECLR_PROFILER_PATH = /opt/intel/oneapi/vtune/2023.1.0/lib64/libamplxe_samplingmrte_clrprof_1.0.so
558 [22955205859200] INFO perfrun.launcher <> - set environment variable: INTEL_MRTE_PROFILER_MODE = mixed
558 [22955205859200] INFO perfrun.launcher <> - RpcServer: run RPC server to handle requests
561 [22955205859200] INFO perfrun.launcher <> - Launcher: command line to start before modification = ./main 2022012388
561 [22955205859200] INFO perfrun.launcher <> - Launcher: command line to start after modification = /opt/intel/oneapi/vtune/2023.1.0/bin64/pin -error_file /home/course/hpc/users/2022012388/exp8/vtune_result.conv4/data.15/pinerr.tpsslog -detach_reattach -follow_execv -tool_load_option deepbind -t64 /opt/intel/oneapi/vtune/2023.1.0/lib64/libtpsstool.so -t /opt/intel/oneapi/vtune/2023.1.0/lib32/libtpsstool.so -server_name tpss_ipc.3362718 -prd_dir /opt/intel/oneapi/vtune/2023.1.0 -- ./main 2022012388
963 [22955205859200] INFO perfrun.launcher <> - ProcessCreator object was created
964 [22955205859200] INFO perfrun.launcher <> - Launcher: the process was started in suspend mode
967 [22955062978240] WARN perfrun.system <> - Could not do anything with /sys/kernel/debug/kvm: boost::filesystem::status: Permission denied: "/sys/kernel/debug/kvm", at file: vcs/perfrun1/plugins/system/src/trace_writer.cpp:787
967 [22955062978240] WARN perfrun.system <> - Folder "/var/run/libvirt/qemu/"doesn't exist, at file: vcs/perfrun1/plugins/system/src/trace_writer.cpp:800
967 [22955062978240] INFO perfrun.itt <> - start itt controller for pid #3362996
968 [22955062978240] INFO perfrun.perfcollector <> - attaching to pid: 3362996, collect mode: 1, rc modes: 1
982 [22954978166464] WARN perfrun.perfcollector <> - Perf stat trace pipe capacity: read = 1048576, write = 1048576, at file: vcs/perfrun1/plugins/perfcollector/src/profiler.cpp:765
991 [22954978166464] INFO perfrun.sdk <> - runCmd: /opt/intel/oneapi/vtune/2023.1.0/bin64/amplxe-perf stat -v --log-fd 22 --control=fd:23,26 --scale -x ; -p 3362996 -e cpu/event=0x3c,name='CPU_CLK_UNHALTED.THREAD'/Duk,cpu/umask=0x3,name='CPU_CLK_UNHALTED.REF_TSC'/Duk,cpu/event=0xc0,name='INST_RETIRED.ANY'/Duk,cpu/event=0x3c,umask=0x1,name='CPU_CLK_UNHALTED.REF_XCLK'/uk,cpu/event=0x3c,umask=0x2,name='CPU_CLK_UNHALTED.ONE_THREAD_ACTIVE'/uk,cpu/event=0xc7,umask=0x2,name='FP_ARITH_INST_RETIRED.SCALAR_SINGLE'/uk,cpu/event=0xc7,umask=0x8,name='FP_ARITH_INST_RETIRED.128B_PACKED_SINGLE'/uk,cpu/event=0xc7,umask=0x20,name='FP_ARITH_INST_RETIRED.256B_PACKED_SINGLE'/uk,cpu/event=0xc7,umask=0x1,name='FP_ARITH_INST_RETIRED.SCALAR_DOUBLE'/uk,cpu/event=0xc7,umask=0x4,name='FP_ARITH_INST_RETIRED.128B_PACKED_DOUBLE'/uk,cpu/event=0xc7,umask=0x10,name='FP_ARITH_INST_RETIRED.256B_PACKED_DOUBLE'/uk,cpu/event=0xc0,umask=0x2,name='INST_RETIRED.X87'/uk,cpu/event=0xc2,umask=0x2,name='UOPS_RETIRED.RETIRE_SLOTS'/uk /opt/intel/oneapi/vtune/2023.1.0/bin64/amplxe-perf-sync sync sys
992 [22954978166464] INFO perfrun.sdk <> - runCmd started PID 3363084
1165 [22955062978240] INFO perfrun.tpss <> - start tpss controller for pid #3362996
1217 [22955205859200] INFO perfrun.launcher <> - Launcher: all plugins were started
1217 [22955205859200] INFO perfrun.launcher <> - DirectoryMonitor object was created
1217 [22955205859200] INFO perfrun.launcher <> - DirectoryMonitor: a callback was added
1217 [22955205859200] INFO perfrun.launcher <> - DirectoryMonitor was started with pingTime = 1000
1217 [22955205859200] INFO perfrun.launcher <> - DeadlineTimer is going to be constructed
1217 [22955205859200] INFO perfrun.launcher <> - DeadlineTimer: a callback was added
1218 [22955205859200] INFO perfrun.launcher <> - Launcher: resume the profiled application and  wait its termination or stop command
3262 [22955205859200] INFO perfrun.launcher <> - Launcher: the profiled application was terminated  with exit code = 1
3467 [22955062978240] INFO perfrun.itt <> - detach itt controller
3467 [22955062978240] INFO perfrun.itt <> - detach itt controller done
3469 [22954978166464] INFO perfrun.perfcollector <> - Monitor: runCmd RC = true
3470 [22955062978240] INFO perfrun.perfcollector <> - Monitor: state = 3, error = 1
3471 [22955062978240] INFO perfrun.tpss <> - stop tpss controller
3473 [22955062978240] INFO perfrun.sdk <> - De-allocating TMU: /home/course/hpc/users/2022012388/exp8/vtune_result.conv4/data.15/systemcollector-3362718-conv4.sc
3473 [22955062978240] INFO perfrun.system <> - closed the system trace file: /home/course/hpc/users/2022012388/exp8/vtune_result.conv4/data.15/systemcollector-3362718-conv4.sc
3473 [22955205859200] INFO perfrun.launcher <> - Launcher: all plugins were stopped.
3473 [22955205859200] INFO perfrun.launcher <> - DeadlineTimer is going to be destroyed
3473 [22955205859200] INFO perfrun.launcher <> - DeadlineTimer was destroyed
3473 [22955205859200] INFO perfrun.launcher <> - DirectoryMonitor object was destroyed
3473 [22955205859200] WARN perfrun.launcher <> - Stop command is ignored because it is received when collection is already stopped, at file: vcs/perfrun1/launcher/src/command_handler.cpp:226
3475 [22955205859200] INFO perfrun.launcher <> - Application exit code: 1
3475 [22955205859200] INFO perfrun.launcher <> - Exit code: 4
