13 [23010772420480] INFO perfrun.launcher <> - Launcher main begin
15 [23010772420480] INFO perfrun.launcher <> - MessageCatalogInit finished
15 [23010772420480] INFO perfrun.launcher <> - Launcher instance created
15 [23010772420480] INFO perfrun.launcher <> - argc = 7; cmdline = /opt/intel/oneapi/vtune/2023.1.0/bin64/amplxe-runss --ui-output-format xml --ui-output-fd 5 --option-file /home/course/hpc/users/2022012388/exp8/vtune_result.conv4/config/runss.options.6 
119 [23010772420480] INFO perfrun.launcher <> - create msngr2::ICliToolContext
119 [23010772420480] INFO perfrun.launcher <> - create file finder object
119 [23010772420480] INFO perfrun.launcher <> - create a result directory: pattern = /home/course/hpc/users/2022012388/exp8/vtune_result.conv4 pid = 4294967295
123 [23010772420480] INFO perfrun.sdk <> - checked that the directory /home/course/hpc/users/2022012388/exp8/vtune_result.conv4 is a local directory
123 [23010772420480] INFO perfrun.sdk <> - the directory /home/course/hpc/users/2022012388/exp8/vtune_result.conv4 is located on a share or its FS ID is unknown 26985
124 [23010772420480] INFO perfrun.sdk <> - checked that the directory /tmp/amplxe-tmp-2022012388 is a local directory
124 [23010772420480] INFO perfrun.sdk <> - the directory /tmp/amplxe-tmp-2022012388 is located on a share or its FS ID is unknown 2035054128
125 [23010772420480] INFO perfrun.launcher <> - create data directory = /home/course/hpc/users/2022012388/exp8/vtune_result.conv4/data.2
126 [23010772420480] INFO perfrun.launcher <> - Creating the master collection flag
127 [23010772420480] INFO perfrun.launcher <> - Done creating the master collection flag
130 [23010629117632] INFO perfrun.launcher <> - plugin [remoteplug] was disabled because it doesn't support the given collection type.
130 [23010629117632] INFO perfrun.sdk <> - Allocating TMU :/home/course/hpc/users/2022012388/exp8/vtune_result.conv4/data.2/systemcollector-3362674-conv4.sc
131 [23010629117632] INFO perfrun.launcher <> - plugin [vdso] was disabled because it doesn't support the given collection type.
131 [23010629117632] INFO perfrun.launcher <> - plugin [ptracecollector] was disabled because it doesn't support the given collection type.
131 [23010629117632] INFO perfrun.launcher <> - plugin [gpu] was disabled because it doesn't support the given collection type.
131 [23010629117632] INFO perfrun.launcher <> - plugin [] was disabled because it doesn't support the given collection type.
131 [23010629117632] INFO perfrun.launcher <> - plugin [] was disabled because it doesn't support the given collection type.
131 [23010629117632] INFO perfrun.launcher <> - plugin [] was disabled because it doesn't support the given collection type.
131 [23010629117632] INFO perfrun.mrte <> - system-wide mode is 0
131 [23010629117632] INFO perfrun.mrte <> - Getting  mrte profiling environment ...
205 [23010629117632] INFO perfrun.mrte <> - INTEL_MRTE_DATA_DIR=/home/course/hpc/users/2022012388/exp8/vtune_result.conv4/data.2
205 [23010629117632] INFO perfrun.mrte <> - INTEL_MRTE_HOST_NAME=conv4
205 [23010629117632] INFO perfrun.mrte <> - JAVA_TOOL_OPTIONS=-agentlib:amplxe_tpssmrte_javaprof_1.0 -Dsun.boot.library.path=/opt/intel/oneapi/vtune/2023.1.0/lib32/runtime:/opt/intel/oneapi/vtune/2023.1.0/lib64/runtime
205 [23010629117632] INFO perfrun.mrte <> - LD_LIBRARY_PATH=/opt/intel/oneapi/vtune/2023.1.0/lib32/runtime:/opt/intel/oneapi/vtune/2023.1.0/lib64/runtime:/opt/intel/oneapi/tbb/2021.5.1/env/../lib/intel64/gcc4.8:/opt/intel/oneapi/mpi/2021.5.1//libfabric/lib:/opt/intel/oneapi/mpi/2021.5.1//lib/release:/opt/intel/oneapi/mpi/2021.5.1//lib:/opt/intel/oneapi/mkl/2022.0.2/lib/intel64:/opt/intel/oneapi/itac/2021.5.0/slib:/opt/intel/oneapi/debugger/2021.5.0/gdb/intel64/lib:/opt/intel/oneapi/debugger/2021.5.0/libipt/intel64/lib:/opt/intel/oneapi/debugger/2021.5.0/dep/lib:/opt/intel/oneapi/compiler/2022.0.2/linux/lib:/opt/intel/oneapi/compiler/2022.0.2/linux/lib/x64:/opt/intel/oneapi/compiler/2022.0.2/linux/lib/oclfpga/host/linux64/lib:/opt/intel/oneapi/compiler/2022.0.2/linux/compiler/lib/intel64_lin
205 [23010629117632] INFO perfrun.mrte <> - CORECLR_ENABLE_PROFILING=1
205 [23010629117632] INFO perfrun.mrte <> - CORECLR_PROFILER={AA5E4821-E3B1-479c-B7FF-5AD047D22CED}
205 [23010629117632] INFO perfrun.mrte <> - CORECLR_PROFILER_PATH=/opt/intel/oneapi/vtune/2023.1.0/lib64/libamplxe_samplingmrte_clrprof_1.0.so
205 [23010629117632] INFO perfrun.mrte <> - INTEL_MRTE_PROFILER_MODE=mixed
205 [23010629117632] INFO perfrun.mrte <> - Data directory: /home/course/hpc/users/2022012388/exp8/vtune_result.conv4/data.2
205 [23010629117632] INFO perfrun.mrte <> - Mrte plugin is initialized
205 [23010629117632] INFO perfrun.launcher <> - plugin [emon] was disabled because it doesn't support the given collection type.
205 [23010629117632] INFO perfrun.launcher <> - plugin [cuscol] was disabled because it doesn't support the given collection type.
205 [23010629117632] INFO perfrun.launcher <> - plugin [stdsrc] was disabled because it doesn't support the given collection type.
205 [23010629117632] INFO perfrun.launcher <> - plugin [sep] was disabled because it doesn't support the given collection type.
205 [23010629117632] INFO perfrun.launcher <> - plugin [vtsspp] was disabled because it doesn't support the given collection type.
205 [23010629117632] INFO perfrun.sdk <> - Reading value (0) from file: /proc/sys/kernel/perf_event_paranoid
205 [23010629117632] INFO perfrun.perfcollector <> - checking access to: /opt/intel/oneapi/vtune/2023.1.0/bin64/amplxe-perf-priv
207 [23010629117632] INFO perfrun.perfcollector <> - cpu: family = 6 model = 79
208 [23010629117632] INFO perfrun.perfcollector <> - dir found: /sys/bus/event_source/devices/software
208 [23010629117632] INFO perfrun.perfcollector <> - format: pmu format subdir doesn't exist
208 [23010629117632] INFO perfrun.perfcollector <> - hwInfo: not set, pmuFam: software
208 [23010629117632] INFO perfrun.perfcollector <> - pmu added: family: software, id: 0
208 [23010629117632] INFO perfrun.perfcollector <> - dir found: /sys/bus/event_source/devices/uncore_imc_5
209 [23010629117632] INFO perfrun.perfcollector <> - format: event config:0-7 mask:0-7
209 [23010629117632] INFO perfrun.perfcollector <> - format: edge config:18 mask:18
209 [23010629117632] INFO perfrun.perfcollector <> - format: inv config:23 mask:23
210 [23010629117632] INFO perfrun.perfcollector <> - format: umask config:8-15 mask:8-15
210 [23010629117632] INFO perfrun.perfcollector <> - format: thresh config:24-31 mask:24-31
210 [23010629117632] INFO perfrun.perfcollector <> - hwInfo: PERF_IMC_PMU_DETAILS
210 [23010629117632] INFO perfrun.perfcollector <> - pmu added: family: uncore_imc, id: 5
210 [23010629117632] INFO perfrun.perfcollector <> - dir found: /sys/bus/event_source/devices/uncore_sbox_2
211 [23010629117632] INFO perfrun.perfcollector <> - format: event config:0-7 mask:0-7
211 [23010629117632] INFO perfrun.perfcollector <> - format: edge config:18 mask:18
212 [23010629117632] INFO perfrun.perfcollector <> - format: inv config:23 mask:23
212 [23010629117632] INFO perfrun.perfcollector <> - format: umask config:8-15 mask:8-15
212 [23010629117632] INFO perfrun.perfcollector <> - format: tid_en config:19 mask:19
212 [23010629117632] INFO perfrun.perfcollector <> - format: thresh config:24-31 mask:24-31
212 [23010629117632] INFO perfrun.perfcollector <> - hwInfo: not set, pmuFam: uncore_sbox
213 [23010629117632] INFO perfrun.perfcollector <> - pmu added: family: uncore_sbox, id: 2
213 [23010629117632] INFO perfrun.perfcollector <> - dir found: /sys/bus/event_source/devices/uncore_cbox_8
213 [23010629117632] INFO perfrun.perfcollector <> - format: event config:0-7 mask:0-7
214 [23010629117632] INFO perfrun.perfcollector <> - format: filter_link config1:6-8 mask:6-8
214 [23010629117632] INFO perfrun.perfcollector <> - format: filter_c6 config1:61 mask:61
214 [23010629117632] INFO perfrun.perfcollector <> - format: edge config:18 mask:18
214 [23010629117632] INFO perfrun.perfcollector <> - format: filter_isoc config1:63 mask:63
215 [23010629117632] INFO perfrun.perfcollector <> - format: filter_tid config1:0-5 mask:0-5
215 [23010629117632] INFO perfrun.perfcollector <> - format: filter_nid config1:32-47 mask:32-47
215 [23010629117632] INFO perfrun.perfcollector <> - format: filter_nc config1:62 mask:62
216 [23010629117632] INFO perfrun.perfcollector <> - format: umask config:8-15 mask:8-15
216 [23010629117632] INFO perfrun.perfcollector <> - format: tid_en config:19 mask:19
216 [23010629117632] INFO perfrun.perfcollector <> - format: thresh config:24-31 mask:24-31
216 [23010629117632] INFO perfrun.perfcollector <> - format: filter_state config1:17-23 mask:17-23
217 [23010629117632] INFO perfrun.perfcollector <> - format: filter_opc config1:52-60 mask:52-60
217 [23010629117632] INFO perfrun.perfcollector <> - hwInfo: PERF_CBOX_PMU_DETAILS
217 [23010629117632] INFO perfrun.perfcollector <> - pmu added: family: uncore_cbox, id: 8
217 [23010629117632] INFO perfrun.perfcollector <> - dir found: /sys/bus/event_source/devices/uncore_cbox_13
218 [23010629117632] INFO perfrun.perfcollector <> - format: event config:0-7 mask:0-7
218 [23010629117632] INFO perfrun.perfcollector <> - format: filter_link config1:6-8 mask:6-8
218 [23010629117632] INFO perfrun.perfcollector <> - format: filter_c6 config1:61 mask:61
219 [23010629117632] INFO perfrun.perfcollector <> - format: edge config:18 mask:18
219 [23010629117632] INFO perfrun.perfcollector <> - format: filter_isoc config1:63 mask:63
219 [23010629117632] INFO perfrun.perfcollector <> - format: filter_tid config1:0-5 mask:0-5
219 [23010629117632] INFO perfrun.perfcollector <> - format: filter_nid config1:32-47 mask:32-47
220 [23010629117632] INFO perfrun.perfcollector <> - format: filter_nc config1:62 mask:62
220 [23010629117632] INFO perfrun.perfcollector <> - format: umask config:8-15 mask:8-15
220 [23010629117632] INFO perfrun.perfcollector <> - format: tid_en config:19 mask:19
221 [23010629117632] INFO perfrun.perfcollector <> - format: thresh config:24-31 mask:24-31
221 [23010629117632] INFO perfrun.perfcollector <> - format: filter_state config1:17-23 mask:17-23
221 [23010629117632] INFO perfrun.perfcollector <> - format: filter_opc config1:52-60 mask:52-60
221 [23010629117632] INFO perfrun.perfcollector <> - hwInfo: PERF_CBOX_PMU_DETAILS
222 [23010629117632] INFO perfrun.perfcollector <> - pmu added: family: uncore_cbox, id: 13
222 [23010629117632] INFO perfrun.perfcollector <> - dir found: /sys/bus/event_source/devices/uncore_r2pcie
222 [23010629117632] INFO perfrun.perfcollector <> - format: event config:0-7 mask:0-7
223 [23010629117632] INFO perfrun.perfcollector <> - format: edge config:18 mask:18
223 [23010629117632] INFO perfrun.perfcollector <> - format: inv config:23 mask:23
223 [23010629117632] INFO perfrun.perfcollector <> - format: umask config:8-15 mask:8-15
223 [23010629117632] INFO perfrun.perfcollector <> - format: thresh config:24-31 mask:24-31
223 [23010629117632] INFO perfrun.perfcollector <> - hwInfo: not set, pmuFam: uncore_r2pcie
224 [23010629117632] INFO perfrun.perfcollector <> - pmu added: family: uncore_r2pcie, id: 0
224 [23010629117632] INFO perfrun.perfcollector <> - dir found: /sys/bus/event_source/devices/uncore_sbox_0
224 [23010629117632] INFO perfrun.perfcollector <> - format: event config:0-7 mask:0-7
225 [23010629117632] INFO perfrun.perfcollector <> - format: edge config:18 mask:18
225 [23010629117632] INFO perfrun.perfcollector <> - format: inv config:23 mask:23
225 [23010629117632] INFO perfrun.perfcollector <> - format: umask config:8-15 mask:8-15
225 [23010629117632] INFO perfrun.perfcollector <> - format: tid_en config:19 mask:19
226 [23010629117632] INFO perfrun.perfcollector <> - format: thresh config:24-31 mask:24-31
226 [23010629117632] INFO perfrun.perfcollector <> - hwInfo: not set, pmuFam: uncore_sbox
226 [23010629117632] INFO perfrun.perfcollector <> - pmu added: family: uncore_sbox, id: 0
226 [23010629117632] INFO perfrun.perfcollector <> - dir found: /sys/bus/event_source/devices/uncore_qpi_1
227 [23010629117632] INFO perfrun.perfcollector <> - format: mask_rnid4 config2:31 mask:31
227 [23010629117632] INFO perfrun.perfcollector <> - format: mask_rnid30 config2:32-35 mask:32-35
227 [23010629117632] INFO perfrun.perfcollector <> - format: match_rnid30 config1:32-35 mask:32-35
228 [23010629117632] INFO perfrun.perfcollector <> - format: event config:0-7,21 mask:0-7,21
228 [23010629117632] INFO perfrun.perfcollector <> - format: match0 config1:0-31 mask:0-31
228 [23010629117632] INFO perfrun.perfcollector <> - format: match_rds config1:48-51 mask:48-51
228 [23010629117632] INFO perfrun.perfcollector <> - format: mask_rds config2:48-51 mask:48-51
229 [23010629117632] INFO perfrun.perfcollector <> - format: edge config:18 mask:18
229 [23010629117632] INFO perfrun.perfcollector <> - format: mask1 config2:32-63 mask:32-63
229 [23010629117632] INFO perfrun.perfcollector <> - format: match_dnid config1:13-17 mask:13-17
230 [23010629117632] INFO perfrun.perfcollector <> - format: mask_dnid config2:13-17 mask:13-17
230 [23010629117632] INFO perfrun.perfcollector <> - format: match_vnw config1:3-4 mask:3-4
230 [23010629117632] INFO perfrun.perfcollector <> - format: mask_vnw config2:3-4 mask:3-4
230 [23010629117632] INFO perfrun.perfcollector <> - format: mask_mc config2:9-12 mask:9-12
231 [23010629117632] INFO perfrun.perfcollector <> - format: match1 config1:32-63 mask:32-63
231 [23010629117632] INFO perfrun.perfcollector <> - format: inv config:23 mask:23
231 [23010629117632] INFO perfrun.perfcollector <> - format: umask config:8-15 mask:8-15
231 [23010629117632] INFO perfrun.perfcollector <> - format: match_opc config1:5-8 mask:5-8
232 [23010629117632] INFO perfrun.perfcollector <> - format: mask_opc config2:5-8 mask:5-8
232 [23010629117632] INFO perfrun.perfcollector <> - format: thresh config:24-31 mask:24-31
232 [23010629117632] INFO perfrun.perfcollector <> - format: match_rnid4 config1:31 mask:31
233 [23010629117632] INFO perfrun.perfcollector <> - format: mask0 config2:0-31 mask:0-31
233 [23010629117632] INFO perfrun.perfcollector <> - format: match_mc config1:9-12 mask:9-12
233 [23010629117632] INFO perfrun.perfcollector <> - hwInfo: PERF_QPI_PMU_DETAILS
233 [23010629117632] INFO perfrun.perfcollector <> - pmu added: family: uncore_qpi, id: 1
233 [23010629117632] INFO perfrun.perfcollector <> - dir found: /sys/bus/event_source/devices/uncore_cbox_6
234 [23010629117632] INFO perfrun.perfcollector <> - format: event config:0-7 mask:0-7
234 [23010629117632] INFO perfrun.perfcollector <> - format: filter_link config1:6-8 mask:6-8
235 [23010629117632] INFO perfrun.perfcollector <> - format: filter_c6 config1:61 mask:61
235 [23010629117632] INFO perfrun.perfcollector <> - format: edge config:18 mask:18
235 [23010629117632] INFO perfrun.perfcollector <> - format: filter_isoc config1:63 mask:63
235 [23010629117632] INFO perfrun.perfcollector <> - format: filter_tid config1:0-5 mask:0-5
236 [23010629117632] INFO perfrun.perfcollector <> - format: filter_nid config1:32-47 mask:32-47
236 [23010629117632] INFO perfrun.perfcollector <> - format: filter_nc config1:62 mask:62
236 [23010629117632] INFO perfrun.perfcollector <> - format: umask config:8-15 mask:8-15
236 [23010629117632] INFO perfrun.perfcollector <> - format: tid_en config:19 mask:19
237 [23010629117632] INFO perfrun.perfcollector <> - format: thresh config:24-31 mask:24-31
237 [23010629117632] INFO perfrun.perfcollector <> - format: filter_state config1:17-23 mask:17-23
237 [23010629117632] INFO perfrun.perfcollector <> - format: filter_opc config1:52-60 mask:52-60
237 [23010629117632] INFO perfrun.perfcollector <> - hwInfo: PERF_CBOX_PMU_DETAILS
238 [23010629117632] INFO perfrun.perfcollector <> - pmu added: family: uncore_cbox, id: 6
238 [23010629117632] INFO perfrun.perfcollector <> - dir found: /sys/bus/event_source/devices/uncore_imc_1
238 [23010629117632] INFO perfrun.perfcollector <> - format: event config:0-7 mask:0-7
239 [23010629117632] INFO perfrun.perfcollector <> - format: edge config:18 mask:18
239 [23010629117632] INFO perfrun.perfcollector <> - format: inv config:23 mask:23
239 [23010629117632] INFO perfrun.perfcollector <> - format: umask config:8-15 mask:8-15
239 [23010629117632] INFO perfrun.perfcollector <> - format: thresh config:24-31 mask:24-31
239 [23010629117632] INFO perfrun.perfcollector <> - hwInfo: PERF_IMC_PMU_DETAILS
240 [23010629117632] INFO perfrun.perfcollector <> - pmu added: family: uncore_imc, id: 1
240 [23010629117632] INFO perfrun.perfcollector <> - dir found: /sys/bus/event_source/devices/power
240 [23010629117632] INFO perfrun.perfcollector <> - format: event config:0-7 mask:0-7
240 [23010629117632] INFO perfrun.perfcollector <> - hwInfo: not set, pmuFam: power
241 [23010629117632] INFO perfrun.perfcollector <> - pmu added: family: power, id: 0
241 [23010629117632] INFO perfrun.perfcollector <> - dir found: /sys/bus/event_source/devices/uncore_cbox_11
242 [23010629117632] INFO perfrun.perfcollector <> - format: event config:0-7 mask:0-7
242 [23010629117632] INFO perfrun.perfcollector <> - format: filter_link config1:6-8 mask:6-8
242 [23010629117632] INFO perfrun.perfcollector <> - format: filter_c6 config1:61 mask:61
242 [23010629117632] INFO perfrun.perfcollector <> - format: edge config:18 mask:18
243 [23010629117632] INFO perfrun.perfcollector <> - format: filter_isoc config1:63 mask:63
243 [23010629117632] INFO perfrun.perfcollector <> - format: filter_tid config1:0-5 mask:0-5
243 [23010629117632] INFO perfrun.perfcollector <> - format: filter_nid config1:32-47 mask:32-47
244 [23010629117632] INFO perfrun.perfcollector <> - format: filter_nc config1:62 mask:62
244 [23010629117632] INFO perfrun.perfcollector <> - format: umask config:8-15 mask:8-15
244 [23010629117632] INFO perfrun.perfcollector <> - format: tid_en config:19 mask:19
244 [23010629117632] INFO perfrun.perfcollector <> - format: thresh config:24-31 mask:24-31
245 [23010629117632] INFO perfrun.perfcollector <> - format: filter_state config1:17-23 mask:17-23
245 [23010629117632] INFO perfrun.perfcollector <> - format: filter_opc config1:52-60 mask:52-60
245 [23010629117632] INFO perfrun.perfcollector <> - hwInfo: PERF_CBOX_PMU_DETAILS
245 [23010629117632] INFO perfrun.perfcollector <> - pmu added: family: uncore_cbox, id: 11
245 [23010629117632] INFO perfrun.perfcollector <> - dir found: /sys/bus/event_source/devices/uncore_cbox_4
246 [23010629117632] INFO perfrun.perfcollector <> - format: event config:0-7 mask:0-7
246 [23010629117632] INFO perfrun.perfcollector <> - format: filter_link config1:6-8 mask:6-8
247 [23010629117632] INFO perfrun.perfcollector <> - format: filter_c6 config1:61 mask:61
247 [23010629117632] INFO perfrun.perfcollector <> - format: edge config:18 mask:18
247 [23010629117632] INFO perfrun.perfcollector <> - format: filter_isoc config1:63 mask:63
248 [23010629117632] INFO perfrun.perfcollector <> - format: filter_tid config1:0-5 mask:0-5
248 [23010629117632] INFO perfrun.perfcollector <> - format: filter_nid config1:32-47 mask:32-47
248 [23010629117632] INFO perfrun.perfcollector <> - format: filter_nc config1:62 mask:62
248 [23010629117632] INFO perfrun.perfcollector <> - format: umask config:8-15 mask:8-15
249 [23010629117632] INFO perfrun.perfcollector <> - format: tid_en config:19 mask:19
249 [23010629117632] INFO perfrun.perfcollector <> - format: thresh config:24-31 mask:24-31
249 [23010629117632] INFO perfrun.perfcollector <> - format: filter_state config1:17-23 mask:17-23
250 [23010629117632] INFO perfrun.perfcollector <> - format: filter_opc config1:52-60 mask:52-60
250 [23010629117632] INFO perfrun.perfcollector <> - hwInfo: PERF_CBOX_PMU_DETAILS
250 [23010629117632] INFO perfrun.perfcollector <> - pmu added: family: uncore_cbox, id: 4
250 [23010629117632] INFO perfrun.perfcollector <> - dir found: /sys/bus/event_source/devices/uprobe
251 [23010629117632] INFO perfrun.perfcollector <> - format: ref_ctr_offset config:32-63 mask:32-63
251 [23010629117632] INFO perfrun.perfcollector <> - format: retprobe config:0 mask:0
251 [23010629117632] INFO perfrun.perfcollector <> - hwInfo: not set, pmuFam: uprobe
251 [23010629117632] INFO perfrun.perfcollector <> - pmu added: family: uprobe, id: 0
251 [23010629117632] INFO perfrun.perfcollector <> - dir found: /sys/bus/event_source/devices/intel_bts
252 [23010629117632] INFO perfrun.perfcollector <> - format: pmu format subdir doesn't exist
252 [23010629117632] INFO perfrun.perfcollector <> - hwInfo: not set, pmuFam: intel_bts
252 [23010629117632] INFO perfrun.perfcollector <> - pmu added: family: intel_bts, id: 0
252 [23010629117632] INFO perfrun.perfcollector <> - dir found: /sys/bus/event_source/devices/cpu
253 [23010629117632] INFO perfrun.perfcollector <> - format: event config:0-7 mask:0-7
253 [23010629117632] INFO perfrun.perfcollector <> - format: pc config:19 mask:19
253 [23010629117632] INFO perfrun.perfcollector <> - format: in_tx config:32 mask:32
253 [23010629117632] INFO perfrun.perfcollector <> - format: edge config:18 mask:18
254 [23010629117632] INFO perfrun.perfcollector <> - format: any config:21 mask:21
254 [23010629117632] INFO perfrun.perfcollector <> - format: offcore_rsp config1:0-63 mask:0-63
254 [23010629117632] INFO perfrun.perfcollector <> - format: in_tx_cp config:33 mask:33
255 [23010629117632] INFO perfrun.perfcollector <> - format: ldlat config1:0-15 mask:0-15
255 [23010629117632] INFO perfrun.perfcollector <> - format: inv config:23 mask:23
255 [23010629117632] INFO perfrun.perfcollector <> - format: umask config:8-15 mask:8-15
255 [23010629117632] INFO perfrun.perfcollector <> - format: cmask config:24-31 mask:24-31
255 [23010629117632] INFO perfrun.perfcollector <> - hwInfo: PERF_CPU_PMU_DETAILS
256 [23010629117632] INFO perfrun.perfcollector <> - pmu added: family: cpu, id: 0
256 [23010629117632] INFO perfrun.perfcollector <> - dir found: /sys/bus/event_source/devices/uncore_r3qpi_0
256 [23010629117632] INFO perfrun.perfcollector <> - format: event config:0-7 mask:0-7
257 [23010629117632] INFO perfrun.perfcollector <> - format: edge config:18 mask:18
257 [23010629117632] INFO perfrun.perfcollector <> - format: inv config:23 mask:23
257 [23010629117632] INFO perfrun.perfcollector <> - format: umask config:8-15 mask:8-15
257 [23010629117632] INFO perfrun.perfcollector <> - format: thresh config:24-31 mask:24-31
257 [23010629117632] INFO perfrun.perfcollector <> - hwInfo: not set, pmuFam: uncore_r3qpi
258 [23010629117632] INFO perfrun.perfcollector <> - pmu added: family: uncore_r3qpi, id: 0
258 [23010629117632] INFO perfrun.perfcollector <> - dir found: /sys/bus/event_source/devices/cstate_core
258 [23010629117632] INFO perfrun.perfcollector <> - format: event config:0-63 mask:0-63
258 [23010629117632] INFO perfrun.perfcollector <> - hwInfo: not set, pmuFam: cstate_core
259 [23010629117632] INFO perfrun.perfcollector <> - pmu added: family: cstate_core, id: 0
259 [23010629117632] INFO perfrun.perfcollector <> - dir found: /sys/bus/event_source/devices/uncore_cbox_2
259 [23010629117632] INFO perfrun.perfcollector <> - format: event config:0-7 mask:0-7
260 [23010629117632] INFO perfrun.perfcollector <> - format: filter_link config1:6-8 mask:6-8
260 [23010629117632] INFO perfrun.perfcollector <> - format: filter_c6 config1:61 mask:61
260 [23010629117632] INFO perfrun.perfcollector <> - format: edge config:18 mask:18
260 [23010629117632] INFO perfrun.perfcollector <> - format: filter_isoc config1:63 mask:63
261 [23010629117632] INFO perfrun.perfcollector <> - format: filter_tid config1:0-5 mask:0-5
261 [23010629117632] INFO perfrun.perfcollector <> - format: filter_nid config1:32-47 mask:32-47
261 [23010629117632] INFO perfrun.perfcollector <> - format: filter_nc config1:62 mask:62
262 [23010629117632] INFO perfrun.perfcollector <> - format: umask config:8-15 mask:8-15
262 [23010629117632] INFO perfrun.perfcollector <> - format: tid_en config:19 mask:19
262 [23010629117632] INFO perfrun.perfcollector <> - format: thresh config:24-31 mask:24-31
262 [23010629117632] INFO perfrun.perfcollector <> - format: filter_state config1:17-23 mask:17-23
263 [23010629117632] INFO perfrun.perfcollector <> - format: filter_opc config1:52-60 mask:52-60
263 [23010629117632] INFO perfrun.perfcollector <> - hwInfo: PERF_CBOX_PMU_DETAILS
263 [23010629117632] INFO perfrun.perfcollector <> - pmu added: family: uncore_cbox, id: 2
263 [23010629117632] INFO perfrun.perfcollector <> - dir found: /sys/bus/event_source/devices/breakpoint
263 [23010629117632] INFO perfrun.perfcollector <> - format: pmu format subdir doesn't exist
263 [23010629117632] INFO perfrun.perfcollector <> - hwInfo: not set, pmuFam: breakpoint
264 [23010629117632] INFO perfrun.perfcollector <> - pmu added: family: breakpoint, id: 0
264 [23010629117632] INFO perfrun.perfcollector <> - dir found: /sys/bus/event_source/devices/uncore_ha_0
264 [23010629117632] INFO perfrun.perfcollector <> - format: event config:0-7 mask:0-7
265 [23010629117632] INFO perfrun.perfcollector <> - format: edge config:18 mask:18
265 [23010629117632] INFO perfrun.perfcollector <> - format: inv config:23 mask:23
265 [23010629117632] INFO perfrun.perfcollector <> - format: umask config:8-15 mask:8-15
265 [23010629117632] INFO perfrun.perfcollector <> - format: thresh config:24-31 mask:24-31
265 [23010629117632] INFO perfrun.perfcollector <> - hwInfo: not set, pmuFam: uncore_ha
266 [23010629117632] INFO perfrun.perfcollector <> - pmu added: family: uncore_ha, id: 0
266 [23010629117632] INFO perfrun.perfcollector <> - dir found: /sys/bus/event_source/devices/uncore_cbox_0
266 [23010629117632] INFO perfrun.perfcollector <> - format: event config:0-7 mask:0-7
267 [23010629117632] INFO perfrun.perfcollector <> - format: filter_link config1:6-8 mask:6-8
267 [23010629117632] INFO perfrun.perfcollector <> - format: filter_c6 config1:61 mask:61
267 [23010629117632] INFO perfrun.perfcollector <> - format: edge config:18 mask:18
268 [23010629117632] INFO perfrun.perfcollector <> - format: filter_isoc config1:63 mask:63
268 [23010629117632] INFO perfrun.perfcollector <> - format: filter_tid config1:0-5 mask:0-5
268 [23010629117632] INFO perfrun.perfcollector <> - format: filter_nid config1:32-47 mask:32-47
268 [23010629117632] INFO perfrun.perfcollector <> - format: filter_nc config1:62 mask:62
269 [23010629117632] INFO perfrun.perfcollector <> - format: umask config:8-15 mask:8-15
269 [23010629117632] INFO perfrun.perfcollector <> - format: tid_en config:19 mask:19
269 [23010629117632] INFO perfrun.perfcollector <> - format: thresh config:24-31 mask:24-31
270 [23010629117632] INFO perfrun.perfcollector <> - format: filter_state config1:17-23 mask:17-23
270 [23010629117632] INFO perfrun.perfcollector <> - format: filter_opc config1:52-60 mask:52-60
270 [23010629117632] INFO perfrun.perfcollector <> - hwInfo: PERF_CBOX_PMU_DETAILS
270 [23010629117632] INFO perfrun.perfcollector <> - pmu added: family: uncore_cbox, id: 0
270 [23010629117632] INFO perfrun.perfcollector <> - dir found: /sys/bus/event_source/devices/tracepoint
270 [23010629117632] INFO perfrun.perfcollector <> - format: pmu format subdir doesn't exist
270 [23010629117632] INFO perfrun.perfcollector <> - hwInfo: not set, pmuFam: tracepoint
271 [23010629117632] INFO perfrun.perfcollector <> - pmu added: family: tracepoint, id: 0
271 [23010629117632] INFO perfrun.perfcollector <> - dir found: /sys/bus/event_source/devices/uncore_sbox_3
272 [23010629117632] INFO perfrun.perfcollector <> - format: event config:0-7 mask:0-7
272 [23010629117632] INFO perfrun.perfcollector <> - format: edge config:18 mask:18
272 [23010629117632] INFO perfrun.perfcollector <> - format: inv config:23 mask:23
272 [23010629117632] INFO perfrun.perfcollector <> - format: umask config:8-15 mask:8-15
273 [23010629117632] INFO perfrun.perfcollector <> - format: tid_en config:19 mask:19
273 [23010629117632] INFO perfrun.perfcollector <> - format: thresh config:24-31 mask:24-31
273 [23010629117632] INFO perfrun.perfcollector <> - hwInfo: not set, pmuFam: uncore_sbox
273 [23010629117632] INFO perfrun.perfcollector <> - pmu added: family: uncore_sbox, id: 3
274 [23010629117632] INFO perfrun.perfcollector <> - dir found: /sys/bus/event_source/devices/uncore_cbox_9
274 [23010629117632] INFO perfrun.perfcollector <> - format: event config:0-7 mask:0-7
274 [23010629117632] INFO perfrun.perfcollector <> - format: filter_link config1:6-8 mask:6-8
275 [23010629117632] INFO perfrun.perfcollector <> - format: filter_c6 config1:61 mask:61
275 [23010629117632] INFO perfrun.perfcollector <> - format: edge config:18 mask:18
275 [23010629117632] INFO perfrun.perfcollector <> - format: filter_isoc config1:63 mask:63
275 [23010629117632] INFO perfrun.perfcollector <> - format: filter_tid config1:0-5 mask:0-5
276 [23010629117632] INFO perfrun.perfcollector <> - format: filter_nid config1:32-47 mask:32-47
276 [23010629117632] INFO perfrun.perfcollector <> - format: filter_nc config1:62 mask:62
276 [23010629117632] INFO perfrun.perfcollector <> - format: umask config:8-15 mask:8-15
276 [23010629117632] INFO perfrun.perfcollector <> - format: tid_en config:19 mask:19
277 [23010629117632] INFO perfrun.perfcollector <> - format: thresh config:24-31 mask:24-31
277 [23010629117632] INFO perfrun.perfcollector <> - format: filter_state config1:17-23 mask:17-23
277 [23010629117632] INFO perfrun.perfcollector <> - format: filter_opc config1:52-60 mask:52-60
277 [23010629117632] INFO perfrun.perfcollector <> - hwInfo: PERF_CBOX_PMU_DETAILS
278 [23010629117632] INFO perfrun.perfcollector <> - pmu added: family: uncore_cbox, id: 9
278 [23010629117632] INFO perfrun.perfcollector <> - dir found: /sys/bus/event_source/devices/cstate_pkg
278 [23010629117632] INFO perfrun.perfcollector <> - format: event config:0-63 mask:0-63
278 [23010629117632] INFO perfrun.perfcollector <> - hwInfo: not set, pmuFam: cstate_pkg
279 [23010629117632] INFO perfrun.perfcollector <> - pmu added: family: cstate_pkg, id: 0
279 [23010629117632] INFO perfrun.perfcollector <> - dir found: /sys/bus/event_source/devices/uncore_imc_4
279 [23010629117632] INFO perfrun.perfcollector <> - format: event config:0-7 mask:0-7
280 [23010629117632] INFO perfrun.perfcollector <> - format: edge config:18 mask:18
280 [23010629117632] INFO perfrun.perfcollector <> - format: inv config:23 mask:23
280 [23010629117632] INFO perfrun.perfcollector <> - format: umask config:8-15 mask:8-15
281 [23010629117632] INFO perfrun.perfcollector <> - format: thresh config:24-31 mask:24-31
281 [23010629117632] INFO perfrun.perfcollector <> - hwInfo: PERF_IMC_PMU_DETAILS
281 [23010629117632] INFO perfrun.perfcollector <> - pmu added: family: uncore_imc, id: 4
281 [23010629117632] INFO perfrun.perfcollector <> - dir found: /sys/bus/event_source/devices/uncore_ubox
282 [23010629117632] INFO perfrun.perfcollector <> - format: event config:0-7 mask:0-7
282 [23010629117632] INFO perfrun.perfcollector <> - format: edge config:18 mask:18
282 [23010629117632] INFO perfrun.perfcollector <> - format: inv config:23 mask:23
282 [23010629117632] INFO perfrun.perfcollector <> - format: umask config:8-15 mask:8-15
283 [23010629117632] INFO perfrun.perfcollector <> - format: thresh config:24-28 mask:24-28
283 [23010629117632] INFO perfrun.perfcollector <> - hwInfo: not set, pmuFam: uncore_ubox
283 [23010629117632] INFO perfrun.perfcollector <> - pmu added: family: uncore_ubox, id: 0
283 [23010629117632] INFO perfrun.perfcollector <> - dir found: /sys/bus/event_source/devices/uncore_sbox_1
284 [23010629117632] INFO perfrun.perfcollector <> - format: event config:0-7 mask:0-7
284 [23010629117632] INFO perfrun.perfcollector <> - format: edge config:18 mask:18
284 [23010629117632] INFO perfrun.perfcollector <> - format: inv config:23 mask:23
284 [23010629117632] INFO perfrun.perfcollector <> - format: umask config:8-15 mask:8-15
285 [23010629117632] INFO perfrun.perfcollector <> - format: tid_en config:19 mask:19
285 [23010629117632] INFO perfrun.perfcollector <> - format: thresh config:24-31 mask:24-31
285 [23010629117632] INFO perfrun.perfcollector <> - hwInfo: not set, pmuFam: uncore_sbox
285 [23010629117632] INFO perfrun.perfcollector <> - pmu added: family: uncore_sbox, id: 1
286 [23010629117632] INFO perfrun.perfcollector <> - dir found: /sys/bus/event_source/devices/uncore_cbox_7
286 [23010629117632] INFO perfrun.perfcollector <> - format: event config:0-7 mask:0-7
286 [23010629117632] INFO perfrun.perfcollector <> - format: filter_link config1:6-8 mask:6-8
287 [23010629117632] INFO perfrun.perfcollector <> - format: filter_c6 config1:61 mask:61
287 [23010629117632] INFO perfrun.perfcollector <> - format: edge config:18 mask:18
287 [23010629117632] INFO perfrun.perfcollector <> - format: filter_isoc config1:63 mask:63
287 [23010629117632] INFO perfrun.perfcollector <> - format: filter_tid config1:0-5 mask:0-5
288 [23010629117632] INFO perfrun.perfcollector <> - format: filter_nid config1:32-47 mask:32-47
288 [23010629117632] INFO perfrun.perfcollector <> - format: filter_nc config1:62 mask:62
288 [23010629117632] INFO perfrun.perfcollector <> - format: umask config:8-15 mask:8-15
289 [23010629117632] INFO perfrun.perfcollector <> - format: tid_en config:19 mask:19
289 [23010629117632] INFO perfrun.perfcollector <> - format: thresh config:24-31 mask:24-31
289 [23010629117632] INFO perfrun.perfcollector <> - format: filter_state config1:17-23 mask:17-23
289 [23010629117632] INFO perfrun.perfcollector <> - format: filter_opc config1:52-60 mask:52-60
289 [23010629117632] INFO perfrun.perfcollector <> - hwInfo: PERF_CBOX_PMU_DETAILS
290 [23010629117632] INFO perfrun.perfcollector <> - pmu added: family: uncore_cbox, id: 7
290 [23010629117632] INFO perfrun.perfcollector <> - dir found: /sys/bus/event_source/devices/uncore_cbox_12
290 [23010629117632] INFO perfrun.perfcollector <> - format: event config:0-7 mask:0-7
291 [23010629117632] INFO perfrun.perfcollector <> - format: filter_link config1:6-8 mask:6-8
291 [23010629117632] INFO perfrun.perfcollector <> - format: filter_c6 config1:61 mask:61
291 [23010629117632] INFO perfrun.perfcollector <> - format: edge config:18 mask:18
292 [23010629117632] INFO perfrun.perfcollector <> - format: filter_isoc config1:63 mask:63
292 [23010629117632] INFO perfrun.perfcollector <> - format: filter_tid config1:0-5 mask:0-5
292 [23010629117632] INFO perfrun.perfcollector <> - format: filter_nid config1:32-47 mask:32-47
292 [23010629117632] INFO perfrun.perfcollector <> - format: filter_nc config1:62 mask:62
293 [23010629117632] INFO perfrun.perfcollector <> - format: umask config:8-15 mask:8-15
293 [23010629117632] INFO perfrun.perfcollector <> - format: tid_en config:19 mask:19
293 [23010629117632] INFO perfrun.perfcollector <> - format: thresh config:24-31 mask:24-31
293 [23010629117632] INFO perfrun.perfcollector <> - format: filter_state config1:17-23 mask:17-23
294 [23010629117632] INFO perfrun.perfcollector <> - format: filter_opc config1:52-60 mask:52-60
294 [23010629117632] INFO perfrun.perfcollector <> - hwInfo: PERF_CBOX_PMU_DETAILS
294 [23010629117632] INFO perfrun.perfcollector <> - pmu added: family: uncore_cbox, id: 12
294 [23010629117632] INFO perfrun.perfcollector <> - dir found: /sys/bus/event_source/devices/kprobe
295 [23010629117632] INFO perfrun.perfcollector <> - format: retprobe config:0 mask:0
295 [23010629117632] INFO perfrun.perfcollector <> - hwInfo: not set, pmuFam: kprobe
295 [23010629117632] INFO perfrun.perfcollector <> - pmu added: family: kprobe, id: 0
295 [23010629117632] INFO perfrun.perfcollector <> - dir found: /sys/bus/event_source/devices/uncore_qpi_0
296 [23010629117632] INFO perfrun.perfcollector <> - format: mask_rnid4 config2:31 mask:31
296 [23010629117632] INFO perfrun.perfcollector <> - format: mask_rnid30 config2:32-35 mask:32-35
296 [23010629117632] INFO perfrun.perfcollector <> - format: match_rnid30 config1:32-35 mask:32-35
297 [23010629117632] INFO perfrun.perfcollector <> - format: event config:0-7,21 mask:0-7,21
297 [23010629117632] INFO perfrun.perfcollector <> - format: match0 config1:0-31 mask:0-31
297 [23010629117632] INFO perfrun.perfcollector <> - format: match_rds config1:48-51 mask:48-51
297 [23010629117632] INFO perfrun.perfcollector <> - format: mask_rds config2:48-51 mask:48-51
298 [23010629117632] INFO perfrun.perfcollector <> - format: edge config:18 mask:18
298 [23010629117632] INFO perfrun.perfcollector <> - format: mask1 config2:32-63 mask:32-63
298 [23010629117632] INFO perfrun.perfcollector <> - format: match_dnid config1:13-17 mask:13-17
299 [23010629117632] INFO perfrun.perfcollector <> - format: mask_dnid config2:13-17 mask:13-17
299 [23010629117632] INFO perfrun.perfcollector <> - format: match_vnw config1:3-4 mask:3-4
299 [23010629117632] INFO perfrun.perfcollector <> - format: mask_vnw config2:3-4 mask:3-4
300 [23010629117632] INFO perfrun.perfcollector <> - format: mask_mc config2:9-12 mask:9-12
300 [23010629117632] INFO perfrun.perfcollector <> - format: match1 config1:32-63 mask:32-63
300 [23010629117632] INFO perfrun.perfcollector <> - format: inv config:23 mask:23
300 [23010629117632] INFO perfrun.perfcollector <> - format: umask config:8-15 mask:8-15
301 [23010629117632] INFO perfrun.perfcollector <> - format: match_opc config1:5-8 mask:5-8
301 [23010629117632] INFO perfrun.perfcollector <> - format: mask_opc config2:5-8 mask:5-8
301 [23010629117632] INFO perfrun.perfcollector <> - format: thresh config:24-31 mask:24-31
301 [23010629117632] INFO perfrun.perfcollector <> - format: match_rnid4 config1:31 mask:31
302 [23010629117632] INFO perfrun.perfcollector <> - format: mask0 config2:0-31 mask:0-31
302 [23010629117632] INFO perfrun.perfcollector <> - format: match_mc config1:9-12 mask:9-12
302 [23010629117632] INFO perfrun.perfcollector <> - hwInfo: PERF_QPI_PMU_DETAILS
302 [23010629117632] INFO perfrun.perfcollector <> - pmu added: family: uncore_qpi, id: 0
303 [23010629117632] INFO perfrun.perfcollector <> - dir found: /sys/bus/event_source/devices/uncore_cbox_5
303 [23010629117632] INFO perfrun.perfcollector <> - format: event config:0-7 mask:0-7
303 [23010629117632] INFO perfrun.perfcollector <> - format: filter_link config1:6-8 mask:6-8
304 [23010629117632] INFO perfrun.perfcollector <> - format: filter_c6 config1:61 mask:61
304 [23010629117632] INFO perfrun.perfcollector <> - format: edge config:18 mask:18
304 [23010629117632] INFO perfrun.perfcollector <> - format: filter_isoc config1:63 mask:63
305 [23010629117632] INFO perfrun.perfcollector <> - format: filter_tid config1:0-5 mask:0-5
305 [23010629117632] INFO perfrun.perfcollector <> - format: filter_nid config1:32-47 mask:32-47
305 [23010629117632] INFO perfrun.perfcollector <> - format: filter_nc config1:62 mask:62
305 [23010629117632] INFO perfrun.perfcollector <> - format: umask config:8-15 mask:8-15
306 [23010629117632] INFO perfrun.perfcollector <> - format: tid_en config:19 mask:19
306 [23010629117632] INFO perfrun.perfcollector <> - format: thresh config:24-31 mask:24-31
306 [23010629117632] INFO perfrun.perfcollector <> - format: filter_state config1:17-23 mask:17-23
306 [23010629117632] INFO perfrun.perfcollector <> - format: filter_opc config1:52-60 mask:52-60
306 [23010629117632] INFO perfrun.perfcollector <> - hwInfo: PERF_CBOX_PMU_DETAILS
307 [23010629117632] INFO perfrun.perfcollector <> - pmu added: family: uncore_cbox, id: 5
307 [23010629117632] INFO perfrun.perfcollector <> - dir found: /sys/bus/event_source/devices/uncore_imc_0
308 [23010629117632] INFO perfrun.perfcollector <> - format: event config:0-7 mask:0-7
308 [23010629117632] INFO perfrun.perfcollector <> - format: edge config:18 mask:18
308 [23010629117632] INFO perfrun.perfcollector <> - format: inv config:23 mask:23
308 [23010629117632] INFO perfrun.perfcollector <> - format: umask config:8-15 mask:8-15
309 [23010629117632] INFO perfrun.perfcollector <> - format: thresh config:24-31 mask:24-31
309 [23010629117632] INFO perfrun.perfcollector <> - hwInfo: PERF_IMC_PMU_DETAILS
309 [23010629117632] INFO perfrun.perfcollector <> - pmu added: family: uncore_imc, id: 0
309 [23010629117632] INFO perfrun.perfcollector <> - dir found: /sys/bus/event_source/devices/uncore_cbox_10
310 [23010629117632] INFO perfrun.perfcollector <> - format: event config:0-7 mask:0-7
310 [23010629117632] INFO perfrun.perfcollector <> - format: filter_link config1:6-8 mask:6-8
310 [23010629117632] INFO perfrun.perfcollector <> - format: filter_c6 config1:61 mask:61
310 [23010629117632] INFO perfrun.perfcollector <> - format: edge config:18 mask:18
311 [23010629117632] INFO perfrun.perfcollector <> - format: filter_isoc config1:63 mask:63
311 [23010629117632] INFO perfrun.perfcollector <> - format: filter_tid config1:0-5 mask:0-5
311 [23010629117632] INFO perfrun.perfcollector <> - format: filter_nid config1:32-47 mask:32-47
311 [23010629117632] INFO perfrun.perfcollector <> - format: filter_nc config1:62 mask:62
312 [23010629117632] INFO perfrun.perfcollector <> - format: umask config:8-15 mask:8-15
312 [23010629117632] INFO perfrun.perfcollector <> - format: tid_en config:19 mask:19
312 [23010629117632] INFO perfrun.perfcollector <> - format: thresh config:24-31 mask:24-31
313 [23010629117632] INFO perfrun.perfcollector <> - format: filter_state config1:17-23 mask:17-23
313 [23010629117632] INFO perfrun.perfcollector <> - format: filter_opc config1:52-60 mask:52-60
313 [23010629117632] INFO perfrun.perfcollector <> - hwInfo: PERF_CBOX_PMU_DETAILS
313 [23010629117632] INFO perfrun.perfcollector <> - pmu added: family: uncore_cbox, id: 10
313 [23010629117632] INFO perfrun.perfcollector <> - dir found: /sys/bus/event_source/devices/uncore_pcu
314 [23010629117632] INFO perfrun.perfcollector <> - format: filter_band2 config1:16-23 mask:16-23
314 [23010629117632] INFO perfrun.perfcollector <> - format: event config:0-7 mask:0-7
315 [23010629117632] INFO perfrun.perfcollector <> - format: filter_band0 config1:0-7 mask:0-7
315 [23010629117632] INFO perfrun.perfcollector <> - format: edge config:18 mask:18
315 [23010629117632] INFO perfrun.perfcollector <> - format: occ_invert config:30 mask:30
315 [23010629117632] INFO perfrun.perfcollector <> - format: occ_edge config:14-51 mask:14-51
316 [23010629117632] INFO perfrun.perfcollector <> - format: filter_band3 config1:24-31 mask:24-31
316 [23010629117632] INFO perfrun.perfcollector <> - format: filter_band1 config1:8-15 mask:8-15
316 [23010629117632] INFO perfrun.perfcollector <> - format: inv config:23 mask:23
317 [23010629117632] INFO perfrun.perfcollector <> - format: thresh config:24-28 mask:24-28
317 [23010629117632] INFO perfrun.perfcollector <> - format: occ_sel config:14-15 mask:14-15
317 [23010629117632] INFO perfrun.perfcollector <> - hwInfo: not set, pmuFam: uncore_pcu
317 [23010629117632] INFO perfrun.perfcollector <> - pmu added: family: uncore_pcu, id: 0
317 [23010629117632] INFO perfrun.perfcollector <> - dir found: /sys/bus/event_source/devices/uncore_r3qpi_1
318 [23010629117632] INFO perfrun.perfcollector <> - format: event config:0-7 mask:0-7
318 [23010629117632] INFO perfrun.perfcollector <> - format: edge config:18 mask:18
318 [23010629117632] INFO perfrun.perfcollector <> - format: inv config:23 mask:23
319 [23010629117632] INFO perfrun.perfcollector <> - format: umask config:8-15 mask:8-15
319 [23010629117632] INFO perfrun.perfcollector <> - format: thresh config:24-31 mask:24-31
319 [23010629117632] INFO perfrun.perfcollector <> - hwInfo: not set, pmuFam: uncore_r3qpi
319 [23010629117632] INFO perfrun.perfcollector <> - pmu added: family: uncore_r3qpi, id: 1
319 [23010629117632] INFO perfrun.perfcollector <> - dir found: /sys/bus/event_source/devices/msr
320 [23010629117632] INFO perfrun.perfcollector <> - format: event config:0-63 mask:0-63
320 [23010629117632] INFO perfrun.perfcollector <> - hwInfo: not set, pmuFam: msr
320 [23010629117632] INFO perfrun.perfcollector <> - pmu added: family: msr, id: 0
321 [23010629117632] INFO perfrun.perfcollector <> - dir found: /sys/bus/event_source/devices/uncore_cbox_3
321 [23010629117632] INFO perfrun.perfcollector <> - format: event config:0-7 mask:0-7
321 [23010629117632] INFO perfrun.perfcollector <> - format: filter_link config1:6-8 mask:6-8
322 [23010629117632] INFO perfrun.perfcollector <> - format: filter_c6 config1:61 mask:61
322 [23010629117632] INFO perfrun.perfcollector <> - format: edge config:18 mask:18
322 [23010629117632] INFO perfrun.perfcollector <> - format: filter_isoc config1:63 mask:63
323 [23010629117632] INFO perfrun.perfcollector <> - format: filter_tid config1:0-5 mask:0-5
323 [23010629117632] INFO perfrun.perfcollector <> - format: filter_nid config1:32-47 mask:32-47
323 [23010629117632] INFO perfrun.perfcollector <> - format: filter_nc config1:62 mask:62
323 [23010629117632] INFO perfrun.perfcollector <> - format: umask config:8-15 mask:8-15
324 [23010629117632] INFO perfrun.perfcollector <> - format: tid_en config:19 mask:19
324 [23010629117632] INFO perfrun.perfcollector <> - format: thresh config:24-31 mask:24-31
324 [23010629117632] INFO perfrun.perfcollector <> - format: filter_state config1:17-23 mask:17-23
325 [23010629117632] INFO perfrun.perfcollector <> - format: filter_opc config1:52-60 mask:52-60
325 [23010629117632] INFO perfrun.perfcollector <> - hwInfo: PERF_CBOX_PMU_DETAILS
325 [23010629117632] INFO perfrun.perfcollector <> - pmu added: family: uncore_cbox, id: 3
325 [23010629117632] INFO perfrun.perfcollector <> - dir found: /sys/bus/event_source/devices/intel_pt
326 [23010629117632] INFO perfrun.perfcollector <> - format: ptw config:12 mask:12
326 [23010629117632] INFO perfrun.perfcollector <> - format: event config:31 mask:31
326 [23010629117632] INFO perfrun.perfcollector <> - format: cyc_thresh config:19-22 mask:19-22
326 [23010629117632] INFO perfrun.perfcollector <> - format: pt config:0 mask:0
327 [23010629117632] INFO perfrun.perfcollector <> - format: notnt config:55 mask:55
327 [23010629117632] INFO perfrun.perfcollector <> - format: branch config:13 mask:13
327 [23010629117632] INFO perfrun.perfcollector <> - format: tsc config:10 mask:10
327 [23010629117632] INFO perfrun.perfcollector <> - format: pwr_evt config:4 mask:4
328 [23010629117632] INFO perfrun.perfcollector <> - format: fup_on_ptw config:5 mask:5
328 [23010629117632] INFO perfrun.perfcollector <> - format: cyc config:1 mask:1
328 [23010629117632] INFO perfrun.perfcollector <> - format: noretcomp config:11 mask:11
328 [23010629117632] INFO perfrun.perfcollector <> - format: mtc config:9 mask:9
329 [23010629117632] INFO perfrun.perfcollector <> - format: psb_period config:24-27 mask:24-27
329 [23010629117632] INFO perfrun.perfcollector <> - format: mtc_period config:14-17 mask:14-17
329 [23010629117632] INFO perfrun.perfcollector <> - hwInfo: not set, pmuFam: intel_pt
329 [23010629117632] INFO perfrun.perfcollector <> - pmu added: family: intel_pt, id: 0
329 [23010629117632] INFO perfrun.perfcollector <> - dir found: /sys/bus/event_source/devices/uncore_ha_1
330 [23010629117632] INFO perfrun.perfcollector <> - format: event config:0-7 mask:0-7
330 [23010629117632] INFO perfrun.perfcollector <> - format: edge config:18 mask:18
331 [23010629117632] INFO perfrun.perfcollector <> - format: inv config:23 mask:23
331 [23010629117632] INFO perfrun.perfcollector <> - format: umask config:8-15 mask:8-15
331 [23010629117632] INFO perfrun.perfcollector <> - format: thresh config:24-31 mask:24-31
331 [23010629117632] INFO perfrun.perfcollector <> - hwInfo: not set, pmuFam: uncore_ha
331 [23010629117632] INFO perfrun.perfcollector <> - pmu added: family: uncore_ha, id: 1
332 [23010629117632] INFO perfrun.perfcollector <> - dir found: /sys/bus/event_source/devices/uncore_cbox_1
332 [23010629117632] INFO perfrun.perfcollector <> - format: event config:0-7 mask:0-7
332 [23010629117632] INFO perfrun.perfcollector <> - format: filter_link config1:6-8 mask:6-8
333 [23010629117632] INFO perfrun.perfcollector <> - format: filter_c6 config1:61 mask:61
333 [23010629117632] INFO perfrun.perfcollector <> - format: edge config:18 mask:18
333 [23010629117632] INFO perfrun.perfcollector <> - format: filter_isoc config1:63 mask:63
333 [23010629117632] INFO perfrun.perfcollector <> - format: filter_tid config1:0-5 mask:0-5
333 [23010629117632] INFO perfrun.perfcollector <> - format: filter_nid config1:32-47 mask:32-47
334 [23010629117632] INFO perfrun.perfcollector <> - format: filter_nc config1:62 mask:62
334 [23010629117632] INFO perfrun.perfcollector <> - format: umask config:8-15 mask:8-15
334 [23010629117632] INFO perfrun.perfcollector <> - format: tid_en config:19 mask:19
334 [23010629117632] INFO perfrun.perfcollector <> - format: thresh config:24-31 mask:24-31
334 [23010629117632] INFO perfrun.perfcollector <> - format: filter_state config1:17-23 mask:17-23
334 [23010629117632] INFO perfrun.perfcollector <> - format: filter_opc config1:52-60 mask:52-60
334 [23010629117632] INFO perfrun.perfcollector <> - hwInfo: PERF_CBOX_PMU_DETAILS
335 [23010629117632] INFO perfrun.perfcollector <> - pmu added: family: uncore_cbox, id: 1
335 [23010629117632] INFO perfrun.sdk <> - runCmd: /opt/intel/oneapi/vtune/2023.1.0/bin64/sep -dry-run -sam 1 -ec CPU_CLK_UNHALTED.THREAD,CPU_CLK_UNHALTED.REF_TSC:sample:sa=2400000,INST_RETIRED.ANY:sample:sa=2400000,CPU_CLK_UNHALTED.REF_XCLK,CPU_CLK_UNHALTED.ONE_THREAD_ACTIVE,FP_ARITH_INST_RETIRED.SCALAR_SINGLE,FP_ARITH_INST_RETIRED.128B_PACKED_SINGLE,FP_ARITH_INST_RETIRED.256B_PACKED_SINGLE,FP_ARITH_INST_RETIRED.SCALAR_DOUBLE,FP_ARITH_INST_RETIRED.128B_PACKED_DOUBLE,FP_ARITH_INST_RETIRED.256B_PACKED_DOUBLE,INST_RETIRED.X87,UOPS_RETIRED.RETIRE_SLOTS:sample:sa=2000003 -experimental
335 [23010629117632] INFO perfrun.sdk <> - runCmd started PID 3362799
424 [23010629117632] INFO perfrun.perfcollector <> - SepDryRun RC = true
428 [23010629117632] INFO perfrun.perfcollector <> - DRY_RUN: "PMU type: Core (core)"
428 [23010629117632] INFO perfrun.perfcollector <> - pmu type: cpu
428 [23010629117632] INFO perfrun.perfcollector <> - DRY_RUN: "Group 0:"
428 [23010629117632] INFO perfrun.perfcollector <> - id: 0
428 [23010629117632] INFO perfrun.perfcollector <> - DRY_RUN: "INST_RETIRED.ANY: event id 2"
428 [23010629117632] INFO perfrun.perfcollector <> - eventName: INST_RETIRED.ANY, eventId: 2
428 [23010629117632] INFO perfrun.perfcollector <> - DRY_RUN: "CPU_CLK_UNHALTED.THREAD: event id 0"
428 [23010629117632] INFO perfrun.perfcollector <> - eventName: CPU_CLK_UNHALTED.THREAD, eventId: 0
428 [23010629117632] INFO perfrun.perfcollector <> - DRY_RUN: "CPU_CLK_UNHALTED.REF_TSC: event id 1"
428 [23010629117632] INFO perfrun.perfcollector <> - eventName: CPU_CLK_UNHALTED.REF_TSC, eventId: 1
428 [23010629117632] INFO perfrun.perfcollector <> - DRY_RUN: "FP_ARITH_INST_RETIRED.SCALAR_SINGLE: event id 5"
428 [23010629117632] INFO perfrun.perfcollector <> - eventName: FP_ARITH_INST_RETIRED.SCALAR_SINGLE, eventId: 5
428 [23010629117632] INFO perfrun.perfcollector <> - DRY_RUN: "FP_ARITH_INST_RETIRED.128B_PACKED_SINGLE: event id 6"
428 [23010629117632] INFO perfrun.perfcollector <> - eventName: FP_ARITH_INST_RETIRED.128B_PACKED_SINGLE, eventId: 6
428 [23010629117632] INFO perfrun.perfcollector <> - DRY_RUN: "FP_ARITH_INST_RETIRED.256B_PACKED_SINGLE: event id 7"
428 [23010629117632] INFO perfrun.perfcollector <> - eventName: FP_ARITH_INST_RETIRED.256B_PACKED_SINGLE, eventId: 7
428 [23010629117632] INFO perfrun.perfcollector <> - DRY_RUN: "FP_ARITH_INST_RETIRED.SCALAR_DOUBLE: event id 8"
428 [23010629117632] INFO perfrun.perfcollector <> - eventName: FP_ARITH_INST_RETIRED.SCALAR_DOUBLE, eventId: 8
428 [23010629117632] INFO perfrun.perfcollector <> - DRY_RUN: "CPU_CLK_UNHALTED.REF_XCLK: event id 3"
428 [23010629117632] INFO perfrun.perfcollector <> - eventName: CPU_CLK_UNHALTED.REF_XCLK, eventId: 3
428 [23010629117632] INFO perfrun.perfcollector <> - DRY_RUN: "CPU_CLK_UNHALTED.ONE_THREAD_ACTIVE: event id 4"
428 [23010629117632] INFO perfrun.perfcollector <> - eventName: CPU_CLK_UNHALTED.ONE_THREAD_ACTIVE, eventId: 4
428 [23010629117632] INFO perfrun.perfcollector <> - DRY_RUN: "INST_RETIRED.X87: event id 11"
428 [23010629117632] INFO perfrun.perfcollector <> - eventName: INST_RETIRED.X87, eventId: 11
428 [23010629117632] INFO perfrun.perfcollector <> - DRY_RUN: "UOPS_RETIRED.RETIRE_SLOTS: event id 12"
428 [23010629117632] INFO perfrun.perfcollector <> - eventName: UOPS_RETIRED.RETIRE_SLOTS, eventId: 12
428 [23010629117632] INFO perfrun.perfcollector <> - DRY_RUN: "CCCR"
428 [23010629117632] INFO perfrun.perfcollector <> - DRY_RUN: "reg_type       = 1	event_id       = g	reg_id         = 38f	reg_value      = 7000000ff"
428 [23010629117632] INFO perfrun.perfcollector <> - eventId: g, skip parsing event_id
428 [23010629117632] INFO perfrun.perfcollector <> - Register was ignored: group_id: 0, reg_type: 1, event_id: 4294967295, reg_id: 38f, reg_value: 7000000ff, pmu_name: cpu
428 [23010629117632] INFO perfrun.perfcollector <> - DRY_RUN: "reg_type       = 1	event_id       = g	reg_id         = 390	reg_value      = 7000000ff"
428 [23010629117632] INFO perfrun.perfcollector <> - eventId: g, skip parsing event_id
428 [23010629117632] INFO perfrun.perfcollector <> - Register was ignored: group_id: 0, reg_type: 1, event_id: 4294967295, reg_id: 390, reg_value: 7000000ff, pmu_name: cpu
428 [23010629117632] INFO perfrun.perfcollector <> - DRY_RUN: "reg_type       = 1	event_id       = g	reg_id         = 3f1	reg_value      = 0"
428 [23010629117632] INFO perfrun.perfcollector <> - eventId: g, skip parsing event_id
428 [23010629117632] INFO perfrun.perfcollector <> - Register was ignored: group_id: 0, reg_type: 1, event_id: 4294967295, reg_id: 3f1, reg_value: 0, pmu_name: cpu
428 [23010629117632] INFO perfrun.perfcollector <> - DRY_RUN: "reg_type       = 1	event_id       = g	reg_id         = 1d9	reg_value      = 1800"
428 [23010629117632] INFO perfrun.perfcollector <> - eventId: g, skip parsing event_id
428 [23010629117632] INFO perfrun.perfcollector <> - Register was ignored: group_id: 0, reg_type: 1, event_id: 4294967295, reg_id: 1d9, reg_value: 1800, pmu_name: cpu
428 [23010629117632] INFO perfrun.perfcollector <> - DRY_RUN: "reg_type       = 1	event_id       = g	reg_id         = 38d	reg_value      = bbb"
428 [23010629117632] INFO perfrun.perfcollector <> - eventId: g, skip parsing event_id
428 [23010629117632] INFO perfrun.perfcollector <> - Register was ignored: group_id: 0, reg_type: 1, event_id: 4294967295, reg_id: 38d, reg_value: bbb, pmu_name: cpu
428 [23010629117632] INFO perfrun.perfcollector <> - DRY_RUN: "reg_type       = 1	event_id       = 5	reg_id         = 186	reg_value      = 5302c7"
428 [23010629117632] INFO perfrun.perfcollector <> - Event selector: group_id: 0, reg_type: 1, event_id: 5, reg_id: 186, reg_value: 5302c7, pmu_name: cpu
428 [23010629117632] INFO perfrun.perfcollector <> - DRY_RUN: "reg_type       = 1	event_id       = 6	reg_id         = 187	reg_value      = 5308c7"
428 [23010629117632] INFO perfrun.perfcollector <> - Event selector: group_id: 0, reg_type: 1, event_id: 6, reg_id: 187, reg_value: 5308c7, pmu_name: cpu
428 [23010629117632] INFO perfrun.perfcollector <> - DRY_RUN: "reg_type       = 1	event_id       = 7	reg_id         = 188	reg_value      = 5320c7"
428 [23010629117632] INFO perfrun.perfcollector <> - Event selector: group_id: 0, reg_type: 1, event_id: 7, reg_id: 188, reg_value: 5320c7, pmu_name: cpu
428 [23010629117632] INFO perfrun.perfcollector <> - DRY_RUN: "reg_type       = 1	event_id       = 8	reg_id         = 189	reg_value      = 5301c7"
428 [23010629117632] INFO perfrun.perfcollector <> - Event selector: group_id: 0, reg_type: 1, event_id: 8, reg_id: 189, reg_value: 5301c7, pmu_name: cpu
428 [23010629117632] INFO perfrun.perfcollector <> - DRY_RUN: "reg_type       = 1	event_id       = 3	reg_id         = 18a	reg_value      = 53013c"
428 [23010629117632] INFO perfrun.perfcollector <> - Event selector: group_id: 0, reg_type: 1, event_id: 3, reg_id: 18a, reg_value: 53013c, pmu_name: cpu
428 [23010629117632] INFO perfrun.perfcollector <> - DRY_RUN: "reg_type       = 1	event_id       = 4	reg_id         = 18b	reg_value      = 53023c"
428 [23010629117632] INFO perfrun.perfcollector <> - Event selector: group_id: 0, reg_type: 1, event_id: 4, reg_id: 18b, reg_value: 53023c, pmu_name: cpu
428 [23010629117632] INFO perfrun.perfcollector <> - DRY_RUN: "reg_type       = 1	event_id       = 11	reg_id         = 18c	reg_value      = 5302c0"
428 [23010629117632] INFO perfrun.perfcollector <> - Event selector: group_id: 0, reg_type: 1, event_id: 11, reg_id: 18c, reg_value: 5302c0, pmu_name: cpu
428 [23010629117632] INFO perfrun.perfcollector <> - DRY_RUN: "reg_type       = 1	event_id       = 12	reg_id         = 18d	reg_value      = 5302c2"
428 [23010629117632] INFO perfrun.perfcollector <> - Event selector: group_id: 0, reg_type: 1, event_id: 12, reg_id: 18d, reg_value: 5302c2, pmu_name: cpu
428 [23010629117632] INFO perfrun.perfcollector <> - DRY_RUN: "ESCR"
428 [23010629117632] INFO perfrun.perfcollector <> - DRY_RUN: "reg_type       = 2	event_id       = g	reg_id         = 1c8	reg_value      = 0"
428 [23010629117632] INFO perfrun.perfcollector <> - eventId: g, skip parsing event_id
428 [23010629117632] INFO perfrun.perfcollector <> - DRY_RUN: "DATA"
428 [23010629117632] INFO perfrun.perfcollector <> - DRY_RUN: "reg_type       = 4	event_id       = 2	reg_id         = 309	reg_value      = ffffffdb6100"
428 [23010629117632] INFO perfrun.perfcollector <> - eventId: 2, dataAddr: 309, dataVal: ffffffdb6100
428 [23010629117632] INFO perfrun.perfcollector <> - DRY_RUN: "reg_type       = 4	event_id       = 0	reg_id         = 30a	reg_value      = ffffffe17b7d"
428 [23010629117632] INFO perfrun.perfcollector <> - eventId: 0, dataAddr: 30a, dataVal: ffffffe17b7d
428 [23010629117632] INFO perfrun.perfcollector <> - DRY_RUN: "reg_type       = 4	event_id       = 1	reg_id         = 30b	reg_value      = ffffffdb6100"
428 [23010629117632] INFO perfrun.perfcollector <> - eventId: 1, dataAddr: 30b, dataVal: ffffffdb6100
428 [23010629117632] INFO perfrun.perfcollector <> - DRY_RUN: "reg_type       = 4	event_id       = 5	reg_id         = c1	reg_value      = ffffffe17b7d"
428 [23010629117632] INFO perfrun.perfcollector <> - eventId: 5, dataAddr: c1, dataVal: ffffffe17b7d
428 [23010629117632] INFO perfrun.perfcollector <> - DRY_RUN: "reg_type       = 4	event_id       = 6	reg_id         = c2	reg_value      = ffffffe17b7d"
428 [23010629117632] INFO perfrun.perfcollector <> - eventId: 6, dataAddr: c2, dataVal: ffffffe17b7d
428 [23010629117632] INFO perfrun.perfcollector <> - DRY_RUN: "reg_type       = 4	event_id       = 7	reg_id         = c3	reg_value      = ffffffe17b7d"
428 [23010629117632] INFO perfrun.perfcollector <> - eventId: 7, dataAddr: c3, dataVal: ffffffe17b7d
428 [23010629117632] INFO perfrun.perfcollector <> - DRY_RUN: "reg_type       = 4	event_id       = 8	reg_id         = c4	reg_value      = ffffffe17b7d"
428 [23010629117632] INFO perfrun.perfcollector <> - eventId: 8, dataAddr: c4, dataVal: ffffffe17b7d
428 [23010629117632] INFO perfrun.perfcollector <> - DRY_RUN: "reg_type       = 4	event_id       = 3	reg_id         = c5	reg_value      = fffffffe795d"
428 [23010629117632] INFO perfrun.perfcollector <> - eventId: 3, dataAddr: c5, dataVal: fffffffe795d
428 [23010629117632] INFO perfrun.perfcollector <> - DRY_RUN: "reg_type       = 4	event_id       = 4	reg_id         = c6	reg_value      = fffffffe795d"
428 [23010629117632] INFO perfrun.perfcollector <> - eventId: 4, dataAddr: c6, dataVal: fffffffe795d
428 [23010629117632] INFO perfrun.perfcollector <> - DRY_RUN: "reg_type       = 4	event_id       = 11	reg_id         = c7	reg_value      = ffffffe17b7d"
428 [23010629117632] INFO perfrun.perfcollector <> - eventId: 11, dataAddr: c7, dataVal: ffffffe17b7d
428 [23010629117632] INFO perfrun.perfcollector <> - DRY_RUN: "reg_type       = 4	event_id       = 12	reg_id         = c8	reg_value      = ffffffe17b7d"
428 [23010629117632] INFO perfrun.perfcollector <> - eventId: 12, dataAddr: c8, dataVal: ffffffe17b7d
428 [23010629117632] INFO perfrun.perfcollector <> - DRY_RUN: "Group 1:"
428 [23010629117632] INFO perfrun.perfcollector <> - id: 1
428 [23010629117632] INFO perfrun.perfcollector <> - DRY_RUN: "INST_RETIRED.ANY: event id 2"
428 [23010629117632] INFO perfrun.perfcollector <> - eventName: INST_RETIRED.ANY, eventId: 2
428 [23010629117632] INFO perfrun.perfcollector <> - DRY_RUN: "CPU_CLK_UNHALTED.THREAD: event id 0"
428 [23010629117632] INFO perfrun.perfcollector <> - eventName: CPU_CLK_UNHALTED.THREAD, eventId: 0
428 [23010629117632] INFO perfrun.perfcollector <> - DRY_RUN: "CPU_CLK_UNHALTED.REF_TSC: event id 1"
428 [23010629117632] INFO perfrun.perfcollector <> - eventName: CPU_CLK_UNHALTED.REF_TSC, eventId: 1
428 [23010629117632] INFO perfrun.perfcollector <> - DRY_RUN: "FP_ARITH_INST_RETIRED.128B_PACKED_DOUBLE: event id 9"
428 [23010629117632] INFO perfrun.perfcollector <> - eventName: FP_ARITH_INST_RETIRED.128B_PACKED_DOUBLE, eventId: 9
428 [23010629117632] INFO perfrun.perfcollector <> - DRY_RUN: "FP_ARITH_INST_RETIRED.256B_PACKED_DOUBLE: event id 10"
428 [23010629117632] INFO perfrun.perfcollector <> - eventName: FP_ARITH_INST_RETIRED.256B_PACKED_DOUBLE, eventId: 10
428 [23010629117632] INFO perfrun.perfcollector <> - DRY_RUN: "CCCR"
428 [23010629117632] INFO perfrun.perfcollector <> - DRY_RUN: "reg_type       = 1	event_id       = g	reg_id         = 38f	reg_value      = 700000003"
428 [23010629117632] INFO perfrun.perfcollector <> - eventId: g, skip parsing event_id
428 [23010629117632] INFO perfrun.perfcollector <> - Register was ignored: group_id: 1, reg_type: 1, event_id: 4294967295, reg_id: 38f, reg_value: 700000003, pmu_name: cpu
428 [23010629117632] INFO perfrun.perfcollector <> - DRY_RUN: "reg_type       = 1	event_id       = g	reg_id         = 390	reg_value      = 700000003"
428 [23010629117632] INFO perfrun.perfcollector <> - eventId: g, skip parsing event_id
428 [23010629117632] INFO perfrun.perfcollector <> - Register was ignored: group_id: 1, reg_type: 1, event_id: 4294967295, reg_id: 390, reg_value: 700000003, pmu_name: cpu
428 [23010629117632] INFO perfrun.perfcollector <> - DRY_RUN: "reg_type       = 1	event_id       = g	reg_id         = 3f1	reg_value      = 0"
428 [23010629117632] INFO perfrun.perfcollector <> - eventId: g, skip parsing event_id
428 [23010629117632] INFO perfrun.perfcollector <> - Register was ignored: group_id: 1, reg_type: 1, event_id: 4294967295, reg_id: 3f1, reg_value: 0, pmu_name: cpu
428 [23010629117632] INFO perfrun.perfcollector <> - DRY_RUN: "reg_type       = 1	event_id       = g	reg_id         = 1d9	reg_value      = 1800"
428 [23010629117632] INFO perfrun.perfcollector <> - eventId: g, skip parsing event_id
428 [23010629117632] INFO perfrun.perfcollector <> - Register was ignored: group_id: 1, reg_type: 1, event_id: 4294967295, reg_id: 1d9, reg_value: 1800, pmu_name: cpu
428 [23010629117632] INFO perfrun.perfcollector <> - DRY_RUN: "reg_type       = 1	event_id       = g	reg_id         = 38d	reg_value      = bbb"
428 [23010629117632] INFO perfrun.perfcollector <> - eventId: g, skip parsing event_id
428 [23010629117632] INFO perfrun.perfcollector <> - Register was ignored: group_id: 1, reg_type: 1, event_id: 4294967295, reg_id: 38d, reg_value: bbb, pmu_name: cpu
428 [23010629117632] INFO perfrun.perfcollector <> - DRY_RUN: "reg_type       = 1	event_id       = 9	reg_id         = 186	reg_value      = 5304c7"
428 [23010629117632] INFO perfrun.perfcollector <> - Event selector: group_id: 1, reg_type: 1, event_id: 9, reg_id: 186, reg_value: 5304c7, pmu_name: cpu
428 [23010629117632] INFO perfrun.perfcollector <> - DRY_RUN: "reg_type       = 1	event_id       = 10	reg_id         = 187	reg_value      = 5310c7"
428 [23010629117632] INFO perfrun.perfcollector <> - Event selector: group_id: 1, reg_type: 1, event_id: 10, reg_id: 187, reg_value: 5310c7, pmu_name: cpu
428 [23010629117632] INFO perfrun.perfcollector <> - DRY_RUN: "ESCR"
428 [23010629117632] INFO perfrun.perfcollector <> - DRY_RUN: "reg_type       = 2	event_id       = g	reg_id         = 1c8	reg_value      = 0"
428 [23010629117632] INFO perfrun.perfcollector <> - eventId: g, skip parsing event_id
428 [23010629117632] INFO perfrun.perfcollector <> - DRY_RUN: "DATA"
428 [23010629117632] INFO perfrun.perfcollector <> - DRY_RUN: "reg_type       = 4	event_id       = 2	reg_id         = 309	reg_value      = ffffffdb6100"
428 [23010629117632] INFO perfrun.perfcollector <> - eventId: 2, dataAddr: 309, dataVal: ffffffdb6100
428 [23010629117632] INFO perfrun.perfcollector <> - DRY_RUN: "reg_type       = 4	event_id       = 0	reg_id         = 30a	reg_value      = ffffffe17b7d"
428 [23010629117632] INFO perfrun.perfcollector <> - eventId: 0, dataAddr: 30a, dataVal: ffffffe17b7d
428 [23010629117632] INFO perfrun.perfcollector <> - DRY_RUN: "reg_type       = 4	event_id       = 1	reg_id         = 30b	reg_value      = ffffffdb6100"
428 [23010629117632] INFO perfrun.perfcollector <> - eventId: 1, dataAddr: 30b, dataVal: ffffffdb6100
428 [23010629117632] INFO perfrun.perfcollector <> - DRY_RUN: "reg_type       = 4	event_id       = 9	reg_id         = c1	reg_value      = ffffffe17b7d"
428 [23010629117632] INFO perfrun.perfcollector <> - eventId: 9, dataAddr: c1, dataVal: ffffffe17b7d
428 [23010629117632] INFO perfrun.perfcollector <> - DRY_RUN: "reg_type       = 4	event_id       = 10	reg_id         = c2	reg_value      = ffffffe17b7d"
428 [23010629117632] INFO perfrun.perfcollector <> - eventId: 10, dataAddr: c2, dataVal: ffffffe17b7d
428 [23010629117632] INFO perfrun.perfcollector <> - event name: CPU_CLK_UNHALTED.THREAD
428 [23010629117632] INFO perfrun.perfcollector <> - pmu config: cpu
428 [23010629117632] INFO perfrun.perfcollector <> - cccrAddr: ffffffff, cccrValue: 0
428 [23010629117632] INFO perfrun.perfcollector <> - dataAddr: 30a, dataValue: ffffffffffe17b7d
428 [23010629117632] INFO perfrun.perfcollector <> - escrAddr: ffffffff, escrValue: 0
428 [23010629117632] INFO perfrun.perfcollector <> - extendedPebsValue: 0
428 [23010629117632] INFO perfrun.perfcollector <> - adaptivePebsAvailable: 0
428 [23010629117632] INFO perfrun.perfcollector <> - config: event: 3c
428 [23010629117632] INFO perfrun.perfcollector <> - config: pc: 0
428 [23010629117632] INFO perfrun.perfcollector <> - config: in_tx: 0
428 [23010629117632] INFO perfrun.perfcollector <> - config: edge: 0
428 [23010629117632] INFO perfrun.perfcollector <> - config: any: 0
428 [23010629117632] INFO perfrun.perfcollector <> - config1: offcore_rsp: 0
428 [23010629117632] INFO perfrun.perfcollector <> - config: in_tx_cp: 0
428 [23010629117632] INFO perfrun.perfcollector <> - config1: ldlat: 0
428 [23010629117632] INFO perfrun.perfcollector <> - config: inv: 0
428 [23010629117632] INFO perfrun.perfcollector <> - config: umask: 0
428 [23010629117632] INFO perfrun.perfcollector <> - config: cmask: 0
428 [23010629117632] INFO perfrun.perfcollector <> - format: cpu/event=0x3c,name='CPU_CLK_UNHALTED.THREAD'/D
428 [23010629117632] INFO perfrun.perfcollector <> - event name: CPU_CLK_UNHALTED.REF_TSC
428 [23010629117632] INFO perfrun.perfcollector <> - pmu config: cpu
428 [23010629117632] INFO perfrun.perfcollector <> - cccrAddr: ffffffff, cccrValue: 0
428 [23010629117632] INFO perfrun.perfcollector <> - dataAddr: 30b, dataValue: ffffffffffdb6100
428 [23010629117632] INFO perfrun.perfcollector <> - escrAddr: ffffffff, escrValue: 0
428 [23010629117632] INFO perfrun.perfcollector <> - extendedPebsValue: 0
428 [23010629117632] INFO perfrun.perfcollector <> - adaptivePebsAvailable: 0
428 [23010629117632] INFO perfrun.perfcollector <> - config: event: 0
428 [23010629117632] INFO perfrun.perfcollector <> - config: pc: 0
428 [23010629117632] INFO perfrun.perfcollector <> - config: in_tx: 0
428 [23010629117632] INFO perfrun.perfcollector <> - config: edge: 0
428 [23010629117632] INFO perfrun.perfcollector <> - config: any: 0
429 [23010629117632] INFO perfrun.perfcollector <> - config1: offcore_rsp: 0
429 [23010629117632] INFO perfrun.perfcollector <> - config: in_tx_cp: 0
429 [23010629117632] INFO perfrun.perfcollector <> - config1: ldlat: 0
429 [23010629117632] INFO perfrun.perfcollector <> - config: inv: 0
429 [23010629117632] INFO perfrun.perfcollector <> - config: umask: 3
429 [23010629117632] INFO perfrun.perfcollector <> - config: cmask: 0
429 [23010629117632] INFO perfrun.perfcollector <> - format: cpu/umask=0x3,name='CPU_CLK_UNHALTED.REF_TSC'/D
429 [23010629117632] INFO perfrun.perfcollector <> - event name: INST_RETIRED.ANY
429 [23010629117632] INFO perfrun.perfcollector <> - pmu config: cpu
429 [23010629117632] INFO perfrun.perfcollector <> - cccrAddr: ffffffff, cccrValue: 0
429 [23010629117632] INFO perfrun.perfcollector <> - dataAddr: 309, dataValue: ffffffffffdb6100
429 [23010629117632] INFO perfrun.perfcollector <> - escrAddr: ffffffff, escrValue: 0
429 [23010629117632] INFO perfrun.perfcollector <> - extendedPebsValue: 0
429 [23010629117632] INFO perfrun.perfcollector <> - adaptivePebsAvailable: 0
429 [23010629117632] INFO perfrun.perfcollector <> - config: event: c0
429 [23010629117632] INFO perfrun.perfcollector <> - config: pc: 0
429 [23010629117632] INFO perfrun.perfcollector <> - config: in_tx: 0
429 [23010629117632] INFO perfrun.perfcollector <> - config: edge: 0
429 [23010629117632] INFO perfrun.perfcollector <> - config: any: 0
429 [23010629117632] INFO perfrun.perfcollector <> - config1: offcore_rsp: 0
429 [23010629117632] INFO perfrun.perfcollector <> - config: in_tx_cp: 0
429 [23010629117632] INFO perfrun.perfcollector <> - config1: ldlat: 0
429 [23010629117632] INFO perfrun.perfcollector <> - config: inv: 0
429 [23010629117632] INFO perfrun.perfcollector <> - config: umask: 0
429 [23010629117632] INFO perfrun.perfcollector <> - config: cmask: 0
429 [23010629117632] INFO perfrun.perfcollector <> - format: cpu/event=0xc0,name='INST_RETIRED.ANY'/D
429 [23010629117632] INFO perfrun.perfcollector <> - event name: CPU_CLK_UNHALTED.REF_XCLK
429 [23010629117632] INFO perfrun.perfcollector <> - pmu config: cpu
429 [23010629117632] INFO perfrun.perfcollector <> - cccrAddr: 18a, cccrValue: 53013c
429 [23010629117632] INFO perfrun.perfcollector <> - dataAddr: c5, dataValue: fffffffffffe795d
429 [23010629117632] INFO perfrun.perfcollector <> - escrAddr: ffffffff, escrValue: 0
429 [23010629117632] INFO perfrun.perfcollector <> - extendedPebsValue: 0
429 [23010629117632] INFO perfrun.perfcollector <> - adaptivePebsAvailable: 0
429 [23010629117632] INFO perfrun.perfcollector <> - config: event: 3c
429 [23010629117632] INFO perfrun.perfcollector <> - config: pc: 0
429 [23010629117632] INFO perfrun.perfcollector <> - config: in_tx: 0
429 [23010629117632] INFO perfrun.perfcollector <> - config: edge: 0
429 [23010629117632] INFO perfrun.perfcollector <> - config: any: 0
429 [23010629117632] INFO perfrun.perfcollector <> - config1: offcore_rsp: 0
429 [23010629117632] INFO perfrun.perfcollector <> - config: in_tx_cp: 0
429 [23010629117632] INFO perfrun.perfcollector <> - config1: ldlat: 0
429 [23010629117632] INFO perfrun.perfcollector <> - config: inv: 0
429 [23010629117632] INFO perfrun.perfcollector <> - config: umask: 1
429 [23010629117632] INFO perfrun.perfcollector <> - config: cmask: 0
429 [23010629117632] INFO perfrun.perfcollector <> - format: cpu/event=0x3c,umask=0x1,name='CPU_CLK_UNHALTED.REF_XCLK'/
429 [23010629117632] INFO perfrun.perfcollector <> - event name: CPU_CLK_UNHALTED.ONE_THREAD_ACTIVE
429 [23010629117632] INFO perfrun.perfcollector <> - pmu config: cpu
429 [23010629117632] INFO perfrun.perfcollector <> - cccrAddr: 18b, cccrValue: 53023c
429 [23010629117632] INFO perfrun.perfcollector <> - dataAddr: c6, dataValue: fffffffffffe795d
429 [23010629117632] INFO perfrun.perfcollector <> - escrAddr: ffffffff, escrValue: 0
429 [23010629117632] INFO perfrun.perfcollector <> - extendedPebsValue: 0
429 [23010629117632] INFO perfrun.perfcollector <> - adaptivePebsAvailable: 0
429 [23010629117632] INFO perfrun.perfcollector <> - config: event: 3c
429 [23010629117632] INFO perfrun.perfcollector <> - config: pc: 0
429 [23010629117632] INFO perfrun.perfcollector <> - config: in_tx: 0
429 [23010629117632] INFO perfrun.perfcollector <> - config: edge: 0
429 [23010629117632] INFO perfrun.perfcollector <> - config: any: 0
429 [23010629117632] INFO perfrun.perfcollector <> - config1: offcore_rsp: 0
429 [23010629117632] INFO perfrun.perfcollector <> - config: in_tx_cp: 0
429 [23010629117632] INFO perfrun.perfcollector <> - config1: ldlat: 0
429 [23010629117632] INFO perfrun.perfcollector <> - config: inv: 0
429 [23010629117632] INFO perfrun.perfcollector <> - config: umask: 2
429 [23010629117632] INFO perfrun.perfcollector <> - config: cmask: 0
429 [23010629117632] INFO perfrun.perfcollector <> - format: cpu/event=0x3c,umask=0x2,name='CPU_CLK_UNHALTED.ONE_THREAD_ACTIVE'/
429 [23010629117632] INFO perfrun.perfcollector <> - event name: FP_ARITH_INST_RETIRED.SCALAR_SINGLE
429 [23010629117632] INFO perfrun.perfcollector <> - pmu config: cpu
429 [23010629117632] INFO perfrun.perfcollector <> - cccrAddr: 186, cccrValue: 5302c7
429 [23010629117632] INFO perfrun.perfcollector <> - dataAddr: c1, dataValue: ffffffffffe17b7d
429 [23010629117632] INFO perfrun.perfcollector <> - escrAddr: ffffffff, escrValue: 0
429 [23010629117632] INFO perfrun.perfcollector <> - extendedPebsValue: 0
429 [23010629117632] INFO perfrun.perfcollector <> - adaptivePebsAvailable: 0
429 [23010629117632] INFO perfrun.perfcollector <> - config: event: c7
429 [23010629117632] INFO perfrun.perfcollector <> - config: pc: 0
429 [23010629117632] INFO perfrun.perfcollector <> - config: in_tx: 0
429 [23010629117632] INFO perfrun.perfcollector <> - config: edge: 0
429 [23010629117632] INFO perfrun.perfcollector <> - config: any: 0
429 [23010629117632] INFO perfrun.perfcollector <> - config1: offcore_rsp: 0
429 [23010629117632] INFO perfrun.perfcollector <> - config: in_tx_cp: 0
429 [23010629117632] INFO perfrun.perfcollector <> - config1: ldlat: 0
429 [23010629117632] INFO perfrun.perfcollector <> - config: inv: 0
429 [23010629117632] INFO perfrun.perfcollector <> - config: umask: 2
429 [23010629117632] INFO perfrun.perfcollector <> - config: cmask: 0
429 [23010629117632] INFO perfrun.perfcollector <> - format: cpu/event=0xc7,umask=0x2,name='FP_ARITH_INST_RETIRED.SCALAR_SINGLE'/
429 [23010629117632] INFO perfrun.perfcollector <> - event name: FP_ARITH_INST_RETIRED.128B_PACKED_SINGLE
429 [23010629117632] INFO perfrun.perfcollector <> - pmu config: cpu
429 [23010629117632] INFO perfrun.perfcollector <> - cccrAddr: 187, cccrValue: 5308c7
429 [23010629117632] INFO perfrun.perfcollector <> - dataAddr: c2, dataValue: ffffffffffe17b7d
429 [23010629117632] INFO perfrun.perfcollector <> - escrAddr: ffffffff, escrValue: 0
429 [23010629117632] INFO perfrun.perfcollector <> - extendedPebsValue: 0
429 [23010629117632] INFO perfrun.perfcollector <> - adaptivePebsAvailable: 0
429 [23010629117632] INFO perfrun.perfcollector <> - config: event: c7
429 [23010629117632] INFO perfrun.perfcollector <> - config: pc: 0
429 [23010629117632] INFO perfrun.perfcollector <> - config: in_tx: 0
429 [23010629117632] INFO perfrun.perfcollector <> - config: edge: 0
429 [23010629117632] INFO perfrun.perfcollector <> - config: any: 0
429 [23010629117632] INFO perfrun.perfcollector <> - config1: offcore_rsp: 0
429 [23010629117632] INFO perfrun.perfcollector <> - config: in_tx_cp: 0
429 [23010629117632] INFO perfrun.perfcollector <> - config1: ldlat: 0
429 [23010629117632] INFO perfrun.perfcollector <> - config: inv: 0
429 [23010629117632] INFO perfrun.perfcollector <> - config: umask: 8
429 [23010629117632] INFO perfrun.perfcollector <> - config: cmask: 0
429 [23010629117632] INFO perfrun.perfcollector <> - format: cpu/event=0xc7,umask=0x8,name='FP_ARITH_INST_RETIRED.128B_PACKED_SINGLE'/
429 [23010629117632] INFO perfrun.perfcollector <> - event name: FP_ARITH_INST_RETIRED.256B_PACKED_SINGLE
429 [23010629117632] INFO perfrun.perfcollector <> - pmu config: cpu
429 [23010629117632] INFO perfrun.perfcollector <> - cccrAddr: 188, cccrValue: 5320c7
429 [23010629117632] INFO perfrun.perfcollector <> - dataAddr: c3, dataValue: ffffffffffe17b7d
429 [23010629117632] INFO perfrun.perfcollector <> - escrAddr: ffffffff, escrValue: 0
429 [23010629117632] INFO perfrun.perfcollector <> - extendedPebsValue: 0
429 [23010629117632] INFO perfrun.perfcollector <> - adaptivePebsAvailable: 0
429 [23010629117632] INFO perfrun.perfcollector <> - config: event: c7
429 [23010629117632] INFO perfrun.perfcollector <> - config: pc: 0
429 [23010629117632] INFO perfrun.perfcollector <> - config: in_tx: 0
429 [23010629117632] INFO perfrun.perfcollector <> - config: edge: 0
429 [23010629117632] INFO perfrun.perfcollector <> - config: any: 0
429 [23010629117632] INFO perfrun.perfcollector <> - config1: offcore_rsp: 0
429 [23010629117632] INFO perfrun.perfcollector <> - config: in_tx_cp: 0
429 [23010629117632] INFO perfrun.perfcollector <> - config1: ldlat: 0
429 [23010629117632] INFO perfrun.perfcollector <> - config: inv: 0
429 [23010629117632] INFO perfrun.perfcollector <> - config: umask: 20
429 [23010629117632] INFO perfrun.perfcollector <> - config: cmask: 0
429 [23010629117632] INFO perfrun.perfcollector <> - format: cpu/event=0xc7,umask=0x20,name='FP_ARITH_INST_RETIRED.256B_PACKED_SINGLE'/
429 [23010629117632] INFO perfrun.perfcollector <> - event name: FP_ARITH_INST_RETIRED.SCALAR_DOUBLE
429 [23010629117632] INFO perfrun.perfcollector <> - pmu config: cpu
429 [23010629117632] INFO perfrun.perfcollector <> - cccrAddr: 189, cccrValue: 5301c7
429 [23010629117632] INFO perfrun.perfcollector <> - dataAddr: c4, dataValue: ffffffffffe17b7d
429 [23010629117632] INFO perfrun.perfcollector <> - escrAddr: ffffffff, escrValue: 0
429 [23010629117632] INFO perfrun.perfcollector <> - extendedPebsValue: 0
429 [23010629117632] INFO perfrun.perfcollector <> - adaptivePebsAvailable: 0
429 [23010629117632] INFO perfrun.perfcollector <> - config: event: c7
429 [23010629117632] INFO perfrun.perfcollector <> - config: pc: 0
429 [23010629117632] INFO perfrun.perfcollector <> - config: in_tx: 0
429 [23010629117632] INFO perfrun.perfcollector <> - config: edge: 0
429 [23010629117632] INFO perfrun.perfcollector <> - config: any: 0
429 [23010629117632] INFO perfrun.perfcollector <> - config1: offcore_rsp: 0
429 [23010629117632] INFO perfrun.perfcollector <> - config: in_tx_cp: 0
429 [23010629117632] INFO perfrun.perfcollector <> - config1: ldlat: 0
429 [23010629117632] INFO perfrun.perfcollector <> - config: inv: 0
429 [23010629117632] INFO perfrun.perfcollector <> - config: umask: 1
429 [23010629117632] INFO perfrun.perfcollector <> - config: cmask: 0
429 [23010629117632] INFO perfrun.perfcollector <> - format: cpu/event=0xc7,umask=0x1,name='FP_ARITH_INST_RETIRED.SCALAR_DOUBLE'/
429 [23010629117632] INFO perfrun.perfcollector <> - event name: FP_ARITH_INST_RETIRED.128B_PACKED_DOUBLE
429 [23010629117632] INFO perfrun.perfcollector <> - pmu config: cpu
429 [23010629117632] INFO perfrun.perfcollector <> - cccrAddr: 186, cccrValue: 5304c7
429 [23010629117632] INFO perfrun.perfcollector <> - dataAddr: c1, dataValue: ffffffffffe17b7d
429 [23010629117632] INFO perfrun.perfcollector <> - escrAddr: ffffffff, escrValue: 0
429 [23010629117632] INFO perfrun.perfcollector <> - extendedPebsValue: 0
429 [23010629117632] INFO perfrun.perfcollector <> - adaptivePebsAvailable: 0
429 [23010629117632] INFO perfrun.perfcollector <> - config: event: c7
429 [23010629117632] INFO perfrun.perfcollector <> - config: pc: 0
429 [23010629117632] INFO perfrun.perfcollector <> - config: in_tx: 0
429 [23010629117632] INFO perfrun.perfcollector <> - config: edge: 0
429 [23010629117632] INFO perfrun.perfcollector <> - config: any: 0
429 [23010629117632] INFO perfrun.perfcollector <> - config1: offcore_rsp: 0
429 [23010629117632] INFO perfrun.perfcollector <> - config: in_tx_cp: 0
429 [23010629117632] INFO perfrun.perfcollector <> - config1: ldlat: 0
429 [23010629117632] INFO perfrun.perfcollector <> - config: inv: 0
429 [23010629117632] INFO perfrun.perfcollector <> - config: umask: 4
429 [23010629117632] INFO perfrun.perfcollector <> - config: cmask: 0
429 [23010629117632] INFO perfrun.perfcollector <> - format: cpu/event=0xc7,umask=0x4,name='FP_ARITH_INST_RETIRED.128B_PACKED_DOUBLE'/
429 [23010629117632] INFO perfrun.perfcollector <> - event name: FP_ARITH_INST_RETIRED.256B_PACKED_DOUBLE
429 [23010629117632] INFO perfrun.perfcollector <> - pmu config: cpu
429 [23010629117632] INFO perfrun.perfcollector <> - cccrAddr: 187, cccrValue: 5310c7
429 [23010629117632] INFO perfrun.perfcollector <> - dataAddr: c2, dataValue: ffffffffffe17b7d
429 [23010629117632] INFO perfrun.perfcollector <> - escrAddr: ffffffff, escrValue: 0
429 [23010629117632] INFO perfrun.perfcollector <> - extendedPebsValue: 0
429 [23010629117632] INFO perfrun.perfcollector <> - adaptivePebsAvailable: 0
429 [23010629117632] INFO perfrun.perfcollector <> - config: event: c7
429 [23010629117632] INFO perfrun.perfcollector <> - config: pc: 0
429 [23010629117632] INFO perfrun.perfcollector <> - config: in_tx: 0
429 [23010629117632] INFO perfrun.perfcollector <> - config: edge: 0
429 [23010629117632] INFO perfrun.perfcollector <> - config: any: 0
429 [23010629117632] INFO perfrun.perfcollector <> - config1: offcore_rsp: 0
429 [23010629117632] INFO perfrun.perfcollector <> - config: in_tx_cp: 0
429 [23010629117632] INFO perfrun.perfcollector <> - config1: ldlat: 0
429 [23010629117632] INFO perfrun.perfcollector <> - config: inv: 0
429 [23010629117632] INFO perfrun.perfcollector <> - config: umask: 10
429 [23010629117632] INFO perfrun.perfcollector <> - config: cmask: 0
429 [23010629117632] INFO perfrun.perfcollector <> - format: cpu/event=0xc7,umask=0x10,name='FP_ARITH_INST_RETIRED.256B_PACKED_DOUBLE'/
429 [23010629117632] INFO perfrun.perfcollector <> - event name: INST_RETIRED.X87
429 [23010629117632] INFO perfrun.perfcollector <> - pmu config: cpu
429 [23010629117632] INFO perfrun.perfcollector <> - cccrAddr: 18c, cccrValue: 5302c0
429 [23010629117632] INFO perfrun.perfcollector <> - dataAddr: c7, dataValue: ffffffffffe17b7d
429 [23010629117632] INFO perfrun.perfcollector <> - escrAddr: ffffffff, escrValue: 0
429 [23010629117632] INFO perfrun.perfcollector <> - extendedPebsValue: 0
429 [23010629117632] INFO perfrun.perfcollector <> - adaptivePebsAvailable: 0
429 [23010629117632] INFO perfrun.perfcollector <> - config: event: c0
429 [23010629117632] INFO perfrun.perfcollector <> - config: pc: 0
429 [23010629117632] INFO perfrun.perfcollector <> - config: in_tx: 0
429 [23010629117632] INFO perfrun.perfcollector <> - config: edge: 0
429 [23010629117632] INFO perfrun.perfcollector <> - config: any: 0
429 [23010629117632] INFO perfrun.perfcollector <> - config1: offcore_rsp: 0
429 [23010629117632] INFO perfrun.perfcollector <> - config: in_tx_cp: 0
429 [23010629117632] INFO perfrun.perfcollector <> - config1: ldlat: 0
429 [23010629117632] INFO perfrun.perfcollector <> - config: inv: 0
429 [23010629117632] INFO perfrun.perfcollector <> - config: umask: 2
429 [23010629117632] INFO perfrun.perfcollector <> - config: cmask: 0
429 [23010629117632] INFO perfrun.perfcollector <> - format: cpu/event=0xc0,umask=0x2,name='INST_RETIRED.X87'/
429 [23010629117632] INFO perfrun.perfcollector <> - event name: UOPS_RETIRED.RETIRE_SLOTS
429 [23010629117632] INFO perfrun.perfcollector <> - pmu config: cpu
429 [23010629117632] INFO perfrun.perfcollector <> - cccrAddr: 18d, cccrValue: 5302c2
429 [23010629117632] INFO perfrun.perfcollector <> - dataAddr: c8, dataValue: ffffffffffe17b7d
429 [23010629117632] INFO perfrun.perfcollector <> - escrAddr: ffffffff, escrValue: 0
429 [23010629117632] INFO perfrun.perfcollector <> - extendedPebsValue: 0
429 [23010629117632] INFO perfrun.perfcollector <> - adaptivePebsAvailable: 0
429 [23010629117632] INFO perfrun.perfcollector <> - config: event: c2
429 [23010629117632] INFO perfrun.perfcollector <> - config: pc: 0
429 [23010629117632] INFO perfrun.perfcollector <> - config: in_tx: 0
429 [23010629117632] INFO perfrun.perfcollector <> - config: edge: 0
429 [23010629117632] INFO perfrun.perfcollector <> - config: any: 0
429 [23010629117632] INFO perfrun.perfcollector <> - config1: offcore_rsp: 0
429 [23010629117632] INFO perfrun.perfcollector <> - config: in_tx_cp: 0
429 [23010629117632] INFO perfrun.perfcollector <> - config1: ldlat: 0
429 [23010629117632] INFO perfrun.perfcollector <> - config: inv: 0
429 [23010629117632] INFO perfrun.perfcollector <> - config: umask: 2
429 [23010629117632] INFO perfrun.perfcollector <> - config: cmask: 0
429 [23010629117632] INFO perfrun.perfcollector <> - format: cpu/event=0xc2,umask=0x2,name='UOPS_RETIRED.RETIRE_SLOTS'/
429 [23010629117632] INFO perfrun.perfcollector <> - event: cpu/event=0x3c,name='CPU_CLK_UNHALTED.THREAD'/Duk, added for counting
429 [23010629117632] INFO perfrun.perfcollector <> - event: cpu/umask=0x3,name='CPU_CLK_UNHALTED.REF_TSC'/Duk, added for counting
429 [23010629117632] INFO perfrun.perfcollector <> - event: cpu/event=0xc0,name='INST_RETIRED.ANY'/Duk, added for counting
429 [23010629117632] INFO perfrun.perfcollector <> - event: cpu/event=0x3c,umask=0x1,name='CPU_CLK_UNHALTED.REF_XCLK'/uk, added for counting
429 [23010629117632] INFO perfrun.perfcollector <> - event: cpu/event=0x3c,umask=0x2,name='CPU_CLK_UNHALTED.ONE_THREAD_ACTIVE'/uk, added for counting
429 [23010629117632] INFO perfrun.perfcollector <> - event: cpu/event=0xc7,umask=0x2,name='FP_ARITH_INST_RETIRED.SCALAR_SINGLE'/uk, added for counting
429 [23010629117632] INFO perfrun.perfcollector <> - event: cpu/event=0xc7,umask=0x8,name='FP_ARITH_INST_RETIRED.128B_PACKED_SINGLE'/uk, added for counting
429 [23010629117632] INFO perfrun.perfcollector <> - event: cpu/event=0xc7,umask=0x20,name='FP_ARITH_INST_RETIRED.256B_PACKED_SINGLE'/uk, added for counting
429 [23010629117632] INFO perfrun.perfcollector <> - event: cpu/event=0xc7,umask=0x1,name='FP_ARITH_INST_RETIRED.SCALAR_DOUBLE'/uk, added for counting
429 [23010629117632] INFO perfrun.perfcollector <> - event: cpu/event=0xc7,umask=0x4,name='FP_ARITH_INST_RETIRED.128B_PACKED_DOUBLE'/uk, added for counting
429 [23010629117632] INFO perfrun.perfcollector <> - event: cpu/event=0xc7,umask=0x10,name='FP_ARITH_INST_RETIRED.256B_PACKED_DOUBLE'/uk, added for counting
429 [23010629117632] INFO perfrun.perfcollector <> - event: cpu/event=0xc0,umask=0x2,name='INST_RETIRED.X87'/uk, added for counting
429 [23010629117632] INFO perfrun.perfcollector <> - event: cpu/event=0xc2,umask=0x2,name='UOPS_RETIRED.RETIRE_SLOTS'/uk, added for counting
429 [23010629117632] INFO perfrun.perfcollector <> - attaching to pid: 4294967295, collect mode: 1, rc modes: 3
445 [23010550609600] WARN perfrun.perfcollector <> - Perf stat trace pipe capacity: read = 1048576, write = 1048576, at file: vcs/perfrun1/plugins/perfcollector/src/profiler.cpp:765
455 [23010550609600] INFO perfrun.sdk <> - runCmd: /opt/intel/oneapi/vtune/2023.1.0/bin64/amplxe-perf stat -v --log-fd 10 --scale -x ; -e cpu/event=0x3c,name='CPU_CLK_UNHALTED.THREAD'/Duk,cpu/umask=0x3,name='CPU_CLK_UNHALTED.REF_TSC'/Duk,cpu/event=0xc0,name='INST_RETIRED.ANY'/Duk,cpu/event=0x3c,umask=0x1,name='CPU_CLK_UNHALTED.REF_XCLK'/uk,cpu/event=0x3c,umask=0x2,name='CPU_CLK_UNHALTED.ONE_THREAD_ACTIVE'/uk,cpu/event=0xc7,umask=0x2,name='FP_ARITH_INST_RETIRED.SCALAR_SINGLE'/uk,cpu/event=0xc7,umask=0x8,name='FP_ARITH_INST_RETIRED.128B_PACKED_SINGLE'/uk,cpu/event=0xc7,umask=0x20,name='FP_ARITH_INST_RETIRED.256B_PACKED_SINGLE'/uk,cpu/event=0xc7,umask=0x1,name='FP_ARITH_INST_RETIRED.SCALAR_DOUBLE'/uk,cpu/event=0xc7,umask=0x4,name='FP_ARITH_INST_RETIRED.128B_PACKED_DOUBLE'/uk,cpu/event=0xc7,umask=0x10,name='FP_ARITH_INST_RETIRED.256B_PACKED_DOUBLE'/uk,cpu/event=0xc0,umask=0x2,name='INST_RETIRED.X87'/uk,cpu/event=0xc2,umask=0x2,name='UOPS_RETIRED.RETIRE_SLOTS'/uk /opt/intel/oneapi/vtune/2023.1.0/bin64/amplxe-perf-sync dryrun sys
455 [23010550609600] INFO perfrun.sdk <> - runCmd started PID 3362865
663 [23010550609600] INFO perfrun.perfcollector <> - Monitor: runCmd RC = true
667 [23010629117632] INFO perfrun.launcher <> - plugin [aoclprofile] was disabled because it doesn't support the given collection type.
667 [23010629117632] INFO perfrun.tpss <> - initialize tpss controller
667 [23010629117632] INFO perfrun.tpss <> - configure collection mode: value = cpu:counters:nostack
667 [23010629117632] INFO perfrun.tpss <> - configure collection mode: value = cpu:stack
667 [23010629117632] INFO perfrun.tpss <> - default obj-size-min=1024
667 [23010629117632] INFO perfrun.tpss <> - default hash-table-size=0
667 [23010629117632] INFO perfrun.launcher <> - plugin [media] was disabled because it doesn't support the given collection type.
667 [23010629117632] INFO perfrun.launcher <> - plugin [] was disabled because it doesn't support the given collection type.
667 [23010629117632] INFO perfrun.launcher <> - plugin [] was disabled because it doesn't support the given collection type.
667 [23010629117632] INFO perfrun.launcher <> - plugin [parallelfs] was disabled because it doesn't support the given collection type.
667 [23010629117632] INFO perfrun.launcher <> - plugin [power] was disabled because it doesn't support the given collection type.
667 [23010629117632] INFO perfrun.launcher <> - plugin [hwloc] was disabled because it doesn't support the given collection type.
667 [23010629117632] INFO perfrun.launcher <> - plugin [ipmwatch] was disabled because it doesn't support the given collection type.
667 [23010629117632] INFO perfrun.launcher <> - plugin [os_counters] was disabled because it doesn't support the given collection type.
667 [23010629117632] INFO perfrun.launcher <> - plugin [l0_metrics] was disabled because it doesn't support the given collection type.
667 [23010772420480] INFO perfrun.launcher <> - set environment variable: LD_LIBRARY_PATH = /opt/intel/oneapi/vtune/2023.1.0/lib32/runtime:/opt/intel/oneapi/vtune/2023.1.0/lib64/runtime:/opt/intel/oneapi/tbb/2021.5.1/env/../lib/intel64/gcc4.8:/opt/intel/oneapi/mpi/2021.5.1//libfabric/lib:/opt/intel/oneapi/mpi/2021.5.1//lib/release:/opt/intel/oneapi/mpi/2021.5.1//lib:/opt/intel/oneapi/mkl/2022.0.2/lib/intel64:/opt/intel/oneapi/itac/2021.5.0/slib:/opt/intel/oneapi/debugger/2021.5.0/gdb/intel64/lib:/opt/intel/oneapi/debugger/2021.5.0/libipt/intel64/lib:/opt/intel/oneapi/debugger/2021.5.0/dep/lib:/opt/intel/oneapi/compiler/2022.0.2/linux/lib:/opt/intel/oneapi/compiler/2022.0.2/linux/lib/x64:/opt/intel/oneapi/compiler/2022.0.2/linux/lib/oclfpga/host/linux64/lib:/opt/intel/oneapi/compiler/2022.0.2/linux/compiler/lib/intel64_lin
668 [23010772420480] INFO perfrun.launcher <> - set environment variable: INTEL_LIBITTNOTIFY32 = /opt/intel/oneapi/vtune/2023.1.0/lib32/runtime/libittnotify_collector.so
668 [23010772420480] INFO perfrun.launcher <> - set environment variable: INTEL_LIBITTNOTIFY64 = /opt/intel/oneapi/vtune/2023.1.0/lib64/runtime/libittnotify_collector.so
668 [23010772420480] INFO perfrun.launcher <> - set environment variable: INTEL_ITTNOTIFY_GROUPS = 
668 [23010772420480] INFO perfrun.launcher <> - set environment variable: INTEL_JIT_PROFILER32 = /opt/intel/oneapi/vtune/2023.1.0/lib32/runtime/libittnotify_collector.so
668 [23010772420480] INFO perfrun.launcher <> - set environment variable: INTEL_JIT_PROFILER64 = /opt/intel/oneapi/vtune/2023.1.0/lib64/runtime/libittnotify_collector.so
668 [23010772420480] INFO perfrun.launcher <> - set environment variable: OMP_TOOL_LIBRARIES = /opt/intel/oneapi/vtune/2023.1.0/lib32/runtime/libittnotify_collector.so:/opt/intel/oneapi/vtune/2023.1.0/lib64/runtime/libittnotify_collector.so
668 [23010772420480] INFO perfrun.launcher <> - set environment variable: ENABLE_JITPROFILING = 1
668 [23010772420480] INFO perfrun.launcher <> - set environment variable: CL_CONFIG_USE_VTUNE = True
668 [23010772420480] INFO perfrun.launcher <> - set environment variable: LD_PRELOAD = libittnotify_collector.so:
668 [23010772420480] INFO perfrun.launcher <> - set environment variable: KMP_FORKJOIN_FRAMES = 0
668 [23010772420480] INFO perfrun.launcher <> - set environment variable: KMP_FORKJOIN_FRAMES_MODE = 0
668 [23010772420480] INFO perfrun.launcher <> - set environment variable: OMP_TOOL = disabled
668 [23010772420480] INFO perfrun.launcher <> - set environment variable: INTEL_MRTE_DATA_DIR = /home/course/hpc/users/2022012388/exp8/vtune_result.conv4/data.2
668 [23010772420480] INFO perfrun.launcher <> - set environment variable: INTEL_MRTE_HOST_NAME = conv4
668 [23010772420480] INFO perfrun.launcher <> - set environment variable: JAVA_TOOL_OPTIONS = -agentlib:amplxe_tpssmrte_javaprof_1.0 -Dsun.boot.library.path=/opt/intel/oneapi/vtune/2023.1.0/lib32/runtime:/opt/intel/oneapi/vtune/2023.1.0/lib64/runtime
668 [23010772420480] INFO perfrun.launcher <> - set environment variable: LD_LIBRARY_PATH = /opt/intel/oneapi/vtune/2023.1.0/lib32/runtime:/opt/intel/oneapi/vtune/2023.1.0/lib64/runtime:/opt/intel/oneapi/tbb/2021.5.1/env/../lib/intel64/gcc4.8:/opt/intel/oneapi/mpi/2021.5.1//libfabric/lib:/opt/intel/oneapi/mpi/2021.5.1//lib/release:/opt/intel/oneapi/mpi/2021.5.1//lib:/opt/intel/oneapi/mkl/2022.0.2/lib/intel64:/opt/intel/oneapi/itac/2021.5.0/slib:/opt/intel/oneapi/debugger/2021.5.0/gdb/intel64/lib:/opt/intel/oneapi/debugger/2021.5.0/libipt/intel64/lib:/opt/intel/oneapi/debugger/2021.5.0/dep/lib:/opt/intel/oneapi/compiler/2022.0.2/linux/lib:/opt/intel/oneapi/compiler/2022.0.2/linux/lib/x64:/opt/intel/oneapi/compiler/2022.0.2/linux/lib/oclfpga/host/linux64/lib:/opt/intel/oneapi/compiler/2022.0.2/linux/compiler/lib/intel64_lin
668 [23010772420480] INFO perfrun.launcher <> - set environment variable: CORECLR_ENABLE_PROFILING = 1
668 [23010772420480] INFO perfrun.launcher <> - set environment variable: CORECLR_PROFILER = {AA5E4821-E3B1-479c-B7FF-5AD047D22CED}
668 [23010772420480] INFO perfrun.launcher <> - set environment variable: CORECLR_PROFILER_PATH = /opt/intel/oneapi/vtune/2023.1.0/lib64/libamplxe_samplingmrte_clrprof_1.0.so
668 [23010772420480] INFO perfrun.launcher <> - set environment variable: INTEL_MRTE_PROFILER_MODE = mixed
668 [23010772420480] INFO perfrun.launcher <> - RpcServer: run RPC server to handle requests
672 [23010772420480] INFO perfrun.launcher <> - Launcher: command line to start before modification = ./main 2022012388
672 [23010772420480] INFO perfrun.launcher <> - Launcher: command line to start after modification = /opt/intel/oneapi/vtune/2023.1.0/bin64/pin -error_file /home/course/hpc/users/2022012388/exp8/vtune_result.conv4/data.2/pinerr.tpsslog -detach_reattach -follow_execv -tool_load_option deepbind -t64 /opt/intel/oneapi/vtune/2023.1.0/lib64/libtpsstool.so -t /opt/intel/oneapi/vtune/2023.1.0/lib32/libtpsstool.so -server_name tpss_ipc.3362674 -prd_dir /opt/intel/oneapi/vtune/2023.1.0 -- ./main 2022012388
1073 [23010772420480] INFO perfrun.launcher <> - ProcessCreator object was created
1074 [23010772420480] INFO perfrun.launcher <> - Launcher: the process was started in suspend mode
1079 [23010629117632] WARN perfrun.system <> - Could not do anything with /sys/kernel/debug/kvm: boost::filesystem::status: Permission denied: "/sys/kernel/debug/kvm", at file: vcs/perfrun1/plugins/system/src/trace_writer.cpp:787
1079 [23010629117632] WARN perfrun.system <> - Folder "/var/run/libvirt/qemu/"doesn't exist, at file: vcs/perfrun1/plugins/system/src/trace_writer.cpp:800
1079 [23010629117632] INFO perfrun.itt <> - start itt controller for pid #3363005
1079 [23010629117632] INFO perfrun.perfcollector <> - attaching to pid: 3363005, collect mode: 1, rc modes: 1
1093 [23010544305856] WARN perfrun.perfcollector <> - Perf stat trace pipe capacity: read = 1048576, write = 1048576, at file: vcs/perfrun1/plugins/perfcollector/src/profiler.cpp:765
1102 [23010544305856] INFO perfrun.sdk <> - runCmd: /opt/intel/oneapi/vtune/2023.1.0/bin64/amplxe-perf stat -v --log-fd 22 --control=fd:23,26 --scale -x ; -p 3363005 -e cpu/event=0x3c,name='CPU_CLK_UNHALTED.THREAD'/Duk,cpu/umask=0x3,name='CPU_CLK_UNHALTED.REF_TSC'/Duk,cpu/event=0xc0,name='INST_RETIRED.ANY'/Duk,cpu/event=0x3c,umask=0x1,name='CPU_CLK_UNHALTED.REF_XCLK'/uk,cpu/event=0x3c,umask=0x2,name='CPU_CLK_UNHALTED.ONE_THREAD_ACTIVE'/uk,cpu/event=0xc7,umask=0x2,name='FP_ARITH_INST_RETIRED.SCALAR_SINGLE'/uk,cpu/event=0xc7,umask=0x8,name='FP_ARITH_INST_RETIRED.128B_PACKED_SINGLE'/uk,cpu/event=0xc7,umask=0x20,name='FP_ARITH_INST_RETIRED.256B_PACKED_SINGLE'/uk,cpu/event=0xc7,umask=0x1,name='FP_ARITH_INST_RETIRED.SCALAR_DOUBLE'/uk,cpu/event=0xc7,umask=0x4,name='FP_ARITH_INST_RETIRED.128B_PACKED_DOUBLE'/uk,cpu/event=0xc7,umask=0x10,name='FP_ARITH_INST_RETIRED.256B_PACKED_DOUBLE'/uk,cpu/event=0xc0,umask=0x2,name='INST_RETIRED.X87'/uk,cpu/event=0xc2,umask=0x2,name='UOPS_RETIRED.RETIRE_SLOTS'/uk /opt/intel/oneapi/vtune/2023.1.0/bin64/amplxe-perf-sync sync sys
1103 [23010544305856] INFO perfrun.sdk <> - runCmd started PID 3363093
1269 [23010629117632] INFO perfrun.tpss <> - start tpss controller for pid #3363005
1319 [23010772420480] INFO perfrun.launcher <> - Launcher: all plugins were started
1319 [23010772420480] INFO perfrun.launcher <> - DirectoryMonitor object was created
1319 [23010772420480] INFO perfrun.launcher <> - DirectoryMonitor: a callback was added
1319 [23010772420480] INFO perfrun.launcher <> - DirectoryMonitor was started with pingTime = 1000
1319 [23010772420480] INFO perfrun.launcher <> - DeadlineTimer is going to be constructed
1319 [23010772420480] INFO perfrun.launcher <> - DeadlineTimer: a callback was added
1321 [23010772420480] INFO perfrun.launcher <> - Launcher: resume the profiled application and  wait its termination or stop command
3367 [23010772420480] INFO perfrun.launcher <> - Launcher: the profiled application was terminated  with exit code = 1
3547 [23010629117632] INFO perfrun.itt <> - detach itt controller
3547 [23010629117632] INFO perfrun.itt <> - detach itt controller done
3549 [23010544305856] INFO perfrun.perfcollector <> - Monitor: runCmd RC = true
3550 [23010629117632] INFO perfrun.perfcollector <> - Monitor: state = 3, error = 1
3551 [23010629117632] INFO perfrun.tpss <> - stop tpss controller
3555 [23010629117632] INFO perfrun.sdk <> - De-allocating TMU: /home/course/hpc/users/2022012388/exp8/vtune_result.conv4/data.2/systemcollector-3362674-conv4.sc
3555 [23010629117632] INFO perfrun.system <> - closed the system trace file: /home/course/hpc/users/2022012388/exp8/vtune_result.conv4/data.2/systemcollector-3362674-conv4.sc
3555 [23010772420480] INFO perfrun.launcher <> - Launcher: all plugins were stopped.
3555 [23010772420480] INFO perfrun.launcher <> - DeadlineTimer is going to be destroyed
3555 [23010772420480] INFO perfrun.launcher <> - DeadlineTimer was destroyed
3555 [23010772420480] INFO perfrun.launcher <> - DirectoryMonitor object was destroyed
3555 [23010772420480] WARN perfrun.launcher <> - Stop command is ignored because it is received when collection is already stopped, at file: vcs/perfrun1/launcher/src/command_handler.cpp:226
3559 [23010772420480] INFO perfrun.launcher <> - Application exit code: 1
3559 [23010772420480] INFO perfrun.launcher <> - Exit code: 4
