13 [23315347928960] INFO perfrun.launcher <> - Launcher main begin
15 [23315347928960] INFO perfrun.launcher <> - MessageCatalogInit finished
15 [23315347928960] INFO perfrun.launcher <> - Launcher instance created
15 [23315347928960] INFO perfrun.launcher <> - argc = 7; cmdline = /opt/intel/oneapi/vtune/2023.1.0/bin64/amplxe-runss --ui-output-format xml --ui-output-fd 5 --option-file /home/course/hpc/users/2022012388/exp8/result.conv2/config/runss.options.39 
186 [23315347928960] INFO perfrun.launcher <> - create msngr2::ICliToolContext
186 [23315347928960] INFO perfrun.launcher <> - create file finder object
186 [23315347928960] INFO perfrun.launcher <> - create a result directory: pattern = /home/course/hpc/users/2022012388/exp8/result.conv2 pid = 4294967295
189 [23315347928960] INFO perfrun.sdk <> - checked that the directory /home/course/hpc/users/2022012388/exp8/result.conv2 is a local directory
189 [23315347928960] INFO perfrun.sdk <> - the directory /home/course/hpc/users/2022012388/exp8/result.conv2 is located on a share or its FS ID is unknown 26985
189 [23315347928960] INFO perfrun.sdk <> - checked that the directory /tmp/amplxe-tmp-2022012388 is a local directory
189 [23315347928960] INFO perfrun.sdk <> - the directory /tmp/amplxe-tmp-2022012388 is located on a share or its FS ID is unknown 2035054128
191 [23315347928960] INFO perfrun.launcher <> - create data directory = /home/course/hpc/users/2022012388/exp8/result.conv2/data.39
192 [23315347928960] INFO perfrun.launcher <> - Creating the master collection flag
192 [23315347928960] INFO perfrun.launcher <> - Done creating the master collection flag
195 [23315204794048] INFO perfrun.launcher <> - plugin [remoteplug] was disabled because it doesn't support the given collection type.
195 [23315204794048] INFO perfrun.sdk <> - Allocating TMU :/home/course/hpc/users/2022012388/exp8/result.conv2/data.39/systemcollector-2287932-conv2.sc
196 [23315204794048] INFO perfrun.launcher <> - plugin [vdso] was disabled because it doesn't support the given collection type.
196 [23315204794048] INFO perfrun.launcher <> - plugin [ptracecollector] was disabled because it doesn't support the given collection type.
196 [23315204794048] INFO perfrun.launcher <> - plugin [gpu] was disabled because it doesn't support the given collection type.
196 [23315204794048] INFO perfrun.launcher <> - plugin [] was disabled because it doesn't support the given collection type.
196 [23315204794048] INFO perfrun.launcher <> - plugin [] was disabled because it doesn't support the given collection type.
196 [23315204794048] INFO perfrun.launcher <> - plugin [] was disabled because it doesn't support the given collection type.
196 [23315204794048] INFO perfrun.mrte <> - system-wide mode is 0
196 [23315204794048] INFO perfrun.mrte <> - Getting  mrte profiling environment ...
211 [23315204794048] INFO perfrun.mrte <> - INTEL_MRTE_DATA_DIR=/home/course/hpc/users/2022012388/exp8/result.conv2/data.39
211 [23315204794048] INFO perfrun.mrte <> - INTEL_MRTE_HOST_NAME=conv2
211 [23315204794048] INFO perfrun.mrte <> - JAVA_TOOL_OPTIONS=-agentlib:amplxe_tpssmrte_javaprof_1.0 -Dsun.boot.library.path=/opt/intel/oneapi/vtune/2023.1.0/lib32/runtime:/opt/intel/oneapi/vtune/2023.1.0/lib64/runtime
211 [23315204794048] INFO perfrun.mrte <> - LD_LIBRARY_PATH=/opt/intel/oneapi/vtune/2023.1.0/lib32/runtime:/opt/intel/oneapi/vtune/2023.1.0/lib64/runtime:/opt/intel/oneapi/tbb/2021.5.1/env/../lib/intel64/gcc4.8:/opt/intel/oneapi/mpi/2021.5.1//libfabric/lib:/opt/intel/oneapi/mpi/2021.5.1//lib/release:/opt/intel/oneapi/mpi/2021.5.1//lib:/opt/intel/oneapi/mkl/2022.0.2/lib/intel64:/opt/intel/oneapi/itac/2021.5.0/slib:/opt/intel/oneapi/debugger/2021.5.0/gdb/intel64/lib:/opt/intel/oneapi/debugger/2021.5.0/libipt/intel64/lib:/opt/intel/oneapi/debugger/2021.5.0/dep/lib:/opt/intel/oneapi/compiler/2022.0.2/linux/lib:/opt/intel/oneapi/compiler/2022.0.2/linux/lib/x64:/opt/intel/oneapi/compiler/2022.0.2/linux/lib/oclfpga/host/linux64/lib:/opt/intel/oneapi/compiler/2022.0.2/linux/compiler/lib/intel64_lin
211 [23315204794048] INFO perfrun.mrte <> - CORECLR_ENABLE_PROFILING=1
211 [23315204794048] INFO perfrun.mrte <> - CORECLR_PROFILER={AA5E4821-E3B1-479c-B7FF-5AD047D22CED}
211 [23315204794048] INFO perfrun.mrte <> - CORECLR_PROFILER_PATH=/opt/intel/oneapi/vtune/2023.1.0/lib64/libamplxe_samplingmrte_clrprof_1.0.so
211 [23315204794048] INFO perfrun.mrte <> - INTEL_MRTE_PROFILER_MODE=mixed
211 [23315204794048] INFO perfrun.mrte <> - Data directory: /home/course/hpc/users/2022012388/exp8/result.conv2/data.39
211 [23315204794048] INFO perfrun.mrte <> - Mrte plugin is initialized
211 [23315204794048] INFO perfrun.launcher <> - plugin [emon] was disabled because it doesn't support the given collection type.
211 [23315204794048] INFO perfrun.launcher <> - plugin [cuscol] was disabled because it doesn't support the given collection type.
211 [23315204794048] INFO perfrun.launcher <> - plugin [stdsrc] was disabled because it doesn't support the given collection type.
211 [23315204794048] INFO perfrun.launcher <> - plugin [sep] was disabled because it doesn't support the given collection type.
211 [23315204794048] INFO perfrun.launcher <> - plugin [vtsspp] was disabled because it doesn't support the given collection type.
211 [23315204794048] INFO perfrun.sdk <> - Reading value (0) from file: /proc/sys/kernel/perf_event_paranoid
211 [23315204794048] INFO perfrun.perfcollector <> - checking access to: /opt/intel/oneapi/vtune/2023.1.0/bin64/amplxe-perf-priv
213 [23315204794048] INFO perfrun.perfcollector <> - cpu: family = 6 model = 79
214 [23315204794048] INFO perfrun.perfcollector <> - dir found: /sys/bus/event_source/devices/software
214 [23315204794048] INFO perfrun.perfcollector <> - format: pmu format subdir doesn't exist
214 [23315204794048] INFO perfrun.perfcollector <> - hwInfo: not set, pmuFam: software
214 [23315204794048] INFO perfrun.perfcollector <> - pmu added: family: software, id: 0
214 [23315204794048] INFO perfrun.perfcollector <> - dir found: /sys/bus/event_source/devices/uncore_imc_5
215 [23315204794048] INFO perfrun.perfcollector <> - format: event config:0-7 mask:0-7
215 [23315204794048] INFO perfrun.perfcollector <> - format: edge config:18 mask:18
215 [23315204794048] INFO perfrun.perfcollector <> - format: inv config:23 mask:23
216 [23315204794048] INFO perfrun.perfcollector <> - format: umask config:8-15 mask:8-15
216 [23315204794048] INFO perfrun.perfcollector <> - format: thresh config:24-31 mask:24-31
216 [23315204794048] INFO perfrun.perfcollector <> - hwInfo: PERF_IMC_PMU_DETAILS
216 [23315204794048] INFO perfrun.perfcollector <> - pmu added: family: uncore_imc, id: 5
216 [23315204794048] INFO perfrun.perfcollector <> - dir found: /sys/bus/event_source/devices/uncore_sbox_2
217 [23315204794048] INFO perfrun.perfcollector <> - format: event config:0-7 mask:0-7
217 [23315204794048] INFO perfrun.perfcollector <> - format: edge config:18 mask:18
217 [23315204794048] INFO perfrun.perfcollector <> - format: inv config:23 mask:23
217 [23315204794048] INFO perfrun.perfcollector <> - format: umask config:8-15 mask:8-15
217 [23315204794048] INFO perfrun.perfcollector <> - format: tid_en config:19 mask:19
218 [23315204794048] INFO perfrun.perfcollector <> - format: thresh config:24-31 mask:24-31
218 [23315204794048] INFO perfrun.perfcollector <> - hwInfo: not set, pmuFam: uncore_sbox
218 [23315204794048] INFO perfrun.perfcollector <> - pmu added: family: uncore_sbox, id: 2
218 [23315204794048] INFO perfrun.perfcollector <> - dir found: /sys/bus/event_source/devices/uncore_cbox_8
219 [23315204794048] INFO perfrun.perfcollector <> - format: event config:0-7 mask:0-7
219 [23315204794048] INFO perfrun.perfcollector <> - format: filter_link config1:6-8 mask:6-8
219 [23315204794048] INFO perfrun.perfcollector <> - format: filter_c6 config1:61 mask:61
219 [23315204794048] INFO perfrun.perfcollector <> - format: edge config:18 mask:18
220 [23315204794048] INFO perfrun.perfcollector <> - format: filter_isoc config1:63 mask:63
220 [23315204794048] INFO perfrun.perfcollector <> - format: filter_tid config1:0-5 mask:0-5
220 [23315204794048] INFO perfrun.perfcollector <> - format: filter_nid config1:32-47 mask:32-47
220 [23315204794048] INFO perfrun.perfcollector <> - format: filter_nc config1:62 mask:62
221 [23315204794048] INFO perfrun.perfcollector <> - format: umask config:8-15 mask:8-15
221 [23315204794048] INFO perfrun.perfcollector <> - format: tid_en config:19 mask:19
221 [23315204794048] INFO perfrun.perfcollector <> - format: thresh config:24-31 mask:24-31
221 [23315204794048] INFO perfrun.perfcollector <> - format: filter_state config1:17-23 mask:17-23
221 [23315204794048] INFO perfrun.perfcollector <> - format: filter_opc config1:52-60 mask:52-60
221 [23315204794048] INFO perfrun.perfcollector <> - hwInfo: PERF_CBOX_PMU_DETAILS
222 [23315204794048] INFO perfrun.perfcollector <> - pmu added: family: uncore_cbox, id: 8
222 [23315204794048] INFO perfrun.perfcollector <> - dir found: /sys/bus/event_source/devices/uncore_cbox_13
222 [23315204794048] INFO perfrun.perfcollector <> - format: event config:0-7 mask:0-7
223 [23315204794048] INFO perfrun.perfcollector <> - format: filter_link config1:6-8 mask:6-8
223 [23315204794048] INFO perfrun.perfcollector <> - format: filter_c6 config1:61 mask:61
223 [23315204794048] INFO perfrun.perfcollector <> - format: edge config:18 mask:18
223 [23315204794048] INFO perfrun.perfcollector <> - format: filter_isoc config1:63 mask:63
224 [23315204794048] INFO perfrun.perfcollector <> - format: filter_tid config1:0-5 mask:0-5
224 [23315204794048] INFO perfrun.perfcollector <> - format: filter_nid config1:32-47 mask:32-47
224 [23315204794048] INFO perfrun.perfcollector <> - format: filter_nc config1:62 mask:62
224 [23315204794048] INFO perfrun.perfcollector <> - format: umask config:8-15 mask:8-15
224 [23315204794048] INFO perfrun.perfcollector <> - format: tid_en config:19 mask:19
224 [23315204794048] INFO perfrun.perfcollector <> - format: thresh config:24-31 mask:24-31
225 [23315204794048] INFO perfrun.perfcollector <> - format: filter_state config1:17-23 mask:17-23
225 [23315204794048] INFO perfrun.perfcollector <> - format: filter_opc config1:52-60 mask:52-60
225 [23315204794048] INFO perfrun.perfcollector <> - hwInfo: PERF_CBOX_PMU_DETAILS
225 [23315204794048] INFO perfrun.perfcollector <> - pmu added: family: uncore_cbox, id: 13
225 [23315204794048] INFO perfrun.perfcollector <> - dir found: /sys/bus/event_source/devices/uncore_r2pcie
225 [23315204794048] INFO perfrun.perfcollector <> - format: event config:0-7 mask:0-7
226 [23315204794048] INFO perfrun.perfcollector <> - format: edge config:18 mask:18
226 [23315204794048] INFO perfrun.perfcollector <> - format: inv config:23 mask:23
226 [23315204794048] INFO perfrun.perfcollector <> - format: umask config:8-15 mask:8-15
226 [23315204794048] INFO perfrun.perfcollector <> - format: thresh config:24-31 mask:24-31
226 [23315204794048] INFO perfrun.perfcollector <> - hwInfo: not set, pmuFam: uncore_r2pcie
226 [23315204794048] INFO perfrun.perfcollector <> - pmu added: family: uncore_r2pcie, id: 0
226 [23315204794048] INFO perfrun.perfcollector <> - dir found: /sys/bus/event_source/devices/uncore_sbox_0
227 [23315204794048] INFO perfrun.perfcollector <> - format: event config:0-7 mask:0-7
227 [23315204794048] INFO perfrun.perfcollector <> - format: edge config:18 mask:18
227 [23315204794048] INFO perfrun.perfcollector <> - format: inv config:23 mask:23
227 [23315204794048] INFO perfrun.perfcollector <> - format: umask config:8-15 mask:8-15
227 [23315204794048] INFO perfrun.perfcollector <> - format: tid_en config:19 mask:19
228 [23315204794048] INFO perfrun.perfcollector <> - format: thresh config:24-31 mask:24-31
228 [23315204794048] INFO perfrun.perfcollector <> - hwInfo: not set, pmuFam: uncore_sbox
228 [23315204794048] INFO perfrun.perfcollector <> - pmu added: family: uncore_sbox, id: 0
228 [23315204794048] INFO perfrun.perfcollector <> - dir found: /sys/bus/event_source/devices/uncore_qpi_1
228 [23315204794048] INFO perfrun.perfcollector <> - format: mask_rnid4 config2:31 mask:31
228 [23315204794048] INFO perfrun.perfcollector <> - format: mask_rnid30 config2:32-35 mask:32-35
228 [23315204794048] INFO perfrun.perfcollector <> - format: match_rnid30 config1:32-35 mask:32-35
228 [23315204794048] INFO perfrun.perfcollector <> - format: event config:0-7,21 mask:0-7,21
228 [23315204794048] INFO perfrun.perfcollector <> - format: match0 config1:0-31 mask:0-31
229 [23315204794048] INFO perfrun.perfcollector <> - format: match_rds config1:48-51 mask:48-51
229 [23315204794048] INFO perfrun.perfcollector <> - format: mask_rds config2:48-51 mask:48-51
229 [23315204794048] INFO perfrun.perfcollector <> - format: edge config:18 mask:18
229 [23315204794048] INFO perfrun.perfcollector <> - format: mask1 config2:32-63 mask:32-63
229 [23315204794048] INFO perfrun.perfcollector <> - format: match_dnid config1:13-17 mask:13-17
229 [23315204794048] INFO perfrun.perfcollector <> - format: mask_dnid config2:13-17 mask:13-17
229 [23315204794048] INFO perfrun.perfcollector <> - format: match_vnw config1:3-4 mask:3-4
229 [23315204794048] INFO perfrun.perfcollector <> - format: mask_vnw config2:3-4 mask:3-4
229 [23315204794048] INFO perfrun.perfcollector <> - format: mask_mc config2:9-12 mask:9-12
229 [23315204794048] INFO perfrun.perfcollector <> - format: match1 config1:32-63 mask:32-63
230 [23315204794048] INFO perfrun.perfcollector <> - format: inv config:23 mask:23
230 [23315204794048] INFO perfrun.perfcollector <> - format: umask config:8-15 mask:8-15
230 [23315204794048] INFO perfrun.perfcollector <> - format: match_opc config1:5-8 mask:5-8
230 [23315204794048] INFO perfrun.perfcollector <> - format: mask_opc config2:5-8 mask:5-8
230 [23315204794048] INFO perfrun.perfcollector <> - format: thresh config:24-31 mask:24-31
230 [23315204794048] INFO perfrun.perfcollector <> - format: match_rnid4 config1:31 mask:31
230 [23315204794048] INFO perfrun.perfcollector <> - format: mask0 config2:0-31 mask:0-31
230 [23315204794048] INFO perfrun.perfcollector <> - format: match_mc config1:9-12 mask:9-12
230 [23315204794048] INFO perfrun.perfcollector <> - hwInfo: PERF_QPI_PMU_DETAILS
231 [23315204794048] INFO perfrun.perfcollector <> - pmu added: family: uncore_qpi, id: 1
231 [23315204794048] INFO perfrun.perfcollector <> - dir found: /sys/bus/event_source/devices/uncore_cbox_6
231 [23315204794048] INFO perfrun.perfcollector <> - format: event config:0-7 mask:0-7
231 [23315204794048] INFO perfrun.perfcollector <> - format: filter_link config1:6-8 mask:6-8
231 [23315204794048] INFO perfrun.perfcollector <> - format: filter_c6 config1:61 mask:61
231 [23315204794048] INFO perfrun.perfcollector <> - format: edge config:18 mask:18
231 [23315204794048] INFO perfrun.perfcollector <> - format: filter_isoc config1:63 mask:63
231 [23315204794048] INFO perfrun.perfcollector <> - format: filter_tid config1:0-5 mask:0-5
232 [23315204794048] INFO perfrun.perfcollector <> - format: filter_nid config1:32-47 mask:32-47
232 [23315204794048] INFO perfrun.perfcollector <> - format: filter_nc config1:62 mask:62
232 [23315204794048] INFO perfrun.perfcollector <> - format: umask config:8-15 mask:8-15
232 [23315204794048] INFO perfrun.perfcollector <> - format: tid_en config:19 mask:19
232 [23315204794048] INFO perfrun.perfcollector <> - format: thresh config:24-31 mask:24-31
232 [23315204794048] INFO perfrun.perfcollector <> - format: filter_state config1:17-23 mask:17-23
232 [23315204794048] INFO perfrun.perfcollector <> - format: filter_opc config1:52-60 mask:52-60
232 [23315204794048] INFO perfrun.perfcollector <> - hwInfo: PERF_CBOX_PMU_DETAILS
232 [23315204794048] INFO perfrun.perfcollector <> - pmu added: family: uncore_cbox, id: 6
232 [23315204794048] INFO perfrun.perfcollector <> - dir found: /sys/bus/event_source/devices/uncore_imc_1
233 [23315204794048] INFO perfrun.perfcollector <> - format: event config:0-7 mask:0-7
233 [23315204794048] INFO perfrun.perfcollector <> - format: edge config:18 mask:18
233 [23315204794048] INFO perfrun.perfcollector <> - format: inv config:23 mask:23
233 [23315204794048] INFO perfrun.perfcollector <> - format: umask config:8-15 mask:8-15
233 [23315204794048] INFO perfrun.perfcollector <> - format: thresh config:24-31 mask:24-31
233 [23315204794048] INFO perfrun.perfcollector <> - hwInfo: PERF_IMC_PMU_DETAILS
233 [23315204794048] INFO perfrun.perfcollector <> - pmu added: family: uncore_imc, id: 1
233 [23315204794048] INFO perfrun.perfcollector <> - dir found: /sys/bus/event_source/devices/power
233 [23315204794048] INFO perfrun.perfcollector <> - format: event config:0-7 mask:0-7
233 [23315204794048] INFO perfrun.perfcollector <> - hwInfo: not set, pmuFam: power
234 [23315204794048] INFO perfrun.perfcollector <> - pmu added: family: power, id: 0
234 [23315204794048] INFO perfrun.perfcollector <> - dir found: /sys/bus/event_source/devices/uncore_cbox_11
234 [23315204794048] INFO perfrun.perfcollector <> - format: event config:0-7 mask:0-7
234 [23315204794048] INFO perfrun.perfcollector <> - format: filter_link config1:6-8 mask:6-8
234 [23315204794048] INFO perfrun.perfcollector <> - format: filter_c6 config1:61 mask:61
234 [23315204794048] INFO perfrun.perfcollector <> - format: edge config:18 mask:18
234 [23315204794048] INFO perfrun.perfcollector <> - format: filter_isoc config1:63 mask:63
234 [23315204794048] INFO perfrun.perfcollector <> - format: filter_tid config1:0-5 mask:0-5
235 [23315204794048] INFO perfrun.perfcollector <> - format: filter_nid config1:32-47 mask:32-47
235 [23315204794048] INFO perfrun.perfcollector <> - format: filter_nc config1:62 mask:62
235 [23315204794048] INFO perfrun.perfcollector <> - format: umask config:8-15 mask:8-15
235 [23315204794048] INFO perfrun.perfcollector <> - format: tid_en config:19 mask:19
235 [23315204794048] INFO perfrun.perfcollector <> - format: thresh config:24-31 mask:24-31
235 [23315204794048] INFO perfrun.perfcollector <> - format: filter_state config1:17-23 mask:17-23
235 [23315204794048] INFO perfrun.perfcollector <> - format: filter_opc config1:52-60 mask:52-60
235 [23315204794048] INFO perfrun.perfcollector <> - hwInfo: PERF_CBOX_PMU_DETAILS
236 [23315204794048] INFO perfrun.perfcollector <> - pmu added: family: uncore_cbox, id: 11
236 [23315204794048] INFO perfrun.perfcollector <> - dir found: /sys/bus/event_source/devices/uncore_cbox_4
236 [23315204794048] INFO perfrun.perfcollector <> - format: event config:0-7 mask:0-7
236 [23315204794048] INFO perfrun.perfcollector <> - format: filter_link config1:6-8 mask:6-8
236 [23315204794048] INFO perfrun.perfcollector <> - format: filter_c6 config1:61 mask:61
236 [23315204794048] INFO perfrun.perfcollector <> - format: edge config:18 mask:18
236 [23315204794048] INFO perfrun.perfcollector <> - format: filter_isoc config1:63 mask:63
237 [23315204794048] INFO perfrun.perfcollector <> - format: filter_tid config1:0-5 mask:0-5
237 [23315204794048] INFO perfrun.perfcollector <> - format: filter_nid config1:32-47 mask:32-47
237 [23315204794048] INFO perfrun.perfcollector <> - format: filter_nc config1:62 mask:62
237 [23315204794048] INFO perfrun.perfcollector <> - format: umask config:8-15 mask:8-15
237 [23315204794048] INFO perfrun.perfcollector <> - format: tid_en config:19 mask:19
237 [23315204794048] INFO perfrun.perfcollector <> - format: thresh config:24-31 mask:24-31
237 [23315204794048] INFO perfrun.perfcollector <> - format: filter_state config1:17-23 mask:17-23
238 [23315204794048] INFO perfrun.perfcollector <> - format: filter_opc config1:52-60 mask:52-60
238 [23315204794048] INFO perfrun.perfcollector <> - hwInfo: PERF_CBOX_PMU_DETAILS
238 [23315204794048] INFO perfrun.perfcollector <> - pmu added: family: uncore_cbox, id: 4
238 [23315204794048] INFO perfrun.perfcollector <> - dir found: /sys/bus/event_source/devices/uprobe
238 [23315204794048] INFO perfrun.perfcollector <> - format: ref_ctr_offset config:32-63 mask:32-63
238 [23315204794048] INFO perfrun.perfcollector <> - format: retprobe config:0 mask:0
238 [23315204794048] INFO perfrun.perfcollector <> - hwInfo: not set, pmuFam: uprobe
239 [23315204794048] INFO perfrun.perfcollector <> - pmu added: family: uprobe, id: 0
239 [23315204794048] INFO perfrun.perfcollector <> - dir found: /sys/bus/event_source/devices/intel_bts
239 [23315204794048] INFO perfrun.perfcollector <> - format: pmu format subdir doesn't exist
239 [23315204794048] INFO perfrun.perfcollector <> - hwInfo: not set, pmuFam: intel_bts
239 [23315204794048] INFO perfrun.perfcollector <> - pmu added: family: intel_bts, id: 0
239 [23315204794048] INFO perfrun.perfcollector <> - dir found: /sys/bus/event_source/devices/cpu
239 [23315204794048] INFO perfrun.perfcollector <> - format: event config:0-7 mask:0-7
239 [23315204794048] INFO perfrun.perfcollector <> - format: pc config:19 mask:19
240 [23315204794048] INFO perfrun.perfcollector <> - format: in_tx config:32 mask:32
240 [23315204794048] INFO perfrun.perfcollector <> - format: edge config:18 mask:18
240 [23315204794048] INFO perfrun.perfcollector <> - format: any config:21 mask:21
240 [23315204794048] INFO perfrun.perfcollector <> - format: offcore_rsp config1:0-63 mask:0-63
240 [23315204794048] INFO perfrun.perfcollector <> - format: in_tx_cp config:33 mask:33
240 [23315204794048] INFO perfrun.perfcollector <> - format: ldlat config1:0-15 mask:0-15
241 [23315204794048] INFO perfrun.perfcollector <> - format: inv config:23 mask:23
241 [23315204794048] INFO perfrun.perfcollector <> - format: umask config:8-15 mask:8-15
241 [23315204794048] INFO perfrun.perfcollector <> - format: cmask config:24-31 mask:24-31
241 [23315204794048] INFO perfrun.perfcollector <> - hwInfo: PERF_CPU_PMU_DETAILS
241 [23315204794048] INFO perfrun.perfcollector <> - pmu added: family: cpu, id: 0
241 [23315204794048] INFO perfrun.perfcollector <> - dir found: /sys/bus/event_source/devices/uncore_r3qpi_0
241 [23315204794048] INFO perfrun.perfcollector <> - format: event config:0-7 mask:0-7
242 [23315204794048] INFO perfrun.perfcollector <> - format: edge config:18 mask:18
242 [23315204794048] INFO perfrun.perfcollector <> - format: inv config:23 mask:23
242 [23315204794048] INFO perfrun.perfcollector <> - format: umask config:8-15 mask:8-15
242 [23315204794048] INFO perfrun.perfcollector <> - format: thresh config:24-31 mask:24-31
242 [23315204794048] INFO perfrun.perfcollector <> - hwInfo: not set, pmuFam: uncore_r3qpi
242 [23315204794048] INFO perfrun.perfcollector <> - pmu added: family: uncore_r3qpi, id: 0
242 [23315204794048] INFO perfrun.perfcollector <> - dir found: /sys/bus/event_source/devices/cstate_core
242 [23315204794048] INFO perfrun.perfcollector <> - format: event config:0-63 mask:0-63
242 [23315204794048] INFO perfrun.perfcollector <> - hwInfo: not set, pmuFam: cstate_core
243 [23315204794048] INFO perfrun.perfcollector <> - pmu added: family: cstate_core, id: 0
243 [23315204794048] INFO perfrun.perfcollector <> - dir found: /sys/bus/event_source/devices/uncore_cbox_2
243 [23315204794048] INFO perfrun.perfcollector <> - format: event config:0-7 mask:0-7
243 [23315204794048] INFO perfrun.perfcollector <> - format: filter_link config1:6-8 mask:6-8
243 [23315204794048] INFO perfrun.perfcollector <> - format: filter_c6 config1:61 mask:61
243 [23315204794048] INFO perfrun.perfcollector <> - format: edge config:18 mask:18
243 [23315204794048] INFO perfrun.perfcollector <> - format: filter_isoc config1:63 mask:63
244 [23315204794048] INFO perfrun.perfcollector <> - format: filter_tid config1:0-5 mask:0-5
244 [23315204794048] INFO perfrun.perfcollector <> - format: filter_nid config1:32-47 mask:32-47
244 [23315204794048] INFO perfrun.perfcollector <> - format: filter_nc config1:62 mask:62
244 [23315204794048] INFO perfrun.perfcollector <> - format: umask config:8-15 mask:8-15
244 [23315204794048] INFO perfrun.perfcollector <> - format: tid_en config:19 mask:19
244 [23315204794048] INFO perfrun.perfcollector <> - format: thresh config:24-31 mask:24-31
244 [23315204794048] INFO perfrun.perfcollector <> - format: filter_state config1:17-23 mask:17-23
244 [23315204794048] INFO perfrun.perfcollector <> - format: filter_opc config1:52-60 mask:52-60
244 [23315204794048] INFO perfrun.perfcollector <> - hwInfo: PERF_CBOX_PMU_DETAILS
245 [23315204794048] INFO perfrun.perfcollector <> - pmu added: family: uncore_cbox, id: 2
245 [23315204794048] INFO perfrun.perfcollector <> - dir found: /sys/bus/event_source/devices/breakpoint
245 [23315204794048] INFO perfrun.perfcollector <> - format: pmu format subdir doesn't exist
245 [23315204794048] INFO perfrun.perfcollector <> - hwInfo: not set, pmuFam: breakpoint
245 [23315204794048] INFO perfrun.perfcollector <> - pmu added: family: breakpoint, id: 0
245 [23315204794048] INFO perfrun.perfcollector <> - dir found: /sys/bus/event_source/devices/uncore_ha_0
245 [23315204794048] INFO perfrun.perfcollector <> - format: event config:0-7 mask:0-7
245 [23315204794048] INFO perfrun.perfcollector <> - format: edge config:18 mask:18
245 [23315204794048] INFO perfrun.perfcollector <> - format: inv config:23 mask:23
246 [23315204794048] INFO perfrun.perfcollector <> - format: umask config:8-15 mask:8-15
246 [23315204794048] INFO perfrun.perfcollector <> - format: thresh config:24-31 mask:24-31
246 [23315204794048] INFO perfrun.perfcollector <> - hwInfo: not set, pmuFam: uncore_ha
246 [23315204794048] INFO perfrun.perfcollector <> - pmu added: family: uncore_ha, id: 0
246 [23315204794048] INFO perfrun.perfcollector <> - dir found: /sys/bus/event_source/devices/uncore_cbox_0
246 [23315204794048] INFO perfrun.perfcollector <> - format: event config:0-7 mask:0-7
246 [23315204794048] INFO perfrun.perfcollector <> - format: filter_link config1:6-8 mask:6-8
246 [23315204794048] INFO perfrun.perfcollector <> - format: filter_c6 config1:61 mask:61
246 [23315204794048] INFO perfrun.perfcollector <> - format: edge config:18 mask:18
246 [23315204794048] INFO perfrun.perfcollector <> - format: filter_isoc config1:63 mask:63
246 [23315204794048] INFO perfrun.perfcollector <> - format: filter_tid config1:0-5 mask:0-5
246 [23315204794048] INFO perfrun.perfcollector <> - format: filter_nid config1:32-47 mask:32-47
247 [23315204794048] INFO perfrun.perfcollector <> - format: filter_nc config1:62 mask:62
247 [23315204794048] INFO perfrun.perfcollector <> - format: umask config:8-15 mask:8-15
247 [23315204794048] INFO perfrun.perfcollector <> - format: tid_en config:19 mask:19
247 [23315204794048] INFO perfrun.perfcollector <> - format: thresh config:24-31 mask:24-31
247 [23315204794048] INFO perfrun.perfcollector <> - format: filter_state config1:17-23 mask:17-23
247 [23315204794048] INFO perfrun.perfcollector <> - format: filter_opc config1:52-60 mask:52-60
247 [23315204794048] INFO perfrun.perfcollector <> - hwInfo: PERF_CBOX_PMU_DETAILS
247 [23315204794048] INFO perfrun.perfcollector <> - pmu added: family: uncore_cbox, id: 0
247 [23315204794048] INFO perfrun.perfcollector <> - dir found: /sys/bus/event_source/devices/tracepoint
247 [23315204794048] INFO perfrun.perfcollector <> - format: pmu format subdir doesn't exist
247 [23315204794048] INFO perfrun.perfcollector <> - hwInfo: not set, pmuFam: tracepoint
247 [23315204794048] INFO perfrun.perfcollector <> - pmu added: family: tracepoint, id: 0
247 [23315204794048] INFO perfrun.perfcollector <> - dir found: /sys/bus/event_source/devices/uncore_sbox_3
247 [23315204794048] INFO perfrun.perfcollector <> - format: event config:0-7 mask:0-7
247 [23315204794048] INFO perfrun.perfcollector <> - format: edge config:18 mask:18
248 [23315204794048] INFO perfrun.perfcollector <> - format: inv config:23 mask:23
248 [23315204794048] INFO perfrun.perfcollector <> - format: umask config:8-15 mask:8-15
248 [23315204794048] INFO perfrun.perfcollector <> - format: tid_en config:19 mask:19
248 [23315204794048] INFO perfrun.perfcollector <> - format: thresh config:24-31 mask:24-31
248 [23315204794048] INFO perfrun.perfcollector <> - hwInfo: not set, pmuFam: uncore_sbox
248 [23315204794048] INFO perfrun.perfcollector <> - pmu added: family: uncore_sbox, id: 3
248 [23315204794048] INFO perfrun.perfcollector <> - dir found: /sys/bus/event_source/devices/uncore_cbox_9
248 [23315204794048] INFO perfrun.perfcollector <> - format: event config:0-7 mask:0-7
248 [23315204794048] INFO perfrun.perfcollector <> - format: filter_link config1:6-8 mask:6-8
248 [23315204794048] INFO perfrun.perfcollector <> - format: filter_c6 config1:61 mask:61
248 [23315204794048] INFO perfrun.perfcollector <> - format: edge config:18 mask:18
248 [23315204794048] INFO perfrun.perfcollector <> - format: filter_isoc config1:63 mask:63
248 [23315204794048] INFO perfrun.perfcollector <> - format: filter_tid config1:0-5 mask:0-5
248 [23315204794048] INFO perfrun.perfcollector <> - format: filter_nid config1:32-47 mask:32-47
248 [23315204794048] INFO perfrun.perfcollector <> - format: filter_nc config1:62 mask:62
249 [23315204794048] INFO perfrun.perfcollector <> - format: umask config:8-15 mask:8-15
249 [23315204794048] INFO perfrun.perfcollector <> - format: tid_en config:19 mask:19
249 [23315204794048] INFO perfrun.perfcollector <> - format: thresh config:24-31 mask:24-31
249 [23315204794048] INFO perfrun.perfcollector <> - format: filter_state config1:17-23 mask:17-23
249 [23315204794048] INFO perfrun.perfcollector <> - format: filter_opc config1:52-60 mask:52-60
249 [23315204794048] INFO perfrun.perfcollector <> - hwInfo: PERF_CBOX_PMU_DETAILS
249 [23315204794048] INFO perfrun.perfcollector <> - pmu added: family: uncore_cbox, id: 9
249 [23315204794048] INFO perfrun.perfcollector <> - dir found: /sys/bus/event_source/devices/cstate_pkg
249 [23315204794048] INFO perfrun.perfcollector <> - format: event config:0-63 mask:0-63
249 [23315204794048] INFO perfrun.perfcollector <> - hwInfo: not set, pmuFam: cstate_pkg
249 [23315204794048] INFO perfrun.perfcollector <> - pmu added: family: cstate_pkg, id: 0
249 [23315204794048] INFO perfrun.perfcollector <> - dir found: /sys/bus/event_source/devices/uncore_imc_4
249 [23315204794048] INFO perfrun.perfcollector <> - format: event config:0-7 mask:0-7
249 [23315204794048] INFO perfrun.perfcollector <> - format: edge config:18 mask:18
249 [23315204794048] INFO perfrun.perfcollector <> - format: inv config:23 mask:23
249 [23315204794048] INFO perfrun.perfcollector <> - format: umask config:8-15 mask:8-15
250 [23315204794048] INFO perfrun.perfcollector <> - format: thresh config:24-31 mask:24-31
250 [23315204794048] INFO perfrun.perfcollector <> - hwInfo: PERF_IMC_PMU_DETAILS
250 [23315204794048] INFO perfrun.perfcollector <> - pmu added: family: uncore_imc, id: 4
250 [23315204794048] INFO perfrun.perfcollector <> - dir found: /sys/bus/event_source/devices/uncore_ubox
250 [23315204794048] INFO perfrun.perfcollector <> - format: event config:0-7 mask:0-7
250 [23315204794048] INFO perfrun.perfcollector <> - format: edge config:18 mask:18
250 [23315204794048] INFO perfrun.perfcollector <> - format: inv config:23 mask:23
250 [23315204794048] INFO perfrun.perfcollector <> - format: umask config:8-15 mask:8-15
250 [23315204794048] INFO perfrun.perfcollector <> - format: thresh config:24-28 mask:24-28
250 [23315204794048] INFO perfrun.perfcollector <> - hwInfo: not set, pmuFam: uncore_ubox
250 [23315204794048] INFO perfrun.perfcollector <> - pmu added: family: uncore_ubox, id: 0
250 [23315204794048] INFO perfrun.perfcollector <> - dir found: /sys/bus/event_source/devices/uncore_sbox_1
250 [23315204794048] INFO perfrun.perfcollector <> - format: event config:0-7 mask:0-7
250 [23315204794048] INFO perfrun.perfcollector <> - format: edge config:18 mask:18
250 [23315204794048] INFO perfrun.perfcollector <> - format: inv config:23 mask:23
250 [23315204794048] INFO perfrun.perfcollector <> - format: umask config:8-15 mask:8-15
250 [23315204794048] INFO perfrun.perfcollector <> - format: tid_en config:19 mask:19
251 [23315204794048] INFO perfrun.perfcollector <> - format: thresh config:24-31 mask:24-31
251 [23315204794048] INFO perfrun.perfcollector <> - hwInfo: not set, pmuFam: uncore_sbox
251 [23315204794048] INFO perfrun.perfcollector <> - pmu added: family: uncore_sbox, id: 1
251 [23315204794048] INFO perfrun.perfcollector <> - dir found: /sys/bus/event_source/devices/uncore_cbox_7
251 [23315204794048] INFO perfrun.perfcollector <> - format: event config:0-7 mask:0-7
251 [23315204794048] INFO perfrun.perfcollector <> - format: filter_link config1:6-8 mask:6-8
251 [23315204794048] INFO perfrun.perfcollector <> - format: filter_c6 config1:61 mask:61
251 [23315204794048] INFO perfrun.perfcollector <> - format: edge config:18 mask:18
251 [23315204794048] INFO perfrun.perfcollector <> - format: filter_isoc config1:63 mask:63
251 [23315204794048] INFO perfrun.perfcollector <> - format: filter_tid config1:0-5 mask:0-5
251 [23315204794048] INFO perfrun.perfcollector <> - format: filter_nid config1:32-47 mask:32-47
251 [23315204794048] INFO perfrun.perfcollector <> - format: filter_nc config1:62 mask:62
251 [23315204794048] INFO perfrun.perfcollector <> - format: umask config:8-15 mask:8-15
251 [23315204794048] INFO perfrun.perfcollector <> - format: tid_en config:19 mask:19
251 [23315204794048] INFO perfrun.perfcollector <> - format: thresh config:24-31 mask:24-31
251 [23315204794048] INFO perfrun.perfcollector <> - format: filter_state config1:17-23 mask:17-23
252 [23315204794048] INFO perfrun.perfcollector <> - format: filter_opc config1:52-60 mask:52-60
252 [23315204794048] INFO perfrun.perfcollector <> - hwInfo: PERF_CBOX_PMU_DETAILS
252 [23315204794048] INFO perfrun.perfcollector <> - pmu added: family: uncore_cbox, id: 7
252 [23315204794048] INFO perfrun.perfcollector <> - dir found: /sys/bus/event_source/devices/uncore_cbox_12
252 [23315204794048] INFO perfrun.perfcollector <> - format: event config:0-7 mask:0-7
252 [23315204794048] INFO perfrun.perfcollector <> - format: filter_link config1:6-8 mask:6-8
252 [23315204794048] INFO perfrun.perfcollector <> - format: filter_c6 config1:61 mask:61
252 [23315204794048] INFO perfrun.perfcollector <> - format: edge config:18 mask:18
252 [23315204794048] INFO perfrun.perfcollector <> - format: filter_isoc config1:63 mask:63
252 [23315204794048] INFO perfrun.perfcollector <> - format: filter_tid config1:0-5 mask:0-5
252 [23315204794048] INFO perfrun.perfcollector <> - format: filter_nid config1:32-47 mask:32-47
252 [23315204794048] INFO perfrun.perfcollector <> - format: filter_nc config1:62 mask:62
252 [23315204794048] INFO perfrun.perfcollector <> - format: umask config:8-15 mask:8-15
252 [23315204794048] INFO perfrun.perfcollector <> - format: tid_en config:19 mask:19
252 [23315204794048] INFO perfrun.perfcollector <> - format: thresh config:24-31 mask:24-31
252 [23315204794048] INFO perfrun.perfcollector <> - format: filter_state config1:17-23 mask:17-23
253 [23315204794048] INFO perfrun.perfcollector <> - format: filter_opc config1:52-60 mask:52-60
253 [23315204794048] INFO perfrun.perfcollector <> - hwInfo: PERF_CBOX_PMU_DETAILS
253 [23315204794048] INFO perfrun.perfcollector <> - pmu added: family: uncore_cbox, id: 12
253 [23315204794048] INFO perfrun.perfcollector <> - dir found: /sys/bus/event_source/devices/kprobe
253 [23315204794048] INFO perfrun.perfcollector <> - format: retprobe config:0 mask:0
253 [23315204794048] INFO perfrun.perfcollector <> - hwInfo: not set, pmuFam: kprobe
253 [23315204794048] INFO perfrun.perfcollector <> - pmu added: family: kprobe, id: 0
253 [23315204794048] INFO perfrun.perfcollector <> - dir found: /sys/bus/event_source/devices/uncore_qpi_0
253 [23315204794048] INFO perfrun.perfcollector <> - format: mask_rnid4 config2:31 mask:31
253 [23315204794048] INFO perfrun.perfcollector <> - format: mask_rnid30 config2:32-35 mask:32-35
253 [23315204794048] INFO perfrun.perfcollector <> - format: match_rnid30 config1:32-35 mask:32-35
253 [23315204794048] INFO perfrun.perfcollector <> - format: event config:0-7,21 mask:0-7,21
253 [23315204794048] INFO perfrun.perfcollector <> - format: match0 config1:0-31 mask:0-31
253 [23315204794048] INFO perfrun.perfcollector <> - format: match_rds config1:48-51 mask:48-51
253 [23315204794048] INFO perfrun.perfcollector <> - format: mask_rds config2:48-51 mask:48-51
253 [23315204794048] INFO perfrun.perfcollector <> - format: edge config:18 mask:18
253 [23315204794048] INFO perfrun.perfcollector <> - format: mask1 config2:32-63 mask:32-63
254 [23315204794048] INFO perfrun.perfcollector <> - format: match_dnid config1:13-17 mask:13-17
254 [23315204794048] INFO perfrun.perfcollector <> - format: mask_dnid config2:13-17 mask:13-17
254 [23315204794048] INFO perfrun.perfcollector <> - format: match_vnw config1:3-4 mask:3-4
254 [23315204794048] INFO perfrun.perfcollector <> - format: mask_vnw config2:3-4 mask:3-4
254 [23315204794048] INFO perfrun.perfcollector <> - format: mask_mc config2:9-12 mask:9-12
254 [23315204794048] INFO perfrun.perfcollector <> - format: match1 config1:32-63 mask:32-63
254 [23315204794048] INFO perfrun.perfcollector <> - format: inv config:23 mask:23
254 [23315204794048] INFO perfrun.perfcollector <> - format: umask config:8-15 mask:8-15
254 [23315204794048] INFO perfrun.perfcollector <> - format: match_opc config1:5-8 mask:5-8
254 [23315204794048] INFO perfrun.perfcollector <> - format: mask_opc config2:5-8 mask:5-8
254 [23315204794048] INFO perfrun.perfcollector <> - format: thresh config:24-31 mask:24-31
254 [23315204794048] INFO perfrun.perfcollector <> - format: match_rnid4 config1:31 mask:31
254 [23315204794048] INFO perfrun.perfcollector <> - format: mask0 config2:0-31 mask:0-31
254 [23315204794048] INFO perfrun.perfcollector <> - format: match_mc config1:9-12 mask:9-12
254 [23315204794048] INFO perfrun.perfcollector <> - hwInfo: PERF_QPI_PMU_DETAILS
254 [23315204794048] INFO perfrun.perfcollector <> - pmu added: family: uncore_qpi, id: 0
254 [23315204794048] INFO perfrun.perfcollector <> - dir found: /sys/bus/event_source/devices/uncore_cbox_5
255 [23315204794048] INFO perfrun.perfcollector <> - format: event config:0-7 mask:0-7
255 [23315204794048] INFO perfrun.perfcollector <> - format: filter_link config1:6-8 mask:6-8
255 [23315204794048] INFO perfrun.perfcollector <> - format: filter_c6 config1:61 mask:61
255 [23315204794048] INFO perfrun.perfcollector <> - format: edge config:18 mask:18
255 [23315204794048] INFO perfrun.perfcollector <> - format: filter_isoc config1:63 mask:63
255 [23315204794048] INFO perfrun.perfcollector <> - format: filter_tid config1:0-5 mask:0-5
255 [23315204794048] INFO perfrun.perfcollector <> - format: filter_nid config1:32-47 mask:32-47
255 [23315204794048] INFO perfrun.perfcollector <> - format: filter_nc config1:62 mask:62
255 [23315204794048] INFO perfrun.perfcollector <> - format: umask config:8-15 mask:8-15
255 [23315204794048] INFO perfrun.perfcollector <> - format: tid_en config:19 mask:19
255 [23315204794048] INFO perfrun.perfcollector <> - format: thresh config:24-31 mask:24-31
255 [23315204794048] INFO perfrun.perfcollector <> - format: filter_state config1:17-23 mask:17-23
255 [23315204794048] INFO perfrun.perfcollector <> - format: filter_opc config1:52-60 mask:52-60
255 [23315204794048] INFO perfrun.perfcollector <> - hwInfo: PERF_CBOX_PMU_DETAILS
255 [23315204794048] INFO perfrun.perfcollector <> - pmu added: family: uncore_cbox, id: 5
255 [23315204794048] INFO perfrun.perfcollector <> - dir found: /sys/bus/event_source/devices/uncore_imc_0
255 [23315204794048] INFO perfrun.perfcollector <> - format: event config:0-7 mask:0-7
255 [23315204794048] INFO perfrun.perfcollector <> - format: edge config:18 mask:18
255 [23315204794048] INFO perfrun.perfcollector <> - format: inv config:23 mask:23
255 [23315204794048] INFO perfrun.perfcollector <> - format: umask config:8-15 mask:8-15
256 [23315204794048] INFO perfrun.perfcollector <> - format: thresh config:24-31 mask:24-31
256 [23315204794048] INFO perfrun.perfcollector <> - hwInfo: PERF_IMC_PMU_DETAILS
256 [23315204794048] INFO perfrun.perfcollector <> - pmu added: family: uncore_imc, id: 0
256 [23315204794048] INFO perfrun.perfcollector <> - dir found: /sys/bus/event_source/devices/uncore_cbox_10
256 [23315204794048] INFO perfrun.perfcollector <> - format: event config:0-7 mask:0-7
256 [23315204794048] INFO perfrun.perfcollector <> - format: filter_link config1:6-8 mask:6-8
256 [23315204794048] INFO perfrun.perfcollector <> - format: filter_c6 config1:61 mask:61
256 [23315204794048] INFO perfrun.perfcollector <> - format: edge config:18 mask:18
256 [23315204794048] INFO perfrun.perfcollector <> - format: filter_isoc config1:63 mask:63
256 [23315204794048] INFO perfrun.perfcollector <> - format: filter_tid config1:0-5 mask:0-5
256 [23315204794048] INFO perfrun.perfcollector <> - format: filter_nid config1:32-47 mask:32-47
256 [23315204794048] INFO perfrun.perfcollector <> - format: filter_nc config1:62 mask:62
256 [23315204794048] INFO perfrun.perfcollector <> - format: umask config:8-15 mask:8-15
256 [23315204794048] INFO perfrun.perfcollector <> - format: tid_en config:19 mask:19
256 [23315204794048] INFO perfrun.perfcollector <> - format: thresh config:24-31 mask:24-31
256 [23315204794048] INFO perfrun.perfcollector <> - format: filter_state config1:17-23 mask:17-23
256 [23315204794048] INFO perfrun.perfcollector <> - format: filter_opc config1:52-60 mask:52-60
256 [23315204794048] INFO perfrun.perfcollector <> - hwInfo: PERF_CBOX_PMU_DETAILS
256 [23315204794048] INFO perfrun.perfcollector <> - pmu added: family: uncore_cbox, id: 10
256 [23315204794048] INFO perfrun.perfcollector <> - dir found: /sys/bus/event_source/devices/uncore_pcu
256 [23315204794048] INFO perfrun.perfcollector <> - format: filter_band2 config1:16-23 mask:16-23
257 [23315204794048] INFO perfrun.perfcollector <> - format: event config:0-7 mask:0-7
257 [23315204794048] INFO perfrun.perfcollector <> - format: filter_band0 config1:0-7 mask:0-7
257 [23315204794048] INFO perfrun.perfcollector <> - format: edge config:18 mask:18
257 [23315204794048] INFO perfrun.perfcollector <> - format: occ_invert config:30 mask:30
257 [23315204794048] INFO perfrun.perfcollector <> - format: occ_edge config:14-51 mask:14-51
257 [23315204794048] INFO perfrun.perfcollector <> - format: filter_band3 config1:24-31 mask:24-31
257 [23315204794048] INFO perfrun.perfcollector <> - format: filter_band1 config1:8-15 mask:8-15
257 [23315204794048] INFO perfrun.perfcollector <> - format: inv config:23 mask:23
257 [23315204794048] INFO perfrun.perfcollector <> - format: thresh config:24-28 mask:24-28
257 [23315204794048] INFO perfrun.perfcollector <> - format: occ_sel config:14-15 mask:14-15
257 [23315204794048] INFO perfrun.perfcollector <> - hwInfo: not set, pmuFam: uncore_pcu
257 [23315204794048] INFO perfrun.perfcollector <> - pmu added: family: uncore_pcu, id: 0
257 [23315204794048] INFO perfrun.perfcollector <> - dir found: /sys/bus/event_source/devices/uncore_r3qpi_1
257 [23315204794048] INFO perfrun.perfcollector <> - format: event config:0-7 mask:0-7
257 [23315204794048] INFO perfrun.perfcollector <> - format: edge config:18 mask:18
257 [23315204794048] INFO perfrun.perfcollector <> - format: inv config:23 mask:23
257 [23315204794048] INFO perfrun.perfcollector <> - format: umask config:8-15 mask:8-15
257 [23315204794048] INFO perfrun.perfcollector <> - format: thresh config:24-31 mask:24-31
257 [23315204794048] INFO perfrun.perfcollector <> - hwInfo: not set, pmuFam: uncore_r3qpi
257 [23315204794048] INFO perfrun.perfcollector <> - pmu added: family: uncore_r3qpi, id: 1
257 [23315204794048] INFO perfrun.perfcollector <> - dir found: /sys/bus/event_source/devices/msr
257 [23315204794048] INFO perfrun.perfcollector <> - format: event config:0-63 mask:0-63
257 [23315204794048] INFO perfrun.perfcollector <> - hwInfo: not set, pmuFam: msr
258 [23315204794048] INFO perfrun.perfcollector <> - pmu added: family: msr, id: 0
258 [23315204794048] INFO perfrun.perfcollector <> - dir found: /sys/bus/event_source/devices/uncore_cbox_3
258 [23315204794048] INFO perfrun.perfcollector <> - format: event config:0-7 mask:0-7
258 [23315204794048] INFO perfrun.perfcollector <> - format: filter_link config1:6-8 mask:6-8
258 [23315204794048] INFO perfrun.perfcollector <> - format: filter_c6 config1:61 mask:61
258 [23315204794048] INFO perfrun.perfcollector <> - format: edge config:18 mask:18
258 [23315204794048] INFO perfrun.perfcollector <> - format: filter_isoc config1:63 mask:63
258 [23315204794048] INFO perfrun.perfcollector <> - format: filter_tid config1:0-5 mask:0-5
258 [23315204794048] INFO perfrun.perfcollector <> - format: filter_nid config1:32-47 mask:32-47
258 [23315204794048] INFO perfrun.perfcollector <> - format: filter_nc config1:62 mask:62
258 [23315204794048] INFO perfrun.perfcollector <> - format: umask config:8-15 mask:8-15
258 [23315204794048] INFO perfrun.perfcollector <> - format: tid_en config:19 mask:19
258 [23315204794048] INFO perfrun.perfcollector <> - format: thresh config:24-31 mask:24-31
258 [23315204794048] INFO perfrun.perfcollector <> - format: filter_state config1:17-23 mask:17-23
258 [23315204794048] INFO perfrun.perfcollector <> - format: filter_opc config1:52-60 mask:52-60
258 [23315204794048] INFO perfrun.perfcollector <> - hwInfo: PERF_CBOX_PMU_DETAILS
258 [23315204794048] INFO perfrun.perfcollector <> - pmu added: family: uncore_cbox, id: 3
258 [23315204794048] INFO perfrun.perfcollector <> - dir found: /sys/bus/event_source/devices/intel_pt
258 [23315204794048] INFO perfrun.perfcollector <> - format: ptw config:12 mask:12
258 [23315204794048] INFO perfrun.perfcollector <> - format: event config:31 mask:31
258 [23315204794048] INFO perfrun.perfcollector <> - format: cyc_thresh config:19-22 mask:19-22
259 [23315204794048] INFO perfrun.perfcollector <> - format: pt config:0 mask:0
259 [23315204794048] INFO perfrun.perfcollector <> - format: notnt config:55 mask:55
259 [23315204794048] INFO perfrun.perfcollector <> - format: branch config:13 mask:13
259 [23315204794048] INFO perfrun.perfcollector <> - format: tsc config:10 mask:10
259 [23315204794048] INFO perfrun.perfcollector <> - format: pwr_evt config:4 mask:4
259 [23315204794048] INFO perfrun.perfcollector <> - format: fup_on_ptw config:5 mask:5
259 [23315204794048] INFO perfrun.perfcollector <> - format: cyc config:1 mask:1
259 [23315204794048] INFO perfrun.perfcollector <> - format: noretcomp config:11 mask:11
259 [23315204794048] INFO perfrun.perfcollector <> - format: mtc config:9 mask:9
259 [23315204794048] INFO perfrun.perfcollector <> - format: psb_period config:24-27 mask:24-27
259 [23315204794048] INFO perfrun.perfcollector <> - format: mtc_period config:14-17 mask:14-17
259 [23315204794048] INFO perfrun.perfcollector <> - hwInfo: not set, pmuFam: intel_pt
259 [23315204794048] INFO perfrun.perfcollector <> - pmu added: family: intel_pt, id: 0
259 [23315204794048] INFO perfrun.perfcollector <> - dir found: /sys/bus/event_source/devices/uncore_ha_1
259 [23315204794048] INFO perfrun.perfcollector <> - format: event config:0-7 mask:0-7
259 [23315204794048] INFO perfrun.perfcollector <> - format: edge config:18 mask:18
259 [23315204794048] INFO perfrun.perfcollector <> - format: inv config:23 mask:23
259 [23315204794048] INFO perfrun.perfcollector <> - format: umask config:8-15 mask:8-15
259 [23315204794048] INFO perfrun.perfcollector <> - format: thresh config:24-31 mask:24-31
259 [23315204794048] INFO perfrun.perfcollector <> - hwInfo: not set, pmuFam: uncore_ha
259 [23315204794048] INFO perfrun.perfcollector <> - pmu added: family: uncore_ha, id: 1
259 [23315204794048] INFO perfrun.perfcollector <> - dir found: /sys/bus/event_source/devices/uncore_cbox_1
259 [23315204794048] INFO perfrun.perfcollector <> - format: event config:0-7 mask:0-7
259 [23315204794048] INFO perfrun.perfcollector <> - format: filter_link config1:6-8 mask:6-8
259 [23315204794048] INFO perfrun.perfcollector <> - format: filter_c6 config1:61 mask:61
259 [23315204794048] INFO perfrun.perfcollector <> - format: edge config:18 mask:18
260 [23315204794048] INFO perfrun.perfcollector <> - format: filter_isoc config1:63 mask:63
260 [23315204794048] INFO perfrun.perfcollector <> - format: filter_tid config1:0-5 mask:0-5
260 [23315204794048] INFO perfrun.perfcollector <> - format: filter_nid config1:32-47 mask:32-47
260 [23315204794048] INFO perfrun.perfcollector <> - format: filter_nc config1:62 mask:62
260 [23315204794048] INFO perfrun.perfcollector <> - format: umask config:8-15 mask:8-15
260 [23315204794048] INFO perfrun.perfcollector <> - format: tid_en config:19 mask:19
260 [23315204794048] INFO perfrun.perfcollector <> - format: thresh config:24-31 mask:24-31
260 [23315204794048] INFO perfrun.perfcollector <> - format: filter_state config1:17-23 mask:17-23
260 [23315204794048] INFO perfrun.perfcollector <> - format: filter_opc config1:52-60 mask:52-60
260 [23315204794048] INFO perfrun.perfcollector <> - hwInfo: PERF_CBOX_PMU_DETAILS
260 [23315204794048] INFO perfrun.perfcollector <> - pmu added: family: uncore_cbox, id: 1
260 [23315204794048] INFO perfrun.sdk <> - runCmd: /opt/intel/oneapi/vtune/2023.1.0/bin64/sep -dry-run -sam 1 -ec CPU_CLK_UNHALTED.THREAD,CPU_CLK_UNHALTED.REF_TSC:sample:sa=2400000,INST_RETIRED.ANY:sample:sa=2400000,CPU_CLK_UNHALTED.REF_XCLK,CPU_CLK_UNHALTED.ONE_THREAD_ACTIVE,FP_ARITH_INST_RETIRED.SCALAR_SINGLE,FP_ARITH_INST_RETIRED.128B_PACKED_SINGLE,FP_ARITH_INST_RETIRED.256B_PACKED_SINGLE,FP_ARITH_INST_RETIRED.SCALAR_DOUBLE,FP_ARITH_INST_RETIRED.128B_PACKED_DOUBLE,FP_ARITH_INST_RETIRED.256B_PACKED_DOUBLE,INST_RETIRED.X87,UOPS_RETIRED.RETIRE_SLOTS:sample:sa=2000003 -experimental
261 [23315204794048] INFO perfrun.sdk <> - runCmd started PID 2288048
300 [23315204794048] INFO perfrun.perfcollector <> - SepDryRun RC = true
303 [23315204794048] INFO perfrun.perfcollector <> - DRY_RUN: "PMU type: Core (core)"
303 [23315204794048] INFO perfrun.perfcollector <> - pmu type: cpu
303 [23315204794048] INFO perfrun.perfcollector <> - DRY_RUN: "Group 0:"
303 [23315204794048] INFO perfrun.perfcollector <> - id: 0
303 [23315204794048] INFO perfrun.perfcollector <> - DRY_RUN: "INST_RETIRED.ANY: event id 2"
303 [23315204794048] INFO perfrun.perfcollector <> - eventName: INST_RETIRED.ANY, eventId: 2
303 [23315204794048] INFO perfrun.perfcollector <> - DRY_RUN: "CPU_CLK_UNHALTED.THREAD: event id 0"
303 [23315204794048] INFO perfrun.perfcollector <> - eventName: CPU_CLK_UNHALTED.THREAD, eventId: 0
303 [23315204794048] INFO perfrun.perfcollector <> - DRY_RUN: "CPU_CLK_UNHALTED.REF_TSC: event id 1"
303 [23315204794048] INFO perfrun.perfcollector <> - eventName: CPU_CLK_UNHALTED.REF_TSC, eventId: 1
303 [23315204794048] INFO perfrun.perfcollector <> - DRY_RUN: "FP_ARITH_INST_RETIRED.SCALAR_SINGLE: event id 5"
303 [23315204794048] INFO perfrun.perfcollector <> - eventName: FP_ARITH_INST_RETIRED.SCALAR_SINGLE, eventId: 5
303 [23315204794048] INFO perfrun.perfcollector <> - DRY_RUN: "FP_ARITH_INST_RETIRED.128B_PACKED_SINGLE: event id 6"
303 [23315204794048] INFO perfrun.perfcollector <> - eventName: FP_ARITH_INST_RETIRED.128B_PACKED_SINGLE, eventId: 6
303 [23315204794048] INFO perfrun.perfcollector <> - DRY_RUN: "FP_ARITH_INST_RETIRED.256B_PACKED_SINGLE: event id 7"
303 [23315204794048] INFO perfrun.perfcollector <> - eventName: FP_ARITH_INST_RETIRED.256B_PACKED_SINGLE, eventId: 7
303 [23315204794048] INFO perfrun.perfcollector <> - DRY_RUN: "FP_ARITH_INST_RETIRED.SCALAR_DOUBLE: event id 8"
303 [23315204794048] INFO perfrun.perfcollector <> - eventName: FP_ARITH_INST_RETIRED.SCALAR_DOUBLE, eventId: 8
303 [23315204794048] INFO perfrun.perfcollector <> - DRY_RUN: "CPU_CLK_UNHALTED.REF_XCLK: event id 3"
303 [23315204794048] INFO perfrun.perfcollector <> - eventName: CPU_CLK_UNHALTED.REF_XCLK, eventId: 3
303 [23315204794048] INFO perfrun.perfcollector <> - DRY_RUN: "CPU_CLK_UNHALTED.ONE_THREAD_ACTIVE: event id 4"
303 [23315204794048] INFO perfrun.perfcollector <> - eventName: CPU_CLK_UNHALTED.ONE_THREAD_ACTIVE, eventId: 4
303 [23315204794048] INFO perfrun.perfcollector <> - DRY_RUN: "INST_RETIRED.X87: event id 11"
303 [23315204794048] INFO perfrun.perfcollector <> - eventName: INST_RETIRED.X87, eventId: 11
303 [23315204794048] INFO perfrun.perfcollector <> - DRY_RUN: "UOPS_RETIRED.RETIRE_SLOTS: event id 12"
303 [23315204794048] INFO perfrun.perfcollector <> - eventName: UOPS_RETIRED.RETIRE_SLOTS, eventId: 12
303 [23315204794048] INFO perfrun.perfcollector <> - DRY_RUN: "CCCR"
303 [23315204794048] INFO perfrun.perfcollector <> - DRY_RUN: "reg_type       = 1	event_id       = g	reg_id         = 38f	reg_value      = 7000000ff"
303 [23315204794048] INFO perfrun.perfcollector <> - eventId: g, skip parsing event_id
304 [23315204794048] INFO perfrun.perfcollector <> - Register was ignored: group_id: 0, reg_type: 1, event_id: 4294967295, reg_id: 38f, reg_value: 7000000ff, pmu_name: cpu
304 [23315204794048] INFO perfrun.perfcollector <> - DRY_RUN: "reg_type       = 1	event_id       = g	reg_id         = 390	reg_value      = 7000000ff"
304 [23315204794048] INFO perfrun.perfcollector <> - eventId: g, skip parsing event_id
304 [23315204794048] INFO perfrun.perfcollector <> - Register was ignored: group_id: 0, reg_type: 1, event_id: 4294967295, reg_id: 390, reg_value: 7000000ff, pmu_name: cpu
304 [23315204794048] INFO perfrun.perfcollector <> - DRY_RUN: "reg_type       = 1	event_id       = g	reg_id         = 3f1	reg_value      = 0"
304 [23315204794048] INFO perfrun.perfcollector <> - eventId: g, skip parsing event_id
304 [23315204794048] INFO perfrun.perfcollector <> - Register was ignored: group_id: 0, reg_type: 1, event_id: 4294967295, reg_id: 3f1, reg_value: 0, pmu_name: cpu
304 [23315204794048] INFO perfrun.perfcollector <> - DRY_RUN: "reg_type       = 1	event_id       = g	reg_id         = 1d9	reg_value      = 1800"
304 [23315204794048] INFO perfrun.perfcollector <> - eventId: g, skip parsing event_id
304 [23315204794048] INFO perfrun.perfcollector <> - Register was ignored: group_id: 0, reg_type: 1, event_id: 4294967295, reg_id: 1d9, reg_value: 1800, pmu_name: cpu
304 [23315204794048] INFO perfrun.perfcollector <> - DRY_RUN: "reg_type       = 1	event_id       = g	reg_id         = 38d	reg_value      = bbb"
304 [23315204794048] INFO perfrun.perfcollector <> - eventId: g, skip parsing event_id
304 [23315204794048] INFO perfrun.perfcollector <> - Register was ignored: group_id: 0, reg_type: 1, event_id: 4294967295, reg_id: 38d, reg_value: bbb, pmu_name: cpu
304 [23315204794048] INFO perfrun.perfcollector <> - DRY_RUN: "reg_type       = 1	event_id       = 5	reg_id         = 186	reg_value      = 5302c7"
304 [23315204794048] INFO perfrun.perfcollector <> - Event selector: group_id: 0, reg_type: 1, event_id: 5, reg_id: 186, reg_value: 5302c7, pmu_name: cpu
304 [23315204794048] INFO perfrun.perfcollector <> - DRY_RUN: "reg_type       = 1	event_id       = 6	reg_id         = 187	reg_value      = 5308c7"
304 [23315204794048] INFO perfrun.perfcollector <> - Event selector: group_id: 0, reg_type: 1, event_id: 6, reg_id: 187, reg_value: 5308c7, pmu_name: cpu
304 [23315204794048] INFO perfrun.perfcollector <> - DRY_RUN: "reg_type       = 1	event_id       = 7	reg_id         = 188	reg_value      = 5320c7"
304 [23315204794048] INFO perfrun.perfcollector <> - Event selector: group_id: 0, reg_type: 1, event_id: 7, reg_id: 188, reg_value: 5320c7, pmu_name: cpu
304 [23315204794048] INFO perfrun.perfcollector <> - DRY_RUN: "reg_type       = 1	event_id       = 8	reg_id         = 189	reg_value      = 5301c7"
304 [23315204794048] INFO perfrun.perfcollector <> - Event selector: group_id: 0, reg_type: 1, event_id: 8, reg_id: 189, reg_value: 5301c7, pmu_name: cpu
304 [23315204794048] INFO perfrun.perfcollector <> - DRY_RUN: "reg_type       = 1	event_id       = 3	reg_id         = 18a	reg_value      = 53013c"
304 [23315204794048] INFO perfrun.perfcollector <> - Event selector: group_id: 0, reg_type: 1, event_id: 3, reg_id: 18a, reg_value: 53013c, pmu_name: cpu
304 [23315204794048] INFO perfrun.perfcollector <> - DRY_RUN: "reg_type       = 1	event_id       = 4	reg_id         = 18b	reg_value      = 53023c"
304 [23315204794048] INFO perfrun.perfcollector <> - Event selector: group_id: 0, reg_type: 1, event_id: 4, reg_id: 18b, reg_value: 53023c, pmu_name: cpu
304 [23315204794048] INFO perfrun.perfcollector <> - DRY_RUN: "reg_type       = 1	event_id       = 11	reg_id         = 18c	reg_value      = 5302c0"
304 [23315204794048] INFO perfrun.perfcollector <> - Event selector: group_id: 0, reg_type: 1, event_id: 11, reg_id: 18c, reg_value: 5302c0, pmu_name: cpu
304 [23315204794048] INFO perfrun.perfcollector <> - DRY_RUN: "reg_type       = 1	event_id       = 12	reg_id         = 18d	reg_value      = 5302c2"
304 [23315204794048] INFO perfrun.perfcollector <> - Event selector: group_id: 0, reg_type: 1, event_id: 12, reg_id: 18d, reg_value: 5302c2, pmu_name: cpu
304 [23315204794048] INFO perfrun.perfcollector <> - DRY_RUN: "ESCR"
304 [23315204794048] INFO perfrun.perfcollector <> - DRY_RUN: "reg_type       = 2	event_id       = g	reg_id         = 1c8	reg_value      = 0"
304 [23315204794048] INFO perfrun.perfcollector <> - eventId: g, skip parsing event_id
304 [23315204794048] INFO perfrun.perfcollector <> - DRY_RUN: "DATA"
304 [23315204794048] INFO perfrun.perfcollector <> - DRY_RUN: "reg_type       = 4	event_id       = 2	reg_id         = 309	reg_value      = ffffffdb6100"
304 [23315204794048] INFO perfrun.perfcollector <> - eventId: 2, dataAddr: 309, dataVal: ffffffdb6100
304 [23315204794048] INFO perfrun.perfcollector <> - DRY_RUN: "reg_type       = 4	event_id       = 0	reg_id         = 30a	reg_value      = ffffffe17b7d"
304 [23315204794048] INFO perfrun.perfcollector <> - eventId: 0, dataAddr: 30a, dataVal: ffffffe17b7d
304 [23315204794048] INFO perfrun.perfcollector <> - DRY_RUN: "reg_type       = 4	event_id       = 1	reg_id         = 30b	reg_value      = ffffffdb6100"
304 [23315204794048] INFO perfrun.perfcollector <> - eventId: 1, dataAddr: 30b, dataVal: ffffffdb6100
304 [23315204794048] INFO perfrun.perfcollector <> - DRY_RUN: "reg_type       = 4	event_id       = 5	reg_id         = c1	reg_value      = ffffffe17b7d"
304 [23315204794048] INFO perfrun.perfcollector <> - eventId: 5, dataAddr: c1, dataVal: ffffffe17b7d
304 [23315204794048] INFO perfrun.perfcollector <> - DRY_RUN: "reg_type       = 4	event_id       = 6	reg_id         = c2	reg_value      = ffffffe17b7d"
304 [23315204794048] INFO perfrun.perfcollector <> - eventId: 6, dataAddr: c2, dataVal: ffffffe17b7d
304 [23315204794048] INFO perfrun.perfcollector <> - DRY_RUN: "reg_type       = 4	event_id       = 7	reg_id         = c3	reg_value      = ffffffe17b7d"
304 [23315204794048] INFO perfrun.perfcollector <> - eventId: 7, dataAddr: c3, dataVal: ffffffe17b7d
304 [23315204794048] INFO perfrun.perfcollector <> - DRY_RUN: "reg_type       = 4	event_id       = 8	reg_id         = c4	reg_value      = ffffffe17b7d"
304 [23315204794048] INFO perfrun.perfcollector <> - eventId: 8, dataAddr: c4, dataVal: ffffffe17b7d
304 [23315204794048] INFO perfrun.perfcollector <> - DRY_RUN: "reg_type       = 4	event_id       = 3	reg_id         = c5	reg_value      = fffffffe795d"
304 [23315204794048] INFO perfrun.perfcollector <> - eventId: 3, dataAddr: c5, dataVal: fffffffe795d
304 [23315204794048] INFO perfrun.perfcollector <> - DRY_RUN: "reg_type       = 4	event_id       = 4	reg_id         = c6	reg_value      = fffffffe795d"
304 [23315204794048] INFO perfrun.perfcollector <> - eventId: 4, dataAddr: c6, dataVal: fffffffe795d
304 [23315204794048] INFO perfrun.perfcollector <> - DRY_RUN: "reg_type       = 4	event_id       = 11	reg_id         = c7	reg_value      = ffffffe17b7d"
304 [23315204794048] INFO perfrun.perfcollector <> - eventId: 11, dataAddr: c7, dataVal: ffffffe17b7d
304 [23315204794048] INFO perfrun.perfcollector <> - DRY_RUN: "reg_type       = 4	event_id       = 12	reg_id         = c8	reg_value      = ffffffe17b7d"
304 [23315204794048] INFO perfrun.perfcollector <> - eventId: 12, dataAddr: c8, dataVal: ffffffe17b7d
304 [23315204794048] INFO perfrun.perfcollector <> - DRY_RUN: "Group 1:"
304 [23315204794048] INFO perfrun.perfcollector <> - id: 1
304 [23315204794048] INFO perfrun.perfcollector <> - DRY_RUN: "INST_RETIRED.ANY: event id 2"
304 [23315204794048] INFO perfrun.perfcollector <> - eventName: INST_RETIRED.ANY, eventId: 2
304 [23315204794048] INFO perfrun.perfcollector <> - DRY_RUN: "CPU_CLK_UNHALTED.THREAD: event id 0"
304 [23315204794048] INFO perfrun.perfcollector <> - eventName: CPU_CLK_UNHALTED.THREAD, eventId: 0
304 [23315204794048] INFO perfrun.perfcollector <> - DRY_RUN: "CPU_CLK_UNHALTED.REF_TSC: event id 1"
304 [23315204794048] INFO perfrun.perfcollector <> - eventName: CPU_CLK_UNHALTED.REF_TSC, eventId: 1
304 [23315204794048] INFO perfrun.perfcollector <> - DRY_RUN: "FP_ARITH_INST_RETIRED.128B_PACKED_DOUBLE: event id 9"
304 [23315204794048] INFO perfrun.perfcollector <> - eventName: FP_ARITH_INST_RETIRED.128B_PACKED_DOUBLE, eventId: 9
304 [23315204794048] INFO perfrun.perfcollector <> - DRY_RUN: "FP_ARITH_INST_RETIRED.256B_PACKED_DOUBLE: event id 10"
304 [23315204794048] INFO perfrun.perfcollector <> - eventName: FP_ARITH_INST_RETIRED.256B_PACKED_DOUBLE, eventId: 10
304 [23315204794048] INFO perfrun.perfcollector <> - DRY_RUN: "CCCR"
304 [23315204794048] INFO perfrun.perfcollector <> - DRY_RUN: "reg_type       = 1	event_id       = g	reg_id         = 38f	reg_value      = 700000003"
304 [23315204794048] INFO perfrun.perfcollector <> - eventId: g, skip parsing event_id
304 [23315204794048] INFO perfrun.perfcollector <> - Register was ignored: group_id: 1, reg_type: 1, event_id: 4294967295, reg_id: 38f, reg_value: 700000003, pmu_name: cpu
304 [23315204794048] INFO perfrun.perfcollector <> - DRY_RUN: "reg_type       = 1	event_id       = g	reg_id         = 390	reg_value      = 700000003"
304 [23315204794048] INFO perfrun.perfcollector <> - eventId: g, skip parsing event_id
304 [23315204794048] INFO perfrun.perfcollector <> - Register was ignored: group_id: 1, reg_type: 1, event_id: 4294967295, reg_id: 390, reg_value: 700000003, pmu_name: cpu
304 [23315204794048] INFO perfrun.perfcollector <> - DRY_RUN: "reg_type       = 1	event_id       = g	reg_id         = 3f1	reg_value      = 0"
304 [23315204794048] INFO perfrun.perfcollector <> - eventId: g, skip parsing event_id
304 [23315204794048] INFO perfrun.perfcollector <> - Register was ignored: group_id: 1, reg_type: 1, event_id: 4294967295, reg_id: 3f1, reg_value: 0, pmu_name: cpu
304 [23315204794048] INFO perfrun.perfcollector <> - DRY_RUN: "reg_type       = 1	event_id       = g	reg_id         = 1d9	reg_value      = 1800"
304 [23315204794048] INFO perfrun.perfcollector <> - eventId: g, skip parsing event_id
304 [23315204794048] INFO perfrun.perfcollector <> - Register was ignored: group_id: 1, reg_type: 1, event_id: 4294967295, reg_id: 1d9, reg_value: 1800, pmu_name: cpu
304 [23315204794048] INFO perfrun.perfcollector <> - DRY_RUN: "reg_type       = 1	event_id       = g	reg_id         = 38d	reg_value      = bbb"
304 [23315204794048] INFO perfrun.perfcollector <> - eventId: g, skip parsing event_id
304 [23315204794048] INFO perfrun.perfcollector <> - Register was ignored: group_id: 1, reg_type: 1, event_id: 4294967295, reg_id: 38d, reg_value: bbb, pmu_name: cpu
304 [23315204794048] INFO perfrun.perfcollector <> - DRY_RUN: "reg_type       = 1	event_id       = 9	reg_id         = 186	reg_value      = 5304c7"
304 [23315204794048] INFO perfrun.perfcollector <> - Event selector: group_id: 1, reg_type: 1, event_id: 9, reg_id: 186, reg_value: 5304c7, pmu_name: cpu
304 [23315204794048] INFO perfrun.perfcollector <> - DRY_RUN: "reg_type       = 1	event_id       = 10	reg_id         = 187	reg_value      = 5310c7"
304 [23315204794048] INFO perfrun.perfcollector <> - Event selector: group_id: 1, reg_type: 1, event_id: 10, reg_id: 187, reg_value: 5310c7, pmu_name: cpu
304 [23315204794048] INFO perfrun.perfcollector <> - DRY_RUN: "ESCR"
304 [23315204794048] INFO perfrun.perfcollector <> - DRY_RUN: "reg_type       = 2	event_id       = g	reg_id         = 1c8	reg_value      = 0"
304 [23315204794048] INFO perfrun.perfcollector <> - eventId: g, skip parsing event_id
304 [23315204794048] INFO perfrun.perfcollector <> - DRY_RUN: "DATA"
304 [23315204794048] INFO perfrun.perfcollector <> - DRY_RUN: "reg_type       = 4	event_id       = 2	reg_id         = 309	reg_value      = ffffffdb6100"
304 [23315204794048] INFO perfrun.perfcollector <> - eventId: 2, dataAddr: 309, dataVal: ffffffdb6100
304 [23315204794048] INFO perfrun.perfcollector <> - DRY_RUN: "reg_type       = 4	event_id       = 0	reg_id         = 30a	reg_value      = ffffffe17b7d"
304 [23315204794048] INFO perfrun.perfcollector <> - eventId: 0, dataAddr: 30a, dataVal: ffffffe17b7d
304 [23315204794048] INFO perfrun.perfcollector <> - DRY_RUN: "reg_type       = 4	event_id       = 1	reg_id         = 30b	reg_value      = ffffffdb6100"
304 [23315204794048] INFO perfrun.perfcollector <> - eventId: 1, dataAddr: 30b, dataVal: ffffffdb6100
304 [23315204794048] INFO perfrun.perfcollector <> - DRY_RUN: "reg_type       = 4	event_id       = 9	reg_id         = c1	reg_value      = ffffffe17b7d"
304 [23315204794048] INFO perfrun.perfcollector <> - eventId: 9, dataAddr: c1, dataVal: ffffffe17b7d
304 [23315204794048] INFO perfrun.perfcollector <> - DRY_RUN: "reg_type       = 4	event_id       = 10	reg_id         = c2	reg_value      = ffffffe17b7d"
304 [23315204794048] INFO perfrun.perfcollector <> - eventId: 10, dataAddr: c2, dataVal: ffffffe17b7d
304 [23315204794048] INFO perfrun.perfcollector <> - event name: CPU_CLK_UNHALTED.THREAD
304 [23315204794048] INFO perfrun.perfcollector <> - pmu config: cpu
304 [23315204794048] INFO perfrun.perfcollector <> - cccrAddr: ffffffff, cccrValue: 0
304 [23315204794048] INFO perfrun.perfcollector <> - dataAddr: 30a, dataValue: ffffffffffe17b7d
304 [23315204794048] INFO perfrun.perfcollector <> - escrAddr: ffffffff, escrValue: 0
304 [23315204794048] INFO perfrun.perfcollector <> - extendedPebsValue: 0
304 [23315204794048] INFO perfrun.perfcollector <> - adaptivePebsAvailable: 0
304 [23315204794048] INFO perfrun.perfcollector <> - config: event: 3c
304 [23315204794048] INFO perfrun.perfcollector <> - config: pc: 0
304 [23315204794048] INFO perfrun.perfcollector <> - config: in_tx: 0
304 [23315204794048] INFO perfrun.perfcollector <> - config: edge: 0
304 [23315204794048] INFO perfrun.perfcollector <> - config: any: 0
304 [23315204794048] INFO perfrun.perfcollector <> - config1: offcore_rsp: 0
304 [23315204794048] INFO perfrun.perfcollector <> - config: in_tx_cp: 0
304 [23315204794048] INFO perfrun.perfcollector <> - config1: ldlat: 0
304 [23315204794048] INFO perfrun.perfcollector <> - config: inv: 0
304 [23315204794048] INFO perfrun.perfcollector <> - config: umask: 0
304 [23315204794048] INFO perfrun.perfcollector <> - config: cmask: 0
304 [23315204794048] INFO perfrun.perfcollector <> - format: cpu/event=0x3c,name='CPU_CLK_UNHALTED.THREAD'/D
304 [23315204794048] INFO perfrun.perfcollector <> - event name: CPU_CLK_UNHALTED.REF_TSC
304 [23315204794048] INFO perfrun.perfcollector <> - pmu config: cpu
304 [23315204794048] INFO perfrun.perfcollector <> - cccrAddr: ffffffff, cccrValue: 0
304 [23315204794048] INFO perfrun.perfcollector <> - dataAddr: 30b, dataValue: ffffffffffdb6100
304 [23315204794048] INFO perfrun.perfcollector <> - escrAddr: ffffffff, escrValue: 0
304 [23315204794048] INFO perfrun.perfcollector <> - extendedPebsValue: 0
304 [23315204794048] INFO perfrun.perfcollector <> - adaptivePebsAvailable: 0
304 [23315204794048] INFO perfrun.perfcollector <> - config: event: 0
304 [23315204794048] INFO perfrun.perfcollector <> - config: pc: 0
304 [23315204794048] INFO perfrun.perfcollector <> - config: in_tx: 0
304 [23315204794048] INFO perfrun.perfcollector <> - config: edge: 0
304 [23315204794048] INFO perfrun.perfcollector <> - config: any: 0
304 [23315204794048] INFO perfrun.perfcollector <> - config1: offcore_rsp: 0
304 [23315204794048] INFO perfrun.perfcollector <> - config: in_tx_cp: 0
304 [23315204794048] INFO perfrun.perfcollector <> - config1: ldlat: 0
304 [23315204794048] INFO perfrun.perfcollector <> - config: inv: 0
304 [23315204794048] INFO perfrun.perfcollector <> - config: umask: 3
304 [23315204794048] INFO perfrun.perfcollector <> - config: cmask: 0
304 [23315204794048] INFO perfrun.perfcollector <> - format: cpu/umask=0x3,name='CPU_CLK_UNHALTED.REF_TSC'/D
304 [23315204794048] INFO perfrun.perfcollector <> - event name: INST_RETIRED.ANY
304 [23315204794048] INFO perfrun.perfcollector <> - pmu config: cpu
304 [23315204794048] INFO perfrun.perfcollector <> - cccrAddr: ffffffff, cccrValue: 0
304 [23315204794048] INFO perfrun.perfcollector <> - dataAddr: 309, dataValue: ffffffffffdb6100
304 [23315204794048] INFO perfrun.perfcollector <> - escrAddr: ffffffff, escrValue: 0
304 [23315204794048] INFO perfrun.perfcollector <> - extendedPebsValue: 0
304 [23315204794048] INFO perfrun.perfcollector <> - adaptivePebsAvailable: 0
304 [23315204794048] INFO perfrun.perfcollector <> - config: event: c0
304 [23315204794048] INFO perfrun.perfcollector <> - config: pc: 0
304 [23315204794048] INFO perfrun.perfcollector <> - config: in_tx: 0
304 [23315204794048] INFO perfrun.perfcollector <> - config: edge: 0
304 [23315204794048] INFO perfrun.perfcollector <> - config: any: 0
304 [23315204794048] INFO perfrun.perfcollector <> - config1: offcore_rsp: 0
304 [23315204794048] INFO perfrun.perfcollector <> - config: in_tx_cp: 0
304 [23315204794048] INFO perfrun.perfcollector <> - config1: ldlat: 0
304 [23315204794048] INFO perfrun.perfcollector <> - config: inv: 0
304 [23315204794048] INFO perfrun.perfcollector <> - config: umask: 0
304 [23315204794048] INFO perfrun.perfcollector <> - config: cmask: 0
304 [23315204794048] INFO perfrun.perfcollector <> - format: cpu/event=0xc0,name='INST_RETIRED.ANY'/D
304 [23315204794048] INFO perfrun.perfcollector <> - event name: CPU_CLK_UNHALTED.REF_XCLK
304 [23315204794048] INFO perfrun.perfcollector <> - pmu config: cpu
304 [23315204794048] INFO perfrun.perfcollector <> - cccrAddr: 18a, cccrValue: 53013c
304 [23315204794048] INFO perfrun.perfcollector <> - dataAddr: c5, dataValue: fffffffffffe795d
304 [23315204794048] INFO perfrun.perfcollector <> - escrAddr: ffffffff, escrValue: 0
304 [23315204794048] INFO perfrun.perfcollector <> - extendedPebsValue: 0
304 [23315204794048] INFO perfrun.perfcollector <> - adaptivePebsAvailable: 0
304 [23315204794048] INFO perfrun.perfcollector <> - config: event: 3c
304 [23315204794048] INFO perfrun.perfcollector <> - config: pc: 0
304 [23315204794048] INFO perfrun.perfcollector <> - config: in_tx: 0
304 [23315204794048] INFO perfrun.perfcollector <> - config: edge: 0
304 [23315204794048] INFO perfrun.perfcollector <> - config: any: 0
304 [23315204794048] INFO perfrun.perfcollector <> - config1: offcore_rsp: 0
304 [23315204794048] INFO perfrun.perfcollector <> - config: in_tx_cp: 0
304 [23315204794048] INFO perfrun.perfcollector <> - config1: ldlat: 0
304 [23315204794048] INFO perfrun.perfcollector <> - config: inv: 0
304 [23315204794048] INFO perfrun.perfcollector <> - config: umask: 1
304 [23315204794048] INFO perfrun.perfcollector <> - config: cmask: 0
304 [23315204794048] INFO perfrun.perfcollector <> - format: cpu/event=0x3c,umask=0x1,name='CPU_CLK_UNHALTED.REF_XCLK'/
304 [23315204794048] INFO perfrun.perfcollector <> - event name: CPU_CLK_UNHALTED.ONE_THREAD_ACTIVE
304 [23315204794048] INFO perfrun.perfcollector <> - pmu config: cpu
304 [23315204794048] INFO perfrun.perfcollector <> - cccrAddr: 18b, cccrValue: 53023c
304 [23315204794048] INFO perfrun.perfcollector <> - dataAddr: c6, dataValue: fffffffffffe795d
304 [23315204794048] INFO perfrun.perfcollector <> - escrAddr: ffffffff, escrValue: 0
304 [23315204794048] INFO perfrun.perfcollector <> - extendedPebsValue: 0
304 [23315204794048] INFO perfrun.perfcollector <> - adaptivePebsAvailable: 0
304 [23315204794048] INFO perfrun.perfcollector <> - config: event: 3c
304 [23315204794048] INFO perfrun.perfcollector <> - config: pc: 0
304 [23315204794048] INFO perfrun.perfcollector <> - config: in_tx: 0
304 [23315204794048] INFO perfrun.perfcollector <> - config: edge: 0
304 [23315204794048] INFO perfrun.perfcollector <> - config: any: 0
304 [23315204794048] INFO perfrun.perfcollector <> - config1: offcore_rsp: 0
304 [23315204794048] INFO perfrun.perfcollector <> - config: in_tx_cp: 0
304 [23315204794048] INFO perfrun.perfcollector <> - config1: ldlat: 0
304 [23315204794048] INFO perfrun.perfcollector <> - config: inv: 0
304 [23315204794048] INFO perfrun.perfcollector <> - config: umask: 2
304 [23315204794048] INFO perfrun.perfcollector <> - config: cmask: 0
304 [23315204794048] INFO perfrun.perfcollector <> - format: cpu/event=0x3c,umask=0x2,name='CPU_CLK_UNHALTED.ONE_THREAD_ACTIVE'/
304 [23315204794048] INFO perfrun.perfcollector <> - event name: FP_ARITH_INST_RETIRED.SCALAR_SINGLE
304 [23315204794048] INFO perfrun.perfcollector <> - pmu config: cpu
304 [23315204794048] INFO perfrun.perfcollector <> - cccrAddr: 186, cccrValue: 5302c7
304 [23315204794048] INFO perfrun.perfcollector <> - dataAddr: c1, dataValue: ffffffffffe17b7d
304 [23315204794048] INFO perfrun.perfcollector <> - escrAddr: ffffffff, escrValue: 0
304 [23315204794048] INFO perfrun.perfcollector <> - extendedPebsValue: 0
304 [23315204794048] INFO perfrun.perfcollector <> - adaptivePebsAvailable: 0
304 [23315204794048] INFO perfrun.perfcollector <> - config: event: c7
304 [23315204794048] INFO perfrun.perfcollector <> - config: pc: 0
304 [23315204794048] INFO perfrun.perfcollector <> - config: in_tx: 0
304 [23315204794048] INFO perfrun.perfcollector <> - config: edge: 0
304 [23315204794048] INFO perfrun.perfcollector <> - config: any: 0
304 [23315204794048] INFO perfrun.perfcollector <> - config1: offcore_rsp: 0
304 [23315204794048] INFO perfrun.perfcollector <> - config: in_tx_cp: 0
304 [23315204794048] INFO perfrun.perfcollector <> - config1: ldlat: 0
304 [23315204794048] INFO perfrun.perfcollector <> - config: inv: 0
304 [23315204794048] INFO perfrun.perfcollector <> - config: umask: 2
304 [23315204794048] INFO perfrun.perfcollector <> - config: cmask: 0
304 [23315204794048] INFO perfrun.perfcollector <> - format: cpu/event=0xc7,umask=0x2,name='FP_ARITH_INST_RETIRED.SCALAR_SINGLE'/
304 [23315204794048] INFO perfrun.perfcollector <> - event name: FP_ARITH_INST_RETIRED.128B_PACKED_SINGLE
304 [23315204794048] INFO perfrun.perfcollector <> - pmu config: cpu
304 [23315204794048] INFO perfrun.perfcollector <> - cccrAddr: 187, cccrValue: 5308c7
304 [23315204794048] INFO perfrun.perfcollector <> - dataAddr: c2, dataValue: ffffffffffe17b7d
304 [23315204794048] INFO perfrun.perfcollector <> - escrAddr: ffffffff, escrValue: 0
304 [23315204794048] INFO perfrun.perfcollector <> - extendedPebsValue: 0
304 [23315204794048] INFO perfrun.perfcollector <> - adaptivePebsAvailable: 0
304 [23315204794048] INFO perfrun.perfcollector <> - config: event: c7
304 [23315204794048] INFO perfrun.perfcollector <> - config: pc: 0
304 [23315204794048] INFO perfrun.perfcollector <> - config: in_tx: 0
304 [23315204794048] INFO perfrun.perfcollector <> - config: edge: 0
304 [23315204794048] INFO perfrun.perfcollector <> - config: any: 0
304 [23315204794048] INFO perfrun.perfcollector <> - config1: offcore_rsp: 0
304 [23315204794048] INFO perfrun.perfcollector <> - config: in_tx_cp: 0
304 [23315204794048] INFO perfrun.perfcollector <> - config1: ldlat: 0
304 [23315204794048] INFO perfrun.perfcollector <> - config: inv: 0
304 [23315204794048] INFO perfrun.perfcollector <> - config: umask: 8
304 [23315204794048] INFO perfrun.perfcollector <> - config: cmask: 0
304 [23315204794048] INFO perfrun.perfcollector <> - format: cpu/event=0xc7,umask=0x8,name='FP_ARITH_INST_RETIRED.128B_PACKED_SINGLE'/
305 [23315204794048] INFO perfrun.perfcollector <> - event name: FP_ARITH_INST_RETIRED.256B_PACKED_SINGLE
305 [23315204794048] INFO perfrun.perfcollector <> - pmu config: cpu
305 [23315204794048] INFO perfrun.perfcollector <> - cccrAddr: 188, cccrValue: 5320c7
305 [23315204794048] INFO perfrun.perfcollector <> - dataAddr: c3, dataValue: ffffffffffe17b7d
305 [23315204794048] INFO perfrun.perfcollector <> - escrAddr: ffffffff, escrValue: 0
305 [23315204794048] INFO perfrun.perfcollector <> - extendedPebsValue: 0
305 [23315204794048] INFO perfrun.perfcollector <> - adaptivePebsAvailable: 0
305 [23315204794048] INFO perfrun.perfcollector <> - config: event: c7
305 [23315204794048] INFO perfrun.perfcollector <> - config: pc: 0
305 [23315204794048] INFO perfrun.perfcollector <> - config: in_tx: 0
305 [23315204794048] INFO perfrun.perfcollector <> - config: edge: 0
305 [23315204794048] INFO perfrun.perfcollector <> - config: any: 0
305 [23315204794048] INFO perfrun.perfcollector <> - config1: offcore_rsp: 0
305 [23315204794048] INFO perfrun.perfcollector <> - config: in_tx_cp: 0
305 [23315204794048] INFO perfrun.perfcollector <> - config1: ldlat: 0
305 [23315204794048] INFO perfrun.perfcollector <> - config: inv: 0
305 [23315204794048] INFO perfrun.perfcollector <> - config: umask: 20
305 [23315204794048] INFO perfrun.perfcollector <> - config: cmask: 0
305 [23315204794048] INFO perfrun.perfcollector <> - format: cpu/event=0xc7,umask=0x20,name='FP_ARITH_INST_RETIRED.256B_PACKED_SINGLE'/
305 [23315204794048] INFO perfrun.perfcollector <> - event name: FP_ARITH_INST_RETIRED.SCALAR_DOUBLE
305 [23315204794048] INFO perfrun.perfcollector <> - pmu config: cpu
305 [23315204794048] INFO perfrun.perfcollector <> - cccrAddr: 189, cccrValue: 5301c7
305 [23315204794048] INFO perfrun.perfcollector <> - dataAddr: c4, dataValue: ffffffffffe17b7d
305 [23315204794048] INFO perfrun.perfcollector <> - escrAddr: ffffffff, escrValue: 0
305 [23315204794048] INFO perfrun.perfcollector <> - extendedPebsValue: 0
305 [23315204794048] INFO perfrun.perfcollector <> - adaptivePebsAvailable: 0
305 [23315204794048] INFO perfrun.perfcollector <> - config: event: c7
305 [23315204794048] INFO perfrun.perfcollector <> - config: pc: 0
305 [23315204794048] INFO perfrun.perfcollector <> - config: in_tx: 0
305 [23315204794048] INFO perfrun.perfcollector <> - config: edge: 0
305 [23315204794048] INFO perfrun.perfcollector <> - config: any: 0
305 [23315204794048] INFO perfrun.perfcollector <> - config1: offcore_rsp: 0
305 [23315204794048] INFO perfrun.perfcollector <> - config: in_tx_cp: 0
305 [23315204794048] INFO perfrun.perfcollector <> - config1: ldlat: 0
305 [23315204794048] INFO perfrun.perfcollector <> - config: inv: 0
305 [23315204794048] INFO perfrun.perfcollector <> - config: umask: 1
305 [23315204794048] INFO perfrun.perfcollector <> - config: cmask: 0
305 [23315204794048] INFO perfrun.perfcollector <> - format: cpu/event=0xc7,umask=0x1,name='FP_ARITH_INST_RETIRED.SCALAR_DOUBLE'/
305 [23315204794048] INFO perfrun.perfcollector <> - event name: FP_ARITH_INST_RETIRED.128B_PACKED_DOUBLE
305 [23315204794048] INFO perfrun.perfcollector <> - pmu config: cpu
305 [23315204794048] INFO perfrun.perfcollector <> - cccrAddr: 186, cccrValue: 5304c7
305 [23315204794048] INFO perfrun.perfcollector <> - dataAddr: c1, dataValue: ffffffffffe17b7d
305 [23315204794048] INFO perfrun.perfcollector <> - escrAddr: ffffffff, escrValue: 0
305 [23315204794048] INFO perfrun.perfcollector <> - extendedPebsValue: 0
305 [23315204794048] INFO perfrun.perfcollector <> - adaptivePebsAvailable: 0
305 [23315204794048] INFO perfrun.perfcollector <> - config: event: c7
305 [23315204794048] INFO perfrun.perfcollector <> - config: pc: 0
305 [23315204794048] INFO perfrun.perfcollector <> - config: in_tx: 0
305 [23315204794048] INFO perfrun.perfcollector <> - config: edge: 0
305 [23315204794048] INFO perfrun.perfcollector <> - config: any: 0
305 [23315204794048] INFO perfrun.perfcollector <> - config1: offcore_rsp: 0
305 [23315204794048] INFO perfrun.perfcollector <> - config: in_tx_cp: 0
305 [23315204794048] INFO perfrun.perfcollector <> - config1: ldlat: 0
305 [23315204794048] INFO perfrun.perfcollector <> - config: inv: 0
305 [23315204794048] INFO perfrun.perfcollector <> - config: umask: 4
305 [23315204794048] INFO perfrun.perfcollector <> - config: cmask: 0
305 [23315204794048] INFO perfrun.perfcollector <> - format: cpu/event=0xc7,umask=0x4,name='FP_ARITH_INST_RETIRED.128B_PACKED_DOUBLE'/
305 [23315204794048] INFO perfrun.perfcollector <> - event name: FP_ARITH_INST_RETIRED.256B_PACKED_DOUBLE
305 [23315204794048] INFO perfrun.perfcollector <> - pmu config: cpu
305 [23315204794048] INFO perfrun.perfcollector <> - cccrAddr: 187, cccrValue: 5310c7
305 [23315204794048] INFO perfrun.perfcollector <> - dataAddr: c2, dataValue: ffffffffffe17b7d
305 [23315204794048] INFO perfrun.perfcollector <> - escrAddr: ffffffff, escrValue: 0
305 [23315204794048] INFO perfrun.perfcollector <> - extendedPebsValue: 0
305 [23315204794048] INFO perfrun.perfcollector <> - adaptivePebsAvailable: 0
305 [23315204794048] INFO perfrun.perfcollector <> - config: event: c7
305 [23315204794048] INFO perfrun.perfcollector <> - config: pc: 0
305 [23315204794048] INFO perfrun.perfcollector <> - config: in_tx: 0
305 [23315204794048] INFO perfrun.perfcollector <> - config: edge: 0
305 [23315204794048] INFO perfrun.perfcollector <> - config: any: 0
305 [23315204794048] INFO perfrun.perfcollector <> - config1: offcore_rsp: 0
305 [23315204794048] INFO perfrun.perfcollector <> - config: in_tx_cp: 0
305 [23315204794048] INFO perfrun.perfcollector <> - config1: ldlat: 0
305 [23315204794048] INFO perfrun.perfcollector <> - config: inv: 0
305 [23315204794048] INFO perfrun.perfcollector <> - config: umask: 10
305 [23315204794048] INFO perfrun.perfcollector <> - config: cmask: 0
305 [23315204794048] INFO perfrun.perfcollector <> - format: cpu/event=0xc7,umask=0x10,name='FP_ARITH_INST_RETIRED.256B_PACKED_DOUBLE'/
305 [23315204794048] INFO perfrun.perfcollector <> - event name: INST_RETIRED.X87
305 [23315204794048] INFO perfrun.perfcollector <> - pmu config: cpu
305 [23315204794048] INFO perfrun.perfcollector <> - cccrAddr: 18c, cccrValue: 5302c0
305 [23315204794048] INFO perfrun.perfcollector <> - dataAddr: c7, dataValue: ffffffffffe17b7d
305 [23315204794048] INFO perfrun.perfcollector <> - escrAddr: ffffffff, escrValue: 0
305 [23315204794048] INFO perfrun.perfcollector <> - extendedPebsValue: 0
305 [23315204794048] INFO perfrun.perfcollector <> - adaptivePebsAvailable: 0
305 [23315204794048] INFO perfrun.perfcollector <> - config: event: c0
305 [23315204794048] INFO perfrun.perfcollector <> - config: pc: 0
305 [23315204794048] INFO perfrun.perfcollector <> - config: in_tx: 0
305 [23315204794048] INFO perfrun.perfcollector <> - config: edge: 0
305 [23315204794048] INFO perfrun.perfcollector <> - config: any: 0
305 [23315204794048] INFO perfrun.perfcollector <> - config1: offcore_rsp: 0
305 [23315204794048] INFO perfrun.perfcollector <> - config: in_tx_cp: 0
305 [23315204794048] INFO perfrun.perfcollector <> - config1: ldlat: 0
305 [23315204794048] INFO perfrun.perfcollector <> - config: inv: 0
305 [23315204794048] INFO perfrun.perfcollector <> - config: umask: 2
305 [23315204794048] INFO perfrun.perfcollector <> - config: cmask: 0
305 [23315204794048] INFO perfrun.perfcollector <> - format: cpu/event=0xc0,umask=0x2,name='INST_RETIRED.X87'/
305 [23315204794048] INFO perfrun.perfcollector <> - event name: UOPS_RETIRED.RETIRE_SLOTS
305 [23315204794048] INFO perfrun.perfcollector <> - pmu config: cpu
305 [23315204794048] INFO perfrun.perfcollector <> - cccrAddr: 18d, cccrValue: 5302c2
305 [23315204794048] INFO perfrun.perfcollector <> - dataAddr: c8, dataValue: ffffffffffe17b7d
305 [23315204794048] INFO perfrun.perfcollector <> - escrAddr: ffffffff, escrValue: 0
305 [23315204794048] INFO perfrun.perfcollector <> - extendedPebsValue: 0
305 [23315204794048] INFO perfrun.perfcollector <> - adaptivePebsAvailable: 0
305 [23315204794048] INFO perfrun.perfcollector <> - config: event: c2
305 [23315204794048] INFO perfrun.perfcollector <> - config: pc: 0
305 [23315204794048] INFO perfrun.perfcollector <> - config: in_tx: 0
305 [23315204794048] INFO perfrun.perfcollector <> - config: edge: 0
305 [23315204794048] INFO perfrun.perfcollector <> - config: any: 0
305 [23315204794048] INFO perfrun.perfcollector <> - config1: offcore_rsp: 0
305 [23315204794048] INFO perfrun.perfcollector <> - config: in_tx_cp: 0
305 [23315204794048] INFO perfrun.perfcollector <> - config1: ldlat: 0
305 [23315204794048] INFO perfrun.perfcollector <> - config: inv: 0
305 [23315204794048] INFO perfrun.perfcollector <> - config: umask: 2
305 [23315204794048] INFO perfrun.perfcollector <> - config: cmask: 0
305 [23315204794048] INFO perfrun.perfcollector <> - format: cpu/event=0xc2,umask=0x2,name='UOPS_RETIRED.RETIRE_SLOTS'/
305 [23315204794048] INFO perfrun.perfcollector <> - event: cpu/event=0x3c,name='CPU_CLK_UNHALTED.THREAD'/Duk, added for counting
305 [23315204794048] INFO perfrun.perfcollector <> - event: cpu/umask=0x3,name='CPU_CLK_UNHALTED.REF_TSC'/Duk, added for counting
305 [23315204794048] INFO perfrun.perfcollector <> - event: cpu/event=0xc0,name='INST_RETIRED.ANY'/Duk, added for counting
305 [23315204794048] INFO perfrun.perfcollector <> - event: cpu/event=0x3c,umask=0x1,name='CPU_CLK_UNHALTED.REF_XCLK'/uk, added for counting
305 [23315204794048] INFO perfrun.perfcollector <> - event: cpu/event=0x3c,umask=0x2,name='CPU_CLK_UNHALTED.ONE_THREAD_ACTIVE'/uk, added for counting
305 [23315204794048] INFO perfrun.perfcollector <> - event: cpu/event=0xc7,umask=0x2,name='FP_ARITH_INST_RETIRED.SCALAR_SINGLE'/uk, added for counting
305 [23315204794048] INFO perfrun.perfcollector <> - event: cpu/event=0xc7,umask=0x8,name='FP_ARITH_INST_RETIRED.128B_PACKED_SINGLE'/uk, added for counting
305 [23315204794048] INFO perfrun.perfcollector <> - event: cpu/event=0xc7,umask=0x20,name='FP_ARITH_INST_RETIRED.256B_PACKED_SINGLE'/uk, added for counting
305 [23315204794048] INFO perfrun.perfcollector <> - event: cpu/event=0xc7,umask=0x1,name='FP_ARITH_INST_RETIRED.SCALAR_DOUBLE'/uk, added for counting
305 [23315204794048] INFO perfrun.perfcollector <> - event: cpu/event=0xc7,umask=0x4,name='FP_ARITH_INST_RETIRED.128B_PACKED_DOUBLE'/uk, added for counting
305 [23315204794048] INFO perfrun.perfcollector <> - event: cpu/event=0xc7,umask=0x10,name='FP_ARITH_INST_RETIRED.256B_PACKED_DOUBLE'/uk, added for counting
305 [23315204794048] INFO perfrun.perfcollector <> - event: cpu/event=0xc0,umask=0x2,name='INST_RETIRED.X87'/uk, added for counting
305 [23315204794048] INFO perfrun.perfcollector <> - event: cpu/event=0xc2,umask=0x2,name='UOPS_RETIRED.RETIRE_SLOTS'/uk, added for counting
305 [23315204794048] INFO perfrun.perfcollector <> - attaching to pid: 4294967295, collect mode: 1, rc modes: 3
321 [23315193747136] WARN perfrun.perfcollector <> - Perf stat trace pipe capacity: read = 1048576, write = 1048576, at file: vcs/perfrun1/plugins/perfcollector/src/profiler.cpp:765
330 [23315193747136] INFO perfrun.sdk <> - runCmd: /opt/intel/oneapi/vtune/2023.1.0/bin64/amplxe-perf stat -v --log-fd 10 --scale -x ; -e cpu/event=0x3c,name='CPU_CLK_UNHALTED.THREAD'/Duk,cpu/umask=0x3,name='CPU_CLK_UNHALTED.REF_TSC'/Duk,cpu/event=0xc0,name='INST_RETIRED.ANY'/Duk,cpu/event=0x3c,umask=0x1,name='CPU_CLK_UNHALTED.REF_XCLK'/uk,cpu/event=0x3c,umask=0x2,name='CPU_CLK_UNHALTED.ONE_THREAD_ACTIVE'/uk,cpu/event=0xc7,umask=0x2,name='FP_ARITH_INST_RETIRED.SCALAR_SINGLE'/uk,cpu/event=0xc7,umask=0x8,name='FP_ARITH_INST_RETIRED.128B_PACKED_SINGLE'/uk,cpu/event=0xc7,umask=0x20,name='FP_ARITH_INST_RETIRED.256B_PACKED_SINGLE'/uk,cpu/event=0xc7,umask=0x1,name='FP_ARITH_INST_RETIRED.SCALAR_DOUBLE'/uk,cpu/event=0xc7,umask=0x4,name='FP_ARITH_INST_RETIRED.128B_PACKED_DOUBLE'/uk,cpu/event=0xc7,umask=0x10,name='FP_ARITH_INST_RETIRED.256B_PACKED_DOUBLE'/uk,cpu/event=0xc0,umask=0x2,name='INST_RETIRED.X87'/uk,cpu/event=0xc2,umask=0x2,name='UOPS_RETIRED.RETIRE_SLOTS'/uk /opt/intel/oneapi/vtune/2023.1.0/bin64/amplxe-perf-sync dryrun sys
330 [23315193747136] INFO perfrun.sdk <> - runCmd started PID 2288079
512 [23315193747136] INFO perfrun.perfcollector <> - Monitor: runCmd RC = true
513 [23315204794048] INFO perfrun.launcher <> - plugin [aoclprofile] was disabled because it doesn't support the given collection type.
513 [23315204794048] INFO perfrun.tpss <> - initialize tpss controller
513 [23315204794048] INFO perfrun.tpss <> - configure collection mode: value = cpu:counters:nostack
513 [23315204794048] INFO perfrun.tpss <> - configure collection mode: value = cpu:stack
513 [23315204794048] INFO perfrun.tpss <> - default obj-size-min=1024
513 [23315204794048] INFO perfrun.tpss <> - default hash-table-size=0
513 [23315204794048] INFO perfrun.launcher <> - plugin [media] was disabled because it doesn't support the given collection type.
513 [23315204794048] INFO perfrun.launcher <> - plugin [] was disabled because it doesn't support the given collection type.
513 [23315204794048] INFO perfrun.launcher <> - plugin [] was disabled because it doesn't support the given collection type.
514 [23315204794048] INFO perfrun.launcher <> - plugin [parallelfs] was disabled because it doesn't support the given collection type.
514 [23315204794048] INFO perfrun.launcher <> - plugin [power] was disabled because it doesn't support the given collection type.
514 [23315204794048] INFO perfrun.launcher <> - plugin [hwloc] was disabled because it doesn't support the given collection type.
514 [23315204794048] INFO perfrun.launcher <> - plugin [ipmwatch] was disabled because it doesn't support the given collection type.
514 [23315204794048] INFO perfrun.launcher <> - plugin [os_counters] was disabled because it doesn't support the given collection type.
514 [23315204794048] INFO perfrun.launcher <> - plugin [l0_metrics] was disabled because it doesn't support the given collection type.
514 [23315347928960] INFO perfrun.launcher <> - set environment variable: LD_LIBRARY_PATH = /opt/intel/oneapi/vtune/2023.1.0/lib32/runtime:/opt/intel/oneapi/vtune/2023.1.0/lib64/runtime:/opt/intel/oneapi/tbb/2021.5.1/env/../lib/intel64/gcc4.8:/opt/intel/oneapi/mpi/2021.5.1//libfabric/lib:/opt/intel/oneapi/mpi/2021.5.1//lib/release:/opt/intel/oneapi/mpi/2021.5.1//lib:/opt/intel/oneapi/mkl/2022.0.2/lib/intel64:/opt/intel/oneapi/itac/2021.5.0/slib:/opt/intel/oneapi/debugger/2021.5.0/gdb/intel64/lib:/opt/intel/oneapi/debugger/2021.5.0/libipt/intel64/lib:/opt/intel/oneapi/debugger/2021.5.0/dep/lib:/opt/intel/oneapi/compiler/2022.0.2/linux/lib:/opt/intel/oneapi/compiler/2022.0.2/linux/lib/x64:/opt/intel/oneapi/compiler/2022.0.2/linux/lib/oclfpga/host/linux64/lib:/opt/intel/oneapi/compiler/2022.0.2/linux/compiler/lib/intel64_lin
514 [23315347928960] INFO perfrun.launcher <> - set environment variable: INTEL_LIBITTNOTIFY32 = /opt/intel/oneapi/vtune/2023.1.0/lib32/runtime/libittnotify_collector.so
514 [23315347928960] INFO perfrun.launcher <> - set environment variable: INTEL_LIBITTNOTIFY64 = /opt/intel/oneapi/vtune/2023.1.0/lib64/runtime/libittnotify_collector.so
514 [23315347928960] INFO perfrun.launcher <> - set environment variable: INTEL_ITTNOTIFY_GROUPS = 
514 [23315347928960] INFO perfrun.launcher <> - set environment variable: INTEL_JIT_PROFILER32 = /opt/intel/oneapi/vtune/2023.1.0/lib32/runtime/libittnotify_collector.so
514 [23315347928960] INFO perfrun.launcher <> - set environment variable: INTEL_JIT_PROFILER64 = /opt/intel/oneapi/vtune/2023.1.0/lib64/runtime/libittnotify_collector.so
514 [23315347928960] INFO perfrun.launcher <> - set environment variable: OMP_TOOL_LIBRARIES = /opt/intel/oneapi/vtune/2023.1.0/lib32/runtime/libittnotify_collector.so:/opt/intel/oneapi/vtune/2023.1.0/lib64/runtime/libittnotify_collector.so
514 [23315347928960] INFO perfrun.launcher <> - set environment variable: ENABLE_JITPROFILING = 1
514 [23315347928960] INFO perfrun.launcher <> - set environment variable: CL_CONFIG_USE_VTUNE = True
514 [23315347928960] INFO perfrun.launcher <> - set environment variable: LD_PRELOAD = libittnotify_collector.so:
514 [23315347928960] INFO perfrun.launcher <> - set environment variable: KMP_FORKJOIN_FRAMES = 0
514 [23315347928960] INFO perfrun.launcher <> - set environment variable: KMP_FORKJOIN_FRAMES_MODE = 0
514 [23315347928960] INFO perfrun.launcher <> - set environment variable: OMP_TOOL = disabled
514 [23315347928960] INFO perfrun.launcher <> - set environment variable: INTEL_MRTE_DATA_DIR = /home/course/hpc/users/2022012388/exp8/result.conv2/data.39
514 [23315347928960] INFO perfrun.launcher <> - set environment variable: INTEL_MRTE_HOST_NAME = conv2
514 [23315347928960] INFO perfrun.launcher <> - set environment variable: JAVA_TOOL_OPTIONS = -agentlib:amplxe_tpssmrte_javaprof_1.0 -Dsun.boot.library.path=/opt/intel/oneapi/vtune/2023.1.0/lib32/runtime:/opt/intel/oneapi/vtune/2023.1.0/lib64/runtime
514 [23315347928960] INFO perfrun.launcher <> - set environment variable: LD_LIBRARY_PATH = /opt/intel/oneapi/vtune/2023.1.0/lib32/runtime:/opt/intel/oneapi/vtune/2023.1.0/lib64/runtime:/opt/intel/oneapi/tbb/2021.5.1/env/../lib/intel64/gcc4.8:/opt/intel/oneapi/mpi/2021.5.1//libfabric/lib:/opt/intel/oneapi/mpi/2021.5.1//lib/release:/opt/intel/oneapi/mpi/2021.5.1//lib:/opt/intel/oneapi/mkl/2022.0.2/lib/intel64:/opt/intel/oneapi/itac/2021.5.0/slib:/opt/intel/oneapi/debugger/2021.5.0/gdb/intel64/lib:/opt/intel/oneapi/debugger/2021.5.0/libipt/intel64/lib:/opt/intel/oneapi/debugger/2021.5.0/dep/lib:/opt/intel/oneapi/compiler/2022.0.2/linux/lib:/opt/intel/oneapi/compiler/2022.0.2/linux/lib/x64:/opt/intel/oneapi/compiler/2022.0.2/linux/lib/oclfpga/host/linux64/lib:/opt/intel/oneapi/compiler/2022.0.2/linux/compiler/lib/intel64_lin
514 [23315347928960] INFO perfrun.launcher <> - set environment variable: CORECLR_ENABLE_PROFILING = 1
514 [23315347928960] INFO perfrun.launcher <> - set environment variable: CORECLR_PROFILER = {AA5E4821-E3B1-479c-B7FF-5AD047D22CED}
514 [23315347928960] INFO perfrun.launcher <> - set environment variable: CORECLR_PROFILER_PATH = /opt/intel/oneapi/vtune/2023.1.0/lib64/libamplxe_samplingmrte_clrprof_1.0.so
514 [23315347928960] INFO perfrun.launcher <> - set environment variable: INTEL_MRTE_PROFILER_MODE = mixed
514 [23315347928960] INFO perfrun.launcher <> - RpcServer: run RPC server to handle requests
515 [23315347928960] INFO perfrun.launcher <> - Launcher: command line to start before modification = ./run.sh 2022012388
515 [23315347928960] INFO perfrun.launcher <> - Launcher: command line to start after modification = /opt/intel/oneapi/vtune/2023.1.0/bin64/pin -error_file /home/course/hpc/users/2022012388/exp8/result.conv2/data.39/pinerr.tpsslog -detach_reattach -follow_execv -tool_load_option deepbind -t64 /opt/intel/oneapi/vtune/2023.1.0/lib64/libtpsstool.so -t /opt/intel/oneapi/vtune/2023.1.0/lib32/libtpsstool.so -server_name tpss_ipc.2287932 -prd_dir /opt/intel/oneapi/vtune/2023.1.0 -- ./run.sh 2022012388
