13 [22808604768128] INFO perfrun.launcher <> - Launcher main begin
15 [22808604768128] INFO perfrun.launcher <> - MessageCatalogInit finished
15 [22808604768128] INFO perfrun.launcher <> - Launcher instance created
15 [22808604768128] INFO perfrun.launcher <> - argc = 7; cmdline = /opt/intel/oneapi/vtune/2023.1.0/bin64/amplxe-runss --ui-output-format xml --ui-output-fd 5 --option-file /home/course/hpc/users/2022012388/exp8/result.conv2/config/runss.options.38 
132 [22808604768128] INFO perfrun.launcher <> - create msngr2::ICliToolContext
132 [22808604768128] INFO perfrun.launcher <> - create file finder object
132 [22808604768128] INFO perfrun.launcher <> - create a result directory: pattern = /home/course/hpc/users/2022012388/exp8/result.conv2 pid = 4294967295
135 [22808604768128] INFO perfrun.sdk <> - checked that the directory /home/course/hpc/users/2022012388/exp8/result.conv2 is a local directory
135 [22808604768128] INFO perfrun.sdk <> - the directory /home/course/hpc/users/2022012388/exp8/result.conv2 is located on a share or its FS ID is unknown 26985
135 [22808604768128] INFO perfrun.sdk <> - checked that the directory /tmp/amplxe-tmp-2022012388 is a local directory
135 [22808604768128] INFO perfrun.sdk <> - the directory /tmp/amplxe-tmp-2022012388 is located on a share or its FS ID is unknown 2035054128
137 [22808604768128] INFO perfrun.launcher <> - create data directory = /home/course/hpc/users/2022012388/exp8/result.conv2/data.38
137 [22808604768128] INFO perfrun.launcher <> - Creating the master collection flag
137 [22808604768128] INFO perfrun.launcher <> - Done creating the master collection flag
140 [22808461567680] INFO perfrun.launcher <> - plugin [remoteplug] was disabled because it doesn't support the given collection type.
140 [22808461567680] INFO perfrun.sdk <> - Allocating TMU :/home/course/hpc/users/2022012388/exp8/result.conv2/data.38/systemcollector-2287924-conv2.sc
142 [22808461567680] INFO perfrun.launcher <> - plugin [vdso] was disabled because it doesn't support the given collection type.
142 [22808461567680] INFO perfrun.launcher <> - plugin [ptracecollector] was disabled because it doesn't support the given collection type.
142 [22808461567680] INFO perfrun.launcher <> - plugin [gpu] was disabled because it doesn't support the given collection type.
142 [22808461567680] INFO perfrun.launcher <> - plugin [] was disabled because it doesn't support the given collection type.
142 [22808461567680] INFO perfrun.launcher <> - plugin [] was disabled because it doesn't support the given collection type.
142 [22808461567680] INFO perfrun.launcher <> - plugin [] was disabled because it doesn't support the given collection type.
142 [22808461567680] INFO perfrun.mrte <> - system-wide mode is 0
142 [22808461567680] INFO perfrun.mrte <> - Getting  mrte profiling environment ...
156 [22808461567680] INFO perfrun.mrte <> - INTEL_MRTE_DATA_DIR=/home/course/hpc/users/2022012388/exp8/result.conv2/data.38
156 [22808461567680] INFO perfrun.mrte <> - INTEL_MRTE_HOST_NAME=conv2
156 [22808461567680] INFO perfrun.mrte <> - JAVA_TOOL_OPTIONS=-agentlib:amplxe_tpssmrte_javaprof_1.0 -Dsun.boot.library.path=/opt/intel/oneapi/vtune/2023.1.0/lib32/runtime:/opt/intel/oneapi/vtune/2023.1.0/lib64/runtime
156 [22808461567680] INFO perfrun.mrte <> - LD_LIBRARY_PATH=/opt/intel/oneapi/vtune/2023.1.0/lib32/runtime:/opt/intel/oneapi/vtune/2023.1.0/lib64/runtime:/opt/intel/oneapi/tbb/2021.5.1/env/../lib/intel64/gcc4.8:/opt/intel/oneapi/mpi/2021.5.1//libfabric/lib:/opt/intel/oneapi/mpi/2021.5.1//lib/release:/opt/intel/oneapi/mpi/2021.5.1//lib:/opt/intel/oneapi/mkl/2022.0.2/lib/intel64:/opt/intel/oneapi/itac/2021.5.0/slib:/opt/intel/oneapi/debugger/2021.5.0/gdb/intel64/lib:/opt/intel/oneapi/debugger/2021.5.0/libipt/intel64/lib:/opt/intel/oneapi/debugger/2021.5.0/dep/lib:/opt/intel/oneapi/compiler/2022.0.2/linux/lib:/opt/intel/oneapi/compiler/2022.0.2/linux/lib/x64:/opt/intel/oneapi/compiler/2022.0.2/linux/lib/oclfpga/host/linux64/lib:/opt/intel/oneapi/compiler/2022.0.2/linux/compiler/lib/intel64_lin
156 [22808461567680] INFO perfrun.mrte <> - CORECLR_ENABLE_PROFILING=1
156 [22808461567680] INFO perfrun.mrte <> - CORECLR_PROFILER={AA5E4821-E3B1-479c-B7FF-5AD047D22CED}
156 [22808461567680] INFO perfrun.mrte <> - CORECLR_PROFILER_PATH=/opt/intel/oneapi/vtune/2023.1.0/lib64/libamplxe_samplingmrte_clrprof_1.0.so
156 [22808461567680] INFO perfrun.mrte <> - INTEL_MRTE_PROFILER_MODE=mixed
156 [22808461567680] INFO perfrun.mrte <> - Data directory: /home/course/hpc/users/2022012388/exp8/result.conv2/data.38
156 [22808461567680] INFO perfrun.mrte <> - Mrte plugin is initialized
156 [22808461567680] INFO perfrun.launcher <> - plugin [emon] was disabled because it doesn't support the given collection type.
156 [22808461567680] INFO perfrun.launcher <> - plugin [cuscol] was disabled because it doesn't support the given collection type.
156 [22808461567680] INFO perfrun.launcher <> - plugin [stdsrc] was disabled because it doesn't support the given collection type.
156 [22808461567680] INFO perfrun.launcher <> - plugin [sep] was disabled because it doesn't support the given collection type.
156 [22808461567680] INFO perfrun.launcher <> - plugin [vtsspp] was disabled because it doesn't support the given collection type.
156 [22808461567680] INFO perfrun.sdk <> - Reading value (0) from file: /proc/sys/kernel/perf_event_paranoid
156 [22808461567680] INFO perfrun.perfcollector <> - checking access to: /opt/intel/oneapi/vtune/2023.1.0/bin64/amplxe-perf-priv
158 [22808461567680] INFO perfrun.perfcollector <> - cpu: family = 6 model = 79
159 [22808461567680] INFO perfrun.perfcollector <> - dir found: /sys/bus/event_source/devices/software
159 [22808461567680] INFO perfrun.perfcollector <> - format: pmu format subdir doesn't exist
159 [22808461567680] INFO perfrun.perfcollector <> - hwInfo: not set, pmuFam: software
159 [22808461567680] INFO perfrun.perfcollector <> - pmu added: family: software, id: 0
159 [22808461567680] INFO perfrun.perfcollector <> - dir found: /sys/bus/event_source/devices/uncore_imc_5
160 [22808461567680] INFO perfrun.perfcollector <> - format: event config:0-7 mask:0-7
160 [22808461567680] INFO perfrun.perfcollector <> - format: edge config:18 mask:18
160 [22808461567680] INFO perfrun.perfcollector <> - format: inv config:23 mask:23
160 [22808461567680] INFO perfrun.perfcollector <> - format: umask config:8-15 mask:8-15
160 [22808461567680] INFO perfrun.perfcollector <> - format: thresh config:24-31 mask:24-31
160 [22808461567680] INFO perfrun.perfcollector <> - hwInfo: PERF_IMC_PMU_DETAILS
161 [22808461567680] INFO perfrun.perfcollector <> - pmu added: family: uncore_imc, id: 5
161 [22808461567680] INFO perfrun.perfcollector <> - dir found: /sys/bus/event_source/devices/uncore_sbox_2
161 [22808461567680] INFO perfrun.perfcollector <> - format: event config:0-7 mask:0-7
161 [22808461567680] INFO perfrun.perfcollector <> - format: edge config:18 mask:18
161 [22808461567680] INFO perfrun.perfcollector <> - format: inv config:23 mask:23
162 [22808461567680] INFO perfrun.perfcollector <> - format: umask config:8-15 mask:8-15
162 [22808461567680] INFO perfrun.perfcollector <> - format: tid_en config:19 mask:19
162 [22808461567680] INFO perfrun.perfcollector <> - format: thresh config:24-31 mask:24-31
162 [22808461567680] INFO perfrun.perfcollector <> - hwInfo: not set, pmuFam: uncore_sbox
162 [22808461567680] INFO perfrun.perfcollector <> - pmu added: family: uncore_sbox, id: 2
162 [22808461567680] INFO perfrun.perfcollector <> - dir found: /sys/bus/event_source/devices/uncore_cbox_8
163 [22808461567680] INFO perfrun.perfcollector <> - format: event config:0-7 mask:0-7
163 [22808461567680] INFO perfrun.perfcollector <> - format: filter_link config1:6-8 mask:6-8
163 [22808461567680] INFO perfrun.perfcollector <> - format: filter_c6 config1:61 mask:61
163 [22808461567680] INFO perfrun.perfcollector <> - format: edge config:18 mask:18
164 [22808461567680] INFO perfrun.perfcollector <> - format: filter_isoc config1:63 mask:63
164 [22808461567680] INFO perfrun.perfcollector <> - format: filter_tid config1:0-5 mask:0-5
164 [22808461567680] INFO perfrun.perfcollector <> - format: filter_nid config1:32-47 mask:32-47
164 [22808461567680] INFO perfrun.perfcollector <> - format: filter_nc config1:62 mask:62
164 [22808461567680] INFO perfrun.perfcollector <> - format: umask config:8-15 mask:8-15
164 [22808461567680] INFO perfrun.perfcollector <> - format: tid_en config:19 mask:19
165 [22808461567680] INFO perfrun.perfcollector <> - format: thresh config:24-31 mask:24-31
165 [22808461567680] INFO perfrun.perfcollector <> - format: filter_state config1:17-23 mask:17-23
165 [22808461567680] INFO perfrun.perfcollector <> - format: filter_opc config1:52-60 mask:52-60
165 [22808461567680] INFO perfrun.perfcollector <> - hwInfo: PERF_CBOX_PMU_DETAILS
165 [22808461567680] INFO perfrun.perfcollector <> - pmu added: family: uncore_cbox, id: 8
165 [22808461567680] INFO perfrun.perfcollector <> - dir found: /sys/bus/event_source/devices/uncore_cbox_13
166 [22808461567680] INFO perfrun.perfcollector <> - format: event config:0-7 mask:0-7
166 [22808461567680] INFO perfrun.perfcollector <> - format: filter_link config1:6-8 mask:6-8
166 [22808461567680] INFO perfrun.perfcollector <> - format: filter_c6 config1:61 mask:61
166 [22808461567680] INFO perfrun.perfcollector <> - format: edge config:18 mask:18
167 [22808461567680] INFO perfrun.perfcollector <> - format: filter_isoc config1:63 mask:63
167 [22808461567680] INFO perfrun.perfcollector <> - format: filter_tid config1:0-5 mask:0-5
167 [22808461567680] INFO perfrun.perfcollector <> - format: filter_nid config1:32-47 mask:32-47
167 [22808461567680] INFO perfrun.perfcollector <> - format: filter_nc config1:62 mask:62
167 [22808461567680] INFO perfrun.perfcollector <> - format: umask config:8-15 mask:8-15
168 [22808461567680] INFO perfrun.perfcollector <> - format: tid_en config:19 mask:19
168 [22808461567680] INFO perfrun.perfcollector <> - format: thresh config:24-31 mask:24-31
168 [22808461567680] INFO perfrun.perfcollector <> - format: filter_state config1:17-23 mask:17-23
168 [22808461567680] INFO perfrun.perfcollector <> - format: filter_opc config1:52-60 mask:52-60
168 [22808461567680] INFO perfrun.perfcollector <> - hwInfo: PERF_CBOX_PMU_DETAILS
169 [22808461567680] INFO perfrun.perfcollector <> - pmu added: family: uncore_cbox, id: 13
169 [22808461567680] INFO perfrun.perfcollector <> - dir found: /sys/bus/event_source/devices/uncore_r2pcie
169 [22808461567680] INFO perfrun.perfcollector <> - format: event config:0-7 mask:0-7
169 [22808461567680] INFO perfrun.perfcollector <> - format: edge config:18 mask:18
170 [22808461567680] INFO perfrun.perfcollector <> - format: inv config:23 mask:23
170 [22808461567680] INFO perfrun.perfcollector <> - format: umask config:8-15 mask:8-15
170 [22808461567680] INFO perfrun.perfcollector <> - format: thresh config:24-31 mask:24-31
170 [22808461567680] INFO perfrun.perfcollector <> - hwInfo: not set, pmuFam: uncore_r2pcie
170 [22808461567680] INFO perfrun.perfcollector <> - pmu added: family: uncore_r2pcie, id: 0
170 [22808461567680] INFO perfrun.perfcollector <> - dir found: /sys/bus/event_source/devices/uncore_sbox_0
171 [22808461567680] INFO perfrun.perfcollector <> - format: event config:0-7 mask:0-7
171 [22808461567680] INFO perfrun.perfcollector <> - format: edge config:18 mask:18
171 [22808461567680] INFO perfrun.perfcollector <> - format: inv config:23 mask:23
171 [22808461567680] INFO perfrun.perfcollector <> - format: umask config:8-15 mask:8-15
172 [22808461567680] INFO perfrun.perfcollector <> - format: tid_en config:19 mask:19
172 [22808461567680] INFO perfrun.perfcollector <> - format: thresh config:24-31 mask:24-31
172 [22808461567680] INFO perfrun.perfcollector <> - hwInfo: not set, pmuFam: uncore_sbox
172 [22808461567680] INFO perfrun.perfcollector <> - pmu added: family: uncore_sbox, id: 0
172 [22808461567680] INFO perfrun.perfcollector <> - dir found: /sys/bus/event_source/devices/uncore_qpi_1
173 [22808461567680] INFO perfrun.perfcollector <> - format: mask_rnid4 config2:31 mask:31
173 [22808461567680] INFO perfrun.perfcollector <> - format: mask_rnid30 config2:32-35 mask:32-35
173 [22808461567680] INFO perfrun.perfcollector <> - format: match_rnid30 config1:32-35 mask:32-35
173 [22808461567680] INFO perfrun.perfcollector <> - format: event config:0-7,21 mask:0-7,21
173 [22808461567680] INFO perfrun.perfcollector <> - format: match0 config1:0-31 mask:0-31
173 [22808461567680] INFO perfrun.perfcollector <> - format: match_rds config1:48-51 mask:48-51
174 [22808461567680] INFO perfrun.perfcollector <> - format: mask_rds config2:48-51 mask:48-51
174 [22808461567680] INFO perfrun.perfcollector <> - format: edge config:18 mask:18
174 [22808461567680] INFO perfrun.perfcollector <> - format: mask1 config2:32-63 mask:32-63
174 [22808461567680] INFO perfrun.perfcollector <> - format: match_dnid config1:13-17 mask:13-17
174 [22808461567680] INFO perfrun.perfcollector <> - format: mask_dnid config2:13-17 mask:13-17
174 [22808461567680] INFO perfrun.perfcollector <> - format: match_vnw config1:3-4 mask:3-4
175 [22808461567680] INFO perfrun.perfcollector <> - format: mask_vnw config2:3-4 mask:3-4
175 [22808461567680] INFO perfrun.perfcollector <> - format: mask_mc config2:9-12 mask:9-12
175 [22808461567680] INFO perfrun.perfcollector <> - format: match1 config1:32-63 mask:32-63
175 [22808461567680] INFO perfrun.perfcollector <> - format: inv config:23 mask:23
175 [22808461567680] INFO perfrun.perfcollector <> - format: umask config:8-15 mask:8-15
176 [22808461567680] INFO perfrun.perfcollector <> - format: match_opc config1:5-8 mask:5-8
176 [22808461567680] INFO perfrun.perfcollector <> - format: mask_opc config2:5-8 mask:5-8
176 [22808461567680] INFO perfrun.perfcollector <> - format: thresh config:24-31 mask:24-31
176 [22808461567680] INFO perfrun.perfcollector <> - format: match_rnid4 config1:31 mask:31
176 [22808461567680] INFO perfrun.perfcollector <> - format: mask0 config2:0-31 mask:0-31
176 [22808461567680] INFO perfrun.perfcollector <> - format: match_mc config1:9-12 mask:9-12
176 [22808461567680] INFO perfrun.perfcollector <> - hwInfo: PERF_QPI_PMU_DETAILS
177 [22808461567680] INFO perfrun.perfcollector <> - pmu added: family: uncore_qpi, id: 1
177 [22808461567680] INFO perfrun.perfcollector <> - dir found: /sys/bus/event_source/devices/uncore_cbox_6
177 [22808461567680] INFO perfrun.perfcollector <> - format: event config:0-7 mask:0-7
177 [22808461567680] INFO perfrun.perfcollector <> - format: filter_link config1:6-8 mask:6-8
177 [22808461567680] INFO perfrun.perfcollector <> - format: filter_c6 config1:61 mask:61
177 [22808461567680] INFO perfrun.perfcollector <> - format: edge config:18 mask:18
178 [22808461567680] INFO perfrun.perfcollector <> - format: filter_isoc config1:63 mask:63
178 [22808461567680] INFO perfrun.perfcollector <> - format: filter_tid config1:0-5 mask:0-5
178 [22808461567680] INFO perfrun.perfcollector <> - format: filter_nid config1:32-47 mask:32-47
178 [22808461567680] INFO perfrun.perfcollector <> - format: filter_nc config1:62 mask:62
178 [22808461567680] INFO perfrun.perfcollector <> - format: umask config:8-15 mask:8-15
178 [22808461567680] INFO perfrun.perfcollector <> - format: tid_en config:19 mask:19
179 [22808461567680] INFO perfrun.perfcollector <> - format: thresh config:24-31 mask:24-31
179 [22808461567680] INFO perfrun.perfcollector <> - format: filter_state config1:17-23 mask:17-23
179 [22808461567680] INFO perfrun.perfcollector <> - format: filter_opc config1:52-60 mask:52-60
179 [22808461567680] INFO perfrun.perfcollector <> - hwInfo: PERF_CBOX_PMU_DETAILS
179 [22808461567680] INFO perfrun.perfcollector <> - pmu added: family: uncore_cbox, id: 6
179 [22808461567680] INFO perfrun.perfcollector <> - dir found: /sys/bus/event_source/devices/uncore_imc_1
180 [22808461567680] INFO perfrun.perfcollector <> - format: event config:0-7 mask:0-7
180 [22808461567680] INFO perfrun.perfcollector <> - format: edge config:18 mask:18
180 [22808461567680] INFO perfrun.perfcollector <> - format: inv config:23 mask:23
180 [22808461567680] INFO perfrun.perfcollector <> - format: umask config:8-15 mask:8-15
181 [22808461567680] INFO perfrun.perfcollector <> - format: thresh config:24-31 mask:24-31
181 [22808461567680] INFO perfrun.perfcollector <> - hwInfo: PERF_IMC_PMU_DETAILS
181 [22808461567680] INFO perfrun.perfcollector <> - pmu added: family: uncore_imc, id: 1
181 [22808461567680] INFO perfrun.perfcollector <> - dir found: /sys/bus/event_source/devices/power
181 [22808461567680] INFO perfrun.perfcollector <> - format: event config:0-7 mask:0-7
181 [22808461567680] INFO perfrun.perfcollector <> - hwInfo: not set, pmuFam: power
182 [22808461567680] INFO perfrun.perfcollector <> - pmu added: family: power, id: 0
182 [22808461567680] INFO perfrun.perfcollector <> - dir found: /sys/bus/event_source/devices/uncore_cbox_11
182 [22808461567680] INFO perfrun.perfcollector <> - format: event config:0-7 mask:0-7
182 [22808461567680] INFO perfrun.perfcollector <> - format: filter_link config1:6-8 mask:6-8
182 [22808461567680] INFO perfrun.perfcollector <> - format: filter_c6 config1:61 mask:61
182 [22808461567680] INFO perfrun.perfcollector <> - format: edge config:18 mask:18
183 [22808461567680] INFO perfrun.perfcollector <> - format: filter_isoc config1:63 mask:63
183 [22808461567680] INFO perfrun.perfcollector <> - format: filter_tid config1:0-5 mask:0-5
183 [22808461567680] INFO perfrun.perfcollector <> - format: filter_nid config1:32-47 mask:32-47
183 [22808461567680] INFO perfrun.perfcollector <> - format: filter_nc config1:62 mask:62
183 [22808461567680] INFO perfrun.perfcollector <> - format: umask config:8-15 mask:8-15
184 [22808461567680] INFO perfrun.perfcollector <> - format: tid_en config:19 mask:19
184 [22808461567680] INFO perfrun.perfcollector <> - format: thresh config:24-31 mask:24-31
184 [22808461567680] INFO perfrun.perfcollector <> - format: filter_state config1:17-23 mask:17-23
184 [22808461567680] INFO perfrun.perfcollector <> - format: filter_opc config1:52-60 mask:52-60
184 [22808461567680] INFO perfrun.perfcollector <> - hwInfo: PERF_CBOX_PMU_DETAILS
185 [22808461567680] INFO perfrun.perfcollector <> - pmu added: family: uncore_cbox, id: 11
185 [22808461567680] INFO perfrun.perfcollector <> - dir found: /sys/bus/event_source/devices/uncore_cbox_4
185 [22808461567680] INFO perfrun.perfcollector <> - format: event config:0-7 mask:0-7
185 [22808461567680] INFO perfrun.perfcollector <> - format: filter_link config1:6-8 mask:6-8
185 [22808461567680] INFO perfrun.perfcollector <> - format: filter_c6 config1:61 mask:61
186 [22808461567680] INFO perfrun.perfcollector <> - format: edge config:18 mask:18
186 [22808461567680] INFO perfrun.perfcollector <> - format: filter_isoc config1:63 mask:63
186 [22808461567680] INFO perfrun.perfcollector <> - format: filter_tid config1:0-5 mask:0-5
186 [22808461567680] INFO perfrun.perfcollector <> - format: filter_nid config1:32-47 mask:32-47
186 [22808461567680] INFO perfrun.perfcollector <> - format: filter_nc config1:62 mask:62
187 [22808461567680] INFO perfrun.perfcollector <> - format: umask config:8-15 mask:8-15
187 [22808461567680] INFO perfrun.perfcollector <> - format: tid_en config:19 mask:19
187 [22808461567680] INFO perfrun.perfcollector <> - format: thresh config:24-31 mask:24-31
187 [22808461567680] INFO perfrun.perfcollector <> - format: filter_state config1:17-23 mask:17-23
188 [22808461567680] INFO perfrun.perfcollector <> - format: filter_opc config1:52-60 mask:52-60
188 [22808461567680] INFO perfrun.perfcollector <> - hwInfo: PERF_CBOX_PMU_DETAILS
188 [22808461567680] INFO perfrun.perfcollector <> - pmu added: family: uncore_cbox, id: 4
188 [22808461567680] INFO perfrun.perfcollector <> - dir found: /sys/bus/event_source/devices/uprobe
188 [22808461567680] INFO perfrun.perfcollector <> - format: ref_ctr_offset config:32-63 mask:32-63
188 [22808461567680] INFO perfrun.perfcollector <> - format: retprobe config:0 mask:0
188 [22808461567680] INFO perfrun.perfcollector <> - hwInfo: not set, pmuFam: uprobe
189 [22808461567680] INFO perfrun.perfcollector <> - pmu added: family: uprobe, id: 0
189 [22808461567680] INFO perfrun.perfcollector <> - dir found: /sys/bus/event_source/devices/intel_bts
189 [22808461567680] INFO perfrun.perfcollector <> - format: pmu format subdir doesn't exist
189 [22808461567680] INFO perfrun.perfcollector <> - hwInfo: not set, pmuFam: intel_bts
189 [22808461567680] INFO perfrun.perfcollector <> - pmu added: family: intel_bts, id: 0
189 [22808461567680] INFO perfrun.perfcollector <> - dir found: /sys/bus/event_source/devices/cpu
190 [22808461567680] INFO perfrun.perfcollector <> - format: event config:0-7 mask:0-7
190 [22808461567680] INFO perfrun.perfcollector <> - format: pc config:19 mask:19
190 [22808461567680] INFO perfrun.perfcollector <> - format: in_tx config:32 mask:32
190 [22808461567680] INFO perfrun.perfcollector <> - format: edge config:18 mask:18
190 [22808461567680] INFO perfrun.perfcollector <> - format: any config:21 mask:21
190 [22808461567680] INFO perfrun.perfcollector <> - format: offcore_rsp config1:0-63 mask:0-63
191 [22808461567680] INFO perfrun.perfcollector <> - format: in_tx_cp config:33 mask:33
191 [22808461567680] INFO perfrun.perfcollector <> - format: ldlat config1:0-15 mask:0-15
191 [22808461567680] INFO perfrun.perfcollector <> - format: inv config:23 mask:23
191 [22808461567680] INFO perfrun.perfcollector <> - format: umask config:8-15 mask:8-15
191 [22808461567680] INFO perfrun.perfcollector <> - format: cmask config:24-31 mask:24-31
191 [22808461567680] INFO perfrun.perfcollector <> - hwInfo: PERF_CPU_PMU_DETAILS
191 [22808461567680] INFO perfrun.perfcollector <> - pmu added: family: cpu, id: 0
192 [22808461567680] INFO perfrun.perfcollector <> - dir found: /sys/bus/event_source/devices/uncore_r3qpi_0
192 [22808461567680] INFO perfrun.perfcollector <> - format: event config:0-7 mask:0-7
192 [22808461567680] INFO perfrun.perfcollector <> - format: edge config:18 mask:18
192 [22808461567680] INFO perfrun.perfcollector <> - format: inv config:23 mask:23
192 [22808461567680] INFO perfrun.perfcollector <> - format: umask config:8-15 mask:8-15
192 [22808461567680] INFO perfrun.perfcollector <> - format: thresh config:24-31 mask:24-31
192 [22808461567680] INFO perfrun.perfcollector <> - hwInfo: not set, pmuFam: uncore_r3qpi
193 [22808461567680] INFO perfrun.perfcollector <> - pmu added: family: uncore_r3qpi, id: 0
193 [22808461567680] INFO perfrun.perfcollector <> - dir found: /sys/bus/event_source/devices/cstate_core
193 [22808461567680] INFO perfrun.perfcollector <> - format: event config:0-63 mask:0-63
193 [22808461567680] INFO perfrun.perfcollector <> - hwInfo: not set, pmuFam: cstate_core
193 [22808461567680] INFO perfrun.perfcollector <> - pmu added: family: cstate_core, id: 0
193 [22808461567680] INFO perfrun.perfcollector <> - dir found: /sys/bus/event_source/devices/uncore_cbox_2
194 [22808461567680] INFO perfrun.perfcollector <> - format: event config:0-7 mask:0-7
194 [22808461567680] INFO perfrun.perfcollector <> - format: filter_link config1:6-8 mask:6-8
194 [22808461567680] INFO perfrun.perfcollector <> - format: filter_c6 config1:61 mask:61
194 [22808461567680] INFO perfrun.perfcollector <> - format: edge config:18 mask:18
195 [22808461567680] INFO perfrun.perfcollector <> - format: filter_isoc config1:63 mask:63
195 [22808461567680] INFO perfrun.perfcollector <> - format: filter_tid config1:0-5 mask:0-5
195 [22808461567680] INFO perfrun.perfcollector <> - format: filter_nid config1:32-47 mask:32-47
195 [22808461567680] INFO perfrun.perfcollector <> - format: filter_nc config1:62 mask:62
195 [22808461567680] INFO perfrun.perfcollector <> - format: umask config:8-15 mask:8-15
195 [22808461567680] INFO perfrun.perfcollector <> - format: tid_en config:19 mask:19
196 [22808461567680] INFO perfrun.perfcollector <> - format: thresh config:24-31 mask:24-31
196 [22808461567680] INFO perfrun.perfcollector <> - format: filter_state config1:17-23 mask:17-23
196 [22808461567680] INFO perfrun.perfcollector <> - format: filter_opc config1:52-60 mask:52-60
196 [22808461567680] INFO perfrun.perfcollector <> - hwInfo: PERF_CBOX_PMU_DETAILS
196 [22808461567680] INFO perfrun.perfcollector <> - pmu added: family: uncore_cbox, id: 2
196 [22808461567680] INFO perfrun.perfcollector <> - dir found: /sys/bus/event_source/devices/breakpoint
196 [22808461567680] INFO perfrun.perfcollector <> - format: pmu format subdir doesn't exist
196 [22808461567680] INFO perfrun.perfcollector <> - hwInfo: not set, pmuFam: breakpoint
197 [22808461567680] INFO perfrun.perfcollector <> - pmu added: family: breakpoint, id: 0
197 [22808461567680] INFO perfrun.perfcollector <> - dir found: /sys/bus/event_source/devices/uncore_ha_0
197 [22808461567680] INFO perfrun.perfcollector <> - format: event config:0-7 mask:0-7
197 [22808461567680] INFO perfrun.perfcollector <> - format: edge config:18 mask:18
197 [22808461567680] INFO perfrun.perfcollector <> - format: inv config:23 mask:23
197 [22808461567680] INFO perfrun.perfcollector <> - format: umask config:8-15 mask:8-15
197 [22808461567680] INFO perfrun.perfcollector <> - format: thresh config:24-31 mask:24-31
197 [22808461567680] INFO perfrun.perfcollector <> - hwInfo: not set, pmuFam: uncore_ha
198 [22808461567680] INFO perfrun.perfcollector <> - pmu added: family: uncore_ha, id: 0
198 [22808461567680] INFO perfrun.perfcollector <> - dir found: /sys/bus/event_source/devices/uncore_cbox_0
198 [22808461567680] INFO perfrun.perfcollector <> - format: event config:0-7 mask:0-7
198 [22808461567680] INFO perfrun.perfcollector <> - format: filter_link config1:6-8 mask:6-8
198 [22808461567680] INFO perfrun.perfcollector <> - format: filter_c6 config1:61 mask:61
198 [22808461567680] INFO perfrun.perfcollector <> - format: edge config:18 mask:18
198 [22808461567680] INFO perfrun.perfcollector <> - format: filter_isoc config1:63 mask:63
198 [22808461567680] INFO perfrun.perfcollector <> - format: filter_tid config1:0-5 mask:0-5
199 [22808461567680] INFO perfrun.perfcollector <> - format: filter_nid config1:32-47 mask:32-47
199 [22808461567680] INFO perfrun.perfcollector <> - format: filter_nc config1:62 mask:62
199 [22808461567680] INFO perfrun.perfcollector <> - format: umask config:8-15 mask:8-15
199 [22808461567680] INFO perfrun.perfcollector <> - format: tid_en config:19 mask:19
199 [22808461567680] INFO perfrun.perfcollector <> - format: thresh config:24-31 mask:24-31
199 [22808461567680] INFO perfrun.perfcollector <> - format: filter_state config1:17-23 mask:17-23
199 [22808461567680] INFO perfrun.perfcollector <> - format: filter_opc config1:52-60 mask:52-60
199 [22808461567680] INFO perfrun.perfcollector <> - hwInfo: PERF_CBOX_PMU_DETAILS
200 [22808461567680] INFO perfrun.perfcollector <> - pmu added: family: uncore_cbox, id: 0
200 [22808461567680] INFO perfrun.perfcollector <> - dir found: /sys/bus/event_source/devices/tracepoint
200 [22808461567680] INFO perfrun.perfcollector <> - format: pmu format subdir doesn't exist
200 [22808461567680] INFO perfrun.perfcollector <> - hwInfo: not set, pmuFam: tracepoint
200 [22808461567680] INFO perfrun.perfcollector <> - pmu added: family: tracepoint, id: 0
200 [22808461567680] INFO perfrun.perfcollector <> - dir found: /sys/bus/event_source/devices/uncore_sbox_3
200 [22808461567680] INFO perfrun.perfcollector <> - format: event config:0-7 mask:0-7
200 [22808461567680] INFO perfrun.perfcollector <> - format: edge config:18 mask:18
200 [22808461567680] INFO perfrun.perfcollector <> - format: inv config:23 mask:23
200 [22808461567680] INFO perfrun.perfcollector <> - format: umask config:8-15 mask:8-15
200 [22808461567680] INFO perfrun.perfcollector <> - format: tid_en config:19 mask:19
201 [22808461567680] INFO perfrun.perfcollector <> - format: thresh config:24-31 mask:24-31
201 [22808461567680] INFO perfrun.perfcollector <> - hwInfo: not set, pmuFam: uncore_sbox
201 [22808461567680] INFO perfrun.perfcollector <> - pmu added: family: uncore_sbox, id: 3
201 [22808461567680] INFO perfrun.perfcollector <> - dir found: /sys/bus/event_source/devices/uncore_cbox_9
201 [22808461567680] INFO perfrun.perfcollector <> - format: event config:0-7 mask:0-7
201 [22808461567680] INFO perfrun.perfcollector <> - format: filter_link config1:6-8 mask:6-8
201 [22808461567680] INFO perfrun.perfcollector <> - format: filter_c6 config1:61 mask:61
201 [22808461567680] INFO perfrun.perfcollector <> - format: edge config:18 mask:18
202 [22808461567680] INFO perfrun.perfcollector <> - format: filter_isoc config1:63 mask:63
202 [22808461567680] INFO perfrun.perfcollector <> - format: filter_tid config1:0-5 mask:0-5
202 [22808461567680] INFO perfrun.perfcollector <> - format: filter_nid config1:32-47 mask:32-47
202 [22808461567680] INFO perfrun.perfcollector <> - format: filter_nc config1:62 mask:62
202 [22808461567680] INFO perfrun.perfcollector <> - format: umask config:8-15 mask:8-15
202 [22808461567680] INFO perfrun.perfcollector <> - format: tid_en config:19 mask:19
202 [22808461567680] INFO perfrun.perfcollector <> - format: thresh config:24-31 mask:24-31
202 [22808461567680] INFO perfrun.perfcollector <> - format: filter_state config1:17-23 mask:17-23
203 [22808461567680] INFO perfrun.perfcollector <> - format: filter_opc config1:52-60 mask:52-60
203 [22808461567680] INFO perfrun.perfcollector <> - hwInfo: PERF_CBOX_PMU_DETAILS
203 [22808461567680] INFO perfrun.perfcollector <> - pmu added: family: uncore_cbox, id: 9
203 [22808461567680] INFO perfrun.perfcollector <> - dir found: /sys/bus/event_source/devices/cstate_pkg
203 [22808461567680] INFO perfrun.perfcollector <> - format: event config:0-63 mask:0-63
203 [22808461567680] INFO perfrun.perfcollector <> - hwInfo: not set, pmuFam: cstate_pkg
203 [22808461567680] INFO perfrun.perfcollector <> - pmu added: family: cstate_pkg, id: 0
203 [22808461567680] INFO perfrun.perfcollector <> - dir found: /sys/bus/event_source/devices/uncore_imc_4
203 [22808461567680] INFO perfrun.perfcollector <> - format: event config:0-7 mask:0-7
204 [22808461567680] INFO perfrun.perfcollector <> - format: edge config:18 mask:18
204 [22808461567680] INFO perfrun.perfcollector <> - format: inv config:23 mask:23
204 [22808461567680] INFO perfrun.perfcollector <> - format: umask config:8-15 mask:8-15
204 [22808461567680] INFO perfrun.perfcollector <> - format: thresh config:24-31 mask:24-31
204 [22808461567680] INFO perfrun.perfcollector <> - hwInfo: PERF_IMC_PMU_DETAILS
204 [22808461567680] INFO perfrun.perfcollector <> - pmu added: family: uncore_imc, id: 4
204 [22808461567680] INFO perfrun.perfcollector <> - dir found: /sys/bus/event_source/devices/uncore_ubox
204 [22808461567680] INFO perfrun.perfcollector <> - format: event config:0-7 mask:0-7
204 [22808461567680] INFO perfrun.perfcollector <> - format: edge config:18 mask:18
205 [22808461567680] INFO perfrun.perfcollector <> - format: inv config:23 mask:23
205 [22808461567680] INFO perfrun.perfcollector <> - format: umask config:8-15 mask:8-15
205 [22808461567680] INFO perfrun.perfcollector <> - format: thresh config:24-28 mask:24-28
205 [22808461567680] INFO perfrun.perfcollector <> - hwInfo: not set, pmuFam: uncore_ubox
205 [22808461567680] INFO perfrun.perfcollector <> - pmu added: family: uncore_ubox, id: 0
205 [22808461567680] INFO perfrun.perfcollector <> - dir found: /sys/bus/event_source/devices/uncore_sbox_1
205 [22808461567680] INFO perfrun.perfcollector <> - format: event config:0-7 mask:0-7
205 [22808461567680] INFO perfrun.perfcollector <> - format: edge config:18 mask:18
205 [22808461567680] INFO perfrun.perfcollector <> - format: inv config:23 mask:23
206 [22808461567680] INFO perfrun.perfcollector <> - format: umask config:8-15 mask:8-15
206 [22808461567680] INFO perfrun.perfcollector <> - format: tid_en config:19 mask:19
206 [22808461567680] INFO perfrun.perfcollector <> - format: thresh config:24-31 mask:24-31
206 [22808461567680] INFO perfrun.perfcollector <> - hwInfo: not set, pmuFam: uncore_sbox
206 [22808461567680] INFO perfrun.perfcollector <> - pmu added: family: uncore_sbox, id: 1
206 [22808461567680] INFO perfrun.perfcollector <> - dir found: /sys/bus/event_source/devices/uncore_cbox_7
207 [22808461567680] INFO perfrun.perfcollector <> - format: event config:0-7 mask:0-7
207 [22808461567680] INFO perfrun.perfcollector <> - format: filter_link config1:6-8 mask:6-8
207 [22808461567680] INFO perfrun.perfcollector <> - format: filter_c6 config1:61 mask:61
207 [22808461567680] INFO perfrun.perfcollector <> - format: edge config:18 mask:18
207 [22808461567680] INFO perfrun.perfcollector <> - format: filter_isoc config1:63 mask:63
207 [22808461567680] INFO perfrun.perfcollector <> - format: filter_tid config1:0-5 mask:0-5
208 [22808461567680] INFO perfrun.perfcollector <> - format: filter_nid config1:32-47 mask:32-47
208 [22808461567680] INFO perfrun.perfcollector <> - format: filter_nc config1:62 mask:62
208 [22808461567680] INFO perfrun.perfcollector <> - format: umask config:8-15 mask:8-15
208 [22808461567680] INFO perfrun.perfcollector <> - format: tid_en config:19 mask:19
208 [22808461567680] INFO perfrun.perfcollector <> - format: thresh config:24-31 mask:24-31
208 [22808461567680] INFO perfrun.perfcollector <> - format: filter_state config1:17-23 mask:17-23
208 [22808461567680] INFO perfrun.perfcollector <> - format: filter_opc config1:52-60 mask:52-60
208 [22808461567680] INFO perfrun.perfcollector <> - hwInfo: PERF_CBOX_PMU_DETAILS
209 [22808461567680] INFO perfrun.perfcollector <> - pmu added: family: uncore_cbox, id: 7
209 [22808461567680] INFO perfrun.perfcollector <> - dir found: /sys/bus/event_source/devices/uncore_cbox_12
209 [22808461567680] INFO perfrun.perfcollector <> - format: event config:0-7 mask:0-7
209 [22808461567680] INFO perfrun.perfcollector <> - format: filter_link config1:6-8 mask:6-8
209 [22808461567680] INFO perfrun.perfcollector <> - format: filter_c6 config1:61 mask:61
209 [22808461567680] INFO perfrun.perfcollector <> - format: edge config:18 mask:18
210 [22808461567680] INFO perfrun.perfcollector <> - format: filter_isoc config1:63 mask:63
210 [22808461567680] INFO perfrun.perfcollector <> - format: filter_tid config1:0-5 mask:0-5
210 [22808461567680] INFO perfrun.perfcollector <> - format: filter_nid config1:32-47 mask:32-47
210 [22808461567680] INFO perfrun.perfcollector <> - format: filter_nc config1:62 mask:62
210 [22808461567680] INFO perfrun.perfcollector <> - format: umask config:8-15 mask:8-15
210 [22808461567680] INFO perfrun.perfcollector <> - format: tid_en config:19 mask:19
211 [22808461567680] INFO perfrun.perfcollector <> - format: thresh config:24-31 mask:24-31
211 [22808461567680] INFO perfrun.perfcollector <> - format: filter_state config1:17-23 mask:17-23
211 [22808461567680] INFO perfrun.perfcollector <> - format: filter_opc config1:52-60 mask:52-60
211 [22808461567680] INFO perfrun.perfcollector <> - hwInfo: PERF_CBOX_PMU_DETAILS
211 [22808461567680] INFO perfrun.perfcollector <> - pmu added: family: uncore_cbox, id: 12
211 [22808461567680] INFO perfrun.perfcollector <> - dir found: /sys/bus/event_source/devices/kprobe
212 [22808461567680] INFO perfrun.perfcollector <> - format: retprobe config:0 mask:0
212 [22808461567680] INFO perfrun.perfcollector <> - hwInfo: not set, pmuFam: kprobe
212 [22808461567680] INFO perfrun.perfcollector <> - pmu added: family: kprobe, id: 0
212 [22808461567680] INFO perfrun.perfcollector <> - dir found: /sys/bus/event_source/devices/uncore_qpi_0
212 [22808461567680] INFO perfrun.perfcollector <> - format: mask_rnid4 config2:31 mask:31
212 [22808461567680] INFO perfrun.perfcollector <> - format: mask_rnid30 config2:32-35 mask:32-35
212 [22808461567680] INFO perfrun.perfcollector <> - format: match_rnid30 config1:32-35 mask:32-35
212 [22808461567680] INFO perfrun.perfcollector <> - format: event config:0-7,21 mask:0-7,21
213 [22808461567680] INFO perfrun.perfcollector <> - format: match0 config1:0-31 mask:0-31
213 [22808461567680] INFO perfrun.perfcollector <> - format: match_rds config1:48-51 mask:48-51
213 [22808461567680] INFO perfrun.perfcollector <> - format: mask_rds config2:48-51 mask:48-51
213 [22808461567680] INFO perfrun.perfcollector <> - format: edge config:18 mask:18
213 [22808461567680] INFO perfrun.perfcollector <> - format: mask1 config2:32-63 mask:32-63
213 [22808461567680] INFO perfrun.perfcollector <> - format: match_dnid config1:13-17 mask:13-17
214 [22808461567680] INFO perfrun.perfcollector <> - format: mask_dnid config2:13-17 mask:13-17
214 [22808461567680] INFO perfrun.perfcollector <> - format: match_vnw config1:3-4 mask:3-4
214 [22808461567680] INFO perfrun.perfcollector <> - format: mask_vnw config2:3-4 mask:3-4
214 [22808461567680] INFO perfrun.perfcollector <> - format: mask_mc config2:9-12 mask:9-12
214 [22808461567680] INFO perfrun.perfcollector <> - format: match1 config1:32-63 mask:32-63
214 [22808461567680] INFO perfrun.perfcollector <> - format: inv config:23 mask:23
214 [22808461567680] INFO perfrun.perfcollector <> - format: umask config:8-15 mask:8-15
215 [22808461567680] INFO perfrun.perfcollector <> - format: match_opc config1:5-8 mask:5-8
215 [22808461567680] INFO perfrun.perfcollector <> - format: mask_opc config2:5-8 mask:5-8
215 [22808461567680] INFO perfrun.perfcollector <> - format: thresh config:24-31 mask:24-31
215 [22808461567680] INFO perfrun.perfcollector <> - format: match_rnid4 config1:31 mask:31
215 [22808461567680] INFO perfrun.perfcollector <> - format: mask0 config2:0-31 mask:0-31
215 [22808461567680] INFO perfrun.perfcollector <> - format: match_mc config1:9-12 mask:9-12
215 [22808461567680] INFO perfrun.perfcollector <> - hwInfo: PERF_QPI_PMU_DETAILS
216 [22808461567680] INFO perfrun.perfcollector <> - pmu added: family: uncore_qpi, id: 0
216 [22808461567680] INFO perfrun.perfcollector <> - dir found: /sys/bus/event_source/devices/uncore_cbox_5
216 [22808461567680] INFO perfrun.perfcollector <> - format: event config:0-7 mask:0-7
216 [22808461567680] INFO perfrun.perfcollector <> - format: filter_link config1:6-8 mask:6-8
216 [22808461567680] INFO perfrun.perfcollector <> - format: filter_c6 config1:61 mask:61
217 [22808461567680] INFO perfrun.perfcollector <> - format: edge config:18 mask:18
217 [22808461567680] INFO perfrun.perfcollector <> - format: filter_isoc config1:63 mask:63
217 [22808461567680] INFO perfrun.perfcollector <> - format: filter_tid config1:0-5 mask:0-5
217 [22808461567680] INFO perfrun.perfcollector <> - format: filter_nid config1:32-47 mask:32-47
217 [22808461567680] INFO perfrun.perfcollector <> - format: filter_nc config1:62 mask:62
217 [22808461567680] INFO perfrun.perfcollector <> - format: umask config:8-15 mask:8-15
218 [22808461567680] INFO perfrun.perfcollector <> - format: tid_en config:19 mask:19
218 [22808461567680] INFO perfrun.perfcollector <> - format: thresh config:24-31 mask:24-31
218 [22808461567680] INFO perfrun.perfcollector <> - format: filter_state config1:17-23 mask:17-23
218 [22808461567680] INFO perfrun.perfcollector <> - format: filter_opc config1:52-60 mask:52-60
218 [22808461567680] INFO perfrun.perfcollector <> - hwInfo: PERF_CBOX_PMU_DETAILS
218 [22808461567680] INFO perfrun.perfcollector <> - pmu added: family: uncore_cbox, id: 5
218 [22808461567680] INFO perfrun.perfcollector <> - dir found: /sys/bus/event_source/devices/uncore_imc_0
219 [22808461567680] INFO perfrun.perfcollector <> - format: event config:0-7 mask:0-7
219 [22808461567680] INFO perfrun.perfcollector <> - format: edge config:18 mask:18
219 [22808461567680] INFO perfrun.perfcollector <> - format: inv config:23 mask:23
219 [22808461567680] INFO perfrun.perfcollector <> - format: umask config:8-15 mask:8-15
219 [22808461567680] INFO perfrun.perfcollector <> - format: thresh config:24-31 mask:24-31
219 [22808461567680] INFO perfrun.perfcollector <> - hwInfo: PERF_IMC_PMU_DETAILS
220 [22808461567680] INFO perfrun.perfcollector <> - pmu added: family: uncore_imc, id: 0
220 [22808461567680] INFO perfrun.perfcollector <> - dir found: /sys/bus/event_source/devices/uncore_cbox_10
220 [22808461567680] INFO perfrun.perfcollector <> - format: event config:0-7 mask:0-7
220 [22808461567680] INFO perfrun.perfcollector <> - format: filter_link config1:6-8 mask:6-8
220 [22808461567680] INFO perfrun.perfcollector <> - format: filter_c6 config1:61 mask:61
221 [22808461567680] INFO perfrun.perfcollector <> - format: edge config:18 mask:18
221 [22808461567680] INFO perfrun.perfcollector <> - format: filter_isoc config1:63 mask:63
221 [22808461567680] INFO perfrun.perfcollector <> - format: filter_tid config1:0-5 mask:0-5
221 [22808461567680] INFO perfrun.perfcollector <> - format: filter_nid config1:32-47 mask:32-47
221 [22808461567680] INFO perfrun.perfcollector <> - format: filter_nc config1:62 mask:62
221 [22808461567680] INFO perfrun.perfcollector <> - format: umask config:8-15 mask:8-15
222 [22808461567680] INFO perfrun.perfcollector <> - format: tid_en config:19 mask:19
222 [22808461567680] INFO perfrun.perfcollector <> - format: thresh config:24-31 mask:24-31
222 [22808461567680] INFO perfrun.perfcollector <> - format: filter_state config1:17-23 mask:17-23
222 [22808461567680] INFO perfrun.perfcollector <> - format: filter_opc config1:52-60 mask:52-60
222 [22808461567680] INFO perfrun.perfcollector <> - hwInfo: PERF_CBOX_PMU_DETAILS
223 [22808461567680] INFO perfrun.perfcollector <> - pmu added: family: uncore_cbox, id: 10
223 [22808461567680] INFO perfrun.perfcollector <> - dir found: /sys/bus/event_source/devices/uncore_pcu
223 [22808461567680] INFO perfrun.perfcollector <> - format: filter_band2 config1:16-23 mask:16-23
223 [22808461567680] INFO perfrun.perfcollector <> - format: event config:0-7 mask:0-7
223 [22808461567680] INFO perfrun.perfcollector <> - format: filter_band0 config1:0-7 mask:0-7
224 [22808461567680] INFO perfrun.perfcollector <> - format: edge config:18 mask:18
224 [22808461567680] INFO perfrun.perfcollector <> - format: occ_invert config:30 mask:30
224 [22808461567680] INFO perfrun.perfcollector <> - format: occ_edge config:14-51 mask:14-51
224 [22808461567680] INFO perfrun.perfcollector <> - format: filter_band3 config1:24-31 mask:24-31
224 [22808461567680] INFO perfrun.perfcollector <> - format: filter_band1 config1:8-15 mask:8-15
224 [22808461567680] INFO perfrun.perfcollector <> - format: inv config:23 mask:23
225 [22808461567680] INFO perfrun.perfcollector <> - format: thresh config:24-28 mask:24-28
225 [22808461567680] INFO perfrun.perfcollector <> - format: occ_sel config:14-15 mask:14-15
225 [22808461567680] INFO perfrun.perfcollector <> - hwInfo: not set, pmuFam: uncore_pcu
225 [22808461567680] INFO perfrun.perfcollector <> - pmu added: family: uncore_pcu, id: 0
225 [22808461567680] INFO perfrun.perfcollector <> - dir found: /sys/bus/event_source/devices/uncore_r3qpi_1
226 [22808461567680] INFO perfrun.perfcollector <> - format: event config:0-7 mask:0-7
226 [22808461567680] INFO perfrun.perfcollector <> - format: edge config:18 mask:18
226 [22808461567680] INFO perfrun.perfcollector <> - format: inv config:23 mask:23
226 [22808461567680] INFO perfrun.perfcollector <> - format: umask config:8-15 mask:8-15
227 [22808461567680] INFO perfrun.perfcollector <> - format: thresh config:24-31 mask:24-31
227 [22808461567680] INFO perfrun.perfcollector <> - hwInfo: not set, pmuFam: uncore_r3qpi
227 [22808461567680] INFO perfrun.perfcollector <> - pmu added: family: uncore_r3qpi, id: 1
227 [22808461567680] INFO perfrun.perfcollector <> - dir found: /sys/bus/event_source/devices/msr
227 [22808461567680] INFO perfrun.perfcollector <> - format: event config:0-63 mask:0-63
227 [22808461567680] INFO perfrun.perfcollector <> - hwInfo: not set, pmuFam: msr
228 [22808461567680] INFO perfrun.perfcollector <> - pmu added: family: msr, id: 0
228 [22808461567680] INFO perfrun.perfcollector <> - dir found: /sys/bus/event_source/devices/uncore_cbox_3
228 [22808461567680] INFO perfrun.perfcollector <> - format: event config:0-7 mask:0-7
228 [22808461567680] INFO perfrun.perfcollector <> - format: filter_link config1:6-8 mask:6-8
229 [22808461567680] INFO perfrun.perfcollector <> - format: filter_c6 config1:61 mask:61
229 [22808461567680] INFO perfrun.perfcollector <> - format: edge config:18 mask:18
229 [22808461567680] INFO perfrun.perfcollector <> - format: filter_isoc config1:63 mask:63
229 [22808461567680] INFO perfrun.perfcollector <> - format: filter_tid config1:0-5 mask:0-5
230 [22808461567680] INFO perfrun.perfcollector <> - format: filter_nid config1:32-47 mask:32-47
230 [22808461567680] INFO perfrun.perfcollector <> - format: filter_nc config1:62 mask:62
230 [22808461567680] INFO perfrun.perfcollector <> - format: umask config:8-15 mask:8-15
230 [22808461567680] INFO perfrun.perfcollector <> - format: tid_en config:19 mask:19
230 [22808461567680] INFO perfrun.perfcollector <> - format: thresh config:24-31 mask:24-31
231 [22808461567680] INFO perfrun.perfcollector <> - format: filter_state config1:17-23 mask:17-23
231 [22808461567680] INFO perfrun.perfcollector <> - format: filter_opc config1:52-60 mask:52-60
231 [22808461567680] INFO perfrun.perfcollector <> - hwInfo: PERF_CBOX_PMU_DETAILS
231 [22808461567680] INFO perfrun.perfcollector <> - pmu added: family: uncore_cbox, id: 3
231 [22808461567680] INFO perfrun.perfcollector <> - dir found: /sys/bus/event_source/devices/intel_pt
231 [22808461567680] INFO perfrun.perfcollector <> - format: ptw config:12 mask:12
232 [22808461567680] INFO perfrun.perfcollector <> - format: event config:31 mask:31
232 [22808461567680] INFO perfrun.perfcollector <> - format: cyc_thresh config:19-22 mask:19-22
232 [22808461567680] INFO perfrun.perfcollector <> - format: pt config:0 mask:0
232 [22808461567680] INFO perfrun.perfcollector <> - format: notnt config:55 mask:55
232 [22808461567680] INFO perfrun.perfcollector <> - format: branch config:13 mask:13
233 [22808461567680] INFO perfrun.perfcollector <> - format: tsc config:10 mask:10
233 [22808461567680] INFO perfrun.perfcollector <> - format: pwr_evt config:4 mask:4
233 [22808461567680] INFO perfrun.perfcollector <> - format: fup_on_ptw config:5 mask:5
233 [22808461567680] INFO perfrun.perfcollector <> - format: cyc config:1 mask:1
233 [22808461567680] INFO perfrun.perfcollector <> - format: noretcomp config:11 mask:11
233 [22808461567680] INFO perfrun.perfcollector <> - format: mtc config:9 mask:9
233 [22808461567680] INFO perfrun.perfcollector <> - format: psb_period config:24-27 mask:24-27
234 [22808461567680] INFO perfrun.perfcollector <> - format: mtc_period config:14-17 mask:14-17
234 [22808461567680] INFO perfrun.perfcollector <> - hwInfo: not set, pmuFam: intel_pt
234 [22808461567680] INFO perfrun.perfcollector <> - pmu added: family: intel_pt, id: 0
234 [22808461567680] INFO perfrun.perfcollector <> - dir found: /sys/bus/event_source/devices/uncore_ha_1
234 [22808461567680] INFO perfrun.perfcollector <> - format: event config:0-7 mask:0-7
234 [22808461567680] INFO perfrun.perfcollector <> - format: edge config:18 mask:18
235 [22808461567680] INFO perfrun.perfcollector <> - format: inv config:23 mask:23
235 [22808461567680] INFO perfrun.perfcollector <> - format: umask config:8-15 mask:8-15
235 [22808461567680] INFO perfrun.perfcollector <> - format: thresh config:24-31 mask:24-31
235 [22808461567680] INFO perfrun.perfcollector <> - hwInfo: not set, pmuFam: uncore_ha
235 [22808461567680] INFO perfrun.perfcollector <> - pmu added: family: uncore_ha, id: 1
235 [22808461567680] INFO perfrun.perfcollector <> - dir found: /sys/bus/event_source/devices/uncore_cbox_1
235 [22808461567680] INFO perfrun.perfcollector <> - format: event config:0-7 mask:0-7
236 [22808461567680] INFO perfrun.perfcollector <> - format: filter_link config1:6-8 mask:6-8
236 [22808461567680] INFO perfrun.perfcollector <> - format: filter_c6 config1:61 mask:61
236 [22808461567680] INFO perfrun.perfcollector <> - format: edge config:18 mask:18
236 [22808461567680] INFO perfrun.perfcollector <> - format: filter_isoc config1:63 mask:63
236 [22808461567680] INFO perfrun.perfcollector <> - format: filter_tid config1:0-5 mask:0-5
236 [22808461567680] INFO perfrun.perfcollector <> - format: filter_nid config1:32-47 mask:32-47
236 [22808461567680] INFO perfrun.perfcollector <> - format: filter_nc config1:62 mask:62
236 [22808461567680] INFO perfrun.perfcollector <> - format: umask config:8-15 mask:8-15
236 [22808461567680] INFO perfrun.perfcollector <> - format: tid_en config:19 mask:19
237 [22808461567680] INFO perfrun.perfcollector <> - format: thresh config:24-31 mask:24-31
237 [22808461567680] INFO perfrun.perfcollector <> - format: filter_state config1:17-23 mask:17-23
237 [22808461567680] INFO perfrun.perfcollector <> - format: filter_opc config1:52-60 mask:52-60
237 [22808461567680] INFO perfrun.perfcollector <> - hwInfo: PERF_CBOX_PMU_DETAILS
237 [22808461567680] INFO perfrun.perfcollector <> - pmu added: family: uncore_cbox, id: 1
237 [22808461567680] INFO perfrun.sdk <> - runCmd: /opt/intel/oneapi/vtune/2023.1.0/bin64/sep -dry-run -sam 1 -ec CPU_CLK_UNHALTED.THREAD,CPU_CLK_UNHALTED.REF_TSC:sample:sa=2400000,INST_RETIRED.ANY:sample:sa=2400000,CPU_CLK_UNHALTED.REF_XCLK,CPU_CLK_UNHALTED.ONE_THREAD_ACTIVE,FP_ARITH_INST_RETIRED.SCALAR_SINGLE,FP_ARITH_INST_RETIRED.128B_PACKED_SINGLE,FP_ARITH_INST_RETIRED.256B_PACKED_SINGLE,FP_ARITH_INST_RETIRED.SCALAR_DOUBLE,FP_ARITH_INST_RETIRED.128B_PACKED_DOUBLE,FP_ARITH_INST_RETIRED.256B_PACKED_DOUBLE,INST_RETIRED.X87,UOPS_RETIRED.RETIRE_SLOTS:sample:sa=2000003 -experimental
238 [22808461567680] INFO perfrun.sdk <> - runCmd started PID 2288039
272 [22808461567680] INFO perfrun.perfcollector <> - SepDryRun RC = true
276 [22808461567680] INFO perfrun.perfcollector <> - DRY_RUN: "PMU type: Core (core)"
276 [22808461567680] INFO perfrun.perfcollector <> - pmu type: cpu
276 [22808461567680] INFO perfrun.perfcollector <> - DRY_RUN: "Group 0:"
276 [22808461567680] INFO perfrun.perfcollector <> - id: 0
276 [22808461567680] INFO perfrun.perfcollector <> - DRY_RUN: "INST_RETIRED.ANY: event id 2"
276 [22808461567680] INFO perfrun.perfcollector <> - eventName: INST_RETIRED.ANY, eventId: 2
276 [22808461567680] INFO perfrun.perfcollector <> - DRY_RUN: "CPU_CLK_UNHALTED.THREAD: event id 0"
276 [22808461567680] INFO perfrun.perfcollector <> - eventName: CPU_CLK_UNHALTED.THREAD, eventId: 0
276 [22808461567680] INFO perfrun.perfcollector <> - DRY_RUN: "CPU_CLK_UNHALTED.REF_TSC: event id 1"
276 [22808461567680] INFO perfrun.perfcollector <> - eventName: CPU_CLK_UNHALTED.REF_TSC, eventId: 1
276 [22808461567680] INFO perfrun.perfcollector <> - DRY_RUN: "FP_ARITH_INST_RETIRED.SCALAR_SINGLE: event id 5"
276 [22808461567680] INFO perfrun.perfcollector <> - eventName: FP_ARITH_INST_RETIRED.SCALAR_SINGLE, eventId: 5
276 [22808461567680] INFO perfrun.perfcollector <> - DRY_RUN: "FP_ARITH_INST_RETIRED.128B_PACKED_SINGLE: event id 6"
276 [22808461567680] INFO perfrun.perfcollector <> - eventName: FP_ARITH_INST_RETIRED.128B_PACKED_SINGLE, eventId: 6
276 [22808461567680] INFO perfrun.perfcollector <> - DRY_RUN: "FP_ARITH_INST_RETIRED.256B_PACKED_SINGLE: event id 7"
276 [22808461567680] INFO perfrun.perfcollector <> - eventName: FP_ARITH_INST_RETIRED.256B_PACKED_SINGLE, eventId: 7
276 [22808461567680] INFO perfrun.perfcollector <> - DRY_RUN: "FP_ARITH_INST_RETIRED.SCALAR_DOUBLE: event id 8"
276 [22808461567680] INFO perfrun.perfcollector <> - eventName: FP_ARITH_INST_RETIRED.SCALAR_DOUBLE, eventId: 8
276 [22808461567680] INFO perfrun.perfcollector <> - DRY_RUN: "CPU_CLK_UNHALTED.REF_XCLK: event id 3"
276 [22808461567680] INFO perfrun.perfcollector <> - eventName: CPU_CLK_UNHALTED.REF_XCLK, eventId: 3
276 [22808461567680] INFO perfrun.perfcollector <> - DRY_RUN: "CPU_CLK_UNHALTED.ONE_THREAD_ACTIVE: event id 4"
276 [22808461567680] INFO perfrun.perfcollector <> - eventName: CPU_CLK_UNHALTED.ONE_THREAD_ACTIVE, eventId: 4
276 [22808461567680] INFO perfrun.perfcollector <> - DRY_RUN: "INST_RETIRED.X87: event id 11"
276 [22808461567680] INFO perfrun.perfcollector <> - eventName: INST_RETIRED.X87, eventId: 11
276 [22808461567680] INFO perfrun.perfcollector <> - DRY_RUN: "UOPS_RETIRED.RETIRE_SLOTS: event id 12"
276 [22808461567680] INFO perfrun.perfcollector <> - eventName: UOPS_RETIRED.RETIRE_SLOTS, eventId: 12
276 [22808461567680] INFO perfrun.perfcollector <> - DRY_RUN: "CCCR"
276 [22808461567680] INFO perfrun.perfcollector <> - DRY_RUN: "reg_type       = 1	event_id       = g	reg_id         = 38f	reg_value      = 7000000ff"
276 [22808461567680] INFO perfrun.perfcollector <> - eventId: g, skip parsing event_id
276 [22808461567680] INFO perfrun.perfcollector <> - Register was ignored: group_id: 0, reg_type: 1, event_id: 4294967295, reg_id: 38f, reg_value: 7000000ff, pmu_name: cpu
276 [22808461567680] INFO perfrun.perfcollector <> - DRY_RUN: "reg_type       = 1	event_id       = g	reg_id         = 390	reg_value      = 7000000ff"
276 [22808461567680] INFO perfrun.perfcollector <> - eventId: g, skip parsing event_id
276 [22808461567680] INFO perfrun.perfcollector <> - Register was ignored: group_id: 0, reg_type: 1, event_id: 4294967295, reg_id: 390, reg_value: 7000000ff, pmu_name: cpu
276 [22808461567680] INFO perfrun.perfcollector <> - DRY_RUN: "reg_type       = 1	event_id       = g	reg_id         = 3f1	reg_value      = 0"
276 [22808461567680] INFO perfrun.perfcollector <> - eventId: g, skip parsing event_id
276 [22808461567680] INFO perfrun.perfcollector <> - Register was ignored: group_id: 0, reg_type: 1, event_id: 4294967295, reg_id: 3f1, reg_value: 0, pmu_name: cpu
276 [22808461567680] INFO perfrun.perfcollector <> - DRY_RUN: "reg_type       = 1	event_id       = g	reg_id         = 1d9	reg_value      = 1800"
276 [22808461567680] INFO perfrun.perfcollector <> - eventId: g, skip parsing event_id
276 [22808461567680] INFO perfrun.perfcollector <> - Register was ignored: group_id: 0, reg_type: 1, event_id: 4294967295, reg_id: 1d9, reg_value: 1800, pmu_name: cpu
276 [22808461567680] INFO perfrun.perfcollector <> - DRY_RUN: "reg_type       = 1	event_id       = g	reg_id         = 38d	reg_value      = bbb"
276 [22808461567680] INFO perfrun.perfcollector <> - eventId: g, skip parsing event_id
276 [22808461567680] INFO perfrun.perfcollector <> - Register was ignored: group_id: 0, reg_type: 1, event_id: 4294967295, reg_id: 38d, reg_value: bbb, pmu_name: cpu
276 [22808461567680] INFO perfrun.perfcollector <> - DRY_RUN: "reg_type       = 1	event_id       = 5	reg_id         = 186	reg_value      = 5302c7"
276 [22808461567680] INFO perfrun.perfcollector <> - Event selector: group_id: 0, reg_type: 1, event_id: 5, reg_id: 186, reg_value: 5302c7, pmu_name: cpu
276 [22808461567680] INFO perfrun.perfcollector <> - DRY_RUN: "reg_type       = 1	event_id       = 6	reg_id         = 187	reg_value      = 5308c7"
276 [22808461567680] INFO perfrun.perfcollector <> - Event selector: group_id: 0, reg_type: 1, event_id: 6, reg_id: 187, reg_value: 5308c7, pmu_name: cpu
276 [22808461567680] INFO perfrun.perfcollector <> - DRY_RUN: "reg_type       = 1	event_id       = 7	reg_id         = 188	reg_value      = 5320c7"
276 [22808461567680] INFO perfrun.perfcollector <> - Event selector: group_id: 0, reg_type: 1, event_id: 7, reg_id: 188, reg_value: 5320c7, pmu_name: cpu
276 [22808461567680] INFO perfrun.perfcollector <> - DRY_RUN: "reg_type       = 1	event_id       = 8	reg_id         = 189	reg_value      = 5301c7"
276 [22808461567680] INFO perfrun.perfcollector <> - Event selector: group_id: 0, reg_type: 1, event_id: 8, reg_id: 189, reg_value: 5301c7, pmu_name: cpu
276 [22808461567680] INFO perfrun.perfcollector <> - DRY_RUN: "reg_type       = 1	event_id       = 3	reg_id         = 18a	reg_value      = 53013c"
276 [22808461567680] INFO perfrun.perfcollector <> - Event selector: group_id: 0, reg_type: 1, event_id: 3, reg_id: 18a, reg_value: 53013c, pmu_name: cpu
276 [22808461567680] INFO perfrun.perfcollector <> - DRY_RUN: "reg_type       = 1	event_id       = 4	reg_id         = 18b	reg_value      = 53023c"
276 [22808461567680] INFO perfrun.perfcollector <> - Event selector: group_id: 0, reg_type: 1, event_id: 4, reg_id: 18b, reg_value: 53023c, pmu_name: cpu
276 [22808461567680] INFO perfrun.perfcollector <> - DRY_RUN: "reg_type       = 1	event_id       = 11	reg_id         = 18c	reg_value      = 5302c0"
276 [22808461567680] INFO perfrun.perfcollector <> - Event selector: group_id: 0, reg_type: 1, event_id: 11, reg_id: 18c, reg_value: 5302c0, pmu_name: cpu
276 [22808461567680] INFO perfrun.perfcollector <> - DRY_RUN: "reg_type       = 1	event_id       = 12	reg_id         = 18d	reg_value      = 5302c2"
276 [22808461567680] INFO perfrun.perfcollector <> - Event selector: group_id: 0, reg_type: 1, event_id: 12, reg_id: 18d, reg_value: 5302c2, pmu_name: cpu
276 [22808461567680] INFO perfrun.perfcollector <> - DRY_RUN: "ESCR"
276 [22808461567680] INFO perfrun.perfcollector <> - DRY_RUN: "reg_type       = 2	event_id       = g	reg_id         = 1c8	reg_value      = 0"
276 [22808461567680] INFO perfrun.perfcollector <> - eventId: g, skip parsing event_id
276 [22808461567680] INFO perfrun.perfcollector <> - DRY_RUN: "DATA"
276 [22808461567680] INFO perfrun.perfcollector <> - DRY_RUN: "reg_type       = 4	event_id       = 2	reg_id         = 309	reg_value      = ffffffdb6100"
276 [22808461567680] INFO perfrun.perfcollector <> - eventId: 2, dataAddr: 309, dataVal: ffffffdb6100
276 [22808461567680] INFO perfrun.perfcollector <> - DRY_RUN: "reg_type       = 4	event_id       = 0	reg_id         = 30a	reg_value      = ffffffe17b7d"
276 [22808461567680] INFO perfrun.perfcollector <> - eventId: 0, dataAddr: 30a, dataVal: ffffffe17b7d
276 [22808461567680] INFO perfrun.perfcollector <> - DRY_RUN: "reg_type       = 4	event_id       = 1	reg_id         = 30b	reg_value      = ffffffdb6100"
276 [22808461567680] INFO perfrun.perfcollector <> - eventId: 1, dataAddr: 30b, dataVal: ffffffdb6100
276 [22808461567680] INFO perfrun.perfcollector <> - DRY_RUN: "reg_type       = 4	event_id       = 5	reg_id         = c1	reg_value      = ffffffe17b7d"
276 [22808461567680] INFO perfrun.perfcollector <> - eventId: 5, dataAddr: c1, dataVal: ffffffe17b7d
276 [22808461567680] INFO perfrun.perfcollector <> - DRY_RUN: "reg_type       = 4	event_id       = 6	reg_id         = c2	reg_value      = ffffffe17b7d"
276 [22808461567680] INFO perfrun.perfcollector <> - eventId: 6, dataAddr: c2, dataVal: ffffffe17b7d
276 [22808461567680] INFO perfrun.perfcollector <> - DRY_RUN: "reg_type       = 4	event_id       = 7	reg_id         = c3	reg_value      = ffffffe17b7d"
276 [22808461567680] INFO perfrun.perfcollector <> - eventId: 7, dataAddr: c3, dataVal: ffffffe17b7d
276 [22808461567680] INFO perfrun.perfcollector <> - DRY_RUN: "reg_type       = 4	event_id       = 8	reg_id         = c4	reg_value      = ffffffe17b7d"
276 [22808461567680] INFO perfrun.perfcollector <> - eventId: 8, dataAddr: c4, dataVal: ffffffe17b7d
276 [22808461567680] INFO perfrun.perfcollector <> - DRY_RUN: "reg_type       = 4	event_id       = 3	reg_id         = c5	reg_value      = fffffffe795d"
276 [22808461567680] INFO perfrun.perfcollector <> - eventId: 3, dataAddr: c5, dataVal: fffffffe795d
276 [22808461567680] INFO perfrun.perfcollector <> - DRY_RUN: "reg_type       = 4	event_id       = 4	reg_id         = c6	reg_value      = fffffffe795d"
276 [22808461567680] INFO perfrun.perfcollector <> - eventId: 4, dataAddr: c6, dataVal: fffffffe795d
276 [22808461567680] INFO perfrun.perfcollector <> - DRY_RUN: "reg_type       = 4	event_id       = 11	reg_id         = c7	reg_value      = ffffffe17b7d"
276 [22808461567680] INFO perfrun.perfcollector <> - eventId: 11, dataAddr: c7, dataVal: ffffffe17b7d
276 [22808461567680] INFO perfrun.perfcollector <> - DRY_RUN: "reg_type       = 4	event_id       = 12	reg_id         = c8	reg_value      = ffffffe17b7d"
276 [22808461567680] INFO perfrun.perfcollector <> - eventId: 12, dataAddr: c8, dataVal: ffffffe17b7d
276 [22808461567680] INFO perfrun.perfcollector <> - DRY_RUN: "Group 1:"
276 [22808461567680] INFO perfrun.perfcollector <> - id: 1
276 [22808461567680] INFO perfrun.perfcollector <> - DRY_RUN: "INST_RETIRED.ANY: event id 2"
276 [22808461567680] INFO perfrun.perfcollector <> - eventName: INST_RETIRED.ANY, eventId: 2
276 [22808461567680] INFO perfrun.perfcollector <> - DRY_RUN: "CPU_CLK_UNHALTED.THREAD: event id 0"
276 [22808461567680] INFO perfrun.perfcollector <> - eventName: CPU_CLK_UNHALTED.THREAD, eventId: 0
276 [22808461567680] INFO perfrun.perfcollector <> - DRY_RUN: "CPU_CLK_UNHALTED.REF_TSC: event id 1"
276 [22808461567680] INFO perfrun.perfcollector <> - eventName: CPU_CLK_UNHALTED.REF_TSC, eventId: 1
276 [22808461567680] INFO perfrun.perfcollector <> - DRY_RUN: "FP_ARITH_INST_RETIRED.128B_PACKED_DOUBLE: event id 9"
276 [22808461567680] INFO perfrun.perfcollector <> - eventName: FP_ARITH_INST_RETIRED.128B_PACKED_DOUBLE, eventId: 9
276 [22808461567680] INFO perfrun.perfcollector <> - DRY_RUN: "FP_ARITH_INST_RETIRED.256B_PACKED_DOUBLE: event id 10"
276 [22808461567680] INFO perfrun.perfcollector <> - eventName: FP_ARITH_INST_RETIRED.256B_PACKED_DOUBLE, eventId: 10
276 [22808461567680] INFO perfrun.perfcollector <> - DRY_RUN: "CCCR"
276 [22808461567680] INFO perfrun.perfcollector <> - DRY_RUN: "reg_type       = 1	event_id       = g	reg_id         = 38f	reg_value      = 700000003"
276 [22808461567680] INFO perfrun.perfcollector <> - eventId: g, skip parsing event_id
276 [22808461567680] INFO perfrun.perfcollector <> - Register was ignored: group_id: 1, reg_type: 1, event_id: 4294967295, reg_id: 38f, reg_value: 700000003, pmu_name: cpu
276 [22808461567680] INFO perfrun.perfcollector <> - DRY_RUN: "reg_type       = 1	event_id       = g	reg_id         = 390	reg_value      = 700000003"
276 [22808461567680] INFO perfrun.perfcollector <> - eventId: g, skip parsing event_id
276 [22808461567680] INFO perfrun.perfcollector <> - Register was ignored: group_id: 1, reg_type: 1, event_id: 4294967295, reg_id: 390, reg_value: 700000003, pmu_name: cpu
276 [22808461567680] INFO perfrun.perfcollector <> - DRY_RUN: "reg_type       = 1	event_id       = g	reg_id         = 3f1	reg_value      = 0"
276 [22808461567680] INFO perfrun.perfcollector <> - eventId: g, skip parsing event_id
276 [22808461567680] INFO perfrun.perfcollector <> - Register was ignored: group_id: 1, reg_type: 1, event_id: 4294967295, reg_id: 3f1, reg_value: 0, pmu_name: cpu
276 [22808461567680] INFO perfrun.perfcollector <> - DRY_RUN: "reg_type       = 1	event_id       = g	reg_id         = 1d9	reg_value      = 1800"
276 [22808461567680] INFO perfrun.perfcollector <> - eventId: g, skip parsing event_id
276 [22808461567680] INFO perfrun.perfcollector <> - Register was ignored: group_id: 1, reg_type: 1, event_id: 4294967295, reg_id: 1d9, reg_value: 1800, pmu_name: cpu
276 [22808461567680] INFO perfrun.perfcollector <> - DRY_RUN: "reg_type       = 1	event_id       = g	reg_id         = 38d	reg_value      = bbb"
276 [22808461567680] INFO perfrun.perfcollector <> - eventId: g, skip parsing event_id
276 [22808461567680] INFO perfrun.perfcollector <> - Register was ignored: group_id: 1, reg_type: 1, event_id: 4294967295, reg_id: 38d, reg_value: bbb, pmu_name: cpu
276 [22808461567680] INFO perfrun.perfcollector <> - DRY_RUN: "reg_type       = 1	event_id       = 9	reg_id         = 186	reg_value      = 5304c7"
276 [22808461567680] INFO perfrun.perfcollector <> - Event selector: group_id: 1, reg_type: 1, event_id: 9, reg_id: 186, reg_value: 5304c7, pmu_name: cpu
276 [22808461567680] INFO perfrun.perfcollector <> - DRY_RUN: "reg_type       = 1	event_id       = 10	reg_id         = 187	reg_value      = 5310c7"
276 [22808461567680] INFO perfrun.perfcollector <> - Event selector: group_id: 1, reg_type: 1, event_id: 10, reg_id: 187, reg_value: 5310c7, pmu_name: cpu
276 [22808461567680] INFO perfrun.perfcollector <> - DRY_RUN: "ESCR"
276 [22808461567680] INFO perfrun.perfcollector <> - DRY_RUN: "reg_type       = 2	event_id       = g	reg_id         = 1c8	reg_value      = 0"
276 [22808461567680] INFO perfrun.perfcollector <> - eventId: g, skip parsing event_id
276 [22808461567680] INFO perfrun.perfcollector <> - DRY_RUN: "DATA"
276 [22808461567680] INFO perfrun.perfcollector <> - DRY_RUN: "reg_type       = 4	event_id       = 2	reg_id         = 309	reg_value      = ffffffdb6100"
276 [22808461567680] INFO perfrun.perfcollector <> - eventId: 2, dataAddr: 309, dataVal: ffffffdb6100
276 [22808461567680] INFO perfrun.perfcollector <> - DRY_RUN: "reg_type       = 4	event_id       = 0	reg_id         = 30a	reg_value      = ffffffe17b7d"
276 [22808461567680] INFO perfrun.perfcollector <> - eventId: 0, dataAddr: 30a, dataVal: ffffffe17b7d
276 [22808461567680] INFO perfrun.perfcollector <> - DRY_RUN: "reg_type       = 4	event_id       = 1	reg_id         = 30b	reg_value      = ffffffdb6100"
276 [22808461567680] INFO perfrun.perfcollector <> - eventId: 1, dataAddr: 30b, dataVal: ffffffdb6100
276 [22808461567680] INFO perfrun.perfcollector <> - DRY_RUN: "reg_type       = 4	event_id       = 9	reg_id         = c1	reg_value      = ffffffe17b7d"
276 [22808461567680] INFO perfrun.perfcollector <> - eventId: 9, dataAddr: c1, dataVal: ffffffe17b7d
276 [22808461567680] INFO perfrun.perfcollector <> - DRY_RUN: "reg_type       = 4	event_id       = 10	reg_id         = c2	reg_value      = ffffffe17b7d"
276 [22808461567680] INFO perfrun.perfcollector <> - eventId: 10, dataAddr: c2, dataVal: ffffffe17b7d
276 [22808461567680] INFO perfrun.perfcollector <> - event name: CPU_CLK_UNHALTED.THREAD
276 [22808461567680] INFO perfrun.perfcollector <> - pmu config: cpu
276 [22808461567680] INFO perfrun.perfcollector <> - cccrAddr: ffffffff, cccrValue: 0
276 [22808461567680] INFO perfrun.perfcollector <> - dataAddr: 30a, dataValue: ffffffffffe17b7d
276 [22808461567680] INFO perfrun.perfcollector <> - escrAddr: ffffffff, escrValue: 0
276 [22808461567680] INFO perfrun.perfcollector <> - extendedPebsValue: 0
276 [22808461567680] INFO perfrun.perfcollector <> - adaptivePebsAvailable: 0
276 [22808461567680] INFO perfrun.perfcollector <> - config: event: 3c
276 [22808461567680] INFO perfrun.perfcollector <> - config: pc: 0
276 [22808461567680] INFO perfrun.perfcollector <> - config: in_tx: 0
276 [22808461567680] INFO perfrun.perfcollector <> - config: edge: 0
276 [22808461567680] INFO perfrun.perfcollector <> - config: any: 0
276 [22808461567680] INFO perfrun.perfcollector <> - config1: offcore_rsp: 0
276 [22808461567680] INFO perfrun.perfcollector <> - config: in_tx_cp: 0
276 [22808461567680] INFO perfrun.perfcollector <> - config1: ldlat: 0
276 [22808461567680] INFO perfrun.perfcollector <> - config: inv: 0
276 [22808461567680] INFO perfrun.perfcollector <> - config: umask: 0
276 [22808461567680] INFO perfrun.perfcollector <> - config: cmask: 0
276 [22808461567680] INFO perfrun.perfcollector <> - format: cpu/event=0x3c,name='CPU_CLK_UNHALTED.THREAD'/D
276 [22808461567680] INFO perfrun.perfcollector <> - event name: CPU_CLK_UNHALTED.REF_TSC
277 [22808461567680] INFO perfrun.perfcollector <> - pmu config: cpu
277 [22808461567680] INFO perfrun.perfcollector <> - cccrAddr: ffffffff, cccrValue: 0
277 [22808461567680] INFO perfrun.perfcollector <> - dataAddr: 30b, dataValue: ffffffffffdb6100
277 [22808461567680] INFO perfrun.perfcollector <> - escrAddr: ffffffff, escrValue: 0
277 [22808461567680] INFO perfrun.perfcollector <> - extendedPebsValue: 0
277 [22808461567680] INFO perfrun.perfcollector <> - adaptivePebsAvailable: 0
277 [22808461567680] INFO perfrun.perfcollector <> - config: event: 0
277 [22808461567680] INFO perfrun.perfcollector <> - config: pc: 0
277 [22808461567680] INFO perfrun.perfcollector <> - config: in_tx: 0
277 [22808461567680] INFO perfrun.perfcollector <> - config: edge: 0
277 [22808461567680] INFO perfrun.perfcollector <> - config: any: 0
277 [22808461567680] INFO perfrun.perfcollector <> - config1: offcore_rsp: 0
277 [22808461567680] INFO perfrun.perfcollector <> - config: in_tx_cp: 0
277 [22808461567680] INFO perfrun.perfcollector <> - config1: ldlat: 0
277 [22808461567680] INFO perfrun.perfcollector <> - config: inv: 0
277 [22808461567680] INFO perfrun.perfcollector <> - config: umask: 3
277 [22808461567680] INFO perfrun.perfcollector <> - config: cmask: 0
277 [22808461567680] INFO perfrun.perfcollector <> - format: cpu/umask=0x3,name='CPU_CLK_UNHALTED.REF_TSC'/D
277 [22808461567680] INFO perfrun.perfcollector <> - event name: INST_RETIRED.ANY
277 [22808461567680] INFO perfrun.perfcollector <> - pmu config: cpu
277 [22808461567680] INFO perfrun.perfcollector <> - cccrAddr: ffffffff, cccrValue: 0
277 [22808461567680] INFO perfrun.perfcollector <> - dataAddr: 309, dataValue: ffffffffffdb6100
277 [22808461567680] INFO perfrun.perfcollector <> - escrAddr: ffffffff, escrValue: 0
277 [22808461567680] INFO perfrun.perfcollector <> - extendedPebsValue: 0
277 [22808461567680] INFO perfrun.perfcollector <> - adaptivePebsAvailable: 0
277 [22808461567680] INFO perfrun.perfcollector <> - config: event: c0
277 [22808461567680] INFO perfrun.perfcollector <> - config: pc: 0
277 [22808461567680] INFO perfrun.perfcollector <> - config: in_tx: 0
277 [22808461567680] INFO perfrun.perfcollector <> - config: edge: 0
277 [22808461567680] INFO perfrun.perfcollector <> - config: any: 0
277 [22808461567680] INFO perfrun.perfcollector <> - config1: offcore_rsp: 0
277 [22808461567680] INFO perfrun.perfcollector <> - config: in_tx_cp: 0
277 [22808461567680] INFO perfrun.perfcollector <> - config1: ldlat: 0
277 [22808461567680] INFO perfrun.perfcollector <> - config: inv: 0
277 [22808461567680] INFO perfrun.perfcollector <> - config: umask: 0
277 [22808461567680] INFO perfrun.perfcollector <> - config: cmask: 0
277 [22808461567680] INFO perfrun.perfcollector <> - format: cpu/event=0xc0,name='INST_RETIRED.ANY'/D
277 [22808461567680] INFO perfrun.perfcollector <> - event name: CPU_CLK_UNHALTED.REF_XCLK
277 [22808461567680] INFO perfrun.perfcollector <> - pmu config: cpu
277 [22808461567680] INFO perfrun.perfcollector <> - cccrAddr: 18a, cccrValue: 53013c
277 [22808461567680] INFO perfrun.perfcollector <> - dataAddr: c5, dataValue: fffffffffffe795d
277 [22808461567680] INFO perfrun.perfcollector <> - escrAddr: ffffffff, escrValue: 0
277 [22808461567680] INFO perfrun.perfcollector <> - extendedPebsValue: 0
277 [22808461567680] INFO perfrun.perfcollector <> - adaptivePebsAvailable: 0
277 [22808461567680] INFO perfrun.perfcollector <> - config: event: 3c
277 [22808461567680] INFO perfrun.perfcollector <> - config: pc: 0
277 [22808461567680] INFO perfrun.perfcollector <> - config: in_tx: 0
277 [22808461567680] INFO perfrun.perfcollector <> - config: edge: 0
277 [22808461567680] INFO perfrun.perfcollector <> - config: any: 0
277 [22808461567680] INFO perfrun.perfcollector <> - config1: offcore_rsp: 0
277 [22808461567680] INFO perfrun.perfcollector <> - config: in_tx_cp: 0
277 [22808461567680] INFO perfrun.perfcollector <> - config1: ldlat: 0
277 [22808461567680] INFO perfrun.perfcollector <> - config: inv: 0
277 [22808461567680] INFO perfrun.perfcollector <> - config: umask: 1
277 [22808461567680] INFO perfrun.perfcollector <> - config: cmask: 0
277 [22808461567680] INFO perfrun.perfcollector <> - format: cpu/event=0x3c,umask=0x1,name='CPU_CLK_UNHALTED.REF_XCLK'/
277 [22808461567680] INFO perfrun.perfcollector <> - event name: CPU_CLK_UNHALTED.ONE_THREAD_ACTIVE
277 [22808461567680] INFO perfrun.perfcollector <> - pmu config: cpu
277 [22808461567680] INFO perfrun.perfcollector <> - cccrAddr: 18b, cccrValue: 53023c
277 [22808461567680] INFO perfrun.perfcollector <> - dataAddr: c6, dataValue: fffffffffffe795d
277 [22808461567680] INFO perfrun.perfcollector <> - escrAddr: ffffffff, escrValue: 0
277 [22808461567680] INFO perfrun.perfcollector <> - extendedPebsValue: 0
277 [22808461567680] INFO perfrun.perfcollector <> - adaptivePebsAvailable: 0
277 [22808461567680] INFO perfrun.perfcollector <> - config: event: 3c
277 [22808461567680] INFO perfrun.perfcollector <> - config: pc: 0
277 [22808461567680] INFO perfrun.perfcollector <> - config: in_tx: 0
277 [22808461567680] INFO perfrun.perfcollector <> - config: edge: 0
277 [22808461567680] INFO perfrun.perfcollector <> - config: any: 0
277 [22808461567680] INFO perfrun.perfcollector <> - config1: offcore_rsp: 0
277 [22808461567680] INFO perfrun.perfcollector <> - config: in_tx_cp: 0
277 [22808461567680] INFO perfrun.perfcollector <> - config1: ldlat: 0
277 [22808461567680] INFO perfrun.perfcollector <> - config: inv: 0
277 [22808461567680] INFO perfrun.perfcollector <> - config: umask: 2
277 [22808461567680] INFO perfrun.perfcollector <> - config: cmask: 0
277 [22808461567680] INFO perfrun.perfcollector <> - format: cpu/event=0x3c,umask=0x2,name='CPU_CLK_UNHALTED.ONE_THREAD_ACTIVE'/
277 [22808461567680] INFO perfrun.perfcollector <> - event name: FP_ARITH_INST_RETIRED.SCALAR_SINGLE
277 [22808461567680] INFO perfrun.perfcollector <> - pmu config: cpu
277 [22808461567680] INFO perfrun.perfcollector <> - cccrAddr: 186, cccrValue: 5302c7
277 [22808461567680] INFO perfrun.perfcollector <> - dataAddr: c1, dataValue: ffffffffffe17b7d
277 [22808461567680] INFO perfrun.perfcollector <> - escrAddr: ffffffff, escrValue: 0
277 [22808461567680] INFO perfrun.perfcollector <> - extendedPebsValue: 0
277 [22808461567680] INFO perfrun.perfcollector <> - adaptivePebsAvailable: 0
277 [22808461567680] INFO perfrun.perfcollector <> - config: event: c7
277 [22808461567680] INFO perfrun.perfcollector <> - config: pc: 0
277 [22808461567680] INFO perfrun.perfcollector <> - config: in_tx: 0
277 [22808461567680] INFO perfrun.perfcollector <> - config: edge: 0
277 [22808461567680] INFO perfrun.perfcollector <> - config: any: 0
277 [22808461567680] INFO perfrun.perfcollector <> - config1: offcore_rsp: 0
277 [22808461567680] INFO perfrun.perfcollector <> - config: in_tx_cp: 0
277 [22808461567680] INFO perfrun.perfcollector <> - config1: ldlat: 0
277 [22808461567680] INFO perfrun.perfcollector <> - config: inv: 0
277 [22808461567680] INFO perfrun.perfcollector <> - config: umask: 2
277 [22808461567680] INFO perfrun.perfcollector <> - config: cmask: 0
277 [22808461567680] INFO perfrun.perfcollector <> - format: cpu/event=0xc7,umask=0x2,name='FP_ARITH_INST_RETIRED.SCALAR_SINGLE'/
277 [22808461567680] INFO perfrun.perfcollector <> - event name: FP_ARITH_INST_RETIRED.128B_PACKED_SINGLE
277 [22808461567680] INFO perfrun.perfcollector <> - pmu config: cpu
277 [22808461567680] INFO perfrun.perfcollector <> - cccrAddr: 187, cccrValue: 5308c7
277 [22808461567680] INFO perfrun.perfcollector <> - dataAddr: c2, dataValue: ffffffffffe17b7d
277 [22808461567680] INFO perfrun.perfcollector <> - escrAddr: ffffffff, escrValue: 0
277 [22808461567680] INFO perfrun.perfcollector <> - extendedPebsValue: 0
277 [22808461567680] INFO perfrun.perfcollector <> - adaptivePebsAvailable: 0
277 [22808461567680] INFO perfrun.perfcollector <> - config: event: c7
277 [22808461567680] INFO perfrun.perfcollector <> - config: pc: 0
277 [22808461567680] INFO perfrun.perfcollector <> - config: in_tx: 0
277 [22808461567680] INFO perfrun.perfcollector <> - config: edge: 0
277 [22808461567680] INFO perfrun.perfcollector <> - config: any: 0
277 [22808461567680] INFO perfrun.perfcollector <> - config1: offcore_rsp: 0
277 [22808461567680] INFO perfrun.perfcollector <> - config: in_tx_cp: 0
277 [22808461567680] INFO perfrun.perfcollector <> - config1: ldlat: 0
277 [22808461567680] INFO perfrun.perfcollector <> - config: inv: 0
277 [22808461567680] INFO perfrun.perfcollector <> - config: umask: 8
277 [22808461567680] INFO perfrun.perfcollector <> - config: cmask: 0
277 [22808461567680] INFO perfrun.perfcollector <> - format: cpu/event=0xc7,umask=0x8,name='FP_ARITH_INST_RETIRED.128B_PACKED_SINGLE'/
277 [22808461567680] INFO perfrun.perfcollector <> - event name: FP_ARITH_INST_RETIRED.256B_PACKED_SINGLE
277 [22808461567680] INFO perfrun.perfcollector <> - pmu config: cpu
277 [22808461567680] INFO perfrun.perfcollector <> - cccrAddr: 188, cccrValue: 5320c7
277 [22808461567680] INFO perfrun.perfcollector <> - dataAddr: c3, dataValue: ffffffffffe17b7d
277 [22808461567680] INFO perfrun.perfcollector <> - escrAddr: ffffffff, escrValue: 0
277 [22808461567680] INFO perfrun.perfcollector <> - extendedPebsValue: 0
277 [22808461567680] INFO perfrun.perfcollector <> - adaptivePebsAvailable: 0
277 [22808461567680] INFO perfrun.perfcollector <> - config: event: c7
277 [22808461567680] INFO perfrun.perfcollector <> - config: pc: 0
277 [22808461567680] INFO perfrun.perfcollector <> - config: in_tx: 0
277 [22808461567680] INFO perfrun.perfcollector <> - config: edge: 0
277 [22808461567680] INFO perfrun.perfcollector <> - config: any: 0
277 [22808461567680] INFO perfrun.perfcollector <> - config1: offcore_rsp: 0
277 [22808461567680] INFO perfrun.perfcollector <> - config: in_tx_cp: 0
277 [22808461567680] INFO perfrun.perfcollector <> - config1: ldlat: 0
277 [22808461567680] INFO perfrun.perfcollector <> - config: inv: 0
277 [22808461567680] INFO perfrun.perfcollector <> - config: umask: 20
277 [22808461567680] INFO perfrun.perfcollector <> - config: cmask: 0
277 [22808461567680] INFO perfrun.perfcollector <> - format: cpu/event=0xc7,umask=0x20,name='FP_ARITH_INST_RETIRED.256B_PACKED_SINGLE'/
277 [22808461567680] INFO perfrun.perfcollector <> - event name: FP_ARITH_INST_RETIRED.SCALAR_DOUBLE
277 [22808461567680] INFO perfrun.perfcollector <> - pmu config: cpu
277 [22808461567680] INFO perfrun.perfcollector <> - cccrAddr: 189, cccrValue: 5301c7
277 [22808461567680] INFO perfrun.perfcollector <> - dataAddr: c4, dataValue: ffffffffffe17b7d
277 [22808461567680] INFO perfrun.perfcollector <> - escrAddr: ffffffff, escrValue: 0
277 [22808461567680] INFO perfrun.perfcollector <> - extendedPebsValue: 0
277 [22808461567680] INFO perfrun.perfcollector <> - adaptivePebsAvailable: 0
277 [22808461567680] INFO perfrun.perfcollector <> - config: event: c7
277 [22808461567680] INFO perfrun.perfcollector <> - config: pc: 0
277 [22808461567680] INFO perfrun.perfcollector <> - config: in_tx: 0
277 [22808461567680] INFO perfrun.perfcollector <> - config: edge: 0
277 [22808461567680] INFO perfrun.perfcollector <> - config: any: 0
277 [22808461567680] INFO perfrun.perfcollector <> - config1: offcore_rsp: 0
277 [22808461567680] INFO perfrun.perfcollector <> - config: in_tx_cp: 0
277 [22808461567680] INFO perfrun.perfcollector <> - config1: ldlat: 0
277 [22808461567680] INFO perfrun.perfcollector <> - config: inv: 0
277 [22808461567680] INFO perfrun.perfcollector <> - config: umask: 1
277 [22808461567680] INFO perfrun.perfcollector <> - config: cmask: 0
277 [22808461567680] INFO perfrun.perfcollector <> - format: cpu/event=0xc7,umask=0x1,name='FP_ARITH_INST_RETIRED.SCALAR_DOUBLE'/
277 [22808461567680] INFO perfrun.perfcollector <> - event name: FP_ARITH_INST_RETIRED.128B_PACKED_DOUBLE
277 [22808461567680] INFO perfrun.perfcollector <> - pmu config: cpu
277 [22808461567680] INFO perfrun.perfcollector <> - cccrAddr: 186, cccrValue: 5304c7
277 [22808461567680] INFO perfrun.perfcollector <> - dataAddr: c1, dataValue: ffffffffffe17b7d
277 [22808461567680] INFO perfrun.perfcollector <> - escrAddr: ffffffff, escrValue: 0
277 [22808461567680] INFO perfrun.perfcollector <> - extendedPebsValue: 0
277 [22808461567680] INFO perfrun.perfcollector <> - adaptivePebsAvailable: 0
277 [22808461567680] INFO perfrun.perfcollector <> - config: event: c7
277 [22808461567680] INFO perfrun.perfcollector <> - config: pc: 0
277 [22808461567680] INFO perfrun.perfcollector <> - config: in_tx: 0
277 [22808461567680] INFO perfrun.perfcollector <> - config: edge: 0
277 [22808461567680] INFO perfrun.perfcollector <> - config: any: 0
277 [22808461567680] INFO perfrun.perfcollector <> - config1: offcore_rsp: 0
277 [22808461567680] INFO perfrun.perfcollector <> - config: in_tx_cp: 0
277 [22808461567680] INFO perfrun.perfcollector <> - config1: ldlat: 0
277 [22808461567680] INFO perfrun.perfcollector <> - config: inv: 0
277 [22808461567680] INFO perfrun.perfcollector <> - config: umask: 4
277 [22808461567680] INFO perfrun.perfcollector <> - config: cmask: 0
277 [22808461567680] INFO perfrun.perfcollector <> - format: cpu/event=0xc7,umask=0x4,name='FP_ARITH_INST_RETIRED.128B_PACKED_DOUBLE'/
277 [22808461567680] INFO perfrun.perfcollector <> - event name: FP_ARITH_INST_RETIRED.256B_PACKED_DOUBLE
277 [22808461567680] INFO perfrun.perfcollector <> - pmu config: cpu
277 [22808461567680] INFO perfrun.perfcollector <> - cccrAddr: 187, cccrValue: 5310c7
277 [22808461567680] INFO perfrun.perfcollector <> - dataAddr: c2, dataValue: ffffffffffe17b7d
277 [22808461567680] INFO perfrun.perfcollector <> - escrAddr: ffffffff, escrValue: 0
277 [22808461567680] INFO perfrun.perfcollector <> - extendedPebsValue: 0
277 [22808461567680] INFO perfrun.perfcollector <> - adaptivePebsAvailable: 0
277 [22808461567680] INFO perfrun.perfcollector <> - config: event: c7
277 [22808461567680] INFO perfrun.perfcollector <> - config: pc: 0
277 [22808461567680] INFO perfrun.perfcollector <> - config: in_tx: 0
277 [22808461567680] INFO perfrun.perfcollector <> - config: edge: 0
277 [22808461567680] INFO perfrun.perfcollector <> - config: any: 0
277 [22808461567680] INFO perfrun.perfcollector <> - config1: offcore_rsp: 0
277 [22808461567680] INFO perfrun.perfcollector <> - config: in_tx_cp: 0
277 [22808461567680] INFO perfrun.perfcollector <> - config1: ldlat: 0
277 [22808461567680] INFO perfrun.perfcollector <> - config: inv: 0
277 [22808461567680] INFO perfrun.perfcollector <> - config: umask: 10
277 [22808461567680] INFO perfrun.perfcollector <> - config: cmask: 0
277 [22808461567680] INFO perfrun.perfcollector <> - format: cpu/event=0xc7,umask=0x10,name='FP_ARITH_INST_RETIRED.256B_PACKED_DOUBLE'/
277 [22808461567680] INFO perfrun.perfcollector <> - event name: INST_RETIRED.X87
277 [22808461567680] INFO perfrun.perfcollector <> - pmu config: cpu
277 [22808461567680] INFO perfrun.perfcollector <> - cccrAddr: 18c, cccrValue: 5302c0
277 [22808461567680] INFO perfrun.perfcollector <> - dataAddr: c7, dataValue: ffffffffffe17b7d
277 [22808461567680] INFO perfrun.perfcollector <> - escrAddr: ffffffff, escrValue: 0
277 [22808461567680] INFO perfrun.perfcollector <> - extendedPebsValue: 0
277 [22808461567680] INFO perfrun.perfcollector <> - adaptivePebsAvailable: 0
277 [22808461567680] INFO perfrun.perfcollector <> - config: event: c0
277 [22808461567680] INFO perfrun.perfcollector <> - config: pc: 0
277 [22808461567680] INFO perfrun.perfcollector <> - config: in_tx: 0
277 [22808461567680] INFO perfrun.perfcollector <> - config: edge: 0
277 [22808461567680] INFO perfrun.perfcollector <> - config: any: 0
277 [22808461567680] INFO perfrun.perfcollector <> - config1: offcore_rsp: 0
277 [22808461567680] INFO perfrun.perfcollector <> - config: in_tx_cp: 0
277 [22808461567680] INFO perfrun.perfcollector <> - config1: ldlat: 0
277 [22808461567680] INFO perfrun.perfcollector <> - config: inv: 0
277 [22808461567680] INFO perfrun.perfcollector <> - config: umask: 2
277 [22808461567680] INFO perfrun.perfcollector <> - config: cmask: 0
277 [22808461567680] INFO perfrun.perfcollector <> - format: cpu/event=0xc0,umask=0x2,name='INST_RETIRED.X87'/
277 [22808461567680] INFO perfrun.perfcollector <> - event name: UOPS_RETIRED.RETIRE_SLOTS
277 [22808461567680] INFO perfrun.perfcollector <> - pmu config: cpu
277 [22808461567680] INFO perfrun.perfcollector <> - cccrAddr: 18d, cccrValue: 5302c2
277 [22808461567680] INFO perfrun.perfcollector <> - dataAddr: c8, dataValue: ffffffffffe17b7d
277 [22808461567680] INFO perfrun.perfcollector <> - escrAddr: ffffffff, escrValue: 0
277 [22808461567680] INFO perfrun.perfcollector <> - extendedPebsValue: 0
277 [22808461567680] INFO perfrun.perfcollector <> - adaptivePebsAvailable: 0
277 [22808461567680] INFO perfrun.perfcollector <> - config: event: c2
277 [22808461567680] INFO perfrun.perfcollector <> - config: pc: 0
277 [22808461567680] INFO perfrun.perfcollector <> - config: in_tx: 0
277 [22808461567680] INFO perfrun.perfcollector <> - config: edge: 0
277 [22808461567680] INFO perfrun.perfcollector <> - config: any: 0
277 [22808461567680] INFO perfrun.perfcollector <> - config1: offcore_rsp: 0
277 [22808461567680] INFO perfrun.perfcollector <> - config: in_tx_cp: 0
277 [22808461567680] INFO perfrun.perfcollector <> - config1: ldlat: 0
277 [22808461567680] INFO perfrun.perfcollector <> - config: inv: 0
277 [22808461567680] INFO perfrun.perfcollector <> - config: umask: 2
277 [22808461567680] INFO perfrun.perfcollector <> - config: cmask: 0
277 [22808461567680] INFO perfrun.perfcollector <> - format: cpu/event=0xc2,umask=0x2,name='UOPS_RETIRED.RETIRE_SLOTS'/
277 [22808461567680] INFO perfrun.perfcollector <> - event: cpu/event=0x3c,name='CPU_CLK_UNHALTED.THREAD'/Duk, added for counting
277 [22808461567680] INFO perfrun.perfcollector <> - event: cpu/umask=0x3,name='CPU_CLK_UNHALTED.REF_TSC'/Duk, added for counting
277 [22808461567680] INFO perfrun.perfcollector <> - event: cpu/event=0xc0,name='INST_RETIRED.ANY'/Duk, added for counting
277 [22808461567680] INFO perfrun.perfcollector <> - event: cpu/event=0x3c,umask=0x1,name='CPU_CLK_UNHALTED.REF_XCLK'/uk, added for counting
277 [22808461567680] INFO perfrun.perfcollector <> - event: cpu/event=0x3c,umask=0x2,name='CPU_CLK_UNHALTED.ONE_THREAD_ACTIVE'/uk, added for counting
277 [22808461567680] INFO perfrun.perfcollector <> - event: cpu/event=0xc7,umask=0x2,name='FP_ARITH_INST_RETIRED.SCALAR_SINGLE'/uk, added for counting
277 [22808461567680] INFO perfrun.perfcollector <> - event: cpu/event=0xc7,umask=0x8,name='FP_ARITH_INST_RETIRED.128B_PACKED_SINGLE'/uk, added for counting
277 [22808461567680] INFO perfrun.perfcollector <> - event: cpu/event=0xc7,umask=0x20,name='FP_ARITH_INST_RETIRED.256B_PACKED_SINGLE'/uk, added for counting
277 [22808461567680] INFO perfrun.perfcollector <> - event: cpu/event=0xc7,umask=0x1,name='FP_ARITH_INST_RETIRED.SCALAR_DOUBLE'/uk, added for counting
277 [22808461567680] INFO perfrun.perfcollector <> - event: cpu/event=0xc7,umask=0x4,name='FP_ARITH_INST_RETIRED.128B_PACKED_DOUBLE'/uk, added for counting
277 [22808461567680] INFO perfrun.perfcollector <> - event: cpu/event=0xc7,umask=0x10,name='FP_ARITH_INST_RETIRED.256B_PACKED_DOUBLE'/uk, added for counting
277 [22808461567680] INFO perfrun.perfcollector <> - event: cpu/event=0xc0,umask=0x2,name='INST_RETIRED.X87'/uk, added for counting
277 [22808461567680] INFO perfrun.perfcollector <> - event: cpu/event=0xc2,umask=0x2,name='UOPS_RETIRED.RETIRE_SLOTS'/uk, added for counting
277 [22808461567680] INFO perfrun.perfcollector <> - attaching to pid: 4294967295, collect mode: 1, rc modes: 3
289 [22808450520768] WARN perfrun.perfcollector <> - Perf stat trace pipe capacity: read = 1048576, write = 1048576, at file: vcs/perfrun1/plugins/perfcollector/src/profiler.cpp:765
300 [22808450520768] INFO perfrun.sdk <> - runCmd: /opt/intel/oneapi/vtune/2023.1.0/bin64/amplxe-perf stat -v --log-fd 10 --scale -x ; -e cpu/event=0x3c,name='CPU_CLK_UNHALTED.THREAD'/Duk,cpu/umask=0x3,name='CPU_CLK_UNHALTED.REF_TSC'/Duk,cpu/event=0xc0,name='INST_RETIRED.ANY'/Duk,cpu/event=0x3c,umask=0x1,name='CPU_CLK_UNHALTED.REF_XCLK'/uk,cpu/event=0x3c,umask=0x2,name='CPU_CLK_UNHALTED.ONE_THREAD_ACTIVE'/uk,cpu/event=0xc7,umask=0x2,name='FP_ARITH_INST_RETIRED.SCALAR_SINGLE'/uk,cpu/event=0xc7,umask=0x8,name='FP_ARITH_INST_RETIRED.128B_PACKED_SINGLE'/uk,cpu/event=0xc7,umask=0x20,name='FP_ARITH_INST_RETIRED.256B_PACKED_SINGLE'/uk,cpu/event=0xc7,umask=0x1,name='FP_ARITH_INST_RETIRED.SCALAR_DOUBLE'/uk,cpu/event=0xc7,umask=0x4,name='FP_ARITH_INST_RETIRED.128B_PACKED_DOUBLE'/uk,cpu/event=0xc7,umask=0x10,name='FP_ARITH_INST_RETIRED.256B_PACKED_DOUBLE'/uk,cpu/event=0xc0,umask=0x2,name='INST_RETIRED.X87'/uk,cpu/event=0xc2,umask=0x2,name='UOPS_RETIRED.RETIRE_SLOTS'/uk /opt/intel/oneapi/vtune/2023.1.0/bin64/amplxe-perf-sync dryrun sys
300 [22808450520768] INFO perfrun.sdk <> - runCmd started PID 2288062
492 [22808450520768] INFO perfrun.perfcollector <> - Monitor: runCmd RC = true
493 [22808461567680] INFO perfrun.launcher <> - plugin [aoclprofile] was disabled because it doesn't support the given collection type.
493 [22808461567680] INFO perfrun.tpss <> - initialize tpss controller
493 [22808461567680] INFO perfrun.tpss <> - configure collection mode: value = cpu:counters:nostack
493 [22808461567680] INFO perfrun.tpss <> - configure collection mode: value = cpu:stack
493 [22808461567680] INFO perfrun.tpss <> - default obj-size-min=1024
493 [22808461567680] INFO perfrun.tpss <> - default hash-table-size=0
493 [22808461567680] INFO perfrun.launcher <> - plugin [media] was disabled because it doesn't support the given collection type.
493 [22808461567680] INFO perfrun.launcher <> - plugin [] was disabled because it doesn't support the given collection type.
493 [22808461567680] INFO perfrun.launcher <> - plugin [] was disabled because it doesn't support the given collection type.
493 [22808461567680] INFO perfrun.launcher <> - plugin [parallelfs] was disabled because it doesn't support the given collection type.
493 [22808461567680] INFO perfrun.launcher <> - plugin [power] was disabled because it doesn't support the given collection type.
493 [22808461567680] INFO perfrun.launcher <> - plugin [hwloc] was disabled because it doesn't support the given collection type.
493 [22808461567680] INFO perfrun.launcher <> - plugin [ipmwatch] was disabled because it doesn't support the given collection type.
493 [22808461567680] INFO perfrun.launcher <> - plugin [os_counters] was disabled because it doesn't support the given collection type.
493 [22808461567680] INFO perfrun.launcher <> - plugin [l0_metrics] was disabled because it doesn't support the given collection type.
493 [22808604768128] INFO perfrun.launcher <> - set environment variable: LD_LIBRARY_PATH = /opt/intel/oneapi/vtune/2023.1.0/lib32/runtime:/opt/intel/oneapi/vtune/2023.1.0/lib64/runtime:/opt/intel/oneapi/tbb/2021.5.1/env/../lib/intel64/gcc4.8:/opt/intel/oneapi/mpi/2021.5.1//libfabric/lib:/opt/intel/oneapi/mpi/2021.5.1//lib/release:/opt/intel/oneapi/mpi/2021.5.1//lib:/opt/intel/oneapi/mkl/2022.0.2/lib/intel64:/opt/intel/oneapi/itac/2021.5.0/slib:/opt/intel/oneapi/debugger/2021.5.0/gdb/intel64/lib:/opt/intel/oneapi/debugger/2021.5.0/libipt/intel64/lib:/opt/intel/oneapi/debugger/2021.5.0/dep/lib:/opt/intel/oneapi/compiler/2022.0.2/linux/lib:/opt/intel/oneapi/compiler/2022.0.2/linux/lib/x64:/opt/intel/oneapi/compiler/2022.0.2/linux/lib/oclfpga/host/linux64/lib:/opt/intel/oneapi/compiler/2022.0.2/linux/compiler/lib/intel64_lin
493 [22808604768128] INFO perfrun.launcher <> - set environment variable: INTEL_LIBITTNOTIFY32 = /opt/intel/oneapi/vtune/2023.1.0/lib32/runtime/libittnotify_collector.so
493 [22808604768128] INFO perfrun.launcher <> - set environment variable: INTEL_LIBITTNOTIFY64 = /opt/intel/oneapi/vtune/2023.1.0/lib64/runtime/libittnotify_collector.so
493 [22808604768128] INFO perfrun.launcher <> - set environment variable: INTEL_ITTNOTIFY_GROUPS = 
493 [22808604768128] INFO perfrun.launcher <> - set environment variable: INTEL_JIT_PROFILER32 = /opt/intel/oneapi/vtune/2023.1.0/lib32/runtime/libittnotify_collector.so
493 [22808604768128] INFO perfrun.launcher <> - set environment variable: INTEL_JIT_PROFILER64 = /opt/intel/oneapi/vtune/2023.1.0/lib64/runtime/libittnotify_collector.so
494 [22808604768128] INFO perfrun.launcher <> - set environment variable: OMP_TOOL_LIBRARIES = /opt/intel/oneapi/vtune/2023.1.0/lib32/runtime/libittnotify_collector.so:/opt/intel/oneapi/vtune/2023.1.0/lib64/runtime/libittnotify_collector.so
494 [22808604768128] INFO perfrun.launcher <> - set environment variable: ENABLE_JITPROFILING = 1
494 [22808604768128] INFO perfrun.launcher <> - set environment variable: CL_CONFIG_USE_VTUNE = True
494 [22808604768128] INFO perfrun.launcher <> - set environment variable: LD_PRELOAD = libittnotify_collector.so:
494 [22808604768128] INFO perfrun.launcher <> - set environment variable: KMP_FORKJOIN_FRAMES = 0
494 [22808604768128] INFO perfrun.launcher <> - set environment variable: KMP_FORKJOIN_FRAMES_MODE = 0
494 [22808604768128] INFO perfrun.launcher <> - set environment variable: OMP_TOOL = disabled
494 [22808604768128] INFO perfrun.launcher <> - set environment variable: INTEL_MRTE_DATA_DIR = /home/course/hpc/users/2022012388/exp8/result.conv2/data.38
494 [22808604768128] INFO perfrun.launcher <> - set environment variable: INTEL_MRTE_HOST_NAME = conv2
494 [22808604768128] INFO perfrun.launcher <> - set environment variable: JAVA_TOOL_OPTIONS = -agentlib:amplxe_tpssmrte_javaprof_1.0 -Dsun.boot.library.path=/opt/intel/oneapi/vtune/2023.1.0/lib32/runtime:/opt/intel/oneapi/vtune/2023.1.0/lib64/runtime
494 [22808604768128] INFO perfrun.launcher <> - set environment variable: LD_LIBRARY_PATH = /opt/intel/oneapi/vtune/2023.1.0/lib32/runtime:/opt/intel/oneapi/vtune/2023.1.0/lib64/runtime:/opt/intel/oneapi/tbb/2021.5.1/env/../lib/intel64/gcc4.8:/opt/intel/oneapi/mpi/2021.5.1//libfabric/lib:/opt/intel/oneapi/mpi/2021.5.1//lib/release:/opt/intel/oneapi/mpi/2021.5.1//lib:/opt/intel/oneapi/mkl/2022.0.2/lib/intel64:/opt/intel/oneapi/itac/2021.5.0/slib:/opt/intel/oneapi/debugger/2021.5.0/gdb/intel64/lib:/opt/intel/oneapi/debugger/2021.5.0/libipt/intel64/lib:/opt/intel/oneapi/debugger/2021.5.0/dep/lib:/opt/intel/oneapi/compiler/2022.0.2/linux/lib:/opt/intel/oneapi/compiler/2022.0.2/linux/lib/x64:/opt/intel/oneapi/compiler/2022.0.2/linux/lib/oclfpga/host/linux64/lib:/opt/intel/oneapi/compiler/2022.0.2/linux/compiler/lib/intel64_lin
494 [22808604768128] INFO perfrun.launcher <> - set environment variable: CORECLR_ENABLE_PROFILING = 1
494 [22808604768128] INFO perfrun.launcher <> - set environment variable: CORECLR_PROFILER = {AA5E4821-E3B1-479c-B7FF-5AD047D22CED}
494 [22808604768128] INFO perfrun.launcher <> - set environment variable: CORECLR_PROFILER_PATH = /opt/intel/oneapi/vtune/2023.1.0/lib64/libamplxe_samplingmrte_clrprof_1.0.so
494 [22808604768128] INFO perfrun.launcher <> - set environment variable: INTEL_MRTE_PROFILER_MODE = mixed
494 [22808604768128] INFO perfrun.launcher <> - RpcServer: run RPC server to handle requests
495 [22808604768128] INFO perfrun.launcher <> - Launcher: command line to start before modification = ./run.sh 2022012388
495 [22808604768128] INFO perfrun.launcher <> - Launcher: command line to start after modification = /opt/intel/oneapi/vtune/2023.1.0/bin64/pin -error_file /home/course/hpc/users/2022012388/exp8/result.conv2/data.38/pinerr.tpsslog -detach_reattach -follow_execv -tool_load_option deepbind -t64 /opt/intel/oneapi/vtune/2023.1.0/lib64/libtpsstool.so -t /opt/intel/oneapi/vtune/2023.1.0/lib32/libtpsstool.so -server_name tpss_ipc.2287924 -prd_dir /opt/intel/oneapi/vtune/2023.1.0 -- ./run.sh 2022012388
