13 [22900760319872] INFO perfrun.launcher <> - Launcher main begin
15 [22900760319872] INFO perfrun.launcher <> - MessageCatalogInit finished
15 [22900760319872] INFO perfrun.launcher <> - Launcher instance created
15 [22900760319872] INFO perfrun.launcher <> - argc = 7; cmdline = /opt/intel/oneapi/vtune/2023.1.0/bin64/amplxe-runss --ui-output-format xml --ui-output-fd 5 --option-file /home/course/hpc/users/2022012388/exp8/result.conv2/config/runss.options.6 
97 [22900760319872] INFO perfrun.launcher <> - create msngr2::ICliToolContext
97 [22900760319872] INFO perfrun.launcher <> - create file finder object
97 [22900760319872] INFO perfrun.launcher <> - create a result directory: pattern = /home/course/hpc/users/2022012388/exp8/result.conv2 pid = 4294967295
100 [22900760319872] INFO perfrun.sdk <> - checked that the directory /home/course/hpc/users/2022012388/exp8/result.conv2 is a local directory
100 [22900760319872] INFO perfrun.sdk <> - the directory /home/course/hpc/users/2022012388/exp8/result.conv2 is located on a share or its FS ID is unknown 26985
100 [22900760319872] INFO perfrun.sdk <> - checked that the directory /tmp/amplxe-tmp-2022012388 is a local directory
100 [22900760319872] INFO perfrun.sdk <> - the directory /tmp/amplxe-tmp-2022012388 is located on a share or its FS ID is unknown 2035054128
101 [22900760319872] INFO perfrun.launcher <> - create data directory = /home/course/hpc/users/2022012388/exp8/result.conv2/data.6
101 [22900760319872] INFO perfrun.launcher <> - Creating the master collection flag
102 [22900760319872] INFO perfrun.launcher <> - Done creating the master collection flag
105 [22900616718016] INFO perfrun.launcher <> - plugin [remoteplug] was disabled because it doesn't support the given collection type.
105 [22900616718016] INFO perfrun.sdk <> - Allocating TMU :/home/course/hpc/users/2022012388/exp8/result.conv2/data.6/systemcollector-2284201-conv2.sc
106 [22900616718016] INFO perfrun.launcher <> - plugin [vdso] was disabled because it doesn't support the given collection type.
106 [22900616718016] INFO perfrun.launcher <> - plugin [ptracecollector] was disabled because it doesn't support the given collection type.
106 [22900616718016] INFO perfrun.launcher <> - plugin [gpu] was disabled because it doesn't support the given collection type.
106 [22900616718016] INFO perfrun.launcher <> - plugin [] was disabled because it doesn't support the given collection type.
106 [22900616718016] INFO perfrun.launcher <> - plugin [] was disabled because it doesn't support the given collection type.
106 [22900616718016] INFO perfrun.launcher <> - plugin [] was disabled because it doesn't support the given collection type.
106 [22900616718016] INFO perfrun.mrte <> - system-wide mode is 0
106 [22900616718016] INFO perfrun.mrte <> - Getting  mrte profiling environment ...
121 [22900616718016] INFO perfrun.mrte <> - INTEL_MRTE_DATA_DIR=/home/course/hpc/users/2022012388/exp8/result.conv2/data.6
121 [22900616718016] INFO perfrun.mrte <> - INTEL_MRTE_HOST_NAME=conv2
121 [22900616718016] INFO perfrun.mrte <> - JAVA_TOOL_OPTIONS=-agentlib:amplxe_tpssmrte_javaprof_1.0 -Dsun.boot.library.path=/opt/intel/oneapi/vtune/2023.1.0/lib32/runtime:/opt/intel/oneapi/vtune/2023.1.0/lib64/runtime
121 [22900616718016] INFO perfrun.mrte <> - LD_LIBRARY_PATH=/opt/intel/oneapi/vtune/2023.1.0/lib32/runtime:/opt/intel/oneapi/vtune/2023.1.0/lib64/runtime:/opt/intel/oneapi/tbb/2021.5.1/env/../lib/intel64/gcc4.8:/opt/intel/oneapi/mpi/2021.5.1//libfabric/lib:/opt/intel/oneapi/mpi/2021.5.1//lib/release:/opt/intel/oneapi/mpi/2021.5.1//lib:/opt/intel/oneapi/mkl/2022.0.2/lib/intel64:/opt/intel/oneapi/itac/2021.5.0/slib:/opt/intel/oneapi/debugger/2021.5.0/gdb/intel64/lib:/opt/intel/oneapi/debugger/2021.5.0/libipt/intel64/lib:/opt/intel/oneapi/debugger/2021.5.0/dep/lib:/opt/intel/oneapi/compiler/2022.0.2/linux/lib:/opt/intel/oneapi/compiler/2022.0.2/linux/lib/x64:/opt/intel/oneapi/compiler/2022.0.2/linux/lib/oclfpga/host/linux64/lib:/opt/intel/oneapi/compiler/2022.0.2/linux/compiler/lib/intel64_lin
121 [22900616718016] INFO perfrun.mrte <> - CORECLR_ENABLE_PROFILING=1
122 [22900616718016] INFO perfrun.mrte <> - CORECLR_PROFILER={AA5E4821-E3B1-479c-B7FF-5AD047D22CED}
122 [22900616718016] INFO perfrun.mrte <> - CORECLR_PROFILER_PATH=/opt/intel/oneapi/vtune/2023.1.0/lib64/libamplxe_samplingmrte_clrprof_1.0.so
122 [22900616718016] INFO perfrun.mrte <> - INTEL_MRTE_PROFILER_MODE=mixed
122 [22900616718016] INFO perfrun.mrte <> - Data directory: /home/course/hpc/users/2022012388/exp8/result.conv2/data.6
122 [22900616718016] INFO perfrun.mrte <> - Mrte plugin is initialized
122 [22900616718016] INFO perfrun.launcher <> - plugin [emon] was disabled because it doesn't support the given collection type.
122 [22900616718016] INFO perfrun.launcher <> - plugin [cuscol] was disabled because it doesn't support the given collection type.
122 [22900616718016] INFO perfrun.launcher <> - plugin [stdsrc] was disabled because it doesn't support the given collection type.
122 [22900616718016] INFO perfrun.launcher <> - plugin [sep] was disabled because it doesn't support the given collection type.
122 [22900616718016] INFO perfrun.launcher <> - plugin [vtsspp] was disabled because it doesn't support the given collection type.
122 [22900616718016] INFO perfrun.sdk <> - Reading value (0) from file: /proc/sys/kernel/perf_event_paranoid
122 [22900616718016] INFO perfrun.perfcollector <> - checking access to: /opt/intel/oneapi/vtune/2023.1.0/bin64/amplxe-perf-priv
125 [22900616718016] INFO perfrun.perfcollector <> - cpu: family = 6 model = 79
125 [22900616718016] INFO perfrun.perfcollector <> - dir found: /sys/bus/event_source/devices/software
125 [22900616718016] INFO perfrun.perfcollector <> - format: pmu format subdir doesn't exist
125 [22900616718016] INFO perfrun.perfcollector <> - hwInfo: not set, pmuFam: software
125 [22900616718016] INFO perfrun.perfcollector <> - pmu added: family: software, id: 0
125 [22900616718016] INFO perfrun.perfcollector <> - dir found: /sys/bus/event_source/devices/uncore_imc_5
125 [22900616718016] INFO perfrun.perfcollector <> - format: event config:0-7 mask:0-7
125 [22900616718016] INFO perfrun.perfcollector <> - format: edge config:18 mask:18
125 [22900616718016] INFO perfrun.perfcollector <> - format: inv config:23 mask:23
125 [22900616718016] INFO perfrun.perfcollector <> - format: umask config:8-15 mask:8-15
125 [22900616718016] INFO perfrun.perfcollector <> - format: thresh config:24-31 mask:24-31
125 [22900616718016] INFO perfrun.perfcollector <> - hwInfo: PERF_IMC_PMU_DETAILS
125 [22900616718016] INFO perfrun.perfcollector <> - pmu added: family: uncore_imc, id: 5
125 [22900616718016] INFO perfrun.perfcollector <> - dir found: /sys/bus/event_source/devices/uncore_sbox_2
126 [22900616718016] INFO perfrun.perfcollector <> - format: event config:0-7 mask:0-7
126 [22900616718016] INFO perfrun.perfcollector <> - format: edge config:18 mask:18
126 [22900616718016] INFO perfrun.perfcollector <> - format: inv config:23 mask:23
126 [22900616718016] INFO perfrun.perfcollector <> - format: umask config:8-15 mask:8-15
126 [22900616718016] INFO perfrun.perfcollector <> - format: tid_en config:19 mask:19
126 [22900616718016] INFO perfrun.perfcollector <> - format: thresh config:24-31 mask:24-31
126 [22900616718016] INFO perfrun.perfcollector <> - hwInfo: not set, pmuFam: uncore_sbox
126 [22900616718016] INFO perfrun.perfcollector <> - pmu added: family: uncore_sbox, id: 2
126 [22900616718016] INFO perfrun.perfcollector <> - dir found: /sys/bus/event_source/devices/uncore_cbox_8
126 [22900616718016] INFO perfrun.perfcollector <> - format: event config:0-7 mask:0-7
126 [22900616718016] INFO perfrun.perfcollector <> - format: filter_link config1:6-8 mask:6-8
126 [22900616718016] INFO perfrun.perfcollector <> - format: filter_c6 config1:61 mask:61
126 [22900616718016] INFO perfrun.perfcollector <> - format: edge config:18 mask:18
126 [22900616718016] INFO perfrun.perfcollector <> - format: filter_isoc config1:63 mask:63
126 [22900616718016] INFO perfrun.perfcollector <> - format: filter_tid config1:0-5 mask:0-5
127 [22900616718016] INFO perfrun.perfcollector <> - format: filter_nid config1:32-47 mask:32-47
127 [22900616718016] INFO perfrun.perfcollector <> - format: filter_nc config1:62 mask:62
127 [22900616718016] INFO perfrun.perfcollector <> - format: umask config:8-15 mask:8-15
127 [22900616718016] INFO perfrun.perfcollector <> - format: tid_en config:19 mask:19
127 [22900616718016] INFO perfrun.perfcollector <> - format: thresh config:24-31 mask:24-31
127 [22900616718016] INFO perfrun.perfcollector <> - format: filter_state config1:17-23 mask:17-23
127 [22900616718016] INFO perfrun.perfcollector <> - format: filter_opc config1:52-60 mask:52-60
127 [22900616718016] INFO perfrun.perfcollector <> - hwInfo: PERF_CBOX_PMU_DETAILS
127 [22900616718016] INFO perfrun.perfcollector <> - pmu added: family: uncore_cbox, id: 8
127 [22900616718016] INFO perfrun.perfcollector <> - dir found: /sys/bus/event_source/devices/uncore_cbox_13
127 [22900616718016] INFO perfrun.perfcollector <> - format: event config:0-7 mask:0-7
127 [22900616718016] INFO perfrun.perfcollector <> - format: filter_link config1:6-8 mask:6-8
127 [22900616718016] INFO perfrun.perfcollector <> - format: filter_c6 config1:61 mask:61
127 [22900616718016] INFO perfrun.perfcollector <> - format: edge config:18 mask:18
127 [22900616718016] INFO perfrun.perfcollector <> - format: filter_isoc config1:63 mask:63
128 [22900616718016] INFO perfrun.perfcollector <> - format: filter_tid config1:0-5 mask:0-5
128 [22900616718016] INFO perfrun.perfcollector <> - format: filter_nid config1:32-47 mask:32-47
128 [22900616718016] INFO perfrun.perfcollector <> - format: filter_nc config1:62 mask:62
128 [22900616718016] INFO perfrun.perfcollector <> - format: umask config:8-15 mask:8-15
128 [22900616718016] INFO perfrun.perfcollector <> - format: tid_en config:19 mask:19
128 [22900616718016] INFO perfrun.perfcollector <> - format: thresh config:24-31 mask:24-31
128 [22900616718016] INFO perfrun.perfcollector <> - format: filter_state config1:17-23 mask:17-23
128 [22900616718016] INFO perfrun.perfcollector <> - format: filter_opc config1:52-60 mask:52-60
128 [22900616718016] INFO perfrun.perfcollector <> - hwInfo: PERF_CBOX_PMU_DETAILS
128 [22900616718016] INFO perfrun.perfcollector <> - pmu added: family: uncore_cbox, id: 13
128 [22900616718016] INFO perfrun.perfcollector <> - dir found: /sys/bus/event_source/devices/uncore_r2pcie
128 [22900616718016] INFO perfrun.perfcollector <> - format: event config:0-7 mask:0-7
129 [22900616718016] INFO perfrun.perfcollector <> - format: edge config:18 mask:18
129 [22900616718016] INFO perfrun.perfcollector <> - format: inv config:23 mask:23
129 [22900616718016] INFO perfrun.perfcollector <> - format: umask config:8-15 mask:8-15
129 [22900616718016] INFO perfrun.perfcollector <> - format: thresh config:24-31 mask:24-31
129 [22900616718016] INFO perfrun.perfcollector <> - hwInfo: not set, pmuFam: uncore_r2pcie
129 [22900616718016] INFO perfrun.perfcollector <> - pmu added: family: uncore_r2pcie, id: 0
129 [22900616718016] INFO perfrun.perfcollector <> - dir found: /sys/bus/event_source/devices/uncore_sbox_0
129 [22900616718016] INFO perfrun.perfcollector <> - format: event config:0-7 mask:0-7
129 [22900616718016] INFO perfrun.perfcollector <> - format: edge config:18 mask:18
129 [22900616718016] INFO perfrun.perfcollector <> - format: inv config:23 mask:23
130 [22900616718016] INFO perfrun.perfcollector <> - format: umask config:8-15 mask:8-15
130 [22900616718016] INFO perfrun.perfcollector <> - format: tid_en config:19 mask:19
130 [22900616718016] INFO perfrun.perfcollector <> - format: thresh config:24-31 mask:24-31
130 [22900616718016] INFO perfrun.perfcollector <> - hwInfo: not set, pmuFam: uncore_sbox
130 [22900616718016] INFO perfrun.perfcollector <> - pmu added: family: uncore_sbox, id: 0
130 [22900616718016] INFO perfrun.perfcollector <> - dir found: /sys/bus/event_source/devices/uncore_qpi_1
130 [22900616718016] INFO perfrun.perfcollector <> - format: mask_rnid4 config2:31 mask:31
130 [22900616718016] INFO perfrun.perfcollector <> - format: mask_rnid30 config2:32-35 mask:32-35
130 [22900616718016] INFO perfrun.perfcollector <> - format: match_rnid30 config1:32-35 mask:32-35
130 [22900616718016] INFO perfrun.perfcollector <> - format: event config:0-7,21 mask:0-7,21
130 [22900616718016] INFO perfrun.perfcollector <> - format: match0 config1:0-31 mask:0-31
131 [22900616718016] INFO perfrun.perfcollector <> - format: match_rds config1:48-51 mask:48-51
131 [22900616718016] INFO perfrun.perfcollector <> - format: mask_rds config2:48-51 mask:48-51
131 [22900616718016] INFO perfrun.perfcollector <> - format: edge config:18 mask:18
131 [22900616718016] INFO perfrun.perfcollector <> - format: mask1 config2:32-63 mask:32-63
131 [22900616718016] INFO perfrun.perfcollector <> - format: match_dnid config1:13-17 mask:13-17
131 [22900616718016] INFO perfrun.perfcollector <> - format: mask_dnid config2:13-17 mask:13-17
131 [22900616718016] INFO perfrun.perfcollector <> - format: match_vnw config1:3-4 mask:3-4
131 [22900616718016] INFO perfrun.perfcollector <> - format: mask_vnw config2:3-4 mask:3-4
131 [22900616718016] INFO perfrun.perfcollector <> - format: mask_mc config2:9-12 mask:9-12
131 [22900616718016] INFO perfrun.perfcollector <> - format: match1 config1:32-63 mask:32-63
132 [22900616718016] INFO perfrun.perfcollector <> - format: inv config:23 mask:23
132 [22900616718016] INFO perfrun.perfcollector <> - format: umask config:8-15 mask:8-15
132 [22900616718016] INFO perfrun.perfcollector <> - format: match_opc config1:5-8 mask:5-8
132 [22900616718016] INFO perfrun.perfcollector <> - format: mask_opc config2:5-8 mask:5-8
132 [22900616718016] INFO perfrun.perfcollector <> - format: thresh config:24-31 mask:24-31
132 [22900616718016] INFO perfrun.perfcollector <> - format: match_rnid4 config1:31 mask:31
132 [22900616718016] INFO perfrun.perfcollector <> - format: mask0 config2:0-31 mask:0-31
132 [22900616718016] INFO perfrun.perfcollector <> - format: match_mc config1:9-12 mask:9-12
132 [22900616718016] INFO perfrun.perfcollector <> - hwInfo: PERF_QPI_PMU_DETAILS
132 [22900616718016] INFO perfrun.perfcollector <> - pmu added: family: uncore_qpi, id: 1
132 [22900616718016] INFO perfrun.perfcollector <> - dir found: /sys/bus/event_source/devices/uncore_cbox_6
132 [22900616718016] INFO perfrun.perfcollector <> - format: event config:0-7 mask:0-7
133 [22900616718016] INFO perfrun.perfcollector <> - format: filter_link config1:6-8 mask:6-8
133 [22900616718016] INFO perfrun.perfcollector <> - format: filter_c6 config1:61 mask:61
133 [22900616718016] INFO perfrun.perfcollector <> - format: edge config:18 mask:18
133 [22900616718016] INFO perfrun.perfcollector <> - format: filter_isoc config1:63 mask:63
133 [22900616718016] INFO perfrun.perfcollector <> - format: filter_tid config1:0-5 mask:0-5
133 [22900616718016] INFO perfrun.perfcollector <> - format: filter_nid config1:32-47 mask:32-47
133 [22900616718016] INFO perfrun.perfcollector <> - format: filter_nc config1:62 mask:62
133 [22900616718016] INFO perfrun.perfcollector <> - format: umask config:8-15 mask:8-15
133 [22900616718016] INFO perfrun.perfcollector <> - format: tid_en config:19 mask:19
134 [22900616718016] INFO perfrun.perfcollector <> - format: thresh config:24-31 mask:24-31
134 [22900616718016] INFO perfrun.perfcollector <> - format: filter_state config1:17-23 mask:17-23
134 [22900616718016] INFO perfrun.perfcollector <> - format: filter_opc config1:52-60 mask:52-60
134 [22900616718016] INFO perfrun.perfcollector <> - hwInfo: PERF_CBOX_PMU_DETAILS
134 [22900616718016] INFO perfrun.perfcollector <> - pmu added: family: uncore_cbox, id: 6
134 [22900616718016] INFO perfrun.perfcollector <> - dir found: /sys/bus/event_source/devices/uncore_imc_1
134 [22900616718016] INFO perfrun.perfcollector <> - format: event config:0-7 mask:0-7
134 [22900616718016] INFO perfrun.perfcollector <> - format: edge config:18 mask:18
134 [22900616718016] INFO perfrun.perfcollector <> - format: inv config:23 mask:23
135 [22900616718016] INFO perfrun.perfcollector <> - format: umask config:8-15 mask:8-15
135 [22900616718016] INFO perfrun.perfcollector <> - format: thresh config:24-31 mask:24-31
135 [22900616718016] INFO perfrun.perfcollector <> - hwInfo: PERF_IMC_PMU_DETAILS
135 [22900616718016] INFO perfrun.perfcollector <> - pmu added: family: uncore_imc, id: 1
135 [22900616718016] INFO perfrun.perfcollector <> - dir found: /sys/bus/event_source/devices/power
135 [22900616718016] INFO perfrun.perfcollector <> - format: event config:0-7 mask:0-7
135 [22900616718016] INFO perfrun.perfcollector <> - hwInfo: not set, pmuFam: power
135 [22900616718016] INFO perfrun.perfcollector <> - pmu added: family: power, id: 0
135 [22900616718016] INFO perfrun.perfcollector <> - dir found: /sys/bus/event_source/devices/uncore_cbox_11
135 [22900616718016] INFO perfrun.perfcollector <> - format: event config:0-7 mask:0-7
135 [22900616718016] INFO perfrun.perfcollector <> - format: filter_link config1:6-8 mask:6-8
135 [22900616718016] INFO perfrun.perfcollector <> - format: filter_c6 config1:61 mask:61
136 [22900616718016] INFO perfrun.perfcollector <> - format: edge config:18 mask:18
136 [22900616718016] INFO perfrun.perfcollector <> - format: filter_isoc config1:63 mask:63
136 [22900616718016] INFO perfrun.perfcollector <> - format: filter_tid config1:0-5 mask:0-5
136 [22900616718016] INFO perfrun.perfcollector <> - format: filter_nid config1:32-47 mask:32-47
136 [22900616718016] INFO perfrun.perfcollector <> - format: filter_nc config1:62 mask:62
136 [22900616718016] INFO perfrun.perfcollector <> - format: umask config:8-15 mask:8-15
136 [22900616718016] INFO perfrun.perfcollector <> - format: tid_en config:19 mask:19
136 [22900616718016] INFO perfrun.perfcollector <> - format: thresh config:24-31 mask:24-31
136 [22900616718016] INFO perfrun.perfcollector <> - format: filter_state config1:17-23 mask:17-23
136 [22900616718016] INFO perfrun.perfcollector <> - format: filter_opc config1:52-60 mask:52-60
136 [22900616718016] INFO perfrun.perfcollector <> - hwInfo: PERF_CBOX_PMU_DETAILS
137 [22900616718016] INFO perfrun.perfcollector <> - pmu added: family: uncore_cbox, id: 11
137 [22900616718016] INFO perfrun.perfcollector <> - dir found: /sys/bus/event_source/devices/uncore_cbox_4
137 [22900616718016] INFO perfrun.perfcollector <> - format: event config:0-7 mask:0-7
137 [22900616718016] INFO perfrun.perfcollector <> - format: filter_link config1:6-8 mask:6-8
137 [22900616718016] INFO perfrun.perfcollector <> - format: filter_c6 config1:61 mask:61
137 [22900616718016] INFO perfrun.perfcollector <> - format: edge config:18 mask:18
137 [22900616718016] INFO perfrun.perfcollector <> - format: filter_isoc config1:63 mask:63
138 [22900616718016] INFO perfrun.perfcollector <> - format: filter_tid config1:0-5 mask:0-5
138 [22900616718016] INFO perfrun.perfcollector <> - format: filter_nid config1:32-47 mask:32-47
138 [22900616718016] INFO perfrun.perfcollector <> - format: filter_nc config1:62 mask:62
138 [22900616718016] INFO perfrun.perfcollector <> - format: umask config:8-15 mask:8-15
138 [22900616718016] INFO perfrun.perfcollector <> - format: tid_en config:19 mask:19
138 [22900616718016] INFO perfrun.perfcollector <> - format: thresh config:24-31 mask:24-31
138 [22900616718016] INFO perfrun.perfcollector <> - format: filter_state config1:17-23 mask:17-23
138 [22900616718016] INFO perfrun.perfcollector <> - format: filter_opc config1:52-60 mask:52-60
138 [22900616718016] INFO perfrun.perfcollector <> - hwInfo: PERF_CBOX_PMU_DETAILS
138 [22900616718016] INFO perfrun.perfcollector <> - pmu added: family: uncore_cbox, id: 4
138 [22900616718016] INFO perfrun.perfcollector <> - dir found: /sys/bus/event_source/devices/uprobe
139 [22900616718016] INFO perfrun.perfcollector <> - format: ref_ctr_offset config:32-63 mask:32-63
139 [22900616718016] INFO perfrun.perfcollector <> - format: retprobe config:0 mask:0
139 [22900616718016] INFO perfrun.perfcollector <> - hwInfo: not set, pmuFam: uprobe
139 [22900616718016] INFO perfrun.perfcollector <> - pmu added: family: uprobe, id: 0
139 [22900616718016] INFO perfrun.perfcollector <> - dir found: /sys/bus/event_source/devices/intel_bts
139 [22900616718016] INFO perfrun.perfcollector <> - format: pmu format subdir doesn't exist
139 [22900616718016] INFO perfrun.perfcollector <> - hwInfo: not set, pmuFam: intel_bts
139 [22900616718016] INFO perfrun.perfcollector <> - pmu added: family: intel_bts, id: 0
139 [22900616718016] INFO perfrun.perfcollector <> - dir found: /sys/bus/event_source/devices/cpu
139 [22900616718016] INFO perfrun.perfcollector <> - format: event config:0-7 mask:0-7
139 [22900616718016] INFO perfrun.perfcollector <> - format: pc config:19 mask:19
140 [22900616718016] INFO perfrun.perfcollector <> - format: in_tx config:32 mask:32
140 [22900616718016] INFO perfrun.perfcollector <> - format: edge config:18 mask:18
140 [22900616718016] INFO perfrun.perfcollector <> - format: any config:21 mask:21
140 [22900616718016] INFO perfrun.perfcollector <> - format: offcore_rsp config1:0-63 mask:0-63
140 [22900616718016] INFO perfrun.perfcollector <> - format: in_tx_cp config:33 mask:33
140 [22900616718016] INFO perfrun.perfcollector <> - format: ldlat config1:0-15 mask:0-15
140 [22900616718016] INFO perfrun.perfcollector <> - format: inv config:23 mask:23
140 [22900616718016] INFO perfrun.perfcollector <> - format: umask config:8-15 mask:8-15
140 [22900616718016] INFO perfrun.perfcollector <> - format: cmask config:24-31 mask:24-31
140 [22900616718016] INFO perfrun.perfcollector <> - hwInfo: PERF_CPU_PMU_DETAILS
140 [22900616718016] INFO perfrun.perfcollector <> - pmu added: family: cpu, id: 0
141 [22900616718016] INFO perfrun.perfcollector <> - dir found: /sys/bus/event_source/devices/uncore_r3qpi_0
141 [22900616718016] INFO perfrun.perfcollector <> - format: event config:0-7 mask:0-7
141 [22900616718016] INFO perfrun.perfcollector <> - format: edge config:18 mask:18
141 [22900616718016] INFO perfrun.perfcollector <> - format: inv config:23 mask:23
141 [22900616718016] INFO perfrun.perfcollector <> - format: umask config:8-15 mask:8-15
141 [22900616718016] INFO perfrun.perfcollector <> - format: thresh config:24-31 mask:24-31
141 [22900616718016] INFO perfrun.perfcollector <> - hwInfo: not set, pmuFam: uncore_r3qpi
141 [22900616718016] INFO perfrun.perfcollector <> - pmu added: family: uncore_r3qpi, id: 0
141 [22900616718016] INFO perfrun.perfcollector <> - dir found: /sys/bus/event_source/devices/cstate_core
141 [22900616718016] INFO perfrun.perfcollector <> - format: event config:0-63 mask:0-63
141 [22900616718016] INFO perfrun.perfcollector <> - hwInfo: not set, pmuFam: cstate_core
142 [22900616718016] INFO perfrun.perfcollector <> - pmu added: family: cstate_core, id: 0
142 [22900616718016] INFO perfrun.perfcollector <> - dir found: /sys/bus/event_source/devices/uncore_cbox_2
142 [22900616718016] INFO perfrun.perfcollector <> - format: event config:0-7 mask:0-7
142 [22900616718016] INFO perfrun.perfcollector <> - format: filter_link config1:6-8 mask:6-8
142 [22900616718016] INFO perfrun.perfcollector <> - format: filter_c6 config1:61 mask:61
142 [22900616718016] INFO perfrun.perfcollector <> - format: edge config:18 mask:18
142 [22900616718016] INFO perfrun.perfcollector <> - format: filter_isoc config1:63 mask:63
143 [22900616718016] INFO perfrun.perfcollector <> - format: filter_tid config1:0-5 mask:0-5
143 [22900616718016] INFO perfrun.perfcollector <> - format: filter_nid config1:32-47 mask:32-47
143 [22900616718016] INFO perfrun.perfcollector <> - format: filter_nc config1:62 mask:62
143 [22900616718016] INFO perfrun.perfcollector <> - format: umask config:8-15 mask:8-15
143 [22900616718016] INFO perfrun.perfcollector <> - format: tid_en config:19 mask:19
143 [22900616718016] INFO perfrun.perfcollector <> - format: thresh config:24-31 mask:24-31
144 [22900616718016] INFO perfrun.perfcollector <> - format: filter_state config1:17-23 mask:17-23
144 [22900616718016] INFO perfrun.perfcollector <> - format: filter_opc config1:52-60 mask:52-60
144 [22900616718016] INFO perfrun.perfcollector <> - hwInfo: PERF_CBOX_PMU_DETAILS
144 [22900616718016] INFO perfrun.perfcollector <> - pmu added: family: uncore_cbox, id: 2
144 [22900616718016] INFO perfrun.perfcollector <> - dir found: /sys/bus/event_source/devices/breakpoint
144 [22900616718016] INFO perfrun.perfcollector <> - format: pmu format subdir doesn't exist
144 [22900616718016] INFO perfrun.perfcollector <> - hwInfo: not set, pmuFam: breakpoint
144 [22900616718016] INFO perfrun.perfcollector <> - pmu added: family: breakpoint, id: 0
144 [22900616718016] INFO perfrun.perfcollector <> - dir found: /sys/bus/event_source/devices/uncore_ha_0
144 [22900616718016] INFO perfrun.perfcollector <> - format: event config:0-7 mask:0-7
145 [22900616718016] INFO perfrun.perfcollector <> - format: edge config:18 mask:18
145 [22900616718016] INFO perfrun.perfcollector <> - format: inv config:23 mask:23
145 [22900616718016] INFO perfrun.perfcollector <> - format: umask config:8-15 mask:8-15
145 [22900616718016] INFO perfrun.perfcollector <> - format: thresh config:24-31 mask:24-31
145 [22900616718016] INFO perfrun.perfcollector <> - hwInfo: not set, pmuFam: uncore_ha
145 [22900616718016] INFO perfrun.perfcollector <> - pmu added: family: uncore_ha, id: 0
145 [22900616718016] INFO perfrun.perfcollector <> - dir found: /sys/bus/event_source/devices/uncore_cbox_0
146 [22900616718016] INFO perfrun.perfcollector <> - format: event config:0-7 mask:0-7
146 [22900616718016] INFO perfrun.perfcollector <> - format: filter_link config1:6-8 mask:6-8
146 [22900616718016] INFO perfrun.perfcollector <> - format: filter_c6 config1:61 mask:61
146 [22900616718016] INFO perfrun.perfcollector <> - format: edge config:18 mask:18
146 [22900616718016] INFO perfrun.perfcollector <> - format: filter_isoc config1:63 mask:63
146 [22900616718016] INFO perfrun.perfcollector <> - format: filter_tid config1:0-5 mask:0-5
146 [22900616718016] INFO perfrun.perfcollector <> - format: filter_nid config1:32-47 mask:32-47
147 [22900616718016] INFO perfrun.perfcollector <> - format: filter_nc config1:62 mask:62
147 [22900616718016] INFO perfrun.perfcollector <> - format: umask config:8-15 mask:8-15
147 [22900616718016] INFO perfrun.perfcollector <> - format: tid_en config:19 mask:19
147 [22900616718016] INFO perfrun.perfcollector <> - format: thresh config:24-31 mask:24-31
147 [22900616718016] INFO perfrun.perfcollector <> - format: filter_state config1:17-23 mask:17-23
147 [22900616718016] INFO perfrun.perfcollector <> - format: filter_opc config1:52-60 mask:52-60
147 [22900616718016] INFO perfrun.perfcollector <> - hwInfo: PERF_CBOX_PMU_DETAILS
147 [22900616718016] INFO perfrun.perfcollector <> - pmu added: family: uncore_cbox, id: 0
147 [22900616718016] INFO perfrun.perfcollector <> - dir found: /sys/bus/event_source/devices/tracepoint
148 [22900616718016] INFO perfrun.perfcollector <> - format: pmu format subdir doesn't exist
148 [22900616718016] INFO perfrun.perfcollector <> - hwInfo: not set, pmuFam: tracepoint
148 [22900616718016] INFO perfrun.perfcollector <> - pmu added: family: tracepoint, id: 0
148 [22900616718016] INFO perfrun.perfcollector <> - dir found: /sys/bus/event_source/devices/uncore_sbox_3
148 [22900616718016] INFO perfrun.perfcollector <> - format: event config:0-7 mask:0-7
148 [22900616718016] INFO perfrun.perfcollector <> - format: edge config:18 mask:18
148 [22900616718016] INFO perfrun.perfcollector <> - format: inv config:23 mask:23
148 [22900616718016] INFO perfrun.perfcollector <> - format: umask config:8-15 mask:8-15
149 [22900616718016] INFO perfrun.perfcollector <> - format: tid_en config:19 mask:19
149 [22900616718016] INFO perfrun.perfcollector <> - format: thresh config:24-31 mask:24-31
149 [22900616718016] INFO perfrun.perfcollector <> - hwInfo: not set, pmuFam: uncore_sbox
149 [22900616718016] INFO perfrun.perfcollector <> - pmu added: family: uncore_sbox, id: 3
149 [22900616718016] INFO perfrun.perfcollector <> - dir found: /sys/bus/event_source/devices/uncore_cbox_9
149 [22900616718016] INFO perfrun.perfcollector <> - format: event config:0-7 mask:0-7
150 [22900616718016] INFO perfrun.perfcollector <> - format: filter_link config1:6-8 mask:6-8
150 [22900616718016] INFO perfrun.perfcollector <> - format: filter_c6 config1:61 mask:61
150 [22900616718016] INFO perfrun.perfcollector <> - format: edge config:18 mask:18
150 [22900616718016] INFO perfrun.perfcollector <> - format: filter_isoc config1:63 mask:63
150 [22900616718016] INFO perfrun.perfcollector <> - format: filter_tid config1:0-5 mask:0-5
150 [22900616718016] INFO perfrun.perfcollector <> - format: filter_nid config1:32-47 mask:32-47
151 [22900616718016] INFO perfrun.perfcollector <> - format: filter_nc config1:62 mask:62
151 [22900616718016] INFO perfrun.perfcollector <> - format: umask config:8-15 mask:8-15
151 [22900616718016] INFO perfrun.perfcollector <> - format: tid_en config:19 mask:19
151 [22900616718016] INFO perfrun.perfcollector <> - format: thresh config:24-31 mask:24-31
151 [22900616718016] INFO perfrun.perfcollector <> - format: filter_state config1:17-23 mask:17-23
151 [22900616718016] INFO perfrun.perfcollector <> - format: filter_opc config1:52-60 mask:52-60
151 [22900616718016] INFO perfrun.perfcollector <> - hwInfo: PERF_CBOX_PMU_DETAILS
152 [22900616718016] INFO perfrun.perfcollector <> - pmu added: family: uncore_cbox, id: 9
152 [22900616718016] INFO perfrun.perfcollector <> - dir found: /sys/bus/event_source/devices/cstate_pkg
152 [22900616718016] INFO perfrun.perfcollector <> - format: event config:0-63 mask:0-63
152 [22900616718016] INFO perfrun.perfcollector <> - hwInfo: not set, pmuFam: cstate_pkg
152 [22900616718016] INFO perfrun.perfcollector <> - pmu added: family: cstate_pkg, id: 0
152 [22900616718016] INFO perfrun.perfcollector <> - dir found: /sys/bus/event_source/devices/uncore_imc_4
153 [22900616718016] INFO perfrun.perfcollector <> - format: event config:0-7 mask:0-7
153 [22900616718016] INFO perfrun.perfcollector <> - format: edge config:18 mask:18
153 [22900616718016] INFO perfrun.perfcollector <> - format: inv config:23 mask:23
153 [22900616718016] INFO perfrun.perfcollector <> - format: umask config:8-15 mask:8-15
153 [22900616718016] INFO perfrun.perfcollector <> - format: thresh config:24-31 mask:24-31
153 [22900616718016] INFO perfrun.perfcollector <> - hwInfo: PERF_IMC_PMU_DETAILS
153 [22900616718016] INFO perfrun.perfcollector <> - pmu added: family: uncore_imc, id: 4
154 [22900616718016] INFO perfrun.perfcollector <> - dir found: /sys/bus/event_source/devices/uncore_ubox
154 [22900616718016] INFO perfrun.perfcollector <> - format: event config:0-7 mask:0-7
154 [22900616718016] INFO perfrun.perfcollector <> - format: edge config:18 mask:18
154 [22900616718016] INFO perfrun.perfcollector <> - format: inv config:23 mask:23
154 [22900616718016] INFO perfrun.perfcollector <> - format: umask config:8-15 mask:8-15
155 [22900616718016] INFO perfrun.perfcollector <> - format: thresh config:24-28 mask:24-28
155 [22900616718016] INFO perfrun.perfcollector <> - hwInfo: not set, pmuFam: uncore_ubox
155 [22900616718016] INFO perfrun.perfcollector <> - pmu added: family: uncore_ubox, id: 0
155 [22900616718016] INFO perfrun.perfcollector <> - dir found: /sys/bus/event_source/devices/uncore_sbox_1
155 [22900616718016] INFO perfrun.perfcollector <> - format: event config:0-7 mask:0-7
155 [22900616718016] INFO perfrun.perfcollector <> - format: edge config:18 mask:18
156 [22900616718016] INFO perfrun.perfcollector <> - format: inv config:23 mask:23
156 [22900616718016] INFO perfrun.perfcollector <> - format: umask config:8-15 mask:8-15
156 [22900616718016] INFO perfrun.perfcollector <> - format: tid_en config:19 mask:19
156 [22900616718016] INFO perfrun.perfcollector <> - format: thresh config:24-31 mask:24-31
156 [22900616718016] INFO perfrun.perfcollector <> - hwInfo: not set, pmuFam: uncore_sbox
156 [22900616718016] INFO perfrun.perfcollector <> - pmu added: family: uncore_sbox, id: 1
156 [22900616718016] INFO perfrun.perfcollector <> - dir found: /sys/bus/event_source/devices/uncore_cbox_7
157 [22900616718016] INFO perfrun.perfcollector <> - format: event config:0-7 mask:0-7
157 [22900616718016] INFO perfrun.perfcollector <> - format: filter_link config1:6-8 mask:6-8
157 [22900616718016] INFO perfrun.perfcollector <> - format: filter_c6 config1:61 mask:61
157 [22900616718016] INFO perfrun.perfcollector <> - format: edge config:18 mask:18
157 [22900616718016] INFO perfrun.perfcollector <> - format: filter_isoc config1:63 mask:63
158 [22900616718016] INFO perfrun.perfcollector <> - format: filter_tid config1:0-5 mask:0-5
158 [22900616718016] INFO perfrun.perfcollector <> - format: filter_nid config1:32-47 mask:32-47
158 [22900616718016] INFO perfrun.perfcollector <> - format: filter_nc config1:62 mask:62
158 [22900616718016] INFO perfrun.perfcollector <> - format: umask config:8-15 mask:8-15
158 [22900616718016] INFO perfrun.perfcollector <> - format: tid_en config:19 mask:19
158 [22900616718016] INFO perfrun.perfcollector <> - format: thresh config:24-31 mask:24-31
158 [22900616718016] INFO perfrun.perfcollector <> - format: filter_state config1:17-23 mask:17-23
159 [22900616718016] INFO perfrun.perfcollector <> - format: filter_opc config1:52-60 mask:52-60
159 [22900616718016] INFO perfrun.perfcollector <> - hwInfo: PERF_CBOX_PMU_DETAILS
159 [22900616718016] INFO perfrun.perfcollector <> - pmu added: family: uncore_cbox, id: 7
159 [22900616718016] INFO perfrun.perfcollector <> - dir found: /sys/bus/event_source/devices/uncore_cbox_12
159 [22900616718016] INFO perfrun.perfcollector <> - format: event config:0-7 mask:0-7
159 [22900616718016] INFO perfrun.perfcollector <> - format: filter_link config1:6-8 mask:6-8
159 [22900616718016] INFO perfrun.perfcollector <> - format: filter_c6 config1:61 mask:61
159 [22900616718016] INFO perfrun.perfcollector <> - format: edge config:18 mask:18
159 [22900616718016] INFO perfrun.perfcollector <> - format: filter_isoc config1:63 mask:63
160 [22900616718016] INFO perfrun.perfcollector <> - format: filter_tid config1:0-5 mask:0-5
160 [22900616718016] INFO perfrun.perfcollector <> - format: filter_nid config1:32-47 mask:32-47
160 [22900616718016] INFO perfrun.perfcollector <> - format: filter_nc config1:62 mask:62
160 [22900616718016] INFO perfrun.perfcollector <> - format: umask config:8-15 mask:8-15
160 [22900616718016] INFO perfrun.perfcollector <> - format: tid_en config:19 mask:19
160 [22900616718016] INFO perfrun.perfcollector <> - format: thresh config:24-31 mask:24-31
160 [22900616718016] INFO perfrun.perfcollector <> - format: filter_state config1:17-23 mask:17-23
160 [22900616718016] INFO perfrun.perfcollector <> - format: filter_opc config1:52-60 mask:52-60
160 [22900616718016] INFO perfrun.perfcollector <> - hwInfo: PERF_CBOX_PMU_DETAILS
160 [22900616718016] INFO perfrun.perfcollector <> - pmu added: family: uncore_cbox, id: 12
160 [22900616718016] INFO perfrun.perfcollector <> - dir found: /sys/bus/event_source/devices/kprobe
161 [22900616718016] INFO perfrun.perfcollector <> - format: retprobe config:0 mask:0
161 [22900616718016] INFO perfrun.perfcollector <> - hwInfo: not set, pmuFam: kprobe
161 [22900616718016] INFO perfrun.perfcollector <> - pmu added: family: kprobe, id: 0
161 [22900616718016] INFO perfrun.perfcollector <> - dir found: /sys/bus/event_source/devices/uncore_qpi_0
161 [22900616718016] INFO perfrun.perfcollector <> - format: mask_rnid4 config2:31 mask:31
161 [22900616718016] INFO perfrun.perfcollector <> - format: mask_rnid30 config2:32-35 mask:32-35
161 [22900616718016] INFO perfrun.perfcollector <> - format: match_rnid30 config1:32-35 mask:32-35
161 [22900616718016] INFO perfrun.perfcollector <> - format: event config:0-7,21 mask:0-7,21
162 [22900616718016] INFO perfrun.perfcollector <> - format: match0 config1:0-31 mask:0-31
162 [22900616718016] INFO perfrun.perfcollector <> - format: match_rds config1:48-51 mask:48-51
162 [22900616718016] INFO perfrun.perfcollector <> - format: mask_rds config2:48-51 mask:48-51
162 [22900616718016] INFO perfrun.perfcollector <> - format: edge config:18 mask:18
162 [22900616718016] INFO perfrun.perfcollector <> - format: mask1 config2:32-63 mask:32-63
162 [22900616718016] INFO perfrun.perfcollector <> - format: match_dnid config1:13-17 mask:13-17
162 [22900616718016] INFO perfrun.perfcollector <> - format: mask_dnid config2:13-17 mask:13-17
162 [22900616718016] INFO perfrun.perfcollector <> - format: match_vnw config1:3-4 mask:3-4
162 [22900616718016] INFO perfrun.perfcollector <> - format: mask_vnw config2:3-4 mask:3-4
163 [22900616718016] INFO perfrun.perfcollector <> - format: mask_mc config2:9-12 mask:9-12
163 [22900616718016] INFO perfrun.perfcollector <> - format: match1 config1:32-63 mask:32-63
163 [22900616718016] INFO perfrun.perfcollector <> - format: inv config:23 mask:23
163 [22900616718016] INFO perfrun.perfcollector <> - format: umask config:8-15 mask:8-15
163 [22900616718016] INFO perfrun.perfcollector <> - format: match_opc config1:5-8 mask:5-8
163 [22900616718016] INFO perfrun.perfcollector <> - format: mask_opc config2:5-8 mask:5-8
163 [22900616718016] INFO perfrun.perfcollector <> - format: thresh config:24-31 mask:24-31
163 [22900616718016] INFO perfrun.perfcollector <> - format: match_rnid4 config1:31 mask:31
164 [22900616718016] INFO perfrun.perfcollector <> - format: mask0 config2:0-31 mask:0-31
164 [22900616718016] INFO perfrun.perfcollector <> - format: match_mc config1:9-12 mask:9-12
164 [22900616718016] INFO perfrun.perfcollector <> - hwInfo: PERF_QPI_PMU_DETAILS
164 [22900616718016] INFO perfrun.perfcollector <> - pmu added: family: uncore_qpi, id: 0
164 [22900616718016] INFO perfrun.perfcollector <> - dir found: /sys/bus/event_source/devices/uncore_cbox_5
164 [22900616718016] INFO perfrun.perfcollector <> - format: event config:0-7 mask:0-7
164 [22900616718016] INFO perfrun.perfcollector <> - format: filter_link config1:6-8 mask:6-8
164 [22900616718016] INFO perfrun.perfcollector <> - format: filter_c6 config1:61 mask:61
165 [22900616718016] INFO perfrun.perfcollector <> - format: edge config:18 mask:18
165 [22900616718016] INFO perfrun.perfcollector <> - format: filter_isoc config1:63 mask:63
165 [22900616718016] INFO perfrun.perfcollector <> - format: filter_tid config1:0-5 mask:0-5
165 [22900616718016] INFO perfrun.perfcollector <> - format: filter_nid config1:32-47 mask:32-47
165 [22900616718016] INFO perfrun.perfcollector <> - format: filter_nc config1:62 mask:62
165 [22900616718016] INFO perfrun.perfcollector <> - format: umask config:8-15 mask:8-15
165 [22900616718016] INFO perfrun.perfcollector <> - format: tid_en config:19 mask:19
165 [22900616718016] INFO perfrun.perfcollector <> - format: thresh config:24-31 mask:24-31
165 [22900616718016] INFO perfrun.perfcollector <> - format: filter_state config1:17-23 mask:17-23
166 [22900616718016] INFO perfrun.perfcollector <> - format: filter_opc config1:52-60 mask:52-60
166 [22900616718016] INFO perfrun.perfcollector <> - hwInfo: PERF_CBOX_PMU_DETAILS
166 [22900616718016] INFO perfrun.perfcollector <> - pmu added: family: uncore_cbox, id: 5
166 [22900616718016] INFO perfrun.perfcollector <> - dir found: /sys/bus/event_source/devices/uncore_imc_0
166 [22900616718016] INFO perfrun.perfcollector <> - format: event config:0-7 mask:0-7
166 [22900616718016] INFO perfrun.perfcollector <> - format: edge config:18 mask:18
166 [22900616718016] INFO perfrun.perfcollector <> - format: inv config:23 mask:23
166 [22900616718016] INFO perfrun.perfcollector <> - format: umask config:8-15 mask:8-15
167 [22900616718016] INFO perfrun.perfcollector <> - format: thresh config:24-31 mask:24-31
167 [22900616718016] INFO perfrun.perfcollector <> - hwInfo: PERF_IMC_PMU_DETAILS
167 [22900616718016] INFO perfrun.perfcollector <> - pmu added: family: uncore_imc, id: 0
167 [22900616718016] INFO perfrun.perfcollector <> - dir found: /sys/bus/event_source/devices/uncore_cbox_10
167 [22900616718016] INFO perfrun.perfcollector <> - format: event config:0-7 mask:0-7
167 [22900616718016] INFO perfrun.perfcollector <> - format: filter_link config1:6-8 mask:6-8
167 [22900616718016] INFO perfrun.perfcollector <> - format: filter_c6 config1:61 mask:61
167 [22900616718016] INFO perfrun.perfcollector <> - format: edge config:18 mask:18
168 [22900616718016] INFO perfrun.perfcollector <> - format: filter_isoc config1:63 mask:63
168 [22900616718016] INFO perfrun.perfcollector <> - format: filter_tid config1:0-5 mask:0-5
168 [22900616718016] INFO perfrun.perfcollector <> - format: filter_nid config1:32-47 mask:32-47
168 [22900616718016] INFO perfrun.perfcollector <> - format: filter_nc config1:62 mask:62
168 [22900616718016] INFO perfrun.perfcollector <> - format: umask config:8-15 mask:8-15
168 [22900616718016] INFO perfrun.perfcollector <> - format: tid_en config:19 mask:19
168 [22900616718016] INFO perfrun.perfcollector <> - format: thresh config:24-31 mask:24-31
168 [22900616718016] INFO perfrun.perfcollector <> - format: filter_state config1:17-23 mask:17-23
169 [22900616718016] INFO perfrun.perfcollector <> - format: filter_opc config1:52-60 mask:52-60
169 [22900616718016] INFO perfrun.perfcollector <> - hwInfo: PERF_CBOX_PMU_DETAILS
169 [22900616718016] INFO perfrun.perfcollector <> - pmu added: family: uncore_cbox, id: 10
169 [22900616718016] INFO perfrun.perfcollector <> - dir found: /sys/bus/event_source/devices/uncore_pcu
169 [22900616718016] INFO perfrun.perfcollector <> - format: filter_band2 config1:16-23 mask:16-23
169 [22900616718016] INFO perfrun.perfcollector <> - format: event config:0-7 mask:0-7
169 [22900616718016] INFO perfrun.perfcollector <> - format: filter_band0 config1:0-7 mask:0-7
170 [22900616718016] INFO perfrun.perfcollector <> - format: edge config:18 mask:18
170 [22900616718016] INFO perfrun.perfcollector <> - format: occ_invert config:30 mask:30
170 [22900616718016] INFO perfrun.perfcollector <> - format: occ_edge config:14-51 mask:14-51
170 [22900616718016] INFO perfrun.perfcollector <> - format: filter_band3 config1:24-31 mask:24-31
170 [22900616718016] INFO perfrun.perfcollector <> - format: filter_band1 config1:8-15 mask:8-15
170 [22900616718016] INFO perfrun.perfcollector <> - format: inv config:23 mask:23
170 [22900616718016] INFO perfrun.perfcollector <> - format: thresh config:24-28 mask:24-28
171 [22900616718016] INFO perfrun.perfcollector <> - format: occ_sel config:14-15 mask:14-15
171 [22900616718016] INFO perfrun.perfcollector <> - hwInfo: not set, pmuFam: uncore_pcu
171 [22900616718016] INFO perfrun.perfcollector <> - pmu added: family: uncore_pcu, id: 0
171 [22900616718016] INFO perfrun.perfcollector <> - dir found: /sys/bus/event_source/devices/uncore_r3qpi_1
171 [22900616718016] INFO perfrun.perfcollector <> - format: event config:0-7 mask:0-7
171 [22900616718016] INFO perfrun.perfcollector <> - format: edge config:18 mask:18
171 [22900616718016] INFO perfrun.perfcollector <> - format: inv config:23 mask:23
171 [22900616718016] INFO perfrun.perfcollector <> - format: umask config:8-15 mask:8-15
172 [22900616718016] INFO perfrun.perfcollector <> - format: thresh config:24-31 mask:24-31
172 [22900616718016] INFO perfrun.perfcollector <> - hwInfo: not set, pmuFam: uncore_r3qpi
172 [22900616718016] INFO perfrun.perfcollector <> - pmu added: family: uncore_r3qpi, id: 1
172 [22900616718016] INFO perfrun.perfcollector <> - dir found: /sys/bus/event_source/devices/msr
172 [22900616718016] INFO perfrun.perfcollector <> - format: event config:0-63 mask:0-63
172 [22900616718016] INFO perfrun.perfcollector <> - hwInfo: not set, pmuFam: msr
172 [22900616718016] INFO perfrun.perfcollector <> - pmu added: family: msr, id: 0
172 [22900616718016] INFO perfrun.perfcollector <> - dir found: /sys/bus/event_source/devices/uncore_cbox_3
172 [22900616718016] INFO perfrun.perfcollector <> - format: event config:0-7 mask:0-7
173 [22900616718016] INFO perfrun.perfcollector <> - format: filter_link config1:6-8 mask:6-8
173 [22900616718016] INFO perfrun.perfcollector <> - format: filter_c6 config1:61 mask:61
173 [22900616718016] INFO perfrun.perfcollector <> - format: edge config:18 mask:18
173 [22900616718016] INFO perfrun.perfcollector <> - format: filter_isoc config1:63 mask:63
173 [22900616718016] INFO perfrun.perfcollector <> - format: filter_tid config1:0-5 mask:0-5
173 [22900616718016] INFO perfrun.perfcollector <> - format: filter_nid config1:32-47 mask:32-47
173 [22900616718016] INFO perfrun.perfcollector <> - format: filter_nc config1:62 mask:62
173 [22900616718016] INFO perfrun.perfcollector <> - format: umask config:8-15 mask:8-15
174 [22900616718016] INFO perfrun.perfcollector <> - format: tid_en config:19 mask:19
174 [22900616718016] INFO perfrun.perfcollector <> - format: thresh config:24-31 mask:24-31
174 [22900616718016] INFO perfrun.perfcollector <> - format: filter_state config1:17-23 mask:17-23
174 [22900616718016] INFO perfrun.perfcollector <> - format: filter_opc config1:52-60 mask:52-60
174 [22900616718016] INFO perfrun.perfcollector <> - hwInfo: PERF_CBOX_PMU_DETAILS
174 [22900616718016] INFO perfrun.perfcollector <> - pmu added: family: uncore_cbox, id: 3
174 [22900616718016] INFO perfrun.perfcollector <> - dir found: /sys/bus/event_source/devices/intel_pt
174 [22900616718016] INFO perfrun.perfcollector <> - format: ptw config:12 mask:12
174 [22900616718016] INFO perfrun.perfcollector <> - format: event config:31 mask:31
175 [22900616718016] INFO perfrun.perfcollector <> - format: cyc_thresh config:19-22 mask:19-22
175 [22900616718016] INFO perfrun.perfcollector <> - format: pt config:0 mask:0
175 [22900616718016] INFO perfrun.perfcollector <> - format: notnt config:55 mask:55
175 [22900616718016] INFO perfrun.perfcollector <> - format: branch config:13 mask:13
175 [22900616718016] INFO perfrun.perfcollector <> - format: tsc config:10 mask:10
175 [22900616718016] INFO perfrun.perfcollector <> - format: pwr_evt config:4 mask:4
175 [22900616718016] INFO perfrun.perfcollector <> - format: fup_on_ptw config:5 mask:5
175 [22900616718016] INFO perfrun.perfcollector <> - format: cyc config:1 mask:1
175 [22900616718016] INFO perfrun.perfcollector <> - format: noretcomp config:11 mask:11
175 [22900616718016] INFO perfrun.perfcollector <> - format: mtc config:9 mask:9
176 [22900616718016] INFO perfrun.perfcollector <> - format: psb_period config:24-27 mask:24-27
176 [22900616718016] INFO perfrun.perfcollector <> - format: mtc_period config:14-17 mask:14-17
176 [22900616718016] INFO perfrun.perfcollector <> - hwInfo: not set, pmuFam: intel_pt
176 [22900616718016] INFO perfrun.perfcollector <> - pmu added: family: intel_pt, id: 0
176 [22900616718016] INFO perfrun.perfcollector <> - dir found: /sys/bus/event_source/devices/uncore_ha_1
176 [22900616718016] INFO perfrun.perfcollector <> - format: event config:0-7 mask:0-7
176 [22900616718016] INFO perfrun.perfcollector <> - format: edge config:18 mask:18
176 [22900616718016] INFO perfrun.perfcollector <> - format: inv config:23 mask:23
176 [22900616718016] INFO perfrun.perfcollector <> - format: umask config:8-15 mask:8-15
176 [22900616718016] INFO perfrun.perfcollector <> - format: thresh config:24-31 mask:24-31
176 [22900616718016] INFO perfrun.perfcollector <> - hwInfo: not set, pmuFam: uncore_ha
177 [22900616718016] INFO perfrun.perfcollector <> - pmu added: family: uncore_ha, id: 1
177 [22900616718016] INFO perfrun.perfcollector <> - dir found: /sys/bus/event_source/devices/uncore_cbox_1
177 [22900616718016] INFO perfrun.perfcollector <> - format: event config:0-7 mask:0-7
177 [22900616718016] INFO perfrun.perfcollector <> - format: filter_link config1:6-8 mask:6-8
177 [22900616718016] INFO perfrun.perfcollector <> - format: filter_c6 config1:61 mask:61
177 [22900616718016] INFO perfrun.perfcollector <> - format: edge config:18 mask:18
177 [22900616718016] INFO perfrun.perfcollector <> - format: filter_isoc config1:63 mask:63
177 [22900616718016] INFO perfrun.perfcollector <> - format: filter_tid config1:0-5 mask:0-5
177 [22900616718016] INFO perfrun.perfcollector <> - format: filter_nid config1:32-47 mask:32-47
178 [22900616718016] INFO perfrun.perfcollector <> - format: filter_nc config1:62 mask:62
178 [22900616718016] INFO perfrun.perfcollector <> - format: umask config:8-15 mask:8-15
178 [22900616718016] INFO perfrun.perfcollector <> - format: tid_en config:19 mask:19
178 [22900616718016] INFO perfrun.perfcollector <> - format: thresh config:24-31 mask:24-31
178 [22900616718016] INFO perfrun.perfcollector <> - format: filter_state config1:17-23 mask:17-23
178 [22900616718016] INFO perfrun.perfcollector <> - format: filter_opc config1:52-60 mask:52-60
178 [22900616718016] INFO perfrun.perfcollector <> - hwInfo: PERF_CBOX_PMU_DETAILS
178 [22900616718016] INFO perfrun.perfcollector <> - pmu added: family: uncore_cbox, id: 1
178 [22900616718016] INFO perfrun.sdk <> - runCmd: /opt/intel/oneapi/vtune/2023.1.0/bin64/sep -dry-run -sam 1 -ec CPU_CLK_UNHALTED.THREAD,CPU_CLK_UNHALTED.REF_TSC:sample:sa=2400000,INST_RETIRED.ANY:sample:sa=2400000,CPU_CLK_UNHALTED.REF_XCLK,CPU_CLK_UNHALTED.ONE_THREAD_ACTIVE,FP_ARITH_INST_RETIRED.SCALAR_SINGLE,FP_ARITH_INST_RETIRED.128B_PACKED_SINGLE,FP_ARITH_INST_RETIRED.256B_PACKED_SINGLE,FP_ARITH_INST_RETIRED.SCALAR_DOUBLE,FP_ARITH_INST_RETIRED.128B_PACKED_DOUBLE,FP_ARITH_INST_RETIRED.256B_PACKED_DOUBLE,INST_RETIRED.X87,UOPS_RETIRED.RETIRE_SLOTS:sample:sa=2000003 -experimental
179 [22900616718016] INFO perfrun.sdk <> - runCmd started PID 2284322
223 [22900616718016] INFO perfrun.perfcollector <> - SepDryRun RC = true
226 [22900616718016] INFO perfrun.perfcollector <> - DRY_RUN: "PMU type: Core (core)"
226 [22900616718016] INFO perfrun.perfcollector <> - pmu type: cpu
226 [22900616718016] INFO perfrun.perfcollector <> - DRY_RUN: "Group 0:"
226 [22900616718016] INFO perfrun.perfcollector <> - id: 0
226 [22900616718016] INFO perfrun.perfcollector <> - DRY_RUN: "INST_RETIRED.ANY: event id 2"
226 [22900616718016] INFO perfrun.perfcollector <> - eventName: INST_RETIRED.ANY, eventId: 2
226 [22900616718016] INFO perfrun.perfcollector <> - DRY_RUN: "CPU_CLK_UNHALTED.THREAD: event id 0"
226 [22900616718016] INFO perfrun.perfcollector <> - eventName: CPU_CLK_UNHALTED.THREAD, eventId: 0
226 [22900616718016] INFO perfrun.perfcollector <> - DRY_RUN: "CPU_CLK_UNHALTED.REF_TSC: event id 1"
226 [22900616718016] INFO perfrun.perfcollector <> - eventName: CPU_CLK_UNHALTED.REF_TSC, eventId: 1
226 [22900616718016] INFO perfrun.perfcollector <> - DRY_RUN: "FP_ARITH_INST_RETIRED.SCALAR_SINGLE: event id 5"
226 [22900616718016] INFO perfrun.perfcollector <> - eventName: FP_ARITH_INST_RETIRED.SCALAR_SINGLE, eventId: 5
226 [22900616718016] INFO perfrun.perfcollector <> - DRY_RUN: "FP_ARITH_INST_RETIRED.128B_PACKED_SINGLE: event id 6"
226 [22900616718016] INFO perfrun.perfcollector <> - eventName: FP_ARITH_INST_RETIRED.128B_PACKED_SINGLE, eventId: 6
226 [22900616718016] INFO perfrun.perfcollector <> - DRY_RUN: "FP_ARITH_INST_RETIRED.256B_PACKED_SINGLE: event id 7"
226 [22900616718016] INFO perfrun.perfcollector <> - eventName: FP_ARITH_INST_RETIRED.256B_PACKED_SINGLE, eventId: 7
226 [22900616718016] INFO perfrun.perfcollector <> - DRY_RUN: "FP_ARITH_INST_RETIRED.SCALAR_DOUBLE: event id 8"
226 [22900616718016] INFO perfrun.perfcollector <> - eventName: FP_ARITH_INST_RETIRED.SCALAR_DOUBLE, eventId: 8
226 [22900616718016] INFO perfrun.perfcollector <> - DRY_RUN: "CPU_CLK_UNHALTED.REF_XCLK: event id 3"
226 [22900616718016] INFO perfrun.perfcollector <> - eventName: CPU_CLK_UNHALTED.REF_XCLK, eventId: 3
226 [22900616718016] INFO perfrun.perfcollector <> - DRY_RUN: "CPU_CLK_UNHALTED.ONE_THREAD_ACTIVE: event id 4"
226 [22900616718016] INFO perfrun.perfcollector <> - eventName: CPU_CLK_UNHALTED.ONE_THREAD_ACTIVE, eventId: 4
226 [22900616718016] INFO perfrun.perfcollector <> - DRY_RUN: "INST_RETIRED.X87: event id 11"
226 [22900616718016] INFO perfrun.perfcollector <> - eventName: INST_RETIRED.X87, eventId: 11
226 [22900616718016] INFO perfrun.perfcollector <> - DRY_RUN: "UOPS_RETIRED.RETIRE_SLOTS: event id 12"
226 [22900616718016] INFO perfrun.perfcollector <> - eventName: UOPS_RETIRED.RETIRE_SLOTS, eventId: 12
226 [22900616718016] INFO perfrun.perfcollector <> - DRY_RUN: "CCCR"
226 [22900616718016] INFO perfrun.perfcollector <> - DRY_RUN: "reg_type       = 1	event_id       = g	reg_id         = 38f	reg_value      = 7000000ff"
226 [22900616718016] INFO perfrun.perfcollector <> - eventId: g, skip parsing event_id
226 [22900616718016] INFO perfrun.perfcollector <> - Register was ignored: group_id: 0, reg_type: 1, event_id: 4294967295, reg_id: 38f, reg_value: 7000000ff, pmu_name: cpu
226 [22900616718016] INFO perfrun.perfcollector <> - DRY_RUN: "reg_type       = 1	event_id       = g	reg_id         = 390	reg_value      = 7000000ff"
226 [22900616718016] INFO perfrun.perfcollector <> - eventId: g, skip parsing event_id
226 [22900616718016] INFO perfrun.perfcollector <> - Register was ignored: group_id: 0, reg_type: 1, event_id: 4294967295, reg_id: 390, reg_value: 7000000ff, pmu_name: cpu
226 [22900616718016] INFO perfrun.perfcollector <> - DRY_RUN: "reg_type       = 1	event_id       = g	reg_id         = 3f1	reg_value      = 0"
226 [22900616718016] INFO perfrun.perfcollector <> - eventId: g, skip parsing event_id
226 [22900616718016] INFO perfrun.perfcollector <> - Register was ignored: group_id: 0, reg_type: 1, event_id: 4294967295, reg_id: 3f1, reg_value: 0, pmu_name: cpu
226 [22900616718016] INFO perfrun.perfcollector <> - DRY_RUN: "reg_type       = 1	event_id       = g	reg_id         = 1d9	reg_value      = 1800"
226 [22900616718016] INFO perfrun.perfcollector <> - eventId: g, skip parsing event_id
226 [22900616718016] INFO perfrun.perfcollector <> - Register was ignored: group_id: 0, reg_type: 1, event_id: 4294967295, reg_id: 1d9, reg_value: 1800, pmu_name: cpu
226 [22900616718016] INFO perfrun.perfcollector <> - DRY_RUN: "reg_type       = 1	event_id       = g	reg_id         = 38d	reg_value      = bbb"
226 [22900616718016] INFO perfrun.perfcollector <> - eventId: g, skip parsing event_id
226 [22900616718016] INFO perfrun.perfcollector <> - Register was ignored: group_id: 0, reg_type: 1, event_id: 4294967295, reg_id: 38d, reg_value: bbb, pmu_name: cpu
226 [22900616718016] INFO perfrun.perfcollector <> - DRY_RUN: "reg_type       = 1	event_id       = 5	reg_id         = 186	reg_value      = 5302c7"
226 [22900616718016] INFO perfrun.perfcollector <> - Event selector: group_id: 0, reg_type: 1, event_id: 5, reg_id: 186, reg_value: 5302c7, pmu_name: cpu
226 [22900616718016] INFO perfrun.perfcollector <> - DRY_RUN: "reg_type       = 1	event_id       = 6	reg_id         = 187	reg_value      = 5308c7"
226 [22900616718016] INFO perfrun.perfcollector <> - Event selector: group_id: 0, reg_type: 1, event_id: 6, reg_id: 187, reg_value: 5308c7, pmu_name: cpu
226 [22900616718016] INFO perfrun.perfcollector <> - DRY_RUN: "reg_type       = 1	event_id       = 7	reg_id         = 188	reg_value      = 5320c7"
226 [22900616718016] INFO perfrun.perfcollector <> - Event selector: group_id: 0, reg_type: 1, event_id: 7, reg_id: 188, reg_value: 5320c7, pmu_name: cpu
226 [22900616718016] INFO perfrun.perfcollector <> - DRY_RUN: "reg_type       = 1	event_id       = 8	reg_id         = 189	reg_value      = 5301c7"
226 [22900616718016] INFO perfrun.perfcollector <> - Event selector: group_id: 0, reg_type: 1, event_id: 8, reg_id: 189, reg_value: 5301c7, pmu_name: cpu
226 [22900616718016] INFO perfrun.perfcollector <> - DRY_RUN: "reg_type       = 1	event_id       = 3	reg_id         = 18a	reg_value      = 53013c"
226 [22900616718016] INFO perfrun.perfcollector <> - Event selector: group_id: 0, reg_type: 1, event_id: 3, reg_id: 18a, reg_value: 53013c, pmu_name: cpu
226 [22900616718016] INFO perfrun.perfcollector <> - DRY_RUN: "reg_type       = 1	event_id       = 4	reg_id         = 18b	reg_value      = 53023c"
226 [22900616718016] INFO perfrun.perfcollector <> - Event selector: group_id: 0, reg_type: 1, event_id: 4, reg_id: 18b, reg_value: 53023c, pmu_name: cpu
226 [22900616718016] INFO perfrun.perfcollector <> - DRY_RUN: "reg_type       = 1	event_id       = 11	reg_id         = 18c	reg_value      = 5302c0"
226 [22900616718016] INFO perfrun.perfcollector <> - Event selector: group_id: 0, reg_type: 1, event_id: 11, reg_id: 18c, reg_value: 5302c0, pmu_name: cpu
226 [22900616718016] INFO perfrun.perfcollector <> - DRY_RUN: "reg_type       = 1	event_id       = 12	reg_id         = 18d	reg_value      = 5302c2"
226 [22900616718016] INFO perfrun.perfcollector <> - Event selector: group_id: 0, reg_type: 1, event_id: 12, reg_id: 18d, reg_value: 5302c2, pmu_name: cpu
226 [22900616718016] INFO perfrun.perfcollector <> - DRY_RUN: "ESCR"
226 [22900616718016] INFO perfrun.perfcollector <> - DRY_RUN: "reg_type       = 2	event_id       = g	reg_id         = 1c8	reg_value      = 0"
226 [22900616718016] INFO perfrun.perfcollector <> - eventId: g, skip parsing event_id
226 [22900616718016] INFO perfrun.perfcollector <> - DRY_RUN: "DATA"
226 [22900616718016] INFO perfrun.perfcollector <> - DRY_RUN: "reg_type       = 4	event_id       = 2	reg_id         = 309	reg_value      = ffffffdb6100"
226 [22900616718016] INFO perfrun.perfcollector <> - eventId: 2, dataAddr: 309, dataVal: ffffffdb6100
226 [22900616718016] INFO perfrun.perfcollector <> - DRY_RUN: "reg_type       = 4	event_id       = 0	reg_id         = 30a	reg_value      = ffffffe17b7d"
226 [22900616718016] INFO perfrun.perfcollector <> - eventId: 0, dataAddr: 30a, dataVal: ffffffe17b7d
226 [22900616718016] INFO perfrun.perfcollector <> - DRY_RUN: "reg_type       = 4	event_id       = 1	reg_id         = 30b	reg_value      = ffffffdb6100"
226 [22900616718016] INFO perfrun.perfcollector <> - eventId: 1, dataAddr: 30b, dataVal: ffffffdb6100
226 [22900616718016] INFO perfrun.perfcollector <> - DRY_RUN: "reg_type       = 4	event_id       = 5	reg_id         = c1	reg_value      = ffffffe17b7d"
226 [22900616718016] INFO perfrun.perfcollector <> - eventId: 5, dataAddr: c1, dataVal: ffffffe17b7d
226 [22900616718016] INFO perfrun.perfcollector <> - DRY_RUN: "reg_type       = 4	event_id       = 6	reg_id         = c2	reg_value      = ffffffe17b7d"
226 [22900616718016] INFO perfrun.perfcollector <> - eventId: 6, dataAddr: c2, dataVal: ffffffe17b7d
226 [22900616718016] INFO perfrun.perfcollector <> - DRY_RUN: "reg_type       = 4	event_id       = 7	reg_id         = c3	reg_value      = ffffffe17b7d"
226 [22900616718016] INFO perfrun.perfcollector <> - eventId: 7, dataAddr: c3, dataVal: ffffffe17b7d
226 [22900616718016] INFO perfrun.perfcollector <> - DRY_RUN: "reg_type       = 4	event_id       = 8	reg_id         = c4	reg_value      = ffffffe17b7d"
226 [22900616718016] INFO perfrun.perfcollector <> - eventId: 8, dataAddr: c4, dataVal: ffffffe17b7d
226 [22900616718016] INFO perfrun.perfcollector <> - DRY_RUN: "reg_type       = 4	event_id       = 3	reg_id         = c5	reg_value      = fffffffe795d"
226 [22900616718016] INFO perfrun.perfcollector <> - eventId: 3, dataAddr: c5, dataVal: fffffffe795d
226 [22900616718016] INFO perfrun.perfcollector <> - DRY_RUN: "reg_type       = 4	event_id       = 4	reg_id         = c6	reg_value      = fffffffe795d"
226 [22900616718016] INFO perfrun.perfcollector <> - eventId: 4, dataAddr: c6, dataVal: fffffffe795d
226 [22900616718016] INFO perfrun.perfcollector <> - DRY_RUN: "reg_type       = 4	event_id       = 11	reg_id         = c7	reg_value      = ffffffe17b7d"
226 [22900616718016] INFO perfrun.perfcollector <> - eventId: 11, dataAddr: c7, dataVal: ffffffe17b7d
226 [22900616718016] INFO perfrun.perfcollector <> - DRY_RUN: "reg_type       = 4	event_id       = 12	reg_id         = c8	reg_value      = ffffffe17b7d"
226 [22900616718016] INFO perfrun.perfcollector <> - eventId: 12, dataAddr: c8, dataVal: ffffffe17b7d
226 [22900616718016] INFO perfrun.perfcollector <> - DRY_RUN: "Group 1:"
226 [22900616718016] INFO perfrun.perfcollector <> - id: 1
226 [22900616718016] INFO perfrun.perfcollector <> - DRY_RUN: "INST_RETIRED.ANY: event id 2"
226 [22900616718016] INFO perfrun.perfcollector <> - eventName: INST_RETIRED.ANY, eventId: 2
226 [22900616718016] INFO perfrun.perfcollector <> - DRY_RUN: "CPU_CLK_UNHALTED.THREAD: event id 0"
226 [22900616718016] INFO perfrun.perfcollector <> - eventName: CPU_CLK_UNHALTED.THREAD, eventId: 0
226 [22900616718016] INFO perfrun.perfcollector <> - DRY_RUN: "CPU_CLK_UNHALTED.REF_TSC: event id 1"
226 [22900616718016] INFO perfrun.perfcollector <> - eventName: CPU_CLK_UNHALTED.REF_TSC, eventId: 1
226 [22900616718016] INFO perfrun.perfcollector <> - DRY_RUN: "FP_ARITH_INST_RETIRED.128B_PACKED_DOUBLE: event id 9"
226 [22900616718016] INFO perfrun.perfcollector <> - eventName: FP_ARITH_INST_RETIRED.128B_PACKED_DOUBLE, eventId: 9
226 [22900616718016] INFO perfrun.perfcollector <> - DRY_RUN: "FP_ARITH_INST_RETIRED.256B_PACKED_DOUBLE: event id 10"
226 [22900616718016] INFO perfrun.perfcollector <> - eventName: FP_ARITH_INST_RETIRED.256B_PACKED_DOUBLE, eventId: 10
226 [22900616718016] INFO perfrun.perfcollector <> - DRY_RUN: "CCCR"
226 [22900616718016] INFO perfrun.perfcollector <> - DRY_RUN: "reg_type       = 1	event_id       = g	reg_id         = 38f	reg_value      = 700000003"
226 [22900616718016] INFO perfrun.perfcollector <> - eventId: g, skip parsing event_id
226 [22900616718016] INFO perfrun.perfcollector <> - Register was ignored: group_id: 1, reg_type: 1, event_id: 4294967295, reg_id: 38f, reg_value: 700000003, pmu_name: cpu
226 [22900616718016] INFO perfrun.perfcollector <> - DRY_RUN: "reg_type       = 1	event_id       = g	reg_id         = 390	reg_value      = 700000003"
226 [22900616718016] INFO perfrun.perfcollector <> - eventId: g, skip parsing event_id
227 [22900616718016] INFO perfrun.perfcollector <> - Register was ignored: group_id: 1, reg_type: 1, event_id: 4294967295, reg_id: 390, reg_value: 700000003, pmu_name: cpu
227 [22900616718016] INFO perfrun.perfcollector <> - DRY_RUN: "reg_type       = 1	event_id       = g	reg_id         = 3f1	reg_value      = 0"
227 [22900616718016] INFO perfrun.perfcollector <> - eventId: g, skip parsing event_id
227 [22900616718016] INFO perfrun.perfcollector <> - Register was ignored: group_id: 1, reg_type: 1, event_id: 4294967295, reg_id: 3f1, reg_value: 0, pmu_name: cpu
227 [22900616718016] INFO perfrun.perfcollector <> - DRY_RUN: "reg_type       = 1	event_id       = g	reg_id         = 1d9	reg_value      = 1800"
227 [22900616718016] INFO perfrun.perfcollector <> - eventId: g, skip parsing event_id
227 [22900616718016] INFO perfrun.perfcollector <> - Register was ignored: group_id: 1, reg_type: 1, event_id: 4294967295, reg_id: 1d9, reg_value: 1800, pmu_name: cpu
227 [22900616718016] INFO perfrun.perfcollector <> - DRY_RUN: "reg_type       = 1	event_id       = g	reg_id         = 38d	reg_value      = bbb"
227 [22900616718016] INFO perfrun.perfcollector <> - eventId: g, skip parsing event_id
227 [22900616718016] INFO perfrun.perfcollector <> - Register was ignored: group_id: 1, reg_type: 1, event_id: 4294967295, reg_id: 38d, reg_value: bbb, pmu_name: cpu
227 [22900616718016] INFO perfrun.perfcollector <> - DRY_RUN: "reg_type       = 1	event_id       = 9	reg_id         = 186	reg_value      = 5304c7"
227 [22900616718016] INFO perfrun.perfcollector <> - Event selector: group_id: 1, reg_type: 1, event_id: 9, reg_id: 186, reg_value: 5304c7, pmu_name: cpu
227 [22900616718016] INFO perfrun.perfcollector <> - DRY_RUN: "reg_type       = 1	event_id       = 10	reg_id         = 187	reg_value      = 5310c7"
227 [22900616718016] INFO perfrun.perfcollector <> - Event selector: group_id: 1, reg_type: 1, event_id: 10, reg_id: 187, reg_value: 5310c7, pmu_name: cpu
227 [22900616718016] INFO perfrun.perfcollector <> - DRY_RUN: "ESCR"
227 [22900616718016] INFO perfrun.perfcollector <> - DRY_RUN: "reg_type       = 2	event_id       = g	reg_id         = 1c8	reg_value      = 0"
227 [22900616718016] INFO perfrun.perfcollector <> - eventId: g, skip parsing event_id
227 [22900616718016] INFO perfrun.perfcollector <> - DRY_RUN: "DATA"
227 [22900616718016] INFO perfrun.perfcollector <> - DRY_RUN: "reg_type       = 4	event_id       = 2	reg_id         = 309	reg_value      = ffffffdb6100"
227 [22900616718016] INFO perfrun.perfcollector <> - eventId: 2, dataAddr: 309, dataVal: ffffffdb6100
227 [22900616718016] INFO perfrun.perfcollector <> - DRY_RUN: "reg_type       = 4	event_id       = 0	reg_id         = 30a	reg_value      = ffffffe17b7d"
227 [22900616718016] INFO perfrun.perfcollector <> - eventId: 0, dataAddr: 30a, dataVal: ffffffe17b7d
227 [22900616718016] INFO perfrun.perfcollector <> - DRY_RUN: "reg_type       = 4	event_id       = 1	reg_id         = 30b	reg_value      = ffffffdb6100"
227 [22900616718016] INFO perfrun.perfcollector <> - eventId: 1, dataAddr: 30b, dataVal: ffffffdb6100
227 [22900616718016] INFO perfrun.perfcollector <> - DRY_RUN: "reg_type       = 4	event_id       = 9	reg_id         = c1	reg_value      = ffffffe17b7d"
227 [22900616718016] INFO perfrun.perfcollector <> - eventId: 9, dataAddr: c1, dataVal: ffffffe17b7d
227 [22900616718016] INFO perfrun.perfcollector <> - DRY_RUN: "reg_type       = 4	event_id       = 10	reg_id         = c2	reg_value      = ffffffe17b7d"
227 [22900616718016] INFO perfrun.perfcollector <> - eventId: 10, dataAddr: c2, dataVal: ffffffe17b7d
227 [22900616718016] INFO perfrun.perfcollector <> - event name: CPU_CLK_UNHALTED.THREAD
227 [22900616718016] INFO perfrun.perfcollector <> - pmu config: cpu
227 [22900616718016] INFO perfrun.perfcollector <> - cccrAddr: ffffffff, cccrValue: 0
227 [22900616718016] INFO perfrun.perfcollector <> - dataAddr: 30a, dataValue: ffffffffffe17b7d
227 [22900616718016] INFO perfrun.perfcollector <> - escrAddr: ffffffff, escrValue: 0
227 [22900616718016] INFO perfrun.perfcollector <> - extendedPebsValue: 0
227 [22900616718016] INFO perfrun.perfcollector <> - adaptivePebsAvailable: 0
227 [22900616718016] INFO perfrun.perfcollector <> - config: event: 3c
227 [22900616718016] INFO perfrun.perfcollector <> - config: pc: 0
227 [22900616718016] INFO perfrun.perfcollector <> - config: in_tx: 0
227 [22900616718016] INFO perfrun.perfcollector <> - config: edge: 0
227 [22900616718016] INFO perfrun.perfcollector <> - config: any: 0
227 [22900616718016] INFO perfrun.perfcollector <> - config1: offcore_rsp: 0
227 [22900616718016] INFO perfrun.perfcollector <> - config: in_tx_cp: 0
227 [22900616718016] INFO perfrun.perfcollector <> - config1: ldlat: 0
227 [22900616718016] INFO perfrun.perfcollector <> - config: inv: 0
227 [22900616718016] INFO perfrun.perfcollector <> - config: umask: 0
227 [22900616718016] INFO perfrun.perfcollector <> - config: cmask: 0
227 [22900616718016] INFO perfrun.perfcollector <> - format: cpu/event=0x3c,name='CPU_CLK_UNHALTED.THREAD'/D
227 [22900616718016] INFO perfrun.perfcollector <> - event name: CPU_CLK_UNHALTED.REF_TSC
227 [22900616718016] INFO perfrun.perfcollector <> - pmu config: cpu
227 [22900616718016] INFO perfrun.perfcollector <> - cccrAddr: ffffffff, cccrValue: 0
227 [22900616718016] INFO perfrun.perfcollector <> - dataAddr: 30b, dataValue: ffffffffffdb6100
227 [22900616718016] INFO perfrun.perfcollector <> - escrAddr: ffffffff, escrValue: 0
227 [22900616718016] INFO perfrun.perfcollector <> - extendedPebsValue: 0
227 [22900616718016] INFO perfrun.perfcollector <> - adaptivePebsAvailable: 0
227 [22900616718016] INFO perfrun.perfcollector <> - config: event: 0
227 [22900616718016] INFO perfrun.perfcollector <> - config: pc: 0
227 [22900616718016] INFO perfrun.perfcollector <> - config: in_tx: 0
227 [22900616718016] INFO perfrun.perfcollector <> - config: edge: 0
227 [22900616718016] INFO perfrun.perfcollector <> - config: any: 0
227 [22900616718016] INFO perfrun.perfcollector <> - config1: offcore_rsp: 0
227 [22900616718016] INFO perfrun.perfcollector <> - config: in_tx_cp: 0
227 [22900616718016] INFO perfrun.perfcollector <> - config1: ldlat: 0
227 [22900616718016] INFO perfrun.perfcollector <> - config: inv: 0
227 [22900616718016] INFO perfrun.perfcollector <> - config: umask: 3
227 [22900616718016] INFO perfrun.perfcollector <> - config: cmask: 0
227 [22900616718016] INFO perfrun.perfcollector <> - format: cpu/umask=0x3,name='CPU_CLK_UNHALTED.REF_TSC'/D
227 [22900616718016] INFO perfrun.perfcollector <> - event name: INST_RETIRED.ANY
227 [22900616718016] INFO perfrun.perfcollector <> - pmu config: cpu
227 [22900616718016] INFO perfrun.perfcollector <> - cccrAddr: ffffffff, cccrValue: 0
227 [22900616718016] INFO perfrun.perfcollector <> - dataAddr: 309, dataValue: ffffffffffdb6100
227 [22900616718016] INFO perfrun.perfcollector <> - escrAddr: ffffffff, escrValue: 0
227 [22900616718016] INFO perfrun.perfcollector <> - extendedPebsValue: 0
227 [22900616718016] INFO perfrun.perfcollector <> - adaptivePebsAvailable: 0
227 [22900616718016] INFO perfrun.perfcollector <> - config: event: c0
227 [22900616718016] INFO perfrun.perfcollector <> - config: pc: 0
227 [22900616718016] INFO perfrun.perfcollector <> - config: in_tx: 0
227 [22900616718016] INFO perfrun.perfcollector <> - config: edge: 0
227 [22900616718016] INFO perfrun.perfcollector <> - config: any: 0
227 [22900616718016] INFO perfrun.perfcollector <> - config1: offcore_rsp: 0
227 [22900616718016] INFO perfrun.perfcollector <> - config: in_tx_cp: 0
227 [22900616718016] INFO perfrun.perfcollector <> - config1: ldlat: 0
227 [22900616718016] INFO perfrun.perfcollector <> - config: inv: 0
227 [22900616718016] INFO perfrun.perfcollector <> - config: umask: 0
227 [22900616718016] INFO perfrun.perfcollector <> - config: cmask: 0
227 [22900616718016] INFO perfrun.perfcollector <> - format: cpu/event=0xc0,name='INST_RETIRED.ANY'/D
227 [22900616718016] INFO perfrun.perfcollector <> - event name: CPU_CLK_UNHALTED.REF_XCLK
227 [22900616718016] INFO perfrun.perfcollector <> - pmu config: cpu
227 [22900616718016] INFO perfrun.perfcollector <> - cccrAddr: 18a, cccrValue: 53013c
227 [22900616718016] INFO perfrun.perfcollector <> - dataAddr: c5, dataValue: fffffffffffe795d
227 [22900616718016] INFO perfrun.perfcollector <> - escrAddr: ffffffff, escrValue: 0
227 [22900616718016] INFO perfrun.perfcollector <> - extendedPebsValue: 0
227 [22900616718016] INFO perfrun.perfcollector <> - adaptivePebsAvailable: 0
227 [22900616718016] INFO perfrun.perfcollector <> - config: event: 3c
227 [22900616718016] INFO perfrun.perfcollector <> - config: pc: 0
227 [22900616718016] INFO perfrun.perfcollector <> - config: in_tx: 0
227 [22900616718016] INFO perfrun.perfcollector <> - config: edge: 0
227 [22900616718016] INFO perfrun.perfcollector <> - config: any: 0
227 [22900616718016] INFO perfrun.perfcollector <> - config1: offcore_rsp: 0
227 [22900616718016] INFO perfrun.perfcollector <> - config: in_tx_cp: 0
227 [22900616718016] INFO perfrun.perfcollector <> - config1: ldlat: 0
227 [22900616718016] INFO perfrun.perfcollector <> - config: inv: 0
227 [22900616718016] INFO perfrun.perfcollector <> - config: umask: 1
227 [22900616718016] INFO perfrun.perfcollector <> - config: cmask: 0
227 [22900616718016] INFO perfrun.perfcollector <> - format: cpu/event=0x3c,umask=0x1,name='CPU_CLK_UNHALTED.REF_XCLK'/
227 [22900616718016] INFO perfrun.perfcollector <> - event name: CPU_CLK_UNHALTED.ONE_THREAD_ACTIVE
227 [22900616718016] INFO perfrun.perfcollector <> - pmu config: cpu
227 [22900616718016] INFO perfrun.perfcollector <> - cccrAddr: 18b, cccrValue: 53023c
227 [22900616718016] INFO perfrun.perfcollector <> - dataAddr: c6, dataValue: fffffffffffe795d
227 [22900616718016] INFO perfrun.perfcollector <> - escrAddr: ffffffff, escrValue: 0
227 [22900616718016] INFO perfrun.perfcollector <> - extendedPebsValue: 0
227 [22900616718016] INFO perfrun.perfcollector <> - adaptivePebsAvailable: 0
227 [22900616718016] INFO perfrun.perfcollector <> - config: event: 3c
227 [22900616718016] INFO perfrun.perfcollector <> - config: pc: 0
227 [22900616718016] INFO perfrun.perfcollector <> - config: in_tx: 0
227 [22900616718016] INFO perfrun.perfcollector <> - config: edge: 0
227 [22900616718016] INFO perfrun.perfcollector <> - config: any: 0
227 [22900616718016] INFO perfrun.perfcollector <> - config1: offcore_rsp: 0
227 [22900616718016] INFO perfrun.perfcollector <> - config: in_tx_cp: 0
227 [22900616718016] INFO perfrun.perfcollector <> - config1: ldlat: 0
227 [22900616718016] INFO perfrun.perfcollector <> - config: inv: 0
227 [22900616718016] INFO perfrun.perfcollector <> - config: umask: 2
227 [22900616718016] INFO perfrun.perfcollector <> - config: cmask: 0
227 [22900616718016] INFO perfrun.perfcollector <> - format: cpu/event=0x3c,umask=0x2,name='CPU_CLK_UNHALTED.ONE_THREAD_ACTIVE'/
227 [22900616718016] INFO perfrun.perfcollector <> - event name: FP_ARITH_INST_RETIRED.SCALAR_SINGLE
227 [22900616718016] INFO perfrun.perfcollector <> - pmu config: cpu
227 [22900616718016] INFO perfrun.perfcollector <> - cccrAddr: 186, cccrValue: 5302c7
227 [22900616718016] INFO perfrun.perfcollector <> - dataAddr: c1, dataValue: ffffffffffe17b7d
227 [22900616718016] INFO perfrun.perfcollector <> - escrAddr: ffffffff, escrValue: 0
227 [22900616718016] INFO perfrun.perfcollector <> - extendedPebsValue: 0
227 [22900616718016] INFO perfrun.perfcollector <> - adaptivePebsAvailable: 0
227 [22900616718016] INFO perfrun.perfcollector <> - config: event: c7
227 [22900616718016] INFO perfrun.perfcollector <> - config: pc: 0
227 [22900616718016] INFO perfrun.perfcollector <> - config: in_tx: 0
227 [22900616718016] INFO perfrun.perfcollector <> - config: edge: 0
227 [22900616718016] INFO perfrun.perfcollector <> - config: any: 0
227 [22900616718016] INFO perfrun.perfcollector <> - config1: offcore_rsp: 0
227 [22900616718016] INFO perfrun.perfcollector <> - config: in_tx_cp: 0
227 [22900616718016] INFO perfrun.perfcollector <> - config1: ldlat: 0
227 [22900616718016] INFO perfrun.perfcollector <> - config: inv: 0
227 [22900616718016] INFO perfrun.perfcollector <> - config: umask: 2
227 [22900616718016] INFO perfrun.perfcollector <> - config: cmask: 0
227 [22900616718016] INFO perfrun.perfcollector <> - format: cpu/event=0xc7,umask=0x2,name='FP_ARITH_INST_RETIRED.SCALAR_SINGLE'/
227 [22900616718016] INFO perfrun.perfcollector <> - event name: FP_ARITH_INST_RETIRED.128B_PACKED_SINGLE
227 [22900616718016] INFO perfrun.perfcollector <> - pmu config: cpu
227 [22900616718016] INFO perfrun.perfcollector <> - cccrAddr: 187, cccrValue: 5308c7
227 [22900616718016] INFO perfrun.perfcollector <> - dataAddr: c2, dataValue: ffffffffffe17b7d
227 [22900616718016] INFO perfrun.perfcollector <> - escrAddr: ffffffff, escrValue: 0
227 [22900616718016] INFO perfrun.perfcollector <> - extendedPebsValue: 0
227 [22900616718016] INFO perfrun.perfcollector <> - adaptivePebsAvailable: 0
227 [22900616718016] INFO perfrun.perfcollector <> - config: event: c7
227 [22900616718016] INFO perfrun.perfcollector <> - config: pc: 0
227 [22900616718016] INFO perfrun.perfcollector <> - config: in_tx: 0
227 [22900616718016] INFO perfrun.perfcollector <> - config: edge: 0
227 [22900616718016] INFO perfrun.perfcollector <> - config: any: 0
227 [22900616718016] INFO perfrun.perfcollector <> - config1: offcore_rsp: 0
227 [22900616718016] INFO perfrun.perfcollector <> - config: in_tx_cp: 0
227 [22900616718016] INFO perfrun.perfcollector <> - config1: ldlat: 0
227 [22900616718016] INFO perfrun.perfcollector <> - config: inv: 0
227 [22900616718016] INFO perfrun.perfcollector <> - config: umask: 8
227 [22900616718016] INFO perfrun.perfcollector <> - config: cmask: 0
227 [22900616718016] INFO perfrun.perfcollector <> - format: cpu/event=0xc7,umask=0x8,name='FP_ARITH_INST_RETIRED.128B_PACKED_SINGLE'/
227 [22900616718016] INFO perfrun.perfcollector <> - event name: FP_ARITH_INST_RETIRED.256B_PACKED_SINGLE
227 [22900616718016] INFO perfrun.perfcollector <> - pmu config: cpu
227 [22900616718016] INFO perfrun.perfcollector <> - cccrAddr: 188, cccrValue: 5320c7
227 [22900616718016] INFO perfrun.perfcollector <> - dataAddr: c3, dataValue: ffffffffffe17b7d
227 [22900616718016] INFO perfrun.perfcollector <> - escrAddr: ffffffff, escrValue: 0
227 [22900616718016] INFO perfrun.perfcollector <> - extendedPebsValue: 0
227 [22900616718016] INFO perfrun.perfcollector <> - adaptivePebsAvailable: 0
227 [22900616718016] INFO perfrun.perfcollector <> - config: event: c7
227 [22900616718016] INFO perfrun.perfcollector <> - config: pc: 0
227 [22900616718016] INFO perfrun.perfcollector <> - config: in_tx: 0
227 [22900616718016] INFO perfrun.perfcollector <> - config: edge: 0
227 [22900616718016] INFO perfrun.perfcollector <> - config: any: 0
227 [22900616718016] INFO perfrun.perfcollector <> - config1: offcore_rsp: 0
227 [22900616718016] INFO perfrun.perfcollector <> - config: in_tx_cp: 0
227 [22900616718016] INFO perfrun.perfcollector <> - config1: ldlat: 0
227 [22900616718016] INFO perfrun.perfcollector <> - config: inv: 0
227 [22900616718016] INFO perfrun.perfcollector <> - config: umask: 20
227 [22900616718016] INFO perfrun.perfcollector <> - config: cmask: 0
227 [22900616718016] INFO perfrun.perfcollector <> - format: cpu/event=0xc7,umask=0x20,name='FP_ARITH_INST_RETIRED.256B_PACKED_SINGLE'/
227 [22900616718016] INFO perfrun.perfcollector <> - event name: FP_ARITH_INST_RETIRED.SCALAR_DOUBLE
227 [22900616718016] INFO perfrun.perfcollector <> - pmu config: cpu
227 [22900616718016] INFO perfrun.perfcollector <> - cccrAddr: 189, cccrValue: 5301c7
227 [22900616718016] INFO perfrun.perfcollector <> - dataAddr: c4, dataValue: ffffffffffe17b7d
227 [22900616718016] INFO perfrun.perfcollector <> - escrAddr: ffffffff, escrValue: 0
227 [22900616718016] INFO perfrun.perfcollector <> - extendedPebsValue: 0
227 [22900616718016] INFO perfrun.perfcollector <> - adaptivePebsAvailable: 0
227 [22900616718016] INFO perfrun.perfcollector <> - config: event: c7
227 [22900616718016] INFO perfrun.perfcollector <> - config: pc: 0
227 [22900616718016] INFO perfrun.perfcollector <> - config: in_tx: 0
227 [22900616718016] INFO perfrun.perfcollector <> - config: edge: 0
227 [22900616718016] INFO perfrun.perfcollector <> - config: any: 0
227 [22900616718016] INFO perfrun.perfcollector <> - config1: offcore_rsp: 0
227 [22900616718016] INFO perfrun.perfcollector <> - config: in_tx_cp: 0
227 [22900616718016] INFO perfrun.perfcollector <> - config1: ldlat: 0
227 [22900616718016] INFO perfrun.perfcollector <> - config: inv: 0
227 [22900616718016] INFO perfrun.perfcollector <> - config: umask: 1
227 [22900616718016] INFO perfrun.perfcollector <> - config: cmask: 0
227 [22900616718016] INFO perfrun.perfcollector <> - format: cpu/event=0xc7,umask=0x1,name='FP_ARITH_INST_RETIRED.SCALAR_DOUBLE'/
227 [22900616718016] INFO perfrun.perfcollector <> - event name: FP_ARITH_INST_RETIRED.128B_PACKED_DOUBLE
227 [22900616718016] INFO perfrun.perfcollector <> - pmu config: cpu
227 [22900616718016] INFO perfrun.perfcollector <> - cccrAddr: 186, cccrValue: 5304c7
227 [22900616718016] INFO perfrun.perfcollector <> - dataAddr: c1, dataValue: ffffffffffe17b7d
227 [22900616718016] INFO perfrun.perfcollector <> - escrAddr: ffffffff, escrValue: 0
227 [22900616718016] INFO perfrun.perfcollector <> - extendedPebsValue: 0
227 [22900616718016] INFO perfrun.perfcollector <> - adaptivePebsAvailable: 0
227 [22900616718016] INFO perfrun.perfcollector <> - config: event: c7
227 [22900616718016] INFO perfrun.perfcollector <> - config: pc: 0
227 [22900616718016] INFO perfrun.perfcollector <> - config: in_tx: 0
227 [22900616718016] INFO perfrun.perfcollector <> - config: edge: 0
227 [22900616718016] INFO perfrun.perfcollector <> - config: any: 0
227 [22900616718016] INFO perfrun.perfcollector <> - config1: offcore_rsp: 0
227 [22900616718016] INFO perfrun.perfcollector <> - config: in_tx_cp: 0
227 [22900616718016] INFO perfrun.perfcollector <> - config1: ldlat: 0
227 [22900616718016] INFO perfrun.perfcollector <> - config: inv: 0
227 [22900616718016] INFO perfrun.perfcollector <> - config: umask: 4
227 [22900616718016] INFO perfrun.perfcollector <> - config: cmask: 0
227 [22900616718016] INFO perfrun.perfcollector <> - format: cpu/event=0xc7,umask=0x4,name='FP_ARITH_INST_RETIRED.128B_PACKED_DOUBLE'/
227 [22900616718016] INFO perfrun.perfcollector <> - event name: FP_ARITH_INST_RETIRED.256B_PACKED_DOUBLE
227 [22900616718016] INFO perfrun.perfcollector <> - pmu config: cpu
227 [22900616718016] INFO perfrun.perfcollector <> - cccrAddr: 187, cccrValue: 5310c7
227 [22900616718016] INFO perfrun.perfcollector <> - dataAddr: c2, dataValue: ffffffffffe17b7d
227 [22900616718016] INFO perfrun.perfcollector <> - escrAddr: ffffffff, escrValue: 0
227 [22900616718016] INFO perfrun.perfcollector <> - extendedPebsValue: 0
227 [22900616718016] INFO perfrun.perfcollector <> - adaptivePebsAvailable: 0
227 [22900616718016] INFO perfrun.perfcollector <> - config: event: c7
227 [22900616718016] INFO perfrun.perfcollector <> - config: pc: 0
227 [22900616718016] INFO perfrun.perfcollector <> - config: in_tx: 0
227 [22900616718016] INFO perfrun.perfcollector <> - config: edge: 0
227 [22900616718016] INFO perfrun.perfcollector <> - config: any: 0
227 [22900616718016] INFO perfrun.perfcollector <> - config1: offcore_rsp: 0
227 [22900616718016] INFO perfrun.perfcollector <> - config: in_tx_cp: 0
227 [22900616718016] INFO perfrun.perfcollector <> - config1: ldlat: 0
227 [22900616718016] INFO perfrun.perfcollector <> - config: inv: 0
227 [22900616718016] INFO perfrun.perfcollector <> - config: umask: 10
227 [22900616718016] INFO perfrun.perfcollector <> - config: cmask: 0
227 [22900616718016] INFO perfrun.perfcollector <> - format: cpu/event=0xc7,umask=0x10,name='FP_ARITH_INST_RETIRED.256B_PACKED_DOUBLE'/
227 [22900616718016] INFO perfrun.perfcollector <> - event name: INST_RETIRED.X87
227 [22900616718016] INFO perfrun.perfcollector <> - pmu config: cpu
227 [22900616718016] INFO perfrun.perfcollector <> - cccrAddr: 18c, cccrValue: 5302c0
227 [22900616718016] INFO perfrun.perfcollector <> - dataAddr: c7, dataValue: ffffffffffe17b7d
227 [22900616718016] INFO perfrun.perfcollector <> - escrAddr: ffffffff, escrValue: 0
227 [22900616718016] INFO perfrun.perfcollector <> - extendedPebsValue: 0
227 [22900616718016] INFO perfrun.perfcollector <> - adaptivePebsAvailable: 0
227 [22900616718016] INFO perfrun.perfcollector <> - config: event: c0
227 [22900616718016] INFO perfrun.perfcollector <> - config: pc: 0
227 [22900616718016] INFO perfrun.perfcollector <> - config: in_tx: 0
227 [22900616718016] INFO perfrun.perfcollector <> - config: edge: 0
227 [22900616718016] INFO perfrun.perfcollector <> - config: any: 0
227 [22900616718016] INFO perfrun.perfcollector <> - config1: offcore_rsp: 0
227 [22900616718016] INFO perfrun.perfcollector <> - config: in_tx_cp: 0
227 [22900616718016] INFO perfrun.perfcollector <> - config1: ldlat: 0
227 [22900616718016] INFO perfrun.perfcollector <> - config: inv: 0
227 [22900616718016] INFO perfrun.perfcollector <> - config: umask: 2
227 [22900616718016] INFO perfrun.perfcollector <> - config: cmask: 0
227 [22900616718016] INFO perfrun.perfcollector <> - format: cpu/event=0xc0,umask=0x2,name='INST_RETIRED.X87'/
227 [22900616718016] INFO perfrun.perfcollector <> - event name: UOPS_RETIRED.RETIRE_SLOTS
227 [22900616718016] INFO perfrun.perfcollector <> - pmu config: cpu
227 [22900616718016] INFO perfrun.perfcollector <> - cccrAddr: 18d, cccrValue: 5302c2
227 [22900616718016] INFO perfrun.perfcollector <> - dataAddr: c8, dataValue: ffffffffffe17b7d
227 [22900616718016] INFO perfrun.perfcollector <> - escrAddr: ffffffff, escrValue: 0
227 [22900616718016] INFO perfrun.perfcollector <> - extendedPebsValue: 0
227 [22900616718016] INFO perfrun.perfcollector <> - adaptivePebsAvailable: 0
227 [22900616718016] INFO perfrun.perfcollector <> - config: event: c2
227 [22900616718016] INFO perfrun.perfcollector <> - config: pc: 0
227 [22900616718016] INFO perfrun.perfcollector <> - config: in_tx: 0
227 [22900616718016] INFO perfrun.perfcollector <> - config: edge: 0
227 [22900616718016] INFO perfrun.perfcollector <> - config: any: 0
227 [22900616718016] INFO perfrun.perfcollector <> - config1: offcore_rsp: 0
228 [22900616718016] INFO perfrun.perfcollector <> - config: in_tx_cp: 0
228 [22900616718016] INFO perfrun.perfcollector <> - config1: ldlat: 0
228 [22900616718016] INFO perfrun.perfcollector <> - config: inv: 0
228 [22900616718016] INFO perfrun.perfcollector <> - config: umask: 2
228 [22900616718016] INFO perfrun.perfcollector <> - config: cmask: 0
228 [22900616718016] INFO perfrun.perfcollector <> - format: cpu/event=0xc2,umask=0x2,name='UOPS_RETIRED.RETIRE_SLOTS'/
228 [22900616718016] INFO perfrun.perfcollector <> - event: cpu/event=0x3c,name='CPU_CLK_UNHALTED.THREAD'/Duk, added for counting
228 [22900616718016] INFO perfrun.perfcollector <> - event: cpu/umask=0x3,name='CPU_CLK_UNHALTED.REF_TSC'/Duk, added for counting
228 [22900616718016] INFO perfrun.perfcollector <> - event: cpu/event=0xc0,name='INST_RETIRED.ANY'/Duk, added for counting
228 [22900616718016] INFO perfrun.perfcollector <> - event: cpu/event=0x3c,umask=0x1,name='CPU_CLK_UNHALTED.REF_XCLK'/uk, added for counting
228 [22900616718016] INFO perfrun.perfcollector <> - event: cpu/event=0x3c,umask=0x2,name='CPU_CLK_UNHALTED.ONE_THREAD_ACTIVE'/uk, added for counting
228 [22900616718016] INFO perfrun.perfcollector <> - event: cpu/event=0xc7,umask=0x2,name='FP_ARITH_INST_RETIRED.SCALAR_SINGLE'/uk, added for counting
228 [22900616718016] INFO perfrun.perfcollector <> - event: cpu/event=0xc7,umask=0x8,name='FP_ARITH_INST_RETIRED.128B_PACKED_SINGLE'/uk, added for counting
228 [22900616718016] INFO perfrun.perfcollector <> - event: cpu/event=0xc7,umask=0x20,name='FP_ARITH_INST_RETIRED.256B_PACKED_SINGLE'/uk, added for counting
228 [22900616718016] INFO perfrun.perfcollector <> - event: cpu/event=0xc7,umask=0x1,name='FP_ARITH_INST_RETIRED.SCALAR_DOUBLE'/uk, added for counting
228 [22900616718016] INFO perfrun.perfcollector <> - event: cpu/event=0xc7,umask=0x4,name='FP_ARITH_INST_RETIRED.128B_PACKED_DOUBLE'/uk, added for counting
228 [22900616718016] INFO perfrun.perfcollector <> - event: cpu/event=0xc7,umask=0x10,name='FP_ARITH_INST_RETIRED.256B_PACKED_DOUBLE'/uk, added for counting
228 [22900616718016] INFO perfrun.perfcollector <> - event: cpu/event=0xc0,umask=0x2,name='INST_RETIRED.X87'/uk, added for counting
228 [22900616718016] INFO perfrun.perfcollector <> - event: cpu/event=0xc2,umask=0x2,name='UOPS_RETIRED.RETIRE_SLOTS'/uk, added for counting
228 [22900616718016] INFO perfrun.perfcollector <> - attaching to pid: 4294967295, collect mode: 1, rc modes: 3
243 [22900606949056] WARN perfrun.perfcollector <> - Perf stat trace pipe capacity: read = 1048576, write = 1048576, at file: vcs/perfrun1/plugins/perfcollector/src/profiler.cpp:765
254 [22900606949056] INFO perfrun.sdk <> - runCmd: /opt/intel/oneapi/vtune/2023.1.0/bin64/amplxe-perf stat -v --log-fd 10 --scale -x ; -e cpu/event=0x3c,name='CPU_CLK_UNHALTED.THREAD'/Duk,cpu/umask=0x3,name='CPU_CLK_UNHALTED.REF_TSC'/Duk,cpu/event=0xc0,name='INST_RETIRED.ANY'/Duk,cpu/event=0x3c,umask=0x1,name='CPU_CLK_UNHALTED.REF_XCLK'/uk,cpu/event=0x3c,umask=0x2,name='CPU_CLK_UNHALTED.ONE_THREAD_ACTIVE'/uk,cpu/event=0xc7,umask=0x2,name='FP_ARITH_INST_RETIRED.SCALAR_SINGLE'/uk,cpu/event=0xc7,umask=0x8,name='FP_ARITH_INST_RETIRED.128B_PACKED_SINGLE'/uk,cpu/event=0xc7,umask=0x20,name='FP_ARITH_INST_RETIRED.256B_PACKED_SINGLE'/uk,cpu/event=0xc7,umask=0x1,name='FP_ARITH_INST_RETIRED.SCALAR_DOUBLE'/uk,cpu/event=0xc7,umask=0x4,name='FP_ARITH_INST_RETIRED.128B_PACKED_DOUBLE'/uk,cpu/event=0xc7,umask=0x10,name='FP_ARITH_INST_RETIRED.256B_PACKED_DOUBLE'/uk,cpu/event=0xc0,umask=0x2,name='INST_RETIRED.X87'/uk,cpu/event=0xc2,umask=0x2,name='UOPS_RETIRED.RETIRE_SLOTS'/uk /opt/intel/oneapi/vtune/2023.1.0/bin64/amplxe-perf-sync dryrun sys
254 [22900606949056] INFO perfrun.sdk <> - runCmd started PID 2284339
468 [22900606949056] INFO perfrun.perfcollector <> - Monitor: runCmd RC = true
469 [22900616718016] INFO perfrun.launcher <> - plugin [aoclprofile] was disabled because it doesn't support the given collection type.
469 [22900616718016] INFO perfrun.tpss <> - initialize tpss controller
469 [22900616718016] INFO perfrun.tpss <> - configure collection mode: value = cpu:counters:nostack
469 [22900616718016] INFO perfrun.tpss <> - configure collection mode: value = cpu:stack
469 [22900616718016] INFO perfrun.tpss <> - default obj-size-min=1024
469 [22900616718016] INFO perfrun.tpss <> - default hash-table-size=0
469 [22900616718016] INFO perfrun.launcher <> - plugin [media] was disabled because it doesn't support the given collection type.
469 [22900616718016] INFO perfrun.launcher <> - plugin [] was disabled because it doesn't support the given collection type.
469 [22900616718016] INFO perfrun.launcher <> - plugin [] was disabled because it doesn't support the given collection type.
469 [22900616718016] INFO perfrun.launcher <> - plugin [parallelfs] was disabled because it doesn't support the given collection type.
469 [22900616718016] INFO perfrun.launcher <> - plugin [power] was disabled because it doesn't support the given collection type.
469 [22900616718016] INFO perfrun.launcher <> - plugin [hwloc] was disabled because it doesn't support the given collection type.
469 [22900616718016] INFO perfrun.launcher <> - plugin [ipmwatch] was disabled because it doesn't support the given collection type.
469 [22900616718016] INFO perfrun.launcher <> - plugin [os_counters] was disabled because it doesn't support the given collection type.
469 [22900616718016] INFO perfrun.launcher <> - plugin [l0_metrics] was disabled because it doesn't support the given collection type.
469 [22900760319872] INFO perfrun.launcher <> - set environment variable: LD_LIBRARY_PATH = /opt/intel/oneapi/vtune/2023.1.0/lib32/runtime:/opt/intel/oneapi/vtune/2023.1.0/lib64/runtime:/opt/intel/oneapi/tbb/2021.5.1/env/../lib/intel64/gcc4.8:/opt/intel/oneapi/mpi/2021.5.1//libfabric/lib:/opt/intel/oneapi/mpi/2021.5.1//lib/release:/opt/intel/oneapi/mpi/2021.5.1//lib:/opt/intel/oneapi/mkl/2022.0.2/lib/intel64:/opt/intel/oneapi/itac/2021.5.0/slib:/opt/intel/oneapi/debugger/2021.5.0/gdb/intel64/lib:/opt/intel/oneapi/debugger/2021.5.0/libipt/intel64/lib:/opt/intel/oneapi/debugger/2021.5.0/dep/lib:/opt/intel/oneapi/compiler/2022.0.2/linux/lib:/opt/intel/oneapi/compiler/2022.0.2/linux/lib/x64:/opt/intel/oneapi/compiler/2022.0.2/linux/lib/oclfpga/host/linux64/lib:/opt/intel/oneapi/compiler/2022.0.2/linux/compiler/lib/intel64_lin
469 [22900760319872] INFO perfrun.launcher <> - set environment variable: INTEL_LIBITTNOTIFY32 = /opt/intel/oneapi/vtune/2023.1.0/lib32/runtime/libittnotify_collector.so
469 [22900760319872] INFO perfrun.launcher <> - set environment variable: INTEL_LIBITTNOTIFY64 = /opt/intel/oneapi/vtune/2023.1.0/lib64/runtime/libittnotify_collector.so
470 [22900760319872] INFO perfrun.launcher <> - set environment variable: INTEL_ITTNOTIFY_GROUPS = 
470 [22900760319872] INFO perfrun.launcher <> - set environment variable: INTEL_JIT_PROFILER32 = /opt/intel/oneapi/vtune/2023.1.0/lib32/runtime/libittnotify_collector.so
470 [22900760319872] INFO perfrun.launcher <> - set environment variable: INTEL_JIT_PROFILER64 = /opt/intel/oneapi/vtune/2023.1.0/lib64/runtime/libittnotify_collector.so
470 [22900760319872] INFO perfrun.launcher <> - set environment variable: OMP_TOOL_LIBRARIES = /opt/intel/oneapi/vtune/2023.1.0/lib32/runtime/libittnotify_collector.so:/opt/intel/oneapi/vtune/2023.1.0/lib64/runtime/libittnotify_collector.so
470 [22900760319872] INFO perfrun.launcher <> - set environment variable: ENABLE_JITPROFILING = 1
470 [22900760319872] INFO perfrun.launcher <> - set environment variable: CL_CONFIG_USE_VTUNE = True
470 [22900760319872] INFO perfrun.launcher <> - set environment variable: LD_PRELOAD = libittnotify_collector.so:
470 [22900760319872] INFO perfrun.launcher <> - set environment variable: KMP_FORKJOIN_FRAMES = 0
470 [22900760319872] INFO perfrun.launcher <> - set environment variable: KMP_FORKJOIN_FRAMES_MODE = 0
470 [22900760319872] INFO perfrun.launcher <> - set environment variable: OMP_TOOL = disabled
470 [22900760319872] INFO perfrun.launcher <> - set environment variable: INTEL_MRTE_DATA_DIR = /home/course/hpc/users/2022012388/exp8/result.conv2/data.6
470 [22900760319872] INFO perfrun.launcher <> - set environment variable: INTEL_MRTE_HOST_NAME = conv2
470 [22900760319872] INFO perfrun.launcher <> - set environment variable: JAVA_TOOL_OPTIONS = -agentlib:amplxe_tpssmrte_javaprof_1.0 -Dsun.boot.library.path=/opt/intel/oneapi/vtune/2023.1.0/lib32/runtime:/opt/intel/oneapi/vtune/2023.1.0/lib64/runtime
470 [22900760319872] INFO perfrun.launcher <> - set environment variable: LD_LIBRARY_PATH = /opt/intel/oneapi/vtune/2023.1.0/lib32/runtime:/opt/intel/oneapi/vtune/2023.1.0/lib64/runtime:/opt/intel/oneapi/tbb/2021.5.1/env/../lib/intel64/gcc4.8:/opt/intel/oneapi/mpi/2021.5.1//libfabric/lib:/opt/intel/oneapi/mpi/2021.5.1//lib/release:/opt/intel/oneapi/mpi/2021.5.1//lib:/opt/intel/oneapi/mkl/2022.0.2/lib/intel64:/opt/intel/oneapi/itac/2021.5.0/slib:/opt/intel/oneapi/debugger/2021.5.0/gdb/intel64/lib:/opt/intel/oneapi/debugger/2021.5.0/libipt/intel64/lib:/opt/intel/oneapi/debugger/2021.5.0/dep/lib:/opt/intel/oneapi/compiler/2022.0.2/linux/lib:/opt/intel/oneapi/compiler/2022.0.2/linux/lib/x64:/opt/intel/oneapi/compiler/2022.0.2/linux/lib/oclfpga/host/linux64/lib:/opt/intel/oneapi/compiler/2022.0.2/linux/compiler/lib/intel64_lin
470 [22900760319872] INFO perfrun.launcher <> - set environment variable: CORECLR_ENABLE_PROFILING = 1
470 [22900760319872] INFO perfrun.launcher <> - set environment variable: CORECLR_PROFILER = {AA5E4821-E3B1-479c-B7FF-5AD047D22CED}
470 [22900760319872] INFO perfrun.launcher <> - set environment variable: CORECLR_PROFILER_PATH = /opt/intel/oneapi/vtune/2023.1.0/lib64/libamplxe_samplingmrte_clrprof_1.0.so
470 [22900760319872] INFO perfrun.launcher <> - set environment variable: INTEL_MRTE_PROFILER_MODE = mixed
470 [22900760319872] INFO perfrun.launcher <> - RpcServer: run RPC server to handle requests
471 [22900760319872] INFO perfrun.launcher <> - Launcher: command line to start before modification = ./run.sh 2022012388
471 [22900760319872] INFO perfrun.launcher <> - Launcher: command line to start after modification = /opt/intel/oneapi/vtune/2023.1.0/bin64/pin -error_file /home/course/hpc/users/2022012388/exp8/result.conv2/data.6/pinerr.tpsslog -detach_reattach -follow_execv -tool_load_option deepbind -t64 /opt/intel/oneapi/vtune/2023.1.0/lib64/libtpsstool.so -t /opt/intel/oneapi/vtune/2023.1.0/lib32/libtpsstool.so -server_name tpss_ipc.2284201 -prd_dir /opt/intel/oneapi/vtune/2023.1.0 -- ./run.sh 2022012388
672 [22900760319872] INFO perfrun.launcher <> - ProcessCreator object was created
673 [22900760319872] INFO perfrun.launcher <> - Launcher: the process was started in suspend mode
677 [22900616718016] WARN perfrun.system <> - Could not do anything with /sys/kernel/debug/kvm: boost::filesystem::status: Permission denied: "/sys/kernel/debug/kvm", at file: vcs/perfrun1/plugins/system/src/trace_writer.cpp:787
677 [22900616718016] WARN perfrun.system <> - Folder "/var/run/libvirt/qemu/"doesn't exist, at file: vcs/perfrun1/plugins/system/src/trace_writer.cpp:800
677 [22900616718016] INFO perfrun.itt <> - start itt controller for pid #2284549
677 [22900616718016] INFO perfrun.perfcollector <> - attaching to pid: 2284549, collect mode: 1, rc modes: 1
691 [22900600645312] WARN perfrun.perfcollector <> - Perf stat trace pipe capacity: read = 1048576, write = 1048576, at file: vcs/perfrun1/plugins/perfcollector/src/profiler.cpp:765
700 [22900600645312] INFO perfrun.sdk <> - runCmd: /opt/intel/oneapi/vtune/2023.1.0/bin64/amplxe-perf stat -v --log-fd 22 --control=fd:23,26 --scale -x ; -p 2284549 -e cpu/event=0x3c,name='CPU_CLK_UNHALTED.THREAD'/Duk,cpu/umask=0x3,name='CPU_CLK_UNHALTED.REF_TSC'/Duk,cpu/event=0xc0,name='INST_RETIRED.ANY'/Duk,cpu/event=0x3c,umask=0x1,name='CPU_CLK_UNHALTED.REF_XCLK'/uk,cpu/event=0x3c,umask=0x2,name='CPU_CLK_UNHALTED.ONE_THREAD_ACTIVE'/uk,cpu/event=0xc7,umask=0x2,name='FP_ARITH_INST_RETIRED.SCALAR_SINGLE'/uk,cpu/event=0xc7,umask=0x8,name='FP_ARITH_INST_RETIRED.128B_PACKED_SINGLE'/uk,cpu/event=0xc7,umask=0x20,name='FP_ARITH_INST_RETIRED.256B_PACKED_SINGLE'/uk,cpu/event=0xc7,umask=0x1,name='FP_ARITH_INST_RETIRED.SCALAR_DOUBLE'/uk,cpu/event=0xc7,umask=0x4,name='FP_ARITH_INST_RETIRED.128B_PACKED_DOUBLE'/uk,cpu/event=0xc7,umask=0x10,name='FP_ARITH_INST_RETIRED.256B_PACKED_DOUBLE'/uk,cpu/event=0xc0,umask=0x2,name='INST_RETIRED.X87'/uk,cpu/event=0xc2,umask=0x2,name='UOPS_RETIRED.RETIRE_SLOTS'/uk /opt/intel/oneapi/vtune/2023.1.0/bin64/amplxe-perf-sync sync sys
701 [22900600645312] INFO perfrun.sdk <> - runCmd started PID 2284598
854 [22900616718016] INFO perfrun.tpss <> - start tpss controller for pid #2284549
905 [22900760319872] INFO perfrun.launcher <> - Launcher: all plugins were started
905 [22900760319872] INFO perfrun.launcher <> - DirectoryMonitor object was created
905 [22900760319872] INFO perfrun.launcher <> - DirectoryMonitor: a callback was added
905 [22900760319872] INFO perfrun.launcher <> - DirectoryMonitor was started with pingTime = 1000
905 [22900760319872] INFO perfrun.launcher <> - DeadlineTimer is going to be constructed
905 [22900760319872] INFO perfrun.launcher <> - DeadlineTimer: a callback was added
907 [22900760319872] INFO perfrun.launcher <> - Launcher: resume the profiled application and  wait its termination or stop command
141025 [22900760319872] INFO perfrun.launcher <> - Launcher: the profiled application was terminated  with exit code = 1
141259 [22900616718016] INFO perfrun.itt <> - detach itt controller
141259 [22900616718016] INFO perfrun.itt <> - detach itt controller done
141261 [22900600645312] INFO perfrun.perfcollector <> - Monitor: runCmd RC = true
141262 [22900616718016] INFO perfrun.perfcollector <> - Monitor: state = 3, error = 1
141263 [22900616718016] INFO perfrun.tpss <> - stop tpss controller
141268 [22900616718016] INFO perfrun.sdk <> - De-allocating TMU: /home/course/hpc/users/2022012388/exp8/result.conv2/data.6/systemcollector-2284201-conv2.sc
141268 [22900616718016] INFO perfrun.system <> - closed the system trace file: /home/course/hpc/users/2022012388/exp8/result.conv2/data.6/systemcollector-2284201-conv2.sc
141268 [22900760319872] INFO perfrun.launcher <> - Launcher: all plugins were stopped.
141268 [22900760319872] INFO perfrun.launcher <> - DeadlineTimer is going to be destroyed
141268 [22900760319872] INFO perfrun.launcher <> - DeadlineTimer was destroyed
141268 [22900760319872] INFO perfrun.launcher <> - DirectoryMonitor object was destroyed
141268 [22900760319872] WARN perfrun.launcher <> - Stop command is ignored because it is received when collection is already stopped, at file: vcs/perfrun1/launcher/src/command_handler.cpp:226
141277 [22900760319872] INFO perfrun.launcher <> - Application exit code: 1
141277 [22900760319872] INFO perfrun.launcher <> - Exit code: 4
