13 [22935209654144] INFO perfrun.launcher <> - Launcher main begin
15 [22935209654144] INFO perfrun.launcher <> - MessageCatalogInit finished
15 [22935209654144] INFO perfrun.launcher <> - Launcher instance created
15 [22935209654144] INFO perfrun.launcher <> - argc = 7; cmdline = /opt/intel/oneapi/vtune/2023.1.0/bin64/amplxe-runss --ui-output-format xml --ui-output-fd 5 --option-file /home/course/hpc/users/2022012388/exp8/result.conv2/config/runss.options.44 
280 [22935209654144] INFO perfrun.launcher <> - create msngr2::ICliToolContext
280 [22935209654144] INFO perfrun.launcher <> - create file finder object
280 [22935209654144] INFO perfrun.launcher <> - create a result directory: pattern = /home/course/hpc/users/2022012388/exp8/result.conv2 pid = 4294967295
283 [22935209654144] INFO perfrun.sdk <> - checked that the directory /home/course/hpc/users/2022012388/exp8/result.conv2 is a local directory
283 [22935209654144] INFO perfrun.sdk <> - the directory /home/course/hpc/users/2022012388/exp8/result.conv2 is located on a share or its FS ID is unknown 26985
283 [22935209654144] INFO perfrun.sdk <> - checked that the directory /tmp/amplxe-tmp-2022012388 is a local directory
283 [22935209654144] INFO perfrun.sdk <> - the directory /tmp/amplxe-tmp-2022012388 is located on a share or its FS ID is unknown 2035054128
285 [22935209654144] INFO perfrun.launcher <> - create data directory = /home/course/hpc/users/2022012388/exp8/result.conv2/data.45
286 [22935209654144] INFO perfrun.launcher <> - Creating the master collection flag
286 [22935209654144] INFO perfrun.launcher <> - Done creating the master collection flag
288 [22935066633920] INFO perfrun.launcher <> - plugin [remoteplug] was disabled because it doesn't support the given collection type.
289 [22935066633920] INFO perfrun.sdk <> - Allocating TMU :/home/course/hpc/users/2022012388/exp8/result.conv2/data.45/systemcollector-2287953-conv2.sc
290 [22935066633920] INFO perfrun.launcher <> - plugin [vdso] was disabled because it doesn't support the given collection type.
290 [22935066633920] INFO perfrun.launcher <> - plugin [ptracecollector] was disabled because it doesn't support the given collection type.
290 [22935066633920] INFO perfrun.launcher <> - plugin [gpu] was disabled because it doesn't support the given collection type.
290 [22935066633920] INFO perfrun.launcher <> - plugin [] was disabled because it doesn't support the given collection type.
290 [22935066633920] INFO perfrun.launcher <> - plugin [] was disabled because it doesn't support the given collection type.
290 [22935066633920] INFO perfrun.launcher <> - plugin [] was disabled because it doesn't support the given collection type.
290 [22935066633920] INFO perfrun.mrte <> - system-wide mode is 0
290 [22935066633920] INFO perfrun.mrte <> - Getting  mrte profiling environment ...
303 [22935066633920] INFO perfrun.mrte <> - INTEL_MRTE_DATA_DIR=/home/course/hpc/users/2022012388/exp8/result.conv2/data.45
303 [22935066633920] INFO perfrun.mrte <> - INTEL_MRTE_HOST_NAME=conv2
303 [22935066633920] INFO perfrun.mrte <> - JAVA_TOOL_OPTIONS=-agentlib:amplxe_tpssmrte_javaprof_1.0 -Dsun.boot.library.path=/opt/intel/oneapi/vtune/2023.1.0/lib32/runtime:/opt/intel/oneapi/vtune/2023.1.0/lib64/runtime
303 [22935066633920] INFO perfrun.mrte <> - LD_LIBRARY_PATH=/opt/intel/oneapi/vtune/2023.1.0/lib32/runtime:/opt/intel/oneapi/vtune/2023.1.0/lib64/runtime:/opt/intel/oneapi/tbb/2021.5.1/env/../lib/intel64/gcc4.8:/opt/intel/oneapi/mpi/2021.5.1//libfabric/lib:/opt/intel/oneapi/mpi/2021.5.1//lib/release:/opt/intel/oneapi/mpi/2021.5.1//lib:/opt/intel/oneapi/mkl/2022.0.2/lib/intel64:/opt/intel/oneapi/itac/2021.5.0/slib:/opt/intel/oneapi/debugger/2021.5.0/gdb/intel64/lib:/opt/intel/oneapi/debugger/2021.5.0/libipt/intel64/lib:/opt/intel/oneapi/debugger/2021.5.0/dep/lib:/opt/intel/oneapi/compiler/2022.0.2/linux/lib:/opt/intel/oneapi/compiler/2022.0.2/linux/lib/x64:/opt/intel/oneapi/compiler/2022.0.2/linux/lib/oclfpga/host/linux64/lib:/opt/intel/oneapi/compiler/2022.0.2/linux/compiler/lib/intel64_lin
303 [22935066633920] INFO perfrun.mrte <> - CORECLR_ENABLE_PROFILING=1
303 [22935066633920] INFO perfrun.mrte <> - CORECLR_PROFILER={AA5E4821-E3B1-479c-B7FF-5AD047D22CED}
303 [22935066633920] INFO perfrun.mrte <> - CORECLR_PROFILER_PATH=/opt/intel/oneapi/vtune/2023.1.0/lib64/libamplxe_samplingmrte_clrprof_1.0.so
303 [22935066633920] INFO perfrun.mrte <> - INTEL_MRTE_PROFILER_MODE=mixed
303 [22935066633920] INFO perfrun.mrte <> - Data directory: /home/course/hpc/users/2022012388/exp8/result.conv2/data.45
303 [22935066633920] INFO perfrun.mrte <> - Mrte plugin is initialized
303 [22935066633920] INFO perfrun.launcher <> - plugin [emon] was disabled because it doesn't support the given collection type.
303 [22935066633920] INFO perfrun.launcher <> - plugin [cuscol] was disabled because it doesn't support the given collection type.
303 [22935066633920] INFO perfrun.launcher <> - plugin [stdsrc] was disabled because it doesn't support the given collection type.
303 [22935066633920] INFO perfrun.launcher <> - plugin [sep] was disabled because it doesn't support the given collection type.
303 [22935066633920] INFO perfrun.launcher <> - plugin [vtsspp] was disabled because it doesn't support the given collection type.
303 [22935066633920] INFO perfrun.sdk <> - Reading value (0) from file: /proc/sys/kernel/perf_event_paranoid
304 [22935066633920] INFO perfrun.perfcollector <> - checking access to: /opt/intel/oneapi/vtune/2023.1.0/bin64/amplxe-perf-priv
306 [22935066633920] INFO perfrun.perfcollector <> - cpu: family = 6 model = 79
306 [22935066633920] INFO perfrun.perfcollector <> - dir found: /sys/bus/event_source/devices/software
306 [22935066633920] INFO perfrun.perfcollector <> - format: pmu format subdir doesn't exist
306 [22935066633920] INFO perfrun.perfcollector <> - hwInfo: not set, pmuFam: software
306 [22935066633920] INFO perfrun.perfcollector <> - pmu added: family: software, id: 0
306 [22935066633920] INFO perfrun.perfcollector <> - dir found: /sys/bus/event_source/devices/uncore_imc_5
306 [22935066633920] INFO perfrun.perfcollector <> - format: event config:0-7 mask:0-7
307 [22935066633920] INFO perfrun.perfcollector <> - format: edge config:18 mask:18
307 [22935066633920] INFO perfrun.perfcollector <> - format: inv config:23 mask:23
307 [22935066633920] INFO perfrun.perfcollector <> - format: umask config:8-15 mask:8-15
307 [22935066633920] INFO perfrun.perfcollector <> - format: thresh config:24-31 mask:24-31
307 [22935066633920] INFO perfrun.perfcollector <> - hwInfo: PERF_IMC_PMU_DETAILS
307 [22935066633920] INFO perfrun.perfcollector <> - pmu added: family: uncore_imc, id: 5
307 [22935066633920] INFO perfrun.perfcollector <> - dir found: /sys/bus/event_source/devices/uncore_sbox_2
307 [22935066633920] INFO perfrun.perfcollector <> - format: event config:0-7 mask:0-7
307 [22935066633920] INFO perfrun.perfcollector <> - format: edge config:18 mask:18
307 [22935066633920] INFO perfrun.perfcollector <> - format: inv config:23 mask:23
307 [22935066633920] INFO perfrun.perfcollector <> - format: umask config:8-15 mask:8-15
307 [22935066633920] INFO perfrun.perfcollector <> - format: tid_en config:19 mask:19
307 [22935066633920] INFO perfrun.perfcollector <> - format: thresh config:24-31 mask:24-31
307 [22935066633920] INFO perfrun.perfcollector <> - hwInfo: not set, pmuFam: uncore_sbox
307 [22935066633920] INFO perfrun.perfcollector <> - pmu added: family: uncore_sbox, id: 2
307 [22935066633920] INFO perfrun.perfcollector <> - dir found: /sys/bus/event_source/devices/uncore_cbox_8
307 [22935066633920] INFO perfrun.perfcollector <> - format: event config:0-7 mask:0-7
307 [22935066633920] INFO perfrun.perfcollector <> - format: filter_link config1:6-8 mask:6-8
307 [22935066633920] INFO perfrun.perfcollector <> - format: filter_c6 config1:61 mask:61
307 [22935066633920] INFO perfrun.perfcollector <> - format: edge config:18 mask:18
307 [22935066633920] INFO perfrun.perfcollector <> - format: filter_isoc config1:63 mask:63
307 [22935066633920] INFO perfrun.perfcollector <> - format: filter_tid config1:0-5 mask:0-5
307 [22935066633920] INFO perfrun.perfcollector <> - format: filter_nid config1:32-47 mask:32-47
307 [22935066633920] INFO perfrun.perfcollector <> - format: filter_nc config1:62 mask:62
307 [22935066633920] INFO perfrun.perfcollector <> - format: umask config:8-15 mask:8-15
307 [22935066633920] INFO perfrun.perfcollector <> - format: tid_en config:19 mask:19
307 [22935066633920] INFO perfrun.perfcollector <> - format: thresh config:24-31 mask:24-31
307 [22935066633920] INFO perfrun.perfcollector <> - format: filter_state config1:17-23 mask:17-23
307 [22935066633920] INFO perfrun.perfcollector <> - format: filter_opc config1:52-60 mask:52-60
307 [22935066633920] INFO perfrun.perfcollector <> - hwInfo: PERF_CBOX_PMU_DETAILS
307 [22935066633920] INFO perfrun.perfcollector <> - pmu added: family: uncore_cbox, id: 8
308 [22935066633920] INFO perfrun.perfcollector <> - dir found: /sys/bus/event_source/devices/uncore_cbox_13
308 [22935066633920] INFO perfrun.perfcollector <> - format: event config:0-7 mask:0-7
308 [22935066633920] INFO perfrun.perfcollector <> - format: filter_link config1:6-8 mask:6-8
308 [22935066633920] INFO perfrun.perfcollector <> - format: filter_c6 config1:61 mask:61
308 [22935066633920] INFO perfrun.perfcollector <> - format: edge config:18 mask:18
308 [22935066633920] INFO perfrun.perfcollector <> - format: filter_isoc config1:63 mask:63
308 [22935066633920] INFO perfrun.perfcollector <> - format: filter_tid config1:0-5 mask:0-5
308 [22935066633920] INFO perfrun.perfcollector <> - format: filter_nid config1:32-47 mask:32-47
308 [22935066633920] INFO perfrun.perfcollector <> - format: filter_nc config1:62 mask:62
308 [22935066633920] INFO perfrun.perfcollector <> - format: umask config:8-15 mask:8-15
308 [22935066633920] INFO perfrun.perfcollector <> - format: tid_en config:19 mask:19
308 [22935066633920] INFO perfrun.perfcollector <> - format: thresh config:24-31 mask:24-31
308 [22935066633920] INFO perfrun.perfcollector <> - format: filter_state config1:17-23 mask:17-23
308 [22935066633920] INFO perfrun.perfcollector <> - format: filter_opc config1:52-60 mask:52-60
308 [22935066633920] INFO perfrun.perfcollector <> - hwInfo: PERF_CBOX_PMU_DETAILS
308 [22935066633920] INFO perfrun.perfcollector <> - pmu added: family: uncore_cbox, id: 13
308 [22935066633920] INFO perfrun.perfcollector <> - dir found: /sys/bus/event_source/devices/uncore_r2pcie
308 [22935066633920] INFO perfrun.perfcollector <> - format: event config:0-7 mask:0-7
308 [22935066633920] INFO perfrun.perfcollector <> - format: edge config:18 mask:18
308 [22935066633920] INFO perfrun.perfcollector <> - format: inv config:23 mask:23
308 [22935066633920] INFO perfrun.perfcollector <> - format: umask config:8-15 mask:8-15
308 [22935066633920] INFO perfrun.perfcollector <> - format: thresh config:24-31 mask:24-31
308 [22935066633920] INFO perfrun.perfcollector <> - hwInfo: not set, pmuFam: uncore_r2pcie
308 [22935066633920] INFO perfrun.perfcollector <> - pmu added: family: uncore_r2pcie, id: 0
308 [22935066633920] INFO perfrun.perfcollector <> - dir found: /sys/bus/event_source/devices/uncore_sbox_0
308 [22935066633920] INFO perfrun.perfcollector <> - format: event config:0-7 mask:0-7
308 [22935066633920] INFO perfrun.perfcollector <> - format: edge config:18 mask:18
308 [22935066633920] INFO perfrun.perfcollector <> - format: inv config:23 mask:23
308 [22935066633920] INFO perfrun.perfcollector <> - format: umask config:8-15 mask:8-15
308 [22935066633920] INFO perfrun.perfcollector <> - format: tid_en config:19 mask:19
308 [22935066633920] INFO perfrun.perfcollector <> - format: thresh config:24-31 mask:24-31
308 [22935066633920] INFO perfrun.perfcollector <> - hwInfo: not set, pmuFam: uncore_sbox
308 [22935066633920] INFO perfrun.perfcollector <> - pmu added: family: uncore_sbox, id: 0
308 [22935066633920] INFO perfrun.perfcollector <> - dir found: /sys/bus/event_source/devices/uncore_qpi_1
309 [22935066633920] INFO perfrun.perfcollector <> - format: mask_rnid4 config2:31 mask:31
309 [22935066633920] INFO perfrun.perfcollector <> - format: mask_rnid30 config2:32-35 mask:32-35
309 [22935066633920] INFO perfrun.perfcollector <> - format: match_rnid30 config1:32-35 mask:32-35
309 [22935066633920] INFO perfrun.perfcollector <> - format: event config:0-7,21 mask:0-7,21
309 [22935066633920] INFO perfrun.perfcollector <> - format: match0 config1:0-31 mask:0-31
309 [22935066633920] INFO perfrun.perfcollector <> - format: match_rds config1:48-51 mask:48-51
309 [22935066633920] INFO perfrun.perfcollector <> - format: mask_rds config2:48-51 mask:48-51
309 [22935066633920] INFO perfrun.perfcollector <> - format: edge config:18 mask:18
309 [22935066633920] INFO perfrun.perfcollector <> - format: mask1 config2:32-63 mask:32-63
309 [22935066633920] INFO perfrun.perfcollector <> - format: match_dnid config1:13-17 mask:13-17
309 [22935066633920] INFO perfrun.perfcollector <> - format: mask_dnid config2:13-17 mask:13-17
309 [22935066633920] INFO perfrun.perfcollector <> - format: match_vnw config1:3-4 mask:3-4
309 [22935066633920] INFO perfrun.perfcollector <> - format: mask_vnw config2:3-4 mask:3-4
309 [22935066633920] INFO perfrun.perfcollector <> - format: mask_mc config2:9-12 mask:9-12
309 [22935066633920] INFO perfrun.perfcollector <> - format: match1 config1:32-63 mask:32-63
309 [22935066633920] INFO perfrun.perfcollector <> - format: inv config:23 mask:23
309 [22935066633920] INFO perfrun.perfcollector <> - format: umask config:8-15 mask:8-15
309 [22935066633920] INFO perfrun.perfcollector <> - format: match_opc config1:5-8 mask:5-8
309 [22935066633920] INFO perfrun.perfcollector <> - format: mask_opc config2:5-8 mask:5-8
309 [22935066633920] INFO perfrun.perfcollector <> - format: thresh config:24-31 mask:24-31
309 [22935066633920] INFO perfrun.perfcollector <> - format: match_rnid4 config1:31 mask:31
309 [22935066633920] INFO perfrun.perfcollector <> - format: mask0 config2:0-31 mask:0-31
309 [22935066633920] INFO perfrun.perfcollector <> - format: match_mc config1:9-12 mask:9-12
309 [22935066633920] INFO perfrun.perfcollector <> - hwInfo: PERF_QPI_PMU_DETAILS
309 [22935066633920] INFO perfrun.perfcollector <> - pmu added: family: uncore_qpi, id: 1
309 [22935066633920] INFO perfrun.perfcollector <> - dir found: /sys/bus/event_source/devices/uncore_cbox_6
309 [22935066633920] INFO perfrun.perfcollector <> - format: event config:0-7 mask:0-7
309 [22935066633920] INFO perfrun.perfcollector <> - format: filter_link config1:6-8 mask:6-8
309 [22935066633920] INFO perfrun.perfcollector <> - format: filter_c6 config1:61 mask:61
309 [22935066633920] INFO perfrun.perfcollector <> - format: edge config:18 mask:18
309 [22935066633920] INFO perfrun.perfcollector <> - format: filter_isoc config1:63 mask:63
309 [22935066633920] INFO perfrun.perfcollector <> - format: filter_tid config1:0-5 mask:0-5
309 [22935066633920] INFO perfrun.perfcollector <> - format: filter_nid config1:32-47 mask:32-47
309 [22935066633920] INFO perfrun.perfcollector <> - format: filter_nc config1:62 mask:62
309 [22935066633920] INFO perfrun.perfcollector <> - format: umask config:8-15 mask:8-15
309 [22935066633920] INFO perfrun.perfcollector <> - format: tid_en config:19 mask:19
309 [22935066633920] INFO perfrun.perfcollector <> - format: thresh config:24-31 mask:24-31
309 [22935066633920] INFO perfrun.perfcollector <> - format: filter_state config1:17-23 mask:17-23
309 [22935066633920] INFO perfrun.perfcollector <> - format: filter_opc config1:52-60 mask:52-60
309 [22935066633920] INFO perfrun.perfcollector <> - hwInfo: PERF_CBOX_PMU_DETAILS
309 [22935066633920] INFO perfrun.perfcollector <> - pmu added: family: uncore_cbox, id: 6
309 [22935066633920] INFO perfrun.perfcollector <> - dir found: /sys/bus/event_source/devices/uncore_imc_1
310 [22935066633920] INFO perfrun.perfcollector <> - format: event config:0-7 mask:0-7
310 [22935066633920] INFO perfrun.perfcollector <> - format: edge config:18 mask:18
310 [22935066633920] INFO perfrun.perfcollector <> - format: inv config:23 mask:23
310 [22935066633920] INFO perfrun.perfcollector <> - format: umask config:8-15 mask:8-15
310 [22935066633920] INFO perfrun.perfcollector <> - format: thresh config:24-31 mask:24-31
310 [22935066633920] INFO perfrun.perfcollector <> - hwInfo: PERF_IMC_PMU_DETAILS
310 [22935066633920] INFO perfrun.perfcollector <> - pmu added: family: uncore_imc, id: 1
310 [22935066633920] INFO perfrun.perfcollector <> - dir found: /sys/bus/event_source/devices/power
310 [22935066633920] INFO perfrun.perfcollector <> - format: event config:0-7 mask:0-7
310 [22935066633920] INFO perfrun.perfcollector <> - hwInfo: not set, pmuFam: power
310 [22935066633920] INFO perfrun.perfcollector <> - pmu added: family: power, id: 0
310 [22935066633920] INFO perfrun.perfcollector <> - dir found: /sys/bus/event_source/devices/uncore_cbox_11
310 [22935066633920] INFO perfrun.perfcollector <> - format: event config:0-7 mask:0-7
310 [22935066633920] INFO perfrun.perfcollector <> - format: filter_link config1:6-8 mask:6-8
310 [22935066633920] INFO perfrun.perfcollector <> - format: filter_c6 config1:61 mask:61
310 [22935066633920] INFO perfrun.perfcollector <> - format: edge config:18 mask:18
310 [22935066633920] INFO perfrun.perfcollector <> - format: filter_isoc config1:63 mask:63
310 [22935066633920] INFO perfrun.perfcollector <> - format: filter_tid config1:0-5 mask:0-5
310 [22935066633920] INFO perfrun.perfcollector <> - format: filter_nid config1:32-47 mask:32-47
310 [22935066633920] INFO perfrun.perfcollector <> - format: filter_nc config1:62 mask:62
310 [22935066633920] INFO perfrun.perfcollector <> - format: umask config:8-15 mask:8-15
310 [22935066633920] INFO perfrun.perfcollector <> - format: tid_en config:19 mask:19
310 [22935066633920] INFO perfrun.perfcollector <> - format: thresh config:24-31 mask:24-31
310 [22935066633920] INFO perfrun.perfcollector <> - format: filter_state config1:17-23 mask:17-23
310 [22935066633920] INFO perfrun.perfcollector <> - format: filter_opc config1:52-60 mask:52-60
310 [22935066633920] INFO perfrun.perfcollector <> - hwInfo: PERF_CBOX_PMU_DETAILS
310 [22935066633920] INFO perfrun.perfcollector <> - pmu added: family: uncore_cbox, id: 11
310 [22935066633920] INFO perfrun.perfcollector <> - dir found: /sys/bus/event_source/devices/uncore_cbox_4
310 [22935066633920] INFO perfrun.perfcollector <> - format: event config:0-7 mask:0-7
310 [22935066633920] INFO perfrun.perfcollector <> - format: filter_link config1:6-8 mask:6-8
310 [22935066633920] INFO perfrun.perfcollector <> - format: filter_c6 config1:61 mask:61
310 [22935066633920] INFO perfrun.perfcollector <> - format: edge config:18 mask:18
310 [22935066633920] INFO perfrun.perfcollector <> - format: filter_isoc config1:63 mask:63
310 [22935066633920] INFO perfrun.perfcollector <> - format: filter_tid config1:0-5 mask:0-5
310 [22935066633920] INFO perfrun.perfcollector <> - format: filter_nid config1:32-47 mask:32-47
310 [22935066633920] INFO perfrun.perfcollector <> - format: filter_nc config1:62 mask:62
310 [22935066633920] INFO perfrun.perfcollector <> - format: umask config:8-15 mask:8-15
310 [22935066633920] INFO perfrun.perfcollector <> - format: tid_en config:19 mask:19
310 [22935066633920] INFO perfrun.perfcollector <> - format: thresh config:24-31 mask:24-31
310 [22935066633920] INFO perfrun.perfcollector <> - format: filter_state config1:17-23 mask:17-23
310 [22935066633920] INFO perfrun.perfcollector <> - format: filter_opc config1:52-60 mask:52-60
310 [22935066633920] INFO perfrun.perfcollector <> - hwInfo: PERF_CBOX_PMU_DETAILS
310 [22935066633920] INFO perfrun.perfcollector <> - pmu added: family: uncore_cbox, id: 4
310 [22935066633920] INFO perfrun.perfcollector <> - dir found: /sys/bus/event_source/devices/uprobe
311 [22935066633920] INFO perfrun.perfcollector <> - format: ref_ctr_offset config:32-63 mask:32-63
311 [22935066633920] INFO perfrun.perfcollector <> - format: retprobe config:0 mask:0
311 [22935066633920] INFO perfrun.perfcollector <> - hwInfo: not set, pmuFam: uprobe
311 [22935066633920] INFO perfrun.perfcollector <> - pmu added: family: uprobe, id: 0
311 [22935066633920] INFO perfrun.perfcollector <> - dir found: /sys/bus/event_source/devices/intel_bts
311 [22935066633920] INFO perfrun.perfcollector <> - format: pmu format subdir doesn't exist
311 [22935066633920] INFO perfrun.perfcollector <> - hwInfo: not set, pmuFam: intel_bts
311 [22935066633920] INFO perfrun.perfcollector <> - pmu added: family: intel_bts, id: 0
311 [22935066633920] INFO perfrun.perfcollector <> - dir found: /sys/bus/event_source/devices/cpu
311 [22935066633920] INFO perfrun.perfcollector <> - format: event config:0-7 mask:0-7
311 [22935066633920] INFO perfrun.perfcollector <> - format: pc config:19 mask:19
311 [22935066633920] INFO perfrun.perfcollector <> - format: in_tx config:32 mask:32
311 [22935066633920] INFO perfrun.perfcollector <> - format: edge config:18 mask:18
311 [22935066633920] INFO perfrun.perfcollector <> - format: any config:21 mask:21
311 [22935066633920] INFO perfrun.perfcollector <> - format: offcore_rsp config1:0-63 mask:0-63
311 [22935066633920] INFO perfrun.perfcollector <> - format: in_tx_cp config:33 mask:33
311 [22935066633920] INFO perfrun.perfcollector <> - format: ldlat config1:0-15 mask:0-15
311 [22935066633920] INFO perfrun.perfcollector <> - format: inv config:23 mask:23
311 [22935066633920] INFO perfrun.perfcollector <> - format: umask config:8-15 mask:8-15
311 [22935066633920] INFO perfrun.perfcollector <> - format: cmask config:24-31 mask:24-31
311 [22935066633920] INFO perfrun.perfcollector <> - hwInfo: PERF_CPU_PMU_DETAILS
311 [22935066633920] INFO perfrun.perfcollector <> - pmu added: family: cpu, id: 0
311 [22935066633920] INFO perfrun.perfcollector <> - dir found: /sys/bus/event_source/devices/uncore_r3qpi_0
311 [22935066633920] INFO perfrun.perfcollector <> - format: event config:0-7 mask:0-7
311 [22935066633920] INFO perfrun.perfcollector <> - format: edge config:18 mask:18
311 [22935066633920] INFO perfrun.perfcollector <> - format: inv config:23 mask:23
311 [22935066633920] INFO perfrun.perfcollector <> - format: umask config:8-15 mask:8-15
311 [22935066633920] INFO perfrun.perfcollector <> - format: thresh config:24-31 mask:24-31
311 [22935066633920] INFO perfrun.perfcollector <> - hwInfo: not set, pmuFam: uncore_r3qpi
311 [22935066633920] INFO perfrun.perfcollector <> - pmu added: family: uncore_r3qpi, id: 0
311 [22935066633920] INFO perfrun.perfcollector <> - dir found: /sys/bus/event_source/devices/cstate_core
311 [22935066633920] INFO perfrun.perfcollector <> - format: event config:0-63 mask:0-63
311 [22935066633920] INFO perfrun.perfcollector <> - hwInfo: not set, pmuFam: cstate_core
311 [22935066633920] INFO perfrun.perfcollector <> - pmu added: family: cstate_core, id: 0
311 [22935066633920] INFO perfrun.perfcollector <> - dir found: /sys/bus/event_source/devices/uncore_cbox_2
311 [22935066633920] INFO perfrun.perfcollector <> - format: event config:0-7 mask:0-7
311 [22935066633920] INFO perfrun.perfcollector <> - format: filter_link config1:6-8 mask:6-8
311 [22935066633920] INFO perfrun.perfcollector <> - format: filter_c6 config1:61 mask:61
311 [22935066633920] INFO perfrun.perfcollector <> - format: edge config:18 mask:18
312 [22935066633920] INFO perfrun.perfcollector <> - format: filter_isoc config1:63 mask:63
312 [22935066633920] INFO perfrun.perfcollector <> - format: filter_tid config1:0-5 mask:0-5
312 [22935066633920] INFO perfrun.perfcollector <> - format: filter_nid config1:32-47 mask:32-47
312 [22935066633920] INFO perfrun.perfcollector <> - format: filter_nc config1:62 mask:62
312 [22935066633920] INFO perfrun.perfcollector <> - format: umask config:8-15 mask:8-15
312 [22935066633920] INFO perfrun.perfcollector <> - format: tid_en config:19 mask:19
312 [22935066633920] INFO perfrun.perfcollector <> - format: thresh config:24-31 mask:24-31
312 [22935066633920] INFO perfrun.perfcollector <> - format: filter_state config1:17-23 mask:17-23
312 [22935066633920] INFO perfrun.perfcollector <> - format: filter_opc config1:52-60 mask:52-60
312 [22935066633920] INFO perfrun.perfcollector <> - hwInfo: PERF_CBOX_PMU_DETAILS
312 [22935066633920] INFO perfrun.perfcollector <> - pmu added: family: uncore_cbox, id: 2
312 [22935066633920] INFO perfrun.perfcollector <> - dir found: /sys/bus/event_source/devices/breakpoint
312 [22935066633920] INFO perfrun.perfcollector <> - format: pmu format subdir doesn't exist
312 [22935066633920] INFO perfrun.perfcollector <> - hwInfo: not set, pmuFam: breakpoint
312 [22935066633920] INFO perfrun.perfcollector <> - pmu added: family: breakpoint, id: 0
312 [22935066633920] INFO perfrun.perfcollector <> - dir found: /sys/bus/event_source/devices/uncore_ha_0
312 [22935066633920] INFO perfrun.perfcollector <> - format: event config:0-7 mask:0-7
312 [22935066633920] INFO perfrun.perfcollector <> - format: edge config:18 mask:18
312 [22935066633920] INFO perfrun.perfcollector <> - format: inv config:23 mask:23
312 [22935066633920] INFO perfrun.perfcollector <> - format: umask config:8-15 mask:8-15
312 [22935066633920] INFO perfrun.perfcollector <> - format: thresh config:24-31 mask:24-31
312 [22935066633920] INFO perfrun.perfcollector <> - hwInfo: not set, pmuFam: uncore_ha
312 [22935066633920] INFO perfrun.perfcollector <> - pmu added: family: uncore_ha, id: 0
312 [22935066633920] INFO perfrun.perfcollector <> - dir found: /sys/bus/event_source/devices/uncore_cbox_0
312 [22935066633920] INFO perfrun.perfcollector <> - format: event config:0-7 mask:0-7
312 [22935066633920] INFO perfrun.perfcollector <> - format: filter_link config1:6-8 mask:6-8
312 [22935066633920] INFO perfrun.perfcollector <> - format: filter_c6 config1:61 mask:61
312 [22935066633920] INFO perfrun.perfcollector <> - format: edge config:18 mask:18
312 [22935066633920] INFO perfrun.perfcollector <> - format: filter_isoc config1:63 mask:63
312 [22935066633920] INFO perfrun.perfcollector <> - format: filter_tid config1:0-5 mask:0-5
312 [22935066633920] INFO perfrun.perfcollector <> - format: filter_nid config1:32-47 mask:32-47
312 [22935066633920] INFO perfrun.perfcollector <> - format: filter_nc config1:62 mask:62
313 [22935066633920] INFO perfrun.perfcollector <> - format: umask config:8-15 mask:8-15
313 [22935066633920] INFO perfrun.perfcollector <> - format: tid_en config:19 mask:19
313 [22935066633920] INFO perfrun.perfcollector <> - format: thresh config:24-31 mask:24-31
313 [22935066633920] INFO perfrun.perfcollector <> - format: filter_state config1:17-23 mask:17-23
313 [22935066633920] INFO perfrun.perfcollector <> - format: filter_opc config1:52-60 mask:52-60
313 [22935066633920] INFO perfrun.perfcollector <> - hwInfo: PERF_CBOX_PMU_DETAILS
313 [22935066633920] INFO perfrun.perfcollector <> - pmu added: family: uncore_cbox, id: 0
313 [22935066633920] INFO perfrun.perfcollector <> - dir found: /sys/bus/event_source/devices/tracepoint
313 [22935066633920] INFO perfrun.perfcollector <> - format: pmu format subdir doesn't exist
313 [22935066633920] INFO perfrun.perfcollector <> - hwInfo: not set, pmuFam: tracepoint
313 [22935066633920] INFO perfrun.perfcollector <> - pmu added: family: tracepoint, id: 0
313 [22935066633920] INFO perfrun.perfcollector <> - dir found: /sys/bus/event_source/devices/uncore_sbox_3
313 [22935066633920] INFO perfrun.perfcollector <> - format: event config:0-7 mask:0-7
313 [22935066633920] INFO perfrun.perfcollector <> - format: edge config:18 mask:18
313 [22935066633920] INFO perfrun.perfcollector <> - format: inv config:23 mask:23
313 [22935066633920] INFO perfrun.perfcollector <> - format: umask config:8-15 mask:8-15
313 [22935066633920] INFO perfrun.perfcollector <> - format: tid_en config:19 mask:19
313 [22935066633920] INFO perfrun.perfcollector <> - format: thresh config:24-31 mask:24-31
313 [22935066633920] INFO perfrun.perfcollector <> - hwInfo: not set, pmuFam: uncore_sbox
313 [22935066633920] INFO perfrun.perfcollector <> - pmu added: family: uncore_sbox, id: 3
313 [22935066633920] INFO perfrun.perfcollector <> - dir found: /sys/bus/event_source/devices/uncore_cbox_9
313 [22935066633920] INFO perfrun.perfcollector <> - format: event config:0-7 mask:0-7
313 [22935066633920] INFO perfrun.perfcollector <> - format: filter_link config1:6-8 mask:6-8
313 [22935066633920] INFO perfrun.perfcollector <> - format: filter_c6 config1:61 mask:61
313 [22935066633920] INFO perfrun.perfcollector <> - format: edge config:18 mask:18
313 [22935066633920] INFO perfrun.perfcollector <> - format: filter_isoc config1:63 mask:63
314 [22935066633920] INFO perfrun.perfcollector <> - format: filter_tid config1:0-5 mask:0-5
314 [22935066633920] INFO perfrun.perfcollector <> - format: filter_nid config1:32-47 mask:32-47
314 [22935066633920] INFO perfrun.perfcollector <> - format: filter_nc config1:62 mask:62
314 [22935066633920] INFO perfrun.perfcollector <> - format: umask config:8-15 mask:8-15
314 [22935066633920] INFO perfrun.perfcollector <> - format: tid_en config:19 mask:19
314 [22935066633920] INFO perfrun.perfcollector <> - format: thresh config:24-31 mask:24-31
314 [22935066633920] INFO perfrun.perfcollector <> - format: filter_state config1:17-23 mask:17-23
314 [22935066633920] INFO perfrun.perfcollector <> - format: filter_opc config1:52-60 mask:52-60
314 [22935066633920] INFO perfrun.perfcollector <> - hwInfo: PERF_CBOX_PMU_DETAILS
314 [22935066633920] INFO perfrun.perfcollector <> - pmu added: family: uncore_cbox, id: 9
314 [22935066633920] INFO perfrun.perfcollector <> - dir found: /sys/bus/event_source/devices/cstate_pkg
314 [22935066633920] INFO perfrun.perfcollector <> - format: event config:0-63 mask:0-63
314 [22935066633920] INFO perfrun.perfcollector <> - hwInfo: not set, pmuFam: cstate_pkg
314 [22935066633920] INFO perfrun.perfcollector <> - pmu added: family: cstate_pkg, id: 0
314 [22935066633920] INFO perfrun.perfcollector <> - dir found: /sys/bus/event_source/devices/uncore_imc_4
314 [22935066633920] INFO perfrun.perfcollector <> - format: event config:0-7 mask:0-7
314 [22935066633920] INFO perfrun.perfcollector <> - format: edge config:18 mask:18
314 [22935066633920] INFO perfrun.perfcollector <> - format: inv config:23 mask:23
314 [22935066633920] INFO perfrun.perfcollector <> - format: umask config:8-15 mask:8-15
314 [22935066633920] INFO perfrun.perfcollector <> - format: thresh config:24-31 mask:24-31
314 [22935066633920] INFO perfrun.perfcollector <> - hwInfo: PERF_IMC_PMU_DETAILS
314 [22935066633920] INFO perfrun.perfcollector <> - pmu added: family: uncore_imc, id: 4
314 [22935066633920] INFO perfrun.perfcollector <> - dir found: /sys/bus/event_source/devices/uncore_ubox
315 [22935066633920] INFO perfrun.perfcollector <> - format: event config:0-7 mask:0-7
315 [22935066633920] INFO perfrun.perfcollector <> - format: edge config:18 mask:18
315 [22935066633920] INFO perfrun.perfcollector <> - format: inv config:23 mask:23
315 [22935066633920] INFO perfrun.perfcollector <> - format: umask config:8-15 mask:8-15
315 [22935066633920] INFO perfrun.perfcollector <> - format: thresh config:24-28 mask:24-28
315 [22935066633920] INFO perfrun.perfcollector <> - hwInfo: not set, pmuFam: uncore_ubox
315 [22935066633920] INFO perfrun.perfcollector <> - pmu added: family: uncore_ubox, id: 0
315 [22935066633920] INFO perfrun.perfcollector <> - dir found: /sys/bus/event_source/devices/uncore_sbox_1
315 [22935066633920] INFO perfrun.perfcollector <> - format: event config:0-7 mask:0-7
315 [22935066633920] INFO perfrun.perfcollector <> - format: edge config:18 mask:18
315 [22935066633920] INFO perfrun.perfcollector <> - format: inv config:23 mask:23
315 [22935066633920] INFO perfrun.perfcollector <> - format: umask config:8-15 mask:8-15
315 [22935066633920] INFO perfrun.perfcollector <> - format: tid_en config:19 mask:19
315 [22935066633920] INFO perfrun.perfcollector <> - format: thresh config:24-31 mask:24-31
315 [22935066633920] INFO perfrun.perfcollector <> - hwInfo: not set, pmuFam: uncore_sbox
315 [22935066633920] INFO perfrun.perfcollector <> - pmu added: family: uncore_sbox, id: 1
315 [22935066633920] INFO perfrun.perfcollector <> - dir found: /sys/bus/event_source/devices/uncore_cbox_7
315 [22935066633920] INFO perfrun.perfcollector <> - format: event config:0-7 mask:0-7
315 [22935066633920] INFO perfrun.perfcollector <> - format: filter_link config1:6-8 mask:6-8
315 [22935066633920] INFO perfrun.perfcollector <> - format: filter_c6 config1:61 mask:61
315 [22935066633920] INFO perfrun.perfcollector <> - format: edge config:18 mask:18
315 [22935066633920] INFO perfrun.perfcollector <> - format: filter_isoc config1:63 mask:63
316 [22935066633920] INFO perfrun.perfcollector <> - format: filter_tid config1:0-5 mask:0-5
316 [22935066633920] INFO perfrun.perfcollector <> - format: filter_nid config1:32-47 mask:32-47
316 [22935066633920] INFO perfrun.perfcollector <> - format: filter_nc config1:62 mask:62
316 [22935066633920] INFO perfrun.perfcollector <> - format: umask config:8-15 mask:8-15
316 [22935066633920] INFO perfrun.perfcollector <> - format: tid_en config:19 mask:19
316 [22935066633920] INFO perfrun.perfcollector <> - format: thresh config:24-31 mask:24-31
316 [22935066633920] INFO perfrun.perfcollector <> - format: filter_state config1:17-23 mask:17-23
316 [22935066633920] INFO perfrun.perfcollector <> - format: filter_opc config1:52-60 mask:52-60
316 [22935066633920] INFO perfrun.perfcollector <> - hwInfo: PERF_CBOX_PMU_DETAILS
316 [22935066633920] INFO perfrun.perfcollector <> - pmu added: family: uncore_cbox, id: 7
316 [22935066633920] INFO perfrun.perfcollector <> - dir found: /sys/bus/event_source/devices/uncore_cbox_12
316 [22935066633920] INFO perfrun.perfcollector <> - format: event config:0-7 mask:0-7
316 [22935066633920] INFO perfrun.perfcollector <> - format: filter_link config1:6-8 mask:6-8
316 [22935066633920] INFO perfrun.perfcollector <> - format: filter_c6 config1:61 mask:61
316 [22935066633920] INFO perfrun.perfcollector <> - format: edge config:18 mask:18
316 [22935066633920] INFO perfrun.perfcollector <> - format: filter_isoc config1:63 mask:63
316 [22935066633920] INFO perfrun.perfcollector <> - format: filter_tid config1:0-5 mask:0-5
316 [22935066633920] INFO perfrun.perfcollector <> - format: filter_nid config1:32-47 mask:32-47
316 [22935066633920] INFO perfrun.perfcollector <> - format: filter_nc config1:62 mask:62
316 [22935066633920] INFO perfrun.perfcollector <> - format: umask config:8-15 mask:8-15
317 [22935066633920] INFO perfrun.perfcollector <> - format: tid_en config:19 mask:19
317 [22935066633920] INFO perfrun.perfcollector <> - format: thresh config:24-31 mask:24-31
317 [22935066633920] INFO perfrun.perfcollector <> - format: filter_state config1:17-23 mask:17-23
317 [22935066633920] INFO perfrun.perfcollector <> - format: filter_opc config1:52-60 mask:52-60
317 [22935066633920] INFO perfrun.perfcollector <> - hwInfo: PERF_CBOX_PMU_DETAILS
317 [22935066633920] INFO perfrun.perfcollector <> - pmu added: family: uncore_cbox, id: 12
317 [22935066633920] INFO perfrun.perfcollector <> - dir found: /sys/bus/event_source/devices/kprobe
317 [22935066633920] INFO perfrun.perfcollector <> - format: retprobe config:0 mask:0
317 [22935066633920] INFO perfrun.perfcollector <> - hwInfo: not set, pmuFam: kprobe
317 [22935066633920] INFO perfrun.perfcollector <> - pmu added: family: kprobe, id: 0
317 [22935066633920] INFO perfrun.perfcollector <> - dir found: /sys/bus/event_source/devices/uncore_qpi_0
317 [22935066633920] INFO perfrun.perfcollector <> - format: mask_rnid4 config2:31 mask:31
317 [22935066633920] INFO perfrun.perfcollector <> - format: mask_rnid30 config2:32-35 mask:32-35
317 [22935066633920] INFO perfrun.perfcollector <> - format: match_rnid30 config1:32-35 mask:32-35
317 [22935066633920] INFO perfrun.perfcollector <> - format: event config:0-7,21 mask:0-7,21
317 [22935066633920] INFO perfrun.perfcollector <> - format: match0 config1:0-31 mask:0-31
317 [22935066633920] INFO perfrun.perfcollector <> - format: match_rds config1:48-51 mask:48-51
317 [22935066633920] INFO perfrun.perfcollector <> - format: mask_rds config2:48-51 mask:48-51
318 [22935066633920] INFO perfrun.perfcollector <> - format: edge config:18 mask:18
318 [22935066633920] INFO perfrun.perfcollector <> - format: mask1 config2:32-63 mask:32-63
318 [22935066633920] INFO perfrun.perfcollector <> - format: match_dnid config1:13-17 mask:13-17
318 [22935066633920] INFO perfrun.perfcollector <> - format: mask_dnid config2:13-17 mask:13-17
318 [22935066633920] INFO perfrun.perfcollector <> - format: match_vnw config1:3-4 mask:3-4
318 [22935066633920] INFO perfrun.perfcollector <> - format: mask_vnw config2:3-4 mask:3-4
318 [22935066633920] INFO perfrun.perfcollector <> - format: mask_mc config2:9-12 mask:9-12
318 [22935066633920] INFO perfrun.perfcollector <> - format: match1 config1:32-63 mask:32-63
318 [22935066633920] INFO perfrun.perfcollector <> - format: inv config:23 mask:23
318 [22935066633920] INFO perfrun.perfcollector <> - format: umask config:8-15 mask:8-15
318 [22935066633920] INFO perfrun.perfcollector <> - format: match_opc config1:5-8 mask:5-8
318 [22935066633920] INFO perfrun.perfcollector <> - format: mask_opc config2:5-8 mask:5-8
318 [22935066633920] INFO perfrun.perfcollector <> - format: thresh config:24-31 mask:24-31
318 [22935066633920] INFO perfrun.perfcollector <> - format: match_rnid4 config1:31 mask:31
318 [22935066633920] INFO perfrun.perfcollector <> - format: mask0 config2:0-31 mask:0-31
318 [22935066633920] INFO perfrun.perfcollector <> - format: match_mc config1:9-12 mask:9-12
318 [22935066633920] INFO perfrun.perfcollector <> - hwInfo: PERF_QPI_PMU_DETAILS
318 [22935066633920] INFO perfrun.perfcollector <> - pmu added: family: uncore_qpi, id: 0
318 [22935066633920] INFO perfrun.perfcollector <> - dir found: /sys/bus/event_source/devices/uncore_cbox_5
318 [22935066633920] INFO perfrun.perfcollector <> - format: event config:0-7 mask:0-7
318 [22935066633920] INFO perfrun.perfcollector <> - format: filter_link config1:6-8 mask:6-8
319 [22935066633920] INFO perfrun.perfcollector <> - format: filter_c6 config1:61 mask:61
319 [22935066633920] INFO perfrun.perfcollector <> - format: edge config:18 mask:18
319 [22935066633920] INFO perfrun.perfcollector <> - format: filter_isoc config1:63 mask:63
319 [22935066633920] INFO perfrun.perfcollector <> - format: filter_tid config1:0-5 mask:0-5
319 [22935066633920] INFO perfrun.perfcollector <> - format: filter_nid config1:32-47 mask:32-47
319 [22935066633920] INFO perfrun.perfcollector <> - format: filter_nc config1:62 mask:62
319 [22935066633920] INFO perfrun.perfcollector <> - format: umask config:8-15 mask:8-15
319 [22935066633920] INFO perfrun.perfcollector <> - format: tid_en config:19 mask:19
319 [22935066633920] INFO perfrun.perfcollector <> - format: thresh config:24-31 mask:24-31
319 [22935066633920] INFO perfrun.perfcollector <> - format: filter_state config1:17-23 mask:17-23
319 [22935066633920] INFO perfrun.perfcollector <> - format: filter_opc config1:52-60 mask:52-60
319 [22935066633920] INFO perfrun.perfcollector <> - hwInfo: PERF_CBOX_PMU_DETAILS
319 [22935066633920] INFO perfrun.perfcollector <> - pmu added: family: uncore_cbox, id: 5
319 [22935066633920] INFO perfrun.perfcollector <> - dir found: /sys/bus/event_source/devices/uncore_imc_0
319 [22935066633920] INFO perfrun.perfcollector <> - format: event config:0-7 mask:0-7
319 [22935066633920] INFO perfrun.perfcollector <> - format: edge config:18 mask:18
320 [22935066633920] INFO perfrun.perfcollector <> - format: inv config:23 mask:23
320 [22935066633920] INFO perfrun.perfcollector <> - format: umask config:8-15 mask:8-15
320 [22935066633920] INFO perfrun.perfcollector <> - format: thresh config:24-31 mask:24-31
320 [22935066633920] INFO perfrun.perfcollector <> - hwInfo: PERF_IMC_PMU_DETAILS
320 [22935066633920] INFO perfrun.perfcollector <> - pmu added: family: uncore_imc, id: 0
320 [22935066633920] INFO perfrun.perfcollector <> - dir found: /sys/bus/event_source/devices/uncore_cbox_10
320 [22935066633920] INFO perfrun.perfcollector <> - format: event config:0-7 mask:0-7
320 [22935066633920] INFO perfrun.perfcollector <> - format: filter_link config1:6-8 mask:6-8
320 [22935066633920] INFO perfrun.perfcollector <> - format: filter_c6 config1:61 mask:61
320 [22935066633920] INFO perfrun.perfcollector <> - format: edge config:18 mask:18
320 [22935066633920] INFO perfrun.perfcollector <> - format: filter_isoc config1:63 mask:63
320 [22935066633920] INFO perfrun.perfcollector <> - format: filter_tid config1:0-5 mask:0-5
320 [22935066633920] INFO perfrun.perfcollector <> - format: filter_nid config1:32-47 mask:32-47
320 [22935066633920] INFO perfrun.perfcollector <> - format: filter_nc config1:62 mask:62
320 [22935066633920] INFO perfrun.perfcollector <> - format: umask config:8-15 mask:8-15
320 [22935066633920] INFO perfrun.perfcollector <> - format: tid_en config:19 mask:19
320 [22935066633920] INFO perfrun.perfcollector <> - format: thresh config:24-31 mask:24-31
320 [22935066633920] INFO perfrun.perfcollector <> - format: filter_state config1:17-23 mask:17-23
320 [22935066633920] INFO perfrun.perfcollector <> - format: filter_opc config1:52-60 mask:52-60
320 [22935066633920] INFO perfrun.perfcollector <> - hwInfo: PERF_CBOX_PMU_DETAILS
320 [22935066633920] INFO perfrun.perfcollector <> - pmu added: family: uncore_cbox, id: 10
320 [22935066633920] INFO perfrun.perfcollector <> - dir found: /sys/bus/event_source/devices/uncore_pcu
320 [22935066633920] INFO perfrun.perfcollector <> - format: filter_band2 config1:16-23 mask:16-23
321 [22935066633920] INFO perfrun.perfcollector <> - format: event config:0-7 mask:0-7
321 [22935066633920] INFO perfrun.perfcollector <> - format: filter_band0 config1:0-7 mask:0-7
321 [22935066633920] INFO perfrun.perfcollector <> - format: edge config:18 mask:18
321 [22935066633920] INFO perfrun.perfcollector <> - format: occ_invert config:30 mask:30
321 [22935066633920] INFO perfrun.perfcollector <> - format: occ_edge config:14-51 mask:14-51
321 [22935066633920] INFO perfrun.perfcollector <> - format: filter_band3 config1:24-31 mask:24-31
321 [22935066633920] INFO perfrun.perfcollector <> - format: filter_band1 config1:8-15 mask:8-15
321 [22935066633920] INFO perfrun.perfcollector <> - format: inv config:23 mask:23
321 [22935066633920] INFO perfrun.perfcollector <> - format: thresh config:24-28 mask:24-28
321 [22935066633920] INFO perfrun.perfcollector <> - format: occ_sel config:14-15 mask:14-15
321 [22935066633920] INFO perfrun.perfcollector <> - hwInfo: not set, pmuFam: uncore_pcu
321 [22935066633920] INFO perfrun.perfcollector <> - pmu added: family: uncore_pcu, id: 0
321 [22935066633920] INFO perfrun.perfcollector <> - dir found: /sys/bus/event_source/devices/uncore_r3qpi_1
321 [22935066633920] INFO perfrun.perfcollector <> - format: event config:0-7 mask:0-7
321 [22935066633920] INFO perfrun.perfcollector <> - format: edge config:18 mask:18
321 [22935066633920] INFO perfrun.perfcollector <> - format: inv config:23 mask:23
321 [22935066633920] INFO perfrun.perfcollector <> - format: umask config:8-15 mask:8-15
321 [22935066633920] INFO perfrun.perfcollector <> - format: thresh config:24-31 mask:24-31
321 [22935066633920] INFO perfrun.perfcollector <> - hwInfo: not set, pmuFam: uncore_r3qpi
321 [22935066633920] INFO perfrun.perfcollector <> - pmu added: family: uncore_r3qpi, id: 1
321 [22935066633920] INFO perfrun.perfcollector <> - dir found: /sys/bus/event_source/devices/msr
321 [22935066633920] INFO perfrun.perfcollector <> - format: event config:0-63 mask:0-63
321 [22935066633920] INFO perfrun.perfcollector <> - hwInfo: not set, pmuFam: msr
321 [22935066633920] INFO perfrun.perfcollector <> - pmu added: family: msr, id: 0
321 [22935066633920] INFO perfrun.perfcollector <> - dir found: /sys/bus/event_source/devices/uncore_cbox_3
321 [22935066633920] INFO perfrun.perfcollector <> - format: event config:0-7 mask:0-7
321 [22935066633920] INFO perfrun.perfcollector <> - format: filter_link config1:6-8 mask:6-8
321 [22935066633920] INFO perfrun.perfcollector <> - format: filter_c6 config1:61 mask:61
321 [22935066633920] INFO perfrun.perfcollector <> - format: edge config:18 mask:18
321 [22935066633920] INFO perfrun.perfcollector <> - format: filter_isoc config1:63 mask:63
321 [22935066633920] INFO perfrun.perfcollector <> - format: filter_tid config1:0-5 mask:0-5
321 [22935066633920] INFO perfrun.perfcollector <> - format: filter_nid config1:32-47 mask:32-47
321 [22935066633920] INFO perfrun.perfcollector <> - format: filter_nc config1:62 mask:62
321 [22935066633920] INFO perfrun.perfcollector <> - format: umask config:8-15 mask:8-15
322 [22935066633920] INFO perfrun.perfcollector <> - format: tid_en config:19 mask:19
322 [22935066633920] INFO perfrun.perfcollector <> - format: thresh config:24-31 mask:24-31
322 [22935066633920] INFO perfrun.perfcollector <> - format: filter_state config1:17-23 mask:17-23
322 [22935066633920] INFO perfrun.perfcollector <> - format: filter_opc config1:52-60 mask:52-60
322 [22935066633920] INFO perfrun.perfcollector <> - hwInfo: PERF_CBOX_PMU_DETAILS
322 [22935066633920] INFO perfrun.perfcollector <> - pmu added: family: uncore_cbox, id: 3
322 [22935066633920] INFO perfrun.perfcollector <> - dir found: /sys/bus/event_source/devices/intel_pt
322 [22935066633920] INFO perfrun.perfcollector <> - format: ptw config:12 mask:12
322 [22935066633920] INFO perfrun.perfcollector <> - format: event config:31 mask:31
322 [22935066633920] INFO perfrun.perfcollector <> - format: cyc_thresh config:19-22 mask:19-22
322 [22935066633920] INFO perfrun.perfcollector <> - format: pt config:0 mask:0
322 [22935066633920] INFO perfrun.perfcollector <> - format: notnt config:55 mask:55
322 [22935066633920] INFO perfrun.perfcollector <> - format: branch config:13 mask:13
322 [22935066633920] INFO perfrun.perfcollector <> - format: tsc config:10 mask:10
322 [22935066633920] INFO perfrun.perfcollector <> - format: pwr_evt config:4 mask:4
322 [22935066633920] INFO perfrun.perfcollector <> - format: fup_on_ptw config:5 mask:5
323 [22935066633920] INFO perfrun.perfcollector <> - format: cyc config:1 mask:1
323 [22935066633920] INFO perfrun.perfcollector <> - format: noretcomp config:11 mask:11
323 [22935066633920] INFO perfrun.perfcollector <> - format: mtc config:9 mask:9
323 [22935066633920] INFO perfrun.perfcollector <> - format: psb_period config:24-27 mask:24-27
323 [22935066633920] INFO perfrun.perfcollector <> - format: mtc_period config:14-17 mask:14-17
323 [22935066633920] INFO perfrun.perfcollector <> - hwInfo: not set, pmuFam: intel_pt
323 [22935066633920] INFO perfrun.perfcollector <> - pmu added: family: intel_pt, id: 0
323 [22935066633920] INFO perfrun.perfcollector <> - dir found: /sys/bus/event_source/devices/uncore_ha_1
323 [22935066633920] INFO perfrun.perfcollector <> - format: event config:0-7 mask:0-7
323 [22935066633920] INFO perfrun.perfcollector <> - format: edge config:18 mask:18
323 [22935066633920] INFO perfrun.perfcollector <> - format: inv config:23 mask:23
323 [22935066633920] INFO perfrun.perfcollector <> - format: umask config:8-15 mask:8-15
323 [22935066633920] INFO perfrun.perfcollector <> - format: thresh config:24-31 mask:24-31
323 [22935066633920] INFO perfrun.perfcollector <> - hwInfo: not set, pmuFam: uncore_ha
323 [22935066633920] INFO perfrun.perfcollector <> - pmu added: family: uncore_ha, id: 1
323 [22935066633920] INFO perfrun.perfcollector <> - dir found: /sys/bus/event_source/devices/uncore_cbox_1
324 [22935066633920] INFO perfrun.perfcollector <> - format: event config:0-7 mask:0-7
324 [22935066633920] INFO perfrun.perfcollector <> - format: filter_link config1:6-8 mask:6-8
324 [22935066633920] INFO perfrun.perfcollector <> - format: filter_c6 config1:61 mask:61
324 [22935066633920] INFO perfrun.perfcollector <> - format: edge config:18 mask:18
324 [22935066633920] INFO perfrun.perfcollector <> - format: filter_isoc config1:63 mask:63
324 [22935066633920] INFO perfrun.perfcollector <> - format: filter_tid config1:0-5 mask:0-5
324 [22935066633920] INFO perfrun.perfcollector <> - format: filter_nid config1:32-47 mask:32-47
324 [22935066633920] INFO perfrun.perfcollector <> - format: filter_nc config1:62 mask:62
324 [22935066633920] INFO perfrun.perfcollector <> - format: umask config:8-15 mask:8-15
324 [22935066633920] INFO perfrun.perfcollector <> - format: tid_en config:19 mask:19
324 [22935066633920] INFO perfrun.perfcollector <> - format: thresh config:24-31 mask:24-31
325 [22935066633920] INFO perfrun.perfcollector <> - format: filter_state config1:17-23 mask:17-23
325 [22935066633920] INFO perfrun.perfcollector <> - format: filter_opc config1:52-60 mask:52-60
325 [22935066633920] INFO perfrun.perfcollector <> - hwInfo: PERF_CBOX_PMU_DETAILS
325 [22935066633920] INFO perfrun.perfcollector <> - pmu added: family: uncore_cbox, id: 1
325 [22935066633920] INFO perfrun.sdk <> - runCmd: /opt/intel/oneapi/vtune/2023.1.0/bin64/sep -dry-run -sam 1 -ec CPU_CLK_UNHALTED.THREAD,CPU_CLK_UNHALTED.REF_TSC:sample:sa=2400000,INST_RETIRED.ANY:sample:sa=2400000,CPU_CLK_UNHALTED.REF_XCLK,CPU_CLK_UNHALTED.ONE_THREAD_ACTIVE,FP_ARITH_INST_RETIRED.SCALAR_SINGLE,FP_ARITH_INST_RETIRED.128B_PACKED_SINGLE,FP_ARITH_INST_RETIRED.256B_PACKED_SINGLE,FP_ARITH_INST_RETIRED.SCALAR_DOUBLE,FP_ARITH_INST_RETIRED.128B_PACKED_DOUBLE,FP_ARITH_INST_RETIRED.256B_PACKED_DOUBLE,INST_RETIRED.X87,UOPS_RETIRED.RETIRE_SLOTS:sample:sa=2000003 -experimental
325 [22935066633920] INFO perfrun.sdk <> - runCmd started PID 2288086
358 [22935066633920] INFO perfrun.perfcollector <> - SepDryRun RC = true
361 [22935066633920] INFO perfrun.perfcollector <> - DRY_RUN: "PMU type: Core (core)"
361 [22935066633920] INFO perfrun.perfcollector <> - pmu type: cpu
361 [22935066633920] INFO perfrun.perfcollector <> - DRY_RUN: "Group 0:"
361 [22935066633920] INFO perfrun.perfcollector <> - id: 0
361 [22935066633920] INFO perfrun.perfcollector <> - DRY_RUN: "INST_RETIRED.ANY: event id 2"
361 [22935066633920] INFO perfrun.perfcollector <> - eventName: INST_RETIRED.ANY, eventId: 2
361 [22935066633920] INFO perfrun.perfcollector <> - DRY_RUN: "CPU_CLK_UNHALTED.THREAD: event id 0"
361 [22935066633920] INFO perfrun.perfcollector <> - eventName: CPU_CLK_UNHALTED.THREAD, eventId: 0
361 [22935066633920] INFO perfrun.perfcollector <> - DRY_RUN: "CPU_CLK_UNHALTED.REF_TSC: event id 1"
361 [22935066633920] INFO perfrun.perfcollector <> - eventName: CPU_CLK_UNHALTED.REF_TSC, eventId: 1
361 [22935066633920] INFO perfrun.perfcollector <> - DRY_RUN: "FP_ARITH_INST_RETIRED.SCALAR_SINGLE: event id 5"
361 [22935066633920] INFO perfrun.perfcollector <> - eventName: FP_ARITH_INST_RETIRED.SCALAR_SINGLE, eventId: 5
361 [22935066633920] INFO perfrun.perfcollector <> - DRY_RUN: "FP_ARITH_INST_RETIRED.128B_PACKED_SINGLE: event id 6"
361 [22935066633920] INFO perfrun.perfcollector <> - eventName: FP_ARITH_INST_RETIRED.128B_PACKED_SINGLE, eventId: 6
361 [22935066633920] INFO perfrun.perfcollector <> - DRY_RUN: "FP_ARITH_INST_RETIRED.256B_PACKED_SINGLE: event id 7"
361 [22935066633920] INFO perfrun.perfcollector <> - eventName: FP_ARITH_INST_RETIRED.256B_PACKED_SINGLE, eventId: 7
361 [22935066633920] INFO perfrun.perfcollector <> - DRY_RUN: "FP_ARITH_INST_RETIRED.SCALAR_DOUBLE: event id 8"
361 [22935066633920] INFO perfrun.perfcollector <> - eventName: FP_ARITH_INST_RETIRED.SCALAR_DOUBLE, eventId: 8
361 [22935066633920] INFO perfrun.perfcollector <> - DRY_RUN: "CPU_CLK_UNHALTED.REF_XCLK: event id 3"
361 [22935066633920] INFO perfrun.perfcollector <> - eventName: CPU_CLK_UNHALTED.REF_XCLK, eventId: 3
361 [22935066633920] INFO perfrun.perfcollector <> - DRY_RUN: "CPU_CLK_UNHALTED.ONE_THREAD_ACTIVE: event id 4"
361 [22935066633920] INFO perfrun.perfcollector <> - eventName: CPU_CLK_UNHALTED.ONE_THREAD_ACTIVE, eventId: 4
361 [22935066633920] INFO perfrun.perfcollector <> - DRY_RUN: "INST_RETIRED.X87: event id 11"
361 [22935066633920] INFO perfrun.perfcollector <> - eventName: INST_RETIRED.X87, eventId: 11
361 [22935066633920] INFO perfrun.perfcollector <> - DRY_RUN: "UOPS_RETIRED.RETIRE_SLOTS: event id 12"
361 [22935066633920] INFO perfrun.perfcollector <> - eventName: UOPS_RETIRED.RETIRE_SLOTS, eventId: 12
361 [22935066633920] INFO perfrun.perfcollector <> - DRY_RUN: "CCCR"
361 [22935066633920] INFO perfrun.perfcollector <> - DRY_RUN: "reg_type       = 1	event_id       = g	reg_id         = 38f	reg_value      = 7000000ff"
361 [22935066633920] INFO perfrun.perfcollector <> - eventId: g, skip parsing event_id
361 [22935066633920] INFO perfrun.perfcollector <> - Register was ignored: group_id: 0, reg_type: 1, event_id: 4294967295, reg_id: 38f, reg_value: 7000000ff, pmu_name: cpu
361 [22935066633920] INFO perfrun.perfcollector <> - DRY_RUN: "reg_type       = 1	event_id       = g	reg_id         = 390	reg_value      = 7000000ff"
361 [22935066633920] INFO perfrun.perfcollector <> - eventId: g, skip parsing event_id
361 [22935066633920] INFO perfrun.perfcollector <> - Register was ignored: group_id: 0, reg_type: 1, event_id: 4294967295, reg_id: 390, reg_value: 7000000ff, pmu_name: cpu
361 [22935066633920] INFO perfrun.perfcollector <> - DRY_RUN: "reg_type       = 1	event_id       = g	reg_id         = 3f1	reg_value      = 0"
361 [22935066633920] INFO perfrun.perfcollector <> - eventId: g, skip parsing event_id
361 [22935066633920] INFO perfrun.perfcollector <> - Register was ignored: group_id: 0, reg_type: 1, event_id: 4294967295, reg_id: 3f1, reg_value: 0, pmu_name: cpu
361 [22935066633920] INFO perfrun.perfcollector <> - DRY_RUN: "reg_type       = 1	event_id       = g	reg_id         = 1d9	reg_value      = 1800"
361 [22935066633920] INFO perfrun.perfcollector <> - eventId: g, skip parsing event_id
361 [22935066633920] INFO perfrun.perfcollector <> - Register was ignored: group_id: 0, reg_type: 1, event_id: 4294967295, reg_id: 1d9, reg_value: 1800, pmu_name: cpu
361 [22935066633920] INFO perfrun.perfcollector <> - DRY_RUN: "reg_type       = 1	event_id       = g	reg_id         = 38d	reg_value      = bbb"
361 [22935066633920] INFO perfrun.perfcollector <> - eventId: g, skip parsing event_id
361 [22935066633920] INFO perfrun.perfcollector <> - Register was ignored: group_id: 0, reg_type: 1, event_id: 4294967295, reg_id: 38d, reg_value: bbb, pmu_name: cpu
361 [22935066633920] INFO perfrun.perfcollector <> - DRY_RUN: "reg_type       = 1	event_id       = 5	reg_id         = 186	reg_value      = 5302c7"
361 [22935066633920] INFO perfrun.perfcollector <> - Event selector: group_id: 0, reg_type: 1, event_id: 5, reg_id: 186, reg_value: 5302c7, pmu_name: cpu
361 [22935066633920] INFO perfrun.perfcollector <> - DRY_RUN: "reg_type       = 1	event_id       = 6	reg_id         = 187	reg_value      = 5308c7"
361 [22935066633920] INFO perfrun.perfcollector <> - Event selector: group_id: 0, reg_type: 1, event_id: 6, reg_id: 187, reg_value: 5308c7, pmu_name: cpu
361 [22935066633920] INFO perfrun.perfcollector <> - DRY_RUN: "reg_type       = 1	event_id       = 7	reg_id         = 188	reg_value      = 5320c7"
361 [22935066633920] INFO perfrun.perfcollector <> - Event selector: group_id: 0, reg_type: 1, event_id: 7, reg_id: 188, reg_value: 5320c7, pmu_name: cpu
361 [22935066633920] INFO perfrun.perfcollector <> - DRY_RUN: "reg_type       = 1	event_id       = 8	reg_id         = 189	reg_value      = 5301c7"
361 [22935066633920] INFO perfrun.perfcollector <> - Event selector: group_id: 0, reg_type: 1, event_id: 8, reg_id: 189, reg_value: 5301c7, pmu_name: cpu
361 [22935066633920] INFO perfrun.perfcollector <> - DRY_RUN: "reg_type       = 1	event_id       = 3	reg_id         = 18a	reg_value      = 53013c"
361 [22935066633920] INFO perfrun.perfcollector <> - Event selector: group_id: 0, reg_type: 1, event_id: 3, reg_id: 18a, reg_value: 53013c, pmu_name: cpu
361 [22935066633920] INFO perfrun.perfcollector <> - DRY_RUN: "reg_type       = 1	event_id       = 4	reg_id         = 18b	reg_value      = 53023c"
361 [22935066633920] INFO perfrun.perfcollector <> - Event selector: group_id: 0, reg_type: 1, event_id: 4, reg_id: 18b, reg_value: 53023c, pmu_name: cpu
361 [22935066633920] INFO perfrun.perfcollector <> - DRY_RUN: "reg_type       = 1	event_id       = 11	reg_id         = 18c	reg_value      = 5302c0"
361 [22935066633920] INFO perfrun.perfcollector <> - Event selector: group_id: 0, reg_type: 1, event_id: 11, reg_id: 18c, reg_value: 5302c0, pmu_name: cpu
361 [22935066633920] INFO perfrun.perfcollector <> - DRY_RUN: "reg_type       = 1	event_id       = 12	reg_id         = 18d	reg_value      = 5302c2"
361 [22935066633920] INFO perfrun.perfcollector <> - Event selector: group_id: 0, reg_type: 1, event_id: 12, reg_id: 18d, reg_value: 5302c2, pmu_name: cpu
361 [22935066633920] INFO perfrun.perfcollector <> - DRY_RUN: "ESCR"
361 [22935066633920] INFO perfrun.perfcollector <> - DRY_RUN: "reg_type       = 2	event_id       = g	reg_id         = 1c8	reg_value      = 0"
361 [22935066633920] INFO perfrun.perfcollector <> - eventId: g, skip parsing event_id
361 [22935066633920] INFO perfrun.perfcollector <> - DRY_RUN: "DATA"
361 [22935066633920] INFO perfrun.perfcollector <> - DRY_RUN: "reg_type       = 4	event_id       = 2	reg_id         = 309	reg_value      = ffffffdb6100"
361 [22935066633920] INFO perfrun.perfcollector <> - eventId: 2, dataAddr: 309, dataVal: ffffffdb6100
361 [22935066633920] INFO perfrun.perfcollector <> - DRY_RUN: "reg_type       = 4	event_id       = 0	reg_id         = 30a	reg_value      = ffffffe17b7d"
361 [22935066633920] INFO perfrun.perfcollector <> - eventId: 0, dataAddr: 30a, dataVal: ffffffe17b7d
361 [22935066633920] INFO perfrun.perfcollector <> - DRY_RUN: "reg_type       = 4	event_id       = 1	reg_id         = 30b	reg_value      = ffffffdb6100"
361 [22935066633920] INFO perfrun.perfcollector <> - eventId: 1, dataAddr: 30b, dataVal: ffffffdb6100
361 [22935066633920] INFO perfrun.perfcollector <> - DRY_RUN: "reg_type       = 4	event_id       = 5	reg_id         = c1	reg_value      = ffffffe17b7d"
361 [22935066633920] INFO perfrun.perfcollector <> - eventId: 5, dataAddr: c1, dataVal: ffffffe17b7d
361 [22935066633920] INFO perfrun.perfcollector <> - DRY_RUN: "reg_type       = 4	event_id       = 6	reg_id         = c2	reg_value      = ffffffe17b7d"
361 [22935066633920] INFO perfrun.perfcollector <> - eventId: 6, dataAddr: c2, dataVal: ffffffe17b7d
361 [22935066633920] INFO perfrun.perfcollector <> - DRY_RUN: "reg_type       = 4	event_id       = 7	reg_id         = c3	reg_value      = ffffffe17b7d"
361 [22935066633920] INFO perfrun.perfcollector <> - eventId: 7, dataAddr: c3, dataVal: ffffffe17b7d
361 [22935066633920] INFO perfrun.perfcollector <> - DRY_RUN: "reg_type       = 4	event_id       = 8	reg_id         = c4	reg_value      = ffffffe17b7d"
361 [22935066633920] INFO perfrun.perfcollector <> - eventId: 8, dataAddr: c4, dataVal: ffffffe17b7d
361 [22935066633920] INFO perfrun.perfcollector <> - DRY_RUN: "reg_type       = 4	event_id       = 3	reg_id         = c5	reg_value      = fffffffe795d"
361 [22935066633920] INFO perfrun.perfcollector <> - eventId: 3, dataAddr: c5, dataVal: fffffffe795d
361 [22935066633920] INFO perfrun.perfcollector <> - DRY_RUN: "reg_type       = 4	event_id       = 4	reg_id         = c6	reg_value      = fffffffe795d"
361 [22935066633920] INFO perfrun.perfcollector <> - eventId: 4, dataAddr: c6, dataVal: fffffffe795d
361 [22935066633920] INFO perfrun.perfcollector <> - DRY_RUN: "reg_type       = 4	event_id       = 11	reg_id         = c7	reg_value      = ffffffe17b7d"
361 [22935066633920] INFO perfrun.perfcollector <> - eventId: 11, dataAddr: c7, dataVal: ffffffe17b7d
361 [22935066633920] INFO perfrun.perfcollector <> - DRY_RUN: "reg_type       = 4	event_id       = 12	reg_id         = c8	reg_value      = ffffffe17b7d"
361 [22935066633920] INFO perfrun.perfcollector <> - eventId: 12, dataAddr: c8, dataVal: ffffffe17b7d
361 [22935066633920] INFO perfrun.perfcollector <> - DRY_RUN: "Group 1:"
361 [22935066633920] INFO perfrun.perfcollector <> - id: 1
361 [22935066633920] INFO perfrun.perfcollector <> - DRY_RUN: "INST_RETIRED.ANY: event id 2"
361 [22935066633920] INFO perfrun.perfcollector <> - eventName: INST_RETIRED.ANY, eventId: 2
361 [22935066633920] INFO perfrun.perfcollector <> - DRY_RUN: "CPU_CLK_UNHALTED.THREAD: event id 0"
361 [22935066633920] INFO perfrun.perfcollector <> - eventName: CPU_CLK_UNHALTED.THREAD, eventId: 0
361 [22935066633920] INFO perfrun.perfcollector <> - DRY_RUN: "CPU_CLK_UNHALTED.REF_TSC: event id 1"
361 [22935066633920] INFO perfrun.perfcollector <> - eventName: CPU_CLK_UNHALTED.REF_TSC, eventId: 1
361 [22935066633920] INFO perfrun.perfcollector <> - DRY_RUN: "FP_ARITH_INST_RETIRED.128B_PACKED_DOUBLE: event id 9"
361 [22935066633920] INFO perfrun.perfcollector <> - eventName: FP_ARITH_INST_RETIRED.128B_PACKED_DOUBLE, eventId: 9
362 [22935066633920] INFO perfrun.perfcollector <> - DRY_RUN: "FP_ARITH_INST_RETIRED.256B_PACKED_DOUBLE: event id 10"
362 [22935066633920] INFO perfrun.perfcollector <> - eventName: FP_ARITH_INST_RETIRED.256B_PACKED_DOUBLE, eventId: 10
362 [22935066633920] INFO perfrun.perfcollector <> - DRY_RUN: "CCCR"
362 [22935066633920] INFO perfrun.perfcollector <> - DRY_RUN: "reg_type       = 1	event_id       = g	reg_id         = 38f	reg_value      = 700000003"
362 [22935066633920] INFO perfrun.perfcollector <> - eventId: g, skip parsing event_id
362 [22935066633920] INFO perfrun.perfcollector <> - Register was ignored: group_id: 1, reg_type: 1, event_id: 4294967295, reg_id: 38f, reg_value: 700000003, pmu_name: cpu
362 [22935066633920] INFO perfrun.perfcollector <> - DRY_RUN: "reg_type       = 1	event_id       = g	reg_id         = 390	reg_value      = 700000003"
362 [22935066633920] INFO perfrun.perfcollector <> - eventId: g, skip parsing event_id
362 [22935066633920] INFO perfrun.perfcollector <> - Register was ignored: group_id: 1, reg_type: 1, event_id: 4294967295, reg_id: 390, reg_value: 700000003, pmu_name: cpu
362 [22935066633920] INFO perfrun.perfcollector <> - DRY_RUN: "reg_type       = 1	event_id       = g	reg_id         = 3f1	reg_value      = 0"
362 [22935066633920] INFO perfrun.perfcollector <> - eventId: g, skip parsing event_id
362 [22935066633920] INFO perfrun.perfcollector <> - Register was ignored: group_id: 1, reg_type: 1, event_id: 4294967295, reg_id: 3f1, reg_value: 0, pmu_name: cpu
362 [22935066633920] INFO perfrun.perfcollector <> - DRY_RUN: "reg_type       = 1	event_id       = g	reg_id         = 1d9	reg_value      = 1800"
362 [22935066633920] INFO perfrun.perfcollector <> - eventId: g, skip parsing event_id
362 [22935066633920] INFO perfrun.perfcollector <> - Register was ignored: group_id: 1, reg_type: 1, event_id: 4294967295, reg_id: 1d9, reg_value: 1800, pmu_name: cpu
362 [22935066633920] INFO perfrun.perfcollector <> - DRY_RUN: "reg_type       = 1	event_id       = g	reg_id         = 38d	reg_value      = bbb"
362 [22935066633920] INFO perfrun.perfcollector <> - eventId: g, skip parsing event_id
362 [22935066633920] INFO perfrun.perfcollector <> - Register was ignored: group_id: 1, reg_type: 1, event_id: 4294967295, reg_id: 38d, reg_value: bbb, pmu_name: cpu
362 [22935066633920] INFO perfrun.perfcollector <> - DRY_RUN: "reg_type       = 1	event_id       = 9	reg_id         = 186	reg_value      = 5304c7"
362 [22935066633920] INFO perfrun.perfcollector <> - Event selector: group_id: 1, reg_type: 1, event_id: 9, reg_id: 186, reg_value: 5304c7, pmu_name: cpu
362 [22935066633920] INFO perfrun.perfcollector <> - DRY_RUN: "reg_type       = 1	event_id       = 10	reg_id         = 187	reg_value      = 5310c7"
362 [22935066633920] INFO perfrun.perfcollector <> - Event selector: group_id: 1, reg_type: 1, event_id: 10, reg_id: 187, reg_value: 5310c7, pmu_name: cpu
362 [22935066633920] INFO perfrun.perfcollector <> - DRY_RUN: "ESCR"
362 [22935066633920] INFO perfrun.perfcollector <> - DRY_RUN: "reg_type       = 2	event_id       = g	reg_id         = 1c8	reg_value      = 0"
362 [22935066633920] INFO perfrun.perfcollector <> - eventId: g, skip parsing event_id
362 [22935066633920] INFO perfrun.perfcollector <> - DRY_RUN: "DATA"
362 [22935066633920] INFO perfrun.perfcollector <> - DRY_RUN: "reg_type       = 4	event_id       = 2	reg_id         = 309	reg_value      = ffffffdb6100"
362 [22935066633920] INFO perfrun.perfcollector <> - eventId: 2, dataAddr: 309, dataVal: ffffffdb6100
362 [22935066633920] INFO perfrun.perfcollector <> - DRY_RUN: "reg_type       = 4	event_id       = 0	reg_id         = 30a	reg_value      = ffffffe17b7d"
362 [22935066633920] INFO perfrun.perfcollector <> - eventId: 0, dataAddr: 30a, dataVal: ffffffe17b7d
362 [22935066633920] INFO perfrun.perfcollector <> - DRY_RUN: "reg_type       = 4	event_id       = 1	reg_id         = 30b	reg_value      = ffffffdb6100"
362 [22935066633920] INFO perfrun.perfcollector <> - eventId: 1, dataAddr: 30b, dataVal: ffffffdb6100
362 [22935066633920] INFO perfrun.perfcollector <> - DRY_RUN: "reg_type       = 4	event_id       = 9	reg_id         = c1	reg_value      = ffffffe17b7d"
362 [22935066633920] INFO perfrun.perfcollector <> - eventId: 9, dataAddr: c1, dataVal: ffffffe17b7d
362 [22935066633920] INFO perfrun.perfcollector <> - DRY_RUN: "reg_type       = 4	event_id       = 10	reg_id         = c2	reg_value      = ffffffe17b7d"
362 [22935066633920] INFO perfrun.perfcollector <> - eventId: 10, dataAddr: c2, dataVal: ffffffe17b7d
362 [22935066633920] INFO perfrun.perfcollector <> - event name: CPU_CLK_UNHALTED.THREAD
362 [22935066633920] INFO perfrun.perfcollector <> - pmu config: cpu
362 [22935066633920] INFO perfrun.perfcollector <> - cccrAddr: ffffffff, cccrValue: 0
362 [22935066633920] INFO perfrun.perfcollector <> - dataAddr: 30a, dataValue: ffffffffffe17b7d
362 [22935066633920] INFO perfrun.perfcollector <> - escrAddr: ffffffff, escrValue: 0
362 [22935066633920] INFO perfrun.perfcollector <> - extendedPebsValue: 0
362 [22935066633920] INFO perfrun.perfcollector <> - adaptivePebsAvailable: 0
362 [22935066633920] INFO perfrun.perfcollector <> - config: event: 3c
362 [22935066633920] INFO perfrun.perfcollector <> - config: pc: 0
362 [22935066633920] INFO perfrun.perfcollector <> - config: in_tx: 0
362 [22935066633920] INFO perfrun.perfcollector <> - config: edge: 0
362 [22935066633920] INFO perfrun.perfcollector <> - config: any: 0
362 [22935066633920] INFO perfrun.perfcollector <> - config1: offcore_rsp: 0
362 [22935066633920] INFO perfrun.perfcollector <> - config: in_tx_cp: 0
362 [22935066633920] INFO perfrun.perfcollector <> - config1: ldlat: 0
362 [22935066633920] INFO perfrun.perfcollector <> - config: inv: 0
362 [22935066633920] INFO perfrun.perfcollector <> - config: umask: 0
362 [22935066633920] INFO perfrun.perfcollector <> - config: cmask: 0
362 [22935066633920] INFO perfrun.perfcollector <> - format: cpu/event=0x3c,name='CPU_CLK_UNHALTED.THREAD'/D
362 [22935066633920] INFO perfrun.perfcollector <> - event name: CPU_CLK_UNHALTED.REF_TSC
362 [22935066633920] INFO perfrun.perfcollector <> - pmu config: cpu
362 [22935066633920] INFO perfrun.perfcollector <> - cccrAddr: ffffffff, cccrValue: 0
362 [22935066633920] INFO perfrun.perfcollector <> - dataAddr: 30b, dataValue: ffffffffffdb6100
362 [22935066633920] INFO perfrun.perfcollector <> - escrAddr: ffffffff, escrValue: 0
362 [22935066633920] INFO perfrun.perfcollector <> - extendedPebsValue: 0
362 [22935066633920] INFO perfrun.perfcollector <> - adaptivePebsAvailable: 0
362 [22935066633920] INFO perfrun.perfcollector <> - config: event: 0
362 [22935066633920] INFO perfrun.perfcollector <> - config: pc: 0
362 [22935066633920] INFO perfrun.perfcollector <> - config: in_tx: 0
362 [22935066633920] INFO perfrun.perfcollector <> - config: edge: 0
362 [22935066633920] INFO perfrun.perfcollector <> - config: any: 0
362 [22935066633920] INFO perfrun.perfcollector <> - config1: offcore_rsp: 0
362 [22935066633920] INFO perfrun.perfcollector <> - config: in_tx_cp: 0
362 [22935066633920] INFO perfrun.perfcollector <> - config1: ldlat: 0
362 [22935066633920] INFO perfrun.perfcollector <> - config: inv: 0
362 [22935066633920] INFO perfrun.perfcollector <> - config: umask: 3
362 [22935066633920] INFO perfrun.perfcollector <> - config: cmask: 0
362 [22935066633920] INFO perfrun.perfcollector <> - format: cpu/umask=0x3,name='CPU_CLK_UNHALTED.REF_TSC'/D
362 [22935066633920] INFO perfrun.perfcollector <> - event name: INST_RETIRED.ANY
362 [22935066633920] INFO perfrun.perfcollector <> - pmu config: cpu
362 [22935066633920] INFO perfrun.perfcollector <> - cccrAddr: ffffffff, cccrValue: 0
362 [22935066633920] INFO perfrun.perfcollector <> - dataAddr: 309, dataValue: ffffffffffdb6100
362 [22935066633920] INFO perfrun.perfcollector <> - escrAddr: ffffffff, escrValue: 0
362 [22935066633920] INFO perfrun.perfcollector <> - extendedPebsValue: 0
362 [22935066633920] INFO perfrun.perfcollector <> - adaptivePebsAvailable: 0
362 [22935066633920] INFO perfrun.perfcollector <> - config: event: c0
362 [22935066633920] INFO perfrun.perfcollector <> - config: pc: 0
362 [22935066633920] INFO perfrun.perfcollector <> - config: in_tx: 0
362 [22935066633920] INFO perfrun.perfcollector <> - config: edge: 0
362 [22935066633920] INFO perfrun.perfcollector <> - config: any: 0
362 [22935066633920] INFO perfrun.perfcollector <> - config1: offcore_rsp: 0
362 [22935066633920] INFO perfrun.perfcollector <> - config: in_tx_cp: 0
362 [22935066633920] INFO perfrun.perfcollector <> - config1: ldlat: 0
362 [22935066633920] INFO perfrun.perfcollector <> - config: inv: 0
362 [22935066633920] INFO perfrun.perfcollector <> - config: umask: 0
362 [22935066633920] INFO perfrun.perfcollector <> - config: cmask: 0
362 [22935066633920] INFO perfrun.perfcollector <> - format: cpu/event=0xc0,name='INST_RETIRED.ANY'/D
362 [22935066633920] INFO perfrun.perfcollector <> - event name: CPU_CLK_UNHALTED.REF_XCLK
362 [22935066633920] INFO perfrun.perfcollector <> - pmu config: cpu
362 [22935066633920] INFO perfrun.perfcollector <> - cccrAddr: 18a, cccrValue: 53013c
362 [22935066633920] INFO perfrun.perfcollector <> - dataAddr: c5, dataValue: fffffffffffe795d
362 [22935066633920] INFO perfrun.perfcollector <> - escrAddr: ffffffff, escrValue: 0
362 [22935066633920] INFO perfrun.perfcollector <> - extendedPebsValue: 0
362 [22935066633920] INFO perfrun.perfcollector <> - adaptivePebsAvailable: 0
362 [22935066633920] INFO perfrun.perfcollector <> - config: event: 3c
362 [22935066633920] INFO perfrun.perfcollector <> - config: pc: 0
362 [22935066633920] INFO perfrun.perfcollector <> - config: in_tx: 0
362 [22935066633920] INFO perfrun.perfcollector <> - config: edge: 0
362 [22935066633920] INFO perfrun.perfcollector <> - config: any: 0
362 [22935066633920] INFO perfrun.perfcollector <> - config1: offcore_rsp: 0
362 [22935066633920] INFO perfrun.perfcollector <> - config: in_tx_cp: 0
362 [22935066633920] INFO perfrun.perfcollector <> - config1: ldlat: 0
362 [22935066633920] INFO perfrun.perfcollector <> - config: inv: 0
362 [22935066633920] INFO perfrun.perfcollector <> - config: umask: 1
362 [22935066633920] INFO perfrun.perfcollector <> - config: cmask: 0
362 [22935066633920] INFO perfrun.perfcollector <> - format: cpu/event=0x3c,umask=0x1,name='CPU_CLK_UNHALTED.REF_XCLK'/
362 [22935066633920] INFO perfrun.perfcollector <> - event name: CPU_CLK_UNHALTED.ONE_THREAD_ACTIVE
362 [22935066633920] INFO perfrun.perfcollector <> - pmu config: cpu
362 [22935066633920] INFO perfrun.perfcollector <> - cccrAddr: 18b, cccrValue: 53023c
362 [22935066633920] INFO perfrun.perfcollector <> - dataAddr: c6, dataValue: fffffffffffe795d
362 [22935066633920] INFO perfrun.perfcollector <> - escrAddr: ffffffff, escrValue: 0
362 [22935066633920] INFO perfrun.perfcollector <> - extendedPebsValue: 0
362 [22935066633920] INFO perfrun.perfcollector <> - adaptivePebsAvailable: 0
362 [22935066633920] INFO perfrun.perfcollector <> - config: event: 3c
362 [22935066633920] INFO perfrun.perfcollector <> - config: pc: 0
362 [22935066633920] INFO perfrun.perfcollector <> - config: in_tx: 0
362 [22935066633920] INFO perfrun.perfcollector <> - config: edge: 0
362 [22935066633920] INFO perfrun.perfcollector <> - config: any: 0
362 [22935066633920] INFO perfrun.perfcollector <> - config1: offcore_rsp: 0
362 [22935066633920] INFO perfrun.perfcollector <> - config: in_tx_cp: 0
362 [22935066633920] INFO perfrun.perfcollector <> - config1: ldlat: 0
362 [22935066633920] INFO perfrun.perfcollector <> - config: inv: 0
362 [22935066633920] INFO perfrun.perfcollector <> - config: umask: 2
362 [22935066633920] INFO perfrun.perfcollector <> - config: cmask: 0
362 [22935066633920] INFO perfrun.perfcollector <> - format: cpu/event=0x3c,umask=0x2,name='CPU_CLK_UNHALTED.ONE_THREAD_ACTIVE'/
362 [22935066633920] INFO perfrun.perfcollector <> - event name: FP_ARITH_INST_RETIRED.SCALAR_SINGLE
362 [22935066633920] INFO perfrun.perfcollector <> - pmu config: cpu
362 [22935066633920] INFO perfrun.perfcollector <> - cccrAddr: 186, cccrValue: 5302c7
362 [22935066633920] INFO perfrun.perfcollector <> - dataAddr: c1, dataValue: ffffffffffe17b7d
362 [22935066633920] INFO perfrun.perfcollector <> - escrAddr: ffffffff, escrValue: 0
362 [22935066633920] INFO perfrun.perfcollector <> - extendedPebsValue: 0
362 [22935066633920] INFO perfrun.perfcollector <> - adaptivePebsAvailable: 0
362 [22935066633920] INFO perfrun.perfcollector <> - config: event: c7
362 [22935066633920] INFO perfrun.perfcollector <> - config: pc: 0
362 [22935066633920] INFO perfrun.perfcollector <> - config: in_tx: 0
362 [22935066633920] INFO perfrun.perfcollector <> - config: edge: 0
362 [22935066633920] INFO perfrun.perfcollector <> - config: any: 0
362 [22935066633920] INFO perfrun.perfcollector <> - config1: offcore_rsp: 0
362 [22935066633920] INFO perfrun.perfcollector <> - config: in_tx_cp: 0
362 [22935066633920] INFO perfrun.perfcollector <> - config1: ldlat: 0
362 [22935066633920] INFO perfrun.perfcollector <> - config: inv: 0
362 [22935066633920] INFO perfrun.perfcollector <> - config: umask: 2
362 [22935066633920] INFO perfrun.perfcollector <> - config: cmask: 0
362 [22935066633920] INFO perfrun.perfcollector <> - format: cpu/event=0xc7,umask=0x2,name='FP_ARITH_INST_RETIRED.SCALAR_SINGLE'/
362 [22935066633920] INFO perfrun.perfcollector <> - event name: FP_ARITH_INST_RETIRED.128B_PACKED_SINGLE
362 [22935066633920] INFO perfrun.perfcollector <> - pmu config: cpu
362 [22935066633920] INFO perfrun.perfcollector <> - cccrAddr: 187, cccrValue: 5308c7
362 [22935066633920] INFO perfrun.perfcollector <> - dataAddr: c2, dataValue: ffffffffffe17b7d
362 [22935066633920] INFO perfrun.perfcollector <> - escrAddr: ffffffff, escrValue: 0
362 [22935066633920] INFO perfrun.perfcollector <> - extendedPebsValue: 0
362 [22935066633920] INFO perfrun.perfcollector <> - adaptivePebsAvailable: 0
362 [22935066633920] INFO perfrun.perfcollector <> - config: event: c7
362 [22935066633920] INFO perfrun.perfcollector <> - config: pc: 0
362 [22935066633920] INFO perfrun.perfcollector <> - config: in_tx: 0
362 [22935066633920] INFO perfrun.perfcollector <> - config: edge: 0
362 [22935066633920] INFO perfrun.perfcollector <> - config: any: 0
362 [22935066633920] INFO perfrun.perfcollector <> - config1: offcore_rsp: 0
362 [22935066633920] INFO perfrun.perfcollector <> - config: in_tx_cp: 0
362 [22935066633920] INFO perfrun.perfcollector <> - config1: ldlat: 0
362 [22935066633920] INFO perfrun.perfcollector <> - config: inv: 0
362 [22935066633920] INFO perfrun.perfcollector <> - config: umask: 8
362 [22935066633920] INFO perfrun.perfcollector <> - config: cmask: 0
362 [22935066633920] INFO perfrun.perfcollector <> - format: cpu/event=0xc7,umask=0x8,name='FP_ARITH_INST_RETIRED.128B_PACKED_SINGLE'/
362 [22935066633920] INFO perfrun.perfcollector <> - event name: FP_ARITH_INST_RETIRED.256B_PACKED_SINGLE
362 [22935066633920] INFO perfrun.perfcollector <> - pmu config: cpu
362 [22935066633920] INFO perfrun.perfcollector <> - cccrAddr: 188, cccrValue: 5320c7
362 [22935066633920] INFO perfrun.perfcollector <> - dataAddr: c3, dataValue: ffffffffffe17b7d
362 [22935066633920] INFO perfrun.perfcollector <> - escrAddr: ffffffff, escrValue: 0
362 [22935066633920] INFO perfrun.perfcollector <> - extendedPebsValue: 0
362 [22935066633920] INFO perfrun.perfcollector <> - adaptivePebsAvailable: 0
362 [22935066633920] INFO perfrun.perfcollector <> - config: event: c7
362 [22935066633920] INFO perfrun.perfcollector <> - config: pc: 0
362 [22935066633920] INFO perfrun.perfcollector <> - config: in_tx: 0
362 [22935066633920] INFO perfrun.perfcollector <> - config: edge: 0
362 [22935066633920] INFO perfrun.perfcollector <> - config: any: 0
362 [22935066633920] INFO perfrun.perfcollector <> - config1: offcore_rsp: 0
362 [22935066633920] INFO perfrun.perfcollector <> - config: in_tx_cp: 0
362 [22935066633920] INFO perfrun.perfcollector <> - config1: ldlat: 0
362 [22935066633920] INFO perfrun.perfcollector <> - config: inv: 0
362 [22935066633920] INFO perfrun.perfcollector <> - config: umask: 20
362 [22935066633920] INFO perfrun.perfcollector <> - config: cmask: 0
362 [22935066633920] INFO perfrun.perfcollector <> - format: cpu/event=0xc7,umask=0x20,name='FP_ARITH_INST_RETIRED.256B_PACKED_SINGLE'/
362 [22935066633920] INFO perfrun.perfcollector <> - event name: FP_ARITH_INST_RETIRED.SCALAR_DOUBLE
362 [22935066633920] INFO perfrun.perfcollector <> - pmu config: cpu
362 [22935066633920] INFO perfrun.perfcollector <> - cccrAddr: 189, cccrValue: 5301c7
362 [22935066633920] INFO perfrun.perfcollector <> - dataAddr: c4, dataValue: ffffffffffe17b7d
362 [22935066633920] INFO perfrun.perfcollector <> - escrAddr: ffffffff, escrValue: 0
362 [22935066633920] INFO perfrun.perfcollector <> - extendedPebsValue: 0
362 [22935066633920] INFO perfrun.perfcollector <> - adaptivePebsAvailable: 0
362 [22935066633920] INFO perfrun.perfcollector <> - config: event: c7
362 [22935066633920] INFO perfrun.perfcollector <> - config: pc: 0
362 [22935066633920] INFO perfrun.perfcollector <> - config: in_tx: 0
362 [22935066633920] INFO perfrun.perfcollector <> - config: edge: 0
362 [22935066633920] INFO perfrun.perfcollector <> - config: any: 0
362 [22935066633920] INFO perfrun.perfcollector <> - config1: offcore_rsp: 0
362 [22935066633920] INFO perfrun.perfcollector <> - config: in_tx_cp: 0
362 [22935066633920] INFO perfrun.perfcollector <> - config1: ldlat: 0
362 [22935066633920] INFO perfrun.perfcollector <> - config: inv: 0
362 [22935066633920] INFO perfrun.perfcollector <> - config: umask: 1
362 [22935066633920] INFO perfrun.perfcollector <> - config: cmask: 0
362 [22935066633920] INFO perfrun.perfcollector <> - format: cpu/event=0xc7,umask=0x1,name='FP_ARITH_INST_RETIRED.SCALAR_DOUBLE'/
362 [22935066633920] INFO perfrun.perfcollector <> - event name: FP_ARITH_INST_RETIRED.128B_PACKED_DOUBLE
362 [22935066633920] INFO perfrun.perfcollector <> - pmu config: cpu
362 [22935066633920] INFO perfrun.perfcollector <> - cccrAddr: 186, cccrValue: 5304c7
362 [22935066633920] INFO perfrun.perfcollector <> - dataAddr: c1, dataValue: ffffffffffe17b7d
362 [22935066633920] INFO perfrun.perfcollector <> - escrAddr: ffffffff, escrValue: 0
362 [22935066633920] INFO perfrun.perfcollector <> - extendedPebsValue: 0
362 [22935066633920] INFO perfrun.perfcollector <> - adaptivePebsAvailable: 0
362 [22935066633920] INFO perfrun.perfcollector <> - config: event: c7
362 [22935066633920] INFO perfrun.perfcollector <> - config: pc: 0
362 [22935066633920] INFO perfrun.perfcollector <> - config: in_tx: 0
362 [22935066633920] INFO perfrun.perfcollector <> - config: edge: 0
362 [22935066633920] INFO perfrun.perfcollector <> - config: any: 0
362 [22935066633920] INFO perfrun.perfcollector <> - config1: offcore_rsp: 0
362 [22935066633920] INFO perfrun.perfcollector <> - config: in_tx_cp: 0
362 [22935066633920] INFO perfrun.perfcollector <> - config1: ldlat: 0
362 [22935066633920] INFO perfrun.perfcollector <> - config: inv: 0
362 [22935066633920] INFO perfrun.perfcollector <> - config: umask: 4
362 [22935066633920] INFO perfrun.perfcollector <> - config: cmask: 0
362 [22935066633920] INFO perfrun.perfcollector <> - format: cpu/event=0xc7,umask=0x4,name='FP_ARITH_INST_RETIRED.128B_PACKED_DOUBLE'/
362 [22935066633920] INFO perfrun.perfcollector <> - event name: FP_ARITH_INST_RETIRED.256B_PACKED_DOUBLE
362 [22935066633920] INFO perfrun.perfcollector <> - pmu config: cpu
362 [22935066633920] INFO perfrun.perfcollector <> - cccrAddr: 187, cccrValue: 5310c7
362 [22935066633920] INFO perfrun.perfcollector <> - dataAddr: c2, dataValue: ffffffffffe17b7d
362 [22935066633920] INFO perfrun.perfcollector <> - escrAddr: ffffffff, escrValue: 0
362 [22935066633920] INFO perfrun.perfcollector <> - extendedPebsValue: 0
362 [22935066633920] INFO perfrun.perfcollector <> - adaptivePebsAvailable: 0
362 [22935066633920] INFO perfrun.perfcollector <> - config: event: c7
362 [22935066633920] INFO perfrun.perfcollector <> - config: pc: 0
362 [22935066633920] INFO perfrun.perfcollector <> - config: in_tx: 0
362 [22935066633920] INFO perfrun.perfcollector <> - config: edge: 0
362 [22935066633920] INFO perfrun.perfcollector <> - config: any: 0
362 [22935066633920] INFO perfrun.perfcollector <> - config1: offcore_rsp: 0
362 [22935066633920] INFO perfrun.perfcollector <> - config: in_tx_cp: 0
362 [22935066633920] INFO perfrun.perfcollector <> - config1: ldlat: 0
362 [22935066633920] INFO perfrun.perfcollector <> - config: inv: 0
362 [22935066633920] INFO perfrun.perfcollector <> - config: umask: 10
362 [22935066633920] INFO perfrun.perfcollector <> - config: cmask: 0
362 [22935066633920] INFO perfrun.perfcollector <> - format: cpu/event=0xc7,umask=0x10,name='FP_ARITH_INST_RETIRED.256B_PACKED_DOUBLE'/
362 [22935066633920] INFO perfrun.perfcollector <> - event name: INST_RETIRED.X87
362 [22935066633920] INFO perfrun.perfcollector <> - pmu config: cpu
362 [22935066633920] INFO perfrun.perfcollector <> - cccrAddr: 18c, cccrValue: 5302c0
362 [22935066633920] INFO perfrun.perfcollector <> - dataAddr: c7, dataValue: ffffffffffe17b7d
362 [22935066633920] INFO perfrun.perfcollector <> - escrAddr: ffffffff, escrValue: 0
362 [22935066633920] INFO perfrun.perfcollector <> - extendedPebsValue: 0
362 [22935066633920] INFO perfrun.perfcollector <> - adaptivePebsAvailable: 0
362 [22935066633920] INFO perfrun.perfcollector <> - config: event: c0
362 [22935066633920] INFO perfrun.perfcollector <> - config: pc: 0
362 [22935066633920] INFO perfrun.perfcollector <> - config: in_tx: 0
362 [22935066633920] INFO perfrun.perfcollector <> - config: edge: 0
362 [22935066633920] INFO perfrun.perfcollector <> - config: any: 0
362 [22935066633920] INFO perfrun.perfcollector <> - config1: offcore_rsp: 0
362 [22935066633920] INFO perfrun.perfcollector <> - config: in_tx_cp: 0
362 [22935066633920] INFO perfrun.perfcollector <> - config1: ldlat: 0
362 [22935066633920] INFO perfrun.perfcollector <> - config: inv: 0
362 [22935066633920] INFO perfrun.perfcollector <> - config: umask: 2
362 [22935066633920] INFO perfrun.perfcollector <> - config: cmask: 0
362 [22935066633920] INFO perfrun.perfcollector <> - format: cpu/event=0xc0,umask=0x2,name='INST_RETIRED.X87'/
362 [22935066633920] INFO perfrun.perfcollector <> - event name: UOPS_RETIRED.RETIRE_SLOTS
362 [22935066633920] INFO perfrun.perfcollector <> - pmu config: cpu
362 [22935066633920] INFO perfrun.perfcollector <> - cccrAddr: 18d, cccrValue: 5302c2
362 [22935066633920] INFO perfrun.perfcollector <> - dataAddr: c8, dataValue: ffffffffffe17b7d
362 [22935066633920] INFO perfrun.perfcollector <> - escrAddr: ffffffff, escrValue: 0
362 [22935066633920] INFO perfrun.perfcollector <> - extendedPebsValue: 0
362 [22935066633920] INFO perfrun.perfcollector <> - adaptivePebsAvailable: 0
362 [22935066633920] INFO perfrun.perfcollector <> - config: event: c2
362 [22935066633920] INFO perfrun.perfcollector <> - config: pc: 0
362 [22935066633920] INFO perfrun.perfcollector <> - config: in_tx: 0
362 [22935066633920] INFO perfrun.perfcollector <> - config: edge: 0
362 [22935066633920] INFO perfrun.perfcollector <> - config: any: 0
362 [22935066633920] INFO perfrun.perfcollector <> - config1: offcore_rsp: 0
362 [22935066633920] INFO perfrun.perfcollector <> - config: in_tx_cp: 0
362 [22935066633920] INFO perfrun.perfcollector <> - config1: ldlat: 0
363 [22935066633920] INFO perfrun.perfcollector <> - config: inv: 0
363 [22935066633920] INFO perfrun.perfcollector <> - config: umask: 2
363 [22935066633920] INFO perfrun.perfcollector <> - config: cmask: 0
363 [22935066633920] INFO perfrun.perfcollector <> - format: cpu/event=0xc2,umask=0x2,name='UOPS_RETIRED.RETIRE_SLOTS'/
363 [22935066633920] INFO perfrun.perfcollector <> - event: cpu/event=0x3c,name='CPU_CLK_UNHALTED.THREAD'/Duk, added for counting
363 [22935066633920] INFO perfrun.perfcollector <> - event: cpu/umask=0x3,name='CPU_CLK_UNHALTED.REF_TSC'/Duk, added for counting
363 [22935066633920] INFO perfrun.perfcollector <> - event: cpu/event=0xc0,name='INST_RETIRED.ANY'/Duk, added for counting
363 [22935066633920] INFO perfrun.perfcollector <> - event: cpu/event=0x3c,umask=0x1,name='CPU_CLK_UNHALTED.REF_XCLK'/uk, added for counting
363 [22935066633920] INFO perfrun.perfcollector <> - event: cpu/event=0x3c,umask=0x2,name='CPU_CLK_UNHALTED.ONE_THREAD_ACTIVE'/uk, added for counting
363 [22935066633920] INFO perfrun.perfcollector <> - event: cpu/event=0xc7,umask=0x2,name='FP_ARITH_INST_RETIRED.SCALAR_SINGLE'/uk, added for counting
363 [22935066633920] INFO perfrun.perfcollector <> - event: cpu/event=0xc7,umask=0x8,name='FP_ARITH_INST_RETIRED.128B_PACKED_SINGLE'/uk, added for counting
363 [22935066633920] INFO perfrun.perfcollector <> - event: cpu/event=0xc7,umask=0x20,name='FP_ARITH_INST_RETIRED.256B_PACKED_SINGLE'/uk, added for counting
363 [22935066633920] INFO perfrun.perfcollector <> - event: cpu/event=0xc7,umask=0x1,name='FP_ARITH_INST_RETIRED.SCALAR_DOUBLE'/uk, added for counting
363 [22935066633920] INFO perfrun.perfcollector <> - event: cpu/event=0xc7,umask=0x4,name='FP_ARITH_INST_RETIRED.128B_PACKED_DOUBLE'/uk, added for counting
363 [22935066633920] INFO perfrun.perfcollector <> - event: cpu/event=0xc7,umask=0x10,name='FP_ARITH_INST_RETIRED.256B_PACKED_DOUBLE'/uk, added for counting
363 [22935066633920] INFO perfrun.perfcollector <> - event: cpu/event=0xc0,umask=0x2,name='INST_RETIRED.X87'/uk, added for counting
363 [22935066633920] INFO perfrun.perfcollector <> - event: cpu/event=0xc2,umask=0x2,name='UOPS_RETIRED.RETIRE_SLOTS'/uk, added for counting
363 [22935066633920] INFO perfrun.perfcollector <> - attaching to pid: 4294967295, collect mode: 1, rc modes: 3
378 [22934987306688] WARN perfrun.perfcollector <> - Perf stat trace pipe capacity: read = 1048576, write = 1048576, at file: vcs/perfrun1/plugins/perfcollector/src/profiler.cpp:765
388 [22934987306688] INFO perfrun.sdk <> - runCmd: /opt/intel/oneapi/vtune/2023.1.0/bin64/amplxe-perf stat -v --log-fd 10 --scale -x ; -e cpu/event=0x3c,name='CPU_CLK_UNHALTED.THREAD'/Duk,cpu/umask=0x3,name='CPU_CLK_UNHALTED.REF_TSC'/Duk,cpu/event=0xc0,name='INST_RETIRED.ANY'/Duk,cpu/event=0x3c,umask=0x1,name='CPU_CLK_UNHALTED.REF_XCLK'/uk,cpu/event=0x3c,umask=0x2,name='CPU_CLK_UNHALTED.ONE_THREAD_ACTIVE'/uk,cpu/event=0xc7,umask=0x2,name='FP_ARITH_INST_RETIRED.SCALAR_SINGLE'/uk,cpu/event=0xc7,umask=0x8,name='FP_ARITH_INST_RETIRED.128B_PACKED_SINGLE'/uk,cpu/event=0xc7,umask=0x20,name='FP_ARITH_INST_RETIRED.256B_PACKED_SINGLE'/uk,cpu/event=0xc7,umask=0x1,name='FP_ARITH_INST_RETIRED.SCALAR_DOUBLE'/uk,cpu/event=0xc7,umask=0x4,name='FP_ARITH_INST_RETIRED.128B_PACKED_DOUBLE'/uk,cpu/event=0xc7,umask=0x10,name='FP_ARITH_INST_RETIRED.256B_PACKED_DOUBLE'/uk,cpu/event=0xc0,umask=0x2,name='INST_RETIRED.X87'/uk,cpu/event=0xc2,umask=0x2,name='UOPS_RETIRED.RETIRE_SLOTS'/uk /opt/intel/oneapi/vtune/2023.1.0/bin64/amplxe-perf-sync dryrun sys
389 [22934987306688] INFO perfrun.sdk <> - runCmd started PID 2288111
558 [22934987306688] INFO perfrun.perfcollector <> - Monitor: runCmd RC = true
559 [22935066633920] INFO perfrun.launcher <> - plugin [aoclprofile] was disabled because it doesn't support the given collection type.
559 [22935066633920] INFO perfrun.tpss <> - initialize tpss controller
559 [22935066633920] INFO perfrun.tpss <> - configure collection mode: value = cpu:counters:nostack
559 [22935066633920] INFO perfrun.tpss <> - configure collection mode: value = cpu:stack
559 [22935066633920] INFO perfrun.tpss <> - default obj-size-min=1024
559 [22935066633920] INFO perfrun.tpss <> - default hash-table-size=0
559 [22935066633920] INFO perfrun.launcher <> - plugin [media] was disabled because it doesn't support the given collection type.
559 [22935066633920] INFO perfrun.launcher <> - plugin [] was disabled because it doesn't support the given collection type.
559 [22935066633920] INFO perfrun.launcher <> - plugin [] was disabled because it doesn't support the given collection type.
559 [22935066633920] INFO perfrun.launcher <> - plugin [parallelfs] was disabled because it doesn't support the given collection type.
559 [22935066633920] INFO perfrun.launcher <> - plugin [power] was disabled because it doesn't support the given collection type.
559 [22935066633920] INFO perfrun.launcher <> - plugin [hwloc] was disabled because it doesn't support the given collection type.
559 [22935066633920] INFO perfrun.launcher <> - plugin [ipmwatch] was disabled because it doesn't support the given collection type.
559 [22935066633920] INFO perfrun.launcher <> - plugin [os_counters] was disabled because it doesn't support the given collection type.
559 [22935066633920] INFO perfrun.launcher <> - plugin [l0_metrics] was disabled because it doesn't support the given collection type.
559 [22935209654144] INFO perfrun.launcher <> - set environment variable: LD_LIBRARY_PATH = /opt/intel/oneapi/vtune/2023.1.0/lib32/runtime:/opt/intel/oneapi/vtune/2023.1.0/lib64/runtime:/opt/intel/oneapi/tbb/2021.5.1/env/../lib/intel64/gcc4.8:/opt/intel/oneapi/mpi/2021.5.1//libfabric/lib:/opt/intel/oneapi/mpi/2021.5.1//lib/release:/opt/intel/oneapi/mpi/2021.5.1//lib:/opt/intel/oneapi/mkl/2022.0.2/lib/intel64:/opt/intel/oneapi/itac/2021.5.0/slib:/opt/intel/oneapi/debugger/2021.5.0/gdb/intel64/lib:/opt/intel/oneapi/debugger/2021.5.0/libipt/intel64/lib:/opt/intel/oneapi/debugger/2021.5.0/dep/lib:/opt/intel/oneapi/compiler/2022.0.2/linux/lib:/opt/intel/oneapi/compiler/2022.0.2/linux/lib/x64:/opt/intel/oneapi/compiler/2022.0.2/linux/lib/oclfpga/host/linux64/lib:/opt/intel/oneapi/compiler/2022.0.2/linux/compiler/lib/intel64_lin
559 [22935209654144] INFO perfrun.launcher <> - set environment variable: INTEL_LIBITTNOTIFY32 = /opt/intel/oneapi/vtune/2023.1.0/lib32/runtime/libittnotify_collector.so
559 [22935209654144] INFO perfrun.launcher <> - set environment variable: INTEL_LIBITTNOTIFY64 = /opt/intel/oneapi/vtune/2023.1.0/lib64/runtime/libittnotify_collector.so
559 [22935209654144] INFO perfrun.launcher <> - set environment variable: INTEL_ITTNOTIFY_GROUPS = 
559 [22935209654144] INFO perfrun.launcher <> - set environment variable: INTEL_JIT_PROFILER32 = /opt/intel/oneapi/vtune/2023.1.0/lib32/runtime/libittnotify_collector.so
559 [22935209654144] INFO perfrun.launcher <> - set environment variable: INTEL_JIT_PROFILER64 = /opt/intel/oneapi/vtune/2023.1.0/lib64/runtime/libittnotify_collector.so
559 [22935209654144] INFO perfrun.launcher <> - set environment variable: OMP_TOOL_LIBRARIES = /opt/intel/oneapi/vtune/2023.1.0/lib32/runtime/libittnotify_collector.so:/opt/intel/oneapi/vtune/2023.1.0/lib64/runtime/libittnotify_collector.so
559 [22935209654144] INFO perfrun.launcher <> - set environment variable: ENABLE_JITPROFILING = 1
559 [22935209654144] INFO perfrun.launcher <> - set environment variable: CL_CONFIG_USE_VTUNE = True
559 [22935209654144] INFO perfrun.launcher <> - set environment variable: LD_PRELOAD = libittnotify_collector.so:
559 [22935209654144] INFO perfrun.launcher <> - set environment variable: KMP_FORKJOIN_FRAMES = 0
560 [22935209654144] INFO perfrun.launcher <> - set environment variable: KMP_FORKJOIN_FRAMES_MODE = 0
560 [22935209654144] INFO perfrun.launcher <> - set environment variable: OMP_TOOL = disabled
560 [22935209654144] INFO perfrun.launcher <> - set environment variable: INTEL_MRTE_DATA_DIR = /home/course/hpc/users/2022012388/exp8/result.conv2/data.45
560 [22935209654144] INFO perfrun.launcher <> - set environment variable: INTEL_MRTE_HOST_NAME = conv2
560 [22935209654144] INFO perfrun.launcher <> - set environment variable: JAVA_TOOL_OPTIONS = -agentlib:amplxe_tpssmrte_javaprof_1.0 -Dsun.boot.library.path=/opt/intel/oneapi/vtune/2023.1.0/lib32/runtime:/opt/intel/oneapi/vtune/2023.1.0/lib64/runtime
560 [22935209654144] INFO perfrun.launcher <> - set environment variable: LD_LIBRARY_PATH = /opt/intel/oneapi/vtune/2023.1.0/lib32/runtime:/opt/intel/oneapi/vtune/2023.1.0/lib64/runtime:/opt/intel/oneapi/tbb/2021.5.1/env/../lib/intel64/gcc4.8:/opt/intel/oneapi/mpi/2021.5.1//libfabric/lib:/opt/intel/oneapi/mpi/2021.5.1//lib/release:/opt/intel/oneapi/mpi/2021.5.1//lib:/opt/intel/oneapi/mkl/2022.0.2/lib/intel64:/opt/intel/oneapi/itac/2021.5.0/slib:/opt/intel/oneapi/debugger/2021.5.0/gdb/intel64/lib:/opt/intel/oneapi/debugger/2021.5.0/libipt/intel64/lib:/opt/intel/oneapi/debugger/2021.5.0/dep/lib:/opt/intel/oneapi/compiler/2022.0.2/linux/lib:/opt/intel/oneapi/compiler/2022.0.2/linux/lib/x64:/opt/intel/oneapi/compiler/2022.0.2/linux/lib/oclfpga/host/linux64/lib:/opt/intel/oneapi/compiler/2022.0.2/linux/compiler/lib/intel64_lin
560 [22935209654144] INFO perfrun.launcher <> - set environment variable: CORECLR_ENABLE_PROFILING = 1
560 [22935209654144] INFO perfrun.launcher <> - set environment variable: CORECLR_PROFILER = {AA5E4821-E3B1-479c-B7FF-5AD047D22CED}
560 [22935209654144] INFO perfrun.launcher <> - set environment variable: CORECLR_PROFILER_PATH = /opt/intel/oneapi/vtune/2023.1.0/lib64/libamplxe_samplingmrte_clrprof_1.0.so
560 [22935209654144] INFO perfrun.launcher <> - set environment variable: INTEL_MRTE_PROFILER_MODE = mixed
560 [22935209654144] INFO perfrun.launcher <> - RpcServer: run RPC server to handle requests
561 [22935209654144] INFO perfrun.launcher <> - Launcher: command line to start before modification = ./run.sh 2022012388
561 [22935209654144] INFO perfrun.launcher <> - Launcher: command line to start after modification = /opt/intel/oneapi/vtune/2023.1.0/bin64/pin -error_file /home/course/hpc/users/2022012388/exp8/result.conv2/data.45/pinerr.tpsslog -detach_reattach -follow_execv -tool_load_option deepbind -t64 /opt/intel/oneapi/vtune/2023.1.0/lib64/libtpsstool.so -t /opt/intel/oneapi/vtune/2023.1.0/lib32/libtpsstool.so -server_name tpss_ipc.2287953 -prd_dir /opt/intel/oneapi/vtune/2023.1.0 -- ./run.sh 2022012388
