13 [23198528046976] INFO perfrun.launcher <> - Launcher main begin
15 [23198528046976] INFO perfrun.launcher <> - MessageCatalogInit finished
15 [23198528046976] INFO perfrun.launcher <> - Launcher instance created
15 [23198528046976] INFO perfrun.launcher <> - argc = 7; cmdline = /opt/intel/oneapi/vtune/2023.1.0/bin64/amplxe-runss --ui-output-format xml --ui-output-fd 5 --option-file /home/course/hpc/users/2022012388/exp8/result.conv2/config/runss.options.7 
92 [23198528046976] INFO perfrun.launcher <> - create msngr2::ICliToolContext
93 [23198528046976] INFO perfrun.launcher <> - create file finder object
93 [23198528046976] INFO perfrun.launcher <> - create a result directory: pattern = /home/course/hpc/users/2022012388/exp8/result.conv2 pid = 4294967295
95 [23198528046976] INFO perfrun.sdk <> - checked that the directory /home/course/hpc/users/2022012388/exp8/result.conv2 is a local directory
95 [23198528046976] INFO perfrun.sdk <> - the directory /home/course/hpc/users/2022012388/exp8/result.conv2 is located on a share or its FS ID is unknown 26985
95 [23198528046976] INFO perfrun.sdk <> - checked that the directory /tmp/amplxe-tmp-2022012388 is a local directory
95 [23198528046976] INFO perfrun.sdk <> - the directory /tmp/amplxe-tmp-2022012388 is located on a share or its FS ID is unknown 2035054128
97 [23198528046976] INFO perfrun.launcher <> - create data directory = /home/course/hpc/users/2022012388/exp8/result.conv2/data.7
97 [23198528046976] INFO perfrun.launcher <> - Creating the master collection flag
97 [23198528046976] INFO perfrun.launcher <> - Done creating the master collection flag
100 [23198385039040] INFO perfrun.launcher <> - plugin [remoteplug] was disabled because it doesn't support the given collection type.
100 [23198385039040] INFO perfrun.sdk <> - Allocating TMU :/home/course/hpc/users/2022012388/exp8/result.conv2/data.7/systemcollector-2284207-conv2.sc
101 [23198385039040] INFO perfrun.launcher <> - plugin [vdso] was disabled because it doesn't support the given collection type.
102 [23198385039040] INFO perfrun.launcher <> - plugin [ptracecollector] was disabled because it doesn't support the given collection type.
102 [23198385039040] INFO perfrun.launcher <> - plugin [gpu] was disabled because it doesn't support the given collection type.
102 [23198385039040] INFO perfrun.launcher <> - plugin [] was disabled because it doesn't support the given collection type.
102 [23198385039040] INFO perfrun.launcher <> - plugin [] was disabled because it doesn't support the given collection type.
102 [23198385039040] INFO perfrun.launcher <> - plugin [] was disabled because it doesn't support the given collection type.
102 [23198385039040] INFO perfrun.mrte <> - system-wide mode is 0
102 [23198385039040] INFO perfrun.mrte <> - Getting  mrte profiling environment ...
116 [23198385039040] INFO perfrun.mrte <> - INTEL_MRTE_DATA_DIR=/home/course/hpc/users/2022012388/exp8/result.conv2/data.7
116 [23198385039040] INFO perfrun.mrte <> - INTEL_MRTE_HOST_NAME=conv2
116 [23198385039040] INFO perfrun.mrte <> - JAVA_TOOL_OPTIONS=-agentlib:amplxe_tpssmrte_javaprof_1.0 -Dsun.boot.library.path=/opt/intel/oneapi/vtune/2023.1.0/lib32/runtime:/opt/intel/oneapi/vtune/2023.1.0/lib64/runtime
116 [23198385039040] INFO perfrun.mrte <> - LD_LIBRARY_PATH=/opt/intel/oneapi/vtune/2023.1.0/lib32/runtime:/opt/intel/oneapi/vtune/2023.1.0/lib64/runtime:/opt/intel/oneapi/tbb/2021.5.1/env/../lib/intel64/gcc4.8:/opt/intel/oneapi/mpi/2021.5.1//libfabric/lib:/opt/intel/oneapi/mpi/2021.5.1//lib/release:/opt/intel/oneapi/mpi/2021.5.1//lib:/opt/intel/oneapi/mkl/2022.0.2/lib/intel64:/opt/intel/oneapi/itac/2021.5.0/slib:/opt/intel/oneapi/debugger/2021.5.0/gdb/intel64/lib:/opt/intel/oneapi/debugger/2021.5.0/libipt/intel64/lib:/opt/intel/oneapi/debugger/2021.5.0/dep/lib:/opt/intel/oneapi/compiler/2022.0.2/linux/lib:/opt/intel/oneapi/compiler/2022.0.2/linux/lib/x64:/opt/intel/oneapi/compiler/2022.0.2/linux/lib/oclfpga/host/linux64/lib:/opt/intel/oneapi/compiler/2022.0.2/linux/compiler/lib/intel64_lin
116 [23198385039040] INFO perfrun.mrte <> - CORECLR_ENABLE_PROFILING=1
116 [23198385039040] INFO perfrun.mrte <> - CORECLR_PROFILER={AA5E4821-E3B1-479c-B7FF-5AD047D22CED}
116 [23198385039040] INFO perfrun.mrte <> - CORECLR_PROFILER_PATH=/opt/intel/oneapi/vtune/2023.1.0/lib64/libamplxe_samplingmrte_clrprof_1.0.so
116 [23198385039040] INFO perfrun.mrte <> - INTEL_MRTE_PROFILER_MODE=mixed
116 [23198385039040] INFO perfrun.mrte <> - Data directory: /home/course/hpc/users/2022012388/exp8/result.conv2/data.7
116 [23198385039040] INFO perfrun.mrte <> - Mrte plugin is initialized
116 [23198385039040] INFO perfrun.launcher <> - plugin [emon] was disabled because it doesn't support the given collection type.
116 [23198385039040] INFO perfrun.launcher <> - plugin [cuscol] was disabled because it doesn't support the given collection type.
116 [23198385039040] INFO perfrun.launcher <> - plugin [stdsrc] was disabled because it doesn't support the given collection type.
116 [23198385039040] INFO perfrun.launcher <> - plugin [sep] was disabled because it doesn't support the given collection type.
116 [23198385039040] INFO perfrun.launcher <> - plugin [vtsspp] was disabled because it doesn't support the given collection type.
116 [23198385039040] INFO perfrun.sdk <> - Reading value (0) from file: /proc/sys/kernel/perf_event_paranoid
116 [23198385039040] INFO perfrun.perfcollector <> - checking access to: /opt/intel/oneapi/vtune/2023.1.0/bin64/amplxe-perf-priv
119 [23198385039040] INFO perfrun.perfcollector <> - cpu: family = 6 model = 79
119 [23198385039040] INFO perfrun.perfcollector <> - dir found: /sys/bus/event_source/devices/software
119 [23198385039040] INFO perfrun.perfcollector <> - format: pmu format subdir doesn't exist
119 [23198385039040] INFO perfrun.perfcollector <> - hwInfo: not set, pmuFam: software
119 [23198385039040] INFO perfrun.perfcollector <> - pmu added: family: software, id: 0
119 [23198385039040] INFO perfrun.perfcollector <> - dir found: /sys/bus/event_source/devices/uncore_imc_5
119 [23198385039040] INFO perfrun.perfcollector <> - format: event config:0-7 mask:0-7
119 [23198385039040] INFO perfrun.perfcollector <> - format: edge config:18 mask:18
120 [23198385039040] INFO perfrun.perfcollector <> - format: inv config:23 mask:23
120 [23198385039040] INFO perfrun.perfcollector <> - format: umask config:8-15 mask:8-15
120 [23198385039040] INFO perfrun.perfcollector <> - format: thresh config:24-31 mask:24-31
120 [23198385039040] INFO perfrun.perfcollector <> - hwInfo: PERF_IMC_PMU_DETAILS
120 [23198385039040] INFO perfrun.perfcollector <> - pmu added: family: uncore_imc, id: 5
120 [23198385039040] INFO perfrun.perfcollector <> - dir found: /sys/bus/event_source/devices/uncore_sbox_2
120 [23198385039040] INFO perfrun.perfcollector <> - format: event config:0-7 mask:0-7
120 [23198385039040] INFO perfrun.perfcollector <> - format: edge config:18 mask:18
120 [23198385039040] INFO perfrun.perfcollector <> - format: inv config:23 mask:23
120 [23198385039040] INFO perfrun.perfcollector <> - format: umask config:8-15 mask:8-15
120 [23198385039040] INFO perfrun.perfcollector <> - format: tid_en config:19 mask:19
120 [23198385039040] INFO perfrun.perfcollector <> - format: thresh config:24-31 mask:24-31
120 [23198385039040] INFO perfrun.perfcollector <> - hwInfo: not set, pmuFam: uncore_sbox
120 [23198385039040] INFO perfrun.perfcollector <> - pmu added: family: uncore_sbox, id: 2
120 [23198385039040] INFO perfrun.perfcollector <> - dir found: /sys/bus/event_source/devices/uncore_cbox_8
120 [23198385039040] INFO perfrun.perfcollector <> - format: event config:0-7 mask:0-7
121 [23198385039040] INFO perfrun.perfcollector <> - format: filter_link config1:6-8 mask:6-8
121 [23198385039040] INFO perfrun.perfcollector <> - format: filter_c6 config1:61 mask:61
121 [23198385039040] INFO perfrun.perfcollector <> - format: edge config:18 mask:18
121 [23198385039040] INFO perfrun.perfcollector <> - format: filter_isoc config1:63 mask:63
121 [23198385039040] INFO perfrun.perfcollector <> - format: filter_tid config1:0-5 mask:0-5
121 [23198385039040] INFO perfrun.perfcollector <> - format: filter_nid config1:32-47 mask:32-47
121 [23198385039040] INFO perfrun.perfcollector <> - format: filter_nc config1:62 mask:62
121 [23198385039040] INFO perfrun.perfcollector <> - format: umask config:8-15 mask:8-15
121 [23198385039040] INFO perfrun.perfcollector <> - format: tid_en config:19 mask:19
121 [23198385039040] INFO perfrun.perfcollector <> - format: thresh config:24-31 mask:24-31
121 [23198385039040] INFO perfrun.perfcollector <> - format: filter_state config1:17-23 mask:17-23
121 [23198385039040] INFO perfrun.perfcollector <> - format: filter_opc config1:52-60 mask:52-60
121 [23198385039040] INFO perfrun.perfcollector <> - hwInfo: PERF_CBOX_PMU_DETAILS
121 [23198385039040] INFO perfrun.perfcollector <> - pmu added: family: uncore_cbox, id: 8
121 [23198385039040] INFO perfrun.perfcollector <> - dir found: /sys/bus/event_source/devices/uncore_cbox_13
122 [23198385039040] INFO perfrun.perfcollector <> - format: event config:0-7 mask:0-7
122 [23198385039040] INFO perfrun.perfcollector <> - format: filter_link config1:6-8 mask:6-8
122 [23198385039040] INFO perfrun.perfcollector <> - format: filter_c6 config1:61 mask:61
122 [23198385039040] INFO perfrun.perfcollector <> - format: edge config:18 mask:18
122 [23198385039040] INFO perfrun.perfcollector <> - format: filter_isoc config1:63 mask:63
122 [23198385039040] INFO perfrun.perfcollector <> - format: filter_tid config1:0-5 mask:0-5
122 [23198385039040] INFO perfrun.perfcollector <> - format: filter_nid config1:32-47 mask:32-47
122 [23198385039040] INFO perfrun.perfcollector <> - format: filter_nc config1:62 mask:62
122 [23198385039040] INFO perfrun.perfcollector <> - format: umask config:8-15 mask:8-15
122 [23198385039040] INFO perfrun.perfcollector <> - format: tid_en config:19 mask:19
122 [23198385039040] INFO perfrun.perfcollector <> - format: thresh config:24-31 mask:24-31
122 [23198385039040] INFO perfrun.perfcollector <> - format: filter_state config1:17-23 mask:17-23
122 [23198385039040] INFO perfrun.perfcollector <> - format: filter_opc config1:52-60 mask:52-60
122 [23198385039040] INFO perfrun.perfcollector <> - hwInfo: PERF_CBOX_PMU_DETAILS
123 [23198385039040] INFO perfrun.perfcollector <> - pmu added: family: uncore_cbox, id: 13
123 [23198385039040] INFO perfrun.perfcollector <> - dir found: /sys/bus/event_source/devices/uncore_r2pcie
123 [23198385039040] INFO perfrun.perfcollector <> - format: event config:0-7 mask:0-7
123 [23198385039040] INFO perfrun.perfcollector <> - format: edge config:18 mask:18
123 [23198385039040] INFO perfrun.perfcollector <> - format: inv config:23 mask:23
123 [23198385039040] INFO perfrun.perfcollector <> - format: umask config:8-15 mask:8-15
123 [23198385039040] INFO perfrun.perfcollector <> - format: thresh config:24-31 mask:24-31
123 [23198385039040] INFO perfrun.perfcollector <> - hwInfo: not set, pmuFam: uncore_r2pcie
123 [23198385039040] INFO perfrun.perfcollector <> - pmu added: family: uncore_r2pcie, id: 0
123 [23198385039040] INFO perfrun.perfcollector <> - dir found: /sys/bus/event_source/devices/uncore_sbox_0
123 [23198385039040] INFO perfrun.perfcollector <> - format: event config:0-7 mask:0-7
123 [23198385039040] INFO perfrun.perfcollector <> - format: edge config:18 mask:18
124 [23198385039040] INFO perfrun.perfcollector <> - format: inv config:23 mask:23
124 [23198385039040] INFO perfrun.perfcollector <> - format: umask config:8-15 mask:8-15
124 [23198385039040] INFO perfrun.perfcollector <> - format: tid_en config:19 mask:19
124 [23198385039040] INFO perfrun.perfcollector <> - format: thresh config:24-31 mask:24-31
124 [23198385039040] INFO perfrun.perfcollector <> - hwInfo: not set, pmuFam: uncore_sbox
124 [23198385039040] INFO perfrun.perfcollector <> - pmu added: family: uncore_sbox, id: 0
124 [23198385039040] INFO perfrun.perfcollector <> - dir found: /sys/bus/event_source/devices/uncore_qpi_1
124 [23198385039040] INFO perfrun.perfcollector <> - format: mask_rnid4 config2:31 mask:31
124 [23198385039040] INFO perfrun.perfcollector <> - format: mask_rnid30 config2:32-35 mask:32-35
124 [23198385039040] INFO perfrun.perfcollector <> - format: match_rnid30 config1:32-35 mask:32-35
125 [23198385039040] INFO perfrun.perfcollector <> - format: event config:0-7,21 mask:0-7,21
125 [23198385039040] INFO perfrun.perfcollector <> - format: match0 config1:0-31 mask:0-31
125 [23198385039040] INFO perfrun.perfcollector <> - format: match_rds config1:48-51 mask:48-51
125 [23198385039040] INFO perfrun.perfcollector <> - format: mask_rds config2:48-51 mask:48-51
125 [23198385039040] INFO perfrun.perfcollector <> - format: edge config:18 mask:18
125 [23198385039040] INFO perfrun.perfcollector <> - format: mask1 config2:32-63 mask:32-63
125 [23198385039040] INFO perfrun.perfcollector <> - format: match_dnid config1:13-17 mask:13-17
125 [23198385039040] INFO perfrun.perfcollector <> - format: mask_dnid config2:13-17 mask:13-17
125 [23198385039040] INFO perfrun.perfcollector <> - format: match_vnw config1:3-4 mask:3-4
125 [23198385039040] INFO perfrun.perfcollector <> - format: mask_vnw config2:3-4 mask:3-4
125 [23198385039040] INFO perfrun.perfcollector <> - format: mask_mc config2:9-12 mask:9-12
125 [23198385039040] INFO perfrun.perfcollector <> - format: match1 config1:32-63 mask:32-63
126 [23198385039040] INFO perfrun.perfcollector <> - format: inv config:23 mask:23
126 [23198385039040] INFO perfrun.perfcollector <> - format: umask config:8-15 mask:8-15
126 [23198385039040] INFO perfrun.perfcollector <> - format: match_opc config1:5-8 mask:5-8
126 [23198385039040] INFO perfrun.perfcollector <> - format: mask_opc config2:5-8 mask:5-8
126 [23198385039040] INFO perfrun.perfcollector <> - format: thresh config:24-31 mask:24-31
126 [23198385039040] INFO perfrun.perfcollector <> - format: match_rnid4 config1:31 mask:31
126 [23198385039040] INFO perfrun.perfcollector <> - format: mask0 config2:0-31 mask:0-31
126 [23198385039040] INFO perfrun.perfcollector <> - format: match_mc config1:9-12 mask:9-12
126 [23198385039040] INFO perfrun.perfcollector <> - hwInfo: PERF_QPI_PMU_DETAILS
126 [23198385039040] INFO perfrun.perfcollector <> - pmu added: family: uncore_qpi, id: 1
127 [23198385039040] INFO perfrun.perfcollector <> - dir found: /sys/bus/event_source/devices/uncore_cbox_6
127 [23198385039040] INFO perfrun.perfcollector <> - format: event config:0-7 mask:0-7
127 [23198385039040] INFO perfrun.perfcollector <> - format: filter_link config1:6-8 mask:6-8
127 [23198385039040] INFO perfrun.perfcollector <> - format: filter_c6 config1:61 mask:61
127 [23198385039040] INFO perfrun.perfcollector <> - format: edge config:18 mask:18
127 [23198385039040] INFO perfrun.perfcollector <> - format: filter_isoc config1:63 mask:63
127 [23198385039040] INFO perfrun.perfcollector <> - format: filter_tid config1:0-5 mask:0-5
127 [23198385039040] INFO perfrun.perfcollector <> - format: filter_nid config1:32-47 mask:32-47
127 [23198385039040] INFO perfrun.perfcollector <> - format: filter_nc config1:62 mask:62
127 [23198385039040] INFO perfrun.perfcollector <> - format: umask config:8-15 mask:8-15
128 [23198385039040] INFO perfrun.perfcollector <> - format: tid_en config:19 mask:19
128 [23198385039040] INFO perfrun.perfcollector <> - format: thresh config:24-31 mask:24-31
128 [23198385039040] INFO perfrun.perfcollector <> - format: filter_state config1:17-23 mask:17-23
128 [23198385039040] INFO perfrun.perfcollector <> - format: filter_opc config1:52-60 mask:52-60
128 [23198385039040] INFO perfrun.perfcollector <> - hwInfo: PERF_CBOX_PMU_DETAILS
128 [23198385039040] INFO perfrun.perfcollector <> - pmu added: family: uncore_cbox, id: 6
128 [23198385039040] INFO perfrun.perfcollector <> - dir found: /sys/bus/event_source/devices/uncore_imc_1
128 [23198385039040] INFO perfrun.perfcollector <> - format: event config:0-7 mask:0-7
128 [23198385039040] INFO perfrun.perfcollector <> - format: edge config:18 mask:18
129 [23198385039040] INFO perfrun.perfcollector <> - format: inv config:23 mask:23
129 [23198385039040] INFO perfrun.perfcollector <> - format: umask config:8-15 mask:8-15
129 [23198385039040] INFO perfrun.perfcollector <> - format: thresh config:24-31 mask:24-31
129 [23198385039040] INFO perfrun.perfcollector <> - hwInfo: PERF_IMC_PMU_DETAILS
129 [23198385039040] INFO perfrun.perfcollector <> - pmu added: family: uncore_imc, id: 1
129 [23198385039040] INFO perfrun.perfcollector <> - dir found: /sys/bus/event_source/devices/power
129 [23198385039040] INFO perfrun.perfcollector <> - format: event config:0-7 mask:0-7
129 [23198385039040] INFO perfrun.perfcollector <> - hwInfo: not set, pmuFam: power
129 [23198385039040] INFO perfrun.perfcollector <> - pmu added: family: power, id: 0
129 [23198385039040] INFO perfrun.perfcollector <> - dir found: /sys/bus/event_source/devices/uncore_cbox_11
130 [23198385039040] INFO perfrun.perfcollector <> - format: event config:0-7 mask:0-7
130 [23198385039040] INFO perfrun.perfcollector <> - format: filter_link config1:6-8 mask:6-8
130 [23198385039040] INFO perfrun.perfcollector <> - format: filter_c6 config1:61 mask:61
130 [23198385039040] INFO perfrun.perfcollector <> - format: edge config:18 mask:18
130 [23198385039040] INFO perfrun.perfcollector <> - format: filter_isoc config1:63 mask:63
130 [23198385039040] INFO perfrun.perfcollector <> - format: filter_tid config1:0-5 mask:0-5
130 [23198385039040] INFO perfrun.perfcollector <> - format: filter_nid config1:32-47 mask:32-47
130 [23198385039040] INFO perfrun.perfcollector <> - format: filter_nc config1:62 mask:62
130 [23198385039040] INFO perfrun.perfcollector <> - format: umask config:8-15 mask:8-15
130 [23198385039040] INFO perfrun.perfcollector <> - format: tid_en config:19 mask:19
130 [23198385039040] INFO perfrun.perfcollector <> - format: thresh config:24-31 mask:24-31
131 [23198385039040] INFO perfrun.perfcollector <> - format: filter_state config1:17-23 mask:17-23
131 [23198385039040] INFO perfrun.perfcollector <> - format: filter_opc config1:52-60 mask:52-60
131 [23198385039040] INFO perfrun.perfcollector <> - hwInfo: PERF_CBOX_PMU_DETAILS
131 [23198385039040] INFO perfrun.perfcollector <> - pmu added: family: uncore_cbox, id: 11
131 [23198385039040] INFO perfrun.perfcollector <> - dir found: /sys/bus/event_source/devices/uncore_cbox_4
131 [23198385039040] INFO perfrun.perfcollector <> - format: event config:0-7 mask:0-7
131 [23198385039040] INFO perfrun.perfcollector <> - format: filter_link config1:6-8 mask:6-8
131 [23198385039040] INFO perfrun.perfcollector <> - format: filter_c6 config1:61 mask:61
131 [23198385039040] INFO perfrun.perfcollector <> - format: edge config:18 mask:18
132 [23198385039040] INFO perfrun.perfcollector <> - format: filter_isoc config1:63 mask:63
132 [23198385039040] INFO perfrun.perfcollector <> - format: filter_tid config1:0-5 mask:0-5
132 [23198385039040] INFO perfrun.perfcollector <> - format: filter_nid config1:32-47 mask:32-47
132 [23198385039040] INFO perfrun.perfcollector <> - format: filter_nc config1:62 mask:62
132 [23198385039040] INFO perfrun.perfcollector <> - format: umask config:8-15 mask:8-15
132 [23198385039040] INFO perfrun.perfcollector <> - format: tid_en config:19 mask:19
132 [23198385039040] INFO perfrun.perfcollector <> - format: thresh config:24-31 mask:24-31
132 [23198385039040] INFO perfrun.perfcollector <> - format: filter_state config1:17-23 mask:17-23
133 [23198385039040] INFO perfrun.perfcollector <> - format: filter_opc config1:52-60 mask:52-60
133 [23198385039040] INFO perfrun.perfcollector <> - hwInfo: PERF_CBOX_PMU_DETAILS
133 [23198385039040] INFO perfrun.perfcollector <> - pmu added: family: uncore_cbox, id: 4
133 [23198385039040] INFO perfrun.perfcollector <> - dir found: /sys/bus/event_source/devices/uprobe
133 [23198385039040] INFO perfrun.perfcollector <> - format: ref_ctr_offset config:32-63 mask:32-63
133 [23198385039040] INFO perfrun.perfcollector <> - format: retprobe config:0 mask:0
133 [23198385039040] INFO perfrun.perfcollector <> - hwInfo: not set, pmuFam: uprobe
133 [23198385039040] INFO perfrun.perfcollector <> - pmu added: family: uprobe, id: 0
133 [23198385039040] INFO perfrun.perfcollector <> - dir found: /sys/bus/event_source/devices/intel_bts
133 [23198385039040] INFO perfrun.perfcollector <> - format: pmu format subdir doesn't exist
133 [23198385039040] INFO perfrun.perfcollector <> - hwInfo: not set, pmuFam: intel_bts
133 [23198385039040] INFO perfrun.perfcollector <> - pmu added: family: intel_bts, id: 0
133 [23198385039040] INFO perfrun.perfcollector <> - dir found: /sys/bus/event_source/devices/cpu
134 [23198385039040] INFO perfrun.perfcollector <> - format: event config:0-7 mask:0-7
134 [23198385039040] INFO perfrun.perfcollector <> - format: pc config:19 mask:19
134 [23198385039040] INFO perfrun.perfcollector <> - format: in_tx config:32 mask:32
134 [23198385039040] INFO perfrun.perfcollector <> - format: edge config:18 mask:18
134 [23198385039040] INFO perfrun.perfcollector <> - format: any config:21 mask:21
134 [23198385039040] INFO perfrun.perfcollector <> - format: offcore_rsp config1:0-63 mask:0-63
134 [23198385039040] INFO perfrun.perfcollector <> - format: in_tx_cp config:33 mask:33
134 [23198385039040] INFO perfrun.perfcollector <> - format: ldlat config1:0-15 mask:0-15
135 [23198385039040] INFO perfrun.perfcollector <> - format: inv config:23 mask:23
135 [23198385039040] INFO perfrun.perfcollector <> - format: umask config:8-15 mask:8-15
135 [23198385039040] INFO perfrun.perfcollector <> - format: cmask config:24-31 mask:24-31
135 [23198385039040] INFO perfrun.perfcollector <> - hwInfo: PERF_CPU_PMU_DETAILS
135 [23198385039040] INFO perfrun.perfcollector <> - pmu added: family: cpu, id: 0
135 [23198385039040] INFO perfrun.perfcollector <> - dir found: /sys/bus/event_source/devices/uncore_r3qpi_0
135 [23198385039040] INFO perfrun.perfcollector <> - format: event config:0-7 mask:0-7
135 [23198385039040] INFO perfrun.perfcollector <> - format: edge config:18 mask:18
135 [23198385039040] INFO perfrun.perfcollector <> - format: inv config:23 mask:23
135 [23198385039040] INFO perfrun.perfcollector <> - format: umask config:8-15 mask:8-15
135 [23198385039040] INFO perfrun.perfcollector <> - format: thresh config:24-31 mask:24-31
135 [23198385039040] INFO perfrun.perfcollector <> - hwInfo: not set, pmuFam: uncore_r3qpi
136 [23198385039040] INFO perfrun.perfcollector <> - pmu added: family: uncore_r3qpi, id: 0
136 [23198385039040] INFO perfrun.perfcollector <> - dir found: /sys/bus/event_source/devices/cstate_core
136 [23198385039040] INFO perfrun.perfcollector <> - format: event config:0-63 mask:0-63
136 [23198385039040] INFO perfrun.perfcollector <> - hwInfo: not set, pmuFam: cstate_core
136 [23198385039040] INFO perfrun.perfcollector <> - pmu added: family: cstate_core, id: 0
136 [23198385039040] INFO perfrun.perfcollector <> - dir found: /sys/bus/event_source/devices/uncore_cbox_2
136 [23198385039040] INFO perfrun.perfcollector <> - format: event config:0-7 mask:0-7
136 [23198385039040] INFO perfrun.perfcollector <> - format: filter_link config1:6-8 mask:6-8
137 [23198385039040] INFO perfrun.perfcollector <> - format: filter_c6 config1:61 mask:61
137 [23198385039040] INFO perfrun.perfcollector <> - format: edge config:18 mask:18
137 [23198385039040] INFO perfrun.perfcollector <> - format: filter_isoc config1:63 mask:63
137 [23198385039040] INFO perfrun.perfcollector <> - format: filter_tid config1:0-5 mask:0-5
137 [23198385039040] INFO perfrun.perfcollector <> - format: filter_nid config1:32-47 mask:32-47
137 [23198385039040] INFO perfrun.perfcollector <> - format: filter_nc config1:62 mask:62
137 [23198385039040] INFO perfrun.perfcollector <> - format: umask config:8-15 mask:8-15
137 [23198385039040] INFO perfrun.perfcollector <> - format: tid_en config:19 mask:19
138 [23198385039040] INFO perfrun.perfcollector <> - format: thresh config:24-31 mask:24-31
138 [23198385039040] INFO perfrun.perfcollector <> - format: filter_state config1:17-23 mask:17-23
138 [23198385039040] INFO perfrun.perfcollector <> - format: filter_opc config1:52-60 mask:52-60
138 [23198385039040] INFO perfrun.perfcollector <> - hwInfo: PERF_CBOX_PMU_DETAILS
138 [23198385039040] INFO perfrun.perfcollector <> - pmu added: family: uncore_cbox, id: 2
138 [23198385039040] INFO perfrun.perfcollector <> - dir found: /sys/bus/event_source/devices/breakpoint
138 [23198385039040] INFO perfrun.perfcollector <> - format: pmu format subdir doesn't exist
138 [23198385039040] INFO perfrun.perfcollector <> - hwInfo: not set, pmuFam: breakpoint
139 [23198385039040] INFO perfrun.perfcollector <> - pmu added: family: breakpoint, id: 0
139 [23198385039040] INFO perfrun.perfcollector <> - dir found: /sys/bus/event_source/devices/uncore_ha_0
139 [23198385039040] INFO perfrun.perfcollector <> - format: event config:0-7 mask:0-7
139 [23198385039040] INFO perfrun.perfcollector <> - format: edge config:18 mask:18
139 [23198385039040] INFO perfrun.perfcollector <> - format: inv config:23 mask:23
139 [23198385039040] INFO perfrun.perfcollector <> - format: umask config:8-15 mask:8-15
139 [23198385039040] INFO perfrun.perfcollector <> - format: thresh config:24-31 mask:24-31
139 [23198385039040] INFO perfrun.perfcollector <> - hwInfo: not set, pmuFam: uncore_ha
140 [23198385039040] INFO perfrun.perfcollector <> - pmu added: family: uncore_ha, id: 0
140 [23198385039040] INFO perfrun.perfcollector <> - dir found: /sys/bus/event_source/devices/uncore_cbox_0
140 [23198385039040] INFO perfrun.perfcollector <> - format: event config:0-7 mask:0-7
140 [23198385039040] INFO perfrun.perfcollector <> - format: filter_link config1:6-8 mask:6-8
140 [23198385039040] INFO perfrun.perfcollector <> - format: filter_c6 config1:61 mask:61
140 [23198385039040] INFO perfrun.perfcollector <> - format: edge config:18 mask:18
140 [23198385039040] INFO perfrun.perfcollector <> - format: filter_isoc config1:63 mask:63
141 [23198385039040] INFO perfrun.perfcollector <> - format: filter_tid config1:0-5 mask:0-5
141 [23198385039040] INFO perfrun.perfcollector <> - format: filter_nid config1:32-47 mask:32-47
141 [23198385039040] INFO perfrun.perfcollector <> - format: filter_nc config1:62 mask:62
141 [23198385039040] INFO perfrun.perfcollector <> - format: umask config:8-15 mask:8-15
141 [23198385039040] INFO perfrun.perfcollector <> - format: tid_en config:19 mask:19
141 [23198385039040] INFO perfrun.perfcollector <> - format: thresh config:24-31 mask:24-31
141 [23198385039040] INFO perfrun.perfcollector <> - format: filter_state config1:17-23 mask:17-23
142 [23198385039040] INFO perfrun.perfcollector <> - format: filter_opc config1:52-60 mask:52-60
142 [23198385039040] INFO perfrun.perfcollector <> - hwInfo: PERF_CBOX_PMU_DETAILS
142 [23198385039040] INFO perfrun.perfcollector <> - pmu added: family: uncore_cbox, id: 0
142 [23198385039040] INFO perfrun.perfcollector <> - dir found: /sys/bus/event_source/devices/tracepoint
142 [23198385039040] INFO perfrun.perfcollector <> - format: pmu format subdir doesn't exist
142 [23198385039040] INFO perfrun.perfcollector <> - hwInfo: not set, pmuFam: tracepoint
142 [23198385039040] INFO perfrun.perfcollector <> - pmu added: family: tracepoint, id: 0
142 [23198385039040] INFO perfrun.perfcollector <> - dir found: /sys/bus/event_source/devices/uncore_sbox_3
142 [23198385039040] INFO perfrun.perfcollector <> - format: event config:0-7 mask:0-7
143 [23198385039040] INFO perfrun.perfcollector <> - format: edge config:18 mask:18
143 [23198385039040] INFO perfrun.perfcollector <> - format: inv config:23 mask:23
143 [23198385039040] INFO perfrun.perfcollector <> - format: umask config:8-15 mask:8-15
143 [23198385039040] INFO perfrun.perfcollector <> - format: tid_en config:19 mask:19
143 [23198385039040] INFO perfrun.perfcollector <> - format: thresh config:24-31 mask:24-31
143 [23198385039040] INFO perfrun.perfcollector <> - hwInfo: not set, pmuFam: uncore_sbox
143 [23198385039040] INFO perfrun.perfcollector <> - pmu added: family: uncore_sbox, id: 3
143 [23198385039040] INFO perfrun.perfcollector <> - dir found: /sys/bus/event_source/devices/uncore_cbox_9
144 [23198385039040] INFO perfrun.perfcollector <> - format: event config:0-7 mask:0-7
144 [23198385039040] INFO perfrun.perfcollector <> - format: filter_link config1:6-8 mask:6-8
144 [23198385039040] INFO perfrun.perfcollector <> - format: filter_c6 config1:61 mask:61
144 [23198385039040] INFO perfrun.perfcollector <> - format: edge config:18 mask:18
144 [23198385039040] INFO perfrun.perfcollector <> - format: filter_isoc config1:63 mask:63
145 [23198385039040] INFO perfrun.perfcollector <> - format: filter_tid config1:0-5 mask:0-5
145 [23198385039040] INFO perfrun.perfcollector <> - format: filter_nid config1:32-47 mask:32-47
145 [23198385039040] INFO perfrun.perfcollector <> - format: filter_nc config1:62 mask:62
145 [23198385039040] INFO perfrun.perfcollector <> - format: umask config:8-15 mask:8-15
145 [23198385039040] INFO perfrun.perfcollector <> - format: tid_en config:19 mask:19
145 [23198385039040] INFO perfrun.perfcollector <> - format: thresh config:24-31 mask:24-31
146 [23198385039040] INFO perfrun.perfcollector <> - format: filter_state config1:17-23 mask:17-23
146 [23198385039040] INFO perfrun.perfcollector <> - format: filter_opc config1:52-60 mask:52-60
146 [23198385039040] INFO perfrun.perfcollector <> - hwInfo: PERF_CBOX_PMU_DETAILS
146 [23198385039040] INFO perfrun.perfcollector <> - pmu added: family: uncore_cbox, id: 9
146 [23198385039040] INFO perfrun.perfcollector <> - dir found: /sys/bus/event_source/devices/cstate_pkg
146 [23198385039040] INFO perfrun.perfcollector <> - format: event config:0-63 mask:0-63
146 [23198385039040] INFO perfrun.perfcollector <> - hwInfo: not set, pmuFam: cstate_pkg
147 [23198385039040] INFO perfrun.perfcollector <> - pmu added: family: cstate_pkg, id: 0
147 [23198385039040] INFO perfrun.perfcollector <> - dir found: /sys/bus/event_source/devices/uncore_imc_4
147 [23198385039040] INFO perfrun.perfcollector <> - format: event config:0-7 mask:0-7
147 [23198385039040] INFO perfrun.perfcollector <> - format: edge config:18 mask:18
147 [23198385039040] INFO perfrun.perfcollector <> - format: inv config:23 mask:23
147 [23198385039040] INFO perfrun.perfcollector <> - format: umask config:8-15 mask:8-15
148 [23198385039040] INFO perfrun.perfcollector <> - format: thresh config:24-31 mask:24-31
148 [23198385039040] INFO perfrun.perfcollector <> - hwInfo: PERF_IMC_PMU_DETAILS
148 [23198385039040] INFO perfrun.perfcollector <> - pmu added: family: uncore_imc, id: 4
148 [23198385039040] INFO perfrun.perfcollector <> - dir found: /sys/bus/event_source/devices/uncore_ubox
148 [23198385039040] INFO perfrun.perfcollector <> - format: event config:0-7 mask:0-7
148 [23198385039040] INFO perfrun.perfcollector <> - format: edge config:18 mask:18
149 [23198385039040] INFO perfrun.perfcollector <> - format: inv config:23 mask:23
149 [23198385039040] INFO perfrun.perfcollector <> - format: umask config:8-15 mask:8-15
149 [23198385039040] INFO perfrun.perfcollector <> - format: thresh config:24-28 mask:24-28
149 [23198385039040] INFO perfrun.perfcollector <> - hwInfo: not set, pmuFam: uncore_ubox
149 [23198385039040] INFO perfrun.perfcollector <> - pmu added: family: uncore_ubox, id: 0
149 [23198385039040] INFO perfrun.perfcollector <> - dir found: /sys/bus/event_source/devices/uncore_sbox_1
149 [23198385039040] INFO perfrun.perfcollector <> - format: event config:0-7 mask:0-7
150 [23198385039040] INFO perfrun.perfcollector <> - format: edge config:18 mask:18
150 [23198385039040] INFO perfrun.perfcollector <> - format: inv config:23 mask:23
150 [23198385039040] INFO perfrun.perfcollector <> - format: umask config:8-15 mask:8-15
150 [23198385039040] INFO perfrun.perfcollector <> - format: tid_en config:19 mask:19
150 [23198385039040] INFO perfrun.perfcollector <> - format: thresh config:24-31 mask:24-31
150 [23198385039040] INFO perfrun.perfcollector <> - hwInfo: not set, pmuFam: uncore_sbox
151 [23198385039040] INFO perfrun.perfcollector <> - pmu added: family: uncore_sbox, id: 1
151 [23198385039040] INFO perfrun.perfcollector <> - dir found: /sys/bus/event_source/devices/uncore_cbox_7
151 [23198385039040] INFO perfrun.perfcollector <> - format: event config:0-7 mask:0-7
151 [23198385039040] INFO perfrun.perfcollector <> - format: filter_link config1:6-8 mask:6-8
151 [23198385039040] INFO perfrun.perfcollector <> - format: filter_c6 config1:61 mask:61
152 [23198385039040] INFO perfrun.perfcollector <> - format: edge config:18 mask:18
152 [23198385039040] INFO perfrun.perfcollector <> - format: filter_isoc config1:63 mask:63
152 [23198385039040] INFO perfrun.perfcollector <> - format: filter_tid config1:0-5 mask:0-5
152 [23198385039040] INFO perfrun.perfcollector <> - format: filter_nid config1:32-47 mask:32-47
152 [23198385039040] INFO perfrun.perfcollector <> - format: filter_nc config1:62 mask:62
152 [23198385039040] INFO perfrun.perfcollector <> - format: umask config:8-15 mask:8-15
152 [23198385039040] INFO perfrun.perfcollector <> - format: tid_en config:19 mask:19
153 [23198385039040] INFO perfrun.perfcollector <> - format: thresh config:24-31 mask:24-31
153 [23198385039040] INFO perfrun.perfcollector <> - format: filter_state config1:17-23 mask:17-23
153 [23198385039040] INFO perfrun.perfcollector <> - format: filter_opc config1:52-60 mask:52-60
153 [23198385039040] INFO perfrun.perfcollector <> - hwInfo: PERF_CBOX_PMU_DETAILS
153 [23198385039040] INFO perfrun.perfcollector <> - pmu added: family: uncore_cbox, id: 7
153 [23198385039040] INFO perfrun.perfcollector <> - dir found: /sys/bus/event_source/devices/uncore_cbox_12
153 [23198385039040] INFO perfrun.perfcollector <> - format: event config:0-7 mask:0-7
154 [23198385039040] INFO perfrun.perfcollector <> - format: filter_link config1:6-8 mask:6-8
154 [23198385039040] INFO perfrun.perfcollector <> - format: filter_c6 config1:61 mask:61
154 [23198385039040] INFO perfrun.perfcollector <> - format: edge config:18 mask:18
154 [23198385039040] INFO perfrun.perfcollector <> - format: filter_isoc config1:63 mask:63
154 [23198385039040] INFO perfrun.perfcollector <> - format: filter_tid config1:0-5 mask:0-5
154 [23198385039040] INFO perfrun.perfcollector <> - format: filter_nid config1:32-47 mask:32-47
154 [23198385039040] INFO perfrun.perfcollector <> - format: filter_nc config1:62 mask:62
154 [23198385039040] INFO perfrun.perfcollector <> - format: umask config:8-15 mask:8-15
154 [23198385039040] INFO perfrun.perfcollector <> - format: tid_en config:19 mask:19
155 [23198385039040] INFO perfrun.perfcollector <> - format: thresh config:24-31 mask:24-31
155 [23198385039040] INFO perfrun.perfcollector <> - format: filter_state config1:17-23 mask:17-23
155 [23198385039040] INFO perfrun.perfcollector <> - format: filter_opc config1:52-60 mask:52-60
155 [23198385039040] INFO perfrun.perfcollector <> - hwInfo: PERF_CBOX_PMU_DETAILS
155 [23198385039040] INFO perfrun.perfcollector <> - pmu added: family: uncore_cbox, id: 12
155 [23198385039040] INFO perfrun.perfcollector <> - dir found: /sys/bus/event_source/devices/kprobe
155 [23198385039040] INFO perfrun.perfcollector <> - format: retprobe config:0 mask:0
155 [23198385039040] INFO perfrun.perfcollector <> - hwInfo: not set, pmuFam: kprobe
155 [23198385039040] INFO perfrun.perfcollector <> - pmu added: family: kprobe, id: 0
155 [23198385039040] INFO perfrun.perfcollector <> - dir found: /sys/bus/event_source/devices/uncore_qpi_0
156 [23198385039040] INFO perfrun.perfcollector <> - format: mask_rnid4 config2:31 mask:31
156 [23198385039040] INFO perfrun.perfcollector <> - format: mask_rnid30 config2:32-35 mask:32-35
156 [23198385039040] INFO perfrun.perfcollector <> - format: match_rnid30 config1:32-35 mask:32-35
156 [23198385039040] INFO perfrun.perfcollector <> - format: event config:0-7,21 mask:0-7,21
156 [23198385039040] INFO perfrun.perfcollector <> - format: match0 config1:0-31 mask:0-31
156 [23198385039040] INFO perfrun.perfcollector <> - format: match_rds config1:48-51 mask:48-51
156 [23198385039040] INFO perfrun.perfcollector <> - format: mask_rds config2:48-51 mask:48-51
156 [23198385039040] INFO perfrun.perfcollector <> - format: edge config:18 mask:18
156 [23198385039040] INFO perfrun.perfcollector <> - format: mask1 config2:32-63 mask:32-63
157 [23198385039040] INFO perfrun.perfcollector <> - format: match_dnid config1:13-17 mask:13-17
157 [23198385039040] INFO perfrun.perfcollector <> - format: mask_dnid config2:13-17 mask:13-17
157 [23198385039040] INFO perfrun.perfcollector <> - format: match_vnw config1:3-4 mask:3-4
157 [23198385039040] INFO perfrun.perfcollector <> - format: mask_vnw config2:3-4 mask:3-4
157 [23198385039040] INFO perfrun.perfcollector <> - format: mask_mc config2:9-12 mask:9-12
157 [23198385039040] INFO perfrun.perfcollector <> - format: match1 config1:32-63 mask:32-63
157 [23198385039040] INFO perfrun.perfcollector <> - format: inv config:23 mask:23
157 [23198385039040] INFO perfrun.perfcollector <> - format: umask config:8-15 mask:8-15
157 [23198385039040] INFO perfrun.perfcollector <> - format: match_opc config1:5-8 mask:5-8
157 [23198385039040] INFO perfrun.perfcollector <> - format: mask_opc config2:5-8 mask:5-8
158 [23198385039040] INFO perfrun.perfcollector <> - format: thresh config:24-31 mask:24-31
158 [23198385039040] INFO perfrun.perfcollector <> - format: match_rnid4 config1:31 mask:31
158 [23198385039040] INFO perfrun.perfcollector <> - format: mask0 config2:0-31 mask:0-31
158 [23198385039040] INFO perfrun.perfcollector <> - format: match_mc config1:9-12 mask:9-12
158 [23198385039040] INFO perfrun.perfcollector <> - hwInfo: PERF_QPI_PMU_DETAILS
158 [23198385039040] INFO perfrun.perfcollector <> - pmu added: family: uncore_qpi, id: 0
158 [23198385039040] INFO perfrun.perfcollector <> - dir found: /sys/bus/event_source/devices/uncore_cbox_5
158 [23198385039040] INFO perfrun.perfcollector <> - format: event config:0-7 mask:0-7
159 [23198385039040] INFO perfrun.perfcollector <> - format: filter_link config1:6-8 mask:6-8
159 [23198385039040] INFO perfrun.perfcollector <> - format: filter_c6 config1:61 mask:61
159 [23198385039040] INFO perfrun.perfcollector <> - format: edge config:18 mask:18
159 [23198385039040] INFO perfrun.perfcollector <> - format: filter_isoc config1:63 mask:63
159 [23198385039040] INFO perfrun.perfcollector <> - format: filter_tid config1:0-5 mask:0-5
159 [23198385039040] INFO perfrun.perfcollector <> - format: filter_nid config1:32-47 mask:32-47
159 [23198385039040] INFO perfrun.perfcollector <> - format: filter_nc config1:62 mask:62
159 [23198385039040] INFO perfrun.perfcollector <> - format: umask config:8-15 mask:8-15
159 [23198385039040] INFO perfrun.perfcollector <> - format: tid_en config:19 mask:19
160 [23198385039040] INFO perfrun.perfcollector <> - format: thresh config:24-31 mask:24-31
160 [23198385039040] INFO perfrun.perfcollector <> - format: filter_state config1:17-23 mask:17-23
160 [23198385039040] INFO perfrun.perfcollector <> - format: filter_opc config1:52-60 mask:52-60
160 [23198385039040] INFO perfrun.perfcollector <> - hwInfo: PERF_CBOX_PMU_DETAILS
160 [23198385039040] INFO perfrun.perfcollector <> - pmu added: family: uncore_cbox, id: 5
160 [23198385039040] INFO perfrun.perfcollector <> - dir found: /sys/bus/event_source/devices/uncore_imc_0
160 [23198385039040] INFO perfrun.perfcollector <> - format: event config:0-7 mask:0-7
160 [23198385039040] INFO perfrun.perfcollector <> - format: edge config:18 mask:18
161 [23198385039040] INFO perfrun.perfcollector <> - format: inv config:23 mask:23
161 [23198385039040] INFO perfrun.perfcollector <> - format: umask config:8-15 mask:8-15
161 [23198385039040] INFO perfrun.perfcollector <> - format: thresh config:24-31 mask:24-31
161 [23198385039040] INFO perfrun.perfcollector <> - hwInfo: PERF_IMC_PMU_DETAILS
161 [23198385039040] INFO perfrun.perfcollector <> - pmu added: family: uncore_imc, id: 0
161 [23198385039040] INFO perfrun.perfcollector <> - dir found: /sys/bus/event_source/devices/uncore_cbox_10
161 [23198385039040] INFO perfrun.perfcollector <> - format: event config:0-7 mask:0-7
161 [23198385039040] INFO perfrun.perfcollector <> - format: filter_link config1:6-8 mask:6-8
162 [23198385039040] INFO perfrun.perfcollector <> - format: filter_c6 config1:61 mask:61
162 [23198385039040] INFO perfrun.perfcollector <> - format: edge config:18 mask:18
162 [23198385039040] INFO perfrun.perfcollector <> - format: filter_isoc config1:63 mask:63
162 [23198385039040] INFO perfrun.perfcollector <> - format: filter_tid config1:0-5 mask:0-5
162 [23198385039040] INFO perfrun.perfcollector <> - format: filter_nid config1:32-47 mask:32-47
162 [23198385039040] INFO perfrun.perfcollector <> - format: filter_nc config1:62 mask:62
162 [23198385039040] INFO perfrun.perfcollector <> - format: umask config:8-15 mask:8-15
162 [23198385039040] INFO perfrun.perfcollector <> - format: tid_en config:19 mask:19
163 [23198385039040] INFO perfrun.perfcollector <> - format: thresh config:24-31 mask:24-31
163 [23198385039040] INFO perfrun.perfcollector <> - format: filter_state config1:17-23 mask:17-23
163 [23198385039040] INFO perfrun.perfcollector <> - format: filter_opc config1:52-60 mask:52-60
163 [23198385039040] INFO perfrun.perfcollector <> - hwInfo: PERF_CBOX_PMU_DETAILS
163 [23198385039040] INFO perfrun.perfcollector <> - pmu added: family: uncore_cbox, id: 10
163 [23198385039040] INFO perfrun.perfcollector <> - dir found: /sys/bus/event_source/devices/uncore_pcu
163 [23198385039040] INFO perfrun.perfcollector <> - format: filter_band2 config1:16-23 mask:16-23
164 [23198385039040] INFO perfrun.perfcollector <> - format: event config:0-7 mask:0-7
164 [23198385039040] INFO perfrun.perfcollector <> - format: filter_band0 config1:0-7 mask:0-7
164 [23198385039040] INFO perfrun.perfcollector <> - format: edge config:18 mask:18
164 [23198385039040] INFO perfrun.perfcollector <> - format: occ_invert config:30 mask:30
164 [23198385039040] INFO perfrun.perfcollector <> - format: occ_edge config:14-51 mask:14-51
164 [23198385039040] INFO perfrun.perfcollector <> - format: filter_band3 config1:24-31 mask:24-31
164 [23198385039040] INFO perfrun.perfcollector <> - format: filter_band1 config1:8-15 mask:8-15
164 [23198385039040] INFO perfrun.perfcollector <> - format: inv config:23 mask:23
165 [23198385039040] INFO perfrun.perfcollector <> - format: thresh config:24-28 mask:24-28
165 [23198385039040] INFO perfrun.perfcollector <> - format: occ_sel config:14-15 mask:14-15
165 [23198385039040] INFO perfrun.perfcollector <> - hwInfo: not set, pmuFam: uncore_pcu
165 [23198385039040] INFO perfrun.perfcollector <> - pmu added: family: uncore_pcu, id: 0
165 [23198385039040] INFO perfrun.perfcollector <> - dir found: /sys/bus/event_source/devices/uncore_r3qpi_1
165 [23198385039040] INFO perfrun.perfcollector <> - format: event config:0-7 mask:0-7
165 [23198385039040] INFO perfrun.perfcollector <> - format: edge config:18 mask:18
165 [23198385039040] INFO perfrun.perfcollector <> - format: inv config:23 mask:23
166 [23198385039040] INFO perfrun.perfcollector <> - format: umask config:8-15 mask:8-15
166 [23198385039040] INFO perfrun.perfcollector <> - format: thresh config:24-31 mask:24-31
166 [23198385039040] INFO perfrun.perfcollector <> - hwInfo: not set, pmuFam: uncore_r3qpi
166 [23198385039040] INFO perfrun.perfcollector <> - pmu added: family: uncore_r3qpi, id: 1
166 [23198385039040] INFO perfrun.perfcollector <> - dir found: /sys/bus/event_source/devices/msr
166 [23198385039040] INFO perfrun.perfcollector <> - format: event config:0-63 mask:0-63
166 [23198385039040] INFO perfrun.perfcollector <> - hwInfo: not set, pmuFam: msr
166 [23198385039040] INFO perfrun.perfcollector <> - pmu added: family: msr, id: 0
166 [23198385039040] INFO perfrun.perfcollector <> - dir found: /sys/bus/event_source/devices/uncore_cbox_3
167 [23198385039040] INFO perfrun.perfcollector <> - format: event config:0-7 mask:0-7
167 [23198385039040] INFO perfrun.perfcollector <> - format: filter_link config1:6-8 mask:6-8
167 [23198385039040] INFO perfrun.perfcollector <> - format: filter_c6 config1:61 mask:61
167 [23198385039040] INFO perfrun.perfcollector <> - format: edge config:18 mask:18
167 [23198385039040] INFO perfrun.perfcollector <> - format: filter_isoc config1:63 mask:63
167 [23198385039040] INFO perfrun.perfcollector <> - format: filter_tid config1:0-5 mask:0-5
167 [23198385039040] INFO perfrun.perfcollector <> - format: filter_nid config1:32-47 mask:32-47
167 [23198385039040] INFO perfrun.perfcollector <> - format: filter_nc config1:62 mask:62
168 [23198385039040] INFO perfrun.perfcollector <> - format: umask config:8-15 mask:8-15
168 [23198385039040] INFO perfrun.perfcollector <> - format: tid_en config:19 mask:19
168 [23198385039040] INFO perfrun.perfcollector <> - format: thresh config:24-31 mask:24-31
168 [23198385039040] INFO perfrun.perfcollector <> - format: filter_state config1:17-23 mask:17-23
168 [23198385039040] INFO perfrun.perfcollector <> - format: filter_opc config1:52-60 mask:52-60
168 [23198385039040] INFO perfrun.perfcollector <> - hwInfo: PERF_CBOX_PMU_DETAILS
168 [23198385039040] INFO perfrun.perfcollector <> - pmu added: family: uncore_cbox, id: 3
168 [23198385039040] INFO perfrun.perfcollector <> - dir found: /sys/bus/event_source/devices/intel_pt
169 [23198385039040] INFO perfrun.perfcollector <> - format: ptw config:12 mask:12
169 [23198385039040] INFO perfrun.perfcollector <> - format: event config:31 mask:31
169 [23198385039040] INFO perfrun.perfcollector <> - format: cyc_thresh config:19-22 mask:19-22
169 [23198385039040] INFO perfrun.perfcollector <> - format: pt config:0 mask:0
169 [23198385039040] INFO perfrun.perfcollector <> - format: notnt config:55 mask:55
169 [23198385039040] INFO perfrun.perfcollector <> - format: branch config:13 mask:13
169 [23198385039040] INFO perfrun.perfcollector <> - format: tsc config:10 mask:10
169 [23198385039040] INFO perfrun.perfcollector <> - format: pwr_evt config:4 mask:4
169 [23198385039040] INFO perfrun.perfcollector <> - format: fup_on_ptw config:5 mask:5
170 [23198385039040] INFO perfrun.perfcollector <> - format: cyc config:1 mask:1
170 [23198385039040] INFO perfrun.perfcollector <> - format: noretcomp config:11 mask:11
170 [23198385039040] INFO perfrun.perfcollector <> - format: mtc config:9 mask:9
170 [23198385039040] INFO perfrun.perfcollector <> - format: psb_period config:24-27 mask:24-27
170 [23198385039040] INFO perfrun.perfcollector <> - format: mtc_period config:14-17 mask:14-17
170 [23198385039040] INFO perfrun.perfcollector <> - hwInfo: not set, pmuFam: intel_pt
170 [23198385039040] INFO perfrun.perfcollector <> - pmu added: family: intel_pt, id: 0
170 [23198385039040] INFO perfrun.perfcollector <> - dir found: /sys/bus/event_source/devices/uncore_ha_1
170 [23198385039040] INFO perfrun.perfcollector <> - format: event config:0-7 mask:0-7
170 [23198385039040] INFO perfrun.perfcollector <> - format: edge config:18 mask:18
170 [23198385039040] INFO perfrun.perfcollector <> - format: inv config:23 mask:23
171 [23198385039040] INFO perfrun.perfcollector <> - format: umask config:8-15 mask:8-15
171 [23198385039040] INFO perfrun.perfcollector <> - format: thresh config:24-31 mask:24-31
171 [23198385039040] INFO perfrun.perfcollector <> - hwInfo: not set, pmuFam: uncore_ha
171 [23198385039040] INFO perfrun.perfcollector <> - pmu added: family: uncore_ha, id: 1
171 [23198385039040] INFO perfrun.perfcollector <> - dir found: /sys/bus/event_source/devices/uncore_cbox_1
171 [23198385039040] INFO perfrun.perfcollector <> - format: event config:0-7 mask:0-7
171 [23198385039040] INFO perfrun.perfcollector <> - format: filter_link config1:6-8 mask:6-8
171 [23198385039040] INFO perfrun.perfcollector <> - format: filter_c6 config1:61 mask:61
171 [23198385039040] INFO perfrun.perfcollector <> - format: edge config:18 mask:18
171 [23198385039040] INFO perfrun.perfcollector <> - format: filter_isoc config1:63 mask:63
172 [23198385039040] INFO perfrun.perfcollector <> - format: filter_tid config1:0-5 mask:0-5
172 [23198385039040] INFO perfrun.perfcollector <> - format: filter_nid config1:32-47 mask:32-47
172 [23198385039040] INFO perfrun.perfcollector <> - format: filter_nc config1:62 mask:62
172 [23198385039040] INFO perfrun.perfcollector <> - format: umask config:8-15 mask:8-15
172 [23198385039040] INFO perfrun.perfcollector <> - format: tid_en config:19 mask:19
172 [23198385039040] INFO perfrun.perfcollector <> - format: thresh config:24-31 mask:24-31
172 [23198385039040] INFO perfrun.perfcollector <> - format: filter_state config1:17-23 mask:17-23
172 [23198385039040] INFO perfrun.perfcollector <> - format: filter_opc config1:52-60 mask:52-60
172 [23198385039040] INFO perfrun.perfcollector <> - hwInfo: PERF_CBOX_PMU_DETAILS
172 [23198385039040] INFO perfrun.perfcollector <> - pmu added: family: uncore_cbox, id: 1
173 [23198385039040] INFO perfrun.sdk <> - runCmd: /opt/intel/oneapi/vtune/2023.1.0/bin64/sep -dry-run -sam 1 -ec CPU_CLK_UNHALTED.THREAD,CPU_CLK_UNHALTED.REF_TSC:sample:sa=2400000,INST_RETIRED.ANY:sample:sa=2400000,CPU_CLK_UNHALTED.REF_XCLK,CPU_CLK_UNHALTED.ONE_THREAD_ACTIVE,FP_ARITH_INST_RETIRED.SCALAR_SINGLE,FP_ARITH_INST_RETIRED.128B_PACKED_SINGLE,FP_ARITH_INST_RETIRED.256B_PACKED_SINGLE,FP_ARITH_INST_RETIRED.SCALAR_DOUBLE,FP_ARITH_INST_RETIRED.128B_PACKED_DOUBLE,FP_ARITH_INST_RETIRED.256B_PACKED_DOUBLE,INST_RETIRED.X87,UOPS_RETIRED.RETIRE_SLOTS:sample:sa=2000003 -experimental
173 [23198385039040] INFO perfrun.sdk <> - runCmd started PID 2284321
217 [23198385039040] INFO perfrun.perfcollector <> - SepDryRun RC = true
221 [23198385039040] INFO perfrun.perfcollector <> - DRY_RUN: "PMU type: Core (core)"
221 [23198385039040] INFO perfrun.perfcollector <> - pmu type: cpu
221 [23198385039040] INFO perfrun.perfcollector <> - DRY_RUN: "Group 0:"
221 [23198385039040] INFO perfrun.perfcollector <> - id: 0
221 [23198385039040] INFO perfrun.perfcollector <> - DRY_RUN: "INST_RETIRED.ANY: event id 2"
221 [23198385039040] INFO perfrun.perfcollector <> - eventName: INST_RETIRED.ANY, eventId: 2
221 [23198385039040] INFO perfrun.perfcollector <> - DRY_RUN: "CPU_CLK_UNHALTED.THREAD: event id 0"
221 [23198385039040] INFO perfrun.perfcollector <> - eventName: CPU_CLK_UNHALTED.THREAD, eventId: 0
221 [23198385039040] INFO perfrun.perfcollector <> - DRY_RUN: "CPU_CLK_UNHALTED.REF_TSC: event id 1"
221 [23198385039040] INFO perfrun.perfcollector <> - eventName: CPU_CLK_UNHALTED.REF_TSC, eventId: 1
221 [23198385039040] INFO perfrun.perfcollector <> - DRY_RUN: "FP_ARITH_INST_RETIRED.SCALAR_SINGLE: event id 5"
221 [23198385039040] INFO perfrun.perfcollector <> - eventName: FP_ARITH_INST_RETIRED.SCALAR_SINGLE, eventId: 5
221 [23198385039040] INFO perfrun.perfcollector <> - DRY_RUN: "FP_ARITH_INST_RETIRED.128B_PACKED_SINGLE: event id 6"
221 [23198385039040] INFO perfrun.perfcollector <> - eventName: FP_ARITH_INST_RETIRED.128B_PACKED_SINGLE, eventId: 6
221 [23198385039040] INFO perfrun.perfcollector <> - DRY_RUN: "FP_ARITH_INST_RETIRED.256B_PACKED_SINGLE: event id 7"
221 [23198385039040] INFO perfrun.perfcollector <> - eventName: FP_ARITH_INST_RETIRED.256B_PACKED_SINGLE, eventId: 7
221 [23198385039040] INFO perfrun.perfcollector <> - DRY_RUN: "FP_ARITH_INST_RETIRED.SCALAR_DOUBLE: event id 8"
221 [23198385039040] INFO perfrun.perfcollector <> - eventName: FP_ARITH_INST_RETIRED.SCALAR_DOUBLE, eventId: 8
221 [23198385039040] INFO perfrun.perfcollector <> - DRY_RUN: "CPU_CLK_UNHALTED.REF_XCLK: event id 3"
221 [23198385039040] INFO perfrun.perfcollector <> - eventName: CPU_CLK_UNHALTED.REF_XCLK, eventId: 3
221 [23198385039040] INFO perfrun.perfcollector <> - DRY_RUN: "CPU_CLK_UNHALTED.ONE_THREAD_ACTIVE: event id 4"
221 [23198385039040] INFO perfrun.perfcollector <> - eventName: CPU_CLK_UNHALTED.ONE_THREAD_ACTIVE, eventId: 4
221 [23198385039040] INFO perfrun.perfcollector <> - DRY_RUN: "INST_RETIRED.X87: event id 11"
221 [23198385039040] INFO perfrun.perfcollector <> - eventName: INST_RETIRED.X87, eventId: 11
221 [23198385039040] INFO perfrun.perfcollector <> - DRY_RUN: "UOPS_RETIRED.RETIRE_SLOTS: event id 12"
221 [23198385039040] INFO perfrun.perfcollector <> - eventName: UOPS_RETIRED.RETIRE_SLOTS, eventId: 12
221 [23198385039040] INFO perfrun.perfcollector <> - DRY_RUN: "CCCR"
221 [23198385039040] INFO perfrun.perfcollector <> - DRY_RUN: "reg_type       = 1	event_id       = g	reg_id         = 38f	reg_value      = 7000000ff"
221 [23198385039040] INFO perfrun.perfcollector <> - eventId: g, skip parsing event_id
221 [23198385039040] INFO perfrun.perfcollector <> - Register was ignored: group_id: 0, reg_type: 1, event_id: 4294967295, reg_id: 38f, reg_value: 7000000ff, pmu_name: cpu
221 [23198385039040] INFO perfrun.perfcollector <> - DRY_RUN: "reg_type       = 1	event_id       = g	reg_id         = 390	reg_value      = 7000000ff"
221 [23198385039040] INFO perfrun.perfcollector <> - eventId: g, skip parsing event_id
221 [23198385039040] INFO perfrun.perfcollector <> - Register was ignored: group_id: 0, reg_type: 1, event_id: 4294967295, reg_id: 390, reg_value: 7000000ff, pmu_name: cpu
221 [23198385039040] INFO perfrun.perfcollector <> - DRY_RUN: "reg_type       = 1	event_id       = g	reg_id         = 3f1	reg_value      = 0"
221 [23198385039040] INFO perfrun.perfcollector <> - eventId: g, skip parsing event_id
221 [23198385039040] INFO perfrun.perfcollector <> - Register was ignored: group_id: 0, reg_type: 1, event_id: 4294967295, reg_id: 3f1, reg_value: 0, pmu_name: cpu
221 [23198385039040] INFO perfrun.perfcollector <> - DRY_RUN: "reg_type       = 1	event_id       = g	reg_id         = 1d9	reg_value      = 1800"
221 [23198385039040] INFO perfrun.perfcollector <> - eventId: g, skip parsing event_id
221 [23198385039040] INFO perfrun.perfcollector <> - Register was ignored: group_id: 0, reg_type: 1, event_id: 4294967295, reg_id: 1d9, reg_value: 1800, pmu_name: cpu
221 [23198385039040] INFO perfrun.perfcollector <> - DRY_RUN: "reg_type       = 1	event_id       = g	reg_id         = 38d	reg_value      = bbb"
221 [23198385039040] INFO perfrun.perfcollector <> - eventId: g, skip parsing event_id
221 [23198385039040] INFO perfrun.perfcollector <> - Register was ignored: group_id: 0, reg_type: 1, event_id: 4294967295, reg_id: 38d, reg_value: bbb, pmu_name: cpu
221 [23198385039040] INFO perfrun.perfcollector <> - DRY_RUN: "reg_type       = 1	event_id       = 5	reg_id         = 186	reg_value      = 5302c7"
221 [23198385039040] INFO perfrun.perfcollector <> - Event selector: group_id: 0, reg_type: 1, event_id: 5, reg_id: 186, reg_value: 5302c7, pmu_name: cpu
221 [23198385039040] INFO perfrun.perfcollector <> - DRY_RUN: "reg_type       = 1	event_id       = 6	reg_id         = 187	reg_value      = 5308c7"
221 [23198385039040] INFO perfrun.perfcollector <> - Event selector: group_id: 0, reg_type: 1, event_id: 6, reg_id: 187, reg_value: 5308c7, pmu_name: cpu
221 [23198385039040] INFO perfrun.perfcollector <> - DRY_RUN: "reg_type       = 1	event_id       = 7	reg_id         = 188	reg_value      = 5320c7"
221 [23198385039040] INFO perfrun.perfcollector <> - Event selector: group_id: 0, reg_type: 1, event_id: 7, reg_id: 188, reg_value: 5320c7, pmu_name: cpu
221 [23198385039040] INFO perfrun.perfcollector <> - DRY_RUN: "reg_type       = 1	event_id       = 8	reg_id         = 189	reg_value      = 5301c7"
221 [23198385039040] INFO perfrun.perfcollector <> - Event selector: group_id: 0, reg_type: 1, event_id: 8, reg_id: 189, reg_value: 5301c7, pmu_name: cpu
221 [23198385039040] INFO perfrun.perfcollector <> - DRY_RUN: "reg_type       = 1	event_id       = 3	reg_id         = 18a	reg_value      = 53013c"
221 [23198385039040] INFO perfrun.perfcollector <> - Event selector: group_id: 0, reg_type: 1, event_id: 3, reg_id: 18a, reg_value: 53013c, pmu_name: cpu
221 [23198385039040] INFO perfrun.perfcollector <> - DRY_RUN: "reg_type       = 1	event_id       = 4	reg_id         = 18b	reg_value      = 53023c"
221 [23198385039040] INFO perfrun.perfcollector <> - Event selector: group_id: 0, reg_type: 1, event_id: 4, reg_id: 18b, reg_value: 53023c, pmu_name: cpu
221 [23198385039040] INFO perfrun.perfcollector <> - DRY_RUN: "reg_type       = 1	event_id       = 11	reg_id         = 18c	reg_value      = 5302c0"
221 [23198385039040] INFO perfrun.perfcollector <> - Event selector: group_id: 0, reg_type: 1, event_id: 11, reg_id: 18c, reg_value: 5302c0, pmu_name: cpu
221 [23198385039040] INFO perfrun.perfcollector <> - DRY_RUN: "reg_type       = 1	event_id       = 12	reg_id         = 18d	reg_value      = 5302c2"
221 [23198385039040] INFO perfrun.perfcollector <> - Event selector: group_id: 0, reg_type: 1, event_id: 12, reg_id: 18d, reg_value: 5302c2, pmu_name: cpu
221 [23198385039040] INFO perfrun.perfcollector <> - DRY_RUN: "ESCR"
221 [23198385039040] INFO perfrun.perfcollector <> - DRY_RUN: "reg_type       = 2	event_id       = g	reg_id         = 1c8	reg_value      = 0"
221 [23198385039040] INFO perfrun.perfcollector <> - eventId: g, skip parsing event_id
221 [23198385039040] INFO perfrun.perfcollector <> - DRY_RUN: "DATA"
221 [23198385039040] INFO perfrun.perfcollector <> - DRY_RUN: "reg_type       = 4	event_id       = 2	reg_id         = 309	reg_value      = ffffffdb6100"
221 [23198385039040] INFO perfrun.perfcollector <> - eventId: 2, dataAddr: 309, dataVal: ffffffdb6100
221 [23198385039040] INFO perfrun.perfcollector <> - DRY_RUN: "reg_type       = 4	event_id       = 0	reg_id         = 30a	reg_value      = ffffffe17b7d"
221 [23198385039040] INFO perfrun.perfcollector <> - eventId: 0, dataAddr: 30a, dataVal: ffffffe17b7d
221 [23198385039040] INFO perfrun.perfcollector <> - DRY_RUN: "reg_type       = 4	event_id       = 1	reg_id         = 30b	reg_value      = ffffffdb6100"
221 [23198385039040] INFO perfrun.perfcollector <> - eventId: 1, dataAddr: 30b, dataVal: ffffffdb6100
221 [23198385039040] INFO perfrun.perfcollector <> - DRY_RUN: "reg_type       = 4	event_id       = 5	reg_id         = c1	reg_value      = ffffffe17b7d"
221 [23198385039040] INFO perfrun.perfcollector <> - eventId: 5, dataAddr: c1, dataVal: ffffffe17b7d
221 [23198385039040] INFO perfrun.perfcollector <> - DRY_RUN: "reg_type       = 4	event_id       = 6	reg_id         = c2	reg_value      = ffffffe17b7d"
221 [23198385039040] INFO perfrun.perfcollector <> - eventId: 6, dataAddr: c2, dataVal: ffffffe17b7d
221 [23198385039040] INFO perfrun.perfcollector <> - DRY_RUN: "reg_type       = 4	event_id       = 7	reg_id         = c3	reg_value      = ffffffe17b7d"
221 [23198385039040] INFO perfrun.perfcollector <> - eventId: 7, dataAddr: c3, dataVal: ffffffe17b7d
221 [23198385039040] INFO perfrun.perfcollector <> - DRY_RUN: "reg_type       = 4	event_id       = 8	reg_id         = c4	reg_value      = ffffffe17b7d"
221 [23198385039040] INFO perfrun.perfcollector <> - eventId: 8, dataAddr: c4, dataVal: ffffffe17b7d
221 [23198385039040] INFO perfrun.perfcollector <> - DRY_RUN: "reg_type       = 4	event_id       = 3	reg_id         = c5	reg_value      = fffffffe795d"
221 [23198385039040] INFO perfrun.perfcollector <> - eventId: 3, dataAddr: c5, dataVal: fffffffe795d
221 [23198385039040] INFO perfrun.perfcollector <> - DRY_RUN: "reg_type       = 4	event_id       = 4	reg_id         = c6	reg_value      = fffffffe795d"
221 [23198385039040] INFO perfrun.perfcollector <> - eventId: 4, dataAddr: c6, dataVal: fffffffe795d
221 [23198385039040] INFO perfrun.perfcollector <> - DRY_RUN: "reg_type       = 4	event_id       = 11	reg_id         = c7	reg_value      = ffffffe17b7d"
221 [23198385039040] INFO perfrun.perfcollector <> - eventId: 11, dataAddr: c7, dataVal: ffffffe17b7d
221 [23198385039040] INFO perfrun.perfcollector <> - DRY_RUN: "reg_type       = 4	event_id       = 12	reg_id         = c8	reg_value      = ffffffe17b7d"
221 [23198385039040] INFO perfrun.perfcollector <> - eventId: 12, dataAddr: c8, dataVal: ffffffe17b7d
221 [23198385039040] INFO perfrun.perfcollector <> - DRY_RUN: "Group 1:"
221 [23198385039040] INFO perfrun.perfcollector <> - id: 1
221 [23198385039040] INFO perfrun.perfcollector <> - DRY_RUN: "INST_RETIRED.ANY: event id 2"
221 [23198385039040] INFO perfrun.perfcollector <> - eventName: INST_RETIRED.ANY, eventId: 2
221 [23198385039040] INFO perfrun.perfcollector <> - DRY_RUN: "CPU_CLK_UNHALTED.THREAD: event id 0"
221 [23198385039040] INFO perfrun.perfcollector <> - eventName: CPU_CLK_UNHALTED.THREAD, eventId: 0
221 [23198385039040] INFO perfrun.perfcollector <> - DRY_RUN: "CPU_CLK_UNHALTED.REF_TSC: event id 1"
221 [23198385039040] INFO perfrun.perfcollector <> - eventName: CPU_CLK_UNHALTED.REF_TSC, eventId: 1
221 [23198385039040] INFO perfrun.perfcollector <> - DRY_RUN: "FP_ARITH_INST_RETIRED.128B_PACKED_DOUBLE: event id 9"
221 [23198385039040] INFO perfrun.perfcollector <> - eventName: FP_ARITH_INST_RETIRED.128B_PACKED_DOUBLE, eventId: 9
221 [23198385039040] INFO perfrun.perfcollector <> - DRY_RUN: "FP_ARITH_INST_RETIRED.256B_PACKED_DOUBLE: event id 10"
221 [23198385039040] INFO perfrun.perfcollector <> - eventName: FP_ARITH_INST_RETIRED.256B_PACKED_DOUBLE, eventId: 10
221 [23198385039040] INFO perfrun.perfcollector <> - DRY_RUN: "CCCR"
221 [23198385039040] INFO perfrun.perfcollector <> - DRY_RUN: "reg_type       = 1	event_id       = g	reg_id         = 38f	reg_value      = 700000003"
221 [23198385039040] INFO perfrun.perfcollector <> - eventId: g, skip parsing event_id
221 [23198385039040] INFO perfrun.perfcollector <> - Register was ignored: group_id: 1, reg_type: 1, event_id: 4294967295, reg_id: 38f, reg_value: 700000003, pmu_name: cpu
221 [23198385039040] INFO perfrun.perfcollector <> - DRY_RUN: "reg_type       = 1	event_id       = g	reg_id         = 390	reg_value      = 700000003"
221 [23198385039040] INFO perfrun.perfcollector <> - eventId: g, skip parsing event_id
221 [23198385039040] INFO perfrun.perfcollector <> - Register was ignored: group_id: 1, reg_type: 1, event_id: 4294967295, reg_id: 390, reg_value: 700000003, pmu_name: cpu
221 [23198385039040] INFO perfrun.perfcollector <> - DRY_RUN: "reg_type       = 1	event_id       = g	reg_id         = 3f1	reg_value      = 0"
221 [23198385039040] INFO perfrun.perfcollector <> - eventId: g, skip parsing event_id
221 [23198385039040] INFO perfrun.perfcollector <> - Register was ignored: group_id: 1, reg_type: 1, event_id: 4294967295, reg_id: 3f1, reg_value: 0, pmu_name: cpu
221 [23198385039040] INFO perfrun.perfcollector <> - DRY_RUN: "reg_type       = 1	event_id       = g	reg_id         = 1d9	reg_value      = 1800"
221 [23198385039040] INFO perfrun.perfcollector <> - eventId: g, skip parsing event_id
221 [23198385039040] INFO perfrun.perfcollector <> - Register was ignored: group_id: 1, reg_type: 1, event_id: 4294967295, reg_id: 1d9, reg_value: 1800, pmu_name: cpu
221 [23198385039040] INFO perfrun.perfcollector <> - DRY_RUN: "reg_type       = 1	event_id       = g	reg_id         = 38d	reg_value      = bbb"
221 [23198385039040] INFO perfrun.perfcollector <> - eventId: g, skip parsing event_id
221 [23198385039040] INFO perfrun.perfcollector <> - Register was ignored: group_id: 1, reg_type: 1, event_id: 4294967295, reg_id: 38d, reg_value: bbb, pmu_name: cpu
221 [23198385039040] INFO perfrun.perfcollector <> - DRY_RUN: "reg_type       = 1	event_id       = 9	reg_id         = 186	reg_value      = 5304c7"
221 [23198385039040] INFO perfrun.perfcollector <> - Event selector: group_id: 1, reg_type: 1, event_id: 9, reg_id: 186, reg_value: 5304c7, pmu_name: cpu
221 [23198385039040] INFO perfrun.perfcollector <> - DRY_RUN: "reg_type       = 1	event_id       = 10	reg_id         = 187	reg_value      = 5310c7"
221 [23198385039040] INFO perfrun.perfcollector <> - Event selector: group_id: 1, reg_type: 1, event_id: 10, reg_id: 187, reg_value: 5310c7, pmu_name: cpu
221 [23198385039040] INFO perfrun.perfcollector <> - DRY_RUN: "ESCR"
221 [23198385039040] INFO perfrun.perfcollector <> - DRY_RUN: "reg_type       = 2	event_id       = g	reg_id         = 1c8	reg_value      = 0"
221 [23198385039040] INFO perfrun.perfcollector <> - eventId: g, skip parsing event_id
221 [23198385039040] INFO perfrun.perfcollector <> - DRY_RUN: "DATA"
221 [23198385039040] INFO perfrun.perfcollector <> - DRY_RUN: "reg_type       = 4	event_id       = 2	reg_id         = 309	reg_value      = ffffffdb6100"
221 [23198385039040] INFO perfrun.perfcollector <> - eventId: 2, dataAddr: 309, dataVal: ffffffdb6100
221 [23198385039040] INFO perfrun.perfcollector <> - DRY_RUN: "reg_type       = 4	event_id       = 0	reg_id         = 30a	reg_value      = ffffffe17b7d"
221 [23198385039040] INFO perfrun.perfcollector <> - eventId: 0, dataAddr: 30a, dataVal: ffffffe17b7d
221 [23198385039040] INFO perfrun.perfcollector <> - DRY_RUN: "reg_type       = 4	event_id       = 1	reg_id         = 30b	reg_value      = ffffffdb6100"
221 [23198385039040] INFO perfrun.perfcollector <> - eventId: 1, dataAddr: 30b, dataVal: ffffffdb6100
221 [23198385039040] INFO perfrun.perfcollector <> - DRY_RUN: "reg_type       = 4	event_id       = 9	reg_id         = c1	reg_value      = ffffffe17b7d"
221 [23198385039040] INFO perfrun.perfcollector <> - eventId: 9, dataAddr: c1, dataVal: ffffffe17b7d
221 [23198385039040] INFO perfrun.perfcollector <> - DRY_RUN: "reg_type       = 4	event_id       = 10	reg_id         = c2	reg_value      = ffffffe17b7d"
221 [23198385039040] INFO perfrun.perfcollector <> - eventId: 10, dataAddr: c2, dataVal: ffffffe17b7d
221 [23198385039040] INFO perfrun.perfcollector <> - event name: CPU_CLK_UNHALTED.THREAD
221 [23198385039040] INFO perfrun.perfcollector <> - pmu config: cpu
221 [23198385039040] INFO perfrun.perfcollector <> - cccrAddr: ffffffff, cccrValue: 0
221 [23198385039040] INFO perfrun.perfcollector <> - dataAddr: 30a, dataValue: ffffffffffe17b7d
221 [23198385039040] INFO perfrun.perfcollector <> - escrAddr: ffffffff, escrValue: 0
221 [23198385039040] INFO perfrun.perfcollector <> - extendedPebsValue: 0
221 [23198385039040] INFO perfrun.perfcollector <> - adaptivePebsAvailable: 0
221 [23198385039040] INFO perfrun.perfcollector <> - config: event: 3c
221 [23198385039040] INFO perfrun.perfcollector <> - config: pc: 0
221 [23198385039040] INFO perfrun.perfcollector <> - config: in_tx: 0
221 [23198385039040] INFO perfrun.perfcollector <> - config: edge: 0
221 [23198385039040] INFO perfrun.perfcollector <> - config: any: 0
221 [23198385039040] INFO perfrun.perfcollector <> - config1: offcore_rsp: 0
221 [23198385039040] INFO perfrun.perfcollector <> - config: in_tx_cp: 0
221 [23198385039040] INFO perfrun.perfcollector <> - config1: ldlat: 0
221 [23198385039040] INFO perfrun.perfcollector <> - config: inv: 0
221 [23198385039040] INFO perfrun.perfcollector <> - config: umask: 0
221 [23198385039040] INFO perfrun.perfcollector <> - config: cmask: 0
221 [23198385039040] INFO perfrun.perfcollector <> - format: cpu/event=0x3c,name='CPU_CLK_UNHALTED.THREAD'/D
221 [23198385039040] INFO perfrun.perfcollector <> - event name: CPU_CLK_UNHALTED.REF_TSC
221 [23198385039040] INFO perfrun.perfcollector <> - pmu config: cpu
221 [23198385039040] INFO perfrun.perfcollector <> - cccrAddr: ffffffff, cccrValue: 0
221 [23198385039040] INFO perfrun.perfcollector <> - dataAddr: 30b, dataValue: ffffffffffdb6100
221 [23198385039040] INFO perfrun.perfcollector <> - escrAddr: ffffffff, escrValue: 0
221 [23198385039040] INFO perfrun.perfcollector <> - extendedPebsValue: 0
221 [23198385039040] INFO perfrun.perfcollector <> - adaptivePebsAvailable: 0
221 [23198385039040] INFO perfrun.perfcollector <> - config: event: 0
221 [23198385039040] INFO perfrun.perfcollector <> - config: pc: 0
221 [23198385039040] INFO perfrun.perfcollector <> - config: in_tx: 0
221 [23198385039040] INFO perfrun.perfcollector <> - config: edge: 0
221 [23198385039040] INFO perfrun.perfcollector <> - config: any: 0
221 [23198385039040] INFO perfrun.perfcollector <> - config1: offcore_rsp: 0
221 [23198385039040] INFO perfrun.perfcollector <> - config: in_tx_cp: 0
221 [23198385039040] INFO perfrun.perfcollector <> - config1: ldlat: 0
221 [23198385039040] INFO perfrun.perfcollector <> - config: inv: 0
221 [23198385039040] INFO perfrun.perfcollector <> - config: umask: 3
221 [23198385039040] INFO perfrun.perfcollector <> - config: cmask: 0
221 [23198385039040] INFO perfrun.perfcollector <> - format: cpu/umask=0x3,name='CPU_CLK_UNHALTED.REF_TSC'/D
221 [23198385039040] INFO perfrun.perfcollector <> - event name: INST_RETIRED.ANY
221 [23198385039040] INFO perfrun.perfcollector <> - pmu config: cpu
221 [23198385039040] INFO perfrun.perfcollector <> - cccrAddr: ffffffff, cccrValue: 0
221 [23198385039040] INFO perfrun.perfcollector <> - dataAddr: 309, dataValue: ffffffffffdb6100
222 [23198385039040] INFO perfrun.perfcollector <> - escrAddr: ffffffff, escrValue: 0
222 [23198385039040] INFO perfrun.perfcollector <> - extendedPebsValue: 0
222 [23198385039040] INFO perfrun.perfcollector <> - adaptivePebsAvailable: 0
222 [23198385039040] INFO perfrun.perfcollector <> - config: event: c0
222 [23198385039040] INFO perfrun.perfcollector <> - config: pc: 0
222 [23198385039040] INFO perfrun.perfcollector <> - config: in_tx: 0
222 [23198385039040] INFO perfrun.perfcollector <> - config: edge: 0
222 [23198385039040] INFO perfrun.perfcollector <> - config: any: 0
222 [23198385039040] INFO perfrun.perfcollector <> - config1: offcore_rsp: 0
222 [23198385039040] INFO perfrun.perfcollector <> - config: in_tx_cp: 0
222 [23198385039040] INFO perfrun.perfcollector <> - config1: ldlat: 0
222 [23198385039040] INFO perfrun.perfcollector <> - config: inv: 0
222 [23198385039040] INFO perfrun.perfcollector <> - config: umask: 0
222 [23198385039040] INFO perfrun.perfcollector <> - config: cmask: 0
222 [23198385039040] INFO perfrun.perfcollector <> - format: cpu/event=0xc0,name='INST_RETIRED.ANY'/D
222 [23198385039040] INFO perfrun.perfcollector <> - event name: CPU_CLK_UNHALTED.REF_XCLK
222 [23198385039040] INFO perfrun.perfcollector <> - pmu config: cpu
222 [23198385039040] INFO perfrun.perfcollector <> - cccrAddr: 18a, cccrValue: 53013c
222 [23198385039040] INFO perfrun.perfcollector <> - dataAddr: c5, dataValue: fffffffffffe795d
222 [23198385039040] INFO perfrun.perfcollector <> - escrAddr: ffffffff, escrValue: 0
222 [23198385039040] INFO perfrun.perfcollector <> - extendedPebsValue: 0
222 [23198385039040] INFO perfrun.perfcollector <> - adaptivePebsAvailable: 0
222 [23198385039040] INFO perfrun.perfcollector <> - config: event: 3c
222 [23198385039040] INFO perfrun.perfcollector <> - config: pc: 0
222 [23198385039040] INFO perfrun.perfcollector <> - config: in_tx: 0
222 [23198385039040] INFO perfrun.perfcollector <> - config: edge: 0
222 [23198385039040] INFO perfrun.perfcollector <> - config: any: 0
222 [23198385039040] INFO perfrun.perfcollector <> - config1: offcore_rsp: 0
222 [23198385039040] INFO perfrun.perfcollector <> - config: in_tx_cp: 0
222 [23198385039040] INFO perfrun.perfcollector <> - config1: ldlat: 0
222 [23198385039040] INFO perfrun.perfcollector <> - config: inv: 0
222 [23198385039040] INFO perfrun.perfcollector <> - config: umask: 1
222 [23198385039040] INFO perfrun.perfcollector <> - config: cmask: 0
222 [23198385039040] INFO perfrun.perfcollector <> - format: cpu/event=0x3c,umask=0x1,name='CPU_CLK_UNHALTED.REF_XCLK'/
222 [23198385039040] INFO perfrun.perfcollector <> - event name: CPU_CLK_UNHALTED.ONE_THREAD_ACTIVE
222 [23198385039040] INFO perfrun.perfcollector <> - pmu config: cpu
222 [23198385039040] INFO perfrun.perfcollector <> - cccrAddr: 18b, cccrValue: 53023c
222 [23198385039040] INFO perfrun.perfcollector <> - dataAddr: c6, dataValue: fffffffffffe795d
222 [23198385039040] INFO perfrun.perfcollector <> - escrAddr: ffffffff, escrValue: 0
222 [23198385039040] INFO perfrun.perfcollector <> - extendedPebsValue: 0
222 [23198385039040] INFO perfrun.perfcollector <> - adaptivePebsAvailable: 0
222 [23198385039040] INFO perfrun.perfcollector <> - config: event: 3c
222 [23198385039040] INFO perfrun.perfcollector <> - config: pc: 0
222 [23198385039040] INFO perfrun.perfcollector <> - config: in_tx: 0
222 [23198385039040] INFO perfrun.perfcollector <> - config: edge: 0
222 [23198385039040] INFO perfrun.perfcollector <> - config: any: 0
222 [23198385039040] INFO perfrun.perfcollector <> - config1: offcore_rsp: 0
222 [23198385039040] INFO perfrun.perfcollector <> - config: in_tx_cp: 0
222 [23198385039040] INFO perfrun.perfcollector <> - config1: ldlat: 0
222 [23198385039040] INFO perfrun.perfcollector <> - config: inv: 0
222 [23198385039040] INFO perfrun.perfcollector <> - config: umask: 2
222 [23198385039040] INFO perfrun.perfcollector <> - config: cmask: 0
222 [23198385039040] INFO perfrun.perfcollector <> - format: cpu/event=0x3c,umask=0x2,name='CPU_CLK_UNHALTED.ONE_THREAD_ACTIVE'/
222 [23198385039040] INFO perfrun.perfcollector <> - event name: FP_ARITH_INST_RETIRED.SCALAR_SINGLE
222 [23198385039040] INFO perfrun.perfcollector <> - pmu config: cpu
222 [23198385039040] INFO perfrun.perfcollector <> - cccrAddr: 186, cccrValue: 5302c7
222 [23198385039040] INFO perfrun.perfcollector <> - dataAddr: c1, dataValue: ffffffffffe17b7d
222 [23198385039040] INFO perfrun.perfcollector <> - escrAddr: ffffffff, escrValue: 0
222 [23198385039040] INFO perfrun.perfcollector <> - extendedPebsValue: 0
222 [23198385039040] INFO perfrun.perfcollector <> - adaptivePebsAvailable: 0
222 [23198385039040] INFO perfrun.perfcollector <> - config: event: c7
222 [23198385039040] INFO perfrun.perfcollector <> - config: pc: 0
222 [23198385039040] INFO perfrun.perfcollector <> - config: in_tx: 0
222 [23198385039040] INFO perfrun.perfcollector <> - config: edge: 0
222 [23198385039040] INFO perfrun.perfcollector <> - config: any: 0
222 [23198385039040] INFO perfrun.perfcollector <> - config1: offcore_rsp: 0
222 [23198385039040] INFO perfrun.perfcollector <> - config: in_tx_cp: 0
222 [23198385039040] INFO perfrun.perfcollector <> - config1: ldlat: 0
222 [23198385039040] INFO perfrun.perfcollector <> - config: inv: 0
222 [23198385039040] INFO perfrun.perfcollector <> - config: umask: 2
222 [23198385039040] INFO perfrun.perfcollector <> - config: cmask: 0
222 [23198385039040] INFO perfrun.perfcollector <> - format: cpu/event=0xc7,umask=0x2,name='FP_ARITH_INST_RETIRED.SCALAR_SINGLE'/
222 [23198385039040] INFO perfrun.perfcollector <> - event name: FP_ARITH_INST_RETIRED.128B_PACKED_SINGLE
222 [23198385039040] INFO perfrun.perfcollector <> - pmu config: cpu
222 [23198385039040] INFO perfrun.perfcollector <> - cccrAddr: 187, cccrValue: 5308c7
222 [23198385039040] INFO perfrun.perfcollector <> - dataAddr: c2, dataValue: ffffffffffe17b7d
222 [23198385039040] INFO perfrun.perfcollector <> - escrAddr: ffffffff, escrValue: 0
222 [23198385039040] INFO perfrun.perfcollector <> - extendedPebsValue: 0
222 [23198385039040] INFO perfrun.perfcollector <> - adaptivePebsAvailable: 0
222 [23198385039040] INFO perfrun.perfcollector <> - config: event: c7
222 [23198385039040] INFO perfrun.perfcollector <> - config: pc: 0
222 [23198385039040] INFO perfrun.perfcollector <> - config: in_tx: 0
222 [23198385039040] INFO perfrun.perfcollector <> - config: edge: 0
222 [23198385039040] INFO perfrun.perfcollector <> - config: any: 0
222 [23198385039040] INFO perfrun.perfcollector <> - config1: offcore_rsp: 0
222 [23198385039040] INFO perfrun.perfcollector <> - config: in_tx_cp: 0
222 [23198385039040] INFO perfrun.perfcollector <> - config1: ldlat: 0
222 [23198385039040] INFO perfrun.perfcollector <> - config: inv: 0
222 [23198385039040] INFO perfrun.perfcollector <> - config: umask: 8
222 [23198385039040] INFO perfrun.perfcollector <> - config: cmask: 0
222 [23198385039040] INFO perfrun.perfcollector <> - format: cpu/event=0xc7,umask=0x8,name='FP_ARITH_INST_RETIRED.128B_PACKED_SINGLE'/
222 [23198385039040] INFO perfrun.perfcollector <> - event name: FP_ARITH_INST_RETIRED.256B_PACKED_SINGLE
222 [23198385039040] INFO perfrun.perfcollector <> - pmu config: cpu
222 [23198385039040] INFO perfrun.perfcollector <> - cccrAddr: 188, cccrValue: 5320c7
222 [23198385039040] INFO perfrun.perfcollector <> - dataAddr: c3, dataValue: ffffffffffe17b7d
222 [23198385039040] INFO perfrun.perfcollector <> - escrAddr: ffffffff, escrValue: 0
222 [23198385039040] INFO perfrun.perfcollector <> - extendedPebsValue: 0
222 [23198385039040] INFO perfrun.perfcollector <> - adaptivePebsAvailable: 0
222 [23198385039040] INFO perfrun.perfcollector <> - config: event: c7
222 [23198385039040] INFO perfrun.perfcollector <> - config: pc: 0
222 [23198385039040] INFO perfrun.perfcollector <> - config: in_tx: 0
222 [23198385039040] INFO perfrun.perfcollector <> - config: edge: 0
222 [23198385039040] INFO perfrun.perfcollector <> - config: any: 0
222 [23198385039040] INFO perfrun.perfcollector <> - config1: offcore_rsp: 0
222 [23198385039040] INFO perfrun.perfcollector <> - config: in_tx_cp: 0
222 [23198385039040] INFO perfrun.perfcollector <> - config1: ldlat: 0
222 [23198385039040] INFO perfrun.perfcollector <> - config: inv: 0
222 [23198385039040] INFO perfrun.perfcollector <> - config: umask: 20
222 [23198385039040] INFO perfrun.perfcollector <> - config: cmask: 0
222 [23198385039040] INFO perfrun.perfcollector <> - format: cpu/event=0xc7,umask=0x20,name='FP_ARITH_INST_RETIRED.256B_PACKED_SINGLE'/
222 [23198385039040] INFO perfrun.perfcollector <> - event name: FP_ARITH_INST_RETIRED.SCALAR_DOUBLE
222 [23198385039040] INFO perfrun.perfcollector <> - pmu config: cpu
222 [23198385039040] INFO perfrun.perfcollector <> - cccrAddr: 189, cccrValue: 5301c7
222 [23198385039040] INFO perfrun.perfcollector <> - dataAddr: c4, dataValue: ffffffffffe17b7d
222 [23198385039040] INFO perfrun.perfcollector <> - escrAddr: ffffffff, escrValue: 0
222 [23198385039040] INFO perfrun.perfcollector <> - extendedPebsValue: 0
222 [23198385039040] INFO perfrun.perfcollector <> - adaptivePebsAvailable: 0
222 [23198385039040] INFO perfrun.perfcollector <> - config: event: c7
222 [23198385039040] INFO perfrun.perfcollector <> - config: pc: 0
222 [23198385039040] INFO perfrun.perfcollector <> - config: in_tx: 0
222 [23198385039040] INFO perfrun.perfcollector <> - config: edge: 0
222 [23198385039040] INFO perfrun.perfcollector <> - config: any: 0
222 [23198385039040] INFO perfrun.perfcollector <> - config1: offcore_rsp: 0
222 [23198385039040] INFO perfrun.perfcollector <> - config: in_tx_cp: 0
222 [23198385039040] INFO perfrun.perfcollector <> - config1: ldlat: 0
222 [23198385039040] INFO perfrun.perfcollector <> - config: inv: 0
222 [23198385039040] INFO perfrun.perfcollector <> - config: umask: 1
222 [23198385039040] INFO perfrun.perfcollector <> - config: cmask: 0
222 [23198385039040] INFO perfrun.perfcollector <> - format: cpu/event=0xc7,umask=0x1,name='FP_ARITH_INST_RETIRED.SCALAR_DOUBLE'/
222 [23198385039040] INFO perfrun.perfcollector <> - event name: FP_ARITH_INST_RETIRED.128B_PACKED_DOUBLE
222 [23198385039040] INFO perfrun.perfcollector <> - pmu config: cpu
222 [23198385039040] INFO perfrun.perfcollector <> - cccrAddr: 186, cccrValue: 5304c7
222 [23198385039040] INFO perfrun.perfcollector <> - dataAddr: c1, dataValue: ffffffffffe17b7d
222 [23198385039040] INFO perfrun.perfcollector <> - escrAddr: ffffffff, escrValue: 0
222 [23198385039040] INFO perfrun.perfcollector <> - extendedPebsValue: 0
222 [23198385039040] INFO perfrun.perfcollector <> - adaptivePebsAvailable: 0
222 [23198385039040] INFO perfrun.perfcollector <> - config: event: c7
222 [23198385039040] INFO perfrun.perfcollector <> - config: pc: 0
222 [23198385039040] INFO perfrun.perfcollector <> - config: in_tx: 0
222 [23198385039040] INFO perfrun.perfcollector <> - config: edge: 0
222 [23198385039040] INFO perfrun.perfcollector <> - config: any: 0
222 [23198385039040] INFO perfrun.perfcollector <> - config1: offcore_rsp: 0
222 [23198385039040] INFO perfrun.perfcollector <> - config: in_tx_cp: 0
222 [23198385039040] INFO perfrun.perfcollector <> - config1: ldlat: 0
222 [23198385039040] INFO perfrun.perfcollector <> - config: inv: 0
222 [23198385039040] INFO perfrun.perfcollector <> - config: umask: 4
222 [23198385039040] INFO perfrun.perfcollector <> - config: cmask: 0
222 [23198385039040] INFO perfrun.perfcollector <> - format: cpu/event=0xc7,umask=0x4,name='FP_ARITH_INST_RETIRED.128B_PACKED_DOUBLE'/
222 [23198385039040] INFO perfrun.perfcollector <> - event name: FP_ARITH_INST_RETIRED.256B_PACKED_DOUBLE
222 [23198385039040] INFO perfrun.perfcollector <> - pmu config: cpu
222 [23198385039040] INFO perfrun.perfcollector <> - cccrAddr: 187, cccrValue: 5310c7
222 [23198385039040] INFO perfrun.perfcollector <> - dataAddr: c2, dataValue: ffffffffffe17b7d
222 [23198385039040] INFO perfrun.perfcollector <> - escrAddr: ffffffff, escrValue: 0
222 [23198385039040] INFO perfrun.perfcollector <> - extendedPebsValue: 0
222 [23198385039040] INFO perfrun.perfcollector <> - adaptivePebsAvailable: 0
222 [23198385039040] INFO perfrun.perfcollector <> - config: event: c7
222 [23198385039040] INFO perfrun.perfcollector <> - config: pc: 0
222 [23198385039040] INFO perfrun.perfcollector <> - config: in_tx: 0
222 [23198385039040] INFO perfrun.perfcollector <> - config: edge: 0
222 [23198385039040] INFO perfrun.perfcollector <> - config: any: 0
222 [23198385039040] INFO perfrun.perfcollector <> - config1: offcore_rsp: 0
222 [23198385039040] INFO perfrun.perfcollector <> - config: in_tx_cp: 0
222 [23198385039040] INFO perfrun.perfcollector <> - config1: ldlat: 0
222 [23198385039040] INFO perfrun.perfcollector <> - config: inv: 0
222 [23198385039040] INFO perfrun.perfcollector <> - config: umask: 10
222 [23198385039040] INFO perfrun.perfcollector <> - config: cmask: 0
222 [23198385039040] INFO perfrun.perfcollector <> - format: cpu/event=0xc7,umask=0x10,name='FP_ARITH_INST_RETIRED.256B_PACKED_DOUBLE'/
222 [23198385039040] INFO perfrun.perfcollector <> - event name: INST_RETIRED.X87
222 [23198385039040] INFO perfrun.perfcollector <> - pmu config: cpu
222 [23198385039040] INFO perfrun.perfcollector <> - cccrAddr: 18c, cccrValue: 5302c0
222 [23198385039040] INFO perfrun.perfcollector <> - dataAddr: c7, dataValue: ffffffffffe17b7d
222 [23198385039040] INFO perfrun.perfcollector <> - escrAddr: ffffffff, escrValue: 0
222 [23198385039040] INFO perfrun.perfcollector <> - extendedPebsValue: 0
222 [23198385039040] INFO perfrun.perfcollector <> - adaptivePebsAvailable: 0
222 [23198385039040] INFO perfrun.perfcollector <> - config: event: c0
222 [23198385039040] INFO perfrun.perfcollector <> - config: pc: 0
222 [23198385039040] INFO perfrun.perfcollector <> - config: in_tx: 0
222 [23198385039040] INFO perfrun.perfcollector <> - config: edge: 0
222 [23198385039040] INFO perfrun.perfcollector <> - config: any: 0
222 [23198385039040] INFO perfrun.perfcollector <> - config1: offcore_rsp: 0
222 [23198385039040] INFO perfrun.perfcollector <> - config: in_tx_cp: 0
222 [23198385039040] INFO perfrun.perfcollector <> - config1: ldlat: 0
222 [23198385039040] INFO perfrun.perfcollector <> - config: inv: 0
222 [23198385039040] INFO perfrun.perfcollector <> - config: umask: 2
222 [23198385039040] INFO perfrun.perfcollector <> - config: cmask: 0
222 [23198385039040] INFO perfrun.perfcollector <> - format: cpu/event=0xc0,umask=0x2,name='INST_RETIRED.X87'/
222 [23198385039040] INFO perfrun.perfcollector <> - event name: UOPS_RETIRED.RETIRE_SLOTS
222 [23198385039040] INFO perfrun.perfcollector <> - pmu config: cpu
222 [23198385039040] INFO perfrun.perfcollector <> - cccrAddr: 18d, cccrValue: 5302c2
222 [23198385039040] INFO perfrun.perfcollector <> - dataAddr: c8, dataValue: ffffffffffe17b7d
222 [23198385039040] INFO perfrun.perfcollector <> - escrAddr: ffffffff, escrValue: 0
222 [23198385039040] INFO perfrun.perfcollector <> - extendedPebsValue: 0
222 [23198385039040] INFO perfrun.perfcollector <> - adaptivePebsAvailable: 0
222 [23198385039040] INFO perfrun.perfcollector <> - config: event: c2
222 [23198385039040] INFO perfrun.perfcollector <> - config: pc: 0
222 [23198385039040] INFO perfrun.perfcollector <> - config: in_tx: 0
222 [23198385039040] INFO perfrun.perfcollector <> - config: edge: 0
222 [23198385039040] INFO perfrun.perfcollector <> - config: any: 0
222 [23198385039040] INFO perfrun.perfcollector <> - config1: offcore_rsp: 0
222 [23198385039040] INFO perfrun.perfcollector <> - config: in_tx_cp: 0
222 [23198385039040] INFO perfrun.perfcollector <> - config1: ldlat: 0
222 [23198385039040] INFO perfrun.perfcollector <> - config: inv: 0
222 [23198385039040] INFO perfrun.perfcollector <> - config: umask: 2
222 [23198385039040] INFO perfrun.perfcollector <> - config: cmask: 0
222 [23198385039040] INFO perfrun.perfcollector <> - format: cpu/event=0xc2,umask=0x2,name='UOPS_RETIRED.RETIRE_SLOTS'/
222 [23198385039040] INFO perfrun.perfcollector <> - event: cpu/event=0x3c,name='CPU_CLK_UNHALTED.THREAD'/Duk, added for counting
222 [23198385039040] INFO perfrun.perfcollector <> - event: cpu/umask=0x3,name='CPU_CLK_UNHALTED.REF_TSC'/Duk, added for counting
222 [23198385039040] INFO perfrun.perfcollector <> - event: cpu/event=0xc0,name='INST_RETIRED.ANY'/Duk, added for counting
222 [23198385039040] INFO perfrun.perfcollector <> - event: cpu/event=0x3c,umask=0x1,name='CPU_CLK_UNHALTED.REF_XCLK'/uk, added for counting
222 [23198385039040] INFO perfrun.perfcollector <> - event: cpu/event=0x3c,umask=0x2,name='CPU_CLK_UNHALTED.ONE_THREAD_ACTIVE'/uk, added for counting
222 [23198385039040] INFO perfrun.perfcollector <> - event: cpu/event=0xc7,umask=0x2,name='FP_ARITH_INST_RETIRED.SCALAR_SINGLE'/uk, added for counting
222 [23198385039040] INFO perfrun.perfcollector <> - event: cpu/event=0xc7,umask=0x8,name='FP_ARITH_INST_RETIRED.128B_PACKED_SINGLE'/uk, added for counting
222 [23198385039040] INFO perfrun.perfcollector <> - event: cpu/event=0xc7,umask=0x20,name='FP_ARITH_INST_RETIRED.256B_PACKED_SINGLE'/uk, added for counting
222 [23198385039040] INFO perfrun.perfcollector <> - event: cpu/event=0xc7,umask=0x1,name='FP_ARITH_INST_RETIRED.SCALAR_DOUBLE'/uk, added for counting
222 [23198385039040] INFO perfrun.perfcollector <> - event: cpu/event=0xc7,umask=0x4,name='FP_ARITH_INST_RETIRED.128B_PACKED_DOUBLE'/uk, added for counting
222 [23198385039040] INFO perfrun.perfcollector <> - event: cpu/event=0xc7,umask=0x10,name='FP_ARITH_INST_RETIRED.256B_PACKED_DOUBLE'/uk, added for counting
222 [23198385039040] INFO perfrun.perfcollector <> - event: cpu/event=0xc0,umask=0x2,name='INST_RETIRED.X87'/uk, added for counting
222 [23198385039040] INFO perfrun.perfcollector <> - event: cpu/event=0xc2,umask=0x2,name='UOPS_RETIRED.RETIRE_SLOTS'/uk, added for counting
222 [23198385039040] INFO perfrun.perfcollector <> - attaching to pid: 4294967295, collect mode: 1, rc modes: 3
238 [23198373992128] WARN perfrun.perfcollector <> - Perf stat trace pipe capacity: read = 1048576, write = 1048576, at file: vcs/perfrun1/plugins/perfcollector/src/profiler.cpp:765
248 [23198373992128] INFO perfrun.sdk <> - runCmd: /opt/intel/oneapi/vtune/2023.1.0/bin64/amplxe-perf stat -v --log-fd 10 --scale -x ; -e cpu/event=0x3c,name='CPU_CLK_UNHALTED.THREAD'/Duk,cpu/umask=0x3,name='CPU_CLK_UNHALTED.REF_TSC'/Duk,cpu/event=0xc0,name='INST_RETIRED.ANY'/Duk,cpu/event=0x3c,umask=0x1,name='CPU_CLK_UNHALTED.REF_XCLK'/uk,cpu/event=0x3c,umask=0x2,name='CPU_CLK_UNHALTED.ONE_THREAD_ACTIVE'/uk,cpu/event=0xc7,umask=0x2,name='FP_ARITH_INST_RETIRED.SCALAR_SINGLE'/uk,cpu/event=0xc7,umask=0x8,name='FP_ARITH_INST_RETIRED.128B_PACKED_SINGLE'/uk,cpu/event=0xc7,umask=0x20,name='FP_ARITH_INST_RETIRED.256B_PACKED_SINGLE'/uk,cpu/event=0xc7,umask=0x1,name='FP_ARITH_INST_RETIRED.SCALAR_DOUBLE'/uk,cpu/event=0xc7,umask=0x4,name='FP_ARITH_INST_RETIRED.128B_PACKED_DOUBLE'/uk,cpu/event=0xc7,umask=0x10,name='FP_ARITH_INST_RETIRED.256B_PACKED_DOUBLE'/uk,cpu/event=0xc0,umask=0x2,name='INST_RETIRED.X87'/uk,cpu/event=0xc2,umask=0x2,name='UOPS_RETIRED.RETIRE_SLOTS'/uk /opt/intel/oneapi/vtune/2023.1.0/bin64/amplxe-perf-sync dryrun sys
249 [23198373992128] INFO perfrun.sdk <> - runCmd started PID 2284338
459 [23198373992128] INFO perfrun.perfcollector <> - Monitor: runCmd RC = true
460 [23198385039040] INFO perfrun.launcher <> - plugin [aoclprofile] was disabled because it doesn't support the given collection type.
460 [23198385039040] INFO perfrun.tpss <> - initialize tpss controller
460 [23198385039040] INFO perfrun.tpss <> - configure collection mode: value = cpu:counters:nostack
460 [23198385039040] INFO perfrun.tpss <> - configure collection mode: value = cpu:stack
460 [23198385039040] INFO perfrun.tpss <> - default obj-size-min=1024
460 [23198385039040] INFO perfrun.tpss <> - default hash-table-size=0
460 [23198385039040] INFO perfrun.launcher <> - plugin [media] was disabled because it doesn't support the given collection type.
460 [23198385039040] INFO perfrun.launcher <> - plugin [] was disabled because it doesn't support the given collection type.
460 [23198385039040] INFO perfrun.launcher <> - plugin [] was disabled because it doesn't support the given collection type.
460 [23198385039040] INFO perfrun.launcher <> - plugin [parallelfs] was disabled because it doesn't support the given collection type.
460 [23198385039040] INFO perfrun.launcher <> - plugin [power] was disabled because it doesn't support the given collection type.
460 [23198385039040] INFO perfrun.launcher <> - plugin [hwloc] was disabled because it doesn't support the given collection type.
460 [23198385039040] INFO perfrun.launcher <> - plugin [ipmwatch] was disabled because it doesn't support the given collection type.
460 [23198385039040] INFO perfrun.launcher <> - plugin [os_counters] was disabled because it doesn't support the given collection type.
460 [23198385039040] INFO perfrun.launcher <> - plugin [l0_metrics] was disabled because it doesn't support the given collection type.
460 [23198528046976] INFO perfrun.launcher <> - set environment variable: LD_LIBRARY_PATH = /opt/intel/oneapi/vtune/2023.1.0/lib32/runtime:/opt/intel/oneapi/vtune/2023.1.0/lib64/runtime:/opt/intel/oneapi/tbb/2021.5.1/env/../lib/intel64/gcc4.8:/opt/intel/oneapi/mpi/2021.5.1//libfabric/lib:/opt/intel/oneapi/mpi/2021.5.1//lib/release:/opt/intel/oneapi/mpi/2021.5.1//lib:/opt/intel/oneapi/mkl/2022.0.2/lib/intel64:/opt/intel/oneapi/itac/2021.5.0/slib:/opt/intel/oneapi/debugger/2021.5.0/gdb/intel64/lib:/opt/intel/oneapi/debugger/2021.5.0/libipt/intel64/lib:/opt/intel/oneapi/debugger/2021.5.0/dep/lib:/opt/intel/oneapi/compiler/2022.0.2/linux/lib:/opt/intel/oneapi/compiler/2022.0.2/linux/lib/x64:/opt/intel/oneapi/compiler/2022.0.2/linux/lib/oclfpga/host/linux64/lib:/opt/intel/oneapi/compiler/2022.0.2/linux/compiler/lib/intel64_lin
460 [23198528046976] INFO perfrun.launcher <> - set environment variable: INTEL_LIBITTNOTIFY32 = /opt/intel/oneapi/vtune/2023.1.0/lib32/runtime/libittnotify_collector.so
460 [23198528046976] INFO perfrun.launcher <> - set environment variable: INTEL_LIBITTNOTIFY64 = /opt/intel/oneapi/vtune/2023.1.0/lib64/runtime/libittnotify_collector.so
460 [23198528046976] INFO perfrun.launcher <> - set environment variable: INTEL_ITTNOTIFY_GROUPS = 
460 [23198528046976] INFO perfrun.launcher <> - set environment variable: INTEL_JIT_PROFILER32 = /opt/intel/oneapi/vtune/2023.1.0/lib32/runtime/libittnotify_collector.so
460 [23198528046976] INFO perfrun.launcher <> - set environment variable: INTEL_JIT_PROFILER64 = /opt/intel/oneapi/vtune/2023.1.0/lib64/runtime/libittnotify_collector.so
460 [23198528046976] INFO perfrun.launcher <> - set environment variable: OMP_TOOL_LIBRARIES = /opt/intel/oneapi/vtune/2023.1.0/lib32/runtime/libittnotify_collector.so:/opt/intel/oneapi/vtune/2023.1.0/lib64/runtime/libittnotify_collector.so
460 [23198528046976] INFO perfrun.launcher <> - set environment variable: ENABLE_JITPROFILING = 1
460 [23198528046976] INFO perfrun.launcher <> - set environment variable: CL_CONFIG_USE_VTUNE = True
460 [23198528046976] INFO perfrun.launcher <> - set environment variable: LD_PRELOAD = libittnotify_collector.so:
460 [23198528046976] INFO perfrun.launcher <> - set environment variable: KMP_FORKJOIN_FRAMES = 0
460 [23198528046976] INFO perfrun.launcher <> - set environment variable: KMP_FORKJOIN_FRAMES_MODE = 0
460 [23198528046976] INFO perfrun.launcher <> - set environment variable: OMP_TOOL = disabled
460 [23198528046976] INFO perfrun.launcher <> - set environment variable: INTEL_MRTE_DATA_DIR = /home/course/hpc/users/2022012388/exp8/result.conv2/data.7
461 [23198528046976] INFO perfrun.launcher <> - set environment variable: INTEL_MRTE_HOST_NAME = conv2
461 [23198528046976] INFO perfrun.launcher <> - set environment variable: JAVA_TOOL_OPTIONS = -agentlib:amplxe_tpssmrte_javaprof_1.0 -Dsun.boot.library.path=/opt/intel/oneapi/vtune/2023.1.0/lib32/runtime:/opt/intel/oneapi/vtune/2023.1.0/lib64/runtime
461 [23198528046976] INFO perfrun.launcher <> - set environment variable: LD_LIBRARY_PATH = /opt/intel/oneapi/vtune/2023.1.0/lib32/runtime:/opt/intel/oneapi/vtune/2023.1.0/lib64/runtime:/opt/intel/oneapi/tbb/2021.5.1/env/../lib/intel64/gcc4.8:/opt/intel/oneapi/mpi/2021.5.1//libfabric/lib:/opt/intel/oneapi/mpi/2021.5.1//lib/release:/opt/intel/oneapi/mpi/2021.5.1//lib:/opt/intel/oneapi/mkl/2022.0.2/lib/intel64:/opt/intel/oneapi/itac/2021.5.0/slib:/opt/intel/oneapi/debugger/2021.5.0/gdb/intel64/lib:/opt/intel/oneapi/debugger/2021.5.0/libipt/intel64/lib:/opt/intel/oneapi/debugger/2021.5.0/dep/lib:/opt/intel/oneapi/compiler/2022.0.2/linux/lib:/opt/intel/oneapi/compiler/2022.0.2/linux/lib/x64:/opt/intel/oneapi/compiler/2022.0.2/linux/lib/oclfpga/host/linux64/lib:/opt/intel/oneapi/compiler/2022.0.2/linux/compiler/lib/intel64_lin
461 [23198528046976] INFO perfrun.launcher <> - set environment variable: CORECLR_ENABLE_PROFILING = 1
461 [23198528046976] INFO perfrun.launcher <> - set environment variable: CORECLR_PROFILER = {AA5E4821-E3B1-479c-B7FF-5AD047D22CED}
461 [23198528046976] INFO perfrun.launcher <> - set environment variable: CORECLR_PROFILER_PATH = /opt/intel/oneapi/vtune/2023.1.0/lib64/libamplxe_samplingmrte_clrprof_1.0.so
461 [23198528046976] INFO perfrun.launcher <> - set environment variable: INTEL_MRTE_PROFILER_MODE = mixed
461 [23198528046976] INFO perfrun.launcher <> - RpcServer: run RPC server to handle requests
461 [23198528046976] INFO perfrun.launcher <> - Launcher: command line to start before modification = ./run.sh 2022012388
461 [23198528046976] INFO perfrun.launcher <> - Launcher: command line to start after modification = /opt/intel/oneapi/vtune/2023.1.0/bin64/pin -error_file /home/course/hpc/users/2022012388/exp8/result.conv2/data.7/pinerr.tpsslog -detach_reattach -follow_execv -tool_load_option deepbind -t64 /opt/intel/oneapi/vtune/2023.1.0/lib64/libtpsstool.so -t /opt/intel/oneapi/vtune/2023.1.0/lib32/libtpsstool.so -server_name tpss_ipc.2284207 -prd_dir /opt/intel/oneapi/vtune/2023.1.0 -- ./run.sh 2022012388
662 [23198528046976] INFO perfrun.launcher <> - ProcessCreator object was created
663 [23198528046976] INFO perfrun.launcher <> - Launcher: the process was started in suspend mode
667 [23198385039040] WARN perfrun.system <> - Could not do anything with /sys/kernel/debug/kvm: boost::filesystem::status: Permission denied: "/sys/kernel/debug/kvm", at file: vcs/perfrun1/plugins/system/src/trace_writer.cpp:787
668 [23198385039040] WARN perfrun.system <> - Folder "/var/run/libvirt/qemu/"doesn't exist, at file: vcs/perfrun1/plugins/system/src/trace_writer.cpp:800
668 [23198385039040] INFO perfrun.itt <> - start itt controller for pid #2284536
668 [23198385039040] INFO perfrun.perfcollector <> - attaching to pid: 2284536, collect mode: 1, rc modes: 1
681 [23198367688384] WARN perfrun.perfcollector <> - Perf stat trace pipe capacity: read = 1048576, write = 1048576, at file: vcs/perfrun1/plugins/perfcollector/src/profiler.cpp:765
691 [23198367688384] INFO perfrun.sdk <> - runCmd: /opt/intel/oneapi/vtune/2023.1.0/bin64/amplxe-perf stat -v --log-fd 22 --control=fd:23,26 --scale -x ; -p 2284536 -e cpu/event=0x3c,name='CPU_CLK_UNHALTED.THREAD'/Duk,cpu/umask=0x3,name='CPU_CLK_UNHALTED.REF_TSC'/Duk,cpu/event=0xc0,name='INST_RETIRED.ANY'/Duk,cpu/event=0x3c,umask=0x1,name='CPU_CLK_UNHALTED.REF_XCLK'/uk,cpu/event=0x3c,umask=0x2,name='CPU_CLK_UNHALTED.ONE_THREAD_ACTIVE'/uk,cpu/event=0xc7,umask=0x2,name='FP_ARITH_INST_RETIRED.SCALAR_SINGLE'/uk,cpu/event=0xc7,umask=0x8,name='FP_ARITH_INST_RETIRED.128B_PACKED_SINGLE'/uk,cpu/event=0xc7,umask=0x20,name='FP_ARITH_INST_RETIRED.256B_PACKED_SINGLE'/uk,cpu/event=0xc7,umask=0x1,name='FP_ARITH_INST_RETIRED.SCALAR_DOUBLE'/uk,cpu/event=0xc7,umask=0x4,name='FP_ARITH_INST_RETIRED.128B_PACKED_DOUBLE'/uk,cpu/event=0xc7,umask=0x10,name='FP_ARITH_INST_RETIRED.256B_PACKED_DOUBLE'/uk,cpu/event=0xc0,umask=0x2,name='INST_RETIRED.X87'/uk,cpu/event=0xc2,umask=0x2,name='UOPS_RETIRED.RETIRE_SLOTS'/uk /opt/intel/oneapi/vtune/2023.1.0/bin64/amplxe-perf-sync sync sys
691 [23198367688384] INFO perfrun.sdk <> - runCmd started PID 2284595
846 [23198385039040] INFO perfrun.tpss <> - start tpss controller for pid #2284536
897 [23198528046976] INFO perfrun.launcher <> - Launcher: all plugins were started
897 [23198528046976] INFO perfrun.launcher <> - DirectoryMonitor object was created
897 [23198528046976] INFO perfrun.launcher <> - DirectoryMonitor: a callback was added
897 [23198528046976] INFO perfrun.launcher <> - DirectoryMonitor was started with pingTime = 1000
897 [23198528046976] INFO perfrun.launcher <> - DeadlineTimer is going to be constructed
897 [23198528046976] INFO perfrun.launcher <> - DeadlineTimer: a callback was added
899 [23198528046976] INFO perfrun.launcher <> - Launcher: resume the profiled application and  wait its termination or stop command
141010 [23198528046976] INFO perfrun.launcher <> - Launcher: the profiled application was terminated  with exit code = 1
141254 [23198385039040] INFO perfrun.itt <> - detach itt controller
141254 [23198385039040] INFO perfrun.itt <> - detach itt controller done
141256 [23198367688384] INFO perfrun.perfcollector <> - Monitor: runCmd RC = true
141257 [23198385039040] INFO perfrun.perfcollector <> - Monitor: state = 3, error = 1
141258 [23198385039040] INFO perfrun.tpss <> - stop tpss controller
141263 [23198385039040] INFO perfrun.sdk <> - De-allocating TMU: /home/course/hpc/users/2022012388/exp8/result.conv2/data.7/systemcollector-2284207-conv2.sc
141263 [23198385039040] INFO perfrun.system <> - closed the system trace file: /home/course/hpc/users/2022012388/exp8/result.conv2/data.7/systemcollector-2284207-conv2.sc
141263 [23198528046976] INFO perfrun.launcher <> - Launcher: all plugins were stopped.
141263 [23198528046976] INFO perfrun.launcher <> - DeadlineTimer is going to be destroyed
141263 [23198528046976] INFO perfrun.launcher <> - DeadlineTimer was destroyed
141263 [23198528046976] INFO perfrun.launcher <> - DirectoryMonitor object was destroyed
141263 [23198528046976] WARN perfrun.launcher <> - Stop command is ignored because it is received when collection is already stopped, at file: vcs/perfrun1/launcher/src/command_handler.cpp:226
141271 [23198528046976] INFO perfrun.launcher <> - Application exit code: 1
141271 [23198528046976] INFO perfrun.launcher <> - Exit code: 4
