14 [22789810243456] INFO perfrun.launcher <> - Launcher main begin
15 [22789810243456] INFO perfrun.launcher <> - MessageCatalogInit finished
15 [22789810243456] INFO perfrun.launcher <> - Launcher instance created
15 [22789810243456] INFO perfrun.launcher <> - argc = 7; cmdline = /opt/intel/oneapi/vtune/2023.1.0/bin64/amplxe-runss --ui-output-format xml --ui-output-fd 5 --option-file /home/course/hpc/users/2022012388/exp8/result.conv2/config/runss.options.36 
99 [22789810243456] INFO perfrun.launcher <> - create msngr2::ICliToolContext
99 [22789810243456] INFO perfrun.launcher <> - create file finder object
99 [22789810243456] INFO perfrun.launcher <> - create a result directory: pattern = /home/course/hpc/users/2022012388/exp8/result.conv2 pid = 4294967295
102 [22789810243456] INFO perfrun.sdk <> - checked that the directory /home/course/hpc/users/2022012388/exp8/result.conv2 is a local directory
102 [22789810243456] INFO perfrun.sdk <> - the directory /home/course/hpc/users/2022012388/exp8/result.conv2 is located on a share or its FS ID is unknown 26985
102 [22789810243456] INFO perfrun.sdk <> - checked that the directory /tmp/amplxe-tmp-2022012388 is a local directory
102 [22789810243456] INFO perfrun.sdk <> - the directory /tmp/amplxe-tmp-2022012388 is located on a share or its FS ID is unknown 2035054128
104 [22789810243456] INFO perfrun.launcher <> - create data directory = /home/course/hpc/users/2022012388/exp8/result.conv2/data.35
104 [22789810243456] INFO perfrun.launcher <> - Creating the master collection flag
105 [22789810243456] INFO perfrun.launcher <> - Done creating the master collection flag
108 [22789666891456] INFO perfrun.launcher <> - plugin [remoteplug] was disabled because it doesn't support the given collection type.
108 [22789666891456] INFO perfrun.sdk <> - Allocating TMU :/home/course/hpc/users/2022012388/exp8/result.conv2/data.35/systemcollector-2287917-conv2.sc
110 [22789666891456] INFO perfrun.launcher <> - plugin [vdso] was disabled because it doesn't support the given collection type.
110 [22789666891456] INFO perfrun.launcher <> - plugin [ptracecollector] was disabled because it doesn't support the given collection type.
110 [22789666891456] INFO perfrun.launcher <> - plugin [gpu] was disabled because it doesn't support the given collection type.
110 [22789666891456] INFO perfrun.launcher <> - plugin [] was disabled because it doesn't support the given collection type.
110 [22789666891456] INFO perfrun.launcher <> - plugin [] was disabled because it doesn't support the given collection type.
110 [22789666891456] INFO perfrun.launcher <> - plugin [] was disabled because it doesn't support the given collection type.
110 [22789666891456] INFO perfrun.mrte <> - system-wide mode is 0
110 [22789666891456] INFO perfrun.mrte <> - Getting  mrte profiling environment ...
125 [22789666891456] INFO perfrun.mrte <> - INTEL_MRTE_DATA_DIR=/home/course/hpc/users/2022012388/exp8/result.conv2/data.35
125 [22789666891456] INFO perfrun.mrte <> - INTEL_MRTE_HOST_NAME=conv2
125 [22789666891456] INFO perfrun.mrte <> - JAVA_TOOL_OPTIONS=-agentlib:amplxe_tpssmrte_javaprof_1.0 -Dsun.boot.library.path=/opt/intel/oneapi/vtune/2023.1.0/lib32/runtime:/opt/intel/oneapi/vtune/2023.1.0/lib64/runtime
125 [22789666891456] INFO perfrun.mrte <> - LD_LIBRARY_PATH=/opt/intel/oneapi/vtune/2023.1.0/lib32/runtime:/opt/intel/oneapi/vtune/2023.1.0/lib64/runtime:/opt/intel/oneapi/tbb/2021.5.1/env/../lib/intel64/gcc4.8:/opt/intel/oneapi/mpi/2021.5.1//libfabric/lib:/opt/intel/oneapi/mpi/2021.5.1//lib/release:/opt/intel/oneapi/mpi/2021.5.1//lib:/opt/intel/oneapi/mkl/2022.0.2/lib/intel64:/opt/intel/oneapi/itac/2021.5.0/slib:/opt/intel/oneapi/debugger/2021.5.0/gdb/intel64/lib:/opt/intel/oneapi/debugger/2021.5.0/libipt/intel64/lib:/opt/intel/oneapi/debugger/2021.5.0/dep/lib:/opt/intel/oneapi/compiler/2022.0.2/linux/lib:/opt/intel/oneapi/compiler/2022.0.2/linux/lib/x64:/opt/intel/oneapi/compiler/2022.0.2/linux/lib/oclfpga/host/linux64/lib:/opt/intel/oneapi/compiler/2022.0.2/linux/compiler/lib/intel64_lin
125 [22789666891456] INFO perfrun.mrte <> - CORECLR_ENABLE_PROFILING=1
125 [22789666891456] INFO perfrun.mrte <> - CORECLR_PROFILER={AA5E4821-E3B1-479c-B7FF-5AD047D22CED}
125 [22789666891456] INFO perfrun.mrte <> - CORECLR_PROFILER_PATH=/opt/intel/oneapi/vtune/2023.1.0/lib64/libamplxe_samplingmrte_clrprof_1.0.so
125 [22789666891456] INFO perfrun.mrte <> - INTEL_MRTE_PROFILER_MODE=mixed
125 [22789666891456] INFO perfrun.mrte <> - Data directory: /home/course/hpc/users/2022012388/exp8/result.conv2/data.35
125 [22789666891456] INFO perfrun.mrte <> - Mrte plugin is initialized
125 [22789666891456] INFO perfrun.launcher <> - plugin [emon] was disabled because it doesn't support the given collection type.
125 [22789666891456] INFO perfrun.launcher <> - plugin [cuscol] was disabled because it doesn't support the given collection type.
125 [22789666891456] INFO perfrun.launcher <> - plugin [stdsrc] was disabled because it doesn't support the given collection type.
125 [22789666891456] INFO perfrun.launcher <> - plugin [sep] was disabled because it doesn't support the given collection type.
125 [22789666891456] INFO perfrun.launcher <> - plugin [vtsspp] was disabled because it doesn't support the given collection type.
125 [22789666891456] INFO perfrun.sdk <> - Reading value (0) from file: /proc/sys/kernel/perf_event_paranoid
125 [22789666891456] INFO perfrun.perfcollector <> - checking access to: /opt/intel/oneapi/vtune/2023.1.0/bin64/amplxe-perf-priv
128 [22789666891456] INFO perfrun.perfcollector <> - cpu: family = 6 model = 79
128 [22789666891456] INFO perfrun.perfcollector <> - dir found: /sys/bus/event_source/devices/software
128 [22789666891456] INFO perfrun.perfcollector <> - format: pmu format subdir doesn't exist
128 [22789666891456] INFO perfrun.perfcollector <> - hwInfo: not set, pmuFam: software
128 [22789666891456] INFO perfrun.perfcollector <> - pmu added: family: software, id: 0
128 [22789666891456] INFO perfrun.perfcollector <> - dir found: /sys/bus/event_source/devices/uncore_imc_5
129 [22789666891456] INFO perfrun.perfcollector <> - format: event config:0-7 mask:0-7
129 [22789666891456] INFO perfrun.perfcollector <> - format: edge config:18 mask:18
129 [22789666891456] INFO perfrun.perfcollector <> - format: inv config:23 mask:23
129 [22789666891456] INFO perfrun.perfcollector <> - format: umask config:8-15 mask:8-15
129 [22789666891456] INFO perfrun.perfcollector <> - format: thresh config:24-31 mask:24-31
129 [22789666891456] INFO perfrun.perfcollector <> - hwInfo: PERF_IMC_PMU_DETAILS
130 [22789666891456] INFO perfrun.perfcollector <> - pmu added: family: uncore_imc, id: 5
130 [22789666891456] INFO perfrun.perfcollector <> - dir found: /sys/bus/event_source/devices/uncore_sbox_2
130 [22789666891456] INFO perfrun.perfcollector <> - format: event config:0-7 mask:0-7
130 [22789666891456] INFO perfrun.perfcollector <> - format: edge config:18 mask:18
130 [22789666891456] INFO perfrun.perfcollector <> - format: inv config:23 mask:23
130 [22789666891456] INFO perfrun.perfcollector <> - format: umask config:8-15 mask:8-15
131 [22789666891456] INFO perfrun.perfcollector <> - format: tid_en config:19 mask:19
131 [22789666891456] INFO perfrun.perfcollector <> - format: thresh config:24-31 mask:24-31
131 [22789666891456] INFO perfrun.perfcollector <> - hwInfo: not set, pmuFam: uncore_sbox
131 [22789666891456] INFO perfrun.perfcollector <> - pmu added: family: uncore_sbox, id: 2
131 [22789666891456] INFO perfrun.perfcollector <> - dir found: /sys/bus/event_source/devices/uncore_cbox_8
132 [22789666891456] INFO perfrun.perfcollector <> - format: event config:0-7 mask:0-7
132 [22789666891456] INFO perfrun.perfcollector <> - format: filter_link config1:6-8 mask:6-8
132 [22789666891456] INFO perfrun.perfcollector <> - format: filter_c6 config1:61 mask:61
132 [22789666891456] INFO perfrun.perfcollector <> - format: edge config:18 mask:18
132 [22789666891456] INFO perfrun.perfcollector <> - format: filter_isoc config1:63 mask:63
132 [22789666891456] INFO perfrun.perfcollector <> - format: filter_tid config1:0-5 mask:0-5
132 [22789666891456] INFO perfrun.perfcollector <> - format: filter_nid config1:32-47 mask:32-47
133 [22789666891456] INFO perfrun.perfcollector <> - format: filter_nc config1:62 mask:62
133 [22789666891456] INFO perfrun.perfcollector <> - format: umask config:8-15 mask:8-15
133 [22789666891456] INFO perfrun.perfcollector <> - format: tid_en config:19 mask:19
133 [22789666891456] INFO perfrun.perfcollector <> - format: thresh config:24-31 mask:24-31
133 [22789666891456] INFO perfrun.perfcollector <> - format: filter_state config1:17-23 mask:17-23
134 [22789666891456] INFO perfrun.perfcollector <> - format: filter_opc config1:52-60 mask:52-60
134 [22789666891456] INFO perfrun.perfcollector <> - hwInfo: PERF_CBOX_PMU_DETAILS
134 [22789666891456] INFO perfrun.perfcollector <> - pmu added: family: uncore_cbox, id: 8
134 [22789666891456] INFO perfrun.perfcollector <> - dir found: /sys/bus/event_source/devices/uncore_cbox_13
134 [22789666891456] INFO perfrun.perfcollector <> - format: event config:0-7 mask:0-7
134 [22789666891456] INFO perfrun.perfcollector <> - format: filter_link config1:6-8 mask:6-8
135 [22789666891456] INFO perfrun.perfcollector <> - format: filter_c6 config1:61 mask:61
135 [22789666891456] INFO perfrun.perfcollector <> - format: edge config:18 mask:18
135 [22789666891456] INFO perfrun.perfcollector <> - format: filter_isoc config1:63 mask:63
135 [22789666891456] INFO perfrun.perfcollector <> - format: filter_tid config1:0-5 mask:0-5
135 [22789666891456] INFO perfrun.perfcollector <> - format: filter_nid config1:32-47 mask:32-47
135 [22789666891456] INFO perfrun.perfcollector <> - format: filter_nc config1:62 mask:62
136 [22789666891456] INFO perfrun.perfcollector <> - format: umask config:8-15 mask:8-15
136 [22789666891456] INFO perfrun.perfcollector <> - format: tid_en config:19 mask:19
136 [22789666891456] INFO perfrun.perfcollector <> - format: thresh config:24-31 mask:24-31
136 [22789666891456] INFO perfrun.perfcollector <> - format: filter_state config1:17-23 mask:17-23
136 [22789666891456] INFO perfrun.perfcollector <> - format: filter_opc config1:52-60 mask:52-60
136 [22789666891456] INFO perfrun.perfcollector <> - hwInfo: PERF_CBOX_PMU_DETAILS
137 [22789666891456] INFO perfrun.perfcollector <> - pmu added: family: uncore_cbox, id: 13
137 [22789666891456] INFO perfrun.perfcollector <> - dir found: /sys/bus/event_source/devices/uncore_r2pcie
137 [22789666891456] INFO perfrun.perfcollector <> - format: event config:0-7 mask:0-7
137 [22789666891456] INFO perfrun.perfcollector <> - format: edge config:18 mask:18
137 [22789666891456] INFO perfrun.perfcollector <> - format: inv config:23 mask:23
138 [22789666891456] INFO perfrun.perfcollector <> - format: umask config:8-15 mask:8-15
138 [22789666891456] INFO perfrun.perfcollector <> - format: thresh config:24-31 mask:24-31
138 [22789666891456] INFO perfrun.perfcollector <> - hwInfo: not set, pmuFam: uncore_r2pcie
138 [22789666891456] INFO perfrun.perfcollector <> - pmu added: family: uncore_r2pcie, id: 0
138 [22789666891456] INFO perfrun.perfcollector <> - dir found: /sys/bus/event_source/devices/uncore_sbox_0
139 [22789666891456] INFO perfrun.perfcollector <> - format: event config:0-7 mask:0-7
139 [22789666891456] INFO perfrun.perfcollector <> - format: edge config:18 mask:18
139 [22789666891456] INFO perfrun.perfcollector <> - format: inv config:23 mask:23
139 [22789666891456] INFO perfrun.perfcollector <> - format: umask config:8-15 mask:8-15
139 [22789666891456] INFO perfrun.perfcollector <> - format: tid_en config:19 mask:19
140 [22789666891456] INFO perfrun.perfcollector <> - format: thresh config:24-31 mask:24-31
140 [22789666891456] INFO perfrun.perfcollector <> - hwInfo: not set, pmuFam: uncore_sbox
140 [22789666891456] INFO perfrun.perfcollector <> - pmu added: family: uncore_sbox, id: 0
140 [22789666891456] INFO perfrun.perfcollector <> - dir found: /sys/bus/event_source/devices/uncore_qpi_1
140 [22789666891456] INFO perfrun.perfcollector <> - format: mask_rnid4 config2:31 mask:31
140 [22789666891456] INFO perfrun.perfcollector <> - format: mask_rnid30 config2:32-35 mask:32-35
140 [22789666891456] INFO perfrun.perfcollector <> - format: match_rnid30 config1:32-35 mask:32-35
141 [22789666891456] INFO perfrun.perfcollector <> - format: event config:0-7,21 mask:0-7,21
141 [22789666891456] INFO perfrun.perfcollector <> - format: match0 config1:0-31 mask:0-31
141 [22789666891456] INFO perfrun.perfcollector <> - format: match_rds config1:48-51 mask:48-51
141 [22789666891456] INFO perfrun.perfcollector <> - format: mask_rds config2:48-51 mask:48-51
142 [22789666891456] INFO perfrun.perfcollector <> - format: edge config:18 mask:18
142 [22789666891456] INFO perfrun.perfcollector <> - format: mask1 config2:32-63 mask:32-63
142 [22789666891456] INFO perfrun.perfcollector <> - format: match_dnid config1:13-17 mask:13-17
142 [22789666891456] INFO perfrun.perfcollector <> - format: mask_dnid config2:13-17 mask:13-17
142 [22789666891456] INFO perfrun.perfcollector <> - format: match_vnw config1:3-4 mask:3-4
143 [22789666891456] INFO perfrun.perfcollector <> - format: mask_vnw config2:3-4 mask:3-4
143 [22789666891456] INFO perfrun.perfcollector <> - format: mask_mc config2:9-12 mask:9-12
143 [22789666891456] INFO perfrun.perfcollector <> - format: match1 config1:32-63 mask:32-63
143 [22789666891456] INFO perfrun.perfcollector <> - format: inv config:23 mask:23
143 [22789666891456] INFO perfrun.perfcollector <> - format: umask config:8-15 mask:8-15
144 [22789666891456] INFO perfrun.perfcollector <> - format: match_opc config1:5-8 mask:5-8
144 [22789666891456] INFO perfrun.perfcollector <> - format: mask_opc config2:5-8 mask:5-8
144 [22789666891456] INFO perfrun.perfcollector <> - format: thresh config:24-31 mask:24-31
144 [22789666891456] INFO perfrun.perfcollector <> - format: match_rnid4 config1:31 mask:31
144 [22789666891456] INFO perfrun.perfcollector <> - format: mask0 config2:0-31 mask:0-31
144 [22789666891456] INFO perfrun.perfcollector <> - format: match_mc config1:9-12 mask:9-12
144 [22789666891456] INFO perfrun.perfcollector <> - hwInfo: PERF_QPI_PMU_DETAILS
145 [22789666891456] INFO perfrun.perfcollector <> - pmu added: family: uncore_qpi, id: 1
145 [22789666891456] INFO perfrun.perfcollector <> - dir found: /sys/bus/event_source/devices/uncore_cbox_6
145 [22789666891456] INFO perfrun.perfcollector <> - format: event config:0-7 mask:0-7
145 [22789666891456] INFO perfrun.perfcollector <> - format: filter_link config1:6-8 mask:6-8
145 [22789666891456] INFO perfrun.perfcollector <> - format: filter_c6 config1:61 mask:61
146 [22789666891456] INFO perfrun.perfcollector <> - format: edge config:18 mask:18
146 [22789666891456] INFO perfrun.perfcollector <> - format: filter_isoc config1:63 mask:63
146 [22789666891456] INFO perfrun.perfcollector <> - format: filter_tid config1:0-5 mask:0-5
146 [22789666891456] INFO perfrun.perfcollector <> - format: filter_nid config1:32-47 mask:32-47
146 [22789666891456] INFO perfrun.perfcollector <> - format: filter_nc config1:62 mask:62
146 [22789666891456] INFO perfrun.perfcollector <> - format: umask config:8-15 mask:8-15
147 [22789666891456] INFO perfrun.perfcollector <> - format: tid_en config:19 mask:19
147 [22789666891456] INFO perfrun.perfcollector <> - format: thresh config:24-31 mask:24-31
147 [22789666891456] INFO perfrun.perfcollector <> - format: filter_state config1:17-23 mask:17-23
147 [22789666891456] INFO perfrun.perfcollector <> - format: filter_opc config1:52-60 mask:52-60
147 [22789666891456] INFO perfrun.perfcollector <> - hwInfo: PERF_CBOX_PMU_DETAILS
147 [22789666891456] INFO perfrun.perfcollector <> - pmu added: family: uncore_cbox, id: 6
147 [22789666891456] INFO perfrun.perfcollector <> - dir found: /sys/bus/event_source/devices/uncore_imc_1
148 [22789666891456] INFO perfrun.perfcollector <> - format: event config:0-7 mask:0-7
148 [22789666891456] INFO perfrun.perfcollector <> - format: edge config:18 mask:18
148 [22789666891456] INFO perfrun.perfcollector <> - format: inv config:23 mask:23
148 [22789666891456] INFO perfrun.perfcollector <> - format: umask config:8-15 mask:8-15
148 [22789666891456] INFO perfrun.perfcollector <> - format: thresh config:24-31 mask:24-31
148 [22789666891456] INFO perfrun.perfcollector <> - hwInfo: PERF_IMC_PMU_DETAILS
148 [22789666891456] INFO perfrun.perfcollector <> - pmu added: family: uncore_imc, id: 1
148 [22789666891456] INFO perfrun.perfcollector <> - dir found: /sys/bus/event_source/devices/power
149 [22789666891456] INFO perfrun.perfcollector <> - format: event config:0-7 mask:0-7
149 [22789666891456] INFO perfrun.perfcollector <> - hwInfo: not set, pmuFam: power
149 [22789666891456] INFO perfrun.perfcollector <> - pmu added: family: power, id: 0
149 [22789666891456] INFO perfrun.perfcollector <> - dir found: /sys/bus/event_source/devices/uncore_cbox_11
149 [22789666891456] INFO perfrun.perfcollector <> - format: event config:0-7 mask:0-7
149 [22789666891456] INFO perfrun.perfcollector <> - format: filter_link config1:6-8 mask:6-8
149 [22789666891456] INFO perfrun.perfcollector <> - format: filter_c6 config1:61 mask:61
150 [22789666891456] INFO perfrun.perfcollector <> - format: edge config:18 mask:18
150 [22789666891456] INFO perfrun.perfcollector <> - format: filter_isoc config1:63 mask:63
150 [22789666891456] INFO perfrun.perfcollector <> - format: filter_tid config1:0-5 mask:0-5
150 [22789666891456] INFO perfrun.perfcollector <> - format: filter_nid config1:32-47 mask:32-47
150 [22789666891456] INFO perfrun.perfcollector <> - format: filter_nc config1:62 mask:62
150 [22789666891456] INFO perfrun.perfcollector <> - format: umask config:8-15 mask:8-15
151 [22789666891456] INFO perfrun.perfcollector <> - format: tid_en config:19 mask:19
151 [22789666891456] INFO perfrun.perfcollector <> - format: thresh config:24-31 mask:24-31
151 [22789666891456] INFO perfrun.perfcollector <> - format: filter_state config1:17-23 mask:17-23
151 [22789666891456] INFO perfrun.perfcollector <> - format: filter_opc config1:52-60 mask:52-60
151 [22789666891456] INFO perfrun.perfcollector <> - hwInfo: PERF_CBOX_PMU_DETAILS
151 [22789666891456] INFO perfrun.perfcollector <> - pmu added: family: uncore_cbox, id: 11
151 [22789666891456] INFO perfrun.perfcollector <> - dir found: /sys/bus/event_source/devices/uncore_cbox_4
152 [22789666891456] INFO perfrun.perfcollector <> - format: event config:0-7 mask:0-7
152 [22789666891456] INFO perfrun.perfcollector <> - format: filter_link config1:6-8 mask:6-8
152 [22789666891456] INFO perfrun.perfcollector <> - format: filter_c6 config1:61 mask:61
152 [22789666891456] INFO perfrun.perfcollector <> - format: edge config:18 mask:18
152 [22789666891456] INFO perfrun.perfcollector <> - format: filter_isoc config1:63 mask:63
152 [22789666891456] INFO perfrun.perfcollector <> - format: filter_tid config1:0-5 mask:0-5
153 [22789666891456] INFO perfrun.perfcollector <> - format: filter_nid config1:32-47 mask:32-47
153 [22789666891456] INFO perfrun.perfcollector <> - format: filter_nc config1:62 mask:62
153 [22789666891456] INFO perfrun.perfcollector <> - format: umask config:8-15 mask:8-15
153 [22789666891456] INFO perfrun.perfcollector <> - format: tid_en config:19 mask:19
153 [22789666891456] INFO perfrun.perfcollector <> - format: thresh config:24-31 mask:24-31
153 [22789666891456] INFO perfrun.perfcollector <> - format: filter_state config1:17-23 mask:17-23
153 [22789666891456] INFO perfrun.perfcollector <> - format: filter_opc config1:52-60 mask:52-60
153 [22789666891456] INFO perfrun.perfcollector <> - hwInfo: PERF_CBOX_PMU_DETAILS
154 [22789666891456] INFO perfrun.perfcollector <> - pmu added: family: uncore_cbox, id: 4
154 [22789666891456] INFO perfrun.perfcollector <> - dir found: /sys/bus/event_source/devices/uprobe
154 [22789666891456] INFO perfrun.perfcollector <> - format: ref_ctr_offset config:32-63 mask:32-63
154 [22789666891456] INFO perfrun.perfcollector <> - format: retprobe config:0 mask:0
154 [22789666891456] INFO perfrun.perfcollector <> - hwInfo: not set, pmuFam: uprobe
154 [22789666891456] INFO perfrun.perfcollector <> - pmu added: family: uprobe, id: 0
154 [22789666891456] INFO perfrun.perfcollector <> - dir found: /sys/bus/event_source/devices/intel_bts
155 [22789666891456] INFO perfrun.perfcollector <> - format: pmu format subdir doesn't exist
155 [22789666891456] INFO perfrun.perfcollector <> - hwInfo: not set, pmuFam: intel_bts
155 [22789666891456] INFO perfrun.perfcollector <> - pmu added: family: intel_bts, id: 0
155 [22789666891456] INFO perfrun.perfcollector <> - dir found: /sys/bus/event_source/devices/cpu
155 [22789666891456] INFO perfrun.perfcollector <> - format: event config:0-7 mask:0-7
155 [22789666891456] INFO perfrun.perfcollector <> - format: pc config:19 mask:19
156 [22789666891456] INFO perfrun.perfcollector <> - format: in_tx config:32 mask:32
156 [22789666891456] INFO perfrun.perfcollector <> - format: edge config:18 mask:18
156 [22789666891456] INFO perfrun.perfcollector <> - format: any config:21 mask:21
156 [22789666891456] INFO perfrun.perfcollector <> - format: offcore_rsp config1:0-63 mask:0-63
156 [22789666891456] INFO perfrun.perfcollector <> - format: in_tx_cp config:33 mask:33
156 [22789666891456] INFO perfrun.perfcollector <> - format: ldlat config1:0-15 mask:0-15
157 [22789666891456] INFO perfrun.perfcollector <> - format: inv config:23 mask:23
157 [22789666891456] INFO perfrun.perfcollector <> - format: umask config:8-15 mask:8-15
157 [22789666891456] INFO perfrun.perfcollector <> - format: cmask config:24-31 mask:24-31
157 [22789666891456] INFO perfrun.perfcollector <> - hwInfo: PERF_CPU_PMU_DETAILS
157 [22789666891456] INFO perfrun.perfcollector <> - pmu added: family: cpu, id: 0
157 [22789666891456] INFO perfrun.perfcollector <> - dir found: /sys/bus/event_source/devices/uncore_r3qpi_0
158 [22789666891456] INFO perfrun.perfcollector <> - format: event config:0-7 mask:0-7
158 [22789666891456] INFO perfrun.perfcollector <> - format: edge config:18 mask:18
158 [22789666891456] INFO perfrun.perfcollector <> - format: inv config:23 mask:23
158 [22789666891456] INFO perfrun.perfcollector <> - format: umask config:8-15 mask:8-15
159 [22789666891456] INFO perfrun.perfcollector <> - format: thresh config:24-31 mask:24-31
159 [22789666891456] INFO perfrun.perfcollector <> - hwInfo: not set, pmuFam: uncore_r3qpi
159 [22789666891456] INFO perfrun.perfcollector <> - pmu added: family: uncore_r3qpi, id: 0
159 [22789666891456] INFO perfrun.perfcollector <> - dir found: /sys/bus/event_source/devices/cstate_core
159 [22789666891456] INFO perfrun.perfcollector <> - format: event config:0-63 mask:0-63
159 [22789666891456] INFO perfrun.perfcollector <> - hwInfo: not set, pmuFam: cstate_core
160 [22789666891456] INFO perfrun.perfcollector <> - pmu added: family: cstate_core, id: 0
160 [22789666891456] INFO perfrun.perfcollector <> - dir found: /sys/bus/event_source/devices/uncore_cbox_2
160 [22789666891456] INFO perfrun.perfcollector <> - format: event config:0-7 mask:0-7
160 [22789666891456] INFO perfrun.perfcollector <> - format: filter_link config1:6-8 mask:6-8
161 [22789666891456] INFO perfrun.perfcollector <> - format: filter_c6 config1:61 mask:61
161 [22789666891456] INFO perfrun.perfcollector <> - format: edge config:18 mask:18
161 [22789666891456] INFO perfrun.perfcollector <> - format: filter_isoc config1:63 mask:63
161 [22789666891456] INFO perfrun.perfcollector <> - format: filter_tid config1:0-5 mask:0-5
161 [22789666891456] INFO perfrun.perfcollector <> - format: filter_nid config1:32-47 mask:32-47
162 [22789666891456] INFO perfrun.perfcollector <> - format: filter_nc config1:62 mask:62
162 [22789666891456] INFO perfrun.perfcollector <> - format: umask config:8-15 mask:8-15
162 [22789666891456] INFO perfrun.perfcollector <> - format: tid_en config:19 mask:19
162 [22789666891456] INFO perfrun.perfcollector <> - format: thresh config:24-31 mask:24-31
162 [22789666891456] INFO perfrun.perfcollector <> - format: filter_state config1:17-23 mask:17-23
163 [22789666891456] INFO perfrun.perfcollector <> - format: filter_opc config1:52-60 mask:52-60
163 [22789666891456] INFO perfrun.perfcollector <> - hwInfo: PERF_CBOX_PMU_DETAILS
163 [22789666891456] INFO perfrun.perfcollector <> - pmu added: family: uncore_cbox, id: 2
163 [22789666891456] INFO perfrun.perfcollector <> - dir found: /sys/bus/event_source/devices/breakpoint
163 [22789666891456] INFO perfrun.perfcollector <> - format: pmu format subdir doesn't exist
163 [22789666891456] INFO perfrun.perfcollector <> - hwInfo: not set, pmuFam: breakpoint
163 [22789666891456] INFO perfrun.perfcollector <> - pmu added: family: breakpoint, id: 0
163 [22789666891456] INFO perfrun.perfcollector <> - dir found: /sys/bus/event_source/devices/uncore_ha_0
164 [22789666891456] INFO perfrun.perfcollector <> - format: event config:0-7 mask:0-7
164 [22789666891456] INFO perfrun.perfcollector <> - format: edge config:18 mask:18
164 [22789666891456] INFO perfrun.perfcollector <> - format: inv config:23 mask:23
164 [22789666891456] INFO perfrun.perfcollector <> - format: umask config:8-15 mask:8-15
165 [22789666891456] INFO perfrun.perfcollector <> - format: thresh config:24-31 mask:24-31
165 [22789666891456] INFO perfrun.perfcollector <> - hwInfo: not set, pmuFam: uncore_ha
165 [22789666891456] INFO perfrun.perfcollector <> - pmu added: family: uncore_ha, id: 0
165 [22789666891456] INFO perfrun.perfcollector <> - dir found: /sys/bus/event_source/devices/uncore_cbox_0
165 [22789666891456] INFO perfrun.perfcollector <> - format: event config:0-7 mask:0-7
166 [22789666891456] INFO perfrun.perfcollector <> - format: filter_link config1:6-8 mask:6-8
166 [22789666891456] INFO perfrun.perfcollector <> - format: filter_c6 config1:61 mask:61
166 [22789666891456] INFO perfrun.perfcollector <> - format: edge config:18 mask:18
166 [22789666891456] INFO perfrun.perfcollector <> - format: filter_isoc config1:63 mask:63
166 [22789666891456] INFO perfrun.perfcollector <> - format: filter_tid config1:0-5 mask:0-5
167 [22789666891456] INFO perfrun.perfcollector <> - format: filter_nid config1:32-47 mask:32-47
167 [22789666891456] INFO perfrun.perfcollector <> - format: filter_nc config1:62 mask:62
167 [22789666891456] INFO perfrun.perfcollector <> - format: umask config:8-15 mask:8-15
167 [22789666891456] INFO perfrun.perfcollector <> - format: tid_en config:19 mask:19
167 [22789666891456] INFO perfrun.perfcollector <> - format: thresh config:24-31 mask:24-31
167 [22789666891456] INFO perfrun.perfcollector <> - format: filter_state config1:17-23 mask:17-23
168 [22789666891456] INFO perfrun.perfcollector <> - format: filter_opc config1:52-60 mask:52-60
168 [22789666891456] INFO perfrun.perfcollector <> - hwInfo: PERF_CBOX_PMU_DETAILS
168 [22789666891456] INFO perfrun.perfcollector <> - pmu added: family: uncore_cbox, id: 0
168 [22789666891456] INFO perfrun.perfcollector <> - dir found: /sys/bus/event_source/devices/tracepoint
168 [22789666891456] INFO perfrun.perfcollector <> - format: pmu format subdir doesn't exist
168 [22789666891456] INFO perfrun.perfcollector <> - hwInfo: not set, pmuFam: tracepoint
168 [22789666891456] INFO perfrun.perfcollector <> - pmu added: family: tracepoint, id: 0
168 [22789666891456] INFO perfrun.perfcollector <> - dir found: /sys/bus/event_source/devices/uncore_sbox_3
168 [22789666891456] INFO perfrun.perfcollector <> - format: event config:0-7 mask:0-7
169 [22789666891456] INFO perfrun.perfcollector <> - format: edge config:18 mask:18
169 [22789666891456] INFO perfrun.perfcollector <> - format: inv config:23 mask:23
169 [22789666891456] INFO perfrun.perfcollector <> - format: umask config:8-15 mask:8-15
169 [22789666891456] INFO perfrun.perfcollector <> - format: tid_en config:19 mask:19
169 [22789666891456] INFO perfrun.perfcollector <> - format: thresh config:24-31 mask:24-31
169 [22789666891456] INFO perfrun.perfcollector <> - hwInfo: not set, pmuFam: uncore_sbox
170 [22789666891456] INFO perfrun.perfcollector <> - pmu added: family: uncore_sbox, id: 3
170 [22789666891456] INFO perfrun.perfcollector <> - dir found: /sys/bus/event_source/devices/uncore_cbox_9
170 [22789666891456] INFO perfrun.perfcollector <> - format: event config:0-7 mask:0-7
170 [22789666891456] INFO perfrun.perfcollector <> - format: filter_link config1:6-8 mask:6-8
170 [22789666891456] INFO perfrun.perfcollector <> - format: filter_c6 config1:61 mask:61
170 [22789666891456] INFO perfrun.perfcollector <> - format: edge config:18 mask:18
171 [22789666891456] INFO perfrun.perfcollector <> - format: filter_isoc config1:63 mask:63
171 [22789666891456] INFO perfrun.perfcollector <> - format: filter_tid config1:0-5 mask:0-5
171 [22789666891456] INFO perfrun.perfcollector <> - format: filter_nid config1:32-47 mask:32-47
171 [22789666891456] INFO perfrun.perfcollector <> - format: filter_nc config1:62 mask:62
171 [22789666891456] INFO perfrun.perfcollector <> - format: umask config:8-15 mask:8-15
172 [22789666891456] INFO perfrun.perfcollector <> - format: tid_en config:19 mask:19
172 [22789666891456] INFO perfrun.perfcollector <> - format: thresh config:24-31 mask:24-31
172 [22789666891456] INFO perfrun.perfcollector <> - format: filter_state config1:17-23 mask:17-23
172 [22789666891456] INFO perfrun.perfcollector <> - format: filter_opc config1:52-60 mask:52-60
172 [22789666891456] INFO perfrun.perfcollector <> - hwInfo: PERF_CBOX_PMU_DETAILS
172 [22789666891456] INFO perfrun.perfcollector <> - pmu added: family: uncore_cbox, id: 9
172 [22789666891456] INFO perfrun.perfcollector <> - dir found: /sys/bus/event_source/devices/cstate_pkg
173 [22789666891456] INFO perfrun.perfcollector <> - format: event config:0-63 mask:0-63
173 [22789666891456] INFO perfrun.perfcollector <> - hwInfo: not set, pmuFam: cstate_pkg
173 [22789666891456] INFO perfrun.perfcollector <> - pmu added: family: cstate_pkg, id: 0
173 [22789666891456] INFO perfrun.perfcollector <> - dir found: /sys/bus/event_source/devices/uncore_imc_4
173 [22789666891456] INFO perfrun.perfcollector <> - format: event config:0-7 mask:0-7
173 [22789666891456] INFO perfrun.perfcollector <> - format: edge config:18 mask:18
174 [22789666891456] INFO perfrun.perfcollector <> - format: inv config:23 mask:23
174 [22789666891456] INFO perfrun.perfcollector <> - format: umask config:8-15 mask:8-15
174 [22789666891456] INFO perfrun.perfcollector <> - format: thresh config:24-31 mask:24-31
174 [22789666891456] INFO perfrun.perfcollector <> - hwInfo: PERF_IMC_PMU_DETAILS
174 [22789666891456] INFO perfrun.perfcollector <> - pmu added: family: uncore_imc, id: 4
174 [22789666891456] INFO perfrun.perfcollector <> - dir found: /sys/bus/event_source/devices/uncore_ubox
175 [22789666891456] INFO perfrun.perfcollector <> - format: event config:0-7 mask:0-7
175 [22789666891456] INFO perfrun.perfcollector <> - format: edge config:18 mask:18
175 [22789666891456] INFO perfrun.perfcollector <> - format: inv config:23 mask:23
175 [22789666891456] INFO perfrun.perfcollector <> - format: umask config:8-15 mask:8-15
175 [22789666891456] INFO perfrun.perfcollector <> - format: thresh config:24-28 mask:24-28
175 [22789666891456] INFO perfrun.perfcollector <> - hwInfo: not set, pmuFam: uncore_ubox
176 [22789666891456] INFO perfrun.perfcollector <> - pmu added: family: uncore_ubox, id: 0
176 [22789666891456] INFO perfrun.perfcollector <> - dir found: /sys/bus/event_source/devices/uncore_sbox_1
176 [22789666891456] INFO perfrun.perfcollector <> - format: event config:0-7 mask:0-7
176 [22789666891456] INFO perfrun.perfcollector <> - format: edge config:18 mask:18
177 [22789666891456] INFO perfrun.perfcollector <> - format: inv config:23 mask:23
177 [22789666891456] INFO perfrun.perfcollector <> - format: umask config:8-15 mask:8-15
177 [22789666891456] INFO perfrun.perfcollector <> - format: tid_en config:19 mask:19
177 [22789666891456] INFO perfrun.perfcollector <> - format: thresh config:24-31 mask:24-31
177 [22789666891456] INFO perfrun.perfcollector <> - hwInfo: not set, pmuFam: uncore_sbox
177 [22789666891456] INFO perfrun.perfcollector <> - pmu added: family: uncore_sbox, id: 1
178 [22789666891456] INFO perfrun.perfcollector <> - dir found: /sys/bus/event_source/devices/uncore_cbox_7
178 [22789666891456] INFO perfrun.perfcollector <> - format: event config:0-7 mask:0-7
178 [22789666891456] INFO perfrun.perfcollector <> - format: filter_link config1:6-8 mask:6-8
178 [22789666891456] INFO perfrun.perfcollector <> - format: filter_c6 config1:61 mask:61
178 [22789666891456] INFO perfrun.perfcollector <> - format: edge config:18 mask:18
179 [22789666891456] INFO perfrun.perfcollector <> - format: filter_isoc config1:63 mask:63
179 [22789666891456] INFO perfrun.perfcollector <> - format: filter_tid config1:0-5 mask:0-5
179 [22789666891456] INFO perfrun.perfcollector <> - format: filter_nid config1:32-47 mask:32-47
179 [22789666891456] INFO perfrun.perfcollector <> - format: filter_nc config1:62 mask:62
180 [22789666891456] INFO perfrun.perfcollector <> - format: umask config:8-15 mask:8-15
180 [22789666891456] INFO perfrun.perfcollector <> - format: tid_en config:19 mask:19
180 [22789666891456] INFO perfrun.perfcollector <> - format: thresh config:24-31 mask:24-31
180 [22789666891456] INFO perfrun.perfcollector <> - format: filter_state config1:17-23 mask:17-23
180 [22789666891456] INFO perfrun.perfcollector <> - format: filter_opc config1:52-60 mask:52-60
180 [22789666891456] INFO perfrun.perfcollector <> - hwInfo: PERF_CBOX_PMU_DETAILS
181 [22789666891456] INFO perfrun.perfcollector <> - pmu added: family: uncore_cbox, id: 7
181 [22789666891456] INFO perfrun.perfcollector <> - dir found: /sys/bus/event_source/devices/uncore_cbox_12
181 [22789666891456] INFO perfrun.perfcollector <> - format: event config:0-7 mask:0-7
181 [22789666891456] INFO perfrun.perfcollector <> - format: filter_link config1:6-8 mask:6-8
181 [22789666891456] INFO perfrun.perfcollector <> - format: filter_c6 config1:61 mask:61
182 [22789666891456] INFO perfrun.perfcollector <> - format: edge config:18 mask:18
182 [22789666891456] INFO perfrun.perfcollector <> - format: filter_isoc config1:63 mask:63
182 [22789666891456] INFO perfrun.perfcollector <> - format: filter_tid config1:0-5 mask:0-5
182 [22789666891456] INFO perfrun.perfcollector <> - format: filter_nid config1:32-47 mask:32-47
183 [22789666891456] INFO perfrun.perfcollector <> - format: filter_nc config1:62 mask:62
183 [22789666891456] INFO perfrun.perfcollector <> - format: umask config:8-15 mask:8-15
183 [22789666891456] INFO perfrun.perfcollector <> - format: tid_en config:19 mask:19
183 [22789666891456] INFO perfrun.perfcollector <> - format: thresh config:24-31 mask:24-31
184 [22789666891456] INFO perfrun.perfcollector <> - format: filter_state config1:17-23 mask:17-23
184 [22789666891456] INFO perfrun.perfcollector <> - format: filter_opc config1:52-60 mask:52-60
184 [22789666891456] INFO perfrun.perfcollector <> - hwInfo: PERF_CBOX_PMU_DETAILS
184 [22789666891456] INFO perfrun.perfcollector <> - pmu added: family: uncore_cbox, id: 12
184 [22789666891456] INFO perfrun.perfcollector <> - dir found: /sys/bus/event_source/devices/kprobe
185 [22789666891456] INFO perfrun.perfcollector <> - format: retprobe config:0 mask:0
185 [22789666891456] INFO perfrun.perfcollector <> - hwInfo: not set, pmuFam: kprobe
185 [22789666891456] INFO perfrun.perfcollector <> - pmu added: family: kprobe, id: 0
185 [22789666891456] INFO perfrun.perfcollector <> - dir found: /sys/bus/event_source/devices/uncore_qpi_0
185 [22789666891456] INFO perfrun.perfcollector <> - format: mask_rnid4 config2:31 mask:31
186 [22789666891456] INFO perfrun.perfcollector <> - format: mask_rnid30 config2:32-35 mask:32-35
186 [22789666891456] INFO perfrun.perfcollector <> - format: match_rnid30 config1:32-35 mask:32-35
186 [22789666891456] INFO perfrun.perfcollector <> - format: event config:0-7,21 mask:0-7,21
186 [22789666891456] INFO perfrun.perfcollector <> - format: match0 config1:0-31 mask:0-31
186 [22789666891456] INFO perfrun.perfcollector <> - format: match_rds config1:48-51 mask:48-51
187 [22789666891456] INFO perfrun.perfcollector <> - format: mask_rds config2:48-51 mask:48-51
187 [22789666891456] INFO perfrun.perfcollector <> - format: edge config:18 mask:18
187 [22789666891456] INFO perfrun.perfcollector <> - format: mask1 config2:32-63 mask:32-63
187 [22789666891456] INFO perfrun.perfcollector <> - format: match_dnid config1:13-17 mask:13-17
187 [22789666891456] INFO perfrun.perfcollector <> - format: mask_dnid config2:13-17 mask:13-17
188 [22789666891456] INFO perfrun.perfcollector <> - format: match_vnw config1:3-4 mask:3-4
188 [22789666891456] INFO perfrun.perfcollector <> - format: mask_vnw config2:3-4 mask:3-4
188 [22789666891456] INFO perfrun.perfcollector <> - format: mask_mc config2:9-12 mask:9-12
188 [22789666891456] INFO perfrun.perfcollector <> - format: match1 config1:32-63 mask:32-63
188 [22789666891456] INFO perfrun.perfcollector <> - format: inv config:23 mask:23
188 [22789666891456] INFO perfrun.perfcollector <> - format: umask config:8-15 mask:8-15
189 [22789666891456] INFO perfrun.perfcollector <> - format: match_opc config1:5-8 mask:5-8
189 [22789666891456] INFO perfrun.perfcollector <> - format: mask_opc config2:5-8 mask:5-8
189 [22789666891456] INFO perfrun.perfcollector <> - format: thresh config:24-31 mask:24-31
189 [22789666891456] INFO perfrun.perfcollector <> - format: match_rnid4 config1:31 mask:31
189 [22789666891456] INFO perfrun.perfcollector <> - format: mask0 config2:0-31 mask:0-31
190 [22789666891456] INFO perfrun.perfcollector <> - format: match_mc config1:9-12 mask:9-12
190 [22789666891456] INFO perfrun.perfcollector <> - hwInfo: PERF_QPI_PMU_DETAILS
190 [22789666891456] INFO perfrun.perfcollector <> - pmu added: family: uncore_qpi, id: 0
190 [22789666891456] INFO perfrun.perfcollector <> - dir found: /sys/bus/event_source/devices/uncore_cbox_5
190 [22789666891456] INFO perfrun.perfcollector <> - format: event config:0-7 mask:0-7
190 [22789666891456] INFO perfrun.perfcollector <> - format: filter_link config1:6-8 mask:6-8
191 [22789666891456] INFO perfrun.perfcollector <> - format: filter_c6 config1:61 mask:61
191 [22789666891456] INFO perfrun.perfcollector <> - format: edge config:18 mask:18
191 [22789666891456] INFO perfrun.perfcollector <> - format: filter_isoc config1:63 mask:63
191 [22789666891456] INFO perfrun.perfcollector <> - format: filter_tid config1:0-5 mask:0-5
191 [22789666891456] INFO perfrun.perfcollector <> - format: filter_nid config1:32-47 mask:32-47
191 [22789666891456] INFO perfrun.perfcollector <> - format: filter_nc config1:62 mask:62
192 [22789666891456] INFO perfrun.perfcollector <> - format: umask config:8-15 mask:8-15
192 [22789666891456] INFO perfrun.perfcollector <> - format: tid_en config:19 mask:19
192 [22789666891456] INFO perfrun.perfcollector <> - format: thresh config:24-31 mask:24-31
192 [22789666891456] INFO perfrun.perfcollector <> - format: filter_state config1:17-23 mask:17-23
192 [22789666891456] INFO perfrun.perfcollector <> - format: filter_opc config1:52-60 mask:52-60
192 [22789666891456] INFO perfrun.perfcollector <> - hwInfo: PERF_CBOX_PMU_DETAILS
192 [22789666891456] INFO perfrun.perfcollector <> - pmu added: family: uncore_cbox, id: 5
193 [22789666891456] INFO perfrun.perfcollector <> - dir found: /sys/bus/event_source/devices/uncore_imc_0
193 [22789666891456] INFO perfrun.perfcollector <> - format: event config:0-7 mask:0-7
193 [22789666891456] INFO perfrun.perfcollector <> - format: edge config:18 mask:18
193 [22789666891456] INFO perfrun.perfcollector <> - format: inv config:23 mask:23
193 [22789666891456] INFO perfrun.perfcollector <> - format: umask config:8-15 mask:8-15
194 [22789666891456] INFO perfrun.perfcollector <> - format: thresh config:24-31 mask:24-31
194 [22789666891456] INFO perfrun.perfcollector <> - hwInfo: PERF_IMC_PMU_DETAILS
194 [22789666891456] INFO perfrun.perfcollector <> - pmu added: family: uncore_imc, id: 0
194 [22789666891456] INFO perfrun.perfcollector <> - dir found: /sys/bus/event_source/devices/uncore_cbox_10
194 [22789666891456] INFO perfrun.perfcollector <> - format: event config:0-7 mask:0-7
194 [22789666891456] INFO perfrun.perfcollector <> - format: filter_link config1:6-8 mask:6-8
195 [22789666891456] INFO perfrun.perfcollector <> - format: filter_c6 config1:61 mask:61
195 [22789666891456] INFO perfrun.perfcollector <> - format: edge config:18 mask:18
195 [22789666891456] INFO perfrun.perfcollector <> - format: filter_isoc config1:63 mask:63
195 [22789666891456] INFO perfrun.perfcollector <> - format: filter_tid config1:0-5 mask:0-5
196 [22789666891456] INFO perfrun.perfcollector <> - format: filter_nid config1:32-47 mask:32-47
196 [22789666891456] INFO perfrun.perfcollector <> - format: filter_nc config1:62 mask:62
196 [22789666891456] INFO perfrun.perfcollector <> - format: umask config:8-15 mask:8-15
196 [22789666891456] INFO perfrun.perfcollector <> - format: tid_en config:19 mask:19
196 [22789666891456] INFO perfrun.perfcollector <> - format: thresh config:24-31 mask:24-31
197 [22789666891456] INFO perfrun.perfcollector <> - format: filter_state config1:17-23 mask:17-23
197 [22789666891456] INFO perfrun.perfcollector <> - format: filter_opc config1:52-60 mask:52-60
197 [22789666891456] INFO perfrun.perfcollector <> - hwInfo: PERF_CBOX_PMU_DETAILS
197 [22789666891456] INFO perfrun.perfcollector <> - pmu added: family: uncore_cbox, id: 10
197 [22789666891456] INFO perfrun.perfcollector <> - dir found: /sys/bus/event_source/devices/uncore_pcu
198 [22789666891456] INFO perfrun.perfcollector <> - format: filter_band2 config1:16-23 mask:16-23
198 [22789666891456] INFO perfrun.perfcollector <> - format: event config:0-7 mask:0-7
198 [22789666891456] INFO perfrun.perfcollector <> - format: filter_band0 config1:0-7 mask:0-7
198 [22789666891456] INFO perfrun.perfcollector <> - format: edge config:18 mask:18
198 [22789666891456] INFO perfrun.perfcollector <> - format: occ_invert config:30 mask:30
199 [22789666891456] INFO perfrun.perfcollector <> - format: occ_edge config:14-51 mask:14-51
199 [22789666891456] INFO perfrun.perfcollector <> - format: filter_band3 config1:24-31 mask:24-31
199 [22789666891456] INFO perfrun.perfcollector <> - format: filter_band1 config1:8-15 mask:8-15
199 [22789666891456] INFO perfrun.perfcollector <> - format: inv config:23 mask:23
199 [22789666891456] INFO perfrun.perfcollector <> - format: thresh config:24-28 mask:24-28
200 [22789666891456] INFO perfrun.perfcollector <> - format: occ_sel config:14-15 mask:14-15
200 [22789666891456] INFO perfrun.perfcollector <> - hwInfo: not set, pmuFam: uncore_pcu
200 [22789666891456] INFO perfrun.perfcollector <> - pmu added: family: uncore_pcu, id: 0
200 [22789666891456] INFO perfrun.perfcollector <> - dir found: /sys/bus/event_source/devices/uncore_r3qpi_1
200 [22789666891456] INFO perfrun.perfcollector <> - format: event config:0-7 mask:0-7
201 [22789666891456] INFO perfrun.perfcollector <> - format: edge config:18 mask:18
201 [22789666891456] INFO perfrun.perfcollector <> - format: inv config:23 mask:23
201 [22789666891456] INFO perfrun.perfcollector <> - format: umask config:8-15 mask:8-15
201 [22789666891456] INFO perfrun.perfcollector <> - format: thresh config:24-31 mask:24-31
201 [22789666891456] INFO perfrun.perfcollector <> - hwInfo: not set, pmuFam: uncore_r3qpi
201 [22789666891456] INFO perfrun.perfcollector <> - pmu added: family: uncore_r3qpi, id: 1
202 [22789666891456] INFO perfrun.perfcollector <> - dir found: /sys/bus/event_source/devices/msr
202 [22789666891456] INFO perfrun.perfcollector <> - format: event config:0-63 mask:0-63
202 [22789666891456] INFO perfrun.perfcollector <> - hwInfo: not set, pmuFam: msr
202 [22789666891456] INFO perfrun.perfcollector <> - pmu added: family: msr, id: 0
202 [22789666891456] INFO perfrun.perfcollector <> - dir found: /sys/bus/event_source/devices/uncore_cbox_3
203 [22789666891456] INFO perfrun.perfcollector <> - format: event config:0-7 mask:0-7
203 [22789666891456] INFO perfrun.perfcollector <> - format: filter_link config1:6-8 mask:6-8
203 [22789666891456] INFO perfrun.perfcollector <> - format: filter_c6 config1:61 mask:61
203 [22789666891456] INFO perfrun.perfcollector <> - format: edge config:18 mask:18
204 [22789666891456] INFO perfrun.perfcollector <> - format: filter_isoc config1:63 mask:63
204 [22789666891456] INFO perfrun.perfcollector <> - format: filter_tid config1:0-5 mask:0-5
204 [22789666891456] INFO perfrun.perfcollector <> - format: filter_nid config1:32-47 mask:32-47
204 [22789666891456] INFO perfrun.perfcollector <> - format: filter_nc config1:62 mask:62
204 [22789666891456] INFO perfrun.perfcollector <> - format: umask config:8-15 mask:8-15
204 [22789666891456] INFO perfrun.perfcollector <> - format: tid_en config:19 mask:19
205 [22789666891456] INFO perfrun.perfcollector <> - format: thresh config:24-31 mask:24-31
205 [22789666891456] INFO perfrun.perfcollector <> - format: filter_state config1:17-23 mask:17-23
205 [22789666891456] INFO perfrun.perfcollector <> - format: filter_opc config1:52-60 mask:52-60
205 [22789666891456] INFO perfrun.perfcollector <> - hwInfo: PERF_CBOX_PMU_DETAILS
205 [22789666891456] INFO perfrun.perfcollector <> - pmu added: family: uncore_cbox, id: 3
205 [22789666891456] INFO perfrun.perfcollector <> - dir found: /sys/bus/event_source/devices/intel_pt
206 [22789666891456] INFO perfrun.perfcollector <> - format: ptw config:12 mask:12
206 [22789666891456] INFO perfrun.perfcollector <> - format: event config:31 mask:31
206 [22789666891456] INFO perfrun.perfcollector <> - format: cyc_thresh config:19-22 mask:19-22
206 [22789666891456] INFO perfrun.perfcollector <> - format: pt config:0 mask:0
207 [22789666891456] INFO perfrun.perfcollector <> - format: notnt config:55 mask:55
207 [22789666891456] INFO perfrun.perfcollector <> - format: branch config:13 mask:13
207 [22789666891456] INFO perfrun.perfcollector <> - format: tsc config:10 mask:10
207 [22789666891456] INFO perfrun.perfcollector <> - format: pwr_evt config:4 mask:4
207 [22789666891456] INFO perfrun.perfcollector <> - format: fup_on_ptw config:5 mask:5
208 [22789666891456] INFO perfrun.perfcollector <> - format: cyc config:1 mask:1
208 [22789666891456] INFO perfrun.perfcollector <> - format: noretcomp config:11 mask:11
208 [22789666891456] INFO perfrun.perfcollector <> - format: mtc config:9 mask:9
208 [22789666891456] INFO perfrun.perfcollector <> - format: psb_period config:24-27 mask:24-27
208 [22789666891456] INFO perfrun.perfcollector <> - format: mtc_period config:14-17 mask:14-17
208 [22789666891456] INFO perfrun.perfcollector <> - hwInfo: not set, pmuFam: intel_pt
208 [22789666891456] INFO perfrun.perfcollector <> - pmu added: family: intel_pt, id: 0
208 [22789666891456] INFO perfrun.perfcollector <> - dir found: /sys/bus/event_source/devices/uncore_ha_1
209 [22789666891456] INFO perfrun.perfcollector <> - format: event config:0-7 mask:0-7
209 [22789666891456] INFO perfrun.perfcollector <> - format: edge config:18 mask:18
209 [22789666891456] INFO perfrun.perfcollector <> - format: inv config:23 mask:23
209 [22789666891456] INFO perfrun.perfcollector <> - format: umask config:8-15 mask:8-15
209 [22789666891456] INFO perfrun.perfcollector <> - format: thresh config:24-31 mask:24-31
209 [22789666891456] INFO perfrun.perfcollector <> - hwInfo: not set, pmuFam: uncore_ha
210 [22789666891456] INFO perfrun.perfcollector <> - pmu added: family: uncore_ha, id: 1
210 [22789666891456] INFO perfrun.perfcollector <> - dir found: /sys/bus/event_source/devices/uncore_cbox_1
210 [22789666891456] INFO perfrun.perfcollector <> - format: event config:0-7 mask:0-7
210 [22789666891456] INFO perfrun.perfcollector <> - format: filter_link config1:6-8 mask:6-8
211 [22789666891456] INFO perfrun.perfcollector <> - format: filter_c6 config1:61 mask:61
211 [22789666891456] INFO perfrun.perfcollector <> - format: edge config:18 mask:18
211 [22789666891456] INFO perfrun.perfcollector <> - format: filter_isoc config1:63 mask:63
211 [22789666891456] INFO perfrun.perfcollector <> - format: filter_tid config1:0-5 mask:0-5
211 [22789666891456] INFO perfrun.perfcollector <> - format: filter_nid config1:32-47 mask:32-47
211 [22789666891456] INFO perfrun.perfcollector <> - format: filter_nc config1:62 mask:62
211 [22789666891456] INFO perfrun.perfcollector <> - format: umask config:8-15 mask:8-15
212 [22789666891456] INFO perfrun.perfcollector <> - format: tid_en config:19 mask:19
212 [22789666891456] INFO perfrun.perfcollector <> - format: thresh config:24-31 mask:24-31
212 [22789666891456] INFO perfrun.perfcollector <> - format: filter_state config1:17-23 mask:17-23
212 [22789666891456] INFO perfrun.perfcollector <> - format: filter_opc config1:52-60 mask:52-60
212 [22789666891456] INFO perfrun.perfcollector <> - hwInfo: PERF_CBOX_PMU_DETAILS
212 [22789666891456] INFO perfrun.perfcollector <> - pmu added: family: uncore_cbox, id: 1
212 [22789666891456] INFO perfrun.sdk <> - runCmd: /opt/intel/oneapi/vtune/2023.1.0/bin64/sep -dry-run -sam 1 -ec CPU_CLK_UNHALTED.THREAD,CPU_CLK_UNHALTED.REF_TSC:sample:sa=2400000,INST_RETIRED.ANY:sample:sa=2400000,CPU_CLK_UNHALTED.REF_XCLK,CPU_CLK_UNHALTED.ONE_THREAD_ACTIVE,FP_ARITH_INST_RETIRED.SCALAR_SINGLE,FP_ARITH_INST_RETIRED.128B_PACKED_SINGLE,FP_ARITH_INST_RETIRED.256B_PACKED_SINGLE,FP_ARITH_INST_RETIRED.SCALAR_DOUBLE,FP_ARITH_INST_RETIRED.128B_PACKED_DOUBLE,FP_ARITH_INST_RETIRED.256B_PACKED_DOUBLE,INST_RETIRED.X87,UOPS_RETIRED.RETIRE_SLOTS:sample:sa=2000003 -experimental
213 [22789666891456] INFO perfrun.sdk <> - runCmd started PID 2288025
276 [22789666891456] INFO perfrun.perfcollector <> - SepDryRun RC = true
279 [22789666891456] INFO perfrun.perfcollector <> - DRY_RUN: "PMU type: Core (core)"
279 [22789666891456] INFO perfrun.perfcollector <> - pmu type: cpu
279 [22789666891456] INFO perfrun.perfcollector <> - DRY_RUN: "Group 0:"
279 [22789666891456] INFO perfrun.perfcollector <> - id: 0
279 [22789666891456] INFO perfrun.perfcollector <> - DRY_RUN: "INST_RETIRED.ANY: event id 2"
279 [22789666891456] INFO perfrun.perfcollector <> - eventName: INST_RETIRED.ANY, eventId: 2
279 [22789666891456] INFO perfrun.perfcollector <> - DRY_RUN: "CPU_CLK_UNHALTED.THREAD: event id 0"
279 [22789666891456] INFO perfrun.perfcollector <> - eventName: CPU_CLK_UNHALTED.THREAD, eventId: 0
279 [22789666891456] INFO perfrun.perfcollector <> - DRY_RUN: "CPU_CLK_UNHALTED.REF_TSC: event id 1"
279 [22789666891456] INFO perfrun.perfcollector <> - eventName: CPU_CLK_UNHALTED.REF_TSC, eventId: 1
279 [22789666891456] INFO perfrun.perfcollector <> - DRY_RUN: "FP_ARITH_INST_RETIRED.SCALAR_SINGLE: event id 5"
279 [22789666891456] INFO perfrun.perfcollector <> - eventName: FP_ARITH_INST_RETIRED.SCALAR_SINGLE, eventId: 5
279 [22789666891456] INFO perfrun.perfcollector <> - DRY_RUN: "FP_ARITH_INST_RETIRED.128B_PACKED_SINGLE: event id 6"
279 [22789666891456] INFO perfrun.perfcollector <> - eventName: FP_ARITH_INST_RETIRED.128B_PACKED_SINGLE, eventId: 6
279 [22789666891456] INFO perfrun.perfcollector <> - DRY_RUN: "FP_ARITH_INST_RETIRED.256B_PACKED_SINGLE: event id 7"
279 [22789666891456] INFO perfrun.perfcollector <> - eventName: FP_ARITH_INST_RETIRED.256B_PACKED_SINGLE, eventId: 7
279 [22789666891456] INFO perfrun.perfcollector <> - DRY_RUN: "FP_ARITH_INST_RETIRED.SCALAR_DOUBLE: event id 8"
279 [22789666891456] INFO perfrun.perfcollector <> - eventName: FP_ARITH_INST_RETIRED.SCALAR_DOUBLE, eventId: 8
279 [22789666891456] INFO perfrun.perfcollector <> - DRY_RUN: "CPU_CLK_UNHALTED.REF_XCLK: event id 3"
279 [22789666891456] INFO perfrun.perfcollector <> - eventName: CPU_CLK_UNHALTED.REF_XCLK, eventId: 3
279 [22789666891456] INFO perfrun.perfcollector <> - DRY_RUN: "CPU_CLK_UNHALTED.ONE_THREAD_ACTIVE: event id 4"
279 [22789666891456] INFO perfrun.perfcollector <> - eventName: CPU_CLK_UNHALTED.ONE_THREAD_ACTIVE, eventId: 4
279 [22789666891456] INFO perfrun.perfcollector <> - DRY_RUN: "INST_RETIRED.X87: event id 11"
279 [22789666891456] INFO perfrun.perfcollector <> - eventName: INST_RETIRED.X87, eventId: 11
279 [22789666891456] INFO perfrun.perfcollector <> - DRY_RUN: "UOPS_RETIRED.RETIRE_SLOTS: event id 12"
279 [22789666891456] INFO perfrun.perfcollector <> - eventName: UOPS_RETIRED.RETIRE_SLOTS, eventId: 12
279 [22789666891456] INFO perfrun.perfcollector <> - DRY_RUN: "CCCR"
279 [22789666891456] INFO perfrun.perfcollector <> - DRY_RUN: "reg_type       = 1	event_id       = g	reg_id         = 38f	reg_value      = 7000000ff"
279 [22789666891456] INFO perfrun.perfcollector <> - eventId: g, skip parsing event_id
279 [22789666891456] INFO perfrun.perfcollector <> - Register was ignored: group_id: 0, reg_type: 1, event_id: 4294967295, reg_id: 38f, reg_value: 7000000ff, pmu_name: cpu
279 [22789666891456] INFO perfrun.perfcollector <> - DRY_RUN: "reg_type       = 1	event_id       = g	reg_id         = 390	reg_value      = 7000000ff"
279 [22789666891456] INFO perfrun.perfcollector <> - eventId: g, skip parsing event_id
279 [22789666891456] INFO perfrun.perfcollector <> - Register was ignored: group_id: 0, reg_type: 1, event_id: 4294967295, reg_id: 390, reg_value: 7000000ff, pmu_name: cpu
279 [22789666891456] INFO perfrun.perfcollector <> - DRY_RUN: "reg_type       = 1	event_id       = g	reg_id         = 3f1	reg_value      = 0"
279 [22789666891456] INFO perfrun.perfcollector <> - eventId: g, skip parsing event_id
279 [22789666891456] INFO perfrun.perfcollector <> - Register was ignored: group_id: 0, reg_type: 1, event_id: 4294967295, reg_id: 3f1, reg_value: 0, pmu_name: cpu
279 [22789666891456] INFO perfrun.perfcollector <> - DRY_RUN: "reg_type       = 1	event_id       = g	reg_id         = 1d9	reg_value      = 1800"
279 [22789666891456] INFO perfrun.perfcollector <> - eventId: g, skip parsing event_id
279 [22789666891456] INFO perfrun.perfcollector <> - Register was ignored: group_id: 0, reg_type: 1, event_id: 4294967295, reg_id: 1d9, reg_value: 1800, pmu_name: cpu
279 [22789666891456] INFO perfrun.perfcollector <> - DRY_RUN: "reg_type       = 1	event_id       = g	reg_id         = 38d	reg_value      = bbb"
279 [22789666891456] INFO perfrun.perfcollector <> - eventId: g, skip parsing event_id
279 [22789666891456] INFO perfrun.perfcollector <> - Register was ignored: group_id: 0, reg_type: 1, event_id: 4294967295, reg_id: 38d, reg_value: bbb, pmu_name: cpu
279 [22789666891456] INFO perfrun.perfcollector <> - DRY_RUN: "reg_type       = 1	event_id       = 5	reg_id         = 186	reg_value      = 5302c7"
279 [22789666891456] INFO perfrun.perfcollector <> - Event selector: group_id: 0, reg_type: 1, event_id: 5, reg_id: 186, reg_value: 5302c7, pmu_name: cpu
279 [22789666891456] INFO perfrun.perfcollector <> - DRY_RUN: "reg_type       = 1	event_id       = 6	reg_id         = 187	reg_value      = 5308c7"
279 [22789666891456] INFO perfrun.perfcollector <> - Event selector: group_id: 0, reg_type: 1, event_id: 6, reg_id: 187, reg_value: 5308c7, pmu_name: cpu
279 [22789666891456] INFO perfrun.perfcollector <> - DRY_RUN: "reg_type       = 1	event_id       = 7	reg_id         = 188	reg_value      = 5320c7"
279 [22789666891456] INFO perfrun.perfcollector <> - Event selector: group_id: 0, reg_type: 1, event_id: 7, reg_id: 188, reg_value: 5320c7, pmu_name: cpu
279 [22789666891456] INFO perfrun.perfcollector <> - DRY_RUN: "reg_type       = 1	event_id       = 8	reg_id         = 189	reg_value      = 5301c7"
279 [22789666891456] INFO perfrun.perfcollector <> - Event selector: group_id: 0, reg_type: 1, event_id: 8, reg_id: 189, reg_value: 5301c7, pmu_name: cpu
279 [22789666891456] INFO perfrun.perfcollector <> - DRY_RUN: "reg_type       = 1	event_id       = 3	reg_id         = 18a	reg_value      = 53013c"
279 [22789666891456] INFO perfrun.perfcollector <> - Event selector: group_id: 0, reg_type: 1, event_id: 3, reg_id: 18a, reg_value: 53013c, pmu_name: cpu
279 [22789666891456] INFO perfrun.perfcollector <> - DRY_RUN: "reg_type       = 1	event_id       = 4	reg_id         = 18b	reg_value      = 53023c"
279 [22789666891456] INFO perfrun.perfcollector <> - Event selector: group_id: 0, reg_type: 1, event_id: 4, reg_id: 18b, reg_value: 53023c, pmu_name: cpu
279 [22789666891456] INFO perfrun.perfcollector <> - DRY_RUN: "reg_type       = 1	event_id       = 11	reg_id         = 18c	reg_value      = 5302c0"
279 [22789666891456] INFO perfrun.perfcollector <> - Event selector: group_id: 0, reg_type: 1, event_id: 11, reg_id: 18c, reg_value: 5302c0, pmu_name: cpu
279 [22789666891456] INFO perfrun.perfcollector <> - DRY_RUN: "reg_type       = 1	event_id       = 12	reg_id         = 18d	reg_value      = 5302c2"
279 [22789666891456] INFO perfrun.perfcollector <> - Event selector: group_id: 0, reg_type: 1, event_id: 12, reg_id: 18d, reg_value: 5302c2, pmu_name: cpu
279 [22789666891456] INFO perfrun.perfcollector <> - DRY_RUN: "ESCR"
279 [22789666891456] INFO perfrun.perfcollector <> - DRY_RUN: "reg_type       = 2	event_id       = g	reg_id         = 1c8	reg_value      = 0"
280 [22789666891456] INFO perfrun.perfcollector <> - eventId: g, skip parsing event_id
280 [22789666891456] INFO perfrun.perfcollector <> - DRY_RUN: "DATA"
280 [22789666891456] INFO perfrun.perfcollector <> - DRY_RUN: "reg_type       = 4	event_id       = 2	reg_id         = 309	reg_value      = ffffffdb6100"
280 [22789666891456] INFO perfrun.perfcollector <> - eventId: 2, dataAddr: 309, dataVal: ffffffdb6100
280 [22789666891456] INFO perfrun.perfcollector <> - DRY_RUN: "reg_type       = 4	event_id       = 0	reg_id         = 30a	reg_value      = ffffffe17b7d"
280 [22789666891456] INFO perfrun.perfcollector <> - eventId: 0, dataAddr: 30a, dataVal: ffffffe17b7d
280 [22789666891456] INFO perfrun.perfcollector <> - DRY_RUN: "reg_type       = 4	event_id       = 1	reg_id         = 30b	reg_value      = ffffffdb6100"
280 [22789666891456] INFO perfrun.perfcollector <> - eventId: 1, dataAddr: 30b, dataVal: ffffffdb6100
280 [22789666891456] INFO perfrun.perfcollector <> - DRY_RUN: "reg_type       = 4	event_id       = 5	reg_id         = c1	reg_value      = ffffffe17b7d"
280 [22789666891456] INFO perfrun.perfcollector <> - eventId: 5, dataAddr: c1, dataVal: ffffffe17b7d
280 [22789666891456] INFO perfrun.perfcollector <> - DRY_RUN: "reg_type       = 4	event_id       = 6	reg_id         = c2	reg_value      = ffffffe17b7d"
280 [22789666891456] INFO perfrun.perfcollector <> - eventId: 6, dataAddr: c2, dataVal: ffffffe17b7d
280 [22789666891456] INFO perfrun.perfcollector <> - DRY_RUN: "reg_type       = 4	event_id       = 7	reg_id         = c3	reg_value      = ffffffe17b7d"
280 [22789666891456] INFO perfrun.perfcollector <> - eventId: 7, dataAddr: c3, dataVal: ffffffe17b7d
280 [22789666891456] INFO perfrun.perfcollector <> - DRY_RUN: "reg_type       = 4	event_id       = 8	reg_id         = c4	reg_value      = ffffffe17b7d"
280 [22789666891456] INFO perfrun.perfcollector <> - eventId: 8, dataAddr: c4, dataVal: ffffffe17b7d
280 [22789666891456] INFO perfrun.perfcollector <> - DRY_RUN: "reg_type       = 4	event_id       = 3	reg_id         = c5	reg_value      = fffffffe795d"
280 [22789666891456] INFO perfrun.perfcollector <> - eventId: 3, dataAddr: c5, dataVal: fffffffe795d
280 [22789666891456] INFO perfrun.perfcollector <> - DRY_RUN: "reg_type       = 4	event_id       = 4	reg_id         = c6	reg_value      = fffffffe795d"
280 [22789666891456] INFO perfrun.perfcollector <> - eventId: 4, dataAddr: c6, dataVal: fffffffe795d
280 [22789666891456] INFO perfrun.perfcollector <> - DRY_RUN: "reg_type       = 4	event_id       = 11	reg_id         = c7	reg_value      = ffffffe17b7d"
280 [22789666891456] INFO perfrun.perfcollector <> - eventId: 11, dataAddr: c7, dataVal: ffffffe17b7d
280 [22789666891456] INFO perfrun.perfcollector <> - DRY_RUN: "reg_type       = 4	event_id       = 12	reg_id         = c8	reg_value      = ffffffe17b7d"
280 [22789666891456] INFO perfrun.perfcollector <> - eventId: 12, dataAddr: c8, dataVal: ffffffe17b7d
280 [22789666891456] INFO perfrun.perfcollector <> - DRY_RUN: "Group 1:"
280 [22789666891456] INFO perfrun.perfcollector <> - id: 1
280 [22789666891456] INFO perfrun.perfcollector <> - DRY_RUN: "INST_RETIRED.ANY: event id 2"
280 [22789666891456] INFO perfrun.perfcollector <> - eventName: INST_RETIRED.ANY, eventId: 2
280 [22789666891456] INFO perfrun.perfcollector <> - DRY_RUN: "CPU_CLK_UNHALTED.THREAD: event id 0"
280 [22789666891456] INFO perfrun.perfcollector <> - eventName: CPU_CLK_UNHALTED.THREAD, eventId: 0
280 [22789666891456] INFO perfrun.perfcollector <> - DRY_RUN: "CPU_CLK_UNHALTED.REF_TSC: event id 1"
280 [22789666891456] INFO perfrun.perfcollector <> - eventName: CPU_CLK_UNHALTED.REF_TSC, eventId: 1
280 [22789666891456] INFO perfrun.perfcollector <> - DRY_RUN: "FP_ARITH_INST_RETIRED.128B_PACKED_DOUBLE: event id 9"
280 [22789666891456] INFO perfrun.perfcollector <> - eventName: FP_ARITH_INST_RETIRED.128B_PACKED_DOUBLE, eventId: 9
280 [22789666891456] INFO perfrun.perfcollector <> - DRY_RUN: "FP_ARITH_INST_RETIRED.256B_PACKED_DOUBLE: event id 10"
280 [22789666891456] INFO perfrun.perfcollector <> - eventName: FP_ARITH_INST_RETIRED.256B_PACKED_DOUBLE, eventId: 10
280 [22789666891456] INFO perfrun.perfcollector <> - DRY_RUN: "CCCR"
280 [22789666891456] INFO perfrun.perfcollector <> - DRY_RUN: "reg_type       = 1	event_id       = g	reg_id         = 38f	reg_value      = 700000003"
280 [22789666891456] INFO perfrun.perfcollector <> - eventId: g, skip parsing event_id
280 [22789666891456] INFO perfrun.perfcollector <> - Register was ignored: group_id: 1, reg_type: 1, event_id: 4294967295, reg_id: 38f, reg_value: 700000003, pmu_name: cpu
280 [22789666891456] INFO perfrun.perfcollector <> - DRY_RUN: "reg_type       = 1	event_id       = g	reg_id         = 390	reg_value      = 700000003"
280 [22789666891456] INFO perfrun.perfcollector <> - eventId: g, skip parsing event_id
280 [22789666891456] INFO perfrun.perfcollector <> - Register was ignored: group_id: 1, reg_type: 1, event_id: 4294967295, reg_id: 390, reg_value: 700000003, pmu_name: cpu
280 [22789666891456] INFO perfrun.perfcollector <> - DRY_RUN: "reg_type       = 1	event_id       = g	reg_id         = 3f1	reg_value      = 0"
280 [22789666891456] INFO perfrun.perfcollector <> - eventId: g, skip parsing event_id
280 [22789666891456] INFO perfrun.perfcollector <> - Register was ignored: group_id: 1, reg_type: 1, event_id: 4294967295, reg_id: 3f1, reg_value: 0, pmu_name: cpu
280 [22789666891456] INFO perfrun.perfcollector <> - DRY_RUN: "reg_type       = 1	event_id       = g	reg_id         = 1d9	reg_value      = 1800"
280 [22789666891456] INFO perfrun.perfcollector <> - eventId: g, skip parsing event_id
280 [22789666891456] INFO perfrun.perfcollector <> - Register was ignored: group_id: 1, reg_type: 1, event_id: 4294967295, reg_id: 1d9, reg_value: 1800, pmu_name: cpu
280 [22789666891456] INFO perfrun.perfcollector <> - DRY_RUN: "reg_type       = 1	event_id       = g	reg_id         = 38d	reg_value      = bbb"
280 [22789666891456] INFO perfrun.perfcollector <> - eventId: g, skip parsing event_id
280 [22789666891456] INFO perfrun.perfcollector <> - Register was ignored: group_id: 1, reg_type: 1, event_id: 4294967295, reg_id: 38d, reg_value: bbb, pmu_name: cpu
280 [22789666891456] INFO perfrun.perfcollector <> - DRY_RUN: "reg_type       = 1	event_id       = 9	reg_id         = 186	reg_value      = 5304c7"
280 [22789666891456] INFO perfrun.perfcollector <> - Event selector: group_id: 1, reg_type: 1, event_id: 9, reg_id: 186, reg_value: 5304c7, pmu_name: cpu
280 [22789666891456] INFO perfrun.perfcollector <> - DRY_RUN: "reg_type       = 1	event_id       = 10	reg_id         = 187	reg_value      = 5310c7"
280 [22789666891456] INFO perfrun.perfcollector <> - Event selector: group_id: 1, reg_type: 1, event_id: 10, reg_id: 187, reg_value: 5310c7, pmu_name: cpu
280 [22789666891456] INFO perfrun.perfcollector <> - DRY_RUN: "ESCR"
280 [22789666891456] INFO perfrun.perfcollector <> - DRY_RUN: "reg_type       = 2	event_id       = g	reg_id         = 1c8	reg_value      = 0"
280 [22789666891456] INFO perfrun.perfcollector <> - eventId: g, skip parsing event_id
280 [22789666891456] INFO perfrun.perfcollector <> - DRY_RUN: "DATA"
280 [22789666891456] INFO perfrun.perfcollector <> - DRY_RUN: "reg_type       = 4	event_id       = 2	reg_id         = 309	reg_value      = ffffffdb6100"
280 [22789666891456] INFO perfrun.perfcollector <> - eventId: 2, dataAddr: 309, dataVal: ffffffdb6100
280 [22789666891456] INFO perfrun.perfcollector <> - DRY_RUN: "reg_type       = 4	event_id       = 0	reg_id         = 30a	reg_value      = ffffffe17b7d"
280 [22789666891456] INFO perfrun.perfcollector <> - eventId: 0, dataAddr: 30a, dataVal: ffffffe17b7d
280 [22789666891456] INFO perfrun.perfcollector <> - DRY_RUN: "reg_type       = 4	event_id       = 1	reg_id         = 30b	reg_value      = ffffffdb6100"
280 [22789666891456] INFO perfrun.perfcollector <> - eventId: 1, dataAddr: 30b, dataVal: ffffffdb6100
280 [22789666891456] INFO perfrun.perfcollector <> - DRY_RUN: "reg_type       = 4	event_id       = 9	reg_id         = c1	reg_value      = ffffffe17b7d"
280 [22789666891456] INFO perfrun.perfcollector <> - eventId: 9, dataAddr: c1, dataVal: ffffffe17b7d
280 [22789666891456] INFO perfrun.perfcollector <> - DRY_RUN: "reg_type       = 4	event_id       = 10	reg_id         = c2	reg_value      = ffffffe17b7d"
280 [22789666891456] INFO perfrun.perfcollector <> - eventId: 10, dataAddr: c2, dataVal: ffffffe17b7d
280 [22789666891456] INFO perfrun.perfcollector <> - event name: CPU_CLK_UNHALTED.THREAD
280 [22789666891456] INFO perfrun.perfcollector <> - pmu config: cpu
280 [22789666891456] INFO perfrun.perfcollector <> - cccrAddr: ffffffff, cccrValue: 0
280 [22789666891456] INFO perfrun.perfcollector <> - dataAddr: 30a, dataValue: ffffffffffe17b7d
280 [22789666891456] INFO perfrun.perfcollector <> - escrAddr: ffffffff, escrValue: 0
280 [22789666891456] INFO perfrun.perfcollector <> - extendedPebsValue: 0
280 [22789666891456] INFO perfrun.perfcollector <> - adaptivePebsAvailable: 0
280 [22789666891456] INFO perfrun.perfcollector <> - config: event: 3c
280 [22789666891456] INFO perfrun.perfcollector <> - config: pc: 0
280 [22789666891456] INFO perfrun.perfcollector <> - config: in_tx: 0
280 [22789666891456] INFO perfrun.perfcollector <> - config: edge: 0
280 [22789666891456] INFO perfrun.perfcollector <> - config: any: 0
280 [22789666891456] INFO perfrun.perfcollector <> - config1: offcore_rsp: 0
280 [22789666891456] INFO perfrun.perfcollector <> - config: in_tx_cp: 0
280 [22789666891456] INFO perfrun.perfcollector <> - config1: ldlat: 0
280 [22789666891456] INFO perfrun.perfcollector <> - config: inv: 0
280 [22789666891456] INFO perfrun.perfcollector <> - config: umask: 0
280 [22789666891456] INFO perfrun.perfcollector <> - config: cmask: 0
280 [22789666891456] INFO perfrun.perfcollector <> - format: cpu/event=0x3c,name='CPU_CLK_UNHALTED.THREAD'/D
280 [22789666891456] INFO perfrun.perfcollector <> - event name: CPU_CLK_UNHALTED.REF_TSC
280 [22789666891456] INFO perfrun.perfcollector <> - pmu config: cpu
280 [22789666891456] INFO perfrun.perfcollector <> - cccrAddr: ffffffff, cccrValue: 0
280 [22789666891456] INFO perfrun.perfcollector <> - dataAddr: 30b, dataValue: ffffffffffdb6100
280 [22789666891456] INFO perfrun.perfcollector <> - escrAddr: ffffffff, escrValue: 0
280 [22789666891456] INFO perfrun.perfcollector <> - extendedPebsValue: 0
280 [22789666891456] INFO perfrun.perfcollector <> - adaptivePebsAvailable: 0
280 [22789666891456] INFO perfrun.perfcollector <> - config: event: 0
280 [22789666891456] INFO perfrun.perfcollector <> - config: pc: 0
280 [22789666891456] INFO perfrun.perfcollector <> - config: in_tx: 0
280 [22789666891456] INFO perfrun.perfcollector <> - config: edge: 0
280 [22789666891456] INFO perfrun.perfcollector <> - config: any: 0
280 [22789666891456] INFO perfrun.perfcollector <> - config1: offcore_rsp: 0
280 [22789666891456] INFO perfrun.perfcollector <> - config: in_tx_cp: 0
280 [22789666891456] INFO perfrun.perfcollector <> - config1: ldlat: 0
280 [22789666891456] INFO perfrun.perfcollector <> - config: inv: 0
280 [22789666891456] INFO perfrun.perfcollector <> - config: umask: 3
280 [22789666891456] INFO perfrun.perfcollector <> - config: cmask: 0
280 [22789666891456] INFO perfrun.perfcollector <> - format: cpu/umask=0x3,name='CPU_CLK_UNHALTED.REF_TSC'/D
280 [22789666891456] INFO perfrun.perfcollector <> - event name: INST_RETIRED.ANY
280 [22789666891456] INFO perfrun.perfcollector <> - pmu config: cpu
280 [22789666891456] INFO perfrun.perfcollector <> - cccrAddr: ffffffff, cccrValue: 0
280 [22789666891456] INFO perfrun.perfcollector <> - dataAddr: 309, dataValue: ffffffffffdb6100
280 [22789666891456] INFO perfrun.perfcollector <> - escrAddr: ffffffff, escrValue: 0
280 [22789666891456] INFO perfrun.perfcollector <> - extendedPebsValue: 0
280 [22789666891456] INFO perfrun.perfcollector <> - adaptivePebsAvailable: 0
280 [22789666891456] INFO perfrun.perfcollector <> - config: event: c0
280 [22789666891456] INFO perfrun.perfcollector <> - config: pc: 0
280 [22789666891456] INFO perfrun.perfcollector <> - config: in_tx: 0
280 [22789666891456] INFO perfrun.perfcollector <> - config: edge: 0
280 [22789666891456] INFO perfrun.perfcollector <> - config: any: 0
280 [22789666891456] INFO perfrun.perfcollector <> - config1: offcore_rsp: 0
280 [22789666891456] INFO perfrun.perfcollector <> - config: in_tx_cp: 0
280 [22789666891456] INFO perfrun.perfcollector <> - config1: ldlat: 0
280 [22789666891456] INFO perfrun.perfcollector <> - config: inv: 0
280 [22789666891456] INFO perfrun.perfcollector <> - config: umask: 0
280 [22789666891456] INFO perfrun.perfcollector <> - config: cmask: 0
280 [22789666891456] INFO perfrun.perfcollector <> - format: cpu/event=0xc0,name='INST_RETIRED.ANY'/D
280 [22789666891456] INFO perfrun.perfcollector <> - event name: CPU_CLK_UNHALTED.REF_XCLK
280 [22789666891456] INFO perfrun.perfcollector <> - pmu config: cpu
280 [22789666891456] INFO perfrun.perfcollector <> - cccrAddr: 18a, cccrValue: 53013c
280 [22789666891456] INFO perfrun.perfcollector <> - dataAddr: c5, dataValue: fffffffffffe795d
280 [22789666891456] INFO perfrun.perfcollector <> - escrAddr: ffffffff, escrValue: 0
280 [22789666891456] INFO perfrun.perfcollector <> - extendedPebsValue: 0
280 [22789666891456] INFO perfrun.perfcollector <> - adaptivePebsAvailable: 0
280 [22789666891456] INFO perfrun.perfcollector <> - config: event: 3c
280 [22789666891456] INFO perfrun.perfcollector <> - config: pc: 0
280 [22789666891456] INFO perfrun.perfcollector <> - config: in_tx: 0
280 [22789666891456] INFO perfrun.perfcollector <> - config: edge: 0
280 [22789666891456] INFO perfrun.perfcollector <> - config: any: 0
280 [22789666891456] INFO perfrun.perfcollector <> - config1: offcore_rsp: 0
280 [22789666891456] INFO perfrun.perfcollector <> - config: in_tx_cp: 0
280 [22789666891456] INFO perfrun.perfcollector <> - config1: ldlat: 0
280 [22789666891456] INFO perfrun.perfcollector <> - config: inv: 0
280 [22789666891456] INFO perfrun.perfcollector <> - config: umask: 1
280 [22789666891456] INFO perfrun.perfcollector <> - config: cmask: 0
280 [22789666891456] INFO perfrun.perfcollector <> - format: cpu/event=0x3c,umask=0x1,name='CPU_CLK_UNHALTED.REF_XCLK'/
280 [22789666891456] INFO perfrun.perfcollector <> - event name: CPU_CLK_UNHALTED.ONE_THREAD_ACTIVE
280 [22789666891456] INFO perfrun.perfcollector <> - pmu config: cpu
280 [22789666891456] INFO perfrun.perfcollector <> - cccrAddr: 18b, cccrValue: 53023c
280 [22789666891456] INFO perfrun.perfcollector <> - dataAddr: c6, dataValue: fffffffffffe795d
280 [22789666891456] INFO perfrun.perfcollector <> - escrAddr: ffffffff, escrValue: 0
280 [22789666891456] INFO perfrun.perfcollector <> - extendedPebsValue: 0
280 [22789666891456] INFO perfrun.perfcollector <> - adaptivePebsAvailable: 0
280 [22789666891456] INFO perfrun.perfcollector <> - config: event: 3c
280 [22789666891456] INFO perfrun.perfcollector <> - config: pc: 0
280 [22789666891456] INFO perfrun.perfcollector <> - config: in_tx: 0
280 [22789666891456] INFO perfrun.perfcollector <> - config: edge: 0
280 [22789666891456] INFO perfrun.perfcollector <> - config: any: 0
280 [22789666891456] INFO perfrun.perfcollector <> - config1: offcore_rsp: 0
280 [22789666891456] INFO perfrun.perfcollector <> - config: in_tx_cp: 0
280 [22789666891456] INFO perfrun.perfcollector <> - config1: ldlat: 0
280 [22789666891456] INFO perfrun.perfcollector <> - config: inv: 0
280 [22789666891456] INFO perfrun.perfcollector <> - config: umask: 2
280 [22789666891456] INFO perfrun.perfcollector <> - config: cmask: 0
280 [22789666891456] INFO perfrun.perfcollector <> - format: cpu/event=0x3c,umask=0x2,name='CPU_CLK_UNHALTED.ONE_THREAD_ACTIVE'/
280 [22789666891456] INFO perfrun.perfcollector <> - event name: FP_ARITH_INST_RETIRED.SCALAR_SINGLE
280 [22789666891456] INFO perfrun.perfcollector <> - pmu config: cpu
280 [22789666891456] INFO perfrun.perfcollector <> - cccrAddr: 186, cccrValue: 5302c7
280 [22789666891456] INFO perfrun.perfcollector <> - dataAddr: c1, dataValue: ffffffffffe17b7d
280 [22789666891456] INFO perfrun.perfcollector <> - escrAddr: ffffffff, escrValue: 0
280 [22789666891456] INFO perfrun.perfcollector <> - extendedPebsValue: 0
280 [22789666891456] INFO perfrun.perfcollector <> - adaptivePebsAvailable: 0
280 [22789666891456] INFO perfrun.perfcollector <> - config: event: c7
280 [22789666891456] INFO perfrun.perfcollector <> - config: pc: 0
280 [22789666891456] INFO perfrun.perfcollector <> - config: in_tx: 0
280 [22789666891456] INFO perfrun.perfcollector <> - config: edge: 0
280 [22789666891456] INFO perfrun.perfcollector <> - config: any: 0
280 [22789666891456] INFO perfrun.perfcollector <> - config1: offcore_rsp: 0
280 [22789666891456] INFO perfrun.perfcollector <> - config: in_tx_cp: 0
280 [22789666891456] INFO perfrun.perfcollector <> - config1: ldlat: 0
280 [22789666891456] INFO perfrun.perfcollector <> - config: inv: 0
280 [22789666891456] INFO perfrun.perfcollector <> - config: umask: 2
280 [22789666891456] INFO perfrun.perfcollector <> - config: cmask: 0
280 [22789666891456] INFO perfrun.perfcollector <> - format: cpu/event=0xc7,umask=0x2,name='FP_ARITH_INST_RETIRED.SCALAR_SINGLE'/
280 [22789666891456] INFO perfrun.perfcollector <> - event name: FP_ARITH_INST_RETIRED.128B_PACKED_SINGLE
280 [22789666891456] INFO perfrun.perfcollector <> - pmu config: cpu
280 [22789666891456] INFO perfrun.perfcollector <> - cccrAddr: 187, cccrValue: 5308c7
280 [22789666891456] INFO perfrun.perfcollector <> - dataAddr: c2, dataValue: ffffffffffe17b7d
280 [22789666891456] INFO perfrun.perfcollector <> - escrAddr: ffffffff, escrValue: 0
280 [22789666891456] INFO perfrun.perfcollector <> - extendedPebsValue: 0
280 [22789666891456] INFO perfrun.perfcollector <> - adaptivePebsAvailable: 0
280 [22789666891456] INFO perfrun.perfcollector <> - config: event: c7
280 [22789666891456] INFO perfrun.perfcollector <> - config: pc: 0
280 [22789666891456] INFO perfrun.perfcollector <> - config: in_tx: 0
280 [22789666891456] INFO perfrun.perfcollector <> - config: edge: 0
280 [22789666891456] INFO perfrun.perfcollector <> - config: any: 0
280 [22789666891456] INFO perfrun.perfcollector <> - config1: offcore_rsp: 0
280 [22789666891456] INFO perfrun.perfcollector <> - config: in_tx_cp: 0
280 [22789666891456] INFO perfrun.perfcollector <> - config1: ldlat: 0
280 [22789666891456] INFO perfrun.perfcollector <> - config: inv: 0
280 [22789666891456] INFO perfrun.perfcollector <> - config: umask: 8
280 [22789666891456] INFO perfrun.perfcollector <> - config: cmask: 0
280 [22789666891456] INFO perfrun.perfcollector <> - format: cpu/event=0xc7,umask=0x8,name='FP_ARITH_INST_RETIRED.128B_PACKED_SINGLE'/
280 [22789666891456] INFO perfrun.perfcollector <> - event name: FP_ARITH_INST_RETIRED.256B_PACKED_SINGLE
280 [22789666891456] INFO perfrun.perfcollector <> - pmu config: cpu
280 [22789666891456] INFO perfrun.perfcollector <> - cccrAddr: 188, cccrValue: 5320c7
280 [22789666891456] INFO perfrun.perfcollector <> - dataAddr: c3, dataValue: ffffffffffe17b7d
280 [22789666891456] INFO perfrun.perfcollector <> - escrAddr: ffffffff, escrValue: 0
280 [22789666891456] INFO perfrun.perfcollector <> - extendedPebsValue: 0
280 [22789666891456] INFO perfrun.perfcollector <> - adaptivePebsAvailable: 0
280 [22789666891456] INFO perfrun.perfcollector <> - config: event: c7
280 [22789666891456] INFO perfrun.perfcollector <> - config: pc: 0
280 [22789666891456] INFO perfrun.perfcollector <> - config: in_tx: 0
280 [22789666891456] INFO perfrun.perfcollector <> - config: edge: 0
280 [22789666891456] INFO perfrun.perfcollector <> - config: any: 0
280 [22789666891456] INFO perfrun.perfcollector <> - config1: offcore_rsp: 0
280 [22789666891456] INFO perfrun.perfcollector <> - config: in_tx_cp: 0
280 [22789666891456] INFO perfrun.perfcollector <> - config1: ldlat: 0
280 [22789666891456] INFO perfrun.perfcollector <> - config: inv: 0
280 [22789666891456] INFO perfrun.perfcollector <> - config: umask: 20
280 [22789666891456] INFO perfrun.perfcollector <> - config: cmask: 0
280 [22789666891456] INFO perfrun.perfcollector <> - format: cpu/event=0xc7,umask=0x20,name='FP_ARITH_INST_RETIRED.256B_PACKED_SINGLE'/
280 [22789666891456] INFO perfrun.perfcollector <> - event name: FP_ARITH_INST_RETIRED.SCALAR_DOUBLE
280 [22789666891456] INFO perfrun.perfcollector <> - pmu config: cpu
280 [22789666891456] INFO perfrun.perfcollector <> - cccrAddr: 189, cccrValue: 5301c7
280 [22789666891456] INFO perfrun.perfcollector <> - dataAddr: c4, dataValue: ffffffffffe17b7d
280 [22789666891456] INFO perfrun.perfcollector <> - escrAddr: ffffffff, escrValue: 0
280 [22789666891456] INFO perfrun.perfcollector <> - extendedPebsValue: 0
280 [22789666891456] INFO perfrun.perfcollector <> - adaptivePebsAvailable: 0
280 [22789666891456] INFO perfrun.perfcollector <> - config: event: c7
280 [22789666891456] INFO perfrun.perfcollector <> - config: pc: 0
280 [22789666891456] INFO perfrun.perfcollector <> - config: in_tx: 0
280 [22789666891456] INFO perfrun.perfcollector <> - config: edge: 0
280 [22789666891456] INFO perfrun.perfcollector <> - config: any: 0
280 [22789666891456] INFO perfrun.perfcollector <> - config1: offcore_rsp: 0
280 [22789666891456] INFO perfrun.perfcollector <> - config: in_tx_cp: 0
280 [22789666891456] INFO perfrun.perfcollector <> - config1: ldlat: 0
280 [22789666891456] INFO perfrun.perfcollector <> - config: inv: 0
280 [22789666891456] INFO perfrun.perfcollector <> - config: umask: 1
280 [22789666891456] INFO perfrun.perfcollector <> - config: cmask: 0
280 [22789666891456] INFO perfrun.perfcollector <> - format: cpu/event=0xc7,umask=0x1,name='FP_ARITH_INST_RETIRED.SCALAR_DOUBLE'/
281 [22789666891456] INFO perfrun.perfcollector <> - event name: FP_ARITH_INST_RETIRED.128B_PACKED_DOUBLE
281 [22789666891456] INFO perfrun.perfcollector <> - pmu config: cpu
281 [22789666891456] INFO perfrun.perfcollector <> - cccrAddr: 186, cccrValue: 5304c7
281 [22789666891456] INFO perfrun.perfcollector <> - dataAddr: c1, dataValue: ffffffffffe17b7d
281 [22789666891456] INFO perfrun.perfcollector <> - escrAddr: ffffffff, escrValue: 0
281 [22789666891456] INFO perfrun.perfcollector <> - extendedPebsValue: 0
281 [22789666891456] INFO perfrun.perfcollector <> - adaptivePebsAvailable: 0
281 [22789666891456] INFO perfrun.perfcollector <> - config: event: c7
281 [22789666891456] INFO perfrun.perfcollector <> - config: pc: 0
281 [22789666891456] INFO perfrun.perfcollector <> - config: in_tx: 0
281 [22789666891456] INFO perfrun.perfcollector <> - config: edge: 0
281 [22789666891456] INFO perfrun.perfcollector <> - config: any: 0
281 [22789666891456] INFO perfrun.perfcollector <> - config1: offcore_rsp: 0
281 [22789666891456] INFO perfrun.perfcollector <> - config: in_tx_cp: 0
281 [22789666891456] INFO perfrun.perfcollector <> - config1: ldlat: 0
281 [22789666891456] INFO perfrun.perfcollector <> - config: inv: 0
281 [22789666891456] INFO perfrun.perfcollector <> - config: umask: 4
281 [22789666891456] INFO perfrun.perfcollector <> - config: cmask: 0
281 [22789666891456] INFO perfrun.perfcollector <> - format: cpu/event=0xc7,umask=0x4,name='FP_ARITH_INST_RETIRED.128B_PACKED_DOUBLE'/
281 [22789666891456] INFO perfrun.perfcollector <> - event name: FP_ARITH_INST_RETIRED.256B_PACKED_DOUBLE
281 [22789666891456] INFO perfrun.perfcollector <> - pmu config: cpu
281 [22789666891456] INFO perfrun.perfcollector <> - cccrAddr: 187, cccrValue: 5310c7
281 [22789666891456] INFO perfrun.perfcollector <> - dataAddr: c2, dataValue: ffffffffffe17b7d
281 [22789666891456] INFO perfrun.perfcollector <> - escrAddr: ffffffff, escrValue: 0
281 [22789666891456] INFO perfrun.perfcollector <> - extendedPebsValue: 0
281 [22789666891456] INFO perfrun.perfcollector <> - adaptivePebsAvailable: 0
281 [22789666891456] INFO perfrun.perfcollector <> - config: event: c7
281 [22789666891456] INFO perfrun.perfcollector <> - config: pc: 0
281 [22789666891456] INFO perfrun.perfcollector <> - config: in_tx: 0
281 [22789666891456] INFO perfrun.perfcollector <> - config: edge: 0
281 [22789666891456] INFO perfrun.perfcollector <> - config: any: 0
281 [22789666891456] INFO perfrun.perfcollector <> - config1: offcore_rsp: 0
281 [22789666891456] INFO perfrun.perfcollector <> - config: in_tx_cp: 0
281 [22789666891456] INFO perfrun.perfcollector <> - config1: ldlat: 0
281 [22789666891456] INFO perfrun.perfcollector <> - config: inv: 0
281 [22789666891456] INFO perfrun.perfcollector <> - config: umask: 10
281 [22789666891456] INFO perfrun.perfcollector <> - config: cmask: 0
281 [22789666891456] INFO perfrun.perfcollector <> - format: cpu/event=0xc7,umask=0x10,name='FP_ARITH_INST_RETIRED.256B_PACKED_DOUBLE'/
281 [22789666891456] INFO perfrun.perfcollector <> - event name: INST_RETIRED.X87
281 [22789666891456] INFO perfrun.perfcollector <> - pmu config: cpu
281 [22789666891456] INFO perfrun.perfcollector <> - cccrAddr: 18c, cccrValue: 5302c0
281 [22789666891456] INFO perfrun.perfcollector <> - dataAddr: c7, dataValue: ffffffffffe17b7d
281 [22789666891456] INFO perfrun.perfcollector <> - escrAddr: ffffffff, escrValue: 0
281 [22789666891456] INFO perfrun.perfcollector <> - extendedPebsValue: 0
281 [22789666891456] INFO perfrun.perfcollector <> - adaptivePebsAvailable: 0
281 [22789666891456] INFO perfrun.perfcollector <> - config: event: c0
281 [22789666891456] INFO perfrun.perfcollector <> - config: pc: 0
281 [22789666891456] INFO perfrun.perfcollector <> - config: in_tx: 0
281 [22789666891456] INFO perfrun.perfcollector <> - config: edge: 0
281 [22789666891456] INFO perfrun.perfcollector <> - config: any: 0
281 [22789666891456] INFO perfrun.perfcollector <> - config1: offcore_rsp: 0
281 [22789666891456] INFO perfrun.perfcollector <> - config: in_tx_cp: 0
281 [22789666891456] INFO perfrun.perfcollector <> - config1: ldlat: 0
281 [22789666891456] INFO perfrun.perfcollector <> - config: inv: 0
281 [22789666891456] INFO perfrun.perfcollector <> - config: umask: 2
281 [22789666891456] INFO perfrun.perfcollector <> - config: cmask: 0
281 [22789666891456] INFO perfrun.perfcollector <> - format: cpu/event=0xc0,umask=0x2,name='INST_RETIRED.X87'/
281 [22789666891456] INFO perfrun.perfcollector <> - event name: UOPS_RETIRED.RETIRE_SLOTS
281 [22789666891456] INFO perfrun.perfcollector <> - pmu config: cpu
281 [22789666891456] INFO perfrun.perfcollector <> - cccrAddr: 18d, cccrValue: 5302c2
281 [22789666891456] INFO perfrun.perfcollector <> - dataAddr: c8, dataValue: ffffffffffe17b7d
281 [22789666891456] INFO perfrun.perfcollector <> - escrAddr: ffffffff, escrValue: 0
281 [22789666891456] INFO perfrun.perfcollector <> - extendedPebsValue: 0
281 [22789666891456] INFO perfrun.perfcollector <> - adaptivePebsAvailable: 0
281 [22789666891456] INFO perfrun.perfcollector <> - config: event: c2
281 [22789666891456] INFO perfrun.perfcollector <> - config: pc: 0
281 [22789666891456] INFO perfrun.perfcollector <> - config: in_tx: 0
281 [22789666891456] INFO perfrun.perfcollector <> - config: edge: 0
281 [22789666891456] INFO perfrun.perfcollector <> - config: any: 0
281 [22789666891456] INFO perfrun.perfcollector <> - config1: offcore_rsp: 0
281 [22789666891456] INFO perfrun.perfcollector <> - config: in_tx_cp: 0
281 [22789666891456] INFO perfrun.perfcollector <> - config1: ldlat: 0
281 [22789666891456] INFO perfrun.perfcollector <> - config: inv: 0
281 [22789666891456] INFO perfrun.perfcollector <> - config: umask: 2
281 [22789666891456] INFO perfrun.perfcollector <> - config: cmask: 0
281 [22789666891456] INFO perfrun.perfcollector <> - format: cpu/event=0xc2,umask=0x2,name='UOPS_RETIRED.RETIRE_SLOTS'/
281 [22789666891456] INFO perfrun.perfcollector <> - event: cpu/event=0x3c,name='CPU_CLK_UNHALTED.THREAD'/Duk, added for counting
281 [22789666891456] INFO perfrun.perfcollector <> - event: cpu/umask=0x3,name='CPU_CLK_UNHALTED.REF_TSC'/Duk, added for counting
281 [22789666891456] INFO perfrun.perfcollector <> - event: cpu/event=0xc0,name='INST_RETIRED.ANY'/Duk, added for counting
281 [22789666891456] INFO perfrun.perfcollector <> - event: cpu/event=0x3c,umask=0x1,name='CPU_CLK_UNHALTED.REF_XCLK'/uk, added for counting
281 [22789666891456] INFO perfrun.perfcollector <> - event: cpu/event=0x3c,umask=0x2,name='CPU_CLK_UNHALTED.ONE_THREAD_ACTIVE'/uk, added for counting
281 [22789666891456] INFO perfrun.perfcollector <> - event: cpu/event=0xc7,umask=0x2,name='FP_ARITH_INST_RETIRED.SCALAR_SINGLE'/uk, added for counting
281 [22789666891456] INFO perfrun.perfcollector <> - event: cpu/event=0xc7,umask=0x8,name='FP_ARITH_INST_RETIRED.128B_PACKED_SINGLE'/uk, added for counting
281 [22789666891456] INFO perfrun.perfcollector <> - event: cpu/event=0xc7,umask=0x20,name='FP_ARITH_INST_RETIRED.256B_PACKED_SINGLE'/uk, added for counting
281 [22789666891456] INFO perfrun.perfcollector <> - event: cpu/event=0xc7,umask=0x1,name='FP_ARITH_INST_RETIRED.SCALAR_DOUBLE'/uk, added for counting
281 [22789666891456] INFO perfrun.perfcollector <> - event: cpu/event=0xc7,umask=0x4,name='FP_ARITH_INST_RETIRED.128B_PACKED_DOUBLE'/uk, added for counting
281 [22789666891456] INFO perfrun.perfcollector <> - event: cpu/event=0xc7,umask=0x10,name='FP_ARITH_INST_RETIRED.256B_PACKED_DOUBLE'/uk, added for counting
281 [22789666891456] INFO perfrun.perfcollector <> - event: cpu/event=0xc0,umask=0x2,name='INST_RETIRED.X87'/uk, added for counting
281 [22789666891456] INFO perfrun.perfcollector <> - event: cpu/event=0xc2,umask=0x2,name='UOPS_RETIRED.RETIRE_SLOTS'/uk, added for counting
281 [22789666891456] INFO perfrun.perfcollector <> - attaching to pid: 4294967295, collect mode: 1, rc modes: 3
296 [22789655844544] WARN perfrun.perfcollector <> - Perf stat trace pipe capacity: read = 1048576, write = 1048576, at file: vcs/perfrun1/plugins/perfcollector/src/profiler.cpp:765
307 [22789655844544] INFO perfrun.sdk <> - runCmd: /opt/intel/oneapi/vtune/2023.1.0/bin64/amplxe-perf stat -v --log-fd 10 --scale -x ; -e cpu/event=0x3c,name='CPU_CLK_UNHALTED.THREAD'/Duk,cpu/umask=0x3,name='CPU_CLK_UNHALTED.REF_TSC'/Duk,cpu/event=0xc0,name='INST_RETIRED.ANY'/Duk,cpu/event=0x3c,umask=0x1,name='CPU_CLK_UNHALTED.REF_XCLK'/uk,cpu/event=0x3c,umask=0x2,name='CPU_CLK_UNHALTED.ONE_THREAD_ACTIVE'/uk,cpu/event=0xc7,umask=0x2,name='FP_ARITH_INST_RETIRED.SCALAR_SINGLE'/uk,cpu/event=0xc7,umask=0x8,name='FP_ARITH_INST_RETIRED.128B_PACKED_SINGLE'/uk,cpu/event=0xc7,umask=0x20,name='FP_ARITH_INST_RETIRED.256B_PACKED_SINGLE'/uk,cpu/event=0xc7,umask=0x1,name='FP_ARITH_INST_RETIRED.SCALAR_DOUBLE'/uk,cpu/event=0xc7,umask=0x4,name='FP_ARITH_INST_RETIRED.128B_PACKED_DOUBLE'/uk,cpu/event=0xc7,umask=0x10,name='FP_ARITH_INST_RETIRED.256B_PACKED_DOUBLE'/uk,cpu/event=0xc0,umask=0x2,name='INST_RETIRED.X87'/uk,cpu/event=0xc2,umask=0x2,name='UOPS_RETIRED.RETIRE_SLOTS'/uk /opt/intel/oneapi/vtune/2023.1.0/bin64/amplxe-perf-sync dryrun sys
308 [22789655844544] INFO perfrun.sdk <> - runCmd started PID 2288057
501 [22789655844544] INFO perfrun.perfcollector <> - Monitor: runCmd RC = true
503 [22789666891456] INFO perfrun.launcher <> - plugin [aoclprofile] was disabled because it doesn't support the given collection type.
503 [22789666891456] INFO perfrun.tpss <> - initialize tpss controller
503 [22789666891456] INFO perfrun.tpss <> - configure collection mode: value = cpu:counters:nostack
503 [22789666891456] INFO perfrun.tpss <> - configure collection mode: value = cpu:stack
503 [22789666891456] INFO perfrun.tpss <> - default obj-size-min=1024
503 [22789666891456] INFO perfrun.tpss <> - default hash-table-size=0
503 [22789666891456] INFO perfrun.launcher <> - plugin [media] was disabled because it doesn't support the given collection type.
503 [22789666891456] INFO perfrun.launcher <> - plugin [] was disabled because it doesn't support the given collection type.
503 [22789666891456] INFO perfrun.launcher <> - plugin [] was disabled because it doesn't support the given collection type.
503 [22789666891456] INFO perfrun.launcher <> - plugin [parallelfs] was disabled because it doesn't support the given collection type.
503 [22789666891456] INFO perfrun.launcher <> - plugin [power] was disabled because it doesn't support the given collection type.
503 [22789666891456] INFO perfrun.launcher <> - plugin [hwloc] was disabled because it doesn't support the given collection type.
503 [22789666891456] INFO perfrun.launcher <> - plugin [ipmwatch] was disabled because it doesn't support the given collection type.
503 [22789666891456] INFO perfrun.launcher <> - plugin [os_counters] was disabled because it doesn't support the given collection type.
503 [22789666891456] INFO perfrun.launcher <> - plugin [l0_metrics] was disabled because it doesn't support the given collection type.
503 [22789810243456] INFO perfrun.launcher <> - set environment variable: LD_LIBRARY_PATH = /opt/intel/oneapi/vtune/2023.1.0/lib32/runtime:/opt/intel/oneapi/vtune/2023.1.0/lib64/runtime:/opt/intel/oneapi/tbb/2021.5.1/env/../lib/intel64/gcc4.8:/opt/intel/oneapi/mpi/2021.5.1//libfabric/lib:/opt/intel/oneapi/mpi/2021.5.1//lib/release:/opt/intel/oneapi/mpi/2021.5.1//lib:/opt/intel/oneapi/mkl/2022.0.2/lib/intel64:/opt/intel/oneapi/itac/2021.5.0/slib:/opt/intel/oneapi/debugger/2021.5.0/gdb/intel64/lib:/opt/intel/oneapi/debugger/2021.5.0/libipt/intel64/lib:/opt/intel/oneapi/debugger/2021.5.0/dep/lib:/opt/intel/oneapi/compiler/2022.0.2/linux/lib:/opt/intel/oneapi/compiler/2022.0.2/linux/lib/x64:/opt/intel/oneapi/compiler/2022.0.2/linux/lib/oclfpga/host/linux64/lib:/opt/intel/oneapi/compiler/2022.0.2/linux/compiler/lib/intel64_lin
503 [22789810243456] INFO perfrun.launcher <> - set environment variable: INTEL_LIBITTNOTIFY32 = /opt/intel/oneapi/vtune/2023.1.0/lib32/runtime/libittnotify_collector.so
503 [22789810243456] INFO perfrun.launcher <> - set environment variable: INTEL_LIBITTNOTIFY64 = /opt/intel/oneapi/vtune/2023.1.0/lib64/runtime/libittnotify_collector.so
503 [22789810243456] INFO perfrun.launcher <> - set environment variable: INTEL_ITTNOTIFY_GROUPS = 
503 [22789810243456] INFO perfrun.launcher <> - set environment variable: INTEL_JIT_PROFILER32 = /opt/intel/oneapi/vtune/2023.1.0/lib32/runtime/libittnotify_collector.so
503 [22789810243456] INFO perfrun.launcher <> - set environment variable: INTEL_JIT_PROFILER64 = /opt/intel/oneapi/vtune/2023.1.0/lib64/runtime/libittnotify_collector.so
503 [22789810243456] INFO perfrun.launcher <> - set environment variable: OMP_TOOL_LIBRARIES = /opt/intel/oneapi/vtune/2023.1.0/lib32/runtime/libittnotify_collector.so:/opt/intel/oneapi/vtune/2023.1.0/lib64/runtime/libittnotify_collector.so
503 [22789810243456] INFO perfrun.launcher <> - set environment variable: ENABLE_JITPROFILING = 1
503 [22789810243456] INFO perfrun.launcher <> - set environment variable: CL_CONFIG_USE_VTUNE = True
503 [22789810243456] INFO perfrun.launcher <> - set environment variable: LD_PRELOAD = libittnotify_collector.so:
503 [22789810243456] INFO perfrun.launcher <> - set environment variable: KMP_FORKJOIN_FRAMES = 0
503 [22789810243456] INFO perfrun.launcher <> - set environment variable: KMP_FORKJOIN_FRAMES_MODE = 0
504 [22789810243456] INFO perfrun.launcher <> - set environment variable: OMP_TOOL = disabled
504 [22789810243456] INFO perfrun.launcher <> - set environment variable: INTEL_MRTE_DATA_DIR = /home/course/hpc/users/2022012388/exp8/result.conv2/data.35
504 [22789810243456] INFO perfrun.launcher <> - set environment variable: INTEL_MRTE_HOST_NAME = conv2
504 [22789810243456] INFO perfrun.launcher <> - set environment variable: JAVA_TOOL_OPTIONS = -agentlib:amplxe_tpssmrte_javaprof_1.0 -Dsun.boot.library.path=/opt/intel/oneapi/vtune/2023.1.0/lib32/runtime:/opt/intel/oneapi/vtune/2023.1.0/lib64/runtime
504 [22789810243456] INFO perfrun.launcher <> - set environment variable: LD_LIBRARY_PATH = /opt/intel/oneapi/vtune/2023.1.0/lib32/runtime:/opt/intel/oneapi/vtune/2023.1.0/lib64/runtime:/opt/intel/oneapi/tbb/2021.5.1/env/../lib/intel64/gcc4.8:/opt/intel/oneapi/mpi/2021.5.1//libfabric/lib:/opt/intel/oneapi/mpi/2021.5.1//lib/release:/opt/intel/oneapi/mpi/2021.5.1//lib:/opt/intel/oneapi/mkl/2022.0.2/lib/intel64:/opt/intel/oneapi/itac/2021.5.0/slib:/opt/intel/oneapi/debugger/2021.5.0/gdb/intel64/lib:/opt/intel/oneapi/debugger/2021.5.0/libipt/intel64/lib:/opt/intel/oneapi/debugger/2021.5.0/dep/lib:/opt/intel/oneapi/compiler/2022.0.2/linux/lib:/opt/intel/oneapi/compiler/2022.0.2/linux/lib/x64:/opt/intel/oneapi/compiler/2022.0.2/linux/lib/oclfpga/host/linux64/lib:/opt/intel/oneapi/compiler/2022.0.2/linux/compiler/lib/intel64_lin
504 [22789810243456] INFO perfrun.launcher <> - set environment variable: CORECLR_ENABLE_PROFILING = 1
504 [22789810243456] INFO perfrun.launcher <> - set environment variable: CORECLR_PROFILER = {AA5E4821-E3B1-479c-B7FF-5AD047D22CED}
504 [22789810243456] INFO perfrun.launcher <> - set environment variable: CORECLR_PROFILER_PATH = /opt/intel/oneapi/vtune/2023.1.0/lib64/libamplxe_samplingmrte_clrprof_1.0.so
504 [22789810243456] INFO perfrun.launcher <> - set environment variable: INTEL_MRTE_PROFILER_MODE = mixed
504 [22789810243456] INFO perfrun.launcher <> - RpcServer: run RPC server to handle requests
505 [22789810243456] INFO perfrun.launcher <> - Launcher: command line to start before modification = ./run.sh 2022012388
505 [22789810243456] INFO perfrun.launcher <> - Launcher: command line to start after modification = /opt/intel/oneapi/vtune/2023.1.0/bin64/pin -error_file /home/course/hpc/users/2022012388/exp8/result.conv2/data.35/pinerr.tpsslog -detach_reattach -follow_execv -tool_load_option deepbind -t64 /opt/intel/oneapi/vtune/2023.1.0/lib64/libtpsstool.so -t /opt/intel/oneapi/vtune/2023.1.0/lib32/libtpsstool.so -server_name tpss_ipc.2287917 -prd_dir /opt/intel/oneapi/vtune/2023.1.0 -- ./run.sh 2022012388
