13 [23039159453568] INFO perfrun.launcher <> - Launcher main begin
15 [23039159453568] INFO perfrun.launcher <> - MessageCatalogInit finished
15 [23039159453568] INFO perfrun.launcher <> - Launcher instance created
15 [23039159453568] INFO perfrun.launcher <> - argc = 7; cmdline = /opt/intel/oneapi/vtune/2023.1.0/bin64/amplxe-runss --ui-output-format xml --ui-output-fd 5 --option-file /home/course/hpc/users/2022012388/exp8/result.conv2/config/runss.options.24 
258 [23039159453568] INFO perfrun.launcher <> - create msngr2::ICliToolContext
259 [23039159453568] INFO perfrun.launcher <> - create file finder object
259 [23039159453568] INFO perfrun.launcher <> - create a result directory: pattern = /home/course/hpc/users/2022012388/exp8/result.conv2 pid = 4294967295
262 [23039159453568] INFO perfrun.sdk <> - checked that the directory /home/course/hpc/users/2022012388/exp8/result.conv2 is a local directory
262 [23039159453568] INFO perfrun.sdk <> - the directory /home/course/hpc/users/2022012388/exp8/result.conv2 is located on a share or its FS ID is unknown 26985
262 [23039159453568] INFO perfrun.sdk <> - checked that the directory /tmp/amplxe-tmp-2022012388 is a local directory
262 [23039159453568] INFO perfrun.sdk <> - the directory /tmp/amplxe-tmp-2022012388 is located on a share or its FS ID is unknown 2035054128
265 [23039159453568] INFO perfrun.launcher <> - create data directory = /home/course/hpc/users/2022012388/exp8/result.conv2/data.24
267 [23039159453568] INFO perfrun.launcher <> - Creating the master collection flag
267 [23039159453568] INFO perfrun.launcher <> - Done creating the master collection flag
270 [23039016167104] INFO perfrun.launcher <> - plugin [remoteplug] was disabled because it doesn't support the given collection type.
270 [23039016167104] INFO perfrun.sdk <> - Allocating TMU :/home/course/hpc/users/2022012388/exp8/result.conv2/data.24/systemcollector-2284288-conv2.sc
271 [23039016167104] INFO perfrun.launcher <> - plugin [vdso] was disabled because it doesn't support the given collection type.
271 [23039016167104] INFO perfrun.launcher <> - plugin [ptracecollector] was disabled because it doesn't support the given collection type.
271 [23039016167104] INFO perfrun.launcher <> - plugin [gpu] was disabled because it doesn't support the given collection type.
271 [23039016167104] INFO perfrun.launcher <> - plugin [] was disabled because it doesn't support the given collection type.
271 [23039016167104] INFO perfrun.launcher <> - plugin [] was disabled because it doesn't support the given collection type.
271 [23039016167104] INFO perfrun.launcher <> - plugin [] was disabled because it doesn't support the given collection type.
271 [23039016167104] INFO perfrun.mrte <> - system-wide mode is 0
271 [23039016167104] INFO perfrun.mrte <> - Getting  mrte profiling environment ...
285 [23039016167104] INFO perfrun.mrte <> - INTEL_MRTE_DATA_DIR=/home/course/hpc/users/2022012388/exp8/result.conv2/data.24
285 [23039016167104] INFO perfrun.mrte <> - INTEL_MRTE_HOST_NAME=conv2
285 [23039016167104] INFO perfrun.mrte <> - JAVA_TOOL_OPTIONS=-agentlib:amplxe_tpssmrte_javaprof_1.0 -Dsun.boot.library.path=/opt/intel/oneapi/vtune/2023.1.0/lib32/runtime:/opt/intel/oneapi/vtune/2023.1.0/lib64/runtime
285 [23039016167104] INFO perfrun.mrte <> - LD_LIBRARY_PATH=/opt/intel/oneapi/vtune/2023.1.0/lib32/runtime:/opt/intel/oneapi/vtune/2023.1.0/lib64/runtime:/opt/intel/oneapi/tbb/2021.5.1/env/../lib/intel64/gcc4.8:/opt/intel/oneapi/mpi/2021.5.1//libfabric/lib:/opt/intel/oneapi/mpi/2021.5.1//lib/release:/opt/intel/oneapi/mpi/2021.5.1//lib:/opt/intel/oneapi/mkl/2022.0.2/lib/intel64:/opt/intel/oneapi/itac/2021.5.0/slib:/opt/intel/oneapi/debugger/2021.5.0/gdb/intel64/lib:/opt/intel/oneapi/debugger/2021.5.0/libipt/intel64/lib:/opt/intel/oneapi/debugger/2021.5.0/dep/lib:/opt/intel/oneapi/compiler/2022.0.2/linux/lib:/opt/intel/oneapi/compiler/2022.0.2/linux/lib/x64:/opt/intel/oneapi/compiler/2022.0.2/linux/lib/oclfpga/host/linux64/lib:/opt/intel/oneapi/compiler/2022.0.2/linux/compiler/lib/intel64_lin
285 [23039016167104] INFO perfrun.mrte <> - CORECLR_ENABLE_PROFILING=1
285 [23039016167104] INFO perfrun.mrte <> - CORECLR_PROFILER={AA5E4821-E3B1-479c-B7FF-5AD047D22CED}
285 [23039016167104] INFO perfrun.mrte <> - CORECLR_PROFILER_PATH=/opt/intel/oneapi/vtune/2023.1.0/lib64/libamplxe_samplingmrte_clrprof_1.0.so
285 [23039016167104] INFO perfrun.mrte <> - INTEL_MRTE_PROFILER_MODE=mixed
285 [23039016167104] INFO perfrun.mrte <> - Data directory: /home/course/hpc/users/2022012388/exp8/result.conv2/data.24
285 [23039016167104] INFO perfrun.mrte <> - Mrte plugin is initialized
285 [23039016167104] INFO perfrun.launcher <> - plugin [emon] was disabled because it doesn't support the given collection type.
285 [23039016167104] INFO perfrun.launcher <> - plugin [cuscol] was disabled because it doesn't support the given collection type.
285 [23039016167104] INFO perfrun.launcher <> - plugin [stdsrc] was disabled because it doesn't support the given collection type.
285 [23039016167104] INFO perfrun.launcher <> - plugin [sep] was disabled because it doesn't support the given collection type.
285 [23039016167104] INFO perfrun.launcher <> - plugin [vtsspp] was disabled because it doesn't support the given collection type.
285 [23039016167104] INFO perfrun.sdk <> - Reading value (0) from file: /proc/sys/kernel/perf_event_paranoid
285 [23039016167104] INFO perfrun.perfcollector <> - checking access to: /opt/intel/oneapi/vtune/2023.1.0/bin64/amplxe-perf-priv
287 [23039016167104] INFO perfrun.perfcollector <> - cpu: family = 6 model = 79
288 [23039016167104] INFO perfrun.perfcollector <> - dir found: /sys/bus/event_source/devices/software
288 [23039016167104] INFO perfrun.perfcollector <> - format: pmu format subdir doesn't exist
288 [23039016167104] INFO perfrun.perfcollector <> - hwInfo: not set, pmuFam: software
288 [23039016167104] INFO perfrun.perfcollector <> - pmu added: family: software, id: 0
288 [23039016167104] INFO perfrun.perfcollector <> - dir found: /sys/bus/event_source/devices/uncore_imc_5
288 [23039016167104] INFO perfrun.perfcollector <> - format: event config:0-7 mask:0-7
288 [23039016167104] INFO perfrun.perfcollector <> - format: edge config:18 mask:18
289 [23039016167104] INFO perfrun.perfcollector <> - format: inv config:23 mask:23
289 [23039016167104] INFO perfrun.perfcollector <> - format: umask config:8-15 mask:8-15
289 [23039016167104] INFO perfrun.perfcollector <> - format: thresh config:24-31 mask:24-31
289 [23039016167104] INFO perfrun.perfcollector <> - hwInfo: PERF_IMC_PMU_DETAILS
289 [23039016167104] INFO perfrun.perfcollector <> - pmu added: family: uncore_imc, id: 5
289 [23039016167104] INFO perfrun.perfcollector <> - dir found: /sys/bus/event_source/devices/uncore_sbox_2
289 [23039016167104] INFO perfrun.perfcollector <> - format: event config:0-7 mask:0-7
289 [23039016167104] INFO perfrun.perfcollector <> - format: edge config:18 mask:18
289 [23039016167104] INFO perfrun.perfcollector <> - format: inv config:23 mask:23
289 [23039016167104] INFO perfrun.perfcollector <> - format: umask config:8-15 mask:8-15
289 [23039016167104] INFO perfrun.perfcollector <> - format: tid_en config:19 mask:19
289 [23039016167104] INFO perfrun.perfcollector <> - format: thresh config:24-31 mask:24-31
289 [23039016167104] INFO perfrun.perfcollector <> - hwInfo: not set, pmuFam: uncore_sbox
290 [23039016167104] INFO perfrun.perfcollector <> - pmu added: family: uncore_sbox, id: 2
290 [23039016167104] INFO perfrun.perfcollector <> - dir found: /sys/bus/event_source/devices/uncore_cbox_8
290 [23039016167104] INFO perfrun.perfcollector <> - format: event config:0-7 mask:0-7
290 [23039016167104] INFO perfrun.perfcollector <> - format: filter_link config1:6-8 mask:6-8
290 [23039016167104] INFO perfrun.perfcollector <> - format: filter_c6 config1:61 mask:61
290 [23039016167104] INFO perfrun.perfcollector <> - format: edge config:18 mask:18
290 [23039016167104] INFO perfrun.perfcollector <> - format: filter_isoc config1:63 mask:63
290 [23039016167104] INFO perfrun.perfcollector <> - format: filter_tid config1:0-5 mask:0-5
290 [23039016167104] INFO perfrun.perfcollector <> - format: filter_nid config1:32-47 mask:32-47
291 [23039016167104] INFO perfrun.perfcollector <> - format: filter_nc config1:62 mask:62
291 [23039016167104] INFO perfrun.perfcollector <> - format: umask config:8-15 mask:8-15
291 [23039016167104] INFO perfrun.perfcollector <> - format: tid_en config:19 mask:19
291 [23039016167104] INFO perfrun.perfcollector <> - format: thresh config:24-31 mask:24-31
291 [23039016167104] INFO perfrun.perfcollector <> - format: filter_state config1:17-23 mask:17-23
291 [23039016167104] INFO perfrun.perfcollector <> - format: filter_opc config1:52-60 mask:52-60
291 [23039016167104] INFO perfrun.perfcollector <> - hwInfo: PERF_CBOX_PMU_DETAILS
291 [23039016167104] INFO perfrun.perfcollector <> - pmu added: family: uncore_cbox, id: 8
291 [23039016167104] INFO perfrun.perfcollector <> - dir found: /sys/bus/event_source/devices/uncore_cbox_13
291 [23039016167104] INFO perfrun.perfcollector <> - format: event config:0-7 mask:0-7
291 [23039016167104] INFO perfrun.perfcollector <> - format: filter_link config1:6-8 mask:6-8
292 [23039016167104] INFO perfrun.perfcollector <> - format: filter_c6 config1:61 mask:61
292 [23039016167104] INFO perfrun.perfcollector <> - format: edge config:18 mask:18
292 [23039016167104] INFO perfrun.perfcollector <> - format: filter_isoc config1:63 mask:63
292 [23039016167104] INFO perfrun.perfcollector <> - format: filter_tid config1:0-5 mask:0-5
292 [23039016167104] INFO perfrun.perfcollector <> - format: filter_nid config1:32-47 mask:32-47
292 [23039016167104] INFO perfrun.perfcollector <> - format: filter_nc config1:62 mask:62
292 [23039016167104] INFO perfrun.perfcollector <> - format: umask config:8-15 mask:8-15
292 [23039016167104] INFO perfrun.perfcollector <> - format: tid_en config:19 mask:19
293 [23039016167104] INFO perfrun.perfcollector <> - format: thresh config:24-31 mask:24-31
293 [23039016167104] INFO perfrun.perfcollector <> - format: filter_state config1:17-23 mask:17-23
293 [23039016167104] INFO perfrun.perfcollector <> - format: filter_opc config1:52-60 mask:52-60
293 [23039016167104] INFO perfrun.perfcollector <> - hwInfo: PERF_CBOX_PMU_DETAILS
293 [23039016167104] INFO perfrun.perfcollector <> - pmu added: family: uncore_cbox, id: 13
293 [23039016167104] INFO perfrun.perfcollector <> - dir found: /sys/bus/event_source/devices/uncore_r2pcie
293 [23039016167104] INFO perfrun.perfcollector <> - format: event config:0-7 mask:0-7
293 [23039016167104] INFO perfrun.perfcollector <> - format: edge config:18 mask:18
293 [23039016167104] INFO perfrun.perfcollector <> - format: inv config:23 mask:23
293 [23039016167104] INFO perfrun.perfcollector <> - format: umask config:8-15 mask:8-15
293 [23039016167104] INFO perfrun.perfcollector <> - format: thresh config:24-31 mask:24-31
293 [23039016167104] INFO perfrun.perfcollector <> - hwInfo: not set, pmuFam: uncore_r2pcie
293 [23039016167104] INFO perfrun.perfcollector <> - pmu added: family: uncore_r2pcie, id: 0
293 [23039016167104] INFO perfrun.perfcollector <> - dir found: /sys/bus/event_source/devices/uncore_sbox_0
294 [23039016167104] INFO perfrun.perfcollector <> - format: event config:0-7 mask:0-7
294 [23039016167104] INFO perfrun.perfcollector <> - format: edge config:18 mask:18
294 [23039016167104] INFO perfrun.perfcollector <> - format: inv config:23 mask:23
294 [23039016167104] INFO perfrun.perfcollector <> - format: umask config:8-15 mask:8-15
294 [23039016167104] INFO perfrun.perfcollector <> - format: tid_en config:19 mask:19
294 [23039016167104] INFO perfrun.perfcollector <> - format: thresh config:24-31 mask:24-31
294 [23039016167104] INFO perfrun.perfcollector <> - hwInfo: not set, pmuFam: uncore_sbox
294 [23039016167104] INFO perfrun.perfcollector <> - pmu added: family: uncore_sbox, id: 0
294 [23039016167104] INFO perfrun.perfcollector <> - dir found: /sys/bus/event_source/devices/uncore_qpi_1
294 [23039016167104] INFO perfrun.perfcollector <> - format: mask_rnid4 config2:31 mask:31
294 [23039016167104] INFO perfrun.perfcollector <> - format: mask_rnid30 config2:32-35 mask:32-35
295 [23039016167104] INFO perfrun.perfcollector <> - format: match_rnid30 config1:32-35 mask:32-35
295 [23039016167104] INFO perfrun.perfcollector <> - format: event config:0-7,21 mask:0-7,21
295 [23039016167104] INFO perfrun.perfcollector <> - format: match0 config1:0-31 mask:0-31
295 [23039016167104] INFO perfrun.perfcollector <> - format: match_rds config1:48-51 mask:48-51
295 [23039016167104] INFO perfrun.perfcollector <> - format: mask_rds config2:48-51 mask:48-51
296 [23039016167104] INFO perfrun.perfcollector <> - format: edge config:18 mask:18
296 [23039016167104] INFO perfrun.perfcollector <> - format: mask1 config2:32-63 mask:32-63
296 [23039016167104] INFO perfrun.perfcollector <> - format: match_dnid config1:13-17 mask:13-17
296 [23039016167104] INFO perfrun.perfcollector <> - format: mask_dnid config2:13-17 mask:13-17
296 [23039016167104] INFO perfrun.perfcollector <> - format: match_vnw config1:3-4 mask:3-4
297 [23039016167104] INFO perfrun.perfcollector <> - format: mask_vnw config2:3-4 mask:3-4
297 [23039016167104] INFO perfrun.perfcollector <> - format: mask_mc config2:9-12 mask:9-12
297 [23039016167104] INFO perfrun.perfcollector <> - format: match1 config1:32-63 mask:32-63
297 [23039016167104] INFO perfrun.perfcollector <> - format: inv config:23 mask:23
298 [23039016167104] INFO perfrun.perfcollector <> - format: umask config:8-15 mask:8-15
298 [23039016167104] INFO perfrun.perfcollector <> - format: match_opc config1:5-8 mask:5-8
298 [23039016167104] INFO perfrun.perfcollector <> - format: mask_opc config2:5-8 mask:5-8
298 [23039016167104] INFO perfrun.perfcollector <> - format: thresh config:24-31 mask:24-31
299 [23039016167104] INFO perfrun.perfcollector <> - format: match_rnid4 config1:31 mask:31
299 [23039016167104] INFO perfrun.perfcollector <> - format: mask0 config2:0-31 mask:0-31
299 [23039016167104] INFO perfrun.perfcollector <> - format: match_mc config1:9-12 mask:9-12
299 [23039016167104] INFO perfrun.perfcollector <> - hwInfo: PERF_QPI_PMU_DETAILS
299 [23039016167104] INFO perfrun.perfcollector <> - pmu added: family: uncore_qpi, id: 1
300 [23039016167104] INFO perfrun.perfcollector <> - dir found: /sys/bus/event_source/devices/uncore_cbox_6
300 [23039016167104] INFO perfrun.perfcollector <> - format: event config:0-7 mask:0-7
300 [23039016167104] INFO perfrun.perfcollector <> - format: filter_link config1:6-8 mask:6-8
301 [23039016167104] INFO perfrun.perfcollector <> - format: filter_c6 config1:61 mask:61
301 [23039016167104] INFO perfrun.perfcollector <> - format: edge config:18 mask:18
301 [23039016167104] INFO perfrun.perfcollector <> - format: filter_isoc config1:63 mask:63
301 [23039016167104] INFO perfrun.perfcollector <> - format: filter_tid config1:0-5 mask:0-5
301 [23039016167104] INFO perfrun.perfcollector <> - format: filter_nid config1:32-47 mask:32-47
302 [23039016167104] INFO perfrun.perfcollector <> - format: filter_nc config1:62 mask:62
302 [23039016167104] INFO perfrun.perfcollector <> - format: umask config:8-15 mask:8-15
302 [23039016167104] INFO perfrun.perfcollector <> - format: tid_en config:19 mask:19
302 [23039016167104] INFO perfrun.perfcollector <> - format: thresh config:24-31 mask:24-31
302 [23039016167104] INFO perfrun.perfcollector <> - format: filter_state config1:17-23 mask:17-23
303 [23039016167104] INFO perfrun.perfcollector <> - format: filter_opc config1:52-60 mask:52-60
303 [23039016167104] INFO perfrun.perfcollector <> - hwInfo: PERF_CBOX_PMU_DETAILS
303 [23039016167104] INFO perfrun.perfcollector <> - pmu added: family: uncore_cbox, id: 6
303 [23039016167104] INFO perfrun.perfcollector <> - dir found: /sys/bus/event_source/devices/uncore_imc_1
303 [23039016167104] INFO perfrun.perfcollector <> - format: event config:0-7 mask:0-7
304 [23039016167104] INFO perfrun.perfcollector <> - format: edge config:18 mask:18
304 [23039016167104] INFO perfrun.perfcollector <> - format: inv config:23 mask:23
304 [23039016167104] INFO perfrun.perfcollector <> - format: umask config:8-15 mask:8-15
304 [23039016167104] INFO perfrun.perfcollector <> - format: thresh config:24-31 mask:24-31
304 [23039016167104] INFO perfrun.perfcollector <> - hwInfo: PERF_IMC_PMU_DETAILS
304 [23039016167104] INFO perfrun.perfcollector <> - pmu added: family: uncore_imc, id: 1
304 [23039016167104] INFO perfrun.perfcollector <> - dir found: /sys/bus/event_source/devices/power
304 [23039016167104] INFO perfrun.perfcollector <> - format: event config:0-7 mask:0-7
304 [23039016167104] INFO perfrun.perfcollector <> - hwInfo: not set, pmuFam: power
305 [23039016167104] INFO perfrun.perfcollector <> - pmu added: family: power, id: 0
305 [23039016167104] INFO perfrun.perfcollector <> - dir found: /sys/bus/event_source/devices/uncore_cbox_11
305 [23039016167104] INFO perfrun.perfcollector <> - format: event config:0-7 mask:0-7
305 [23039016167104] INFO perfrun.perfcollector <> - format: filter_link config1:6-8 mask:6-8
305 [23039016167104] INFO perfrun.perfcollector <> - format: filter_c6 config1:61 mask:61
305 [23039016167104] INFO perfrun.perfcollector <> - format: edge config:18 mask:18
305 [23039016167104] INFO perfrun.perfcollector <> - format: filter_isoc config1:63 mask:63
305 [23039016167104] INFO perfrun.perfcollector <> - format: filter_tid config1:0-5 mask:0-5
305 [23039016167104] INFO perfrun.perfcollector <> - format: filter_nid config1:32-47 mask:32-47
305 [23039016167104] INFO perfrun.perfcollector <> - format: filter_nc config1:62 mask:62
305 [23039016167104] INFO perfrun.perfcollector <> - format: umask config:8-15 mask:8-15
306 [23039016167104] INFO perfrun.perfcollector <> - format: tid_en config:19 mask:19
306 [23039016167104] INFO perfrun.perfcollector <> - format: thresh config:24-31 mask:24-31
306 [23039016167104] INFO perfrun.perfcollector <> - format: filter_state config1:17-23 mask:17-23
306 [23039016167104] INFO perfrun.perfcollector <> - format: filter_opc config1:52-60 mask:52-60
306 [23039016167104] INFO perfrun.perfcollector <> - hwInfo: PERF_CBOX_PMU_DETAILS
306 [23039016167104] INFO perfrun.perfcollector <> - pmu added: family: uncore_cbox, id: 11
306 [23039016167104] INFO perfrun.perfcollector <> - dir found: /sys/bus/event_source/devices/uncore_cbox_4
307 [23039016167104] INFO perfrun.perfcollector <> - format: event config:0-7 mask:0-7
307 [23039016167104] INFO perfrun.perfcollector <> - format: filter_link config1:6-8 mask:6-8
307 [23039016167104] INFO perfrun.perfcollector <> - format: filter_c6 config1:61 mask:61
307 [23039016167104] INFO perfrun.perfcollector <> - format: edge config:18 mask:18
307 [23039016167104] INFO perfrun.perfcollector <> - format: filter_isoc config1:63 mask:63
308 [23039016167104] INFO perfrun.perfcollector <> - format: filter_tid config1:0-5 mask:0-5
308 [23039016167104] INFO perfrun.perfcollector <> - format: filter_nid config1:32-47 mask:32-47
308 [23039016167104] INFO perfrun.perfcollector <> - format: filter_nc config1:62 mask:62
308 [23039016167104] INFO perfrun.perfcollector <> - format: umask config:8-15 mask:8-15
308 [23039016167104] INFO perfrun.perfcollector <> - format: tid_en config:19 mask:19
308 [23039016167104] INFO perfrun.perfcollector <> - format: thresh config:24-31 mask:24-31
308 [23039016167104] INFO perfrun.perfcollector <> - format: filter_state config1:17-23 mask:17-23
308 [23039016167104] INFO perfrun.perfcollector <> - format: filter_opc config1:52-60 mask:52-60
308 [23039016167104] INFO perfrun.perfcollector <> - hwInfo: PERF_CBOX_PMU_DETAILS
309 [23039016167104] INFO perfrun.perfcollector <> - pmu added: family: uncore_cbox, id: 4
309 [23039016167104] INFO perfrun.perfcollector <> - dir found: /sys/bus/event_source/devices/uprobe
309 [23039016167104] INFO perfrun.perfcollector <> - format: ref_ctr_offset config:32-63 mask:32-63
309 [23039016167104] INFO perfrun.perfcollector <> - format: retprobe config:0 mask:0
309 [23039016167104] INFO perfrun.perfcollector <> - hwInfo: not set, pmuFam: uprobe
309 [23039016167104] INFO perfrun.perfcollector <> - pmu added: family: uprobe, id: 0
309 [23039016167104] INFO perfrun.perfcollector <> - dir found: /sys/bus/event_source/devices/intel_bts
309 [23039016167104] INFO perfrun.perfcollector <> - format: pmu format subdir doesn't exist
309 [23039016167104] INFO perfrun.perfcollector <> - hwInfo: not set, pmuFam: intel_bts
309 [23039016167104] INFO perfrun.perfcollector <> - pmu added: family: intel_bts, id: 0
309 [23039016167104] INFO perfrun.perfcollector <> - dir found: /sys/bus/event_source/devices/cpu
309 [23039016167104] INFO perfrun.perfcollector <> - format: event config:0-7 mask:0-7
310 [23039016167104] INFO perfrun.perfcollector <> - format: pc config:19 mask:19
310 [23039016167104] INFO perfrun.perfcollector <> - format: in_tx config:32 mask:32
310 [23039016167104] INFO perfrun.perfcollector <> - format: edge config:18 mask:18
310 [23039016167104] INFO perfrun.perfcollector <> - format: any config:21 mask:21
310 [23039016167104] INFO perfrun.perfcollector <> - format: offcore_rsp config1:0-63 mask:0-63
310 [23039016167104] INFO perfrun.perfcollector <> - format: in_tx_cp config:33 mask:33
310 [23039016167104] INFO perfrun.perfcollector <> - format: ldlat config1:0-15 mask:0-15
310 [23039016167104] INFO perfrun.perfcollector <> - format: inv config:23 mask:23
310 [23039016167104] INFO perfrun.perfcollector <> - format: umask config:8-15 mask:8-15
310 [23039016167104] INFO perfrun.perfcollector <> - format: cmask config:24-31 mask:24-31
310 [23039016167104] INFO perfrun.perfcollector <> - hwInfo: PERF_CPU_PMU_DETAILS
310 [23039016167104] INFO perfrun.perfcollector <> - pmu added: family: cpu, id: 0
311 [23039016167104] INFO perfrun.perfcollector <> - dir found: /sys/bus/event_source/devices/uncore_r3qpi_0
311 [23039016167104] INFO perfrun.perfcollector <> - format: event config:0-7 mask:0-7
311 [23039016167104] INFO perfrun.perfcollector <> - format: edge config:18 mask:18
311 [23039016167104] INFO perfrun.perfcollector <> - format: inv config:23 mask:23
311 [23039016167104] INFO perfrun.perfcollector <> - format: umask config:8-15 mask:8-15
311 [23039016167104] INFO perfrun.perfcollector <> - format: thresh config:24-31 mask:24-31
311 [23039016167104] INFO perfrun.perfcollector <> - hwInfo: not set, pmuFam: uncore_r3qpi
311 [23039016167104] INFO perfrun.perfcollector <> - pmu added: family: uncore_r3qpi, id: 0
311 [23039016167104] INFO perfrun.perfcollector <> - dir found: /sys/bus/event_source/devices/cstate_core
311 [23039016167104] INFO perfrun.perfcollector <> - format: event config:0-63 mask:0-63
311 [23039016167104] INFO perfrun.perfcollector <> - hwInfo: not set, pmuFam: cstate_core
311 [23039016167104] INFO perfrun.perfcollector <> - pmu added: family: cstate_core, id: 0
311 [23039016167104] INFO perfrun.perfcollector <> - dir found: /sys/bus/event_source/devices/uncore_cbox_2
312 [23039016167104] INFO perfrun.perfcollector <> - format: event config:0-7 mask:0-7
312 [23039016167104] INFO perfrun.perfcollector <> - format: filter_link config1:6-8 mask:6-8
312 [23039016167104] INFO perfrun.perfcollector <> - format: filter_c6 config1:61 mask:61
312 [23039016167104] INFO perfrun.perfcollector <> - format: edge config:18 mask:18
312 [23039016167104] INFO perfrun.perfcollector <> - format: filter_isoc config1:63 mask:63
312 [23039016167104] INFO perfrun.perfcollector <> - format: filter_tid config1:0-5 mask:0-5
312 [23039016167104] INFO perfrun.perfcollector <> - format: filter_nid config1:32-47 mask:32-47
312 [23039016167104] INFO perfrun.perfcollector <> - format: filter_nc config1:62 mask:62
312 [23039016167104] INFO perfrun.perfcollector <> - format: umask config:8-15 mask:8-15
312 [23039016167104] INFO perfrun.perfcollector <> - format: tid_en config:19 mask:19
312 [23039016167104] INFO perfrun.perfcollector <> - format: thresh config:24-31 mask:24-31
313 [23039016167104] INFO perfrun.perfcollector <> - format: filter_state config1:17-23 mask:17-23
313 [23039016167104] INFO perfrun.perfcollector <> - format: filter_opc config1:52-60 mask:52-60
313 [23039016167104] INFO perfrun.perfcollector <> - hwInfo: PERF_CBOX_PMU_DETAILS
313 [23039016167104] INFO perfrun.perfcollector <> - pmu added: family: uncore_cbox, id: 2
313 [23039016167104] INFO perfrun.perfcollector <> - dir found: /sys/bus/event_source/devices/breakpoint
313 [23039016167104] INFO perfrun.perfcollector <> - format: pmu format subdir doesn't exist
313 [23039016167104] INFO perfrun.perfcollector <> - hwInfo: not set, pmuFam: breakpoint
313 [23039016167104] INFO perfrun.perfcollector <> - pmu added: family: breakpoint, id: 0
313 [23039016167104] INFO perfrun.perfcollector <> - dir found: /sys/bus/event_source/devices/uncore_ha_0
313 [23039016167104] INFO perfrun.perfcollector <> - format: event config:0-7 mask:0-7
313 [23039016167104] INFO perfrun.perfcollector <> - format: edge config:18 mask:18
313 [23039016167104] INFO perfrun.perfcollector <> - format: inv config:23 mask:23
313 [23039016167104] INFO perfrun.perfcollector <> - format: umask config:8-15 mask:8-15
313 [23039016167104] INFO perfrun.perfcollector <> - format: thresh config:24-31 mask:24-31
313 [23039016167104] INFO perfrun.perfcollector <> - hwInfo: not set, pmuFam: uncore_ha
314 [23039016167104] INFO perfrun.perfcollector <> - pmu added: family: uncore_ha, id: 0
314 [23039016167104] INFO perfrun.perfcollector <> - dir found: /sys/bus/event_source/devices/uncore_cbox_0
314 [23039016167104] INFO perfrun.perfcollector <> - format: event config:0-7 mask:0-7
314 [23039016167104] INFO perfrun.perfcollector <> - format: filter_link config1:6-8 mask:6-8
314 [23039016167104] INFO perfrun.perfcollector <> - format: filter_c6 config1:61 mask:61
314 [23039016167104] INFO perfrun.perfcollector <> - format: edge config:18 mask:18
314 [23039016167104] INFO perfrun.perfcollector <> - format: filter_isoc config1:63 mask:63
314 [23039016167104] INFO perfrun.perfcollector <> - format: filter_tid config1:0-5 mask:0-5
314 [23039016167104] INFO perfrun.perfcollector <> - format: filter_nid config1:32-47 mask:32-47
315 [23039016167104] INFO perfrun.perfcollector <> - format: filter_nc config1:62 mask:62
315 [23039016167104] INFO perfrun.perfcollector <> - format: umask config:8-15 mask:8-15
315 [23039016167104] INFO perfrun.perfcollector <> - format: tid_en config:19 mask:19
315 [23039016167104] INFO perfrun.perfcollector <> - format: thresh config:24-31 mask:24-31
315 [23039016167104] INFO perfrun.perfcollector <> - format: filter_state config1:17-23 mask:17-23
315 [23039016167104] INFO perfrun.perfcollector <> - format: filter_opc config1:52-60 mask:52-60
315 [23039016167104] INFO perfrun.perfcollector <> - hwInfo: PERF_CBOX_PMU_DETAILS
315 [23039016167104] INFO perfrun.perfcollector <> - pmu added: family: uncore_cbox, id: 0
315 [23039016167104] INFO perfrun.perfcollector <> - dir found: /sys/bus/event_source/devices/tracepoint
315 [23039016167104] INFO perfrun.perfcollector <> - format: pmu format subdir doesn't exist
315 [23039016167104] INFO perfrun.perfcollector <> - hwInfo: not set, pmuFam: tracepoint
315 [23039016167104] INFO perfrun.perfcollector <> - pmu added: family: tracepoint, id: 0
315 [23039016167104] INFO perfrun.perfcollector <> - dir found: /sys/bus/event_source/devices/uncore_sbox_3
316 [23039016167104] INFO perfrun.perfcollector <> - format: event config:0-7 mask:0-7
316 [23039016167104] INFO perfrun.perfcollector <> - format: edge config:18 mask:18
316 [23039016167104] INFO perfrun.perfcollector <> - format: inv config:23 mask:23
316 [23039016167104] INFO perfrun.perfcollector <> - format: umask config:8-15 mask:8-15
316 [23039016167104] INFO perfrun.perfcollector <> - format: tid_en config:19 mask:19
316 [23039016167104] INFO perfrun.perfcollector <> - format: thresh config:24-31 mask:24-31
316 [23039016167104] INFO perfrun.perfcollector <> - hwInfo: not set, pmuFam: uncore_sbox
316 [23039016167104] INFO perfrun.perfcollector <> - pmu added: family: uncore_sbox, id: 3
316 [23039016167104] INFO perfrun.perfcollector <> - dir found: /sys/bus/event_source/devices/uncore_cbox_9
317 [23039016167104] INFO perfrun.perfcollector <> - format: event config:0-7 mask:0-7
317 [23039016167104] INFO perfrun.perfcollector <> - format: filter_link config1:6-8 mask:6-8
317 [23039016167104] INFO perfrun.perfcollector <> - format: filter_c6 config1:61 mask:61
317 [23039016167104] INFO perfrun.perfcollector <> - format: edge config:18 mask:18
317 [23039016167104] INFO perfrun.perfcollector <> - format: filter_isoc config1:63 mask:63
317 [23039016167104] INFO perfrun.perfcollector <> - format: filter_tid config1:0-5 mask:0-5
317 [23039016167104] INFO perfrun.perfcollector <> - format: filter_nid config1:32-47 mask:32-47
317 [23039016167104] INFO perfrun.perfcollector <> - format: filter_nc config1:62 mask:62
318 [23039016167104] INFO perfrun.perfcollector <> - format: umask config:8-15 mask:8-15
318 [23039016167104] INFO perfrun.perfcollector <> - format: tid_en config:19 mask:19
318 [23039016167104] INFO perfrun.perfcollector <> - format: thresh config:24-31 mask:24-31
318 [23039016167104] INFO perfrun.perfcollector <> - format: filter_state config1:17-23 mask:17-23
318 [23039016167104] INFO perfrun.perfcollector <> - format: filter_opc config1:52-60 mask:52-60
318 [23039016167104] INFO perfrun.perfcollector <> - hwInfo: PERF_CBOX_PMU_DETAILS
318 [23039016167104] INFO perfrun.perfcollector <> - pmu added: family: uncore_cbox, id: 9
318 [23039016167104] INFO perfrun.perfcollector <> - dir found: /sys/bus/event_source/devices/cstate_pkg
319 [23039016167104] INFO perfrun.perfcollector <> - format: event config:0-63 mask:0-63
319 [23039016167104] INFO perfrun.perfcollector <> - hwInfo: not set, pmuFam: cstate_pkg
319 [23039016167104] INFO perfrun.perfcollector <> - pmu added: family: cstate_pkg, id: 0
319 [23039016167104] INFO perfrun.perfcollector <> - dir found: /sys/bus/event_source/devices/uncore_imc_4
319 [23039016167104] INFO perfrun.perfcollector <> - format: event config:0-7 mask:0-7
319 [23039016167104] INFO perfrun.perfcollector <> - format: edge config:18 mask:18
319 [23039016167104] INFO perfrun.perfcollector <> - format: inv config:23 mask:23
319 [23039016167104] INFO perfrun.perfcollector <> - format: umask config:8-15 mask:8-15
319 [23039016167104] INFO perfrun.perfcollector <> - format: thresh config:24-31 mask:24-31
319 [23039016167104] INFO perfrun.perfcollector <> - hwInfo: PERF_IMC_PMU_DETAILS
319 [23039016167104] INFO perfrun.perfcollector <> - pmu added: family: uncore_imc, id: 4
320 [23039016167104] INFO perfrun.perfcollector <> - dir found: /sys/bus/event_source/devices/uncore_ubox
320 [23039016167104] INFO perfrun.perfcollector <> - format: event config:0-7 mask:0-7
320 [23039016167104] INFO perfrun.perfcollector <> - format: edge config:18 mask:18
320 [23039016167104] INFO perfrun.perfcollector <> - format: inv config:23 mask:23
320 [23039016167104] INFO perfrun.perfcollector <> - format: umask config:8-15 mask:8-15
320 [23039016167104] INFO perfrun.perfcollector <> - format: thresh config:24-28 mask:24-28
320 [23039016167104] INFO perfrun.perfcollector <> - hwInfo: not set, pmuFam: uncore_ubox
320 [23039016167104] INFO perfrun.perfcollector <> - pmu added: family: uncore_ubox, id: 0
320 [23039016167104] INFO perfrun.perfcollector <> - dir found: /sys/bus/event_source/devices/uncore_sbox_1
321 [23039016167104] INFO perfrun.perfcollector <> - format: event config:0-7 mask:0-7
321 [23039016167104] INFO perfrun.perfcollector <> - format: edge config:18 mask:18
321 [23039016167104] INFO perfrun.perfcollector <> - format: inv config:23 mask:23
321 [23039016167104] INFO perfrun.perfcollector <> - format: umask config:8-15 mask:8-15
321 [23039016167104] INFO perfrun.perfcollector <> - format: tid_en config:19 mask:19
321 [23039016167104] INFO perfrun.perfcollector <> - format: thresh config:24-31 mask:24-31
321 [23039016167104] INFO perfrun.perfcollector <> - hwInfo: not set, pmuFam: uncore_sbox
321 [23039016167104] INFO perfrun.perfcollector <> - pmu added: family: uncore_sbox, id: 1
321 [23039016167104] INFO perfrun.perfcollector <> - dir found: /sys/bus/event_source/devices/uncore_cbox_7
321 [23039016167104] INFO perfrun.perfcollector <> - format: event config:0-7 mask:0-7
321 [23039016167104] INFO perfrun.perfcollector <> - format: filter_link config1:6-8 mask:6-8
322 [23039016167104] INFO perfrun.perfcollector <> - format: filter_c6 config1:61 mask:61
322 [23039016167104] INFO perfrun.perfcollector <> - format: edge config:18 mask:18
322 [23039016167104] INFO perfrun.perfcollector <> - format: filter_isoc config1:63 mask:63
322 [23039016167104] INFO perfrun.perfcollector <> - format: filter_tid config1:0-5 mask:0-5
322 [23039016167104] INFO perfrun.perfcollector <> - format: filter_nid config1:32-47 mask:32-47
322 [23039016167104] INFO perfrun.perfcollector <> - format: filter_nc config1:62 mask:62
322 [23039016167104] INFO perfrun.perfcollector <> - format: umask config:8-15 mask:8-15
323 [23039016167104] INFO perfrun.perfcollector <> - format: tid_en config:19 mask:19
323 [23039016167104] INFO perfrun.perfcollector <> - format: thresh config:24-31 mask:24-31
323 [23039016167104] INFO perfrun.perfcollector <> - format: filter_state config1:17-23 mask:17-23
323 [23039016167104] INFO perfrun.perfcollector <> - format: filter_opc config1:52-60 mask:52-60
323 [23039016167104] INFO perfrun.perfcollector <> - hwInfo: PERF_CBOX_PMU_DETAILS
323 [23039016167104] INFO perfrun.perfcollector <> - pmu added: family: uncore_cbox, id: 7
323 [23039016167104] INFO perfrun.perfcollector <> - dir found: /sys/bus/event_source/devices/uncore_cbox_12
323 [23039016167104] INFO perfrun.perfcollector <> - format: event config:0-7 mask:0-7
324 [23039016167104] INFO perfrun.perfcollector <> - format: filter_link config1:6-8 mask:6-8
324 [23039016167104] INFO perfrun.perfcollector <> - format: filter_c6 config1:61 mask:61
324 [23039016167104] INFO perfrun.perfcollector <> - format: edge config:18 mask:18
324 [23039016167104] INFO perfrun.perfcollector <> - format: filter_isoc config1:63 mask:63
324 [23039016167104] INFO perfrun.perfcollector <> - format: filter_tid config1:0-5 mask:0-5
324 [23039016167104] INFO perfrun.perfcollector <> - format: filter_nid config1:32-47 mask:32-47
324 [23039016167104] INFO perfrun.perfcollector <> - format: filter_nc config1:62 mask:62
324 [23039016167104] INFO perfrun.perfcollector <> - format: umask config:8-15 mask:8-15
324 [23039016167104] INFO perfrun.perfcollector <> - format: tid_en config:19 mask:19
324 [23039016167104] INFO perfrun.perfcollector <> - format: thresh config:24-31 mask:24-31
325 [23039016167104] INFO perfrun.perfcollector <> - format: filter_state config1:17-23 mask:17-23
325 [23039016167104] INFO perfrun.perfcollector <> - format: filter_opc config1:52-60 mask:52-60
325 [23039016167104] INFO perfrun.perfcollector <> - hwInfo: PERF_CBOX_PMU_DETAILS
325 [23039016167104] INFO perfrun.perfcollector <> - pmu added: family: uncore_cbox, id: 12
325 [23039016167104] INFO perfrun.perfcollector <> - dir found: /sys/bus/event_source/devices/kprobe
325 [23039016167104] INFO perfrun.perfcollector <> - format: retprobe config:0 mask:0
325 [23039016167104] INFO perfrun.perfcollector <> - hwInfo: not set, pmuFam: kprobe
325 [23039016167104] INFO perfrun.perfcollector <> - pmu added: family: kprobe, id: 0
325 [23039016167104] INFO perfrun.perfcollector <> - dir found: /sys/bus/event_source/devices/uncore_qpi_0
326 [23039016167104] INFO perfrun.perfcollector <> - format: mask_rnid4 config2:31 mask:31
326 [23039016167104] INFO perfrun.perfcollector <> - format: mask_rnid30 config2:32-35 mask:32-35
326 [23039016167104] INFO perfrun.perfcollector <> - format: match_rnid30 config1:32-35 mask:32-35
326 [23039016167104] INFO perfrun.perfcollector <> - format: event config:0-7,21 mask:0-7,21
326 [23039016167104] INFO perfrun.perfcollector <> - format: match0 config1:0-31 mask:0-31
326 [23039016167104] INFO perfrun.perfcollector <> - format: match_rds config1:48-51 mask:48-51
326 [23039016167104] INFO perfrun.perfcollector <> - format: mask_rds config2:48-51 mask:48-51
326 [23039016167104] INFO perfrun.perfcollector <> - format: edge config:18 mask:18
326 [23039016167104] INFO perfrun.perfcollector <> - format: mask1 config2:32-63 mask:32-63
326 [23039016167104] INFO perfrun.perfcollector <> - format: match_dnid config1:13-17 mask:13-17
326 [23039016167104] INFO perfrun.perfcollector <> - format: mask_dnid config2:13-17 mask:13-17
327 [23039016167104] INFO perfrun.perfcollector <> - format: match_vnw config1:3-4 mask:3-4
327 [23039016167104] INFO perfrun.perfcollector <> - format: mask_vnw config2:3-4 mask:3-4
327 [23039016167104] INFO perfrun.perfcollector <> - format: mask_mc config2:9-12 mask:9-12
327 [23039016167104] INFO perfrun.perfcollector <> - format: match1 config1:32-63 mask:32-63
327 [23039016167104] INFO perfrun.perfcollector <> - format: inv config:23 mask:23
327 [23039016167104] INFO perfrun.perfcollector <> - format: umask config:8-15 mask:8-15
327 [23039016167104] INFO perfrun.perfcollector <> - format: match_opc config1:5-8 mask:5-8
327 [23039016167104] INFO perfrun.perfcollector <> - format: mask_opc config2:5-8 mask:5-8
327 [23039016167104] INFO perfrun.perfcollector <> - format: thresh config:24-31 mask:24-31
328 [23039016167104] INFO perfrun.perfcollector <> - format: match_rnid4 config1:31 mask:31
328 [23039016167104] INFO perfrun.perfcollector <> - format: mask0 config2:0-31 mask:0-31
328 [23039016167104] INFO perfrun.perfcollector <> - format: match_mc config1:9-12 mask:9-12
328 [23039016167104] INFO perfrun.perfcollector <> - hwInfo: PERF_QPI_PMU_DETAILS
328 [23039016167104] INFO perfrun.perfcollector <> - pmu added: family: uncore_qpi, id: 0
328 [23039016167104] INFO perfrun.perfcollector <> - dir found: /sys/bus/event_source/devices/uncore_cbox_5
328 [23039016167104] INFO perfrun.perfcollector <> - format: event config:0-7 mask:0-7
328 [23039016167104] INFO perfrun.perfcollector <> - format: filter_link config1:6-8 mask:6-8
329 [23039016167104] INFO perfrun.perfcollector <> - format: filter_c6 config1:61 mask:61
329 [23039016167104] INFO perfrun.perfcollector <> - format: edge config:18 mask:18
329 [23039016167104] INFO perfrun.perfcollector <> - format: filter_isoc config1:63 mask:63
329 [23039016167104] INFO perfrun.perfcollector <> - format: filter_tid config1:0-5 mask:0-5
329 [23039016167104] INFO perfrun.perfcollector <> - format: filter_nid config1:32-47 mask:32-47
329 [23039016167104] INFO perfrun.perfcollector <> - format: filter_nc config1:62 mask:62
329 [23039016167104] INFO perfrun.perfcollector <> - format: umask config:8-15 mask:8-15
329 [23039016167104] INFO perfrun.perfcollector <> - format: tid_en config:19 mask:19
329 [23039016167104] INFO perfrun.perfcollector <> - format: thresh config:24-31 mask:24-31
330 [23039016167104] INFO perfrun.perfcollector <> - format: filter_state config1:17-23 mask:17-23
330 [23039016167104] INFO perfrun.perfcollector <> - format: filter_opc config1:52-60 mask:52-60
330 [23039016167104] INFO perfrun.perfcollector <> - hwInfo: PERF_CBOX_PMU_DETAILS
330 [23039016167104] INFO perfrun.perfcollector <> - pmu added: family: uncore_cbox, id: 5
330 [23039016167104] INFO perfrun.perfcollector <> - dir found: /sys/bus/event_source/devices/uncore_imc_0
330 [23039016167104] INFO perfrun.perfcollector <> - format: event config:0-7 mask:0-7
330 [23039016167104] INFO perfrun.perfcollector <> - format: edge config:18 mask:18
330 [23039016167104] INFO perfrun.perfcollector <> - format: inv config:23 mask:23
330 [23039016167104] INFO perfrun.perfcollector <> - format: umask config:8-15 mask:8-15
331 [23039016167104] INFO perfrun.perfcollector <> - format: thresh config:24-31 mask:24-31
331 [23039016167104] INFO perfrun.perfcollector <> - hwInfo: PERF_IMC_PMU_DETAILS
331 [23039016167104] INFO perfrun.perfcollector <> - pmu added: family: uncore_imc, id: 0
331 [23039016167104] INFO perfrun.perfcollector <> - dir found: /sys/bus/event_source/devices/uncore_cbox_10
331 [23039016167104] INFO perfrun.perfcollector <> - format: event config:0-7 mask:0-7
331 [23039016167104] INFO perfrun.perfcollector <> - format: filter_link config1:6-8 mask:6-8
331 [23039016167104] INFO perfrun.perfcollector <> - format: filter_c6 config1:61 mask:61
331 [23039016167104] INFO perfrun.perfcollector <> - format: edge config:18 mask:18
332 [23039016167104] INFO perfrun.perfcollector <> - format: filter_isoc config1:63 mask:63
332 [23039016167104] INFO perfrun.perfcollector <> - format: filter_tid config1:0-5 mask:0-5
332 [23039016167104] INFO perfrun.perfcollector <> - format: filter_nid config1:32-47 mask:32-47
332 [23039016167104] INFO perfrun.perfcollector <> - format: filter_nc config1:62 mask:62
332 [23039016167104] INFO perfrun.perfcollector <> - format: umask config:8-15 mask:8-15
332 [23039016167104] INFO perfrun.perfcollector <> - format: tid_en config:19 mask:19
332 [23039016167104] INFO perfrun.perfcollector <> - format: thresh config:24-31 mask:24-31
333 [23039016167104] INFO perfrun.perfcollector <> - format: filter_state config1:17-23 mask:17-23
333 [23039016167104] INFO perfrun.perfcollector <> - format: filter_opc config1:52-60 mask:52-60
333 [23039016167104] INFO perfrun.perfcollector <> - hwInfo: PERF_CBOX_PMU_DETAILS
333 [23039016167104] INFO perfrun.perfcollector <> - pmu added: family: uncore_cbox, id: 10
333 [23039016167104] INFO perfrun.perfcollector <> - dir found: /sys/bus/event_source/devices/uncore_pcu
333 [23039016167104] INFO perfrun.perfcollector <> - format: filter_band2 config1:16-23 mask:16-23
333 [23039016167104] INFO perfrun.perfcollector <> - format: event config:0-7 mask:0-7
333 [23039016167104] INFO perfrun.perfcollector <> - format: filter_band0 config1:0-7 mask:0-7
333 [23039016167104] INFO perfrun.perfcollector <> - format: edge config:18 mask:18
333 [23039016167104] INFO perfrun.perfcollector <> - format: occ_invert config:30 mask:30
333 [23039016167104] INFO perfrun.perfcollector <> - format: occ_edge config:14-51 mask:14-51
333 [23039016167104] INFO perfrun.perfcollector <> - format: filter_band3 config1:24-31 mask:24-31
334 [23039016167104] INFO perfrun.perfcollector <> - format: filter_band1 config1:8-15 mask:8-15
334 [23039016167104] INFO perfrun.perfcollector <> - format: inv config:23 mask:23
334 [23039016167104] INFO perfrun.perfcollector <> - format: thresh config:24-28 mask:24-28
334 [23039016167104] INFO perfrun.perfcollector <> - format: occ_sel config:14-15 mask:14-15
334 [23039016167104] INFO perfrun.perfcollector <> - hwInfo: not set, pmuFam: uncore_pcu
334 [23039016167104] INFO perfrun.perfcollector <> - pmu added: family: uncore_pcu, id: 0
334 [23039016167104] INFO perfrun.perfcollector <> - dir found: /sys/bus/event_source/devices/uncore_r3qpi_1
334 [23039016167104] INFO perfrun.perfcollector <> - format: event config:0-7 mask:0-7
335 [23039016167104] INFO perfrun.perfcollector <> - format: edge config:18 mask:18
335 [23039016167104] INFO perfrun.perfcollector <> - format: inv config:23 mask:23
335 [23039016167104] INFO perfrun.perfcollector <> - format: umask config:8-15 mask:8-15
335 [23039016167104] INFO perfrun.perfcollector <> - format: thresh config:24-31 mask:24-31
335 [23039016167104] INFO perfrun.perfcollector <> - hwInfo: not set, pmuFam: uncore_r3qpi
335 [23039016167104] INFO perfrun.perfcollector <> - pmu added: family: uncore_r3qpi, id: 1
335 [23039016167104] INFO perfrun.perfcollector <> - dir found: /sys/bus/event_source/devices/msr
335 [23039016167104] INFO perfrun.perfcollector <> - format: event config:0-63 mask:0-63
335 [23039016167104] INFO perfrun.perfcollector <> - hwInfo: not set, pmuFam: msr
335 [23039016167104] INFO perfrun.perfcollector <> - pmu added: family: msr, id: 0
335 [23039016167104] INFO perfrun.perfcollector <> - dir found: /sys/bus/event_source/devices/uncore_cbox_3
336 [23039016167104] INFO perfrun.perfcollector <> - format: event config:0-7 mask:0-7
336 [23039016167104] INFO perfrun.perfcollector <> - format: filter_link config1:6-8 mask:6-8
336 [23039016167104] INFO perfrun.perfcollector <> - format: filter_c6 config1:61 mask:61
336 [23039016167104] INFO perfrun.perfcollector <> - format: edge config:18 mask:18
336 [23039016167104] INFO perfrun.perfcollector <> - format: filter_isoc config1:63 mask:63
336 [23039016167104] INFO perfrun.perfcollector <> - format: filter_tid config1:0-5 mask:0-5
336 [23039016167104] INFO perfrun.perfcollector <> - format: filter_nid config1:32-47 mask:32-47
336 [23039016167104] INFO perfrun.perfcollector <> - format: filter_nc config1:62 mask:62
336 [23039016167104] INFO perfrun.perfcollector <> - format: umask config:8-15 mask:8-15
337 [23039016167104] INFO perfrun.perfcollector <> - format: tid_en config:19 mask:19
337 [23039016167104] INFO perfrun.perfcollector <> - format: thresh config:24-31 mask:24-31
337 [23039016167104] INFO perfrun.perfcollector <> - format: filter_state config1:17-23 mask:17-23
337 [23039016167104] INFO perfrun.perfcollector <> - format: filter_opc config1:52-60 mask:52-60
337 [23039016167104] INFO perfrun.perfcollector <> - hwInfo: PERF_CBOX_PMU_DETAILS
337 [23039016167104] INFO perfrun.perfcollector <> - pmu added: family: uncore_cbox, id: 3
337 [23039016167104] INFO perfrun.perfcollector <> - dir found: /sys/bus/event_source/devices/intel_pt
337 [23039016167104] INFO perfrun.perfcollector <> - format: ptw config:12 mask:12
337 [23039016167104] INFO perfrun.perfcollector <> - format: event config:31 mask:31
337 [23039016167104] INFO perfrun.perfcollector <> - format: cyc_thresh config:19-22 mask:19-22
337 [23039016167104] INFO perfrun.perfcollector <> - format: pt config:0 mask:0
337 [23039016167104] INFO perfrun.perfcollector <> - format: notnt config:55 mask:55
337 [23039016167104] INFO perfrun.perfcollector <> - format: branch config:13 mask:13
337 [23039016167104] INFO perfrun.perfcollector <> - format: tsc config:10 mask:10
337 [23039016167104] INFO perfrun.perfcollector <> - format: pwr_evt config:4 mask:4
337 [23039016167104] INFO perfrun.perfcollector <> - format: fup_on_ptw config:5 mask:5
337 [23039016167104] INFO perfrun.perfcollector <> - format: cyc config:1 mask:1
338 [23039016167104] INFO perfrun.perfcollector <> - format: noretcomp config:11 mask:11
338 [23039016167104] INFO perfrun.perfcollector <> - format: mtc config:9 mask:9
338 [23039016167104] INFO perfrun.perfcollector <> - format: psb_period config:24-27 mask:24-27
338 [23039016167104] INFO perfrun.perfcollector <> - format: mtc_period config:14-17 mask:14-17
338 [23039016167104] INFO perfrun.perfcollector <> - hwInfo: not set, pmuFam: intel_pt
338 [23039016167104] INFO perfrun.perfcollector <> - pmu added: family: intel_pt, id: 0
338 [23039016167104] INFO perfrun.perfcollector <> - dir found: /sys/bus/event_source/devices/uncore_ha_1
338 [23039016167104] INFO perfrun.perfcollector <> - format: event config:0-7 mask:0-7
338 [23039016167104] INFO perfrun.perfcollector <> - format: edge config:18 mask:18
338 [23039016167104] INFO perfrun.perfcollector <> - format: inv config:23 mask:23
339 [23039016167104] INFO perfrun.perfcollector <> - format: umask config:8-15 mask:8-15
339 [23039016167104] INFO perfrun.perfcollector <> - format: thresh config:24-31 mask:24-31
339 [23039016167104] INFO perfrun.perfcollector <> - hwInfo: not set, pmuFam: uncore_ha
339 [23039016167104] INFO perfrun.perfcollector <> - pmu added: family: uncore_ha, id: 1
339 [23039016167104] INFO perfrun.perfcollector <> - dir found: /sys/bus/event_source/devices/uncore_cbox_1
339 [23039016167104] INFO perfrun.perfcollector <> - format: event config:0-7 mask:0-7
339 [23039016167104] INFO perfrun.perfcollector <> - format: filter_link config1:6-8 mask:6-8
339 [23039016167104] INFO perfrun.perfcollector <> - format: filter_c6 config1:61 mask:61
340 [23039016167104] INFO perfrun.perfcollector <> - format: edge config:18 mask:18
340 [23039016167104] INFO perfrun.perfcollector <> - format: filter_isoc config1:63 mask:63
340 [23039016167104] INFO perfrun.perfcollector <> - format: filter_tid config1:0-5 mask:0-5
340 [23039016167104] INFO perfrun.perfcollector <> - format: filter_nid config1:32-47 mask:32-47
340 [23039016167104] INFO perfrun.perfcollector <> - format: filter_nc config1:62 mask:62
340 [23039016167104] INFO perfrun.perfcollector <> - format: umask config:8-15 mask:8-15
340 [23039016167104] INFO perfrun.perfcollector <> - format: tid_en config:19 mask:19
340 [23039016167104] INFO perfrun.perfcollector <> - format: thresh config:24-31 mask:24-31
340 [23039016167104] INFO perfrun.perfcollector <> - format: filter_state config1:17-23 mask:17-23
340 [23039016167104] INFO perfrun.perfcollector <> - format: filter_opc config1:52-60 mask:52-60
340 [23039016167104] INFO perfrun.perfcollector <> - hwInfo: PERF_CBOX_PMU_DETAILS
340 [23039016167104] INFO perfrun.perfcollector <> - pmu added: family: uncore_cbox, id: 1
341 [23039016167104] INFO perfrun.sdk <> - runCmd: /opt/intel/oneapi/vtune/2023.1.0/bin64/sep -dry-run -sam 1 -ec CPU_CLK_UNHALTED.THREAD,CPU_CLK_UNHALTED.REF_TSC:sample:sa=2400000,INST_RETIRED.ANY:sample:sa=2400000,CPU_CLK_UNHALTED.REF_XCLK,CPU_CLK_UNHALTED.ONE_THREAD_ACTIVE,FP_ARITH_INST_RETIRED.SCALAR_SINGLE,FP_ARITH_INST_RETIRED.128B_PACKED_SINGLE,FP_ARITH_INST_RETIRED.256B_PACKED_SINGLE,FP_ARITH_INST_RETIRED.SCALAR_DOUBLE,FP_ARITH_INST_RETIRED.128B_PACKED_DOUBLE,FP_ARITH_INST_RETIRED.256B_PACKED_DOUBLE,INST_RETIRED.X87,UOPS_RETIRED.RETIRE_SLOTS:sample:sa=2000003 -experimental
341 [23039016167104] INFO perfrun.sdk <> - runCmd started PID 2284409
370 [23039016167104] INFO perfrun.perfcollector <> - SepDryRun RC = true
374 [23039016167104] INFO perfrun.perfcollector <> - DRY_RUN: "PMU type: Core (core)"
374 [23039016167104] INFO perfrun.perfcollector <> - pmu type: cpu
374 [23039016167104] INFO perfrun.perfcollector <> - DRY_RUN: "Group 0:"
374 [23039016167104] INFO perfrun.perfcollector <> - id: 0
374 [23039016167104] INFO perfrun.perfcollector <> - DRY_RUN: "INST_RETIRED.ANY: event id 2"
374 [23039016167104] INFO perfrun.perfcollector <> - eventName: INST_RETIRED.ANY, eventId: 2
374 [23039016167104] INFO perfrun.perfcollector <> - DRY_RUN: "CPU_CLK_UNHALTED.THREAD: event id 0"
374 [23039016167104] INFO perfrun.perfcollector <> - eventName: CPU_CLK_UNHALTED.THREAD, eventId: 0
374 [23039016167104] INFO perfrun.perfcollector <> - DRY_RUN: "CPU_CLK_UNHALTED.REF_TSC: event id 1"
374 [23039016167104] INFO perfrun.perfcollector <> - eventName: CPU_CLK_UNHALTED.REF_TSC, eventId: 1
374 [23039016167104] INFO perfrun.perfcollector <> - DRY_RUN: "FP_ARITH_INST_RETIRED.SCALAR_SINGLE: event id 5"
374 [23039016167104] INFO perfrun.perfcollector <> - eventName: FP_ARITH_INST_RETIRED.SCALAR_SINGLE, eventId: 5
374 [23039016167104] INFO perfrun.perfcollector <> - DRY_RUN: "FP_ARITH_INST_RETIRED.128B_PACKED_SINGLE: event id 6"
374 [23039016167104] INFO perfrun.perfcollector <> - eventName: FP_ARITH_INST_RETIRED.128B_PACKED_SINGLE, eventId: 6
374 [23039016167104] INFO perfrun.perfcollector <> - DRY_RUN: "FP_ARITH_INST_RETIRED.256B_PACKED_SINGLE: event id 7"
374 [23039016167104] INFO perfrun.perfcollector <> - eventName: FP_ARITH_INST_RETIRED.256B_PACKED_SINGLE, eventId: 7
374 [23039016167104] INFO perfrun.perfcollector <> - DRY_RUN: "FP_ARITH_INST_RETIRED.SCALAR_DOUBLE: event id 8"
374 [23039016167104] INFO perfrun.perfcollector <> - eventName: FP_ARITH_INST_RETIRED.SCALAR_DOUBLE, eventId: 8
374 [23039016167104] INFO perfrun.perfcollector <> - DRY_RUN: "CPU_CLK_UNHALTED.REF_XCLK: event id 3"
374 [23039016167104] INFO perfrun.perfcollector <> - eventName: CPU_CLK_UNHALTED.REF_XCLK, eventId: 3
374 [23039016167104] INFO perfrun.perfcollector <> - DRY_RUN: "CPU_CLK_UNHALTED.ONE_THREAD_ACTIVE: event id 4"
374 [23039016167104] INFO perfrun.perfcollector <> - eventName: CPU_CLK_UNHALTED.ONE_THREAD_ACTIVE, eventId: 4
374 [23039016167104] INFO perfrun.perfcollector <> - DRY_RUN: "INST_RETIRED.X87: event id 11"
374 [23039016167104] INFO perfrun.perfcollector <> - eventName: INST_RETIRED.X87, eventId: 11
374 [23039016167104] INFO perfrun.perfcollector <> - DRY_RUN: "UOPS_RETIRED.RETIRE_SLOTS: event id 12"
374 [23039016167104] INFO perfrun.perfcollector <> - eventName: UOPS_RETIRED.RETIRE_SLOTS, eventId: 12
374 [23039016167104] INFO perfrun.perfcollector <> - DRY_RUN: "CCCR"
374 [23039016167104] INFO perfrun.perfcollector <> - DRY_RUN: "reg_type       = 1	event_id       = g	reg_id         = 38f	reg_value      = 7000000ff"
374 [23039016167104] INFO perfrun.perfcollector <> - eventId: g, skip parsing event_id
374 [23039016167104] INFO perfrun.perfcollector <> - Register was ignored: group_id: 0, reg_type: 1, event_id: 4294967295, reg_id: 38f, reg_value: 7000000ff, pmu_name: cpu
374 [23039016167104] INFO perfrun.perfcollector <> - DRY_RUN: "reg_type       = 1	event_id       = g	reg_id         = 390	reg_value      = 7000000ff"
374 [23039016167104] INFO perfrun.perfcollector <> - eventId: g, skip parsing event_id
374 [23039016167104] INFO perfrun.perfcollector <> - Register was ignored: group_id: 0, reg_type: 1, event_id: 4294967295, reg_id: 390, reg_value: 7000000ff, pmu_name: cpu
374 [23039016167104] INFO perfrun.perfcollector <> - DRY_RUN: "reg_type       = 1	event_id       = g	reg_id         = 3f1	reg_value      = 0"
374 [23039016167104] INFO perfrun.perfcollector <> - eventId: g, skip parsing event_id
374 [23039016167104] INFO perfrun.perfcollector <> - Register was ignored: group_id: 0, reg_type: 1, event_id: 4294967295, reg_id: 3f1, reg_value: 0, pmu_name: cpu
374 [23039016167104] INFO perfrun.perfcollector <> - DRY_RUN: "reg_type       = 1	event_id       = g	reg_id         = 1d9	reg_value      = 1800"
374 [23039016167104] INFO perfrun.perfcollector <> - eventId: g, skip parsing event_id
374 [23039016167104] INFO perfrun.perfcollector <> - Register was ignored: group_id: 0, reg_type: 1, event_id: 4294967295, reg_id: 1d9, reg_value: 1800, pmu_name: cpu
374 [23039016167104] INFO perfrun.perfcollector <> - DRY_RUN: "reg_type       = 1	event_id       = g	reg_id         = 38d	reg_value      = bbb"
374 [23039016167104] INFO perfrun.perfcollector <> - eventId: g, skip parsing event_id
374 [23039016167104] INFO perfrun.perfcollector <> - Register was ignored: group_id: 0, reg_type: 1, event_id: 4294967295, reg_id: 38d, reg_value: bbb, pmu_name: cpu
374 [23039016167104] INFO perfrun.perfcollector <> - DRY_RUN: "reg_type       = 1	event_id       = 5	reg_id         = 186	reg_value      = 5302c7"
374 [23039016167104] INFO perfrun.perfcollector <> - Event selector: group_id: 0, reg_type: 1, event_id: 5, reg_id: 186, reg_value: 5302c7, pmu_name: cpu
374 [23039016167104] INFO perfrun.perfcollector <> - DRY_RUN: "reg_type       = 1	event_id       = 6	reg_id         = 187	reg_value      = 5308c7"
374 [23039016167104] INFO perfrun.perfcollector <> - Event selector: group_id: 0, reg_type: 1, event_id: 6, reg_id: 187, reg_value: 5308c7, pmu_name: cpu
374 [23039016167104] INFO perfrun.perfcollector <> - DRY_RUN: "reg_type       = 1	event_id       = 7	reg_id         = 188	reg_value      = 5320c7"
374 [23039016167104] INFO perfrun.perfcollector <> - Event selector: group_id: 0, reg_type: 1, event_id: 7, reg_id: 188, reg_value: 5320c7, pmu_name: cpu
374 [23039016167104] INFO perfrun.perfcollector <> - DRY_RUN: "reg_type       = 1	event_id       = 8	reg_id         = 189	reg_value      = 5301c7"
374 [23039016167104] INFO perfrun.perfcollector <> - Event selector: group_id: 0, reg_type: 1, event_id: 8, reg_id: 189, reg_value: 5301c7, pmu_name: cpu
374 [23039016167104] INFO perfrun.perfcollector <> - DRY_RUN: "reg_type       = 1	event_id       = 3	reg_id         = 18a	reg_value      = 53013c"
374 [23039016167104] INFO perfrun.perfcollector <> - Event selector: group_id: 0, reg_type: 1, event_id: 3, reg_id: 18a, reg_value: 53013c, pmu_name: cpu
374 [23039016167104] INFO perfrun.perfcollector <> - DRY_RUN: "reg_type       = 1	event_id       = 4	reg_id         = 18b	reg_value      = 53023c"
374 [23039016167104] INFO perfrun.perfcollector <> - Event selector: group_id: 0, reg_type: 1, event_id: 4, reg_id: 18b, reg_value: 53023c, pmu_name: cpu
374 [23039016167104] INFO perfrun.perfcollector <> - DRY_RUN: "reg_type       = 1	event_id       = 11	reg_id         = 18c	reg_value      = 5302c0"
374 [23039016167104] INFO perfrun.perfcollector <> - Event selector: group_id: 0, reg_type: 1, event_id: 11, reg_id: 18c, reg_value: 5302c0, pmu_name: cpu
374 [23039016167104] INFO perfrun.perfcollector <> - DRY_RUN: "reg_type       = 1	event_id       = 12	reg_id         = 18d	reg_value      = 5302c2"
374 [23039016167104] INFO perfrun.perfcollector <> - Event selector: group_id: 0, reg_type: 1, event_id: 12, reg_id: 18d, reg_value: 5302c2, pmu_name: cpu
374 [23039016167104] INFO perfrun.perfcollector <> - DRY_RUN: "ESCR"
374 [23039016167104] INFO perfrun.perfcollector <> - DRY_RUN: "reg_type       = 2	event_id       = g	reg_id         = 1c8	reg_value      = 0"
374 [23039016167104] INFO perfrun.perfcollector <> - eventId: g, skip parsing event_id
374 [23039016167104] INFO perfrun.perfcollector <> - DRY_RUN: "DATA"
374 [23039016167104] INFO perfrun.perfcollector <> - DRY_RUN: "reg_type       = 4	event_id       = 2	reg_id         = 309	reg_value      = ffffffdb6100"
374 [23039016167104] INFO perfrun.perfcollector <> - eventId: 2, dataAddr: 309, dataVal: ffffffdb6100
374 [23039016167104] INFO perfrun.perfcollector <> - DRY_RUN: "reg_type       = 4	event_id       = 0	reg_id         = 30a	reg_value      = ffffffe17b7d"
374 [23039016167104] INFO perfrun.perfcollector <> - eventId: 0, dataAddr: 30a, dataVal: ffffffe17b7d
374 [23039016167104] INFO perfrun.perfcollector <> - DRY_RUN: "reg_type       = 4	event_id       = 1	reg_id         = 30b	reg_value      = ffffffdb6100"
374 [23039016167104] INFO perfrun.perfcollector <> - eventId: 1, dataAddr: 30b, dataVal: ffffffdb6100
374 [23039016167104] INFO perfrun.perfcollector <> - DRY_RUN: "reg_type       = 4	event_id       = 5	reg_id         = c1	reg_value      = ffffffe17b7d"
374 [23039016167104] INFO perfrun.perfcollector <> - eventId: 5, dataAddr: c1, dataVal: ffffffe17b7d
374 [23039016167104] INFO perfrun.perfcollector <> - DRY_RUN: "reg_type       = 4	event_id       = 6	reg_id         = c2	reg_value      = ffffffe17b7d"
374 [23039016167104] INFO perfrun.perfcollector <> - eventId: 6, dataAddr: c2, dataVal: ffffffe17b7d
374 [23039016167104] INFO perfrun.perfcollector <> - DRY_RUN: "reg_type       = 4	event_id       = 7	reg_id         = c3	reg_value      = ffffffe17b7d"
374 [23039016167104] INFO perfrun.perfcollector <> - eventId: 7, dataAddr: c3, dataVal: ffffffe17b7d
374 [23039016167104] INFO perfrun.perfcollector <> - DRY_RUN: "reg_type       = 4	event_id       = 8	reg_id         = c4	reg_value      = ffffffe17b7d"
374 [23039016167104] INFO perfrun.perfcollector <> - eventId: 8, dataAddr: c4, dataVal: ffffffe17b7d
374 [23039016167104] INFO perfrun.perfcollector <> - DRY_RUN: "reg_type       = 4	event_id       = 3	reg_id         = c5	reg_value      = fffffffe795d"
374 [23039016167104] INFO perfrun.perfcollector <> - eventId: 3, dataAddr: c5, dataVal: fffffffe795d
374 [23039016167104] INFO perfrun.perfcollector <> - DRY_RUN: "reg_type       = 4	event_id       = 4	reg_id         = c6	reg_value      = fffffffe795d"
374 [23039016167104] INFO perfrun.perfcollector <> - eventId: 4, dataAddr: c6, dataVal: fffffffe795d
374 [23039016167104] INFO perfrun.perfcollector <> - DRY_RUN: "reg_type       = 4	event_id       = 11	reg_id         = c7	reg_value      = ffffffe17b7d"
374 [23039016167104] INFO perfrun.perfcollector <> - eventId: 11, dataAddr: c7, dataVal: ffffffe17b7d
374 [23039016167104] INFO perfrun.perfcollector <> - DRY_RUN: "reg_type       = 4	event_id       = 12	reg_id         = c8	reg_value      = ffffffe17b7d"
374 [23039016167104] INFO perfrun.perfcollector <> - eventId: 12, dataAddr: c8, dataVal: ffffffe17b7d
374 [23039016167104] INFO perfrun.perfcollector <> - DRY_RUN: "Group 1:"
374 [23039016167104] INFO perfrun.perfcollector <> - id: 1
374 [23039016167104] INFO perfrun.perfcollector <> - DRY_RUN: "INST_RETIRED.ANY: event id 2"
374 [23039016167104] INFO perfrun.perfcollector <> - eventName: INST_RETIRED.ANY, eventId: 2
374 [23039016167104] INFO perfrun.perfcollector <> - DRY_RUN: "CPU_CLK_UNHALTED.THREAD: event id 0"
374 [23039016167104] INFO perfrun.perfcollector <> - eventName: CPU_CLK_UNHALTED.THREAD, eventId: 0
374 [23039016167104] INFO perfrun.perfcollector <> - DRY_RUN: "CPU_CLK_UNHALTED.REF_TSC: event id 1"
374 [23039016167104] INFO perfrun.perfcollector <> - eventName: CPU_CLK_UNHALTED.REF_TSC, eventId: 1
374 [23039016167104] INFO perfrun.perfcollector <> - DRY_RUN: "FP_ARITH_INST_RETIRED.128B_PACKED_DOUBLE: event id 9"
374 [23039016167104] INFO perfrun.perfcollector <> - eventName: FP_ARITH_INST_RETIRED.128B_PACKED_DOUBLE, eventId: 9
374 [23039016167104] INFO perfrun.perfcollector <> - DRY_RUN: "FP_ARITH_INST_RETIRED.256B_PACKED_DOUBLE: event id 10"
374 [23039016167104] INFO perfrun.perfcollector <> - eventName: FP_ARITH_INST_RETIRED.256B_PACKED_DOUBLE, eventId: 10
374 [23039016167104] INFO perfrun.perfcollector <> - DRY_RUN: "CCCR"
374 [23039016167104] INFO perfrun.perfcollector <> - DRY_RUN: "reg_type       = 1	event_id       = g	reg_id         = 38f	reg_value      = 700000003"
374 [23039016167104] INFO perfrun.perfcollector <> - eventId: g, skip parsing event_id
374 [23039016167104] INFO perfrun.perfcollector <> - Register was ignored: group_id: 1, reg_type: 1, event_id: 4294967295, reg_id: 38f, reg_value: 700000003, pmu_name: cpu
374 [23039016167104] INFO perfrun.perfcollector <> - DRY_RUN: "reg_type       = 1	event_id       = g	reg_id         = 390	reg_value      = 700000003"
374 [23039016167104] INFO perfrun.perfcollector <> - eventId: g, skip parsing event_id
374 [23039016167104] INFO perfrun.perfcollector <> - Register was ignored: group_id: 1, reg_type: 1, event_id: 4294967295, reg_id: 390, reg_value: 700000003, pmu_name: cpu
374 [23039016167104] INFO perfrun.perfcollector <> - DRY_RUN: "reg_type       = 1	event_id       = g	reg_id         = 3f1	reg_value      = 0"
374 [23039016167104] INFO perfrun.perfcollector <> - eventId: g, skip parsing event_id
374 [23039016167104] INFO perfrun.perfcollector <> - Register was ignored: group_id: 1, reg_type: 1, event_id: 4294967295, reg_id: 3f1, reg_value: 0, pmu_name: cpu
374 [23039016167104] INFO perfrun.perfcollector <> - DRY_RUN: "reg_type       = 1	event_id       = g	reg_id         = 1d9	reg_value      = 1800"
374 [23039016167104] INFO perfrun.perfcollector <> - eventId: g, skip parsing event_id
374 [23039016167104] INFO perfrun.perfcollector <> - Register was ignored: group_id: 1, reg_type: 1, event_id: 4294967295, reg_id: 1d9, reg_value: 1800, pmu_name: cpu
374 [23039016167104] INFO perfrun.perfcollector <> - DRY_RUN: "reg_type       = 1	event_id       = g	reg_id         = 38d	reg_value      = bbb"
374 [23039016167104] INFO perfrun.perfcollector <> - eventId: g, skip parsing event_id
374 [23039016167104] INFO perfrun.perfcollector <> - Register was ignored: group_id: 1, reg_type: 1, event_id: 4294967295, reg_id: 38d, reg_value: bbb, pmu_name: cpu
374 [23039016167104] INFO perfrun.perfcollector <> - DRY_RUN: "reg_type       = 1	event_id       = 9	reg_id         = 186	reg_value      = 5304c7"
374 [23039016167104] INFO perfrun.perfcollector <> - Event selector: group_id: 1, reg_type: 1, event_id: 9, reg_id: 186, reg_value: 5304c7, pmu_name: cpu
374 [23039016167104] INFO perfrun.perfcollector <> - DRY_RUN: "reg_type       = 1	event_id       = 10	reg_id         = 187	reg_value      = 5310c7"
374 [23039016167104] INFO perfrun.perfcollector <> - Event selector: group_id: 1, reg_type: 1, event_id: 10, reg_id: 187, reg_value: 5310c7, pmu_name: cpu
374 [23039016167104] INFO perfrun.perfcollector <> - DRY_RUN: "ESCR"
374 [23039016167104] INFO perfrun.perfcollector <> - DRY_RUN: "reg_type       = 2	event_id       = g	reg_id         = 1c8	reg_value      = 0"
374 [23039016167104] INFO perfrun.perfcollector <> - eventId: g, skip parsing event_id
374 [23039016167104] INFO perfrun.perfcollector <> - DRY_RUN: "DATA"
374 [23039016167104] INFO perfrun.perfcollector <> - DRY_RUN: "reg_type       = 4	event_id       = 2	reg_id         = 309	reg_value      = ffffffdb6100"
374 [23039016167104] INFO perfrun.perfcollector <> - eventId: 2, dataAddr: 309, dataVal: ffffffdb6100
374 [23039016167104] INFO perfrun.perfcollector <> - DRY_RUN: "reg_type       = 4	event_id       = 0	reg_id         = 30a	reg_value      = ffffffe17b7d"
374 [23039016167104] INFO perfrun.perfcollector <> - eventId: 0, dataAddr: 30a, dataVal: ffffffe17b7d
374 [23039016167104] INFO perfrun.perfcollector <> - DRY_RUN: "reg_type       = 4	event_id       = 1	reg_id         = 30b	reg_value      = ffffffdb6100"
374 [23039016167104] INFO perfrun.perfcollector <> - eventId: 1, dataAddr: 30b, dataVal: ffffffdb6100
374 [23039016167104] INFO perfrun.perfcollector <> - DRY_RUN: "reg_type       = 4	event_id       = 9	reg_id         = c1	reg_value      = ffffffe17b7d"
374 [23039016167104] INFO perfrun.perfcollector <> - eventId: 9, dataAddr: c1, dataVal: ffffffe17b7d
374 [23039016167104] INFO perfrun.perfcollector <> - DRY_RUN: "reg_type       = 4	event_id       = 10	reg_id         = c2	reg_value      = ffffffe17b7d"
374 [23039016167104] INFO perfrun.perfcollector <> - eventId: 10, dataAddr: c2, dataVal: ffffffe17b7d
374 [23039016167104] INFO perfrun.perfcollector <> - event name: CPU_CLK_UNHALTED.THREAD
374 [23039016167104] INFO perfrun.perfcollector <> - pmu config: cpu
374 [23039016167104] INFO perfrun.perfcollector <> - cccrAddr: ffffffff, cccrValue: 0
374 [23039016167104] INFO perfrun.perfcollector <> - dataAddr: 30a, dataValue: ffffffffffe17b7d
374 [23039016167104] INFO perfrun.perfcollector <> - escrAddr: ffffffff, escrValue: 0
374 [23039016167104] INFO perfrun.perfcollector <> - extendedPebsValue: 0
374 [23039016167104] INFO perfrun.perfcollector <> - adaptivePebsAvailable: 0
374 [23039016167104] INFO perfrun.perfcollector <> - config: event: 3c
374 [23039016167104] INFO perfrun.perfcollector <> - config: pc: 0
374 [23039016167104] INFO perfrun.perfcollector <> - config: in_tx: 0
374 [23039016167104] INFO perfrun.perfcollector <> - config: edge: 0
374 [23039016167104] INFO perfrun.perfcollector <> - config: any: 0
374 [23039016167104] INFO perfrun.perfcollector <> - config1: offcore_rsp: 0
374 [23039016167104] INFO perfrun.perfcollector <> - config: in_tx_cp: 0
374 [23039016167104] INFO perfrun.perfcollector <> - config1: ldlat: 0
374 [23039016167104] INFO perfrun.perfcollector <> - config: inv: 0
374 [23039016167104] INFO perfrun.perfcollector <> - config: umask: 0
374 [23039016167104] INFO perfrun.perfcollector <> - config: cmask: 0
374 [23039016167104] INFO perfrun.perfcollector <> - format: cpu/event=0x3c,name='CPU_CLK_UNHALTED.THREAD'/D
374 [23039016167104] INFO perfrun.perfcollector <> - event name: CPU_CLK_UNHALTED.REF_TSC
374 [23039016167104] INFO perfrun.perfcollector <> - pmu config: cpu
374 [23039016167104] INFO perfrun.perfcollector <> - cccrAddr: ffffffff, cccrValue: 0
374 [23039016167104] INFO perfrun.perfcollector <> - dataAddr: 30b, dataValue: ffffffffffdb6100
374 [23039016167104] INFO perfrun.perfcollector <> - escrAddr: ffffffff, escrValue: 0
374 [23039016167104] INFO perfrun.perfcollector <> - extendedPebsValue: 0
374 [23039016167104] INFO perfrun.perfcollector <> - adaptivePebsAvailable: 0
374 [23039016167104] INFO perfrun.perfcollector <> - config: event: 0
374 [23039016167104] INFO perfrun.perfcollector <> - config: pc: 0
374 [23039016167104] INFO perfrun.perfcollector <> - config: in_tx: 0
374 [23039016167104] INFO perfrun.perfcollector <> - config: edge: 0
374 [23039016167104] INFO perfrun.perfcollector <> - config: any: 0
374 [23039016167104] INFO perfrun.perfcollector <> - config1: offcore_rsp: 0
374 [23039016167104] INFO perfrun.perfcollector <> - config: in_tx_cp: 0
374 [23039016167104] INFO perfrun.perfcollector <> - config1: ldlat: 0
374 [23039016167104] INFO perfrun.perfcollector <> - config: inv: 0
374 [23039016167104] INFO perfrun.perfcollector <> - config: umask: 3
374 [23039016167104] INFO perfrun.perfcollector <> - config: cmask: 0
375 [23039016167104] INFO perfrun.perfcollector <> - format: cpu/umask=0x3,name='CPU_CLK_UNHALTED.REF_TSC'/D
375 [23039016167104] INFO perfrun.perfcollector <> - event name: INST_RETIRED.ANY
375 [23039016167104] INFO perfrun.perfcollector <> - pmu config: cpu
375 [23039016167104] INFO perfrun.perfcollector <> - cccrAddr: ffffffff, cccrValue: 0
375 [23039016167104] INFO perfrun.perfcollector <> - dataAddr: 309, dataValue: ffffffffffdb6100
375 [23039016167104] INFO perfrun.perfcollector <> - escrAddr: ffffffff, escrValue: 0
375 [23039016167104] INFO perfrun.perfcollector <> - extendedPebsValue: 0
375 [23039016167104] INFO perfrun.perfcollector <> - adaptivePebsAvailable: 0
375 [23039016167104] INFO perfrun.perfcollector <> - config: event: c0
375 [23039016167104] INFO perfrun.perfcollector <> - config: pc: 0
375 [23039016167104] INFO perfrun.perfcollector <> - config: in_tx: 0
375 [23039016167104] INFO perfrun.perfcollector <> - config: edge: 0
375 [23039016167104] INFO perfrun.perfcollector <> - config: any: 0
375 [23039016167104] INFO perfrun.perfcollector <> - config1: offcore_rsp: 0
375 [23039016167104] INFO perfrun.perfcollector <> - config: in_tx_cp: 0
375 [23039016167104] INFO perfrun.perfcollector <> - config1: ldlat: 0
375 [23039016167104] INFO perfrun.perfcollector <> - config: inv: 0
375 [23039016167104] INFO perfrun.perfcollector <> - config: umask: 0
375 [23039016167104] INFO perfrun.perfcollector <> - config: cmask: 0
375 [23039016167104] INFO perfrun.perfcollector <> - format: cpu/event=0xc0,name='INST_RETIRED.ANY'/D
375 [23039016167104] INFO perfrun.perfcollector <> - event name: CPU_CLK_UNHALTED.REF_XCLK
375 [23039016167104] INFO perfrun.perfcollector <> - pmu config: cpu
375 [23039016167104] INFO perfrun.perfcollector <> - cccrAddr: 18a, cccrValue: 53013c
375 [23039016167104] INFO perfrun.perfcollector <> - dataAddr: c5, dataValue: fffffffffffe795d
375 [23039016167104] INFO perfrun.perfcollector <> - escrAddr: ffffffff, escrValue: 0
375 [23039016167104] INFO perfrun.perfcollector <> - extendedPebsValue: 0
375 [23039016167104] INFO perfrun.perfcollector <> - adaptivePebsAvailable: 0
375 [23039016167104] INFO perfrun.perfcollector <> - config: event: 3c
375 [23039016167104] INFO perfrun.perfcollector <> - config: pc: 0
375 [23039016167104] INFO perfrun.perfcollector <> - config: in_tx: 0
375 [23039016167104] INFO perfrun.perfcollector <> - config: edge: 0
375 [23039016167104] INFO perfrun.perfcollector <> - config: any: 0
375 [23039016167104] INFO perfrun.perfcollector <> - config1: offcore_rsp: 0
375 [23039016167104] INFO perfrun.perfcollector <> - config: in_tx_cp: 0
375 [23039016167104] INFO perfrun.perfcollector <> - config1: ldlat: 0
375 [23039016167104] INFO perfrun.perfcollector <> - config: inv: 0
375 [23039016167104] INFO perfrun.perfcollector <> - config: umask: 1
375 [23039016167104] INFO perfrun.perfcollector <> - config: cmask: 0
375 [23039016167104] INFO perfrun.perfcollector <> - format: cpu/event=0x3c,umask=0x1,name='CPU_CLK_UNHALTED.REF_XCLK'/
375 [23039016167104] INFO perfrun.perfcollector <> - event name: CPU_CLK_UNHALTED.ONE_THREAD_ACTIVE
375 [23039016167104] INFO perfrun.perfcollector <> - pmu config: cpu
375 [23039016167104] INFO perfrun.perfcollector <> - cccrAddr: 18b, cccrValue: 53023c
375 [23039016167104] INFO perfrun.perfcollector <> - dataAddr: c6, dataValue: fffffffffffe795d
375 [23039016167104] INFO perfrun.perfcollector <> - escrAddr: ffffffff, escrValue: 0
375 [23039016167104] INFO perfrun.perfcollector <> - extendedPebsValue: 0
375 [23039016167104] INFO perfrun.perfcollector <> - adaptivePebsAvailable: 0
375 [23039016167104] INFO perfrun.perfcollector <> - config: event: 3c
375 [23039016167104] INFO perfrun.perfcollector <> - config: pc: 0
375 [23039016167104] INFO perfrun.perfcollector <> - config: in_tx: 0
375 [23039016167104] INFO perfrun.perfcollector <> - config: edge: 0
375 [23039016167104] INFO perfrun.perfcollector <> - config: any: 0
375 [23039016167104] INFO perfrun.perfcollector <> - config1: offcore_rsp: 0
375 [23039016167104] INFO perfrun.perfcollector <> - config: in_tx_cp: 0
375 [23039016167104] INFO perfrun.perfcollector <> - config1: ldlat: 0
375 [23039016167104] INFO perfrun.perfcollector <> - config: inv: 0
375 [23039016167104] INFO perfrun.perfcollector <> - config: umask: 2
375 [23039016167104] INFO perfrun.perfcollector <> - config: cmask: 0
375 [23039016167104] INFO perfrun.perfcollector <> - format: cpu/event=0x3c,umask=0x2,name='CPU_CLK_UNHALTED.ONE_THREAD_ACTIVE'/
375 [23039016167104] INFO perfrun.perfcollector <> - event name: FP_ARITH_INST_RETIRED.SCALAR_SINGLE
375 [23039016167104] INFO perfrun.perfcollector <> - pmu config: cpu
375 [23039016167104] INFO perfrun.perfcollector <> - cccrAddr: 186, cccrValue: 5302c7
375 [23039016167104] INFO perfrun.perfcollector <> - dataAddr: c1, dataValue: ffffffffffe17b7d
375 [23039016167104] INFO perfrun.perfcollector <> - escrAddr: ffffffff, escrValue: 0
375 [23039016167104] INFO perfrun.perfcollector <> - extendedPebsValue: 0
375 [23039016167104] INFO perfrun.perfcollector <> - adaptivePebsAvailable: 0
375 [23039016167104] INFO perfrun.perfcollector <> - config: event: c7
375 [23039016167104] INFO perfrun.perfcollector <> - config: pc: 0
375 [23039016167104] INFO perfrun.perfcollector <> - config: in_tx: 0
375 [23039016167104] INFO perfrun.perfcollector <> - config: edge: 0
375 [23039016167104] INFO perfrun.perfcollector <> - config: any: 0
375 [23039016167104] INFO perfrun.perfcollector <> - config1: offcore_rsp: 0
375 [23039016167104] INFO perfrun.perfcollector <> - config: in_tx_cp: 0
375 [23039016167104] INFO perfrun.perfcollector <> - config1: ldlat: 0
375 [23039016167104] INFO perfrun.perfcollector <> - config: inv: 0
375 [23039016167104] INFO perfrun.perfcollector <> - config: umask: 2
375 [23039016167104] INFO perfrun.perfcollector <> - config: cmask: 0
375 [23039016167104] INFO perfrun.perfcollector <> - format: cpu/event=0xc7,umask=0x2,name='FP_ARITH_INST_RETIRED.SCALAR_SINGLE'/
375 [23039016167104] INFO perfrun.perfcollector <> - event name: FP_ARITH_INST_RETIRED.128B_PACKED_SINGLE
375 [23039016167104] INFO perfrun.perfcollector <> - pmu config: cpu
375 [23039016167104] INFO perfrun.perfcollector <> - cccrAddr: 187, cccrValue: 5308c7
375 [23039016167104] INFO perfrun.perfcollector <> - dataAddr: c2, dataValue: ffffffffffe17b7d
375 [23039016167104] INFO perfrun.perfcollector <> - escrAddr: ffffffff, escrValue: 0
375 [23039016167104] INFO perfrun.perfcollector <> - extendedPebsValue: 0
375 [23039016167104] INFO perfrun.perfcollector <> - adaptivePebsAvailable: 0
375 [23039016167104] INFO perfrun.perfcollector <> - config: event: c7
375 [23039016167104] INFO perfrun.perfcollector <> - config: pc: 0
375 [23039016167104] INFO perfrun.perfcollector <> - config: in_tx: 0
375 [23039016167104] INFO perfrun.perfcollector <> - config: edge: 0
375 [23039016167104] INFO perfrun.perfcollector <> - config: any: 0
375 [23039016167104] INFO perfrun.perfcollector <> - config1: offcore_rsp: 0
375 [23039016167104] INFO perfrun.perfcollector <> - config: in_tx_cp: 0
375 [23039016167104] INFO perfrun.perfcollector <> - config1: ldlat: 0
375 [23039016167104] INFO perfrun.perfcollector <> - config: inv: 0
375 [23039016167104] INFO perfrun.perfcollector <> - config: umask: 8
375 [23039016167104] INFO perfrun.perfcollector <> - config: cmask: 0
375 [23039016167104] INFO perfrun.perfcollector <> - format: cpu/event=0xc7,umask=0x8,name='FP_ARITH_INST_RETIRED.128B_PACKED_SINGLE'/
375 [23039016167104] INFO perfrun.perfcollector <> - event name: FP_ARITH_INST_RETIRED.256B_PACKED_SINGLE
375 [23039016167104] INFO perfrun.perfcollector <> - pmu config: cpu
375 [23039016167104] INFO perfrun.perfcollector <> - cccrAddr: 188, cccrValue: 5320c7
375 [23039016167104] INFO perfrun.perfcollector <> - dataAddr: c3, dataValue: ffffffffffe17b7d
375 [23039016167104] INFO perfrun.perfcollector <> - escrAddr: ffffffff, escrValue: 0
375 [23039016167104] INFO perfrun.perfcollector <> - extendedPebsValue: 0
375 [23039016167104] INFO perfrun.perfcollector <> - adaptivePebsAvailable: 0
375 [23039016167104] INFO perfrun.perfcollector <> - config: event: c7
375 [23039016167104] INFO perfrun.perfcollector <> - config: pc: 0
375 [23039016167104] INFO perfrun.perfcollector <> - config: in_tx: 0
375 [23039016167104] INFO perfrun.perfcollector <> - config: edge: 0
375 [23039016167104] INFO perfrun.perfcollector <> - config: any: 0
375 [23039016167104] INFO perfrun.perfcollector <> - config1: offcore_rsp: 0
375 [23039016167104] INFO perfrun.perfcollector <> - config: in_tx_cp: 0
375 [23039016167104] INFO perfrun.perfcollector <> - config1: ldlat: 0
375 [23039016167104] INFO perfrun.perfcollector <> - config: inv: 0
375 [23039016167104] INFO perfrun.perfcollector <> - config: umask: 20
375 [23039016167104] INFO perfrun.perfcollector <> - config: cmask: 0
375 [23039016167104] INFO perfrun.perfcollector <> - format: cpu/event=0xc7,umask=0x20,name='FP_ARITH_INST_RETIRED.256B_PACKED_SINGLE'/
375 [23039016167104] INFO perfrun.perfcollector <> - event name: FP_ARITH_INST_RETIRED.SCALAR_DOUBLE
375 [23039016167104] INFO perfrun.perfcollector <> - pmu config: cpu
375 [23039016167104] INFO perfrun.perfcollector <> - cccrAddr: 189, cccrValue: 5301c7
375 [23039016167104] INFO perfrun.perfcollector <> - dataAddr: c4, dataValue: ffffffffffe17b7d
375 [23039016167104] INFO perfrun.perfcollector <> - escrAddr: ffffffff, escrValue: 0
375 [23039016167104] INFO perfrun.perfcollector <> - extendedPebsValue: 0
375 [23039016167104] INFO perfrun.perfcollector <> - adaptivePebsAvailable: 0
375 [23039016167104] INFO perfrun.perfcollector <> - config: event: c7
375 [23039016167104] INFO perfrun.perfcollector <> - config: pc: 0
375 [23039016167104] INFO perfrun.perfcollector <> - config: in_tx: 0
375 [23039016167104] INFO perfrun.perfcollector <> - config: edge: 0
375 [23039016167104] INFO perfrun.perfcollector <> - config: any: 0
375 [23039016167104] INFO perfrun.perfcollector <> - config1: offcore_rsp: 0
375 [23039016167104] INFO perfrun.perfcollector <> - config: in_tx_cp: 0
375 [23039016167104] INFO perfrun.perfcollector <> - config1: ldlat: 0
375 [23039016167104] INFO perfrun.perfcollector <> - config: inv: 0
375 [23039016167104] INFO perfrun.perfcollector <> - config: umask: 1
375 [23039016167104] INFO perfrun.perfcollector <> - config: cmask: 0
375 [23039016167104] INFO perfrun.perfcollector <> - format: cpu/event=0xc7,umask=0x1,name='FP_ARITH_INST_RETIRED.SCALAR_DOUBLE'/
375 [23039016167104] INFO perfrun.perfcollector <> - event name: FP_ARITH_INST_RETIRED.128B_PACKED_DOUBLE
375 [23039016167104] INFO perfrun.perfcollector <> - pmu config: cpu
375 [23039016167104] INFO perfrun.perfcollector <> - cccrAddr: 186, cccrValue: 5304c7
375 [23039016167104] INFO perfrun.perfcollector <> - dataAddr: c1, dataValue: ffffffffffe17b7d
375 [23039016167104] INFO perfrun.perfcollector <> - escrAddr: ffffffff, escrValue: 0
375 [23039016167104] INFO perfrun.perfcollector <> - extendedPebsValue: 0
375 [23039016167104] INFO perfrun.perfcollector <> - adaptivePebsAvailable: 0
375 [23039016167104] INFO perfrun.perfcollector <> - config: event: c7
375 [23039016167104] INFO perfrun.perfcollector <> - config: pc: 0
375 [23039016167104] INFO perfrun.perfcollector <> - config: in_tx: 0
375 [23039016167104] INFO perfrun.perfcollector <> - config: edge: 0
375 [23039016167104] INFO perfrun.perfcollector <> - config: any: 0
375 [23039016167104] INFO perfrun.perfcollector <> - config1: offcore_rsp: 0
375 [23039016167104] INFO perfrun.perfcollector <> - config: in_tx_cp: 0
375 [23039016167104] INFO perfrun.perfcollector <> - config1: ldlat: 0
375 [23039016167104] INFO perfrun.perfcollector <> - config: inv: 0
375 [23039016167104] INFO perfrun.perfcollector <> - config: umask: 4
375 [23039016167104] INFO perfrun.perfcollector <> - config: cmask: 0
375 [23039016167104] INFO perfrun.perfcollector <> - format: cpu/event=0xc7,umask=0x4,name='FP_ARITH_INST_RETIRED.128B_PACKED_DOUBLE'/
375 [23039016167104] INFO perfrun.perfcollector <> - event name: FP_ARITH_INST_RETIRED.256B_PACKED_DOUBLE
375 [23039016167104] INFO perfrun.perfcollector <> - pmu config: cpu
375 [23039016167104] INFO perfrun.perfcollector <> - cccrAddr: 187, cccrValue: 5310c7
375 [23039016167104] INFO perfrun.perfcollector <> - dataAddr: c2, dataValue: ffffffffffe17b7d
375 [23039016167104] INFO perfrun.perfcollector <> - escrAddr: ffffffff, escrValue: 0
375 [23039016167104] INFO perfrun.perfcollector <> - extendedPebsValue: 0
375 [23039016167104] INFO perfrun.perfcollector <> - adaptivePebsAvailable: 0
375 [23039016167104] INFO perfrun.perfcollector <> - config: event: c7
375 [23039016167104] INFO perfrun.perfcollector <> - config: pc: 0
375 [23039016167104] INFO perfrun.perfcollector <> - config: in_tx: 0
375 [23039016167104] INFO perfrun.perfcollector <> - config: edge: 0
375 [23039016167104] INFO perfrun.perfcollector <> - config: any: 0
375 [23039016167104] INFO perfrun.perfcollector <> - config1: offcore_rsp: 0
375 [23039016167104] INFO perfrun.perfcollector <> - config: in_tx_cp: 0
375 [23039016167104] INFO perfrun.perfcollector <> - config1: ldlat: 0
375 [23039016167104] INFO perfrun.perfcollector <> - config: inv: 0
375 [23039016167104] INFO perfrun.perfcollector <> - config: umask: 10
375 [23039016167104] INFO perfrun.perfcollector <> - config: cmask: 0
375 [23039016167104] INFO perfrun.perfcollector <> - format: cpu/event=0xc7,umask=0x10,name='FP_ARITH_INST_RETIRED.256B_PACKED_DOUBLE'/
375 [23039016167104] INFO perfrun.perfcollector <> - event name: INST_RETIRED.X87
375 [23039016167104] INFO perfrun.perfcollector <> - pmu config: cpu
375 [23039016167104] INFO perfrun.perfcollector <> - cccrAddr: 18c, cccrValue: 5302c0
375 [23039016167104] INFO perfrun.perfcollector <> - dataAddr: c7, dataValue: ffffffffffe17b7d
375 [23039016167104] INFO perfrun.perfcollector <> - escrAddr: ffffffff, escrValue: 0
375 [23039016167104] INFO perfrun.perfcollector <> - extendedPebsValue: 0
375 [23039016167104] INFO perfrun.perfcollector <> - adaptivePebsAvailable: 0
375 [23039016167104] INFO perfrun.perfcollector <> - config: event: c0
375 [23039016167104] INFO perfrun.perfcollector <> - config: pc: 0
375 [23039016167104] INFO perfrun.perfcollector <> - config: in_tx: 0
375 [23039016167104] INFO perfrun.perfcollector <> - config: edge: 0
375 [23039016167104] INFO perfrun.perfcollector <> - config: any: 0
375 [23039016167104] INFO perfrun.perfcollector <> - config1: offcore_rsp: 0
375 [23039016167104] INFO perfrun.perfcollector <> - config: in_tx_cp: 0
375 [23039016167104] INFO perfrun.perfcollector <> - config1: ldlat: 0
375 [23039016167104] INFO perfrun.perfcollector <> - config: inv: 0
375 [23039016167104] INFO perfrun.perfcollector <> - config: umask: 2
375 [23039016167104] INFO perfrun.perfcollector <> - config: cmask: 0
375 [23039016167104] INFO perfrun.perfcollector <> - format: cpu/event=0xc0,umask=0x2,name='INST_RETIRED.X87'/
375 [23039016167104] INFO perfrun.perfcollector <> - event name: UOPS_RETIRED.RETIRE_SLOTS
375 [23039016167104] INFO perfrun.perfcollector <> - pmu config: cpu
375 [23039016167104] INFO perfrun.perfcollector <> - cccrAddr: 18d, cccrValue: 5302c2
375 [23039016167104] INFO perfrun.perfcollector <> - dataAddr: c8, dataValue: ffffffffffe17b7d
375 [23039016167104] INFO perfrun.perfcollector <> - escrAddr: ffffffff, escrValue: 0
375 [23039016167104] INFO perfrun.perfcollector <> - extendedPebsValue: 0
375 [23039016167104] INFO perfrun.perfcollector <> - adaptivePebsAvailable: 0
375 [23039016167104] INFO perfrun.perfcollector <> - config: event: c2
375 [23039016167104] INFO perfrun.perfcollector <> - config: pc: 0
375 [23039016167104] INFO perfrun.perfcollector <> - config: in_tx: 0
375 [23039016167104] INFO perfrun.perfcollector <> - config: edge: 0
375 [23039016167104] INFO perfrun.perfcollector <> - config: any: 0
375 [23039016167104] INFO perfrun.perfcollector <> - config1: offcore_rsp: 0
375 [23039016167104] INFO perfrun.perfcollector <> - config: in_tx_cp: 0
375 [23039016167104] INFO perfrun.perfcollector <> - config1: ldlat: 0
375 [23039016167104] INFO perfrun.perfcollector <> - config: inv: 0
375 [23039016167104] INFO perfrun.perfcollector <> - config: umask: 2
375 [23039016167104] INFO perfrun.perfcollector <> - config: cmask: 0
375 [23039016167104] INFO perfrun.perfcollector <> - format: cpu/event=0xc2,umask=0x2,name='UOPS_RETIRED.RETIRE_SLOTS'/
375 [23039016167104] INFO perfrun.perfcollector <> - event: cpu/event=0x3c,name='CPU_CLK_UNHALTED.THREAD'/Duk, added for counting
375 [23039016167104] INFO perfrun.perfcollector <> - event: cpu/umask=0x3,name='CPU_CLK_UNHALTED.REF_TSC'/Duk, added for counting
375 [23039016167104] INFO perfrun.perfcollector <> - event: cpu/event=0xc0,name='INST_RETIRED.ANY'/Duk, added for counting
375 [23039016167104] INFO perfrun.perfcollector <> - event: cpu/event=0x3c,umask=0x1,name='CPU_CLK_UNHALTED.REF_XCLK'/uk, added for counting
375 [23039016167104] INFO perfrun.perfcollector <> - event: cpu/event=0x3c,umask=0x2,name='CPU_CLK_UNHALTED.ONE_THREAD_ACTIVE'/uk, added for counting
375 [23039016167104] INFO perfrun.perfcollector <> - event: cpu/event=0xc7,umask=0x2,name='FP_ARITH_INST_RETIRED.SCALAR_SINGLE'/uk, added for counting
375 [23039016167104] INFO perfrun.perfcollector <> - event: cpu/event=0xc7,umask=0x8,name='FP_ARITH_INST_RETIRED.128B_PACKED_SINGLE'/uk, added for counting
375 [23039016167104] INFO perfrun.perfcollector <> - event: cpu/event=0xc7,umask=0x20,name='FP_ARITH_INST_RETIRED.256B_PACKED_SINGLE'/uk, added for counting
375 [23039016167104] INFO perfrun.perfcollector <> - event: cpu/event=0xc7,umask=0x1,name='FP_ARITH_INST_RETIRED.SCALAR_DOUBLE'/uk, added for counting
375 [23039016167104] INFO perfrun.perfcollector <> - event: cpu/event=0xc7,umask=0x4,name='FP_ARITH_INST_RETIRED.128B_PACKED_DOUBLE'/uk, added for counting
375 [23039016167104] INFO perfrun.perfcollector <> - event: cpu/event=0xc7,umask=0x10,name='FP_ARITH_INST_RETIRED.256B_PACKED_DOUBLE'/uk, added for counting
375 [23039016167104] INFO perfrun.perfcollector <> - event: cpu/event=0xc0,umask=0x2,name='INST_RETIRED.X87'/uk, added for counting
375 [23039016167104] INFO perfrun.perfcollector <> - event: cpu/event=0xc2,umask=0x2,name='UOPS_RETIRED.RETIRE_SLOTS'/uk, added for counting
375 [23039016167104] INFO perfrun.perfcollector <> - attaching to pid: 4294967295, collect mode: 1, rc modes: 3
391 [23038937659072] WARN perfrun.perfcollector <> - Perf stat trace pipe capacity: read = 1048576, write = 1048576, at file: vcs/perfrun1/plugins/perfcollector/src/profiler.cpp:765
400 [23038937659072] INFO perfrun.sdk <> - runCmd: /opt/intel/oneapi/vtune/2023.1.0/bin64/amplxe-perf stat -v --log-fd 10 --scale -x ; -e cpu/event=0x3c,name='CPU_CLK_UNHALTED.THREAD'/Duk,cpu/umask=0x3,name='CPU_CLK_UNHALTED.REF_TSC'/Duk,cpu/event=0xc0,name='INST_RETIRED.ANY'/Duk,cpu/event=0x3c,umask=0x1,name='CPU_CLK_UNHALTED.REF_XCLK'/uk,cpu/event=0x3c,umask=0x2,name='CPU_CLK_UNHALTED.ONE_THREAD_ACTIVE'/uk,cpu/event=0xc7,umask=0x2,name='FP_ARITH_INST_RETIRED.SCALAR_SINGLE'/uk,cpu/event=0xc7,umask=0x8,name='FP_ARITH_INST_RETIRED.128B_PACKED_SINGLE'/uk,cpu/event=0xc7,umask=0x20,name='FP_ARITH_INST_RETIRED.256B_PACKED_SINGLE'/uk,cpu/event=0xc7,umask=0x1,name='FP_ARITH_INST_RETIRED.SCALAR_DOUBLE'/uk,cpu/event=0xc7,umask=0x4,name='FP_ARITH_INST_RETIRED.128B_PACKED_DOUBLE'/uk,cpu/event=0xc7,umask=0x10,name='FP_ARITH_INST_RETIRED.256B_PACKED_DOUBLE'/uk,cpu/event=0xc0,umask=0x2,name='INST_RETIRED.X87'/uk,cpu/event=0xc2,umask=0x2,name='UOPS_RETIRED.RETIRE_SLOTS'/uk /opt/intel/oneapi/vtune/2023.1.0/bin64/amplxe-perf-sync dryrun sys
401 [23038937659072] INFO perfrun.sdk <> - runCmd started PID 2284453
558 [23038937659072] INFO perfrun.perfcollector <> - Monitor: runCmd RC = true
559 [23039016167104] INFO perfrun.launcher <> - plugin [aoclprofile] was disabled because it doesn't support the given collection type.
559 [23039016167104] INFO perfrun.tpss <> - initialize tpss controller
559 [23039016167104] INFO perfrun.tpss <> - configure collection mode: value = cpu:counters:nostack
559 [23039016167104] INFO perfrun.tpss <> - configure collection mode: value = cpu:stack
559 [23039016167104] INFO perfrun.tpss <> - default obj-size-min=1024
559 [23039016167104] INFO perfrun.tpss <> - default hash-table-size=0
559 [23039016167104] INFO perfrun.launcher <> - plugin [media] was disabled because it doesn't support the given collection type.
559 [23039016167104] INFO perfrun.launcher <> - plugin [] was disabled because it doesn't support the given collection type.
559 [23039016167104] INFO perfrun.launcher <> - plugin [] was disabled because it doesn't support the given collection type.
559 [23039016167104] INFO perfrun.launcher <> - plugin [parallelfs] was disabled because it doesn't support the given collection type.
559 [23039016167104] INFO perfrun.launcher <> - plugin [power] was disabled because it doesn't support the given collection type.
559 [23039016167104] INFO perfrun.launcher <> - plugin [hwloc] was disabled because it doesn't support the given collection type.
559 [23039016167104] INFO perfrun.launcher <> - plugin [ipmwatch] was disabled because it doesn't support the given collection type.
559 [23039016167104] INFO perfrun.launcher <> - plugin [os_counters] was disabled because it doesn't support the given collection type.
559 [23039016167104] INFO perfrun.launcher <> - plugin [l0_metrics] was disabled because it doesn't support the given collection type.
559 [23039159453568] INFO perfrun.launcher <> - set environment variable: LD_LIBRARY_PATH = /opt/intel/oneapi/vtune/2023.1.0/lib32/runtime:/opt/intel/oneapi/vtune/2023.1.0/lib64/runtime:/opt/intel/oneapi/tbb/2021.5.1/env/../lib/intel64/gcc4.8:/opt/intel/oneapi/mpi/2021.5.1//libfabric/lib:/opt/intel/oneapi/mpi/2021.5.1//lib/release:/opt/intel/oneapi/mpi/2021.5.1//lib:/opt/intel/oneapi/mkl/2022.0.2/lib/intel64:/opt/intel/oneapi/itac/2021.5.0/slib:/opt/intel/oneapi/debugger/2021.5.0/gdb/intel64/lib:/opt/intel/oneapi/debugger/2021.5.0/libipt/intel64/lib:/opt/intel/oneapi/debugger/2021.5.0/dep/lib:/opt/intel/oneapi/compiler/2022.0.2/linux/lib:/opt/intel/oneapi/compiler/2022.0.2/linux/lib/x64:/opt/intel/oneapi/compiler/2022.0.2/linux/lib/oclfpga/host/linux64/lib:/opt/intel/oneapi/compiler/2022.0.2/linux/compiler/lib/intel64_lin
559 [23039159453568] INFO perfrun.launcher <> - set environment variable: INTEL_LIBITTNOTIFY32 = /opt/intel/oneapi/vtune/2023.1.0/lib32/runtime/libittnotify_collector.so
559 [23039159453568] INFO perfrun.launcher <> - set environment variable: INTEL_LIBITTNOTIFY64 = /opt/intel/oneapi/vtune/2023.1.0/lib64/runtime/libittnotify_collector.so
559 [23039159453568] INFO perfrun.launcher <> - set environment variable: INTEL_ITTNOTIFY_GROUPS = 
559 [23039159453568] INFO perfrun.launcher <> - set environment variable: INTEL_JIT_PROFILER32 = /opt/intel/oneapi/vtune/2023.1.0/lib32/runtime/libittnotify_collector.so
559 [23039159453568] INFO perfrun.launcher <> - set environment variable: INTEL_JIT_PROFILER64 = /opt/intel/oneapi/vtune/2023.1.0/lib64/runtime/libittnotify_collector.so
559 [23039159453568] INFO perfrun.launcher <> - set environment variable: OMP_TOOL_LIBRARIES = /opt/intel/oneapi/vtune/2023.1.0/lib32/runtime/libittnotify_collector.so:/opt/intel/oneapi/vtune/2023.1.0/lib64/runtime/libittnotify_collector.so
559 [23039159453568] INFO perfrun.launcher <> - set environment variable: ENABLE_JITPROFILING = 1
560 [23039159453568] INFO perfrun.launcher <> - set environment variable: CL_CONFIG_USE_VTUNE = True
560 [23039159453568] INFO perfrun.launcher <> - set environment variable: LD_PRELOAD = libittnotify_collector.so:
560 [23039159453568] INFO perfrun.launcher <> - set environment variable: KMP_FORKJOIN_FRAMES = 0
560 [23039159453568] INFO perfrun.launcher <> - set environment variable: KMP_FORKJOIN_FRAMES_MODE = 0
560 [23039159453568] INFO perfrun.launcher <> - set environment variable: OMP_TOOL = disabled
560 [23039159453568] INFO perfrun.launcher <> - set environment variable: INTEL_MRTE_DATA_DIR = /home/course/hpc/users/2022012388/exp8/result.conv2/data.24
560 [23039159453568] INFO perfrun.launcher <> - set environment variable: INTEL_MRTE_HOST_NAME = conv2
560 [23039159453568] INFO perfrun.launcher <> - set environment variable: JAVA_TOOL_OPTIONS = -agentlib:amplxe_tpssmrte_javaprof_1.0 -Dsun.boot.library.path=/opt/intel/oneapi/vtune/2023.1.0/lib32/runtime:/opt/intel/oneapi/vtune/2023.1.0/lib64/runtime
560 [23039159453568] INFO perfrun.launcher <> - set environment variable: LD_LIBRARY_PATH = /opt/intel/oneapi/vtune/2023.1.0/lib32/runtime:/opt/intel/oneapi/vtune/2023.1.0/lib64/runtime:/opt/intel/oneapi/tbb/2021.5.1/env/../lib/intel64/gcc4.8:/opt/intel/oneapi/mpi/2021.5.1//libfabric/lib:/opt/intel/oneapi/mpi/2021.5.1//lib/release:/opt/intel/oneapi/mpi/2021.5.1//lib:/opt/intel/oneapi/mkl/2022.0.2/lib/intel64:/opt/intel/oneapi/itac/2021.5.0/slib:/opt/intel/oneapi/debugger/2021.5.0/gdb/intel64/lib:/opt/intel/oneapi/debugger/2021.5.0/libipt/intel64/lib:/opt/intel/oneapi/debugger/2021.5.0/dep/lib:/opt/intel/oneapi/compiler/2022.0.2/linux/lib:/opt/intel/oneapi/compiler/2022.0.2/linux/lib/x64:/opt/intel/oneapi/compiler/2022.0.2/linux/lib/oclfpga/host/linux64/lib:/opt/intel/oneapi/compiler/2022.0.2/linux/compiler/lib/intel64_lin
560 [23039159453568] INFO perfrun.launcher <> - set environment variable: CORECLR_ENABLE_PROFILING = 1
560 [23039159453568] INFO perfrun.launcher <> - set environment variable: CORECLR_PROFILER = {AA5E4821-E3B1-479c-B7FF-5AD047D22CED}
560 [23039159453568] INFO perfrun.launcher <> - set environment variable: CORECLR_PROFILER_PATH = /opt/intel/oneapi/vtune/2023.1.0/lib64/libamplxe_samplingmrte_clrprof_1.0.so
560 [23039159453568] INFO perfrun.launcher <> - set environment variable: INTEL_MRTE_PROFILER_MODE = mixed
560 [23039159453568] INFO perfrun.launcher <> - RpcServer: run RPC server to handle requests
561 [23039159453568] INFO perfrun.launcher <> - Launcher: command line to start before modification = ./run.sh 2022012388
561 [23039159453568] INFO perfrun.launcher <> - Launcher: command line to start after modification = /opt/intel/oneapi/vtune/2023.1.0/bin64/pin -error_file /home/course/hpc/users/2022012388/exp8/result.conv2/data.24/pinerr.tpsslog -detach_reattach -follow_execv -tool_load_option deepbind -t64 /opt/intel/oneapi/vtune/2023.1.0/lib64/libtpsstool.so -t /opt/intel/oneapi/vtune/2023.1.0/lib32/libtpsstool.so -server_name tpss_ipc.2284288 -prd_dir /opt/intel/oneapi/vtune/2023.1.0 -- ./run.sh 2022012388
561 [23039159453568] INFO perfrun.launcher <> - ProcessCreator object was created
562 [23039159453568] INFO perfrun.launcher <> - Launcher: the process was started in suspend mode
564 [23039016167104] WARN perfrun.system <> - Could not do anything with /sys/kernel/debug/kvm: boost::filesystem::status: Permission denied: "/sys/kernel/debug/kvm", at file: vcs/perfrun1/plugins/system/src/trace_writer.cpp:787
564 [23039016167104] WARN perfrun.system <> - Folder "/var/run/libvirt/qemu/"doesn't exist, at file: vcs/perfrun1/plugins/system/src/trace_writer.cpp:800
564 [23039016167104] INFO perfrun.itt <> - start itt controller for pid #2284562
565 [23039016167104] INFO perfrun.perfcollector <> - attaching to pid: 2284562, collect mode: 1, rc modes: 1
579 [23038931355328] WARN perfrun.perfcollector <> - Perf stat trace pipe capacity: read = 1048576, write = 1048576, at file: vcs/perfrun1/plugins/perfcollector/src/profiler.cpp:765
588 [23038931355328] INFO perfrun.sdk <> - runCmd: /opt/intel/oneapi/vtune/2023.1.0/bin64/amplxe-perf stat -v --log-fd 22 --control=fd:23,26 --scale -x ; -p 2284562 -e cpu/event=0x3c,name='CPU_CLK_UNHALTED.THREAD'/Duk,cpu/umask=0x3,name='CPU_CLK_UNHALTED.REF_TSC'/Duk,cpu/event=0xc0,name='INST_RETIRED.ANY'/Duk,cpu/event=0x3c,umask=0x1,name='CPU_CLK_UNHALTED.REF_XCLK'/uk,cpu/event=0x3c,umask=0x2,name='CPU_CLK_UNHALTED.ONE_THREAD_ACTIVE'/uk,cpu/event=0xc7,umask=0x2,name='FP_ARITH_INST_RETIRED.SCALAR_SINGLE'/uk,cpu/event=0xc7,umask=0x8,name='FP_ARITH_INST_RETIRED.128B_PACKED_SINGLE'/uk,cpu/event=0xc7,umask=0x20,name='FP_ARITH_INST_RETIRED.256B_PACKED_SINGLE'/uk,cpu/event=0xc7,umask=0x1,name='FP_ARITH_INST_RETIRED.SCALAR_DOUBLE'/uk,cpu/event=0xc7,umask=0x4,name='FP_ARITH_INST_RETIRED.128B_PACKED_DOUBLE'/uk,cpu/event=0xc7,umask=0x10,name='FP_ARITH_INST_RETIRED.256B_PACKED_DOUBLE'/uk,cpu/event=0xc0,umask=0x2,name='INST_RETIRED.X87'/uk,cpu/event=0xc2,umask=0x2,name='UOPS_RETIRED.RETIRE_SLOTS'/uk /opt/intel/oneapi/vtune/2023.1.0/bin64/amplxe-perf-sync sync sys
589 [23038931355328] INFO perfrun.sdk <> - runCmd started PID 2284602
757 [23039016167104] INFO perfrun.tpss <> - start tpss controller for pid #2284562
807 [23039159453568] INFO perfrun.launcher <> - Launcher: all plugins were started
808 [23039159453568] INFO perfrun.launcher <> - DirectoryMonitor object was created
808 [23039159453568] INFO perfrun.launcher <> - DirectoryMonitor: a callback was added
808 [23039159453568] INFO perfrun.launcher <> - DirectoryMonitor was started with pingTime = 1000
808 [23039159453568] INFO perfrun.launcher <> - DeadlineTimer is going to be constructed
808 [23039159453568] INFO perfrun.launcher <> - DeadlineTimer: a callback was added
809 [23039159453568] INFO perfrun.launcher <> - Launcher: resume the profiled application and  wait its termination or stop command
140888 [23039159453568] INFO perfrun.launcher <> - Launcher: the profiled application was terminated  with exit code = 1
141145 [23039016167104] INFO perfrun.itt <> - detach itt controller
141145 [23039016167104] INFO perfrun.itt <> - detach itt controller done
141147 [23038931355328] INFO perfrun.perfcollector <> - Monitor: runCmd RC = true
141148 [23039016167104] INFO perfrun.perfcollector <> - Monitor: state = 3, error = 1
141149 [23039016167104] INFO perfrun.tpss <> - stop tpss controller
141153 [23039016167104] INFO perfrun.sdk <> - De-allocating TMU: /home/course/hpc/users/2022012388/exp8/result.conv2/data.24/systemcollector-2284288-conv2.sc
141153 [23039016167104] INFO perfrun.system <> - closed the system trace file: /home/course/hpc/users/2022012388/exp8/result.conv2/data.24/systemcollector-2284288-conv2.sc
141153 [23039159453568] INFO perfrun.launcher <> - Launcher: all plugins were stopped.
141153 [23039159453568] INFO perfrun.launcher <> - DeadlineTimer is going to be destroyed
141153 [23039159453568] INFO perfrun.launcher <> - DeadlineTimer was destroyed
141154 [23039159453568] INFO perfrun.launcher <> - DirectoryMonitor object was destroyed
141154 [23039159453568] WARN perfrun.launcher <> - Stop command is ignored because it is received when collection is already stopped, at file: vcs/perfrun1/launcher/src/command_handler.cpp:226
141158 [23039159453568] INFO perfrun.launcher <> - Application exit code: 1
141158 [23039159453568] INFO perfrun.launcher <> - Exit code: 4
