13 [22614426761088] INFO perfrun.launcher <> - Launcher main begin
15 [22614426761088] INFO perfrun.launcher <> - MessageCatalogInit finished
15 [22614426761088] INFO perfrun.launcher <> - Launcher instance created
15 [22614426761088] INFO perfrun.launcher <> - argc = 7; cmdline = /opt/intel/oneapi/vtune/2023.1.0/bin64/amplxe-runss --ui-output-format xml --ui-output-fd 5 --option-file /home/course/hpc/users/2022012388/exp8/result.conv2/config/runss.options.2 
81 [22614426761088] INFO perfrun.launcher <> - create msngr2::ICliToolContext
82 [22614426761088] INFO perfrun.launcher <> - create file finder object
82 [22614426761088] INFO perfrun.launcher <> - create a result directory: pattern = /home/course/hpc/users/2022012388/exp8/result.conv2 pid = 4294967295
84 [22614426761088] INFO perfrun.sdk <> - checked that the directory /home/course/hpc/users/2022012388/exp8/result.conv2 is a local directory
84 [22614426761088] INFO perfrun.sdk <> - the directory /home/course/hpc/users/2022012388/exp8/result.conv2 is located on a share or its FS ID is unknown 26985
84 [22614426761088] INFO perfrun.sdk <> - checked that the directory /tmp/amplxe-tmp-2022012388 is a local directory
84 [22614426761088] INFO perfrun.sdk <> - the directory /tmp/amplxe-tmp-2022012388 is located on a share or its FS ID is unknown 2035054128
85 [22614426761088] INFO perfrun.launcher <> - create data directory = /home/course/hpc/users/2022012388/exp8/result.conv2/data.2
86 [22614426761088] INFO perfrun.launcher <> - Creating the master collection flag
86 [22614426761088] INFO perfrun.launcher <> - Done creating the master collection flag
89 [22614286264000] INFO perfrun.launcher <> - plugin [remoteplug] was disabled because it doesn't support the given collection type.
89 [22614286264000] INFO perfrun.sdk <> - Allocating TMU :/home/course/hpc/users/2022012388/exp8/result.conv2/data.2/systemcollector-2283965-conv2.sc
91 [22614286264000] INFO perfrun.launcher <> - plugin [vdso] was disabled because it doesn't support the given collection type.
92 [22614286264000] INFO perfrun.launcher <> - plugin [ptracecollector] was disabled because it doesn't support the given collection type.
92 [22614286264000] INFO perfrun.launcher <> - plugin [gpu] was disabled because it doesn't support the given collection type.
92 [22614286264000] INFO perfrun.launcher <> - plugin [] was disabled because it doesn't support the given collection type.
92 [22614286264000] INFO perfrun.launcher <> - plugin [] was disabled because it doesn't support the given collection type.
92 [22614286264000] INFO perfrun.launcher <> - plugin [] was disabled because it doesn't support the given collection type.
92 [22614286264000] INFO perfrun.mrte <> - system-wide mode is 0
92 [22614286264000] INFO perfrun.mrte <> - Getting  mrte profiling environment ...
133 [22614286264000] INFO perfrun.mrte <> - INTEL_MRTE_DATA_DIR=/home/course/hpc/users/2022012388/exp8/result.conv2/data.2
133 [22614286264000] INFO perfrun.mrte <> - INTEL_MRTE_HOST_NAME=conv2
133 [22614286264000] INFO perfrun.mrte <> - JAVA_TOOL_OPTIONS=-agentlib:amplxe_tpssmrte_javaprof_1.0 -Dsun.boot.library.path=/opt/intel/oneapi/vtune/2023.1.0/lib32/runtime:/opt/intel/oneapi/vtune/2023.1.0/lib64/runtime
133 [22614286264000] INFO perfrun.mrte <> - LD_LIBRARY_PATH=/opt/intel/oneapi/vtune/2023.1.0/lib32/runtime:/opt/intel/oneapi/vtune/2023.1.0/lib64/runtime:/opt/intel/oneapi/tbb/2021.5.1/env/../lib/intel64/gcc4.8:/opt/intel/oneapi/mpi/2021.5.1//libfabric/lib:/opt/intel/oneapi/mpi/2021.5.1//lib/release:/opt/intel/oneapi/mpi/2021.5.1//lib:/opt/intel/oneapi/mkl/2022.0.2/lib/intel64:/opt/intel/oneapi/itac/2021.5.0/slib:/opt/intel/oneapi/debugger/2021.5.0/gdb/intel64/lib:/opt/intel/oneapi/debugger/2021.5.0/libipt/intel64/lib:/opt/intel/oneapi/debugger/2021.5.0/dep/lib:/opt/intel/oneapi/compiler/2022.0.2/linux/lib:/opt/intel/oneapi/compiler/2022.0.2/linux/lib/x64:/opt/intel/oneapi/compiler/2022.0.2/linux/lib/oclfpga/host/linux64/lib:/opt/intel/oneapi/compiler/2022.0.2/linux/compiler/lib/intel64_lin
133 [22614286264000] INFO perfrun.mrte <> - CORECLR_ENABLE_PROFILING=1
133 [22614286264000] INFO perfrun.mrte <> - CORECLR_PROFILER={AA5E4821-E3B1-479c-B7FF-5AD047D22CED}
133 [22614286264000] INFO perfrun.mrte <> - CORECLR_PROFILER_PATH=/opt/intel/oneapi/vtune/2023.1.0/lib64/libamplxe_samplingmrte_clrprof_1.0.so
133 [22614286264000] INFO perfrun.mrte <> - INTEL_MRTE_PROFILER_MODE=mixed
133 [22614286264000] INFO perfrun.mrte <> - Data directory: /home/course/hpc/users/2022012388/exp8/result.conv2/data.2
133 [22614286264000] INFO perfrun.mrte <> - Mrte plugin is initialized
133 [22614286264000] INFO perfrun.launcher <> - plugin [emon] was disabled because it doesn't support the given collection type.
133 [22614286264000] INFO perfrun.launcher <> - plugin [cuscol] was disabled because it doesn't support the given collection type.
133 [22614286264000] INFO perfrun.launcher <> - plugin [stdsrc] was disabled because it doesn't support the given collection type.
133 [22614286264000] INFO perfrun.launcher <> - plugin [sep] was disabled because it doesn't support the given collection type.
133 [22614286264000] INFO perfrun.launcher <> - plugin [vtsspp] was disabled because it doesn't support the given collection type.
133 [22614286264000] INFO perfrun.sdk <> - Reading value (0) from file: /proc/sys/kernel/perf_event_paranoid
133 [22614286264000] INFO perfrun.perfcollector <> - checking access to: /opt/intel/oneapi/vtune/2023.1.0/bin64/amplxe-perf-priv
136 [22614286264000] INFO perfrun.perfcollector <> - cpu: family = 6 model = 79
136 [22614286264000] INFO perfrun.perfcollector <> - dir found: /sys/bus/event_source/devices/software
136 [22614286264000] INFO perfrun.perfcollector <> - format: pmu format subdir doesn't exist
136 [22614286264000] INFO perfrun.perfcollector <> - hwInfo: not set, pmuFam: software
136 [22614286264000] INFO perfrun.perfcollector <> - pmu added: family: software, id: 0
136 [22614286264000] INFO perfrun.perfcollector <> - dir found: /sys/bus/event_source/devices/uncore_imc_5
136 [22614286264000] INFO perfrun.perfcollector <> - format: event config:0-7 mask:0-7
136 [22614286264000] INFO perfrun.perfcollector <> - format: edge config:18 mask:18
136 [22614286264000] INFO perfrun.perfcollector <> - format: inv config:23 mask:23
136 [22614286264000] INFO perfrun.perfcollector <> - format: umask config:8-15 mask:8-15
136 [22614286264000] INFO perfrun.perfcollector <> - format: thresh config:24-31 mask:24-31
136 [22614286264000] INFO perfrun.perfcollector <> - hwInfo: PERF_IMC_PMU_DETAILS
136 [22614286264000] INFO perfrun.perfcollector <> - pmu added: family: uncore_imc, id: 5
136 [22614286264000] INFO perfrun.perfcollector <> - dir found: /sys/bus/event_source/devices/uncore_sbox_2
136 [22614286264000] INFO perfrun.perfcollector <> - format: event config:0-7 mask:0-7
136 [22614286264000] INFO perfrun.perfcollector <> - format: edge config:18 mask:18
136 [22614286264000] INFO perfrun.perfcollector <> - format: inv config:23 mask:23
136 [22614286264000] INFO perfrun.perfcollector <> - format: umask config:8-15 mask:8-15
136 [22614286264000] INFO perfrun.perfcollector <> - format: tid_en config:19 mask:19
136 [22614286264000] INFO perfrun.perfcollector <> - format: thresh config:24-31 mask:24-31
136 [22614286264000] INFO perfrun.perfcollector <> - hwInfo: not set, pmuFam: uncore_sbox
136 [22614286264000] INFO perfrun.perfcollector <> - pmu added: family: uncore_sbox, id: 2
136 [22614286264000] INFO perfrun.perfcollector <> - dir found: /sys/bus/event_source/devices/uncore_cbox_8
136 [22614286264000] INFO perfrun.perfcollector <> - format: event config:0-7 mask:0-7
136 [22614286264000] INFO perfrun.perfcollector <> - format: filter_link config1:6-8 mask:6-8
136 [22614286264000] INFO perfrun.perfcollector <> - format: filter_c6 config1:61 mask:61
136 [22614286264000] INFO perfrun.perfcollector <> - format: edge config:18 mask:18
136 [22614286264000] INFO perfrun.perfcollector <> - format: filter_isoc config1:63 mask:63
136 [22614286264000] INFO perfrun.perfcollector <> - format: filter_tid config1:0-5 mask:0-5
136 [22614286264000] INFO perfrun.perfcollector <> - format: filter_nid config1:32-47 mask:32-47
136 [22614286264000] INFO perfrun.perfcollector <> - format: filter_nc config1:62 mask:62
136 [22614286264000] INFO perfrun.perfcollector <> - format: umask config:8-15 mask:8-15
137 [22614286264000] INFO perfrun.perfcollector <> - format: tid_en config:19 mask:19
137 [22614286264000] INFO perfrun.perfcollector <> - format: thresh config:24-31 mask:24-31
137 [22614286264000] INFO perfrun.perfcollector <> - format: filter_state config1:17-23 mask:17-23
137 [22614286264000] INFO perfrun.perfcollector <> - format: filter_opc config1:52-60 mask:52-60
137 [22614286264000] INFO perfrun.perfcollector <> - hwInfo: PERF_CBOX_PMU_DETAILS
137 [22614286264000] INFO perfrun.perfcollector <> - pmu added: family: uncore_cbox, id: 8
137 [22614286264000] INFO perfrun.perfcollector <> - dir found: /sys/bus/event_source/devices/uncore_cbox_13
137 [22614286264000] INFO perfrun.perfcollector <> - format: event config:0-7 mask:0-7
137 [22614286264000] INFO perfrun.perfcollector <> - format: filter_link config1:6-8 mask:6-8
137 [22614286264000] INFO perfrun.perfcollector <> - format: filter_c6 config1:61 mask:61
137 [22614286264000] INFO perfrun.perfcollector <> - format: edge config:18 mask:18
137 [22614286264000] INFO perfrun.perfcollector <> - format: filter_isoc config1:63 mask:63
137 [22614286264000] INFO perfrun.perfcollector <> - format: filter_tid config1:0-5 mask:0-5
137 [22614286264000] INFO perfrun.perfcollector <> - format: filter_nid config1:32-47 mask:32-47
137 [22614286264000] INFO perfrun.perfcollector <> - format: filter_nc config1:62 mask:62
137 [22614286264000] INFO perfrun.perfcollector <> - format: umask config:8-15 mask:8-15
137 [22614286264000] INFO perfrun.perfcollector <> - format: tid_en config:19 mask:19
137 [22614286264000] INFO perfrun.perfcollector <> - format: thresh config:24-31 mask:24-31
137 [22614286264000] INFO perfrun.perfcollector <> - format: filter_state config1:17-23 mask:17-23
137 [22614286264000] INFO perfrun.perfcollector <> - format: filter_opc config1:52-60 mask:52-60
137 [22614286264000] INFO perfrun.perfcollector <> - hwInfo: PERF_CBOX_PMU_DETAILS
137 [22614286264000] INFO perfrun.perfcollector <> - pmu added: family: uncore_cbox, id: 13
137 [22614286264000] INFO perfrun.perfcollector <> - dir found: /sys/bus/event_source/devices/uncore_r2pcie
137 [22614286264000] INFO perfrun.perfcollector <> - format: event config:0-7 mask:0-7
137 [22614286264000] INFO perfrun.perfcollector <> - format: edge config:18 mask:18
137 [22614286264000] INFO perfrun.perfcollector <> - format: inv config:23 mask:23
137 [22614286264000] INFO perfrun.perfcollector <> - format: umask config:8-15 mask:8-15
137 [22614286264000] INFO perfrun.perfcollector <> - format: thresh config:24-31 mask:24-31
137 [22614286264000] INFO perfrun.perfcollector <> - hwInfo: not set, pmuFam: uncore_r2pcie
137 [22614286264000] INFO perfrun.perfcollector <> - pmu added: family: uncore_r2pcie, id: 0
137 [22614286264000] INFO perfrun.perfcollector <> - dir found: /sys/bus/event_source/devices/uncore_sbox_0
137 [22614286264000] INFO perfrun.perfcollector <> - format: event config:0-7 mask:0-7
137 [22614286264000] INFO perfrun.perfcollector <> - format: edge config:18 mask:18
137 [22614286264000] INFO perfrun.perfcollector <> - format: inv config:23 mask:23
138 [22614286264000] INFO perfrun.perfcollector <> - format: umask config:8-15 mask:8-15
138 [22614286264000] INFO perfrun.perfcollector <> - format: tid_en config:19 mask:19
138 [22614286264000] INFO perfrun.perfcollector <> - format: thresh config:24-31 mask:24-31
138 [22614286264000] INFO perfrun.perfcollector <> - hwInfo: not set, pmuFam: uncore_sbox
138 [22614286264000] INFO perfrun.perfcollector <> - pmu added: family: uncore_sbox, id: 0
138 [22614286264000] INFO perfrun.perfcollector <> - dir found: /sys/bus/event_source/devices/uncore_qpi_1
138 [22614286264000] INFO perfrun.perfcollector <> - format: mask_rnid4 config2:31 mask:31
138 [22614286264000] INFO perfrun.perfcollector <> - format: mask_rnid30 config2:32-35 mask:32-35
138 [22614286264000] INFO perfrun.perfcollector <> - format: match_rnid30 config1:32-35 mask:32-35
138 [22614286264000] INFO perfrun.perfcollector <> - format: event config:0-7,21 mask:0-7,21
138 [22614286264000] INFO perfrun.perfcollector <> - format: match0 config1:0-31 mask:0-31
138 [22614286264000] INFO perfrun.perfcollector <> - format: match_rds config1:48-51 mask:48-51
138 [22614286264000] INFO perfrun.perfcollector <> - format: mask_rds config2:48-51 mask:48-51
138 [22614286264000] INFO perfrun.perfcollector <> - format: edge config:18 mask:18
138 [22614286264000] INFO perfrun.perfcollector <> - format: mask1 config2:32-63 mask:32-63
138 [22614286264000] INFO perfrun.perfcollector <> - format: match_dnid config1:13-17 mask:13-17
138 [22614286264000] INFO perfrun.perfcollector <> - format: mask_dnid config2:13-17 mask:13-17
138 [22614286264000] INFO perfrun.perfcollector <> - format: match_vnw config1:3-4 mask:3-4
138 [22614286264000] INFO perfrun.perfcollector <> - format: mask_vnw config2:3-4 mask:3-4
138 [22614286264000] INFO perfrun.perfcollector <> - format: mask_mc config2:9-12 mask:9-12
138 [22614286264000] INFO perfrun.perfcollector <> - format: match1 config1:32-63 mask:32-63
138 [22614286264000] INFO perfrun.perfcollector <> - format: inv config:23 mask:23
138 [22614286264000] INFO perfrun.perfcollector <> - format: umask config:8-15 mask:8-15
138 [22614286264000] INFO perfrun.perfcollector <> - format: match_opc config1:5-8 mask:5-8
138 [22614286264000] INFO perfrun.perfcollector <> - format: mask_opc config2:5-8 mask:5-8
138 [22614286264000] INFO perfrun.perfcollector <> - format: thresh config:24-31 mask:24-31
138 [22614286264000] INFO perfrun.perfcollector <> - format: match_rnid4 config1:31 mask:31
138 [22614286264000] INFO perfrun.perfcollector <> - format: mask0 config2:0-31 mask:0-31
138 [22614286264000] INFO perfrun.perfcollector <> - format: match_mc config1:9-12 mask:9-12
138 [22614286264000] INFO perfrun.perfcollector <> - hwInfo: PERF_QPI_PMU_DETAILS
138 [22614286264000] INFO perfrun.perfcollector <> - pmu added: family: uncore_qpi, id: 1
138 [22614286264000] INFO perfrun.perfcollector <> - dir found: /sys/bus/event_source/devices/uncore_cbox_6
138 [22614286264000] INFO perfrun.perfcollector <> - format: event config:0-7 mask:0-7
138 [22614286264000] INFO perfrun.perfcollector <> - format: filter_link config1:6-8 mask:6-8
138 [22614286264000] INFO perfrun.perfcollector <> - format: filter_c6 config1:61 mask:61
138 [22614286264000] INFO perfrun.perfcollector <> - format: edge config:18 mask:18
139 [22614286264000] INFO perfrun.perfcollector <> - format: filter_isoc config1:63 mask:63
139 [22614286264000] INFO perfrun.perfcollector <> - format: filter_tid config1:0-5 mask:0-5
139 [22614286264000] INFO perfrun.perfcollector <> - format: filter_nid config1:32-47 mask:32-47
139 [22614286264000] INFO perfrun.perfcollector <> - format: filter_nc config1:62 mask:62
139 [22614286264000] INFO perfrun.perfcollector <> - format: umask config:8-15 mask:8-15
139 [22614286264000] INFO perfrun.perfcollector <> - format: tid_en config:19 mask:19
139 [22614286264000] INFO perfrun.perfcollector <> - format: thresh config:24-31 mask:24-31
139 [22614286264000] INFO perfrun.perfcollector <> - format: filter_state config1:17-23 mask:17-23
139 [22614286264000] INFO perfrun.perfcollector <> - format: filter_opc config1:52-60 mask:52-60
139 [22614286264000] INFO perfrun.perfcollector <> - hwInfo: PERF_CBOX_PMU_DETAILS
139 [22614286264000] INFO perfrun.perfcollector <> - pmu added: family: uncore_cbox, id: 6
139 [22614286264000] INFO perfrun.perfcollector <> - dir found: /sys/bus/event_source/devices/uncore_imc_1
139 [22614286264000] INFO perfrun.perfcollector <> - format: event config:0-7 mask:0-7
139 [22614286264000] INFO perfrun.perfcollector <> - format: edge config:18 mask:18
139 [22614286264000] INFO perfrun.perfcollector <> - format: inv config:23 mask:23
139 [22614286264000] INFO perfrun.perfcollector <> - format: umask config:8-15 mask:8-15
139 [22614286264000] INFO perfrun.perfcollector <> - format: thresh config:24-31 mask:24-31
139 [22614286264000] INFO perfrun.perfcollector <> - hwInfo: PERF_IMC_PMU_DETAILS
139 [22614286264000] INFO perfrun.perfcollector <> - pmu added: family: uncore_imc, id: 1
139 [22614286264000] INFO perfrun.perfcollector <> - dir found: /sys/bus/event_source/devices/power
139 [22614286264000] INFO perfrun.perfcollector <> - format: event config:0-7 mask:0-7
139 [22614286264000] INFO perfrun.perfcollector <> - hwInfo: not set, pmuFam: power
139 [22614286264000] INFO perfrun.perfcollector <> - pmu added: family: power, id: 0
139 [22614286264000] INFO perfrun.perfcollector <> - dir found: /sys/bus/event_source/devices/uncore_cbox_11
139 [22614286264000] INFO perfrun.perfcollector <> - format: event config:0-7 mask:0-7
139 [22614286264000] INFO perfrun.perfcollector <> - format: filter_link config1:6-8 mask:6-8
139 [22614286264000] INFO perfrun.perfcollector <> - format: filter_c6 config1:61 mask:61
139 [22614286264000] INFO perfrun.perfcollector <> - format: edge config:18 mask:18
139 [22614286264000] INFO perfrun.perfcollector <> - format: filter_isoc config1:63 mask:63
139 [22614286264000] INFO perfrun.perfcollector <> - format: filter_tid config1:0-5 mask:0-5
139 [22614286264000] INFO perfrun.perfcollector <> - format: filter_nid config1:32-47 mask:32-47
139 [22614286264000] INFO perfrun.perfcollector <> - format: filter_nc config1:62 mask:62
139 [22614286264000] INFO perfrun.perfcollector <> - format: umask config:8-15 mask:8-15
139 [22614286264000] INFO perfrun.perfcollector <> - format: tid_en config:19 mask:19
139 [22614286264000] INFO perfrun.perfcollector <> - format: thresh config:24-31 mask:24-31
139 [22614286264000] INFO perfrun.perfcollector <> - format: filter_state config1:17-23 mask:17-23
140 [22614286264000] INFO perfrun.perfcollector <> - format: filter_opc config1:52-60 mask:52-60
140 [22614286264000] INFO perfrun.perfcollector <> - hwInfo: PERF_CBOX_PMU_DETAILS
140 [22614286264000] INFO perfrun.perfcollector <> - pmu added: family: uncore_cbox, id: 11
140 [22614286264000] INFO perfrun.perfcollector <> - dir found: /sys/bus/event_source/devices/uncore_cbox_4
140 [22614286264000] INFO perfrun.perfcollector <> - format: event config:0-7 mask:0-7
140 [22614286264000] INFO perfrun.perfcollector <> - format: filter_link config1:6-8 mask:6-8
140 [22614286264000] INFO perfrun.perfcollector <> - format: filter_c6 config1:61 mask:61
140 [22614286264000] INFO perfrun.perfcollector <> - format: edge config:18 mask:18
140 [22614286264000] INFO perfrun.perfcollector <> - format: filter_isoc config1:63 mask:63
140 [22614286264000] INFO perfrun.perfcollector <> - format: filter_tid config1:0-5 mask:0-5
140 [22614286264000] INFO perfrun.perfcollector <> - format: filter_nid config1:32-47 mask:32-47
140 [22614286264000] INFO perfrun.perfcollector <> - format: filter_nc config1:62 mask:62
140 [22614286264000] INFO perfrun.perfcollector <> - format: umask config:8-15 mask:8-15
140 [22614286264000] INFO perfrun.perfcollector <> - format: tid_en config:19 mask:19
140 [22614286264000] INFO perfrun.perfcollector <> - format: thresh config:24-31 mask:24-31
140 [22614286264000] INFO perfrun.perfcollector <> - format: filter_state config1:17-23 mask:17-23
140 [22614286264000] INFO perfrun.perfcollector <> - format: filter_opc config1:52-60 mask:52-60
140 [22614286264000] INFO perfrun.perfcollector <> - hwInfo: PERF_CBOX_PMU_DETAILS
140 [22614286264000] INFO perfrun.perfcollector <> - pmu added: family: uncore_cbox, id: 4
140 [22614286264000] INFO perfrun.perfcollector <> - dir found: /sys/bus/event_source/devices/uprobe
140 [22614286264000] INFO perfrun.perfcollector <> - format: ref_ctr_offset config:32-63 mask:32-63
140 [22614286264000] INFO perfrun.perfcollector <> - format: retprobe config:0 mask:0
140 [22614286264000] INFO perfrun.perfcollector <> - hwInfo: not set, pmuFam: uprobe
140 [22614286264000] INFO perfrun.perfcollector <> - pmu added: family: uprobe, id: 0
140 [22614286264000] INFO perfrun.perfcollector <> - dir found: /sys/bus/event_source/devices/intel_bts
140 [22614286264000] INFO perfrun.perfcollector <> - format: pmu format subdir doesn't exist
140 [22614286264000] INFO perfrun.perfcollector <> - hwInfo: not set, pmuFam: intel_bts
140 [22614286264000] INFO perfrun.perfcollector <> - pmu added: family: intel_bts, id: 0
140 [22614286264000] INFO perfrun.perfcollector <> - dir found: /sys/bus/event_source/devices/cpu
140 [22614286264000] INFO perfrun.perfcollector <> - format: event config:0-7 mask:0-7
140 [22614286264000] INFO perfrun.perfcollector <> - format: pc config:19 mask:19
140 [22614286264000] INFO perfrun.perfcollector <> - format: in_tx config:32 mask:32
140 [22614286264000] INFO perfrun.perfcollector <> - format: edge config:18 mask:18
140 [22614286264000] INFO perfrun.perfcollector <> - format: any config:21 mask:21
140 [22614286264000] INFO perfrun.perfcollector <> - format: offcore_rsp config1:0-63 mask:0-63
140 [22614286264000] INFO perfrun.perfcollector <> - format: in_tx_cp config:33 mask:33
141 [22614286264000] INFO perfrun.perfcollector <> - format: ldlat config1:0-15 mask:0-15
141 [22614286264000] INFO perfrun.perfcollector <> - format: inv config:23 mask:23
141 [22614286264000] INFO perfrun.perfcollector <> - format: umask config:8-15 mask:8-15
141 [22614286264000] INFO perfrun.perfcollector <> - format: cmask config:24-31 mask:24-31
141 [22614286264000] INFO perfrun.perfcollector <> - hwInfo: PERF_CPU_PMU_DETAILS
141 [22614286264000] INFO perfrun.perfcollector <> - pmu added: family: cpu, id: 0
141 [22614286264000] INFO perfrun.perfcollector <> - dir found: /sys/bus/event_source/devices/uncore_r3qpi_0
141 [22614286264000] INFO perfrun.perfcollector <> - format: event config:0-7 mask:0-7
141 [22614286264000] INFO perfrun.perfcollector <> - format: edge config:18 mask:18
141 [22614286264000] INFO perfrun.perfcollector <> - format: inv config:23 mask:23
141 [22614286264000] INFO perfrun.perfcollector <> - format: umask config:8-15 mask:8-15
141 [22614286264000] INFO perfrun.perfcollector <> - format: thresh config:24-31 mask:24-31
141 [22614286264000] INFO perfrun.perfcollector <> - hwInfo: not set, pmuFam: uncore_r3qpi
141 [22614286264000] INFO perfrun.perfcollector <> - pmu added: family: uncore_r3qpi, id: 0
141 [22614286264000] INFO perfrun.perfcollector <> - dir found: /sys/bus/event_source/devices/cstate_core
141 [22614286264000] INFO perfrun.perfcollector <> - format: event config:0-63 mask:0-63
141 [22614286264000] INFO perfrun.perfcollector <> - hwInfo: not set, pmuFam: cstate_core
141 [22614286264000] INFO perfrun.perfcollector <> - pmu added: family: cstate_core, id: 0
141 [22614286264000] INFO perfrun.perfcollector <> - dir found: /sys/bus/event_source/devices/uncore_cbox_2
141 [22614286264000] INFO perfrun.perfcollector <> - format: event config:0-7 mask:0-7
141 [22614286264000] INFO perfrun.perfcollector <> - format: filter_link config1:6-8 mask:6-8
141 [22614286264000] INFO perfrun.perfcollector <> - format: filter_c6 config1:61 mask:61
141 [22614286264000] INFO perfrun.perfcollector <> - format: edge config:18 mask:18
141 [22614286264000] INFO perfrun.perfcollector <> - format: filter_isoc config1:63 mask:63
141 [22614286264000] INFO perfrun.perfcollector <> - format: filter_tid config1:0-5 mask:0-5
141 [22614286264000] INFO perfrun.perfcollector <> - format: filter_nid config1:32-47 mask:32-47
141 [22614286264000] INFO perfrun.perfcollector <> - format: filter_nc config1:62 mask:62
141 [22614286264000] INFO perfrun.perfcollector <> - format: umask config:8-15 mask:8-15
141 [22614286264000] INFO perfrun.perfcollector <> - format: tid_en config:19 mask:19
141 [22614286264000] INFO perfrun.perfcollector <> - format: thresh config:24-31 mask:24-31
141 [22614286264000] INFO perfrun.perfcollector <> - format: filter_state config1:17-23 mask:17-23
141 [22614286264000] INFO perfrun.perfcollector <> - format: filter_opc config1:52-60 mask:52-60
141 [22614286264000] INFO perfrun.perfcollector <> - hwInfo: PERF_CBOX_PMU_DETAILS
141 [22614286264000] INFO perfrun.perfcollector <> - pmu added: family: uncore_cbox, id: 2
141 [22614286264000] INFO perfrun.perfcollector <> - dir found: /sys/bus/event_source/devices/breakpoint
141 [22614286264000] INFO perfrun.perfcollector <> - format: pmu format subdir doesn't exist
141 [22614286264000] INFO perfrun.perfcollector <> - hwInfo: not set, pmuFam: breakpoint
142 [22614286264000] INFO perfrun.perfcollector <> - pmu added: family: breakpoint, id: 0
142 [22614286264000] INFO perfrun.perfcollector <> - dir found: /sys/bus/event_source/devices/uncore_ha_0
142 [22614286264000] INFO perfrun.perfcollector <> - format: event config:0-7 mask:0-7
142 [22614286264000] INFO perfrun.perfcollector <> - format: edge config:18 mask:18
142 [22614286264000] INFO perfrun.perfcollector <> - format: inv config:23 mask:23
142 [22614286264000] INFO perfrun.perfcollector <> - format: umask config:8-15 mask:8-15
142 [22614286264000] INFO perfrun.perfcollector <> - format: thresh config:24-31 mask:24-31
142 [22614286264000] INFO perfrun.perfcollector <> - hwInfo: not set, pmuFam: uncore_ha
142 [22614286264000] INFO perfrun.perfcollector <> - pmu added: family: uncore_ha, id: 0
142 [22614286264000] INFO perfrun.perfcollector <> - dir found: /sys/bus/event_source/devices/uncore_cbox_0
142 [22614286264000] INFO perfrun.perfcollector <> - format: event config:0-7 mask:0-7
142 [22614286264000] INFO perfrun.perfcollector <> - format: filter_link config1:6-8 mask:6-8
142 [22614286264000] INFO perfrun.perfcollector <> - format: filter_c6 config1:61 mask:61
142 [22614286264000] INFO perfrun.perfcollector <> - format: edge config:18 mask:18
142 [22614286264000] INFO perfrun.perfcollector <> - format: filter_isoc config1:63 mask:63
142 [22614286264000] INFO perfrun.perfcollector <> - format: filter_tid config1:0-5 mask:0-5
142 [22614286264000] INFO perfrun.perfcollector <> - format: filter_nid config1:32-47 mask:32-47
142 [22614286264000] INFO perfrun.perfcollector <> - format: filter_nc config1:62 mask:62
142 [22614286264000] INFO perfrun.perfcollector <> - format: umask config:8-15 mask:8-15
142 [22614286264000] INFO perfrun.perfcollector <> - format: tid_en config:19 mask:19
142 [22614286264000] INFO perfrun.perfcollector <> - format: thresh config:24-31 mask:24-31
142 [22614286264000] INFO perfrun.perfcollector <> - format: filter_state config1:17-23 mask:17-23
142 [22614286264000] INFO perfrun.perfcollector <> - format: filter_opc config1:52-60 mask:52-60
142 [22614286264000] INFO perfrun.perfcollector <> - hwInfo: PERF_CBOX_PMU_DETAILS
142 [22614286264000] INFO perfrun.perfcollector <> - pmu added: family: uncore_cbox, id: 0
142 [22614286264000] INFO perfrun.perfcollector <> - dir found: /sys/bus/event_source/devices/tracepoint
142 [22614286264000] INFO perfrun.perfcollector <> - format: pmu format subdir doesn't exist
142 [22614286264000] INFO perfrun.perfcollector <> - hwInfo: not set, pmuFam: tracepoint
142 [22614286264000] INFO perfrun.perfcollector <> - pmu added: family: tracepoint, id: 0
142 [22614286264000] INFO perfrun.perfcollector <> - dir found: /sys/bus/event_source/devices/uncore_sbox_3
142 [22614286264000] INFO perfrun.perfcollector <> - format: event config:0-7 mask:0-7
142 [22614286264000] INFO perfrun.perfcollector <> - format: edge config:18 mask:18
142 [22614286264000] INFO perfrun.perfcollector <> - format: inv config:23 mask:23
142 [22614286264000] INFO perfrun.perfcollector <> - format: umask config:8-15 mask:8-15
142 [22614286264000] INFO perfrun.perfcollector <> - format: tid_en config:19 mask:19
142 [22614286264000] INFO perfrun.perfcollector <> - format: thresh config:24-31 mask:24-31
142 [22614286264000] INFO perfrun.perfcollector <> - hwInfo: not set, pmuFam: uncore_sbox
142 [22614286264000] INFO perfrun.perfcollector <> - pmu added: family: uncore_sbox, id: 3
142 [22614286264000] INFO perfrun.perfcollector <> - dir found: /sys/bus/event_source/devices/uncore_cbox_9
142 [22614286264000] INFO perfrun.perfcollector <> - format: event config:0-7 mask:0-7
143 [22614286264000] INFO perfrun.perfcollector <> - format: filter_link config1:6-8 mask:6-8
143 [22614286264000] INFO perfrun.perfcollector <> - format: filter_c6 config1:61 mask:61
143 [22614286264000] INFO perfrun.perfcollector <> - format: edge config:18 mask:18
143 [22614286264000] INFO perfrun.perfcollector <> - format: filter_isoc config1:63 mask:63
143 [22614286264000] INFO perfrun.perfcollector <> - format: filter_tid config1:0-5 mask:0-5
143 [22614286264000] INFO perfrun.perfcollector <> - format: filter_nid config1:32-47 mask:32-47
143 [22614286264000] INFO perfrun.perfcollector <> - format: filter_nc config1:62 mask:62
143 [22614286264000] INFO perfrun.perfcollector <> - format: umask config:8-15 mask:8-15
143 [22614286264000] INFO perfrun.perfcollector <> - format: tid_en config:19 mask:19
143 [22614286264000] INFO perfrun.perfcollector <> - format: thresh config:24-31 mask:24-31
143 [22614286264000] INFO perfrun.perfcollector <> - format: filter_state config1:17-23 mask:17-23
143 [22614286264000] INFO perfrun.perfcollector <> - format: filter_opc config1:52-60 mask:52-60
143 [22614286264000] INFO perfrun.perfcollector <> - hwInfo: PERF_CBOX_PMU_DETAILS
143 [22614286264000] INFO perfrun.perfcollector <> - pmu added: family: uncore_cbox, id: 9
143 [22614286264000] INFO perfrun.perfcollector <> - dir found: /sys/bus/event_source/devices/cstate_pkg
143 [22614286264000] INFO perfrun.perfcollector <> - format: event config:0-63 mask:0-63
143 [22614286264000] INFO perfrun.perfcollector <> - hwInfo: not set, pmuFam: cstate_pkg
143 [22614286264000] INFO perfrun.perfcollector <> - pmu added: family: cstate_pkg, id: 0
143 [22614286264000] INFO perfrun.perfcollector <> - dir found: /sys/bus/event_source/devices/uncore_imc_4
143 [22614286264000] INFO perfrun.perfcollector <> - format: event config:0-7 mask:0-7
143 [22614286264000] INFO perfrun.perfcollector <> - format: edge config:18 mask:18
143 [22614286264000] INFO perfrun.perfcollector <> - format: inv config:23 mask:23
143 [22614286264000] INFO perfrun.perfcollector <> - format: umask config:8-15 mask:8-15
143 [22614286264000] INFO perfrun.perfcollector <> - format: thresh config:24-31 mask:24-31
143 [22614286264000] INFO perfrun.perfcollector <> - hwInfo: PERF_IMC_PMU_DETAILS
143 [22614286264000] INFO perfrun.perfcollector <> - pmu added: family: uncore_imc, id: 4
143 [22614286264000] INFO perfrun.perfcollector <> - dir found: /sys/bus/event_source/devices/uncore_ubox
143 [22614286264000] INFO perfrun.perfcollector <> - format: event config:0-7 mask:0-7
143 [22614286264000] INFO perfrun.perfcollector <> - format: edge config:18 mask:18
143 [22614286264000] INFO perfrun.perfcollector <> - format: inv config:23 mask:23
143 [22614286264000] INFO perfrun.perfcollector <> - format: umask config:8-15 mask:8-15
143 [22614286264000] INFO perfrun.perfcollector <> - format: thresh config:24-28 mask:24-28
143 [22614286264000] INFO perfrun.perfcollector <> - hwInfo: not set, pmuFam: uncore_ubox
143 [22614286264000] INFO perfrun.perfcollector <> - pmu added: family: uncore_ubox, id: 0
143 [22614286264000] INFO perfrun.perfcollector <> - dir found: /sys/bus/event_source/devices/uncore_sbox_1
143 [22614286264000] INFO perfrun.perfcollector <> - format: event config:0-7 mask:0-7
144 [22614286264000] INFO perfrun.perfcollector <> - format: edge config:18 mask:18
144 [22614286264000] INFO perfrun.perfcollector <> - format: inv config:23 mask:23
144 [22614286264000] INFO perfrun.perfcollector <> - format: umask config:8-15 mask:8-15
144 [22614286264000] INFO perfrun.perfcollector <> - format: tid_en config:19 mask:19
144 [22614286264000] INFO perfrun.perfcollector <> - format: thresh config:24-31 mask:24-31
144 [22614286264000] INFO perfrun.perfcollector <> - hwInfo: not set, pmuFam: uncore_sbox
144 [22614286264000] INFO perfrun.perfcollector <> - pmu added: family: uncore_sbox, id: 1
144 [22614286264000] INFO perfrun.perfcollector <> - dir found: /sys/bus/event_source/devices/uncore_cbox_7
144 [22614286264000] INFO perfrun.perfcollector <> - format: event config:0-7 mask:0-7
144 [22614286264000] INFO perfrun.perfcollector <> - format: filter_link config1:6-8 mask:6-8
144 [22614286264000] INFO perfrun.perfcollector <> - format: filter_c6 config1:61 mask:61
144 [22614286264000] INFO perfrun.perfcollector <> - format: edge config:18 mask:18
144 [22614286264000] INFO perfrun.perfcollector <> - format: filter_isoc config1:63 mask:63
144 [22614286264000] INFO perfrun.perfcollector <> - format: filter_tid config1:0-5 mask:0-5
144 [22614286264000] INFO perfrun.perfcollector <> - format: filter_nid config1:32-47 mask:32-47
144 [22614286264000] INFO perfrun.perfcollector <> - format: filter_nc config1:62 mask:62
144 [22614286264000] INFO perfrun.perfcollector <> - format: umask config:8-15 mask:8-15
144 [22614286264000] INFO perfrun.perfcollector <> - format: tid_en config:19 mask:19
144 [22614286264000] INFO perfrun.perfcollector <> - format: thresh config:24-31 mask:24-31
144 [22614286264000] INFO perfrun.perfcollector <> - format: filter_state config1:17-23 mask:17-23
144 [22614286264000] INFO perfrun.perfcollector <> - format: filter_opc config1:52-60 mask:52-60
144 [22614286264000] INFO perfrun.perfcollector <> - hwInfo: PERF_CBOX_PMU_DETAILS
144 [22614286264000] INFO perfrun.perfcollector <> - pmu added: family: uncore_cbox, id: 7
144 [22614286264000] INFO perfrun.perfcollector <> - dir found: /sys/bus/event_source/devices/uncore_cbox_12
144 [22614286264000] INFO perfrun.perfcollector <> - format: event config:0-7 mask:0-7
144 [22614286264000] INFO perfrun.perfcollector <> - format: filter_link config1:6-8 mask:6-8
144 [22614286264000] INFO perfrun.perfcollector <> - format: filter_c6 config1:61 mask:61
144 [22614286264000] INFO perfrun.perfcollector <> - format: edge config:18 mask:18
144 [22614286264000] INFO perfrun.perfcollector <> - format: filter_isoc config1:63 mask:63
144 [22614286264000] INFO perfrun.perfcollector <> - format: filter_tid config1:0-5 mask:0-5
144 [22614286264000] INFO perfrun.perfcollector <> - format: filter_nid config1:32-47 mask:32-47
144 [22614286264000] INFO perfrun.perfcollector <> - format: filter_nc config1:62 mask:62
144 [22614286264000] INFO perfrun.perfcollector <> - format: umask config:8-15 mask:8-15
144 [22614286264000] INFO perfrun.perfcollector <> - format: tid_en config:19 mask:19
144 [22614286264000] INFO perfrun.perfcollector <> - format: thresh config:24-31 mask:24-31
144 [22614286264000] INFO perfrun.perfcollector <> - format: filter_state config1:17-23 mask:17-23
144 [22614286264000] INFO perfrun.perfcollector <> - format: filter_opc config1:52-60 mask:52-60
144 [22614286264000] INFO perfrun.perfcollector <> - hwInfo: PERF_CBOX_PMU_DETAILS
144 [22614286264000] INFO perfrun.perfcollector <> - pmu added: family: uncore_cbox, id: 12
145 [22614286264000] INFO perfrun.perfcollector <> - dir found: /sys/bus/event_source/devices/kprobe
145 [22614286264000] INFO perfrun.perfcollector <> - format: retprobe config:0 mask:0
145 [22614286264000] INFO perfrun.perfcollector <> - hwInfo: not set, pmuFam: kprobe
145 [22614286264000] INFO perfrun.perfcollector <> - pmu added: family: kprobe, id: 0
145 [22614286264000] INFO perfrun.perfcollector <> - dir found: /sys/bus/event_source/devices/uncore_qpi_0
145 [22614286264000] INFO perfrun.perfcollector <> - format: mask_rnid4 config2:31 mask:31
145 [22614286264000] INFO perfrun.perfcollector <> - format: mask_rnid30 config2:32-35 mask:32-35
145 [22614286264000] INFO perfrun.perfcollector <> - format: match_rnid30 config1:32-35 mask:32-35
145 [22614286264000] INFO perfrun.perfcollector <> - format: event config:0-7,21 mask:0-7,21
145 [22614286264000] INFO perfrun.perfcollector <> - format: match0 config1:0-31 mask:0-31
145 [22614286264000] INFO perfrun.perfcollector <> - format: match_rds config1:48-51 mask:48-51
145 [22614286264000] INFO perfrun.perfcollector <> - format: mask_rds config2:48-51 mask:48-51
145 [22614286264000] INFO perfrun.perfcollector <> - format: edge config:18 mask:18
145 [22614286264000] INFO perfrun.perfcollector <> - format: mask1 config2:32-63 mask:32-63
145 [22614286264000] INFO perfrun.perfcollector <> - format: match_dnid config1:13-17 mask:13-17
145 [22614286264000] INFO perfrun.perfcollector <> - format: mask_dnid config2:13-17 mask:13-17
145 [22614286264000] INFO perfrun.perfcollector <> - format: match_vnw config1:3-4 mask:3-4
145 [22614286264000] INFO perfrun.perfcollector <> - format: mask_vnw config2:3-4 mask:3-4
145 [22614286264000] INFO perfrun.perfcollector <> - format: mask_mc config2:9-12 mask:9-12
145 [22614286264000] INFO perfrun.perfcollector <> - format: match1 config1:32-63 mask:32-63
145 [22614286264000] INFO perfrun.perfcollector <> - format: inv config:23 mask:23
145 [22614286264000] INFO perfrun.perfcollector <> - format: umask config:8-15 mask:8-15
145 [22614286264000] INFO perfrun.perfcollector <> - format: match_opc config1:5-8 mask:5-8
145 [22614286264000] INFO perfrun.perfcollector <> - format: mask_opc config2:5-8 mask:5-8
145 [22614286264000] INFO perfrun.perfcollector <> - format: thresh config:24-31 mask:24-31
145 [22614286264000] INFO perfrun.perfcollector <> - format: match_rnid4 config1:31 mask:31
145 [22614286264000] INFO perfrun.perfcollector <> - format: mask0 config2:0-31 mask:0-31
145 [22614286264000] INFO perfrun.perfcollector <> - format: match_mc config1:9-12 mask:9-12
145 [22614286264000] INFO perfrun.perfcollector <> - hwInfo: PERF_QPI_PMU_DETAILS
145 [22614286264000] INFO perfrun.perfcollector <> - pmu added: family: uncore_qpi, id: 0
145 [22614286264000] INFO perfrun.perfcollector <> - dir found: /sys/bus/event_source/devices/uncore_cbox_5
145 [22614286264000] INFO perfrun.perfcollector <> - format: event config:0-7 mask:0-7
146 [22614286264000] INFO perfrun.perfcollector <> - format: filter_link config1:6-8 mask:6-8
146 [22614286264000] INFO perfrun.perfcollector <> - format: filter_c6 config1:61 mask:61
146 [22614286264000] INFO perfrun.perfcollector <> - format: edge config:18 mask:18
146 [22614286264000] INFO perfrun.perfcollector <> - format: filter_isoc config1:63 mask:63
146 [22614286264000] INFO perfrun.perfcollector <> - format: filter_tid config1:0-5 mask:0-5
146 [22614286264000] INFO perfrun.perfcollector <> - format: filter_nid config1:32-47 mask:32-47
146 [22614286264000] INFO perfrun.perfcollector <> - format: filter_nc config1:62 mask:62
146 [22614286264000] INFO perfrun.perfcollector <> - format: umask config:8-15 mask:8-15
146 [22614286264000] INFO perfrun.perfcollector <> - format: tid_en config:19 mask:19
146 [22614286264000] INFO perfrun.perfcollector <> - format: thresh config:24-31 mask:24-31
146 [22614286264000] INFO perfrun.perfcollector <> - format: filter_state config1:17-23 mask:17-23
146 [22614286264000] INFO perfrun.perfcollector <> - format: filter_opc config1:52-60 mask:52-60
146 [22614286264000] INFO perfrun.perfcollector <> - hwInfo: PERF_CBOX_PMU_DETAILS
146 [22614286264000] INFO perfrun.perfcollector <> - pmu added: family: uncore_cbox, id: 5
146 [22614286264000] INFO perfrun.perfcollector <> - dir found: /sys/bus/event_source/devices/uncore_imc_0
146 [22614286264000] INFO perfrun.perfcollector <> - format: event config:0-7 mask:0-7
146 [22614286264000] INFO perfrun.perfcollector <> - format: edge config:18 mask:18
146 [22614286264000] INFO perfrun.perfcollector <> - format: inv config:23 mask:23
146 [22614286264000] INFO perfrun.perfcollector <> - format: umask config:8-15 mask:8-15
146 [22614286264000] INFO perfrun.perfcollector <> - format: thresh config:24-31 mask:24-31
146 [22614286264000] INFO perfrun.perfcollector <> - hwInfo: PERF_IMC_PMU_DETAILS
146 [22614286264000] INFO perfrun.perfcollector <> - pmu added: family: uncore_imc, id: 0
146 [22614286264000] INFO perfrun.perfcollector <> - dir found: /sys/bus/event_source/devices/uncore_cbox_10
146 [22614286264000] INFO perfrun.perfcollector <> - format: event config:0-7 mask:0-7
146 [22614286264000] INFO perfrun.perfcollector <> - format: filter_link config1:6-8 mask:6-8
146 [22614286264000] INFO perfrun.perfcollector <> - format: filter_c6 config1:61 mask:61
146 [22614286264000] INFO perfrun.perfcollector <> - format: edge config:18 mask:18
146 [22614286264000] INFO perfrun.perfcollector <> - format: filter_isoc config1:63 mask:63
146 [22614286264000] INFO perfrun.perfcollector <> - format: filter_tid config1:0-5 mask:0-5
146 [22614286264000] INFO perfrun.perfcollector <> - format: filter_nid config1:32-47 mask:32-47
146 [22614286264000] INFO perfrun.perfcollector <> - format: filter_nc config1:62 mask:62
146 [22614286264000] INFO perfrun.perfcollector <> - format: umask config:8-15 mask:8-15
146 [22614286264000] INFO perfrun.perfcollector <> - format: tid_en config:19 mask:19
146 [22614286264000] INFO perfrun.perfcollector <> - format: thresh config:24-31 mask:24-31
146 [22614286264000] INFO perfrun.perfcollector <> - format: filter_state config1:17-23 mask:17-23
146 [22614286264000] INFO perfrun.perfcollector <> - format: filter_opc config1:52-60 mask:52-60
146 [22614286264000] INFO perfrun.perfcollector <> - hwInfo: PERF_CBOX_PMU_DETAILS
146 [22614286264000] INFO perfrun.perfcollector <> - pmu added: family: uncore_cbox, id: 10
146 [22614286264000] INFO perfrun.perfcollector <> - dir found: /sys/bus/event_source/devices/uncore_pcu
147 [22614286264000] INFO perfrun.perfcollector <> - format: filter_band2 config1:16-23 mask:16-23
147 [22614286264000] INFO perfrun.perfcollector <> - format: event config:0-7 mask:0-7
147 [22614286264000] INFO perfrun.perfcollector <> - format: filter_band0 config1:0-7 mask:0-7
147 [22614286264000] INFO perfrun.perfcollector <> - format: edge config:18 mask:18
147 [22614286264000] INFO perfrun.perfcollector <> - format: occ_invert config:30 mask:30
147 [22614286264000] INFO perfrun.perfcollector <> - format: occ_edge config:14-51 mask:14-51
147 [22614286264000] INFO perfrun.perfcollector <> - format: filter_band3 config1:24-31 mask:24-31
147 [22614286264000] INFO perfrun.perfcollector <> - format: filter_band1 config1:8-15 mask:8-15
147 [22614286264000] INFO perfrun.perfcollector <> - format: inv config:23 mask:23
147 [22614286264000] INFO perfrun.perfcollector <> - format: thresh config:24-28 mask:24-28
147 [22614286264000] INFO perfrun.perfcollector <> - format: occ_sel config:14-15 mask:14-15
147 [22614286264000] INFO perfrun.perfcollector <> - hwInfo: not set, pmuFam: uncore_pcu
147 [22614286264000] INFO perfrun.perfcollector <> - pmu added: family: uncore_pcu, id: 0
147 [22614286264000] INFO perfrun.perfcollector <> - dir found: /sys/bus/event_source/devices/uncore_r3qpi_1
147 [22614286264000] INFO perfrun.perfcollector <> - format: event config:0-7 mask:0-7
147 [22614286264000] INFO perfrun.perfcollector <> - format: edge config:18 mask:18
147 [22614286264000] INFO perfrun.perfcollector <> - format: inv config:23 mask:23
147 [22614286264000] INFO perfrun.perfcollector <> - format: umask config:8-15 mask:8-15
147 [22614286264000] INFO perfrun.perfcollector <> - format: thresh config:24-31 mask:24-31
147 [22614286264000] INFO perfrun.perfcollector <> - hwInfo: not set, pmuFam: uncore_r3qpi
147 [22614286264000] INFO perfrun.perfcollector <> - pmu added: family: uncore_r3qpi, id: 1
147 [22614286264000] INFO perfrun.perfcollector <> - dir found: /sys/bus/event_source/devices/msr
147 [22614286264000] INFO perfrun.perfcollector <> - format: event config:0-63 mask:0-63
147 [22614286264000] INFO perfrun.perfcollector <> - hwInfo: not set, pmuFam: msr
147 [22614286264000] INFO perfrun.perfcollector <> - pmu added: family: msr, id: 0
147 [22614286264000] INFO perfrun.perfcollector <> - dir found: /sys/bus/event_source/devices/uncore_cbox_3
147 [22614286264000] INFO perfrun.perfcollector <> - format: event config:0-7 mask:0-7
147 [22614286264000] INFO perfrun.perfcollector <> - format: filter_link config1:6-8 mask:6-8
147 [22614286264000] INFO perfrun.perfcollector <> - format: filter_c6 config1:61 mask:61
147 [22614286264000] INFO perfrun.perfcollector <> - format: edge config:18 mask:18
147 [22614286264000] INFO perfrun.perfcollector <> - format: filter_isoc config1:63 mask:63
147 [22614286264000] INFO perfrun.perfcollector <> - format: filter_tid config1:0-5 mask:0-5
147 [22614286264000] INFO perfrun.perfcollector <> - format: filter_nid config1:32-47 mask:32-47
147 [22614286264000] INFO perfrun.perfcollector <> - format: filter_nc config1:62 mask:62
147 [22614286264000] INFO perfrun.perfcollector <> - format: umask config:8-15 mask:8-15
148 [22614286264000] INFO perfrun.perfcollector <> - format: tid_en config:19 mask:19
148 [22614286264000] INFO perfrun.perfcollector <> - format: thresh config:24-31 mask:24-31
148 [22614286264000] INFO perfrun.perfcollector <> - format: filter_state config1:17-23 mask:17-23
148 [22614286264000] INFO perfrun.perfcollector <> - format: filter_opc config1:52-60 mask:52-60
148 [22614286264000] INFO perfrun.perfcollector <> - hwInfo: PERF_CBOX_PMU_DETAILS
148 [22614286264000] INFO perfrun.perfcollector <> - pmu added: family: uncore_cbox, id: 3
148 [22614286264000] INFO perfrun.perfcollector <> - dir found: /sys/bus/event_source/devices/intel_pt
148 [22614286264000] INFO perfrun.perfcollector <> - format: ptw config:12 mask:12
148 [22614286264000] INFO perfrun.perfcollector <> - format: event config:31 mask:31
148 [22614286264000] INFO perfrun.perfcollector <> - format: cyc_thresh config:19-22 mask:19-22
148 [22614286264000] INFO perfrun.perfcollector <> - format: pt config:0 mask:0
148 [22614286264000] INFO perfrun.perfcollector <> - format: notnt config:55 mask:55
148 [22614286264000] INFO perfrun.perfcollector <> - format: branch config:13 mask:13
148 [22614286264000] INFO perfrun.perfcollector <> - format: tsc config:10 mask:10
148 [22614286264000] INFO perfrun.perfcollector <> - format: pwr_evt config:4 mask:4
148 [22614286264000] INFO perfrun.perfcollector <> - format: fup_on_ptw config:5 mask:5
148 [22614286264000] INFO perfrun.perfcollector <> - format: cyc config:1 mask:1
148 [22614286264000] INFO perfrun.perfcollector <> - format: noretcomp config:11 mask:11
148 [22614286264000] INFO perfrun.perfcollector <> - format: mtc config:9 mask:9
148 [22614286264000] INFO perfrun.perfcollector <> - format: psb_period config:24-27 mask:24-27
148 [22614286264000] INFO perfrun.perfcollector <> - format: mtc_period config:14-17 mask:14-17
148 [22614286264000] INFO perfrun.perfcollector <> - hwInfo: not set, pmuFam: intel_pt
148 [22614286264000] INFO perfrun.perfcollector <> - pmu added: family: intel_pt, id: 0
148 [22614286264000] INFO perfrun.perfcollector <> - dir found: /sys/bus/event_source/devices/uncore_ha_1
148 [22614286264000] INFO perfrun.perfcollector <> - format: event config:0-7 mask:0-7
148 [22614286264000] INFO perfrun.perfcollector <> - format: edge config:18 mask:18
148 [22614286264000] INFO perfrun.perfcollector <> - format: inv config:23 mask:23
148 [22614286264000] INFO perfrun.perfcollector <> - format: umask config:8-15 mask:8-15
148 [22614286264000] INFO perfrun.perfcollector <> - format: thresh config:24-31 mask:24-31
148 [22614286264000] INFO perfrun.perfcollector <> - hwInfo: not set, pmuFam: uncore_ha
148 [22614286264000] INFO perfrun.perfcollector <> - pmu added: family: uncore_ha, id: 1
148 [22614286264000] INFO perfrun.perfcollector <> - dir found: /sys/bus/event_source/devices/uncore_cbox_1
148 [22614286264000] INFO perfrun.perfcollector <> - format: event config:0-7 mask:0-7
148 [22614286264000] INFO perfrun.perfcollector <> - format: filter_link config1:6-8 mask:6-8
148 [22614286264000] INFO perfrun.perfcollector <> - format: filter_c6 config1:61 mask:61
148 [22614286264000] INFO perfrun.perfcollector <> - format: edge config:18 mask:18
148 [22614286264000] INFO perfrun.perfcollector <> - format: filter_isoc config1:63 mask:63
149 [22614286264000] INFO perfrun.perfcollector <> - format: filter_tid config1:0-5 mask:0-5
149 [22614286264000] INFO perfrun.perfcollector <> - format: filter_nid config1:32-47 mask:32-47
149 [22614286264000] INFO perfrun.perfcollector <> - format: filter_nc config1:62 mask:62
149 [22614286264000] INFO perfrun.perfcollector <> - format: umask config:8-15 mask:8-15
149 [22614286264000] INFO perfrun.perfcollector <> - format: tid_en config:19 mask:19
149 [22614286264000] INFO perfrun.perfcollector <> - format: thresh config:24-31 mask:24-31
149 [22614286264000] INFO perfrun.perfcollector <> - format: filter_state config1:17-23 mask:17-23
149 [22614286264000] INFO perfrun.perfcollector <> - format: filter_opc config1:52-60 mask:52-60
149 [22614286264000] INFO perfrun.perfcollector <> - hwInfo: PERF_CBOX_PMU_DETAILS
149 [22614286264000] INFO perfrun.perfcollector <> - pmu added: family: uncore_cbox, id: 1
149 [22614286264000] INFO perfrun.sdk <> - runCmd: /opt/intel/oneapi/vtune/2023.1.0/bin64/sep -dry-run -sam 1 -ec CPU_CLK_UNHALTED.THREAD,CPU_CLK_UNHALTED.REF_TSC:sample:sa=2400000,INST_RETIRED.ANY:sample:sa=2400000,CPU_CLK_UNHALTED.REF_XCLK,CPU_CLK_UNHALTED.ONE_THREAD_ACTIVE,FP_ARITH_INST_RETIRED.SCALAR_SINGLE,FP_ARITH_INST_RETIRED.128B_PACKED_SINGLE,FP_ARITH_INST_RETIRED.256B_PACKED_SINGLE,FP_ARITH_INST_RETIRED.SCALAR_DOUBLE,FP_ARITH_INST_RETIRED.128B_PACKED_DOUBLE,FP_ARITH_INST_RETIRED.256B_PACKED_DOUBLE,INST_RETIRED.X87,UOPS_RETIRED.RETIRE_SLOTS:sample:sa=2000003 -experimental
150 [22614286264000] INFO perfrun.sdk <> - runCmd started PID 2284194
176 [22614286264000] INFO perfrun.perfcollector <> - SepDryRun RC = true
179 [22614286264000] INFO perfrun.perfcollector <> - DRY_RUN: "PMU type: Core (core)"
179 [22614286264000] INFO perfrun.perfcollector <> - pmu type: cpu
179 [22614286264000] INFO perfrun.perfcollector <> - DRY_RUN: "Group 0:"
179 [22614286264000] INFO perfrun.perfcollector <> - id: 0
179 [22614286264000] INFO perfrun.perfcollector <> - DRY_RUN: "INST_RETIRED.ANY: event id 2"
179 [22614286264000] INFO perfrun.perfcollector <> - eventName: INST_RETIRED.ANY, eventId: 2
179 [22614286264000] INFO perfrun.perfcollector <> - DRY_RUN: "CPU_CLK_UNHALTED.THREAD: event id 0"
179 [22614286264000] INFO perfrun.perfcollector <> - eventName: CPU_CLK_UNHALTED.THREAD, eventId: 0
179 [22614286264000] INFO perfrun.perfcollector <> - DRY_RUN: "CPU_CLK_UNHALTED.REF_TSC: event id 1"
179 [22614286264000] INFO perfrun.perfcollector <> - eventName: CPU_CLK_UNHALTED.REF_TSC, eventId: 1
179 [22614286264000] INFO perfrun.perfcollector <> - DRY_RUN: "FP_ARITH_INST_RETIRED.SCALAR_SINGLE: event id 5"
179 [22614286264000] INFO perfrun.perfcollector <> - eventName: FP_ARITH_INST_RETIRED.SCALAR_SINGLE, eventId: 5
179 [22614286264000] INFO perfrun.perfcollector <> - DRY_RUN: "FP_ARITH_INST_RETIRED.128B_PACKED_SINGLE: event id 6"
179 [22614286264000] INFO perfrun.perfcollector <> - eventName: FP_ARITH_INST_RETIRED.128B_PACKED_SINGLE, eventId: 6
179 [22614286264000] INFO perfrun.perfcollector <> - DRY_RUN: "FP_ARITH_INST_RETIRED.256B_PACKED_SINGLE: event id 7"
179 [22614286264000] INFO perfrun.perfcollector <> - eventName: FP_ARITH_INST_RETIRED.256B_PACKED_SINGLE, eventId: 7
179 [22614286264000] INFO perfrun.perfcollector <> - DRY_RUN: "FP_ARITH_INST_RETIRED.SCALAR_DOUBLE: event id 8"
179 [22614286264000] INFO perfrun.perfcollector <> - eventName: FP_ARITH_INST_RETIRED.SCALAR_DOUBLE, eventId: 8
180 [22614286264000] INFO perfrun.perfcollector <> - DRY_RUN: "CPU_CLK_UNHALTED.REF_XCLK: event id 3"
180 [22614286264000] INFO perfrun.perfcollector <> - eventName: CPU_CLK_UNHALTED.REF_XCLK, eventId: 3
180 [22614286264000] INFO perfrun.perfcollector <> - DRY_RUN: "CPU_CLK_UNHALTED.ONE_THREAD_ACTIVE: event id 4"
180 [22614286264000] INFO perfrun.perfcollector <> - eventName: CPU_CLK_UNHALTED.ONE_THREAD_ACTIVE, eventId: 4
180 [22614286264000] INFO perfrun.perfcollector <> - DRY_RUN: "INST_RETIRED.X87: event id 11"
180 [22614286264000] INFO perfrun.perfcollector <> - eventName: INST_RETIRED.X87, eventId: 11
180 [22614286264000] INFO perfrun.perfcollector <> - DRY_RUN: "UOPS_RETIRED.RETIRE_SLOTS: event id 12"
180 [22614286264000] INFO perfrun.perfcollector <> - eventName: UOPS_RETIRED.RETIRE_SLOTS, eventId: 12
180 [22614286264000] INFO perfrun.perfcollector <> - DRY_RUN: "CCCR"
180 [22614286264000] INFO perfrun.perfcollector <> - DRY_RUN: "reg_type       = 1	event_id       = g	reg_id         = 38f	reg_value      = 7000000ff"
180 [22614286264000] INFO perfrun.perfcollector <> - eventId: g, skip parsing event_id
180 [22614286264000] INFO perfrun.perfcollector <> - Register was ignored: group_id: 0, reg_type: 1, event_id: 4294967295, reg_id: 38f, reg_value: 7000000ff, pmu_name: cpu
180 [22614286264000] INFO perfrun.perfcollector <> - DRY_RUN: "reg_type       = 1	event_id       = g	reg_id         = 390	reg_value      = 7000000ff"
180 [22614286264000] INFO perfrun.perfcollector <> - eventId: g, skip parsing event_id
180 [22614286264000] INFO perfrun.perfcollector <> - Register was ignored: group_id: 0, reg_type: 1, event_id: 4294967295, reg_id: 390, reg_value: 7000000ff, pmu_name: cpu
180 [22614286264000] INFO perfrun.perfcollector <> - DRY_RUN: "reg_type       = 1	event_id       = g	reg_id         = 3f1	reg_value      = 0"
180 [22614286264000] INFO perfrun.perfcollector <> - eventId: g, skip parsing event_id
180 [22614286264000] INFO perfrun.perfcollector <> - Register was ignored: group_id: 0, reg_type: 1, event_id: 4294967295, reg_id: 3f1, reg_value: 0, pmu_name: cpu
180 [22614286264000] INFO perfrun.perfcollector <> - DRY_RUN: "reg_type       = 1	event_id       = g	reg_id         = 1d9	reg_value      = 1800"
180 [22614286264000] INFO perfrun.perfcollector <> - eventId: g, skip parsing event_id
180 [22614286264000] INFO perfrun.perfcollector <> - Register was ignored: group_id: 0, reg_type: 1, event_id: 4294967295, reg_id: 1d9, reg_value: 1800, pmu_name: cpu
180 [22614286264000] INFO perfrun.perfcollector <> - DRY_RUN: "reg_type       = 1	event_id       = g	reg_id         = 38d	reg_value      = bbb"
180 [22614286264000] INFO perfrun.perfcollector <> - eventId: g, skip parsing event_id
180 [22614286264000] INFO perfrun.perfcollector <> - Register was ignored: group_id: 0, reg_type: 1, event_id: 4294967295, reg_id: 38d, reg_value: bbb, pmu_name: cpu
180 [22614286264000] INFO perfrun.perfcollector <> - DRY_RUN: "reg_type       = 1	event_id       = 5	reg_id         = 186	reg_value      = 5302c7"
180 [22614286264000] INFO perfrun.perfcollector <> - Event selector: group_id: 0, reg_type: 1, event_id: 5, reg_id: 186, reg_value: 5302c7, pmu_name: cpu
180 [22614286264000] INFO perfrun.perfcollector <> - DRY_RUN: "reg_type       = 1	event_id       = 6	reg_id         = 187	reg_value      = 5308c7"
180 [22614286264000] INFO perfrun.perfcollector <> - Event selector: group_id: 0, reg_type: 1, event_id: 6, reg_id: 187, reg_value: 5308c7, pmu_name: cpu
180 [22614286264000] INFO perfrun.perfcollector <> - DRY_RUN: "reg_type       = 1	event_id       = 7	reg_id         = 188	reg_value      = 5320c7"
180 [22614286264000] INFO perfrun.perfcollector <> - Event selector: group_id: 0, reg_type: 1, event_id: 7, reg_id: 188, reg_value: 5320c7, pmu_name: cpu
180 [22614286264000] INFO perfrun.perfcollector <> - DRY_RUN: "reg_type       = 1	event_id       = 8	reg_id         = 189	reg_value      = 5301c7"
180 [22614286264000] INFO perfrun.perfcollector <> - Event selector: group_id: 0, reg_type: 1, event_id: 8, reg_id: 189, reg_value: 5301c7, pmu_name: cpu
180 [22614286264000] INFO perfrun.perfcollector <> - DRY_RUN: "reg_type       = 1	event_id       = 3	reg_id         = 18a	reg_value      = 53013c"
180 [22614286264000] INFO perfrun.perfcollector <> - Event selector: group_id: 0, reg_type: 1, event_id: 3, reg_id: 18a, reg_value: 53013c, pmu_name: cpu
180 [22614286264000] INFO perfrun.perfcollector <> - DRY_RUN: "reg_type       = 1	event_id       = 4	reg_id         = 18b	reg_value      = 53023c"
180 [22614286264000] INFO perfrun.perfcollector <> - Event selector: group_id: 0, reg_type: 1, event_id: 4, reg_id: 18b, reg_value: 53023c, pmu_name: cpu
180 [22614286264000] INFO perfrun.perfcollector <> - DRY_RUN: "reg_type       = 1	event_id       = 11	reg_id         = 18c	reg_value      = 5302c0"
180 [22614286264000] INFO perfrun.perfcollector <> - Event selector: group_id: 0, reg_type: 1, event_id: 11, reg_id: 18c, reg_value: 5302c0, pmu_name: cpu
180 [22614286264000] INFO perfrun.perfcollector <> - DRY_RUN: "reg_type       = 1	event_id       = 12	reg_id         = 18d	reg_value      = 5302c2"
180 [22614286264000] INFO perfrun.perfcollector <> - Event selector: group_id: 0, reg_type: 1, event_id: 12, reg_id: 18d, reg_value: 5302c2, pmu_name: cpu
180 [22614286264000] INFO perfrun.perfcollector <> - DRY_RUN: "ESCR"
180 [22614286264000] INFO perfrun.perfcollector <> - DRY_RUN: "reg_type       = 2	event_id       = g	reg_id         = 1c8	reg_value      = 0"
180 [22614286264000] INFO perfrun.perfcollector <> - eventId: g, skip parsing event_id
180 [22614286264000] INFO perfrun.perfcollector <> - DRY_RUN: "DATA"
180 [22614286264000] INFO perfrun.perfcollector <> - DRY_RUN: "reg_type       = 4	event_id       = 2	reg_id         = 309	reg_value      = ffffffdb6100"
180 [22614286264000] INFO perfrun.perfcollector <> - eventId: 2, dataAddr: 309, dataVal: ffffffdb6100
180 [22614286264000] INFO perfrun.perfcollector <> - DRY_RUN: "reg_type       = 4	event_id       = 0	reg_id         = 30a	reg_value      = ffffffe17b7d"
180 [22614286264000] INFO perfrun.perfcollector <> - eventId: 0, dataAddr: 30a, dataVal: ffffffe17b7d
180 [22614286264000] INFO perfrun.perfcollector <> - DRY_RUN: "reg_type       = 4	event_id       = 1	reg_id         = 30b	reg_value      = ffffffdb6100"
180 [22614286264000] INFO perfrun.perfcollector <> - eventId: 1, dataAddr: 30b, dataVal: ffffffdb6100
180 [22614286264000] INFO perfrun.perfcollector <> - DRY_RUN: "reg_type       = 4	event_id       = 5	reg_id         = c1	reg_value      = ffffffe17b7d"
180 [22614286264000] INFO perfrun.perfcollector <> - eventId: 5, dataAddr: c1, dataVal: ffffffe17b7d
180 [22614286264000] INFO perfrun.perfcollector <> - DRY_RUN: "reg_type       = 4	event_id       = 6	reg_id         = c2	reg_value      = ffffffe17b7d"
180 [22614286264000] INFO perfrun.perfcollector <> - eventId: 6, dataAddr: c2, dataVal: ffffffe17b7d
180 [22614286264000] INFO perfrun.perfcollector <> - DRY_RUN: "reg_type       = 4	event_id       = 7	reg_id         = c3	reg_value      = ffffffe17b7d"
180 [22614286264000] INFO perfrun.perfcollector <> - eventId: 7, dataAddr: c3, dataVal: ffffffe17b7d
180 [22614286264000] INFO perfrun.perfcollector <> - DRY_RUN: "reg_type       = 4	event_id       = 8	reg_id         = c4	reg_value      = ffffffe17b7d"
180 [22614286264000] INFO perfrun.perfcollector <> - eventId: 8, dataAddr: c4, dataVal: ffffffe17b7d
180 [22614286264000] INFO perfrun.perfcollector <> - DRY_RUN: "reg_type       = 4	event_id       = 3	reg_id         = c5	reg_value      = fffffffe795d"
180 [22614286264000] INFO perfrun.perfcollector <> - eventId: 3, dataAddr: c5, dataVal: fffffffe795d
180 [22614286264000] INFO perfrun.perfcollector <> - DRY_RUN: "reg_type       = 4	event_id       = 4	reg_id         = c6	reg_value      = fffffffe795d"
180 [22614286264000] INFO perfrun.perfcollector <> - eventId: 4, dataAddr: c6, dataVal: fffffffe795d
180 [22614286264000] INFO perfrun.perfcollector <> - DRY_RUN: "reg_type       = 4	event_id       = 11	reg_id         = c7	reg_value      = ffffffe17b7d"
180 [22614286264000] INFO perfrun.perfcollector <> - eventId: 11, dataAddr: c7, dataVal: ffffffe17b7d
180 [22614286264000] INFO perfrun.perfcollector <> - DRY_RUN: "reg_type       = 4	event_id       = 12	reg_id         = c8	reg_value      = ffffffe17b7d"
180 [22614286264000] INFO perfrun.perfcollector <> - eventId: 12, dataAddr: c8, dataVal: ffffffe17b7d
180 [22614286264000] INFO perfrun.perfcollector <> - DRY_RUN: "Group 1:"
180 [22614286264000] INFO perfrun.perfcollector <> - id: 1
180 [22614286264000] INFO perfrun.perfcollector <> - DRY_RUN: "INST_RETIRED.ANY: event id 2"
180 [22614286264000] INFO perfrun.perfcollector <> - eventName: INST_RETIRED.ANY, eventId: 2
180 [22614286264000] INFO perfrun.perfcollector <> - DRY_RUN: "CPU_CLK_UNHALTED.THREAD: event id 0"
180 [22614286264000] INFO perfrun.perfcollector <> - eventName: CPU_CLK_UNHALTED.THREAD, eventId: 0
180 [22614286264000] INFO perfrun.perfcollector <> - DRY_RUN: "CPU_CLK_UNHALTED.REF_TSC: event id 1"
180 [22614286264000] INFO perfrun.perfcollector <> - eventName: CPU_CLK_UNHALTED.REF_TSC, eventId: 1
180 [22614286264000] INFO perfrun.perfcollector <> - DRY_RUN: "FP_ARITH_INST_RETIRED.128B_PACKED_DOUBLE: event id 9"
180 [22614286264000] INFO perfrun.perfcollector <> - eventName: FP_ARITH_INST_RETIRED.128B_PACKED_DOUBLE, eventId: 9
180 [22614286264000] INFO perfrun.perfcollector <> - DRY_RUN: "FP_ARITH_INST_RETIRED.256B_PACKED_DOUBLE: event id 10"
180 [22614286264000] INFO perfrun.perfcollector <> - eventName: FP_ARITH_INST_RETIRED.256B_PACKED_DOUBLE, eventId: 10
180 [22614286264000] INFO perfrun.perfcollector <> - DRY_RUN: "CCCR"
180 [22614286264000] INFO perfrun.perfcollector <> - DRY_RUN: "reg_type       = 1	event_id       = g	reg_id         = 38f	reg_value      = 700000003"
180 [22614286264000] INFO perfrun.perfcollector <> - eventId: g, skip parsing event_id
180 [22614286264000] INFO perfrun.perfcollector <> - Register was ignored: group_id: 1, reg_type: 1, event_id: 4294967295, reg_id: 38f, reg_value: 700000003, pmu_name: cpu
180 [22614286264000] INFO perfrun.perfcollector <> - DRY_RUN: "reg_type       = 1	event_id       = g	reg_id         = 390	reg_value      = 700000003"
180 [22614286264000] INFO perfrun.perfcollector <> - eventId: g, skip parsing event_id
180 [22614286264000] INFO perfrun.perfcollector <> - Register was ignored: group_id: 1, reg_type: 1, event_id: 4294967295, reg_id: 390, reg_value: 700000003, pmu_name: cpu
180 [22614286264000] INFO perfrun.perfcollector <> - DRY_RUN: "reg_type       = 1	event_id       = g	reg_id         = 3f1	reg_value      = 0"
180 [22614286264000] INFO perfrun.perfcollector <> - eventId: g, skip parsing event_id
180 [22614286264000] INFO perfrun.perfcollector <> - Register was ignored: group_id: 1, reg_type: 1, event_id: 4294967295, reg_id: 3f1, reg_value: 0, pmu_name: cpu
180 [22614286264000] INFO perfrun.perfcollector <> - DRY_RUN: "reg_type       = 1	event_id       = g	reg_id         = 1d9	reg_value      = 1800"
180 [22614286264000] INFO perfrun.perfcollector <> - eventId: g, skip parsing event_id
180 [22614286264000] INFO perfrun.perfcollector <> - Register was ignored: group_id: 1, reg_type: 1, event_id: 4294967295, reg_id: 1d9, reg_value: 1800, pmu_name: cpu
180 [22614286264000] INFO perfrun.perfcollector <> - DRY_RUN: "reg_type       = 1	event_id       = g	reg_id         = 38d	reg_value      = bbb"
180 [22614286264000] INFO perfrun.perfcollector <> - eventId: g, skip parsing event_id
180 [22614286264000] INFO perfrun.perfcollector <> - Register was ignored: group_id: 1, reg_type: 1, event_id: 4294967295, reg_id: 38d, reg_value: bbb, pmu_name: cpu
180 [22614286264000] INFO perfrun.perfcollector <> - DRY_RUN: "reg_type       = 1	event_id       = 9	reg_id         = 186	reg_value      = 5304c7"
180 [22614286264000] INFO perfrun.perfcollector <> - Event selector: group_id: 1, reg_type: 1, event_id: 9, reg_id: 186, reg_value: 5304c7, pmu_name: cpu
180 [22614286264000] INFO perfrun.perfcollector <> - DRY_RUN: "reg_type       = 1	event_id       = 10	reg_id         = 187	reg_value      = 5310c7"
180 [22614286264000] INFO perfrun.perfcollector <> - Event selector: group_id: 1, reg_type: 1, event_id: 10, reg_id: 187, reg_value: 5310c7, pmu_name: cpu
180 [22614286264000] INFO perfrun.perfcollector <> - DRY_RUN: "ESCR"
180 [22614286264000] INFO perfrun.perfcollector <> - DRY_RUN: "reg_type       = 2	event_id       = g	reg_id         = 1c8	reg_value      = 0"
180 [22614286264000] INFO perfrun.perfcollector <> - eventId: g, skip parsing event_id
180 [22614286264000] INFO perfrun.perfcollector <> - DRY_RUN: "DATA"
180 [22614286264000] INFO perfrun.perfcollector <> - DRY_RUN: "reg_type       = 4	event_id       = 2	reg_id         = 309	reg_value      = ffffffdb6100"
180 [22614286264000] INFO perfrun.perfcollector <> - eventId: 2, dataAddr: 309, dataVal: ffffffdb6100
180 [22614286264000] INFO perfrun.perfcollector <> - DRY_RUN: "reg_type       = 4	event_id       = 0	reg_id         = 30a	reg_value      = ffffffe17b7d"
180 [22614286264000] INFO perfrun.perfcollector <> - eventId: 0, dataAddr: 30a, dataVal: ffffffe17b7d
180 [22614286264000] INFO perfrun.perfcollector <> - DRY_RUN: "reg_type       = 4	event_id       = 1	reg_id         = 30b	reg_value      = ffffffdb6100"
180 [22614286264000] INFO perfrun.perfcollector <> - eventId: 1, dataAddr: 30b, dataVal: ffffffdb6100
180 [22614286264000] INFO perfrun.perfcollector <> - DRY_RUN: "reg_type       = 4	event_id       = 9	reg_id         = c1	reg_value      = ffffffe17b7d"
180 [22614286264000] INFO perfrun.perfcollector <> - eventId: 9, dataAddr: c1, dataVal: ffffffe17b7d
180 [22614286264000] INFO perfrun.perfcollector <> - DRY_RUN: "reg_type       = 4	event_id       = 10	reg_id         = c2	reg_value      = ffffffe17b7d"
180 [22614286264000] INFO perfrun.perfcollector <> - eventId: 10, dataAddr: c2, dataVal: ffffffe17b7d
180 [22614286264000] INFO perfrun.perfcollector <> - event name: CPU_CLK_UNHALTED.THREAD
180 [22614286264000] INFO perfrun.perfcollector <> - pmu config: cpu
180 [22614286264000] INFO perfrun.perfcollector <> - cccrAddr: ffffffff, cccrValue: 0
180 [22614286264000] INFO perfrun.perfcollector <> - dataAddr: 30a, dataValue: ffffffffffe17b7d
180 [22614286264000] INFO perfrun.perfcollector <> - escrAddr: ffffffff, escrValue: 0
180 [22614286264000] INFO perfrun.perfcollector <> - extendedPebsValue: 0
180 [22614286264000] INFO perfrun.perfcollector <> - adaptivePebsAvailable: 0
180 [22614286264000] INFO perfrun.perfcollector <> - config: event: 3c
180 [22614286264000] INFO perfrun.perfcollector <> - config: pc: 0
180 [22614286264000] INFO perfrun.perfcollector <> - config: in_tx: 0
180 [22614286264000] INFO perfrun.perfcollector <> - config: edge: 0
180 [22614286264000] INFO perfrun.perfcollector <> - config: any: 0
180 [22614286264000] INFO perfrun.perfcollector <> - config1: offcore_rsp: 0
180 [22614286264000] INFO perfrun.perfcollector <> - config: in_tx_cp: 0
180 [22614286264000] INFO perfrun.perfcollector <> - config1: ldlat: 0
180 [22614286264000] INFO perfrun.perfcollector <> - config: inv: 0
180 [22614286264000] INFO perfrun.perfcollector <> - config: umask: 0
180 [22614286264000] INFO perfrun.perfcollector <> - config: cmask: 0
180 [22614286264000] INFO perfrun.perfcollector <> - format: cpu/event=0x3c,name='CPU_CLK_UNHALTED.THREAD'/D
180 [22614286264000] INFO perfrun.perfcollector <> - event name: CPU_CLK_UNHALTED.REF_TSC
180 [22614286264000] INFO perfrun.perfcollector <> - pmu config: cpu
180 [22614286264000] INFO perfrun.perfcollector <> - cccrAddr: ffffffff, cccrValue: 0
180 [22614286264000] INFO perfrun.perfcollector <> - dataAddr: 30b, dataValue: ffffffffffdb6100
180 [22614286264000] INFO perfrun.perfcollector <> - escrAddr: ffffffff, escrValue: 0
180 [22614286264000] INFO perfrun.perfcollector <> - extendedPebsValue: 0
180 [22614286264000] INFO perfrun.perfcollector <> - adaptivePebsAvailable: 0
180 [22614286264000] INFO perfrun.perfcollector <> - config: event: 0
180 [22614286264000] INFO perfrun.perfcollector <> - config: pc: 0
180 [22614286264000] INFO perfrun.perfcollector <> - config: in_tx: 0
180 [22614286264000] INFO perfrun.perfcollector <> - config: edge: 0
180 [22614286264000] INFO perfrun.perfcollector <> - config: any: 0
180 [22614286264000] INFO perfrun.perfcollector <> - config1: offcore_rsp: 0
180 [22614286264000] INFO perfrun.perfcollector <> - config: in_tx_cp: 0
180 [22614286264000] INFO perfrun.perfcollector <> - config1: ldlat: 0
180 [22614286264000] INFO perfrun.perfcollector <> - config: inv: 0
180 [22614286264000] INFO perfrun.perfcollector <> - config: umask: 3
180 [22614286264000] INFO perfrun.perfcollector <> - config: cmask: 0
180 [22614286264000] INFO perfrun.perfcollector <> - format: cpu/umask=0x3,name='CPU_CLK_UNHALTED.REF_TSC'/D
180 [22614286264000] INFO perfrun.perfcollector <> - event name: INST_RETIRED.ANY
180 [22614286264000] INFO perfrun.perfcollector <> - pmu config: cpu
180 [22614286264000] INFO perfrun.perfcollector <> - cccrAddr: ffffffff, cccrValue: 0
180 [22614286264000] INFO perfrun.perfcollector <> - dataAddr: 309, dataValue: ffffffffffdb6100
180 [22614286264000] INFO perfrun.perfcollector <> - escrAddr: ffffffff, escrValue: 0
180 [22614286264000] INFO perfrun.perfcollector <> - extendedPebsValue: 0
180 [22614286264000] INFO perfrun.perfcollector <> - adaptivePebsAvailable: 0
180 [22614286264000] INFO perfrun.perfcollector <> - config: event: c0
180 [22614286264000] INFO perfrun.perfcollector <> - config: pc: 0
180 [22614286264000] INFO perfrun.perfcollector <> - config: in_tx: 0
180 [22614286264000] INFO perfrun.perfcollector <> - config: edge: 0
180 [22614286264000] INFO perfrun.perfcollector <> - config: any: 0
180 [22614286264000] INFO perfrun.perfcollector <> - config1: offcore_rsp: 0
180 [22614286264000] INFO perfrun.perfcollector <> - config: in_tx_cp: 0
180 [22614286264000] INFO perfrun.perfcollector <> - config1: ldlat: 0
180 [22614286264000] INFO perfrun.perfcollector <> - config: inv: 0
180 [22614286264000] INFO perfrun.perfcollector <> - config: umask: 0
180 [22614286264000] INFO perfrun.perfcollector <> - config: cmask: 0
180 [22614286264000] INFO perfrun.perfcollector <> - format: cpu/event=0xc0,name='INST_RETIRED.ANY'/D
180 [22614286264000] INFO perfrun.perfcollector <> - event name: CPU_CLK_UNHALTED.REF_XCLK
180 [22614286264000] INFO perfrun.perfcollector <> - pmu config: cpu
180 [22614286264000] INFO perfrun.perfcollector <> - cccrAddr: 18a, cccrValue: 53013c
180 [22614286264000] INFO perfrun.perfcollector <> - dataAddr: c5, dataValue: fffffffffffe795d
180 [22614286264000] INFO perfrun.perfcollector <> - escrAddr: ffffffff, escrValue: 0
180 [22614286264000] INFO perfrun.perfcollector <> - extendedPebsValue: 0
180 [22614286264000] INFO perfrun.perfcollector <> - adaptivePebsAvailable: 0
180 [22614286264000] INFO perfrun.perfcollector <> - config: event: 3c
180 [22614286264000] INFO perfrun.perfcollector <> - config: pc: 0
180 [22614286264000] INFO perfrun.perfcollector <> - config: in_tx: 0
180 [22614286264000] INFO perfrun.perfcollector <> - config: edge: 0
180 [22614286264000] INFO perfrun.perfcollector <> - config: any: 0
180 [22614286264000] INFO perfrun.perfcollector <> - config1: offcore_rsp: 0
180 [22614286264000] INFO perfrun.perfcollector <> - config: in_tx_cp: 0
180 [22614286264000] INFO perfrun.perfcollector <> - config1: ldlat: 0
180 [22614286264000] INFO perfrun.perfcollector <> - config: inv: 0
180 [22614286264000] INFO perfrun.perfcollector <> - config: umask: 1
180 [22614286264000] INFO perfrun.perfcollector <> - config: cmask: 0
180 [22614286264000] INFO perfrun.perfcollector <> - format: cpu/event=0x3c,umask=0x1,name='CPU_CLK_UNHALTED.REF_XCLK'/
180 [22614286264000] INFO perfrun.perfcollector <> - event name: CPU_CLK_UNHALTED.ONE_THREAD_ACTIVE
180 [22614286264000] INFO perfrun.perfcollector <> - pmu config: cpu
180 [22614286264000] INFO perfrun.perfcollector <> - cccrAddr: 18b, cccrValue: 53023c
180 [22614286264000] INFO perfrun.perfcollector <> - dataAddr: c6, dataValue: fffffffffffe795d
180 [22614286264000] INFO perfrun.perfcollector <> - escrAddr: ffffffff, escrValue: 0
180 [22614286264000] INFO perfrun.perfcollector <> - extendedPebsValue: 0
180 [22614286264000] INFO perfrun.perfcollector <> - adaptivePebsAvailable: 0
180 [22614286264000] INFO perfrun.perfcollector <> - config: event: 3c
180 [22614286264000] INFO perfrun.perfcollector <> - config: pc: 0
180 [22614286264000] INFO perfrun.perfcollector <> - config: in_tx: 0
180 [22614286264000] INFO perfrun.perfcollector <> - config: edge: 0
180 [22614286264000] INFO perfrun.perfcollector <> - config: any: 0
180 [22614286264000] INFO perfrun.perfcollector <> - config1: offcore_rsp: 0
180 [22614286264000] INFO perfrun.perfcollector <> - config: in_tx_cp: 0
180 [22614286264000] INFO perfrun.perfcollector <> - config1: ldlat: 0
180 [22614286264000] INFO perfrun.perfcollector <> - config: inv: 0
180 [22614286264000] INFO perfrun.perfcollector <> - config: umask: 2
180 [22614286264000] INFO perfrun.perfcollector <> - config: cmask: 0
180 [22614286264000] INFO perfrun.perfcollector <> - format: cpu/event=0x3c,umask=0x2,name='CPU_CLK_UNHALTED.ONE_THREAD_ACTIVE'/
180 [22614286264000] INFO perfrun.perfcollector <> - event name: FP_ARITH_INST_RETIRED.SCALAR_SINGLE
180 [22614286264000] INFO perfrun.perfcollector <> - pmu config: cpu
180 [22614286264000] INFO perfrun.perfcollector <> - cccrAddr: 186, cccrValue: 5302c7
180 [22614286264000] INFO perfrun.perfcollector <> - dataAddr: c1, dataValue: ffffffffffe17b7d
180 [22614286264000] INFO perfrun.perfcollector <> - escrAddr: ffffffff, escrValue: 0
180 [22614286264000] INFO perfrun.perfcollector <> - extendedPebsValue: 0
180 [22614286264000] INFO perfrun.perfcollector <> - adaptivePebsAvailable: 0
180 [22614286264000] INFO perfrun.perfcollector <> - config: event: c7
180 [22614286264000] INFO perfrun.perfcollector <> - config: pc: 0
180 [22614286264000] INFO perfrun.perfcollector <> - config: in_tx: 0
180 [22614286264000] INFO perfrun.perfcollector <> - config: edge: 0
180 [22614286264000] INFO perfrun.perfcollector <> - config: any: 0
180 [22614286264000] INFO perfrun.perfcollector <> - config1: offcore_rsp: 0
180 [22614286264000] INFO perfrun.perfcollector <> - config: in_tx_cp: 0
181 [22614286264000] INFO perfrun.perfcollector <> - config1: ldlat: 0
181 [22614286264000] INFO perfrun.perfcollector <> - config: inv: 0
181 [22614286264000] INFO perfrun.perfcollector <> - config: umask: 2
181 [22614286264000] INFO perfrun.perfcollector <> - config: cmask: 0
181 [22614286264000] INFO perfrun.perfcollector <> - format: cpu/event=0xc7,umask=0x2,name='FP_ARITH_INST_RETIRED.SCALAR_SINGLE'/
181 [22614286264000] INFO perfrun.perfcollector <> - event name: FP_ARITH_INST_RETIRED.128B_PACKED_SINGLE
181 [22614286264000] INFO perfrun.perfcollector <> - pmu config: cpu
181 [22614286264000] INFO perfrun.perfcollector <> - cccrAddr: 187, cccrValue: 5308c7
181 [22614286264000] INFO perfrun.perfcollector <> - dataAddr: c2, dataValue: ffffffffffe17b7d
181 [22614286264000] INFO perfrun.perfcollector <> - escrAddr: ffffffff, escrValue: 0
181 [22614286264000] INFO perfrun.perfcollector <> - extendedPebsValue: 0
181 [22614286264000] INFO perfrun.perfcollector <> - adaptivePebsAvailable: 0
181 [22614286264000] INFO perfrun.perfcollector <> - config: event: c7
181 [22614286264000] INFO perfrun.perfcollector <> - config: pc: 0
181 [22614286264000] INFO perfrun.perfcollector <> - config: in_tx: 0
181 [22614286264000] INFO perfrun.perfcollector <> - config: edge: 0
181 [22614286264000] INFO perfrun.perfcollector <> - config: any: 0
181 [22614286264000] INFO perfrun.perfcollector <> - config1: offcore_rsp: 0
181 [22614286264000] INFO perfrun.perfcollector <> - config: in_tx_cp: 0
181 [22614286264000] INFO perfrun.perfcollector <> - config1: ldlat: 0
181 [22614286264000] INFO perfrun.perfcollector <> - config: inv: 0
181 [22614286264000] INFO perfrun.perfcollector <> - config: umask: 8
181 [22614286264000] INFO perfrun.perfcollector <> - config: cmask: 0
181 [22614286264000] INFO perfrun.perfcollector <> - format: cpu/event=0xc7,umask=0x8,name='FP_ARITH_INST_RETIRED.128B_PACKED_SINGLE'/
181 [22614286264000] INFO perfrun.perfcollector <> - event name: FP_ARITH_INST_RETIRED.256B_PACKED_SINGLE
181 [22614286264000] INFO perfrun.perfcollector <> - pmu config: cpu
181 [22614286264000] INFO perfrun.perfcollector <> - cccrAddr: 188, cccrValue: 5320c7
181 [22614286264000] INFO perfrun.perfcollector <> - dataAddr: c3, dataValue: ffffffffffe17b7d
181 [22614286264000] INFO perfrun.perfcollector <> - escrAddr: ffffffff, escrValue: 0
181 [22614286264000] INFO perfrun.perfcollector <> - extendedPebsValue: 0
181 [22614286264000] INFO perfrun.perfcollector <> - adaptivePebsAvailable: 0
181 [22614286264000] INFO perfrun.perfcollector <> - config: event: c7
181 [22614286264000] INFO perfrun.perfcollector <> - config: pc: 0
181 [22614286264000] INFO perfrun.perfcollector <> - config: in_tx: 0
181 [22614286264000] INFO perfrun.perfcollector <> - config: edge: 0
181 [22614286264000] INFO perfrun.perfcollector <> - config: any: 0
181 [22614286264000] INFO perfrun.perfcollector <> - config1: offcore_rsp: 0
181 [22614286264000] INFO perfrun.perfcollector <> - config: in_tx_cp: 0
181 [22614286264000] INFO perfrun.perfcollector <> - config1: ldlat: 0
181 [22614286264000] INFO perfrun.perfcollector <> - config: inv: 0
181 [22614286264000] INFO perfrun.perfcollector <> - config: umask: 20
181 [22614286264000] INFO perfrun.perfcollector <> - config: cmask: 0
181 [22614286264000] INFO perfrun.perfcollector <> - format: cpu/event=0xc7,umask=0x20,name='FP_ARITH_INST_RETIRED.256B_PACKED_SINGLE'/
181 [22614286264000] INFO perfrun.perfcollector <> - event name: FP_ARITH_INST_RETIRED.SCALAR_DOUBLE
181 [22614286264000] INFO perfrun.perfcollector <> - pmu config: cpu
181 [22614286264000] INFO perfrun.perfcollector <> - cccrAddr: 189, cccrValue: 5301c7
181 [22614286264000] INFO perfrun.perfcollector <> - dataAddr: c4, dataValue: ffffffffffe17b7d
181 [22614286264000] INFO perfrun.perfcollector <> - escrAddr: ffffffff, escrValue: 0
181 [22614286264000] INFO perfrun.perfcollector <> - extendedPebsValue: 0
181 [22614286264000] INFO perfrun.perfcollector <> - adaptivePebsAvailable: 0
181 [22614286264000] INFO perfrun.perfcollector <> - config: event: c7
181 [22614286264000] INFO perfrun.perfcollector <> - config: pc: 0
181 [22614286264000] INFO perfrun.perfcollector <> - config: in_tx: 0
181 [22614286264000] INFO perfrun.perfcollector <> - config: edge: 0
181 [22614286264000] INFO perfrun.perfcollector <> - config: any: 0
181 [22614286264000] INFO perfrun.perfcollector <> - config1: offcore_rsp: 0
181 [22614286264000] INFO perfrun.perfcollector <> - config: in_tx_cp: 0
181 [22614286264000] INFO perfrun.perfcollector <> - config1: ldlat: 0
181 [22614286264000] INFO perfrun.perfcollector <> - config: inv: 0
181 [22614286264000] INFO perfrun.perfcollector <> - config: umask: 1
181 [22614286264000] INFO perfrun.perfcollector <> - config: cmask: 0
181 [22614286264000] INFO perfrun.perfcollector <> - format: cpu/event=0xc7,umask=0x1,name='FP_ARITH_INST_RETIRED.SCALAR_DOUBLE'/
181 [22614286264000] INFO perfrun.perfcollector <> - event name: FP_ARITH_INST_RETIRED.128B_PACKED_DOUBLE
181 [22614286264000] INFO perfrun.perfcollector <> - pmu config: cpu
181 [22614286264000] INFO perfrun.perfcollector <> - cccrAddr: 186, cccrValue: 5304c7
181 [22614286264000] INFO perfrun.perfcollector <> - dataAddr: c1, dataValue: ffffffffffe17b7d
181 [22614286264000] INFO perfrun.perfcollector <> - escrAddr: ffffffff, escrValue: 0
181 [22614286264000] INFO perfrun.perfcollector <> - extendedPebsValue: 0
181 [22614286264000] INFO perfrun.perfcollector <> - adaptivePebsAvailable: 0
181 [22614286264000] INFO perfrun.perfcollector <> - config: event: c7
181 [22614286264000] INFO perfrun.perfcollector <> - config: pc: 0
181 [22614286264000] INFO perfrun.perfcollector <> - config: in_tx: 0
181 [22614286264000] INFO perfrun.perfcollector <> - config: edge: 0
181 [22614286264000] INFO perfrun.perfcollector <> - config: any: 0
181 [22614286264000] INFO perfrun.perfcollector <> - config1: offcore_rsp: 0
181 [22614286264000] INFO perfrun.perfcollector <> - config: in_tx_cp: 0
181 [22614286264000] INFO perfrun.perfcollector <> - config1: ldlat: 0
181 [22614286264000] INFO perfrun.perfcollector <> - config: inv: 0
181 [22614286264000] INFO perfrun.perfcollector <> - config: umask: 4
181 [22614286264000] INFO perfrun.perfcollector <> - config: cmask: 0
181 [22614286264000] INFO perfrun.perfcollector <> - format: cpu/event=0xc7,umask=0x4,name='FP_ARITH_INST_RETIRED.128B_PACKED_DOUBLE'/
181 [22614286264000] INFO perfrun.perfcollector <> - event name: FP_ARITH_INST_RETIRED.256B_PACKED_DOUBLE
181 [22614286264000] INFO perfrun.perfcollector <> - pmu config: cpu
181 [22614286264000] INFO perfrun.perfcollector <> - cccrAddr: 187, cccrValue: 5310c7
181 [22614286264000] INFO perfrun.perfcollector <> - dataAddr: c2, dataValue: ffffffffffe17b7d
181 [22614286264000] INFO perfrun.perfcollector <> - escrAddr: ffffffff, escrValue: 0
181 [22614286264000] INFO perfrun.perfcollector <> - extendedPebsValue: 0
181 [22614286264000] INFO perfrun.perfcollector <> - adaptivePebsAvailable: 0
181 [22614286264000] INFO perfrun.perfcollector <> - config: event: c7
181 [22614286264000] INFO perfrun.perfcollector <> - config: pc: 0
181 [22614286264000] INFO perfrun.perfcollector <> - config: in_tx: 0
181 [22614286264000] INFO perfrun.perfcollector <> - config: edge: 0
181 [22614286264000] INFO perfrun.perfcollector <> - config: any: 0
181 [22614286264000] INFO perfrun.perfcollector <> - config1: offcore_rsp: 0
181 [22614286264000] INFO perfrun.perfcollector <> - config: in_tx_cp: 0
181 [22614286264000] INFO perfrun.perfcollector <> - config1: ldlat: 0
181 [22614286264000] INFO perfrun.perfcollector <> - config: inv: 0
181 [22614286264000] INFO perfrun.perfcollector <> - config: umask: 10
181 [22614286264000] INFO perfrun.perfcollector <> - config: cmask: 0
181 [22614286264000] INFO perfrun.perfcollector <> - format: cpu/event=0xc7,umask=0x10,name='FP_ARITH_INST_RETIRED.256B_PACKED_DOUBLE'/
181 [22614286264000] INFO perfrun.perfcollector <> - event name: INST_RETIRED.X87
181 [22614286264000] INFO perfrun.perfcollector <> - pmu config: cpu
181 [22614286264000] INFO perfrun.perfcollector <> - cccrAddr: 18c, cccrValue: 5302c0
181 [22614286264000] INFO perfrun.perfcollector <> - dataAddr: c7, dataValue: ffffffffffe17b7d
181 [22614286264000] INFO perfrun.perfcollector <> - escrAddr: ffffffff, escrValue: 0
181 [22614286264000] INFO perfrun.perfcollector <> - extendedPebsValue: 0
181 [22614286264000] INFO perfrun.perfcollector <> - adaptivePebsAvailable: 0
181 [22614286264000] INFO perfrun.perfcollector <> - config: event: c0
181 [22614286264000] INFO perfrun.perfcollector <> - config: pc: 0
181 [22614286264000] INFO perfrun.perfcollector <> - config: in_tx: 0
181 [22614286264000] INFO perfrun.perfcollector <> - config: edge: 0
181 [22614286264000] INFO perfrun.perfcollector <> - config: any: 0
181 [22614286264000] INFO perfrun.perfcollector <> - config1: offcore_rsp: 0
181 [22614286264000] INFO perfrun.perfcollector <> - config: in_tx_cp: 0
181 [22614286264000] INFO perfrun.perfcollector <> - config1: ldlat: 0
181 [22614286264000] INFO perfrun.perfcollector <> - config: inv: 0
181 [22614286264000] INFO perfrun.perfcollector <> - config: umask: 2
181 [22614286264000] INFO perfrun.perfcollector <> - config: cmask: 0
181 [22614286264000] INFO perfrun.perfcollector <> - format: cpu/event=0xc0,umask=0x2,name='INST_RETIRED.X87'/
181 [22614286264000] INFO perfrun.perfcollector <> - event name: UOPS_RETIRED.RETIRE_SLOTS
181 [22614286264000] INFO perfrun.perfcollector <> - pmu config: cpu
181 [22614286264000] INFO perfrun.perfcollector <> - cccrAddr: 18d, cccrValue: 5302c2
181 [22614286264000] INFO perfrun.perfcollector <> - dataAddr: c8, dataValue: ffffffffffe17b7d
181 [22614286264000] INFO perfrun.perfcollector <> - escrAddr: ffffffff, escrValue: 0
181 [22614286264000] INFO perfrun.perfcollector <> - extendedPebsValue: 0
181 [22614286264000] INFO perfrun.perfcollector <> - adaptivePebsAvailable: 0
181 [22614286264000] INFO perfrun.perfcollector <> - config: event: c2
181 [22614286264000] INFO perfrun.perfcollector <> - config: pc: 0
181 [22614286264000] INFO perfrun.perfcollector <> - config: in_tx: 0
181 [22614286264000] INFO perfrun.perfcollector <> - config: edge: 0
181 [22614286264000] INFO perfrun.perfcollector <> - config: any: 0
181 [22614286264000] INFO perfrun.perfcollector <> - config1: offcore_rsp: 0
181 [22614286264000] INFO perfrun.perfcollector <> - config: in_tx_cp: 0
181 [22614286264000] INFO perfrun.perfcollector <> - config1: ldlat: 0
181 [22614286264000] INFO perfrun.perfcollector <> - config: inv: 0
181 [22614286264000] INFO perfrun.perfcollector <> - config: umask: 2
181 [22614286264000] INFO perfrun.perfcollector <> - config: cmask: 0
181 [22614286264000] INFO perfrun.perfcollector <> - format: cpu/event=0xc2,umask=0x2,name='UOPS_RETIRED.RETIRE_SLOTS'/
181 [22614286264000] INFO perfrun.perfcollector <> - event: cpu/event=0x3c,name='CPU_CLK_UNHALTED.THREAD'/Duk, added for counting
181 [22614286264000] INFO perfrun.perfcollector <> - event: cpu/umask=0x3,name='CPU_CLK_UNHALTED.REF_TSC'/Duk, added for counting
181 [22614286264000] INFO perfrun.perfcollector <> - event: cpu/event=0xc0,name='INST_RETIRED.ANY'/Duk, added for counting
181 [22614286264000] INFO perfrun.perfcollector <> - event: cpu/event=0x3c,umask=0x1,name='CPU_CLK_UNHALTED.REF_XCLK'/uk, added for counting
181 [22614286264000] INFO perfrun.perfcollector <> - event: cpu/event=0x3c,umask=0x2,name='CPU_CLK_UNHALTED.ONE_THREAD_ACTIVE'/uk, added for counting
181 [22614286264000] INFO perfrun.perfcollector <> - event: cpu/event=0xc7,umask=0x2,name='FP_ARITH_INST_RETIRED.SCALAR_SINGLE'/uk, added for counting
181 [22614286264000] INFO perfrun.perfcollector <> - event: cpu/event=0xc7,umask=0x8,name='FP_ARITH_INST_RETIRED.128B_PACKED_SINGLE'/uk, added for counting
181 [22614286264000] INFO perfrun.perfcollector <> - event: cpu/event=0xc7,umask=0x20,name='FP_ARITH_INST_RETIRED.256B_PACKED_SINGLE'/uk, added for counting
181 [22614286264000] INFO perfrun.perfcollector <> - event: cpu/event=0xc7,umask=0x1,name='FP_ARITH_INST_RETIRED.SCALAR_DOUBLE'/uk, added for counting
181 [22614286264000] INFO perfrun.perfcollector <> - event: cpu/event=0xc7,umask=0x4,name='FP_ARITH_INST_RETIRED.128B_PACKED_DOUBLE'/uk, added for counting
181 [22614286264000] INFO perfrun.perfcollector <> - event: cpu/event=0xc7,umask=0x10,name='FP_ARITH_INST_RETIRED.256B_PACKED_DOUBLE'/uk, added for counting
181 [22614286264000] INFO perfrun.perfcollector <> - event: cpu/event=0xc0,umask=0x2,name='INST_RETIRED.X87'/uk, added for counting
181 [22614286264000] INFO perfrun.perfcollector <> - event: cpu/event=0xc2,umask=0x2,name='UOPS_RETIRED.RETIRE_SLOTS'/uk, added for counting
181 [22614286264000] INFO perfrun.perfcollector <> - attaching to pid: 4294967295, collect mode: 1, rc modes: 3
197 [22614206936768] WARN perfrun.perfcollector <> - Perf stat trace pipe capacity: read = 1048576, write = 1048576, at file: vcs/perfrun1/plugins/perfcollector/src/profiler.cpp:765
206 [22614206936768] INFO perfrun.sdk <> - runCmd: /opt/intel/oneapi/vtune/2023.1.0/bin64/amplxe-perf stat -v --log-fd 10 --scale -x ; -e cpu/event=0x3c,name='CPU_CLK_UNHALTED.THREAD'/Duk,cpu/umask=0x3,name='CPU_CLK_UNHALTED.REF_TSC'/Duk,cpu/event=0xc0,name='INST_RETIRED.ANY'/Duk,cpu/event=0x3c,umask=0x1,name='CPU_CLK_UNHALTED.REF_XCLK'/uk,cpu/event=0x3c,umask=0x2,name='CPU_CLK_UNHALTED.ONE_THREAD_ACTIVE'/uk,cpu/event=0xc7,umask=0x2,name='FP_ARITH_INST_RETIRED.SCALAR_SINGLE'/uk,cpu/event=0xc7,umask=0x8,name='FP_ARITH_INST_RETIRED.128B_PACKED_SINGLE'/uk,cpu/event=0xc7,umask=0x20,name='FP_ARITH_INST_RETIRED.256B_PACKED_SINGLE'/uk,cpu/event=0xc7,umask=0x1,name='FP_ARITH_INST_RETIRED.SCALAR_DOUBLE'/uk,cpu/event=0xc7,umask=0x4,name='FP_ARITH_INST_RETIRED.128B_PACKED_DOUBLE'/uk,cpu/event=0xc7,umask=0x10,name='FP_ARITH_INST_RETIRED.256B_PACKED_DOUBLE'/uk,cpu/event=0xc0,umask=0x2,name='INST_RETIRED.X87'/uk,cpu/event=0xc2,umask=0x2,name='UOPS_RETIRED.RETIRE_SLOTS'/uk /opt/intel/oneapi/vtune/2023.1.0/bin64/amplxe-perf-sync dryrun sys
207 [22614206936768] INFO perfrun.sdk <> - runCmd started PID 2284216
448 [22614206936768] INFO perfrun.perfcollector <> - Monitor: runCmd RC = true
449 [22614286264000] INFO perfrun.launcher <> - plugin [aoclprofile] was disabled because it doesn't support the given collection type.
449 [22614286264000] INFO perfrun.tpss <> - initialize tpss controller
449 [22614286264000] INFO perfrun.tpss <> - configure collection mode: value = cpu:counters:nostack
449 [22614286264000] INFO perfrun.tpss <> - configure collection mode: value = cpu:stack
449 [22614286264000] INFO perfrun.tpss <> - default obj-size-min=1024
449 [22614286264000] INFO perfrun.tpss <> - default hash-table-size=0
449 [22614286264000] INFO perfrun.launcher <> - plugin [media] was disabled because it doesn't support the given collection type.
449 [22614286264000] INFO perfrun.launcher <> - plugin [] was disabled because it doesn't support the given collection type.
449 [22614286264000] INFO perfrun.launcher <> - plugin [] was disabled because it doesn't support the given collection type.
449 [22614286264000] INFO perfrun.launcher <> - plugin [parallelfs] was disabled because it doesn't support the given collection type.
449 [22614286264000] INFO perfrun.launcher <> - plugin [power] was disabled because it doesn't support the given collection type.
449 [22614286264000] INFO perfrun.launcher <> - plugin [hwloc] was disabled because it doesn't support the given collection type.
449 [22614286264000] INFO perfrun.launcher <> - plugin [ipmwatch] was disabled because it doesn't support the given collection type.
449 [22614286264000] INFO perfrun.launcher <> - plugin [os_counters] was disabled because it doesn't support the given collection type.
449 [22614286264000] INFO perfrun.launcher <> - plugin [l0_metrics] was disabled because it doesn't support the given collection type.
449 [22614426761088] INFO perfrun.launcher <> - set environment variable: LD_LIBRARY_PATH = /opt/intel/oneapi/vtune/2023.1.0/lib32/runtime:/opt/intel/oneapi/vtune/2023.1.0/lib64/runtime:/opt/intel/oneapi/tbb/2021.5.1/env/../lib/intel64/gcc4.8:/opt/intel/oneapi/mpi/2021.5.1//libfabric/lib:/opt/intel/oneapi/mpi/2021.5.1//lib/release:/opt/intel/oneapi/mpi/2021.5.1//lib:/opt/intel/oneapi/mkl/2022.0.2/lib/intel64:/opt/intel/oneapi/itac/2021.5.0/slib:/opt/intel/oneapi/debugger/2021.5.0/gdb/intel64/lib:/opt/intel/oneapi/debugger/2021.5.0/libipt/intel64/lib:/opt/intel/oneapi/debugger/2021.5.0/dep/lib:/opt/intel/oneapi/compiler/2022.0.2/linux/lib:/opt/intel/oneapi/compiler/2022.0.2/linux/lib/x64:/opt/intel/oneapi/compiler/2022.0.2/linux/lib/oclfpga/host/linux64/lib:/opt/intel/oneapi/compiler/2022.0.2/linux/compiler/lib/intel64_lin
449 [22614426761088] INFO perfrun.launcher <> - set environment variable: INTEL_LIBITTNOTIFY32 = /opt/intel/oneapi/vtune/2023.1.0/lib32/runtime/libittnotify_collector.so
450 [22614426761088] INFO perfrun.launcher <> - set environment variable: INTEL_LIBITTNOTIFY64 = /opt/intel/oneapi/vtune/2023.1.0/lib64/runtime/libittnotify_collector.so
450 [22614426761088] INFO perfrun.launcher <> - set environment variable: INTEL_ITTNOTIFY_GROUPS = 
450 [22614426761088] INFO perfrun.launcher <> - set environment variable: INTEL_JIT_PROFILER32 = /opt/intel/oneapi/vtune/2023.1.0/lib32/runtime/libittnotify_collector.so
450 [22614426761088] INFO perfrun.launcher <> - set environment variable: INTEL_JIT_PROFILER64 = /opt/intel/oneapi/vtune/2023.1.0/lib64/runtime/libittnotify_collector.so
450 [22614426761088] INFO perfrun.launcher <> - set environment variable: OMP_TOOL_LIBRARIES = /opt/intel/oneapi/vtune/2023.1.0/lib32/runtime/libittnotify_collector.so:/opt/intel/oneapi/vtune/2023.1.0/lib64/runtime/libittnotify_collector.so
450 [22614426761088] INFO perfrun.launcher <> - set environment variable: ENABLE_JITPROFILING = 1
450 [22614426761088] INFO perfrun.launcher <> - set environment variable: CL_CONFIG_USE_VTUNE = True
450 [22614426761088] INFO perfrun.launcher <> - set environment variable: LD_PRELOAD = libittnotify_collector.so:
450 [22614426761088] INFO perfrun.launcher <> - set environment variable: KMP_FORKJOIN_FRAMES = 0
450 [22614426761088] INFO perfrun.launcher <> - set environment variable: KMP_FORKJOIN_FRAMES_MODE = 0
450 [22614426761088] INFO perfrun.launcher <> - set environment variable: OMP_TOOL = disabled
450 [22614426761088] INFO perfrun.launcher <> - set environment variable: INTEL_MRTE_DATA_DIR = /home/course/hpc/users/2022012388/exp8/result.conv2/data.2
450 [22614426761088] INFO perfrun.launcher <> - set environment variable: INTEL_MRTE_HOST_NAME = conv2
450 [22614426761088] INFO perfrun.launcher <> - set environment variable: JAVA_TOOL_OPTIONS = -agentlib:amplxe_tpssmrte_javaprof_1.0 -Dsun.boot.library.path=/opt/intel/oneapi/vtune/2023.1.0/lib32/runtime:/opt/intel/oneapi/vtune/2023.1.0/lib64/runtime
450 [22614426761088] INFO perfrun.launcher <> - set environment variable: LD_LIBRARY_PATH = /opt/intel/oneapi/vtune/2023.1.0/lib32/runtime:/opt/intel/oneapi/vtune/2023.1.0/lib64/runtime:/opt/intel/oneapi/tbb/2021.5.1/env/../lib/intel64/gcc4.8:/opt/intel/oneapi/mpi/2021.5.1//libfabric/lib:/opt/intel/oneapi/mpi/2021.5.1//lib/release:/opt/intel/oneapi/mpi/2021.5.1//lib:/opt/intel/oneapi/mkl/2022.0.2/lib/intel64:/opt/intel/oneapi/itac/2021.5.0/slib:/opt/intel/oneapi/debugger/2021.5.0/gdb/intel64/lib:/opt/intel/oneapi/debugger/2021.5.0/libipt/intel64/lib:/opt/intel/oneapi/debugger/2021.5.0/dep/lib:/opt/intel/oneapi/compiler/2022.0.2/linux/lib:/opt/intel/oneapi/compiler/2022.0.2/linux/lib/x64:/opt/intel/oneapi/compiler/2022.0.2/linux/lib/oclfpga/host/linux64/lib:/opt/intel/oneapi/compiler/2022.0.2/linux/compiler/lib/intel64_lin
450 [22614426761088] INFO perfrun.launcher <> - set environment variable: CORECLR_ENABLE_PROFILING = 1
450 [22614426761088] INFO perfrun.launcher <> - set environment variable: CORECLR_PROFILER = {AA5E4821-E3B1-479c-B7FF-5AD047D22CED}
450 [22614426761088] INFO perfrun.launcher <> - set environment variable: CORECLR_PROFILER_PATH = /opt/intel/oneapi/vtune/2023.1.0/lib64/libamplxe_samplingmrte_clrprof_1.0.so
450 [22614426761088] INFO perfrun.launcher <> - set environment variable: INTEL_MRTE_PROFILER_MODE = mixed
450 [22614426761088] INFO perfrun.launcher <> - RpcServer: run RPC server to handle requests
451 [22614426761088] INFO perfrun.launcher <> - Launcher: command line to start before modification = ./run.sh 2022012388
451 [22614426761088] INFO perfrun.launcher <> - Launcher: command line to start after modification = /opt/intel/oneapi/vtune/2023.1.0/bin64/pin -error_file /home/course/hpc/users/2022012388/exp8/result.conv2/data.2/pinerr.tpsslog -detach_reattach -follow_execv -tool_load_option deepbind -t64 /opt/intel/oneapi/vtune/2023.1.0/lib64/libtpsstool.so -t /opt/intel/oneapi/vtune/2023.1.0/lib32/libtpsstool.so -server_name tpss_ipc.2283965 -prd_dir /opt/intel/oneapi/vtune/2023.1.0 -- ./run.sh 2022012388
852 [22614426761088] INFO perfrun.launcher <> - ProcessCreator object was created
854 [22614426761088] INFO perfrun.launcher <> - Launcher: the process was started in suspend mode
858 [22614286264000] WARN perfrun.system <> - Could not do anything with /sys/kernel/debug/kvm: boost::filesystem::status: Permission denied: "/sys/kernel/debug/kvm", at file: vcs/perfrun1/plugins/system/src/trace_writer.cpp:787
858 [22614286264000] WARN perfrun.system <> - Folder "/var/run/libvirt/qemu/"doesn't exist, at file: vcs/perfrun1/plugins/system/src/trace_writer.cpp:800
858 [22614286264000] INFO perfrun.itt <> - start itt controller for pid #2284490
858 [22614286264000] INFO perfrun.perfcollector <> - attaching to pid: 2284490, collect mode: 1, rc modes: 1
872 [22614200633024] WARN perfrun.perfcollector <> - Perf stat trace pipe capacity: read = 1048576, write = 1048576, at file: vcs/perfrun1/plugins/perfcollector/src/profiler.cpp:765
881 [22614200633024] INFO perfrun.sdk <> - runCmd: /opt/intel/oneapi/vtune/2023.1.0/bin64/amplxe-perf stat -v --log-fd 22 --control=fd:23,26 --scale -x ; -p 2284490 -e cpu/event=0x3c,name='CPU_CLK_UNHALTED.THREAD'/Duk,cpu/umask=0x3,name='CPU_CLK_UNHALTED.REF_TSC'/Duk,cpu/event=0xc0,name='INST_RETIRED.ANY'/Duk,cpu/event=0x3c,umask=0x1,name='CPU_CLK_UNHALTED.REF_XCLK'/uk,cpu/event=0x3c,umask=0x2,name='CPU_CLK_UNHALTED.ONE_THREAD_ACTIVE'/uk,cpu/event=0xc7,umask=0x2,name='FP_ARITH_INST_RETIRED.SCALAR_SINGLE'/uk,cpu/event=0xc7,umask=0x8,name='FP_ARITH_INST_RETIRED.128B_PACKED_SINGLE'/uk,cpu/event=0xc7,umask=0x20,name='FP_ARITH_INST_RETIRED.256B_PACKED_SINGLE'/uk,cpu/event=0xc7,umask=0x1,name='FP_ARITH_INST_RETIRED.SCALAR_DOUBLE'/uk,cpu/event=0xc7,umask=0x4,name='FP_ARITH_INST_RETIRED.128B_PACKED_DOUBLE'/uk,cpu/event=0xc7,umask=0x10,name='FP_ARITH_INST_RETIRED.256B_PACKED_DOUBLE'/uk,cpu/event=0xc0,umask=0x2,name='INST_RETIRED.X87'/uk,cpu/event=0xc2,umask=0x2,name='UOPS_RETIRED.RETIRE_SLOTS'/uk /opt/intel/oneapi/vtune/2023.1.0/bin64/amplxe-perf-sync sync sys
882 [22614200633024] INFO perfrun.sdk <> - runCmd started PID 2284556
1042 [22614286264000] INFO perfrun.tpss <> - start tpss controller for pid #2284490
1093 [22614426761088] INFO perfrun.launcher <> - Launcher: all plugins were started
1093 [22614426761088] INFO perfrun.launcher <> - DirectoryMonitor object was created
1093 [22614426761088] INFO perfrun.launcher <> - DirectoryMonitor: a callback was added
1093 [22614426761088] INFO perfrun.launcher <> - DirectoryMonitor was started with pingTime = 1000
1093 [22614426761088] INFO perfrun.launcher <> - DeadlineTimer is going to be constructed
1093 [22614426761088] INFO perfrun.launcher <> - DeadlineTimer: a callback was added
1095 [22614426761088] INFO perfrun.launcher <> - Launcher: resume the profiled application and  wait its termination or stop command
141232 [22614426761088] INFO perfrun.launcher <> - Launcher: the profiled application was terminated  with exit code = 1
141466 [22614286264000] INFO perfrun.itt <> - detach itt controller
141466 [22614286264000] INFO perfrun.itt <> - detach itt controller done
141468 [22614200633024] INFO perfrun.perfcollector <> - Monitor: runCmd RC = true
141469 [22614286264000] INFO perfrun.perfcollector <> - Monitor: state = 3, error = 1
141469 [22614286264000] INFO perfrun.tpss <> - stop tpss controller
141474 [22614286264000] INFO perfrun.sdk <> - De-allocating TMU: /home/course/hpc/users/2022012388/exp8/result.conv2/data.2/systemcollector-2283965-conv2.sc
141474 [22614286264000] INFO perfrun.system <> - closed the system trace file: /home/course/hpc/users/2022012388/exp8/result.conv2/data.2/systemcollector-2283965-conv2.sc
141474 [22614426761088] INFO perfrun.launcher <> - Launcher: all plugins were stopped.
141474 [22614426761088] INFO perfrun.launcher <> - DeadlineTimer is going to be destroyed
141475 [22614426761088] INFO perfrun.launcher <> - DeadlineTimer was destroyed
141475 [22614426761088] INFO perfrun.launcher <> - DirectoryMonitor object was destroyed
141475 [22614426761088] WARN perfrun.launcher <> - Stop command is ignored because it is received when collection is already stopped, at file: vcs/perfrun1/launcher/src/command_handler.cpp:226
141480 [22614426761088] INFO perfrun.launcher <> - Application exit code: 1
141480 [22614426761088] INFO perfrun.launcher <> - Exit code: 4
