13 [23413381515136] INFO perfrun.launcher <> - Launcher main begin
15 [23413381515136] INFO perfrun.launcher <> - MessageCatalogInit finished
15 [23413381515136] INFO perfrun.launcher <> - Launcher instance created
15 [23413381515136] INFO perfrun.launcher <> - argc = 7; cmdline = /opt/intel/oneapi/vtune/2023.1.0/bin64/amplxe-runss --ui-output-format xml --ui-output-fd 5 --option-file /home/course/hpc/users/2022012388/exp8/result.conv2/config/runss.options.48 
291 [23413381515136] INFO perfrun.launcher <> - create msngr2::ICliToolContext
291 [23413381515136] INFO perfrun.launcher <> - create file finder object
291 [23413381515136] INFO perfrun.launcher <> - create a result directory: pattern = /home/course/hpc/users/2022012388/exp8/result.conv2 pid = 4294967295
294 [23413381515136] INFO perfrun.sdk <> - checked that the directory /home/course/hpc/users/2022012388/exp8/result.conv2 is a local directory
294 [23413381515136] INFO perfrun.sdk <> - the directory /home/course/hpc/users/2022012388/exp8/result.conv2 is located on a share or its FS ID is unknown 26985
294 [23413381515136] INFO perfrun.sdk <> - checked that the directory /tmp/amplxe-tmp-2022012388 is a local directory
294 [23413381515136] INFO perfrun.sdk <> - the directory /tmp/amplxe-tmp-2022012388 is located on a share or its FS ID is unknown 2035054128
296 [23413381515136] INFO perfrun.launcher <> - create data directory = /home/course/hpc/users/2022012388/exp8/result.conv2/data.48
298 [23413381515136] INFO perfrun.launcher <> - Creating the master collection flag
299 [23413381515136] INFO perfrun.launcher <> - Done creating the master collection flag
301 [23413238261440] INFO perfrun.launcher <> - plugin [remoteplug] was disabled because it doesn't support the given collection type.
301 [23413238261440] INFO perfrun.sdk <> - Allocating TMU :/home/course/hpc/users/2022012388/exp8/result.conv2/data.48/systemcollector-2287968-conv2.sc
303 [23413238261440] INFO perfrun.launcher <> - plugin [vdso] was disabled because it doesn't support the given collection type.
303 [23413238261440] INFO perfrun.launcher <> - plugin [ptracecollector] was disabled because it doesn't support the given collection type.
303 [23413238261440] INFO perfrun.launcher <> - plugin [gpu] was disabled because it doesn't support the given collection type.
303 [23413238261440] INFO perfrun.launcher <> - plugin [] was disabled because it doesn't support the given collection type.
303 [23413238261440] INFO perfrun.launcher <> - plugin [] was disabled because it doesn't support the given collection type.
303 [23413238261440] INFO perfrun.launcher <> - plugin [] was disabled because it doesn't support the given collection type.
303 [23413238261440] INFO perfrun.mrte <> - system-wide mode is 0
303 [23413238261440] INFO perfrun.mrte <> - Getting  mrte profiling environment ...
317 [23413238261440] INFO perfrun.mrte <> - INTEL_MRTE_DATA_DIR=/home/course/hpc/users/2022012388/exp8/result.conv2/data.48
317 [23413238261440] INFO perfrun.mrte <> - INTEL_MRTE_HOST_NAME=conv2
317 [23413238261440] INFO perfrun.mrte <> - JAVA_TOOL_OPTIONS=-agentlib:amplxe_tpssmrte_javaprof_1.0 -Dsun.boot.library.path=/opt/intel/oneapi/vtune/2023.1.0/lib32/runtime:/opt/intel/oneapi/vtune/2023.1.0/lib64/runtime
317 [23413238261440] INFO perfrun.mrte <> - LD_LIBRARY_PATH=/opt/intel/oneapi/vtune/2023.1.0/lib32/runtime:/opt/intel/oneapi/vtune/2023.1.0/lib64/runtime:/opt/intel/oneapi/tbb/2021.5.1/env/../lib/intel64/gcc4.8:/opt/intel/oneapi/mpi/2021.5.1//libfabric/lib:/opt/intel/oneapi/mpi/2021.5.1//lib/release:/opt/intel/oneapi/mpi/2021.5.1//lib:/opt/intel/oneapi/mkl/2022.0.2/lib/intel64:/opt/intel/oneapi/itac/2021.5.0/slib:/opt/intel/oneapi/debugger/2021.5.0/gdb/intel64/lib:/opt/intel/oneapi/debugger/2021.5.0/libipt/intel64/lib:/opt/intel/oneapi/debugger/2021.5.0/dep/lib:/opt/intel/oneapi/compiler/2022.0.2/linux/lib:/opt/intel/oneapi/compiler/2022.0.2/linux/lib/x64:/opt/intel/oneapi/compiler/2022.0.2/linux/lib/oclfpga/host/linux64/lib:/opt/intel/oneapi/compiler/2022.0.2/linux/compiler/lib/intel64_lin
317 [23413238261440] INFO perfrun.mrte <> - CORECLR_ENABLE_PROFILING=1
317 [23413238261440] INFO perfrun.mrte <> - CORECLR_PROFILER={AA5E4821-E3B1-479c-B7FF-5AD047D22CED}
317 [23413238261440] INFO perfrun.mrte <> - CORECLR_PROFILER_PATH=/opt/intel/oneapi/vtune/2023.1.0/lib64/libamplxe_samplingmrte_clrprof_1.0.so
317 [23413238261440] INFO perfrun.mrte <> - INTEL_MRTE_PROFILER_MODE=mixed
317 [23413238261440] INFO perfrun.mrte <> - Data directory: /home/course/hpc/users/2022012388/exp8/result.conv2/data.48
317 [23413238261440] INFO perfrun.mrte <> - Mrte plugin is initialized
317 [23413238261440] INFO perfrun.launcher <> - plugin [emon] was disabled because it doesn't support the given collection type.
318 [23413238261440] INFO perfrun.launcher <> - plugin [cuscol] was disabled because it doesn't support the given collection type.
318 [23413238261440] INFO perfrun.launcher <> - plugin [stdsrc] was disabled because it doesn't support the given collection type.
318 [23413238261440] INFO perfrun.launcher <> - plugin [sep] was disabled because it doesn't support the given collection type.
318 [23413238261440] INFO perfrun.launcher <> - plugin [vtsspp] was disabled because it doesn't support the given collection type.
318 [23413238261440] INFO perfrun.sdk <> - Reading value (0) from file: /proc/sys/kernel/perf_event_paranoid
318 [23413238261440] INFO perfrun.perfcollector <> - checking access to: /opt/intel/oneapi/vtune/2023.1.0/bin64/amplxe-perf-priv
320 [23413238261440] INFO perfrun.perfcollector <> - cpu: family = 6 model = 79
320 [23413238261440] INFO perfrun.perfcollector <> - dir found: /sys/bus/event_source/devices/software
320 [23413238261440] INFO perfrun.perfcollector <> - format: pmu format subdir doesn't exist
320 [23413238261440] INFO perfrun.perfcollector <> - hwInfo: not set, pmuFam: software
320 [23413238261440] INFO perfrun.perfcollector <> - pmu added: family: software, id: 0
320 [23413238261440] INFO perfrun.perfcollector <> - dir found: /sys/bus/event_source/devices/uncore_imc_5
320 [23413238261440] INFO perfrun.perfcollector <> - format: event config:0-7 mask:0-7
320 [23413238261440] INFO perfrun.perfcollector <> - format: edge config:18 mask:18
321 [23413238261440] INFO perfrun.perfcollector <> - format: inv config:23 mask:23
321 [23413238261440] INFO perfrun.perfcollector <> - format: umask config:8-15 mask:8-15
321 [23413238261440] INFO perfrun.perfcollector <> - format: thresh config:24-31 mask:24-31
321 [23413238261440] INFO perfrun.perfcollector <> - hwInfo: PERF_IMC_PMU_DETAILS
321 [23413238261440] INFO perfrun.perfcollector <> - pmu added: family: uncore_imc, id: 5
321 [23413238261440] INFO perfrun.perfcollector <> - dir found: /sys/bus/event_source/devices/uncore_sbox_2
321 [23413238261440] INFO perfrun.perfcollector <> - format: event config:0-7 mask:0-7
321 [23413238261440] INFO perfrun.perfcollector <> - format: edge config:18 mask:18
321 [23413238261440] INFO perfrun.perfcollector <> - format: inv config:23 mask:23
321 [23413238261440] INFO perfrun.perfcollector <> - format: umask config:8-15 mask:8-15
321 [23413238261440] INFO perfrun.perfcollector <> - format: tid_en config:19 mask:19
321 [23413238261440] INFO perfrun.perfcollector <> - format: thresh config:24-31 mask:24-31
321 [23413238261440] INFO perfrun.perfcollector <> - hwInfo: not set, pmuFam: uncore_sbox
321 [23413238261440] INFO perfrun.perfcollector <> - pmu added: family: uncore_sbox, id: 2
321 [23413238261440] INFO perfrun.perfcollector <> - dir found: /sys/bus/event_source/devices/uncore_cbox_8
321 [23413238261440] INFO perfrun.perfcollector <> - format: event config:0-7 mask:0-7
321 [23413238261440] INFO perfrun.perfcollector <> - format: filter_link config1:6-8 mask:6-8
321 [23413238261440] INFO perfrun.perfcollector <> - format: filter_c6 config1:61 mask:61
321 [23413238261440] INFO perfrun.perfcollector <> - format: edge config:18 mask:18
321 [23413238261440] INFO perfrun.perfcollector <> - format: filter_isoc config1:63 mask:63
321 [23413238261440] INFO perfrun.perfcollector <> - format: filter_tid config1:0-5 mask:0-5
321 [23413238261440] INFO perfrun.perfcollector <> - format: filter_nid config1:32-47 mask:32-47
321 [23413238261440] INFO perfrun.perfcollector <> - format: filter_nc config1:62 mask:62
321 [23413238261440] INFO perfrun.perfcollector <> - format: umask config:8-15 mask:8-15
321 [23413238261440] INFO perfrun.perfcollector <> - format: tid_en config:19 mask:19
321 [23413238261440] INFO perfrun.perfcollector <> - format: thresh config:24-31 mask:24-31
321 [23413238261440] INFO perfrun.perfcollector <> - format: filter_state config1:17-23 mask:17-23
321 [23413238261440] INFO perfrun.perfcollector <> - format: filter_opc config1:52-60 mask:52-60
321 [23413238261440] INFO perfrun.perfcollector <> - hwInfo: PERF_CBOX_PMU_DETAILS
322 [23413238261440] INFO perfrun.perfcollector <> - pmu added: family: uncore_cbox, id: 8
322 [23413238261440] INFO perfrun.perfcollector <> - dir found: /sys/bus/event_source/devices/uncore_cbox_13
322 [23413238261440] INFO perfrun.perfcollector <> - format: event config:0-7 mask:0-7
322 [23413238261440] INFO perfrun.perfcollector <> - format: filter_link config1:6-8 mask:6-8
322 [23413238261440] INFO perfrun.perfcollector <> - format: filter_c6 config1:61 mask:61
322 [23413238261440] INFO perfrun.perfcollector <> - format: edge config:18 mask:18
322 [23413238261440] INFO perfrun.perfcollector <> - format: filter_isoc config1:63 mask:63
322 [23413238261440] INFO perfrun.perfcollector <> - format: filter_tid config1:0-5 mask:0-5
322 [23413238261440] INFO perfrun.perfcollector <> - format: filter_nid config1:32-47 mask:32-47
322 [23413238261440] INFO perfrun.perfcollector <> - format: filter_nc config1:62 mask:62
322 [23413238261440] INFO perfrun.perfcollector <> - format: umask config:8-15 mask:8-15
322 [23413238261440] INFO perfrun.perfcollector <> - format: tid_en config:19 mask:19
322 [23413238261440] INFO perfrun.perfcollector <> - format: thresh config:24-31 mask:24-31
322 [23413238261440] INFO perfrun.perfcollector <> - format: filter_state config1:17-23 mask:17-23
322 [23413238261440] INFO perfrun.perfcollector <> - format: filter_opc config1:52-60 mask:52-60
322 [23413238261440] INFO perfrun.perfcollector <> - hwInfo: PERF_CBOX_PMU_DETAILS
322 [23413238261440] INFO perfrun.perfcollector <> - pmu added: family: uncore_cbox, id: 13
322 [23413238261440] INFO perfrun.perfcollector <> - dir found: /sys/bus/event_source/devices/uncore_r2pcie
322 [23413238261440] INFO perfrun.perfcollector <> - format: event config:0-7 mask:0-7
322 [23413238261440] INFO perfrun.perfcollector <> - format: edge config:18 mask:18
322 [23413238261440] INFO perfrun.perfcollector <> - format: inv config:23 mask:23
322 [23413238261440] INFO perfrun.perfcollector <> - format: umask config:8-15 mask:8-15
322 [23413238261440] INFO perfrun.perfcollector <> - format: thresh config:24-31 mask:24-31
323 [23413238261440] INFO perfrun.perfcollector <> - hwInfo: not set, pmuFam: uncore_r2pcie
323 [23413238261440] INFO perfrun.perfcollector <> - pmu added: family: uncore_r2pcie, id: 0
323 [23413238261440] INFO perfrun.perfcollector <> - dir found: /sys/bus/event_source/devices/uncore_sbox_0
323 [23413238261440] INFO perfrun.perfcollector <> - format: event config:0-7 mask:0-7
323 [23413238261440] INFO perfrun.perfcollector <> - format: edge config:18 mask:18
323 [23413238261440] INFO perfrun.perfcollector <> - format: inv config:23 mask:23
323 [23413238261440] INFO perfrun.perfcollector <> - format: umask config:8-15 mask:8-15
323 [23413238261440] INFO perfrun.perfcollector <> - format: tid_en config:19 mask:19
323 [23413238261440] INFO perfrun.perfcollector <> - format: thresh config:24-31 mask:24-31
323 [23413238261440] INFO perfrun.perfcollector <> - hwInfo: not set, pmuFam: uncore_sbox
323 [23413238261440] INFO perfrun.perfcollector <> - pmu added: family: uncore_sbox, id: 0
323 [23413238261440] INFO perfrun.perfcollector <> - dir found: /sys/bus/event_source/devices/uncore_qpi_1
323 [23413238261440] INFO perfrun.perfcollector <> - format: mask_rnid4 config2:31 mask:31
323 [23413238261440] INFO perfrun.perfcollector <> - format: mask_rnid30 config2:32-35 mask:32-35
323 [23413238261440] INFO perfrun.perfcollector <> - format: match_rnid30 config1:32-35 mask:32-35
323 [23413238261440] INFO perfrun.perfcollector <> - format: event config:0-7,21 mask:0-7,21
323 [23413238261440] INFO perfrun.perfcollector <> - format: match0 config1:0-31 mask:0-31
323 [23413238261440] INFO perfrun.perfcollector <> - format: match_rds config1:48-51 mask:48-51
323 [23413238261440] INFO perfrun.perfcollector <> - format: mask_rds config2:48-51 mask:48-51
323 [23413238261440] INFO perfrun.perfcollector <> - format: edge config:18 mask:18
323 [23413238261440] INFO perfrun.perfcollector <> - format: mask1 config2:32-63 mask:32-63
323 [23413238261440] INFO perfrun.perfcollector <> - format: match_dnid config1:13-17 mask:13-17
323 [23413238261440] INFO perfrun.perfcollector <> - format: mask_dnid config2:13-17 mask:13-17
324 [23413238261440] INFO perfrun.perfcollector <> - format: match_vnw config1:3-4 mask:3-4
324 [23413238261440] INFO perfrun.perfcollector <> - format: mask_vnw config2:3-4 mask:3-4
324 [23413238261440] INFO perfrun.perfcollector <> - format: mask_mc config2:9-12 mask:9-12
324 [23413238261440] INFO perfrun.perfcollector <> - format: match1 config1:32-63 mask:32-63
324 [23413238261440] INFO perfrun.perfcollector <> - format: inv config:23 mask:23
324 [23413238261440] INFO perfrun.perfcollector <> - format: umask config:8-15 mask:8-15
324 [23413238261440] INFO perfrun.perfcollector <> - format: match_opc config1:5-8 mask:5-8
324 [23413238261440] INFO perfrun.perfcollector <> - format: mask_opc config2:5-8 mask:5-8
324 [23413238261440] INFO perfrun.perfcollector <> - format: thresh config:24-31 mask:24-31
324 [23413238261440] INFO perfrun.perfcollector <> - format: match_rnid4 config1:31 mask:31
324 [23413238261440] INFO perfrun.perfcollector <> - format: mask0 config2:0-31 mask:0-31
324 [23413238261440] INFO perfrun.perfcollector <> - format: match_mc config1:9-12 mask:9-12
324 [23413238261440] INFO perfrun.perfcollector <> - hwInfo: PERF_QPI_PMU_DETAILS
324 [23413238261440] INFO perfrun.perfcollector <> - pmu added: family: uncore_qpi, id: 1
324 [23413238261440] INFO perfrun.perfcollector <> - dir found: /sys/bus/event_source/devices/uncore_cbox_6
324 [23413238261440] INFO perfrun.perfcollector <> - format: event config:0-7 mask:0-7
324 [23413238261440] INFO perfrun.perfcollector <> - format: filter_link config1:6-8 mask:6-8
325 [23413238261440] INFO perfrun.perfcollector <> - format: filter_c6 config1:61 mask:61
325 [23413238261440] INFO perfrun.perfcollector <> - format: edge config:18 mask:18
325 [23413238261440] INFO perfrun.perfcollector <> - format: filter_isoc config1:63 mask:63
325 [23413238261440] INFO perfrun.perfcollector <> - format: filter_tid config1:0-5 mask:0-5
325 [23413238261440] INFO perfrun.perfcollector <> - format: filter_nid config1:32-47 mask:32-47
325 [23413238261440] INFO perfrun.perfcollector <> - format: filter_nc config1:62 mask:62
325 [23413238261440] INFO perfrun.perfcollector <> - format: umask config:8-15 mask:8-15
325 [23413238261440] INFO perfrun.perfcollector <> - format: tid_en config:19 mask:19
325 [23413238261440] INFO perfrun.perfcollector <> - format: thresh config:24-31 mask:24-31
325 [23413238261440] INFO perfrun.perfcollector <> - format: filter_state config1:17-23 mask:17-23
325 [23413238261440] INFO perfrun.perfcollector <> - format: filter_opc config1:52-60 mask:52-60
325 [23413238261440] INFO perfrun.perfcollector <> - hwInfo: PERF_CBOX_PMU_DETAILS
325 [23413238261440] INFO perfrun.perfcollector <> - pmu added: family: uncore_cbox, id: 6
325 [23413238261440] INFO perfrun.perfcollector <> - dir found: /sys/bus/event_source/devices/uncore_imc_1
325 [23413238261440] INFO perfrun.perfcollector <> - format: event config:0-7 mask:0-7
325 [23413238261440] INFO perfrun.perfcollector <> - format: edge config:18 mask:18
325 [23413238261440] INFO perfrun.perfcollector <> - format: inv config:23 mask:23
325 [23413238261440] INFO perfrun.perfcollector <> - format: umask config:8-15 mask:8-15
325 [23413238261440] INFO perfrun.perfcollector <> - format: thresh config:24-31 mask:24-31
325 [23413238261440] INFO perfrun.perfcollector <> - hwInfo: PERF_IMC_PMU_DETAILS
325 [23413238261440] INFO perfrun.perfcollector <> - pmu added: family: uncore_imc, id: 1
325 [23413238261440] INFO perfrun.perfcollector <> - dir found: /sys/bus/event_source/devices/power
326 [23413238261440] INFO perfrun.perfcollector <> - format: event config:0-7 mask:0-7
326 [23413238261440] INFO perfrun.perfcollector <> - hwInfo: not set, pmuFam: power
326 [23413238261440] INFO perfrun.perfcollector <> - pmu added: family: power, id: 0
326 [23413238261440] INFO perfrun.perfcollector <> - dir found: /sys/bus/event_source/devices/uncore_cbox_11
326 [23413238261440] INFO perfrun.perfcollector <> - format: event config:0-7 mask:0-7
326 [23413238261440] INFO perfrun.perfcollector <> - format: filter_link config1:6-8 mask:6-8
326 [23413238261440] INFO perfrun.perfcollector <> - format: filter_c6 config1:61 mask:61
326 [23413238261440] INFO perfrun.perfcollector <> - format: edge config:18 mask:18
326 [23413238261440] INFO perfrun.perfcollector <> - format: filter_isoc config1:63 mask:63
326 [23413238261440] INFO perfrun.perfcollector <> - format: filter_tid config1:0-5 mask:0-5
326 [23413238261440] INFO perfrun.perfcollector <> - format: filter_nid config1:32-47 mask:32-47
326 [23413238261440] INFO perfrun.perfcollector <> - format: filter_nc config1:62 mask:62
326 [23413238261440] INFO perfrun.perfcollector <> - format: umask config:8-15 mask:8-15
326 [23413238261440] INFO perfrun.perfcollector <> - format: tid_en config:19 mask:19
326 [23413238261440] INFO perfrun.perfcollector <> - format: thresh config:24-31 mask:24-31
326 [23413238261440] INFO perfrun.perfcollector <> - format: filter_state config1:17-23 mask:17-23
326 [23413238261440] INFO perfrun.perfcollector <> - format: filter_opc config1:52-60 mask:52-60
326 [23413238261440] INFO perfrun.perfcollector <> - hwInfo: PERF_CBOX_PMU_DETAILS
326 [23413238261440] INFO perfrun.perfcollector <> - pmu added: family: uncore_cbox, id: 11
326 [23413238261440] INFO perfrun.perfcollector <> - dir found: /sys/bus/event_source/devices/uncore_cbox_4
326 [23413238261440] INFO perfrun.perfcollector <> - format: event config:0-7 mask:0-7
326 [23413238261440] INFO perfrun.perfcollector <> - format: filter_link config1:6-8 mask:6-8
326 [23413238261440] INFO perfrun.perfcollector <> - format: filter_c6 config1:61 mask:61
326 [23413238261440] INFO perfrun.perfcollector <> - format: edge config:18 mask:18
327 [23413238261440] INFO perfrun.perfcollector <> - format: filter_isoc config1:63 mask:63
327 [23413238261440] INFO perfrun.perfcollector <> - format: filter_tid config1:0-5 mask:0-5
327 [23413238261440] INFO perfrun.perfcollector <> - format: filter_nid config1:32-47 mask:32-47
327 [23413238261440] INFO perfrun.perfcollector <> - format: filter_nc config1:62 mask:62
327 [23413238261440] INFO perfrun.perfcollector <> - format: umask config:8-15 mask:8-15
327 [23413238261440] INFO perfrun.perfcollector <> - format: tid_en config:19 mask:19
327 [23413238261440] INFO perfrun.perfcollector <> - format: thresh config:24-31 mask:24-31
327 [23413238261440] INFO perfrun.perfcollector <> - format: filter_state config1:17-23 mask:17-23
327 [23413238261440] INFO perfrun.perfcollector <> - format: filter_opc config1:52-60 mask:52-60
327 [23413238261440] INFO perfrun.perfcollector <> - hwInfo: PERF_CBOX_PMU_DETAILS
327 [23413238261440] INFO perfrun.perfcollector <> - pmu added: family: uncore_cbox, id: 4
327 [23413238261440] INFO perfrun.perfcollector <> - dir found: /sys/bus/event_source/devices/uprobe
327 [23413238261440] INFO perfrun.perfcollector <> - format: ref_ctr_offset config:32-63 mask:32-63
327 [23413238261440] INFO perfrun.perfcollector <> - format: retprobe config:0 mask:0
327 [23413238261440] INFO perfrun.perfcollector <> - hwInfo: not set, pmuFam: uprobe
327 [23413238261440] INFO perfrun.perfcollector <> - pmu added: family: uprobe, id: 0
327 [23413238261440] INFO perfrun.perfcollector <> - dir found: /sys/bus/event_source/devices/intel_bts
327 [23413238261440] INFO perfrun.perfcollector <> - format: pmu format subdir doesn't exist
327 [23413238261440] INFO perfrun.perfcollector <> - hwInfo: not set, pmuFam: intel_bts
327 [23413238261440] INFO perfrun.perfcollector <> - pmu added: family: intel_bts, id: 0
327 [23413238261440] INFO perfrun.perfcollector <> - dir found: /sys/bus/event_source/devices/cpu
327 [23413238261440] INFO perfrun.perfcollector <> - format: event config:0-7 mask:0-7
327 [23413238261440] INFO perfrun.perfcollector <> - format: pc config:19 mask:19
328 [23413238261440] INFO perfrun.perfcollector <> - format: in_tx config:32 mask:32
328 [23413238261440] INFO perfrun.perfcollector <> - format: edge config:18 mask:18
328 [23413238261440] INFO perfrun.perfcollector <> - format: any config:21 mask:21
328 [23413238261440] INFO perfrun.perfcollector <> - format: offcore_rsp config1:0-63 mask:0-63
328 [23413238261440] INFO perfrun.perfcollector <> - format: in_tx_cp config:33 mask:33
328 [23413238261440] INFO perfrun.perfcollector <> - format: ldlat config1:0-15 mask:0-15
328 [23413238261440] INFO perfrun.perfcollector <> - format: inv config:23 mask:23
328 [23413238261440] INFO perfrun.perfcollector <> - format: umask config:8-15 mask:8-15
328 [23413238261440] INFO perfrun.perfcollector <> - format: cmask config:24-31 mask:24-31
328 [23413238261440] INFO perfrun.perfcollector <> - hwInfo: PERF_CPU_PMU_DETAILS
328 [23413238261440] INFO perfrun.perfcollector <> - pmu added: family: cpu, id: 0
328 [23413238261440] INFO perfrun.perfcollector <> - dir found: /sys/bus/event_source/devices/uncore_r3qpi_0
328 [23413238261440] INFO perfrun.perfcollector <> - format: event config:0-7 mask:0-7
328 [23413238261440] INFO perfrun.perfcollector <> - format: edge config:18 mask:18
328 [23413238261440] INFO perfrun.perfcollector <> - format: inv config:23 mask:23
328 [23413238261440] INFO perfrun.perfcollector <> - format: umask config:8-15 mask:8-15
328 [23413238261440] INFO perfrun.perfcollector <> - format: thresh config:24-31 mask:24-31
328 [23413238261440] INFO perfrun.perfcollector <> - hwInfo: not set, pmuFam: uncore_r3qpi
328 [23413238261440] INFO perfrun.perfcollector <> - pmu added: family: uncore_r3qpi, id: 0
328 [23413238261440] INFO perfrun.perfcollector <> - dir found: /sys/bus/event_source/devices/cstate_core
329 [23413238261440] INFO perfrun.perfcollector <> - format: event config:0-63 mask:0-63
329 [23413238261440] INFO perfrun.perfcollector <> - hwInfo: not set, pmuFam: cstate_core
329 [23413238261440] INFO perfrun.perfcollector <> - pmu added: family: cstate_core, id: 0
329 [23413238261440] INFO perfrun.perfcollector <> - dir found: /sys/bus/event_source/devices/uncore_cbox_2
329 [23413238261440] INFO perfrun.perfcollector <> - format: event config:0-7 mask:0-7
329 [23413238261440] INFO perfrun.perfcollector <> - format: filter_link config1:6-8 mask:6-8
329 [23413238261440] INFO perfrun.perfcollector <> - format: filter_c6 config1:61 mask:61
329 [23413238261440] INFO perfrun.perfcollector <> - format: edge config:18 mask:18
329 [23413238261440] INFO perfrun.perfcollector <> - format: filter_isoc config1:63 mask:63
329 [23413238261440] INFO perfrun.perfcollector <> - format: filter_tid config1:0-5 mask:0-5
329 [23413238261440] INFO perfrun.perfcollector <> - format: filter_nid config1:32-47 mask:32-47
329 [23413238261440] INFO perfrun.perfcollector <> - format: filter_nc config1:62 mask:62
330 [23413238261440] INFO perfrun.perfcollector <> - format: umask config:8-15 mask:8-15
330 [23413238261440] INFO perfrun.perfcollector <> - format: tid_en config:19 mask:19
330 [23413238261440] INFO perfrun.perfcollector <> - format: thresh config:24-31 mask:24-31
330 [23413238261440] INFO perfrun.perfcollector <> - format: filter_state config1:17-23 mask:17-23
330 [23413238261440] INFO perfrun.perfcollector <> - format: filter_opc config1:52-60 mask:52-60
330 [23413238261440] INFO perfrun.perfcollector <> - hwInfo: PERF_CBOX_PMU_DETAILS
330 [23413238261440] INFO perfrun.perfcollector <> - pmu added: family: uncore_cbox, id: 2
330 [23413238261440] INFO perfrun.perfcollector <> - dir found: /sys/bus/event_source/devices/breakpoint
330 [23413238261440] INFO perfrun.perfcollector <> - format: pmu format subdir doesn't exist
330 [23413238261440] INFO perfrun.perfcollector <> - hwInfo: not set, pmuFam: breakpoint
330 [23413238261440] INFO perfrun.perfcollector <> - pmu added: family: breakpoint, id: 0
330 [23413238261440] INFO perfrun.perfcollector <> - dir found: /sys/bus/event_source/devices/uncore_ha_0
330 [23413238261440] INFO perfrun.perfcollector <> - format: event config:0-7 mask:0-7
330 [23413238261440] INFO perfrun.perfcollector <> - format: edge config:18 mask:18
330 [23413238261440] INFO perfrun.perfcollector <> - format: inv config:23 mask:23
330 [23413238261440] INFO perfrun.perfcollector <> - format: umask config:8-15 mask:8-15
330 [23413238261440] INFO perfrun.perfcollector <> - format: thresh config:24-31 mask:24-31
331 [23413238261440] INFO perfrun.perfcollector <> - hwInfo: not set, pmuFam: uncore_ha
331 [23413238261440] INFO perfrun.perfcollector <> - pmu added: family: uncore_ha, id: 0
331 [23413238261440] INFO perfrun.perfcollector <> - dir found: /sys/bus/event_source/devices/uncore_cbox_0
331 [23413238261440] INFO perfrun.perfcollector <> - format: event config:0-7 mask:0-7
331 [23413238261440] INFO perfrun.perfcollector <> - format: filter_link config1:6-8 mask:6-8
331 [23413238261440] INFO perfrun.perfcollector <> - format: filter_c6 config1:61 mask:61
331 [23413238261440] INFO perfrun.perfcollector <> - format: edge config:18 mask:18
331 [23413238261440] INFO perfrun.perfcollector <> - format: filter_isoc config1:63 mask:63
331 [23413238261440] INFO perfrun.perfcollector <> - format: filter_tid config1:0-5 mask:0-5
331 [23413238261440] INFO perfrun.perfcollector <> - format: filter_nid config1:32-47 mask:32-47
331 [23413238261440] INFO perfrun.perfcollector <> - format: filter_nc config1:62 mask:62
332 [23413238261440] INFO perfrun.perfcollector <> - format: umask config:8-15 mask:8-15
332 [23413238261440] INFO perfrun.perfcollector <> - format: tid_en config:19 mask:19
332 [23413238261440] INFO perfrun.perfcollector <> - format: thresh config:24-31 mask:24-31
332 [23413238261440] INFO perfrun.perfcollector <> - format: filter_state config1:17-23 mask:17-23
332 [23413238261440] INFO perfrun.perfcollector <> - format: filter_opc config1:52-60 mask:52-60
332 [23413238261440] INFO perfrun.perfcollector <> - hwInfo: PERF_CBOX_PMU_DETAILS
332 [23413238261440] INFO perfrun.perfcollector <> - pmu added: family: uncore_cbox, id: 0
333 [23413238261440] INFO perfrun.perfcollector <> - dir found: /sys/bus/event_source/devices/tracepoint
333 [23413238261440] INFO perfrun.perfcollector <> - format: pmu format subdir doesn't exist
333 [23413238261440] INFO perfrun.perfcollector <> - hwInfo: not set, pmuFam: tracepoint
333 [23413238261440] INFO perfrun.perfcollector <> - pmu added: family: tracepoint, id: 0
333 [23413238261440] INFO perfrun.perfcollector <> - dir found: /sys/bus/event_source/devices/uncore_sbox_3
333 [23413238261440] INFO perfrun.perfcollector <> - format: event config:0-7 mask:0-7
333 [23413238261440] INFO perfrun.perfcollector <> - format: edge config:18 mask:18
333 [23413238261440] INFO perfrun.perfcollector <> - format: inv config:23 mask:23
333 [23413238261440] INFO perfrun.perfcollector <> - format: umask config:8-15 mask:8-15
334 [23413238261440] INFO perfrun.perfcollector <> - format: tid_en config:19 mask:19
334 [23413238261440] INFO perfrun.perfcollector <> - format: thresh config:24-31 mask:24-31
334 [23413238261440] INFO perfrun.perfcollector <> - hwInfo: not set, pmuFam: uncore_sbox
334 [23413238261440] INFO perfrun.perfcollector <> - pmu added: family: uncore_sbox, id: 3
334 [23413238261440] INFO perfrun.perfcollector <> - dir found: /sys/bus/event_source/devices/uncore_cbox_9
335 [23413238261440] INFO perfrun.perfcollector <> - format: event config:0-7 mask:0-7
335 [23413238261440] INFO perfrun.perfcollector <> - format: filter_link config1:6-8 mask:6-8
335 [23413238261440] INFO perfrun.perfcollector <> - format: filter_c6 config1:61 mask:61
335 [23413238261440] INFO perfrun.perfcollector <> - format: edge config:18 mask:18
335 [23413238261440] INFO perfrun.perfcollector <> - format: filter_isoc config1:63 mask:63
335 [23413238261440] INFO perfrun.perfcollector <> - format: filter_tid config1:0-5 mask:0-5
335 [23413238261440] INFO perfrun.perfcollector <> - format: filter_nid config1:32-47 mask:32-47
335 [23413238261440] INFO perfrun.perfcollector <> - format: filter_nc config1:62 mask:62
336 [23413238261440] INFO perfrun.perfcollector <> - format: umask config:8-15 mask:8-15
336 [23413238261440] INFO perfrun.perfcollector <> - format: tid_en config:19 mask:19
336 [23413238261440] INFO perfrun.perfcollector <> - format: thresh config:24-31 mask:24-31
336 [23413238261440] INFO perfrun.perfcollector <> - format: filter_state config1:17-23 mask:17-23
336 [23413238261440] INFO perfrun.perfcollector <> - format: filter_opc config1:52-60 mask:52-60
336 [23413238261440] INFO perfrun.perfcollector <> - hwInfo: PERF_CBOX_PMU_DETAILS
336 [23413238261440] INFO perfrun.perfcollector <> - pmu added: family: uncore_cbox, id: 9
336 [23413238261440] INFO perfrun.perfcollector <> - dir found: /sys/bus/event_source/devices/cstate_pkg
336 [23413238261440] INFO perfrun.perfcollector <> - format: event config:0-63 mask:0-63
336 [23413238261440] INFO perfrun.perfcollector <> - hwInfo: not set, pmuFam: cstate_pkg
336 [23413238261440] INFO perfrun.perfcollector <> - pmu added: family: cstate_pkg, id: 0
336 [23413238261440] INFO perfrun.perfcollector <> - dir found: /sys/bus/event_source/devices/uncore_imc_4
336 [23413238261440] INFO perfrun.perfcollector <> - format: event config:0-7 mask:0-7
336 [23413238261440] INFO perfrun.perfcollector <> - format: edge config:18 mask:18
337 [23413238261440] INFO perfrun.perfcollector <> - format: inv config:23 mask:23
337 [23413238261440] INFO perfrun.perfcollector <> - format: umask config:8-15 mask:8-15
337 [23413238261440] INFO perfrun.perfcollector <> - format: thresh config:24-31 mask:24-31
337 [23413238261440] INFO perfrun.perfcollector <> - hwInfo: PERF_IMC_PMU_DETAILS
337 [23413238261440] INFO perfrun.perfcollector <> - pmu added: family: uncore_imc, id: 4
337 [23413238261440] INFO perfrun.perfcollector <> - dir found: /sys/bus/event_source/devices/uncore_ubox
337 [23413238261440] INFO perfrun.perfcollector <> - format: event config:0-7 mask:0-7
337 [23413238261440] INFO perfrun.perfcollector <> - format: edge config:18 mask:18
337 [23413238261440] INFO perfrun.perfcollector <> - format: inv config:23 mask:23
337 [23413238261440] INFO perfrun.perfcollector <> - format: umask config:8-15 mask:8-15
337 [23413238261440] INFO perfrun.perfcollector <> - format: thresh config:24-28 mask:24-28
337 [23413238261440] INFO perfrun.perfcollector <> - hwInfo: not set, pmuFam: uncore_ubox
338 [23413238261440] INFO perfrun.perfcollector <> - pmu added: family: uncore_ubox, id: 0
338 [23413238261440] INFO perfrun.perfcollector <> - dir found: /sys/bus/event_source/devices/uncore_sbox_1
338 [23413238261440] INFO perfrun.perfcollector <> - format: event config:0-7 mask:0-7
338 [23413238261440] INFO perfrun.perfcollector <> - format: edge config:18 mask:18
338 [23413238261440] INFO perfrun.perfcollector <> - format: inv config:23 mask:23
338 [23413238261440] INFO perfrun.perfcollector <> - format: umask config:8-15 mask:8-15
338 [23413238261440] INFO perfrun.perfcollector <> - format: tid_en config:19 mask:19
338 [23413238261440] INFO perfrun.perfcollector <> - format: thresh config:24-31 mask:24-31
338 [23413238261440] INFO perfrun.perfcollector <> - hwInfo: not set, pmuFam: uncore_sbox
338 [23413238261440] INFO perfrun.perfcollector <> - pmu added: family: uncore_sbox, id: 1
338 [23413238261440] INFO perfrun.perfcollector <> - dir found: /sys/bus/event_source/devices/uncore_cbox_7
339 [23413238261440] INFO perfrun.perfcollector <> - format: event config:0-7 mask:0-7
339 [23413238261440] INFO perfrun.perfcollector <> - format: filter_link config1:6-8 mask:6-8
339 [23413238261440] INFO perfrun.perfcollector <> - format: filter_c6 config1:61 mask:61
339 [23413238261440] INFO perfrun.perfcollector <> - format: edge config:18 mask:18
339 [23413238261440] INFO perfrun.perfcollector <> - format: filter_isoc config1:63 mask:63
339 [23413238261440] INFO perfrun.perfcollector <> - format: filter_tid config1:0-5 mask:0-5
339 [23413238261440] INFO perfrun.perfcollector <> - format: filter_nid config1:32-47 mask:32-47
339 [23413238261440] INFO perfrun.perfcollector <> - format: filter_nc config1:62 mask:62
339 [23413238261440] INFO perfrun.perfcollector <> - format: umask config:8-15 mask:8-15
339 [23413238261440] INFO perfrun.perfcollector <> - format: tid_en config:19 mask:19
339 [23413238261440] INFO perfrun.perfcollector <> - format: thresh config:24-31 mask:24-31
339 [23413238261440] INFO perfrun.perfcollector <> - format: filter_state config1:17-23 mask:17-23
340 [23413238261440] INFO perfrun.perfcollector <> - format: filter_opc config1:52-60 mask:52-60
340 [23413238261440] INFO perfrun.perfcollector <> - hwInfo: PERF_CBOX_PMU_DETAILS
340 [23413238261440] INFO perfrun.perfcollector <> - pmu added: family: uncore_cbox, id: 7
340 [23413238261440] INFO perfrun.perfcollector <> - dir found: /sys/bus/event_source/devices/uncore_cbox_12
340 [23413238261440] INFO perfrun.perfcollector <> - format: event config:0-7 mask:0-7
340 [23413238261440] INFO perfrun.perfcollector <> - format: filter_link config1:6-8 mask:6-8
340 [23413238261440] INFO perfrun.perfcollector <> - format: filter_c6 config1:61 mask:61
340 [23413238261440] INFO perfrun.perfcollector <> - format: edge config:18 mask:18
340 [23413238261440] INFO perfrun.perfcollector <> - format: filter_isoc config1:63 mask:63
340 [23413238261440] INFO perfrun.perfcollector <> - format: filter_tid config1:0-5 mask:0-5
340 [23413238261440] INFO perfrun.perfcollector <> - format: filter_nid config1:32-47 mask:32-47
340 [23413238261440] INFO perfrun.perfcollector <> - format: filter_nc config1:62 mask:62
340 [23413238261440] INFO perfrun.perfcollector <> - format: umask config:8-15 mask:8-15
341 [23413238261440] INFO perfrun.perfcollector <> - format: tid_en config:19 mask:19
341 [23413238261440] INFO perfrun.perfcollector <> - format: thresh config:24-31 mask:24-31
341 [23413238261440] INFO perfrun.perfcollector <> - format: filter_state config1:17-23 mask:17-23
341 [23413238261440] INFO perfrun.perfcollector <> - format: filter_opc config1:52-60 mask:52-60
341 [23413238261440] INFO perfrun.perfcollector <> - hwInfo: PERF_CBOX_PMU_DETAILS
341 [23413238261440] INFO perfrun.perfcollector <> - pmu added: family: uncore_cbox, id: 12
341 [23413238261440] INFO perfrun.perfcollector <> - dir found: /sys/bus/event_source/devices/kprobe
341 [23413238261440] INFO perfrun.perfcollector <> - format: retprobe config:0 mask:0
341 [23413238261440] INFO perfrun.perfcollector <> - hwInfo: not set, pmuFam: kprobe
341 [23413238261440] INFO perfrun.perfcollector <> - pmu added: family: kprobe, id: 0
341 [23413238261440] INFO perfrun.perfcollector <> - dir found: /sys/bus/event_source/devices/uncore_qpi_0
342 [23413238261440] INFO perfrun.perfcollector <> - format: mask_rnid4 config2:31 mask:31
342 [23413238261440] INFO perfrun.perfcollector <> - format: mask_rnid30 config2:32-35 mask:32-35
342 [23413238261440] INFO perfrun.perfcollector <> - format: match_rnid30 config1:32-35 mask:32-35
342 [23413238261440] INFO perfrun.perfcollector <> - format: event config:0-7,21 mask:0-7,21
342 [23413238261440] INFO perfrun.perfcollector <> - format: match0 config1:0-31 mask:0-31
343 [23413238261440] INFO perfrun.perfcollector <> - format: match_rds config1:48-51 mask:48-51
343 [23413238261440] INFO perfrun.perfcollector <> - format: mask_rds config2:48-51 mask:48-51
343 [23413238261440] INFO perfrun.perfcollector <> - format: edge config:18 mask:18
343 [23413238261440] INFO perfrun.perfcollector <> - format: mask1 config2:32-63 mask:32-63
343 [23413238261440] INFO perfrun.perfcollector <> - format: match_dnid config1:13-17 mask:13-17
343 [23413238261440] INFO perfrun.perfcollector <> - format: mask_dnid config2:13-17 mask:13-17
343 [23413238261440] INFO perfrun.perfcollector <> - format: match_vnw config1:3-4 mask:3-4
343 [23413238261440] INFO perfrun.perfcollector <> - format: mask_vnw config2:3-4 mask:3-4
344 [23413238261440] INFO perfrun.perfcollector <> - format: mask_mc config2:9-12 mask:9-12
344 [23413238261440] INFO perfrun.perfcollector <> - format: match1 config1:32-63 mask:32-63
344 [23413238261440] INFO perfrun.perfcollector <> - format: inv config:23 mask:23
344 [23413238261440] INFO perfrun.perfcollector <> - format: umask config:8-15 mask:8-15
344 [23413238261440] INFO perfrun.perfcollector <> - format: match_opc config1:5-8 mask:5-8
344 [23413238261440] INFO perfrun.perfcollector <> - format: mask_opc config2:5-8 mask:5-8
344 [23413238261440] INFO perfrun.perfcollector <> - format: thresh config:24-31 mask:24-31
344 [23413238261440] INFO perfrun.perfcollector <> - format: match_rnid4 config1:31 mask:31
344 [23413238261440] INFO perfrun.perfcollector <> - format: mask0 config2:0-31 mask:0-31
345 [23413238261440] INFO perfrun.perfcollector <> - format: match_mc config1:9-12 mask:9-12
345 [23413238261440] INFO perfrun.perfcollector <> - hwInfo: PERF_QPI_PMU_DETAILS
345 [23413238261440] INFO perfrun.perfcollector <> - pmu added: family: uncore_qpi, id: 0
345 [23413238261440] INFO perfrun.perfcollector <> - dir found: /sys/bus/event_source/devices/uncore_cbox_5
345 [23413238261440] INFO perfrun.perfcollector <> - format: event config:0-7 mask:0-7
345 [23413238261440] INFO perfrun.perfcollector <> - format: filter_link config1:6-8 mask:6-8
345 [23413238261440] INFO perfrun.perfcollector <> - format: filter_c6 config1:61 mask:61
345 [23413238261440] INFO perfrun.perfcollector <> - format: edge config:18 mask:18
345 [23413238261440] INFO perfrun.perfcollector <> - format: filter_isoc config1:63 mask:63
345 [23413238261440] INFO perfrun.perfcollector <> - format: filter_tid config1:0-5 mask:0-5
345 [23413238261440] INFO perfrun.perfcollector <> - format: filter_nid config1:32-47 mask:32-47
345 [23413238261440] INFO perfrun.perfcollector <> - format: filter_nc config1:62 mask:62
346 [23413238261440] INFO perfrun.perfcollector <> - format: umask config:8-15 mask:8-15
346 [23413238261440] INFO perfrun.perfcollector <> - format: tid_en config:19 mask:19
346 [23413238261440] INFO perfrun.perfcollector <> - format: thresh config:24-31 mask:24-31
346 [23413238261440] INFO perfrun.perfcollector <> - format: filter_state config1:17-23 mask:17-23
346 [23413238261440] INFO perfrun.perfcollector <> - format: filter_opc config1:52-60 mask:52-60
346 [23413238261440] INFO perfrun.perfcollector <> - hwInfo: PERF_CBOX_PMU_DETAILS
346 [23413238261440] INFO perfrun.perfcollector <> - pmu added: family: uncore_cbox, id: 5
346 [23413238261440] INFO perfrun.perfcollector <> - dir found: /sys/bus/event_source/devices/uncore_imc_0
346 [23413238261440] INFO perfrun.perfcollector <> - format: event config:0-7 mask:0-7
346 [23413238261440] INFO perfrun.perfcollector <> - format: edge config:18 mask:18
347 [23413238261440] INFO perfrun.perfcollector <> - format: inv config:23 mask:23
347 [23413238261440] INFO perfrun.perfcollector <> - format: umask config:8-15 mask:8-15
347 [23413238261440] INFO perfrun.perfcollector <> - format: thresh config:24-31 mask:24-31
347 [23413238261440] INFO perfrun.perfcollector <> - hwInfo: PERF_IMC_PMU_DETAILS
347 [23413238261440] INFO perfrun.perfcollector <> - pmu added: family: uncore_imc, id: 0
347 [23413238261440] INFO perfrun.perfcollector <> - dir found: /sys/bus/event_source/devices/uncore_cbox_10
347 [23413238261440] INFO perfrun.perfcollector <> - format: event config:0-7 mask:0-7
348 [23413238261440] INFO perfrun.perfcollector <> - format: filter_link config1:6-8 mask:6-8
348 [23413238261440] INFO perfrun.perfcollector <> - format: filter_c6 config1:61 mask:61
348 [23413238261440] INFO perfrun.perfcollector <> - format: edge config:18 mask:18
348 [23413238261440] INFO perfrun.perfcollector <> - format: filter_isoc config1:63 mask:63
348 [23413238261440] INFO perfrun.perfcollector <> - format: filter_tid config1:0-5 mask:0-5
348 [23413238261440] INFO perfrun.perfcollector <> - format: filter_nid config1:32-47 mask:32-47
348 [23413238261440] INFO perfrun.perfcollector <> - format: filter_nc config1:62 mask:62
348 [23413238261440] INFO perfrun.perfcollector <> - format: umask config:8-15 mask:8-15
348 [23413238261440] INFO perfrun.perfcollector <> - format: tid_en config:19 mask:19
348 [23413238261440] INFO perfrun.perfcollector <> - format: thresh config:24-31 mask:24-31
349 [23413238261440] INFO perfrun.perfcollector <> - format: filter_state config1:17-23 mask:17-23
349 [23413238261440] INFO perfrun.perfcollector <> - format: filter_opc config1:52-60 mask:52-60
349 [23413238261440] INFO perfrun.perfcollector <> - hwInfo: PERF_CBOX_PMU_DETAILS
349 [23413238261440] INFO perfrun.perfcollector <> - pmu added: family: uncore_cbox, id: 10
349 [23413238261440] INFO perfrun.perfcollector <> - dir found: /sys/bus/event_source/devices/uncore_pcu
349 [23413238261440] INFO perfrun.perfcollector <> - format: filter_band2 config1:16-23 mask:16-23
349 [23413238261440] INFO perfrun.perfcollector <> - format: event config:0-7 mask:0-7
349 [23413238261440] INFO perfrun.perfcollector <> - format: filter_band0 config1:0-7 mask:0-7
350 [23413238261440] INFO perfrun.perfcollector <> - format: edge config:18 mask:18
350 [23413238261440] INFO perfrun.perfcollector <> - format: occ_invert config:30 mask:30
350 [23413238261440] INFO perfrun.perfcollector <> - format: occ_edge config:14-51 mask:14-51
350 [23413238261440] INFO perfrun.perfcollector <> - format: filter_band3 config1:24-31 mask:24-31
350 [23413238261440] INFO perfrun.perfcollector <> - format: filter_band1 config1:8-15 mask:8-15
351 [23413238261440] INFO perfrun.perfcollector <> - format: inv config:23 mask:23
351 [23413238261440] INFO perfrun.perfcollector <> - format: thresh config:24-28 mask:24-28
351 [23413238261440] INFO perfrun.perfcollector <> - format: occ_sel config:14-15 mask:14-15
351 [23413238261440] INFO perfrun.perfcollector <> - hwInfo: not set, pmuFam: uncore_pcu
351 [23413238261440] INFO perfrun.perfcollector <> - pmu added: family: uncore_pcu, id: 0
351 [23413238261440] INFO perfrun.perfcollector <> - dir found: /sys/bus/event_source/devices/uncore_r3qpi_1
352 [23413238261440] INFO perfrun.perfcollector <> - format: event config:0-7 mask:0-7
352 [23413238261440] INFO perfrun.perfcollector <> - format: edge config:18 mask:18
352 [23413238261440] INFO perfrun.perfcollector <> - format: inv config:23 mask:23
352 [23413238261440] INFO perfrun.perfcollector <> - format: umask config:8-15 mask:8-15
352 [23413238261440] INFO perfrun.perfcollector <> - format: thresh config:24-31 mask:24-31
352 [23413238261440] INFO perfrun.perfcollector <> - hwInfo: not set, pmuFam: uncore_r3qpi
352 [23413238261440] INFO perfrun.perfcollector <> - pmu added: family: uncore_r3qpi, id: 1
352 [23413238261440] INFO perfrun.perfcollector <> - dir found: /sys/bus/event_source/devices/msr
353 [23413238261440] INFO perfrun.perfcollector <> - format: event config:0-63 mask:0-63
353 [23413238261440] INFO perfrun.perfcollector <> - hwInfo: not set, pmuFam: msr
353 [23413238261440] INFO perfrun.perfcollector <> - pmu added: family: msr, id: 0
353 [23413238261440] INFO perfrun.perfcollector <> - dir found: /sys/bus/event_source/devices/uncore_cbox_3
353 [23413238261440] INFO perfrun.perfcollector <> - format: event config:0-7 mask:0-7
353 [23413238261440] INFO perfrun.perfcollector <> - format: filter_link config1:6-8 mask:6-8
353 [23413238261440] INFO perfrun.perfcollector <> - format: filter_c6 config1:61 mask:61
354 [23413238261440] INFO perfrun.perfcollector <> - format: edge config:18 mask:18
354 [23413238261440] INFO perfrun.perfcollector <> - format: filter_isoc config1:63 mask:63
354 [23413238261440] INFO perfrun.perfcollector <> - format: filter_tid config1:0-5 mask:0-5
354 [23413238261440] INFO perfrun.perfcollector <> - format: filter_nid config1:32-47 mask:32-47
354 [23413238261440] INFO perfrun.perfcollector <> - format: filter_nc config1:62 mask:62
354 [23413238261440] INFO perfrun.perfcollector <> - format: umask config:8-15 mask:8-15
354 [23413238261440] INFO perfrun.perfcollector <> - format: tid_en config:19 mask:19
355 [23413238261440] INFO perfrun.perfcollector <> - format: thresh config:24-31 mask:24-31
355 [23413238261440] INFO perfrun.perfcollector <> - format: filter_state config1:17-23 mask:17-23
355 [23413238261440] INFO perfrun.perfcollector <> - format: filter_opc config1:52-60 mask:52-60
355 [23413238261440] INFO perfrun.perfcollector <> - hwInfo: PERF_CBOX_PMU_DETAILS
355 [23413238261440] INFO perfrun.perfcollector <> - pmu added: family: uncore_cbox, id: 3
355 [23413238261440] INFO perfrun.perfcollector <> - dir found: /sys/bus/event_source/devices/intel_pt
355 [23413238261440] INFO perfrun.perfcollector <> - format: ptw config:12 mask:12
356 [23413238261440] INFO perfrun.perfcollector <> - format: event config:31 mask:31
356 [23413238261440] INFO perfrun.perfcollector <> - format: cyc_thresh config:19-22 mask:19-22
356 [23413238261440] INFO perfrun.perfcollector <> - format: pt config:0 mask:0
356 [23413238261440] INFO perfrun.perfcollector <> - format: notnt config:55 mask:55
356 [23413238261440] INFO perfrun.perfcollector <> - format: branch config:13 mask:13
356 [23413238261440] INFO perfrun.perfcollector <> - format: tsc config:10 mask:10
357 [23413238261440] INFO perfrun.perfcollector <> - format: pwr_evt config:4 mask:4
357 [23413238261440] INFO perfrun.perfcollector <> - format: fup_on_ptw config:5 mask:5
357 [23413238261440] INFO perfrun.perfcollector <> - format: cyc config:1 mask:1
357 [23413238261440] INFO perfrun.perfcollector <> - format: noretcomp config:11 mask:11
357 [23413238261440] INFO perfrun.perfcollector <> - format: mtc config:9 mask:9
357 [23413238261440] INFO perfrun.perfcollector <> - format: psb_period config:24-27 mask:24-27
357 [23413238261440] INFO perfrun.perfcollector <> - format: mtc_period config:14-17 mask:14-17
357 [23413238261440] INFO perfrun.perfcollector <> - hwInfo: not set, pmuFam: intel_pt
357 [23413238261440] INFO perfrun.perfcollector <> - pmu added: family: intel_pt, id: 0
358 [23413238261440] INFO perfrun.perfcollector <> - dir found: /sys/bus/event_source/devices/uncore_ha_1
358 [23413238261440] INFO perfrun.perfcollector <> - format: event config:0-7 mask:0-7
358 [23413238261440] INFO perfrun.perfcollector <> - format: edge config:18 mask:18
358 [23413238261440] INFO perfrun.perfcollector <> - format: inv config:23 mask:23
358 [23413238261440] INFO perfrun.perfcollector <> - format: umask config:8-15 mask:8-15
358 [23413238261440] INFO perfrun.perfcollector <> - format: thresh config:24-31 mask:24-31
358 [23413238261440] INFO perfrun.perfcollector <> - hwInfo: not set, pmuFam: uncore_ha
358 [23413238261440] INFO perfrun.perfcollector <> - pmu added: family: uncore_ha, id: 1
358 [23413238261440] INFO perfrun.perfcollector <> - dir found: /sys/bus/event_source/devices/uncore_cbox_1
359 [23413238261440] INFO perfrun.perfcollector <> - format: event config:0-7 mask:0-7
359 [23413238261440] INFO perfrun.perfcollector <> - format: filter_link config1:6-8 mask:6-8
359 [23413238261440] INFO perfrun.perfcollector <> - format: filter_c6 config1:61 mask:61
359 [23413238261440] INFO perfrun.perfcollector <> - format: edge config:18 mask:18
359 [23413238261440] INFO perfrun.perfcollector <> - format: filter_isoc config1:63 mask:63
359 [23413238261440] INFO perfrun.perfcollector <> - format: filter_tid config1:0-5 mask:0-5
359 [23413238261440] INFO perfrun.perfcollector <> - format: filter_nid config1:32-47 mask:32-47
359 [23413238261440] INFO perfrun.perfcollector <> - format: filter_nc config1:62 mask:62
359 [23413238261440] INFO perfrun.perfcollector <> - format: umask config:8-15 mask:8-15
359 [23413238261440] INFO perfrun.perfcollector <> - format: tid_en config:19 mask:19
359 [23413238261440] INFO perfrun.perfcollector <> - format: thresh config:24-31 mask:24-31
359 [23413238261440] INFO perfrun.perfcollector <> - format: filter_state config1:17-23 mask:17-23
359 [23413238261440] INFO perfrun.perfcollector <> - format: filter_opc config1:52-60 mask:52-60
359 [23413238261440] INFO perfrun.perfcollector <> - hwInfo: PERF_CBOX_PMU_DETAILS
360 [23413238261440] INFO perfrun.perfcollector <> - pmu added: family: uncore_cbox, id: 1
360 [23413238261440] INFO perfrun.sdk <> - runCmd: /opt/intel/oneapi/vtune/2023.1.0/bin64/sep -dry-run -sam 1 -ec CPU_CLK_UNHALTED.THREAD,CPU_CLK_UNHALTED.REF_TSC:sample:sa=2400000,INST_RETIRED.ANY:sample:sa=2400000,CPU_CLK_UNHALTED.REF_XCLK,CPU_CLK_UNHALTED.ONE_THREAD_ACTIVE,FP_ARITH_INST_RETIRED.SCALAR_SINGLE,FP_ARITH_INST_RETIRED.128B_PACKED_SINGLE,FP_ARITH_INST_RETIRED.256B_PACKED_SINGLE,FP_ARITH_INST_RETIRED.SCALAR_DOUBLE,FP_ARITH_INST_RETIRED.128B_PACKED_DOUBLE,FP_ARITH_INST_RETIRED.256B_PACKED_DOUBLE,INST_RETIRED.X87,UOPS_RETIRED.RETIRE_SLOTS:sample:sa=2000003 -experimental
360 [23413238261440] INFO perfrun.sdk <> - runCmd started PID 2288101
392 [23413238261440] INFO perfrun.perfcollector <> - SepDryRun RC = true
395 [23413238261440] INFO perfrun.perfcollector <> - DRY_RUN: "PMU type: Core (core)"
395 [23413238261440] INFO perfrun.perfcollector <> - pmu type: cpu
395 [23413238261440] INFO perfrun.perfcollector <> - DRY_RUN: "Group 0:"
395 [23413238261440] INFO perfrun.perfcollector <> - id: 0
395 [23413238261440] INFO perfrun.perfcollector <> - DRY_RUN: "INST_RETIRED.ANY: event id 2"
395 [23413238261440] INFO perfrun.perfcollector <> - eventName: INST_RETIRED.ANY, eventId: 2
395 [23413238261440] INFO perfrun.perfcollector <> - DRY_RUN: "CPU_CLK_UNHALTED.THREAD: event id 0"
395 [23413238261440] INFO perfrun.perfcollector <> - eventName: CPU_CLK_UNHALTED.THREAD, eventId: 0
395 [23413238261440] INFO perfrun.perfcollector <> - DRY_RUN: "CPU_CLK_UNHALTED.REF_TSC: event id 1"
395 [23413238261440] INFO perfrun.perfcollector <> - eventName: CPU_CLK_UNHALTED.REF_TSC, eventId: 1
395 [23413238261440] INFO perfrun.perfcollector <> - DRY_RUN: "FP_ARITH_INST_RETIRED.SCALAR_SINGLE: event id 5"
395 [23413238261440] INFO perfrun.perfcollector <> - eventName: FP_ARITH_INST_RETIRED.SCALAR_SINGLE, eventId: 5
395 [23413238261440] INFO perfrun.perfcollector <> - DRY_RUN: "FP_ARITH_INST_RETIRED.128B_PACKED_SINGLE: event id 6"
395 [23413238261440] INFO perfrun.perfcollector <> - eventName: FP_ARITH_INST_RETIRED.128B_PACKED_SINGLE, eventId: 6
395 [23413238261440] INFO perfrun.perfcollector <> - DRY_RUN: "FP_ARITH_INST_RETIRED.256B_PACKED_SINGLE: event id 7"
395 [23413238261440] INFO perfrun.perfcollector <> - eventName: FP_ARITH_INST_RETIRED.256B_PACKED_SINGLE, eventId: 7
395 [23413238261440] INFO perfrun.perfcollector <> - DRY_RUN: "FP_ARITH_INST_RETIRED.SCALAR_DOUBLE: event id 8"
395 [23413238261440] INFO perfrun.perfcollector <> - eventName: FP_ARITH_INST_RETIRED.SCALAR_DOUBLE, eventId: 8
395 [23413238261440] INFO perfrun.perfcollector <> - DRY_RUN: "CPU_CLK_UNHALTED.REF_XCLK: event id 3"
395 [23413238261440] INFO perfrun.perfcollector <> - eventName: CPU_CLK_UNHALTED.REF_XCLK, eventId: 3
395 [23413238261440] INFO perfrun.perfcollector <> - DRY_RUN: "CPU_CLK_UNHALTED.ONE_THREAD_ACTIVE: event id 4"
395 [23413238261440] INFO perfrun.perfcollector <> - eventName: CPU_CLK_UNHALTED.ONE_THREAD_ACTIVE, eventId: 4
395 [23413238261440] INFO perfrun.perfcollector <> - DRY_RUN: "INST_RETIRED.X87: event id 11"
395 [23413238261440] INFO perfrun.perfcollector <> - eventName: INST_RETIRED.X87, eventId: 11
395 [23413238261440] INFO perfrun.perfcollector <> - DRY_RUN: "UOPS_RETIRED.RETIRE_SLOTS: event id 12"
395 [23413238261440] INFO perfrun.perfcollector <> - eventName: UOPS_RETIRED.RETIRE_SLOTS, eventId: 12
395 [23413238261440] INFO perfrun.perfcollector <> - DRY_RUN: "CCCR"
395 [23413238261440] INFO perfrun.perfcollector <> - DRY_RUN: "reg_type       = 1	event_id       = g	reg_id         = 38f	reg_value      = 7000000ff"
395 [23413238261440] INFO perfrun.perfcollector <> - eventId: g, skip parsing event_id
395 [23413238261440] INFO perfrun.perfcollector <> - Register was ignored: group_id: 0, reg_type: 1, event_id: 4294967295, reg_id: 38f, reg_value: 7000000ff, pmu_name: cpu
395 [23413238261440] INFO perfrun.perfcollector <> - DRY_RUN: "reg_type       = 1	event_id       = g	reg_id         = 390	reg_value      = 7000000ff"
395 [23413238261440] INFO perfrun.perfcollector <> - eventId: g, skip parsing event_id
395 [23413238261440] INFO perfrun.perfcollector <> - Register was ignored: group_id: 0, reg_type: 1, event_id: 4294967295, reg_id: 390, reg_value: 7000000ff, pmu_name: cpu
395 [23413238261440] INFO perfrun.perfcollector <> - DRY_RUN: "reg_type       = 1	event_id       = g	reg_id         = 3f1	reg_value      = 0"
395 [23413238261440] INFO perfrun.perfcollector <> - eventId: g, skip parsing event_id
395 [23413238261440] INFO perfrun.perfcollector <> - Register was ignored: group_id: 0, reg_type: 1, event_id: 4294967295, reg_id: 3f1, reg_value: 0, pmu_name: cpu
395 [23413238261440] INFO perfrun.perfcollector <> - DRY_RUN: "reg_type       = 1	event_id       = g	reg_id         = 1d9	reg_value      = 1800"
395 [23413238261440] INFO perfrun.perfcollector <> - eventId: g, skip parsing event_id
395 [23413238261440] INFO perfrun.perfcollector <> - Register was ignored: group_id: 0, reg_type: 1, event_id: 4294967295, reg_id: 1d9, reg_value: 1800, pmu_name: cpu
395 [23413238261440] INFO perfrun.perfcollector <> - DRY_RUN: "reg_type       = 1	event_id       = g	reg_id         = 38d	reg_value      = bbb"
395 [23413238261440] INFO perfrun.perfcollector <> - eventId: g, skip parsing event_id
395 [23413238261440] INFO perfrun.perfcollector <> - Register was ignored: group_id: 0, reg_type: 1, event_id: 4294967295, reg_id: 38d, reg_value: bbb, pmu_name: cpu
395 [23413238261440] INFO perfrun.perfcollector <> - DRY_RUN: "reg_type       = 1	event_id       = 5	reg_id         = 186	reg_value      = 5302c7"
395 [23413238261440] INFO perfrun.perfcollector <> - Event selector: group_id: 0, reg_type: 1, event_id: 5, reg_id: 186, reg_value: 5302c7, pmu_name: cpu
395 [23413238261440] INFO perfrun.perfcollector <> - DRY_RUN: "reg_type       = 1	event_id       = 6	reg_id         = 187	reg_value      = 5308c7"
395 [23413238261440] INFO perfrun.perfcollector <> - Event selector: group_id: 0, reg_type: 1, event_id: 6, reg_id: 187, reg_value: 5308c7, pmu_name: cpu
395 [23413238261440] INFO perfrun.perfcollector <> - DRY_RUN: "reg_type       = 1	event_id       = 7	reg_id         = 188	reg_value      = 5320c7"
395 [23413238261440] INFO perfrun.perfcollector <> - Event selector: group_id: 0, reg_type: 1, event_id: 7, reg_id: 188, reg_value: 5320c7, pmu_name: cpu
395 [23413238261440] INFO perfrun.perfcollector <> - DRY_RUN: "reg_type       = 1	event_id       = 8	reg_id         = 189	reg_value      = 5301c7"
395 [23413238261440] INFO perfrun.perfcollector <> - Event selector: group_id: 0, reg_type: 1, event_id: 8, reg_id: 189, reg_value: 5301c7, pmu_name: cpu
395 [23413238261440] INFO perfrun.perfcollector <> - DRY_RUN: "reg_type       = 1	event_id       = 3	reg_id         = 18a	reg_value      = 53013c"
395 [23413238261440] INFO perfrun.perfcollector <> - Event selector: group_id: 0, reg_type: 1, event_id: 3, reg_id: 18a, reg_value: 53013c, pmu_name: cpu
395 [23413238261440] INFO perfrun.perfcollector <> - DRY_RUN: "reg_type       = 1	event_id       = 4	reg_id         = 18b	reg_value      = 53023c"
395 [23413238261440] INFO perfrun.perfcollector <> - Event selector: group_id: 0, reg_type: 1, event_id: 4, reg_id: 18b, reg_value: 53023c, pmu_name: cpu
395 [23413238261440] INFO perfrun.perfcollector <> - DRY_RUN: "reg_type       = 1	event_id       = 11	reg_id         = 18c	reg_value      = 5302c0"
395 [23413238261440] INFO perfrun.perfcollector <> - Event selector: group_id: 0, reg_type: 1, event_id: 11, reg_id: 18c, reg_value: 5302c0, pmu_name: cpu
395 [23413238261440] INFO perfrun.perfcollector <> - DRY_RUN: "reg_type       = 1	event_id       = 12	reg_id         = 18d	reg_value      = 5302c2"
395 [23413238261440] INFO perfrun.perfcollector <> - Event selector: group_id: 0, reg_type: 1, event_id: 12, reg_id: 18d, reg_value: 5302c2, pmu_name: cpu
395 [23413238261440] INFO perfrun.perfcollector <> - DRY_RUN: "ESCR"
395 [23413238261440] INFO perfrun.perfcollector <> - DRY_RUN: "reg_type       = 2	event_id       = g	reg_id         = 1c8	reg_value      = 0"
395 [23413238261440] INFO perfrun.perfcollector <> - eventId: g, skip parsing event_id
395 [23413238261440] INFO perfrun.perfcollector <> - DRY_RUN: "DATA"
395 [23413238261440] INFO perfrun.perfcollector <> - DRY_RUN: "reg_type       = 4	event_id       = 2	reg_id         = 309	reg_value      = ffffffdb6100"
395 [23413238261440] INFO perfrun.perfcollector <> - eventId: 2, dataAddr: 309, dataVal: ffffffdb6100
395 [23413238261440] INFO perfrun.perfcollector <> - DRY_RUN: "reg_type       = 4	event_id       = 0	reg_id         = 30a	reg_value      = ffffffe17b7d"
395 [23413238261440] INFO perfrun.perfcollector <> - eventId: 0, dataAddr: 30a, dataVal: ffffffe17b7d
395 [23413238261440] INFO perfrun.perfcollector <> - DRY_RUN: "reg_type       = 4	event_id       = 1	reg_id         = 30b	reg_value      = ffffffdb6100"
395 [23413238261440] INFO perfrun.perfcollector <> - eventId: 1, dataAddr: 30b, dataVal: ffffffdb6100
395 [23413238261440] INFO perfrun.perfcollector <> - DRY_RUN: "reg_type       = 4	event_id       = 5	reg_id         = c1	reg_value      = ffffffe17b7d"
395 [23413238261440] INFO perfrun.perfcollector <> - eventId: 5, dataAddr: c1, dataVal: ffffffe17b7d
395 [23413238261440] INFO perfrun.perfcollector <> - DRY_RUN: "reg_type       = 4	event_id       = 6	reg_id         = c2	reg_value      = ffffffe17b7d"
395 [23413238261440] INFO perfrun.perfcollector <> - eventId: 6, dataAddr: c2, dataVal: ffffffe17b7d
395 [23413238261440] INFO perfrun.perfcollector <> - DRY_RUN: "reg_type       = 4	event_id       = 7	reg_id         = c3	reg_value      = ffffffe17b7d"
395 [23413238261440] INFO perfrun.perfcollector <> - eventId: 7, dataAddr: c3, dataVal: ffffffe17b7d
395 [23413238261440] INFO perfrun.perfcollector <> - DRY_RUN: "reg_type       = 4	event_id       = 8	reg_id         = c4	reg_value      = ffffffe17b7d"
395 [23413238261440] INFO perfrun.perfcollector <> - eventId: 8, dataAddr: c4, dataVal: ffffffe17b7d
395 [23413238261440] INFO perfrun.perfcollector <> - DRY_RUN: "reg_type       = 4	event_id       = 3	reg_id         = c5	reg_value      = fffffffe795d"
395 [23413238261440] INFO perfrun.perfcollector <> - eventId: 3, dataAddr: c5, dataVal: fffffffe795d
395 [23413238261440] INFO perfrun.perfcollector <> - DRY_RUN: "reg_type       = 4	event_id       = 4	reg_id         = c6	reg_value      = fffffffe795d"
395 [23413238261440] INFO perfrun.perfcollector <> - eventId: 4, dataAddr: c6, dataVal: fffffffe795d
395 [23413238261440] INFO perfrun.perfcollector <> - DRY_RUN: "reg_type       = 4	event_id       = 11	reg_id         = c7	reg_value      = ffffffe17b7d"
395 [23413238261440] INFO perfrun.perfcollector <> - eventId: 11, dataAddr: c7, dataVal: ffffffe17b7d
396 [23413238261440] INFO perfrun.perfcollector <> - DRY_RUN: "reg_type       = 4	event_id       = 12	reg_id         = c8	reg_value      = ffffffe17b7d"
396 [23413238261440] INFO perfrun.perfcollector <> - eventId: 12, dataAddr: c8, dataVal: ffffffe17b7d
396 [23413238261440] INFO perfrun.perfcollector <> - DRY_RUN: "Group 1:"
396 [23413238261440] INFO perfrun.perfcollector <> - id: 1
396 [23413238261440] INFO perfrun.perfcollector <> - DRY_RUN: "INST_RETIRED.ANY: event id 2"
396 [23413238261440] INFO perfrun.perfcollector <> - eventName: INST_RETIRED.ANY, eventId: 2
396 [23413238261440] INFO perfrun.perfcollector <> - DRY_RUN: "CPU_CLK_UNHALTED.THREAD: event id 0"
396 [23413238261440] INFO perfrun.perfcollector <> - eventName: CPU_CLK_UNHALTED.THREAD, eventId: 0
396 [23413238261440] INFO perfrun.perfcollector <> - DRY_RUN: "CPU_CLK_UNHALTED.REF_TSC: event id 1"
396 [23413238261440] INFO perfrun.perfcollector <> - eventName: CPU_CLK_UNHALTED.REF_TSC, eventId: 1
396 [23413238261440] INFO perfrun.perfcollector <> - DRY_RUN: "FP_ARITH_INST_RETIRED.128B_PACKED_DOUBLE: event id 9"
396 [23413238261440] INFO perfrun.perfcollector <> - eventName: FP_ARITH_INST_RETIRED.128B_PACKED_DOUBLE, eventId: 9
396 [23413238261440] INFO perfrun.perfcollector <> - DRY_RUN: "FP_ARITH_INST_RETIRED.256B_PACKED_DOUBLE: event id 10"
396 [23413238261440] INFO perfrun.perfcollector <> - eventName: FP_ARITH_INST_RETIRED.256B_PACKED_DOUBLE, eventId: 10
396 [23413238261440] INFO perfrun.perfcollector <> - DRY_RUN: "CCCR"
396 [23413238261440] INFO perfrun.perfcollector <> - DRY_RUN: "reg_type       = 1	event_id       = g	reg_id         = 38f	reg_value      = 700000003"
396 [23413238261440] INFO perfrun.perfcollector <> - eventId: g, skip parsing event_id
396 [23413238261440] INFO perfrun.perfcollector <> - Register was ignored: group_id: 1, reg_type: 1, event_id: 4294967295, reg_id: 38f, reg_value: 700000003, pmu_name: cpu
396 [23413238261440] INFO perfrun.perfcollector <> - DRY_RUN: "reg_type       = 1	event_id       = g	reg_id         = 390	reg_value      = 700000003"
396 [23413238261440] INFO perfrun.perfcollector <> - eventId: g, skip parsing event_id
396 [23413238261440] INFO perfrun.perfcollector <> - Register was ignored: group_id: 1, reg_type: 1, event_id: 4294967295, reg_id: 390, reg_value: 700000003, pmu_name: cpu
396 [23413238261440] INFO perfrun.perfcollector <> - DRY_RUN: "reg_type       = 1	event_id       = g	reg_id         = 3f1	reg_value      = 0"
396 [23413238261440] INFO perfrun.perfcollector <> - eventId: g, skip parsing event_id
396 [23413238261440] INFO perfrun.perfcollector <> - Register was ignored: group_id: 1, reg_type: 1, event_id: 4294967295, reg_id: 3f1, reg_value: 0, pmu_name: cpu
396 [23413238261440] INFO perfrun.perfcollector <> - DRY_RUN: "reg_type       = 1	event_id       = g	reg_id         = 1d9	reg_value      = 1800"
396 [23413238261440] INFO perfrun.perfcollector <> - eventId: g, skip parsing event_id
396 [23413238261440] INFO perfrun.perfcollector <> - Register was ignored: group_id: 1, reg_type: 1, event_id: 4294967295, reg_id: 1d9, reg_value: 1800, pmu_name: cpu
396 [23413238261440] INFO perfrun.perfcollector <> - DRY_RUN: "reg_type       = 1	event_id       = g	reg_id         = 38d	reg_value      = bbb"
396 [23413238261440] INFO perfrun.perfcollector <> - eventId: g, skip parsing event_id
396 [23413238261440] INFO perfrun.perfcollector <> - Register was ignored: group_id: 1, reg_type: 1, event_id: 4294967295, reg_id: 38d, reg_value: bbb, pmu_name: cpu
396 [23413238261440] INFO perfrun.perfcollector <> - DRY_RUN: "reg_type       = 1	event_id       = 9	reg_id         = 186	reg_value      = 5304c7"
396 [23413238261440] INFO perfrun.perfcollector <> - Event selector: group_id: 1, reg_type: 1, event_id: 9, reg_id: 186, reg_value: 5304c7, pmu_name: cpu
396 [23413238261440] INFO perfrun.perfcollector <> - DRY_RUN: "reg_type       = 1	event_id       = 10	reg_id         = 187	reg_value      = 5310c7"
396 [23413238261440] INFO perfrun.perfcollector <> - Event selector: group_id: 1, reg_type: 1, event_id: 10, reg_id: 187, reg_value: 5310c7, pmu_name: cpu
396 [23413238261440] INFO perfrun.perfcollector <> - DRY_RUN: "ESCR"
396 [23413238261440] INFO perfrun.perfcollector <> - DRY_RUN: "reg_type       = 2	event_id       = g	reg_id         = 1c8	reg_value      = 0"
396 [23413238261440] INFO perfrun.perfcollector <> - eventId: g, skip parsing event_id
396 [23413238261440] INFO perfrun.perfcollector <> - DRY_RUN: "DATA"
396 [23413238261440] INFO perfrun.perfcollector <> - DRY_RUN: "reg_type       = 4	event_id       = 2	reg_id         = 309	reg_value      = ffffffdb6100"
396 [23413238261440] INFO perfrun.perfcollector <> - eventId: 2, dataAddr: 309, dataVal: ffffffdb6100
396 [23413238261440] INFO perfrun.perfcollector <> - DRY_RUN: "reg_type       = 4	event_id       = 0	reg_id         = 30a	reg_value      = ffffffe17b7d"
396 [23413238261440] INFO perfrun.perfcollector <> - eventId: 0, dataAddr: 30a, dataVal: ffffffe17b7d
396 [23413238261440] INFO perfrun.perfcollector <> - DRY_RUN: "reg_type       = 4	event_id       = 1	reg_id         = 30b	reg_value      = ffffffdb6100"
396 [23413238261440] INFO perfrun.perfcollector <> - eventId: 1, dataAddr: 30b, dataVal: ffffffdb6100
396 [23413238261440] INFO perfrun.perfcollector <> - DRY_RUN: "reg_type       = 4	event_id       = 9	reg_id         = c1	reg_value      = ffffffe17b7d"
396 [23413238261440] INFO perfrun.perfcollector <> - eventId: 9, dataAddr: c1, dataVal: ffffffe17b7d
396 [23413238261440] INFO perfrun.perfcollector <> - DRY_RUN: "reg_type       = 4	event_id       = 10	reg_id         = c2	reg_value      = ffffffe17b7d"
396 [23413238261440] INFO perfrun.perfcollector <> - eventId: 10, dataAddr: c2, dataVal: ffffffe17b7d
396 [23413238261440] INFO perfrun.perfcollector <> - event name: CPU_CLK_UNHALTED.THREAD
396 [23413238261440] INFO perfrun.perfcollector <> - pmu config: cpu
396 [23413238261440] INFO perfrun.perfcollector <> - cccrAddr: ffffffff, cccrValue: 0
396 [23413238261440] INFO perfrun.perfcollector <> - dataAddr: 30a, dataValue: ffffffffffe17b7d
396 [23413238261440] INFO perfrun.perfcollector <> - escrAddr: ffffffff, escrValue: 0
396 [23413238261440] INFO perfrun.perfcollector <> - extendedPebsValue: 0
396 [23413238261440] INFO perfrun.perfcollector <> - adaptivePebsAvailable: 0
396 [23413238261440] INFO perfrun.perfcollector <> - config: event: 3c
396 [23413238261440] INFO perfrun.perfcollector <> - config: pc: 0
396 [23413238261440] INFO perfrun.perfcollector <> - config: in_tx: 0
396 [23413238261440] INFO perfrun.perfcollector <> - config: edge: 0
396 [23413238261440] INFO perfrun.perfcollector <> - config: any: 0
396 [23413238261440] INFO perfrun.perfcollector <> - config1: offcore_rsp: 0
396 [23413238261440] INFO perfrun.perfcollector <> - config: in_tx_cp: 0
396 [23413238261440] INFO perfrun.perfcollector <> - config1: ldlat: 0
396 [23413238261440] INFO perfrun.perfcollector <> - config: inv: 0
396 [23413238261440] INFO perfrun.perfcollector <> - config: umask: 0
396 [23413238261440] INFO perfrun.perfcollector <> - config: cmask: 0
396 [23413238261440] INFO perfrun.perfcollector <> - format: cpu/event=0x3c,name='CPU_CLK_UNHALTED.THREAD'/D
396 [23413238261440] INFO perfrun.perfcollector <> - event name: CPU_CLK_UNHALTED.REF_TSC
396 [23413238261440] INFO perfrun.perfcollector <> - pmu config: cpu
396 [23413238261440] INFO perfrun.perfcollector <> - cccrAddr: ffffffff, cccrValue: 0
396 [23413238261440] INFO perfrun.perfcollector <> - dataAddr: 30b, dataValue: ffffffffffdb6100
396 [23413238261440] INFO perfrun.perfcollector <> - escrAddr: ffffffff, escrValue: 0
396 [23413238261440] INFO perfrun.perfcollector <> - extendedPebsValue: 0
396 [23413238261440] INFO perfrun.perfcollector <> - adaptivePebsAvailable: 0
396 [23413238261440] INFO perfrun.perfcollector <> - config: event: 0
396 [23413238261440] INFO perfrun.perfcollector <> - config: pc: 0
396 [23413238261440] INFO perfrun.perfcollector <> - config: in_tx: 0
396 [23413238261440] INFO perfrun.perfcollector <> - config: edge: 0
396 [23413238261440] INFO perfrun.perfcollector <> - config: any: 0
396 [23413238261440] INFO perfrun.perfcollector <> - config1: offcore_rsp: 0
396 [23413238261440] INFO perfrun.perfcollector <> - config: in_tx_cp: 0
396 [23413238261440] INFO perfrun.perfcollector <> - config1: ldlat: 0
396 [23413238261440] INFO perfrun.perfcollector <> - config: inv: 0
396 [23413238261440] INFO perfrun.perfcollector <> - config: umask: 3
396 [23413238261440] INFO perfrun.perfcollector <> - config: cmask: 0
396 [23413238261440] INFO perfrun.perfcollector <> - format: cpu/umask=0x3,name='CPU_CLK_UNHALTED.REF_TSC'/D
396 [23413238261440] INFO perfrun.perfcollector <> - event name: INST_RETIRED.ANY
396 [23413238261440] INFO perfrun.perfcollector <> - pmu config: cpu
396 [23413238261440] INFO perfrun.perfcollector <> - cccrAddr: ffffffff, cccrValue: 0
396 [23413238261440] INFO perfrun.perfcollector <> - dataAddr: 309, dataValue: ffffffffffdb6100
396 [23413238261440] INFO perfrun.perfcollector <> - escrAddr: ffffffff, escrValue: 0
396 [23413238261440] INFO perfrun.perfcollector <> - extendedPebsValue: 0
396 [23413238261440] INFO perfrun.perfcollector <> - adaptivePebsAvailable: 0
396 [23413238261440] INFO perfrun.perfcollector <> - config: event: c0
396 [23413238261440] INFO perfrun.perfcollector <> - config: pc: 0
396 [23413238261440] INFO perfrun.perfcollector <> - config: in_tx: 0
396 [23413238261440] INFO perfrun.perfcollector <> - config: edge: 0
396 [23413238261440] INFO perfrun.perfcollector <> - config: any: 0
396 [23413238261440] INFO perfrun.perfcollector <> - config1: offcore_rsp: 0
396 [23413238261440] INFO perfrun.perfcollector <> - config: in_tx_cp: 0
396 [23413238261440] INFO perfrun.perfcollector <> - config1: ldlat: 0
396 [23413238261440] INFO perfrun.perfcollector <> - config: inv: 0
396 [23413238261440] INFO perfrun.perfcollector <> - config: umask: 0
396 [23413238261440] INFO perfrun.perfcollector <> - config: cmask: 0
396 [23413238261440] INFO perfrun.perfcollector <> - format: cpu/event=0xc0,name='INST_RETIRED.ANY'/D
396 [23413238261440] INFO perfrun.perfcollector <> - event name: CPU_CLK_UNHALTED.REF_XCLK
396 [23413238261440] INFO perfrun.perfcollector <> - pmu config: cpu
396 [23413238261440] INFO perfrun.perfcollector <> - cccrAddr: 18a, cccrValue: 53013c
396 [23413238261440] INFO perfrun.perfcollector <> - dataAddr: c5, dataValue: fffffffffffe795d
396 [23413238261440] INFO perfrun.perfcollector <> - escrAddr: ffffffff, escrValue: 0
396 [23413238261440] INFO perfrun.perfcollector <> - extendedPebsValue: 0
396 [23413238261440] INFO perfrun.perfcollector <> - adaptivePebsAvailable: 0
396 [23413238261440] INFO perfrun.perfcollector <> - config: event: 3c
396 [23413238261440] INFO perfrun.perfcollector <> - config: pc: 0
396 [23413238261440] INFO perfrun.perfcollector <> - config: in_tx: 0
396 [23413238261440] INFO perfrun.perfcollector <> - config: edge: 0
396 [23413238261440] INFO perfrun.perfcollector <> - config: any: 0
396 [23413238261440] INFO perfrun.perfcollector <> - config1: offcore_rsp: 0
396 [23413238261440] INFO perfrun.perfcollector <> - config: in_tx_cp: 0
396 [23413238261440] INFO perfrun.perfcollector <> - config1: ldlat: 0
396 [23413238261440] INFO perfrun.perfcollector <> - config: inv: 0
396 [23413238261440] INFO perfrun.perfcollector <> - config: umask: 1
396 [23413238261440] INFO perfrun.perfcollector <> - config: cmask: 0
396 [23413238261440] INFO perfrun.perfcollector <> - format: cpu/event=0x3c,umask=0x1,name='CPU_CLK_UNHALTED.REF_XCLK'/
396 [23413238261440] INFO perfrun.perfcollector <> - event name: CPU_CLK_UNHALTED.ONE_THREAD_ACTIVE
396 [23413238261440] INFO perfrun.perfcollector <> - pmu config: cpu
396 [23413238261440] INFO perfrun.perfcollector <> - cccrAddr: 18b, cccrValue: 53023c
396 [23413238261440] INFO perfrun.perfcollector <> - dataAddr: c6, dataValue: fffffffffffe795d
396 [23413238261440] INFO perfrun.perfcollector <> - escrAddr: ffffffff, escrValue: 0
396 [23413238261440] INFO perfrun.perfcollector <> - extendedPebsValue: 0
396 [23413238261440] INFO perfrun.perfcollector <> - adaptivePebsAvailable: 0
396 [23413238261440] INFO perfrun.perfcollector <> - config: event: 3c
396 [23413238261440] INFO perfrun.perfcollector <> - config: pc: 0
396 [23413238261440] INFO perfrun.perfcollector <> - config: in_tx: 0
396 [23413238261440] INFO perfrun.perfcollector <> - config: edge: 0
396 [23413238261440] INFO perfrun.perfcollector <> - config: any: 0
396 [23413238261440] INFO perfrun.perfcollector <> - config1: offcore_rsp: 0
396 [23413238261440] INFO perfrun.perfcollector <> - config: in_tx_cp: 0
396 [23413238261440] INFO perfrun.perfcollector <> - config1: ldlat: 0
396 [23413238261440] INFO perfrun.perfcollector <> - config: inv: 0
396 [23413238261440] INFO perfrun.perfcollector <> - config: umask: 2
396 [23413238261440] INFO perfrun.perfcollector <> - config: cmask: 0
396 [23413238261440] INFO perfrun.perfcollector <> - format: cpu/event=0x3c,umask=0x2,name='CPU_CLK_UNHALTED.ONE_THREAD_ACTIVE'/
396 [23413238261440] INFO perfrun.perfcollector <> - event name: FP_ARITH_INST_RETIRED.SCALAR_SINGLE
396 [23413238261440] INFO perfrun.perfcollector <> - pmu config: cpu
396 [23413238261440] INFO perfrun.perfcollector <> - cccrAddr: 186, cccrValue: 5302c7
396 [23413238261440] INFO perfrun.perfcollector <> - dataAddr: c1, dataValue: ffffffffffe17b7d
396 [23413238261440] INFO perfrun.perfcollector <> - escrAddr: ffffffff, escrValue: 0
396 [23413238261440] INFO perfrun.perfcollector <> - extendedPebsValue: 0
396 [23413238261440] INFO perfrun.perfcollector <> - adaptivePebsAvailable: 0
396 [23413238261440] INFO perfrun.perfcollector <> - config: event: c7
396 [23413238261440] INFO perfrun.perfcollector <> - config: pc: 0
396 [23413238261440] INFO perfrun.perfcollector <> - config: in_tx: 0
396 [23413238261440] INFO perfrun.perfcollector <> - config: edge: 0
396 [23413238261440] INFO perfrun.perfcollector <> - config: any: 0
396 [23413238261440] INFO perfrun.perfcollector <> - config1: offcore_rsp: 0
396 [23413238261440] INFO perfrun.perfcollector <> - config: in_tx_cp: 0
396 [23413238261440] INFO perfrun.perfcollector <> - config1: ldlat: 0
396 [23413238261440] INFO perfrun.perfcollector <> - config: inv: 0
396 [23413238261440] INFO perfrun.perfcollector <> - config: umask: 2
396 [23413238261440] INFO perfrun.perfcollector <> - config: cmask: 0
396 [23413238261440] INFO perfrun.perfcollector <> - format: cpu/event=0xc7,umask=0x2,name='FP_ARITH_INST_RETIRED.SCALAR_SINGLE'/
396 [23413238261440] INFO perfrun.perfcollector <> - event name: FP_ARITH_INST_RETIRED.128B_PACKED_SINGLE
396 [23413238261440] INFO perfrun.perfcollector <> - pmu config: cpu
396 [23413238261440] INFO perfrun.perfcollector <> - cccrAddr: 187, cccrValue: 5308c7
396 [23413238261440] INFO perfrun.perfcollector <> - dataAddr: c2, dataValue: ffffffffffe17b7d
396 [23413238261440] INFO perfrun.perfcollector <> - escrAddr: ffffffff, escrValue: 0
396 [23413238261440] INFO perfrun.perfcollector <> - extendedPebsValue: 0
396 [23413238261440] INFO perfrun.perfcollector <> - adaptivePebsAvailable: 0
396 [23413238261440] INFO perfrun.perfcollector <> - config: event: c7
396 [23413238261440] INFO perfrun.perfcollector <> - config: pc: 0
396 [23413238261440] INFO perfrun.perfcollector <> - config: in_tx: 0
396 [23413238261440] INFO perfrun.perfcollector <> - config: edge: 0
396 [23413238261440] INFO perfrun.perfcollector <> - config: any: 0
396 [23413238261440] INFO perfrun.perfcollector <> - config1: offcore_rsp: 0
396 [23413238261440] INFO perfrun.perfcollector <> - config: in_tx_cp: 0
396 [23413238261440] INFO perfrun.perfcollector <> - config1: ldlat: 0
396 [23413238261440] INFO perfrun.perfcollector <> - config: inv: 0
396 [23413238261440] INFO perfrun.perfcollector <> - config: umask: 8
396 [23413238261440] INFO perfrun.perfcollector <> - config: cmask: 0
396 [23413238261440] INFO perfrun.perfcollector <> - format: cpu/event=0xc7,umask=0x8,name='FP_ARITH_INST_RETIRED.128B_PACKED_SINGLE'/
396 [23413238261440] INFO perfrun.perfcollector <> - event name: FP_ARITH_INST_RETIRED.256B_PACKED_SINGLE
396 [23413238261440] INFO perfrun.perfcollector <> - pmu config: cpu
396 [23413238261440] INFO perfrun.perfcollector <> - cccrAddr: 188, cccrValue: 5320c7
396 [23413238261440] INFO perfrun.perfcollector <> - dataAddr: c3, dataValue: ffffffffffe17b7d
396 [23413238261440] INFO perfrun.perfcollector <> - escrAddr: ffffffff, escrValue: 0
396 [23413238261440] INFO perfrun.perfcollector <> - extendedPebsValue: 0
396 [23413238261440] INFO perfrun.perfcollector <> - adaptivePebsAvailable: 0
396 [23413238261440] INFO perfrun.perfcollector <> - config: event: c7
396 [23413238261440] INFO perfrun.perfcollector <> - config: pc: 0
396 [23413238261440] INFO perfrun.perfcollector <> - config: in_tx: 0
396 [23413238261440] INFO perfrun.perfcollector <> - config: edge: 0
396 [23413238261440] INFO perfrun.perfcollector <> - config: any: 0
396 [23413238261440] INFO perfrun.perfcollector <> - config1: offcore_rsp: 0
396 [23413238261440] INFO perfrun.perfcollector <> - config: in_tx_cp: 0
396 [23413238261440] INFO perfrun.perfcollector <> - config1: ldlat: 0
396 [23413238261440] INFO perfrun.perfcollector <> - config: inv: 0
396 [23413238261440] INFO perfrun.perfcollector <> - config: umask: 20
396 [23413238261440] INFO perfrun.perfcollector <> - config: cmask: 0
396 [23413238261440] INFO perfrun.perfcollector <> - format: cpu/event=0xc7,umask=0x20,name='FP_ARITH_INST_RETIRED.256B_PACKED_SINGLE'/
396 [23413238261440] INFO perfrun.perfcollector <> - event name: FP_ARITH_INST_RETIRED.SCALAR_DOUBLE
396 [23413238261440] INFO perfrun.perfcollector <> - pmu config: cpu
396 [23413238261440] INFO perfrun.perfcollector <> - cccrAddr: 189, cccrValue: 5301c7
396 [23413238261440] INFO perfrun.perfcollector <> - dataAddr: c4, dataValue: ffffffffffe17b7d
396 [23413238261440] INFO perfrun.perfcollector <> - escrAddr: ffffffff, escrValue: 0
396 [23413238261440] INFO perfrun.perfcollector <> - extendedPebsValue: 0
396 [23413238261440] INFO perfrun.perfcollector <> - adaptivePebsAvailable: 0
396 [23413238261440] INFO perfrun.perfcollector <> - config: event: c7
396 [23413238261440] INFO perfrun.perfcollector <> - config: pc: 0
396 [23413238261440] INFO perfrun.perfcollector <> - config: in_tx: 0
396 [23413238261440] INFO perfrun.perfcollector <> - config: edge: 0
396 [23413238261440] INFO perfrun.perfcollector <> - config: any: 0
396 [23413238261440] INFO perfrun.perfcollector <> - config1: offcore_rsp: 0
396 [23413238261440] INFO perfrun.perfcollector <> - config: in_tx_cp: 0
396 [23413238261440] INFO perfrun.perfcollector <> - config1: ldlat: 0
396 [23413238261440] INFO perfrun.perfcollector <> - config: inv: 0
396 [23413238261440] INFO perfrun.perfcollector <> - config: umask: 1
396 [23413238261440] INFO perfrun.perfcollector <> - config: cmask: 0
396 [23413238261440] INFO perfrun.perfcollector <> - format: cpu/event=0xc7,umask=0x1,name='FP_ARITH_INST_RETIRED.SCALAR_DOUBLE'/
396 [23413238261440] INFO perfrun.perfcollector <> - event name: FP_ARITH_INST_RETIRED.128B_PACKED_DOUBLE
396 [23413238261440] INFO perfrun.perfcollector <> - pmu config: cpu
396 [23413238261440] INFO perfrun.perfcollector <> - cccrAddr: 186, cccrValue: 5304c7
396 [23413238261440] INFO perfrun.perfcollector <> - dataAddr: c1, dataValue: ffffffffffe17b7d
396 [23413238261440] INFO perfrun.perfcollector <> - escrAddr: ffffffff, escrValue: 0
396 [23413238261440] INFO perfrun.perfcollector <> - extendedPebsValue: 0
396 [23413238261440] INFO perfrun.perfcollector <> - adaptivePebsAvailable: 0
396 [23413238261440] INFO perfrun.perfcollector <> - config: event: c7
396 [23413238261440] INFO perfrun.perfcollector <> - config: pc: 0
396 [23413238261440] INFO perfrun.perfcollector <> - config: in_tx: 0
396 [23413238261440] INFO perfrun.perfcollector <> - config: edge: 0
396 [23413238261440] INFO perfrun.perfcollector <> - config: any: 0
396 [23413238261440] INFO perfrun.perfcollector <> - config1: offcore_rsp: 0
396 [23413238261440] INFO perfrun.perfcollector <> - config: in_tx_cp: 0
396 [23413238261440] INFO perfrun.perfcollector <> - config1: ldlat: 0
396 [23413238261440] INFO perfrun.perfcollector <> - config: inv: 0
396 [23413238261440] INFO perfrun.perfcollector <> - config: umask: 4
396 [23413238261440] INFO perfrun.perfcollector <> - config: cmask: 0
396 [23413238261440] INFO perfrun.perfcollector <> - format: cpu/event=0xc7,umask=0x4,name='FP_ARITH_INST_RETIRED.128B_PACKED_DOUBLE'/
396 [23413238261440] INFO perfrun.perfcollector <> - event name: FP_ARITH_INST_RETIRED.256B_PACKED_DOUBLE
396 [23413238261440] INFO perfrun.perfcollector <> - pmu config: cpu
396 [23413238261440] INFO perfrun.perfcollector <> - cccrAddr: 187, cccrValue: 5310c7
396 [23413238261440] INFO perfrun.perfcollector <> - dataAddr: c2, dataValue: ffffffffffe17b7d
396 [23413238261440] INFO perfrun.perfcollector <> - escrAddr: ffffffff, escrValue: 0
396 [23413238261440] INFO perfrun.perfcollector <> - extendedPebsValue: 0
396 [23413238261440] INFO perfrun.perfcollector <> - adaptivePebsAvailable: 0
396 [23413238261440] INFO perfrun.perfcollector <> - config: event: c7
396 [23413238261440] INFO perfrun.perfcollector <> - config: pc: 0
396 [23413238261440] INFO perfrun.perfcollector <> - config: in_tx: 0
396 [23413238261440] INFO perfrun.perfcollector <> - config: edge: 0
396 [23413238261440] INFO perfrun.perfcollector <> - config: any: 0
396 [23413238261440] INFO perfrun.perfcollector <> - config1: offcore_rsp: 0
396 [23413238261440] INFO perfrun.perfcollector <> - config: in_tx_cp: 0
396 [23413238261440] INFO perfrun.perfcollector <> - config1: ldlat: 0
396 [23413238261440] INFO perfrun.perfcollector <> - config: inv: 0
396 [23413238261440] INFO perfrun.perfcollector <> - config: umask: 10
396 [23413238261440] INFO perfrun.perfcollector <> - config: cmask: 0
396 [23413238261440] INFO perfrun.perfcollector <> - format: cpu/event=0xc7,umask=0x10,name='FP_ARITH_INST_RETIRED.256B_PACKED_DOUBLE'/
396 [23413238261440] INFO perfrun.perfcollector <> - event name: INST_RETIRED.X87
397 [23413238261440] INFO perfrun.perfcollector <> - pmu config: cpu
397 [23413238261440] INFO perfrun.perfcollector <> - cccrAddr: 18c, cccrValue: 5302c0
397 [23413238261440] INFO perfrun.perfcollector <> - dataAddr: c7, dataValue: ffffffffffe17b7d
397 [23413238261440] INFO perfrun.perfcollector <> - escrAddr: ffffffff, escrValue: 0
397 [23413238261440] INFO perfrun.perfcollector <> - extendedPebsValue: 0
397 [23413238261440] INFO perfrun.perfcollector <> - adaptivePebsAvailable: 0
397 [23413238261440] INFO perfrun.perfcollector <> - config: event: c0
397 [23413238261440] INFO perfrun.perfcollector <> - config: pc: 0
397 [23413238261440] INFO perfrun.perfcollector <> - config: in_tx: 0
397 [23413238261440] INFO perfrun.perfcollector <> - config: edge: 0
397 [23413238261440] INFO perfrun.perfcollector <> - config: any: 0
397 [23413238261440] INFO perfrun.perfcollector <> - config1: offcore_rsp: 0
397 [23413238261440] INFO perfrun.perfcollector <> - config: in_tx_cp: 0
397 [23413238261440] INFO perfrun.perfcollector <> - config1: ldlat: 0
397 [23413238261440] INFO perfrun.perfcollector <> - config: inv: 0
397 [23413238261440] INFO perfrun.perfcollector <> - config: umask: 2
397 [23413238261440] INFO perfrun.perfcollector <> - config: cmask: 0
397 [23413238261440] INFO perfrun.perfcollector <> - format: cpu/event=0xc0,umask=0x2,name='INST_RETIRED.X87'/
397 [23413238261440] INFO perfrun.perfcollector <> - event name: UOPS_RETIRED.RETIRE_SLOTS
397 [23413238261440] INFO perfrun.perfcollector <> - pmu config: cpu
397 [23413238261440] INFO perfrun.perfcollector <> - cccrAddr: 18d, cccrValue: 5302c2
397 [23413238261440] INFO perfrun.perfcollector <> - dataAddr: c8, dataValue: ffffffffffe17b7d
397 [23413238261440] INFO perfrun.perfcollector <> - escrAddr: ffffffff, escrValue: 0
397 [23413238261440] INFO perfrun.perfcollector <> - extendedPebsValue: 0
397 [23413238261440] INFO perfrun.perfcollector <> - adaptivePebsAvailable: 0
397 [23413238261440] INFO perfrun.perfcollector <> - config: event: c2
397 [23413238261440] INFO perfrun.perfcollector <> - config: pc: 0
397 [23413238261440] INFO perfrun.perfcollector <> - config: in_tx: 0
397 [23413238261440] INFO perfrun.perfcollector <> - config: edge: 0
397 [23413238261440] INFO perfrun.perfcollector <> - config: any: 0
397 [23413238261440] INFO perfrun.perfcollector <> - config1: offcore_rsp: 0
397 [23413238261440] INFO perfrun.perfcollector <> - config: in_tx_cp: 0
397 [23413238261440] INFO perfrun.perfcollector <> - config1: ldlat: 0
397 [23413238261440] INFO perfrun.perfcollector <> - config: inv: 0
397 [23413238261440] INFO perfrun.perfcollector <> - config: umask: 2
397 [23413238261440] INFO perfrun.perfcollector <> - config: cmask: 0
397 [23413238261440] INFO perfrun.perfcollector <> - format: cpu/event=0xc2,umask=0x2,name='UOPS_RETIRED.RETIRE_SLOTS'/
397 [23413238261440] INFO perfrun.perfcollector <> - event: cpu/event=0x3c,name='CPU_CLK_UNHALTED.THREAD'/Duk, added for counting
397 [23413238261440] INFO perfrun.perfcollector <> - event: cpu/umask=0x3,name='CPU_CLK_UNHALTED.REF_TSC'/Duk, added for counting
397 [23413238261440] INFO perfrun.perfcollector <> - event: cpu/event=0xc0,name='INST_RETIRED.ANY'/Duk, added for counting
397 [23413238261440] INFO perfrun.perfcollector <> - event: cpu/event=0x3c,umask=0x1,name='CPU_CLK_UNHALTED.REF_XCLK'/uk, added for counting
397 [23413238261440] INFO perfrun.perfcollector <> - event: cpu/event=0x3c,umask=0x2,name='CPU_CLK_UNHALTED.ONE_THREAD_ACTIVE'/uk, added for counting
397 [23413238261440] INFO perfrun.perfcollector <> - event: cpu/event=0xc7,umask=0x2,name='FP_ARITH_INST_RETIRED.SCALAR_SINGLE'/uk, added for counting
397 [23413238261440] INFO perfrun.perfcollector <> - event: cpu/event=0xc7,umask=0x8,name='FP_ARITH_INST_RETIRED.128B_PACKED_SINGLE'/uk, added for counting
397 [23413238261440] INFO perfrun.perfcollector <> - event: cpu/event=0xc7,umask=0x20,name='FP_ARITH_INST_RETIRED.256B_PACKED_SINGLE'/uk, added for counting
397 [23413238261440] INFO perfrun.perfcollector <> - event: cpu/event=0xc7,umask=0x1,name='FP_ARITH_INST_RETIRED.SCALAR_DOUBLE'/uk, added for counting
397 [23413238261440] INFO perfrun.perfcollector <> - event: cpu/event=0xc7,umask=0x4,name='FP_ARITH_INST_RETIRED.128B_PACKED_DOUBLE'/uk, added for counting
397 [23413238261440] INFO perfrun.perfcollector <> - event: cpu/event=0xc7,umask=0x10,name='FP_ARITH_INST_RETIRED.256B_PACKED_DOUBLE'/uk, added for counting
397 [23413238261440] INFO perfrun.perfcollector <> - event: cpu/event=0xc0,umask=0x2,name='INST_RETIRED.X87'/uk, added for counting
397 [23413238261440] INFO perfrun.perfcollector <> - event: cpu/event=0xc2,umask=0x2,name='UOPS_RETIRED.RETIRE_SLOTS'/uk, added for counting
397 [23413238261440] INFO perfrun.perfcollector <> - attaching to pid: 4294967295, collect mode: 1, rc modes: 3
412 [23413227214528] WARN perfrun.perfcollector <> - Perf stat trace pipe capacity: read = 1048576, write = 1048576, at file: vcs/perfrun1/plugins/perfcollector/src/profiler.cpp:765
422 [23413227214528] INFO perfrun.sdk <> - runCmd: /opt/intel/oneapi/vtune/2023.1.0/bin64/amplxe-perf stat -v --log-fd 10 --scale -x ; -e cpu/event=0x3c,name='CPU_CLK_UNHALTED.THREAD'/Duk,cpu/umask=0x3,name='CPU_CLK_UNHALTED.REF_TSC'/Duk,cpu/event=0xc0,name='INST_RETIRED.ANY'/Duk,cpu/event=0x3c,umask=0x1,name='CPU_CLK_UNHALTED.REF_XCLK'/uk,cpu/event=0x3c,umask=0x2,name='CPU_CLK_UNHALTED.ONE_THREAD_ACTIVE'/uk,cpu/event=0xc7,umask=0x2,name='FP_ARITH_INST_RETIRED.SCALAR_SINGLE'/uk,cpu/event=0xc7,umask=0x8,name='FP_ARITH_INST_RETIRED.128B_PACKED_SINGLE'/uk,cpu/event=0xc7,umask=0x20,name='FP_ARITH_INST_RETIRED.256B_PACKED_SINGLE'/uk,cpu/event=0xc7,umask=0x1,name='FP_ARITH_INST_RETIRED.SCALAR_DOUBLE'/uk,cpu/event=0xc7,umask=0x4,name='FP_ARITH_INST_RETIRED.128B_PACKED_DOUBLE'/uk,cpu/event=0xc7,umask=0x10,name='FP_ARITH_INST_RETIRED.256B_PACKED_DOUBLE'/uk,cpu/event=0xc0,umask=0x2,name='INST_RETIRED.X87'/uk,cpu/event=0xc2,umask=0x2,name='UOPS_RETIRED.RETIRE_SLOTS'/uk /opt/intel/oneapi/vtune/2023.1.0/bin64/amplxe-perf-sync dryrun sys
422 [23413227214528] INFO perfrun.sdk <> - runCmd started PID 2288134
580 [23413227214528] INFO perfrun.perfcollector <> - Monitor: runCmd RC = true
581 [23413238261440] INFO perfrun.launcher <> - plugin [aoclprofile] was disabled because it doesn't support the given collection type.
581 [23413238261440] INFO perfrun.tpss <> - initialize tpss controller
581 [23413238261440] INFO perfrun.tpss <> - configure collection mode: value = cpu:counters:nostack
581 [23413238261440] INFO perfrun.tpss <> - configure collection mode: value = cpu:stack
581 [23413238261440] INFO perfrun.tpss <> - default obj-size-min=1024
581 [23413238261440] INFO perfrun.tpss <> - default hash-table-size=0
581 [23413238261440] INFO perfrun.launcher <> - plugin [media] was disabled because it doesn't support the given collection type.
581 [23413238261440] INFO perfrun.launcher <> - plugin [] was disabled because it doesn't support the given collection type.
581 [23413238261440] INFO perfrun.launcher <> - plugin [] was disabled because it doesn't support the given collection type.
581 [23413238261440] INFO perfrun.launcher <> - plugin [parallelfs] was disabled because it doesn't support the given collection type.
581 [23413238261440] INFO perfrun.launcher <> - plugin [power] was disabled because it doesn't support the given collection type.
581 [23413238261440] INFO perfrun.launcher <> - plugin [hwloc] was disabled because it doesn't support the given collection type.
581 [23413238261440] INFO perfrun.launcher <> - plugin [ipmwatch] was disabled because it doesn't support the given collection type.
581 [23413238261440] INFO perfrun.launcher <> - plugin [os_counters] was disabled because it doesn't support the given collection type.
581 [23413238261440] INFO perfrun.launcher <> - plugin [l0_metrics] was disabled because it doesn't support the given collection type.
581 [23413381515136] INFO perfrun.launcher <> - set environment variable: LD_LIBRARY_PATH = /opt/intel/oneapi/vtune/2023.1.0/lib32/runtime:/opt/intel/oneapi/vtune/2023.1.0/lib64/runtime:/opt/intel/oneapi/tbb/2021.5.1/env/../lib/intel64/gcc4.8:/opt/intel/oneapi/mpi/2021.5.1//libfabric/lib:/opt/intel/oneapi/mpi/2021.5.1//lib/release:/opt/intel/oneapi/mpi/2021.5.1//lib:/opt/intel/oneapi/mkl/2022.0.2/lib/intel64:/opt/intel/oneapi/itac/2021.5.0/slib:/opt/intel/oneapi/debugger/2021.5.0/gdb/intel64/lib:/opt/intel/oneapi/debugger/2021.5.0/libipt/intel64/lib:/opt/intel/oneapi/debugger/2021.5.0/dep/lib:/opt/intel/oneapi/compiler/2022.0.2/linux/lib:/opt/intel/oneapi/compiler/2022.0.2/linux/lib/x64:/opt/intel/oneapi/compiler/2022.0.2/linux/lib/oclfpga/host/linux64/lib:/opt/intel/oneapi/compiler/2022.0.2/linux/compiler/lib/intel64_lin
581 [23413381515136] INFO perfrun.launcher <> - set environment variable: INTEL_LIBITTNOTIFY32 = /opt/intel/oneapi/vtune/2023.1.0/lib32/runtime/libittnotify_collector.so
581 [23413381515136] INFO perfrun.launcher <> - set environment variable: INTEL_LIBITTNOTIFY64 = /opt/intel/oneapi/vtune/2023.1.0/lib64/runtime/libittnotify_collector.so
581 [23413381515136] INFO perfrun.launcher <> - set environment variable: INTEL_ITTNOTIFY_GROUPS = 
581 [23413381515136] INFO perfrun.launcher <> - set environment variable: INTEL_JIT_PROFILER32 = /opt/intel/oneapi/vtune/2023.1.0/lib32/runtime/libittnotify_collector.so
581 [23413381515136] INFO perfrun.launcher <> - set environment variable: INTEL_JIT_PROFILER64 = /opt/intel/oneapi/vtune/2023.1.0/lib64/runtime/libittnotify_collector.so
581 [23413381515136] INFO perfrun.launcher <> - set environment variable: OMP_TOOL_LIBRARIES = /opt/intel/oneapi/vtune/2023.1.0/lib32/runtime/libittnotify_collector.so:/opt/intel/oneapi/vtune/2023.1.0/lib64/runtime/libittnotify_collector.so
581 [23413381515136] INFO perfrun.launcher <> - set environment variable: ENABLE_JITPROFILING = 1
581 [23413381515136] INFO perfrun.launcher <> - set environment variable: CL_CONFIG_USE_VTUNE = True
581 [23413381515136] INFO perfrun.launcher <> - set environment variable: LD_PRELOAD = libittnotify_collector.so:
582 [23413381515136] INFO perfrun.launcher <> - set environment variable: KMP_FORKJOIN_FRAMES = 0
582 [23413381515136] INFO perfrun.launcher <> - set environment variable: KMP_FORKJOIN_FRAMES_MODE = 0
582 [23413381515136] INFO perfrun.launcher <> - set environment variable: OMP_TOOL = disabled
582 [23413381515136] INFO perfrun.launcher <> - set environment variable: INTEL_MRTE_DATA_DIR = /home/course/hpc/users/2022012388/exp8/result.conv2/data.48
582 [23413381515136] INFO perfrun.launcher <> - set environment variable: INTEL_MRTE_HOST_NAME = conv2
582 [23413381515136] INFO perfrun.launcher <> - set environment variable: JAVA_TOOL_OPTIONS = -agentlib:amplxe_tpssmrte_javaprof_1.0 -Dsun.boot.library.path=/opt/intel/oneapi/vtune/2023.1.0/lib32/runtime:/opt/intel/oneapi/vtune/2023.1.0/lib64/runtime
582 [23413381515136] INFO perfrun.launcher <> - set environment variable: LD_LIBRARY_PATH = /opt/intel/oneapi/vtune/2023.1.0/lib32/runtime:/opt/intel/oneapi/vtune/2023.1.0/lib64/runtime:/opt/intel/oneapi/tbb/2021.5.1/env/../lib/intel64/gcc4.8:/opt/intel/oneapi/mpi/2021.5.1//libfabric/lib:/opt/intel/oneapi/mpi/2021.5.1//lib/release:/opt/intel/oneapi/mpi/2021.5.1//lib:/opt/intel/oneapi/mkl/2022.0.2/lib/intel64:/opt/intel/oneapi/itac/2021.5.0/slib:/opt/intel/oneapi/debugger/2021.5.0/gdb/intel64/lib:/opt/intel/oneapi/debugger/2021.5.0/libipt/intel64/lib:/opt/intel/oneapi/debugger/2021.5.0/dep/lib:/opt/intel/oneapi/compiler/2022.0.2/linux/lib:/opt/intel/oneapi/compiler/2022.0.2/linux/lib/x64:/opt/intel/oneapi/compiler/2022.0.2/linux/lib/oclfpga/host/linux64/lib:/opt/intel/oneapi/compiler/2022.0.2/linux/compiler/lib/intel64_lin
582 [23413381515136] INFO perfrun.launcher <> - set environment variable: CORECLR_ENABLE_PROFILING = 1
582 [23413381515136] INFO perfrun.launcher <> - set environment variable: CORECLR_PROFILER = {AA5E4821-E3B1-479c-B7FF-5AD047D22CED}
582 [23413381515136] INFO perfrun.launcher <> - set environment variable: CORECLR_PROFILER_PATH = /opt/intel/oneapi/vtune/2023.1.0/lib64/libamplxe_samplingmrte_clrprof_1.0.so
582 [23413381515136] INFO perfrun.launcher <> - set environment variable: INTEL_MRTE_PROFILER_MODE = mixed
582 [23413381515136] INFO perfrun.launcher <> - RpcServer: run RPC server to handle requests
582 [23413381515136] INFO perfrun.launcher <> - Launcher: command line to start before modification = ./run.sh 2022012388
583 [23413381515136] INFO perfrun.launcher <> - Launcher: command line to start after modification = /opt/intel/oneapi/vtune/2023.1.0/bin64/pin -error_file /home/course/hpc/users/2022012388/exp8/result.conv2/data.48/pinerr.tpsslog -detach_reattach -follow_execv -tool_load_option deepbind -t64 /opt/intel/oneapi/vtune/2023.1.0/lib64/libtpsstool.so -t /opt/intel/oneapi/vtune/2023.1.0/lib32/libtpsstool.so -server_name tpss_ipc.2287968 -prd_dir /opt/intel/oneapi/vtune/2023.1.0 -- ./run.sh 2022012388
