13 [22391689287552] INFO perfrun.launcher <> - Launcher main begin
14 [22391689287552] INFO perfrun.launcher <> - MessageCatalogInit finished
14 [22391689287552] INFO perfrun.launcher <> - Launcher instance created
14 [22391689287552] INFO perfrun.launcher <> - argc = 7; cmdline = /opt/intel/oneapi/vtune/2023.1.0/bin64/amplxe-runss --ui-output-format xml --ui-output-fd 5 --option-file /home/course/hpc/users/2022012388/exp8/result.conv2/config/runss.options.11 
147 [22391689287552] INFO perfrun.launcher <> - create msngr2::ICliToolContext
147 [22391689287552] INFO perfrun.launcher <> - create file finder object
147 [22391689287552] INFO perfrun.launcher <> - create a result directory: pattern = /home/course/hpc/users/2022012388/exp8/result.conv2 pid = 4294967295
149 [22391689287552] INFO perfrun.sdk <> - checked that the directory /home/course/hpc/users/2022012388/exp8/result.conv2 is a local directory
149 [22391689287552] INFO perfrun.sdk <> - the directory /home/course/hpc/users/2022012388/exp8/result.conv2 is located on a share or its FS ID is unknown 26985
149 [22391689287552] INFO perfrun.sdk <> - checked that the directory /tmp/amplxe-tmp-2022012388 is a local directory
149 [22391689287552] INFO perfrun.sdk <> - the directory /tmp/amplxe-tmp-2022012388 is located on a share or its FS ID is unknown 2035054128
150 [22391689287552] INFO perfrun.launcher <> - create data directory = /home/course/hpc/users/2022012388/exp8/result.conv2/data.12
151 [22391689287552] INFO perfrun.launcher <> - Creating the master collection flag
151 [22391689287552] INFO perfrun.launcher <> - Done creating the master collection flag
154 [22391545652928] INFO perfrun.launcher <> - plugin [remoteplug] was disabled because it doesn't support the given collection type.
154 [22391545652928] INFO perfrun.sdk <> - Allocating TMU :/home/course/hpc/users/2022012388/exp8/result.conv2/data.12/systemcollector-2284230-conv2.sc
156 [22391545652928] INFO perfrun.launcher <> - plugin [vdso] was disabled because it doesn't support the given collection type.
156 [22391545652928] INFO perfrun.launcher <> - plugin [ptracecollector] was disabled because it doesn't support the given collection type.
156 [22391545652928] INFO perfrun.launcher <> - plugin [gpu] was disabled because it doesn't support the given collection type.
156 [22391545652928] INFO perfrun.launcher <> - plugin [] was disabled because it doesn't support the given collection type.
156 [22391545652928] INFO perfrun.launcher <> - plugin [] was disabled because it doesn't support the given collection type.
156 [22391545652928] INFO perfrun.launcher <> - plugin [] was disabled because it doesn't support the given collection type.
156 [22391545652928] INFO perfrun.mrte <> - system-wide mode is 0
156 [22391545652928] INFO perfrun.mrte <> - Getting  mrte profiling environment ...
170 [22391545652928] INFO perfrun.mrte <> - INTEL_MRTE_DATA_DIR=/home/course/hpc/users/2022012388/exp8/result.conv2/data.12
170 [22391545652928] INFO perfrun.mrte <> - INTEL_MRTE_HOST_NAME=conv2
170 [22391545652928] INFO perfrun.mrte <> - JAVA_TOOL_OPTIONS=-agentlib:amplxe_tpssmrte_javaprof_1.0 -Dsun.boot.library.path=/opt/intel/oneapi/vtune/2023.1.0/lib32/runtime:/opt/intel/oneapi/vtune/2023.1.0/lib64/runtime
170 [22391545652928] INFO perfrun.mrte <> - LD_LIBRARY_PATH=/opt/intel/oneapi/vtune/2023.1.0/lib32/runtime:/opt/intel/oneapi/vtune/2023.1.0/lib64/runtime:/opt/intel/oneapi/tbb/2021.5.1/env/../lib/intel64/gcc4.8:/opt/intel/oneapi/mpi/2021.5.1//libfabric/lib:/opt/intel/oneapi/mpi/2021.5.1//lib/release:/opt/intel/oneapi/mpi/2021.5.1//lib:/opt/intel/oneapi/mkl/2022.0.2/lib/intel64:/opt/intel/oneapi/itac/2021.5.0/slib:/opt/intel/oneapi/debugger/2021.5.0/gdb/intel64/lib:/opt/intel/oneapi/debugger/2021.5.0/libipt/intel64/lib:/opt/intel/oneapi/debugger/2021.5.0/dep/lib:/opt/intel/oneapi/compiler/2022.0.2/linux/lib:/opt/intel/oneapi/compiler/2022.0.2/linux/lib/x64:/opt/intel/oneapi/compiler/2022.0.2/linux/lib/oclfpga/host/linux64/lib:/opt/intel/oneapi/compiler/2022.0.2/linux/compiler/lib/intel64_lin
170 [22391545652928] INFO perfrun.mrte <> - CORECLR_ENABLE_PROFILING=1
170 [22391545652928] INFO perfrun.mrte <> - CORECLR_PROFILER={AA5E4821-E3B1-479c-B7FF-5AD047D22CED}
170 [22391545652928] INFO perfrun.mrte <> - CORECLR_PROFILER_PATH=/opt/intel/oneapi/vtune/2023.1.0/lib64/libamplxe_samplingmrte_clrprof_1.0.so
170 [22391545652928] INFO perfrun.mrte <> - INTEL_MRTE_PROFILER_MODE=mixed
170 [22391545652928] INFO perfrun.mrte <> - Data directory: /home/course/hpc/users/2022012388/exp8/result.conv2/data.12
170 [22391545652928] INFO perfrun.mrte <> - Mrte plugin is initialized
170 [22391545652928] INFO perfrun.launcher <> - plugin [emon] was disabled because it doesn't support the given collection type.
170 [22391545652928] INFO perfrun.launcher <> - plugin [cuscol] was disabled because it doesn't support the given collection type.
170 [22391545652928] INFO perfrun.launcher <> - plugin [stdsrc] was disabled because it doesn't support the given collection type.
170 [22391545652928] INFO perfrun.launcher <> - plugin [sep] was disabled because it doesn't support the given collection type.
170 [22391545652928] INFO perfrun.launcher <> - plugin [vtsspp] was disabled because it doesn't support the given collection type.
170 [22391545652928] INFO perfrun.sdk <> - Reading value (0) from file: /proc/sys/kernel/perf_event_paranoid
170 [22391545652928] INFO perfrun.perfcollector <> - checking access to: /opt/intel/oneapi/vtune/2023.1.0/bin64/amplxe-perf-priv
173 [22391545652928] INFO perfrun.perfcollector <> - cpu: family = 6 model = 79
173 [22391545652928] INFO perfrun.perfcollector <> - dir found: /sys/bus/event_source/devices/software
173 [22391545652928] INFO perfrun.perfcollector <> - format: pmu format subdir doesn't exist
173 [22391545652928] INFO perfrun.perfcollector <> - hwInfo: not set, pmuFam: software
173 [22391545652928] INFO perfrun.perfcollector <> - pmu added: family: software, id: 0
173 [22391545652928] INFO perfrun.perfcollector <> - dir found: /sys/bus/event_source/devices/uncore_imc_5
174 [22391545652928] INFO perfrun.perfcollector <> - format: event config:0-7 mask:0-7
174 [22391545652928] INFO perfrun.perfcollector <> - format: edge config:18 mask:18
174 [22391545652928] INFO perfrun.perfcollector <> - format: inv config:23 mask:23
174 [22391545652928] INFO perfrun.perfcollector <> - format: umask config:8-15 mask:8-15
174 [22391545652928] INFO perfrun.perfcollector <> - format: thresh config:24-31 mask:24-31
174 [22391545652928] INFO perfrun.perfcollector <> - hwInfo: PERF_IMC_PMU_DETAILS
175 [22391545652928] INFO perfrun.perfcollector <> - pmu added: family: uncore_imc, id: 5
175 [22391545652928] INFO perfrun.perfcollector <> - dir found: /sys/bus/event_source/devices/uncore_sbox_2
175 [22391545652928] INFO perfrun.perfcollector <> - format: event config:0-7 mask:0-7
175 [22391545652928] INFO perfrun.perfcollector <> - format: edge config:18 mask:18
175 [22391545652928] INFO perfrun.perfcollector <> - format: inv config:23 mask:23
175 [22391545652928] INFO perfrun.perfcollector <> - format: umask config:8-15 mask:8-15
175 [22391545652928] INFO perfrun.perfcollector <> - format: tid_en config:19 mask:19
176 [22391545652928] INFO perfrun.perfcollector <> - format: thresh config:24-31 mask:24-31
176 [22391545652928] INFO perfrun.perfcollector <> - hwInfo: not set, pmuFam: uncore_sbox
176 [22391545652928] INFO perfrun.perfcollector <> - pmu added: family: uncore_sbox, id: 2
176 [22391545652928] INFO perfrun.perfcollector <> - dir found: /sys/bus/event_source/devices/uncore_cbox_8
176 [22391545652928] INFO perfrun.perfcollector <> - format: event config:0-7 mask:0-7
176 [22391545652928] INFO perfrun.perfcollector <> - format: filter_link config1:6-8 mask:6-8
176 [22391545652928] INFO perfrun.perfcollector <> - format: filter_c6 config1:61 mask:61
177 [22391545652928] INFO perfrun.perfcollector <> - format: edge config:18 mask:18
177 [22391545652928] INFO perfrun.perfcollector <> - format: filter_isoc config1:63 mask:63
177 [22391545652928] INFO perfrun.perfcollector <> - format: filter_tid config1:0-5 mask:0-5
177 [22391545652928] INFO perfrun.perfcollector <> - format: filter_nid config1:32-47 mask:32-47
177 [22391545652928] INFO perfrun.perfcollector <> - format: filter_nc config1:62 mask:62
177 [22391545652928] INFO perfrun.perfcollector <> - format: umask config:8-15 mask:8-15
177 [22391545652928] INFO perfrun.perfcollector <> - format: tid_en config:19 mask:19
177 [22391545652928] INFO perfrun.perfcollector <> - format: thresh config:24-31 mask:24-31
178 [22391545652928] INFO perfrun.perfcollector <> - format: filter_state config1:17-23 mask:17-23
178 [22391545652928] INFO perfrun.perfcollector <> - format: filter_opc config1:52-60 mask:52-60
178 [22391545652928] INFO perfrun.perfcollector <> - hwInfo: PERF_CBOX_PMU_DETAILS
178 [22391545652928] INFO perfrun.perfcollector <> - pmu added: family: uncore_cbox, id: 8
178 [22391545652928] INFO perfrun.perfcollector <> - dir found: /sys/bus/event_source/devices/uncore_cbox_13
178 [22391545652928] INFO perfrun.perfcollector <> - format: event config:0-7 mask:0-7
178 [22391545652928] INFO perfrun.perfcollector <> - format: filter_link config1:6-8 mask:6-8
179 [22391545652928] INFO perfrun.perfcollector <> - format: filter_c6 config1:61 mask:61
179 [22391545652928] INFO perfrun.perfcollector <> - format: edge config:18 mask:18
179 [22391545652928] INFO perfrun.perfcollector <> - format: filter_isoc config1:63 mask:63
179 [22391545652928] INFO perfrun.perfcollector <> - format: filter_tid config1:0-5 mask:0-5
179 [22391545652928] INFO perfrun.perfcollector <> - format: filter_nid config1:32-47 mask:32-47
180 [22391545652928] INFO perfrun.perfcollector <> - format: filter_nc config1:62 mask:62
180 [22391545652928] INFO perfrun.perfcollector <> - format: umask config:8-15 mask:8-15
180 [22391545652928] INFO perfrun.perfcollector <> - format: tid_en config:19 mask:19
180 [22391545652928] INFO perfrun.perfcollector <> - format: thresh config:24-31 mask:24-31
180 [22391545652928] INFO perfrun.perfcollector <> - format: filter_state config1:17-23 mask:17-23
180 [22391545652928] INFO perfrun.perfcollector <> - format: filter_opc config1:52-60 mask:52-60
180 [22391545652928] INFO perfrun.perfcollector <> - hwInfo: PERF_CBOX_PMU_DETAILS
180 [22391545652928] INFO perfrun.perfcollector <> - pmu added: family: uncore_cbox, id: 13
181 [22391545652928] INFO perfrun.perfcollector <> - dir found: /sys/bus/event_source/devices/uncore_r2pcie
181 [22391545652928] INFO perfrun.perfcollector <> - format: event config:0-7 mask:0-7
181 [22391545652928] INFO perfrun.perfcollector <> - format: edge config:18 mask:18
181 [22391545652928] INFO perfrun.perfcollector <> - format: inv config:23 mask:23
181 [22391545652928] INFO perfrun.perfcollector <> - format: umask config:8-15 mask:8-15
181 [22391545652928] INFO perfrun.perfcollector <> - format: thresh config:24-31 mask:24-31
181 [22391545652928] INFO perfrun.perfcollector <> - hwInfo: not set, pmuFam: uncore_r2pcie
182 [22391545652928] INFO perfrun.perfcollector <> - pmu added: family: uncore_r2pcie, id: 0
182 [22391545652928] INFO perfrun.perfcollector <> - dir found: /sys/bus/event_source/devices/uncore_sbox_0
182 [22391545652928] INFO perfrun.perfcollector <> - format: event config:0-7 mask:0-7
182 [22391545652928] INFO perfrun.perfcollector <> - format: edge config:18 mask:18
182 [22391545652928] INFO perfrun.perfcollector <> - format: inv config:23 mask:23
182 [22391545652928] INFO perfrun.perfcollector <> - format: umask config:8-15 mask:8-15
182 [22391545652928] INFO perfrun.perfcollector <> - format: tid_en config:19 mask:19
183 [22391545652928] INFO perfrun.perfcollector <> - format: thresh config:24-31 mask:24-31
183 [22391545652928] INFO perfrun.perfcollector <> - hwInfo: not set, pmuFam: uncore_sbox
183 [22391545652928] INFO perfrun.perfcollector <> - pmu added: family: uncore_sbox, id: 0
183 [22391545652928] INFO perfrun.perfcollector <> - dir found: /sys/bus/event_source/devices/uncore_qpi_1
183 [22391545652928] INFO perfrun.perfcollector <> - format: mask_rnid4 config2:31 mask:31
183 [22391545652928] INFO perfrun.perfcollector <> - format: mask_rnid30 config2:32-35 mask:32-35
183 [22391545652928] INFO perfrun.perfcollector <> - format: match_rnid30 config1:32-35 mask:32-35
183 [22391545652928] INFO perfrun.perfcollector <> - format: event config:0-7,21 mask:0-7,21
183 [22391545652928] INFO perfrun.perfcollector <> - format: match0 config1:0-31 mask:0-31
183 [22391545652928] INFO perfrun.perfcollector <> - format: match_rds config1:48-51 mask:48-51
184 [22391545652928] INFO perfrun.perfcollector <> - format: mask_rds config2:48-51 mask:48-51
184 [22391545652928] INFO perfrun.perfcollector <> - format: edge config:18 mask:18
184 [22391545652928] INFO perfrun.perfcollector <> - format: mask1 config2:32-63 mask:32-63
184 [22391545652928] INFO perfrun.perfcollector <> - format: match_dnid config1:13-17 mask:13-17
184 [22391545652928] INFO perfrun.perfcollector <> - format: mask_dnid config2:13-17 mask:13-17
184 [22391545652928] INFO perfrun.perfcollector <> - format: match_vnw config1:3-4 mask:3-4
184 [22391545652928] INFO perfrun.perfcollector <> - format: mask_vnw config2:3-4 mask:3-4
185 [22391545652928] INFO perfrun.perfcollector <> - format: mask_mc config2:9-12 mask:9-12
185 [22391545652928] INFO perfrun.perfcollector <> - format: match1 config1:32-63 mask:32-63
185 [22391545652928] INFO perfrun.perfcollector <> - format: inv config:23 mask:23
185 [22391545652928] INFO perfrun.perfcollector <> - format: umask config:8-15 mask:8-15
185 [22391545652928] INFO perfrun.perfcollector <> - format: match_opc config1:5-8 mask:5-8
185 [22391545652928] INFO perfrun.perfcollector <> - format: mask_opc config2:5-8 mask:5-8
185 [22391545652928] INFO perfrun.perfcollector <> - format: thresh config:24-31 mask:24-31
186 [22391545652928] INFO perfrun.perfcollector <> - format: match_rnid4 config1:31 mask:31
186 [22391545652928] INFO perfrun.perfcollector <> - format: mask0 config2:0-31 mask:0-31
186 [22391545652928] INFO perfrun.perfcollector <> - format: match_mc config1:9-12 mask:9-12
186 [22391545652928] INFO perfrun.perfcollector <> - hwInfo: PERF_QPI_PMU_DETAILS
186 [22391545652928] INFO perfrun.perfcollector <> - pmu added: family: uncore_qpi, id: 1
186 [22391545652928] INFO perfrun.perfcollector <> - dir found: /sys/bus/event_source/devices/uncore_cbox_6
186 [22391545652928] INFO perfrun.perfcollector <> - format: event config:0-7 mask:0-7
186 [22391545652928] INFO perfrun.perfcollector <> - format: filter_link config1:6-8 mask:6-8
187 [22391545652928] INFO perfrun.perfcollector <> - format: filter_c6 config1:61 mask:61
187 [22391545652928] INFO perfrun.perfcollector <> - format: edge config:18 mask:18
187 [22391545652928] INFO perfrun.perfcollector <> - format: filter_isoc config1:63 mask:63
187 [22391545652928] INFO perfrun.perfcollector <> - format: filter_tid config1:0-5 mask:0-5
187 [22391545652928] INFO perfrun.perfcollector <> - format: filter_nid config1:32-47 mask:32-47
187 [22391545652928] INFO perfrun.perfcollector <> - format: filter_nc config1:62 mask:62
187 [22391545652928] INFO perfrun.perfcollector <> - format: umask config:8-15 mask:8-15
187 [22391545652928] INFO perfrun.perfcollector <> - format: tid_en config:19 mask:19
188 [22391545652928] INFO perfrun.perfcollector <> - format: thresh config:24-31 mask:24-31
188 [22391545652928] INFO perfrun.perfcollector <> - format: filter_state config1:17-23 mask:17-23
188 [22391545652928] INFO perfrun.perfcollector <> - format: filter_opc config1:52-60 mask:52-60
188 [22391545652928] INFO perfrun.perfcollector <> - hwInfo: PERF_CBOX_PMU_DETAILS
188 [22391545652928] INFO perfrun.perfcollector <> - pmu added: family: uncore_cbox, id: 6
188 [22391545652928] INFO perfrun.perfcollector <> - dir found: /sys/bus/event_source/devices/uncore_imc_1
188 [22391545652928] INFO perfrun.perfcollector <> - format: event config:0-7 mask:0-7
188 [22391545652928] INFO perfrun.perfcollector <> - format: edge config:18 mask:18
189 [22391545652928] INFO perfrun.perfcollector <> - format: inv config:23 mask:23
189 [22391545652928] INFO perfrun.perfcollector <> - format: umask config:8-15 mask:8-15
189 [22391545652928] INFO perfrun.perfcollector <> - format: thresh config:24-31 mask:24-31
189 [22391545652928] INFO perfrun.perfcollector <> - hwInfo: PERF_IMC_PMU_DETAILS
189 [22391545652928] INFO perfrun.perfcollector <> - pmu added: family: uncore_imc, id: 1
189 [22391545652928] INFO perfrun.perfcollector <> - dir found: /sys/bus/event_source/devices/power
189 [22391545652928] INFO perfrun.perfcollector <> - format: event config:0-7 mask:0-7
189 [22391545652928] INFO perfrun.perfcollector <> - hwInfo: not set, pmuFam: power
190 [22391545652928] INFO perfrun.perfcollector <> - pmu added: family: power, id: 0
190 [22391545652928] INFO perfrun.perfcollector <> - dir found: /sys/bus/event_source/devices/uncore_cbox_11
190 [22391545652928] INFO perfrun.perfcollector <> - format: event config:0-7 mask:0-7
190 [22391545652928] INFO perfrun.perfcollector <> - format: filter_link config1:6-8 mask:6-8
190 [22391545652928] INFO perfrun.perfcollector <> - format: filter_c6 config1:61 mask:61
190 [22391545652928] INFO perfrun.perfcollector <> - format: edge config:18 mask:18
190 [22391545652928] INFO perfrun.perfcollector <> - format: filter_isoc config1:63 mask:63
190 [22391545652928] INFO perfrun.perfcollector <> - format: filter_tid config1:0-5 mask:0-5
191 [22391545652928] INFO perfrun.perfcollector <> - format: filter_nid config1:32-47 mask:32-47
191 [22391545652928] INFO perfrun.perfcollector <> - format: filter_nc config1:62 mask:62
191 [22391545652928] INFO perfrun.perfcollector <> - format: umask config:8-15 mask:8-15
191 [22391545652928] INFO perfrun.perfcollector <> - format: tid_en config:19 mask:19
191 [22391545652928] INFO perfrun.perfcollector <> - format: thresh config:24-31 mask:24-31
191 [22391545652928] INFO perfrun.perfcollector <> - format: filter_state config1:17-23 mask:17-23
191 [22391545652928] INFO perfrun.perfcollector <> - format: filter_opc config1:52-60 mask:52-60
191 [22391545652928] INFO perfrun.perfcollector <> - hwInfo: PERF_CBOX_PMU_DETAILS
191 [22391545652928] INFO perfrun.perfcollector <> - pmu added: family: uncore_cbox, id: 11
192 [22391545652928] INFO perfrun.perfcollector <> - dir found: /sys/bus/event_source/devices/uncore_cbox_4
192 [22391545652928] INFO perfrun.perfcollector <> - format: event config:0-7 mask:0-7
192 [22391545652928] INFO perfrun.perfcollector <> - format: filter_link config1:6-8 mask:6-8
192 [22391545652928] INFO perfrun.perfcollector <> - format: filter_c6 config1:61 mask:61
192 [22391545652928] INFO perfrun.perfcollector <> - format: edge config:18 mask:18
192 [22391545652928] INFO perfrun.perfcollector <> - format: filter_isoc config1:63 mask:63
192 [22391545652928] INFO perfrun.perfcollector <> - format: filter_tid config1:0-5 mask:0-5
193 [22391545652928] INFO perfrun.perfcollector <> - format: filter_nid config1:32-47 mask:32-47
193 [22391545652928] INFO perfrun.perfcollector <> - format: filter_nc config1:62 mask:62
193 [22391545652928] INFO perfrun.perfcollector <> - format: umask config:8-15 mask:8-15
193 [22391545652928] INFO perfrun.perfcollector <> - format: tid_en config:19 mask:19
193 [22391545652928] INFO perfrun.perfcollector <> - format: thresh config:24-31 mask:24-31
193 [22391545652928] INFO perfrun.perfcollector <> - format: filter_state config1:17-23 mask:17-23
193 [22391545652928] INFO perfrun.perfcollector <> - format: filter_opc config1:52-60 mask:52-60
193 [22391545652928] INFO perfrun.perfcollector <> - hwInfo: PERF_CBOX_PMU_DETAILS
193 [22391545652928] INFO perfrun.perfcollector <> - pmu added: family: uncore_cbox, id: 4
193 [22391545652928] INFO perfrun.perfcollector <> - dir found: /sys/bus/event_source/devices/uprobe
194 [22391545652928] INFO perfrun.perfcollector <> - format: ref_ctr_offset config:32-63 mask:32-63
194 [22391545652928] INFO perfrun.perfcollector <> - format: retprobe config:0 mask:0
194 [22391545652928] INFO perfrun.perfcollector <> - hwInfo: not set, pmuFam: uprobe
194 [22391545652928] INFO perfrun.perfcollector <> - pmu added: family: uprobe, id: 0
194 [22391545652928] INFO perfrun.perfcollector <> - dir found: /sys/bus/event_source/devices/intel_bts
194 [22391545652928] INFO perfrun.perfcollector <> - format: pmu format subdir doesn't exist
194 [22391545652928] INFO perfrun.perfcollector <> - hwInfo: not set, pmuFam: intel_bts
194 [22391545652928] INFO perfrun.perfcollector <> - pmu added: family: intel_bts, id: 0
194 [22391545652928] INFO perfrun.perfcollector <> - dir found: /sys/bus/event_source/devices/cpu
195 [22391545652928] INFO perfrun.perfcollector <> - format: event config:0-7 mask:0-7
195 [22391545652928] INFO perfrun.perfcollector <> - format: pc config:19 mask:19
195 [22391545652928] INFO perfrun.perfcollector <> - format: in_tx config:32 mask:32
195 [22391545652928] INFO perfrun.perfcollector <> - format: edge config:18 mask:18
195 [22391545652928] INFO perfrun.perfcollector <> - format: any config:21 mask:21
195 [22391545652928] INFO perfrun.perfcollector <> - format: offcore_rsp config1:0-63 mask:0-63
195 [22391545652928] INFO perfrun.perfcollector <> - format: in_tx_cp config:33 mask:33
196 [22391545652928] INFO perfrun.perfcollector <> - format: ldlat config1:0-15 mask:0-15
196 [22391545652928] INFO perfrun.perfcollector <> - format: inv config:23 mask:23
196 [22391545652928] INFO perfrun.perfcollector <> - format: umask config:8-15 mask:8-15
196 [22391545652928] INFO perfrun.perfcollector <> - format: cmask config:24-31 mask:24-31
196 [22391545652928] INFO perfrun.perfcollector <> - hwInfo: PERF_CPU_PMU_DETAILS
196 [22391545652928] INFO perfrun.perfcollector <> - pmu added: family: cpu, id: 0
196 [22391545652928] INFO perfrun.perfcollector <> - dir found: /sys/bus/event_source/devices/uncore_r3qpi_0
197 [22391545652928] INFO perfrun.perfcollector <> - format: event config:0-7 mask:0-7
197 [22391545652928] INFO perfrun.perfcollector <> - format: edge config:18 mask:18
197 [22391545652928] INFO perfrun.perfcollector <> - format: inv config:23 mask:23
197 [22391545652928] INFO perfrun.perfcollector <> - format: umask config:8-15 mask:8-15
197 [22391545652928] INFO perfrun.perfcollector <> - format: thresh config:24-31 mask:24-31
197 [22391545652928] INFO perfrun.perfcollector <> - hwInfo: not set, pmuFam: uncore_r3qpi
197 [22391545652928] INFO perfrun.perfcollector <> - pmu added: family: uncore_r3qpi, id: 0
198 [22391545652928] INFO perfrun.perfcollector <> - dir found: /sys/bus/event_source/devices/cstate_core
198 [22391545652928] INFO perfrun.perfcollector <> - format: event config:0-63 mask:0-63
198 [22391545652928] INFO perfrun.perfcollector <> - hwInfo: not set, pmuFam: cstate_core
198 [22391545652928] INFO perfrun.perfcollector <> - pmu added: family: cstate_core, id: 0
198 [22391545652928] INFO perfrun.perfcollector <> - dir found: /sys/bus/event_source/devices/uncore_cbox_2
198 [22391545652928] INFO perfrun.perfcollector <> - format: event config:0-7 mask:0-7
199 [22391545652928] INFO perfrun.perfcollector <> - format: filter_link config1:6-8 mask:6-8
199 [22391545652928] INFO perfrun.perfcollector <> - format: filter_c6 config1:61 mask:61
199 [22391545652928] INFO perfrun.perfcollector <> - format: edge config:18 mask:18
199 [22391545652928] INFO perfrun.perfcollector <> - format: filter_isoc config1:63 mask:63
199 [22391545652928] INFO perfrun.perfcollector <> - format: filter_tid config1:0-5 mask:0-5
199 [22391545652928] INFO perfrun.perfcollector <> - format: filter_nid config1:32-47 mask:32-47
199 [22391545652928] INFO perfrun.perfcollector <> - format: filter_nc config1:62 mask:62
199 [22391545652928] INFO perfrun.perfcollector <> - format: umask config:8-15 mask:8-15
200 [22391545652928] INFO perfrun.perfcollector <> - format: tid_en config:19 mask:19
200 [22391545652928] INFO perfrun.perfcollector <> - format: thresh config:24-31 mask:24-31
200 [22391545652928] INFO perfrun.perfcollector <> - format: filter_state config1:17-23 mask:17-23
200 [22391545652928] INFO perfrun.perfcollector <> - format: filter_opc config1:52-60 mask:52-60
200 [22391545652928] INFO perfrun.perfcollector <> - hwInfo: PERF_CBOX_PMU_DETAILS
200 [22391545652928] INFO perfrun.perfcollector <> - pmu added: family: uncore_cbox, id: 2
200 [22391545652928] INFO perfrun.perfcollector <> - dir found: /sys/bus/event_source/devices/breakpoint
200 [22391545652928] INFO perfrun.perfcollector <> - format: pmu format subdir doesn't exist
200 [22391545652928] INFO perfrun.perfcollector <> - hwInfo: not set, pmuFam: breakpoint
201 [22391545652928] INFO perfrun.perfcollector <> - pmu added: family: breakpoint, id: 0
201 [22391545652928] INFO perfrun.perfcollector <> - dir found: /sys/bus/event_source/devices/uncore_ha_0
201 [22391545652928] INFO perfrun.perfcollector <> - format: event config:0-7 mask:0-7
201 [22391545652928] INFO perfrun.perfcollector <> - format: edge config:18 mask:18
201 [22391545652928] INFO perfrun.perfcollector <> - format: inv config:23 mask:23
201 [22391545652928] INFO perfrun.perfcollector <> - format: umask config:8-15 mask:8-15
201 [22391545652928] INFO perfrun.perfcollector <> - format: thresh config:24-31 mask:24-31
201 [22391545652928] INFO perfrun.perfcollector <> - hwInfo: not set, pmuFam: uncore_ha
202 [22391545652928] INFO perfrun.perfcollector <> - pmu added: family: uncore_ha, id: 0
202 [22391545652928] INFO perfrun.perfcollector <> - dir found: /sys/bus/event_source/devices/uncore_cbox_0
202 [22391545652928] INFO perfrun.perfcollector <> - format: event config:0-7 mask:0-7
202 [22391545652928] INFO perfrun.perfcollector <> - format: filter_link config1:6-8 mask:6-8
202 [22391545652928] INFO perfrun.perfcollector <> - format: filter_c6 config1:61 mask:61
202 [22391545652928] INFO perfrun.perfcollector <> - format: edge config:18 mask:18
202 [22391545652928] INFO perfrun.perfcollector <> - format: filter_isoc config1:63 mask:63
203 [22391545652928] INFO perfrun.perfcollector <> - format: filter_tid config1:0-5 mask:0-5
203 [22391545652928] INFO perfrun.perfcollector <> - format: filter_nid config1:32-47 mask:32-47
203 [22391545652928] INFO perfrun.perfcollector <> - format: filter_nc config1:62 mask:62
203 [22391545652928] INFO perfrun.perfcollector <> - format: umask config:8-15 mask:8-15
203 [22391545652928] INFO perfrun.perfcollector <> - format: tid_en config:19 mask:19
203 [22391545652928] INFO perfrun.perfcollector <> - format: thresh config:24-31 mask:24-31
204 [22391545652928] INFO perfrun.perfcollector <> - format: filter_state config1:17-23 mask:17-23
204 [22391545652928] INFO perfrun.perfcollector <> - format: filter_opc config1:52-60 mask:52-60
204 [22391545652928] INFO perfrun.perfcollector <> - hwInfo: PERF_CBOX_PMU_DETAILS
204 [22391545652928] INFO perfrun.perfcollector <> - pmu added: family: uncore_cbox, id: 0
204 [22391545652928] INFO perfrun.perfcollector <> - dir found: /sys/bus/event_source/devices/tracepoint
204 [22391545652928] INFO perfrun.perfcollector <> - format: pmu format subdir doesn't exist
204 [22391545652928] INFO perfrun.perfcollector <> - hwInfo: not set, pmuFam: tracepoint
204 [22391545652928] INFO perfrun.perfcollector <> - pmu added: family: tracepoint, id: 0
204 [22391545652928] INFO perfrun.perfcollector <> - dir found: /sys/bus/event_source/devices/uncore_sbox_3
205 [22391545652928] INFO perfrun.perfcollector <> - format: event config:0-7 mask:0-7
205 [22391545652928] INFO perfrun.perfcollector <> - format: edge config:18 mask:18
205 [22391545652928] INFO perfrun.perfcollector <> - format: inv config:23 mask:23
205 [22391545652928] INFO perfrun.perfcollector <> - format: umask config:8-15 mask:8-15
205 [22391545652928] INFO perfrun.perfcollector <> - format: tid_en config:19 mask:19
205 [22391545652928] INFO perfrun.perfcollector <> - format: thresh config:24-31 mask:24-31
205 [22391545652928] INFO perfrun.perfcollector <> - hwInfo: not set, pmuFam: uncore_sbox
205 [22391545652928] INFO perfrun.perfcollector <> - pmu added: family: uncore_sbox, id: 3
205 [22391545652928] INFO perfrun.perfcollector <> - dir found: /sys/bus/event_source/devices/uncore_cbox_9
206 [22391545652928] INFO perfrun.perfcollector <> - format: event config:0-7 mask:0-7
206 [22391545652928] INFO perfrun.perfcollector <> - format: filter_link config1:6-8 mask:6-8
206 [22391545652928] INFO perfrun.perfcollector <> - format: filter_c6 config1:61 mask:61
206 [22391545652928] INFO perfrun.perfcollector <> - format: edge config:18 mask:18
206 [22391545652928] INFO perfrun.perfcollector <> - format: filter_isoc config1:63 mask:63
206 [22391545652928] INFO perfrun.perfcollector <> - format: filter_tid config1:0-5 mask:0-5
207 [22391545652928] INFO perfrun.perfcollector <> - format: filter_nid config1:32-47 mask:32-47
207 [22391545652928] INFO perfrun.perfcollector <> - format: filter_nc config1:62 mask:62
207 [22391545652928] INFO perfrun.perfcollector <> - format: umask config:8-15 mask:8-15
207 [22391545652928] INFO perfrun.perfcollector <> - format: tid_en config:19 mask:19
207 [22391545652928] INFO perfrun.perfcollector <> - format: thresh config:24-31 mask:24-31
207 [22391545652928] INFO perfrun.perfcollector <> - format: filter_state config1:17-23 mask:17-23
207 [22391545652928] INFO perfrun.perfcollector <> - format: filter_opc config1:52-60 mask:52-60
207 [22391545652928] INFO perfrun.perfcollector <> - hwInfo: PERF_CBOX_PMU_DETAILS
208 [22391545652928] INFO perfrun.perfcollector <> - pmu added: family: uncore_cbox, id: 9
208 [22391545652928] INFO perfrun.perfcollector <> - dir found: /sys/bus/event_source/devices/cstate_pkg
208 [22391545652928] INFO perfrun.perfcollector <> - format: event config:0-63 mask:0-63
208 [22391545652928] INFO perfrun.perfcollector <> - hwInfo: not set, pmuFam: cstate_pkg
208 [22391545652928] INFO perfrun.perfcollector <> - pmu added: family: cstate_pkg, id: 0
208 [22391545652928] INFO perfrun.perfcollector <> - dir found: /sys/bus/event_source/devices/uncore_imc_4
208 [22391545652928] INFO perfrun.perfcollector <> - format: event config:0-7 mask:0-7
208 [22391545652928] INFO perfrun.perfcollector <> - format: edge config:18 mask:18
209 [22391545652928] INFO perfrun.perfcollector <> - format: inv config:23 mask:23
209 [22391545652928] INFO perfrun.perfcollector <> - format: umask config:8-15 mask:8-15
209 [22391545652928] INFO perfrun.perfcollector <> - format: thresh config:24-31 mask:24-31
209 [22391545652928] INFO perfrun.perfcollector <> - hwInfo: PERF_IMC_PMU_DETAILS
209 [22391545652928] INFO perfrun.perfcollector <> - pmu added: family: uncore_imc, id: 4
209 [22391545652928] INFO perfrun.perfcollector <> - dir found: /sys/bus/event_source/devices/uncore_ubox
209 [22391545652928] INFO perfrun.perfcollector <> - format: event config:0-7 mask:0-7
209 [22391545652928] INFO perfrun.perfcollector <> - format: edge config:18 mask:18
209 [22391545652928] INFO perfrun.perfcollector <> - format: inv config:23 mask:23
210 [22391545652928] INFO perfrun.perfcollector <> - format: umask config:8-15 mask:8-15
210 [22391545652928] INFO perfrun.perfcollector <> - format: thresh config:24-28 mask:24-28
210 [22391545652928] INFO perfrun.perfcollector <> - hwInfo: not set, pmuFam: uncore_ubox
210 [22391545652928] INFO perfrun.perfcollector <> - pmu added: family: uncore_ubox, id: 0
210 [22391545652928] INFO perfrun.perfcollector <> - dir found: /sys/bus/event_source/devices/uncore_sbox_1
210 [22391545652928] INFO perfrun.perfcollector <> - format: event config:0-7 mask:0-7
210 [22391545652928] INFO perfrun.perfcollector <> - format: edge config:18 mask:18
210 [22391545652928] INFO perfrun.perfcollector <> - format: inv config:23 mask:23
211 [22391545652928] INFO perfrun.perfcollector <> - format: umask config:8-15 mask:8-15
211 [22391545652928] INFO perfrun.perfcollector <> - format: tid_en config:19 mask:19
211 [22391545652928] INFO perfrun.perfcollector <> - format: thresh config:24-31 mask:24-31
211 [22391545652928] INFO perfrun.perfcollector <> - hwInfo: not set, pmuFam: uncore_sbox
211 [22391545652928] INFO perfrun.perfcollector <> - pmu added: family: uncore_sbox, id: 1
211 [22391545652928] INFO perfrun.perfcollector <> - dir found: /sys/bus/event_source/devices/uncore_cbox_7
211 [22391545652928] INFO perfrun.perfcollector <> - format: event config:0-7 mask:0-7
212 [22391545652928] INFO perfrun.perfcollector <> - format: filter_link config1:6-8 mask:6-8
212 [22391545652928] INFO perfrun.perfcollector <> - format: filter_c6 config1:61 mask:61
212 [22391545652928] INFO perfrun.perfcollector <> - format: edge config:18 mask:18
212 [22391545652928] INFO perfrun.perfcollector <> - format: filter_isoc config1:63 mask:63
212 [22391545652928] INFO perfrun.perfcollector <> - format: filter_tid config1:0-5 mask:0-5
212 [22391545652928] INFO perfrun.perfcollector <> - format: filter_nid config1:32-47 mask:32-47
212 [22391545652928] INFO perfrun.perfcollector <> - format: filter_nc config1:62 mask:62
212 [22391545652928] INFO perfrun.perfcollector <> - format: umask config:8-15 mask:8-15
212 [22391545652928] INFO perfrun.perfcollector <> - format: tid_en config:19 mask:19
213 [22391545652928] INFO perfrun.perfcollector <> - format: thresh config:24-31 mask:24-31
213 [22391545652928] INFO perfrun.perfcollector <> - format: filter_state config1:17-23 mask:17-23
213 [22391545652928] INFO perfrun.perfcollector <> - format: filter_opc config1:52-60 mask:52-60
213 [22391545652928] INFO perfrun.perfcollector <> - hwInfo: PERF_CBOX_PMU_DETAILS
213 [22391545652928] INFO perfrun.perfcollector <> - pmu added: family: uncore_cbox, id: 7
213 [22391545652928] INFO perfrun.perfcollector <> - dir found: /sys/bus/event_source/devices/uncore_cbox_12
213 [22391545652928] INFO perfrun.perfcollector <> - format: event config:0-7 mask:0-7
213 [22391545652928] INFO perfrun.perfcollector <> - format: filter_link config1:6-8 mask:6-8
214 [22391545652928] INFO perfrun.perfcollector <> - format: filter_c6 config1:61 mask:61
214 [22391545652928] INFO perfrun.perfcollector <> - format: edge config:18 mask:18
214 [22391545652928] INFO perfrun.perfcollector <> - format: filter_isoc config1:63 mask:63
214 [22391545652928] INFO perfrun.perfcollector <> - format: filter_tid config1:0-5 mask:0-5
214 [22391545652928] INFO perfrun.perfcollector <> - format: filter_nid config1:32-47 mask:32-47
214 [22391545652928] INFO perfrun.perfcollector <> - format: filter_nc config1:62 mask:62
214 [22391545652928] INFO perfrun.perfcollector <> - format: umask config:8-15 mask:8-15
214 [22391545652928] INFO perfrun.perfcollector <> - format: tid_en config:19 mask:19
214 [22391545652928] INFO perfrun.perfcollector <> - format: thresh config:24-31 mask:24-31
214 [22391545652928] INFO perfrun.perfcollector <> - format: filter_state config1:17-23 mask:17-23
214 [22391545652928] INFO perfrun.perfcollector <> - format: filter_opc config1:52-60 mask:52-60
214 [22391545652928] INFO perfrun.perfcollector <> - hwInfo: PERF_CBOX_PMU_DETAILS
215 [22391545652928] INFO perfrun.perfcollector <> - pmu added: family: uncore_cbox, id: 12
215 [22391545652928] INFO perfrun.perfcollector <> - dir found: /sys/bus/event_source/devices/kprobe
215 [22391545652928] INFO perfrun.perfcollector <> - format: retprobe config:0 mask:0
215 [22391545652928] INFO perfrun.perfcollector <> - hwInfo: not set, pmuFam: kprobe
215 [22391545652928] INFO perfrun.perfcollector <> - pmu added: family: kprobe, id: 0
215 [22391545652928] INFO perfrun.perfcollector <> - dir found: /sys/bus/event_source/devices/uncore_qpi_0
215 [22391545652928] INFO perfrun.perfcollector <> - format: mask_rnid4 config2:31 mask:31
215 [22391545652928] INFO perfrun.perfcollector <> - format: mask_rnid30 config2:32-35 mask:32-35
215 [22391545652928] INFO perfrun.perfcollector <> - format: match_rnid30 config1:32-35 mask:32-35
215 [22391545652928] INFO perfrun.perfcollector <> - format: event config:0-7,21 mask:0-7,21
215 [22391545652928] INFO perfrun.perfcollector <> - format: match0 config1:0-31 mask:0-31
215 [22391545652928] INFO perfrun.perfcollector <> - format: match_rds config1:48-51 mask:48-51
215 [22391545652928] INFO perfrun.perfcollector <> - format: mask_rds config2:48-51 mask:48-51
216 [22391545652928] INFO perfrun.perfcollector <> - format: edge config:18 mask:18
216 [22391545652928] INFO perfrun.perfcollector <> - format: mask1 config2:32-63 mask:32-63
216 [22391545652928] INFO perfrun.perfcollector <> - format: match_dnid config1:13-17 mask:13-17
216 [22391545652928] INFO perfrun.perfcollector <> - format: mask_dnid config2:13-17 mask:13-17
216 [22391545652928] INFO perfrun.perfcollector <> - format: match_vnw config1:3-4 mask:3-4
216 [22391545652928] INFO perfrun.perfcollector <> - format: mask_vnw config2:3-4 mask:3-4
216 [22391545652928] INFO perfrun.perfcollector <> - format: mask_mc config2:9-12 mask:9-12
216 [22391545652928] INFO perfrun.perfcollector <> - format: match1 config1:32-63 mask:32-63
216 [22391545652928] INFO perfrun.perfcollector <> - format: inv config:23 mask:23
217 [22391545652928] INFO perfrun.perfcollector <> - format: umask config:8-15 mask:8-15
217 [22391545652928] INFO perfrun.perfcollector <> - format: match_opc config1:5-8 mask:5-8
217 [22391545652928] INFO perfrun.perfcollector <> - format: mask_opc config2:5-8 mask:5-8
217 [22391545652928] INFO perfrun.perfcollector <> - format: thresh config:24-31 mask:24-31
217 [22391545652928] INFO perfrun.perfcollector <> - format: match_rnid4 config1:31 mask:31
217 [22391545652928] INFO perfrun.perfcollector <> - format: mask0 config2:0-31 mask:0-31
217 [22391545652928] INFO perfrun.perfcollector <> - format: match_mc config1:9-12 mask:9-12
217 [22391545652928] INFO perfrun.perfcollector <> - hwInfo: PERF_QPI_PMU_DETAILS
217 [22391545652928] INFO perfrun.perfcollector <> - pmu added: family: uncore_qpi, id: 0
217 [22391545652928] INFO perfrun.perfcollector <> - dir found: /sys/bus/event_source/devices/uncore_cbox_5
218 [22391545652928] INFO perfrun.perfcollector <> - format: event config:0-7 mask:0-7
218 [22391545652928] INFO perfrun.perfcollector <> - format: filter_link config1:6-8 mask:6-8
218 [22391545652928] INFO perfrun.perfcollector <> - format: filter_c6 config1:61 mask:61
218 [22391545652928] INFO perfrun.perfcollector <> - format: edge config:18 mask:18
218 [22391545652928] INFO perfrun.perfcollector <> - format: filter_isoc config1:63 mask:63
218 [22391545652928] INFO perfrun.perfcollector <> - format: filter_tid config1:0-5 mask:0-5
218 [22391545652928] INFO perfrun.perfcollector <> - format: filter_nid config1:32-47 mask:32-47
218 [22391545652928] INFO perfrun.perfcollector <> - format: filter_nc config1:62 mask:62
218 [22391545652928] INFO perfrun.perfcollector <> - format: umask config:8-15 mask:8-15
218 [22391545652928] INFO perfrun.perfcollector <> - format: tid_en config:19 mask:19
219 [22391545652928] INFO perfrun.perfcollector <> - format: thresh config:24-31 mask:24-31
219 [22391545652928] INFO perfrun.perfcollector <> - format: filter_state config1:17-23 mask:17-23
219 [22391545652928] INFO perfrun.perfcollector <> - format: filter_opc config1:52-60 mask:52-60
219 [22391545652928] INFO perfrun.perfcollector <> - hwInfo: PERF_CBOX_PMU_DETAILS
219 [22391545652928] INFO perfrun.perfcollector <> - pmu added: family: uncore_cbox, id: 5
219 [22391545652928] INFO perfrun.perfcollector <> - dir found: /sys/bus/event_source/devices/uncore_imc_0
219 [22391545652928] INFO perfrun.perfcollector <> - format: event config:0-7 mask:0-7
219 [22391545652928] INFO perfrun.perfcollector <> - format: edge config:18 mask:18
219 [22391545652928] INFO perfrun.perfcollector <> - format: inv config:23 mask:23
219 [22391545652928] INFO perfrun.perfcollector <> - format: umask config:8-15 mask:8-15
220 [22391545652928] INFO perfrun.perfcollector <> - format: thresh config:24-31 mask:24-31
220 [22391545652928] INFO perfrun.perfcollector <> - hwInfo: PERF_IMC_PMU_DETAILS
220 [22391545652928] INFO perfrun.perfcollector <> - pmu added: family: uncore_imc, id: 0
220 [22391545652928] INFO perfrun.perfcollector <> - dir found: /sys/bus/event_source/devices/uncore_cbox_10
220 [22391545652928] INFO perfrun.perfcollector <> - format: event config:0-7 mask:0-7
220 [22391545652928] INFO perfrun.perfcollector <> - format: filter_link config1:6-8 mask:6-8
220 [22391545652928] INFO perfrun.perfcollector <> - format: filter_c6 config1:61 mask:61
220 [22391545652928] INFO perfrun.perfcollector <> - format: edge config:18 mask:18
220 [22391545652928] INFO perfrun.perfcollector <> - format: filter_isoc config1:63 mask:63
220 [22391545652928] INFO perfrun.perfcollector <> - format: filter_tid config1:0-5 mask:0-5
220 [22391545652928] INFO perfrun.perfcollector <> - format: filter_nid config1:32-47 mask:32-47
221 [22391545652928] INFO perfrun.perfcollector <> - format: filter_nc config1:62 mask:62
221 [22391545652928] INFO perfrun.perfcollector <> - format: umask config:8-15 mask:8-15
221 [22391545652928] INFO perfrun.perfcollector <> - format: tid_en config:19 mask:19
221 [22391545652928] INFO perfrun.perfcollector <> - format: thresh config:24-31 mask:24-31
221 [22391545652928] INFO perfrun.perfcollector <> - format: filter_state config1:17-23 mask:17-23
221 [22391545652928] INFO perfrun.perfcollector <> - format: filter_opc config1:52-60 mask:52-60
221 [22391545652928] INFO perfrun.perfcollector <> - hwInfo: PERF_CBOX_PMU_DETAILS
222 [22391545652928] INFO perfrun.perfcollector <> - pmu added: family: uncore_cbox, id: 10
222 [22391545652928] INFO perfrun.perfcollector <> - dir found: /sys/bus/event_source/devices/uncore_pcu
222 [22391545652928] INFO perfrun.perfcollector <> - format: filter_band2 config1:16-23 mask:16-23
222 [22391545652928] INFO perfrun.perfcollector <> - format: event config:0-7 mask:0-7
222 [22391545652928] INFO perfrun.perfcollector <> - format: filter_band0 config1:0-7 mask:0-7
222 [22391545652928] INFO perfrun.perfcollector <> - format: edge config:18 mask:18
223 [22391545652928] INFO perfrun.perfcollector <> - format: occ_invert config:30 mask:30
223 [22391545652928] INFO perfrun.perfcollector <> - format: occ_edge config:14-51 mask:14-51
223 [22391545652928] INFO perfrun.perfcollector <> - format: filter_band3 config1:24-31 mask:24-31
223 [22391545652928] INFO perfrun.perfcollector <> - format: filter_band1 config1:8-15 mask:8-15
223 [22391545652928] INFO perfrun.perfcollector <> - format: inv config:23 mask:23
223 [22391545652928] INFO perfrun.perfcollector <> - format: thresh config:24-28 mask:24-28
223 [22391545652928] INFO perfrun.perfcollector <> - format: occ_sel config:14-15 mask:14-15
223 [22391545652928] INFO perfrun.perfcollector <> - hwInfo: not set, pmuFam: uncore_pcu
224 [22391545652928] INFO perfrun.perfcollector <> - pmu added: family: uncore_pcu, id: 0
224 [22391545652928] INFO perfrun.perfcollector <> - dir found: /sys/bus/event_source/devices/uncore_r3qpi_1
224 [22391545652928] INFO perfrun.perfcollector <> - format: event config:0-7 mask:0-7
224 [22391545652928] INFO perfrun.perfcollector <> - format: edge config:18 mask:18
224 [22391545652928] INFO perfrun.perfcollector <> - format: inv config:23 mask:23
225 [22391545652928] INFO perfrun.perfcollector <> - format: umask config:8-15 mask:8-15
225 [22391545652928] INFO perfrun.perfcollector <> - format: thresh config:24-31 mask:24-31
225 [22391545652928] INFO perfrun.perfcollector <> - hwInfo: not set, pmuFam: uncore_r3qpi
225 [22391545652928] INFO perfrun.perfcollector <> - pmu added: family: uncore_r3qpi, id: 1
225 [22391545652928] INFO perfrun.perfcollector <> - dir found: /sys/bus/event_source/devices/msr
225 [22391545652928] INFO perfrun.perfcollector <> - format: event config:0-63 mask:0-63
225 [22391545652928] INFO perfrun.perfcollector <> - hwInfo: not set, pmuFam: msr
226 [22391545652928] INFO perfrun.perfcollector <> - pmu added: family: msr, id: 0
226 [22391545652928] INFO perfrun.perfcollector <> - dir found: /sys/bus/event_source/devices/uncore_cbox_3
226 [22391545652928] INFO perfrun.perfcollector <> - format: event config:0-7 mask:0-7
226 [22391545652928] INFO perfrun.perfcollector <> - format: filter_link config1:6-8 mask:6-8
226 [22391545652928] INFO perfrun.perfcollector <> - format: filter_c6 config1:61 mask:61
227 [22391545652928] INFO perfrun.perfcollector <> - format: edge config:18 mask:18
227 [22391545652928] INFO perfrun.perfcollector <> - format: filter_isoc config1:63 mask:63
227 [22391545652928] INFO perfrun.perfcollector <> - format: filter_tid config1:0-5 mask:0-5
227 [22391545652928] INFO perfrun.perfcollector <> - format: filter_nid config1:32-47 mask:32-47
227 [22391545652928] INFO perfrun.perfcollector <> - format: filter_nc config1:62 mask:62
227 [22391545652928] INFO perfrun.perfcollector <> - format: umask config:8-15 mask:8-15
227 [22391545652928] INFO perfrun.perfcollector <> - format: tid_en config:19 mask:19
228 [22391545652928] INFO perfrun.perfcollector <> - format: thresh config:24-31 mask:24-31
228 [22391545652928] INFO perfrun.perfcollector <> - format: filter_state config1:17-23 mask:17-23
228 [22391545652928] INFO perfrun.perfcollector <> - format: filter_opc config1:52-60 mask:52-60
228 [22391545652928] INFO perfrun.perfcollector <> - hwInfo: PERF_CBOX_PMU_DETAILS
228 [22391545652928] INFO perfrun.perfcollector <> - pmu added: family: uncore_cbox, id: 3
228 [22391545652928] INFO perfrun.perfcollector <> - dir found: /sys/bus/event_source/devices/intel_pt
228 [22391545652928] INFO perfrun.perfcollector <> - format: ptw config:12 mask:12
229 [22391545652928] INFO perfrun.perfcollector <> - format: event config:31 mask:31
229 [22391545652928] INFO perfrun.perfcollector <> - format: cyc_thresh config:19-22 mask:19-22
229 [22391545652928] INFO perfrun.perfcollector <> - format: pt config:0 mask:0
229 [22391545652928] INFO perfrun.perfcollector <> - format: notnt config:55 mask:55
229 [22391545652928] INFO perfrun.perfcollector <> - format: branch config:13 mask:13
229 [22391545652928] INFO perfrun.perfcollector <> - format: tsc config:10 mask:10
229 [22391545652928] INFO perfrun.perfcollector <> - format: pwr_evt config:4 mask:4
229 [22391545652928] INFO perfrun.perfcollector <> - format: fup_on_ptw config:5 mask:5
229 [22391545652928] INFO perfrun.perfcollector <> - format: cyc config:1 mask:1
230 [22391545652928] INFO perfrun.perfcollector <> - format: noretcomp config:11 mask:11
230 [22391545652928] INFO perfrun.perfcollector <> - format: mtc config:9 mask:9
230 [22391545652928] INFO perfrun.perfcollector <> - format: psb_period config:24-27 mask:24-27
230 [22391545652928] INFO perfrun.perfcollector <> - format: mtc_period config:14-17 mask:14-17
230 [22391545652928] INFO perfrun.perfcollector <> - hwInfo: not set, pmuFam: intel_pt
230 [22391545652928] INFO perfrun.perfcollector <> - pmu added: family: intel_pt, id: 0
230 [22391545652928] INFO perfrun.perfcollector <> - dir found: /sys/bus/event_source/devices/uncore_ha_1
231 [22391545652928] INFO perfrun.perfcollector <> - format: event config:0-7 mask:0-7
231 [22391545652928] INFO perfrun.perfcollector <> - format: edge config:18 mask:18
231 [22391545652928] INFO perfrun.perfcollector <> - format: inv config:23 mask:23
231 [22391545652928] INFO perfrun.perfcollector <> - format: umask config:8-15 mask:8-15
231 [22391545652928] INFO perfrun.perfcollector <> - format: thresh config:24-31 mask:24-31
231 [22391545652928] INFO perfrun.perfcollector <> - hwInfo: not set, pmuFam: uncore_ha
231 [22391545652928] INFO perfrun.perfcollector <> - pmu added: family: uncore_ha, id: 1
231 [22391545652928] INFO perfrun.perfcollector <> - dir found: /sys/bus/event_source/devices/uncore_cbox_1
231 [22391545652928] INFO perfrun.perfcollector <> - format: event config:0-7 mask:0-7
231 [22391545652928] INFO perfrun.perfcollector <> - format: filter_link config1:6-8 mask:6-8
232 [22391545652928] INFO perfrun.perfcollector <> - format: filter_c6 config1:61 mask:61
232 [22391545652928] INFO perfrun.perfcollector <> - format: edge config:18 mask:18
232 [22391545652928] INFO perfrun.perfcollector <> - format: filter_isoc config1:63 mask:63
232 [22391545652928] INFO perfrun.perfcollector <> - format: filter_tid config1:0-5 mask:0-5
232 [22391545652928] INFO perfrun.perfcollector <> - format: filter_nid config1:32-47 mask:32-47
232 [22391545652928] INFO perfrun.perfcollector <> - format: filter_nc config1:62 mask:62
232 [22391545652928] INFO perfrun.perfcollector <> - format: umask config:8-15 mask:8-15
232 [22391545652928] INFO perfrun.perfcollector <> - format: tid_en config:19 mask:19
232 [22391545652928] INFO perfrun.perfcollector <> - format: thresh config:24-31 mask:24-31
232 [22391545652928] INFO perfrun.perfcollector <> - format: filter_state config1:17-23 mask:17-23
232 [22391545652928] INFO perfrun.perfcollector <> - format: filter_opc config1:52-60 mask:52-60
232 [22391545652928] INFO perfrun.perfcollector <> - hwInfo: PERF_CBOX_PMU_DETAILS
233 [22391545652928] INFO perfrun.perfcollector <> - pmu added: family: uncore_cbox, id: 1
233 [22391545652928] INFO perfrun.sdk <> - runCmd: /opt/intel/oneapi/vtune/2023.1.0/bin64/sep -dry-run -sam 1 -ec CPU_CLK_UNHALTED.THREAD,CPU_CLK_UNHALTED.REF_TSC:sample:sa=2400000,INST_RETIRED.ANY:sample:sa=2400000,CPU_CLK_UNHALTED.REF_XCLK,CPU_CLK_UNHALTED.ONE_THREAD_ACTIVE,FP_ARITH_INST_RETIRED.SCALAR_SINGLE,FP_ARITH_INST_RETIRED.128B_PACKED_SINGLE,FP_ARITH_INST_RETIRED.256B_PACKED_SINGLE,FP_ARITH_INST_RETIRED.SCALAR_DOUBLE,FP_ARITH_INST_RETIRED.128B_PACKED_DOUBLE,FP_ARITH_INST_RETIRED.256B_PACKED_DOUBLE,INST_RETIRED.X87,UOPS_RETIRED.RETIRE_SLOTS:sample:sa=2000003 -experimental
233 [22391545652928] INFO perfrun.sdk <> - runCmd started PID 2284344
282 [22391545652928] INFO perfrun.perfcollector <> - SepDryRun RC = true
285 [22391545652928] INFO perfrun.perfcollector <> - DRY_RUN: "PMU type: Core (core)"
285 [22391545652928] INFO perfrun.perfcollector <> - pmu type: cpu
285 [22391545652928] INFO perfrun.perfcollector <> - DRY_RUN: "Group 0:"
285 [22391545652928] INFO perfrun.perfcollector <> - id: 0
285 [22391545652928] INFO perfrun.perfcollector <> - DRY_RUN: "INST_RETIRED.ANY: event id 2"
285 [22391545652928] INFO perfrun.perfcollector <> - eventName: INST_RETIRED.ANY, eventId: 2
285 [22391545652928] INFO perfrun.perfcollector <> - DRY_RUN: "CPU_CLK_UNHALTED.THREAD: event id 0"
285 [22391545652928] INFO perfrun.perfcollector <> - eventName: CPU_CLK_UNHALTED.THREAD, eventId: 0
285 [22391545652928] INFO perfrun.perfcollector <> - DRY_RUN: "CPU_CLK_UNHALTED.REF_TSC: event id 1"
285 [22391545652928] INFO perfrun.perfcollector <> - eventName: CPU_CLK_UNHALTED.REF_TSC, eventId: 1
285 [22391545652928] INFO perfrun.perfcollector <> - DRY_RUN: "FP_ARITH_INST_RETIRED.SCALAR_SINGLE: event id 5"
285 [22391545652928] INFO perfrun.perfcollector <> - eventName: FP_ARITH_INST_RETIRED.SCALAR_SINGLE, eventId: 5
285 [22391545652928] INFO perfrun.perfcollector <> - DRY_RUN: "FP_ARITH_INST_RETIRED.128B_PACKED_SINGLE: event id 6"
285 [22391545652928] INFO perfrun.perfcollector <> - eventName: FP_ARITH_INST_RETIRED.128B_PACKED_SINGLE, eventId: 6
285 [22391545652928] INFO perfrun.perfcollector <> - DRY_RUN: "FP_ARITH_INST_RETIRED.256B_PACKED_SINGLE: event id 7"
285 [22391545652928] INFO perfrun.perfcollector <> - eventName: FP_ARITH_INST_RETIRED.256B_PACKED_SINGLE, eventId: 7
285 [22391545652928] INFO perfrun.perfcollector <> - DRY_RUN: "FP_ARITH_INST_RETIRED.SCALAR_DOUBLE: event id 8"
285 [22391545652928] INFO perfrun.perfcollector <> - eventName: FP_ARITH_INST_RETIRED.SCALAR_DOUBLE, eventId: 8
285 [22391545652928] INFO perfrun.perfcollector <> - DRY_RUN: "CPU_CLK_UNHALTED.REF_XCLK: event id 3"
285 [22391545652928] INFO perfrun.perfcollector <> - eventName: CPU_CLK_UNHALTED.REF_XCLK, eventId: 3
285 [22391545652928] INFO perfrun.perfcollector <> - DRY_RUN: "CPU_CLK_UNHALTED.ONE_THREAD_ACTIVE: event id 4"
285 [22391545652928] INFO perfrun.perfcollector <> - eventName: CPU_CLK_UNHALTED.ONE_THREAD_ACTIVE, eventId: 4
285 [22391545652928] INFO perfrun.perfcollector <> - DRY_RUN: "INST_RETIRED.X87: event id 11"
285 [22391545652928] INFO perfrun.perfcollector <> - eventName: INST_RETIRED.X87, eventId: 11
286 [22391545652928] INFO perfrun.perfcollector <> - DRY_RUN: "UOPS_RETIRED.RETIRE_SLOTS: event id 12"
286 [22391545652928] INFO perfrun.perfcollector <> - eventName: UOPS_RETIRED.RETIRE_SLOTS, eventId: 12
286 [22391545652928] INFO perfrun.perfcollector <> - DRY_RUN: "CCCR"
286 [22391545652928] INFO perfrun.perfcollector <> - DRY_RUN: "reg_type       = 1	event_id       = g	reg_id         = 38f	reg_value      = 7000000ff"
286 [22391545652928] INFO perfrun.perfcollector <> - eventId: g, skip parsing event_id
286 [22391545652928] INFO perfrun.perfcollector <> - Register was ignored: group_id: 0, reg_type: 1, event_id: 4294967295, reg_id: 38f, reg_value: 7000000ff, pmu_name: cpu
286 [22391545652928] INFO perfrun.perfcollector <> - DRY_RUN: "reg_type       = 1	event_id       = g	reg_id         = 390	reg_value      = 7000000ff"
286 [22391545652928] INFO perfrun.perfcollector <> - eventId: g, skip parsing event_id
286 [22391545652928] INFO perfrun.perfcollector <> - Register was ignored: group_id: 0, reg_type: 1, event_id: 4294967295, reg_id: 390, reg_value: 7000000ff, pmu_name: cpu
286 [22391545652928] INFO perfrun.perfcollector <> - DRY_RUN: "reg_type       = 1	event_id       = g	reg_id         = 3f1	reg_value      = 0"
286 [22391545652928] INFO perfrun.perfcollector <> - eventId: g, skip parsing event_id
286 [22391545652928] INFO perfrun.perfcollector <> - Register was ignored: group_id: 0, reg_type: 1, event_id: 4294967295, reg_id: 3f1, reg_value: 0, pmu_name: cpu
286 [22391545652928] INFO perfrun.perfcollector <> - DRY_RUN: "reg_type       = 1	event_id       = g	reg_id         = 1d9	reg_value      = 1800"
286 [22391545652928] INFO perfrun.perfcollector <> - eventId: g, skip parsing event_id
286 [22391545652928] INFO perfrun.perfcollector <> - Register was ignored: group_id: 0, reg_type: 1, event_id: 4294967295, reg_id: 1d9, reg_value: 1800, pmu_name: cpu
286 [22391545652928] INFO perfrun.perfcollector <> - DRY_RUN: "reg_type       = 1	event_id       = g	reg_id         = 38d	reg_value      = bbb"
286 [22391545652928] INFO perfrun.perfcollector <> - eventId: g, skip parsing event_id
286 [22391545652928] INFO perfrun.perfcollector <> - Register was ignored: group_id: 0, reg_type: 1, event_id: 4294967295, reg_id: 38d, reg_value: bbb, pmu_name: cpu
286 [22391545652928] INFO perfrun.perfcollector <> - DRY_RUN: "reg_type       = 1	event_id       = 5	reg_id         = 186	reg_value      = 5302c7"
286 [22391545652928] INFO perfrun.perfcollector <> - Event selector: group_id: 0, reg_type: 1, event_id: 5, reg_id: 186, reg_value: 5302c7, pmu_name: cpu
286 [22391545652928] INFO perfrun.perfcollector <> - DRY_RUN: "reg_type       = 1	event_id       = 6	reg_id         = 187	reg_value      = 5308c7"
286 [22391545652928] INFO perfrun.perfcollector <> - Event selector: group_id: 0, reg_type: 1, event_id: 6, reg_id: 187, reg_value: 5308c7, pmu_name: cpu
286 [22391545652928] INFO perfrun.perfcollector <> - DRY_RUN: "reg_type       = 1	event_id       = 7	reg_id         = 188	reg_value      = 5320c7"
286 [22391545652928] INFO perfrun.perfcollector <> - Event selector: group_id: 0, reg_type: 1, event_id: 7, reg_id: 188, reg_value: 5320c7, pmu_name: cpu
286 [22391545652928] INFO perfrun.perfcollector <> - DRY_RUN: "reg_type       = 1	event_id       = 8	reg_id         = 189	reg_value      = 5301c7"
286 [22391545652928] INFO perfrun.perfcollector <> - Event selector: group_id: 0, reg_type: 1, event_id: 8, reg_id: 189, reg_value: 5301c7, pmu_name: cpu
286 [22391545652928] INFO perfrun.perfcollector <> - DRY_RUN: "reg_type       = 1	event_id       = 3	reg_id         = 18a	reg_value      = 53013c"
286 [22391545652928] INFO perfrun.perfcollector <> - Event selector: group_id: 0, reg_type: 1, event_id: 3, reg_id: 18a, reg_value: 53013c, pmu_name: cpu
286 [22391545652928] INFO perfrun.perfcollector <> - DRY_RUN: "reg_type       = 1	event_id       = 4	reg_id         = 18b	reg_value      = 53023c"
286 [22391545652928] INFO perfrun.perfcollector <> - Event selector: group_id: 0, reg_type: 1, event_id: 4, reg_id: 18b, reg_value: 53023c, pmu_name: cpu
286 [22391545652928] INFO perfrun.perfcollector <> - DRY_RUN: "reg_type       = 1	event_id       = 11	reg_id         = 18c	reg_value      = 5302c0"
286 [22391545652928] INFO perfrun.perfcollector <> - Event selector: group_id: 0, reg_type: 1, event_id: 11, reg_id: 18c, reg_value: 5302c0, pmu_name: cpu
286 [22391545652928] INFO perfrun.perfcollector <> - DRY_RUN: "reg_type       = 1	event_id       = 12	reg_id         = 18d	reg_value      = 5302c2"
286 [22391545652928] INFO perfrun.perfcollector <> - Event selector: group_id: 0, reg_type: 1, event_id: 12, reg_id: 18d, reg_value: 5302c2, pmu_name: cpu
286 [22391545652928] INFO perfrun.perfcollector <> - DRY_RUN: "ESCR"
286 [22391545652928] INFO perfrun.perfcollector <> - DRY_RUN: "reg_type       = 2	event_id       = g	reg_id         = 1c8	reg_value      = 0"
286 [22391545652928] INFO perfrun.perfcollector <> - eventId: g, skip parsing event_id
286 [22391545652928] INFO perfrun.perfcollector <> - DRY_RUN: "DATA"
286 [22391545652928] INFO perfrun.perfcollector <> - DRY_RUN: "reg_type       = 4	event_id       = 2	reg_id         = 309	reg_value      = ffffffdb6100"
286 [22391545652928] INFO perfrun.perfcollector <> - eventId: 2, dataAddr: 309, dataVal: ffffffdb6100
286 [22391545652928] INFO perfrun.perfcollector <> - DRY_RUN: "reg_type       = 4	event_id       = 0	reg_id         = 30a	reg_value      = ffffffe17b7d"
286 [22391545652928] INFO perfrun.perfcollector <> - eventId: 0, dataAddr: 30a, dataVal: ffffffe17b7d
286 [22391545652928] INFO perfrun.perfcollector <> - DRY_RUN: "reg_type       = 4	event_id       = 1	reg_id         = 30b	reg_value      = ffffffdb6100"
286 [22391545652928] INFO perfrun.perfcollector <> - eventId: 1, dataAddr: 30b, dataVal: ffffffdb6100
286 [22391545652928] INFO perfrun.perfcollector <> - DRY_RUN: "reg_type       = 4	event_id       = 5	reg_id         = c1	reg_value      = ffffffe17b7d"
286 [22391545652928] INFO perfrun.perfcollector <> - eventId: 5, dataAddr: c1, dataVal: ffffffe17b7d
286 [22391545652928] INFO perfrun.perfcollector <> - DRY_RUN: "reg_type       = 4	event_id       = 6	reg_id         = c2	reg_value      = ffffffe17b7d"
286 [22391545652928] INFO perfrun.perfcollector <> - eventId: 6, dataAddr: c2, dataVal: ffffffe17b7d
286 [22391545652928] INFO perfrun.perfcollector <> - DRY_RUN: "reg_type       = 4	event_id       = 7	reg_id         = c3	reg_value      = ffffffe17b7d"
286 [22391545652928] INFO perfrun.perfcollector <> - eventId: 7, dataAddr: c3, dataVal: ffffffe17b7d
286 [22391545652928] INFO perfrun.perfcollector <> - DRY_RUN: "reg_type       = 4	event_id       = 8	reg_id         = c4	reg_value      = ffffffe17b7d"
286 [22391545652928] INFO perfrun.perfcollector <> - eventId: 8, dataAddr: c4, dataVal: ffffffe17b7d
286 [22391545652928] INFO perfrun.perfcollector <> - DRY_RUN: "reg_type       = 4	event_id       = 3	reg_id         = c5	reg_value      = fffffffe795d"
286 [22391545652928] INFO perfrun.perfcollector <> - eventId: 3, dataAddr: c5, dataVal: fffffffe795d
286 [22391545652928] INFO perfrun.perfcollector <> - DRY_RUN: "reg_type       = 4	event_id       = 4	reg_id         = c6	reg_value      = fffffffe795d"
286 [22391545652928] INFO perfrun.perfcollector <> - eventId: 4, dataAddr: c6, dataVal: fffffffe795d
286 [22391545652928] INFO perfrun.perfcollector <> - DRY_RUN: "reg_type       = 4	event_id       = 11	reg_id         = c7	reg_value      = ffffffe17b7d"
286 [22391545652928] INFO perfrun.perfcollector <> - eventId: 11, dataAddr: c7, dataVal: ffffffe17b7d
286 [22391545652928] INFO perfrun.perfcollector <> - DRY_RUN: "reg_type       = 4	event_id       = 12	reg_id         = c8	reg_value      = ffffffe17b7d"
286 [22391545652928] INFO perfrun.perfcollector <> - eventId: 12, dataAddr: c8, dataVal: ffffffe17b7d
286 [22391545652928] INFO perfrun.perfcollector <> - DRY_RUN: "Group 1:"
286 [22391545652928] INFO perfrun.perfcollector <> - id: 1
286 [22391545652928] INFO perfrun.perfcollector <> - DRY_RUN: "INST_RETIRED.ANY: event id 2"
286 [22391545652928] INFO perfrun.perfcollector <> - eventName: INST_RETIRED.ANY, eventId: 2
286 [22391545652928] INFO perfrun.perfcollector <> - DRY_RUN: "CPU_CLK_UNHALTED.THREAD: event id 0"
286 [22391545652928] INFO perfrun.perfcollector <> - eventName: CPU_CLK_UNHALTED.THREAD, eventId: 0
286 [22391545652928] INFO perfrun.perfcollector <> - DRY_RUN: "CPU_CLK_UNHALTED.REF_TSC: event id 1"
286 [22391545652928] INFO perfrun.perfcollector <> - eventName: CPU_CLK_UNHALTED.REF_TSC, eventId: 1
286 [22391545652928] INFO perfrun.perfcollector <> - DRY_RUN: "FP_ARITH_INST_RETIRED.128B_PACKED_DOUBLE: event id 9"
286 [22391545652928] INFO perfrun.perfcollector <> - eventName: FP_ARITH_INST_RETIRED.128B_PACKED_DOUBLE, eventId: 9
286 [22391545652928] INFO perfrun.perfcollector <> - DRY_RUN: "FP_ARITH_INST_RETIRED.256B_PACKED_DOUBLE: event id 10"
286 [22391545652928] INFO perfrun.perfcollector <> - eventName: FP_ARITH_INST_RETIRED.256B_PACKED_DOUBLE, eventId: 10
286 [22391545652928] INFO perfrun.perfcollector <> - DRY_RUN: "CCCR"
286 [22391545652928] INFO perfrun.perfcollector <> - DRY_RUN: "reg_type       = 1	event_id       = g	reg_id         = 38f	reg_value      = 700000003"
286 [22391545652928] INFO perfrun.perfcollector <> - eventId: g, skip parsing event_id
286 [22391545652928] INFO perfrun.perfcollector <> - Register was ignored: group_id: 1, reg_type: 1, event_id: 4294967295, reg_id: 38f, reg_value: 700000003, pmu_name: cpu
286 [22391545652928] INFO perfrun.perfcollector <> - DRY_RUN: "reg_type       = 1	event_id       = g	reg_id         = 390	reg_value      = 700000003"
286 [22391545652928] INFO perfrun.perfcollector <> - eventId: g, skip parsing event_id
286 [22391545652928] INFO perfrun.perfcollector <> - Register was ignored: group_id: 1, reg_type: 1, event_id: 4294967295, reg_id: 390, reg_value: 700000003, pmu_name: cpu
286 [22391545652928] INFO perfrun.perfcollector <> - DRY_RUN: "reg_type       = 1	event_id       = g	reg_id         = 3f1	reg_value      = 0"
286 [22391545652928] INFO perfrun.perfcollector <> - eventId: g, skip parsing event_id
286 [22391545652928] INFO perfrun.perfcollector <> - Register was ignored: group_id: 1, reg_type: 1, event_id: 4294967295, reg_id: 3f1, reg_value: 0, pmu_name: cpu
286 [22391545652928] INFO perfrun.perfcollector <> - DRY_RUN: "reg_type       = 1	event_id       = g	reg_id         = 1d9	reg_value      = 1800"
286 [22391545652928] INFO perfrun.perfcollector <> - eventId: g, skip parsing event_id
286 [22391545652928] INFO perfrun.perfcollector <> - Register was ignored: group_id: 1, reg_type: 1, event_id: 4294967295, reg_id: 1d9, reg_value: 1800, pmu_name: cpu
286 [22391545652928] INFO perfrun.perfcollector <> - DRY_RUN: "reg_type       = 1	event_id       = g	reg_id         = 38d	reg_value      = bbb"
286 [22391545652928] INFO perfrun.perfcollector <> - eventId: g, skip parsing event_id
286 [22391545652928] INFO perfrun.perfcollector <> - Register was ignored: group_id: 1, reg_type: 1, event_id: 4294967295, reg_id: 38d, reg_value: bbb, pmu_name: cpu
286 [22391545652928] INFO perfrun.perfcollector <> - DRY_RUN: "reg_type       = 1	event_id       = 9	reg_id         = 186	reg_value      = 5304c7"
286 [22391545652928] INFO perfrun.perfcollector <> - Event selector: group_id: 1, reg_type: 1, event_id: 9, reg_id: 186, reg_value: 5304c7, pmu_name: cpu
286 [22391545652928] INFO perfrun.perfcollector <> - DRY_RUN: "reg_type       = 1	event_id       = 10	reg_id         = 187	reg_value      = 5310c7"
286 [22391545652928] INFO perfrun.perfcollector <> - Event selector: group_id: 1, reg_type: 1, event_id: 10, reg_id: 187, reg_value: 5310c7, pmu_name: cpu
286 [22391545652928] INFO perfrun.perfcollector <> - DRY_RUN: "ESCR"
286 [22391545652928] INFO perfrun.perfcollector <> - DRY_RUN: "reg_type       = 2	event_id       = g	reg_id         = 1c8	reg_value      = 0"
286 [22391545652928] INFO perfrun.perfcollector <> - eventId: g, skip parsing event_id
286 [22391545652928] INFO perfrun.perfcollector <> - DRY_RUN: "DATA"
286 [22391545652928] INFO perfrun.perfcollector <> - DRY_RUN: "reg_type       = 4	event_id       = 2	reg_id         = 309	reg_value      = ffffffdb6100"
286 [22391545652928] INFO perfrun.perfcollector <> - eventId: 2, dataAddr: 309, dataVal: ffffffdb6100
286 [22391545652928] INFO perfrun.perfcollector <> - DRY_RUN: "reg_type       = 4	event_id       = 0	reg_id         = 30a	reg_value      = ffffffe17b7d"
286 [22391545652928] INFO perfrun.perfcollector <> - eventId: 0, dataAddr: 30a, dataVal: ffffffe17b7d
286 [22391545652928] INFO perfrun.perfcollector <> - DRY_RUN: "reg_type       = 4	event_id       = 1	reg_id         = 30b	reg_value      = ffffffdb6100"
286 [22391545652928] INFO perfrun.perfcollector <> - eventId: 1, dataAddr: 30b, dataVal: ffffffdb6100
286 [22391545652928] INFO perfrun.perfcollector <> - DRY_RUN: "reg_type       = 4	event_id       = 9	reg_id         = c1	reg_value      = ffffffe17b7d"
286 [22391545652928] INFO perfrun.perfcollector <> - eventId: 9, dataAddr: c1, dataVal: ffffffe17b7d
286 [22391545652928] INFO perfrun.perfcollector <> - DRY_RUN: "reg_type       = 4	event_id       = 10	reg_id         = c2	reg_value      = ffffffe17b7d"
286 [22391545652928] INFO perfrun.perfcollector <> - eventId: 10, dataAddr: c2, dataVal: ffffffe17b7d
286 [22391545652928] INFO perfrun.perfcollector <> - event name: CPU_CLK_UNHALTED.THREAD
286 [22391545652928] INFO perfrun.perfcollector <> - pmu config: cpu
286 [22391545652928] INFO perfrun.perfcollector <> - cccrAddr: ffffffff, cccrValue: 0
286 [22391545652928] INFO perfrun.perfcollector <> - dataAddr: 30a, dataValue: ffffffffffe17b7d
286 [22391545652928] INFO perfrun.perfcollector <> - escrAddr: ffffffff, escrValue: 0
286 [22391545652928] INFO perfrun.perfcollector <> - extendedPebsValue: 0
286 [22391545652928] INFO perfrun.perfcollector <> - adaptivePebsAvailable: 0
286 [22391545652928] INFO perfrun.perfcollector <> - config: event: 3c
286 [22391545652928] INFO perfrun.perfcollector <> - config: pc: 0
286 [22391545652928] INFO perfrun.perfcollector <> - config: in_tx: 0
286 [22391545652928] INFO perfrun.perfcollector <> - config: edge: 0
286 [22391545652928] INFO perfrun.perfcollector <> - config: any: 0
286 [22391545652928] INFO perfrun.perfcollector <> - config1: offcore_rsp: 0
286 [22391545652928] INFO perfrun.perfcollector <> - config: in_tx_cp: 0
286 [22391545652928] INFO perfrun.perfcollector <> - config1: ldlat: 0
286 [22391545652928] INFO perfrun.perfcollector <> - config: inv: 0
286 [22391545652928] INFO perfrun.perfcollector <> - config: umask: 0
286 [22391545652928] INFO perfrun.perfcollector <> - config: cmask: 0
286 [22391545652928] INFO perfrun.perfcollector <> - format: cpu/event=0x3c,name='CPU_CLK_UNHALTED.THREAD'/D
286 [22391545652928] INFO perfrun.perfcollector <> - event name: CPU_CLK_UNHALTED.REF_TSC
286 [22391545652928] INFO perfrun.perfcollector <> - pmu config: cpu
286 [22391545652928] INFO perfrun.perfcollector <> - cccrAddr: ffffffff, cccrValue: 0
286 [22391545652928] INFO perfrun.perfcollector <> - dataAddr: 30b, dataValue: ffffffffffdb6100
286 [22391545652928] INFO perfrun.perfcollector <> - escrAddr: ffffffff, escrValue: 0
286 [22391545652928] INFO perfrun.perfcollector <> - extendedPebsValue: 0
286 [22391545652928] INFO perfrun.perfcollector <> - adaptivePebsAvailable: 0
286 [22391545652928] INFO perfrun.perfcollector <> - config: event: 0
286 [22391545652928] INFO perfrun.perfcollector <> - config: pc: 0
286 [22391545652928] INFO perfrun.perfcollector <> - config: in_tx: 0
286 [22391545652928] INFO perfrun.perfcollector <> - config: edge: 0
286 [22391545652928] INFO perfrun.perfcollector <> - config: any: 0
286 [22391545652928] INFO perfrun.perfcollector <> - config1: offcore_rsp: 0
286 [22391545652928] INFO perfrun.perfcollector <> - config: in_tx_cp: 0
286 [22391545652928] INFO perfrun.perfcollector <> - config1: ldlat: 0
286 [22391545652928] INFO perfrun.perfcollector <> - config: inv: 0
286 [22391545652928] INFO perfrun.perfcollector <> - config: umask: 3
286 [22391545652928] INFO perfrun.perfcollector <> - config: cmask: 0
286 [22391545652928] INFO perfrun.perfcollector <> - format: cpu/umask=0x3,name='CPU_CLK_UNHALTED.REF_TSC'/D
286 [22391545652928] INFO perfrun.perfcollector <> - event name: INST_RETIRED.ANY
286 [22391545652928] INFO perfrun.perfcollector <> - pmu config: cpu
286 [22391545652928] INFO perfrun.perfcollector <> - cccrAddr: ffffffff, cccrValue: 0
286 [22391545652928] INFO perfrun.perfcollector <> - dataAddr: 309, dataValue: ffffffffffdb6100
286 [22391545652928] INFO perfrun.perfcollector <> - escrAddr: ffffffff, escrValue: 0
286 [22391545652928] INFO perfrun.perfcollector <> - extendedPebsValue: 0
286 [22391545652928] INFO perfrun.perfcollector <> - adaptivePebsAvailable: 0
286 [22391545652928] INFO perfrun.perfcollector <> - config: event: c0
286 [22391545652928] INFO perfrun.perfcollector <> - config: pc: 0
286 [22391545652928] INFO perfrun.perfcollector <> - config: in_tx: 0
286 [22391545652928] INFO perfrun.perfcollector <> - config: edge: 0
286 [22391545652928] INFO perfrun.perfcollector <> - config: any: 0
286 [22391545652928] INFO perfrun.perfcollector <> - config1: offcore_rsp: 0
286 [22391545652928] INFO perfrun.perfcollector <> - config: in_tx_cp: 0
286 [22391545652928] INFO perfrun.perfcollector <> - config1: ldlat: 0
286 [22391545652928] INFO perfrun.perfcollector <> - config: inv: 0
286 [22391545652928] INFO perfrun.perfcollector <> - config: umask: 0
286 [22391545652928] INFO perfrun.perfcollector <> - config: cmask: 0
286 [22391545652928] INFO perfrun.perfcollector <> - format: cpu/event=0xc0,name='INST_RETIRED.ANY'/D
286 [22391545652928] INFO perfrun.perfcollector <> - event name: CPU_CLK_UNHALTED.REF_XCLK
286 [22391545652928] INFO perfrun.perfcollector <> - pmu config: cpu
286 [22391545652928] INFO perfrun.perfcollector <> - cccrAddr: 18a, cccrValue: 53013c
286 [22391545652928] INFO perfrun.perfcollector <> - dataAddr: c5, dataValue: fffffffffffe795d
286 [22391545652928] INFO perfrun.perfcollector <> - escrAddr: ffffffff, escrValue: 0
286 [22391545652928] INFO perfrun.perfcollector <> - extendedPebsValue: 0
286 [22391545652928] INFO perfrun.perfcollector <> - adaptivePebsAvailable: 0
286 [22391545652928] INFO perfrun.perfcollector <> - config: event: 3c
286 [22391545652928] INFO perfrun.perfcollector <> - config: pc: 0
286 [22391545652928] INFO perfrun.perfcollector <> - config: in_tx: 0
286 [22391545652928] INFO perfrun.perfcollector <> - config: edge: 0
286 [22391545652928] INFO perfrun.perfcollector <> - config: any: 0
286 [22391545652928] INFO perfrun.perfcollector <> - config1: offcore_rsp: 0
286 [22391545652928] INFO perfrun.perfcollector <> - config: in_tx_cp: 0
286 [22391545652928] INFO perfrun.perfcollector <> - config1: ldlat: 0
286 [22391545652928] INFO perfrun.perfcollector <> - config: inv: 0
286 [22391545652928] INFO perfrun.perfcollector <> - config: umask: 1
286 [22391545652928] INFO perfrun.perfcollector <> - config: cmask: 0
286 [22391545652928] INFO perfrun.perfcollector <> - format: cpu/event=0x3c,umask=0x1,name='CPU_CLK_UNHALTED.REF_XCLK'/
286 [22391545652928] INFO perfrun.perfcollector <> - event name: CPU_CLK_UNHALTED.ONE_THREAD_ACTIVE
286 [22391545652928] INFO perfrun.perfcollector <> - pmu config: cpu
286 [22391545652928] INFO perfrun.perfcollector <> - cccrAddr: 18b, cccrValue: 53023c
286 [22391545652928] INFO perfrun.perfcollector <> - dataAddr: c6, dataValue: fffffffffffe795d
286 [22391545652928] INFO perfrun.perfcollector <> - escrAddr: ffffffff, escrValue: 0
286 [22391545652928] INFO perfrun.perfcollector <> - extendedPebsValue: 0
286 [22391545652928] INFO perfrun.perfcollector <> - adaptivePebsAvailable: 0
286 [22391545652928] INFO perfrun.perfcollector <> - config: event: 3c
286 [22391545652928] INFO perfrun.perfcollector <> - config: pc: 0
286 [22391545652928] INFO perfrun.perfcollector <> - config: in_tx: 0
286 [22391545652928] INFO perfrun.perfcollector <> - config: edge: 0
286 [22391545652928] INFO perfrun.perfcollector <> - config: any: 0
286 [22391545652928] INFO perfrun.perfcollector <> - config1: offcore_rsp: 0
286 [22391545652928] INFO perfrun.perfcollector <> - config: in_tx_cp: 0
286 [22391545652928] INFO perfrun.perfcollector <> - config1: ldlat: 0
286 [22391545652928] INFO perfrun.perfcollector <> - config: inv: 0
286 [22391545652928] INFO perfrun.perfcollector <> - config: umask: 2
286 [22391545652928] INFO perfrun.perfcollector <> - config: cmask: 0
286 [22391545652928] INFO perfrun.perfcollector <> - format: cpu/event=0x3c,umask=0x2,name='CPU_CLK_UNHALTED.ONE_THREAD_ACTIVE'/
286 [22391545652928] INFO perfrun.perfcollector <> - event name: FP_ARITH_INST_RETIRED.SCALAR_SINGLE
286 [22391545652928] INFO perfrun.perfcollector <> - pmu config: cpu
286 [22391545652928] INFO perfrun.perfcollector <> - cccrAddr: 186, cccrValue: 5302c7
286 [22391545652928] INFO perfrun.perfcollector <> - dataAddr: c1, dataValue: ffffffffffe17b7d
286 [22391545652928] INFO perfrun.perfcollector <> - escrAddr: ffffffff, escrValue: 0
286 [22391545652928] INFO perfrun.perfcollector <> - extendedPebsValue: 0
286 [22391545652928] INFO perfrun.perfcollector <> - adaptivePebsAvailable: 0
286 [22391545652928] INFO perfrun.perfcollector <> - config: event: c7
286 [22391545652928] INFO perfrun.perfcollector <> - config: pc: 0
286 [22391545652928] INFO perfrun.perfcollector <> - config: in_tx: 0
286 [22391545652928] INFO perfrun.perfcollector <> - config: edge: 0
286 [22391545652928] INFO perfrun.perfcollector <> - config: any: 0
286 [22391545652928] INFO perfrun.perfcollector <> - config1: offcore_rsp: 0
286 [22391545652928] INFO perfrun.perfcollector <> - config: in_tx_cp: 0
286 [22391545652928] INFO perfrun.perfcollector <> - config1: ldlat: 0
286 [22391545652928] INFO perfrun.perfcollector <> - config: inv: 0
286 [22391545652928] INFO perfrun.perfcollector <> - config: umask: 2
286 [22391545652928] INFO perfrun.perfcollector <> - config: cmask: 0
286 [22391545652928] INFO perfrun.perfcollector <> - format: cpu/event=0xc7,umask=0x2,name='FP_ARITH_INST_RETIRED.SCALAR_SINGLE'/
286 [22391545652928] INFO perfrun.perfcollector <> - event name: FP_ARITH_INST_RETIRED.128B_PACKED_SINGLE
286 [22391545652928] INFO perfrun.perfcollector <> - pmu config: cpu
286 [22391545652928] INFO perfrun.perfcollector <> - cccrAddr: 187, cccrValue: 5308c7
286 [22391545652928] INFO perfrun.perfcollector <> - dataAddr: c2, dataValue: ffffffffffe17b7d
286 [22391545652928] INFO perfrun.perfcollector <> - escrAddr: ffffffff, escrValue: 0
286 [22391545652928] INFO perfrun.perfcollector <> - extendedPebsValue: 0
287 [22391545652928] INFO perfrun.perfcollector <> - adaptivePebsAvailable: 0
287 [22391545652928] INFO perfrun.perfcollector <> - config: event: c7
287 [22391545652928] INFO perfrun.perfcollector <> - config: pc: 0
287 [22391545652928] INFO perfrun.perfcollector <> - config: in_tx: 0
287 [22391545652928] INFO perfrun.perfcollector <> - config: edge: 0
287 [22391545652928] INFO perfrun.perfcollector <> - config: any: 0
287 [22391545652928] INFO perfrun.perfcollector <> - config1: offcore_rsp: 0
287 [22391545652928] INFO perfrun.perfcollector <> - config: in_tx_cp: 0
287 [22391545652928] INFO perfrun.perfcollector <> - config1: ldlat: 0
287 [22391545652928] INFO perfrun.perfcollector <> - config: inv: 0
287 [22391545652928] INFO perfrun.perfcollector <> - config: umask: 8
287 [22391545652928] INFO perfrun.perfcollector <> - config: cmask: 0
287 [22391545652928] INFO perfrun.perfcollector <> - format: cpu/event=0xc7,umask=0x8,name='FP_ARITH_INST_RETIRED.128B_PACKED_SINGLE'/
287 [22391545652928] INFO perfrun.perfcollector <> - event name: FP_ARITH_INST_RETIRED.256B_PACKED_SINGLE
287 [22391545652928] INFO perfrun.perfcollector <> - pmu config: cpu
287 [22391545652928] INFO perfrun.perfcollector <> - cccrAddr: 188, cccrValue: 5320c7
287 [22391545652928] INFO perfrun.perfcollector <> - dataAddr: c3, dataValue: ffffffffffe17b7d
287 [22391545652928] INFO perfrun.perfcollector <> - escrAddr: ffffffff, escrValue: 0
287 [22391545652928] INFO perfrun.perfcollector <> - extendedPebsValue: 0
287 [22391545652928] INFO perfrun.perfcollector <> - adaptivePebsAvailable: 0
287 [22391545652928] INFO perfrun.perfcollector <> - config: event: c7
287 [22391545652928] INFO perfrun.perfcollector <> - config: pc: 0
287 [22391545652928] INFO perfrun.perfcollector <> - config: in_tx: 0
287 [22391545652928] INFO perfrun.perfcollector <> - config: edge: 0
287 [22391545652928] INFO perfrun.perfcollector <> - config: any: 0
287 [22391545652928] INFO perfrun.perfcollector <> - config1: offcore_rsp: 0
287 [22391545652928] INFO perfrun.perfcollector <> - config: in_tx_cp: 0
287 [22391545652928] INFO perfrun.perfcollector <> - config1: ldlat: 0
287 [22391545652928] INFO perfrun.perfcollector <> - config: inv: 0
287 [22391545652928] INFO perfrun.perfcollector <> - config: umask: 20
287 [22391545652928] INFO perfrun.perfcollector <> - config: cmask: 0
287 [22391545652928] INFO perfrun.perfcollector <> - format: cpu/event=0xc7,umask=0x20,name='FP_ARITH_INST_RETIRED.256B_PACKED_SINGLE'/
287 [22391545652928] INFO perfrun.perfcollector <> - event name: FP_ARITH_INST_RETIRED.SCALAR_DOUBLE
287 [22391545652928] INFO perfrun.perfcollector <> - pmu config: cpu
287 [22391545652928] INFO perfrun.perfcollector <> - cccrAddr: 189, cccrValue: 5301c7
287 [22391545652928] INFO perfrun.perfcollector <> - dataAddr: c4, dataValue: ffffffffffe17b7d
287 [22391545652928] INFO perfrun.perfcollector <> - escrAddr: ffffffff, escrValue: 0
287 [22391545652928] INFO perfrun.perfcollector <> - extendedPebsValue: 0
287 [22391545652928] INFO perfrun.perfcollector <> - adaptivePebsAvailable: 0
287 [22391545652928] INFO perfrun.perfcollector <> - config: event: c7
287 [22391545652928] INFO perfrun.perfcollector <> - config: pc: 0
287 [22391545652928] INFO perfrun.perfcollector <> - config: in_tx: 0
287 [22391545652928] INFO perfrun.perfcollector <> - config: edge: 0
287 [22391545652928] INFO perfrun.perfcollector <> - config: any: 0
287 [22391545652928] INFO perfrun.perfcollector <> - config1: offcore_rsp: 0
287 [22391545652928] INFO perfrun.perfcollector <> - config: in_tx_cp: 0
287 [22391545652928] INFO perfrun.perfcollector <> - config1: ldlat: 0
287 [22391545652928] INFO perfrun.perfcollector <> - config: inv: 0
287 [22391545652928] INFO perfrun.perfcollector <> - config: umask: 1
287 [22391545652928] INFO perfrun.perfcollector <> - config: cmask: 0
287 [22391545652928] INFO perfrun.perfcollector <> - format: cpu/event=0xc7,umask=0x1,name='FP_ARITH_INST_RETIRED.SCALAR_DOUBLE'/
287 [22391545652928] INFO perfrun.perfcollector <> - event name: FP_ARITH_INST_RETIRED.128B_PACKED_DOUBLE
287 [22391545652928] INFO perfrun.perfcollector <> - pmu config: cpu
287 [22391545652928] INFO perfrun.perfcollector <> - cccrAddr: 186, cccrValue: 5304c7
287 [22391545652928] INFO perfrun.perfcollector <> - dataAddr: c1, dataValue: ffffffffffe17b7d
287 [22391545652928] INFO perfrun.perfcollector <> - escrAddr: ffffffff, escrValue: 0
287 [22391545652928] INFO perfrun.perfcollector <> - extendedPebsValue: 0
287 [22391545652928] INFO perfrun.perfcollector <> - adaptivePebsAvailable: 0
287 [22391545652928] INFO perfrun.perfcollector <> - config: event: c7
287 [22391545652928] INFO perfrun.perfcollector <> - config: pc: 0
287 [22391545652928] INFO perfrun.perfcollector <> - config: in_tx: 0
287 [22391545652928] INFO perfrun.perfcollector <> - config: edge: 0
287 [22391545652928] INFO perfrun.perfcollector <> - config: any: 0
287 [22391545652928] INFO perfrun.perfcollector <> - config1: offcore_rsp: 0
287 [22391545652928] INFO perfrun.perfcollector <> - config: in_tx_cp: 0
287 [22391545652928] INFO perfrun.perfcollector <> - config1: ldlat: 0
287 [22391545652928] INFO perfrun.perfcollector <> - config: inv: 0
287 [22391545652928] INFO perfrun.perfcollector <> - config: umask: 4
287 [22391545652928] INFO perfrun.perfcollector <> - config: cmask: 0
287 [22391545652928] INFO perfrun.perfcollector <> - format: cpu/event=0xc7,umask=0x4,name='FP_ARITH_INST_RETIRED.128B_PACKED_DOUBLE'/
287 [22391545652928] INFO perfrun.perfcollector <> - event name: FP_ARITH_INST_RETIRED.256B_PACKED_DOUBLE
287 [22391545652928] INFO perfrun.perfcollector <> - pmu config: cpu
287 [22391545652928] INFO perfrun.perfcollector <> - cccrAddr: 187, cccrValue: 5310c7
287 [22391545652928] INFO perfrun.perfcollector <> - dataAddr: c2, dataValue: ffffffffffe17b7d
287 [22391545652928] INFO perfrun.perfcollector <> - escrAddr: ffffffff, escrValue: 0
287 [22391545652928] INFO perfrun.perfcollector <> - extendedPebsValue: 0
287 [22391545652928] INFO perfrun.perfcollector <> - adaptivePebsAvailable: 0
287 [22391545652928] INFO perfrun.perfcollector <> - config: event: c7
287 [22391545652928] INFO perfrun.perfcollector <> - config: pc: 0
287 [22391545652928] INFO perfrun.perfcollector <> - config: in_tx: 0
287 [22391545652928] INFO perfrun.perfcollector <> - config: edge: 0
287 [22391545652928] INFO perfrun.perfcollector <> - config: any: 0
287 [22391545652928] INFO perfrun.perfcollector <> - config1: offcore_rsp: 0
287 [22391545652928] INFO perfrun.perfcollector <> - config: in_tx_cp: 0
287 [22391545652928] INFO perfrun.perfcollector <> - config1: ldlat: 0
287 [22391545652928] INFO perfrun.perfcollector <> - config: inv: 0
287 [22391545652928] INFO perfrun.perfcollector <> - config: umask: 10
287 [22391545652928] INFO perfrun.perfcollector <> - config: cmask: 0
287 [22391545652928] INFO perfrun.perfcollector <> - format: cpu/event=0xc7,umask=0x10,name='FP_ARITH_INST_RETIRED.256B_PACKED_DOUBLE'/
287 [22391545652928] INFO perfrun.perfcollector <> - event name: INST_RETIRED.X87
287 [22391545652928] INFO perfrun.perfcollector <> - pmu config: cpu
287 [22391545652928] INFO perfrun.perfcollector <> - cccrAddr: 18c, cccrValue: 5302c0
287 [22391545652928] INFO perfrun.perfcollector <> - dataAddr: c7, dataValue: ffffffffffe17b7d
287 [22391545652928] INFO perfrun.perfcollector <> - escrAddr: ffffffff, escrValue: 0
287 [22391545652928] INFO perfrun.perfcollector <> - extendedPebsValue: 0
287 [22391545652928] INFO perfrun.perfcollector <> - adaptivePebsAvailable: 0
287 [22391545652928] INFO perfrun.perfcollector <> - config: event: c0
287 [22391545652928] INFO perfrun.perfcollector <> - config: pc: 0
287 [22391545652928] INFO perfrun.perfcollector <> - config: in_tx: 0
287 [22391545652928] INFO perfrun.perfcollector <> - config: edge: 0
287 [22391545652928] INFO perfrun.perfcollector <> - config: any: 0
287 [22391545652928] INFO perfrun.perfcollector <> - config1: offcore_rsp: 0
287 [22391545652928] INFO perfrun.perfcollector <> - config: in_tx_cp: 0
287 [22391545652928] INFO perfrun.perfcollector <> - config1: ldlat: 0
287 [22391545652928] INFO perfrun.perfcollector <> - config: inv: 0
287 [22391545652928] INFO perfrun.perfcollector <> - config: umask: 2
287 [22391545652928] INFO perfrun.perfcollector <> - config: cmask: 0
287 [22391545652928] INFO perfrun.perfcollector <> - format: cpu/event=0xc0,umask=0x2,name='INST_RETIRED.X87'/
287 [22391545652928] INFO perfrun.perfcollector <> - event name: UOPS_RETIRED.RETIRE_SLOTS
287 [22391545652928] INFO perfrun.perfcollector <> - pmu config: cpu
287 [22391545652928] INFO perfrun.perfcollector <> - cccrAddr: 18d, cccrValue: 5302c2
287 [22391545652928] INFO perfrun.perfcollector <> - dataAddr: c8, dataValue: ffffffffffe17b7d
287 [22391545652928] INFO perfrun.perfcollector <> - escrAddr: ffffffff, escrValue: 0
287 [22391545652928] INFO perfrun.perfcollector <> - extendedPebsValue: 0
287 [22391545652928] INFO perfrun.perfcollector <> - adaptivePebsAvailable: 0
287 [22391545652928] INFO perfrun.perfcollector <> - config: event: c2
287 [22391545652928] INFO perfrun.perfcollector <> - config: pc: 0
287 [22391545652928] INFO perfrun.perfcollector <> - config: in_tx: 0
287 [22391545652928] INFO perfrun.perfcollector <> - config: edge: 0
287 [22391545652928] INFO perfrun.perfcollector <> - config: any: 0
287 [22391545652928] INFO perfrun.perfcollector <> - config1: offcore_rsp: 0
287 [22391545652928] INFO perfrun.perfcollector <> - config: in_tx_cp: 0
287 [22391545652928] INFO perfrun.perfcollector <> - config1: ldlat: 0
287 [22391545652928] INFO perfrun.perfcollector <> - config: inv: 0
287 [22391545652928] INFO perfrun.perfcollector <> - config: umask: 2
287 [22391545652928] INFO perfrun.perfcollector <> - config: cmask: 0
287 [22391545652928] INFO perfrun.perfcollector <> - format: cpu/event=0xc2,umask=0x2,name='UOPS_RETIRED.RETIRE_SLOTS'/
287 [22391545652928] INFO perfrun.perfcollector <> - event: cpu/event=0x3c,name='CPU_CLK_UNHALTED.THREAD'/Duk, added for counting
287 [22391545652928] INFO perfrun.perfcollector <> - event: cpu/umask=0x3,name='CPU_CLK_UNHALTED.REF_TSC'/Duk, added for counting
287 [22391545652928] INFO perfrun.perfcollector <> - event: cpu/event=0xc0,name='INST_RETIRED.ANY'/Duk, added for counting
287 [22391545652928] INFO perfrun.perfcollector <> - event: cpu/event=0x3c,umask=0x1,name='CPU_CLK_UNHALTED.REF_XCLK'/uk, added for counting
287 [22391545652928] INFO perfrun.perfcollector <> - event: cpu/event=0x3c,umask=0x2,name='CPU_CLK_UNHALTED.ONE_THREAD_ACTIVE'/uk, added for counting
287 [22391545652928] INFO perfrun.perfcollector <> - event: cpu/event=0xc7,umask=0x2,name='FP_ARITH_INST_RETIRED.SCALAR_SINGLE'/uk, added for counting
287 [22391545652928] INFO perfrun.perfcollector <> - event: cpu/event=0xc7,umask=0x8,name='FP_ARITH_INST_RETIRED.128B_PACKED_SINGLE'/uk, added for counting
287 [22391545652928] INFO perfrun.perfcollector <> - event: cpu/event=0xc7,umask=0x20,name='FP_ARITH_INST_RETIRED.256B_PACKED_SINGLE'/uk, added for counting
287 [22391545652928] INFO perfrun.perfcollector <> - event: cpu/event=0xc7,umask=0x1,name='FP_ARITH_INST_RETIRED.SCALAR_DOUBLE'/uk, added for counting
287 [22391545652928] INFO perfrun.perfcollector <> - event: cpu/event=0xc7,umask=0x4,name='FP_ARITH_INST_RETIRED.128B_PACKED_DOUBLE'/uk, added for counting
287 [22391545652928] INFO perfrun.perfcollector <> - event: cpu/event=0xc7,umask=0x10,name='FP_ARITH_INST_RETIRED.256B_PACKED_DOUBLE'/uk, added for counting
287 [22391545652928] INFO perfrun.perfcollector <> - event: cpu/event=0xc0,umask=0x2,name='INST_RETIRED.X87'/uk, added for counting
287 [22391545652928] INFO perfrun.perfcollector <> - event: cpu/event=0xc2,umask=0x2,name='UOPS_RETIRED.RETIRE_SLOTS'/uk, added for counting
287 [22391545652928] INFO perfrun.perfcollector <> - attaching to pid: 4294967295, collect mode: 1, rc modes: 3
303 [22391535883968] WARN perfrun.perfcollector <> - Perf stat trace pipe capacity: read = 1048576, write = 1048576, at file: vcs/perfrun1/plugins/perfcollector/src/profiler.cpp:765
313 [22391535883968] INFO perfrun.sdk <> - runCmd: /opt/intel/oneapi/vtune/2023.1.0/bin64/amplxe-perf stat -v --log-fd 10 --scale -x ; -e cpu/event=0x3c,name='CPU_CLK_UNHALTED.THREAD'/Duk,cpu/umask=0x3,name='CPU_CLK_UNHALTED.REF_TSC'/Duk,cpu/event=0xc0,name='INST_RETIRED.ANY'/Duk,cpu/event=0x3c,umask=0x1,name='CPU_CLK_UNHALTED.REF_XCLK'/uk,cpu/event=0x3c,umask=0x2,name='CPU_CLK_UNHALTED.ONE_THREAD_ACTIVE'/uk,cpu/event=0xc7,umask=0x2,name='FP_ARITH_INST_RETIRED.SCALAR_SINGLE'/uk,cpu/event=0xc7,umask=0x8,name='FP_ARITH_INST_RETIRED.128B_PACKED_SINGLE'/uk,cpu/event=0xc7,umask=0x20,name='FP_ARITH_INST_RETIRED.256B_PACKED_SINGLE'/uk,cpu/event=0xc7,umask=0x1,name='FP_ARITH_INST_RETIRED.SCALAR_DOUBLE'/uk,cpu/event=0xc7,umask=0x4,name='FP_ARITH_INST_RETIRED.128B_PACKED_DOUBLE'/uk,cpu/event=0xc7,umask=0x10,name='FP_ARITH_INST_RETIRED.256B_PACKED_DOUBLE'/uk,cpu/event=0xc0,umask=0x2,name='INST_RETIRED.X87'/uk,cpu/event=0xc2,umask=0x2,name='UOPS_RETIRED.RETIRE_SLOTS'/uk /opt/intel/oneapi/vtune/2023.1.0/bin64/amplxe-perf-sync dryrun sys
313 [22391535883968] INFO perfrun.sdk <> - runCmd started PID 2284370
500 [22391535883968] INFO perfrun.perfcollector <> - Monitor: runCmd RC = true
501 [22391545652928] INFO perfrun.launcher <> - plugin [aoclprofile] was disabled because it doesn't support the given collection type.
501 [22391545652928] INFO perfrun.tpss <> - initialize tpss controller
501 [22391545652928] INFO perfrun.tpss <> - configure collection mode: value = cpu:counters:nostack
501 [22391545652928] INFO perfrun.tpss <> - configure collection mode: value = cpu:stack
501 [22391545652928] INFO perfrun.tpss <> - default obj-size-min=1024
501 [22391545652928] INFO perfrun.tpss <> - default hash-table-size=0
501 [22391545652928] INFO perfrun.launcher <> - plugin [media] was disabled because it doesn't support the given collection type.
501 [22391545652928] INFO perfrun.launcher <> - plugin [] was disabled because it doesn't support the given collection type.
501 [22391545652928] INFO perfrun.launcher <> - plugin [] was disabled because it doesn't support the given collection type.
501 [22391545652928] INFO perfrun.launcher <> - plugin [parallelfs] was disabled because it doesn't support the given collection type.
501 [22391545652928] INFO perfrun.launcher <> - plugin [power] was disabled because it doesn't support the given collection type.
501 [22391545652928] INFO perfrun.launcher <> - plugin [hwloc] was disabled because it doesn't support the given collection type.
501 [22391545652928] INFO perfrun.launcher <> - plugin [ipmwatch] was disabled because it doesn't support the given collection type.
501 [22391545652928] INFO perfrun.launcher <> - plugin [os_counters] was disabled because it doesn't support the given collection type.
501 [22391545652928] INFO perfrun.launcher <> - plugin [l0_metrics] was disabled because it doesn't support the given collection type.
502 [22391689287552] INFO perfrun.launcher <> - set environment variable: LD_LIBRARY_PATH = /opt/intel/oneapi/vtune/2023.1.0/lib32/runtime:/opt/intel/oneapi/vtune/2023.1.0/lib64/runtime:/opt/intel/oneapi/tbb/2021.5.1/env/../lib/intel64/gcc4.8:/opt/intel/oneapi/mpi/2021.5.1//libfabric/lib:/opt/intel/oneapi/mpi/2021.5.1//lib/release:/opt/intel/oneapi/mpi/2021.5.1//lib:/opt/intel/oneapi/mkl/2022.0.2/lib/intel64:/opt/intel/oneapi/itac/2021.5.0/slib:/opt/intel/oneapi/debugger/2021.5.0/gdb/intel64/lib:/opt/intel/oneapi/debugger/2021.5.0/libipt/intel64/lib:/opt/intel/oneapi/debugger/2021.5.0/dep/lib:/opt/intel/oneapi/compiler/2022.0.2/linux/lib:/opt/intel/oneapi/compiler/2022.0.2/linux/lib/x64:/opt/intel/oneapi/compiler/2022.0.2/linux/lib/oclfpga/host/linux64/lib:/opt/intel/oneapi/compiler/2022.0.2/linux/compiler/lib/intel64_lin
502 [22391689287552] INFO perfrun.launcher <> - set environment variable: INTEL_LIBITTNOTIFY32 = /opt/intel/oneapi/vtune/2023.1.0/lib32/runtime/libittnotify_collector.so
502 [22391689287552] INFO perfrun.launcher <> - set environment variable: INTEL_LIBITTNOTIFY64 = /opt/intel/oneapi/vtune/2023.1.0/lib64/runtime/libittnotify_collector.so
502 [22391689287552] INFO perfrun.launcher <> - set environment variable: INTEL_ITTNOTIFY_GROUPS = 
502 [22391689287552] INFO perfrun.launcher <> - set environment variable: INTEL_JIT_PROFILER32 = /opt/intel/oneapi/vtune/2023.1.0/lib32/runtime/libittnotify_collector.so
502 [22391689287552] INFO perfrun.launcher <> - set environment variable: INTEL_JIT_PROFILER64 = /opt/intel/oneapi/vtune/2023.1.0/lib64/runtime/libittnotify_collector.so
502 [22391689287552] INFO perfrun.launcher <> - set environment variable: OMP_TOOL_LIBRARIES = /opt/intel/oneapi/vtune/2023.1.0/lib32/runtime/libittnotify_collector.so:/opt/intel/oneapi/vtune/2023.1.0/lib64/runtime/libittnotify_collector.so
502 [22391689287552] INFO perfrun.launcher <> - set environment variable: ENABLE_JITPROFILING = 1
502 [22391689287552] INFO perfrun.launcher <> - set environment variable: CL_CONFIG_USE_VTUNE = True
502 [22391689287552] INFO perfrun.launcher <> - set environment variable: LD_PRELOAD = libittnotify_collector.so:
502 [22391689287552] INFO perfrun.launcher <> - set environment variable: KMP_FORKJOIN_FRAMES = 0
502 [22391689287552] INFO perfrun.launcher <> - set environment variable: KMP_FORKJOIN_FRAMES_MODE = 0
502 [22391689287552] INFO perfrun.launcher <> - set environment variable: OMP_TOOL = disabled
502 [22391689287552] INFO perfrun.launcher <> - set environment variable: INTEL_MRTE_DATA_DIR = /home/course/hpc/users/2022012388/exp8/result.conv2/data.12
502 [22391689287552] INFO perfrun.launcher <> - set environment variable: INTEL_MRTE_HOST_NAME = conv2
502 [22391689287552] INFO perfrun.launcher <> - set environment variable: JAVA_TOOL_OPTIONS = -agentlib:amplxe_tpssmrte_javaprof_1.0 -Dsun.boot.library.path=/opt/intel/oneapi/vtune/2023.1.0/lib32/runtime:/opt/intel/oneapi/vtune/2023.1.0/lib64/runtime
502 [22391689287552] INFO perfrun.launcher <> - set environment variable: LD_LIBRARY_PATH = /opt/intel/oneapi/vtune/2023.1.0/lib32/runtime:/opt/intel/oneapi/vtune/2023.1.0/lib64/runtime:/opt/intel/oneapi/tbb/2021.5.1/env/../lib/intel64/gcc4.8:/opt/intel/oneapi/mpi/2021.5.1//libfabric/lib:/opt/intel/oneapi/mpi/2021.5.1//lib/release:/opt/intel/oneapi/mpi/2021.5.1//lib:/opt/intel/oneapi/mkl/2022.0.2/lib/intel64:/opt/intel/oneapi/itac/2021.5.0/slib:/opt/intel/oneapi/debugger/2021.5.0/gdb/intel64/lib:/opt/intel/oneapi/debugger/2021.5.0/libipt/intel64/lib:/opt/intel/oneapi/debugger/2021.5.0/dep/lib:/opt/intel/oneapi/compiler/2022.0.2/linux/lib:/opt/intel/oneapi/compiler/2022.0.2/linux/lib/x64:/opt/intel/oneapi/compiler/2022.0.2/linux/lib/oclfpga/host/linux64/lib:/opt/intel/oneapi/compiler/2022.0.2/linux/compiler/lib/intel64_lin
502 [22391689287552] INFO perfrun.launcher <> - set environment variable: CORECLR_ENABLE_PROFILING = 1
502 [22391689287552] INFO perfrun.launcher <> - set environment variable: CORECLR_PROFILER = {AA5E4821-E3B1-479c-B7FF-5AD047D22CED}
502 [22391689287552] INFO perfrun.launcher <> - set environment variable: CORECLR_PROFILER_PATH = /opt/intel/oneapi/vtune/2023.1.0/lib64/libamplxe_samplingmrte_clrprof_1.0.so
502 [22391689287552] INFO perfrun.launcher <> - set environment variable: INTEL_MRTE_PROFILER_MODE = mixed
502 [22391689287552] INFO perfrun.launcher <> - RpcServer: run RPC server to handle requests
503 [22391689287552] INFO perfrun.launcher <> - Launcher: command line to start before modification = ./run.sh 2022012388
504 [22391689287552] INFO perfrun.launcher <> - Launcher: command line to start after modification = /opt/intel/oneapi/vtune/2023.1.0/bin64/pin -error_file /home/course/hpc/users/2022012388/exp8/result.conv2/data.12/pinerr.tpsslog -detach_reattach -follow_execv -tool_load_option deepbind -t64 /opt/intel/oneapi/vtune/2023.1.0/lib64/libtpsstool.so -t /opt/intel/oneapi/vtune/2023.1.0/lib32/libtpsstool.so -server_name tpss_ipc.2284230 -prd_dir /opt/intel/oneapi/vtune/2023.1.0 -- ./run.sh 2022012388
604 [22391689287552] INFO perfrun.launcher <> - ProcessCreator object was created
605 [22391689287552] INFO perfrun.launcher <> - Launcher: the process was started in suspend mode
609 [22391545652928] WARN perfrun.system <> - Could not do anything with /sys/kernel/debug/kvm: boost::filesystem::status: Permission denied: "/sys/kernel/debug/kvm", at file: vcs/perfrun1/plugins/system/src/trace_writer.cpp:787
609 [22391545652928] WARN perfrun.system <> - Folder "/var/run/libvirt/qemu/"doesn't exist, at file: vcs/perfrun1/plugins/system/src/trace_writer.cpp:800
609 [22391545652928] INFO perfrun.itt <> - start itt controller for pid #2284478
609 [22391545652928] INFO perfrun.perfcollector <> - attaching to pid: 2284478, collect mode: 1, rc modes: 1
623 [22391529580224] WARN perfrun.perfcollector <> - Perf stat trace pipe capacity: read = 1048576, write = 1048576, at file: vcs/perfrun1/plugins/perfcollector/src/profiler.cpp:765
632 [22391529580224] INFO perfrun.sdk <> - runCmd: /opt/intel/oneapi/vtune/2023.1.0/bin64/amplxe-perf stat -v --log-fd 22 --control=fd:23,26 --scale -x ; -p 2284478 -e cpu/event=0x3c,name='CPU_CLK_UNHALTED.THREAD'/Duk,cpu/umask=0x3,name='CPU_CLK_UNHALTED.REF_TSC'/Duk,cpu/event=0xc0,name='INST_RETIRED.ANY'/Duk,cpu/event=0x3c,umask=0x1,name='CPU_CLK_UNHALTED.REF_XCLK'/uk,cpu/event=0x3c,umask=0x2,name='CPU_CLK_UNHALTED.ONE_THREAD_ACTIVE'/uk,cpu/event=0xc7,umask=0x2,name='FP_ARITH_INST_RETIRED.SCALAR_SINGLE'/uk,cpu/event=0xc7,umask=0x8,name='FP_ARITH_INST_RETIRED.128B_PACKED_SINGLE'/uk,cpu/event=0xc7,umask=0x20,name='FP_ARITH_INST_RETIRED.256B_PACKED_SINGLE'/uk,cpu/event=0xc7,umask=0x1,name='FP_ARITH_INST_RETIRED.SCALAR_DOUBLE'/uk,cpu/event=0xc7,umask=0x4,name='FP_ARITH_INST_RETIRED.128B_PACKED_DOUBLE'/uk,cpu/event=0xc7,umask=0x10,name='FP_ARITH_INST_RETIRED.256B_PACKED_DOUBLE'/uk,cpu/event=0xc0,umask=0x2,name='INST_RETIRED.X87'/uk,cpu/event=0xc2,umask=0x2,name='UOPS_RETIRED.RETIRE_SLOTS'/uk /opt/intel/oneapi/vtune/2023.1.0/bin64/amplxe-perf-sync sync sys
633 [22391529580224] INFO perfrun.sdk <> - runCmd started PID 2284537
802 [22391545652928] INFO perfrun.tpss <> - start tpss controller for pid #2284478
853 [22391689287552] INFO perfrun.launcher <> - Launcher: all plugins were started
853 [22391689287552] INFO perfrun.launcher <> - DirectoryMonitor object was created
853 [22391689287552] INFO perfrun.launcher <> - DirectoryMonitor: a callback was added
853 [22391689287552] INFO perfrun.launcher <> - DirectoryMonitor was started with pingTime = 1000
853 [22391689287552] INFO perfrun.launcher <> - DeadlineTimer is going to be constructed
853 [22391689287552] INFO perfrun.launcher <> - DeadlineTimer: a callback was added
855 [22391689287552] INFO perfrun.launcher <> - Launcher: resume the profiled application and  wait its termination or stop command
140963 [22391689287552] INFO perfrun.launcher <> - Launcher: the profiled application was terminated  with exit code = 1
141200 [22391545652928] INFO perfrun.itt <> - detach itt controller
141200 [22391545652928] INFO perfrun.itt <> - detach itt controller done
141202 [22391529580224] INFO perfrun.perfcollector <> - Monitor: runCmd RC = true
141203 [22391545652928] INFO perfrun.perfcollector <> - Monitor: state = 3, error = 1
141204 [22391545652928] INFO perfrun.tpss <> - stop tpss controller
141208 [22391545652928] INFO perfrun.sdk <> - De-allocating TMU: /home/course/hpc/users/2022012388/exp8/result.conv2/data.12/systemcollector-2284230-conv2.sc
141208 [22391545652928] INFO perfrun.system <> - closed the system trace file: /home/course/hpc/users/2022012388/exp8/result.conv2/data.12/systemcollector-2284230-conv2.sc
141208 [22391689287552] INFO perfrun.launcher <> - Launcher: all plugins were stopped.
141208 [22391689287552] INFO perfrun.launcher <> - DeadlineTimer is going to be destroyed
141208 [22391689287552] INFO perfrun.launcher <> - DeadlineTimer was destroyed
141208 [22391689287552] INFO perfrun.launcher <> - DirectoryMonitor object was destroyed
141208 [22391689287552] WARN perfrun.launcher <> - Stop command is ignored because it is received when collection is already stopped, at file: vcs/perfrun1/launcher/src/command_handler.cpp:226
141212 [22391689287552] INFO perfrun.launcher <> - Application exit code: 1
141212 [22391689287552] INFO perfrun.launcher <> - Exit code: 4
