13 [22776730199936] INFO perfrun.launcher <> - Launcher main begin
15 [22776730199936] INFO perfrun.launcher <> - MessageCatalogInit finished
15 [22776730199936] INFO perfrun.launcher <> - Launcher instance created
15 [22776730199936] INFO perfrun.launcher <> - argc = 7; cmdline = /opt/intel/oneapi/vtune/2023.1.0/bin64/amplxe-runss --ui-output-format xml --ui-output-fd 5 --option-file /home/course/hpc/users/2022012388/exp8/result.conv2/config/runss.options.47 
293 [22776730199936] INFO perfrun.launcher <> - create msngr2::ICliToolContext
294 [22776730199936] INFO perfrun.launcher <> - create file finder object
294 [22776730199936] INFO perfrun.launcher <> - create a result directory: pattern = /home/course/hpc/users/2022012388/exp8/result.conv2 pid = 4294967295
298 [22776730199936] INFO perfrun.sdk <> - checked that the directory /home/course/hpc/users/2022012388/exp8/result.conv2 is a local directory
298 [22776730199936] INFO perfrun.sdk <> - the directory /home/course/hpc/users/2022012388/exp8/result.conv2 is located on a share or its FS ID is unknown 26985
298 [22776730199936] INFO perfrun.sdk <> - checked that the directory /tmp/amplxe-tmp-2022012388 is a local directory
298 [22776730199936] INFO perfrun.sdk <> - the directory /tmp/amplxe-tmp-2022012388 is located on a share or its FS ID is unknown 2035054128
303 [22776730199936] INFO perfrun.launcher <> - create data directory = /home/course/hpc/users/2022012388/exp8/result.conv2/data.52
305 [22776730199936] INFO perfrun.launcher <> - Creating the master collection flag
305 [22776730199936] INFO perfrun.launcher <> - Done creating the master collection flag
308 [22776586954432] INFO perfrun.launcher <> - plugin [remoteplug] was disabled because it doesn't support the given collection type.
308 [22776586954432] INFO perfrun.sdk <> - Allocating TMU :/home/course/hpc/users/2022012388/exp8/result.conv2/data.52/systemcollector-2287966-conv2.sc
310 [22776586954432] INFO perfrun.launcher <> - plugin [vdso] was disabled because it doesn't support the given collection type.
310 [22776586954432] INFO perfrun.launcher <> - plugin [ptracecollector] was disabled because it doesn't support the given collection type.
310 [22776586954432] INFO perfrun.launcher <> - plugin [gpu] was disabled because it doesn't support the given collection type.
310 [22776586954432] INFO perfrun.launcher <> - plugin [] was disabled because it doesn't support the given collection type.
310 [22776586954432] INFO perfrun.launcher <> - plugin [] was disabled because it doesn't support the given collection type.
310 [22776586954432] INFO perfrun.launcher <> - plugin [] was disabled because it doesn't support the given collection type.
310 [22776586954432] INFO perfrun.mrte <> - system-wide mode is 0
310 [22776586954432] INFO perfrun.mrte <> - Getting  mrte profiling environment ...
324 [22776586954432] INFO perfrun.mrte <> - INTEL_MRTE_DATA_DIR=/home/course/hpc/users/2022012388/exp8/result.conv2/data.52
324 [22776586954432] INFO perfrun.mrte <> - INTEL_MRTE_HOST_NAME=conv2
324 [22776586954432] INFO perfrun.mrte <> - JAVA_TOOL_OPTIONS=-agentlib:amplxe_tpssmrte_javaprof_1.0 -Dsun.boot.library.path=/opt/intel/oneapi/vtune/2023.1.0/lib32/runtime:/opt/intel/oneapi/vtune/2023.1.0/lib64/runtime
324 [22776586954432] INFO perfrun.mrte <> - LD_LIBRARY_PATH=/opt/intel/oneapi/vtune/2023.1.0/lib32/runtime:/opt/intel/oneapi/vtune/2023.1.0/lib64/runtime:/opt/intel/oneapi/tbb/2021.5.1/env/../lib/intel64/gcc4.8:/opt/intel/oneapi/mpi/2021.5.1//libfabric/lib:/opt/intel/oneapi/mpi/2021.5.1//lib/release:/opt/intel/oneapi/mpi/2021.5.1//lib:/opt/intel/oneapi/mkl/2022.0.2/lib/intel64:/opt/intel/oneapi/itac/2021.5.0/slib:/opt/intel/oneapi/debugger/2021.5.0/gdb/intel64/lib:/opt/intel/oneapi/debugger/2021.5.0/libipt/intel64/lib:/opt/intel/oneapi/debugger/2021.5.0/dep/lib:/opt/intel/oneapi/compiler/2022.0.2/linux/lib:/opt/intel/oneapi/compiler/2022.0.2/linux/lib/x64:/opt/intel/oneapi/compiler/2022.0.2/linux/lib/oclfpga/host/linux64/lib:/opt/intel/oneapi/compiler/2022.0.2/linux/compiler/lib/intel64_lin
324 [22776586954432] INFO perfrun.mrte <> - CORECLR_ENABLE_PROFILING=1
324 [22776586954432] INFO perfrun.mrte <> - CORECLR_PROFILER={AA5E4821-E3B1-479c-B7FF-5AD047D22CED}
324 [22776586954432] INFO perfrun.mrte <> - CORECLR_PROFILER_PATH=/opt/intel/oneapi/vtune/2023.1.0/lib64/libamplxe_samplingmrte_clrprof_1.0.so
324 [22776586954432] INFO perfrun.mrte <> - INTEL_MRTE_PROFILER_MODE=mixed
324 [22776586954432] INFO perfrun.mrte <> - Data directory: /home/course/hpc/users/2022012388/exp8/result.conv2/data.52
324 [22776586954432] INFO perfrun.mrte <> - Mrte plugin is initialized
324 [22776586954432] INFO perfrun.launcher <> - plugin [emon] was disabled because it doesn't support the given collection type.
324 [22776586954432] INFO perfrun.launcher <> - plugin [cuscol] was disabled because it doesn't support the given collection type.
324 [22776586954432] INFO perfrun.launcher <> - plugin [stdsrc] was disabled because it doesn't support the given collection type.
324 [22776586954432] INFO perfrun.launcher <> - plugin [sep] was disabled because it doesn't support the given collection type.
324 [22776586954432] INFO perfrun.launcher <> - plugin [vtsspp] was disabled because it doesn't support the given collection type.
324 [22776586954432] INFO perfrun.sdk <> - Reading value (0) from file: /proc/sys/kernel/perf_event_paranoid
324 [22776586954432] INFO perfrun.perfcollector <> - checking access to: /opt/intel/oneapi/vtune/2023.1.0/bin64/amplxe-perf-priv
327 [22776586954432] INFO perfrun.perfcollector <> - cpu: family = 6 model = 79
327 [22776586954432] INFO perfrun.perfcollector <> - dir found: /sys/bus/event_source/devices/software
327 [22776586954432] INFO perfrun.perfcollector <> - format: pmu format subdir doesn't exist
327 [22776586954432] INFO perfrun.perfcollector <> - hwInfo: not set, pmuFam: software
327 [22776586954432] INFO perfrun.perfcollector <> - pmu added: family: software, id: 0
327 [22776586954432] INFO perfrun.perfcollector <> - dir found: /sys/bus/event_source/devices/uncore_imc_5
327 [22776586954432] INFO perfrun.perfcollector <> - format: event config:0-7 mask:0-7
328 [22776586954432] INFO perfrun.perfcollector <> - format: edge config:18 mask:18
328 [22776586954432] INFO perfrun.perfcollector <> - format: inv config:23 mask:23
328 [22776586954432] INFO perfrun.perfcollector <> - format: umask config:8-15 mask:8-15
328 [22776586954432] INFO perfrun.perfcollector <> - format: thresh config:24-31 mask:24-31
328 [22776586954432] INFO perfrun.perfcollector <> - hwInfo: PERF_IMC_PMU_DETAILS
328 [22776586954432] INFO perfrun.perfcollector <> - pmu added: family: uncore_imc, id: 5
328 [22776586954432] INFO perfrun.perfcollector <> - dir found: /sys/bus/event_source/devices/uncore_sbox_2
328 [22776586954432] INFO perfrun.perfcollector <> - format: event config:0-7 mask:0-7
328 [22776586954432] INFO perfrun.perfcollector <> - format: edge config:18 mask:18
328 [22776586954432] INFO perfrun.perfcollector <> - format: inv config:23 mask:23
328 [22776586954432] INFO perfrun.perfcollector <> - format: umask config:8-15 mask:8-15
328 [22776586954432] INFO perfrun.perfcollector <> - format: tid_en config:19 mask:19
328 [22776586954432] INFO perfrun.perfcollector <> - format: thresh config:24-31 mask:24-31
328 [22776586954432] INFO perfrun.perfcollector <> - hwInfo: not set, pmuFam: uncore_sbox
328 [22776586954432] INFO perfrun.perfcollector <> - pmu added: family: uncore_sbox, id: 2
328 [22776586954432] INFO perfrun.perfcollector <> - dir found: /sys/bus/event_source/devices/uncore_cbox_8
328 [22776586954432] INFO perfrun.perfcollector <> - format: event config:0-7 mask:0-7
328 [22776586954432] INFO perfrun.perfcollector <> - format: filter_link config1:6-8 mask:6-8
328 [22776586954432] INFO perfrun.perfcollector <> - format: filter_c6 config1:61 mask:61
329 [22776586954432] INFO perfrun.perfcollector <> - format: edge config:18 mask:18
329 [22776586954432] INFO perfrun.perfcollector <> - format: filter_isoc config1:63 mask:63
329 [22776586954432] INFO perfrun.perfcollector <> - format: filter_tid config1:0-5 mask:0-5
329 [22776586954432] INFO perfrun.perfcollector <> - format: filter_nid config1:32-47 mask:32-47
329 [22776586954432] INFO perfrun.perfcollector <> - format: filter_nc config1:62 mask:62
329 [22776586954432] INFO perfrun.perfcollector <> - format: umask config:8-15 mask:8-15
329 [22776586954432] INFO perfrun.perfcollector <> - format: tid_en config:19 mask:19
329 [22776586954432] INFO perfrun.perfcollector <> - format: thresh config:24-31 mask:24-31
329 [22776586954432] INFO perfrun.perfcollector <> - format: filter_state config1:17-23 mask:17-23
329 [22776586954432] INFO perfrun.perfcollector <> - format: filter_opc config1:52-60 mask:52-60
329 [22776586954432] INFO perfrun.perfcollector <> - hwInfo: PERF_CBOX_PMU_DETAILS
329 [22776586954432] INFO perfrun.perfcollector <> - pmu added: family: uncore_cbox, id: 8
329 [22776586954432] INFO perfrun.perfcollector <> - dir found: /sys/bus/event_source/devices/uncore_cbox_13
330 [22776586954432] INFO perfrun.perfcollector <> - format: event config:0-7 mask:0-7
330 [22776586954432] INFO perfrun.perfcollector <> - format: filter_link config1:6-8 mask:6-8
330 [22776586954432] INFO perfrun.perfcollector <> - format: filter_c6 config1:61 mask:61
330 [22776586954432] INFO perfrun.perfcollector <> - format: edge config:18 mask:18
330 [22776586954432] INFO perfrun.perfcollector <> - format: filter_isoc config1:63 mask:63
330 [22776586954432] INFO perfrun.perfcollector <> - format: filter_tid config1:0-5 mask:0-5
330 [22776586954432] INFO perfrun.perfcollector <> - format: filter_nid config1:32-47 mask:32-47
330 [22776586954432] INFO perfrun.perfcollector <> - format: filter_nc config1:62 mask:62
330 [22776586954432] INFO perfrun.perfcollector <> - format: umask config:8-15 mask:8-15
330 [22776586954432] INFO perfrun.perfcollector <> - format: tid_en config:19 mask:19
330 [22776586954432] INFO perfrun.perfcollector <> - format: thresh config:24-31 mask:24-31
330 [22776586954432] INFO perfrun.perfcollector <> - format: filter_state config1:17-23 mask:17-23
330 [22776586954432] INFO perfrun.perfcollector <> - format: filter_opc config1:52-60 mask:52-60
330 [22776586954432] INFO perfrun.perfcollector <> - hwInfo: PERF_CBOX_PMU_DETAILS
331 [22776586954432] INFO perfrun.perfcollector <> - pmu added: family: uncore_cbox, id: 13
331 [22776586954432] INFO perfrun.perfcollector <> - dir found: /sys/bus/event_source/devices/uncore_r2pcie
331 [22776586954432] INFO perfrun.perfcollector <> - format: event config:0-7 mask:0-7
331 [22776586954432] INFO perfrun.perfcollector <> - format: edge config:18 mask:18
331 [22776586954432] INFO perfrun.perfcollector <> - format: inv config:23 mask:23
331 [22776586954432] INFO perfrun.perfcollector <> - format: umask config:8-15 mask:8-15
331 [22776586954432] INFO perfrun.perfcollector <> - format: thresh config:24-31 mask:24-31
331 [22776586954432] INFO perfrun.perfcollector <> - hwInfo: not set, pmuFam: uncore_r2pcie
331 [22776586954432] INFO perfrun.perfcollector <> - pmu added: family: uncore_r2pcie, id: 0
331 [22776586954432] INFO perfrun.perfcollector <> - dir found: /sys/bus/event_source/devices/uncore_sbox_0
332 [22776586954432] INFO perfrun.perfcollector <> - format: event config:0-7 mask:0-7
332 [22776586954432] INFO perfrun.perfcollector <> - format: edge config:18 mask:18
332 [22776586954432] INFO perfrun.perfcollector <> - format: inv config:23 mask:23
332 [22776586954432] INFO perfrun.perfcollector <> - format: umask config:8-15 mask:8-15
332 [22776586954432] INFO perfrun.perfcollector <> - format: tid_en config:19 mask:19
332 [22776586954432] INFO perfrun.perfcollector <> - format: thresh config:24-31 mask:24-31
332 [22776586954432] INFO perfrun.perfcollector <> - hwInfo: not set, pmuFam: uncore_sbox
333 [22776586954432] INFO perfrun.perfcollector <> - pmu added: family: uncore_sbox, id: 0
333 [22776586954432] INFO perfrun.perfcollector <> - dir found: /sys/bus/event_source/devices/uncore_qpi_1
333 [22776586954432] INFO perfrun.perfcollector <> - format: mask_rnid4 config2:31 mask:31
333 [22776586954432] INFO perfrun.perfcollector <> - format: mask_rnid30 config2:32-35 mask:32-35
333 [22776586954432] INFO perfrun.perfcollector <> - format: match_rnid30 config1:32-35 mask:32-35
333 [22776586954432] INFO perfrun.perfcollector <> - format: event config:0-7,21 mask:0-7,21
333 [22776586954432] INFO perfrun.perfcollector <> - format: match0 config1:0-31 mask:0-31
334 [22776586954432] INFO perfrun.perfcollector <> - format: match_rds config1:48-51 mask:48-51
334 [22776586954432] INFO perfrun.perfcollector <> - format: mask_rds config2:48-51 mask:48-51
334 [22776586954432] INFO perfrun.perfcollector <> - format: edge config:18 mask:18
334 [22776586954432] INFO perfrun.perfcollector <> - format: mask1 config2:32-63 mask:32-63
334 [22776586954432] INFO perfrun.perfcollector <> - format: match_dnid config1:13-17 mask:13-17
335 [22776586954432] INFO perfrun.perfcollector <> - format: mask_dnid config2:13-17 mask:13-17
335 [22776586954432] INFO perfrun.perfcollector <> - format: match_vnw config1:3-4 mask:3-4
335 [22776586954432] INFO perfrun.perfcollector <> - format: mask_vnw config2:3-4 mask:3-4
335 [22776586954432] INFO perfrun.perfcollector <> - format: mask_mc config2:9-12 mask:9-12
335 [22776586954432] INFO perfrun.perfcollector <> - format: match1 config1:32-63 mask:32-63
335 [22776586954432] INFO perfrun.perfcollector <> - format: inv config:23 mask:23
335 [22776586954432] INFO perfrun.perfcollector <> - format: umask config:8-15 mask:8-15
335 [22776586954432] INFO perfrun.perfcollector <> - format: match_opc config1:5-8 mask:5-8
335 [22776586954432] INFO perfrun.perfcollector <> - format: mask_opc config2:5-8 mask:5-8
336 [22776586954432] INFO perfrun.perfcollector <> - format: thresh config:24-31 mask:24-31
336 [22776586954432] INFO perfrun.perfcollector <> - format: match_rnid4 config1:31 mask:31
336 [22776586954432] INFO perfrun.perfcollector <> - format: mask0 config2:0-31 mask:0-31
336 [22776586954432] INFO perfrun.perfcollector <> - format: match_mc config1:9-12 mask:9-12
336 [22776586954432] INFO perfrun.perfcollector <> - hwInfo: PERF_QPI_PMU_DETAILS
336 [22776586954432] INFO perfrun.perfcollector <> - pmu added: family: uncore_qpi, id: 1
336 [22776586954432] INFO perfrun.perfcollector <> - dir found: /sys/bus/event_source/devices/uncore_cbox_6
336 [22776586954432] INFO perfrun.perfcollector <> - format: event config:0-7 mask:0-7
336 [22776586954432] INFO perfrun.perfcollector <> - format: filter_link config1:6-8 mask:6-8
336 [22776586954432] INFO perfrun.perfcollector <> - format: filter_c6 config1:61 mask:61
336 [22776586954432] INFO perfrun.perfcollector <> - format: edge config:18 mask:18
336 [22776586954432] INFO perfrun.perfcollector <> - format: filter_isoc config1:63 mask:63
336 [22776586954432] INFO perfrun.perfcollector <> - format: filter_tid config1:0-5 mask:0-5
336 [22776586954432] INFO perfrun.perfcollector <> - format: filter_nid config1:32-47 mask:32-47
337 [22776586954432] INFO perfrun.perfcollector <> - format: filter_nc config1:62 mask:62
337 [22776586954432] INFO perfrun.perfcollector <> - format: umask config:8-15 mask:8-15
337 [22776586954432] INFO perfrun.perfcollector <> - format: tid_en config:19 mask:19
337 [22776586954432] INFO perfrun.perfcollector <> - format: thresh config:24-31 mask:24-31
337 [22776586954432] INFO perfrun.perfcollector <> - format: filter_state config1:17-23 mask:17-23
337 [22776586954432] INFO perfrun.perfcollector <> - format: filter_opc config1:52-60 mask:52-60
337 [22776586954432] INFO perfrun.perfcollector <> - hwInfo: PERF_CBOX_PMU_DETAILS
337 [22776586954432] INFO perfrun.perfcollector <> - pmu added: family: uncore_cbox, id: 6
337 [22776586954432] INFO perfrun.perfcollector <> - dir found: /sys/bus/event_source/devices/uncore_imc_1
338 [22776586954432] INFO perfrun.perfcollector <> - format: event config:0-7 mask:0-7
338 [22776586954432] INFO perfrun.perfcollector <> - format: edge config:18 mask:18
338 [22776586954432] INFO perfrun.perfcollector <> - format: inv config:23 mask:23
338 [22776586954432] INFO perfrun.perfcollector <> - format: umask config:8-15 mask:8-15
338 [22776586954432] INFO perfrun.perfcollector <> - format: thresh config:24-31 mask:24-31
338 [22776586954432] INFO perfrun.perfcollector <> - hwInfo: PERF_IMC_PMU_DETAILS
338 [22776586954432] INFO perfrun.perfcollector <> - pmu added: family: uncore_imc, id: 1
338 [22776586954432] INFO perfrun.perfcollector <> - dir found: /sys/bus/event_source/devices/power
338 [22776586954432] INFO perfrun.perfcollector <> - format: event config:0-7 mask:0-7
338 [22776586954432] INFO perfrun.perfcollector <> - hwInfo: not set, pmuFam: power
338 [22776586954432] INFO perfrun.perfcollector <> - pmu added: family: power, id: 0
338 [22776586954432] INFO perfrun.perfcollector <> - dir found: /sys/bus/event_source/devices/uncore_cbox_11
338 [22776586954432] INFO perfrun.perfcollector <> - format: event config:0-7 mask:0-7
339 [22776586954432] INFO perfrun.perfcollector <> - format: filter_link config1:6-8 mask:6-8
339 [22776586954432] INFO perfrun.perfcollector <> - format: filter_c6 config1:61 mask:61
339 [22776586954432] INFO perfrun.perfcollector <> - format: edge config:18 mask:18
339 [22776586954432] INFO perfrun.perfcollector <> - format: filter_isoc config1:63 mask:63
339 [22776586954432] INFO perfrun.perfcollector <> - format: filter_tid config1:0-5 mask:0-5
339 [22776586954432] INFO perfrun.perfcollector <> - format: filter_nid config1:32-47 mask:32-47
339 [22776586954432] INFO perfrun.perfcollector <> - format: filter_nc config1:62 mask:62
339 [22776586954432] INFO perfrun.perfcollector <> - format: umask config:8-15 mask:8-15
339 [22776586954432] INFO perfrun.perfcollector <> - format: tid_en config:19 mask:19
339 [22776586954432] INFO perfrun.perfcollector <> - format: thresh config:24-31 mask:24-31
339 [22776586954432] INFO perfrun.perfcollector <> - format: filter_state config1:17-23 mask:17-23
339 [22776586954432] INFO perfrun.perfcollector <> - format: filter_opc config1:52-60 mask:52-60
339 [22776586954432] INFO perfrun.perfcollector <> - hwInfo: PERF_CBOX_PMU_DETAILS
339 [22776586954432] INFO perfrun.perfcollector <> - pmu added: family: uncore_cbox, id: 11
340 [22776586954432] INFO perfrun.perfcollector <> - dir found: /sys/bus/event_source/devices/uncore_cbox_4
340 [22776586954432] INFO perfrun.perfcollector <> - format: event config:0-7 mask:0-7
340 [22776586954432] INFO perfrun.perfcollector <> - format: filter_link config1:6-8 mask:6-8
340 [22776586954432] INFO perfrun.perfcollector <> - format: filter_c6 config1:61 mask:61
340 [22776586954432] INFO perfrun.perfcollector <> - format: edge config:18 mask:18
340 [22776586954432] INFO perfrun.perfcollector <> - format: filter_isoc config1:63 mask:63
340 [22776586954432] INFO perfrun.perfcollector <> - format: filter_tid config1:0-5 mask:0-5
340 [22776586954432] INFO perfrun.perfcollector <> - format: filter_nid config1:32-47 mask:32-47
340 [22776586954432] INFO perfrun.perfcollector <> - format: filter_nc config1:62 mask:62
340 [22776586954432] INFO perfrun.perfcollector <> - format: umask config:8-15 mask:8-15
340 [22776586954432] INFO perfrun.perfcollector <> - format: tid_en config:19 mask:19
340 [22776586954432] INFO perfrun.perfcollector <> - format: thresh config:24-31 mask:24-31
341 [22776586954432] INFO perfrun.perfcollector <> - format: filter_state config1:17-23 mask:17-23
341 [22776586954432] INFO perfrun.perfcollector <> - format: filter_opc config1:52-60 mask:52-60
341 [22776586954432] INFO perfrun.perfcollector <> - hwInfo: PERF_CBOX_PMU_DETAILS
341 [22776586954432] INFO perfrun.perfcollector <> - pmu added: family: uncore_cbox, id: 4
341 [22776586954432] INFO perfrun.perfcollector <> - dir found: /sys/bus/event_source/devices/uprobe
341 [22776586954432] INFO perfrun.perfcollector <> - format: ref_ctr_offset config:32-63 mask:32-63
341 [22776586954432] INFO perfrun.perfcollector <> - format: retprobe config:0 mask:0
341 [22776586954432] INFO perfrun.perfcollector <> - hwInfo: not set, pmuFam: uprobe
341 [22776586954432] INFO perfrun.perfcollector <> - pmu added: family: uprobe, id: 0
341 [22776586954432] INFO perfrun.perfcollector <> - dir found: /sys/bus/event_source/devices/intel_bts
342 [22776586954432] INFO perfrun.perfcollector <> - format: pmu format subdir doesn't exist
342 [22776586954432] INFO perfrun.perfcollector <> - hwInfo: not set, pmuFam: intel_bts
342 [22776586954432] INFO perfrun.perfcollector <> - pmu added: family: intel_bts, id: 0
342 [22776586954432] INFO perfrun.perfcollector <> - dir found: /sys/bus/event_source/devices/cpu
342 [22776586954432] INFO perfrun.perfcollector <> - format: event config:0-7 mask:0-7
343 [22776586954432] INFO perfrun.perfcollector <> - format: pc config:19 mask:19
343 [22776586954432] INFO perfrun.perfcollector <> - format: in_tx config:32 mask:32
343 [22776586954432] INFO perfrun.perfcollector <> - format: edge config:18 mask:18
343 [22776586954432] INFO perfrun.perfcollector <> - format: any config:21 mask:21
343 [22776586954432] INFO perfrun.perfcollector <> - format: offcore_rsp config1:0-63 mask:0-63
343 [22776586954432] INFO perfrun.perfcollector <> - format: in_tx_cp config:33 mask:33
343 [22776586954432] INFO perfrun.perfcollector <> - format: ldlat config1:0-15 mask:0-15
343 [22776586954432] INFO perfrun.perfcollector <> - format: inv config:23 mask:23
343 [22776586954432] INFO perfrun.perfcollector <> - format: umask config:8-15 mask:8-15
343 [22776586954432] INFO perfrun.perfcollector <> - format: cmask config:24-31 mask:24-31
343 [22776586954432] INFO perfrun.perfcollector <> - hwInfo: PERF_CPU_PMU_DETAILS
344 [22776586954432] INFO perfrun.perfcollector <> - pmu added: family: cpu, id: 0
344 [22776586954432] INFO perfrun.perfcollector <> - dir found: /sys/bus/event_source/devices/uncore_r3qpi_0
344 [22776586954432] INFO perfrun.perfcollector <> - format: event config:0-7 mask:0-7
344 [22776586954432] INFO perfrun.perfcollector <> - format: edge config:18 mask:18
344 [22776586954432] INFO perfrun.perfcollector <> - format: inv config:23 mask:23
344 [22776586954432] INFO perfrun.perfcollector <> - format: umask config:8-15 mask:8-15
344 [22776586954432] INFO perfrun.perfcollector <> - format: thresh config:24-31 mask:24-31
344 [22776586954432] INFO perfrun.perfcollector <> - hwInfo: not set, pmuFam: uncore_r3qpi
344 [22776586954432] INFO perfrun.perfcollector <> - pmu added: family: uncore_r3qpi, id: 0
344 [22776586954432] INFO perfrun.perfcollector <> - dir found: /sys/bus/event_source/devices/cstate_core
345 [22776586954432] INFO perfrun.perfcollector <> - format: event config:0-63 mask:0-63
345 [22776586954432] INFO perfrun.perfcollector <> - hwInfo: not set, pmuFam: cstate_core
345 [22776586954432] INFO perfrun.perfcollector <> - pmu added: family: cstate_core, id: 0
345 [22776586954432] INFO perfrun.perfcollector <> - dir found: /sys/bus/event_source/devices/uncore_cbox_2
345 [22776586954432] INFO perfrun.perfcollector <> - format: event config:0-7 mask:0-7
345 [22776586954432] INFO perfrun.perfcollector <> - format: filter_link config1:6-8 mask:6-8
345 [22776586954432] INFO perfrun.perfcollector <> - format: filter_c6 config1:61 mask:61
345 [22776586954432] INFO perfrun.perfcollector <> - format: edge config:18 mask:18
345 [22776586954432] INFO perfrun.perfcollector <> - format: filter_isoc config1:63 mask:63
345 [22776586954432] INFO perfrun.perfcollector <> - format: filter_tid config1:0-5 mask:0-5
345 [22776586954432] INFO perfrun.perfcollector <> - format: filter_nid config1:32-47 mask:32-47
345 [22776586954432] INFO perfrun.perfcollector <> - format: filter_nc config1:62 mask:62
345 [22776586954432] INFO perfrun.perfcollector <> - format: umask config:8-15 mask:8-15
346 [22776586954432] INFO perfrun.perfcollector <> - format: tid_en config:19 mask:19
346 [22776586954432] INFO perfrun.perfcollector <> - format: thresh config:24-31 mask:24-31
346 [22776586954432] INFO perfrun.perfcollector <> - format: filter_state config1:17-23 mask:17-23
346 [22776586954432] INFO perfrun.perfcollector <> - format: filter_opc config1:52-60 mask:52-60
346 [22776586954432] INFO perfrun.perfcollector <> - hwInfo: PERF_CBOX_PMU_DETAILS
346 [22776586954432] INFO perfrun.perfcollector <> - pmu added: family: uncore_cbox, id: 2
346 [22776586954432] INFO perfrun.perfcollector <> - dir found: /sys/bus/event_source/devices/breakpoint
346 [22776586954432] INFO perfrun.perfcollector <> - format: pmu format subdir doesn't exist
346 [22776586954432] INFO perfrun.perfcollector <> - hwInfo: not set, pmuFam: breakpoint
346 [22776586954432] INFO perfrun.perfcollector <> - pmu added: family: breakpoint, id: 0
347 [22776586954432] INFO perfrun.perfcollector <> - dir found: /sys/bus/event_source/devices/uncore_ha_0
347 [22776586954432] INFO perfrun.perfcollector <> - format: event config:0-7 mask:0-7
347 [22776586954432] INFO perfrun.perfcollector <> - format: edge config:18 mask:18
347 [22776586954432] INFO perfrun.perfcollector <> - format: inv config:23 mask:23
347 [22776586954432] INFO perfrun.perfcollector <> - format: umask config:8-15 mask:8-15
347 [22776586954432] INFO perfrun.perfcollector <> - format: thresh config:24-31 mask:24-31
347 [22776586954432] INFO perfrun.perfcollector <> - hwInfo: not set, pmuFam: uncore_ha
347 [22776586954432] INFO perfrun.perfcollector <> - pmu added: family: uncore_ha, id: 0
348 [22776586954432] INFO perfrun.perfcollector <> - dir found: /sys/bus/event_source/devices/uncore_cbox_0
348 [22776586954432] INFO perfrun.perfcollector <> - format: event config:0-7 mask:0-7
348 [22776586954432] INFO perfrun.perfcollector <> - format: filter_link config1:6-8 mask:6-8
348 [22776586954432] INFO perfrun.perfcollector <> - format: filter_c6 config1:61 mask:61
348 [22776586954432] INFO perfrun.perfcollector <> - format: edge config:18 mask:18
348 [22776586954432] INFO perfrun.perfcollector <> - format: filter_isoc config1:63 mask:63
348 [22776586954432] INFO perfrun.perfcollector <> - format: filter_tid config1:0-5 mask:0-5
348 [22776586954432] INFO perfrun.perfcollector <> - format: filter_nid config1:32-47 mask:32-47
348 [22776586954432] INFO perfrun.perfcollector <> - format: filter_nc config1:62 mask:62
349 [22776586954432] INFO perfrun.perfcollector <> - format: umask config:8-15 mask:8-15
349 [22776586954432] INFO perfrun.perfcollector <> - format: tid_en config:19 mask:19
349 [22776586954432] INFO perfrun.perfcollector <> - format: thresh config:24-31 mask:24-31
349 [22776586954432] INFO perfrun.perfcollector <> - format: filter_state config1:17-23 mask:17-23
349 [22776586954432] INFO perfrun.perfcollector <> - format: filter_opc config1:52-60 mask:52-60
349 [22776586954432] INFO perfrun.perfcollector <> - hwInfo: PERF_CBOX_PMU_DETAILS
349 [22776586954432] INFO perfrun.perfcollector <> - pmu added: family: uncore_cbox, id: 0
349 [22776586954432] INFO perfrun.perfcollector <> - dir found: /sys/bus/event_source/devices/tracepoint
350 [22776586954432] INFO perfrun.perfcollector <> - format: pmu format subdir doesn't exist
350 [22776586954432] INFO perfrun.perfcollector <> - hwInfo: not set, pmuFam: tracepoint
350 [22776586954432] INFO perfrun.perfcollector <> - pmu added: family: tracepoint, id: 0
350 [22776586954432] INFO perfrun.perfcollector <> - dir found: /sys/bus/event_source/devices/uncore_sbox_3
350 [22776586954432] INFO perfrun.perfcollector <> - format: event config:0-7 mask:0-7
351 [22776586954432] INFO perfrun.perfcollector <> - format: edge config:18 mask:18
351 [22776586954432] INFO perfrun.perfcollector <> - format: inv config:23 mask:23
351 [22776586954432] INFO perfrun.perfcollector <> - format: umask config:8-15 mask:8-15
351 [22776586954432] INFO perfrun.perfcollector <> - format: tid_en config:19 mask:19
351 [22776586954432] INFO perfrun.perfcollector <> - format: thresh config:24-31 mask:24-31
352 [22776586954432] INFO perfrun.perfcollector <> - hwInfo: not set, pmuFam: uncore_sbox
352 [22776586954432] INFO perfrun.perfcollector <> - pmu added: family: uncore_sbox, id: 3
352 [22776586954432] INFO perfrun.perfcollector <> - dir found: /sys/bus/event_source/devices/uncore_cbox_9
352 [22776586954432] INFO perfrun.perfcollector <> - format: event config:0-7 mask:0-7
352 [22776586954432] INFO perfrun.perfcollector <> - format: filter_link config1:6-8 mask:6-8
352 [22776586954432] INFO perfrun.perfcollector <> - format: filter_c6 config1:61 mask:61
352 [22776586954432] INFO perfrun.perfcollector <> - format: edge config:18 mask:18
352 [22776586954432] INFO perfrun.perfcollector <> - format: filter_isoc config1:63 mask:63
353 [22776586954432] INFO perfrun.perfcollector <> - format: filter_tid config1:0-5 mask:0-5
353 [22776586954432] INFO perfrun.perfcollector <> - format: filter_nid config1:32-47 mask:32-47
353 [22776586954432] INFO perfrun.perfcollector <> - format: filter_nc config1:62 mask:62
353 [22776586954432] INFO perfrun.perfcollector <> - format: umask config:8-15 mask:8-15
353 [22776586954432] INFO perfrun.perfcollector <> - format: tid_en config:19 mask:19
353 [22776586954432] INFO perfrun.perfcollector <> - format: thresh config:24-31 mask:24-31
353 [22776586954432] INFO perfrun.perfcollector <> - format: filter_state config1:17-23 mask:17-23
353 [22776586954432] INFO perfrun.perfcollector <> - format: filter_opc config1:52-60 mask:52-60
353 [22776586954432] INFO perfrun.perfcollector <> - hwInfo: PERF_CBOX_PMU_DETAILS
354 [22776586954432] INFO perfrun.perfcollector <> - pmu added: family: uncore_cbox, id: 9
354 [22776586954432] INFO perfrun.perfcollector <> - dir found: /sys/bus/event_source/devices/cstate_pkg
354 [22776586954432] INFO perfrun.perfcollector <> - format: event config:0-63 mask:0-63
354 [22776586954432] INFO perfrun.perfcollector <> - hwInfo: not set, pmuFam: cstate_pkg
354 [22776586954432] INFO perfrun.perfcollector <> - pmu added: family: cstate_pkg, id: 0
354 [22776586954432] INFO perfrun.perfcollector <> - dir found: /sys/bus/event_source/devices/uncore_imc_4
355 [22776586954432] INFO perfrun.perfcollector <> - format: event config:0-7 mask:0-7
355 [22776586954432] INFO perfrun.perfcollector <> - format: edge config:18 mask:18
355 [22776586954432] INFO perfrun.perfcollector <> - format: inv config:23 mask:23
355 [22776586954432] INFO perfrun.perfcollector <> - format: umask config:8-15 mask:8-15
355 [22776586954432] INFO perfrun.perfcollector <> - format: thresh config:24-31 mask:24-31
355 [22776586954432] INFO perfrun.perfcollector <> - hwInfo: PERF_IMC_PMU_DETAILS
355 [22776586954432] INFO perfrun.perfcollector <> - pmu added: family: uncore_imc, id: 4
355 [22776586954432] INFO perfrun.perfcollector <> - dir found: /sys/bus/event_source/devices/uncore_ubox
356 [22776586954432] INFO perfrun.perfcollector <> - format: event config:0-7 mask:0-7
356 [22776586954432] INFO perfrun.perfcollector <> - format: edge config:18 mask:18
356 [22776586954432] INFO perfrun.perfcollector <> - format: inv config:23 mask:23
356 [22776586954432] INFO perfrun.perfcollector <> - format: umask config:8-15 mask:8-15
356 [22776586954432] INFO perfrun.perfcollector <> - format: thresh config:24-28 mask:24-28
357 [22776586954432] INFO perfrun.perfcollector <> - hwInfo: not set, pmuFam: uncore_ubox
357 [22776586954432] INFO perfrun.perfcollector <> - pmu added: family: uncore_ubox, id: 0
357 [22776586954432] INFO perfrun.perfcollector <> - dir found: /sys/bus/event_source/devices/uncore_sbox_1
357 [22776586954432] INFO perfrun.perfcollector <> - format: event config:0-7 mask:0-7
357 [22776586954432] INFO perfrun.perfcollector <> - format: edge config:18 mask:18
357 [22776586954432] INFO perfrun.perfcollector <> - format: inv config:23 mask:23
357 [22776586954432] INFO perfrun.perfcollector <> - format: umask config:8-15 mask:8-15
357 [22776586954432] INFO perfrun.perfcollector <> - format: tid_en config:19 mask:19
358 [22776586954432] INFO perfrun.perfcollector <> - format: thresh config:24-31 mask:24-31
358 [22776586954432] INFO perfrun.perfcollector <> - hwInfo: not set, pmuFam: uncore_sbox
358 [22776586954432] INFO perfrun.perfcollector <> - pmu added: family: uncore_sbox, id: 1
358 [22776586954432] INFO perfrun.perfcollector <> - dir found: /sys/bus/event_source/devices/uncore_cbox_7
358 [22776586954432] INFO perfrun.perfcollector <> - format: event config:0-7 mask:0-7
358 [22776586954432] INFO perfrun.perfcollector <> - format: filter_link config1:6-8 mask:6-8
358 [22776586954432] INFO perfrun.perfcollector <> - format: filter_c6 config1:61 mask:61
358 [22776586954432] INFO perfrun.perfcollector <> - format: edge config:18 mask:18
358 [22776586954432] INFO perfrun.perfcollector <> - format: filter_isoc config1:63 mask:63
358 [22776586954432] INFO perfrun.perfcollector <> - format: filter_tid config1:0-5 mask:0-5
359 [22776586954432] INFO perfrun.perfcollector <> - format: filter_nid config1:32-47 mask:32-47
359 [22776586954432] INFO perfrun.perfcollector <> - format: filter_nc config1:62 mask:62
359 [22776586954432] INFO perfrun.perfcollector <> - format: umask config:8-15 mask:8-15
359 [22776586954432] INFO perfrun.perfcollector <> - format: tid_en config:19 mask:19
359 [22776586954432] INFO perfrun.perfcollector <> - format: thresh config:24-31 mask:24-31
359 [22776586954432] INFO perfrun.perfcollector <> - format: filter_state config1:17-23 mask:17-23
359 [22776586954432] INFO perfrun.perfcollector <> - format: filter_opc config1:52-60 mask:52-60
359 [22776586954432] INFO perfrun.perfcollector <> - hwInfo: PERF_CBOX_PMU_DETAILS
359 [22776586954432] INFO perfrun.perfcollector <> - pmu added: family: uncore_cbox, id: 7
359 [22776586954432] INFO perfrun.perfcollector <> - dir found: /sys/bus/event_source/devices/uncore_cbox_12
359 [22776586954432] INFO perfrun.perfcollector <> - format: event config:0-7 mask:0-7
359 [22776586954432] INFO perfrun.perfcollector <> - format: filter_link config1:6-8 mask:6-8
359 [22776586954432] INFO perfrun.perfcollector <> - format: filter_c6 config1:61 mask:61
359 [22776586954432] INFO perfrun.perfcollector <> - format: edge config:18 mask:18
359 [22776586954432] INFO perfrun.perfcollector <> - format: filter_isoc config1:63 mask:63
359 [22776586954432] INFO perfrun.perfcollector <> - format: filter_tid config1:0-5 mask:0-5
360 [22776586954432] INFO perfrun.perfcollector <> - format: filter_nid config1:32-47 mask:32-47
360 [22776586954432] INFO perfrun.perfcollector <> - format: filter_nc config1:62 mask:62
360 [22776586954432] INFO perfrun.perfcollector <> - format: umask config:8-15 mask:8-15
360 [22776586954432] INFO perfrun.perfcollector <> - format: tid_en config:19 mask:19
360 [22776586954432] INFO perfrun.perfcollector <> - format: thresh config:24-31 mask:24-31
360 [22776586954432] INFO perfrun.perfcollector <> - format: filter_state config1:17-23 mask:17-23
360 [22776586954432] INFO perfrun.perfcollector <> - format: filter_opc config1:52-60 mask:52-60
360 [22776586954432] INFO perfrun.perfcollector <> - hwInfo: PERF_CBOX_PMU_DETAILS
360 [22776586954432] INFO perfrun.perfcollector <> - pmu added: family: uncore_cbox, id: 12
360 [22776586954432] INFO perfrun.perfcollector <> - dir found: /sys/bus/event_source/devices/kprobe
360 [22776586954432] INFO perfrun.perfcollector <> - format: retprobe config:0 mask:0
360 [22776586954432] INFO perfrun.perfcollector <> - hwInfo: not set, pmuFam: kprobe
360 [22776586954432] INFO perfrun.perfcollector <> - pmu added: family: kprobe, id: 0
361 [22776586954432] INFO perfrun.perfcollector <> - dir found: /sys/bus/event_source/devices/uncore_qpi_0
361 [22776586954432] INFO perfrun.perfcollector <> - format: mask_rnid4 config2:31 mask:31
361 [22776586954432] INFO perfrun.perfcollector <> - format: mask_rnid30 config2:32-35 mask:32-35
361 [22776586954432] INFO perfrun.perfcollector <> - format: match_rnid30 config1:32-35 mask:32-35
361 [22776586954432] INFO perfrun.perfcollector <> - format: event config:0-7,21 mask:0-7,21
361 [22776586954432] INFO perfrun.perfcollector <> - format: match0 config1:0-31 mask:0-31
361 [22776586954432] INFO perfrun.perfcollector <> - format: match_rds config1:48-51 mask:48-51
361 [22776586954432] INFO perfrun.perfcollector <> - format: mask_rds config2:48-51 mask:48-51
361 [22776586954432] INFO perfrun.perfcollector <> - format: edge config:18 mask:18
361 [22776586954432] INFO perfrun.perfcollector <> - format: mask1 config2:32-63 mask:32-63
361 [22776586954432] INFO perfrun.perfcollector <> - format: match_dnid config1:13-17 mask:13-17
362 [22776586954432] INFO perfrun.perfcollector <> - format: mask_dnid config2:13-17 mask:13-17
362 [22776586954432] INFO perfrun.perfcollector <> - format: match_vnw config1:3-4 mask:3-4
362 [22776586954432] INFO perfrun.perfcollector <> - format: mask_vnw config2:3-4 mask:3-4
362 [22776586954432] INFO perfrun.perfcollector <> - format: mask_mc config2:9-12 mask:9-12
362 [22776586954432] INFO perfrun.perfcollector <> - format: match1 config1:32-63 mask:32-63
362 [22776586954432] INFO perfrun.perfcollector <> - format: inv config:23 mask:23
362 [22776586954432] INFO perfrun.perfcollector <> - format: umask config:8-15 mask:8-15
362 [22776586954432] INFO perfrun.perfcollector <> - format: match_opc config1:5-8 mask:5-8
362 [22776586954432] INFO perfrun.perfcollector <> - format: mask_opc config2:5-8 mask:5-8
362 [22776586954432] INFO perfrun.perfcollector <> - format: thresh config:24-31 mask:24-31
362 [22776586954432] INFO perfrun.perfcollector <> - format: match_rnid4 config1:31 mask:31
362 [22776586954432] INFO perfrun.perfcollector <> - format: mask0 config2:0-31 mask:0-31
362 [22776586954432] INFO perfrun.perfcollector <> - format: match_mc config1:9-12 mask:9-12
362 [22776586954432] INFO perfrun.perfcollector <> - hwInfo: PERF_QPI_PMU_DETAILS
362 [22776586954432] INFO perfrun.perfcollector <> - pmu added: family: uncore_qpi, id: 0
362 [22776586954432] INFO perfrun.perfcollector <> - dir found: /sys/bus/event_source/devices/uncore_cbox_5
362 [22776586954432] INFO perfrun.perfcollector <> - format: event config:0-7 mask:0-7
362 [22776586954432] INFO perfrun.perfcollector <> - format: filter_link config1:6-8 mask:6-8
362 [22776586954432] INFO perfrun.perfcollector <> - format: filter_c6 config1:61 mask:61
362 [22776586954432] INFO perfrun.perfcollector <> - format: edge config:18 mask:18
363 [22776586954432] INFO perfrun.perfcollector <> - format: filter_isoc config1:63 mask:63
363 [22776586954432] INFO perfrun.perfcollector <> - format: filter_tid config1:0-5 mask:0-5
363 [22776586954432] INFO perfrun.perfcollector <> - format: filter_nid config1:32-47 mask:32-47
363 [22776586954432] INFO perfrun.perfcollector <> - format: filter_nc config1:62 mask:62
363 [22776586954432] INFO perfrun.perfcollector <> - format: umask config:8-15 mask:8-15
363 [22776586954432] INFO perfrun.perfcollector <> - format: tid_en config:19 mask:19
363 [22776586954432] INFO perfrun.perfcollector <> - format: thresh config:24-31 mask:24-31
363 [22776586954432] INFO perfrun.perfcollector <> - format: filter_state config1:17-23 mask:17-23
363 [22776586954432] INFO perfrun.perfcollector <> - format: filter_opc config1:52-60 mask:52-60
363 [22776586954432] INFO perfrun.perfcollector <> - hwInfo: PERF_CBOX_PMU_DETAILS
363 [22776586954432] INFO perfrun.perfcollector <> - pmu added: family: uncore_cbox, id: 5
363 [22776586954432] INFO perfrun.perfcollector <> - dir found: /sys/bus/event_source/devices/uncore_imc_0
363 [22776586954432] INFO perfrun.perfcollector <> - format: event config:0-7 mask:0-7
363 [22776586954432] INFO perfrun.perfcollector <> - format: edge config:18 mask:18
363 [22776586954432] INFO perfrun.perfcollector <> - format: inv config:23 mask:23
363 [22776586954432] INFO perfrun.perfcollector <> - format: umask config:8-15 mask:8-15
363 [22776586954432] INFO perfrun.perfcollector <> - format: thresh config:24-31 mask:24-31
363 [22776586954432] INFO perfrun.perfcollector <> - hwInfo: PERF_IMC_PMU_DETAILS
363 [22776586954432] INFO perfrun.perfcollector <> - pmu added: family: uncore_imc, id: 0
363 [22776586954432] INFO perfrun.perfcollector <> - dir found: /sys/bus/event_source/devices/uncore_cbox_10
363 [22776586954432] INFO perfrun.perfcollector <> - format: event config:0-7 mask:0-7
363 [22776586954432] INFO perfrun.perfcollector <> - format: filter_link config1:6-8 mask:6-8
363 [22776586954432] INFO perfrun.perfcollector <> - format: filter_c6 config1:61 mask:61
364 [22776586954432] INFO perfrun.perfcollector <> - format: edge config:18 mask:18
364 [22776586954432] INFO perfrun.perfcollector <> - format: filter_isoc config1:63 mask:63
364 [22776586954432] INFO perfrun.perfcollector <> - format: filter_tid config1:0-5 mask:0-5
364 [22776586954432] INFO perfrun.perfcollector <> - format: filter_nid config1:32-47 mask:32-47
364 [22776586954432] INFO perfrun.perfcollector <> - format: filter_nc config1:62 mask:62
364 [22776586954432] INFO perfrun.perfcollector <> - format: umask config:8-15 mask:8-15
364 [22776586954432] INFO perfrun.perfcollector <> - format: tid_en config:19 mask:19
364 [22776586954432] INFO perfrun.perfcollector <> - format: thresh config:24-31 mask:24-31
364 [22776586954432] INFO perfrun.perfcollector <> - format: filter_state config1:17-23 mask:17-23
364 [22776586954432] INFO perfrun.perfcollector <> - format: filter_opc config1:52-60 mask:52-60
364 [22776586954432] INFO perfrun.perfcollector <> - hwInfo: PERF_CBOX_PMU_DETAILS
364 [22776586954432] INFO perfrun.perfcollector <> - pmu added: family: uncore_cbox, id: 10
364 [22776586954432] INFO perfrun.perfcollector <> - dir found: /sys/bus/event_source/devices/uncore_pcu
364 [22776586954432] INFO perfrun.perfcollector <> - format: filter_band2 config1:16-23 mask:16-23
364 [22776586954432] INFO perfrun.perfcollector <> - format: event config:0-7 mask:0-7
364 [22776586954432] INFO perfrun.perfcollector <> - format: filter_band0 config1:0-7 mask:0-7
364 [22776586954432] INFO perfrun.perfcollector <> - format: edge config:18 mask:18
364 [22776586954432] INFO perfrun.perfcollector <> - format: occ_invert config:30 mask:30
365 [22776586954432] INFO perfrun.perfcollector <> - format: occ_edge config:14-51 mask:14-51
365 [22776586954432] INFO perfrun.perfcollector <> - format: filter_band3 config1:24-31 mask:24-31
365 [22776586954432] INFO perfrun.perfcollector <> - format: filter_band1 config1:8-15 mask:8-15
365 [22776586954432] INFO perfrun.perfcollector <> - format: inv config:23 mask:23
365 [22776586954432] INFO perfrun.perfcollector <> - format: thresh config:24-28 mask:24-28
365 [22776586954432] INFO perfrun.perfcollector <> - format: occ_sel config:14-15 mask:14-15
365 [22776586954432] INFO perfrun.perfcollector <> - hwInfo: not set, pmuFam: uncore_pcu
365 [22776586954432] INFO perfrun.perfcollector <> - pmu added: family: uncore_pcu, id: 0
365 [22776586954432] INFO perfrun.perfcollector <> - dir found: /sys/bus/event_source/devices/uncore_r3qpi_1
365 [22776586954432] INFO perfrun.perfcollector <> - format: event config:0-7 mask:0-7
365 [22776586954432] INFO perfrun.perfcollector <> - format: edge config:18 mask:18
365 [22776586954432] INFO perfrun.perfcollector <> - format: inv config:23 mask:23
365 [22776586954432] INFO perfrun.perfcollector <> - format: umask config:8-15 mask:8-15
365 [22776586954432] INFO perfrun.perfcollector <> - format: thresh config:24-31 mask:24-31
365 [22776586954432] INFO perfrun.perfcollector <> - hwInfo: not set, pmuFam: uncore_r3qpi
365 [22776586954432] INFO perfrun.perfcollector <> - pmu added: family: uncore_r3qpi, id: 1
365 [22776586954432] INFO perfrun.perfcollector <> - dir found: /sys/bus/event_source/devices/msr
365 [22776586954432] INFO perfrun.perfcollector <> - format: event config:0-63 mask:0-63
365 [22776586954432] INFO perfrun.perfcollector <> - hwInfo: not set, pmuFam: msr
366 [22776586954432] INFO perfrun.perfcollector <> - pmu added: family: msr, id: 0
366 [22776586954432] INFO perfrun.perfcollector <> - dir found: /sys/bus/event_source/devices/uncore_cbox_3
366 [22776586954432] INFO perfrun.perfcollector <> - format: event config:0-7 mask:0-7
366 [22776586954432] INFO perfrun.perfcollector <> - format: filter_link config1:6-8 mask:6-8
366 [22776586954432] INFO perfrun.perfcollector <> - format: filter_c6 config1:61 mask:61
366 [22776586954432] INFO perfrun.perfcollector <> - format: edge config:18 mask:18
366 [22776586954432] INFO perfrun.perfcollector <> - format: filter_isoc config1:63 mask:63
366 [22776586954432] INFO perfrun.perfcollector <> - format: filter_tid config1:0-5 mask:0-5
366 [22776586954432] INFO perfrun.perfcollector <> - format: filter_nid config1:32-47 mask:32-47
366 [22776586954432] INFO perfrun.perfcollector <> - format: filter_nc config1:62 mask:62
366 [22776586954432] INFO perfrun.perfcollector <> - format: umask config:8-15 mask:8-15
367 [22776586954432] INFO perfrun.perfcollector <> - format: tid_en config:19 mask:19
367 [22776586954432] INFO perfrun.perfcollector <> - format: thresh config:24-31 mask:24-31
367 [22776586954432] INFO perfrun.perfcollector <> - format: filter_state config1:17-23 mask:17-23
367 [22776586954432] INFO perfrun.perfcollector <> - format: filter_opc config1:52-60 mask:52-60
367 [22776586954432] INFO perfrun.perfcollector <> - hwInfo: PERF_CBOX_PMU_DETAILS
367 [22776586954432] INFO perfrun.perfcollector <> - pmu added: family: uncore_cbox, id: 3
367 [22776586954432] INFO perfrun.perfcollector <> - dir found: /sys/bus/event_source/devices/intel_pt
367 [22776586954432] INFO perfrun.perfcollector <> - format: ptw config:12 mask:12
367 [22776586954432] INFO perfrun.perfcollector <> - format: event config:31 mask:31
367 [22776586954432] INFO perfrun.perfcollector <> - format: cyc_thresh config:19-22 mask:19-22
367 [22776586954432] INFO perfrun.perfcollector <> - format: pt config:0 mask:0
367 [22776586954432] INFO perfrun.perfcollector <> - format: notnt config:55 mask:55
368 [22776586954432] INFO perfrun.perfcollector <> - format: branch config:13 mask:13
368 [22776586954432] INFO perfrun.perfcollector <> - format: tsc config:10 mask:10
368 [22776586954432] INFO perfrun.perfcollector <> - format: pwr_evt config:4 mask:4
368 [22776586954432] INFO perfrun.perfcollector <> - format: fup_on_ptw config:5 mask:5
368 [22776586954432] INFO perfrun.perfcollector <> - format: cyc config:1 mask:1
368 [22776586954432] INFO perfrun.perfcollector <> - format: noretcomp config:11 mask:11
368 [22776586954432] INFO perfrun.perfcollector <> - format: mtc config:9 mask:9
368 [22776586954432] INFO perfrun.perfcollector <> - format: psb_period config:24-27 mask:24-27
368 [22776586954432] INFO perfrun.perfcollector <> - format: mtc_period config:14-17 mask:14-17
368 [22776586954432] INFO perfrun.perfcollector <> - hwInfo: not set, pmuFam: intel_pt
368 [22776586954432] INFO perfrun.perfcollector <> - pmu added: family: intel_pt, id: 0
368 [22776586954432] INFO perfrun.perfcollector <> - dir found: /sys/bus/event_source/devices/uncore_ha_1
368 [22776586954432] INFO perfrun.perfcollector <> - format: event config:0-7 mask:0-7
369 [22776586954432] INFO perfrun.perfcollector <> - format: edge config:18 mask:18
369 [22776586954432] INFO perfrun.perfcollector <> - format: inv config:23 mask:23
369 [22776586954432] INFO perfrun.perfcollector <> - format: umask config:8-15 mask:8-15
369 [22776586954432] INFO perfrun.perfcollector <> - format: thresh config:24-31 mask:24-31
369 [22776586954432] INFO perfrun.perfcollector <> - hwInfo: not set, pmuFam: uncore_ha
369 [22776586954432] INFO perfrun.perfcollector <> - pmu added: family: uncore_ha, id: 1
369 [22776586954432] INFO perfrun.perfcollector <> - dir found: /sys/bus/event_source/devices/uncore_cbox_1
369 [22776586954432] INFO perfrun.perfcollector <> - format: event config:0-7 mask:0-7
369 [22776586954432] INFO perfrun.perfcollector <> - format: filter_link config1:6-8 mask:6-8
369 [22776586954432] INFO perfrun.perfcollector <> - format: filter_c6 config1:61 mask:61
369 [22776586954432] INFO perfrun.perfcollector <> - format: edge config:18 mask:18
370 [22776586954432] INFO perfrun.perfcollector <> - format: filter_isoc config1:63 mask:63
370 [22776586954432] INFO perfrun.perfcollector <> - format: filter_tid config1:0-5 mask:0-5
370 [22776586954432] INFO perfrun.perfcollector <> - format: filter_nid config1:32-47 mask:32-47
370 [22776586954432] INFO perfrun.perfcollector <> - format: filter_nc config1:62 mask:62
370 [22776586954432] INFO perfrun.perfcollector <> - format: umask config:8-15 mask:8-15
370 [22776586954432] INFO perfrun.perfcollector <> - format: tid_en config:19 mask:19
371 [22776586954432] INFO perfrun.perfcollector <> - format: thresh config:24-31 mask:24-31
371 [22776586954432] INFO perfrun.perfcollector <> - format: filter_state config1:17-23 mask:17-23
371 [22776586954432] INFO perfrun.perfcollector <> - format: filter_opc config1:52-60 mask:52-60
371 [22776586954432] INFO perfrun.perfcollector <> - hwInfo: PERF_CBOX_PMU_DETAILS
371 [22776586954432] INFO perfrun.perfcollector <> - pmu added: family: uncore_cbox, id: 1
371 [22776586954432] INFO perfrun.sdk <> - runCmd: /opt/intel/oneapi/vtune/2023.1.0/bin64/sep -dry-run -sam 1 -ec CPU_CLK_UNHALTED.THREAD,CPU_CLK_UNHALTED.REF_TSC:sample:sa=2400000,INST_RETIRED.ANY:sample:sa=2400000,CPU_CLK_UNHALTED.REF_XCLK,CPU_CLK_UNHALTED.ONE_THREAD_ACTIVE,FP_ARITH_INST_RETIRED.SCALAR_SINGLE,FP_ARITH_INST_RETIRED.128B_PACKED_SINGLE,FP_ARITH_INST_RETIRED.256B_PACKED_SINGLE,FP_ARITH_INST_RETIRED.SCALAR_DOUBLE,FP_ARITH_INST_RETIRED.128B_PACKED_DOUBLE,FP_ARITH_INST_RETIRED.256B_PACKED_DOUBLE,INST_RETIRED.X87,UOPS_RETIRED.RETIRE_SLOTS:sample:sa=2000003 -experimental
372 [22776586954432] INFO perfrun.sdk <> - runCmd started PID 2288105
407 [22776586954432] INFO perfrun.perfcollector <> - SepDryRun RC = true
411 [22776586954432] INFO perfrun.perfcollector <> - DRY_RUN: "PMU type: Core (core)"
411 [22776586954432] INFO perfrun.perfcollector <> - pmu type: cpu
411 [22776586954432] INFO perfrun.perfcollector <> - DRY_RUN: "Group 0:"
411 [22776586954432] INFO perfrun.perfcollector <> - id: 0
411 [22776586954432] INFO perfrun.perfcollector <> - DRY_RUN: "INST_RETIRED.ANY: event id 2"
411 [22776586954432] INFO perfrun.perfcollector <> - eventName: INST_RETIRED.ANY, eventId: 2
411 [22776586954432] INFO perfrun.perfcollector <> - DRY_RUN: "CPU_CLK_UNHALTED.THREAD: event id 0"
411 [22776586954432] INFO perfrun.perfcollector <> - eventName: CPU_CLK_UNHALTED.THREAD, eventId: 0
411 [22776586954432] INFO perfrun.perfcollector <> - DRY_RUN: "CPU_CLK_UNHALTED.REF_TSC: event id 1"
411 [22776586954432] INFO perfrun.perfcollector <> - eventName: CPU_CLK_UNHALTED.REF_TSC, eventId: 1
411 [22776586954432] INFO perfrun.perfcollector <> - DRY_RUN: "FP_ARITH_INST_RETIRED.SCALAR_SINGLE: event id 5"
411 [22776586954432] INFO perfrun.perfcollector <> - eventName: FP_ARITH_INST_RETIRED.SCALAR_SINGLE, eventId: 5
411 [22776586954432] INFO perfrun.perfcollector <> - DRY_RUN: "FP_ARITH_INST_RETIRED.128B_PACKED_SINGLE: event id 6"
411 [22776586954432] INFO perfrun.perfcollector <> - eventName: FP_ARITH_INST_RETIRED.128B_PACKED_SINGLE, eventId: 6
411 [22776586954432] INFO perfrun.perfcollector <> - DRY_RUN: "FP_ARITH_INST_RETIRED.256B_PACKED_SINGLE: event id 7"
411 [22776586954432] INFO perfrun.perfcollector <> - eventName: FP_ARITH_INST_RETIRED.256B_PACKED_SINGLE, eventId: 7
411 [22776586954432] INFO perfrun.perfcollector <> - DRY_RUN: "FP_ARITH_INST_RETIRED.SCALAR_DOUBLE: event id 8"
411 [22776586954432] INFO perfrun.perfcollector <> - eventName: FP_ARITH_INST_RETIRED.SCALAR_DOUBLE, eventId: 8
411 [22776586954432] INFO perfrun.perfcollector <> - DRY_RUN: "CPU_CLK_UNHALTED.REF_XCLK: event id 3"
411 [22776586954432] INFO perfrun.perfcollector <> - eventName: CPU_CLK_UNHALTED.REF_XCLK, eventId: 3
411 [22776586954432] INFO perfrun.perfcollector <> - DRY_RUN: "CPU_CLK_UNHALTED.ONE_THREAD_ACTIVE: event id 4"
411 [22776586954432] INFO perfrun.perfcollector <> - eventName: CPU_CLK_UNHALTED.ONE_THREAD_ACTIVE, eventId: 4
411 [22776586954432] INFO perfrun.perfcollector <> - DRY_RUN: "INST_RETIRED.X87: event id 11"
411 [22776586954432] INFO perfrun.perfcollector <> - eventName: INST_RETIRED.X87, eventId: 11
411 [22776586954432] INFO perfrun.perfcollector <> - DRY_RUN: "UOPS_RETIRED.RETIRE_SLOTS: event id 12"
411 [22776586954432] INFO perfrun.perfcollector <> - eventName: UOPS_RETIRED.RETIRE_SLOTS, eventId: 12
411 [22776586954432] INFO perfrun.perfcollector <> - DRY_RUN: "CCCR"
411 [22776586954432] INFO perfrun.perfcollector <> - DRY_RUN: "reg_type       = 1	event_id       = g	reg_id         = 38f	reg_value      = 7000000ff"
411 [22776586954432] INFO perfrun.perfcollector <> - eventId: g, skip parsing event_id
411 [22776586954432] INFO perfrun.perfcollector <> - Register was ignored: group_id: 0, reg_type: 1, event_id: 4294967295, reg_id: 38f, reg_value: 7000000ff, pmu_name: cpu
411 [22776586954432] INFO perfrun.perfcollector <> - DRY_RUN: "reg_type       = 1	event_id       = g	reg_id         = 390	reg_value      = 7000000ff"
411 [22776586954432] INFO perfrun.perfcollector <> - eventId: g, skip parsing event_id
411 [22776586954432] INFO perfrun.perfcollector <> - Register was ignored: group_id: 0, reg_type: 1, event_id: 4294967295, reg_id: 390, reg_value: 7000000ff, pmu_name: cpu
411 [22776586954432] INFO perfrun.perfcollector <> - DRY_RUN: "reg_type       = 1	event_id       = g	reg_id         = 3f1	reg_value      = 0"
411 [22776586954432] INFO perfrun.perfcollector <> - eventId: g, skip parsing event_id
411 [22776586954432] INFO perfrun.perfcollector <> - Register was ignored: group_id: 0, reg_type: 1, event_id: 4294967295, reg_id: 3f1, reg_value: 0, pmu_name: cpu
411 [22776586954432] INFO perfrun.perfcollector <> - DRY_RUN: "reg_type       = 1	event_id       = g	reg_id         = 1d9	reg_value      = 1800"
411 [22776586954432] INFO perfrun.perfcollector <> - eventId: g, skip parsing event_id
411 [22776586954432] INFO perfrun.perfcollector <> - Register was ignored: group_id: 0, reg_type: 1, event_id: 4294967295, reg_id: 1d9, reg_value: 1800, pmu_name: cpu
411 [22776586954432] INFO perfrun.perfcollector <> - DRY_RUN: "reg_type       = 1	event_id       = g	reg_id         = 38d	reg_value      = bbb"
411 [22776586954432] INFO perfrun.perfcollector <> - eventId: g, skip parsing event_id
411 [22776586954432] INFO perfrun.perfcollector <> - Register was ignored: group_id: 0, reg_type: 1, event_id: 4294967295, reg_id: 38d, reg_value: bbb, pmu_name: cpu
411 [22776586954432] INFO perfrun.perfcollector <> - DRY_RUN: "reg_type       = 1	event_id       = 5	reg_id         = 186	reg_value      = 5302c7"
411 [22776586954432] INFO perfrun.perfcollector <> - Event selector: group_id: 0, reg_type: 1, event_id: 5, reg_id: 186, reg_value: 5302c7, pmu_name: cpu
411 [22776586954432] INFO perfrun.perfcollector <> - DRY_RUN: "reg_type       = 1	event_id       = 6	reg_id         = 187	reg_value      = 5308c7"
411 [22776586954432] INFO perfrun.perfcollector <> - Event selector: group_id: 0, reg_type: 1, event_id: 6, reg_id: 187, reg_value: 5308c7, pmu_name: cpu
411 [22776586954432] INFO perfrun.perfcollector <> - DRY_RUN: "reg_type       = 1	event_id       = 7	reg_id         = 188	reg_value      = 5320c7"
411 [22776586954432] INFO perfrun.perfcollector <> - Event selector: group_id: 0, reg_type: 1, event_id: 7, reg_id: 188, reg_value: 5320c7, pmu_name: cpu
411 [22776586954432] INFO perfrun.perfcollector <> - DRY_RUN: "reg_type       = 1	event_id       = 8	reg_id         = 189	reg_value      = 5301c7"
411 [22776586954432] INFO perfrun.perfcollector <> - Event selector: group_id: 0, reg_type: 1, event_id: 8, reg_id: 189, reg_value: 5301c7, pmu_name: cpu
411 [22776586954432] INFO perfrun.perfcollector <> - DRY_RUN: "reg_type       = 1	event_id       = 3	reg_id         = 18a	reg_value      = 53013c"
411 [22776586954432] INFO perfrun.perfcollector <> - Event selector: group_id: 0, reg_type: 1, event_id: 3, reg_id: 18a, reg_value: 53013c, pmu_name: cpu
411 [22776586954432] INFO perfrun.perfcollector <> - DRY_RUN: "reg_type       = 1	event_id       = 4	reg_id         = 18b	reg_value      = 53023c"
411 [22776586954432] INFO perfrun.perfcollector <> - Event selector: group_id: 0, reg_type: 1, event_id: 4, reg_id: 18b, reg_value: 53023c, pmu_name: cpu
411 [22776586954432] INFO perfrun.perfcollector <> - DRY_RUN: "reg_type       = 1	event_id       = 11	reg_id         = 18c	reg_value      = 5302c0"
411 [22776586954432] INFO perfrun.perfcollector <> - Event selector: group_id: 0, reg_type: 1, event_id: 11, reg_id: 18c, reg_value: 5302c0, pmu_name: cpu
411 [22776586954432] INFO perfrun.perfcollector <> - DRY_RUN: "reg_type       = 1	event_id       = 12	reg_id         = 18d	reg_value      = 5302c2"
411 [22776586954432] INFO perfrun.perfcollector <> - Event selector: group_id: 0, reg_type: 1, event_id: 12, reg_id: 18d, reg_value: 5302c2, pmu_name: cpu
411 [22776586954432] INFO perfrun.perfcollector <> - DRY_RUN: "ESCR"
411 [22776586954432] INFO perfrun.perfcollector <> - DRY_RUN: "reg_type       = 2	event_id       = g	reg_id         = 1c8	reg_value      = 0"
411 [22776586954432] INFO perfrun.perfcollector <> - eventId: g, skip parsing event_id
411 [22776586954432] INFO perfrun.perfcollector <> - DRY_RUN: "DATA"
411 [22776586954432] INFO perfrun.perfcollector <> - DRY_RUN: "reg_type       = 4	event_id       = 2	reg_id         = 309	reg_value      = ffffffdb6100"
411 [22776586954432] INFO perfrun.perfcollector <> - eventId: 2, dataAddr: 309, dataVal: ffffffdb6100
411 [22776586954432] INFO perfrun.perfcollector <> - DRY_RUN: "reg_type       = 4	event_id       = 0	reg_id         = 30a	reg_value      = ffffffe17b7d"
411 [22776586954432] INFO perfrun.perfcollector <> - eventId: 0, dataAddr: 30a, dataVal: ffffffe17b7d
411 [22776586954432] INFO perfrun.perfcollector <> - DRY_RUN: "reg_type       = 4	event_id       = 1	reg_id         = 30b	reg_value      = ffffffdb6100"
411 [22776586954432] INFO perfrun.perfcollector <> - eventId: 1, dataAddr: 30b, dataVal: ffffffdb6100
411 [22776586954432] INFO perfrun.perfcollector <> - DRY_RUN: "reg_type       = 4	event_id       = 5	reg_id         = c1	reg_value      = ffffffe17b7d"
411 [22776586954432] INFO perfrun.perfcollector <> - eventId: 5, dataAddr: c1, dataVal: ffffffe17b7d
411 [22776586954432] INFO perfrun.perfcollector <> - DRY_RUN: "reg_type       = 4	event_id       = 6	reg_id         = c2	reg_value      = ffffffe17b7d"
411 [22776586954432] INFO perfrun.perfcollector <> - eventId: 6, dataAddr: c2, dataVal: ffffffe17b7d
411 [22776586954432] INFO perfrun.perfcollector <> - DRY_RUN: "reg_type       = 4	event_id       = 7	reg_id         = c3	reg_value      = ffffffe17b7d"
411 [22776586954432] INFO perfrun.perfcollector <> - eventId: 7, dataAddr: c3, dataVal: ffffffe17b7d
411 [22776586954432] INFO perfrun.perfcollector <> - DRY_RUN: "reg_type       = 4	event_id       = 8	reg_id         = c4	reg_value      = ffffffe17b7d"
411 [22776586954432] INFO perfrun.perfcollector <> - eventId: 8, dataAddr: c4, dataVal: ffffffe17b7d
411 [22776586954432] INFO perfrun.perfcollector <> - DRY_RUN: "reg_type       = 4	event_id       = 3	reg_id         = c5	reg_value      = fffffffe795d"
411 [22776586954432] INFO perfrun.perfcollector <> - eventId: 3, dataAddr: c5, dataVal: fffffffe795d
411 [22776586954432] INFO perfrun.perfcollector <> - DRY_RUN: "reg_type       = 4	event_id       = 4	reg_id         = c6	reg_value      = fffffffe795d"
411 [22776586954432] INFO perfrun.perfcollector <> - eventId: 4, dataAddr: c6, dataVal: fffffffe795d
411 [22776586954432] INFO perfrun.perfcollector <> - DRY_RUN: "reg_type       = 4	event_id       = 11	reg_id         = c7	reg_value      = ffffffe17b7d"
411 [22776586954432] INFO perfrun.perfcollector <> - eventId: 11, dataAddr: c7, dataVal: ffffffe17b7d
411 [22776586954432] INFO perfrun.perfcollector <> - DRY_RUN: "reg_type       = 4	event_id       = 12	reg_id         = c8	reg_value      = ffffffe17b7d"
411 [22776586954432] INFO perfrun.perfcollector <> - eventId: 12, dataAddr: c8, dataVal: ffffffe17b7d
411 [22776586954432] INFO perfrun.perfcollector <> - DRY_RUN: "Group 1:"
411 [22776586954432] INFO perfrun.perfcollector <> - id: 1
411 [22776586954432] INFO perfrun.perfcollector <> - DRY_RUN: "INST_RETIRED.ANY: event id 2"
411 [22776586954432] INFO perfrun.perfcollector <> - eventName: INST_RETIRED.ANY, eventId: 2
411 [22776586954432] INFO perfrun.perfcollector <> - DRY_RUN: "CPU_CLK_UNHALTED.THREAD: event id 0"
411 [22776586954432] INFO perfrun.perfcollector <> - eventName: CPU_CLK_UNHALTED.THREAD, eventId: 0
411 [22776586954432] INFO perfrun.perfcollector <> - DRY_RUN: "CPU_CLK_UNHALTED.REF_TSC: event id 1"
411 [22776586954432] INFO perfrun.perfcollector <> - eventName: CPU_CLK_UNHALTED.REF_TSC, eventId: 1
411 [22776586954432] INFO perfrun.perfcollector <> - DRY_RUN: "FP_ARITH_INST_RETIRED.128B_PACKED_DOUBLE: event id 9"
411 [22776586954432] INFO perfrun.perfcollector <> - eventName: FP_ARITH_INST_RETIRED.128B_PACKED_DOUBLE, eventId: 9
411 [22776586954432] INFO perfrun.perfcollector <> - DRY_RUN: "FP_ARITH_INST_RETIRED.256B_PACKED_DOUBLE: event id 10"
411 [22776586954432] INFO perfrun.perfcollector <> - eventName: FP_ARITH_INST_RETIRED.256B_PACKED_DOUBLE, eventId: 10
411 [22776586954432] INFO perfrun.perfcollector <> - DRY_RUN: "CCCR"
411 [22776586954432] INFO perfrun.perfcollector <> - DRY_RUN: "reg_type       = 1	event_id       = g	reg_id         = 38f	reg_value      = 700000003"
411 [22776586954432] INFO perfrun.perfcollector <> - eventId: g, skip parsing event_id
411 [22776586954432] INFO perfrun.perfcollector <> - Register was ignored: group_id: 1, reg_type: 1, event_id: 4294967295, reg_id: 38f, reg_value: 700000003, pmu_name: cpu
411 [22776586954432] INFO perfrun.perfcollector <> - DRY_RUN: "reg_type       = 1	event_id       = g	reg_id         = 390	reg_value      = 700000003"
411 [22776586954432] INFO perfrun.perfcollector <> - eventId: g, skip parsing event_id
411 [22776586954432] INFO perfrun.perfcollector <> - Register was ignored: group_id: 1, reg_type: 1, event_id: 4294967295, reg_id: 390, reg_value: 700000003, pmu_name: cpu
411 [22776586954432] INFO perfrun.perfcollector <> - DRY_RUN: "reg_type       = 1	event_id       = g	reg_id         = 3f1	reg_value      = 0"
411 [22776586954432] INFO perfrun.perfcollector <> - eventId: g, skip parsing event_id
411 [22776586954432] INFO perfrun.perfcollector <> - Register was ignored: group_id: 1, reg_type: 1, event_id: 4294967295, reg_id: 3f1, reg_value: 0, pmu_name: cpu
411 [22776586954432] INFO perfrun.perfcollector <> - DRY_RUN: "reg_type       = 1	event_id       = g	reg_id         = 1d9	reg_value      = 1800"
411 [22776586954432] INFO perfrun.perfcollector <> - eventId: g, skip parsing event_id
411 [22776586954432] INFO perfrun.perfcollector <> - Register was ignored: group_id: 1, reg_type: 1, event_id: 4294967295, reg_id: 1d9, reg_value: 1800, pmu_name: cpu
411 [22776586954432] INFO perfrun.perfcollector <> - DRY_RUN: "reg_type       = 1	event_id       = g	reg_id         = 38d	reg_value      = bbb"
411 [22776586954432] INFO perfrun.perfcollector <> - eventId: g, skip parsing event_id
411 [22776586954432] INFO perfrun.perfcollector <> - Register was ignored: group_id: 1, reg_type: 1, event_id: 4294967295, reg_id: 38d, reg_value: bbb, pmu_name: cpu
411 [22776586954432] INFO perfrun.perfcollector <> - DRY_RUN: "reg_type       = 1	event_id       = 9	reg_id         = 186	reg_value      = 5304c7"
411 [22776586954432] INFO perfrun.perfcollector <> - Event selector: group_id: 1, reg_type: 1, event_id: 9, reg_id: 186, reg_value: 5304c7, pmu_name: cpu
411 [22776586954432] INFO perfrun.perfcollector <> - DRY_RUN: "reg_type       = 1	event_id       = 10	reg_id         = 187	reg_value      = 5310c7"
411 [22776586954432] INFO perfrun.perfcollector <> - Event selector: group_id: 1, reg_type: 1, event_id: 10, reg_id: 187, reg_value: 5310c7, pmu_name: cpu
411 [22776586954432] INFO perfrun.perfcollector <> - DRY_RUN: "ESCR"
411 [22776586954432] INFO perfrun.perfcollector <> - DRY_RUN: "reg_type       = 2	event_id       = g	reg_id         = 1c8	reg_value      = 0"
411 [22776586954432] INFO perfrun.perfcollector <> - eventId: g, skip parsing event_id
411 [22776586954432] INFO perfrun.perfcollector <> - DRY_RUN: "DATA"
411 [22776586954432] INFO perfrun.perfcollector <> - DRY_RUN: "reg_type       = 4	event_id       = 2	reg_id         = 309	reg_value      = ffffffdb6100"
411 [22776586954432] INFO perfrun.perfcollector <> - eventId: 2, dataAddr: 309, dataVal: ffffffdb6100
411 [22776586954432] INFO perfrun.perfcollector <> - DRY_RUN: "reg_type       = 4	event_id       = 0	reg_id         = 30a	reg_value      = ffffffe17b7d"
411 [22776586954432] INFO perfrun.perfcollector <> - eventId: 0, dataAddr: 30a, dataVal: ffffffe17b7d
411 [22776586954432] INFO perfrun.perfcollector <> - DRY_RUN: "reg_type       = 4	event_id       = 1	reg_id         = 30b	reg_value      = ffffffdb6100"
411 [22776586954432] INFO perfrun.perfcollector <> - eventId: 1, dataAddr: 30b, dataVal: ffffffdb6100
411 [22776586954432] INFO perfrun.perfcollector <> - DRY_RUN: "reg_type       = 4	event_id       = 9	reg_id         = c1	reg_value      = ffffffe17b7d"
411 [22776586954432] INFO perfrun.perfcollector <> - eventId: 9, dataAddr: c1, dataVal: ffffffe17b7d
411 [22776586954432] INFO perfrun.perfcollector <> - DRY_RUN: "reg_type       = 4	event_id       = 10	reg_id         = c2	reg_value      = ffffffe17b7d"
411 [22776586954432] INFO perfrun.perfcollector <> - eventId: 10, dataAddr: c2, dataVal: ffffffe17b7d
411 [22776586954432] INFO perfrun.perfcollector <> - event name: CPU_CLK_UNHALTED.THREAD
411 [22776586954432] INFO perfrun.perfcollector <> - pmu config: cpu
411 [22776586954432] INFO perfrun.perfcollector <> - cccrAddr: ffffffff, cccrValue: 0
411 [22776586954432] INFO perfrun.perfcollector <> - dataAddr: 30a, dataValue: ffffffffffe17b7d
411 [22776586954432] INFO perfrun.perfcollector <> - escrAddr: ffffffff, escrValue: 0
411 [22776586954432] INFO perfrun.perfcollector <> - extendedPebsValue: 0
411 [22776586954432] INFO perfrun.perfcollector <> - adaptivePebsAvailable: 0
411 [22776586954432] INFO perfrun.perfcollector <> - config: event: 3c
411 [22776586954432] INFO perfrun.perfcollector <> - config: pc: 0
411 [22776586954432] INFO perfrun.perfcollector <> - config: in_tx: 0
411 [22776586954432] INFO perfrun.perfcollector <> - config: edge: 0
411 [22776586954432] INFO perfrun.perfcollector <> - config: any: 0
411 [22776586954432] INFO perfrun.perfcollector <> - config1: offcore_rsp: 0
411 [22776586954432] INFO perfrun.perfcollector <> - config: in_tx_cp: 0
411 [22776586954432] INFO perfrun.perfcollector <> - config1: ldlat: 0
411 [22776586954432] INFO perfrun.perfcollector <> - config: inv: 0
411 [22776586954432] INFO perfrun.perfcollector <> - config: umask: 0
411 [22776586954432] INFO perfrun.perfcollector <> - config: cmask: 0
411 [22776586954432] INFO perfrun.perfcollector <> - format: cpu/event=0x3c,name='CPU_CLK_UNHALTED.THREAD'/D
411 [22776586954432] INFO perfrun.perfcollector <> - event name: CPU_CLK_UNHALTED.REF_TSC
411 [22776586954432] INFO perfrun.perfcollector <> - pmu config: cpu
411 [22776586954432] INFO perfrun.perfcollector <> - cccrAddr: ffffffff, cccrValue: 0
411 [22776586954432] INFO perfrun.perfcollector <> - dataAddr: 30b, dataValue: ffffffffffdb6100
411 [22776586954432] INFO perfrun.perfcollector <> - escrAddr: ffffffff, escrValue: 0
411 [22776586954432] INFO perfrun.perfcollector <> - extendedPebsValue: 0
411 [22776586954432] INFO perfrun.perfcollector <> - adaptivePebsAvailable: 0
411 [22776586954432] INFO perfrun.perfcollector <> - config: event: 0
411 [22776586954432] INFO perfrun.perfcollector <> - config: pc: 0
411 [22776586954432] INFO perfrun.perfcollector <> - config: in_tx: 0
411 [22776586954432] INFO perfrun.perfcollector <> - config: edge: 0
411 [22776586954432] INFO perfrun.perfcollector <> - config: any: 0
411 [22776586954432] INFO perfrun.perfcollector <> - config1: offcore_rsp: 0
411 [22776586954432] INFO perfrun.perfcollector <> - config: in_tx_cp: 0
411 [22776586954432] INFO perfrun.perfcollector <> - config1: ldlat: 0
411 [22776586954432] INFO perfrun.perfcollector <> - config: inv: 0
411 [22776586954432] INFO perfrun.perfcollector <> - config: umask: 3
411 [22776586954432] INFO perfrun.perfcollector <> - config: cmask: 0
411 [22776586954432] INFO perfrun.perfcollector <> - format: cpu/umask=0x3,name='CPU_CLK_UNHALTED.REF_TSC'/D
411 [22776586954432] INFO perfrun.perfcollector <> - event name: INST_RETIRED.ANY
411 [22776586954432] INFO perfrun.perfcollector <> - pmu config: cpu
411 [22776586954432] INFO perfrun.perfcollector <> - cccrAddr: ffffffff, cccrValue: 0
411 [22776586954432] INFO perfrun.perfcollector <> - dataAddr: 309, dataValue: ffffffffffdb6100
411 [22776586954432] INFO perfrun.perfcollector <> - escrAddr: ffffffff, escrValue: 0
411 [22776586954432] INFO perfrun.perfcollector <> - extendedPebsValue: 0
411 [22776586954432] INFO perfrun.perfcollector <> - adaptivePebsAvailable: 0
411 [22776586954432] INFO perfrun.perfcollector <> - config: event: c0
411 [22776586954432] INFO perfrun.perfcollector <> - config: pc: 0
411 [22776586954432] INFO perfrun.perfcollector <> - config: in_tx: 0
411 [22776586954432] INFO perfrun.perfcollector <> - config: edge: 0
411 [22776586954432] INFO perfrun.perfcollector <> - config: any: 0
411 [22776586954432] INFO perfrun.perfcollector <> - config1: offcore_rsp: 0
411 [22776586954432] INFO perfrun.perfcollector <> - config: in_tx_cp: 0
411 [22776586954432] INFO perfrun.perfcollector <> - config1: ldlat: 0
411 [22776586954432] INFO perfrun.perfcollector <> - config: inv: 0
411 [22776586954432] INFO perfrun.perfcollector <> - config: umask: 0
412 [22776586954432] INFO perfrun.perfcollector <> - config: cmask: 0
412 [22776586954432] INFO perfrun.perfcollector <> - format: cpu/event=0xc0,name='INST_RETIRED.ANY'/D
412 [22776586954432] INFO perfrun.perfcollector <> - event name: CPU_CLK_UNHALTED.REF_XCLK
412 [22776586954432] INFO perfrun.perfcollector <> - pmu config: cpu
412 [22776586954432] INFO perfrun.perfcollector <> - cccrAddr: 18a, cccrValue: 53013c
412 [22776586954432] INFO perfrun.perfcollector <> - dataAddr: c5, dataValue: fffffffffffe795d
412 [22776586954432] INFO perfrun.perfcollector <> - escrAddr: ffffffff, escrValue: 0
412 [22776586954432] INFO perfrun.perfcollector <> - extendedPebsValue: 0
412 [22776586954432] INFO perfrun.perfcollector <> - adaptivePebsAvailable: 0
412 [22776586954432] INFO perfrun.perfcollector <> - config: event: 3c
412 [22776586954432] INFO perfrun.perfcollector <> - config: pc: 0
412 [22776586954432] INFO perfrun.perfcollector <> - config: in_tx: 0
412 [22776586954432] INFO perfrun.perfcollector <> - config: edge: 0
412 [22776586954432] INFO perfrun.perfcollector <> - config: any: 0
412 [22776586954432] INFO perfrun.perfcollector <> - config1: offcore_rsp: 0
412 [22776586954432] INFO perfrun.perfcollector <> - config: in_tx_cp: 0
412 [22776586954432] INFO perfrun.perfcollector <> - config1: ldlat: 0
412 [22776586954432] INFO perfrun.perfcollector <> - config: inv: 0
412 [22776586954432] INFO perfrun.perfcollector <> - config: umask: 1
412 [22776586954432] INFO perfrun.perfcollector <> - config: cmask: 0
412 [22776586954432] INFO perfrun.perfcollector <> - format: cpu/event=0x3c,umask=0x1,name='CPU_CLK_UNHALTED.REF_XCLK'/
412 [22776586954432] INFO perfrun.perfcollector <> - event name: CPU_CLK_UNHALTED.ONE_THREAD_ACTIVE
412 [22776586954432] INFO perfrun.perfcollector <> - pmu config: cpu
412 [22776586954432] INFO perfrun.perfcollector <> - cccrAddr: 18b, cccrValue: 53023c
412 [22776586954432] INFO perfrun.perfcollector <> - dataAddr: c6, dataValue: fffffffffffe795d
412 [22776586954432] INFO perfrun.perfcollector <> - escrAddr: ffffffff, escrValue: 0
412 [22776586954432] INFO perfrun.perfcollector <> - extendedPebsValue: 0
412 [22776586954432] INFO perfrun.perfcollector <> - adaptivePebsAvailable: 0
412 [22776586954432] INFO perfrun.perfcollector <> - config: event: 3c
412 [22776586954432] INFO perfrun.perfcollector <> - config: pc: 0
412 [22776586954432] INFO perfrun.perfcollector <> - config: in_tx: 0
412 [22776586954432] INFO perfrun.perfcollector <> - config: edge: 0
412 [22776586954432] INFO perfrun.perfcollector <> - config: any: 0
412 [22776586954432] INFO perfrun.perfcollector <> - config1: offcore_rsp: 0
412 [22776586954432] INFO perfrun.perfcollector <> - config: in_tx_cp: 0
412 [22776586954432] INFO perfrun.perfcollector <> - config1: ldlat: 0
412 [22776586954432] INFO perfrun.perfcollector <> - config: inv: 0
412 [22776586954432] INFO perfrun.perfcollector <> - config: umask: 2
412 [22776586954432] INFO perfrun.perfcollector <> - config: cmask: 0
412 [22776586954432] INFO perfrun.perfcollector <> - format: cpu/event=0x3c,umask=0x2,name='CPU_CLK_UNHALTED.ONE_THREAD_ACTIVE'/
412 [22776586954432] INFO perfrun.perfcollector <> - event name: FP_ARITH_INST_RETIRED.SCALAR_SINGLE
412 [22776586954432] INFO perfrun.perfcollector <> - pmu config: cpu
412 [22776586954432] INFO perfrun.perfcollector <> - cccrAddr: 186, cccrValue: 5302c7
412 [22776586954432] INFO perfrun.perfcollector <> - dataAddr: c1, dataValue: ffffffffffe17b7d
412 [22776586954432] INFO perfrun.perfcollector <> - escrAddr: ffffffff, escrValue: 0
412 [22776586954432] INFO perfrun.perfcollector <> - extendedPebsValue: 0
412 [22776586954432] INFO perfrun.perfcollector <> - adaptivePebsAvailable: 0
412 [22776586954432] INFO perfrun.perfcollector <> - config: event: c7
412 [22776586954432] INFO perfrun.perfcollector <> - config: pc: 0
412 [22776586954432] INFO perfrun.perfcollector <> - config: in_tx: 0
412 [22776586954432] INFO perfrun.perfcollector <> - config: edge: 0
412 [22776586954432] INFO perfrun.perfcollector <> - config: any: 0
412 [22776586954432] INFO perfrun.perfcollector <> - config1: offcore_rsp: 0
412 [22776586954432] INFO perfrun.perfcollector <> - config: in_tx_cp: 0
412 [22776586954432] INFO perfrun.perfcollector <> - config1: ldlat: 0
412 [22776586954432] INFO perfrun.perfcollector <> - config: inv: 0
412 [22776586954432] INFO perfrun.perfcollector <> - config: umask: 2
412 [22776586954432] INFO perfrun.perfcollector <> - config: cmask: 0
412 [22776586954432] INFO perfrun.perfcollector <> - format: cpu/event=0xc7,umask=0x2,name='FP_ARITH_INST_RETIRED.SCALAR_SINGLE'/
412 [22776586954432] INFO perfrun.perfcollector <> - event name: FP_ARITH_INST_RETIRED.128B_PACKED_SINGLE
412 [22776586954432] INFO perfrun.perfcollector <> - pmu config: cpu
412 [22776586954432] INFO perfrun.perfcollector <> - cccrAddr: 187, cccrValue: 5308c7
412 [22776586954432] INFO perfrun.perfcollector <> - dataAddr: c2, dataValue: ffffffffffe17b7d
412 [22776586954432] INFO perfrun.perfcollector <> - escrAddr: ffffffff, escrValue: 0
412 [22776586954432] INFO perfrun.perfcollector <> - extendedPebsValue: 0
412 [22776586954432] INFO perfrun.perfcollector <> - adaptivePebsAvailable: 0
412 [22776586954432] INFO perfrun.perfcollector <> - config: event: c7
412 [22776586954432] INFO perfrun.perfcollector <> - config: pc: 0
412 [22776586954432] INFO perfrun.perfcollector <> - config: in_tx: 0
412 [22776586954432] INFO perfrun.perfcollector <> - config: edge: 0
412 [22776586954432] INFO perfrun.perfcollector <> - config: any: 0
412 [22776586954432] INFO perfrun.perfcollector <> - config1: offcore_rsp: 0
412 [22776586954432] INFO perfrun.perfcollector <> - config: in_tx_cp: 0
412 [22776586954432] INFO perfrun.perfcollector <> - config1: ldlat: 0
412 [22776586954432] INFO perfrun.perfcollector <> - config: inv: 0
412 [22776586954432] INFO perfrun.perfcollector <> - config: umask: 8
412 [22776586954432] INFO perfrun.perfcollector <> - config: cmask: 0
412 [22776586954432] INFO perfrun.perfcollector <> - format: cpu/event=0xc7,umask=0x8,name='FP_ARITH_INST_RETIRED.128B_PACKED_SINGLE'/
412 [22776586954432] INFO perfrun.perfcollector <> - event name: FP_ARITH_INST_RETIRED.256B_PACKED_SINGLE
412 [22776586954432] INFO perfrun.perfcollector <> - pmu config: cpu
412 [22776586954432] INFO perfrun.perfcollector <> - cccrAddr: 188, cccrValue: 5320c7
412 [22776586954432] INFO perfrun.perfcollector <> - dataAddr: c3, dataValue: ffffffffffe17b7d
412 [22776586954432] INFO perfrun.perfcollector <> - escrAddr: ffffffff, escrValue: 0
412 [22776586954432] INFO perfrun.perfcollector <> - extendedPebsValue: 0
412 [22776586954432] INFO perfrun.perfcollector <> - adaptivePebsAvailable: 0
412 [22776586954432] INFO perfrun.perfcollector <> - config: event: c7
412 [22776586954432] INFO perfrun.perfcollector <> - config: pc: 0
412 [22776586954432] INFO perfrun.perfcollector <> - config: in_tx: 0
412 [22776586954432] INFO perfrun.perfcollector <> - config: edge: 0
412 [22776586954432] INFO perfrun.perfcollector <> - config: any: 0
412 [22776586954432] INFO perfrun.perfcollector <> - config1: offcore_rsp: 0
412 [22776586954432] INFO perfrun.perfcollector <> - config: in_tx_cp: 0
412 [22776586954432] INFO perfrun.perfcollector <> - config1: ldlat: 0
412 [22776586954432] INFO perfrun.perfcollector <> - config: inv: 0
412 [22776586954432] INFO perfrun.perfcollector <> - config: umask: 20
412 [22776586954432] INFO perfrun.perfcollector <> - config: cmask: 0
412 [22776586954432] INFO perfrun.perfcollector <> - format: cpu/event=0xc7,umask=0x20,name='FP_ARITH_INST_RETIRED.256B_PACKED_SINGLE'/
412 [22776586954432] INFO perfrun.perfcollector <> - event name: FP_ARITH_INST_RETIRED.SCALAR_DOUBLE
412 [22776586954432] INFO perfrun.perfcollector <> - pmu config: cpu
412 [22776586954432] INFO perfrun.perfcollector <> - cccrAddr: 189, cccrValue: 5301c7
412 [22776586954432] INFO perfrun.perfcollector <> - dataAddr: c4, dataValue: ffffffffffe17b7d
412 [22776586954432] INFO perfrun.perfcollector <> - escrAddr: ffffffff, escrValue: 0
412 [22776586954432] INFO perfrun.perfcollector <> - extendedPebsValue: 0
412 [22776586954432] INFO perfrun.perfcollector <> - adaptivePebsAvailable: 0
412 [22776586954432] INFO perfrun.perfcollector <> - config: event: c7
412 [22776586954432] INFO perfrun.perfcollector <> - config: pc: 0
412 [22776586954432] INFO perfrun.perfcollector <> - config: in_tx: 0
412 [22776586954432] INFO perfrun.perfcollector <> - config: edge: 0
412 [22776586954432] INFO perfrun.perfcollector <> - config: any: 0
412 [22776586954432] INFO perfrun.perfcollector <> - config1: offcore_rsp: 0
412 [22776586954432] INFO perfrun.perfcollector <> - config: in_tx_cp: 0
412 [22776586954432] INFO perfrun.perfcollector <> - config1: ldlat: 0
412 [22776586954432] INFO perfrun.perfcollector <> - config: inv: 0
412 [22776586954432] INFO perfrun.perfcollector <> - config: umask: 1
412 [22776586954432] INFO perfrun.perfcollector <> - config: cmask: 0
412 [22776586954432] INFO perfrun.perfcollector <> - format: cpu/event=0xc7,umask=0x1,name='FP_ARITH_INST_RETIRED.SCALAR_DOUBLE'/
412 [22776586954432] INFO perfrun.perfcollector <> - event name: FP_ARITH_INST_RETIRED.128B_PACKED_DOUBLE
412 [22776586954432] INFO perfrun.perfcollector <> - pmu config: cpu
412 [22776586954432] INFO perfrun.perfcollector <> - cccrAddr: 186, cccrValue: 5304c7
412 [22776586954432] INFO perfrun.perfcollector <> - dataAddr: c1, dataValue: ffffffffffe17b7d
412 [22776586954432] INFO perfrun.perfcollector <> - escrAddr: ffffffff, escrValue: 0
412 [22776586954432] INFO perfrun.perfcollector <> - extendedPebsValue: 0
412 [22776586954432] INFO perfrun.perfcollector <> - adaptivePebsAvailable: 0
412 [22776586954432] INFO perfrun.perfcollector <> - config: event: c7
412 [22776586954432] INFO perfrun.perfcollector <> - config: pc: 0
412 [22776586954432] INFO perfrun.perfcollector <> - config: in_tx: 0
412 [22776586954432] INFO perfrun.perfcollector <> - config: edge: 0
412 [22776586954432] INFO perfrun.perfcollector <> - config: any: 0
412 [22776586954432] INFO perfrun.perfcollector <> - config1: offcore_rsp: 0
412 [22776586954432] INFO perfrun.perfcollector <> - config: in_tx_cp: 0
412 [22776586954432] INFO perfrun.perfcollector <> - config1: ldlat: 0
412 [22776586954432] INFO perfrun.perfcollector <> - config: inv: 0
412 [22776586954432] INFO perfrun.perfcollector <> - config: umask: 4
412 [22776586954432] INFO perfrun.perfcollector <> - config: cmask: 0
412 [22776586954432] INFO perfrun.perfcollector <> - format: cpu/event=0xc7,umask=0x4,name='FP_ARITH_INST_RETIRED.128B_PACKED_DOUBLE'/
412 [22776586954432] INFO perfrun.perfcollector <> - event name: FP_ARITH_INST_RETIRED.256B_PACKED_DOUBLE
412 [22776586954432] INFO perfrun.perfcollector <> - pmu config: cpu
412 [22776586954432] INFO perfrun.perfcollector <> - cccrAddr: 187, cccrValue: 5310c7
412 [22776586954432] INFO perfrun.perfcollector <> - dataAddr: c2, dataValue: ffffffffffe17b7d
412 [22776586954432] INFO perfrun.perfcollector <> - escrAddr: ffffffff, escrValue: 0
412 [22776586954432] INFO perfrun.perfcollector <> - extendedPebsValue: 0
412 [22776586954432] INFO perfrun.perfcollector <> - adaptivePebsAvailable: 0
412 [22776586954432] INFO perfrun.perfcollector <> - config: event: c7
412 [22776586954432] INFO perfrun.perfcollector <> - config: pc: 0
412 [22776586954432] INFO perfrun.perfcollector <> - config: in_tx: 0
412 [22776586954432] INFO perfrun.perfcollector <> - config: edge: 0
412 [22776586954432] INFO perfrun.perfcollector <> - config: any: 0
412 [22776586954432] INFO perfrun.perfcollector <> - config1: offcore_rsp: 0
412 [22776586954432] INFO perfrun.perfcollector <> - config: in_tx_cp: 0
412 [22776586954432] INFO perfrun.perfcollector <> - config1: ldlat: 0
412 [22776586954432] INFO perfrun.perfcollector <> - config: inv: 0
412 [22776586954432] INFO perfrun.perfcollector <> - config: umask: 10
412 [22776586954432] INFO perfrun.perfcollector <> - config: cmask: 0
412 [22776586954432] INFO perfrun.perfcollector <> - format: cpu/event=0xc7,umask=0x10,name='FP_ARITH_INST_RETIRED.256B_PACKED_DOUBLE'/
412 [22776586954432] INFO perfrun.perfcollector <> - event name: INST_RETIRED.X87
412 [22776586954432] INFO perfrun.perfcollector <> - pmu config: cpu
412 [22776586954432] INFO perfrun.perfcollector <> - cccrAddr: 18c, cccrValue: 5302c0
412 [22776586954432] INFO perfrun.perfcollector <> - dataAddr: c7, dataValue: ffffffffffe17b7d
412 [22776586954432] INFO perfrun.perfcollector <> - escrAddr: ffffffff, escrValue: 0
412 [22776586954432] INFO perfrun.perfcollector <> - extendedPebsValue: 0
412 [22776586954432] INFO perfrun.perfcollector <> - adaptivePebsAvailable: 0
412 [22776586954432] INFO perfrun.perfcollector <> - config: event: c0
412 [22776586954432] INFO perfrun.perfcollector <> - config: pc: 0
412 [22776586954432] INFO perfrun.perfcollector <> - config: in_tx: 0
412 [22776586954432] INFO perfrun.perfcollector <> - config: edge: 0
412 [22776586954432] INFO perfrun.perfcollector <> - config: any: 0
412 [22776586954432] INFO perfrun.perfcollector <> - config1: offcore_rsp: 0
412 [22776586954432] INFO perfrun.perfcollector <> - config: in_tx_cp: 0
412 [22776586954432] INFO perfrun.perfcollector <> - config1: ldlat: 0
412 [22776586954432] INFO perfrun.perfcollector <> - config: inv: 0
412 [22776586954432] INFO perfrun.perfcollector <> - config: umask: 2
412 [22776586954432] INFO perfrun.perfcollector <> - config: cmask: 0
412 [22776586954432] INFO perfrun.perfcollector <> - format: cpu/event=0xc0,umask=0x2,name='INST_RETIRED.X87'/
412 [22776586954432] INFO perfrun.perfcollector <> - event name: UOPS_RETIRED.RETIRE_SLOTS
412 [22776586954432] INFO perfrun.perfcollector <> - pmu config: cpu
412 [22776586954432] INFO perfrun.perfcollector <> - cccrAddr: 18d, cccrValue: 5302c2
412 [22776586954432] INFO perfrun.perfcollector <> - dataAddr: c8, dataValue: ffffffffffe17b7d
412 [22776586954432] INFO perfrun.perfcollector <> - escrAddr: ffffffff, escrValue: 0
412 [22776586954432] INFO perfrun.perfcollector <> - extendedPebsValue: 0
412 [22776586954432] INFO perfrun.perfcollector <> - adaptivePebsAvailable: 0
412 [22776586954432] INFO perfrun.perfcollector <> - config: event: c2
412 [22776586954432] INFO perfrun.perfcollector <> - config: pc: 0
412 [22776586954432] INFO perfrun.perfcollector <> - config: in_tx: 0
412 [22776586954432] INFO perfrun.perfcollector <> - config: edge: 0
412 [22776586954432] INFO perfrun.perfcollector <> - config: any: 0
412 [22776586954432] INFO perfrun.perfcollector <> - config1: offcore_rsp: 0
412 [22776586954432] INFO perfrun.perfcollector <> - config: in_tx_cp: 0
412 [22776586954432] INFO perfrun.perfcollector <> - config1: ldlat: 0
412 [22776586954432] INFO perfrun.perfcollector <> - config: inv: 0
412 [22776586954432] INFO perfrun.perfcollector <> - config: umask: 2
412 [22776586954432] INFO perfrun.perfcollector <> - config: cmask: 0
412 [22776586954432] INFO perfrun.perfcollector <> - format: cpu/event=0xc2,umask=0x2,name='UOPS_RETIRED.RETIRE_SLOTS'/
412 [22776586954432] INFO perfrun.perfcollector <> - event: cpu/event=0x3c,name='CPU_CLK_UNHALTED.THREAD'/Duk, added for counting
412 [22776586954432] INFO perfrun.perfcollector <> - event: cpu/umask=0x3,name='CPU_CLK_UNHALTED.REF_TSC'/Duk, added for counting
412 [22776586954432] INFO perfrun.perfcollector <> - event: cpu/event=0xc0,name='INST_RETIRED.ANY'/Duk, added for counting
412 [22776586954432] INFO perfrun.perfcollector <> - event: cpu/event=0x3c,umask=0x1,name='CPU_CLK_UNHALTED.REF_XCLK'/uk, added for counting
412 [22776586954432] INFO perfrun.perfcollector <> - event: cpu/event=0x3c,umask=0x2,name='CPU_CLK_UNHALTED.ONE_THREAD_ACTIVE'/uk, added for counting
412 [22776586954432] INFO perfrun.perfcollector <> - event: cpu/event=0xc7,umask=0x2,name='FP_ARITH_INST_RETIRED.SCALAR_SINGLE'/uk, added for counting
412 [22776586954432] INFO perfrun.perfcollector <> - event: cpu/event=0xc7,umask=0x8,name='FP_ARITH_INST_RETIRED.128B_PACKED_SINGLE'/uk, added for counting
412 [22776586954432] INFO perfrun.perfcollector <> - event: cpu/event=0xc7,umask=0x20,name='FP_ARITH_INST_RETIRED.256B_PACKED_SINGLE'/uk, added for counting
412 [22776586954432] INFO perfrun.perfcollector <> - event: cpu/event=0xc7,umask=0x1,name='FP_ARITH_INST_RETIRED.SCALAR_DOUBLE'/uk, added for counting
412 [22776586954432] INFO perfrun.perfcollector <> - event: cpu/event=0xc7,umask=0x4,name='FP_ARITH_INST_RETIRED.128B_PACKED_DOUBLE'/uk, added for counting
412 [22776586954432] INFO perfrun.perfcollector <> - event: cpu/event=0xc7,umask=0x10,name='FP_ARITH_INST_RETIRED.256B_PACKED_DOUBLE'/uk, added for counting
412 [22776586954432] INFO perfrun.perfcollector <> - event: cpu/event=0xc0,umask=0x2,name='INST_RETIRED.X87'/uk, added for counting
412 [22776586954432] INFO perfrun.perfcollector <> - event: cpu/event=0xc2,umask=0x2,name='UOPS_RETIRED.RETIRE_SLOTS'/uk, added for counting
412 [22776586954432] INFO perfrun.perfcollector <> - attaching to pid: 4294967295, collect mode: 1, rc modes: 3
428 [22776575907520] WARN perfrun.perfcollector <> - Perf stat trace pipe capacity: read = 1048576, write = 1048576, at file: vcs/perfrun1/plugins/perfcollector/src/profiler.cpp:765
437 [22776575907520] INFO perfrun.sdk <> - runCmd: /opt/intel/oneapi/vtune/2023.1.0/bin64/amplxe-perf stat -v --log-fd 10 --scale -x ; -e cpu/event=0x3c,name='CPU_CLK_UNHALTED.THREAD'/Duk,cpu/umask=0x3,name='CPU_CLK_UNHALTED.REF_TSC'/Duk,cpu/event=0xc0,name='INST_RETIRED.ANY'/Duk,cpu/event=0x3c,umask=0x1,name='CPU_CLK_UNHALTED.REF_XCLK'/uk,cpu/event=0x3c,umask=0x2,name='CPU_CLK_UNHALTED.ONE_THREAD_ACTIVE'/uk,cpu/event=0xc7,umask=0x2,name='FP_ARITH_INST_RETIRED.SCALAR_SINGLE'/uk,cpu/event=0xc7,umask=0x8,name='FP_ARITH_INST_RETIRED.128B_PACKED_SINGLE'/uk,cpu/event=0xc7,umask=0x20,name='FP_ARITH_INST_RETIRED.256B_PACKED_SINGLE'/uk,cpu/event=0xc7,umask=0x1,name='FP_ARITH_INST_RETIRED.SCALAR_DOUBLE'/uk,cpu/event=0xc7,umask=0x4,name='FP_ARITH_INST_RETIRED.128B_PACKED_DOUBLE'/uk,cpu/event=0xc7,umask=0x10,name='FP_ARITH_INST_RETIRED.256B_PACKED_DOUBLE'/uk,cpu/event=0xc0,umask=0x2,name='INST_RETIRED.X87'/uk,cpu/event=0xc2,umask=0x2,name='UOPS_RETIRED.RETIRE_SLOTS'/uk /opt/intel/oneapi/vtune/2023.1.0/bin64/amplxe-perf-sync dryrun sys
438 [22776575907520] INFO perfrun.sdk <> - runCmd started PID 2288144
593 [22776575907520] INFO perfrun.perfcollector <> - Monitor: runCmd RC = true
594 [22776586954432] INFO perfrun.launcher <> - plugin [aoclprofile] was disabled because it doesn't support the given collection type.
594 [22776586954432] INFO perfrun.tpss <> - initialize tpss controller
594 [22776586954432] INFO perfrun.tpss <> - configure collection mode: value = cpu:counters:nostack
594 [22776586954432] INFO perfrun.tpss <> - configure collection mode: value = cpu:stack
594 [22776586954432] INFO perfrun.tpss <> - default obj-size-min=1024
594 [22776586954432] INFO perfrun.tpss <> - default hash-table-size=0
594 [22776586954432] INFO perfrun.launcher <> - plugin [media] was disabled because it doesn't support the given collection type.
594 [22776586954432] INFO perfrun.launcher <> - plugin [] was disabled because it doesn't support the given collection type.
594 [22776586954432] INFO perfrun.launcher <> - plugin [] was disabled because it doesn't support the given collection type.
594 [22776586954432] INFO perfrun.launcher <> - plugin [parallelfs] was disabled because it doesn't support the given collection type.
594 [22776586954432] INFO perfrun.launcher <> - plugin [power] was disabled because it doesn't support the given collection type.
594 [22776586954432] INFO perfrun.launcher <> - plugin [hwloc] was disabled because it doesn't support the given collection type.
594 [22776586954432] INFO perfrun.launcher <> - plugin [ipmwatch] was disabled because it doesn't support the given collection type.
594 [22776586954432] INFO perfrun.launcher <> - plugin [os_counters] was disabled because it doesn't support the given collection type.
594 [22776586954432] INFO perfrun.launcher <> - plugin [l0_metrics] was disabled because it doesn't support the given collection type.
594 [22776730199936] INFO perfrun.launcher <> - set environment variable: LD_LIBRARY_PATH = /opt/intel/oneapi/vtune/2023.1.0/lib32/runtime:/opt/intel/oneapi/vtune/2023.1.0/lib64/runtime:/opt/intel/oneapi/tbb/2021.5.1/env/../lib/intel64/gcc4.8:/opt/intel/oneapi/mpi/2021.5.1//libfabric/lib:/opt/intel/oneapi/mpi/2021.5.1//lib/release:/opt/intel/oneapi/mpi/2021.5.1//lib:/opt/intel/oneapi/mkl/2022.0.2/lib/intel64:/opt/intel/oneapi/itac/2021.5.0/slib:/opt/intel/oneapi/debugger/2021.5.0/gdb/intel64/lib:/opt/intel/oneapi/debugger/2021.5.0/libipt/intel64/lib:/opt/intel/oneapi/debugger/2021.5.0/dep/lib:/opt/intel/oneapi/compiler/2022.0.2/linux/lib:/opt/intel/oneapi/compiler/2022.0.2/linux/lib/x64:/opt/intel/oneapi/compiler/2022.0.2/linux/lib/oclfpga/host/linux64/lib:/opt/intel/oneapi/compiler/2022.0.2/linux/compiler/lib/intel64_lin
594 [22776730199936] INFO perfrun.launcher <> - set environment variable: INTEL_LIBITTNOTIFY32 = /opt/intel/oneapi/vtune/2023.1.0/lib32/runtime/libittnotify_collector.so
594 [22776730199936] INFO perfrun.launcher <> - set environment variable: INTEL_LIBITTNOTIFY64 = /opt/intel/oneapi/vtune/2023.1.0/lib64/runtime/libittnotify_collector.so
594 [22776730199936] INFO perfrun.launcher <> - set environment variable: INTEL_ITTNOTIFY_GROUPS = 
594 [22776730199936] INFO perfrun.launcher <> - set environment variable: INTEL_JIT_PROFILER32 = /opt/intel/oneapi/vtune/2023.1.0/lib32/runtime/libittnotify_collector.so
594 [22776730199936] INFO perfrun.launcher <> - set environment variable: INTEL_JIT_PROFILER64 = /opt/intel/oneapi/vtune/2023.1.0/lib64/runtime/libittnotify_collector.so
594 [22776730199936] INFO perfrun.launcher <> - set environment variable: OMP_TOOL_LIBRARIES = /opt/intel/oneapi/vtune/2023.1.0/lib32/runtime/libittnotify_collector.so:/opt/intel/oneapi/vtune/2023.1.0/lib64/runtime/libittnotify_collector.so
594 [22776730199936] INFO perfrun.launcher <> - set environment variable: ENABLE_JITPROFILING = 1
594 [22776730199936] INFO perfrun.launcher <> - set environment variable: CL_CONFIG_USE_VTUNE = True
594 [22776730199936] INFO perfrun.launcher <> - set environment variable: LD_PRELOAD = libittnotify_collector.so:
594 [22776730199936] INFO perfrun.launcher <> - set environment variable: KMP_FORKJOIN_FRAMES = 0
594 [22776730199936] INFO perfrun.launcher <> - set environment variable: KMP_FORKJOIN_FRAMES_MODE = 0
594 [22776730199936] INFO perfrun.launcher <> - set environment variable: OMP_TOOL = disabled
595 [22776730199936] INFO perfrun.launcher <> - set environment variable: INTEL_MRTE_DATA_DIR = /home/course/hpc/users/2022012388/exp8/result.conv2/data.52
595 [22776730199936] INFO perfrun.launcher <> - set environment variable: INTEL_MRTE_HOST_NAME = conv2
595 [22776730199936] INFO perfrun.launcher <> - set environment variable: JAVA_TOOL_OPTIONS = -agentlib:amplxe_tpssmrte_javaprof_1.0 -Dsun.boot.library.path=/opt/intel/oneapi/vtune/2023.1.0/lib32/runtime:/opt/intel/oneapi/vtune/2023.1.0/lib64/runtime
595 [22776730199936] INFO perfrun.launcher <> - set environment variable: LD_LIBRARY_PATH = /opt/intel/oneapi/vtune/2023.1.0/lib32/runtime:/opt/intel/oneapi/vtune/2023.1.0/lib64/runtime:/opt/intel/oneapi/tbb/2021.5.1/env/../lib/intel64/gcc4.8:/opt/intel/oneapi/mpi/2021.5.1//libfabric/lib:/opt/intel/oneapi/mpi/2021.5.1//lib/release:/opt/intel/oneapi/mpi/2021.5.1//lib:/opt/intel/oneapi/mkl/2022.0.2/lib/intel64:/opt/intel/oneapi/itac/2021.5.0/slib:/opt/intel/oneapi/debugger/2021.5.0/gdb/intel64/lib:/opt/intel/oneapi/debugger/2021.5.0/libipt/intel64/lib:/opt/intel/oneapi/debugger/2021.5.0/dep/lib:/opt/intel/oneapi/compiler/2022.0.2/linux/lib:/opt/intel/oneapi/compiler/2022.0.2/linux/lib/x64:/opt/intel/oneapi/compiler/2022.0.2/linux/lib/oclfpga/host/linux64/lib:/opt/intel/oneapi/compiler/2022.0.2/linux/compiler/lib/intel64_lin
595 [22776730199936] INFO perfrun.launcher <> - set environment variable: CORECLR_ENABLE_PROFILING = 1
595 [22776730199936] INFO perfrun.launcher <> - set environment variable: CORECLR_PROFILER = {AA5E4821-E3B1-479c-B7FF-5AD047D22CED}
595 [22776730199936] INFO perfrun.launcher <> - set environment variable: CORECLR_PROFILER_PATH = /opt/intel/oneapi/vtune/2023.1.0/lib64/libamplxe_samplingmrte_clrprof_1.0.so
595 [22776730199936] INFO perfrun.launcher <> - set environment variable: INTEL_MRTE_PROFILER_MODE = mixed
595 [22776730199936] INFO perfrun.launcher <> - RpcServer: run RPC server to handle requests
595 [22776730199936] INFO perfrun.launcher <> - Launcher: command line to start before modification = ./run.sh 2022012388
596 [22776730199936] INFO perfrun.launcher <> - Launcher: command line to start after modification = /opt/intel/oneapi/vtune/2023.1.0/bin64/pin -error_file /home/course/hpc/users/2022012388/exp8/result.conv2/data.52/pinerr.tpsslog -detach_reattach -follow_execv -tool_load_option deepbind -t64 /opt/intel/oneapi/vtune/2023.1.0/lib64/libtpsstool.so -t /opt/intel/oneapi/vtune/2023.1.0/lib32/libtpsstool.so -server_name tpss_ipc.2287966 -prd_dir /opt/intel/oneapi/vtune/2023.1.0 -- ./run.sh 2022012388
