13 [23076620478336] INFO perfrun.launcher <> - Launcher main begin
15 [23076620478336] INFO perfrun.launcher <> - MessageCatalogInit finished
15 [23076620478336] INFO perfrun.launcher <> - Launcher instance created
15 [23076620478336] INFO perfrun.launcher <> - argc = 7; cmdline = /opt/intel/oneapi/vtune/2023.1.0/bin64/amplxe-runss --ui-output-format xml --ui-output-fd 5 --option-file /home/course/hpc/users/2022012388/exp8/result.conv2/config/runss.options.16 
255 [23076620478336] INFO perfrun.launcher <> - create msngr2::ICliToolContext
255 [23076620478336] INFO perfrun.launcher <> - create file finder object
255 [23076620478336] INFO perfrun.launcher <> - create a result directory: pattern = /home/course/hpc/users/2022012388/exp8/result.conv2 pid = 4294967295
257 [23076620478336] INFO perfrun.sdk <> - checked that the directory /home/course/hpc/users/2022012388/exp8/result.conv2 is a local directory
257 [23076620478336] INFO perfrun.sdk <> - the directory /home/course/hpc/users/2022012388/exp8/result.conv2 is located on a share or its FS ID is unknown 26985
257 [23076620478336] INFO perfrun.sdk <> - checked that the directory /tmp/amplxe-tmp-2022012388 is a local directory
257 [23076620478336] INFO perfrun.sdk <> - the directory /tmp/amplxe-tmp-2022012388 is located on a share or its FS ID is unknown 2035054128
258 [23076620478336] INFO perfrun.launcher <> - create data directory = /home/course/hpc/users/2022012388/exp8/result.conv2/data.16
259 [23076620478336] INFO perfrun.launcher <> - Creating the master collection flag
259 [23076620478336] INFO perfrun.launcher <> - Done creating the master collection flag
262 [23076477593280] INFO perfrun.launcher <> - plugin [remoteplug] was disabled because it doesn't support the given collection type.
262 [23076477593280] INFO perfrun.sdk <> - Allocating TMU :/home/course/hpc/users/2022012388/exp8/result.conv2/data.16/systemcollector-2284254-conv2.sc
263 [23076477593280] INFO perfrun.launcher <> - plugin [vdso] was disabled because it doesn't support the given collection type.
263 [23076477593280] INFO perfrun.launcher <> - plugin [ptracecollector] was disabled because it doesn't support the given collection type.
263 [23076477593280] INFO perfrun.launcher <> - plugin [gpu] was disabled because it doesn't support the given collection type.
263 [23076477593280] INFO perfrun.launcher <> - plugin [] was disabled because it doesn't support the given collection type.
263 [23076477593280] INFO perfrun.launcher <> - plugin [] was disabled because it doesn't support the given collection type.
263 [23076477593280] INFO perfrun.launcher <> - plugin [] was disabled because it doesn't support the given collection type.
263 [23076477593280] INFO perfrun.mrte <> - system-wide mode is 0
264 [23076477593280] INFO perfrun.mrte <> - Getting  mrte profiling environment ...
278 [23076477593280] INFO perfrun.mrte <> - INTEL_MRTE_DATA_DIR=/home/course/hpc/users/2022012388/exp8/result.conv2/data.16
278 [23076477593280] INFO perfrun.mrte <> - INTEL_MRTE_HOST_NAME=conv2
278 [23076477593280] INFO perfrun.mrte <> - JAVA_TOOL_OPTIONS=-agentlib:amplxe_tpssmrte_javaprof_1.0 -Dsun.boot.library.path=/opt/intel/oneapi/vtune/2023.1.0/lib32/runtime:/opt/intel/oneapi/vtune/2023.1.0/lib64/runtime
278 [23076477593280] INFO perfrun.mrte <> - LD_LIBRARY_PATH=/opt/intel/oneapi/vtune/2023.1.0/lib32/runtime:/opt/intel/oneapi/vtune/2023.1.0/lib64/runtime:/opt/intel/oneapi/tbb/2021.5.1/env/../lib/intel64/gcc4.8:/opt/intel/oneapi/mpi/2021.5.1//libfabric/lib:/opt/intel/oneapi/mpi/2021.5.1//lib/release:/opt/intel/oneapi/mpi/2021.5.1//lib:/opt/intel/oneapi/mkl/2022.0.2/lib/intel64:/opt/intel/oneapi/itac/2021.5.0/slib:/opt/intel/oneapi/debugger/2021.5.0/gdb/intel64/lib:/opt/intel/oneapi/debugger/2021.5.0/libipt/intel64/lib:/opt/intel/oneapi/debugger/2021.5.0/dep/lib:/opt/intel/oneapi/compiler/2022.0.2/linux/lib:/opt/intel/oneapi/compiler/2022.0.2/linux/lib/x64:/opt/intel/oneapi/compiler/2022.0.2/linux/lib/oclfpga/host/linux64/lib:/opt/intel/oneapi/compiler/2022.0.2/linux/compiler/lib/intel64_lin
278 [23076477593280] INFO perfrun.mrte <> - CORECLR_ENABLE_PROFILING=1
278 [23076477593280] INFO perfrun.mrte <> - CORECLR_PROFILER={AA5E4821-E3B1-479c-B7FF-5AD047D22CED}
278 [23076477593280] INFO perfrun.mrte <> - CORECLR_PROFILER_PATH=/opt/intel/oneapi/vtune/2023.1.0/lib64/libamplxe_samplingmrte_clrprof_1.0.so
278 [23076477593280] INFO perfrun.mrte <> - INTEL_MRTE_PROFILER_MODE=mixed
278 [23076477593280] INFO perfrun.mrte <> - Data directory: /home/course/hpc/users/2022012388/exp8/result.conv2/data.16
278 [23076477593280] INFO perfrun.mrte <> - Mrte plugin is initialized
278 [23076477593280] INFO perfrun.launcher <> - plugin [emon] was disabled because it doesn't support the given collection type.
278 [23076477593280] INFO perfrun.launcher <> - plugin [cuscol] was disabled because it doesn't support the given collection type.
278 [23076477593280] INFO perfrun.launcher <> - plugin [stdsrc] was disabled because it doesn't support the given collection type.
278 [23076477593280] INFO perfrun.launcher <> - plugin [sep] was disabled because it doesn't support the given collection type.
278 [23076477593280] INFO perfrun.launcher <> - plugin [vtsspp] was disabled because it doesn't support the given collection type.
278 [23076477593280] INFO perfrun.sdk <> - Reading value (0) from file: /proc/sys/kernel/perf_event_paranoid
278 [23076477593280] INFO perfrun.perfcollector <> - checking access to: /opt/intel/oneapi/vtune/2023.1.0/bin64/amplxe-perf-priv
280 [23076477593280] INFO perfrun.perfcollector <> - cpu: family = 6 model = 79
280 [23076477593280] INFO perfrun.perfcollector <> - dir found: /sys/bus/event_source/devices/software
280 [23076477593280] INFO perfrun.perfcollector <> - format: pmu format subdir doesn't exist
280 [23076477593280] INFO perfrun.perfcollector <> - hwInfo: not set, pmuFam: software
281 [23076477593280] INFO perfrun.perfcollector <> - pmu added: family: software, id: 0
281 [23076477593280] INFO perfrun.perfcollector <> - dir found: /sys/bus/event_source/devices/uncore_imc_5
281 [23076477593280] INFO perfrun.perfcollector <> - format: event config:0-7 mask:0-7
281 [23076477593280] INFO perfrun.perfcollector <> - format: edge config:18 mask:18
281 [23076477593280] INFO perfrun.perfcollector <> - format: inv config:23 mask:23
281 [23076477593280] INFO perfrun.perfcollector <> - format: umask config:8-15 mask:8-15
281 [23076477593280] INFO perfrun.perfcollector <> - format: thresh config:24-31 mask:24-31
281 [23076477593280] INFO perfrun.perfcollector <> - hwInfo: PERF_IMC_PMU_DETAILS
281 [23076477593280] INFO perfrun.perfcollector <> - pmu added: family: uncore_imc, id: 5
281 [23076477593280] INFO perfrun.perfcollector <> - dir found: /sys/bus/event_source/devices/uncore_sbox_2
281 [23076477593280] INFO perfrun.perfcollector <> - format: event config:0-7 mask:0-7
281 [23076477593280] INFO perfrun.perfcollector <> - format: edge config:18 mask:18
281 [23076477593280] INFO perfrun.perfcollector <> - format: inv config:23 mask:23
282 [23076477593280] INFO perfrun.perfcollector <> - format: umask config:8-15 mask:8-15
282 [23076477593280] INFO perfrun.perfcollector <> - format: tid_en config:19 mask:19
282 [23076477593280] INFO perfrun.perfcollector <> - format: thresh config:24-31 mask:24-31
282 [23076477593280] INFO perfrun.perfcollector <> - hwInfo: not set, pmuFam: uncore_sbox
282 [23076477593280] INFO perfrun.perfcollector <> - pmu added: family: uncore_sbox, id: 2
282 [23076477593280] INFO perfrun.perfcollector <> - dir found: /sys/bus/event_source/devices/uncore_cbox_8
282 [23076477593280] INFO perfrun.perfcollector <> - format: event config:0-7 mask:0-7
282 [23076477593280] INFO perfrun.perfcollector <> - format: filter_link config1:6-8 mask:6-8
282 [23076477593280] INFO perfrun.perfcollector <> - format: filter_c6 config1:61 mask:61
282 [23076477593280] INFO perfrun.perfcollector <> - format: edge config:18 mask:18
282 [23076477593280] INFO perfrun.perfcollector <> - format: filter_isoc config1:63 mask:63
282 [23076477593280] INFO perfrun.perfcollector <> - format: filter_tid config1:0-5 mask:0-5
283 [23076477593280] INFO perfrun.perfcollector <> - format: filter_nid config1:32-47 mask:32-47
283 [23076477593280] INFO perfrun.perfcollector <> - format: filter_nc config1:62 mask:62
283 [23076477593280] INFO perfrun.perfcollector <> - format: umask config:8-15 mask:8-15
283 [23076477593280] INFO perfrun.perfcollector <> - format: tid_en config:19 mask:19
283 [23076477593280] INFO perfrun.perfcollector <> - format: thresh config:24-31 mask:24-31
283 [23076477593280] INFO perfrun.perfcollector <> - format: filter_state config1:17-23 mask:17-23
283 [23076477593280] INFO perfrun.perfcollector <> - format: filter_opc config1:52-60 mask:52-60
283 [23076477593280] INFO perfrun.perfcollector <> - hwInfo: PERF_CBOX_PMU_DETAILS
283 [23076477593280] INFO perfrun.perfcollector <> - pmu added: family: uncore_cbox, id: 8
283 [23076477593280] INFO perfrun.perfcollector <> - dir found: /sys/bus/event_source/devices/uncore_cbox_13
283 [23076477593280] INFO perfrun.perfcollector <> - format: event config:0-7 mask:0-7
283 [23076477593280] INFO perfrun.perfcollector <> - format: filter_link config1:6-8 mask:6-8
284 [23076477593280] INFO perfrun.perfcollector <> - format: filter_c6 config1:61 mask:61
284 [23076477593280] INFO perfrun.perfcollector <> - format: edge config:18 mask:18
284 [23076477593280] INFO perfrun.perfcollector <> - format: filter_isoc config1:63 mask:63
284 [23076477593280] INFO perfrun.perfcollector <> - format: filter_tid config1:0-5 mask:0-5
284 [23076477593280] INFO perfrun.perfcollector <> - format: filter_nid config1:32-47 mask:32-47
284 [23076477593280] INFO perfrun.perfcollector <> - format: filter_nc config1:62 mask:62
284 [23076477593280] INFO perfrun.perfcollector <> - format: umask config:8-15 mask:8-15
284 [23076477593280] INFO perfrun.perfcollector <> - format: tid_en config:19 mask:19
284 [23076477593280] INFO perfrun.perfcollector <> - format: thresh config:24-31 mask:24-31
284 [23076477593280] INFO perfrun.perfcollector <> - format: filter_state config1:17-23 mask:17-23
284 [23076477593280] INFO perfrun.perfcollector <> - format: filter_opc config1:52-60 mask:52-60
284 [23076477593280] INFO perfrun.perfcollector <> - hwInfo: PERF_CBOX_PMU_DETAILS
284 [23076477593280] INFO perfrun.perfcollector <> - pmu added: family: uncore_cbox, id: 13
284 [23076477593280] INFO perfrun.perfcollector <> - dir found: /sys/bus/event_source/devices/uncore_r2pcie
284 [23076477593280] INFO perfrun.perfcollector <> - format: event config:0-7 mask:0-7
284 [23076477593280] INFO perfrun.perfcollector <> - format: edge config:18 mask:18
285 [23076477593280] INFO perfrun.perfcollector <> - format: inv config:23 mask:23
285 [23076477593280] INFO perfrun.perfcollector <> - format: umask config:8-15 mask:8-15
285 [23076477593280] INFO perfrun.perfcollector <> - format: thresh config:24-31 mask:24-31
285 [23076477593280] INFO perfrun.perfcollector <> - hwInfo: not set, pmuFam: uncore_r2pcie
285 [23076477593280] INFO perfrun.perfcollector <> - pmu added: family: uncore_r2pcie, id: 0
285 [23076477593280] INFO perfrun.perfcollector <> - dir found: /sys/bus/event_source/devices/uncore_sbox_0
285 [23076477593280] INFO perfrun.perfcollector <> - format: event config:0-7 mask:0-7
285 [23076477593280] INFO perfrun.perfcollector <> - format: edge config:18 mask:18
285 [23076477593280] INFO perfrun.perfcollector <> - format: inv config:23 mask:23
285 [23076477593280] INFO perfrun.perfcollector <> - format: umask config:8-15 mask:8-15
285 [23076477593280] INFO perfrun.perfcollector <> - format: tid_en config:19 mask:19
285 [23076477593280] INFO perfrun.perfcollector <> - format: thresh config:24-31 mask:24-31
285 [23076477593280] INFO perfrun.perfcollector <> - hwInfo: not set, pmuFam: uncore_sbox
286 [23076477593280] INFO perfrun.perfcollector <> - pmu added: family: uncore_sbox, id: 0
286 [23076477593280] INFO perfrun.perfcollector <> - dir found: /sys/bus/event_source/devices/uncore_qpi_1
286 [23076477593280] INFO perfrun.perfcollector <> - format: mask_rnid4 config2:31 mask:31
286 [23076477593280] INFO perfrun.perfcollector <> - format: mask_rnid30 config2:32-35 mask:32-35
286 [23076477593280] INFO perfrun.perfcollector <> - format: match_rnid30 config1:32-35 mask:32-35
286 [23076477593280] INFO perfrun.perfcollector <> - format: event config:0-7,21 mask:0-7,21
286 [23076477593280] INFO perfrun.perfcollector <> - format: match0 config1:0-31 mask:0-31
286 [23076477593280] INFO perfrun.perfcollector <> - format: match_rds config1:48-51 mask:48-51
286 [23076477593280] INFO perfrun.perfcollector <> - format: mask_rds config2:48-51 mask:48-51
286 [23076477593280] INFO perfrun.perfcollector <> - format: edge config:18 mask:18
286 [23076477593280] INFO perfrun.perfcollector <> - format: mask1 config2:32-63 mask:32-63
286 [23076477593280] INFO perfrun.perfcollector <> - format: match_dnid config1:13-17 mask:13-17
286 [23076477593280] INFO perfrun.perfcollector <> - format: mask_dnid config2:13-17 mask:13-17
286 [23076477593280] INFO perfrun.perfcollector <> - format: match_vnw config1:3-4 mask:3-4
286 [23076477593280] INFO perfrun.perfcollector <> - format: mask_vnw config2:3-4 mask:3-4
287 [23076477593280] INFO perfrun.perfcollector <> - format: mask_mc config2:9-12 mask:9-12
287 [23076477593280] INFO perfrun.perfcollector <> - format: match1 config1:32-63 mask:32-63
287 [23076477593280] INFO perfrun.perfcollector <> - format: inv config:23 mask:23
287 [23076477593280] INFO perfrun.perfcollector <> - format: umask config:8-15 mask:8-15
287 [23076477593280] INFO perfrun.perfcollector <> - format: match_opc config1:5-8 mask:5-8
287 [23076477593280] INFO perfrun.perfcollector <> - format: mask_opc config2:5-8 mask:5-8
287 [23076477593280] INFO perfrun.perfcollector <> - format: thresh config:24-31 mask:24-31
287 [23076477593280] INFO perfrun.perfcollector <> - format: match_rnid4 config1:31 mask:31
287 [23076477593280] INFO perfrun.perfcollector <> - format: mask0 config2:0-31 mask:0-31
287 [23076477593280] INFO perfrun.perfcollector <> - format: match_mc config1:9-12 mask:9-12
287 [23076477593280] INFO perfrun.perfcollector <> - hwInfo: PERF_QPI_PMU_DETAILS
287 [23076477593280] INFO perfrun.perfcollector <> - pmu added: family: uncore_qpi, id: 1
287 [23076477593280] INFO perfrun.perfcollector <> - dir found: /sys/bus/event_source/devices/uncore_cbox_6
287 [23076477593280] INFO perfrun.perfcollector <> - format: event config:0-7 mask:0-7
287 [23076477593280] INFO perfrun.perfcollector <> - format: filter_link config1:6-8 mask:6-8
287 [23076477593280] INFO perfrun.perfcollector <> - format: filter_c6 config1:61 mask:61
288 [23076477593280] INFO perfrun.perfcollector <> - format: edge config:18 mask:18
288 [23076477593280] INFO perfrun.perfcollector <> - format: filter_isoc config1:63 mask:63
288 [23076477593280] INFO perfrun.perfcollector <> - format: filter_tid config1:0-5 mask:0-5
288 [23076477593280] INFO perfrun.perfcollector <> - format: filter_nid config1:32-47 mask:32-47
288 [23076477593280] INFO perfrun.perfcollector <> - format: filter_nc config1:62 mask:62
288 [23076477593280] INFO perfrun.perfcollector <> - format: umask config:8-15 mask:8-15
288 [23076477593280] INFO perfrun.perfcollector <> - format: tid_en config:19 mask:19
288 [23076477593280] INFO perfrun.perfcollector <> - format: thresh config:24-31 mask:24-31
288 [23076477593280] INFO perfrun.perfcollector <> - format: filter_state config1:17-23 mask:17-23
288 [23076477593280] INFO perfrun.perfcollector <> - format: filter_opc config1:52-60 mask:52-60
288 [23076477593280] INFO perfrun.perfcollector <> - hwInfo: PERF_CBOX_PMU_DETAILS
288 [23076477593280] INFO perfrun.perfcollector <> - pmu added: family: uncore_cbox, id: 6
288 [23076477593280] INFO perfrun.perfcollector <> - dir found: /sys/bus/event_source/devices/uncore_imc_1
289 [23076477593280] INFO perfrun.perfcollector <> - format: event config:0-7 mask:0-7
289 [23076477593280] INFO perfrun.perfcollector <> - format: edge config:18 mask:18
289 [23076477593280] INFO perfrun.perfcollector <> - format: inv config:23 mask:23
289 [23076477593280] INFO perfrun.perfcollector <> - format: umask config:8-15 mask:8-15
289 [23076477593280] INFO perfrun.perfcollector <> - format: thresh config:24-31 mask:24-31
289 [23076477593280] INFO perfrun.perfcollector <> - hwInfo: PERF_IMC_PMU_DETAILS
289 [23076477593280] INFO perfrun.perfcollector <> - pmu added: family: uncore_imc, id: 1
289 [23076477593280] INFO perfrun.perfcollector <> - dir found: /sys/bus/event_source/devices/power
289 [23076477593280] INFO perfrun.perfcollector <> - format: event config:0-7 mask:0-7
289 [23076477593280] INFO perfrun.perfcollector <> - hwInfo: not set, pmuFam: power
289 [23076477593280] INFO perfrun.perfcollector <> - pmu added: family: power, id: 0
289 [23076477593280] INFO perfrun.perfcollector <> - dir found: /sys/bus/event_source/devices/uncore_cbox_11
289 [23076477593280] INFO perfrun.perfcollector <> - format: event config:0-7 mask:0-7
289 [23076477593280] INFO perfrun.perfcollector <> - format: filter_link config1:6-8 mask:6-8
289 [23076477593280] INFO perfrun.perfcollector <> - format: filter_c6 config1:61 mask:61
290 [23076477593280] INFO perfrun.perfcollector <> - format: edge config:18 mask:18
290 [23076477593280] INFO perfrun.perfcollector <> - format: filter_isoc config1:63 mask:63
290 [23076477593280] INFO perfrun.perfcollector <> - format: filter_tid config1:0-5 mask:0-5
290 [23076477593280] INFO perfrun.perfcollector <> - format: filter_nid config1:32-47 mask:32-47
290 [23076477593280] INFO perfrun.perfcollector <> - format: filter_nc config1:62 mask:62
290 [23076477593280] INFO perfrun.perfcollector <> - format: umask config:8-15 mask:8-15
290 [23076477593280] INFO perfrun.perfcollector <> - format: tid_en config:19 mask:19
290 [23076477593280] INFO perfrun.perfcollector <> - format: thresh config:24-31 mask:24-31
290 [23076477593280] INFO perfrun.perfcollector <> - format: filter_state config1:17-23 mask:17-23
290 [23076477593280] INFO perfrun.perfcollector <> - format: filter_opc config1:52-60 mask:52-60
290 [23076477593280] INFO perfrun.perfcollector <> - hwInfo: PERF_CBOX_PMU_DETAILS
290 [23076477593280] INFO perfrun.perfcollector <> - pmu added: family: uncore_cbox, id: 11
290 [23076477593280] INFO perfrun.perfcollector <> - dir found: /sys/bus/event_source/devices/uncore_cbox_4
290 [23076477593280] INFO perfrun.perfcollector <> - format: event config:0-7 mask:0-7
290 [23076477593280] INFO perfrun.perfcollector <> - format: filter_link config1:6-8 mask:6-8
290 [23076477593280] INFO perfrun.perfcollector <> - format: filter_c6 config1:61 mask:61
291 [23076477593280] INFO perfrun.perfcollector <> - format: edge config:18 mask:18
291 [23076477593280] INFO perfrun.perfcollector <> - format: filter_isoc config1:63 mask:63
291 [23076477593280] INFO perfrun.perfcollector <> - format: filter_tid config1:0-5 mask:0-5
291 [23076477593280] INFO perfrun.perfcollector <> - format: filter_nid config1:32-47 mask:32-47
291 [23076477593280] INFO perfrun.perfcollector <> - format: filter_nc config1:62 mask:62
291 [23076477593280] INFO perfrun.perfcollector <> - format: umask config:8-15 mask:8-15
291 [23076477593280] INFO perfrun.perfcollector <> - format: tid_en config:19 mask:19
291 [23076477593280] INFO perfrun.perfcollector <> - format: thresh config:24-31 mask:24-31
291 [23076477593280] INFO perfrun.perfcollector <> - format: filter_state config1:17-23 mask:17-23
291 [23076477593280] INFO perfrun.perfcollector <> - format: filter_opc config1:52-60 mask:52-60
291 [23076477593280] INFO perfrun.perfcollector <> - hwInfo: PERF_CBOX_PMU_DETAILS
291 [23076477593280] INFO perfrun.perfcollector <> - pmu added: family: uncore_cbox, id: 4
291 [23076477593280] INFO perfrun.perfcollector <> - dir found: /sys/bus/event_source/devices/uprobe
291 [23076477593280] INFO perfrun.perfcollector <> - format: ref_ctr_offset config:32-63 mask:32-63
291 [23076477593280] INFO perfrun.perfcollector <> - format: retprobe config:0 mask:0
291 [23076477593280] INFO perfrun.perfcollector <> - hwInfo: not set, pmuFam: uprobe
291 [23076477593280] INFO perfrun.perfcollector <> - pmu added: family: uprobe, id: 0
291 [23076477593280] INFO perfrun.perfcollector <> - dir found: /sys/bus/event_source/devices/intel_bts
291 [23076477593280] INFO perfrun.perfcollector <> - format: pmu format subdir doesn't exist
291 [23076477593280] INFO perfrun.perfcollector <> - hwInfo: not set, pmuFam: intel_bts
291 [23076477593280] INFO perfrun.perfcollector <> - pmu added: family: intel_bts, id: 0
291 [23076477593280] INFO perfrun.perfcollector <> - dir found: /sys/bus/event_source/devices/cpu
291 [23076477593280] INFO perfrun.perfcollector <> - format: event config:0-7 mask:0-7
291 [23076477593280] INFO perfrun.perfcollector <> - format: pc config:19 mask:19
291 [23076477593280] INFO perfrun.perfcollector <> - format: in_tx config:32 mask:32
292 [23076477593280] INFO perfrun.perfcollector <> - format: edge config:18 mask:18
292 [23076477593280] INFO perfrun.perfcollector <> - format: any config:21 mask:21
292 [23076477593280] INFO perfrun.perfcollector <> - format: offcore_rsp config1:0-63 mask:0-63
292 [23076477593280] INFO perfrun.perfcollector <> - format: in_tx_cp config:33 mask:33
292 [23076477593280] INFO perfrun.perfcollector <> - format: ldlat config1:0-15 mask:0-15
292 [23076477593280] INFO perfrun.perfcollector <> - format: inv config:23 mask:23
292 [23076477593280] INFO perfrun.perfcollector <> - format: umask config:8-15 mask:8-15
292 [23076477593280] INFO perfrun.perfcollector <> - format: cmask config:24-31 mask:24-31
292 [23076477593280] INFO perfrun.perfcollector <> - hwInfo: PERF_CPU_PMU_DETAILS
292 [23076477593280] INFO perfrun.perfcollector <> - pmu added: family: cpu, id: 0
292 [23076477593280] INFO perfrun.perfcollector <> - dir found: /sys/bus/event_source/devices/uncore_r3qpi_0
292 [23076477593280] INFO perfrun.perfcollector <> - format: event config:0-7 mask:0-7
292 [23076477593280] INFO perfrun.perfcollector <> - format: edge config:18 mask:18
292 [23076477593280] INFO perfrun.perfcollector <> - format: inv config:23 mask:23
292 [23076477593280] INFO perfrun.perfcollector <> - format: umask config:8-15 mask:8-15
292 [23076477593280] INFO perfrun.perfcollector <> - format: thresh config:24-31 mask:24-31
292 [23076477593280] INFO perfrun.perfcollector <> - hwInfo: not set, pmuFam: uncore_r3qpi
292 [23076477593280] INFO perfrun.perfcollector <> - pmu added: family: uncore_r3qpi, id: 0
292 [23076477593280] INFO perfrun.perfcollector <> - dir found: /sys/bus/event_source/devices/cstate_core
292 [23076477593280] INFO perfrun.perfcollector <> - format: event config:0-63 mask:0-63
293 [23076477593280] INFO perfrun.perfcollector <> - hwInfo: not set, pmuFam: cstate_core
293 [23076477593280] INFO perfrun.perfcollector <> - pmu added: family: cstate_core, id: 0
293 [23076477593280] INFO perfrun.perfcollector <> - dir found: /sys/bus/event_source/devices/uncore_cbox_2
293 [23076477593280] INFO perfrun.perfcollector <> - format: event config:0-7 mask:0-7
293 [23076477593280] INFO perfrun.perfcollector <> - format: filter_link config1:6-8 mask:6-8
293 [23076477593280] INFO perfrun.perfcollector <> - format: filter_c6 config1:61 mask:61
293 [23076477593280] INFO perfrun.perfcollector <> - format: edge config:18 mask:18
293 [23076477593280] INFO perfrun.perfcollector <> - format: filter_isoc config1:63 mask:63
293 [23076477593280] INFO perfrun.perfcollector <> - format: filter_tid config1:0-5 mask:0-5
293 [23076477593280] INFO perfrun.perfcollector <> - format: filter_nid config1:32-47 mask:32-47
293 [23076477593280] INFO perfrun.perfcollector <> - format: filter_nc config1:62 mask:62
293 [23076477593280] INFO perfrun.perfcollector <> - format: umask config:8-15 mask:8-15
293 [23076477593280] INFO perfrun.perfcollector <> - format: tid_en config:19 mask:19
293 [23076477593280] INFO perfrun.perfcollector <> - format: thresh config:24-31 mask:24-31
293 [23076477593280] INFO perfrun.perfcollector <> - format: filter_state config1:17-23 mask:17-23
293 [23076477593280] INFO perfrun.perfcollector <> - format: filter_opc config1:52-60 mask:52-60
293 [23076477593280] INFO perfrun.perfcollector <> - hwInfo: PERF_CBOX_PMU_DETAILS
293 [23076477593280] INFO perfrun.perfcollector <> - pmu added: family: uncore_cbox, id: 2
293 [23076477593280] INFO perfrun.perfcollector <> - dir found: /sys/bus/event_source/devices/breakpoint
293 [23076477593280] INFO perfrun.perfcollector <> - format: pmu format subdir doesn't exist
293 [23076477593280] INFO perfrun.perfcollector <> - hwInfo: not set, pmuFam: breakpoint
293 [23076477593280] INFO perfrun.perfcollector <> - pmu added: family: breakpoint, id: 0
293 [23076477593280] INFO perfrun.perfcollector <> - dir found: /sys/bus/event_source/devices/uncore_ha_0
293 [23076477593280] INFO perfrun.perfcollector <> - format: event config:0-7 mask:0-7
293 [23076477593280] INFO perfrun.perfcollector <> - format: edge config:18 mask:18
294 [23076477593280] INFO perfrun.perfcollector <> - format: inv config:23 mask:23
294 [23076477593280] INFO perfrun.perfcollector <> - format: umask config:8-15 mask:8-15
294 [23076477593280] INFO perfrun.perfcollector <> - format: thresh config:24-31 mask:24-31
294 [23076477593280] INFO perfrun.perfcollector <> - hwInfo: not set, pmuFam: uncore_ha
294 [23076477593280] INFO perfrun.perfcollector <> - pmu added: family: uncore_ha, id: 0
294 [23076477593280] INFO perfrun.perfcollector <> - dir found: /sys/bus/event_source/devices/uncore_cbox_0
294 [23076477593280] INFO perfrun.perfcollector <> - format: event config:0-7 mask:0-7
294 [23076477593280] INFO perfrun.perfcollector <> - format: filter_link config1:6-8 mask:6-8
294 [23076477593280] INFO perfrun.perfcollector <> - format: filter_c6 config1:61 mask:61
294 [23076477593280] INFO perfrun.perfcollector <> - format: edge config:18 mask:18
294 [23076477593280] INFO perfrun.perfcollector <> - format: filter_isoc config1:63 mask:63
294 [23076477593280] INFO perfrun.perfcollector <> - format: filter_tid config1:0-5 mask:0-5
294 [23076477593280] INFO perfrun.perfcollector <> - format: filter_nid config1:32-47 mask:32-47
295 [23076477593280] INFO perfrun.perfcollector <> - format: filter_nc config1:62 mask:62
295 [23076477593280] INFO perfrun.perfcollector <> - format: umask config:8-15 mask:8-15
295 [23076477593280] INFO perfrun.perfcollector <> - format: tid_en config:19 mask:19
295 [23076477593280] INFO perfrun.perfcollector <> - format: thresh config:24-31 mask:24-31
295 [23076477593280] INFO perfrun.perfcollector <> - format: filter_state config1:17-23 mask:17-23
295 [23076477593280] INFO perfrun.perfcollector <> - format: filter_opc config1:52-60 mask:52-60
295 [23076477593280] INFO perfrun.perfcollector <> - hwInfo: PERF_CBOX_PMU_DETAILS
295 [23076477593280] INFO perfrun.perfcollector <> - pmu added: family: uncore_cbox, id: 0
295 [23076477593280] INFO perfrun.perfcollector <> - dir found: /sys/bus/event_source/devices/tracepoint
295 [23076477593280] INFO perfrun.perfcollector <> - format: pmu format subdir doesn't exist
295 [23076477593280] INFO perfrun.perfcollector <> - hwInfo: not set, pmuFam: tracepoint
295 [23076477593280] INFO perfrun.perfcollector <> - pmu added: family: tracepoint, id: 0
295 [23076477593280] INFO perfrun.perfcollector <> - dir found: /sys/bus/event_source/devices/uncore_sbox_3
295 [23076477593280] INFO perfrun.perfcollector <> - format: event config:0-7 mask:0-7
295 [23076477593280] INFO perfrun.perfcollector <> - format: edge config:18 mask:18
295 [23076477593280] INFO perfrun.perfcollector <> - format: inv config:23 mask:23
296 [23076477593280] INFO perfrun.perfcollector <> - format: umask config:8-15 mask:8-15
296 [23076477593280] INFO perfrun.perfcollector <> - format: tid_en config:19 mask:19
296 [23076477593280] INFO perfrun.perfcollector <> - format: thresh config:24-31 mask:24-31
296 [23076477593280] INFO perfrun.perfcollector <> - hwInfo: not set, pmuFam: uncore_sbox
296 [23076477593280] INFO perfrun.perfcollector <> - pmu added: family: uncore_sbox, id: 3
296 [23076477593280] INFO perfrun.perfcollector <> - dir found: /sys/bus/event_source/devices/uncore_cbox_9
296 [23076477593280] INFO perfrun.perfcollector <> - format: event config:0-7 mask:0-7
296 [23076477593280] INFO perfrun.perfcollector <> - format: filter_link config1:6-8 mask:6-8
296 [23076477593280] INFO perfrun.perfcollector <> - format: filter_c6 config1:61 mask:61
296 [23076477593280] INFO perfrun.perfcollector <> - format: edge config:18 mask:18
296 [23076477593280] INFO perfrun.perfcollector <> - format: filter_isoc config1:63 mask:63
296 [23076477593280] INFO perfrun.perfcollector <> - format: filter_tid config1:0-5 mask:0-5
296 [23076477593280] INFO perfrun.perfcollector <> - format: filter_nid config1:32-47 mask:32-47
296 [23076477593280] INFO perfrun.perfcollector <> - format: filter_nc config1:62 mask:62
296 [23076477593280] INFO perfrun.perfcollector <> - format: umask config:8-15 mask:8-15
297 [23076477593280] INFO perfrun.perfcollector <> - format: tid_en config:19 mask:19
297 [23076477593280] INFO perfrun.perfcollector <> - format: thresh config:24-31 mask:24-31
297 [23076477593280] INFO perfrun.perfcollector <> - format: filter_state config1:17-23 mask:17-23
297 [23076477593280] INFO perfrun.perfcollector <> - format: filter_opc config1:52-60 mask:52-60
297 [23076477593280] INFO perfrun.perfcollector <> - hwInfo: PERF_CBOX_PMU_DETAILS
297 [23076477593280] INFO perfrun.perfcollector <> - pmu added: family: uncore_cbox, id: 9
297 [23076477593280] INFO perfrun.perfcollector <> - dir found: /sys/bus/event_source/devices/cstate_pkg
297 [23076477593280] INFO perfrun.perfcollector <> - format: event config:0-63 mask:0-63
297 [23076477593280] INFO perfrun.perfcollector <> - hwInfo: not set, pmuFam: cstate_pkg
297 [23076477593280] INFO perfrun.perfcollector <> - pmu added: family: cstate_pkg, id: 0
297 [23076477593280] INFO perfrun.perfcollector <> - dir found: /sys/bus/event_source/devices/uncore_imc_4
297 [23076477593280] INFO perfrun.perfcollector <> - format: event config:0-7 mask:0-7
297 [23076477593280] INFO perfrun.perfcollector <> - format: edge config:18 mask:18
297 [23076477593280] INFO perfrun.perfcollector <> - format: inv config:23 mask:23
297 [23076477593280] INFO perfrun.perfcollector <> - format: umask config:8-15 mask:8-15
298 [23076477593280] INFO perfrun.perfcollector <> - format: thresh config:24-31 mask:24-31
298 [23076477593280] INFO perfrun.perfcollector <> - hwInfo: PERF_IMC_PMU_DETAILS
298 [23076477593280] INFO perfrun.perfcollector <> - pmu added: family: uncore_imc, id: 4
298 [23076477593280] INFO perfrun.perfcollector <> - dir found: /sys/bus/event_source/devices/uncore_ubox
298 [23076477593280] INFO perfrun.perfcollector <> - format: event config:0-7 mask:0-7
298 [23076477593280] INFO perfrun.perfcollector <> - format: edge config:18 mask:18
298 [23076477593280] INFO perfrun.perfcollector <> - format: inv config:23 mask:23
298 [23076477593280] INFO perfrun.perfcollector <> - format: umask config:8-15 mask:8-15
298 [23076477593280] INFO perfrun.perfcollector <> - format: thresh config:24-28 mask:24-28
298 [23076477593280] INFO perfrun.perfcollector <> - hwInfo: not set, pmuFam: uncore_ubox
298 [23076477593280] INFO perfrun.perfcollector <> - pmu added: family: uncore_ubox, id: 0
298 [23076477593280] INFO perfrun.perfcollector <> - dir found: /sys/bus/event_source/devices/uncore_sbox_1
298 [23076477593280] INFO perfrun.perfcollector <> - format: event config:0-7 mask:0-7
298 [23076477593280] INFO perfrun.perfcollector <> - format: edge config:18 mask:18
298 [23076477593280] INFO perfrun.perfcollector <> - format: inv config:23 mask:23
298 [23076477593280] INFO perfrun.perfcollector <> - format: umask config:8-15 mask:8-15
298 [23076477593280] INFO perfrun.perfcollector <> - format: tid_en config:19 mask:19
298 [23076477593280] INFO perfrun.perfcollector <> - format: thresh config:24-31 mask:24-31
298 [23076477593280] INFO perfrun.perfcollector <> - hwInfo: not set, pmuFam: uncore_sbox
298 [23076477593280] INFO perfrun.perfcollector <> - pmu added: family: uncore_sbox, id: 1
298 [23076477593280] INFO perfrun.perfcollector <> - dir found: /sys/bus/event_source/devices/uncore_cbox_7
299 [23076477593280] INFO perfrun.perfcollector <> - format: event config:0-7 mask:0-7
299 [23076477593280] INFO perfrun.perfcollector <> - format: filter_link config1:6-8 mask:6-8
299 [23076477593280] INFO perfrun.perfcollector <> - format: filter_c6 config1:61 mask:61
299 [23076477593280] INFO perfrun.perfcollector <> - format: edge config:18 mask:18
299 [23076477593280] INFO perfrun.perfcollector <> - format: filter_isoc config1:63 mask:63
299 [23076477593280] INFO perfrun.perfcollector <> - format: filter_tid config1:0-5 mask:0-5
299 [23076477593280] INFO perfrun.perfcollector <> - format: filter_nid config1:32-47 mask:32-47
299 [23076477593280] INFO perfrun.perfcollector <> - format: filter_nc config1:62 mask:62
299 [23076477593280] INFO perfrun.perfcollector <> - format: umask config:8-15 mask:8-15
299 [23076477593280] INFO perfrun.perfcollector <> - format: tid_en config:19 mask:19
299 [23076477593280] INFO perfrun.perfcollector <> - format: thresh config:24-31 mask:24-31
299 [23076477593280] INFO perfrun.perfcollector <> - format: filter_state config1:17-23 mask:17-23
299 [23076477593280] INFO perfrun.perfcollector <> - format: filter_opc config1:52-60 mask:52-60
299 [23076477593280] INFO perfrun.perfcollector <> - hwInfo: PERF_CBOX_PMU_DETAILS
299 [23076477593280] INFO perfrun.perfcollector <> - pmu added: family: uncore_cbox, id: 7
299 [23076477593280] INFO perfrun.perfcollector <> - dir found: /sys/bus/event_source/devices/uncore_cbox_12
299 [23076477593280] INFO perfrun.perfcollector <> - format: event config:0-7 mask:0-7
299 [23076477593280] INFO perfrun.perfcollector <> - format: filter_link config1:6-8 mask:6-8
300 [23076477593280] INFO perfrun.perfcollector <> - format: filter_c6 config1:61 mask:61
300 [23076477593280] INFO perfrun.perfcollector <> - format: edge config:18 mask:18
300 [23076477593280] INFO perfrun.perfcollector <> - format: filter_isoc config1:63 mask:63
300 [23076477593280] INFO perfrun.perfcollector <> - format: filter_tid config1:0-5 mask:0-5
300 [23076477593280] INFO perfrun.perfcollector <> - format: filter_nid config1:32-47 mask:32-47
300 [23076477593280] INFO perfrun.perfcollector <> - format: filter_nc config1:62 mask:62
300 [23076477593280] INFO perfrun.perfcollector <> - format: umask config:8-15 mask:8-15
300 [23076477593280] INFO perfrun.perfcollector <> - format: tid_en config:19 mask:19
300 [23076477593280] INFO perfrun.perfcollector <> - format: thresh config:24-31 mask:24-31
300 [23076477593280] INFO perfrun.perfcollector <> - format: filter_state config1:17-23 mask:17-23
301 [23076477593280] INFO perfrun.perfcollector <> - format: filter_opc config1:52-60 mask:52-60
301 [23076477593280] INFO perfrun.perfcollector <> - hwInfo: PERF_CBOX_PMU_DETAILS
301 [23076477593280] INFO perfrun.perfcollector <> - pmu added: family: uncore_cbox, id: 12
301 [23076477593280] INFO perfrun.perfcollector <> - dir found: /sys/bus/event_source/devices/kprobe
301 [23076477593280] INFO perfrun.perfcollector <> - format: retprobe config:0 mask:0
301 [23076477593280] INFO perfrun.perfcollector <> - hwInfo: not set, pmuFam: kprobe
301 [23076477593280] INFO perfrun.perfcollector <> - pmu added: family: kprobe, id: 0
301 [23076477593280] INFO perfrun.perfcollector <> - dir found: /sys/bus/event_source/devices/uncore_qpi_0
301 [23076477593280] INFO perfrun.perfcollector <> - format: mask_rnid4 config2:31 mask:31
301 [23076477593280] INFO perfrun.perfcollector <> - format: mask_rnid30 config2:32-35 mask:32-35
301 [23076477593280] INFO perfrun.perfcollector <> - format: match_rnid30 config1:32-35 mask:32-35
302 [23076477593280] INFO perfrun.perfcollector <> - format: event config:0-7,21 mask:0-7,21
302 [23076477593280] INFO perfrun.perfcollector <> - format: match0 config1:0-31 mask:0-31
302 [23076477593280] INFO perfrun.perfcollector <> - format: match_rds config1:48-51 mask:48-51
302 [23076477593280] INFO perfrun.perfcollector <> - format: mask_rds config2:48-51 mask:48-51
302 [23076477593280] INFO perfrun.perfcollector <> - format: edge config:18 mask:18
302 [23076477593280] INFO perfrun.perfcollector <> - format: mask1 config2:32-63 mask:32-63
302 [23076477593280] INFO perfrun.perfcollector <> - format: match_dnid config1:13-17 mask:13-17
302 [23076477593280] INFO perfrun.perfcollector <> - format: mask_dnid config2:13-17 mask:13-17
302 [23076477593280] INFO perfrun.perfcollector <> - format: match_vnw config1:3-4 mask:3-4
303 [23076477593280] INFO perfrun.perfcollector <> - format: mask_vnw config2:3-4 mask:3-4
303 [23076477593280] INFO perfrun.perfcollector <> - format: mask_mc config2:9-12 mask:9-12
303 [23076477593280] INFO perfrun.perfcollector <> - format: match1 config1:32-63 mask:32-63
303 [23076477593280] INFO perfrun.perfcollector <> - format: inv config:23 mask:23
303 [23076477593280] INFO perfrun.perfcollector <> - format: umask config:8-15 mask:8-15
303 [23076477593280] INFO perfrun.perfcollector <> - format: match_opc config1:5-8 mask:5-8
303 [23076477593280] INFO perfrun.perfcollector <> - format: mask_opc config2:5-8 mask:5-8
303 [23076477593280] INFO perfrun.perfcollector <> - format: thresh config:24-31 mask:24-31
304 [23076477593280] INFO perfrun.perfcollector <> - format: match_rnid4 config1:31 mask:31
304 [23076477593280] INFO perfrun.perfcollector <> - format: mask0 config2:0-31 mask:0-31
304 [23076477593280] INFO perfrun.perfcollector <> - format: match_mc config1:9-12 mask:9-12
304 [23076477593280] INFO perfrun.perfcollector <> - hwInfo: PERF_QPI_PMU_DETAILS
304 [23076477593280] INFO perfrun.perfcollector <> - pmu added: family: uncore_qpi, id: 0
304 [23076477593280] INFO perfrun.perfcollector <> - dir found: /sys/bus/event_source/devices/uncore_cbox_5
304 [23076477593280] INFO perfrun.perfcollector <> - format: event config:0-7 mask:0-7
304 [23076477593280] INFO perfrun.perfcollector <> - format: filter_link config1:6-8 mask:6-8
305 [23076477593280] INFO perfrun.perfcollector <> - format: filter_c6 config1:61 mask:61
305 [23076477593280] INFO perfrun.perfcollector <> - format: edge config:18 mask:18
305 [23076477593280] INFO perfrun.perfcollector <> - format: filter_isoc config1:63 mask:63
305 [23076477593280] INFO perfrun.perfcollector <> - format: filter_tid config1:0-5 mask:0-5
305 [23076477593280] INFO perfrun.perfcollector <> - format: filter_nid config1:32-47 mask:32-47
305 [23076477593280] INFO perfrun.perfcollector <> - format: filter_nc config1:62 mask:62
305 [23076477593280] INFO perfrun.perfcollector <> - format: umask config:8-15 mask:8-15
305 [23076477593280] INFO perfrun.perfcollector <> - format: tid_en config:19 mask:19
305 [23076477593280] INFO perfrun.perfcollector <> - format: thresh config:24-31 mask:24-31
305 [23076477593280] INFO perfrun.perfcollector <> - format: filter_state config1:17-23 mask:17-23
305 [23076477593280] INFO perfrun.perfcollector <> - format: filter_opc config1:52-60 mask:52-60
305 [23076477593280] INFO perfrun.perfcollector <> - hwInfo: PERF_CBOX_PMU_DETAILS
306 [23076477593280] INFO perfrun.perfcollector <> - pmu added: family: uncore_cbox, id: 5
306 [23076477593280] INFO perfrun.perfcollector <> - dir found: /sys/bus/event_source/devices/uncore_imc_0
306 [23076477593280] INFO perfrun.perfcollector <> - format: event config:0-7 mask:0-7
306 [23076477593280] INFO perfrun.perfcollector <> - format: edge config:18 mask:18
306 [23076477593280] INFO perfrun.perfcollector <> - format: inv config:23 mask:23
306 [23076477593280] INFO perfrun.perfcollector <> - format: umask config:8-15 mask:8-15
306 [23076477593280] INFO perfrun.perfcollector <> - format: thresh config:24-31 mask:24-31
306 [23076477593280] INFO perfrun.perfcollector <> - hwInfo: PERF_IMC_PMU_DETAILS
306 [23076477593280] INFO perfrun.perfcollector <> - pmu added: family: uncore_imc, id: 0
306 [23076477593280] INFO perfrun.perfcollector <> - dir found: /sys/bus/event_source/devices/uncore_cbox_10
307 [23076477593280] INFO perfrun.perfcollector <> - format: event config:0-7 mask:0-7
307 [23076477593280] INFO perfrun.perfcollector <> - format: filter_link config1:6-8 mask:6-8
307 [23076477593280] INFO perfrun.perfcollector <> - format: filter_c6 config1:61 mask:61
307 [23076477593280] INFO perfrun.perfcollector <> - format: edge config:18 mask:18
307 [23076477593280] INFO perfrun.perfcollector <> - format: filter_isoc config1:63 mask:63
307 [23076477593280] INFO perfrun.perfcollector <> - format: filter_tid config1:0-5 mask:0-5
307 [23076477593280] INFO perfrun.perfcollector <> - format: filter_nid config1:32-47 mask:32-47
308 [23076477593280] INFO perfrun.perfcollector <> - format: filter_nc config1:62 mask:62
308 [23076477593280] INFO perfrun.perfcollector <> - format: umask config:8-15 mask:8-15
308 [23076477593280] INFO perfrun.perfcollector <> - format: tid_en config:19 mask:19
308 [23076477593280] INFO perfrun.perfcollector <> - format: thresh config:24-31 mask:24-31
308 [23076477593280] INFO perfrun.perfcollector <> - format: filter_state config1:17-23 mask:17-23
308 [23076477593280] INFO perfrun.perfcollector <> - format: filter_opc config1:52-60 mask:52-60
308 [23076477593280] INFO perfrun.perfcollector <> - hwInfo: PERF_CBOX_PMU_DETAILS
308 [23076477593280] INFO perfrun.perfcollector <> - pmu added: family: uncore_cbox, id: 10
308 [23076477593280] INFO perfrun.perfcollector <> - dir found: /sys/bus/event_source/devices/uncore_pcu
309 [23076477593280] INFO perfrun.perfcollector <> - format: filter_band2 config1:16-23 mask:16-23
309 [23076477593280] INFO perfrun.perfcollector <> - format: event config:0-7 mask:0-7
309 [23076477593280] INFO perfrun.perfcollector <> - format: filter_band0 config1:0-7 mask:0-7
309 [23076477593280] INFO perfrun.perfcollector <> - format: edge config:18 mask:18
309 [23076477593280] INFO perfrun.perfcollector <> - format: occ_invert config:30 mask:30
309 [23076477593280] INFO perfrun.perfcollector <> - format: occ_edge config:14-51 mask:14-51
309 [23076477593280] INFO perfrun.perfcollector <> - format: filter_band3 config1:24-31 mask:24-31
309 [23076477593280] INFO perfrun.perfcollector <> - format: filter_band1 config1:8-15 mask:8-15
309 [23076477593280] INFO perfrun.perfcollector <> - format: inv config:23 mask:23
309 [23076477593280] INFO perfrun.perfcollector <> - format: thresh config:24-28 mask:24-28
309 [23076477593280] INFO perfrun.perfcollector <> - format: occ_sel config:14-15 mask:14-15
309 [23076477593280] INFO perfrun.perfcollector <> - hwInfo: not set, pmuFam: uncore_pcu
309 [23076477593280] INFO perfrun.perfcollector <> - pmu added: family: uncore_pcu, id: 0
310 [23076477593280] INFO perfrun.perfcollector <> - dir found: /sys/bus/event_source/devices/uncore_r3qpi_1
310 [23076477593280] INFO perfrun.perfcollector <> - format: event config:0-7 mask:0-7
310 [23076477593280] INFO perfrun.perfcollector <> - format: edge config:18 mask:18
310 [23076477593280] INFO perfrun.perfcollector <> - format: inv config:23 mask:23
310 [23076477593280] INFO perfrun.perfcollector <> - format: umask config:8-15 mask:8-15
310 [23076477593280] INFO perfrun.perfcollector <> - format: thresh config:24-31 mask:24-31
310 [23076477593280] INFO perfrun.perfcollector <> - hwInfo: not set, pmuFam: uncore_r3qpi
310 [23076477593280] INFO perfrun.perfcollector <> - pmu added: family: uncore_r3qpi, id: 1
310 [23076477593280] INFO perfrun.perfcollector <> - dir found: /sys/bus/event_source/devices/msr
310 [23076477593280] INFO perfrun.perfcollector <> - format: event config:0-63 mask:0-63
310 [23076477593280] INFO perfrun.perfcollector <> - hwInfo: not set, pmuFam: msr
310 [23076477593280] INFO perfrun.perfcollector <> - pmu added: family: msr, id: 0
310 [23076477593280] INFO perfrun.perfcollector <> - dir found: /sys/bus/event_source/devices/uncore_cbox_3
310 [23076477593280] INFO perfrun.perfcollector <> - format: event config:0-7 mask:0-7
310 [23076477593280] INFO perfrun.perfcollector <> - format: filter_link config1:6-8 mask:6-8
311 [23076477593280] INFO perfrun.perfcollector <> - format: filter_c6 config1:61 mask:61
311 [23076477593280] INFO perfrun.perfcollector <> - format: edge config:18 mask:18
311 [23076477593280] INFO perfrun.perfcollector <> - format: filter_isoc config1:63 mask:63
311 [23076477593280] INFO perfrun.perfcollector <> - format: filter_tid config1:0-5 mask:0-5
311 [23076477593280] INFO perfrun.perfcollector <> - format: filter_nid config1:32-47 mask:32-47
311 [23076477593280] INFO perfrun.perfcollector <> - format: filter_nc config1:62 mask:62
311 [23076477593280] INFO perfrun.perfcollector <> - format: umask config:8-15 mask:8-15
311 [23076477593280] INFO perfrun.perfcollector <> - format: tid_en config:19 mask:19
311 [23076477593280] INFO perfrun.perfcollector <> - format: thresh config:24-31 mask:24-31
311 [23076477593280] INFO perfrun.perfcollector <> - format: filter_state config1:17-23 mask:17-23
311 [23076477593280] INFO perfrun.perfcollector <> - format: filter_opc config1:52-60 mask:52-60
311 [23076477593280] INFO perfrun.perfcollector <> - hwInfo: PERF_CBOX_PMU_DETAILS
311 [23076477593280] INFO perfrun.perfcollector <> - pmu added: family: uncore_cbox, id: 3
311 [23076477593280] INFO perfrun.perfcollector <> - dir found: /sys/bus/event_source/devices/intel_pt
311 [23076477593280] INFO perfrun.perfcollector <> - format: ptw config:12 mask:12
311 [23076477593280] INFO perfrun.perfcollector <> - format: event config:31 mask:31
311 [23076477593280] INFO perfrun.perfcollector <> - format: cyc_thresh config:19-22 mask:19-22
311 [23076477593280] INFO perfrun.perfcollector <> - format: pt config:0 mask:0
311 [23076477593280] INFO perfrun.perfcollector <> - format: notnt config:55 mask:55
312 [23076477593280] INFO perfrun.perfcollector <> - format: branch config:13 mask:13
312 [23076477593280] INFO perfrun.perfcollector <> - format: tsc config:10 mask:10
312 [23076477593280] INFO perfrun.perfcollector <> - format: pwr_evt config:4 mask:4
312 [23076477593280] INFO perfrun.perfcollector <> - format: fup_on_ptw config:5 mask:5
312 [23076477593280] INFO perfrun.perfcollector <> - format: cyc config:1 mask:1
312 [23076477593280] INFO perfrun.perfcollector <> - format: noretcomp config:11 mask:11
312 [23076477593280] INFO perfrun.perfcollector <> - format: mtc config:9 mask:9
312 [23076477593280] INFO perfrun.perfcollector <> - format: psb_period config:24-27 mask:24-27
312 [23076477593280] INFO perfrun.perfcollector <> - format: mtc_period config:14-17 mask:14-17
312 [23076477593280] INFO perfrun.perfcollector <> - hwInfo: not set, pmuFam: intel_pt
312 [23076477593280] INFO perfrun.perfcollector <> - pmu added: family: intel_pt, id: 0
312 [23076477593280] INFO perfrun.perfcollector <> - dir found: /sys/bus/event_source/devices/uncore_ha_1
313 [23076477593280] INFO perfrun.perfcollector <> - format: event config:0-7 mask:0-7
313 [23076477593280] INFO perfrun.perfcollector <> - format: edge config:18 mask:18
313 [23076477593280] INFO perfrun.perfcollector <> - format: inv config:23 mask:23
313 [23076477593280] INFO perfrun.perfcollector <> - format: umask config:8-15 mask:8-15
313 [23076477593280] INFO perfrun.perfcollector <> - format: thresh config:24-31 mask:24-31
313 [23076477593280] INFO perfrun.perfcollector <> - hwInfo: not set, pmuFam: uncore_ha
313 [23076477593280] INFO perfrun.perfcollector <> - pmu added: family: uncore_ha, id: 1
313 [23076477593280] INFO perfrun.perfcollector <> - dir found: /sys/bus/event_source/devices/uncore_cbox_1
313 [23076477593280] INFO perfrun.perfcollector <> - format: event config:0-7 mask:0-7
313 [23076477593280] INFO perfrun.perfcollector <> - format: filter_link config1:6-8 mask:6-8
313 [23076477593280] INFO perfrun.perfcollector <> - format: filter_c6 config1:61 mask:61
313 [23076477593280] INFO perfrun.perfcollector <> - format: edge config:18 mask:18
314 [23076477593280] INFO perfrun.perfcollector <> - format: filter_isoc config1:63 mask:63
314 [23076477593280] INFO perfrun.perfcollector <> - format: filter_tid config1:0-5 mask:0-5
314 [23076477593280] INFO perfrun.perfcollector <> - format: filter_nid config1:32-47 mask:32-47
314 [23076477593280] INFO perfrun.perfcollector <> - format: filter_nc config1:62 mask:62
314 [23076477593280] INFO perfrun.perfcollector <> - format: umask config:8-15 mask:8-15
314 [23076477593280] INFO perfrun.perfcollector <> - format: tid_en config:19 mask:19
314 [23076477593280] INFO perfrun.perfcollector <> - format: thresh config:24-31 mask:24-31
314 [23076477593280] INFO perfrun.perfcollector <> - format: filter_state config1:17-23 mask:17-23
314 [23076477593280] INFO perfrun.perfcollector <> - format: filter_opc config1:52-60 mask:52-60
314 [23076477593280] INFO perfrun.perfcollector <> - hwInfo: PERF_CBOX_PMU_DETAILS
314 [23076477593280] INFO perfrun.perfcollector <> - pmu added: family: uncore_cbox, id: 1
314 [23076477593280] INFO perfrun.sdk <> - runCmd: /opt/intel/oneapi/vtune/2023.1.0/bin64/sep -dry-run -sam 1 -ec CPU_CLK_UNHALTED.THREAD,CPU_CLK_UNHALTED.REF_TSC:sample:sa=2400000,INST_RETIRED.ANY:sample:sa=2400000,CPU_CLK_UNHALTED.REF_XCLK,CPU_CLK_UNHALTED.ONE_THREAD_ACTIVE,FP_ARITH_INST_RETIRED.SCALAR_SINGLE,FP_ARITH_INST_RETIRED.128B_PACKED_SINGLE,FP_ARITH_INST_RETIRED.256B_PACKED_SINGLE,FP_ARITH_INST_RETIRED.SCALAR_DOUBLE,FP_ARITH_INST_RETIRED.128B_PACKED_DOUBLE,FP_ARITH_INST_RETIRED.256B_PACKED_DOUBLE,INST_RETIRED.X87,UOPS_RETIRED.RETIRE_SLOTS:sample:sa=2000003 -experimental
315 [23076477593280] INFO perfrun.sdk <> - runCmd started PID 2284386
362 [23076477593280] INFO perfrun.perfcollector <> - SepDryRun RC = true
366 [23076477593280] INFO perfrun.perfcollector <> - DRY_RUN: "PMU type: Core (core)"
366 [23076477593280] INFO perfrun.perfcollector <> - pmu type: cpu
366 [23076477593280] INFO perfrun.perfcollector <> - DRY_RUN: "Group 0:"
366 [23076477593280] INFO perfrun.perfcollector <> - id: 0
366 [23076477593280] INFO perfrun.perfcollector <> - DRY_RUN: "INST_RETIRED.ANY: event id 2"
366 [23076477593280] INFO perfrun.perfcollector <> - eventName: INST_RETIRED.ANY, eventId: 2
366 [23076477593280] INFO perfrun.perfcollector <> - DRY_RUN: "CPU_CLK_UNHALTED.THREAD: event id 0"
366 [23076477593280] INFO perfrun.perfcollector <> - eventName: CPU_CLK_UNHALTED.THREAD, eventId: 0
366 [23076477593280] INFO perfrun.perfcollector <> - DRY_RUN: "CPU_CLK_UNHALTED.REF_TSC: event id 1"
366 [23076477593280] INFO perfrun.perfcollector <> - eventName: CPU_CLK_UNHALTED.REF_TSC, eventId: 1
366 [23076477593280] INFO perfrun.perfcollector <> - DRY_RUN: "FP_ARITH_INST_RETIRED.SCALAR_SINGLE: event id 5"
366 [23076477593280] INFO perfrun.perfcollector <> - eventName: FP_ARITH_INST_RETIRED.SCALAR_SINGLE, eventId: 5
366 [23076477593280] INFO perfrun.perfcollector <> - DRY_RUN: "FP_ARITH_INST_RETIRED.128B_PACKED_SINGLE: event id 6"
366 [23076477593280] INFO perfrun.perfcollector <> - eventName: FP_ARITH_INST_RETIRED.128B_PACKED_SINGLE, eventId: 6
366 [23076477593280] INFO perfrun.perfcollector <> - DRY_RUN: "FP_ARITH_INST_RETIRED.256B_PACKED_SINGLE: event id 7"
366 [23076477593280] INFO perfrun.perfcollector <> - eventName: FP_ARITH_INST_RETIRED.256B_PACKED_SINGLE, eventId: 7
366 [23076477593280] INFO perfrun.perfcollector <> - DRY_RUN: "FP_ARITH_INST_RETIRED.SCALAR_DOUBLE: event id 8"
366 [23076477593280] INFO perfrun.perfcollector <> - eventName: FP_ARITH_INST_RETIRED.SCALAR_DOUBLE, eventId: 8
366 [23076477593280] INFO perfrun.perfcollector <> - DRY_RUN: "CPU_CLK_UNHALTED.REF_XCLK: event id 3"
366 [23076477593280] INFO perfrun.perfcollector <> - eventName: CPU_CLK_UNHALTED.REF_XCLK, eventId: 3
366 [23076477593280] INFO perfrun.perfcollector <> - DRY_RUN: "CPU_CLK_UNHALTED.ONE_THREAD_ACTIVE: event id 4"
366 [23076477593280] INFO perfrun.perfcollector <> - eventName: CPU_CLK_UNHALTED.ONE_THREAD_ACTIVE, eventId: 4
366 [23076477593280] INFO perfrun.perfcollector <> - DRY_RUN: "INST_RETIRED.X87: event id 11"
366 [23076477593280] INFO perfrun.perfcollector <> - eventName: INST_RETIRED.X87, eventId: 11
366 [23076477593280] INFO perfrun.perfcollector <> - DRY_RUN: "UOPS_RETIRED.RETIRE_SLOTS: event id 12"
366 [23076477593280] INFO perfrun.perfcollector <> - eventName: UOPS_RETIRED.RETIRE_SLOTS, eventId: 12
366 [23076477593280] INFO perfrun.perfcollector <> - DRY_RUN: "CCCR"
366 [23076477593280] INFO perfrun.perfcollector <> - DRY_RUN: "reg_type       = 1	event_id       = g	reg_id         = 38f	reg_value      = 7000000ff"
366 [23076477593280] INFO perfrun.perfcollector <> - eventId: g, skip parsing event_id
366 [23076477593280] INFO perfrun.perfcollector <> - Register was ignored: group_id: 0, reg_type: 1, event_id: 4294967295, reg_id: 38f, reg_value: 7000000ff, pmu_name: cpu
366 [23076477593280] INFO perfrun.perfcollector <> - DRY_RUN: "reg_type       = 1	event_id       = g	reg_id         = 390	reg_value      = 7000000ff"
366 [23076477593280] INFO perfrun.perfcollector <> - eventId: g, skip parsing event_id
366 [23076477593280] INFO perfrun.perfcollector <> - Register was ignored: group_id: 0, reg_type: 1, event_id: 4294967295, reg_id: 390, reg_value: 7000000ff, pmu_name: cpu
366 [23076477593280] INFO perfrun.perfcollector <> - DRY_RUN: "reg_type       = 1	event_id       = g	reg_id         = 3f1	reg_value      = 0"
366 [23076477593280] INFO perfrun.perfcollector <> - eventId: g, skip parsing event_id
366 [23076477593280] INFO perfrun.perfcollector <> - Register was ignored: group_id: 0, reg_type: 1, event_id: 4294967295, reg_id: 3f1, reg_value: 0, pmu_name: cpu
366 [23076477593280] INFO perfrun.perfcollector <> - DRY_RUN: "reg_type       = 1	event_id       = g	reg_id         = 1d9	reg_value      = 1800"
366 [23076477593280] INFO perfrun.perfcollector <> - eventId: g, skip parsing event_id
366 [23076477593280] INFO perfrun.perfcollector <> - Register was ignored: group_id: 0, reg_type: 1, event_id: 4294967295, reg_id: 1d9, reg_value: 1800, pmu_name: cpu
366 [23076477593280] INFO perfrun.perfcollector <> - DRY_RUN: "reg_type       = 1	event_id       = g	reg_id         = 38d	reg_value      = bbb"
366 [23076477593280] INFO perfrun.perfcollector <> - eventId: g, skip parsing event_id
366 [23076477593280] INFO perfrun.perfcollector <> - Register was ignored: group_id: 0, reg_type: 1, event_id: 4294967295, reg_id: 38d, reg_value: bbb, pmu_name: cpu
366 [23076477593280] INFO perfrun.perfcollector <> - DRY_RUN: "reg_type       = 1	event_id       = 5	reg_id         = 186	reg_value      = 5302c7"
366 [23076477593280] INFO perfrun.perfcollector <> - Event selector: group_id: 0, reg_type: 1, event_id: 5, reg_id: 186, reg_value: 5302c7, pmu_name: cpu
366 [23076477593280] INFO perfrun.perfcollector <> - DRY_RUN: "reg_type       = 1	event_id       = 6	reg_id         = 187	reg_value      = 5308c7"
366 [23076477593280] INFO perfrun.perfcollector <> - Event selector: group_id: 0, reg_type: 1, event_id: 6, reg_id: 187, reg_value: 5308c7, pmu_name: cpu
366 [23076477593280] INFO perfrun.perfcollector <> - DRY_RUN: "reg_type       = 1	event_id       = 7	reg_id         = 188	reg_value      = 5320c7"
366 [23076477593280] INFO perfrun.perfcollector <> - Event selector: group_id: 0, reg_type: 1, event_id: 7, reg_id: 188, reg_value: 5320c7, pmu_name: cpu
366 [23076477593280] INFO perfrun.perfcollector <> - DRY_RUN: "reg_type       = 1	event_id       = 8	reg_id         = 189	reg_value      = 5301c7"
366 [23076477593280] INFO perfrun.perfcollector <> - Event selector: group_id: 0, reg_type: 1, event_id: 8, reg_id: 189, reg_value: 5301c7, pmu_name: cpu
366 [23076477593280] INFO perfrun.perfcollector <> - DRY_RUN: "reg_type       = 1	event_id       = 3	reg_id         = 18a	reg_value      = 53013c"
366 [23076477593280] INFO perfrun.perfcollector <> - Event selector: group_id: 0, reg_type: 1, event_id: 3, reg_id: 18a, reg_value: 53013c, pmu_name: cpu
366 [23076477593280] INFO perfrun.perfcollector <> - DRY_RUN: "reg_type       = 1	event_id       = 4	reg_id         = 18b	reg_value      = 53023c"
366 [23076477593280] INFO perfrun.perfcollector <> - Event selector: group_id: 0, reg_type: 1, event_id: 4, reg_id: 18b, reg_value: 53023c, pmu_name: cpu
366 [23076477593280] INFO perfrun.perfcollector <> - DRY_RUN: "reg_type       = 1	event_id       = 11	reg_id         = 18c	reg_value      = 5302c0"
366 [23076477593280] INFO perfrun.perfcollector <> - Event selector: group_id: 0, reg_type: 1, event_id: 11, reg_id: 18c, reg_value: 5302c0, pmu_name: cpu
366 [23076477593280] INFO perfrun.perfcollector <> - DRY_RUN: "reg_type       = 1	event_id       = 12	reg_id         = 18d	reg_value      = 5302c2"
366 [23076477593280] INFO perfrun.perfcollector <> - Event selector: group_id: 0, reg_type: 1, event_id: 12, reg_id: 18d, reg_value: 5302c2, pmu_name: cpu
366 [23076477593280] INFO perfrun.perfcollector <> - DRY_RUN: "ESCR"
366 [23076477593280] INFO perfrun.perfcollector <> - DRY_RUN: "reg_type       = 2	event_id       = g	reg_id         = 1c8	reg_value      = 0"
366 [23076477593280] INFO perfrun.perfcollector <> - eventId: g, skip parsing event_id
366 [23076477593280] INFO perfrun.perfcollector <> - DRY_RUN: "DATA"
366 [23076477593280] INFO perfrun.perfcollector <> - DRY_RUN: "reg_type       = 4	event_id       = 2	reg_id         = 309	reg_value      = ffffffdb6100"
366 [23076477593280] INFO perfrun.perfcollector <> - eventId: 2, dataAddr: 309, dataVal: ffffffdb6100
366 [23076477593280] INFO perfrun.perfcollector <> - DRY_RUN: "reg_type       = 4	event_id       = 0	reg_id         = 30a	reg_value      = ffffffe17b7d"
366 [23076477593280] INFO perfrun.perfcollector <> - eventId: 0, dataAddr: 30a, dataVal: ffffffe17b7d
366 [23076477593280] INFO perfrun.perfcollector <> - DRY_RUN: "reg_type       = 4	event_id       = 1	reg_id         = 30b	reg_value      = ffffffdb6100"
366 [23076477593280] INFO perfrun.perfcollector <> - eventId: 1, dataAddr: 30b, dataVal: ffffffdb6100
366 [23076477593280] INFO perfrun.perfcollector <> - DRY_RUN: "reg_type       = 4	event_id       = 5	reg_id         = c1	reg_value      = ffffffe17b7d"
366 [23076477593280] INFO perfrun.perfcollector <> - eventId: 5, dataAddr: c1, dataVal: ffffffe17b7d
366 [23076477593280] INFO perfrun.perfcollector <> - DRY_RUN: "reg_type       = 4	event_id       = 6	reg_id         = c2	reg_value      = ffffffe17b7d"
366 [23076477593280] INFO perfrun.perfcollector <> - eventId: 6, dataAddr: c2, dataVal: ffffffe17b7d
366 [23076477593280] INFO perfrun.perfcollector <> - DRY_RUN: "reg_type       = 4	event_id       = 7	reg_id         = c3	reg_value      = ffffffe17b7d"
366 [23076477593280] INFO perfrun.perfcollector <> - eventId: 7, dataAddr: c3, dataVal: ffffffe17b7d
366 [23076477593280] INFO perfrun.perfcollector <> - DRY_RUN: "reg_type       = 4	event_id       = 8	reg_id         = c4	reg_value      = ffffffe17b7d"
366 [23076477593280] INFO perfrun.perfcollector <> - eventId: 8, dataAddr: c4, dataVal: ffffffe17b7d
366 [23076477593280] INFO perfrun.perfcollector <> - DRY_RUN: "reg_type       = 4	event_id       = 3	reg_id         = c5	reg_value      = fffffffe795d"
366 [23076477593280] INFO perfrun.perfcollector <> - eventId: 3, dataAddr: c5, dataVal: fffffffe795d
366 [23076477593280] INFO perfrun.perfcollector <> - DRY_RUN: "reg_type       = 4	event_id       = 4	reg_id         = c6	reg_value      = fffffffe795d"
366 [23076477593280] INFO perfrun.perfcollector <> - eventId: 4, dataAddr: c6, dataVal: fffffffe795d
366 [23076477593280] INFO perfrun.perfcollector <> - DRY_RUN: "reg_type       = 4	event_id       = 11	reg_id         = c7	reg_value      = ffffffe17b7d"
366 [23076477593280] INFO perfrun.perfcollector <> - eventId: 11, dataAddr: c7, dataVal: ffffffe17b7d
366 [23076477593280] INFO perfrun.perfcollector <> - DRY_RUN: "reg_type       = 4	event_id       = 12	reg_id         = c8	reg_value      = ffffffe17b7d"
366 [23076477593280] INFO perfrun.perfcollector <> - eventId: 12, dataAddr: c8, dataVal: ffffffe17b7d
366 [23076477593280] INFO perfrun.perfcollector <> - DRY_RUN: "Group 1:"
366 [23076477593280] INFO perfrun.perfcollector <> - id: 1
366 [23076477593280] INFO perfrun.perfcollector <> - DRY_RUN: "INST_RETIRED.ANY: event id 2"
366 [23076477593280] INFO perfrun.perfcollector <> - eventName: INST_RETIRED.ANY, eventId: 2
366 [23076477593280] INFO perfrun.perfcollector <> - DRY_RUN: "CPU_CLK_UNHALTED.THREAD: event id 0"
366 [23076477593280] INFO perfrun.perfcollector <> - eventName: CPU_CLK_UNHALTED.THREAD, eventId: 0
366 [23076477593280] INFO perfrun.perfcollector <> - DRY_RUN: "CPU_CLK_UNHALTED.REF_TSC: event id 1"
366 [23076477593280] INFO perfrun.perfcollector <> - eventName: CPU_CLK_UNHALTED.REF_TSC, eventId: 1
366 [23076477593280] INFO perfrun.perfcollector <> - DRY_RUN: "FP_ARITH_INST_RETIRED.128B_PACKED_DOUBLE: event id 9"
366 [23076477593280] INFO perfrun.perfcollector <> - eventName: FP_ARITH_INST_RETIRED.128B_PACKED_DOUBLE, eventId: 9
366 [23076477593280] INFO perfrun.perfcollector <> - DRY_RUN: "FP_ARITH_INST_RETIRED.256B_PACKED_DOUBLE: event id 10"
366 [23076477593280] INFO perfrun.perfcollector <> - eventName: FP_ARITH_INST_RETIRED.256B_PACKED_DOUBLE, eventId: 10
366 [23076477593280] INFO perfrun.perfcollector <> - DRY_RUN: "CCCR"
366 [23076477593280] INFO perfrun.perfcollector <> - DRY_RUN: "reg_type       = 1	event_id       = g	reg_id         = 38f	reg_value      = 700000003"
366 [23076477593280] INFO perfrun.perfcollector <> - eventId: g, skip parsing event_id
366 [23076477593280] INFO perfrun.perfcollector <> - Register was ignored: group_id: 1, reg_type: 1, event_id: 4294967295, reg_id: 38f, reg_value: 700000003, pmu_name: cpu
366 [23076477593280] INFO perfrun.perfcollector <> - DRY_RUN: "reg_type       = 1	event_id       = g	reg_id         = 390	reg_value      = 700000003"
366 [23076477593280] INFO perfrun.perfcollector <> - eventId: g, skip parsing event_id
366 [23076477593280] INFO perfrun.perfcollector <> - Register was ignored: group_id: 1, reg_type: 1, event_id: 4294967295, reg_id: 390, reg_value: 700000003, pmu_name: cpu
366 [23076477593280] INFO perfrun.perfcollector <> - DRY_RUN: "reg_type       = 1	event_id       = g	reg_id         = 3f1	reg_value      = 0"
366 [23076477593280] INFO perfrun.perfcollector <> - eventId: g, skip parsing event_id
366 [23076477593280] INFO perfrun.perfcollector <> - Register was ignored: group_id: 1, reg_type: 1, event_id: 4294967295, reg_id: 3f1, reg_value: 0, pmu_name: cpu
366 [23076477593280] INFO perfrun.perfcollector <> - DRY_RUN: "reg_type       = 1	event_id       = g	reg_id         = 1d9	reg_value      = 1800"
366 [23076477593280] INFO perfrun.perfcollector <> - eventId: g, skip parsing event_id
366 [23076477593280] INFO perfrun.perfcollector <> - Register was ignored: group_id: 1, reg_type: 1, event_id: 4294967295, reg_id: 1d9, reg_value: 1800, pmu_name: cpu
366 [23076477593280] INFO perfrun.perfcollector <> - DRY_RUN: "reg_type       = 1	event_id       = g	reg_id         = 38d	reg_value      = bbb"
366 [23076477593280] INFO perfrun.perfcollector <> - eventId: g, skip parsing event_id
366 [23076477593280] INFO perfrun.perfcollector <> - Register was ignored: group_id: 1, reg_type: 1, event_id: 4294967295, reg_id: 38d, reg_value: bbb, pmu_name: cpu
366 [23076477593280] INFO perfrun.perfcollector <> - DRY_RUN: "reg_type       = 1	event_id       = 9	reg_id         = 186	reg_value      = 5304c7"
366 [23076477593280] INFO perfrun.perfcollector <> - Event selector: group_id: 1, reg_type: 1, event_id: 9, reg_id: 186, reg_value: 5304c7, pmu_name: cpu
366 [23076477593280] INFO perfrun.perfcollector <> - DRY_RUN: "reg_type       = 1	event_id       = 10	reg_id         = 187	reg_value      = 5310c7"
366 [23076477593280] INFO perfrun.perfcollector <> - Event selector: group_id: 1, reg_type: 1, event_id: 10, reg_id: 187, reg_value: 5310c7, pmu_name: cpu
366 [23076477593280] INFO perfrun.perfcollector <> - DRY_RUN: "ESCR"
366 [23076477593280] INFO perfrun.perfcollector <> - DRY_RUN: "reg_type       = 2	event_id       = g	reg_id         = 1c8	reg_value      = 0"
366 [23076477593280] INFO perfrun.perfcollector <> - eventId: g, skip parsing event_id
366 [23076477593280] INFO perfrun.perfcollector <> - DRY_RUN: "DATA"
366 [23076477593280] INFO perfrun.perfcollector <> - DRY_RUN: "reg_type       = 4	event_id       = 2	reg_id         = 309	reg_value      = ffffffdb6100"
366 [23076477593280] INFO perfrun.perfcollector <> - eventId: 2, dataAddr: 309, dataVal: ffffffdb6100
366 [23076477593280] INFO perfrun.perfcollector <> - DRY_RUN: "reg_type       = 4	event_id       = 0	reg_id         = 30a	reg_value      = ffffffe17b7d"
366 [23076477593280] INFO perfrun.perfcollector <> - eventId: 0, dataAddr: 30a, dataVal: ffffffe17b7d
366 [23076477593280] INFO perfrun.perfcollector <> - DRY_RUN: "reg_type       = 4	event_id       = 1	reg_id         = 30b	reg_value      = ffffffdb6100"
366 [23076477593280] INFO perfrun.perfcollector <> - eventId: 1, dataAddr: 30b, dataVal: ffffffdb6100
366 [23076477593280] INFO perfrun.perfcollector <> - DRY_RUN: "reg_type       = 4	event_id       = 9	reg_id         = c1	reg_value      = ffffffe17b7d"
367 [23076477593280] INFO perfrun.perfcollector <> - eventId: 9, dataAddr: c1, dataVal: ffffffe17b7d
367 [23076477593280] INFO perfrun.perfcollector <> - DRY_RUN: "reg_type       = 4	event_id       = 10	reg_id         = c2	reg_value      = ffffffe17b7d"
367 [23076477593280] INFO perfrun.perfcollector <> - eventId: 10, dataAddr: c2, dataVal: ffffffe17b7d
367 [23076477593280] INFO perfrun.perfcollector <> - event name: CPU_CLK_UNHALTED.THREAD
367 [23076477593280] INFO perfrun.perfcollector <> - pmu config: cpu
367 [23076477593280] INFO perfrun.perfcollector <> - cccrAddr: ffffffff, cccrValue: 0
367 [23076477593280] INFO perfrun.perfcollector <> - dataAddr: 30a, dataValue: ffffffffffe17b7d
367 [23076477593280] INFO perfrun.perfcollector <> - escrAddr: ffffffff, escrValue: 0
367 [23076477593280] INFO perfrun.perfcollector <> - extendedPebsValue: 0
367 [23076477593280] INFO perfrun.perfcollector <> - adaptivePebsAvailable: 0
367 [23076477593280] INFO perfrun.perfcollector <> - config: event: 3c
367 [23076477593280] INFO perfrun.perfcollector <> - config: pc: 0
367 [23076477593280] INFO perfrun.perfcollector <> - config: in_tx: 0
367 [23076477593280] INFO perfrun.perfcollector <> - config: edge: 0
367 [23076477593280] INFO perfrun.perfcollector <> - config: any: 0
367 [23076477593280] INFO perfrun.perfcollector <> - config1: offcore_rsp: 0
367 [23076477593280] INFO perfrun.perfcollector <> - config: in_tx_cp: 0
367 [23076477593280] INFO perfrun.perfcollector <> - config1: ldlat: 0
367 [23076477593280] INFO perfrun.perfcollector <> - config: inv: 0
367 [23076477593280] INFO perfrun.perfcollector <> - config: umask: 0
367 [23076477593280] INFO perfrun.perfcollector <> - config: cmask: 0
367 [23076477593280] INFO perfrun.perfcollector <> - format: cpu/event=0x3c,name='CPU_CLK_UNHALTED.THREAD'/D
367 [23076477593280] INFO perfrun.perfcollector <> - event name: CPU_CLK_UNHALTED.REF_TSC
367 [23076477593280] INFO perfrun.perfcollector <> - pmu config: cpu
367 [23076477593280] INFO perfrun.perfcollector <> - cccrAddr: ffffffff, cccrValue: 0
367 [23076477593280] INFO perfrun.perfcollector <> - dataAddr: 30b, dataValue: ffffffffffdb6100
367 [23076477593280] INFO perfrun.perfcollector <> - escrAddr: ffffffff, escrValue: 0
367 [23076477593280] INFO perfrun.perfcollector <> - extendedPebsValue: 0
367 [23076477593280] INFO perfrun.perfcollector <> - adaptivePebsAvailable: 0
367 [23076477593280] INFO perfrun.perfcollector <> - config: event: 0
367 [23076477593280] INFO perfrun.perfcollector <> - config: pc: 0
367 [23076477593280] INFO perfrun.perfcollector <> - config: in_tx: 0
367 [23076477593280] INFO perfrun.perfcollector <> - config: edge: 0
367 [23076477593280] INFO perfrun.perfcollector <> - config: any: 0
367 [23076477593280] INFO perfrun.perfcollector <> - config1: offcore_rsp: 0
367 [23076477593280] INFO perfrun.perfcollector <> - config: in_tx_cp: 0
367 [23076477593280] INFO perfrun.perfcollector <> - config1: ldlat: 0
367 [23076477593280] INFO perfrun.perfcollector <> - config: inv: 0
367 [23076477593280] INFO perfrun.perfcollector <> - config: umask: 3
367 [23076477593280] INFO perfrun.perfcollector <> - config: cmask: 0
367 [23076477593280] INFO perfrun.perfcollector <> - format: cpu/umask=0x3,name='CPU_CLK_UNHALTED.REF_TSC'/D
367 [23076477593280] INFO perfrun.perfcollector <> - event name: INST_RETIRED.ANY
367 [23076477593280] INFO perfrun.perfcollector <> - pmu config: cpu
367 [23076477593280] INFO perfrun.perfcollector <> - cccrAddr: ffffffff, cccrValue: 0
367 [23076477593280] INFO perfrun.perfcollector <> - dataAddr: 309, dataValue: ffffffffffdb6100
367 [23076477593280] INFO perfrun.perfcollector <> - escrAddr: ffffffff, escrValue: 0
367 [23076477593280] INFO perfrun.perfcollector <> - extendedPebsValue: 0
367 [23076477593280] INFO perfrun.perfcollector <> - adaptivePebsAvailable: 0
367 [23076477593280] INFO perfrun.perfcollector <> - config: event: c0
367 [23076477593280] INFO perfrun.perfcollector <> - config: pc: 0
367 [23076477593280] INFO perfrun.perfcollector <> - config: in_tx: 0
367 [23076477593280] INFO perfrun.perfcollector <> - config: edge: 0
367 [23076477593280] INFO perfrun.perfcollector <> - config: any: 0
367 [23076477593280] INFO perfrun.perfcollector <> - config1: offcore_rsp: 0
367 [23076477593280] INFO perfrun.perfcollector <> - config: in_tx_cp: 0
367 [23076477593280] INFO perfrun.perfcollector <> - config1: ldlat: 0
367 [23076477593280] INFO perfrun.perfcollector <> - config: inv: 0
367 [23076477593280] INFO perfrun.perfcollector <> - config: umask: 0
367 [23076477593280] INFO perfrun.perfcollector <> - config: cmask: 0
367 [23076477593280] INFO perfrun.perfcollector <> - format: cpu/event=0xc0,name='INST_RETIRED.ANY'/D
367 [23076477593280] INFO perfrun.perfcollector <> - event name: CPU_CLK_UNHALTED.REF_XCLK
367 [23076477593280] INFO perfrun.perfcollector <> - pmu config: cpu
367 [23076477593280] INFO perfrun.perfcollector <> - cccrAddr: 18a, cccrValue: 53013c
367 [23076477593280] INFO perfrun.perfcollector <> - dataAddr: c5, dataValue: fffffffffffe795d
367 [23076477593280] INFO perfrun.perfcollector <> - escrAddr: ffffffff, escrValue: 0
367 [23076477593280] INFO perfrun.perfcollector <> - extendedPebsValue: 0
367 [23076477593280] INFO perfrun.perfcollector <> - adaptivePebsAvailable: 0
367 [23076477593280] INFO perfrun.perfcollector <> - config: event: 3c
367 [23076477593280] INFO perfrun.perfcollector <> - config: pc: 0
367 [23076477593280] INFO perfrun.perfcollector <> - config: in_tx: 0
367 [23076477593280] INFO perfrun.perfcollector <> - config: edge: 0
367 [23076477593280] INFO perfrun.perfcollector <> - config: any: 0
367 [23076477593280] INFO perfrun.perfcollector <> - config1: offcore_rsp: 0
367 [23076477593280] INFO perfrun.perfcollector <> - config: in_tx_cp: 0
367 [23076477593280] INFO perfrun.perfcollector <> - config1: ldlat: 0
367 [23076477593280] INFO perfrun.perfcollector <> - config: inv: 0
367 [23076477593280] INFO perfrun.perfcollector <> - config: umask: 1
367 [23076477593280] INFO perfrun.perfcollector <> - config: cmask: 0
367 [23076477593280] INFO perfrun.perfcollector <> - format: cpu/event=0x3c,umask=0x1,name='CPU_CLK_UNHALTED.REF_XCLK'/
367 [23076477593280] INFO perfrun.perfcollector <> - event name: CPU_CLK_UNHALTED.ONE_THREAD_ACTIVE
367 [23076477593280] INFO perfrun.perfcollector <> - pmu config: cpu
367 [23076477593280] INFO perfrun.perfcollector <> - cccrAddr: 18b, cccrValue: 53023c
367 [23076477593280] INFO perfrun.perfcollector <> - dataAddr: c6, dataValue: fffffffffffe795d
367 [23076477593280] INFO perfrun.perfcollector <> - escrAddr: ffffffff, escrValue: 0
367 [23076477593280] INFO perfrun.perfcollector <> - extendedPebsValue: 0
367 [23076477593280] INFO perfrun.perfcollector <> - adaptivePebsAvailable: 0
367 [23076477593280] INFO perfrun.perfcollector <> - config: event: 3c
367 [23076477593280] INFO perfrun.perfcollector <> - config: pc: 0
367 [23076477593280] INFO perfrun.perfcollector <> - config: in_tx: 0
367 [23076477593280] INFO perfrun.perfcollector <> - config: edge: 0
367 [23076477593280] INFO perfrun.perfcollector <> - config: any: 0
367 [23076477593280] INFO perfrun.perfcollector <> - config1: offcore_rsp: 0
367 [23076477593280] INFO perfrun.perfcollector <> - config: in_tx_cp: 0
367 [23076477593280] INFO perfrun.perfcollector <> - config1: ldlat: 0
367 [23076477593280] INFO perfrun.perfcollector <> - config: inv: 0
367 [23076477593280] INFO perfrun.perfcollector <> - config: umask: 2
367 [23076477593280] INFO perfrun.perfcollector <> - config: cmask: 0
367 [23076477593280] INFO perfrun.perfcollector <> - format: cpu/event=0x3c,umask=0x2,name='CPU_CLK_UNHALTED.ONE_THREAD_ACTIVE'/
367 [23076477593280] INFO perfrun.perfcollector <> - event name: FP_ARITH_INST_RETIRED.SCALAR_SINGLE
367 [23076477593280] INFO perfrun.perfcollector <> - pmu config: cpu
367 [23076477593280] INFO perfrun.perfcollector <> - cccrAddr: 186, cccrValue: 5302c7
367 [23076477593280] INFO perfrun.perfcollector <> - dataAddr: c1, dataValue: ffffffffffe17b7d
367 [23076477593280] INFO perfrun.perfcollector <> - escrAddr: ffffffff, escrValue: 0
367 [23076477593280] INFO perfrun.perfcollector <> - extendedPebsValue: 0
367 [23076477593280] INFO perfrun.perfcollector <> - adaptivePebsAvailable: 0
367 [23076477593280] INFO perfrun.perfcollector <> - config: event: c7
367 [23076477593280] INFO perfrun.perfcollector <> - config: pc: 0
367 [23076477593280] INFO perfrun.perfcollector <> - config: in_tx: 0
367 [23076477593280] INFO perfrun.perfcollector <> - config: edge: 0
367 [23076477593280] INFO perfrun.perfcollector <> - config: any: 0
367 [23076477593280] INFO perfrun.perfcollector <> - config1: offcore_rsp: 0
367 [23076477593280] INFO perfrun.perfcollector <> - config: in_tx_cp: 0
367 [23076477593280] INFO perfrun.perfcollector <> - config1: ldlat: 0
367 [23076477593280] INFO perfrun.perfcollector <> - config: inv: 0
367 [23076477593280] INFO perfrun.perfcollector <> - config: umask: 2
367 [23076477593280] INFO perfrun.perfcollector <> - config: cmask: 0
367 [23076477593280] INFO perfrun.perfcollector <> - format: cpu/event=0xc7,umask=0x2,name='FP_ARITH_INST_RETIRED.SCALAR_SINGLE'/
367 [23076477593280] INFO perfrun.perfcollector <> - event name: FP_ARITH_INST_RETIRED.128B_PACKED_SINGLE
367 [23076477593280] INFO perfrun.perfcollector <> - pmu config: cpu
367 [23076477593280] INFO perfrun.perfcollector <> - cccrAddr: 187, cccrValue: 5308c7
367 [23076477593280] INFO perfrun.perfcollector <> - dataAddr: c2, dataValue: ffffffffffe17b7d
367 [23076477593280] INFO perfrun.perfcollector <> - escrAddr: ffffffff, escrValue: 0
367 [23076477593280] INFO perfrun.perfcollector <> - extendedPebsValue: 0
367 [23076477593280] INFO perfrun.perfcollector <> - adaptivePebsAvailable: 0
367 [23076477593280] INFO perfrun.perfcollector <> - config: event: c7
367 [23076477593280] INFO perfrun.perfcollector <> - config: pc: 0
367 [23076477593280] INFO perfrun.perfcollector <> - config: in_tx: 0
367 [23076477593280] INFO perfrun.perfcollector <> - config: edge: 0
367 [23076477593280] INFO perfrun.perfcollector <> - config: any: 0
367 [23076477593280] INFO perfrun.perfcollector <> - config1: offcore_rsp: 0
367 [23076477593280] INFO perfrun.perfcollector <> - config: in_tx_cp: 0
367 [23076477593280] INFO perfrun.perfcollector <> - config1: ldlat: 0
367 [23076477593280] INFO perfrun.perfcollector <> - config: inv: 0
367 [23076477593280] INFO perfrun.perfcollector <> - config: umask: 8
367 [23076477593280] INFO perfrun.perfcollector <> - config: cmask: 0
367 [23076477593280] INFO perfrun.perfcollector <> - format: cpu/event=0xc7,umask=0x8,name='FP_ARITH_INST_RETIRED.128B_PACKED_SINGLE'/
367 [23076477593280] INFO perfrun.perfcollector <> - event name: FP_ARITH_INST_RETIRED.256B_PACKED_SINGLE
367 [23076477593280] INFO perfrun.perfcollector <> - pmu config: cpu
367 [23076477593280] INFO perfrun.perfcollector <> - cccrAddr: 188, cccrValue: 5320c7
367 [23076477593280] INFO perfrun.perfcollector <> - dataAddr: c3, dataValue: ffffffffffe17b7d
367 [23076477593280] INFO perfrun.perfcollector <> - escrAddr: ffffffff, escrValue: 0
367 [23076477593280] INFO perfrun.perfcollector <> - extendedPebsValue: 0
367 [23076477593280] INFO perfrun.perfcollector <> - adaptivePebsAvailable: 0
367 [23076477593280] INFO perfrun.perfcollector <> - config: event: c7
367 [23076477593280] INFO perfrun.perfcollector <> - config: pc: 0
367 [23076477593280] INFO perfrun.perfcollector <> - config: in_tx: 0
367 [23076477593280] INFO perfrun.perfcollector <> - config: edge: 0
367 [23076477593280] INFO perfrun.perfcollector <> - config: any: 0
367 [23076477593280] INFO perfrun.perfcollector <> - config1: offcore_rsp: 0
367 [23076477593280] INFO perfrun.perfcollector <> - config: in_tx_cp: 0
367 [23076477593280] INFO perfrun.perfcollector <> - config1: ldlat: 0
367 [23076477593280] INFO perfrun.perfcollector <> - config: inv: 0
367 [23076477593280] INFO perfrun.perfcollector <> - config: umask: 20
367 [23076477593280] INFO perfrun.perfcollector <> - config: cmask: 0
367 [23076477593280] INFO perfrun.perfcollector <> - format: cpu/event=0xc7,umask=0x20,name='FP_ARITH_INST_RETIRED.256B_PACKED_SINGLE'/
367 [23076477593280] INFO perfrun.perfcollector <> - event name: FP_ARITH_INST_RETIRED.SCALAR_DOUBLE
367 [23076477593280] INFO perfrun.perfcollector <> - pmu config: cpu
367 [23076477593280] INFO perfrun.perfcollector <> - cccrAddr: 189, cccrValue: 5301c7
367 [23076477593280] INFO perfrun.perfcollector <> - dataAddr: c4, dataValue: ffffffffffe17b7d
367 [23076477593280] INFO perfrun.perfcollector <> - escrAddr: ffffffff, escrValue: 0
367 [23076477593280] INFO perfrun.perfcollector <> - extendedPebsValue: 0
367 [23076477593280] INFO perfrun.perfcollector <> - adaptivePebsAvailable: 0
367 [23076477593280] INFO perfrun.perfcollector <> - config: event: c7
367 [23076477593280] INFO perfrun.perfcollector <> - config: pc: 0
367 [23076477593280] INFO perfrun.perfcollector <> - config: in_tx: 0
367 [23076477593280] INFO perfrun.perfcollector <> - config: edge: 0
367 [23076477593280] INFO perfrun.perfcollector <> - config: any: 0
367 [23076477593280] INFO perfrun.perfcollector <> - config1: offcore_rsp: 0
367 [23076477593280] INFO perfrun.perfcollector <> - config: in_tx_cp: 0
367 [23076477593280] INFO perfrun.perfcollector <> - config1: ldlat: 0
367 [23076477593280] INFO perfrun.perfcollector <> - config: inv: 0
367 [23076477593280] INFO perfrun.perfcollector <> - config: umask: 1
367 [23076477593280] INFO perfrun.perfcollector <> - config: cmask: 0
367 [23076477593280] INFO perfrun.perfcollector <> - format: cpu/event=0xc7,umask=0x1,name='FP_ARITH_INST_RETIRED.SCALAR_DOUBLE'/
367 [23076477593280] INFO perfrun.perfcollector <> - event name: FP_ARITH_INST_RETIRED.128B_PACKED_DOUBLE
367 [23076477593280] INFO perfrun.perfcollector <> - pmu config: cpu
367 [23076477593280] INFO perfrun.perfcollector <> - cccrAddr: 186, cccrValue: 5304c7
367 [23076477593280] INFO perfrun.perfcollector <> - dataAddr: c1, dataValue: ffffffffffe17b7d
367 [23076477593280] INFO perfrun.perfcollector <> - escrAddr: ffffffff, escrValue: 0
367 [23076477593280] INFO perfrun.perfcollector <> - extendedPebsValue: 0
367 [23076477593280] INFO perfrun.perfcollector <> - adaptivePebsAvailable: 0
367 [23076477593280] INFO perfrun.perfcollector <> - config: event: c7
367 [23076477593280] INFO perfrun.perfcollector <> - config: pc: 0
367 [23076477593280] INFO perfrun.perfcollector <> - config: in_tx: 0
367 [23076477593280] INFO perfrun.perfcollector <> - config: edge: 0
367 [23076477593280] INFO perfrun.perfcollector <> - config: any: 0
367 [23076477593280] INFO perfrun.perfcollector <> - config1: offcore_rsp: 0
367 [23076477593280] INFO perfrun.perfcollector <> - config: in_tx_cp: 0
367 [23076477593280] INFO perfrun.perfcollector <> - config1: ldlat: 0
367 [23076477593280] INFO perfrun.perfcollector <> - config: inv: 0
367 [23076477593280] INFO perfrun.perfcollector <> - config: umask: 4
367 [23076477593280] INFO perfrun.perfcollector <> - config: cmask: 0
367 [23076477593280] INFO perfrun.perfcollector <> - format: cpu/event=0xc7,umask=0x4,name='FP_ARITH_INST_RETIRED.128B_PACKED_DOUBLE'/
367 [23076477593280] INFO perfrun.perfcollector <> - event name: FP_ARITH_INST_RETIRED.256B_PACKED_DOUBLE
367 [23076477593280] INFO perfrun.perfcollector <> - pmu config: cpu
367 [23076477593280] INFO perfrun.perfcollector <> - cccrAddr: 187, cccrValue: 5310c7
367 [23076477593280] INFO perfrun.perfcollector <> - dataAddr: c2, dataValue: ffffffffffe17b7d
367 [23076477593280] INFO perfrun.perfcollector <> - escrAddr: ffffffff, escrValue: 0
367 [23076477593280] INFO perfrun.perfcollector <> - extendedPebsValue: 0
367 [23076477593280] INFO perfrun.perfcollector <> - adaptivePebsAvailable: 0
367 [23076477593280] INFO perfrun.perfcollector <> - config: event: c7
367 [23076477593280] INFO perfrun.perfcollector <> - config: pc: 0
367 [23076477593280] INFO perfrun.perfcollector <> - config: in_tx: 0
367 [23076477593280] INFO perfrun.perfcollector <> - config: edge: 0
367 [23076477593280] INFO perfrun.perfcollector <> - config: any: 0
367 [23076477593280] INFO perfrun.perfcollector <> - config1: offcore_rsp: 0
367 [23076477593280] INFO perfrun.perfcollector <> - config: in_tx_cp: 0
367 [23076477593280] INFO perfrun.perfcollector <> - config1: ldlat: 0
367 [23076477593280] INFO perfrun.perfcollector <> - config: inv: 0
367 [23076477593280] INFO perfrun.perfcollector <> - config: umask: 10
367 [23076477593280] INFO perfrun.perfcollector <> - config: cmask: 0
367 [23076477593280] INFO perfrun.perfcollector <> - format: cpu/event=0xc7,umask=0x10,name='FP_ARITH_INST_RETIRED.256B_PACKED_DOUBLE'/
367 [23076477593280] INFO perfrun.perfcollector <> - event name: INST_RETIRED.X87
367 [23076477593280] INFO perfrun.perfcollector <> - pmu config: cpu
367 [23076477593280] INFO perfrun.perfcollector <> - cccrAddr: 18c, cccrValue: 5302c0
367 [23076477593280] INFO perfrun.perfcollector <> - dataAddr: c7, dataValue: ffffffffffe17b7d
367 [23076477593280] INFO perfrun.perfcollector <> - escrAddr: ffffffff, escrValue: 0
367 [23076477593280] INFO perfrun.perfcollector <> - extendedPebsValue: 0
367 [23076477593280] INFO perfrun.perfcollector <> - adaptivePebsAvailable: 0
367 [23076477593280] INFO perfrun.perfcollector <> - config: event: c0
367 [23076477593280] INFO perfrun.perfcollector <> - config: pc: 0
367 [23076477593280] INFO perfrun.perfcollector <> - config: in_tx: 0
367 [23076477593280] INFO perfrun.perfcollector <> - config: edge: 0
367 [23076477593280] INFO perfrun.perfcollector <> - config: any: 0
367 [23076477593280] INFO perfrun.perfcollector <> - config1: offcore_rsp: 0
367 [23076477593280] INFO perfrun.perfcollector <> - config: in_tx_cp: 0
367 [23076477593280] INFO perfrun.perfcollector <> - config1: ldlat: 0
367 [23076477593280] INFO perfrun.perfcollector <> - config: inv: 0
367 [23076477593280] INFO perfrun.perfcollector <> - config: umask: 2
367 [23076477593280] INFO perfrun.perfcollector <> - config: cmask: 0
367 [23076477593280] INFO perfrun.perfcollector <> - format: cpu/event=0xc0,umask=0x2,name='INST_RETIRED.X87'/
367 [23076477593280] INFO perfrun.perfcollector <> - event name: UOPS_RETIRED.RETIRE_SLOTS
367 [23076477593280] INFO perfrun.perfcollector <> - pmu config: cpu
367 [23076477593280] INFO perfrun.perfcollector <> - cccrAddr: 18d, cccrValue: 5302c2
367 [23076477593280] INFO perfrun.perfcollector <> - dataAddr: c8, dataValue: ffffffffffe17b7d
367 [23076477593280] INFO perfrun.perfcollector <> - escrAddr: ffffffff, escrValue: 0
367 [23076477593280] INFO perfrun.perfcollector <> - extendedPebsValue: 0
367 [23076477593280] INFO perfrun.perfcollector <> - adaptivePebsAvailable: 0
367 [23076477593280] INFO perfrun.perfcollector <> - config: event: c2
367 [23076477593280] INFO perfrun.perfcollector <> - config: pc: 0
367 [23076477593280] INFO perfrun.perfcollector <> - config: in_tx: 0
367 [23076477593280] INFO perfrun.perfcollector <> - config: edge: 0
367 [23076477593280] INFO perfrun.perfcollector <> - config: any: 0
367 [23076477593280] INFO perfrun.perfcollector <> - config1: offcore_rsp: 0
367 [23076477593280] INFO perfrun.perfcollector <> - config: in_tx_cp: 0
367 [23076477593280] INFO perfrun.perfcollector <> - config1: ldlat: 0
367 [23076477593280] INFO perfrun.perfcollector <> - config: inv: 0
367 [23076477593280] INFO perfrun.perfcollector <> - config: umask: 2
367 [23076477593280] INFO perfrun.perfcollector <> - config: cmask: 0
367 [23076477593280] INFO perfrun.perfcollector <> - format: cpu/event=0xc2,umask=0x2,name='UOPS_RETIRED.RETIRE_SLOTS'/
367 [23076477593280] INFO perfrun.perfcollector <> - event: cpu/event=0x3c,name='CPU_CLK_UNHALTED.THREAD'/Duk, added for counting
367 [23076477593280] INFO perfrun.perfcollector <> - event: cpu/umask=0x3,name='CPU_CLK_UNHALTED.REF_TSC'/Duk, added for counting
367 [23076477593280] INFO perfrun.perfcollector <> - event: cpu/event=0xc0,name='INST_RETIRED.ANY'/Duk, added for counting
367 [23076477593280] INFO perfrun.perfcollector <> - event: cpu/event=0x3c,umask=0x1,name='CPU_CLK_UNHALTED.REF_XCLK'/uk, added for counting
367 [23076477593280] INFO perfrun.perfcollector <> - event: cpu/event=0x3c,umask=0x2,name='CPU_CLK_UNHALTED.ONE_THREAD_ACTIVE'/uk, added for counting
367 [23076477593280] INFO perfrun.perfcollector <> - event: cpu/event=0xc7,umask=0x2,name='FP_ARITH_INST_RETIRED.SCALAR_SINGLE'/uk, added for counting
367 [23076477593280] INFO perfrun.perfcollector <> - event: cpu/event=0xc7,umask=0x8,name='FP_ARITH_INST_RETIRED.128B_PACKED_SINGLE'/uk, added for counting
367 [23076477593280] INFO perfrun.perfcollector <> - event: cpu/event=0xc7,umask=0x20,name='FP_ARITH_INST_RETIRED.256B_PACKED_SINGLE'/uk, added for counting
367 [23076477593280] INFO perfrun.perfcollector <> - event: cpu/event=0xc7,umask=0x1,name='FP_ARITH_INST_RETIRED.SCALAR_DOUBLE'/uk, added for counting
367 [23076477593280] INFO perfrun.perfcollector <> - event: cpu/event=0xc7,umask=0x4,name='FP_ARITH_INST_RETIRED.128B_PACKED_DOUBLE'/uk, added for counting
367 [23076477593280] INFO perfrun.perfcollector <> - event: cpu/event=0xc7,umask=0x10,name='FP_ARITH_INST_RETIRED.256B_PACKED_DOUBLE'/uk, added for counting
367 [23076477593280] INFO perfrun.perfcollector <> - event: cpu/event=0xc0,umask=0x2,name='INST_RETIRED.X87'/uk, added for counting
367 [23076477593280] INFO perfrun.perfcollector <> - event: cpu/event=0xc2,umask=0x2,name='UOPS_RETIRED.RETIRE_SLOTS'/uk, added for counting
367 [23076477593280] INFO perfrun.perfcollector <> - attaching to pid: 4294967295, collect mode: 1, rc modes: 3
383 [23076466546368] WARN perfrun.perfcollector <> - Perf stat trace pipe capacity: read = 1048576, write = 1048576, at file: vcs/perfrun1/plugins/perfcollector/src/profiler.cpp:765
392 [23076466546368] INFO perfrun.sdk <> - runCmd: /opt/intel/oneapi/vtune/2023.1.0/bin64/amplxe-perf stat -v --log-fd 10 --scale -x ; -e cpu/event=0x3c,name='CPU_CLK_UNHALTED.THREAD'/Duk,cpu/umask=0x3,name='CPU_CLK_UNHALTED.REF_TSC'/Duk,cpu/event=0xc0,name='INST_RETIRED.ANY'/Duk,cpu/event=0x3c,umask=0x1,name='CPU_CLK_UNHALTED.REF_XCLK'/uk,cpu/event=0x3c,umask=0x2,name='CPU_CLK_UNHALTED.ONE_THREAD_ACTIVE'/uk,cpu/event=0xc7,umask=0x2,name='FP_ARITH_INST_RETIRED.SCALAR_SINGLE'/uk,cpu/event=0xc7,umask=0x8,name='FP_ARITH_INST_RETIRED.128B_PACKED_SINGLE'/uk,cpu/event=0xc7,umask=0x20,name='FP_ARITH_INST_RETIRED.256B_PACKED_SINGLE'/uk,cpu/event=0xc7,umask=0x1,name='FP_ARITH_INST_RETIRED.SCALAR_DOUBLE'/uk,cpu/event=0xc7,umask=0x4,name='FP_ARITH_INST_RETIRED.128B_PACKED_DOUBLE'/uk,cpu/event=0xc7,umask=0x10,name='FP_ARITH_INST_RETIRED.256B_PACKED_DOUBLE'/uk,cpu/event=0xc0,umask=0x2,name='INST_RETIRED.X87'/uk,cpu/event=0xc2,umask=0x2,name='UOPS_RETIRED.RETIRE_SLOTS'/uk /opt/intel/oneapi/vtune/2023.1.0/bin64/amplxe-perf-sync dryrun sys
393 [23076466546368] INFO perfrun.sdk <> - runCmd started PID 2284420
541 [23076466546368] INFO perfrun.perfcollector <> - Monitor: runCmd RC = true
542 [23076477593280] INFO perfrun.launcher <> - plugin [aoclprofile] was disabled because it doesn't support the given collection type.
542 [23076477593280] INFO perfrun.tpss <> - initialize tpss controller
542 [23076477593280] INFO perfrun.tpss <> - configure collection mode: value = cpu:counters:nostack
543 [23076477593280] INFO perfrun.tpss <> - configure collection mode: value = cpu:stack
543 [23076477593280] INFO perfrun.tpss <> - default obj-size-min=1024
543 [23076477593280] INFO perfrun.tpss <> - default hash-table-size=0
543 [23076477593280] INFO perfrun.launcher <> - plugin [media] was disabled because it doesn't support the given collection type.
543 [23076477593280] INFO perfrun.launcher <> - plugin [] was disabled because it doesn't support the given collection type.
543 [23076477593280] INFO perfrun.launcher <> - plugin [] was disabled because it doesn't support the given collection type.
543 [23076477593280] INFO perfrun.launcher <> - plugin [parallelfs] was disabled because it doesn't support the given collection type.
543 [23076477593280] INFO perfrun.launcher <> - plugin [power] was disabled because it doesn't support the given collection type.
543 [23076477593280] INFO perfrun.launcher <> - plugin [hwloc] was disabled because it doesn't support the given collection type.
543 [23076477593280] INFO perfrun.launcher <> - plugin [ipmwatch] was disabled because it doesn't support the given collection type.
543 [23076477593280] INFO perfrun.launcher <> - plugin [os_counters] was disabled because it doesn't support the given collection type.
543 [23076477593280] INFO perfrun.launcher <> - plugin [l0_metrics] was disabled because it doesn't support the given collection type.
543 [23076620478336] INFO perfrun.launcher <> - set environment variable: LD_LIBRARY_PATH = /opt/intel/oneapi/vtune/2023.1.0/lib32/runtime:/opt/intel/oneapi/vtune/2023.1.0/lib64/runtime:/opt/intel/oneapi/tbb/2021.5.1/env/../lib/intel64/gcc4.8:/opt/intel/oneapi/mpi/2021.5.1//libfabric/lib:/opt/intel/oneapi/mpi/2021.5.1//lib/release:/opt/intel/oneapi/mpi/2021.5.1//lib:/opt/intel/oneapi/mkl/2022.0.2/lib/intel64:/opt/intel/oneapi/itac/2021.5.0/slib:/opt/intel/oneapi/debugger/2021.5.0/gdb/intel64/lib:/opt/intel/oneapi/debugger/2021.5.0/libipt/intel64/lib:/opt/intel/oneapi/debugger/2021.5.0/dep/lib:/opt/intel/oneapi/compiler/2022.0.2/linux/lib:/opt/intel/oneapi/compiler/2022.0.2/linux/lib/x64:/opt/intel/oneapi/compiler/2022.0.2/linux/lib/oclfpga/host/linux64/lib:/opt/intel/oneapi/compiler/2022.0.2/linux/compiler/lib/intel64_lin
543 [23076620478336] INFO perfrun.launcher <> - set environment variable: INTEL_LIBITTNOTIFY32 = /opt/intel/oneapi/vtune/2023.1.0/lib32/runtime/libittnotify_collector.so
543 [23076620478336] INFO perfrun.launcher <> - set environment variable: INTEL_LIBITTNOTIFY64 = /opt/intel/oneapi/vtune/2023.1.0/lib64/runtime/libittnotify_collector.so
543 [23076620478336] INFO perfrun.launcher <> - set environment variable: INTEL_ITTNOTIFY_GROUPS = 
543 [23076620478336] INFO perfrun.launcher <> - set environment variable: INTEL_JIT_PROFILER32 = /opt/intel/oneapi/vtune/2023.1.0/lib32/runtime/libittnotify_collector.so
543 [23076620478336] INFO perfrun.launcher <> - set environment variable: INTEL_JIT_PROFILER64 = /opt/intel/oneapi/vtune/2023.1.0/lib64/runtime/libittnotify_collector.so
543 [23076620478336] INFO perfrun.launcher <> - set environment variable: OMP_TOOL_LIBRARIES = /opt/intel/oneapi/vtune/2023.1.0/lib32/runtime/libittnotify_collector.so:/opt/intel/oneapi/vtune/2023.1.0/lib64/runtime/libittnotify_collector.so
543 [23076620478336] INFO perfrun.launcher <> - set environment variable: ENABLE_JITPROFILING = 1
543 [23076620478336] INFO perfrun.launcher <> - set environment variable: CL_CONFIG_USE_VTUNE = True
543 [23076620478336] INFO perfrun.launcher <> - set environment variable: LD_PRELOAD = libittnotify_collector.so:
543 [23076620478336] INFO perfrun.launcher <> - set environment variable: KMP_FORKJOIN_FRAMES = 0
543 [23076620478336] INFO perfrun.launcher <> - set environment variable: KMP_FORKJOIN_FRAMES_MODE = 0
543 [23076620478336] INFO perfrun.launcher <> - set environment variable: OMP_TOOL = disabled
543 [23076620478336] INFO perfrun.launcher <> - set environment variable: INTEL_MRTE_DATA_DIR = /home/course/hpc/users/2022012388/exp8/result.conv2/data.16
543 [23076620478336] INFO perfrun.launcher <> - set environment variable: INTEL_MRTE_HOST_NAME = conv2
543 [23076620478336] INFO perfrun.launcher <> - set environment variable: JAVA_TOOL_OPTIONS = -agentlib:amplxe_tpssmrte_javaprof_1.0 -Dsun.boot.library.path=/opt/intel/oneapi/vtune/2023.1.0/lib32/runtime:/opt/intel/oneapi/vtune/2023.1.0/lib64/runtime
543 [23076620478336] INFO perfrun.launcher <> - set environment variable: LD_LIBRARY_PATH = /opt/intel/oneapi/vtune/2023.1.0/lib32/runtime:/opt/intel/oneapi/vtune/2023.1.0/lib64/runtime:/opt/intel/oneapi/tbb/2021.5.1/env/../lib/intel64/gcc4.8:/opt/intel/oneapi/mpi/2021.5.1//libfabric/lib:/opt/intel/oneapi/mpi/2021.5.1//lib/release:/opt/intel/oneapi/mpi/2021.5.1//lib:/opt/intel/oneapi/mkl/2022.0.2/lib/intel64:/opt/intel/oneapi/itac/2021.5.0/slib:/opt/intel/oneapi/debugger/2021.5.0/gdb/intel64/lib:/opt/intel/oneapi/debugger/2021.5.0/libipt/intel64/lib:/opt/intel/oneapi/debugger/2021.5.0/dep/lib:/opt/intel/oneapi/compiler/2022.0.2/linux/lib:/opt/intel/oneapi/compiler/2022.0.2/linux/lib/x64:/opt/intel/oneapi/compiler/2022.0.2/linux/lib/oclfpga/host/linux64/lib:/opt/intel/oneapi/compiler/2022.0.2/linux/compiler/lib/intel64_lin
543 [23076620478336] INFO perfrun.launcher <> - set environment variable: CORECLR_ENABLE_PROFILING = 1
544 [23076620478336] INFO perfrun.launcher <> - set environment variable: CORECLR_PROFILER = {AA5E4821-E3B1-479c-B7FF-5AD047D22CED}
544 [23076620478336] INFO perfrun.launcher <> - set environment variable: CORECLR_PROFILER_PATH = /opt/intel/oneapi/vtune/2023.1.0/lib64/libamplxe_samplingmrte_clrprof_1.0.so
544 [23076620478336] INFO perfrun.launcher <> - set environment variable: INTEL_MRTE_PROFILER_MODE = mixed
544 [23076620478336] INFO perfrun.launcher <> - RpcServer: run RPC server to handle requests
544 [23076620478336] INFO perfrun.launcher <> - Launcher: command line to start before modification = ./run.sh 2022012388
544 [23076620478336] INFO perfrun.launcher <> - Launcher: command line to start after modification = /opt/intel/oneapi/vtune/2023.1.0/bin64/pin -error_file /home/course/hpc/users/2022012388/exp8/result.conv2/data.16/pinerr.tpsslog -detach_reattach -follow_execv -tool_load_option deepbind -t64 /opt/intel/oneapi/vtune/2023.1.0/lib64/libtpsstool.so -t /opt/intel/oneapi/vtune/2023.1.0/lib32/libtpsstool.so -server_name tpss_ipc.2284254 -prd_dir /opt/intel/oneapi/vtune/2023.1.0 -- ./run.sh 2022012388
645 [23076620478336] INFO perfrun.launcher <> - ProcessCreator object was created
646 [23076620478336] INFO perfrun.launcher <> - Launcher: the process was started in suspend mode
648 [23076477593280] WARN perfrun.system <> - Could not do anything with /sys/kernel/debug/kvm: boost::filesystem::status: Permission denied: "/sys/kernel/debug/kvm", at file: vcs/perfrun1/plugins/system/src/trace_writer.cpp:787
648 [23076477593280] WARN perfrun.system <> - Folder "/var/run/libvirt/qemu/"doesn't exist, at file: vcs/perfrun1/plugins/system/src/trace_writer.cpp:800
649 [23076477593280] INFO perfrun.itt <> - start itt controller for pid #2284615
649 [23076477593280] INFO perfrun.perfcollector <> - attaching to pid: 2284615, collect mode: 1, rc modes: 1
663 [23076460242624] WARN perfrun.perfcollector <> - Perf stat trace pipe capacity: read = 1048576, write = 1048576, at file: vcs/perfrun1/plugins/perfcollector/src/profiler.cpp:765
672 [23076460242624] INFO perfrun.sdk <> - runCmd: /opt/intel/oneapi/vtune/2023.1.0/bin64/amplxe-perf stat -v --log-fd 22 --control=fd:23,26 --scale -x ; -p 2284615 -e cpu/event=0x3c,name='CPU_CLK_UNHALTED.THREAD'/Duk,cpu/umask=0x3,name='CPU_CLK_UNHALTED.REF_TSC'/Duk,cpu/event=0xc0,name='INST_RETIRED.ANY'/Duk,cpu/event=0x3c,umask=0x1,name='CPU_CLK_UNHALTED.REF_XCLK'/uk,cpu/event=0x3c,umask=0x2,name='CPU_CLK_UNHALTED.ONE_THREAD_ACTIVE'/uk,cpu/event=0xc7,umask=0x2,name='FP_ARITH_INST_RETIRED.SCALAR_SINGLE'/uk,cpu/event=0xc7,umask=0x8,name='FP_ARITH_INST_RETIRED.128B_PACKED_SINGLE'/uk,cpu/event=0xc7,umask=0x20,name='FP_ARITH_INST_RETIRED.256B_PACKED_SINGLE'/uk,cpu/event=0xc7,umask=0x1,name='FP_ARITH_INST_RETIRED.SCALAR_DOUBLE'/uk,cpu/event=0xc7,umask=0x4,name='FP_ARITH_INST_RETIRED.128B_PACKED_DOUBLE'/uk,cpu/event=0xc7,umask=0x10,name='FP_ARITH_INST_RETIRED.256B_PACKED_DOUBLE'/uk,cpu/event=0xc0,umask=0x2,name='INST_RETIRED.X87'/uk,cpu/event=0xc2,umask=0x2,name='UOPS_RETIRED.RETIRE_SLOTS'/uk /opt/intel/oneapi/vtune/2023.1.0/bin64/amplxe-perf-sync sync sys
673 [23076460242624] INFO perfrun.sdk <> - runCmd started PID 2284628
828 [23076477593280] INFO perfrun.tpss <> - start tpss controller for pid #2284615
879 [23076620478336] INFO perfrun.launcher <> - Launcher: all plugins were started
879 [23076620478336] INFO perfrun.launcher <> - DirectoryMonitor object was created
879 [23076620478336] INFO perfrun.launcher <> - DirectoryMonitor: a callback was added
879 [23076620478336] INFO perfrun.launcher <> - DirectoryMonitor was started with pingTime = 1000
879 [23076620478336] INFO perfrun.launcher <> - DeadlineTimer is going to be constructed
880 [23076620478336] INFO perfrun.launcher <> - DeadlineTimer: a callback was added
881 [23076620478336] INFO perfrun.launcher <> - Launcher: resume the profiled application and  wait its termination or stop command
140934 [23076620478336] INFO perfrun.launcher <> - Launcher: the profiled application was terminated  with exit code = 1
141163 [23076477593280] INFO perfrun.itt <> - detach itt controller
141163 [23076477593280] INFO perfrun.itt <> - detach itt controller done
141164 [23076460242624] INFO perfrun.perfcollector <> - Monitor: runCmd RC = true
141165 [23076477593280] INFO perfrun.perfcollector <> - Monitor: state = 3, error = 1
141166 [23076477593280] INFO perfrun.tpss <> - stop tpss controller
141169 [23076477593280] INFO perfrun.sdk <> - De-allocating TMU: /home/course/hpc/users/2022012388/exp8/result.conv2/data.16/systemcollector-2284254-conv2.sc
141169 [23076477593280] INFO perfrun.system <> - closed the system trace file: /home/course/hpc/users/2022012388/exp8/result.conv2/data.16/systemcollector-2284254-conv2.sc
141169 [23076620478336] INFO perfrun.launcher <> - Launcher: all plugins were stopped.
141169 [23076620478336] INFO perfrun.launcher <> - DeadlineTimer is going to be destroyed
141169 [23076620478336] INFO perfrun.launcher <> - DeadlineTimer was destroyed
141169 [23076620478336] INFO perfrun.launcher <> - DirectoryMonitor object was destroyed
141169 [23076620478336] WARN perfrun.launcher <> - Stop command is ignored because it is received when collection is already stopped, at file: vcs/perfrun1/launcher/src/command_handler.cpp:226
141170 [23076620478336] INFO perfrun.launcher <> - Application exit code: 1
141170 [23076620478336] INFO perfrun.launcher <> - Exit code: 4
