13 [22885414442880] INFO perfrun.launcher <> - Launcher main begin
14 [22885414442880] INFO perfrun.launcher <> - MessageCatalogInit finished
14 [22885414442880] INFO perfrun.launcher <> - Launcher instance created
14 [22885414442880] INFO perfrun.launcher <> - argc = 7; cmdline = /opt/intel/oneapi/vtune/2023.1.0/bin64/amplxe-runss --ui-output-format xml --ui-output-fd 5 --option-file /home/course/hpc/users/2022012388/exp8/result.conv2/config/runss.options.25 
258 [22885414442880] INFO perfrun.launcher <> - create msngr2::ICliToolContext
258 [22885414442880] INFO perfrun.launcher <> - create file finder object
258 [22885414442880] INFO perfrun.launcher <> - create a result directory: pattern = /home/course/hpc/users/2022012388/exp8/result.conv2 pid = 4294967295
260 [22885414442880] INFO perfrun.sdk <> - checked that the directory /home/course/hpc/users/2022012388/exp8/result.conv2 is a local directory
260 [22885414442880] INFO perfrun.sdk <> - the directory /home/course/hpc/users/2022012388/exp8/result.conv2 is located on a share or its FS ID is unknown 26985
260 [22885414442880] INFO perfrun.sdk <> - checked that the directory /tmp/amplxe-tmp-2022012388 is a local directory
260 [22885414442880] INFO perfrun.sdk <> - the directory /tmp/amplxe-tmp-2022012388 is located on a share or its FS ID is unknown 2035054128
263 [22885414442880] INFO perfrun.launcher <> - create data directory = /home/course/hpc/users/2022012388/exp8/result.conv2/data.22
265 [22885414442880] INFO perfrun.launcher <> - Creating the master collection flag
265 [22885414442880] INFO perfrun.launcher <> - Done creating the master collection flag
268 [22885273953984] INFO perfrun.launcher <> - plugin [remoteplug] was disabled because it doesn't support the given collection type.
268 [22885273953984] INFO perfrun.sdk <> - Allocating TMU :/home/course/hpc/users/2022012388/exp8/result.conv2/data.22/systemcollector-2284278-conv2.sc
270 [22885273953984] INFO perfrun.launcher <> - plugin [vdso] was disabled because it doesn't support the given collection type.
270 [22885273953984] INFO perfrun.launcher <> - plugin [ptracecollector] was disabled because it doesn't support the given collection type.
270 [22885273953984] INFO perfrun.launcher <> - plugin [gpu] was disabled because it doesn't support the given collection type.
270 [22885273953984] INFO perfrun.launcher <> - plugin [] was disabled because it doesn't support the given collection type.
270 [22885273953984] INFO perfrun.launcher <> - plugin [] was disabled because it doesn't support the given collection type.
270 [22885273953984] INFO perfrun.launcher <> - plugin [] was disabled because it doesn't support the given collection type.
270 [22885273953984] INFO perfrun.mrte <> - system-wide mode is 0
270 [22885273953984] INFO perfrun.mrte <> - Getting  mrte profiling environment ...
284 [22885273953984] INFO perfrun.mrte <> - INTEL_MRTE_DATA_DIR=/home/course/hpc/users/2022012388/exp8/result.conv2/data.22
284 [22885273953984] INFO perfrun.mrte <> - INTEL_MRTE_HOST_NAME=conv2
284 [22885273953984] INFO perfrun.mrte <> - JAVA_TOOL_OPTIONS=-agentlib:amplxe_tpssmrte_javaprof_1.0 -Dsun.boot.library.path=/opt/intel/oneapi/vtune/2023.1.0/lib32/runtime:/opt/intel/oneapi/vtune/2023.1.0/lib64/runtime
284 [22885273953984] INFO perfrun.mrte <> - LD_LIBRARY_PATH=/opt/intel/oneapi/vtune/2023.1.0/lib32/runtime:/opt/intel/oneapi/vtune/2023.1.0/lib64/runtime:/opt/intel/oneapi/tbb/2021.5.1/env/../lib/intel64/gcc4.8:/opt/intel/oneapi/mpi/2021.5.1//libfabric/lib:/opt/intel/oneapi/mpi/2021.5.1//lib/release:/opt/intel/oneapi/mpi/2021.5.1//lib:/opt/intel/oneapi/mkl/2022.0.2/lib/intel64:/opt/intel/oneapi/itac/2021.5.0/slib:/opt/intel/oneapi/debugger/2021.5.0/gdb/intel64/lib:/opt/intel/oneapi/debugger/2021.5.0/libipt/intel64/lib:/opt/intel/oneapi/debugger/2021.5.0/dep/lib:/opt/intel/oneapi/compiler/2022.0.2/linux/lib:/opt/intel/oneapi/compiler/2022.0.2/linux/lib/x64:/opt/intel/oneapi/compiler/2022.0.2/linux/lib/oclfpga/host/linux64/lib:/opt/intel/oneapi/compiler/2022.0.2/linux/compiler/lib/intel64_lin
284 [22885273953984] INFO perfrun.mrte <> - CORECLR_ENABLE_PROFILING=1
285 [22885273953984] INFO perfrun.mrte <> - CORECLR_PROFILER={AA5E4821-E3B1-479c-B7FF-5AD047D22CED}
285 [22885273953984] INFO perfrun.mrte <> - CORECLR_PROFILER_PATH=/opt/intel/oneapi/vtune/2023.1.0/lib64/libamplxe_samplingmrte_clrprof_1.0.so
285 [22885273953984] INFO perfrun.mrte <> - INTEL_MRTE_PROFILER_MODE=mixed
285 [22885273953984] INFO perfrun.mrte <> - Data directory: /home/course/hpc/users/2022012388/exp8/result.conv2/data.22
285 [22885273953984] INFO perfrun.mrte <> - Mrte plugin is initialized
285 [22885273953984] INFO perfrun.launcher <> - plugin [emon] was disabled because it doesn't support the given collection type.
285 [22885273953984] INFO perfrun.launcher <> - plugin [cuscol] was disabled because it doesn't support the given collection type.
285 [22885273953984] INFO perfrun.launcher <> - plugin [stdsrc] was disabled because it doesn't support the given collection type.
285 [22885273953984] INFO perfrun.launcher <> - plugin [sep] was disabled because it doesn't support the given collection type.
285 [22885273953984] INFO perfrun.launcher <> - plugin [vtsspp] was disabled because it doesn't support the given collection type.
285 [22885273953984] INFO perfrun.sdk <> - Reading value (0) from file: /proc/sys/kernel/perf_event_paranoid
285 [22885273953984] INFO perfrun.perfcollector <> - checking access to: /opt/intel/oneapi/vtune/2023.1.0/bin64/amplxe-perf-priv
287 [22885273953984] INFO perfrun.perfcollector <> - cpu: family = 6 model = 79
287 [22885273953984] INFO perfrun.perfcollector <> - dir found: /sys/bus/event_source/devices/software
288 [22885273953984] INFO perfrun.perfcollector <> - format: pmu format subdir doesn't exist
288 [22885273953984] INFO perfrun.perfcollector <> - hwInfo: not set, pmuFam: software
288 [22885273953984] INFO perfrun.perfcollector <> - pmu added: family: software, id: 0
288 [22885273953984] INFO perfrun.perfcollector <> - dir found: /sys/bus/event_source/devices/uncore_imc_5
288 [22885273953984] INFO perfrun.perfcollector <> - format: event config:0-7 mask:0-7
288 [22885273953984] INFO perfrun.perfcollector <> - format: edge config:18 mask:18
288 [22885273953984] INFO perfrun.perfcollector <> - format: inv config:23 mask:23
288 [22885273953984] INFO perfrun.perfcollector <> - format: umask config:8-15 mask:8-15
288 [22885273953984] INFO perfrun.perfcollector <> - format: thresh config:24-31 mask:24-31
288 [22885273953984] INFO perfrun.perfcollector <> - hwInfo: PERF_IMC_PMU_DETAILS
288 [22885273953984] INFO perfrun.perfcollector <> - pmu added: family: uncore_imc, id: 5
288 [22885273953984] INFO perfrun.perfcollector <> - dir found: /sys/bus/event_source/devices/uncore_sbox_2
289 [22885273953984] INFO perfrun.perfcollector <> - format: event config:0-7 mask:0-7
289 [22885273953984] INFO perfrun.perfcollector <> - format: edge config:18 mask:18
289 [22885273953984] INFO perfrun.perfcollector <> - format: inv config:23 mask:23
289 [22885273953984] INFO perfrun.perfcollector <> - format: umask config:8-15 mask:8-15
289 [22885273953984] INFO perfrun.perfcollector <> - format: tid_en config:19 mask:19
289 [22885273953984] INFO perfrun.perfcollector <> - format: thresh config:24-31 mask:24-31
289 [22885273953984] INFO perfrun.perfcollector <> - hwInfo: not set, pmuFam: uncore_sbox
289 [22885273953984] INFO perfrun.perfcollector <> - pmu added: family: uncore_sbox, id: 2
290 [22885273953984] INFO perfrun.perfcollector <> - dir found: /sys/bus/event_source/devices/uncore_cbox_8
290 [22885273953984] INFO perfrun.perfcollector <> - format: event config:0-7 mask:0-7
290 [22885273953984] INFO perfrun.perfcollector <> - format: filter_link config1:6-8 mask:6-8
290 [22885273953984] INFO perfrun.perfcollector <> - format: filter_c6 config1:61 mask:61
290 [22885273953984] INFO perfrun.perfcollector <> - format: edge config:18 mask:18
290 [22885273953984] INFO perfrun.perfcollector <> - format: filter_isoc config1:63 mask:63
290 [22885273953984] INFO perfrun.perfcollector <> - format: filter_tid config1:0-5 mask:0-5
291 [22885273953984] INFO perfrun.perfcollector <> - format: filter_nid config1:32-47 mask:32-47
291 [22885273953984] INFO perfrun.perfcollector <> - format: filter_nc config1:62 mask:62
291 [22885273953984] INFO perfrun.perfcollector <> - format: umask config:8-15 mask:8-15
291 [22885273953984] INFO perfrun.perfcollector <> - format: tid_en config:19 mask:19
291 [22885273953984] INFO perfrun.perfcollector <> - format: thresh config:24-31 mask:24-31
291 [22885273953984] INFO perfrun.perfcollector <> - format: filter_state config1:17-23 mask:17-23
291 [22885273953984] INFO perfrun.perfcollector <> - format: filter_opc config1:52-60 mask:52-60
291 [22885273953984] INFO perfrun.perfcollector <> - hwInfo: PERF_CBOX_PMU_DETAILS
291 [22885273953984] INFO perfrun.perfcollector <> - pmu added: family: uncore_cbox, id: 8
291 [22885273953984] INFO perfrun.perfcollector <> - dir found: /sys/bus/event_source/devices/uncore_cbox_13
291 [22885273953984] INFO perfrun.perfcollector <> - format: event config:0-7 mask:0-7
291 [22885273953984] INFO perfrun.perfcollector <> - format: filter_link config1:6-8 mask:6-8
291 [22885273953984] INFO perfrun.perfcollector <> - format: filter_c6 config1:61 mask:61
292 [22885273953984] INFO perfrun.perfcollector <> - format: edge config:18 mask:18
292 [22885273953984] INFO perfrun.perfcollector <> - format: filter_isoc config1:63 mask:63
292 [22885273953984] INFO perfrun.perfcollector <> - format: filter_tid config1:0-5 mask:0-5
292 [22885273953984] INFO perfrun.perfcollector <> - format: filter_nid config1:32-47 mask:32-47
292 [22885273953984] INFO perfrun.perfcollector <> - format: filter_nc config1:62 mask:62
292 [22885273953984] INFO perfrun.perfcollector <> - format: umask config:8-15 mask:8-15
292 [22885273953984] INFO perfrun.perfcollector <> - format: tid_en config:19 mask:19
292 [22885273953984] INFO perfrun.perfcollector <> - format: thresh config:24-31 mask:24-31
293 [22885273953984] INFO perfrun.perfcollector <> - format: filter_state config1:17-23 mask:17-23
293 [22885273953984] INFO perfrun.perfcollector <> - format: filter_opc config1:52-60 mask:52-60
293 [22885273953984] INFO perfrun.perfcollector <> - hwInfo: PERF_CBOX_PMU_DETAILS
293 [22885273953984] INFO perfrun.perfcollector <> - pmu added: family: uncore_cbox, id: 13
293 [22885273953984] INFO perfrun.perfcollector <> - dir found: /sys/bus/event_source/devices/uncore_r2pcie
293 [22885273953984] INFO perfrun.perfcollector <> - format: event config:0-7 mask:0-7
293 [22885273953984] INFO perfrun.perfcollector <> - format: edge config:18 mask:18
293 [22885273953984] INFO perfrun.perfcollector <> - format: inv config:23 mask:23
293 [22885273953984] INFO perfrun.perfcollector <> - format: umask config:8-15 mask:8-15
293 [22885273953984] INFO perfrun.perfcollector <> - format: thresh config:24-31 mask:24-31
293 [22885273953984] INFO perfrun.perfcollector <> - hwInfo: not set, pmuFam: uncore_r2pcie
293 [22885273953984] INFO perfrun.perfcollector <> - pmu added: family: uncore_r2pcie, id: 0
293 [22885273953984] INFO perfrun.perfcollector <> - dir found: /sys/bus/event_source/devices/uncore_sbox_0
293 [22885273953984] INFO perfrun.perfcollector <> - format: event config:0-7 mask:0-7
294 [22885273953984] INFO perfrun.perfcollector <> - format: edge config:18 mask:18
294 [22885273953984] INFO perfrun.perfcollector <> - format: inv config:23 mask:23
294 [22885273953984] INFO perfrun.perfcollector <> - format: umask config:8-15 mask:8-15
294 [22885273953984] INFO perfrun.perfcollector <> - format: tid_en config:19 mask:19
294 [22885273953984] INFO perfrun.perfcollector <> - format: thresh config:24-31 mask:24-31
294 [22885273953984] INFO perfrun.perfcollector <> - hwInfo: not set, pmuFam: uncore_sbox
294 [22885273953984] INFO perfrun.perfcollector <> - pmu added: family: uncore_sbox, id: 0
294 [22885273953984] INFO perfrun.perfcollector <> - dir found: /sys/bus/event_source/devices/uncore_qpi_1
295 [22885273953984] INFO perfrun.perfcollector <> - format: mask_rnid4 config2:31 mask:31
295 [22885273953984] INFO perfrun.perfcollector <> - format: mask_rnid30 config2:32-35 mask:32-35
295 [22885273953984] INFO perfrun.perfcollector <> - format: match_rnid30 config1:32-35 mask:32-35
295 [22885273953984] INFO perfrun.perfcollector <> - format: event config:0-7,21 mask:0-7,21
295 [22885273953984] INFO perfrun.perfcollector <> - format: match0 config1:0-31 mask:0-31
295 [22885273953984] INFO perfrun.perfcollector <> - format: match_rds config1:48-51 mask:48-51
295 [22885273953984] INFO perfrun.perfcollector <> - format: mask_rds config2:48-51 mask:48-51
295 [22885273953984] INFO perfrun.perfcollector <> - format: edge config:18 mask:18
295 [22885273953984] INFO perfrun.perfcollector <> - format: mask1 config2:32-63 mask:32-63
295 [22885273953984] INFO perfrun.perfcollector <> - format: match_dnid config1:13-17 mask:13-17
295 [22885273953984] INFO perfrun.perfcollector <> - format: mask_dnid config2:13-17 mask:13-17
295 [22885273953984] INFO perfrun.perfcollector <> - format: match_vnw config1:3-4 mask:3-4
295 [22885273953984] INFO perfrun.perfcollector <> - format: mask_vnw config2:3-4 mask:3-4
296 [22885273953984] INFO perfrun.perfcollector <> - format: mask_mc config2:9-12 mask:9-12
296 [22885273953984] INFO perfrun.perfcollector <> - format: match1 config1:32-63 mask:32-63
296 [22885273953984] INFO perfrun.perfcollector <> - format: inv config:23 mask:23
296 [22885273953984] INFO perfrun.perfcollector <> - format: umask config:8-15 mask:8-15
296 [22885273953984] INFO perfrun.perfcollector <> - format: match_opc config1:5-8 mask:5-8
296 [22885273953984] INFO perfrun.perfcollector <> - format: mask_opc config2:5-8 mask:5-8
296 [22885273953984] INFO perfrun.perfcollector <> - format: thresh config:24-31 mask:24-31
296 [22885273953984] INFO perfrun.perfcollector <> - format: match_rnid4 config1:31 mask:31
296 [22885273953984] INFO perfrun.perfcollector <> - format: mask0 config2:0-31 mask:0-31
296 [22885273953984] INFO perfrun.perfcollector <> - format: match_mc config1:9-12 mask:9-12
297 [22885273953984] INFO perfrun.perfcollector <> - hwInfo: PERF_QPI_PMU_DETAILS
297 [22885273953984] INFO perfrun.perfcollector <> - pmu added: family: uncore_qpi, id: 1
297 [22885273953984] INFO perfrun.perfcollector <> - dir found: /sys/bus/event_source/devices/uncore_cbox_6
297 [22885273953984] INFO perfrun.perfcollector <> - format: event config:0-7 mask:0-7
297 [22885273953984] INFO perfrun.perfcollector <> - format: filter_link config1:6-8 mask:6-8
297 [22885273953984] INFO perfrun.perfcollector <> - format: filter_c6 config1:61 mask:61
298 [22885273953984] INFO perfrun.perfcollector <> - format: edge config:18 mask:18
298 [22885273953984] INFO perfrun.perfcollector <> - format: filter_isoc config1:63 mask:63
298 [22885273953984] INFO perfrun.perfcollector <> - format: filter_tid config1:0-5 mask:0-5
298 [22885273953984] INFO perfrun.perfcollector <> - format: filter_nid config1:32-47 mask:32-47
298 [22885273953984] INFO perfrun.perfcollector <> - format: filter_nc config1:62 mask:62
299 [22885273953984] INFO perfrun.perfcollector <> - format: umask config:8-15 mask:8-15
299 [22885273953984] INFO perfrun.perfcollector <> - format: tid_en config:19 mask:19
299 [22885273953984] INFO perfrun.perfcollector <> - format: thresh config:24-31 mask:24-31
299 [22885273953984] INFO perfrun.perfcollector <> - format: filter_state config1:17-23 mask:17-23
300 [22885273953984] INFO perfrun.perfcollector <> - format: filter_opc config1:52-60 mask:52-60
300 [22885273953984] INFO perfrun.perfcollector <> - hwInfo: PERF_CBOX_PMU_DETAILS
300 [22885273953984] INFO perfrun.perfcollector <> - pmu added: family: uncore_cbox, id: 6
300 [22885273953984] INFO perfrun.perfcollector <> - dir found: /sys/bus/event_source/devices/uncore_imc_1
300 [22885273953984] INFO perfrun.perfcollector <> - format: event config:0-7 mask:0-7
301 [22885273953984] INFO perfrun.perfcollector <> - format: edge config:18 mask:18
301 [22885273953984] INFO perfrun.perfcollector <> - format: inv config:23 mask:23
301 [22885273953984] INFO perfrun.perfcollector <> - format: umask config:8-15 mask:8-15
301 [22885273953984] INFO perfrun.perfcollector <> - format: thresh config:24-31 mask:24-31
301 [22885273953984] INFO perfrun.perfcollector <> - hwInfo: PERF_IMC_PMU_DETAILS
302 [22885273953984] INFO perfrun.perfcollector <> - pmu added: family: uncore_imc, id: 1
302 [22885273953984] INFO perfrun.perfcollector <> - dir found: /sys/bus/event_source/devices/power
302 [22885273953984] INFO perfrun.perfcollector <> - format: event config:0-7 mask:0-7
302 [22885273953984] INFO perfrun.perfcollector <> - hwInfo: not set, pmuFam: power
303 [22885273953984] INFO perfrun.perfcollector <> - pmu added: family: power, id: 0
303 [22885273953984] INFO perfrun.perfcollector <> - dir found: /sys/bus/event_source/devices/uncore_cbox_11
303 [22885273953984] INFO perfrun.perfcollector <> - format: event config:0-7 mask:0-7
303 [22885273953984] INFO perfrun.perfcollector <> - format: filter_link config1:6-8 mask:6-8
303 [22885273953984] INFO perfrun.perfcollector <> - format: filter_c6 config1:61 mask:61
304 [22885273953984] INFO perfrun.perfcollector <> - format: edge config:18 mask:18
304 [22885273953984] INFO perfrun.perfcollector <> - format: filter_isoc config1:63 mask:63
304 [22885273953984] INFO perfrun.perfcollector <> - format: filter_tid config1:0-5 mask:0-5
304 [22885273953984] INFO perfrun.perfcollector <> - format: filter_nid config1:32-47 mask:32-47
304 [22885273953984] INFO perfrun.perfcollector <> - format: filter_nc config1:62 mask:62
305 [22885273953984] INFO perfrun.perfcollector <> - format: umask config:8-15 mask:8-15
305 [22885273953984] INFO perfrun.perfcollector <> - format: tid_en config:19 mask:19
305 [22885273953984] INFO perfrun.perfcollector <> - format: thresh config:24-31 mask:24-31
305 [22885273953984] INFO perfrun.perfcollector <> - format: filter_state config1:17-23 mask:17-23
306 [22885273953984] INFO perfrun.perfcollector <> - format: filter_opc config1:52-60 mask:52-60
306 [22885273953984] INFO perfrun.perfcollector <> - hwInfo: PERF_CBOX_PMU_DETAILS
306 [22885273953984] INFO perfrun.perfcollector <> - pmu added: family: uncore_cbox, id: 11
306 [22885273953984] INFO perfrun.perfcollector <> - dir found: /sys/bus/event_source/devices/uncore_cbox_4
306 [22885273953984] INFO perfrun.perfcollector <> - format: event config:0-7 mask:0-7
306 [22885273953984] INFO perfrun.perfcollector <> - format: filter_link config1:6-8 mask:6-8
306 [22885273953984] INFO perfrun.perfcollector <> - format: filter_c6 config1:61 mask:61
306 [22885273953984] INFO perfrun.perfcollector <> - format: edge config:18 mask:18
307 [22885273953984] INFO perfrun.perfcollector <> - format: filter_isoc config1:63 mask:63
307 [22885273953984] INFO perfrun.perfcollector <> - format: filter_tid config1:0-5 mask:0-5
307 [22885273953984] INFO perfrun.perfcollector <> - format: filter_nid config1:32-47 mask:32-47
307 [22885273953984] INFO perfrun.perfcollector <> - format: filter_nc config1:62 mask:62
307 [22885273953984] INFO perfrun.perfcollector <> - format: umask config:8-15 mask:8-15
307 [22885273953984] INFO perfrun.perfcollector <> - format: tid_en config:19 mask:19
307 [22885273953984] INFO perfrun.perfcollector <> - format: thresh config:24-31 mask:24-31
307 [22885273953984] INFO perfrun.perfcollector <> - format: filter_state config1:17-23 mask:17-23
307 [22885273953984] INFO perfrun.perfcollector <> - format: filter_opc config1:52-60 mask:52-60
307 [22885273953984] INFO perfrun.perfcollector <> - hwInfo: PERF_CBOX_PMU_DETAILS
307 [22885273953984] INFO perfrun.perfcollector <> - pmu added: family: uncore_cbox, id: 4
307 [22885273953984] INFO perfrun.perfcollector <> - dir found: /sys/bus/event_source/devices/uprobe
308 [22885273953984] INFO perfrun.perfcollector <> - format: ref_ctr_offset config:32-63 mask:32-63
308 [22885273953984] INFO perfrun.perfcollector <> - format: retprobe config:0 mask:0
308 [22885273953984] INFO perfrun.perfcollector <> - hwInfo: not set, pmuFam: uprobe
308 [22885273953984] INFO perfrun.perfcollector <> - pmu added: family: uprobe, id: 0
308 [22885273953984] INFO perfrun.perfcollector <> - dir found: /sys/bus/event_source/devices/intel_bts
308 [22885273953984] INFO perfrun.perfcollector <> - format: pmu format subdir doesn't exist
308 [22885273953984] INFO perfrun.perfcollector <> - hwInfo: not set, pmuFam: intel_bts
308 [22885273953984] INFO perfrun.perfcollector <> - pmu added: family: intel_bts, id: 0
308 [22885273953984] INFO perfrun.perfcollector <> - dir found: /sys/bus/event_source/devices/cpu
309 [22885273953984] INFO perfrun.perfcollector <> - format: event config:0-7 mask:0-7
309 [22885273953984] INFO perfrun.perfcollector <> - format: pc config:19 mask:19
309 [22885273953984] INFO perfrun.perfcollector <> - format: in_tx config:32 mask:32
310 [22885273953984] INFO perfrun.perfcollector <> - format: edge config:18 mask:18
310 [22885273953984] INFO perfrun.perfcollector <> - format: any config:21 mask:21
310 [22885273953984] INFO perfrun.perfcollector <> - format: offcore_rsp config1:0-63 mask:0-63
310 [22885273953984] INFO perfrun.perfcollector <> - format: in_tx_cp config:33 mask:33
310 [22885273953984] INFO perfrun.perfcollector <> - format: ldlat config1:0-15 mask:0-15
310 [22885273953984] INFO perfrun.perfcollector <> - format: inv config:23 mask:23
310 [22885273953984] INFO perfrun.perfcollector <> - format: umask config:8-15 mask:8-15
310 [22885273953984] INFO perfrun.perfcollector <> - format: cmask config:24-31 mask:24-31
310 [22885273953984] INFO perfrun.perfcollector <> - hwInfo: PERF_CPU_PMU_DETAILS
310 [22885273953984] INFO perfrun.perfcollector <> - pmu added: family: cpu, id: 0
310 [22885273953984] INFO perfrun.perfcollector <> - dir found: /sys/bus/event_source/devices/uncore_r3qpi_0
311 [22885273953984] INFO perfrun.perfcollector <> - format: event config:0-7 mask:0-7
311 [22885273953984] INFO perfrun.perfcollector <> - format: edge config:18 mask:18
311 [22885273953984] INFO perfrun.perfcollector <> - format: inv config:23 mask:23
311 [22885273953984] INFO perfrun.perfcollector <> - format: umask config:8-15 mask:8-15
311 [22885273953984] INFO perfrun.perfcollector <> - format: thresh config:24-31 mask:24-31
311 [22885273953984] INFO perfrun.perfcollector <> - hwInfo: not set, pmuFam: uncore_r3qpi
311 [22885273953984] INFO perfrun.perfcollector <> - pmu added: family: uncore_r3qpi, id: 0
311 [22885273953984] INFO perfrun.perfcollector <> - dir found: /sys/bus/event_source/devices/cstate_core
311 [22885273953984] INFO perfrun.perfcollector <> - format: event config:0-63 mask:0-63
311 [22885273953984] INFO perfrun.perfcollector <> - hwInfo: not set, pmuFam: cstate_core
312 [22885273953984] INFO perfrun.perfcollector <> - pmu added: family: cstate_core, id: 0
312 [22885273953984] INFO perfrun.perfcollector <> - dir found: /sys/bus/event_source/devices/uncore_cbox_2
312 [22885273953984] INFO perfrun.perfcollector <> - format: event config:0-7 mask:0-7
312 [22885273953984] INFO perfrun.perfcollector <> - format: filter_link config1:6-8 mask:6-8
312 [22885273953984] INFO perfrun.perfcollector <> - format: filter_c6 config1:61 mask:61
312 [22885273953984] INFO perfrun.perfcollector <> - format: edge config:18 mask:18
312 [22885273953984] INFO perfrun.perfcollector <> - format: filter_isoc config1:63 mask:63
312 [22885273953984] INFO perfrun.perfcollector <> - format: filter_tid config1:0-5 mask:0-5
312 [22885273953984] INFO perfrun.perfcollector <> - format: filter_nid config1:32-47 mask:32-47
312 [22885273953984] INFO perfrun.perfcollector <> - format: filter_nc config1:62 mask:62
313 [22885273953984] INFO perfrun.perfcollector <> - format: umask config:8-15 mask:8-15
313 [22885273953984] INFO perfrun.perfcollector <> - format: tid_en config:19 mask:19
313 [22885273953984] INFO perfrun.perfcollector <> - format: thresh config:24-31 mask:24-31
313 [22885273953984] INFO perfrun.perfcollector <> - format: filter_state config1:17-23 mask:17-23
313 [22885273953984] INFO perfrun.perfcollector <> - format: filter_opc config1:52-60 mask:52-60
313 [22885273953984] INFO perfrun.perfcollector <> - hwInfo: PERF_CBOX_PMU_DETAILS
313 [22885273953984] INFO perfrun.perfcollector <> - pmu added: family: uncore_cbox, id: 2
313 [22885273953984] INFO perfrun.perfcollector <> - dir found: /sys/bus/event_source/devices/breakpoint
313 [22885273953984] INFO perfrun.perfcollector <> - format: pmu format subdir doesn't exist
313 [22885273953984] INFO perfrun.perfcollector <> - hwInfo: not set, pmuFam: breakpoint
313 [22885273953984] INFO perfrun.perfcollector <> - pmu added: family: breakpoint, id: 0
313 [22885273953984] INFO perfrun.perfcollector <> - dir found: /sys/bus/event_source/devices/uncore_ha_0
313 [22885273953984] INFO perfrun.perfcollector <> - format: event config:0-7 mask:0-7
313 [22885273953984] INFO perfrun.perfcollector <> - format: edge config:18 mask:18
314 [22885273953984] INFO perfrun.perfcollector <> - format: inv config:23 mask:23
314 [22885273953984] INFO perfrun.perfcollector <> - format: umask config:8-15 mask:8-15
314 [22885273953984] INFO perfrun.perfcollector <> - format: thresh config:24-31 mask:24-31
314 [22885273953984] INFO perfrun.perfcollector <> - hwInfo: not set, pmuFam: uncore_ha
314 [22885273953984] INFO perfrun.perfcollector <> - pmu added: family: uncore_ha, id: 0
314 [22885273953984] INFO perfrun.perfcollector <> - dir found: /sys/bus/event_source/devices/uncore_cbox_0
314 [22885273953984] INFO perfrun.perfcollector <> - format: event config:0-7 mask:0-7
314 [22885273953984] INFO perfrun.perfcollector <> - format: filter_link config1:6-8 mask:6-8
314 [22885273953984] INFO perfrun.perfcollector <> - format: filter_c6 config1:61 mask:61
314 [22885273953984] INFO perfrun.perfcollector <> - format: edge config:18 mask:18
314 [22885273953984] INFO perfrun.perfcollector <> - format: filter_isoc config1:63 mask:63
314 [22885273953984] INFO perfrun.perfcollector <> - format: filter_tid config1:0-5 mask:0-5
314 [22885273953984] INFO perfrun.perfcollector <> - format: filter_nid config1:32-47 mask:32-47
315 [22885273953984] INFO perfrun.perfcollector <> - format: filter_nc config1:62 mask:62
315 [22885273953984] INFO perfrun.perfcollector <> - format: umask config:8-15 mask:8-15
315 [22885273953984] INFO perfrun.perfcollector <> - format: tid_en config:19 mask:19
315 [22885273953984] INFO perfrun.perfcollector <> - format: thresh config:24-31 mask:24-31
315 [22885273953984] INFO perfrun.perfcollector <> - format: filter_state config1:17-23 mask:17-23
315 [22885273953984] INFO perfrun.perfcollector <> - format: filter_opc config1:52-60 mask:52-60
315 [22885273953984] INFO perfrun.perfcollector <> - hwInfo: PERF_CBOX_PMU_DETAILS
315 [22885273953984] INFO perfrun.perfcollector <> - pmu added: family: uncore_cbox, id: 0
315 [22885273953984] INFO perfrun.perfcollector <> - dir found: /sys/bus/event_source/devices/tracepoint
315 [22885273953984] INFO perfrun.perfcollector <> - format: pmu format subdir doesn't exist
315 [22885273953984] INFO perfrun.perfcollector <> - hwInfo: not set, pmuFam: tracepoint
315 [22885273953984] INFO perfrun.perfcollector <> - pmu added: family: tracepoint, id: 0
315 [22885273953984] INFO perfrun.perfcollector <> - dir found: /sys/bus/event_source/devices/uncore_sbox_3
315 [22885273953984] INFO perfrun.perfcollector <> - format: event config:0-7 mask:0-7
315 [22885273953984] INFO perfrun.perfcollector <> - format: edge config:18 mask:18
316 [22885273953984] INFO perfrun.perfcollector <> - format: inv config:23 mask:23
316 [22885273953984] INFO perfrun.perfcollector <> - format: umask config:8-15 mask:8-15
316 [22885273953984] INFO perfrun.perfcollector <> - format: tid_en config:19 mask:19
316 [22885273953984] INFO perfrun.perfcollector <> - format: thresh config:24-31 mask:24-31
316 [22885273953984] INFO perfrun.perfcollector <> - hwInfo: not set, pmuFam: uncore_sbox
316 [22885273953984] INFO perfrun.perfcollector <> - pmu added: family: uncore_sbox, id: 3
316 [22885273953984] INFO perfrun.perfcollector <> - dir found: /sys/bus/event_source/devices/uncore_cbox_9
316 [22885273953984] INFO perfrun.perfcollector <> - format: event config:0-7 mask:0-7
316 [22885273953984] INFO perfrun.perfcollector <> - format: filter_link config1:6-8 mask:6-8
316 [22885273953984] INFO perfrun.perfcollector <> - format: filter_c6 config1:61 mask:61
316 [22885273953984] INFO perfrun.perfcollector <> - format: edge config:18 mask:18
317 [22885273953984] INFO perfrun.perfcollector <> - format: filter_isoc config1:63 mask:63
317 [22885273953984] INFO perfrun.perfcollector <> - format: filter_tid config1:0-5 mask:0-5
317 [22885273953984] INFO perfrun.perfcollector <> - format: filter_nid config1:32-47 mask:32-47
317 [22885273953984] INFO perfrun.perfcollector <> - format: filter_nc config1:62 mask:62
317 [22885273953984] INFO perfrun.perfcollector <> - format: umask config:8-15 mask:8-15
317 [22885273953984] INFO perfrun.perfcollector <> - format: tid_en config:19 mask:19
317 [22885273953984] INFO perfrun.perfcollector <> - format: thresh config:24-31 mask:24-31
317 [22885273953984] INFO perfrun.perfcollector <> - format: filter_state config1:17-23 mask:17-23
317 [22885273953984] INFO perfrun.perfcollector <> - format: filter_opc config1:52-60 mask:52-60
317 [22885273953984] INFO perfrun.perfcollector <> - hwInfo: PERF_CBOX_PMU_DETAILS
317 [22885273953984] INFO perfrun.perfcollector <> - pmu added: family: uncore_cbox, id: 9
317 [22885273953984] INFO perfrun.perfcollector <> - dir found: /sys/bus/event_source/devices/cstate_pkg
318 [22885273953984] INFO perfrun.perfcollector <> - format: event config:0-63 mask:0-63
318 [22885273953984] INFO perfrun.perfcollector <> - hwInfo: not set, pmuFam: cstate_pkg
318 [22885273953984] INFO perfrun.perfcollector <> - pmu added: family: cstate_pkg, id: 0
318 [22885273953984] INFO perfrun.perfcollector <> - dir found: /sys/bus/event_source/devices/uncore_imc_4
318 [22885273953984] INFO perfrun.perfcollector <> - format: event config:0-7 mask:0-7
318 [22885273953984] INFO perfrun.perfcollector <> - format: edge config:18 mask:18
318 [22885273953984] INFO perfrun.perfcollector <> - format: inv config:23 mask:23
318 [22885273953984] INFO perfrun.perfcollector <> - format: umask config:8-15 mask:8-15
318 [22885273953984] INFO perfrun.perfcollector <> - format: thresh config:24-31 mask:24-31
318 [22885273953984] INFO perfrun.perfcollector <> - hwInfo: PERF_IMC_PMU_DETAILS
319 [22885273953984] INFO perfrun.perfcollector <> - pmu added: family: uncore_imc, id: 4
319 [22885273953984] INFO perfrun.perfcollector <> - dir found: /sys/bus/event_source/devices/uncore_ubox
319 [22885273953984] INFO perfrun.perfcollector <> - format: event config:0-7 mask:0-7
319 [22885273953984] INFO perfrun.perfcollector <> - format: edge config:18 mask:18
319 [22885273953984] INFO perfrun.perfcollector <> - format: inv config:23 mask:23
319 [22885273953984] INFO perfrun.perfcollector <> - format: umask config:8-15 mask:8-15
319 [22885273953984] INFO perfrun.perfcollector <> - format: thresh config:24-28 mask:24-28
319 [22885273953984] INFO perfrun.perfcollector <> - hwInfo: not set, pmuFam: uncore_ubox
319 [22885273953984] INFO perfrun.perfcollector <> - pmu added: family: uncore_ubox, id: 0
320 [22885273953984] INFO perfrun.perfcollector <> - dir found: /sys/bus/event_source/devices/uncore_sbox_1
320 [22885273953984] INFO perfrun.perfcollector <> - format: event config:0-7 mask:0-7
320 [22885273953984] INFO perfrun.perfcollector <> - format: edge config:18 mask:18
320 [22885273953984] INFO perfrun.perfcollector <> - format: inv config:23 mask:23
320 [22885273953984] INFO perfrun.perfcollector <> - format: umask config:8-15 mask:8-15
320 [22885273953984] INFO perfrun.perfcollector <> - format: tid_en config:19 mask:19
320 [22885273953984] INFO perfrun.perfcollector <> - format: thresh config:24-31 mask:24-31
320 [22885273953984] INFO perfrun.perfcollector <> - hwInfo: not set, pmuFam: uncore_sbox
321 [22885273953984] INFO perfrun.perfcollector <> - pmu added: family: uncore_sbox, id: 1
321 [22885273953984] INFO perfrun.perfcollector <> - dir found: /sys/bus/event_source/devices/uncore_cbox_7
321 [22885273953984] INFO perfrun.perfcollector <> - format: event config:0-7 mask:0-7
321 [22885273953984] INFO perfrun.perfcollector <> - format: filter_link config1:6-8 mask:6-8
321 [22885273953984] INFO perfrun.perfcollector <> - format: filter_c6 config1:61 mask:61
321 [22885273953984] INFO perfrun.perfcollector <> - format: edge config:18 mask:18
321 [22885273953984] INFO perfrun.perfcollector <> - format: filter_isoc config1:63 mask:63
321 [22885273953984] INFO perfrun.perfcollector <> - format: filter_tid config1:0-5 mask:0-5
321 [22885273953984] INFO perfrun.perfcollector <> - format: filter_nid config1:32-47 mask:32-47
321 [22885273953984] INFO perfrun.perfcollector <> - format: filter_nc config1:62 mask:62
322 [22885273953984] INFO perfrun.perfcollector <> - format: umask config:8-15 mask:8-15
322 [22885273953984] INFO perfrun.perfcollector <> - format: tid_en config:19 mask:19
322 [22885273953984] INFO perfrun.perfcollector <> - format: thresh config:24-31 mask:24-31
322 [22885273953984] INFO perfrun.perfcollector <> - format: filter_state config1:17-23 mask:17-23
322 [22885273953984] INFO perfrun.perfcollector <> - format: filter_opc config1:52-60 mask:52-60
322 [22885273953984] INFO perfrun.perfcollector <> - hwInfo: PERF_CBOX_PMU_DETAILS
322 [22885273953984] INFO perfrun.perfcollector <> - pmu added: family: uncore_cbox, id: 7
322 [22885273953984] INFO perfrun.perfcollector <> - dir found: /sys/bus/event_source/devices/uncore_cbox_12
322 [22885273953984] INFO perfrun.perfcollector <> - format: event config:0-7 mask:0-7
322 [22885273953984] INFO perfrun.perfcollector <> - format: filter_link config1:6-8 mask:6-8
322 [22885273953984] INFO perfrun.perfcollector <> - format: filter_c6 config1:61 mask:61
323 [22885273953984] INFO perfrun.perfcollector <> - format: edge config:18 mask:18
323 [22885273953984] INFO perfrun.perfcollector <> - format: filter_isoc config1:63 mask:63
323 [22885273953984] INFO perfrun.perfcollector <> - format: filter_tid config1:0-5 mask:0-5
323 [22885273953984] INFO perfrun.perfcollector <> - format: filter_nid config1:32-47 mask:32-47
323 [22885273953984] INFO perfrun.perfcollector <> - format: filter_nc config1:62 mask:62
323 [22885273953984] INFO perfrun.perfcollector <> - format: umask config:8-15 mask:8-15
323 [22885273953984] INFO perfrun.perfcollector <> - format: tid_en config:19 mask:19
323 [22885273953984] INFO perfrun.perfcollector <> - format: thresh config:24-31 mask:24-31
323 [22885273953984] INFO perfrun.perfcollector <> - format: filter_state config1:17-23 mask:17-23
323 [22885273953984] INFO perfrun.perfcollector <> - format: filter_opc config1:52-60 mask:52-60
323 [22885273953984] INFO perfrun.perfcollector <> - hwInfo: PERF_CBOX_PMU_DETAILS
324 [22885273953984] INFO perfrun.perfcollector <> - pmu added: family: uncore_cbox, id: 12
324 [22885273953984] INFO perfrun.perfcollector <> - dir found: /sys/bus/event_source/devices/kprobe
324 [22885273953984] INFO perfrun.perfcollector <> - format: retprobe config:0 mask:0
324 [22885273953984] INFO perfrun.perfcollector <> - hwInfo: not set, pmuFam: kprobe
324 [22885273953984] INFO perfrun.perfcollector <> - pmu added: family: kprobe, id: 0
324 [22885273953984] INFO perfrun.perfcollector <> - dir found: /sys/bus/event_source/devices/uncore_qpi_0
324 [22885273953984] INFO perfrun.perfcollector <> - format: mask_rnid4 config2:31 mask:31
325 [22885273953984] INFO perfrun.perfcollector <> - format: mask_rnid30 config2:32-35 mask:32-35
325 [22885273953984] INFO perfrun.perfcollector <> - format: match_rnid30 config1:32-35 mask:32-35
325 [22885273953984] INFO perfrun.perfcollector <> - format: event config:0-7,21 mask:0-7,21
325 [22885273953984] INFO perfrun.perfcollector <> - format: match0 config1:0-31 mask:0-31
325 [22885273953984] INFO perfrun.perfcollector <> - format: match_rds config1:48-51 mask:48-51
325 [22885273953984] INFO perfrun.perfcollector <> - format: mask_rds config2:48-51 mask:48-51
325 [22885273953984] INFO perfrun.perfcollector <> - format: edge config:18 mask:18
325 [22885273953984] INFO perfrun.perfcollector <> - format: mask1 config2:32-63 mask:32-63
326 [22885273953984] INFO perfrun.perfcollector <> - format: match_dnid config1:13-17 mask:13-17
326 [22885273953984] INFO perfrun.perfcollector <> - format: mask_dnid config2:13-17 mask:13-17
326 [22885273953984] INFO perfrun.perfcollector <> - format: match_vnw config1:3-4 mask:3-4
326 [22885273953984] INFO perfrun.perfcollector <> - format: mask_vnw config2:3-4 mask:3-4
326 [22885273953984] INFO perfrun.perfcollector <> - format: mask_mc config2:9-12 mask:9-12
326 [22885273953984] INFO perfrun.perfcollector <> - format: match1 config1:32-63 mask:32-63
326 [22885273953984] INFO perfrun.perfcollector <> - format: inv config:23 mask:23
326 [22885273953984] INFO perfrun.perfcollector <> - format: umask config:8-15 mask:8-15
326 [22885273953984] INFO perfrun.perfcollector <> - format: match_opc config1:5-8 mask:5-8
326 [22885273953984] INFO perfrun.perfcollector <> - format: mask_opc config2:5-8 mask:5-8
327 [22885273953984] INFO perfrun.perfcollector <> - format: thresh config:24-31 mask:24-31
327 [22885273953984] INFO perfrun.perfcollector <> - format: match_rnid4 config1:31 mask:31
327 [22885273953984] INFO perfrun.perfcollector <> - format: mask0 config2:0-31 mask:0-31
327 [22885273953984] INFO perfrun.perfcollector <> - format: match_mc config1:9-12 mask:9-12
327 [22885273953984] INFO perfrun.perfcollector <> - hwInfo: PERF_QPI_PMU_DETAILS
327 [22885273953984] INFO perfrun.perfcollector <> - pmu added: family: uncore_qpi, id: 0
327 [22885273953984] INFO perfrun.perfcollector <> - dir found: /sys/bus/event_source/devices/uncore_cbox_5
327 [22885273953984] INFO perfrun.perfcollector <> - format: event config:0-7 mask:0-7
328 [22885273953984] INFO perfrun.perfcollector <> - format: filter_link config1:6-8 mask:6-8
328 [22885273953984] INFO perfrun.perfcollector <> - format: filter_c6 config1:61 mask:61
328 [22885273953984] INFO perfrun.perfcollector <> - format: edge config:18 mask:18
328 [22885273953984] INFO perfrun.perfcollector <> - format: filter_isoc config1:63 mask:63
328 [22885273953984] INFO perfrun.perfcollector <> - format: filter_tid config1:0-5 mask:0-5
328 [22885273953984] INFO perfrun.perfcollector <> - format: filter_nid config1:32-47 mask:32-47
328 [22885273953984] INFO perfrun.perfcollector <> - format: filter_nc config1:62 mask:62
328 [22885273953984] INFO perfrun.perfcollector <> - format: umask config:8-15 mask:8-15
328 [22885273953984] INFO perfrun.perfcollector <> - format: tid_en config:19 mask:19
328 [22885273953984] INFO perfrun.perfcollector <> - format: thresh config:24-31 mask:24-31
328 [22885273953984] INFO perfrun.perfcollector <> - format: filter_state config1:17-23 mask:17-23
329 [22885273953984] INFO perfrun.perfcollector <> - format: filter_opc config1:52-60 mask:52-60
329 [22885273953984] INFO perfrun.perfcollector <> - hwInfo: PERF_CBOX_PMU_DETAILS
329 [22885273953984] INFO perfrun.perfcollector <> - pmu added: family: uncore_cbox, id: 5
329 [22885273953984] INFO perfrun.perfcollector <> - dir found: /sys/bus/event_source/devices/uncore_imc_0
329 [22885273953984] INFO perfrun.perfcollector <> - format: event config:0-7 mask:0-7
329 [22885273953984] INFO perfrun.perfcollector <> - format: edge config:18 mask:18
329 [22885273953984] INFO perfrun.perfcollector <> - format: inv config:23 mask:23
329 [22885273953984] INFO perfrun.perfcollector <> - format: umask config:8-15 mask:8-15
329 [22885273953984] INFO perfrun.perfcollector <> - format: thresh config:24-31 mask:24-31
329 [22885273953984] INFO perfrun.perfcollector <> - hwInfo: PERF_IMC_PMU_DETAILS
329 [22885273953984] INFO perfrun.perfcollector <> - pmu added: family: uncore_imc, id: 0
329 [22885273953984] INFO perfrun.perfcollector <> - dir found: /sys/bus/event_source/devices/uncore_cbox_10
330 [22885273953984] INFO perfrun.perfcollector <> - format: event config:0-7 mask:0-7
330 [22885273953984] INFO perfrun.perfcollector <> - format: filter_link config1:6-8 mask:6-8
330 [22885273953984] INFO perfrun.perfcollector <> - format: filter_c6 config1:61 mask:61
330 [22885273953984] INFO perfrun.perfcollector <> - format: edge config:18 mask:18
330 [22885273953984] INFO perfrun.perfcollector <> - format: filter_isoc config1:63 mask:63
330 [22885273953984] INFO perfrun.perfcollector <> - format: filter_tid config1:0-5 mask:0-5
331 [22885273953984] INFO perfrun.perfcollector <> - format: filter_nid config1:32-47 mask:32-47
331 [22885273953984] INFO perfrun.perfcollector <> - format: filter_nc config1:62 mask:62
331 [22885273953984] INFO perfrun.perfcollector <> - format: umask config:8-15 mask:8-15
331 [22885273953984] INFO perfrun.perfcollector <> - format: tid_en config:19 mask:19
331 [22885273953984] INFO perfrun.perfcollector <> - format: thresh config:24-31 mask:24-31
331 [22885273953984] INFO perfrun.perfcollector <> - format: filter_state config1:17-23 mask:17-23
331 [22885273953984] INFO perfrun.perfcollector <> - format: filter_opc config1:52-60 mask:52-60
331 [22885273953984] INFO perfrun.perfcollector <> - hwInfo: PERF_CBOX_PMU_DETAILS
331 [22885273953984] INFO perfrun.perfcollector <> - pmu added: family: uncore_cbox, id: 10
331 [22885273953984] INFO perfrun.perfcollector <> - dir found: /sys/bus/event_source/devices/uncore_pcu
331 [22885273953984] INFO perfrun.perfcollector <> - format: filter_band2 config1:16-23 mask:16-23
332 [22885273953984] INFO perfrun.perfcollector <> - format: event config:0-7 mask:0-7
332 [22885273953984] INFO perfrun.perfcollector <> - format: filter_band0 config1:0-7 mask:0-7
332 [22885273953984] INFO perfrun.perfcollector <> - format: edge config:18 mask:18
332 [22885273953984] INFO perfrun.perfcollector <> - format: occ_invert config:30 mask:30
332 [22885273953984] INFO perfrun.perfcollector <> - format: occ_edge config:14-51 mask:14-51
332 [22885273953984] INFO perfrun.perfcollector <> - format: filter_band3 config1:24-31 mask:24-31
332 [22885273953984] INFO perfrun.perfcollector <> - format: filter_band1 config1:8-15 mask:8-15
332 [22885273953984] INFO perfrun.perfcollector <> - format: inv config:23 mask:23
332 [22885273953984] INFO perfrun.perfcollector <> - format: thresh config:24-28 mask:24-28
332 [22885273953984] INFO perfrun.perfcollector <> - format: occ_sel config:14-15 mask:14-15
332 [22885273953984] INFO perfrun.perfcollector <> - hwInfo: not set, pmuFam: uncore_pcu
332 [22885273953984] INFO perfrun.perfcollector <> - pmu added: family: uncore_pcu, id: 0
332 [22885273953984] INFO perfrun.perfcollector <> - dir found: /sys/bus/event_source/devices/uncore_r3qpi_1
333 [22885273953984] INFO perfrun.perfcollector <> - format: event config:0-7 mask:0-7
333 [22885273953984] INFO perfrun.perfcollector <> - format: edge config:18 mask:18
333 [22885273953984] INFO perfrun.perfcollector <> - format: inv config:23 mask:23
333 [22885273953984] INFO perfrun.perfcollector <> - format: umask config:8-15 mask:8-15
333 [22885273953984] INFO perfrun.perfcollector <> - format: thresh config:24-31 mask:24-31
333 [22885273953984] INFO perfrun.perfcollector <> - hwInfo: not set, pmuFam: uncore_r3qpi
333 [22885273953984] INFO perfrun.perfcollector <> - pmu added: family: uncore_r3qpi, id: 1
333 [22885273953984] INFO perfrun.perfcollector <> - dir found: /sys/bus/event_source/devices/msr
334 [22885273953984] INFO perfrun.perfcollector <> - format: event config:0-63 mask:0-63
334 [22885273953984] INFO perfrun.perfcollector <> - hwInfo: not set, pmuFam: msr
334 [22885273953984] INFO perfrun.perfcollector <> - pmu added: family: msr, id: 0
334 [22885273953984] INFO perfrun.perfcollector <> - dir found: /sys/bus/event_source/devices/uncore_cbox_3
334 [22885273953984] INFO perfrun.perfcollector <> - format: event config:0-7 mask:0-7
334 [22885273953984] INFO perfrun.perfcollector <> - format: filter_link config1:6-8 mask:6-8
334 [22885273953984] INFO perfrun.perfcollector <> - format: filter_c6 config1:61 mask:61
334 [22885273953984] INFO perfrun.perfcollector <> - format: edge config:18 mask:18
334 [22885273953984] INFO perfrun.perfcollector <> - format: filter_isoc config1:63 mask:63
334 [22885273953984] INFO perfrun.perfcollector <> - format: filter_tid config1:0-5 mask:0-5
334 [22885273953984] INFO perfrun.perfcollector <> - format: filter_nid config1:32-47 mask:32-47
334 [22885273953984] INFO perfrun.perfcollector <> - format: filter_nc config1:62 mask:62
335 [22885273953984] INFO perfrun.perfcollector <> - format: umask config:8-15 mask:8-15
335 [22885273953984] INFO perfrun.perfcollector <> - format: tid_en config:19 mask:19
335 [22885273953984] INFO perfrun.perfcollector <> - format: thresh config:24-31 mask:24-31
335 [22885273953984] INFO perfrun.perfcollector <> - format: filter_state config1:17-23 mask:17-23
335 [22885273953984] INFO perfrun.perfcollector <> - format: filter_opc config1:52-60 mask:52-60
335 [22885273953984] INFO perfrun.perfcollector <> - hwInfo: PERF_CBOX_PMU_DETAILS
335 [22885273953984] INFO perfrun.perfcollector <> - pmu added: family: uncore_cbox, id: 3
335 [22885273953984] INFO perfrun.perfcollector <> - dir found: /sys/bus/event_source/devices/intel_pt
335 [22885273953984] INFO perfrun.perfcollector <> - format: ptw config:12 mask:12
335 [22885273953984] INFO perfrun.perfcollector <> - format: event config:31 mask:31
335 [22885273953984] INFO perfrun.perfcollector <> - format: cyc_thresh config:19-22 mask:19-22
335 [22885273953984] INFO perfrun.perfcollector <> - format: pt config:0 mask:0
336 [22885273953984] INFO perfrun.perfcollector <> - format: notnt config:55 mask:55
336 [22885273953984] INFO perfrun.perfcollector <> - format: branch config:13 mask:13
336 [22885273953984] INFO perfrun.perfcollector <> - format: tsc config:10 mask:10
336 [22885273953984] INFO perfrun.perfcollector <> - format: pwr_evt config:4 mask:4
336 [22885273953984] INFO perfrun.perfcollector <> - format: fup_on_ptw config:5 mask:5
336 [22885273953984] INFO perfrun.perfcollector <> - format: cyc config:1 mask:1
336 [22885273953984] INFO perfrun.perfcollector <> - format: noretcomp config:11 mask:11
336 [22885273953984] INFO perfrun.perfcollector <> - format: mtc config:9 mask:9
336 [22885273953984] INFO perfrun.perfcollector <> - format: psb_period config:24-27 mask:24-27
336 [22885273953984] INFO perfrun.perfcollector <> - format: mtc_period config:14-17 mask:14-17
336 [22885273953984] INFO perfrun.perfcollector <> - hwInfo: not set, pmuFam: intel_pt
336 [22885273953984] INFO perfrun.perfcollector <> - pmu added: family: intel_pt, id: 0
336 [22885273953984] INFO perfrun.perfcollector <> - dir found: /sys/bus/event_source/devices/uncore_ha_1
337 [22885273953984] INFO perfrun.perfcollector <> - format: event config:0-7 mask:0-7
337 [22885273953984] INFO perfrun.perfcollector <> - format: edge config:18 mask:18
337 [22885273953984] INFO perfrun.perfcollector <> - format: inv config:23 mask:23
337 [22885273953984] INFO perfrun.perfcollector <> - format: umask config:8-15 mask:8-15
337 [22885273953984] INFO perfrun.perfcollector <> - format: thresh config:24-31 mask:24-31
337 [22885273953984] INFO perfrun.perfcollector <> - hwInfo: not set, pmuFam: uncore_ha
337 [22885273953984] INFO perfrun.perfcollector <> - pmu added: family: uncore_ha, id: 1
337 [22885273953984] INFO perfrun.perfcollector <> - dir found: /sys/bus/event_source/devices/uncore_cbox_1
337 [22885273953984] INFO perfrun.perfcollector <> - format: event config:0-7 mask:0-7
337 [22885273953984] INFO perfrun.perfcollector <> - format: filter_link config1:6-8 mask:6-8
337 [22885273953984] INFO perfrun.perfcollector <> - format: filter_c6 config1:61 mask:61
338 [22885273953984] INFO perfrun.perfcollector <> - format: edge config:18 mask:18
338 [22885273953984] INFO perfrun.perfcollector <> - format: filter_isoc config1:63 mask:63
338 [22885273953984] INFO perfrun.perfcollector <> - format: filter_tid config1:0-5 mask:0-5
338 [22885273953984] INFO perfrun.perfcollector <> - format: filter_nid config1:32-47 mask:32-47
338 [22885273953984] INFO perfrun.perfcollector <> - format: filter_nc config1:62 mask:62
338 [22885273953984] INFO perfrun.perfcollector <> - format: umask config:8-15 mask:8-15
338 [22885273953984] INFO perfrun.perfcollector <> - format: tid_en config:19 mask:19
338 [22885273953984] INFO perfrun.perfcollector <> - format: thresh config:24-31 mask:24-31
338 [22885273953984] INFO perfrun.perfcollector <> - format: filter_state config1:17-23 mask:17-23
339 [22885273953984] INFO perfrun.perfcollector <> - format: filter_opc config1:52-60 mask:52-60
339 [22885273953984] INFO perfrun.perfcollector <> - hwInfo: PERF_CBOX_PMU_DETAILS
339 [22885273953984] INFO perfrun.perfcollector <> - pmu added: family: uncore_cbox, id: 1
339 [22885273953984] INFO perfrun.sdk <> - runCmd: /opt/intel/oneapi/vtune/2023.1.0/bin64/sep -dry-run -sam 1 -ec CPU_CLK_UNHALTED.THREAD,CPU_CLK_UNHALTED.REF_TSC:sample:sa=2400000,INST_RETIRED.ANY:sample:sa=2400000,CPU_CLK_UNHALTED.REF_XCLK,CPU_CLK_UNHALTED.ONE_THREAD_ACTIVE,FP_ARITH_INST_RETIRED.SCALAR_SINGLE,FP_ARITH_INST_RETIRED.128B_PACKED_SINGLE,FP_ARITH_INST_RETIRED.256B_PACKED_SINGLE,FP_ARITH_INST_RETIRED.SCALAR_DOUBLE,FP_ARITH_INST_RETIRED.128B_PACKED_DOUBLE,FP_ARITH_INST_RETIRED.256B_PACKED_DOUBLE,INST_RETIRED.X87,UOPS_RETIRED.RETIRE_SLOTS:sample:sa=2000003 -experimental
339 [22885273953984] INFO perfrun.sdk <> - runCmd started PID 2284404
369 [22885273953984] INFO perfrun.perfcollector <> - SepDryRun RC = true
372 [22885273953984] INFO perfrun.perfcollector <> - DRY_RUN: "PMU type: Core (core)"
372 [22885273953984] INFO perfrun.perfcollector <> - pmu type: cpu
373 [22885273953984] INFO perfrun.perfcollector <> - DRY_RUN: "Group 0:"
373 [22885273953984] INFO perfrun.perfcollector <> - id: 0
373 [22885273953984] INFO perfrun.perfcollector <> - DRY_RUN: "INST_RETIRED.ANY: event id 2"
373 [22885273953984] INFO perfrun.perfcollector <> - eventName: INST_RETIRED.ANY, eventId: 2
373 [22885273953984] INFO perfrun.perfcollector <> - DRY_RUN: "CPU_CLK_UNHALTED.THREAD: event id 0"
373 [22885273953984] INFO perfrun.perfcollector <> - eventName: CPU_CLK_UNHALTED.THREAD, eventId: 0
373 [22885273953984] INFO perfrun.perfcollector <> - DRY_RUN: "CPU_CLK_UNHALTED.REF_TSC: event id 1"
373 [22885273953984] INFO perfrun.perfcollector <> - eventName: CPU_CLK_UNHALTED.REF_TSC, eventId: 1
373 [22885273953984] INFO perfrun.perfcollector <> - DRY_RUN: "FP_ARITH_INST_RETIRED.SCALAR_SINGLE: event id 5"
373 [22885273953984] INFO perfrun.perfcollector <> - eventName: FP_ARITH_INST_RETIRED.SCALAR_SINGLE, eventId: 5
373 [22885273953984] INFO perfrun.perfcollector <> - DRY_RUN: "FP_ARITH_INST_RETIRED.128B_PACKED_SINGLE: event id 6"
373 [22885273953984] INFO perfrun.perfcollector <> - eventName: FP_ARITH_INST_RETIRED.128B_PACKED_SINGLE, eventId: 6
373 [22885273953984] INFO perfrun.perfcollector <> - DRY_RUN: "FP_ARITH_INST_RETIRED.256B_PACKED_SINGLE: event id 7"
373 [22885273953984] INFO perfrun.perfcollector <> - eventName: FP_ARITH_INST_RETIRED.256B_PACKED_SINGLE, eventId: 7
373 [22885273953984] INFO perfrun.perfcollector <> - DRY_RUN: "FP_ARITH_INST_RETIRED.SCALAR_DOUBLE: event id 8"
373 [22885273953984] INFO perfrun.perfcollector <> - eventName: FP_ARITH_INST_RETIRED.SCALAR_DOUBLE, eventId: 8
373 [22885273953984] INFO perfrun.perfcollector <> - DRY_RUN: "CPU_CLK_UNHALTED.REF_XCLK: event id 3"
373 [22885273953984] INFO perfrun.perfcollector <> - eventName: CPU_CLK_UNHALTED.REF_XCLK, eventId: 3
373 [22885273953984] INFO perfrun.perfcollector <> - DRY_RUN: "CPU_CLK_UNHALTED.ONE_THREAD_ACTIVE: event id 4"
373 [22885273953984] INFO perfrun.perfcollector <> - eventName: CPU_CLK_UNHALTED.ONE_THREAD_ACTIVE, eventId: 4
373 [22885273953984] INFO perfrun.perfcollector <> - DRY_RUN: "INST_RETIRED.X87: event id 11"
373 [22885273953984] INFO perfrun.perfcollector <> - eventName: INST_RETIRED.X87, eventId: 11
373 [22885273953984] INFO perfrun.perfcollector <> - DRY_RUN: "UOPS_RETIRED.RETIRE_SLOTS: event id 12"
373 [22885273953984] INFO perfrun.perfcollector <> - eventName: UOPS_RETIRED.RETIRE_SLOTS, eventId: 12
373 [22885273953984] INFO perfrun.perfcollector <> - DRY_RUN: "CCCR"
373 [22885273953984] INFO perfrun.perfcollector <> - DRY_RUN: "reg_type       = 1	event_id       = g	reg_id         = 38f	reg_value      = 7000000ff"
373 [22885273953984] INFO perfrun.perfcollector <> - eventId: g, skip parsing event_id
373 [22885273953984] INFO perfrun.perfcollector <> - Register was ignored: group_id: 0, reg_type: 1, event_id: 4294967295, reg_id: 38f, reg_value: 7000000ff, pmu_name: cpu
373 [22885273953984] INFO perfrun.perfcollector <> - DRY_RUN: "reg_type       = 1	event_id       = g	reg_id         = 390	reg_value      = 7000000ff"
373 [22885273953984] INFO perfrun.perfcollector <> - eventId: g, skip parsing event_id
373 [22885273953984] INFO perfrun.perfcollector <> - Register was ignored: group_id: 0, reg_type: 1, event_id: 4294967295, reg_id: 390, reg_value: 7000000ff, pmu_name: cpu
373 [22885273953984] INFO perfrun.perfcollector <> - DRY_RUN: "reg_type       = 1	event_id       = g	reg_id         = 3f1	reg_value      = 0"
373 [22885273953984] INFO perfrun.perfcollector <> - eventId: g, skip parsing event_id
373 [22885273953984] INFO perfrun.perfcollector <> - Register was ignored: group_id: 0, reg_type: 1, event_id: 4294967295, reg_id: 3f1, reg_value: 0, pmu_name: cpu
373 [22885273953984] INFO perfrun.perfcollector <> - DRY_RUN: "reg_type       = 1	event_id       = g	reg_id         = 1d9	reg_value      = 1800"
373 [22885273953984] INFO perfrun.perfcollector <> - eventId: g, skip parsing event_id
373 [22885273953984] INFO perfrun.perfcollector <> - Register was ignored: group_id: 0, reg_type: 1, event_id: 4294967295, reg_id: 1d9, reg_value: 1800, pmu_name: cpu
373 [22885273953984] INFO perfrun.perfcollector <> - DRY_RUN: "reg_type       = 1	event_id       = g	reg_id         = 38d	reg_value      = bbb"
373 [22885273953984] INFO perfrun.perfcollector <> - eventId: g, skip parsing event_id
373 [22885273953984] INFO perfrun.perfcollector <> - Register was ignored: group_id: 0, reg_type: 1, event_id: 4294967295, reg_id: 38d, reg_value: bbb, pmu_name: cpu
373 [22885273953984] INFO perfrun.perfcollector <> - DRY_RUN: "reg_type       = 1	event_id       = 5	reg_id         = 186	reg_value      = 5302c7"
373 [22885273953984] INFO perfrun.perfcollector <> - Event selector: group_id: 0, reg_type: 1, event_id: 5, reg_id: 186, reg_value: 5302c7, pmu_name: cpu
373 [22885273953984] INFO perfrun.perfcollector <> - DRY_RUN: "reg_type       = 1	event_id       = 6	reg_id         = 187	reg_value      = 5308c7"
373 [22885273953984] INFO perfrun.perfcollector <> - Event selector: group_id: 0, reg_type: 1, event_id: 6, reg_id: 187, reg_value: 5308c7, pmu_name: cpu
373 [22885273953984] INFO perfrun.perfcollector <> - DRY_RUN: "reg_type       = 1	event_id       = 7	reg_id         = 188	reg_value      = 5320c7"
373 [22885273953984] INFO perfrun.perfcollector <> - Event selector: group_id: 0, reg_type: 1, event_id: 7, reg_id: 188, reg_value: 5320c7, pmu_name: cpu
373 [22885273953984] INFO perfrun.perfcollector <> - DRY_RUN: "reg_type       = 1	event_id       = 8	reg_id         = 189	reg_value      = 5301c7"
373 [22885273953984] INFO perfrun.perfcollector <> - Event selector: group_id: 0, reg_type: 1, event_id: 8, reg_id: 189, reg_value: 5301c7, pmu_name: cpu
373 [22885273953984] INFO perfrun.perfcollector <> - DRY_RUN: "reg_type       = 1	event_id       = 3	reg_id         = 18a	reg_value      = 53013c"
373 [22885273953984] INFO perfrun.perfcollector <> - Event selector: group_id: 0, reg_type: 1, event_id: 3, reg_id: 18a, reg_value: 53013c, pmu_name: cpu
373 [22885273953984] INFO perfrun.perfcollector <> - DRY_RUN: "reg_type       = 1	event_id       = 4	reg_id         = 18b	reg_value      = 53023c"
373 [22885273953984] INFO perfrun.perfcollector <> - Event selector: group_id: 0, reg_type: 1, event_id: 4, reg_id: 18b, reg_value: 53023c, pmu_name: cpu
373 [22885273953984] INFO perfrun.perfcollector <> - DRY_RUN: "reg_type       = 1	event_id       = 11	reg_id         = 18c	reg_value      = 5302c0"
373 [22885273953984] INFO perfrun.perfcollector <> - Event selector: group_id: 0, reg_type: 1, event_id: 11, reg_id: 18c, reg_value: 5302c0, pmu_name: cpu
373 [22885273953984] INFO perfrun.perfcollector <> - DRY_RUN: "reg_type       = 1	event_id       = 12	reg_id         = 18d	reg_value      = 5302c2"
373 [22885273953984] INFO perfrun.perfcollector <> - Event selector: group_id: 0, reg_type: 1, event_id: 12, reg_id: 18d, reg_value: 5302c2, pmu_name: cpu
373 [22885273953984] INFO perfrun.perfcollector <> - DRY_RUN: "ESCR"
373 [22885273953984] INFO perfrun.perfcollector <> - DRY_RUN: "reg_type       = 2	event_id       = g	reg_id         = 1c8	reg_value      = 0"
373 [22885273953984] INFO perfrun.perfcollector <> - eventId: g, skip parsing event_id
373 [22885273953984] INFO perfrun.perfcollector <> - DRY_RUN: "DATA"
373 [22885273953984] INFO perfrun.perfcollector <> - DRY_RUN: "reg_type       = 4	event_id       = 2	reg_id         = 309	reg_value      = ffffffdb6100"
373 [22885273953984] INFO perfrun.perfcollector <> - eventId: 2, dataAddr: 309, dataVal: ffffffdb6100
373 [22885273953984] INFO perfrun.perfcollector <> - DRY_RUN: "reg_type       = 4	event_id       = 0	reg_id         = 30a	reg_value      = ffffffe17b7d"
373 [22885273953984] INFO perfrun.perfcollector <> - eventId: 0, dataAddr: 30a, dataVal: ffffffe17b7d
373 [22885273953984] INFO perfrun.perfcollector <> - DRY_RUN: "reg_type       = 4	event_id       = 1	reg_id         = 30b	reg_value      = ffffffdb6100"
373 [22885273953984] INFO perfrun.perfcollector <> - eventId: 1, dataAddr: 30b, dataVal: ffffffdb6100
373 [22885273953984] INFO perfrun.perfcollector <> - DRY_RUN: "reg_type       = 4	event_id       = 5	reg_id         = c1	reg_value      = ffffffe17b7d"
373 [22885273953984] INFO perfrun.perfcollector <> - eventId: 5, dataAddr: c1, dataVal: ffffffe17b7d
373 [22885273953984] INFO perfrun.perfcollector <> - DRY_RUN: "reg_type       = 4	event_id       = 6	reg_id         = c2	reg_value      = ffffffe17b7d"
373 [22885273953984] INFO perfrun.perfcollector <> - eventId: 6, dataAddr: c2, dataVal: ffffffe17b7d
373 [22885273953984] INFO perfrun.perfcollector <> - DRY_RUN: "reg_type       = 4	event_id       = 7	reg_id         = c3	reg_value      = ffffffe17b7d"
373 [22885273953984] INFO perfrun.perfcollector <> - eventId: 7, dataAddr: c3, dataVal: ffffffe17b7d
373 [22885273953984] INFO perfrun.perfcollector <> - DRY_RUN: "reg_type       = 4	event_id       = 8	reg_id         = c4	reg_value      = ffffffe17b7d"
373 [22885273953984] INFO perfrun.perfcollector <> - eventId: 8, dataAddr: c4, dataVal: ffffffe17b7d
373 [22885273953984] INFO perfrun.perfcollector <> - DRY_RUN: "reg_type       = 4	event_id       = 3	reg_id         = c5	reg_value      = fffffffe795d"
373 [22885273953984] INFO perfrun.perfcollector <> - eventId: 3, dataAddr: c5, dataVal: fffffffe795d
373 [22885273953984] INFO perfrun.perfcollector <> - DRY_RUN: "reg_type       = 4	event_id       = 4	reg_id         = c6	reg_value      = fffffffe795d"
373 [22885273953984] INFO perfrun.perfcollector <> - eventId: 4, dataAddr: c6, dataVal: fffffffe795d
373 [22885273953984] INFO perfrun.perfcollector <> - DRY_RUN: "reg_type       = 4	event_id       = 11	reg_id         = c7	reg_value      = ffffffe17b7d"
373 [22885273953984] INFO perfrun.perfcollector <> - eventId: 11, dataAddr: c7, dataVal: ffffffe17b7d
373 [22885273953984] INFO perfrun.perfcollector <> - DRY_RUN: "reg_type       = 4	event_id       = 12	reg_id         = c8	reg_value      = ffffffe17b7d"
373 [22885273953984] INFO perfrun.perfcollector <> - eventId: 12, dataAddr: c8, dataVal: ffffffe17b7d
373 [22885273953984] INFO perfrun.perfcollector <> - DRY_RUN: "Group 1:"
373 [22885273953984] INFO perfrun.perfcollector <> - id: 1
373 [22885273953984] INFO perfrun.perfcollector <> - DRY_RUN: "INST_RETIRED.ANY: event id 2"
373 [22885273953984] INFO perfrun.perfcollector <> - eventName: INST_RETIRED.ANY, eventId: 2
373 [22885273953984] INFO perfrun.perfcollector <> - DRY_RUN: "CPU_CLK_UNHALTED.THREAD: event id 0"
373 [22885273953984] INFO perfrun.perfcollector <> - eventName: CPU_CLK_UNHALTED.THREAD, eventId: 0
373 [22885273953984] INFO perfrun.perfcollector <> - DRY_RUN: "CPU_CLK_UNHALTED.REF_TSC: event id 1"
373 [22885273953984] INFO perfrun.perfcollector <> - eventName: CPU_CLK_UNHALTED.REF_TSC, eventId: 1
373 [22885273953984] INFO perfrun.perfcollector <> - DRY_RUN: "FP_ARITH_INST_RETIRED.128B_PACKED_DOUBLE: event id 9"
373 [22885273953984] INFO perfrun.perfcollector <> - eventName: FP_ARITH_INST_RETIRED.128B_PACKED_DOUBLE, eventId: 9
373 [22885273953984] INFO perfrun.perfcollector <> - DRY_RUN: "FP_ARITH_INST_RETIRED.256B_PACKED_DOUBLE: event id 10"
373 [22885273953984] INFO perfrun.perfcollector <> - eventName: FP_ARITH_INST_RETIRED.256B_PACKED_DOUBLE, eventId: 10
373 [22885273953984] INFO perfrun.perfcollector <> - DRY_RUN: "CCCR"
373 [22885273953984] INFO perfrun.perfcollector <> - DRY_RUN: "reg_type       = 1	event_id       = g	reg_id         = 38f	reg_value      = 700000003"
373 [22885273953984] INFO perfrun.perfcollector <> - eventId: g, skip parsing event_id
373 [22885273953984] INFO perfrun.perfcollector <> - Register was ignored: group_id: 1, reg_type: 1, event_id: 4294967295, reg_id: 38f, reg_value: 700000003, pmu_name: cpu
373 [22885273953984] INFO perfrun.perfcollector <> - DRY_RUN: "reg_type       = 1	event_id       = g	reg_id         = 390	reg_value      = 700000003"
373 [22885273953984] INFO perfrun.perfcollector <> - eventId: g, skip parsing event_id
373 [22885273953984] INFO perfrun.perfcollector <> - Register was ignored: group_id: 1, reg_type: 1, event_id: 4294967295, reg_id: 390, reg_value: 700000003, pmu_name: cpu
373 [22885273953984] INFO perfrun.perfcollector <> - DRY_RUN: "reg_type       = 1	event_id       = g	reg_id         = 3f1	reg_value      = 0"
373 [22885273953984] INFO perfrun.perfcollector <> - eventId: g, skip parsing event_id
373 [22885273953984] INFO perfrun.perfcollector <> - Register was ignored: group_id: 1, reg_type: 1, event_id: 4294967295, reg_id: 3f1, reg_value: 0, pmu_name: cpu
373 [22885273953984] INFO perfrun.perfcollector <> - DRY_RUN: "reg_type       = 1	event_id       = g	reg_id         = 1d9	reg_value      = 1800"
373 [22885273953984] INFO perfrun.perfcollector <> - eventId: g, skip parsing event_id
373 [22885273953984] INFO perfrun.perfcollector <> - Register was ignored: group_id: 1, reg_type: 1, event_id: 4294967295, reg_id: 1d9, reg_value: 1800, pmu_name: cpu
373 [22885273953984] INFO perfrun.perfcollector <> - DRY_RUN: "reg_type       = 1	event_id       = g	reg_id         = 38d	reg_value      = bbb"
373 [22885273953984] INFO perfrun.perfcollector <> - eventId: g, skip parsing event_id
373 [22885273953984] INFO perfrun.perfcollector <> - Register was ignored: group_id: 1, reg_type: 1, event_id: 4294967295, reg_id: 38d, reg_value: bbb, pmu_name: cpu
373 [22885273953984] INFO perfrun.perfcollector <> - DRY_RUN: "reg_type       = 1	event_id       = 9	reg_id         = 186	reg_value      = 5304c7"
373 [22885273953984] INFO perfrun.perfcollector <> - Event selector: group_id: 1, reg_type: 1, event_id: 9, reg_id: 186, reg_value: 5304c7, pmu_name: cpu
373 [22885273953984] INFO perfrun.perfcollector <> - DRY_RUN: "reg_type       = 1	event_id       = 10	reg_id         = 187	reg_value      = 5310c7"
373 [22885273953984] INFO perfrun.perfcollector <> - Event selector: group_id: 1, reg_type: 1, event_id: 10, reg_id: 187, reg_value: 5310c7, pmu_name: cpu
373 [22885273953984] INFO perfrun.perfcollector <> - DRY_RUN: "ESCR"
373 [22885273953984] INFO perfrun.perfcollector <> - DRY_RUN: "reg_type       = 2	event_id       = g	reg_id         = 1c8	reg_value      = 0"
373 [22885273953984] INFO perfrun.perfcollector <> - eventId: g, skip parsing event_id
373 [22885273953984] INFO perfrun.perfcollector <> - DRY_RUN: "DATA"
373 [22885273953984] INFO perfrun.perfcollector <> - DRY_RUN: "reg_type       = 4	event_id       = 2	reg_id         = 309	reg_value      = ffffffdb6100"
373 [22885273953984] INFO perfrun.perfcollector <> - eventId: 2, dataAddr: 309, dataVal: ffffffdb6100
373 [22885273953984] INFO perfrun.perfcollector <> - DRY_RUN: "reg_type       = 4	event_id       = 0	reg_id         = 30a	reg_value      = ffffffe17b7d"
373 [22885273953984] INFO perfrun.perfcollector <> - eventId: 0, dataAddr: 30a, dataVal: ffffffe17b7d
373 [22885273953984] INFO perfrun.perfcollector <> - DRY_RUN: "reg_type       = 4	event_id       = 1	reg_id         = 30b	reg_value      = ffffffdb6100"
373 [22885273953984] INFO perfrun.perfcollector <> - eventId: 1, dataAddr: 30b, dataVal: ffffffdb6100
373 [22885273953984] INFO perfrun.perfcollector <> - DRY_RUN: "reg_type       = 4	event_id       = 9	reg_id         = c1	reg_value      = ffffffe17b7d"
373 [22885273953984] INFO perfrun.perfcollector <> - eventId: 9, dataAddr: c1, dataVal: ffffffe17b7d
373 [22885273953984] INFO perfrun.perfcollector <> - DRY_RUN: "reg_type       = 4	event_id       = 10	reg_id         = c2	reg_value      = ffffffe17b7d"
373 [22885273953984] INFO perfrun.perfcollector <> - eventId: 10, dataAddr: c2, dataVal: ffffffe17b7d
373 [22885273953984] INFO perfrun.perfcollector <> - event name: CPU_CLK_UNHALTED.THREAD
373 [22885273953984] INFO perfrun.perfcollector <> - pmu config: cpu
373 [22885273953984] INFO perfrun.perfcollector <> - cccrAddr: ffffffff, cccrValue: 0
373 [22885273953984] INFO perfrun.perfcollector <> - dataAddr: 30a, dataValue: ffffffffffe17b7d
373 [22885273953984] INFO perfrun.perfcollector <> - escrAddr: ffffffff, escrValue: 0
373 [22885273953984] INFO perfrun.perfcollector <> - extendedPebsValue: 0
373 [22885273953984] INFO perfrun.perfcollector <> - adaptivePebsAvailable: 0
373 [22885273953984] INFO perfrun.perfcollector <> - config: event: 3c
373 [22885273953984] INFO perfrun.perfcollector <> - config: pc: 0
373 [22885273953984] INFO perfrun.perfcollector <> - config: in_tx: 0
373 [22885273953984] INFO perfrun.perfcollector <> - config: edge: 0
373 [22885273953984] INFO perfrun.perfcollector <> - config: any: 0
373 [22885273953984] INFO perfrun.perfcollector <> - config1: offcore_rsp: 0
373 [22885273953984] INFO perfrun.perfcollector <> - config: in_tx_cp: 0
373 [22885273953984] INFO perfrun.perfcollector <> - config1: ldlat: 0
373 [22885273953984] INFO perfrun.perfcollector <> - config: inv: 0
373 [22885273953984] INFO perfrun.perfcollector <> - config: umask: 0
373 [22885273953984] INFO perfrun.perfcollector <> - config: cmask: 0
373 [22885273953984] INFO perfrun.perfcollector <> - format: cpu/event=0x3c,name='CPU_CLK_UNHALTED.THREAD'/D
373 [22885273953984] INFO perfrun.perfcollector <> - event name: CPU_CLK_UNHALTED.REF_TSC
373 [22885273953984] INFO perfrun.perfcollector <> - pmu config: cpu
373 [22885273953984] INFO perfrun.perfcollector <> - cccrAddr: ffffffff, cccrValue: 0
373 [22885273953984] INFO perfrun.perfcollector <> - dataAddr: 30b, dataValue: ffffffffffdb6100
373 [22885273953984] INFO perfrun.perfcollector <> - escrAddr: ffffffff, escrValue: 0
373 [22885273953984] INFO perfrun.perfcollector <> - extendedPebsValue: 0
373 [22885273953984] INFO perfrun.perfcollector <> - adaptivePebsAvailable: 0
373 [22885273953984] INFO perfrun.perfcollector <> - config: event: 0
373 [22885273953984] INFO perfrun.perfcollector <> - config: pc: 0
373 [22885273953984] INFO perfrun.perfcollector <> - config: in_tx: 0
373 [22885273953984] INFO perfrun.perfcollector <> - config: edge: 0
373 [22885273953984] INFO perfrun.perfcollector <> - config: any: 0
373 [22885273953984] INFO perfrun.perfcollector <> - config1: offcore_rsp: 0
373 [22885273953984] INFO perfrun.perfcollector <> - config: in_tx_cp: 0
373 [22885273953984] INFO perfrun.perfcollector <> - config1: ldlat: 0
373 [22885273953984] INFO perfrun.perfcollector <> - config: inv: 0
373 [22885273953984] INFO perfrun.perfcollector <> - config: umask: 3
373 [22885273953984] INFO perfrun.perfcollector <> - config: cmask: 0
373 [22885273953984] INFO perfrun.perfcollector <> - format: cpu/umask=0x3,name='CPU_CLK_UNHALTED.REF_TSC'/D
373 [22885273953984] INFO perfrun.perfcollector <> - event name: INST_RETIRED.ANY
373 [22885273953984] INFO perfrun.perfcollector <> - pmu config: cpu
373 [22885273953984] INFO perfrun.perfcollector <> - cccrAddr: ffffffff, cccrValue: 0
373 [22885273953984] INFO perfrun.perfcollector <> - dataAddr: 309, dataValue: ffffffffffdb6100
373 [22885273953984] INFO perfrun.perfcollector <> - escrAddr: ffffffff, escrValue: 0
373 [22885273953984] INFO perfrun.perfcollector <> - extendedPebsValue: 0
373 [22885273953984] INFO perfrun.perfcollector <> - adaptivePebsAvailable: 0
373 [22885273953984] INFO perfrun.perfcollector <> - config: event: c0
373 [22885273953984] INFO perfrun.perfcollector <> - config: pc: 0
373 [22885273953984] INFO perfrun.perfcollector <> - config: in_tx: 0
373 [22885273953984] INFO perfrun.perfcollector <> - config: edge: 0
373 [22885273953984] INFO perfrun.perfcollector <> - config: any: 0
373 [22885273953984] INFO perfrun.perfcollector <> - config1: offcore_rsp: 0
373 [22885273953984] INFO perfrun.perfcollector <> - config: in_tx_cp: 0
373 [22885273953984] INFO perfrun.perfcollector <> - config1: ldlat: 0
373 [22885273953984] INFO perfrun.perfcollector <> - config: inv: 0
373 [22885273953984] INFO perfrun.perfcollector <> - config: umask: 0
373 [22885273953984] INFO perfrun.perfcollector <> - config: cmask: 0
373 [22885273953984] INFO perfrun.perfcollector <> - format: cpu/event=0xc0,name='INST_RETIRED.ANY'/D
373 [22885273953984] INFO perfrun.perfcollector <> - event name: FP_ARITH_INST_RETIRED.SCALAR_SINGLE
373 [22885273953984] INFO perfrun.perfcollector <> - pmu config: cpu
373 [22885273953984] INFO perfrun.perfcollector <> - cccrAddr: 186, cccrValue: 5302c7
373 [22885273953984] INFO perfrun.perfcollector <> - dataAddr: c1, dataValue: ffffffffffe17b7d
373 [22885273953984] INFO perfrun.perfcollector <> - escrAddr: ffffffff, escrValue: 0
373 [22885273953984] INFO perfrun.perfcollector <> - extendedPebsValue: 0
373 [22885273953984] INFO perfrun.perfcollector <> - adaptivePebsAvailable: 0
373 [22885273953984] INFO perfrun.perfcollector <> - config: event: c7
373 [22885273953984] INFO perfrun.perfcollector <> - config: pc: 0
373 [22885273953984] INFO perfrun.perfcollector <> - config: in_tx: 0
373 [22885273953984] INFO perfrun.perfcollector <> - config: edge: 0
373 [22885273953984] INFO perfrun.perfcollector <> - config: any: 0
373 [22885273953984] INFO perfrun.perfcollector <> - config1: offcore_rsp: 0
373 [22885273953984] INFO perfrun.perfcollector <> - config: in_tx_cp: 0
373 [22885273953984] INFO perfrun.perfcollector <> - config1: ldlat: 0
373 [22885273953984] INFO perfrun.perfcollector <> - config: inv: 0
373 [22885273953984] INFO perfrun.perfcollector <> - config: umask: 2
373 [22885273953984] INFO perfrun.perfcollector <> - config: cmask: 0
373 [22885273953984] INFO perfrun.perfcollector <> - format: cpu/event=0xc7,umask=0x2,name='FP_ARITH_INST_RETIRED.SCALAR_SINGLE'/
373 [22885273953984] INFO perfrun.perfcollector <> - event name: FP_ARITH_INST_RETIRED.128B_PACKED_SINGLE
373 [22885273953984] INFO perfrun.perfcollector <> - pmu config: cpu
373 [22885273953984] INFO perfrun.perfcollector <> - cccrAddr: 187, cccrValue: 5308c7
373 [22885273953984] INFO perfrun.perfcollector <> - dataAddr: c2, dataValue: ffffffffffe17b7d
373 [22885273953984] INFO perfrun.perfcollector <> - escrAddr: ffffffff, escrValue: 0
373 [22885273953984] INFO perfrun.perfcollector <> - extendedPebsValue: 0
374 [22885273953984] INFO perfrun.perfcollector <> - adaptivePebsAvailable: 0
374 [22885273953984] INFO perfrun.perfcollector <> - config: event: c7
374 [22885273953984] INFO perfrun.perfcollector <> - config: pc: 0
374 [22885273953984] INFO perfrun.perfcollector <> - config: in_tx: 0
374 [22885273953984] INFO perfrun.perfcollector <> - config: edge: 0
374 [22885273953984] INFO perfrun.perfcollector <> - config: any: 0
374 [22885273953984] INFO perfrun.perfcollector <> - config1: offcore_rsp: 0
374 [22885273953984] INFO perfrun.perfcollector <> - config: in_tx_cp: 0
374 [22885273953984] INFO perfrun.perfcollector <> - config1: ldlat: 0
374 [22885273953984] INFO perfrun.perfcollector <> - config: inv: 0
374 [22885273953984] INFO perfrun.perfcollector <> - config: umask: 8
374 [22885273953984] INFO perfrun.perfcollector <> - config: cmask: 0
374 [22885273953984] INFO perfrun.perfcollector <> - format: cpu/event=0xc7,umask=0x8,name='FP_ARITH_INST_RETIRED.128B_PACKED_SINGLE'/
374 [22885273953984] INFO perfrun.perfcollector <> - event name: FP_ARITH_INST_RETIRED.256B_PACKED_SINGLE
374 [22885273953984] INFO perfrun.perfcollector <> - pmu config: cpu
374 [22885273953984] INFO perfrun.perfcollector <> - cccrAddr: 188, cccrValue: 5320c7
374 [22885273953984] INFO perfrun.perfcollector <> - dataAddr: c3, dataValue: ffffffffffe17b7d
374 [22885273953984] INFO perfrun.perfcollector <> - escrAddr: ffffffff, escrValue: 0
374 [22885273953984] INFO perfrun.perfcollector <> - extendedPebsValue: 0
374 [22885273953984] INFO perfrun.perfcollector <> - adaptivePebsAvailable: 0
374 [22885273953984] INFO perfrun.perfcollector <> - config: event: c7
374 [22885273953984] INFO perfrun.perfcollector <> - config: pc: 0
374 [22885273953984] INFO perfrun.perfcollector <> - config: in_tx: 0
374 [22885273953984] INFO perfrun.perfcollector <> - config: edge: 0
374 [22885273953984] INFO perfrun.perfcollector <> - config: any: 0
374 [22885273953984] INFO perfrun.perfcollector <> - config1: offcore_rsp: 0
374 [22885273953984] INFO perfrun.perfcollector <> - config: in_tx_cp: 0
374 [22885273953984] INFO perfrun.perfcollector <> - config1: ldlat: 0
374 [22885273953984] INFO perfrun.perfcollector <> - config: inv: 0
374 [22885273953984] INFO perfrun.perfcollector <> - config: umask: 20
374 [22885273953984] INFO perfrun.perfcollector <> - config: cmask: 0
374 [22885273953984] INFO perfrun.perfcollector <> - format: cpu/event=0xc7,umask=0x20,name='FP_ARITH_INST_RETIRED.256B_PACKED_SINGLE'/
374 [22885273953984] INFO perfrun.perfcollector <> - event name: FP_ARITH_INST_RETIRED.SCALAR_DOUBLE
374 [22885273953984] INFO perfrun.perfcollector <> - pmu config: cpu
374 [22885273953984] INFO perfrun.perfcollector <> - cccrAddr: 189, cccrValue: 5301c7
374 [22885273953984] INFO perfrun.perfcollector <> - dataAddr: c4, dataValue: ffffffffffe17b7d
374 [22885273953984] INFO perfrun.perfcollector <> - escrAddr: ffffffff, escrValue: 0
374 [22885273953984] INFO perfrun.perfcollector <> - extendedPebsValue: 0
374 [22885273953984] INFO perfrun.perfcollector <> - adaptivePebsAvailable: 0
374 [22885273953984] INFO perfrun.perfcollector <> - config: event: c7
374 [22885273953984] INFO perfrun.perfcollector <> - config: pc: 0
374 [22885273953984] INFO perfrun.perfcollector <> - config: in_tx: 0
374 [22885273953984] INFO perfrun.perfcollector <> - config: edge: 0
374 [22885273953984] INFO perfrun.perfcollector <> - config: any: 0
374 [22885273953984] INFO perfrun.perfcollector <> - config1: offcore_rsp: 0
374 [22885273953984] INFO perfrun.perfcollector <> - config: in_tx_cp: 0
374 [22885273953984] INFO perfrun.perfcollector <> - config1: ldlat: 0
374 [22885273953984] INFO perfrun.perfcollector <> - config: inv: 0
374 [22885273953984] INFO perfrun.perfcollector <> - config: umask: 1
374 [22885273953984] INFO perfrun.perfcollector <> - config: cmask: 0
374 [22885273953984] INFO perfrun.perfcollector <> - format: cpu/event=0xc7,umask=0x1,name='FP_ARITH_INST_RETIRED.SCALAR_DOUBLE'/
374 [22885273953984] INFO perfrun.perfcollector <> - event name: CPU_CLK_UNHALTED.REF_XCLK
374 [22885273953984] INFO perfrun.perfcollector <> - pmu config: cpu
374 [22885273953984] INFO perfrun.perfcollector <> - cccrAddr: 18a, cccrValue: 53013c
374 [22885273953984] INFO perfrun.perfcollector <> - dataAddr: c5, dataValue: fffffffffffe795d
374 [22885273953984] INFO perfrun.perfcollector <> - escrAddr: ffffffff, escrValue: 0
374 [22885273953984] INFO perfrun.perfcollector <> - extendedPebsValue: 0
374 [22885273953984] INFO perfrun.perfcollector <> - adaptivePebsAvailable: 0
374 [22885273953984] INFO perfrun.perfcollector <> - config: event: 3c
374 [22885273953984] INFO perfrun.perfcollector <> - config: pc: 0
374 [22885273953984] INFO perfrun.perfcollector <> - config: in_tx: 0
374 [22885273953984] INFO perfrun.perfcollector <> - config: edge: 0
374 [22885273953984] INFO perfrun.perfcollector <> - config: any: 0
374 [22885273953984] INFO perfrun.perfcollector <> - config1: offcore_rsp: 0
374 [22885273953984] INFO perfrun.perfcollector <> - config: in_tx_cp: 0
374 [22885273953984] INFO perfrun.perfcollector <> - config1: ldlat: 0
374 [22885273953984] INFO perfrun.perfcollector <> - config: inv: 0
374 [22885273953984] INFO perfrun.perfcollector <> - config: umask: 1
374 [22885273953984] INFO perfrun.perfcollector <> - config: cmask: 0
374 [22885273953984] INFO perfrun.perfcollector <> - format: cpu/event=0x3c,umask=0x1,name='CPU_CLK_UNHALTED.REF_XCLK'/
374 [22885273953984] INFO perfrun.perfcollector <> - event name: CPU_CLK_UNHALTED.ONE_THREAD_ACTIVE
374 [22885273953984] INFO perfrun.perfcollector <> - pmu config: cpu
374 [22885273953984] INFO perfrun.perfcollector <> - cccrAddr: 18b, cccrValue: 53023c
374 [22885273953984] INFO perfrun.perfcollector <> - dataAddr: c6, dataValue: fffffffffffe795d
374 [22885273953984] INFO perfrun.perfcollector <> - escrAddr: ffffffff, escrValue: 0
374 [22885273953984] INFO perfrun.perfcollector <> - extendedPebsValue: 0
374 [22885273953984] INFO perfrun.perfcollector <> - adaptivePebsAvailable: 0
374 [22885273953984] INFO perfrun.perfcollector <> - config: event: 3c
374 [22885273953984] INFO perfrun.perfcollector <> - config: pc: 0
374 [22885273953984] INFO perfrun.perfcollector <> - config: in_tx: 0
374 [22885273953984] INFO perfrun.perfcollector <> - config: edge: 0
374 [22885273953984] INFO perfrun.perfcollector <> - config: any: 0
374 [22885273953984] INFO perfrun.perfcollector <> - config1: offcore_rsp: 0
374 [22885273953984] INFO perfrun.perfcollector <> - config: in_tx_cp: 0
374 [22885273953984] INFO perfrun.perfcollector <> - config1: ldlat: 0
374 [22885273953984] INFO perfrun.perfcollector <> - config: inv: 0
374 [22885273953984] INFO perfrun.perfcollector <> - config: umask: 2
374 [22885273953984] INFO perfrun.perfcollector <> - config: cmask: 0
374 [22885273953984] INFO perfrun.perfcollector <> - format: cpu/event=0x3c,umask=0x2,name='CPU_CLK_UNHALTED.ONE_THREAD_ACTIVE'/
374 [22885273953984] INFO perfrun.perfcollector <> - event name: INST_RETIRED.X87
374 [22885273953984] INFO perfrun.perfcollector <> - pmu config: cpu
374 [22885273953984] INFO perfrun.perfcollector <> - cccrAddr: 18c, cccrValue: 5302c0
374 [22885273953984] INFO perfrun.perfcollector <> - dataAddr: c7, dataValue: ffffffffffe17b7d
374 [22885273953984] INFO perfrun.perfcollector <> - escrAddr: ffffffff, escrValue: 0
374 [22885273953984] INFO perfrun.perfcollector <> - extendedPebsValue: 0
374 [22885273953984] INFO perfrun.perfcollector <> - adaptivePebsAvailable: 0
374 [22885273953984] INFO perfrun.perfcollector <> - config: event: c0
374 [22885273953984] INFO perfrun.perfcollector <> - config: pc: 0
374 [22885273953984] INFO perfrun.perfcollector <> - config: in_tx: 0
374 [22885273953984] INFO perfrun.perfcollector <> - config: edge: 0
374 [22885273953984] INFO perfrun.perfcollector <> - config: any: 0
374 [22885273953984] INFO perfrun.perfcollector <> - config1: offcore_rsp: 0
374 [22885273953984] INFO perfrun.perfcollector <> - config: in_tx_cp: 0
374 [22885273953984] INFO perfrun.perfcollector <> - config1: ldlat: 0
374 [22885273953984] INFO perfrun.perfcollector <> - config: inv: 0
374 [22885273953984] INFO perfrun.perfcollector <> - config: umask: 2
374 [22885273953984] INFO perfrun.perfcollector <> - config: cmask: 0
374 [22885273953984] INFO perfrun.perfcollector <> - format: cpu/event=0xc0,umask=0x2,name='INST_RETIRED.X87'/
374 [22885273953984] INFO perfrun.perfcollector <> - event name: UOPS_RETIRED.RETIRE_SLOTS
374 [22885273953984] INFO perfrun.perfcollector <> - pmu config: cpu
374 [22885273953984] INFO perfrun.perfcollector <> - cccrAddr: 18d, cccrValue: 5302c2
374 [22885273953984] INFO perfrun.perfcollector <> - dataAddr: c8, dataValue: ffffffffffe17b7d
374 [22885273953984] INFO perfrun.perfcollector <> - escrAddr: ffffffff, escrValue: 0
374 [22885273953984] INFO perfrun.perfcollector <> - extendedPebsValue: 0
374 [22885273953984] INFO perfrun.perfcollector <> - adaptivePebsAvailable: 0
374 [22885273953984] INFO perfrun.perfcollector <> - config: event: c2
374 [22885273953984] INFO perfrun.perfcollector <> - config: pc: 0
374 [22885273953984] INFO perfrun.perfcollector <> - config: in_tx: 0
374 [22885273953984] INFO perfrun.perfcollector <> - config: edge: 0
374 [22885273953984] INFO perfrun.perfcollector <> - config: any: 0
374 [22885273953984] INFO perfrun.perfcollector <> - config1: offcore_rsp: 0
374 [22885273953984] INFO perfrun.perfcollector <> - config: in_tx_cp: 0
374 [22885273953984] INFO perfrun.perfcollector <> - config1: ldlat: 0
374 [22885273953984] INFO perfrun.perfcollector <> - config: inv: 0
374 [22885273953984] INFO perfrun.perfcollector <> - config: umask: 2
374 [22885273953984] INFO perfrun.perfcollector <> - config: cmask: 0
374 [22885273953984] INFO perfrun.perfcollector <> - format: cpu/event=0xc2,umask=0x2,name='UOPS_RETIRED.RETIRE_SLOTS'/
374 [22885273953984] INFO perfrun.perfcollector <> - event name: FP_ARITH_INST_RETIRED.128B_PACKED_DOUBLE
374 [22885273953984] INFO perfrun.perfcollector <> - pmu config: cpu
374 [22885273953984] INFO perfrun.perfcollector <> - cccrAddr: 186, cccrValue: 5304c7
374 [22885273953984] INFO perfrun.perfcollector <> - dataAddr: c1, dataValue: ffffffffffe17b7d
374 [22885273953984] INFO perfrun.perfcollector <> - escrAddr: ffffffff, escrValue: 0
374 [22885273953984] INFO perfrun.perfcollector <> - extendedPebsValue: 0
374 [22885273953984] INFO perfrun.perfcollector <> - adaptivePebsAvailable: 0
374 [22885273953984] INFO perfrun.perfcollector <> - config: event: c7
374 [22885273953984] INFO perfrun.perfcollector <> - config: pc: 0
374 [22885273953984] INFO perfrun.perfcollector <> - config: in_tx: 0
374 [22885273953984] INFO perfrun.perfcollector <> - config: edge: 0
374 [22885273953984] INFO perfrun.perfcollector <> - config: any: 0
374 [22885273953984] INFO perfrun.perfcollector <> - config1: offcore_rsp: 0
374 [22885273953984] INFO perfrun.perfcollector <> - config: in_tx_cp: 0
374 [22885273953984] INFO perfrun.perfcollector <> - config1: ldlat: 0
374 [22885273953984] INFO perfrun.perfcollector <> - config: inv: 0
374 [22885273953984] INFO perfrun.perfcollector <> - config: umask: 4
374 [22885273953984] INFO perfrun.perfcollector <> - config: cmask: 0
374 [22885273953984] INFO perfrun.perfcollector <> - format: cpu/event=0xc7,umask=0x4,name='FP_ARITH_INST_RETIRED.128B_PACKED_DOUBLE'/
374 [22885273953984] INFO perfrun.perfcollector <> - event name: FP_ARITH_INST_RETIRED.256B_PACKED_DOUBLE
374 [22885273953984] INFO perfrun.perfcollector <> - pmu config: cpu
374 [22885273953984] INFO perfrun.perfcollector <> - cccrAddr: 187, cccrValue: 5310c7
374 [22885273953984] INFO perfrun.perfcollector <> - dataAddr: c2, dataValue: ffffffffffe17b7d
374 [22885273953984] INFO perfrun.perfcollector <> - escrAddr: ffffffff, escrValue: 0
374 [22885273953984] INFO perfrun.perfcollector <> - extendedPebsValue: 0
374 [22885273953984] INFO perfrun.perfcollector <> - adaptivePebsAvailable: 0
374 [22885273953984] INFO perfrun.perfcollector <> - config: event: c7
374 [22885273953984] INFO perfrun.perfcollector <> - config: pc: 0
374 [22885273953984] INFO perfrun.perfcollector <> - config: in_tx: 0
374 [22885273953984] INFO perfrun.perfcollector <> - config: edge: 0
374 [22885273953984] INFO perfrun.perfcollector <> - config: any: 0
374 [22885273953984] INFO perfrun.perfcollector <> - config1: offcore_rsp: 0
374 [22885273953984] INFO perfrun.perfcollector <> - config: in_tx_cp: 0
374 [22885273953984] INFO perfrun.perfcollector <> - config1: ldlat: 0
374 [22885273953984] INFO perfrun.perfcollector <> - config: inv: 0
374 [22885273953984] INFO perfrun.perfcollector <> - config: umask: 10
374 [22885273953984] INFO perfrun.perfcollector <> - config: cmask: 0
374 [22885273953984] INFO perfrun.perfcollector <> - format: cpu/event=0xc7,umask=0x10,name='FP_ARITH_INST_RETIRED.256B_PACKED_DOUBLE'/
374 [22885273953984] INFO perfrun.perfcollector <> - event: cpu/event=0x3c,name='CPU_CLK_UNHALTED.THREAD'/Duk, added for counting
374 [22885273953984] INFO perfrun.perfcollector <> - event: cpu/umask=0x3,name='CPU_CLK_UNHALTED.REF_TSC'/Duk, added for counting
374 [22885273953984] INFO perfrun.perfcollector <> - event: cpu/event=0xc0,name='INST_RETIRED.ANY'/Duk, added for counting
374 [22885273953984] INFO perfrun.perfcollector <> - event: cpu/event=0xc7,umask=0x2,name='FP_ARITH_INST_RETIRED.SCALAR_SINGLE'/uk, added for counting
374 [22885273953984] INFO perfrun.perfcollector <> - event: cpu/event=0xc7,umask=0x8,name='FP_ARITH_INST_RETIRED.128B_PACKED_SINGLE'/uk, added for counting
374 [22885273953984] INFO perfrun.perfcollector <> - event: cpu/event=0xc7,umask=0x20,name='FP_ARITH_INST_RETIRED.256B_PACKED_SINGLE'/uk, added for counting
374 [22885273953984] INFO perfrun.perfcollector <> - event: cpu/event=0xc7,umask=0x1,name='FP_ARITH_INST_RETIRED.SCALAR_DOUBLE'/uk, added for counting
374 [22885273953984] INFO perfrun.perfcollector <> - event: cpu/event=0x3c,umask=0x1,name='CPU_CLK_UNHALTED.REF_XCLK'/uk, added for counting
374 [22885273953984] INFO perfrun.perfcollector <> - event: cpu/event=0x3c,umask=0x2,name='CPU_CLK_UNHALTED.ONE_THREAD_ACTIVE'/uk, added for counting
374 [22885273953984] INFO perfrun.perfcollector <> - event: cpu/event=0xc0,umask=0x2,name='INST_RETIRED.X87'/uk, added for counting
374 [22885273953984] INFO perfrun.perfcollector <> - event: cpu/event=0xc2,umask=0x2,name='UOPS_RETIRED.RETIRE_SLOTS'/uk, added for counting
374 [22885273953984] INFO perfrun.perfcollector <> - event: cpu/event=0xc7,umask=0x4,name='FP_ARITH_INST_RETIRED.128B_PACKED_DOUBLE'/uk, added for counting
374 [22885273953984] INFO perfrun.perfcollector <> - event: cpu/event=0xc7,umask=0x10,name='FP_ARITH_INST_RETIRED.256B_PACKED_DOUBLE'/uk, added for counting
374 [22885273953984] INFO perfrun.perfcollector <> - attaching to pid: 4294967295, collect mode: 1, rc modes: 3
390 [22885195085504] WARN perfrun.perfcollector <> - Perf stat trace pipe capacity: read = 1048576, write = 1048576, at file: vcs/perfrun1/plugins/perfcollector/src/profiler.cpp:765
399 [22885195085504] INFO perfrun.sdk <> - runCmd: /opt/intel/oneapi/vtune/2023.1.0/bin64/amplxe-perf stat -v --log-fd 10 --scale -x ; -e cpu/event=0x3c,name='CPU_CLK_UNHALTED.THREAD'/Duk,cpu/umask=0x3,name='CPU_CLK_UNHALTED.REF_TSC'/Duk,cpu/event=0xc0,name='INST_RETIRED.ANY'/Duk,cpu/event=0xc7,umask=0x2,name='FP_ARITH_INST_RETIRED.SCALAR_SINGLE'/uk,cpu/event=0xc7,umask=0x8,name='FP_ARITH_INST_RETIRED.128B_PACKED_SINGLE'/uk,cpu/event=0xc7,umask=0x20,name='FP_ARITH_INST_RETIRED.256B_PACKED_SINGLE'/uk,cpu/event=0xc7,umask=0x1,name='FP_ARITH_INST_RETIRED.SCALAR_DOUBLE'/uk,cpu/event=0x3c,umask=0x1,name='CPU_CLK_UNHALTED.REF_XCLK'/uk,cpu/event=0x3c,umask=0x2,name='CPU_CLK_UNHALTED.ONE_THREAD_ACTIVE'/uk,cpu/event=0xc0,umask=0x2,name='INST_RETIRED.X87'/uk,cpu/event=0xc2,umask=0x2,name='UOPS_RETIRED.RETIRE_SLOTS'/uk,cpu/event=0xc7,umask=0x4,name='FP_ARITH_INST_RETIRED.128B_PACKED_DOUBLE'/uk,cpu/event=0xc7,umask=0x10,name='FP_ARITH_INST_RETIRED.256B_PACKED_DOUBLE'/uk /opt/intel/oneapi/vtune/2023.1.0/bin64/amplxe-perf-sync dryrun sys
400 [22885195085504] INFO perfrun.sdk <> - runCmd started PID 2284451
552 [22885195085504] INFO perfrun.perfcollector <> - Monitor: runCmd RC = true
552 [22885273953984] INFO perfrun.launcher <> - plugin [aoclprofile] was disabled because it doesn't support the given collection type.
552 [22885273953984] INFO perfrun.tpss <> - initialize tpss controller
552 [22885273953984] INFO perfrun.tpss <> - configure collection mode: value = cpu:counters:nostack
553 [22885273953984] INFO perfrun.tpss <> - configure collection mode: value = cpu:stack
553 [22885273953984] INFO perfrun.tpss <> - default obj-size-min=1024
553 [22885273953984] INFO perfrun.tpss <> - default hash-table-size=0
553 [22885273953984] INFO perfrun.launcher <> - plugin [media] was disabled because it doesn't support the given collection type.
553 [22885273953984] INFO perfrun.launcher <> - plugin [] was disabled because it doesn't support the given collection type.
553 [22885273953984] INFO perfrun.launcher <> - plugin [] was disabled because it doesn't support the given collection type.
553 [22885273953984] INFO perfrun.launcher <> - plugin [parallelfs] was disabled because it doesn't support the given collection type.
553 [22885273953984] INFO perfrun.launcher <> - plugin [power] was disabled because it doesn't support the given collection type.
553 [22885273953984] INFO perfrun.launcher <> - plugin [hwloc] was disabled because it doesn't support the given collection type.
553 [22885273953984] INFO perfrun.launcher <> - plugin [ipmwatch] was disabled because it doesn't support the given collection type.
553 [22885273953984] INFO perfrun.launcher <> - plugin [os_counters] was disabled because it doesn't support the given collection type.
553 [22885273953984] INFO perfrun.launcher <> - plugin [l0_metrics] was disabled because it doesn't support the given collection type.
553 [22885414442880] INFO perfrun.launcher <> - set environment variable: LD_LIBRARY_PATH = /opt/intel/oneapi/vtune/2023.1.0/lib32/runtime:/opt/intel/oneapi/vtune/2023.1.0/lib64/runtime:/opt/intel/oneapi/tbb/2021.5.1/env/../lib/intel64/gcc4.8:/opt/intel/oneapi/mpi/2021.5.1//libfabric/lib:/opt/intel/oneapi/mpi/2021.5.1//lib/release:/opt/intel/oneapi/mpi/2021.5.1//lib:/opt/intel/oneapi/mkl/2022.0.2/lib/intel64:/opt/intel/oneapi/itac/2021.5.0/slib:/opt/intel/oneapi/debugger/2021.5.0/gdb/intel64/lib:/opt/intel/oneapi/debugger/2021.5.0/libipt/intel64/lib:/opt/intel/oneapi/debugger/2021.5.0/dep/lib:/opt/intel/oneapi/compiler/2022.0.2/linux/lib:/opt/intel/oneapi/compiler/2022.0.2/linux/lib/x64:/opt/intel/oneapi/compiler/2022.0.2/linux/lib/oclfpga/host/linux64/lib:/opt/intel/oneapi/compiler/2022.0.2/linux/compiler/lib/intel64_lin
553 [22885414442880] INFO perfrun.launcher <> - set environment variable: INTEL_LIBITTNOTIFY32 = /opt/intel/oneapi/vtune/2023.1.0/lib32/runtime/libittnotify_collector.so
553 [22885414442880] INFO perfrun.launcher <> - set environment variable: INTEL_LIBITTNOTIFY64 = /opt/intel/oneapi/vtune/2023.1.0/lib64/runtime/libittnotify_collector.so
553 [22885414442880] INFO perfrun.launcher <> - set environment variable: INTEL_ITTNOTIFY_GROUPS = 
553 [22885414442880] INFO perfrun.launcher <> - set environment variable: INTEL_JIT_PROFILER32 = /opt/intel/oneapi/vtune/2023.1.0/lib32/runtime/libittnotify_collector.so
553 [22885414442880] INFO perfrun.launcher <> - set environment variable: INTEL_JIT_PROFILER64 = /opt/intel/oneapi/vtune/2023.1.0/lib64/runtime/libittnotify_collector.so
553 [22885414442880] INFO perfrun.launcher <> - set environment variable: OMP_TOOL_LIBRARIES = /opt/intel/oneapi/vtune/2023.1.0/lib32/runtime/libittnotify_collector.so:/opt/intel/oneapi/vtune/2023.1.0/lib64/runtime/libittnotify_collector.so
553 [22885414442880] INFO perfrun.launcher <> - set environment variable: ENABLE_JITPROFILING = 1
553 [22885414442880] INFO perfrun.launcher <> - set environment variable: CL_CONFIG_USE_VTUNE = True
553 [22885414442880] INFO perfrun.launcher <> - set environment variable: LD_PRELOAD = libittnotify_collector.so:
553 [22885414442880] INFO perfrun.launcher <> - set environment variable: KMP_FORKJOIN_FRAMES = 0
553 [22885414442880] INFO perfrun.launcher <> - set environment variable: KMP_FORKJOIN_FRAMES_MODE = 0
553 [22885414442880] INFO perfrun.launcher <> - set environment variable: OMP_TOOL = disabled
553 [22885414442880] INFO perfrun.launcher <> - set environment variable: INTEL_MRTE_DATA_DIR = /home/course/hpc/users/2022012388/exp8/result.conv2/data.22
553 [22885414442880] INFO perfrun.launcher <> - set environment variable: INTEL_MRTE_HOST_NAME = conv2
553 [22885414442880] INFO perfrun.launcher <> - set environment variable: JAVA_TOOL_OPTIONS = -agentlib:amplxe_tpssmrte_javaprof_1.0 -Dsun.boot.library.path=/opt/intel/oneapi/vtune/2023.1.0/lib32/runtime:/opt/intel/oneapi/vtune/2023.1.0/lib64/runtime
553 [22885414442880] INFO perfrun.launcher <> - set environment variable: LD_LIBRARY_PATH = /opt/intel/oneapi/vtune/2023.1.0/lib32/runtime:/opt/intel/oneapi/vtune/2023.1.0/lib64/runtime:/opt/intel/oneapi/tbb/2021.5.1/env/../lib/intel64/gcc4.8:/opt/intel/oneapi/mpi/2021.5.1//libfabric/lib:/opt/intel/oneapi/mpi/2021.5.1//lib/release:/opt/intel/oneapi/mpi/2021.5.1//lib:/opt/intel/oneapi/mkl/2022.0.2/lib/intel64:/opt/intel/oneapi/itac/2021.5.0/slib:/opt/intel/oneapi/debugger/2021.5.0/gdb/intel64/lib:/opt/intel/oneapi/debugger/2021.5.0/libipt/intel64/lib:/opt/intel/oneapi/debugger/2021.5.0/dep/lib:/opt/intel/oneapi/compiler/2022.0.2/linux/lib:/opt/intel/oneapi/compiler/2022.0.2/linux/lib/x64:/opt/intel/oneapi/compiler/2022.0.2/linux/lib/oclfpga/host/linux64/lib:/opt/intel/oneapi/compiler/2022.0.2/linux/compiler/lib/intel64_lin
553 [22885414442880] INFO perfrun.launcher <> - set environment variable: CORECLR_ENABLE_PROFILING = 1
554 [22885414442880] INFO perfrun.launcher <> - set environment variable: CORECLR_PROFILER = {AA5E4821-E3B1-479c-B7FF-5AD047D22CED}
554 [22885414442880] INFO perfrun.launcher <> - set environment variable: CORECLR_PROFILER_PATH = /opt/intel/oneapi/vtune/2023.1.0/lib64/libamplxe_samplingmrte_clrprof_1.0.so
554 [22885414442880] INFO perfrun.launcher <> - set environment variable: INTEL_MRTE_PROFILER_MODE = mixed
554 [22885414442880] INFO perfrun.launcher <> - RpcServer: run RPC server to handle requests
554 [22885414442880] INFO perfrun.launcher <> - Launcher: command line to start before modification = ./run.sh 2022012388
554 [22885414442880] INFO perfrun.launcher <> - Launcher: command line to start after modification = /opt/intel/oneapi/vtune/2023.1.0/bin64/pin -error_file /home/course/hpc/users/2022012388/exp8/result.conv2/data.22/pinerr.tpsslog -detach_reattach -follow_execv -tool_load_option deepbind -t64 /opt/intel/oneapi/vtune/2023.1.0/lib64/libtpsstool.so -t /opt/intel/oneapi/vtune/2023.1.0/lib32/libtpsstool.so -server_name tpss_ipc.2284278 -prd_dir /opt/intel/oneapi/vtune/2023.1.0 -- ./run.sh 2022012388
555 [22885414442880] INFO perfrun.launcher <> - ProcessCreator object was created
555 [22885414442880] INFO perfrun.launcher <> - Launcher: the process was started in suspend mode
558 [22885273953984] WARN perfrun.system <> - Could not do anything with /sys/kernel/debug/kvm: boost::filesystem::status: Permission denied: "/sys/kernel/debug/kvm", at file: vcs/perfrun1/plugins/system/src/trace_writer.cpp:787
558 [22885273953984] WARN perfrun.system <> - Folder "/var/run/libvirt/qemu/"doesn't exist, at file: vcs/perfrun1/plugins/system/src/trace_writer.cpp:800
558 [22885273953984] INFO perfrun.itt <> - start itt controller for pid #2284532
558 [22885273953984] INFO perfrun.perfcollector <> - attaching to pid: 2284532, collect mode: 1, rc modes: 1
573 [22885188781760] WARN perfrun.perfcollector <> - Perf stat trace pipe capacity: read = 1048576, write = 1048576, at file: vcs/perfrun1/plugins/perfcollector/src/profiler.cpp:765
582 [22885188781760] INFO perfrun.sdk <> - runCmd: /opt/intel/oneapi/vtune/2023.1.0/bin64/amplxe-perf stat -v --log-fd 22 --control=fd:23,26 --scale -x ; -p 2284532 -e cpu/event=0x3c,name='CPU_CLK_UNHALTED.THREAD'/Duk,cpu/umask=0x3,name='CPU_CLK_UNHALTED.REF_TSC'/Duk,cpu/event=0xc0,name='INST_RETIRED.ANY'/Duk,cpu/event=0xc7,umask=0x2,name='FP_ARITH_INST_RETIRED.SCALAR_SINGLE'/uk,cpu/event=0xc7,umask=0x8,name='FP_ARITH_INST_RETIRED.128B_PACKED_SINGLE'/uk,cpu/event=0xc7,umask=0x20,name='FP_ARITH_INST_RETIRED.256B_PACKED_SINGLE'/uk,cpu/event=0xc7,umask=0x1,name='FP_ARITH_INST_RETIRED.SCALAR_DOUBLE'/uk,cpu/event=0x3c,umask=0x1,name='CPU_CLK_UNHALTED.REF_XCLK'/uk,cpu/event=0x3c,umask=0x2,name='CPU_CLK_UNHALTED.ONE_THREAD_ACTIVE'/uk,cpu/event=0xc0,umask=0x2,name='INST_RETIRED.X87'/uk,cpu/event=0xc2,umask=0x2,name='UOPS_RETIRED.RETIRE_SLOTS'/uk,cpu/event=0xc7,umask=0x4,name='FP_ARITH_INST_RETIRED.128B_PACKED_DOUBLE'/uk,cpu/event=0xc7,umask=0x10,name='FP_ARITH_INST_RETIRED.256B_PACKED_DOUBLE'/uk /opt/intel/oneapi/vtune/2023.1.0/bin64/amplxe-perf-sync sync sys
582 [22885188781760] INFO perfrun.sdk <> - runCmd started PID 2284592
763 [22885273953984] INFO perfrun.tpss <> - start tpss controller for pid #2284532
814 [22885414442880] INFO perfrun.launcher <> - Launcher: all plugins were started
814 [22885414442880] INFO perfrun.launcher <> - DirectoryMonitor object was created
814 [22885414442880] INFO perfrun.launcher <> - DirectoryMonitor: a callback was added
814 [22885414442880] INFO perfrun.launcher <> - DirectoryMonitor was started with pingTime = 1000
814 [22885414442880] INFO perfrun.launcher <> - DeadlineTimer is going to be constructed
814 [22885414442880] INFO perfrun.launcher <> - DeadlineTimer: a callback was added
815 [22885414442880] INFO perfrun.launcher <> - Launcher: resume the profiled application and  wait its termination or stop command
140903 [22885414442880] INFO perfrun.launcher <> - Launcher: the profiled application was terminated  with exit code = 1
141161 [22885273953984] INFO perfrun.itt <> - detach itt controller
141161 [22885273953984] INFO perfrun.itt <> - detach itt controller done
141162 [22885188781760] INFO perfrun.perfcollector <> - Monitor: runCmd RC = true
141163 [22885273953984] INFO perfrun.perfcollector <> - Monitor: state = 3, error = 1
141163 [22885273953984] INFO perfrun.tpss <> - stop tpss controller
141165 [22885273953984] INFO perfrun.sdk <> - De-allocating TMU: /home/course/hpc/users/2022012388/exp8/result.conv2/data.22/systemcollector-2284278-conv2.sc
141165 [22885273953984] INFO perfrun.system <> - closed the system trace file: /home/course/hpc/users/2022012388/exp8/result.conv2/data.22/systemcollector-2284278-conv2.sc
141165 [22885414442880] INFO perfrun.launcher <> - Launcher: all plugins were stopped.
141165 [22885414442880] INFO perfrun.launcher <> - DeadlineTimer is going to be destroyed
141165 [22885414442880] INFO perfrun.launcher <> - DeadlineTimer was destroyed
141165 [22885414442880] INFO perfrun.launcher <> - DirectoryMonitor object was destroyed
141165 [22885414442880] WARN perfrun.launcher <> - Stop command is ignored because it is received when collection is already stopped, at file: vcs/perfrun1/launcher/src/command_handler.cpp:226
141166 [22885414442880] INFO perfrun.launcher <> - Application exit code: 1
141166 [22885414442880] INFO perfrun.launcher <> - Exit code: 4
