13 [23390279358336] INFO perfrun.launcher <> - Launcher main begin
15 [23390279358336] INFO perfrun.launcher <> - MessageCatalogInit finished
15 [23390279358336] INFO perfrun.launcher <> - Launcher instance created
15 [23390279358336] INFO perfrun.launcher <> - argc = 7; cmdline = /opt/intel/oneapi/vtune/2023.1.0/bin64/amplxe-runss --ui-output-format xml --ui-output-fd 5 --option-file /home/course/hpc/users/2022012388/exp8/result.conv2/config/runss.options.50 
288 [23390279358336] INFO perfrun.launcher <> - create msngr2::ICliToolContext
288 [23390279358336] INFO perfrun.launcher <> - create file finder object
288 [23390279358336] INFO perfrun.launcher <> - create a result directory: pattern = /home/course/hpc/users/2022012388/exp8/result.conv2 pid = 4294967295
291 [23390279358336] INFO perfrun.sdk <> - checked that the directory /home/course/hpc/users/2022012388/exp8/result.conv2 is a local directory
291 [23390279358336] INFO perfrun.sdk <> - the directory /home/course/hpc/users/2022012388/exp8/result.conv2 is located on a share or its FS ID is unknown 26985
291 [23390279358336] INFO perfrun.sdk <> - checked that the directory /tmp/amplxe-tmp-2022012388 is a local directory
291 [23390279358336] INFO perfrun.sdk <> - the directory /tmp/amplxe-tmp-2022012388 is located on a share or its FS ID is unknown 2035054128
294 [23390279358336] INFO perfrun.launcher <> - create data directory = /home/course/hpc/users/2022012388/exp8/result.conv2/data.49
296 [23390279358336] INFO perfrun.launcher <> - Creating the master collection flag
296 [23390279358336] INFO perfrun.launcher <> - Done creating the master collection flag
299 [23390136035008] INFO perfrun.launcher <> - plugin [remoteplug] was disabled because it doesn't support the given collection type.
299 [23390136035008] INFO perfrun.sdk <> - Allocating TMU :/home/course/hpc/users/2022012388/exp8/result.conv2/data.49/systemcollector-2287975-conv2.sc
300 [23390136035008] INFO perfrun.launcher <> - plugin [vdso] was disabled because it doesn't support the given collection type.
300 [23390136035008] INFO perfrun.launcher <> - plugin [ptracecollector] was disabled because it doesn't support the given collection type.
300 [23390136035008] INFO perfrun.launcher <> - plugin [gpu] was disabled because it doesn't support the given collection type.
300 [23390136035008] INFO perfrun.launcher <> - plugin [] was disabled because it doesn't support the given collection type.
300 [23390136035008] INFO perfrun.launcher <> - plugin [] was disabled because it doesn't support the given collection type.
300 [23390136035008] INFO perfrun.launcher <> - plugin [] was disabled because it doesn't support the given collection type.
300 [23390136035008] INFO perfrun.mrte <> - system-wide mode is 0
300 [23390136035008] INFO perfrun.mrte <> - Getting  mrte profiling environment ...
315 [23390136035008] INFO perfrun.mrte <> - INTEL_MRTE_DATA_DIR=/home/course/hpc/users/2022012388/exp8/result.conv2/data.49
315 [23390136035008] INFO perfrun.mrte <> - INTEL_MRTE_HOST_NAME=conv2
315 [23390136035008] INFO perfrun.mrte <> - JAVA_TOOL_OPTIONS=-agentlib:amplxe_tpssmrte_javaprof_1.0 -Dsun.boot.library.path=/opt/intel/oneapi/vtune/2023.1.0/lib32/runtime:/opt/intel/oneapi/vtune/2023.1.0/lib64/runtime
315 [23390136035008] INFO perfrun.mrte <> - LD_LIBRARY_PATH=/opt/intel/oneapi/vtune/2023.1.0/lib32/runtime:/opt/intel/oneapi/vtune/2023.1.0/lib64/runtime:/opt/intel/oneapi/tbb/2021.5.1/env/../lib/intel64/gcc4.8:/opt/intel/oneapi/mpi/2021.5.1//libfabric/lib:/opt/intel/oneapi/mpi/2021.5.1//lib/release:/opt/intel/oneapi/mpi/2021.5.1//lib:/opt/intel/oneapi/mkl/2022.0.2/lib/intel64:/opt/intel/oneapi/itac/2021.5.0/slib:/opt/intel/oneapi/debugger/2021.5.0/gdb/intel64/lib:/opt/intel/oneapi/debugger/2021.5.0/libipt/intel64/lib:/opt/intel/oneapi/debugger/2021.5.0/dep/lib:/opt/intel/oneapi/compiler/2022.0.2/linux/lib:/opt/intel/oneapi/compiler/2022.0.2/linux/lib/x64:/opt/intel/oneapi/compiler/2022.0.2/linux/lib/oclfpga/host/linux64/lib:/opt/intel/oneapi/compiler/2022.0.2/linux/compiler/lib/intel64_lin
315 [23390136035008] INFO perfrun.mrte <> - CORECLR_ENABLE_PROFILING=1
315 [23390136035008] INFO perfrun.mrte <> - CORECLR_PROFILER={AA5E4821-E3B1-479c-B7FF-5AD047D22CED}
315 [23390136035008] INFO perfrun.mrte <> - CORECLR_PROFILER_PATH=/opt/intel/oneapi/vtune/2023.1.0/lib64/libamplxe_samplingmrte_clrprof_1.0.so
315 [23390136035008] INFO perfrun.mrte <> - INTEL_MRTE_PROFILER_MODE=mixed
315 [23390136035008] INFO perfrun.mrte <> - Data directory: /home/course/hpc/users/2022012388/exp8/result.conv2/data.49
315 [23390136035008] INFO perfrun.mrte <> - Mrte plugin is initialized
315 [23390136035008] INFO perfrun.launcher <> - plugin [emon] was disabled because it doesn't support the given collection type.
315 [23390136035008] INFO perfrun.launcher <> - plugin [cuscol] was disabled because it doesn't support the given collection type.
315 [23390136035008] INFO perfrun.launcher <> - plugin [stdsrc] was disabled because it doesn't support the given collection type.
315 [23390136035008] INFO perfrun.launcher <> - plugin [sep] was disabled because it doesn't support the given collection type.
315 [23390136035008] INFO perfrun.launcher <> - plugin [vtsspp] was disabled because it doesn't support the given collection type.
315 [23390136035008] INFO perfrun.sdk <> - Reading value (0) from file: /proc/sys/kernel/perf_event_paranoid
315 [23390136035008] INFO perfrun.perfcollector <> - checking access to: /opt/intel/oneapi/vtune/2023.1.0/bin64/amplxe-perf-priv
317 [23390136035008] INFO perfrun.perfcollector <> - cpu: family = 6 model = 79
317 [23390136035008] INFO perfrun.perfcollector <> - dir found: /sys/bus/event_source/devices/software
317 [23390136035008] INFO perfrun.perfcollector <> - format: pmu format subdir doesn't exist
318 [23390136035008] INFO perfrun.perfcollector <> - hwInfo: not set, pmuFam: software
318 [23390136035008] INFO perfrun.perfcollector <> - pmu added: family: software, id: 0
318 [23390136035008] INFO perfrun.perfcollector <> - dir found: /sys/bus/event_source/devices/uncore_imc_5
318 [23390136035008] INFO perfrun.perfcollector <> - format: event config:0-7 mask:0-7
318 [23390136035008] INFO perfrun.perfcollector <> - format: edge config:18 mask:18
318 [23390136035008] INFO perfrun.perfcollector <> - format: inv config:23 mask:23
318 [23390136035008] INFO perfrun.perfcollector <> - format: umask config:8-15 mask:8-15
318 [23390136035008] INFO perfrun.perfcollector <> - format: thresh config:24-31 mask:24-31
318 [23390136035008] INFO perfrun.perfcollector <> - hwInfo: PERF_IMC_PMU_DETAILS
318 [23390136035008] INFO perfrun.perfcollector <> - pmu added: family: uncore_imc, id: 5
318 [23390136035008] INFO perfrun.perfcollector <> - dir found: /sys/bus/event_source/devices/uncore_sbox_2
318 [23390136035008] INFO perfrun.perfcollector <> - format: event config:0-7 mask:0-7
318 [23390136035008] INFO perfrun.perfcollector <> - format: edge config:18 mask:18
318 [23390136035008] INFO perfrun.perfcollector <> - format: inv config:23 mask:23
318 [23390136035008] INFO perfrun.perfcollector <> - format: umask config:8-15 mask:8-15
318 [23390136035008] INFO perfrun.perfcollector <> - format: tid_en config:19 mask:19
318 [23390136035008] INFO perfrun.perfcollector <> - format: thresh config:24-31 mask:24-31
318 [23390136035008] INFO perfrun.perfcollector <> - hwInfo: not set, pmuFam: uncore_sbox
318 [23390136035008] INFO perfrun.perfcollector <> - pmu added: family: uncore_sbox, id: 2
318 [23390136035008] INFO perfrun.perfcollector <> - dir found: /sys/bus/event_source/devices/uncore_cbox_8
318 [23390136035008] INFO perfrun.perfcollector <> - format: event config:0-7 mask:0-7
318 [23390136035008] INFO perfrun.perfcollector <> - format: filter_link config1:6-8 mask:6-8
318 [23390136035008] INFO perfrun.perfcollector <> - format: filter_c6 config1:61 mask:61
318 [23390136035008] INFO perfrun.perfcollector <> - format: edge config:18 mask:18
318 [23390136035008] INFO perfrun.perfcollector <> - format: filter_isoc config1:63 mask:63
318 [23390136035008] INFO perfrun.perfcollector <> - format: filter_tid config1:0-5 mask:0-5
318 [23390136035008] INFO perfrun.perfcollector <> - format: filter_nid config1:32-47 mask:32-47
318 [23390136035008] INFO perfrun.perfcollector <> - format: filter_nc config1:62 mask:62
319 [23390136035008] INFO perfrun.perfcollector <> - format: umask config:8-15 mask:8-15
319 [23390136035008] INFO perfrun.perfcollector <> - format: tid_en config:19 mask:19
319 [23390136035008] INFO perfrun.perfcollector <> - format: thresh config:24-31 mask:24-31
319 [23390136035008] INFO perfrun.perfcollector <> - format: filter_state config1:17-23 mask:17-23
319 [23390136035008] INFO perfrun.perfcollector <> - format: filter_opc config1:52-60 mask:52-60
319 [23390136035008] INFO perfrun.perfcollector <> - hwInfo: PERF_CBOX_PMU_DETAILS
319 [23390136035008] INFO perfrun.perfcollector <> - pmu added: family: uncore_cbox, id: 8
319 [23390136035008] INFO perfrun.perfcollector <> - dir found: /sys/bus/event_source/devices/uncore_cbox_13
319 [23390136035008] INFO perfrun.perfcollector <> - format: event config:0-7 mask:0-7
319 [23390136035008] INFO perfrun.perfcollector <> - format: filter_link config1:6-8 mask:6-8
319 [23390136035008] INFO perfrun.perfcollector <> - format: filter_c6 config1:61 mask:61
319 [23390136035008] INFO perfrun.perfcollector <> - format: edge config:18 mask:18
319 [23390136035008] INFO perfrun.perfcollector <> - format: filter_isoc config1:63 mask:63
319 [23390136035008] INFO perfrun.perfcollector <> - format: filter_tid config1:0-5 mask:0-5
319 [23390136035008] INFO perfrun.perfcollector <> - format: filter_nid config1:32-47 mask:32-47
319 [23390136035008] INFO perfrun.perfcollector <> - format: filter_nc config1:62 mask:62
319 [23390136035008] INFO perfrun.perfcollector <> - format: umask config:8-15 mask:8-15
319 [23390136035008] INFO perfrun.perfcollector <> - format: tid_en config:19 mask:19
319 [23390136035008] INFO perfrun.perfcollector <> - format: thresh config:24-31 mask:24-31
319 [23390136035008] INFO perfrun.perfcollector <> - format: filter_state config1:17-23 mask:17-23
319 [23390136035008] INFO perfrun.perfcollector <> - format: filter_opc config1:52-60 mask:52-60
319 [23390136035008] INFO perfrun.perfcollector <> - hwInfo: PERF_CBOX_PMU_DETAILS
319 [23390136035008] INFO perfrun.perfcollector <> - pmu added: family: uncore_cbox, id: 13
319 [23390136035008] INFO perfrun.perfcollector <> - dir found: /sys/bus/event_source/devices/uncore_r2pcie
319 [23390136035008] INFO perfrun.perfcollector <> - format: event config:0-7 mask:0-7
319 [23390136035008] INFO perfrun.perfcollector <> - format: edge config:18 mask:18
319 [23390136035008] INFO perfrun.perfcollector <> - format: inv config:23 mask:23
320 [23390136035008] INFO perfrun.perfcollector <> - format: umask config:8-15 mask:8-15
320 [23390136035008] INFO perfrun.perfcollector <> - format: thresh config:24-31 mask:24-31
320 [23390136035008] INFO perfrun.perfcollector <> - hwInfo: not set, pmuFam: uncore_r2pcie
320 [23390136035008] INFO perfrun.perfcollector <> - pmu added: family: uncore_r2pcie, id: 0
320 [23390136035008] INFO perfrun.perfcollector <> - dir found: /sys/bus/event_source/devices/uncore_sbox_0
320 [23390136035008] INFO perfrun.perfcollector <> - format: event config:0-7 mask:0-7
320 [23390136035008] INFO perfrun.perfcollector <> - format: edge config:18 mask:18
320 [23390136035008] INFO perfrun.perfcollector <> - format: inv config:23 mask:23
320 [23390136035008] INFO perfrun.perfcollector <> - format: umask config:8-15 mask:8-15
320 [23390136035008] INFO perfrun.perfcollector <> - format: tid_en config:19 mask:19
320 [23390136035008] INFO perfrun.perfcollector <> - format: thresh config:24-31 mask:24-31
320 [23390136035008] INFO perfrun.perfcollector <> - hwInfo: not set, pmuFam: uncore_sbox
320 [23390136035008] INFO perfrun.perfcollector <> - pmu added: family: uncore_sbox, id: 0
320 [23390136035008] INFO perfrun.perfcollector <> - dir found: /sys/bus/event_source/devices/uncore_qpi_1
320 [23390136035008] INFO perfrun.perfcollector <> - format: mask_rnid4 config2:31 mask:31
320 [23390136035008] INFO perfrun.perfcollector <> - format: mask_rnid30 config2:32-35 mask:32-35
320 [23390136035008] INFO perfrun.perfcollector <> - format: match_rnid30 config1:32-35 mask:32-35
320 [23390136035008] INFO perfrun.perfcollector <> - format: event config:0-7,21 mask:0-7,21
320 [23390136035008] INFO perfrun.perfcollector <> - format: match0 config1:0-31 mask:0-31
320 [23390136035008] INFO perfrun.perfcollector <> - format: match_rds config1:48-51 mask:48-51
320 [23390136035008] INFO perfrun.perfcollector <> - format: mask_rds config2:48-51 mask:48-51
320 [23390136035008] INFO perfrun.perfcollector <> - format: edge config:18 mask:18
320 [23390136035008] INFO perfrun.perfcollector <> - format: mask1 config2:32-63 mask:32-63
321 [23390136035008] INFO perfrun.perfcollector <> - format: match_dnid config1:13-17 mask:13-17
321 [23390136035008] INFO perfrun.perfcollector <> - format: mask_dnid config2:13-17 mask:13-17
321 [23390136035008] INFO perfrun.perfcollector <> - format: match_vnw config1:3-4 mask:3-4
321 [23390136035008] INFO perfrun.perfcollector <> - format: mask_vnw config2:3-4 mask:3-4
321 [23390136035008] INFO perfrun.perfcollector <> - format: mask_mc config2:9-12 mask:9-12
321 [23390136035008] INFO perfrun.perfcollector <> - format: match1 config1:32-63 mask:32-63
321 [23390136035008] INFO perfrun.perfcollector <> - format: inv config:23 mask:23
321 [23390136035008] INFO perfrun.perfcollector <> - format: umask config:8-15 mask:8-15
321 [23390136035008] INFO perfrun.perfcollector <> - format: match_opc config1:5-8 mask:5-8
321 [23390136035008] INFO perfrun.perfcollector <> - format: mask_opc config2:5-8 mask:5-8
321 [23390136035008] INFO perfrun.perfcollector <> - format: thresh config:24-31 mask:24-31
321 [23390136035008] INFO perfrun.perfcollector <> - format: match_rnid4 config1:31 mask:31
321 [23390136035008] INFO perfrun.perfcollector <> - format: mask0 config2:0-31 mask:0-31
321 [23390136035008] INFO perfrun.perfcollector <> - format: match_mc config1:9-12 mask:9-12
321 [23390136035008] INFO perfrun.perfcollector <> - hwInfo: PERF_QPI_PMU_DETAILS
321 [23390136035008] INFO perfrun.perfcollector <> - pmu added: family: uncore_qpi, id: 1
321 [23390136035008] INFO perfrun.perfcollector <> - dir found: /sys/bus/event_source/devices/uncore_cbox_6
321 [23390136035008] INFO perfrun.perfcollector <> - format: event config:0-7 mask:0-7
321 [23390136035008] INFO perfrun.perfcollector <> - format: filter_link config1:6-8 mask:6-8
322 [23390136035008] INFO perfrun.perfcollector <> - format: filter_c6 config1:61 mask:61
322 [23390136035008] INFO perfrun.perfcollector <> - format: edge config:18 mask:18
322 [23390136035008] INFO perfrun.perfcollector <> - format: filter_isoc config1:63 mask:63
322 [23390136035008] INFO perfrun.perfcollector <> - format: filter_tid config1:0-5 mask:0-5
322 [23390136035008] INFO perfrun.perfcollector <> - format: filter_nid config1:32-47 mask:32-47
322 [23390136035008] INFO perfrun.perfcollector <> - format: filter_nc config1:62 mask:62
322 [23390136035008] INFO perfrun.perfcollector <> - format: umask config:8-15 mask:8-15
322 [23390136035008] INFO perfrun.perfcollector <> - format: tid_en config:19 mask:19
322 [23390136035008] INFO perfrun.perfcollector <> - format: thresh config:24-31 mask:24-31
322 [23390136035008] INFO perfrun.perfcollector <> - format: filter_state config1:17-23 mask:17-23
322 [23390136035008] INFO perfrun.perfcollector <> - format: filter_opc config1:52-60 mask:52-60
322 [23390136035008] INFO perfrun.perfcollector <> - hwInfo: PERF_CBOX_PMU_DETAILS
322 [23390136035008] INFO perfrun.perfcollector <> - pmu added: family: uncore_cbox, id: 6
322 [23390136035008] INFO perfrun.perfcollector <> - dir found: /sys/bus/event_source/devices/uncore_imc_1
322 [23390136035008] INFO perfrun.perfcollector <> - format: event config:0-7 mask:0-7
322 [23390136035008] INFO perfrun.perfcollector <> - format: edge config:18 mask:18
322 [23390136035008] INFO perfrun.perfcollector <> - format: inv config:23 mask:23
322 [23390136035008] INFO perfrun.perfcollector <> - format: umask config:8-15 mask:8-15
322 [23390136035008] INFO perfrun.perfcollector <> - format: thresh config:24-31 mask:24-31
322 [23390136035008] INFO perfrun.perfcollector <> - hwInfo: PERF_IMC_PMU_DETAILS
322 [23390136035008] INFO perfrun.perfcollector <> - pmu added: family: uncore_imc, id: 1
322 [23390136035008] INFO perfrun.perfcollector <> - dir found: /sys/bus/event_source/devices/power
323 [23390136035008] INFO perfrun.perfcollector <> - format: event config:0-7 mask:0-7
323 [23390136035008] INFO perfrun.perfcollector <> - hwInfo: not set, pmuFam: power
323 [23390136035008] INFO perfrun.perfcollector <> - pmu added: family: power, id: 0
323 [23390136035008] INFO perfrun.perfcollector <> - dir found: /sys/bus/event_source/devices/uncore_cbox_11
323 [23390136035008] INFO perfrun.perfcollector <> - format: event config:0-7 mask:0-7
323 [23390136035008] INFO perfrun.perfcollector <> - format: filter_link config1:6-8 mask:6-8
323 [23390136035008] INFO perfrun.perfcollector <> - format: filter_c6 config1:61 mask:61
323 [23390136035008] INFO perfrun.perfcollector <> - format: edge config:18 mask:18
323 [23390136035008] INFO perfrun.perfcollector <> - format: filter_isoc config1:63 mask:63
323 [23390136035008] INFO perfrun.perfcollector <> - format: filter_tid config1:0-5 mask:0-5
323 [23390136035008] INFO perfrun.perfcollector <> - format: filter_nid config1:32-47 mask:32-47
323 [23390136035008] INFO perfrun.perfcollector <> - format: filter_nc config1:62 mask:62
323 [23390136035008] INFO perfrun.perfcollector <> - format: umask config:8-15 mask:8-15
323 [23390136035008] INFO perfrun.perfcollector <> - format: tid_en config:19 mask:19
323 [23390136035008] INFO perfrun.perfcollector <> - format: thresh config:24-31 mask:24-31
323 [23390136035008] INFO perfrun.perfcollector <> - format: filter_state config1:17-23 mask:17-23
323 [23390136035008] INFO perfrun.perfcollector <> - format: filter_opc config1:52-60 mask:52-60
323 [23390136035008] INFO perfrun.perfcollector <> - hwInfo: PERF_CBOX_PMU_DETAILS
323 [23390136035008] INFO perfrun.perfcollector <> - pmu added: family: uncore_cbox, id: 11
323 [23390136035008] INFO perfrun.perfcollector <> - dir found: /sys/bus/event_source/devices/uncore_cbox_4
323 [23390136035008] INFO perfrun.perfcollector <> - format: event config:0-7 mask:0-7
323 [23390136035008] INFO perfrun.perfcollector <> - format: filter_link config1:6-8 mask:6-8
323 [23390136035008] INFO perfrun.perfcollector <> - format: filter_c6 config1:61 mask:61
323 [23390136035008] INFO perfrun.perfcollector <> - format: edge config:18 mask:18
323 [23390136035008] INFO perfrun.perfcollector <> - format: filter_isoc config1:63 mask:63
323 [23390136035008] INFO perfrun.perfcollector <> - format: filter_tid config1:0-5 mask:0-5
323 [23390136035008] INFO perfrun.perfcollector <> - format: filter_nid config1:32-47 mask:32-47
323 [23390136035008] INFO perfrun.perfcollector <> - format: filter_nc config1:62 mask:62
324 [23390136035008] INFO perfrun.perfcollector <> - format: umask config:8-15 mask:8-15
324 [23390136035008] INFO perfrun.perfcollector <> - format: tid_en config:19 mask:19
324 [23390136035008] INFO perfrun.perfcollector <> - format: thresh config:24-31 mask:24-31
324 [23390136035008] INFO perfrun.perfcollector <> - format: filter_state config1:17-23 mask:17-23
324 [23390136035008] INFO perfrun.perfcollector <> - format: filter_opc config1:52-60 mask:52-60
324 [23390136035008] INFO perfrun.perfcollector <> - hwInfo: PERF_CBOX_PMU_DETAILS
324 [23390136035008] INFO perfrun.perfcollector <> - pmu added: family: uncore_cbox, id: 4
324 [23390136035008] INFO perfrun.perfcollector <> - dir found: /sys/bus/event_source/devices/uprobe
324 [23390136035008] INFO perfrun.perfcollector <> - format: ref_ctr_offset config:32-63 mask:32-63
324 [23390136035008] INFO perfrun.perfcollector <> - format: retprobe config:0 mask:0
324 [23390136035008] INFO perfrun.perfcollector <> - hwInfo: not set, pmuFam: uprobe
324 [23390136035008] INFO perfrun.perfcollector <> - pmu added: family: uprobe, id: 0
324 [23390136035008] INFO perfrun.perfcollector <> - dir found: /sys/bus/event_source/devices/intel_bts
324 [23390136035008] INFO perfrun.perfcollector <> - format: pmu format subdir doesn't exist
324 [23390136035008] INFO perfrun.perfcollector <> - hwInfo: not set, pmuFam: intel_bts
324 [23390136035008] INFO perfrun.perfcollector <> - pmu added: family: intel_bts, id: 0
324 [23390136035008] INFO perfrun.perfcollector <> - dir found: /sys/bus/event_source/devices/cpu
324 [23390136035008] INFO perfrun.perfcollector <> - format: event config:0-7 mask:0-7
324 [23390136035008] INFO perfrun.perfcollector <> - format: pc config:19 mask:19
324 [23390136035008] INFO perfrun.perfcollector <> - format: in_tx config:32 mask:32
324 [23390136035008] INFO perfrun.perfcollector <> - format: edge config:18 mask:18
324 [23390136035008] INFO perfrun.perfcollector <> - format: any config:21 mask:21
325 [23390136035008] INFO perfrun.perfcollector <> - format: offcore_rsp config1:0-63 mask:0-63
325 [23390136035008] INFO perfrun.perfcollector <> - format: in_tx_cp config:33 mask:33
325 [23390136035008] INFO perfrun.perfcollector <> - format: ldlat config1:0-15 mask:0-15
325 [23390136035008] INFO perfrun.perfcollector <> - format: inv config:23 mask:23
325 [23390136035008] INFO perfrun.perfcollector <> - format: umask config:8-15 mask:8-15
325 [23390136035008] INFO perfrun.perfcollector <> - format: cmask config:24-31 mask:24-31
325 [23390136035008] INFO perfrun.perfcollector <> - hwInfo: PERF_CPU_PMU_DETAILS
325 [23390136035008] INFO perfrun.perfcollector <> - pmu added: family: cpu, id: 0
325 [23390136035008] INFO perfrun.perfcollector <> - dir found: /sys/bus/event_source/devices/uncore_r3qpi_0
325 [23390136035008] INFO perfrun.perfcollector <> - format: event config:0-7 mask:0-7
325 [23390136035008] INFO perfrun.perfcollector <> - format: edge config:18 mask:18
325 [23390136035008] INFO perfrun.perfcollector <> - format: inv config:23 mask:23
325 [23390136035008] INFO perfrun.perfcollector <> - format: umask config:8-15 mask:8-15
325 [23390136035008] INFO perfrun.perfcollector <> - format: thresh config:24-31 mask:24-31
325 [23390136035008] INFO perfrun.perfcollector <> - hwInfo: not set, pmuFam: uncore_r3qpi
325 [23390136035008] INFO perfrun.perfcollector <> - pmu added: family: uncore_r3qpi, id: 0
325 [23390136035008] INFO perfrun.perfcollector <> - dir found: /sys/bus/event_source/devices/cstate_core
325 [23390136035008] INFO perfrun.perfcollector <> - format: event config:0-63 mask:0-63
325 [23390136035008] INFO perfrun.perfcollector <> - hwInfo: not set, pmuFam: cstate_core
325 [23390136035008] INFO perfrun.perfcollector <> - pmu added: family: cstate_core, id: 0
325 [23390136035008] INFO perfrun.perfcollector <> - dir found: /sys/bus/event_source/devices/uncore_cbox_2
326 [23390136035008] INFO perfrun.perfcollector <> - format: event config:0-7 mask:0-7
326 [23390136035008] INFO perfrun.perfcollector <> - format: filter_link config1:6-8 mask:6-8
326 [23390136035008] INFO perfrun.perfcollector <> - format: filter_c6 config1:61 mask:61
326 [23390136035008] INFO perfrun.perfcollector <> - format: edge config:18 mask:18
326 [23390136035008] INFO perfrun.perfcollector <> - format: filter_isoc config1:63 mask:63
326 [23390136035008] INFO perfrun.perfcollector <> - format: filter_tid config1:0-5 mask:0-5
326 [23390136035008] INFO perfrun.perfcollector <> - format: filter_nid config1:32-47 mask:32-47
326 [23390136035008] INFO perfrun.perfcollector <> - format: filter_nc config1:62 mask:62
326 [23390136035008] INFO perfrun.perfcollector <> - format: umask config:8-15 mask:8-15
326 [23390136035008] INFO perfrun.perfcollector <> - format: tid_en config:19 mask:19
326 [23390136035008] INFO perfrun.perfcollector <> - format: thresh config:24-31 mask:24-31
327 [23390136035008] INFO perfrun.perfcollector <> - format: filter_state config1:17-23 mask:17-23
327 [23390136035008] INFO perfrun.perfcollector <> - format: filter_opc config1:52-60 mask:52-60
327 [23390136035008] INFO perfrun.perfcollector <> - hwInfo: PERF_CBOX_PMU_DETAILS
327 [23390136035008] INFO perfrun.perfcollector <> - pmu added: family: uncore_cbox, id: 2
327 [23390136035008] INFO perfrun.perfcollector <> - dir found: /sys/bus/event_source/devices/breakpoint
327 [23390136035008] INFO perfrun.perfcollector <> - format: pmu format subdir doesn't exist
327 [23390136035008] INFO perfrun.perfcollector <> - hwInfo: not set, pmuFam: breakpoint
327 [23390136035008] INFO perfrun.perfcollector <> - pmu added: family: breakpoint, id: 0
327 [23390136035008] INFO perfrun.perfcollector <> - dir found: /sys/bus/event_source/devices/uncore_ha_0
327 [23390136035008] INFO perfrun.perfcollector <> - format: event config:0-7 mask:0-7
327 [23390136035008] INFO perfrun.perfcollector <> - format: edge config:18 mask:18
327 [23390136035008] INFO perfrun.perfcollector <> - format: inv config:23 mask:23
327 [23390136035008] INFO perfrun.perfcollector <> - format: umask config:8-15 mask:8-15
327 [23390136035008] INFO perfrun.perfcollector <> - format: thresh config:24-31 mask:24-31
327 [23390136035008] INFO perfrun.perfcollector <> - hwInfo: not set, pmuFam: uncore_ha
327 [23390136035008] INFO perfrun.perfcollector <> - pmu added: family: uncore_ha, id: 0
327 [23390136035008] INFO perfrun.perfcollector <> - dir found: /sys/bus/event_source/devices/uncore_cbox_0
328 [23390136035008] INFO perfrun.perfcollector <> - format: event config:0-7 mask:0-7
328 [23390136035008] INFO perfrun.perfcollector <> - format: filter_link config1:6-8 mask:6-8
328 [23390136035008] INFO perfrun.perfcollector <> - format: filter_c6 config1:61 mask:61
328 [23390136035008] INFO perfrun.perfcollector <> - format: edge config:18 mask:18
328 [23390136035008] INFO perfrun.perfcollector <> - format: filter_isoc config1:63 mask:63
328 [23390136035008] INFO perfrun.perfcollector <> - format: filter_tid config1:0-5 mask:0-5
328 [23390136035008] INFO perfrun.perfcollector <> - format: filter_nid config1:32-47 mask:32-47
328 [23390136035008] INFO perfrun.perfcollector <> - format: filter_nc config1:62 mask:62
328 [23390136035008] INFO perfrun.perfcollector <> - format: umask config:8-15 mask:8-15
328 [23390136035008] INFO perfrun.perfcollector <> - format: tid_en config:19 mask:19
328 [23390136035008] INFO perfrun.perfcollector <> - format: thresh config:24-31 mask:24-31
329 [23390136035008] INFO perfrun.perfcollector <> - format: filter_state config1:17-23 mask:17-23
329 [23390136035008] INFO perfrun.perfcollector <> - format: filter_opc config1:52-60 mask:52-60
329 [23390136035008] INFO perfrun.perfcollector <> - hwInfo: PERF_CBOX_PMU_DETAILS
329 [23390136035008] INFO perfrun.perfcollector <> - pmu added: family: uncore_cbox, id: 0
329 [23390136035008] INFO perfrun.perfcollector <> - dir found: /sys/bus/event_source/devices/tracepoint
329 [23390136035008] INFO perfrun.perfcollector <> - format: pmu format subdir doesn't exist
329 [23390136035008] INFO perfrun.perfcollector <> - hwInfo: not set, pmuFam: tracepoint
329 [23390136035008] INFO perfrun.perfcollector <> - pmu added: family: tracepoint, id: 0
329 [23390136035008] INFO perfrun.perfcollector <> - dir found: /sys/bus/event_source/devices/uncore_sbox_3
330 [23390136035008] INFO perfrun.perfcollector <> - format: event config:0-7 mask:0-7
330 [23390136035008] INFO perfrun.perfcollector <> - format: edge config:18 mask:18
330 [23390136035008] INFO perfrun.perfcollector <> - format: inv config:23 mask:23
330 [23390136035008] INFO perfrun.perfcollector <> - format: umask config:8-15 mask:8-15
330 [23390136035008] INFO perfrun.perfcollector <> - format: tid_en config:19 mask:19
330 [23390136035008] INFO perfrun.perfcollector <> - format: thresh config:24-31 mask:24-31
330 [23390136035008] INFO perfrun.perfcollector <> - hwInfo: not set, pmuFam: uncore_sbox
330 [23390136035008] INFO perfrun.perfcollector <> - pmu added: family: uncore_sbox, id: 3
330 [23390136035008] INFO perfrun.perfcollector <> - dir found: /sys/bus/event_source/devices/uncore_cbox_9
331 [23390136035008] INFO perfrun.perfcollector <> - format: event config:0-7 mask:0-7
331 [23390136035008] INFO perfrun.perfcollector <> - format: filter_link config1:6-8 mask:6-8
331 [23390136035008] INFO perfrun.perfcollector <> - format: filter_c6 config1:61 mask:61
331 [23390136035008] INFO perfrun.perfcollector <> - format: edge config:18 mask:18
332 [23390136035008] INFO perfrun.perfcollector <> - format: filter_isoc config1:63 mask:63
332 [23390136035008] INFO perfrun.perfcollector <> - format: filter_tid config1:0-5 mask:0-5
332 [23390136035008] INFO perfrun.perfcollector <> - format: filter_nid config1:32-47 mask:32-47
332 [23390136035008] INFO perfrun.perfcollector <> - format: filter_nc config1:62 mask:62
332 [23390136035008] INFO perfrun.perfcollector <> - format: umask config:8-15 mask:8-15
332 [23390136035008] INFO perfrun.perfcollector <> - format: tid_en config:19 mask:19
332 [23390136035008] INFO perfrun.perfcollector <> - format: thresh config:24-31 mask:24-31
332 [23390136035008] INFO perfrun.perfcollector <> - format: filter_state config1:17-23 mask:17-23
332 [23390136035008] INFO perfrun.perfcollector <> - format: filter_opc config1:52-60 mask:52-60
332 [23390136035008] INFO perfrun.perfcollector <> - hwInfo: PERF_CBOX_PMU_DETAILS
333 [23390136035008] INFO perfrun.perfcollector <> - pmu added: family: uncore_cbox, id: 9
333 [23390136035008] INFO perfrun.perfcollector <> - dir found: /sys/bus/event_source/devices/cstate_pkg
333 [23390136035008] INFO perfrun.perfcollector <> - format: event config:0-63 mask:0-63
333 [23390136035008] INFO perfrun.perfcollector <> - hwInfo: not set, pmuFam: cstate_pkg
333 [23390136035008] INFO perfrun.perfcollector <> - pmu added: family: cstate_pkg, id: 0
333 [23390136035008] INFO perfrun.perfcollector <> - dir found: /sys/bus/event_source/devices/uncore_imc_4
333 [23390136035008] INFO perfrun.perfcollector <> - format: event config:0-7 mask:0-7
333 [23390136035008] INFO perfrun.perfcollector <> - format: edge config:18 mask:18
333 [23390136035008] INFO perfrun.perfcollector <> - format: inv config:23 mask:23
333 [23390136035008] INFO perfrun.perfcollector <> - format: umask config:8-15 mask:8-15
333 [23390136035008] INFO perfrun.perfcollector <> - format: thresh config:24-31 mask:24-31
333 [23390136035008] INFO perfrun.perfcollector <> - hwInfo: PERF_IMC_PMU_DETAILS
333 [23390136035008] INFO perfrun.perfcollector <> - pmu added: family: uncore_imc, id: 4
333 [23390136035008] INFO perfrun.perfcollector <> - dir found: /sys/bus/event_source/devices/uncore_ubox
333 [23390136035008] INFO perfrun.perfcollector <> - format: event config:0-7 mask:0-7
334 [23390136035008] INFO perfrun.perfcollector <> - format: edge config:18 mask:18
334 [23390136035008] INFO perfrun.perfcollector <> - format: inv config:23 mask:23
334 [23390136035008] INFO perfrun.perfcollector <> - format: umask config:8-15 mask:8-15
334 [23390136035008] INFO perfrun.perfcollector <> - format: thresh config:24-28 mask:24-28
334 [23390136035008] INFO perfrun.perfcollector <> - hwInfo: not set, pmuFam: uncore_ubox
334 [23390136035008] INFO perfrun.perfcollector <> - pmu added: family: uncore_ubox, id: 0
334 [23390136035008] INFO perfrun.perfcollector <> - dir found: /sys/bus/event_source/devices/uncore_sbox_1
334 [23390136035008] INFO perfrun.perfcollector <> - format: event config:0-7 mask:0-7
334 [23390136035008] INFO perfrun.perfcollector <> - format: edge config:18 mask:18
334 [23390136035008] INFO perfrun.perfcollector <> - format: inv config:23 mask:23
335 [23390136035008] INFO perfrun.perfcollector <> - format: umask config:8-15 mask:8-15
335 [23390136035008] INFO perfrun.perfcollector <> - format: tid_en config:19 mask:19
335 [23390136035008] INFO perfrun.perfcollector <> - format: thresh config:24-31 mask:24-31
335 [23390136035008] INFO perfrun.perfcollector <> - hwInfo: not set, pmuFam: uncore_sbox
335 [23390136035008] INFO perfrun.perfcollector <> - pmu added: family: uncore_sbox, id: 1
335 [23390136035008] INFO perfrun.perfcollector <> - dir found: /sys/bus/event_source/devices/uncore_cbox_7
335 [23390136035008] INFO perfrun.perfcollector <> - format: event config:0-7 mask:0-7
335 [23390136035008] INFO perfrun.perfcollector <> - format: filter_link config1:6-8 mask:6-8
335 [23390136035008] INFO perfrun.perfcollector <> - format: filter_c6 config1:61 mask:61
335 [23390136035008] INFO perfrun.perfcollector <> - format: edge config:18 mask:18
335 [23390136035008] INFO perfrun.perfcollector <> - format: filter_isoc config1:63 mask:63
335 [23390136035008] INFO perfrun.perfcollector <> - format: filter_tid config1:0-5 mask:0-5
335 [23390136035008] INFO perfrun.perfcollector <> - format: filter_nid config1:32-47 mask:32-47
336 [23390136035008] INFO perfrun.perfcollector <> - format: filter_nc config1:62 mask:62
336 [23390136035008] INFO perfrun.perfcollector <> - format: umask config:8-15 mask:8-15
336 [23390136035008] INFO perfrun.perfcollector <> - format: tid_en config:19 mask:19
336 [23390136035008] INFO perfrun.perfcollector <> - format: thresh config:24-31 mask:24-31
336 [23390136035008] INFO perfrun.perfcollector <> - format: filter_state config1:17-23 mask:17-23
336 [23390136035008] INFO perfrun.perfcollector <> - format: filter_opc config1:52-60 mask:52-60
336 [23390136035008] INFO perfrun.perfcollector <> - hwInfo: PERF_CBOX_PMU_DETAILS
336 [23390136035008] INFO perfrun.perfcollector <> - pmu added: family: uncore_cbox, id: 7
336 [23390136035008] INFO perfrun.perfcollector <> - dir found: /sys/bus/event_source/devices/uncore_cbox_12
336 [23390136035008] INFO perfrun.perfcollector <> - format: event config:0-7 mask:0-7
336 [23390136035008] INFO perfrun.perfcollector <> - format: filter_link config1:6-8 mask:6-8
336 [23390136035008] INFO perfrun.perfcollector <> - format: filter_c6 config1:61 mask:61
336 [23390136035008] INFO perfrun.perfcollector <> - format: edge config:18 mask:18
336 [23390136035008] INFO perfrun.perfcollector <> - format: filter_isoc config1:63 mask:63
337 [23390136035008] INFO perfrun.perfcollector <> - format: filter_tid config1:0-5 mask:0-5
337 [23390136035008] INFO perfrun.perfcollector <> - format: filter_nid config1:32-47 mask:32-47
337 [23390136035008] INFO perfrun.perfcollector <> - format: filter_nc config1:62 mask:62
337 [23390136035008] INFO perfrun.perfcollector <> - format: umask config:8-15 mask:8-15
337 [23390136035008] INFO perfrun.perfcollector <> - format: tid_en config:19 mask:19
337 [23390136035008] INFO perfrun.perfcollector <> - format: thresh config:24-31 mask:24-31
337 [23390136035008] INFO perfrun.perfcollector <> - format: filter_state config1:17-23 mask:17-23
337 [23390136035008] INFO perfrun.perfcollector <> - format: filter_opc config1:52-60 mask:52-60
337 [23390136035008] INFO perfrun.perfcollector <> - hwInfo: PERF_CBOX_PMU_DETAILS
337 [23390136035008] INFO perfrun.perfcollector <> - pmu added: family: uncore_cbox, id: 12
337 [23390136035008] INFO perfrun.perfcollector <> - dir found: /sys/bus/event_source/devices/kprobe
337 [23390136035008] INFO perfrun.perfcollector <> - format: retprobe config:0 mask:0
337 [23390136035008] INFO perfrun.perfcollector <> - hwInfo: not set, pmuFam: kprobe
337 [23390136035008] INFO perfrun.perfcollector <> - pmu added: family: kprobe, id: 0
338 [23390136035008] INFO perfrun.perfcollector <> - dir found: /sys/bus/event_source/devices/uncore_qpi_0
338 [23390136035008] INFO perfrun.perfcollector <> - format: mask_rnid4 config2:31 mask:31
338 [23390136035008] INFO perfrun.perfcollector <> - format: mask_rnid30 config2:32-35 mask:32-35
338 [23390136035008] INFO perfrun.perfcollector <> - format: match_rnid30 config1:32-35 mask:32-35
338 [23390136035008] INFO perfrun.perfcollector <> - format: event config:0-7,21 mask:0-7,21
338 [23390136035008] INFO perfrun.perfcollector <> - format: match0 config1:0-31 mask:0-31
338 [23390136035008] INFO perfrun.perfcollector <> - format: match_rds config1:48-51 mask:48-51
338 [23390136035008] INFO perfrun.perfcollector <> - format: mask_rds config2:48-51 mask:48-51
339 [23390136035008] INFO perfrun.perfcollector <> - format: edge config:18 mask:18
339 [23390136035008] INFO perfrun.perfcollector <> - format: mask1 config2:32-63 mask:32-63
339 [23390136035008] INFO perfrun.perfcollector <> - format: match_dnid config1:13-17 mask:13-17
339 [23390136035008] INFO perfrun.perfcollector <> - format: mask_dnid config2:13-17 mask:13-17
339 [23390136035008] INFO perfrun.perfcollector <> - format: match_vnw config1:3-4 mask:3-4
340 [23390136035008] INFO perfrun.perfcollector <> - format: mask_vnw config2:3-4 mask:3-4
340 [23390136035008] INFO perfrun.perfcollector <> - format: mask_mc config2:9-12 mask:9-12
340 [23390136035008] INFO perfrun.perfcollector <> - format: match1 config1:32-63 mask:32-63
340 [23390136035008] INFO perfrun.perfcollector <> - format: inv config:23 mask:23
340 [23390136035008] INFO perfrun.perfcollector <> - format: umask config:8-15 mask:8-15
340 [23390136035008] INFO perfrun.perfcollector <> - format: match_opc config1:5-8 mask:5-8
340 [23390136035008] INFO perfrun.perfcollector <> - format: mask_opc config2:5-8 mask:5-8
340 [23390136035008] INFO perfrun.perfcollector <> - format: thresh config:24-31 mask:24-31
340 [23390136035008] INFO perfrun.perfcollector <> - format: match_rnid4 config1:31 mask:31
340 [23390136035008] INFO perfrun.perfcollector <> - format: mask0 config2:0-31 mask:0-31
341 [23390136035008] INFO perfrun.perfcollector <> - format: match_mc config1:9-12 mask:9-12
341 [23390136035008] INFO perfrun.perfcollector <> - hwInfo: PERF_QPI_PMU_DETAILS
341 [23390136035008] INFO perfrun.perfcollector <> - pmu added: family: uncore_qpi, id: 0
341 [23390136035008] INFO perfrun.perfcollector <> - dir found: /sys/bus/event_source/devices/uncore_cbox_5
341 [23390136035008] INFO perfrun.perfcollector <> - format: event config:0-7 mask:0-7
341 [23390136035008] INFO perfrun.perfcollector <> - format: filter_link config1:6-8 mask:6-8
341 [23390136035008] INFO perfrun.perfcollector <> - format: filter_c6 config1:61 mask:61
341 [23390136035008] INFO perfrun.perfcollector <> - format: edge config:18 mask:18
342 [23390136035008] INFO perfrun.perfcollector <> - format: filter_isoc config1:63 mask:63
342 [23390136035008] INFO perfrun.perfcollector <> - format: filter_tid config1:0-5 mask:0-5
342 [23390136035008] INFO perfrun.perfcollector <> - format: filter_nid config1:32-47 mask:32-47
342 [23390136035008] INFO perfrun.perfcollector <> - format: filter_nc config1:62 mask:62
342 [23390136035008] INFO perfrun.perfcollector <> - format: umask config:8-15 mask:8-15
342 [23390136035008] INFO perfrun.perfcollector <> - format: tid_en config:19 mask:19
342 [23390136035008] INFO perfrun.perfcollector <> - format: thresh config:24-31 mask:24-31
342 [23390136035008] INFO perfrun.perfcollector <> - format: filter_state config1:17-23 mask:17-23
342 [23390136035008] INFO perfrun.perfcollector <> - format: filter_opc config1:52-60 mask:52-60
342 [23390136035008] INFO perfrun.perfcollector <> - hwInfo: PERF_CBOX_PMU_DETAILS
342 [23390136035008] INFO perfrun.perfcollector <> - pmu added: family: uncore_cbox, id: 5
342 [23390136035008] INFO perfrun.perfcollector <> - dir found: /sys/bus/event_source/devices/uncore_imc_0
342 [23390136035008] INFO perfrun.perfcollector <> - format: event config:0-7 mask:0-7
342 [23390136035008] INFO perfrun.perfcollector <> - format: edge config:18 mask:18
342 [23390136035008] INFO perfrun.perfcollector <> - format: inv config:23 mask:23
343 [23390136035008] INFO perfrun.perfcollector <> - format: umask config:8-15 mask:8-15
343 [23390136035008] INFO perfrun.perfcollector <> - format: thresh config:24-31 mask:24-31
343 [23390136035008] INFO perfrun.perfcollector <> - hwInfo: PERF_IMC_PMU_DETAILS
343 [23390136035008] INFO perfrun.perfcollector <> - pmu added: family: uncore_imc, id: 0
343 [23390136035008] INFO perfrun.perfcollector <> - dir found: /sys/bus/event_source/devices/uncore_cbox_10
343 [23390136035008] INFO perfrun.perfcollector <> - format: event config:0-7 mask:0-7
343 [23390136035008] INFO perfrun.perfcollector <> - format: filter_link config1:6-8 mask:6-8
343 [23390136035008] INFO perfrun.perfcollector <> - format: filter_c6 config1:61 mask:61
343 [23390136035008] INFO perfrun.perfcollector <> - format: edge config:18 mask:18
344 [23390136035008] INFO perfrun.perfcollector <> - format: filter_isoc config1:63 mask:63
344 [23390136035008] INFO perfrun.perfcollector <> - format: filter_tid config1:0-5 mask:0-5
344 [23390136035008] INFO perfrun.perfcollector <> - format: filter_nid config1:32-47 mask:32-47
344 [23390136035008] INFO perfrun.perfcollector <> - format: filter_nc config1:62 mask:62
344 [23390136035008] INFO perfrun.perfcollector <> - format: umask config:8-15 mask:8-15
344 [23390136035008] INFO perfrun.perfcollector <> - format: tid_en config:19 mask:19
344 [23390136035008] INFO perfrun.perfcollector <> - format: thresh config:24-31 mask:24-31
344 [23390136035008] INFO perfrun.perfcollector <> - format: filter_state config1:17-23 mask:17-23
345 [23390136035008] INFO perfrun.perfcollector <> - format: filter_opc config1:52-60 mask:52-60
345 [23390136035008] INFO perfrun.perfcollector <> - hwInfo: PERF_CBOX_PMU_DETAILS
345 [23390136035008] INFO perfrun.perfcollector <> - pmu added: family: uncore_cbox, id: 10
345 [23390136035008] INFO perfrun.perfcollector <> - dir found: /sys/bus/event_source/devices/uncore_pcu
345 [23390136035008] INFO perfrun.perfcollector <> - format: filter_band2 config1:16-23 mask:16-23
345 [23390136035008] INFO perfrun.perfcollector <> - format: event config:0-7 mask:0-7
345 [23390136035008] INFO perfrun.perfcollector <> - format: filter_band0 config1:0-7 mask:0-7
345 [23390136035008] INFO perfrun.perfcollector <> - format: edge config:18 mask:18
345 [23390136035008] INFO perfrun.perfcollector <> - format: occ_invert config:30 mask:30
345 [23390136035008] INFO perfrun.perfcollector <> - format: occ_edge config:14-51 mask:14-51
346 [23390136035008] INFO perfrun.perfcollector <> - format: filter_band3 config1:24-31 mask:24-31
346 [23390136035008] INFO perfrun.perfcollector <> - format: filter_band1 config1:8-15 mask:8-15
346 [23390136035008] INFO perfrun.perfcollector <> - format: inv config:23 mask:23
346 [23390136035008] INFO perfrun.perfcollector <> - format: thresh config:24-28 mask:24-28
346 [23390136035008] INFO perfrun.perfcollector <> - format: occ_sel config:14-15 mask:14-15
346 [23390136035008] INFO perfrun.perfcollector <> - hwInfo: not set, pmuFam: uncore_pcu
346 [23390136035008] INFO perfrun.perfcollector <> - pmu added: family: uncore_pcu, id: 0
346 [23390136035008] INFO perfrun.perfcollector <> - dir found: /sys/bus/event_source/devices/uncore_r3qpi_1
347 [23390136035008] INFO perfrun.perfcollector <> - format: event config:0-7 mask:0-7
347 [23390136035008] INFO perfrun.perfcollector <> - format: edge config:18 mask:18
347 [23390136035008] INFO perfrun.perfcollector <> - format: inv config:23 mask:23
347 [23390136035008] INFO perfrun.perfcollector <> - format: umask config:8-15 mask:8-15
348 [23390136035008] INFO perfrun.perfcollector <> - format: thresh config:24-31 mask:24-31
348 [23390136035008] INFO perfrun.perfcollector <> - hwInfo: not set, pmuFam: uncore_r3qpi
348 [23390136035008] INFO perfrun.perfcollector <> - pmu added: family: uncore_r3qpi, id: 1
348 [23390136035008] INFO perfrun.perfcollector <> - dir found: /sys/bus/event_source/devices/msr
348 [23390136035008] INFO perfrun.perfcollector <> - format: event config:0-63 mask:0-63
348 [23390136035008] INFO perfrun.perfcollector <> - hwInfo: not set, pmuFam: msr
349 [23390136035008] INFO perfrun.perfcollector <> - pmu added: family: msr, id: 0
349 [23390136035008] INFO perfrun.perfcollector <> - dir found: /sys/bus/event_source/devices/uncore_cbox_3
349 [23390136035008] INFO perfrun.perfcollector <> - format: event config:0-7 mask:0-7
349 [23390136035008] INFO perfrun.perfcollector <> - format: filter_link config1:6-8 mask:6-8
349 [23390136035008] INFO perfrun.perfcollector <> - format: filter_c6 config1:61 mask:61
349 [23390136035008] INFO perfrun.perfcollector <> - format: edge config:18 mask:18
349 [23390136035008] INFO perfrun.perfcollector <> - format: filter_isoc config1:63 mask:63
349 [23390136035008] INFO perfrun.perfcollector <> - format: filter_tid config1:0-5 mask:0-5
349 [23390136035008] INFO perfrun.perfcollector <> - format: filter_nid config1:32-47 mask:32-47
350 [23390136035008] INFO perfrun.perfcollector <> - format: filter_nc config1:62 mask:62
350 [23390136035008] INFO perfrun.perfcollector <> - format: umask config:8-15 mask:8-15
350 [23390136035008] INFO perfrun.perfcollector <> - format: tid_en config:19 mask:19
350 [23390136035008] INFO perfrun.perfcollector <> - format: thresh config:24-31 mask:24-31
350 [23390136035008] INFO perfrun.perfcollector <> - format: filter_state config1:17-23 mask:17-23
350 [23390136035008] INFO perfrun.perfcollector <> - format: filter_opc config1:52-60 mask:52-60
350 [23390136035008] INFO perfrun.perfcollector <> - hwInfo: PERF_CBOX_PMU_DETAILS
350 [23390136035008] INFO perfrun.perfcollector <> - pmu added: family: uncore_cbox, id: 3
350 [23390136035008] INFO perfrun.perfcollector <> - dir found: /sys/bus/event_source/devices/intel_pt
351 [23390136035008] INFO perfrun.perfcollector <> - format: ptw config:12 mask:12
351 [23390136035008] INFO perfrun.perfcollector <> - format: event config:31 mask:31
351 [23390136035008] INFO perfrun.perfcollector <> - format: cyc_thresh config:19-22 mask:19-22
351 [23390136035008] INFO perfrun.perfcollector <> - format: pt config:0 mask:0
351 [23390136035008] INFO perfrun.perfcollector <> - format: notnt config:55 mask:55
351 [23390136035008] INFO perfrun.perfcollector <> - format: branch config:13 mask:13
352 [23390136035008] INFO perfrun.perfcollector <> - format: tsc config:10 mask:10
352 [23390136035008] INFO perfrun.perfcollector <> - format: pwr_evt config:4 mask:4
352 [23390136035008] INFO perfrun.perfcollector <> - format: fup_on_ptw config:5 mask:5
352 [23390136035008] INFO perfrun.perfcollector <> - format: cyc config:1 mask:1
352 [23390136035008] INFO perfrun.perfcollector <> - format: noretcomp config:11 mask:11
352 [23390136035008] INFO perfrun.perfcollector <> - format: mtc config:9 mask:9
352 [23390136035008] INFO perfrun.perfcollector <> - format: psb_period config:24-27 mask:24-27
353 [23390136035008] INFO perfrun.perfcollector <> - format: mtc_period config:14-17 mask:14-17
353 [23390136035008] INFO perfrun.perfcollector <> - hwInfo: not set, pmuFam: intel_pt
353 [23390136035008] INFO perfrun.perfcollector <> - pmu added: family: intel_pt, id: 0
353 [23390136035008] INFO perfrun.perfcollector <> - dir found: /sys/bus/event_source/devices/uncore_ha_1
353 [23390136035008] INFO perfrun.perfcollector <> - format: event config:0-7 mask:0-7
353 [23390136035008] INFO perfrun.perfcollector <> - format: edge config:18 mask:18
354 [23390136035008] INFO perfrun.perfcollector <> - format: inv config:23 mask:23
354 [23390136035008] INFO perfrun.perfcollector <> - format: umask config:8-15 mask:8-15
354 [23390136035008] INFO perfrun.perfcollector <> - format: thresh config:24-31 mask:24-31
354 [23390136035008] INFO perfrun.perfcollector <> - hwInfo: not set, pmuFam: uncore_ha
354 [23390136035008] INFO perfrun.perfcollector <> - pmu added: family: uncore_ha, id: 1
354 [23390136035008] INFO perfrun.perfcollector <> - dir found: /sys/bus/event_source/devices/uncore_cbox_1
354 [23390136035008] INFO perfrun.perfcollector <> - format: event config:0-7 mask:0-7
354 [23390136035008] INFO perfrun.perfcollector <> - format: filter_link config1:6-8 mask:6-8
355 [23390136035008] INFO perfrun.perfcollector <> - format: filter_c6 config1:61 mask:61
355 [23390136035008] INFO perfrun.perfcollector <> - format: edge config:18 mask:18
355 [23390136035008] INFO perfrun.perfcollector <> - format: filter_isoc config1:63 mask:63
355 [23390136035008] INFO perfrun.perfcollector <> - format: filter_tid config1:0-5 mask:0-5
355 [23390136035008] INFO perfrun.perfcollector <> - format: filter_nid config1:32-47 mask:32-47
355 [23390136035008] INFO perfrun.perfcollector <> - format: filter_nc config1:62 mask:62
355 [23390136035008] INFO perfrun.perfcollector <> - format: umask config:8-15 mask:8-15
355 [23390136035008] INFO perfrun.perfcollector <> - format: tid_en config:19 mask:19
355 [23390136035008] INFO perfrun.perfcollector <> - format: thresh config:24-31 mask:24-31
355 [23390136035008] INFO perfrun.perfcollector <> - format: filter_state config1:17-23 mask:17-23
355 [23390136035008] INFO perfrun.perfcollector <> - format: filter_opc config1:52-60 mask:52-60
355 [23390136035008] INFO perfrun.perfcollector <> - hwInfo: PERF_CBOX_PMU_DETAILS
356 [23390136035008] INFO perfrun.perfcollector <> - pmu added: family: uncore_cbox, id: 1
356 [23390136035008] INFO perfrun.sdk <> - runCmd: /opt/intel/oneapi/vtune/2023.1.0/bin64/sep -dry-run -sam 1 -ec CPU_CLK_UNHALTED.THREAD,CPU_CLK_UNHALTED.REF_TSC:sample:sa=2400000,INST_RETIRED.ANY:sample:sa=2400000,CPU_CLK_UNHALTED.REF_XCLK,CPU_CLK_UNHALTED.ONE_THREAD_ACTIVE,FP_ARITH_INST_RETIRED.SCALAR_SINGLE,FP_ARITH_INST_RETIRED.128B_PACKED_SINGLE,FP_ARITH_INST_RETIRED.256B_PACKED_SINGLE,FP_ARITH_INST_RETIRED.SCALAR_DOUBLE,FP_ARITH_INST_RETIRED.128B_PACKED_DOUBLE,FP_ARITH_INST_RETIRED.256B_PACKED_DOUBLE,INST_RETIRED.X87,UOPS_RETIRED.RETIRE_SLOTS:sample:sa=2000003 -experimental
356 [23390136035008] INFO perfrun.sdk <> - runCmd started PID 2288100
388 [23390136035008] INFO perfrun.perfcollector <> - SepDryRun RC = true
391 [23390136035008] INFO perfrun.perfcollector <> - DRY_RUN: "PMU type: Core (core)"
391 [23390136035008] INFO perfrun.perfcollector <> - pmu type: cpu
391 [23390136035008] INFO perfrun.perfcollector <> - DRY_RUN: "Group 0:"
391 [23390136035008] INFO perfrun.perfcollector <> - id: 0
391 [23390136035008] INFO perfrun.perfcollector <> - DRY_RUN: "INST_RETIRED.ANY: event id 2"
391 [23390136035008] INFO perfrun.perfcollector <> - eventName: INST_RETIRED.ANY, eventId: 2
391 [23390136035008] INFO perfrun.perfcollector <> - DRY_RUN: "CPU_CLK_UNHALTED.THREAD: event id 0"
391 [23390136035008] INFO perfrun.perfcollector <> - eventName: CPU_CLK_UNHALTED.THREAD, eventId: 0
391 [23390136035008] INFO perfrun.perfcollector <> - DRY_RUN: "CPU_CLK_UNHALTED.REF_TSC: event id 1"
391 [23390136035008] INFO perfrun.perfcollector <> - eventName: CPU_CLK_UNHALTED.REF_TSC, eventId: 1
391 [23390136035008] INFO perfrun.perfcollector <> - DRY_RUN: "FP_ARITH_INST_RETIRED.SCALAR_SINGLE: event id 5"
391 [23390136035008] INFO perfrun.perfcollector <> - eventName: FP_ARITH_INST_RETIRED.SCALAR_SINGLE, eventId: 5
391 [23390136035008] INFO perfrun.perfcollector <> - DRY_RUN: "FP_ARITH_INST_RETIRED.128B_PACKED_SINGLE: event id 6"
391 [23390136035008] INFO perfrun.perfcollector <> - eventName: FP_ARITH_INST_RETIRED.128B_PACKED_SINGLE, eventId: 6
391 [23390136035008] INFO perfrun.perfcollector <> - DRY_RUN: "FP_ARITH_INST_RETIRED.256B_PACKED_SINGLE: event id 7"
391 [23390136035008] INFO perfrun.perfcollector <> - eventName: FP_ARITH_INST_RETIRED.256B_PACKED_SINGLE, eventId: 7
391 [23390136035008] INFO perfrun.perfcollector <> - DRY_RUN: "FP_ARITH_INST_RETIRED.SCALAR_DOUBLE: event id 8"
391 [23390136035008] INFO perfrun.perfcollector <> - eventName: FP_ARITH_INST_RETIRED.SCALAR_DOUBLE, eventId: 8
391 [23390136035008] INFO perfrun.perfcollector <> - DRY_RUN: "CPU_CLK_UNHALTED.REF_XCLK: event id 3"
391 [23390136035008] INFO perfrun.perfcollector <> - eventName: CPU_CLK_UNHALTED.REF_XCLK, eventId: 3
391 [23390136035008] INFO perfrun.perfcollector <> - DRY_RUN: "CPU_CLK_UNHALTED.ONE_THREAD_ACTIVE: event id 4"
391 [23390136035008] INFO perfrun.perfcollector <> - eventName: CPU_CLK_UNHALTED.ONE_THREAD_ACTIVE, eventId: 4
391 [23390136035008] INFO perfrun.perfcollector <> - DRY_RUN: "INST_RETIRED.X87: event id 11"
391 [23390136035008] INFO perfrun.perfcollector <> - eventName: INST_RETIRED.X87, eventId: 11
391 [23390136035008] INFO perfrun.perfcollector <> - DRY_RUN: "UOPS_RETIRED.RETIRE_SLOTS: event id 12"
391 [23390136035008] INFO perfrun.perfcollector <> - eventName: UOPS_RETIRED.RETIRE_SLOTS, eventId: 12
391 [23390136035008] INFO perfrun.perfcollector <> - DRY_RUN: "CCCR"
391 [23390136035008] INFO perfrun.perfcollector <> - DRY_RUN: "reg_type       = 1	event_id       = g	reg_id         = 38f	reg_value      = 7000000ff"
391 [23390136035008] INFO perfrun.perfcollector <> - eventId: g, skip parsing event_id
391 [23390136035008] INFO perfrun.perfcollector <> - Register was ignored: group_id: 0, reg_type: 1, event_id: 4294967295, reg_id: 38f, reg_value: 7000000ff, pmu_name: cpu
391 [23390136035008] INFO perfrun.perfcollector <> - DRY_RUN: "reg_type       = 1	event_id       = g	reg_id         = 390	reg_value      = 7000000ff"
391 [23390136035008] INFO perfrun.perfcollector <> - eventId: g, skip parsing event_id
391 [23390136035008] INFO perfrun.perfcollector <> - Register was ignored: group_id: 0, reg_type: 1, event_id: 4294967295, reg_id: 390, reg_value: 7000000ff, pmu_name: cpu
391 [23390136035008] INFO perfrun.perfcollector <> - DRY_RUN: "reg_type       = 1	event_id       = g	reg_id         = 3f1	reg_value      = 0"
391 [23390136035008] INFO perfrun.perfcollector <> - eventId: g, skip parsing event_id
391 [23390136035008] INFO perfrun.perfcollector <> - Register was ignored: group_id: 0, reg_type: 1, event_id: 4294967295, reg_id: 3f1, reg_value: 0, pmu_name: cpu
391 [23390136035008] INFO perfrun.perfcollector <> - DRY_RUN: "reg_type       = 1	event_id       = g	reg_id         = 1d9	reg_value      = 1800"
391 [23390136035008] INFO perfrun.perfcollector <> - eventId: g, skip parsing event_id
391 [23390136035008] INFO perfrun.perfcollector <> - Register was ignored: group_id: 0, reg_type: 1, event_id: 4294967295, reg_id: 1d9, reg_value: 1800, pmu_name: cpu
391 [23390136035008] INFO perfrun.perfcollector <> - DRY_RUN: "reg_type       = 1	event_id       = g	reg_id         = 38d	reg_value      = bbb"
391 [23390136035008] INFO perfrun.perfcollector <> - eventId: g, skip parsing event_id
391 [23390136035008] INFO perfrun.perfcollector <> - Register was ignored: group_id: 0, reg_type: 1, event_id: 4294967295, reg_id: 38d, reg_value: bbb, pmu_name: cpu
391 [23390136035008] INFO perfrun.perfcollector <> - DRY_RUN: "reg_type       = 1	event_id       = 5	reg_id         = 186	reg_value      = 5302c7"
391 [23390136035008] INFO perfrun.perfcollector <> - Event selector: group_id: 0, reg_type: 1, event_id: 5, reg_id: 186, reg_value: 5302c7, pmu_name: cpu
391 [23390136035008] INFO perfrun.perfcollector <> - DRY_RUN: "reg_type       = 1	event_id       = 6	reg_id         = 187	reg_value      = 5308c7"
391 [23390136035008] INFO perfrun.perfcollector <> - Event selector: group_id: 0, reg_type: 1, event_id: 6, reg_id: 187, reg_value: 5308c7, pmu_name: cpu
391 [23390136035008] INFO perfrun.perfcollector <> - DRY_RUN: "reg_type       = 1	event_id       = 7	reg_id         = 188	reg_value      = 5320c7"
391 [23390136035008] INFO perfrun.perfcollector <> - Event selector: group_id: 0, reg_type: 1, event_id: 7, reg_id: 188, reg_value: 5320c7, pmu_name: cpu
391 [23390136035008] INFO perfrun.perfcollector <> - DRY_RUN: "reg_type       = 1	event_id       = 8	reg_id         = 189	reg_value      = 5301c7"
391 [23390136035008] INFO perfrun.perfcollector <> - Event selector: group_id: 0, reg_type: 1, event_id: 8, reg_id: 189, reg_value: 5301c7, pmu_name: cpu
391 [23390136035008] INFO perfrun.perfcollector <> - DRY_RUN: "reg_type       = 1	event_id       = 3	reg_id         = 18a	reg_value      = 53013c"
391 [23390136035008] INFO perfrun.perfcollector <> - Event selector: group_id: 0, reg_type: 1, event_id: 3, reg_id: 18a, reg_value: 53013c, pmu_name: cpu
391 [23390136035008] INFO perfrun.perfcollector <> - DRY_RUN: "reg_type       = 1	event_id       = 4	reg_id         = 18b	reg_value      = 53023c"
391 [23390136035008] INFO perfrun.perfcollector <> - Event selector: group_id: 0, reg_type: 1, event_id: 4, reg_id: 18b, reg_value: 53023c, pmu_name: cpu
391 [23390136035008] INFO perfrun.perfcollector <> - DRY_RUN: "reg_type       = 1	event_id       = 11	reg_id         = 18c	reg_value      = 5302c0"
391 [23390136035008] INFO perfrun.perfcollector <> - Event selector: group_id: 0, reg_type: 1, event_id: 11, reg_id: 18c, reg_value: 5302c0, pmu_name: cpu
391 [23390136035008] INFO perfrun.perfcollector <> - DRY_RUN: "reg_type       = 1	event_id       = 12	reg_id         = 18d	reg_value      = 5302c2"
391 [23390136035008] INFO perfrun.perfcollector <> - Event selector: group_id: 0, reg_type: 1, event_id: 12, reg_id: 18d, reg_value: 5302c2, pmu_name: cpu
391 [23390136035008] INFO perfrun.perfcollector <> - DRY_RUN: "ESCR"
391 [23390136035008] INFO perfrun.perfcollector <> - DRY_RUN: "reg_type       = 2	event_id       = g	reg_id         = 1c8	reg_value      = 0"
392 [23390136035008] INFO perfrun.perfcollector <> - eventId: g, skip parsing event_id
392 [23390136035008] INFO perfrun.perfcollector <> - DRY_RUN: "DATA"
392 [23390136035008] INFO perfrun.perfcollector <> - DRY_RUN: "reg_type       = 4	event_id       = 2	reg_id         = 309	reg_value      = ffffffdb6100"
392 [23390136035008] INFO perfrun.perfcollector <> - eventId: 2, dataAddr: 309, dataVal: ffffffdb6100
392 [23390136035008] INFO perfrun.perfcollector <> - DRY_RUN: "reg_type       = 4	event_id       = 0	reg_id         = 30a	reg_value      = ffffffe17b7d"
392 [23390136035008] INFO perfrun.perfcollector <> - eventId: 0, dataAddr: 30a, dataVal: ffffffe17b7d
392 [23390136035008] INFO perfrun.perfcollector <> - DRY_RUN: "reg_type       = 4	event_id       = 1	reg_id         = 30b	reg_value      = ffffffdb6100"
392 [23390136035008] INFO perfrun.perfcollector <> - eventId: 1, dataAddr: 30b, dataVal: ffffffdb6100
392 [23390136035008] INFO perfrun.perfcollector <> - DRY_RUN: "reg_type       = 4	event_id       = 5	reg_id         = c1	reg_value      = ffffffe17b7d"
392 [23390136035008] INFO perfrun.perfcollector <> - eventId: 5, dataAddr: c1, dataVal: ffffffe17b7d
392 [23390136035008] INFO perfrun.perfcollector <> - DRY_RUN: "reg_type       = 4	event_id       = 6	reg_id         = c2	reg_value      = ffffffe17b7d"
392 [23390136035008] INFO perfrun.perfcollector <> - eventId: 6, dataAddr: c2, dataVal: ffffffe17b7d
392 [23390136035008] INFO perfrun.perfcollector <> - DRY_RUN: "reg_type       = 4	event_id       = 7	reg_id         = c3	reg_value      = ffffffe17b7d"
392 [23390136035008] INFO perfrun.perfcollector <> - eventId: 7, dataAddr: c3, dataVal: ffffffe17b7d
392 [23390136035008] INFO perfrun.perfcollector <> - DRY_RUN: "reg_type       = 4	event_id       = 8	reg_id         = c4	reg_value      = ffffffe17b7d"
392 [23390136035008] INFO perfrun.perfcollector <> - eventId: 8, dataAddr: c4, dataVal: ffffffe17b7d
392 [23390136035008] INFO perfrun.perfcollector <> - DRY_RUN: "reg_type       = 4	event_id       = 3	reg_id         = c5	reg_value      = fffffffe795d"
392 [23390136035008] INFO perfrun.perfcollector <> - eventId: 3, dataAddr: c5, dataVal: fffffffe795d
392 [23390136035008] INFO perfrun.perfcollector <> - DRY_RUN: "reg_type       = 4	event_id       = 4	reg_id         = c6	reg_value      = fffffffe795d"
392 [23390136035008] INFO perfrun.perfcollector <> - eventId: 4, dataAddr: c6, dataVal: fffffffe795d
392 [23390136035008] INFO perfrun.perfcollector <> - DRY_RUN: "reg_type       = 4	event_id       = 11	reg_id         = c7	reg_value      = ffffffe17b7d"
392 [23390136035008] INFO perfrun.perfcollector <> - eventId: 11, dataAddr: c7, dataVal: ffffffe17b7d
392 [23390136035008] INFO perfrun.perfcollector <> - DRY_RUN: "reg_type       = 4	event_id       = 12	reg_id         = c8	reg_value      = ffffffe17b7d"
392 [23390136035008] INFO perfrun.perfcollector <> - eventId: 12, dataAddr: c8, dataVal: ffffffe17b7d
392 [23390136035008] INFO perfrun.perfcollector <> - DRY_RUN: "Group 1:"
392 [23390136035008] INFO perfrun.perfcollector <> - id: 1
392 [23390136035008] INFO perfrun.perfcollector <> - DRY_RUN: "INST_RETIRED.ANY: event id 2"
392 [23390136035008] INFO perfrun.perfcollector <> - eventName: INST_RETIRED.ANY, eventId: 2
392 [23390136035008] INFO perfrun.perfcollector <> - DRY_RUN: "CPU_CLK_UNHALTED.THREAD: event id 0"
392 [23390136035008] INFO perfrun.perfcollector <> - eventName: CPU_CLK_UNHALTED.THREAD, eventId: 0
392 [23390136035008] INFO perfrun.perfcollector <> - DRY_RUN: "CPU_CLK_UNHALTED.REF_TSC: event id 1"
392 [23390136035008] INFO perfrun.perfcollector <> - eventName: CPU_CLK_UNHALTED.REF_TSC, eventId: 1
392 [23390136035008] INFO perfrun.perfcollector <> - DRY_RUN: "FP_ARITH_INST_RETIRED.128B_PACKED_DOUBLE: event id 9"
392 [23390136035008] INFO perfrun.perfcollector <> - eventName: FP_ARITH_INST_RETIRED.128B_PACKED_DOUBLE, eventId: 9
392 [23390136035008] INFO perfrun.perfcollector <> - DRY_RUN: "FP_ARITH_INST_RETIRED.256B_PACKED_DOUBLE: event id 10"
392 [23390136035008] INFO perfrun.perfcollector <> - eventName: FP_ARITH_INST_RETIRED.256B_PACKED_DOUBLE, eventId: 10
392 [23390136035008] INFO perfrun.perfcollector <> - DRY_RUN: "CCCR"
392 [23390136035008] INFO perfrun.perfcollector <> - DRY_RUN: "reg_type       = 1	event_id       = g	reg_id         = 38f	reg_value      = 700000003"
392 [23390136035008] INFO perfrun.perfcollector <> - eventId: g, skip parsing event_id
392 [23390136035008] INFO perfrun.perfcollector <> - Register was ignored: group_id: 1, reg_type: 1, event_id: 4294967295, reg_id: 38f, reg_value: 700000003, pmu_name: cpu
392 [23390136035008] INFO perfrun.perfcollector <> - DRY_RUN: "reg_type       = 1	event_id       = g	reg_id         = 390	reg_value      = 700000003"
392 [23390136035008] INFO perfrun.perfcollector <> - eventId: g, skip parsing event_id
392 [23390136035008] INFO perfrun.perfcollector <> - Register was ignored: group_id: 1, reg_type: 1, event_id: 4294967295, reg_id: 390, reg_value: 700000003, pmu_name: cpu
392 [23390136035008] INFO perfrun.perfcollector <> - DRY_RUN: "reg_type       = 1	event_id       = g	reg_id         = 3f1	reg_value      = 0"
392 [23390136035008] INFO perfrun.perfcollector <> - eventId: g, skip parsing event_id
392 [23390136035008] INFO perfrun.perfcollector <> - Register was ignored: group_id: 1, reg_type: 1, event_id: 4294967295, reg_id: 3f1, reg_value: 0, pmu_name: cpu
392 [23390136035008] INFO perfrun.perfcollector <> - DRY_RUN: "reg_type       = 1	event_id       = g	reg_id         = 1d9	reg_value      = 1800"
392 [23390136035008] INFO perfrun.perfcollector <> - eventId: g, skip parsing event_id
392 [23390136035008] INFO perfrun.perfcollector <> - Register was ignored: group_id: 1, reg_type: 1, event_id: 4294967295, reg_id: 1d9, reg_value: 1800, pmu_name: cpu
392 [23390136035008] INFO perfrun.perfcollector <> - DRY_RUN: "reg_type       = 1	event_id       = g	reg_id         = 38d	reg_value      = bbb"
392 [23390136035008] INFO perfrun.perfcollector <> - eventId: g, skip parsing event_id
392 [23390136035008] INFO perfrun.perfcollector <> - Register was ignored: group_id: 1, reg_type: 1, event_id: 4294967295, reg_id: 38d, reg_value: bbb, pmu_name: cpu
392 [23390136035008] INFO perfrun.perfcollector <> - DRY_RUN: "reg_type       = 1	event_id       = 9	reg_id         = 186	reg_value      = 5304c7"
392 [23390136035008] INFO perfrun.perfcollector <> - Event selector: group_id: 1, reg_type: 1, event_id: 9, reg_id: 186, reg_value: 5304c7, pmu_name: cpu
392 [23390136035008] INFO perfrun.perfcollector <> - DRY_RUN: "reg_type       = 1	event_id       = 10	reg_id         = 187	reg_value      = 5310c7"
392 [23390136035008] INFO perfrun.perfcollector <> - Event selector: group_id: 1, reg_type: 1, event_id: 10, reg_id: 187, reg_value: 5310c7, pmu_name: cpu
392 [23390136035008] INFO perfrun.perfcollector <> - DRY_RUN: "ESCR"
392 [23390136035008] INFO perfrun.perfcollector <> - DRY_RUN: "reg_type       = 2	event_id       = g	reg_id         = 1c8	reg_value      = 0"
392 [23390136035008] INFO perfrun.perfcollector <> - eventId: g, skip parsing event_id
392 [23390136035008] INFO perfrun.perfcollector <> - DRY_RUN: "DATA"
392 [23390136035008] INFO perfrun.perfcollector <> - DRY_RUN: "reg_type       = 4	event_id       = 2	reg_id         = 309	reg_value      = ffffffdb6100"
392 [23390136035008] INFO perfrun.perfcollector <> - eventId: 2, dataAddr: 309, dataVal: ffffffdb6100
392 [23390136035008] INFO perfrun.perfcollector <> - DRY_RUN: "reg_type       = 4	event_id       = 0	reg_id         = 30a	reg_value      = ffffffe17b7d"
392 [23390136035008] INFO perfrun.perfcollector <> - eventId: 0, dataAddr: 30a, dataVal: ffffffe17b7d
392 [23390136035008] INFO perfrun.perfcollector <> - DRY_RUN: "reg_type       = 4	event_id       = 1	reg_id         = 30b	reg_value      = ffffffdb6100"
392 [23390136035008] INFO perfrun.perfcollector <> - eventId: 1, dataAddr: 30b, dataVal: ffffffdb6100
392 [23390136035008] INFO perfrun.perfcollector <> - DRY_RUN: "reg_type       = 4	event_id       = 9	reg_id         = c1	reg_value      = ffffffe17b7d"
392 [23390136035008] INFO perfrun.perfcollector <> - eventId: 9, dataAddr: c1, dataVal: ffffffe17b7d
392 [23390136035008] INFO perfrun.perfcollector <> - DRY_RUN: "reg_type       = 4	event_id       = 10	reg_id         = c2	reg_value      = ffffffe17b7d"
392 [23390136035008] INFO perfrun.perfcollector <> - eventId: 10, dataAddr: c2, dataVal: ffffffe17b7d
392 [23390136035008] INFO perfrun.perfcollector <> - event name: CPU_CLK_UNHALTED.THREAD
392 [23390136035008] INFO perfrun.perfcollector <> - pmu config: cpu
392 [23390136035008] INFO perfrun.perfcollector <> - cccrAddr: ffffffff, cccrValue: 0
392 [23390136035008] INFO perfrun.perfcollector <> - dataAddr: 30a, dataValue: ffffffffffe17b7d
392 [23390136035008] INFO perfrun.perfcollector <> - escrAddr: ffffffff, escrValue: 0
392 [23390136035008] INFO perfrun.perfcollector <> - extendedPebsValue: 0
392 [23390136035008] INFO perfrun.perfcollector <> - adaptivePebsAvailable: 0
392 [23390136035008] INFO perfrun.perfcollector <> - config: event: 3c
392 [23390136035008] INFO perfrun.perfcollector <> - config: pc: 0
392 [23390136035008] INFO perfrun.perfcollector <> - config: in_tx: 0
392 [23390136035008] INFO perfrun.perfcollector <> - config: edge: 0
392 [23390136035008] INFO perfrun.perfcollector <> - config: any: 0
392 [23390136035008] INFO perfrun.perfcollector <> - config1: offcore_rsp: 0
392 [23390136035008] INFO perfrun.perfcollector <> - config: in_tx_cp: 0
392 [23390136035008] INFO perfrun.perfcollector <> - config1: ldlat: 0
392 [23390136035008] INFO perfrun.perfcollector <> - config: inv: 0
392 [23390136035008] INFO perfrun.perfcollector <> - config: umask: 0
392 [23390136035008] INFO perfrun.perfcollector <> - config: cmask: 0
392 [23390136035008] INFO perfrun.perfcollector <> - format: cpu/event=0x3c,name='CPU_CLK_UNHALTED.THREAD'/D
392 [23390136035008] INFO perfrun.perfcollector <> - event name: CPU_CLK_UNHALTED.REF_TSC
392 [23390136035008] INFO perfrun.perfcollector <> - pmu config: cpu
392 [23390136035008] INFO perfrun.perfcollector <> - cccrAddr: ffffffff, cccrValue: 0
392 [23390136035008] INFO perfrun.perfcollector <> - dataAddr: 30b, dataValue: ffffffffffdb6100
392 [23390136035008] INFO perfrun.perfcollector <> - escrAddr: ffffffff, escrValue: 0
392 [23390136035008] INFO perfrun.perfcollector <> - extendedPebsValue: 0
392 [23390136035008] INFO perfrun.perfcollector <> - adaptivePebsAvailable: 0
392 [23390136035008] INFO perfrun.perfcollector <> - config: event: 0
392 [23390136035008] INFO perfrun.perfcollector <> - config: pc: 0
392 [23390136035008] INFO perfrun.perfcollector <> - config: in_tx: 0
392 [23390136035008] INFO perfrun.perfcollector <> - config: edge: 0
392 [23390136035008] INFO perfrun.perfcollector <> - config: any: 0
392 [23390136035008] INFO perfrun.perfcollector <> - config1: offcore_rsp: 0
392 [23390136035008] INFO perfrun.perfcollector <> - config: in_tx_cp: 0
392 [23390136035008] INFO perfrun.perfcollector <> - config1: ldlat: 0
392 [23390136035008] INFO perfrun.perfcollector <> - config: inv: 0
392 [23390136035008] INFO perfrun.perfcollector <> - config: umask: 3
392 [23390136035008] INFO perfrun.perfcollector <> - config: cmask: 0
392 [23390136035008] INFO perfrun.perfcollector <> - format: cpu/umask=0x3,name='CPU_CLK_UNHALTED.REF_TSC'/D
392 [23390136035008] INFO perfrun.perfcollector <> - event name: INST_RETIRED.ANY
392 [23390136035008] INFO perfrun.perfcollector <> - pmu config: cpu
392 [23390136035008] INFO perfrun.perfcollector <> - cccrAddr: ffffffff, cccrValue: 0
392 [23390136035008] INFO perfrun.perfcollector <> - dataAddr: 309, dataValue: ffffffffffdb6100
392 [23390136035008] INFO perfrun.perfcollector <> - escrAddr: ffffffff, escrValue: 0
392 [23390136035008] INFO perfrun.perfcollector <> - extendedPebsValue: 0
392 [23390136035008] INFO perfrun.perfcollector <> - adaptivePebsAvailable: 0
392 [23390136035008] INFO perfrun.perfcollector <> - config: event: c0
392 [23390136035008] INFO perfrun.perfcollector <> - config: pc: 0
392 [23390136035008] INFO perfrun.perfcollector <> - config: in_tx: 0
392 [23390136035008] INFO perfrun.perfcollector <> - config: edge: 0
392 [23390136035008] INFO perfrun.perfcollector <> - config: any: 0
392 [23390136035008] INFO perfrun.perfcollector <> - config1: offcore_rsp: 0
392 [23390136035008] INFO perfrun.perfcollector <> - config: in_tx_cp: 0
392 [23390136035008] INFO perfrun.perfcollector <> - config1: ldlat: 0
392 [23390136035008] INFO perfrun.perfcollector <> - config: inv: 0
392 [23390136035008] INFO perfrun.perfcollector <> - config: umask: 0
392 [23390136035008] INFO perfrun.perfcollector <> - config: cmask: 0
392 [23390136035008] INFO perfrun.perfcollector <> - format: cpu/event=0xc0,name='INST_RETIRED.ANY'/D
392 [23390136035008] INFO perfrun.perfcollector <> - event name: CPU_CLK_UNHALTED.REF_XCLK
392 [23390136035008] INFO perfrun.perfcollector <> - pmu config: cpu
392 [23390136035008] INFO perfrun.perfcollector <> - cccrAddr: 18a, cccrValue: 53013c
392 [23390136035008] INFO perfrun.perfcollector <> - dataAddr: c5, dataValue: fffffffffffe795d
392 [23390136035008] INFO perfrun.perfcollector <> - escrAddr: ffffffff, escrValue: 0
392 [23390136035008] INFO perfrun.perfcollector <> - extendedPebsValue: 0
392 [23390136035008] INFO perfrun.perfcollector <> - adaptivePebsAvailable: 0
392 [23390136035008] INFO perfrun.perfcollector <> - config: event: 3c
392 [23390136035008] INFO perfrun.perfcollector <> - config: pc: 0
392 [23390136035008] INFO perfrun.perfcollector <> - config: in_tx: 0
392 [23390136035008] INFO perfrun.perfcollector <> - config: edge: 0
392 [23390136035008] INFO perfrun.perfcollector <> - config: any: 0
392 [23390136035008] INFO perfrun.perfcollector <> - config1: offcore_rsp: 0
392 [23390136035008] INFO perfrun.perfcollector <> - config: in_tx_cp: 0
392 [23390136035008] INFO perfrun.perfcollector <> - config1: ldlat: 0
392 [23390136035008] INFO perfrun.perfcollector <> - config: inv: 0
392 [23390136035008] INFO perfrun.perfcollector <> - config: umask: 1
392 [23390136035008] INFO perfrun.perfcollector <> - config: cmask: 0
392 [23390136035008] INFO perfrun.perfcollector <> - format: cpu/event=0x3c,umask=0x1,name='CPU_CLK_UNHALTED.REF_XCLK'/
392 [23390136035008] INFO perfrun.perfcollector <> - event name: CPU_CLK_UNHALTED.ONE_THREAD_ACTIVE
392 [23390136035008] INFO perfrun.perfcollector <> - pmu config: cpu
392 [23390136035008] INFO perfrun.perfcollector <> - cccrAddr: 18b, cccrValue: 53023c
392 [23390136035008] INFO perfrun.perfcollector <> - dataAddr: c6, dataValue: fffffffffffe795d
392 [23390136035008] INFO perfrun.perfcollector <> - escrAddr: ffffffff, escrValue: 0
392 [23390136035008] INFO perfrun.perfcollector <> - extendedPebsValue: 0
392 [23390136035008] INFO perfrun.perfcollector <> - adaptivePebsAvailable: 0
392 [23390136035008] INFO perfrun.perfcollector <> - config: event: 3c
392 [23390136035008] INFO perfrun.perfcollector <> - config: pc: 0
392 [23390136035008] INFO perfrun.perfcollector <> - config: in_tx: 0
392 [23390136035008] INFO perfrun.perfcollector <> - config: edge: 0
392 [23390136035008] INFO perfrun.perfcollector <> - config: any: 0
392 [23390136035008] INFO perfrun.perfcollector <> - config1: offcore_rsp: 0
392 [23390136035008] INFO perfrun.perfcollector <> - config: in_tx_cp: 0
392 [23390136035008] INFO perfrun.perfcollector <> - config1: ldlat: 0
392 [23390136035008] INFO perfrun.perfcollector <> - config: inv: 0
392 [23390136035008] INFO perfrun.perfcollector <> - config: umask: 2
392 [23390136035008] INFO perfrun.perfcollector <> - config: cmask: 0
392 [23390136035008] INFO perfrun.perfcollector <> - format: cpu/event=0x3c,umask=0x2,name='CPU_CLK_UNHALTED.ONE_THREAD_ACTIVE'/
392 [23390136035008] INFO perfrun.perfcollector <> - event name: FP_ARITH_INST_RETIRED.SCALAR_SINGLE
392 [23390136035008] INFO perfrun.perfcollector <> - pmu config: cpu
392 [23390136035008] INFO perfrun.perfcollector <> - cccrAddr: 186, cccrValue: 5302c7
392 [23390136035008] INFO perfrun.perfcollector <> - dataAddr: c1, dataValue: ffffffffffe17b7d
392 [23390136035008] INFO perfrun.perfcollector <> - escrAddr: ffffffff, escrValue: 0
392 [23390136035008] INFO perfrun.perfcollector <> - extendedPebsValue: 0
392 [23390136035008] INFO perfrun.perfcollector <> - adaptivePebsAvailable: 0
392 [23390136035008] INFO perfrun.perfcollector <> - config: event: c7
392 [23390136035008] INFO perfrun.perfcollector <> - config: pc: 0
392 [23390136035008] INFO perfrun.perfcollector <> - config: in_tx: 0
392 [23390136035008] INFO perfrun.perfcollector <> - config: edge: 0
392 [23390136035008] INFO perfrun.perfcollector <> - config: any: 0
392 [23390136035008] INFO perfrun.perfcollector <> - config1: offcore_rsp: 0
392 [23390136035008] INFO perfrun.perfcollector <> - config: in_tx_cp: 0
392 [23390136035008] INFO perfrun.perfcollector <> - config1: ldlat: 0
392 [23390136035008] INFO perfrun.perfcollector <> - config: inv: 0
392 [23390136035008] INFO perfrun.perfcollector <> - config: umask: 2
392 [23390136035008] INFO perfrun.perfcollector <> - config: cmask: 0
392 [23390136035008] INFO perfrun.perfcollector <> - format: cpu/event=0xc7,umask=0x2,name='FP_ARITH_INST_RETIRED.SCALAR_SINGLE'/
392 [23390136035008] INFO perfrun.perfcollector <> - event name: FP_ARITH_INST_RETIRED.128B_PACKED_SINGLE
392 [23390136035008] INFO perfrun.perfcollector <> - pmu config: cpu
392 [23390136035008] INFO perfrun.perfcollector <> - cccrAddr: 187, cccrValue: 5308c7
392 [23390136035008] INFO perfrun.perfcollector <> - dataAddr: c2, dataValue: ffffffffffe17b7d
392 [23390136035008] INFO perfrun.perfcollector <> - escrAddr: ffffffff, escrValue: 0
392 [23390136035008] INFO perfrun.perfcollector <> - extendedPebsValue: 0
392 [23390136035008] INFO perfrun.perfcollector <> - adaptivePebsAvailable: 0
392 [23390136035008] INFO perfrun.perfcollector <> - config: event: c7
392 [23390136035008] INFO perfrun.perfcollector <> - config: pc: 0
392 [23390136035008] INFO perfrun.perfcollector <> - config: in_tx: 0
392 [23390136035008] INFO perfrun.perfcollector <> - config: edge: 0
392 [23390136035008] INFO perfrun.perfcollector <> - config: any: 0
392 [23390136035008] INFO perfrun.perfcollector <> - config1: offcore_rsp: 0
392 [23390136035008] INFO perfrun.perfcollector <> - config: in_tx_cp: 0
392 [23390136035008] INFO perfrun.perfcollector <> - config1: ldlat: 0
392 [23390136035008] INFO perfrun.perfcollector <> - config: inv: 0
392 [23390136035008] INFO perfrun.perfcollector <> - config: umask: 8
392 [23390136035008] INFO perfrun.perfcollector <> - config: cmask: 0
392 [23390136035008] INFO perfrun.perfcollector <> - format: cpu/event=0xc7,umask=0x8,name='FP_ARITH_INST_RETIRED.128B_PACKED_SINGLE'/
392 [23390136035008] INFO perfrun.perfcollector <> - event name: FP_ARITH_INST_RETIRED.256B_PACKED_SINGLE
392 [23390136035008] INFO perfrun.perfcollector <> - pmu config: cpu
392 [23390136035008] INFO perfrun.perfcollector <> - cccrAddr: 188, cccrValue: 5320c7
392 [23390136035008] INFO perfrun.perfcollector <> - dataAddr: c3, dataValue: ffffffffffe17b7d
392 [23390136035008] INFO perfrun.perfcollector <> - escrAddr: ffffffff, escrValue: 0
392 [23390136035008] INFO perfrun.perfcollector <> - extendedPebsValue: 0
392 [23390136035008] INFO perfrun.perfcollector <> - adaptivePebsAvailable: 0
392 [23390136035008] INFO perfrun.perfcollector <> - config: event: c7
392 [23390136035008] INFO perfrun.perfcollector <> - config: pc: 0
392 [23390136035008] INFO perfrun.perfcollector <> - config: in_tx: 0
392 [23390136035008] INFO perfrun.perfcollector <> - config: edge: 0
392 [23390136035008] INFO perfrun.perfcollector <> - config: any: 0
392 [23390136035008] INFO perfrun.perfcollector <> - config1: offcore_rsp: 0
392 [23390136035008] INFO perfrun.perfcollector <> - config: in_tx_cp: 0
392 [23390136035008] INFO perfrun.perfcollector <> - config1: ldlat: 0
392 [23390136035008] INFO perfrun.perfcollector <> - config: inv: 0
392 [23390136035008] INFO perfrun.perfcollector <> - config: umask: 20
392 [23390136035008] INFO perfrun.perfcollector <> - config: cmask: 0
392 [23390136035008] INFO perfrun.perfcollector <> - format: cpu/event=0xc7,umask=0x20,name='FP_ARITH_INST_RETIRED.256B_PACKED_SINGLE'/
392 [23390136035008] INFO perfrun.perfcollector <> - event name: FP_ARITH_INST_RETIRED.SCALAR_DOUBLE
392 [23390136035008] INFO perfrun.perfcollector <> - pmu config: cpu
392 [23390136035008] INFO perfrun.perfcollector <> - cccrAddr: 189, cccrValue: 5301c7
392 [23390136035008] INFO perfrun.perfcollector <> - dataAddr: c4, dataValue: ffffffffffe17b7d
392 [23390136035008] INFO perfrun.perfcollector <> - escrAddr: ffffffff, escrValue: 0
392 [23390136035008] INFO perfrun.perfcollector <> - extendedPebsValue: 0
393 [23390136035008] INFO perfrun.perfcollector <> - adaptivePebsAvailable: 0
393 [23390136035008] INFO perfrun.perfcollector <> - config: event: c7
393 [23390136035008] INFO perfrun.perfcollector <> - config: pc: 0
393 [23390136035008] INFO perfrun.perfcollector <> - config: in_tx: 0
393 [23390136035008] INFO perfrun.perfcollector <> - config: edge: 0
393 [23390136035008] INFO perfrun.perfcollector <> - config: any: 0
393 [23390136035008] INFO perfrun.perfcollector <> - config1: offcore_rsp: 0
393 [23390136035008] INFO perfrun.perfcollector <> - config: in_tx_cp: 0
393 [23390136035008] INFO perfrun.perfcollector <> - config1: ldlat: 0
393 [23390136035008] INFO perfrun.perfcollector <> - config: inv: 0
393 [23390136035008] INFO perfrun.perfcollector <> - config: umask: 1
393 [23390136035008] INFO perfrun.perfcollector <> - config: cmask: 0
393 [23390136035008] INFO perfrun.perfcollector <> - format: cpu/event=0xc7,umask=0x1,name='FP_ARITH_INST_RETIRED.SCALAR_DOUBLE'/
393 [23390136035008] INFO perfrun.perfcollector <> - event name: FP_ARITH_INST_RETIRED.128B_PACKED_DOUBLE
393 [23390136035008] INFO perfrun.perfcollector <> - pmu config: cpu
393 [23390136035008] INFO perfrun.perfcollector <> - cccrAddr: 186, cccrValue: 5304c7
393 [23390136035008] INFO perfrun.perfcollector <> - dataAddr: c1, dataValue: ffffffffffe17b7d
393 [23390136035008] INFO perfrun.perfcollector <> - escrAddr: ffffffff, escrValue: 0
393 [23390136035008] INFO perfrun.perfcollector <> - extendedPebsValue: 0
393 [23390136035008] INFO perfrun.perfcollector <> - adaptivePebsAvailable: 0
393 [23390136035008] INFO perfrun.perfcollector <> - config: event: c7
393 [23390136035008] INFO perfrun.perfcollector <> - config: pc: 0
393 [23390136035008] INFO perfrun.perfcollector <> - config: in_tx: 0
393 [23390136035008] INFO perfrun.perfcollector <> - config: edge: 0
393 [23390136035008] INFO perfrun.perfcollector <> - config: any: 0
393 [23390136035008] INFO perfrun.perfcollector <> - config1: offcore_rsp: 0
393 [23390136035008] INFO perfrun.perfcollector <> - config: in_tx_cp: 0
393 [23390136035008] INFO perfrun.perfcollector <> - config1: ldlat: 0
393 [23390136035008] INFO perfrun.perfcollector <> - config: inv: 0
393 [23390136035008] INFO perfrun.perfcollector <> - config: umask: 4
393 [23390136035008] INFO perfrun.perfcollector <> - config: cmask: 0
393 [23390136035008] INFO perfrun.perfcollector <> - format: cpu/event=0xc7,umask=0x4,name='FP_ARITH_INST_RETIRED.128B_PACKED_DOUBLE'/
393 [23390136035008] INFO perfrun.perfcollector <> - event name: FP_ARITH_INST_RETIRED.256B_PACKED_DOUBLE
393 [23390136035008] INFO perfrun.perfcollector <> - pmu config: cpu
393 [23390136035008] INFO perfrun.perfcollector <> - cccrAddr: 187, cccrValue: 5310c7
393 [23390136035008] INFO perfrun.perfcollector <> - dataAddr: c2, dataValue: ffffffffffe17b7d
393 [23390136035008] INFO perfrun.perfcollector <> - escrAddr: ffffffff, escrValue: 0
393 [23390136035008] INFO perfrun.perfcollector <> - extendedPebsValue: 0
393 [23390136035008] INFO perfrun.perfcollector <> - adaptivePebsAvailable: 0
393 [23390136035008] INFO perfrun.perfcollector <> - config: event: c7
393 [23390136035008] INFO perfrun.perfcollector <> - config: pc: 0
393 [23390136035008] INFO perfrun.perfcollector <> - config: in_tx: 0
393 [23390136035008] INFO perfrun.perfcollector <> - config: edge: 0
393 [23390136035008] INFO perfrun.perfcollector <> - config: any: 0
393 [23390136035008] INFO perfrun.perfcollector <> - config1: offcore_rsp: 0
393 [23390136035008] INFO perfrun.perfcollector <> - config: in_tx_cp: 0
393 [23390136035008] INFO perfrun.perfcollector <> - config1: ldlat: 0
393 [23390136035008] INFO perfrun.perfcollector <> - config: inv: 0
393 [23390136035008] INFO perfrun.perfcollector <> - config: umask: 10
393 [23390136035008] INFO perfrun.perfcollector <> - config: cmask: 0
393 [23390136035008] INFO perfrun.perfcollector <> - format: cpu/event=0xc7,umask=0x10,name='FP_ARITH_INST_RETIRED.256B_PACKED_DOUBLE'/
393 [23390136035008] INFO perfrun.perfcollector <> - event name: INST_RETIRED.X87
393 [23390136035008] INFO perfrun.perfcollector <> - pmu config: cpu
393 [23390136035008] INFO perfrun.perfcollector <> - cccrAddr: 18c, cccrValue: 5302c0
393 [23390136035008] INFO perfrun.perfcollector <> - dataAddr: c7, dataValue: ffffffffffe17b7d
393 [23390136035008] INFO perfrun.perfcollector <> - escrAddr: ffffffff, escrValue: 0
393 [23390136035008] INFO perfrun.perfcollector <> - extendedPebsValue: 0
393 [23390136035008] INFO perfrun.perfcollector <> - adaptivePebsAvailable: 0
393 [23390136035008] INFO perfrun.perfcollector <> - config: event: c0
393 [23390136035008] INFO perfrun.perfcollector <> - config: pc: 0
393 [23390136035008] INFO perfrun.perfcollector <> - config: in_tx: 0
393 [23390136035008] INFO perfrun.perfcollector <> - config: edge: 0
393 [23390136035008] INFO perfrun.perfcollector <> - config: any: 0
393 [23390136035008] INFO perfrun.perfcollector <> - config1: offcore_rsp: 0
393 [23390136035008] INFO perfrun.perfcollector <> - config: in_tx_cp: 0
393 [23390136035008] INFO perfrun.perfcollector <> - config1: ldlat: 0
393 [23390136035008] INFO perfrun.perfcollector <> - config: inv: 0
393 [23390136035008] INFO perfrun.perfcollector <> - config: umask: 2
393 [23390136035008] INFO perfrun.perfcollector <> - config: cmask: 0
393 [23390136035008] INFO perfrun.perfcollector <> - format: cpu/event=0xc0,umask=0x2,name='INST_RETIRED.X87'/
393 [23390136035008] INFO perfrun.perfcollector <> - event name: UOPS_RETIRED.RETIRE_SLOTS
393 [23390136035008] INFO perfrun.perfcollector <> - pmu config: cpu
393 [23390136035008] INFO perfrun.perfcollector <> - cccrAddr: 18d, cccrValue: 5302c2
393 [23390136035008] INFO perfrun.perfcollector <> - dataAddr: c8, dataValue: ffffffffffe17b7d
393 [23390136035008] INFO perfrun.perfcollector <> - escrAddr: ffffffff, escrValue: 0
393 [23390136035008] INFO perfrun.perfcollector <> - extendedPebsValue: 0
393 [23390136035008] INFO perfrun.perfcollector <> - adaptivePebsAvailable: 0
393 [23390136035008] INFO perfrun.perfcollector <> - config: event: c2
393 [23390136035008] INFO perfrun.perfcollector <> - config: pc: 0
393 [23390136035008] INFO perfrun.perfcollector <> - config: in_tx: 0
393 [23390136035008] INFO perfrun.perfcollector <> - config: edge: 0
393 [23390136035008] INFO perfrun.perfcollector <> - config: any: 0
393 [23390136035008] INFO perfrun.perfcollector <> - config1: offcore_rsp: 0
393 [23390136035008] INFO perfrun.perfcollector <> - config: in_tx_cp: 0
393 [23390136035008] INFO perfrun.perfcollector <> - config1: ldlat: 0
393 [23390136035008] INFO perfrun.perfcollector <> - config: inv: 0
393 [23390136035008] INFO perfrun.perfcollector <> - config: umask: 2
393 [23390136035008] INFO perfrun.perfcollector <> - config: cmask: 0
393 [23390136035008] INFO perfrun.perfcollector <> - format: cpu/event=0xc2,umask=0x2,name='UOPS_RETIRED.RETIRE_SLOTS'/
393 [23390136035008] INFO perfrun.perfcollector <> - event: cpu/event=0x3c,name='CPU_CLK_UNHALTED.THREAD'/Duk, added for counting
393 [23390136035008] INFO perfrun.perfcollector <> - event: cpu/umask=0x3,name='CPU_CLK_UNHALTED.REF_TSC'/Duk, added for counting
393 [23390136035008] INFO perfrun.perfcollector <> - event: cpu/event=0xc0,name='INST_RETIRED.ANY'/Duk, added for counting
393 [23390136035008] INFO perfrun.perfcollector <> - event: cpu/event=0x3c,umask=0x1,name='CPU_CLK_UNHALTED.REF_XCLK'/uk, added for counting
393 [23390136035008] INFO perfrun.perfcollector <> - event: cpu/event=0x3c,umask=0x2,name='CPU_CLK_UNHALTED.ONE_THREAD_ACTIVE'/uk, added for counting
393 [23390136035008] INFO perfrun.perfcollector <> - event: cpu/event=0xc7,umask=0x2,name='FP_ARITH_INST_RETIRED.SCALAR_SINGLE'/uk, added for counting
393 [23390136035008] INFO perfrun.perfcollector <> - event: cpu/event=0xc7,umask=0x8,name='FP_ARITH_INST_RETIRED.128B_PACKED_SINGLE'/uk, added for counting
393 [23390136035008] INFO perfrun.perfcollector <> - event: cpu/event=0xc7,umask=0x20,name='FP_ARITH_INST_RETIRED.256B_PACKED_SINGLE'/uk, added for counting
393 [23390136035008] INFO perfrun.perfcollector <> - event: cpu/event=0xc7,umask=0x1,name='FP_ARITH_INST_RETIRED.SCALAR_DOUBLE'/uk, added for counting
393 [23390136035008] INFO perfrun.perfcollector <> - event: cpu/event=0xc7,umask=0x4,name='FP_ARITH_INST_RETIRED.128B_PACKED_DOUBLE'/uk, added for counting
393 [23390136035008] INFO perfrun.perfcollector <> - event: cpu/event=0xc7,umask=0x10,name='FP_ARITH_INST_RETIRED.256B_PACKED_DOUBLE'/uk, added for counting
393 [23390136035008] INFO perfrun.perfcollector <> - event: cpu/event=0xc0,umask=0x2,name='INST_RETIRED.X87'/uk, added for counting
393 [23390136035008] INFO perfrun.perfcollector <> - event: cpu/event=0xc2,umask=0x2,name='UOPS_RETIRED.RETIRE_SLOTS'/uk, added for counting
393 [23390136035008] INFO perfrun.perfcollector <> - attaching to pid: 4294967295, collect mode: 1, rc modes: 3
408 [23390056347328] WARN perfrun.perfcollector <> - Perf stat trace pipe capacity: read = 1048576, write = 1048576, at file: vcs/perfrun1/plugins/perfcollector/src/profiler.cpp:765
418 [23390056347328] INFO perfrun.sdk <> - runCmd: /opt/intel/oneapi/vtune/2023.1.0/bin64/amplxe-perf stat -v --log-fd 10 --scale -x ; -e cpu/event=0x3c,name='CPU_CLK_UNHALTED.THREAD'/Duk,cpu/umask=0x3,name='CPU_CLK_UNHALTED.REF_TSC'/Duk,cpu/event=0xc0,name='INST_RETIRED.ANY'/Duk,cpu/event=0x3c,umask=0x1,name='CPU_CLK_UNHALTED.REF_XCLK'/uk,cpu/event=0x3c,umask=0x2,name='CPU_CLK_UNHALTED.ONE_THREAD_ACTIVE'/uk,cpu/event=0xc7,umask=0x2,name='FP_ARITH_INST_RETIRED.SCALAR_SINGLE'/uk,cpu/event=0xc7,umask=0x8,name='FP_ARITH_INST_RETIRED.128B_PACKED_SINGLE'/uk,cpu/event=0xc7,umask=0x20,name='FP_ARITH_INST_RETIRED.256B_PACKED_SINGLE'/uk,cpu/event=0xc7,umask=0x1,name='FP_ARITH_INST_RETIRED.SCALAR_DOUBLE'/uk,cpu/event=0xc7,umask=0x4,name='FP_ARITH_INST_RETIRED.128B_PACKED_DOUBLE'/uk,cpu/event=0xc7,umask=0x10,name='FP_ARITH_INST_RETIRED.256B_PACKED_DOUBLE'/uk,cpu/event=0xc0,umask=0x2,name='INST_RETIRED.X87'/uk,cpu/event=0xc2,umask=0x2,name='UOPS_RETIRED.RETIRE_SLOTS'/uk /opt/intel/oneapi/vtune/2023.1.0/bin64/amplxe-perf-sync dryrun sys
418 [23390056347328] INFO perfrun.sdk <> - runCmd started PID 2288132
574 [23390056347328] INFO perfrun.perfcollector <> - Monitor: runCmd RC = true
575 [23390136035008] INFO perfrun.launcher <> - plugin [aoclprofile] was disabled because it doesn't support the given collection type.
575 [23390136035008] INFO perfrun.tpss <> - initialize tpss controller
575 [23390136035008] INFO perfrun.tpss <> - configure collection mode: value = cpu:counters:nostack
575 [23390136035008] INFO perfrun.tpss <> - configure collection mode: value = cpu:stack
575 [23390136035008] INFO perfrun.tpss <> - default obj-size-min=1024
575 [23390136035008] INFO perfrun.tpss <> - default hash-table-size=0
575 [23390136035008] INFO perfrun.launcher <> - plugin [media] was disabled because it doesn't support the given collection type.
575 [23390136035008] INFO perfrun.launcher <> - plugin [] was disabled because it doesn't support the given collection type.
575 [23390136035008] INFO perfrun.launcher <> - plugin [] was disabled because it doesn't support the given collection type.
575 [23390136035008] INFO perfrun.launcher <> - plugin [parallelfs] was disabled because it doesn't support the given collection type.
575 [23390136035008] INFO perfrun.launcher <> - plugin [power] was disabled because it doesn't support the given collection type.
575 [23390136035008] INFO perfrun.launcher <> - plugin [hwloc] was disabled because it doesn't support the given collection type.
575 [23390136035008] INFO perfrun.launcher <> - plugin [ipmwatch] was disabled because it doesn't support the given collection type.
575 [23390136035008] INFO perfrun.launcher <> - plugin [os_counters] was disabled because it doesn't support the given collection type.
575 [23390136035008] INFO perfrun.launcher <> - plugin [l0_metrics] was disabled because it doesn't support the given collection type.
575 [23390279358336] INFO perfrun.launcher <> - set environment variable: LD_LIBRARY_PATH = /opt/intel/oneapi/vtune/2023.1.0/lib32/runtime:/opt/intel/oneapi/vtune/2023.1.0/lib64/runtime:/opt/intel/oneapi/tbb/2021.5.1/env/../lib/intel64/gcc4.8:/opt/intel/oneapi/mpi/2021.5.1//libfabric/lib:/opt/intel/oneapi/mpi/2021.5.1//lib/release:/opt/intel/oneapi/mpi/2021.5.1//lib:/opt/intel/oneapi/mkl/2022.0.2/lib/intel64:/opt/intel/oneapi/itac/2021.5.0/slib:/opt/intel/oneapi/debugger/2021.5.0/gdb/intel64/lib:/opt/intel/oneapi/debugger/2021.5.0/libipt/intel64/lib:/opt/intel/oneapi/debugger/2021.5.0/dep/lib:/opt/intel/oneapi/compiler/2022.0.2/linux/lib:/opt/intel/oneapi/compiler/2022.0.2/linux/lib/x64:/opt/intel/oneapi/compiler/2022.0.2/linux/lib/oclfpga/host/linux64/lib:/opt/intel/oneapi/compiler/2022.0.2/linux/compiler/lib/intel64_lin
575 [23390279358336] INFO perfrun.launcher <> - set environment variable: INTEL_LIBITTNOTIFY32 = /opt/intel/oneapi/vtune/2023.1.0/lib32/runtime/libittnotify_collector.so
575 [23390279358336] INFO perfrun.launcher <> - set environment variable: INTEL_LIBITTNOTIFY64 = /opt/intel/oneapi/vtune/2023.1.0/lib64/runtime/libittnotify_collector.so
575 [23390279358336] INFO perfrun.launcher <> - set environment variable: INTEL_ITTNOTIFY_GROUPS = 
575 [23390279358336] INFO perfrun.launcher <> - set environment variable: INTEL_JIT_PROFILER32 = /opt/intel/oneapi/vtune/2023.1.0/lib32/runtime/libittnotify_collector.so
575 [23390279358336] INFO perfrun.launcher <> - set environment variable: INTEL_JIT_PROFILER64 = /opt/intel/oneapi/vtune/2023.1.0/lib64/runtime/libittnotify_collector.so
575 [23390279358336] INFO perfrun.launcher <> - set environment variable: OMP_TOOL_LIBRARIES = /opt/intel/oneapi/vtune/2023.1.0/lib32/runtime/libittnotify_collector.so:/opt/intel/oneapi/vtune/2023.1.0/lib64/runtime/libittnotify_collector.so
575 [23390279358336] INFO perfrun.launcher <> - set environment variable: ENABLE_JITPROFILING = 1
575 [23390279358336] INFO perfrun.launcher <> - set environment variable: CL_CONFIG_USE_VTUNE = True
576 [23390279358336] INFO perfrun.launcher <> - set environment variable: LD_PRELOAD = libittnotify_collector.so:
576 [23390279358336] INFO perfrun.launcher <> - set environment variable: KMP_FORKJOIN_FRAMES = 0
576 [23390279358336] INFO perfrun.launcher <> - set environment variable: KMP_FORKJOIN_FRAMES_MODE = 0
576 [23390279358336] INFO perfrun.launcher <> - set environment variable: OMP_TOOL = disabled
576 [23390279358336] INFO perfrun.launcher <> - set environment variable: INTEL_MRTE_DATA_DIR = /home/course/hpc/users/2022012388/exp8/result.conv2/data.49
576 [23390279358336] INFO perfrun.launcher <> - set environment variable: INTEL_MRTE_HOST_NAME = conv2
576 [23390279358336] INFO perfrun.launcher <> - set environment variable: JAVA_TOOL_OPTIONS = -agentlib:amplxe_tpssmrte_javaprof_1.0 -Dsun.boot.library.path=/opt/intel/oneapi/vtune/2023.1.0/lib32/runtime:/opt/intel/oneapi/vtune/2023.1.0/lib64/runtime
576 [23390279358336] INFO perfrun.launcher <> - set environment variable: LD_LIBRARY_PATH = /opt/intel/oneapi/vtune/2023.1.0/lib32/runtime:/opt/intel/oneapi/vtune/2023.1.0/lib64/runtime:/opt/intel/oneapi/tbb/2021.5.1/env/../lib/intel64/gcc4.8:/opt/intel/oneapi/mpi/2021.5.1//libfabric/lib:/opt/intel/oneapi/mpi/2021.5.1//lib/release:/opt/intel/oneapi/mpi/2021.5.1//lib:/opt/intel/oneapi/mkl/2022.0.2/lib/intel64:/opt/intel/oneapi/itac/2021.5.0/slib:/opt/intel/oneapi/debugger/2021.5.0/gdb/intel64/lib:/opt/intel/oneapi/debugger/2021.5.0/libipt/intel64/lib:/opt/intel/oneapi/debugger/2021.5.0/dep/lib:/opt/intel/oneapi/compiler/2022.0.2/linux/lib:/opt/intel/oneapi/compiler/2022.0.2/linux/lib/x64:/opt/intel/oneapi/compiler/2022.0.2/linux/lib/oclfpga/host/linux64/lib:/opt/intel/oneapi/compiler/2022.0.2/linux/compiler/lib/intel64_lin
576 [23390279358336] INFO perfrun.launcher <> - set environment variable: CORECLR_ENABLE_PROFILING = 1
576 [23390279358336] INFO perfrun.launcher <> - set environment variable: CORECLR_PROFILER = {AA5E4821-E3B1-479c-B7FF-5AD047D22CED}
576 [23390279358336] INFO perfrun.launcher <> - set environment variable: CORECLR_PROFILER_PATH = /opt/intel/oneapi/vtune/2023.1.0/lib64/libamplxe_samplingmrte_clrprof_1.0.so
576 [23390279358336] INFO perfrun.launcher <> - set environment variable: INTEL_MRTE_PROFILER_MODE = mixed
576 [23390279358336] INFO perfrun.launcher <> - RpcServer: run RPC server to handle requests
576 [23390279358336] INFO perfrun.launcher <> - Launcher: command line to start before modification = ./run.sh 2022012388
577 [23390279358336] INFO perfrun.launcher <> - Launcher: command line to start after modification = /opt/intel/oneapi/vtune/2023.1.0/bin64/pin -error_file /home/course/hpc/users/2022012388/exp8/result.conv2/data.49/pinerr.tpsslog -detach_reattach -follow_execv -tool_load_option deepbind -t64 /opt/intel/oneapi/vtune/2023.1.0/lib64/libtpsstool.so -t /opt/intel/oneapi/vtune/2023.1.0/lib32/libtpsstool.so -server_name tpss_ipc.2287975 -prd_dir /opt/intel/oneapi/vtune/2023.1.0 -- ./run.sh 2022012388
