13 [22719282792320] INFO perfrun.launcher <> - Launcher main begin
15 [22719282792320] INFO perfrun.launcher <> - MessageCatalogInit finished
15 [22719282792320] INFO perfrun.launcher <> - Launcher instance created
15 [22719282792320] INFO perfrun.launcher <> - argc = 7; cmdline = /opt/intel/oneapi/vtune/2023.1.0/bin64/amplxe-runss --ui-output-format xml --ui-output-fd 5 --option-file /home/course/hpc/users/2022012388/exp8/result.conv2/config/runss.options.12 
144 [22719282792320] INFO perfrun.launcher <> - create msngr2::ICliToolContext
144 [22719282792320] INFO perfrun.launcher <> - create file finder object
144 [22719282792320] INFO perfrun.launcher <> - create a result directory: pattern = /home/course/hpc/users/2022012388/exp8/result.conv2 pid = 4294967295
146 [22719282792320] INFO perfrun.sdk <> - checked that the directory /home/course/hpc/users/2022012388/exp8/result.conv2 is a local directory
146 [22719282792320] INFO perfrun.sdk <> - the directory /home/course/hpc/users/2022012388/exp8/result.conv2 is located on a share or its FS ID is unknown 26985
146 [22719282792320] INFO perfrun.sdk <> - checked that the directory /tmp/amplxe-tmp-2022012388 is a local directory
146 [22719282792320] INFO perfrun.sdk <> - the directory /tmp/amplxe-tmp-2022012388 is located on a share or its FS ID is unknown 2035054128
147 [22719282792320] INFO perfrun.launcher <> - create data directory = /home/course/hpc/users/2022012388/exp8/result.conv2/data.11
148 [22719282792320] INFO perfrun.launcher <> - Creating the master collection flag
148 [22719282792320] INFO perfrun.launcher <> - Done creating the master collection flag
151 [22719139669696] INFO perfrun.launcher <> - plugin [remoteplug] was disabled because it doesn't support the given collection type.
151 [22719139669696] INFO perfrun.sdk <> - Allocating TMU :/home/course/hpc/users/2022012388/exp8/result.conv2/data.11/systemcollector-2284227-conv2.sc
152 [22719139669696] INFO perfrun.launcher <> - plugin [vdso] was disabled because it doesn't support the given collection type.
153 [22719139669696] INFO perfrun.launcher <> - plugin [ptracecollector] was disabled because it doesn't support the given collection type.
153 [22719139669696] INFO perfrun.launcher <> - plugin [gpu] was disabled because it doesn't support the given collection type.
153 [22719139669696] INFO perfrun.launcher <> - plugin [] was disabled because it doesn't support the given collection type.
153 [22719139669696] INFO perfrun.launcher <> - plugin [] was disabled because it doesn't support the given collection type.
153 [22719139669696] INFO perfrun.launcher <> - plugin [] was disabled because it doesn't support the given collection type.
153 [22719139669696] INFO perfrun.mrte <> - system-wide mode is 0
153 [22719139669696] INFO perfrun.mrte <> - Getting  mrte profiling environment ...
168 [22719139669696] INFO perfrun.mrte <> - INTEL_MRTE_DATA_DIR=/home/course/hpc/users/2022012388/exp8/result.conv2/data.11
168 [22719139669696] INFO perfrun.mrte <> - INTEL_MRTE_HOST_NAME=conv2
168 [22719139669696] INFO perfrun.mrte <> - JAVA_TOOL_OPTIONS=-agentlib:amplxe_tpssmrte_javaprof_1.0 -Dsun.boot.library.path=/opt/intel/oneapi/vtune/2023.1.0/lib32/runtime:/opt/intel/oneapi/vtune/2023.1.0/lib64/runtime
168 [22719139669696] INFO perfrun.mrte <> - LD_LIBRARY_PATH=/opt/intel/oneapi/vtune/2023.1.0/lib32/runtime:/opt/intel/oneapi/vtune/2023.1.0/lib64/runtime:/opt/intel/oneapi/tbb/2021.5.1/env/../lib/intel64/gcc4.8:/opt/intel/oneapi/mpi/2021.5.1//libfabric/lib:/opt/intel/oneapi/mpi/2021.5.1//lib/release:/opt/intel/oneapi/mpi/2021.5.1//lib:/opt/intel/oneapi/mkl/2022.0.2/lib/intel64:/opt/intel/oneapi/itac/2021.5.0/slib:/opt/intel/oneapi/debugger/2021.5.0/gdb/intel64/lib:/opt/intel/oneapi/debugger/2021.5.0/libipt/intel64/lib:/opt/intel/oneapi/debugger/2021.5.0/dep/lib:/opt/intel/oneapi/compiler/2022.0.2/linux/lib:/opt/intel/oneapi/compiler/2022.0.2/linux/lib/x64:/opt/intel/oneapi/compiler/2022.0.2/linux/lib/oclfpga/host/linux64/lib:/opt/intel/oneapi/compiler/2022.0.2/linux/compiler/lib/intel64_lin
168 [22719139669696] INFO perfrun.mrte <> - CORECLR_ENABLE_PROFILING=1
168 [22719139669696] INFO perfrun.mrte <> - CORECLR_PROFILER={AA5E4821-E3B1-479c-B7FF-5AD047D22CED}
168 [22719139669696] INFO perfrun.mrte <> - CORECLR_PROFILER_PATH=/opt/intel/oneapi/vtune/2023.1.0/lib64/libamplxe_samplingmrte_clrprof_1.0.so
168 [22719139669696] INFO perfrun.mrte <> - INTEL_MRTE_PROFILER_MODE=mixed
168 [22719139669696] INFO perfrun.mrte <> - Data directory: /home/course/hpc/users/2022012388/exp8/result.conv2/data.11
168 [22719139669696] INFO perfrun.mrte <> - Mrte plugin is initialized
168 [22719139669696] INFO perfrun.launcher <> - plugin [emon] was disabled because it doesn't support the given collection type.
168 [22719139669696] INFO perfrun.launcher <> - plugin [cuscol] was disabled because it doesn't support the given collection type.
168 [22719139669696] INFO perfrun.launcher <> - plugin [stdsrc] was disabled because it doesn't support the given collection type.
168 [22719139669696] INFO perfrun.launcher <> - plugin [sep] was disabled because it doesn't support the given collection type.
168 [22719139669696] INFO perfrun.launcher <> - plugin [vtsspp] was disabled because it doesn't support the given collection type.
168 [22719139669696] INFO perfrun.sdk <> - Reading value (0) from file: /proc/sys/kernel/perf_event_paranoid
168 [22719139669696] INFO perfrun.perfcollector <> - checking access to: /opt/intel/oneapi/vtune/2023.1.0/bin64/amplxe-perf-priv
171 [22719139669696] INFO perfrun.perfcollector <> - cpu: family = 6 model = 79
171 [22719139669696] INFO perfrun.perfcollector <> - dir found: /sys/bus/event_source/devices/software
171 [22719139669696] INFO perfrun.perfcollector <> - format: pmu format subdir doesn't exist
171 [22719139669696] INFO perfrun.perfcollector <> - hwInfo: not set, pmuFam: software
171 [22719139669696] INFO perfrun.perfcollector <> - pmu added: family: software, id: 0
171 [22719139669696] INFO perfrun.perfcollector <> - dir found: /sys/bus/event_source/devices/uncore_imc_5
171 [22719139669696] INFO perfrun.perfcollector <> - format: event config:0-7 mask:0-7
171 [22719139669696] INFO perfrun.perfcollector <> - format: edge config:18 mask:18
171 [22719139669696] INFO perfrun.perfcollector <> - format: inv config:23 mask:23
171 [22719139669696] INFO perfrun.perfcollector <> - format: umask config:8-15 mask:8-15
172 [22719139669696] INFO perfrun.perfcollector <> - format: thresh config:24-31 mask:24-31
172 [22719139669696] INFO perfrun.perfcollector <> - hwInfo: PERF_IMC_PMU_DETAILS
172 [22719139669696] INFO perfrun.perfcollector <> - pmu added: family: uncore_imc, id: 5
172 [22719139669696] INFO perfrun.perfcollector <> - dir found: /sys/bus/event_source/devices/uncore_sbox_2
172 [22719139669696] INFO perfrun.perfcollector <> - format: event config:0-7 mask:0-7
172 [22719139669696] INFO perfrun.perfcollector <> - format: edge config:18 mask:18
172 [22719139669696] INFO perfrun.perfcollector <> - format: inv config:23 mask:23
172 [22719139669696] INFO perfrun.perfcollector <> - format: umask config:8-15 mask:8-15
173 [22719139669696] INFO perfrun.perfcollector <> - format: tid_en config:19 mask:19
173 [22719139669696] INFO perfrun.perfcollector <> - format: thresh config:24-31 mask:24-31
173 [22719139669696] INFO perfrun.perfcollector <> - hwInfo: not set, pmuFam: uncore_sbox
173 [22719139669696] INFO perfrun.perfcollector <> - pmu added: family: uncore_sbox, id: 2
173 [22719139669696] INFO perfrun.perfcollector <> - dir found: /sys/bus/event_source/devices/uncore_cbox_8
173 [22719139669696] INFO perfrun.perfcollector <> - format: event config:0-7 mask:0-7
173 [22719139669696] INFO perfrun.perfcollector <> - format: filter_link config1:6-8 mask:6-8
173 [22719139669696] INFO perfrun.perfcollector <> - format: filter_c6 config1:61 mask:61
174 [22719139669696] INFO perfrun.perfcollector <> - format: edge config:18 mask:18
174 [22719139669696] INFO perfrun.perfcollector <> - format: filter_isoc config1:63 mask:63
174 [22719139669696] INFO perfrun.perfcollector <> - format: filter_tid config1:0-5 mask:0-5
174 [22719139669696] INFO perfrun.perfcollector <> - format: filter_nid config1:32-47 mask:32-47
174 [22719139669696] INFO perfrun.perfcollector <> - format: filter_nc config1:62 mask:62
174 [22719139669696] INFO perfrun.perfcollector <> - format: umask config:8-15 mask:8-15
174 [22719139669696] INFO perfrun.perfcollector <> - format: tid_en config:19 mask:19
175 [22719139669696] INFO perfrun.perfcollector <> - format: thresh config:24-31 mask:24-31
175 [22719139669696] INFO perfrun.perfcollector <> - format: filter_state config1:17-23 mask:17-23
175 [22719139669696] INFO perfrun.perfcollector <> - format: filter_opc config1:52-60 mask:52-60
175 [22719139669696] INFO perfrun.perfcollector <> - hwInfo: PERF_CBOX_PMU_DETAILS
175 [22719139669696] INFO perfrun.perfcollector <> - pmu added: family: uncore_cbox, id: 8
175 [22719139669696] INFO perfrun.perfcollector <> - dir found: /sys/bus/event_source/devices/uncore_cbox_13
175 [22719139669696] INFO perfrun.perfcollector <> - format: event config:0-7 mask:0-7
176 [22719139669696] INFO perfrun.perfcollector <> - format: filter_link config1:6-8 mask:6-8
176 [22719139669696] INFO perfrun.perfcollector <> - format: filter_c6 config1:61 mask:61
176 [22719139669696] INFO perfrun.perfcollector <> - format: edge config:18 mask:18
176 [22719139669696] INFO perfrun.perfcollector <> - format: filter_isoc config1:63 mask:63
176 [22719139669696] INFO perfrun.perfcollector <> - format: filter_tid config1:0-5 mask:0-5
176 [22719139669696] INFO perfrun.perfcollector <> - format: filter_nid config1:32-47 mask:32-47
176 [22719139669696] INFO perfrun.perfcollector <> - format: filter_nc config1:62 mask:62
177 [22719139669696] INFO perfrun.perfcollector <> - format: umask config:8-15 mask:8-15
177 [22719139669696] INFO perfrun.perfcollector <> - format: tid_en config:19 mask:19
177 [22719139669696] INFO perfrun.perfcollector <> - format: thresh config:24-31 mask:24-31
177 [22719139669696] INFO perfrun.perfcollector <> - format: filter_state config1:17-23 mask:17-23
177 [22719139669696] INFO perfrun.perfcollector <> - format: filter_opc config1:52-60 mask:52-60
177 [22719139669696] INFO perfrun.perfcollector <> - hwInfo: PERF_CBOX_PMU_DETAILS
177 [22719139669696] INFO perfrun.perfcollector <> - pmu added: family: uncore_cbox, id: 13
177 [22719139669696] INFO perfrun.perfcollector <> - dir found: /sys/bus/event_source/devices/uncore_r2pcie
178 [22719139669696] INFO perfrun.perfcollector <> - format: event config:0-7 mask:0-7
178 [22719139669696] INFO perfrun.perfcollector <> - format: edge config:18 mask:18
178 [22719139669696] INFO perfrun.perfcollector <> - format: inv config:23 mask:23
178 [22719139669696] INFO perfrun.perfcollector <> - format: umask config:8-15 mask:8-15
178 [22719139669696] INFO perfrun.perfcollector <> - format: thresh config:24-31 mask:24-31
178 [22719139669696] INFO perfrun.perfcollector <> - hwInfo: not set, pmuFam: uncore_r2pcie
179 [22719139669696] INFO perfrun.perfcollector <> - pmu added: family: uncore_r2pcie, id: 0
179 [22719139669696] INFO perfrun.perfcollector <> - dir found: /sys/bus/event_source/devices/uncore_sbox_0
179 [22719139669696] INFO perfrun.perfcollector <> - format: event config:0-7 mask:0-7
179 [22719139669696] INFO perfrun.perfcollector <> - format: edge config:18 mask:18
179 [22719139669696] INFO perfrun.perfcollector <> - format: inv config:23 mask:23
179 [22719139669696] INFO perfrun.perfcollector <> - format: umask config:8-15 mask:8-15
179 [22719139669696] INFO perfrun.perfcollector <> - format: tid_en config:19 mask:19
180 [22719139669696] INFO perfrun.perfcollector <> - format: thresh config:24-31 mask:24-31
180 [22719139669696] INFO perfrun.perfcollector <> - hwInfo: not set, pmuFam: uncore_sbox
180 [22719139669696] INFO perfrun.perfcollector <> - pmu added: family: uncore_sbox, id: 0
180 [22719139669696] INFO perfrun.perfcollector <> - dir found: /sys/bus/event_source/devices/uncore_qpi_1
180 [22719139669696] INFO perfrun.perfcollector <> - format: mask_rnid4 config2:31 mask:31
180 [22719139669696] INFO perfrun.perfcollector <> - format: mask_rnid30 config2:32-35 mask:32-35
180 [22719139669696] INFO perfrun.perfcollector <> - format: match_rnid30 config1:32-35 mask:32-35
181 [22719139669696] INFO perfrun.perfcollector <> - format: event config:0-7,21 mask:0-7,21
181 [22719139669696] INFO perfrun.perfcollector <> - format: match0 config1:0-31 mask:0-31
181 [22719139669696] INFO perfrun.perfcollector <> - format: match_rds config1:48-51 mask:48-51
181 [22719139669696] INFO perfrun.perfcollector <> - format: mask_rds config2:48-51 mask:48-51
181 [22719139669696] INFO perfrun.perfcollector <> - format: edge config:18 mask:18
181 [22719139669696] INFO perfrun.perfcollector <> - format: mask1 config2:32-63 mask:32-63
182 [22719139669696] INFO perfrun.perfcollector <> - format: match_dnid config1:13-17 mask:13-17
182 [22719139669696] INFO perfrun.perfcollector <> - format: mask_dnid config2:13-17 mask:13-17
182 [22719139669696] INFO perfrun.perfcollector <> - format: match_vnw config1:3-4 mask:3-4
182 [22719139669696] INFO perfrun.perfcollector <> - format: mask_vnw config2:3-4 mask:3-4
182 [22719139669696] INFO perfrun.perfcollector <> - format: mask_mc config2:9-12 mask:9-12
182 [22719139669696] INFO perfrun.perfcollector <> - format: match1 config1:32-63 mask:32-63
182 [22719139669696] INFO perfrun.perfcollector <> - format: inv config:23 mask:23
183 [22719139669696] INFO perfrun.perfcollector <> - format: umask config:8-15 mask:8-15
183 [22719139669696] INFO perfrun.perfcollector <> - format: match_opc config1:5-8 mask:5-8
183 [22719139669696] INFO perfrun.perfcollector <> - format: mask_opc config2:5-8 mask:5-8
183 [22719139669696] INFO perfrun.perfcollector <> - format: thresh config:24-31 mask:24-31
183 [22719139669696] INFO perfrun.perfcollector <> - format: match_rnid4 config1:31 mask:31
183 [22719139669696] INFO perfrun.perfcollector <> - format: mask0 config2:0-31 mask:0-31
183 [22719139669696] INFO perfrun.perfcollector <> - format: match_mc config1:9-12 mask:9-12
183 [22719139669696] INFO perfrun.perfcollector <> - hwInfo: PERF_QPI_PMU_DETAILS
184 [22719139669696] INFO perfrun.perfcollector <> - pmu added: family: uncore_qpi, id: 1
184 [22719139669696] INFO perfrun.perfcollector <> - dir found: /sys/bus/event_source/devices/uncore_cbox_6
184 [22719139669696] INFO perfrun.perfcollector <> - format: event config:0-7 mask:0-7
184 [22719139669696] INFO perfrun.perfcollector <> - format: filter_link config1:6-8 mask:6-8
184 [22719139669696] INFO perfrun.perfcollector <> - format: filter_c6 config1:61 mask:61
184 [22719139669696] INFO perfrun.perfcollector <> - format: edge config:18 mask:18
185 [22719139669696] INFO perfrun.perfcollector <> - format: filter_isoc config1:63 mask:63
185 [22719139669696] INFO perfrun.perfcollector <> - format: filter_tid config1:0-5 mask:0-5
185 [22719139669696] INFO perfrun.perfcollector <> - format: filter_nid config1:32-47 mask:32-47
185 [22719139669696] INFO perfrun.perfcollector <> - format: filter_nc config1:62 mask:62
185 [22719139669696] INFO perfrun.perfcollector <> - format: umask config:8-15 mask:8-15
185 [22719139669696] INFO perfrun.perfcollector <> - format: tid_en config:19 mask:19
185 [22719139669696] INFO perfrun.perfcollector <> - format: thresh config:24-31 mask:24-31
185 [22719139669696] INFO perfrun.perfcollector <> - format: filter_state config1:17-23 mask:17-23
186 [22719139669696] INFO perfrun.perfcollector <> - format: filter_opc config1:52-60 mask:52-60
186 [22719139669696] INFO perfrun.perfcollector <> - hwInfo: PERF_CBOX_PMU_DETAILS
186 [22719139669696] INFO perfrun.perfcollector <> - pmu added: family: uncore_cbox, id: 6
186 [22719139669696] INFO perfrun.perfcollector <> - dir found: /sys/bus/event_source/devices/uncore_imc_1
186 [22719139669696] INFO perfrun.perfcollector <> - format: event config:0-7 mask:0-7
186 [22719139669696] INFO perfrun.perfcollector <> - format: edge config:18 mask:18
186 [22719139669696] INFO perfrun.perfcollector <> - format: inv config:23 mask:23
187 [22719139669696] INFO perfrun.perfcollector <> - format: umask config:8-15 mask:8-15
187 [22719139669696] INFO perfrun.perfcollector <> - format: thresh config:24-31 mask:24-31
187 [22719139669696] INFO perfrun.perfcollector <> - hwInfo: PERF_IMC_PMU_DETAILS
187 [22719139669696] INFO perfrun.perfcollector <> - pmu added: family: uncore_imc, id: 1
187 [22719139669696] INFO perfrun.perfcollector <> - dir found: /sys/bus/event_source/devices/power
187 [22719139669696] INFO perfrun.perfcollector <> - format: event config:0-7 mask:0-7
187 [22719139669696] INFO perfrun.perfcollector <> - hwInfo: not set, pmuFam: power
187 [22719139669696] INFO perfrun.perfcollector <> - pmu added: family: power, id: 0
188 [22719139669696] INFO perfrun.perfcollector <> - dir found: /sys/bus/event_source/devices/uncore_cbox_11
188 [22719139669696] INFO perfrun.perfcollector <> - format: event config:0-7 mask:0-7
188 [22719139669696] INFO perfrun.perfcollector <> - format: filter_link config1:6-8 mask:6-8
188 [22719139669696] INFO perfrun.perfcollector <> - format: filter_c6 config1:61 mask:61
188 [22719139669696] INFO perfrun.perfcollector <> - format: edge config:18 mask:18
188 [22719139669696] INFO perfrun.perfcollector <> - format: filter_isoc config1:63 mask:63
188 [22719139669696] INFO perfrun.perfcollector <> - format: filter_tid config1:0-5 mask:0-5
189 [22719139669696] INFO perfrun.perfcollector <> - format: filter_nid config1:32-47 mask:32-47
189 [22719139669696] INFO perfrun.perfcollector <> - format: filter_nc config1:62 mask:62
189 [22719139669696] INFO perfrun.perfcollector <> - format: umask config:8-15 mask:8-15
189 [22719139669696] INFO perfrun.perfcollector <> - format: tid_en config:19 mask:19
189 [22719139669696] INFO perfrun.perfcollector <> - format: thresh config:24-31 mask:24-31
189 [22719139669696] INFO perfrun.perfcollector <> - format: filter_state config1:17-23 mask:17-23
189 [22719139669696] INFO perfrun.perfcollector <> - format: filter_opc config1:52-60 mask:52-60
189 [22719139669696] INFO perfrun.perfcollector <> - hwInfo: PERF_CBOX_PMU_DETAILS
189 [22719139669696] INFO perfrun.perfcollector <> - pmu added: family: uncore_cbox, id: 11
190 [22719139669696] INFO perfrun.perfcollector <> - dir found: /sys/bus/event_source/devices/uncore_cbox_4
190 [22719139669696] INFO perfrun.perfcollector <> - format: event config:0-7 mask:0-7
190 [22719139669696] INFO perfrun.perfcollector <> - format: filter_link config1:6-8 mask:6-8
190 [22719139669696] INFO perfrun.perfcollector <> - format: filter_c6 config1:61 mask:61
190 [22719139669696] INFO perfrun.perfcollector <> - format: edge config:18 mask:18
190 [22719139669696] INFO perfrun.perfcollector <> - format: filter_isoc config1:63 mask:63
190 [22719139669696] INFO perfrun.perfcollector <> - format: filter_tid config1:0-5 mask:0-5
191 [22719139669696] INFO perfrun.perfcollector <> - format: filter_nid config1:32-47 mask:32-47
191 [22719139669696] INFO perfrun.perfcollector <> - format: filter_nc config1:62 mask:62
191 [22719139669696] INFO perfrun.perfcollector <> - format: umask config:8-15 mask:8-15
191 [22719139669696] INFO perfrun.perfcollector <> - format: tid_en config:19 mask:19
191 [22719139669696] INFO perfrun.perfcollector <> - format: thresh config:24-31 mask:24-31
191 [22719139669696] INFO perfrun.perfcollector <> - format: filter_state config1:17-23 mask:17-23
191 [22719139669696] INFO perfrun.perfcollector <> - format: filter_opc config1:52-60 mask:52-60
191 [22719139669696] INFO perfrun.perfcollector <> - hwInfo: PERF_CBOX_PMU_DETAILS
191 [22719139669696] INFO perfrun.perfcollector <> - pmu added: family: uncore_cbox, id: 4
192 [22719139669696] INFO perfrun.perfcollector <> - dir found: /sys/bus/event_source/devices/uprobe
192 [22719139669696] INFO perfrun.perfcollector <> - format: ref_ctr_offset config:32-63 mask:32-63
192 [22719139669696] INFO perfrun.perfcollector <> - format: retprobe config:0 mask:0
192 [22719139669696] INFO perfrun.perfcollector <> - hwInfo: not set, pmuFam: uprobe
192 [22719139669696] INFO perfrun.perfcollector <> - pmu added: family: uprobe, id: 0
192 [22719139669696] INFO perfrun.perfcollector <> - dir found: /sys/bus/event_source/devices/intel_bts
192 [22719139669696] INFO perfrun.perfcollector <> - format: pmu format subdir doesn't exist
192 [22719139669696] INFO perfrun.perfcollector <> - hwInfo: not set, pmuFam: intel_bts
192 [22719139669696] INFO perfrun.perfcollector <> - pmu added: family: intel_bts, id: 0
192 [22719139669696] INFO perfrun.perfcollector <> - dir found: /sys/bus/event_source/devices/cpu
193 [22719139669696] INFO perfrun.perfcollector <> - format: event config:0-7 mask:0-7
193 [22719139669696] INFO perfrun.perfcollector <> - format: pc config:19 mask:19
193 [22719139669696] INFO perfrun.perfcollector <> - format: in_tx config:32 mask:32
193 [22719139669696] INFO perfrun.perfcollector <> - format: edge config:18 mask:18
193 [22719139669696] INFO perfrun.perfcollector <> - format: any config:21 mask:21
193 [22719139669696] INFO perfrun.perfcollector <> - format: offcore_rsp config1:0-63 mask:0-63
193 [22719139669696] INFO perfrun.perfcollector <> - format: in_tx_cp config:33 mask:33
193 [22719139669696] INFO perfrun.perfcollector <> - format: ldlat config1:0-15 mask:0-15
194 [22719139669696] INFO perfrun.perfcollector <> - format: inv config:23 mask:23
194 [22719139669696] INFO perfrun.perfcollector <> - format: umask config:8-15 mask:8-15
194 [22719139669696] INFO perfrun.perfcollector <> - format: cmask config:24-31 mask:24-31
194 [22719139669696] INFO perfrun.perfcollector <> - hwInfo: PERF_CPU_PMU_DETAILS
194 [22719139669696] INFO perfrun.perfcollector <> - pmu added: family: cpu, id: 0
194 [22719139669696] INFO perfrun.perfcollector <> - dir found: /sys/bus/event_source/devices/uncore_r3qpi_0
194 [22719139669696] INFO perfrun.perfcollector <> - format: event config:0-7 mask:0-7
194 [22719139669696] INFO perfrun.perfcollector <> - format: edge config:18 mask:18
194 [22719139669696] INFO perfrun.perfcollector <> - format: inv config:23 mask:23
195 [22719139669696] INFO perfrun.perfcollector <> - format: umask config:8-15 mask:8-15
195 [22719139669696] INFO perfrun.perfcollector <> - format: thresh config:24-31 mask:24-31
195 [22719139669696] INFO perfrun.perfcollector <> - hwInfo: not set, pmuFam: uncore_r3qpi
195 [22719139669696] INFO perfrun.perfcollector <> - pmu added: family: uncore_r3qpi, id: 0
195 [22719139669696] INFO perfrun.perfcollector <> - dir found: /sys/bus/event_source/devices/cstate_core
195 [22719139669696] INFO perfrun.perfcollector <> - format: event config:0-63 mask:0-63
195 [22719139669696] INFO perfrun.perfcollector <> - hwInfo: not set, pmuFam: cstate_core
195 [22719139669696] INFO perfrun.perfcollector <> - pmu added: family: cstate_core, id: 0
195 [22719139669696] INFO perfrun.perfcollector <> - dir found: /sys/bus/event_source/devices/uncore_cbox_2
196 [22719139669696] INFO perfrun.perfcollector <> - format: event config:0-7 mask:0-7
196 [22719139669696] INFO perfrun.perfcollector <> - format: filter_link config1:6-8 mask:6-8
196 [22719139669696] INFO perfrun.perfcollector <> - format: filter_c6 config1:61 mask:61
196 [22719139669696] INFO perfrun.perfcollector <> - format: edge config:18 mask:18
196 [22719139669696] INFO perfrun.perfcollector <> - format: filter_isoc config1:63 mask:63
196 [22719139669696] INFO perfrun.perfcollector <> - format: filter_tid config1:0-5 mask:0-5
197 [22719139669696] INFO perfrun.perfcollector <> - format: filter_nid config1:32-47 mask:32-47
197 [22719139669696] INFO perfrun.perfcollector <> - format: filter_nc config1:62 mask:62
197 [22719139669696] INFO perfrun.perfcollector <> - format: umask config:8-15 mask:8-15
197 [22719139669696] INFO perfrun.perfcollector <> - format: tid_en config:19 mask:19
197 [22719139669696] INFO perfrun.perfcollector <> - format: thresh config:24-31 mask:24-31
197 [22719139669696] INFO perfrun.perfcollector <> - format: filter_state config1:17-23 mask:17-23
197 [22719139669696] INFO perfrun.perfcollector <> - format: filter_opc config1:52-60 mask:52-60
197 [22719139669696] INFO perfrun.perfcollector <> - hwInfo: PERF_CBOX_PMU_DETAILS
198 [22719139669696] INFO perfrun.perfcollector <> - pmu added: family: uncore_cbox, id: 2
198 [22719139669696] INFO perfrun.perfcollector <> - dir found: /sys/bus/event_source/devices/breakpoint
198 [22719139669696] INFO perfrun.perfcollector <> - format: pmu format subdir doesn't exist
198 [22719139669696] INFO perfrun.perfcollector <> - hwInfo: not set, pmuFam: breakpoint
198 [22719139669696] INFO perfrun.perfcollector <> - pmu added: family: breakpoint, id: 0
198 [22719139669696] INFO perfrun.perfcollector <> - dir found: /sys/bus/event_source/devices/uncore_ha_0
198 [22719139669696] INFO perfrun.perfcollector <> - format: event config:0-7 mask:0-7
199 [22719139669696] INFO perfrun.perfcollector <> - format: edge config:18 mask:18
199 [22719139669696] INFO perfrun.perfcollector <> - format: inv config:23 mask:23
199 [22719139669696] INFO perfrun.perfcollector <> - format: umask config:8-15 mask:8-15
199 [22719139669696] INFO perfrun.perfcollector <> - format: thresh config:24-31 mask:24-31
199 [22719139669696] INFO perfrun.perfcollector <> - hwInfo: not set, pmuFam: uncore_ha
199 [22719139669696] INFO perfrun.perfcollector <> - pmu added: family: uncore_ha, id: 0
199 [22719139669696] INFO perfrun.perfcollector <> - dir found: /sys/bus/event_source/devices/uncore_cbox_0
199 [22719139669696] INFO perfrun.perfcollector <> - format: event config:0-7 mask:0-7
200 [22719139669696] INFO perfrun.perfcollector <> - format: filter_link config1:6-8 mask:6-8
200 [22719139669696] INFO perfrun.perfcollector <> - format: filter_c6 config1:61 mask:61
200 [22719139669696] INFO perfrun.perfcollector <> - format: edge config:18 mask:18
200 [22719139669696] INFO perfrun.perfcollector <> - format: filter_isoc config1:63 mask:63
200 [22719139669696] INFO perfrun.perfcollector <> - format: filter_tid config1:0-5 mask:0-5
200 [22719139669696] INFO perfrun.perfcollector <> - format: filter_nid config1:32-47 mask:32-47
200 [22719139669696] INFO perfrun.perfcollector <> - format: filter_nc config1:62 mask:62
201 [22719139669696] INFO perfrun.perfcollector <> - format: umask config:8-15 mask:8-15
201 [22719139669696] INFO perfrun.perfcollector <> - format: tid_en config:19 mask:19
201 [22719139669696] INFO perfrun.perfcollector <> - format: thresh config:24-31 mask:24-31
201 [22719139669696] INFO perfrun.perfcollector <> - format: filter_state config1:17-23 mask:17-23
201 [22719139669696] INFO perfrun.perfcollector <> - format: filter_opc config1:52-60 mask:52-60
201 [22719139669696] INFO perfrun.perfcollector <> - hwInfo: PERF_CBOX_PMU_DETAILS
201 [22719139669696] INFO perfrun.perfcollector <> - pmu added: family: uncore_cbox, id: 0
201 [22719139669696] INFO perfrun.perfcollector <> - dir found: /sys/bus/event_source/devices/tracepoint
202 [22719139669696] INFO perfrun.perfcollector <> - format: pmu format subdir doesn't exist
202 [22719139669696] INFO perfrun.perfcollector <> - hwInfo: not set, pmuFam: tracepoint
202 [22719139669696] INFO perfrun.perfcollector <> - pmu added: family: tracepoint, id: 0
202 [22719139669696] INFO perfrun.perfcollector <> - dir found: /sys/bus/event_source/devices/uncore_sbox_3
202 [22719139669696] INFO perfrun.perfcollector <> - format: event config:0-7 mask:0-7
202 [22719139669696] INFO perfrun.perfcollector <> - format: edge config:18 mask:18
202 [22719139669696] INFO perfrun.perfcollector <> - format: inv config:23 mask:23
202 [22719139669696] INFO perfrun.perfcollector <> - format: umask config:8-15 mask:8-15
202 [22719139669696] INFO perfrun.perfcollector <> - format: tid_en config:19 mask:19
203 [22719139669696] INFO perfrun.perfcollector <> - format: thresh config:24-31 mask:24-31
203 [22719139669696] INFO perfrun.perfcollector <> - hwInfo: not set, pmuFam: uncore_sbox
203 [22719139669696] INFO perfrun.perfcollector <> - pmu added: family: uncore_sbox, id: 3
203 [22719139669696] INFO perfrun.perfcollector <> - dir found: /sys/bus/event_source/devices/uncore_cbox_9
203 [22719139669696] INFO perfrun.perfcollector <> - format: event config:0-7 mask:0-7
203 [22719139669696] INFO perfrun.perfcollector <> - format: filter_link config1:6-8 mask:6-8
203 [22719139669696] INFO perfrun.perfcollector <> - format: filter_c6 config1:61 mask:61
204 [22719139669696] INFO perfrun.perfcollector <> - format: edge config:18 mask:18
204 [22719139669696] INFO perfrun.perfcollector <> - format: filter_isoc config1:63 mask:63
204 [22719139669696] INFO perfrun.perfcollector <> - format: filter_tid config1:0-5 mask:0-5
204 [22719139669696] INFO perfrun.perfcollector <> - format: filter_nid config1:32-47 mask:32-47
204 [22719139669696] INFO perfrun.perfcollector <> - format: filter_nc config1:62 mask:62
204 [22719139669696] INFO perfrun.perfcollector <> - format: umask config:8-15 mask:8-15
204 [22719139669696] INFO perfrun.perfcollector <> - format: tid_en config:19 mask:19
205 [22719139669696] INFO perfrun.perfcollector <> - format: thresh config:24-31 mask:24-31
205 [22719139669696] INFO perfrun.perfcollector <> - format: filter_state config1:17-23 mask:17-23
205 [22719139669696] INFO perfrun.perfcollector <> - format: filter_opc config1:52-60 mask:52-60
205 [22719139669696] INFO perfrun.perfcollector <> - hwInfo: PERF_CBOX_PMU_DETAILS
205 [22719139669696] INFO perfrun.perfcollector <> - pmu added: family: uncore_cbox, id: 9
205 [22719139669696] INFO perfrun.perfcollector <> - dir found: /sys/bus/event_source/devices/cstate_pkg
205 [22719139669696] INFO perfrun.perfcollector <> - format: event config:0-63 mask:0-63
205 [22719139669696] INFO perfrun.perfcollector <> - hwInfo: not set, pmuFam: cstate_pkg
206 [22719139669696] INFO perfrun.perfcollector <> - pmu added: family: cstate_pkg, id: 0
206 [22719139669696] INFO perfrun.perfcollector <> - dir found: /sys/bus/event_source/devices/uncore_imc_4
206 [22719139669696] INFO perfrun.perfcollector <> - format: event config:0-7 mask:0-7
206 [22719139669696] INFO perfrun.perfcollector <> - format: edge config:18 mask:18
206 [22719139669696] INFO perfrun.perfcollector <> - format: inv config:23 mask:23
206 [22719139669696] INFO perfrun.perfcollector <> - format: umask config:8-15 mask:8-15
206 [22719139669696] INFO perfrun.perfcollector <> - format: thresh config:24-31 mask:24-31
206 [22719139669696] INFO perfrun.perfcollector <> - hwInfo: PERF_IMC_PMU_DETAILS
207 [22719139669696] INFO perfrun.perfcollector <> - pmu added: family: uncore_imc, id: 4
207 [22719139669696] INFO perfrun.perfcollector <> - dir found: /sys/bus/event_source/devices/uncore_ubox
207 [22719139669696] INFO perfrun.perfcollector <> - format: event config:0-7 mask:0-7
207 [22719139669696] INFO perfrun.perfcollector <> - format: edge config:18 mask:18
207 [22719139669696] INFO perfrun.perfcollector <> - format: inv config:23 mask:23
207 [22719139669696] INFO perfrun.perfcollector <> - format: umask config:8-15 mask:8-15
208 [22719139669696] INFO perfrun.perfcollector <> - format: thresh config:24-28 mask:24-28
208 [22719139669696] INFO perfrun.perfcollector <> - hwInfo: not set, pmuFam: uncore_ubox
208 [22719139669696] INFO perfrun.perfcollector <> - pmu added: family: uncore_ubox, id: 0
208 [22719139669696] INFO perfrun.perfcollector <> - dir found: /sys/bus/event_source/devices/uncore_sbox_1
208 [22719139669696] INFO perfrun.perfcollector <> - format: event config:0-7 mask:0-7
208 [22719139669696] INFO perfrun.perfcollector <> - format: edge config:18 mask:18
208 [22719139669696] INFO perfrun.perfcollector <> - format: inv config:23 mask:23
208 [22719139669696] INFO perfrun.perfcollector <> - format: umask config:8-15 mask:8-15
209 [22719139669696] INFO perfrun.perfcollector <> - format: tid_en config:19 mask:19
209 [22719139669696] INFO perfrun.perfcollector <> - format: thresh config:24-31 mask:24-31
209 [22719139669696] INFO perfrun.perfcollector <> - hwInfo: not set, pmuFam: uncore_sbox
209 [22719139669696] INFO perfrun.perfcollector <> - pmu added: family: uncore_sbox, id: 1
209 [22719139669696] INFO perfrun.perfcollector <> - dir found: /sys/bus/event_source/devices/uncore_cbox_7
209 [22719139669696] INFO perfrun.perfcollector <> - format: event config:0-7 mask:0-7
209 [22719139669696] INFO perfrun.perfcollector <> - format: filter_link config1:6-8 mask:6-8
209 [22719139669696] INFO perfrun.perfcollector <> - format: filter_c6 config1:61 mask:61
210 [22719139669696] INFO perfrun.perfcollector <> - format: edge config:18 mask:18
210 [22719139669696] INFO perfrun.perfcollector <> - format: filter_isoc config1:63 mask:63
210 [22719139669696] INFO perfrun.perfcollector <> - format: filter_tid config1:0-5 mask:0-5
210 [22719139669696] INFO perfrun.perfcollector <> - format: filter_nid config1:32-47 mask:32-47
210 [22719139669696] INFO perfrun.perfcollector <> - format: filter_nc config1:62 mask:62
210 [22719139669696] INFO perfrun.perfcollector <> - format: umask config:8-15 mask:8-15
210 [22719139669696] INFO perfrun.perfcollector <> - format: tid_en config:19 mask:19
210 [22719139669696] INFO perfrun.perfcollector <> - format: thresh config:24-31 mask:24-31
210 [22719139669696] INFO perfrun.perfcollector <> - format: filter_state config1:17-23 mask:17-23
211 [22719139669696] INFO perfrun.perfcollector <> - format: filter_opc config1:52-60 mask:52-60
211 [22719139669696] INFO perfrun.perfcollector <> - hwInfo: PERF_CBOX_PMU_DETAILS
211 [22719139669696] INFO perfrun.perfcollector <> - pmu added: family: uncore_cbox, id: 7
211 [22719139669696] INFO perfrun.perfcollector <> - dir found: /sys/bus/event_source/devices/uncore_cbox_12
211 [22719139669696] INFO perfrun.perfcollector <> - format: event config:0-7 mask:0-7
211 [22719139669696] INFO perfrun.perfcollector <> - format: filter_link config1:6-8 mask:6-8
211 [22719139669696] INFO perfrun.perfcollector <> - format: filter_c6 config1:61 mask:61
212 [22719139669696] INFO perfrun.perfcollector <> - format: edge config:18 mask:18
212 [22719139669696] INFO perfrun.perfcollector <> - format: filter_isoc config1:63 mask:63
212 [22719139669696] INFO perfrun.perfcollector <> - format: filter_tid config1:0-5 mask:0-5
212 [22719139669696] INFO perfrun.perfcollector <> - format: filter_nid config1:32-47 mask:32-47
212 [22719139669696] INFO perfrun.perfcollector <> - format: filter_nc config1:62 mask:62
212 [22719139669696] INFO perfrun.perfcollector <> - format: umask config:8-15 mask:8-15
213 [22719139669696] INFO perfrun.perfcollector <> - format: tid_en config:19 mask:19
213 [22719139669696] INFO perfrun.perfcollector <> - format: thresh config:24-31 mask:24-31
213 [22719139669696] INFO perfrun.perfcollector <> - format: filter_state config1:17-23 mask:17-23
213 [22719139669696] INFO perfrun.perfcollector <> - format: filter_opc config1:52-60 mask:52-60
213 [22719139669696] INFO perfrun.perfcollector <> - hwInfo: PERF_CBOX_PMU_DETAILS
213 [22719139669696] INFO perfrun.perfcollector <> - pmu added: family: uncore_cbox, id: 12
213 [22719139669696] INFO perfrun.perfcollector <> - dir found: /sys/bus/event_source/devices/kprobe
213 [22719139669696] INFO perfrun.perfcollector <> - format: retprobe config:0 mask:0
213 [22719139669696] INFO perfrun.perfcollector <> - hwInfo: not set, pmuFam: kprobe
213 [22719139669696] INFO perfrun.perfcollector <> - pmu added: family: kprobe, id: 0
213 [22719139669696] INFO perfrun.perfcollector <> - dir found: /sys/bus/event_source/devices/uncore_qpi_0
214 [22719139669696] INFO perfrun.perfcollector <> - format: mask_rnid4 config2:31 mask:31
214 [22719139669696] INFO perfrun.perfcollector <> - format: mask_rnid30 config2:32-35 mask:32-35
214 [22719139669696] INFO perfrun.perfcollector <> - format: match_rnid30 config1:32-35 mask:32-35
214 [22719139669696] INFO perfrun.perfcollector <> - format: event config:0-7,21 mask:0-7,21
214 [22719139669696] INFO perfrun.perfcollector <> - format: match0 config1:0-31 mask:0-31
214 [22719139669696] INFO perfrun.perfcollector <> - format: match_rds config1:48-51 mask:48-51
215 [22719139669696] INFO perfrun.perfcollector <> - format: mask_rds config2:48-51 mask:48-51
215 [22719139669696] INFO perfrun.perfcollector <> - format: edge config:18 mask:18
215 [22719139669696] INFO perfrun.perfcollector <> - format: mask1 config2:32-63 mask:32-63
215 [22719139669696] INFO perfrun.perfcollector <> - format: match_dnid config1:13-17 mask:13-17
215 [22719139669696] INFO perfrun.perfcollector <> - format: mask_dnid config2:13-17 mask:13-17
215 [22719139669696] INFO perfrun.perfcollector <> - format: match_vnw config1:3-4 mask:3-4
215 [22719139669696] INFO perfrun.perfcollector <> - format: mask_vnw config2:3-4 mask:3-4
215 [22719139669696] INFO perfrun.perfcollector <> - format: mask_mc config2:9-12 mask:9-12
215 [22719139669696] INFO perfrun.perfcollector <> - format: match1 config1:32-63 mask:32-63
215 [22719139669696] INFO perfrun.perfcollector <> - format: inv config:23 mask:23
215 [22719139669696] INFO perfrun.perfcollector <> - format: umask config:8-15 mask:8-15
216 [22719139669696] INFO perfrun.perfcollector <> - format: match_opc config1:5-8 mask:5-8
216 [22719139669696] INFO perfrun.perfcollector <> - format: mask_opc config2:5-8 mask:5-8
216 [22719139669696] INFO perfrun.perfcollector <> - format: thresh config:24-31 mask:24-31
216 [22719139669696] INFO perfrun.perfcollector <> - format: match_rnid4 config1:31 mask:31
216 [22719139669696] INFO perfrun.perfcollector <> - format: mask0 config2:0-31 mask:0-31
216 [22719139669696] INFO perfrun.perfcollector <> - format: match_mc config1:9-12 mask:9-12
216 [22719139669696] INFO perfrun.perfcollector <> - hwInfo: PERF_QPI_PMU_DETAILS
216 [22719139669696] INFO perfrun.perfcollector <> - pmu added: family: uncore_qpi, id: 0
216 [22719139669696] INFO perfrun.perfcollector <> - dir found: /sys/bus/event_source/devices/uncore_cbox_5
216 [22719139669696] INFO perfrun.perfcollector <> - format: event config:0-7 mask:0-7
216 [22719139669696] INFO perfrun.perfcollector <> - format: filter_link config1:6-8 mask:6-8
216 [22719139669696] INFO perfrun.perfcollector <> - format: filter_c6 config1:61 mask:61
216 [22719139669696] INFO perfrun.perfcollector <> - format: edge config:18 mask:18
217 [22719139669696] INFO perfrun.perfcollector <> - format: filter_isoc config1:63 mask:63
217 [22719139669696] INFO perfrun.perfcollector <> - format: filter_tid config1:0-5 mask:0-5
217 [22719139669696] INFO perfrun.perfcollector <> - format: filter_nid config1:32-47 mask:32-47
217 [22719139669696] INFO perfrun.perfcollector <> - format: filter_nc config1:62 mask:62
217 [22719139669696] INFO perfrun.perfcollector <> - format: umask config:8-15 mask:8-15
217 [22719139669696] INFO perfrun.perfcollector <> - format: tid_en config:19 mask:19
217 [22719139669696] INFO perfrun.perfcollector <> - format: thresh config:24-31 mask:24-31
217 [22719139669696] INFO perfrun.perfcollector <> - format: filter_state config1:17-23 mask:17-23
217 [22719139669696] INFO perfrun.perfcollector <> - format: filter_opc config1:52-60 mask:52-60
217 [22719139669696] INFO perfrun.perfcollector <> - hwInfo: PERF_CBOX_PMU_DETAILS
218 [22719139669696] INFO perfrun.perfcollector <> - pmu added: family: uncore_cbox, id: 5
218 [22719139669696] INFO perfrun.perfcollector <> - dir found: /sys/bus/event_source/devices/uncore_imc_0
218 [22719139669696] INFO perfrun.perfcollector <> - format: event config:0-7 mask:0-7
218 [22719139669696] INFO perfrun.perfcollector <> - format: edge config:18 mask:18
218 [22719139669696] INFO perfrun.perfcollector <> - format: inv config:23 mask:23
218 [22719139669696] INFO perfrun.perfcollector <> - format: umask config:8-15 mask:8-15
218 [22719139669696] INFO perfrun.perfcollector <> - format: thresh config:24-31 mask:24-31
218 [22719139669696] INFO perfrun.perfcollector <> - hwInfo: PERF_IMC_PMU_DETAILS
219 [22719139669696] INFO perfrun.perfcollector <> - pmu added: family: uncore_imc, id: 0
219 [22719139669696] INFO perfrun.perfcollector <> - dir found: /sys/bus/event_source/devices/uncore_cbox_10
219 [22719139669696] INFO perfrun.perfcollector <> - format: event config:0-7 mask:0-7
219 [22719139669696] INFO perfrun.perfcollector <> - format: filter_link config1:6-8 mask:6-8
219 [22719139669696] INFO perfrun.perfcollector <> - format: filter_c6 config1:61 mask:61
219 [22719139669696] INFO perfrun.perfcollector <> - format: edge config:18 mask:18
219 [22719139669696] INFO perfrun.perfcollector <> - format: filter_isoc config1:63 mask:63
219 [22719139669696] INFO perfrun.perfcollector <> - format: filter_tid config1:0-5 mask:0-5
219 [22719139669696] INFO perfrun.perfcollector <> - format: filter_nid config1:32-47 mask:32-47
219 [22719139669696] INFO perfrun.perfcollector <> - format: filter_nc config1:62 mask:62
220 [22719139669696] INFO perfrun.perfcollector <> - format: umask config:8-15 mask:8-15
220 [22719139669696] INFO perfrun.perfcollector <> - format: tid_en config:19 mask:19
220 [22719139669696] INFO perfrun.perfcollector <> - format: thresh config:24-31 mask:24-31
220 [22719139669696] INFO perfrun.perfcollector <> - format: filter_state config1:17-23 mask:17-23
220 [22719139669696] INFO perfrun.perfcollector <> - format: filter_opc config1:52-60 mask:52-60
220 [22719139669696] INFO perfrun.perfcollector <> - hwInfo: PERF_CBOX_PMU_DETAILS
220 [22719139669696] INFO perfrun.perfcollector <> - pmu added: family: uncore_cbox, id: 10
220 [22719139669696] INFO perfrun.perfcollector <> - dir found: /sys/bus/event_source/devices/uncore_pcu
220 [22719139669696] INFO perfrun.perfcollector <> - format: filter_band2 config1:16-23 mask:16-23
220 [22719139669696] INFO perfrun.perfcollector <> - format: event config:0-7 mask:0-7
220 [22719139669696] INFO perfrun.perfcollector <> - format: filter_band0 config1:0-7 mask:0-7
220 [22719139669696] INFO perfrun.perfcollector <> - format: edge config:18 mask:18
221 [22719139669696] INFO perfrun.perfcollector <> - format: occ_invert config:30 mask:30
221 [22719139669696] INFO perfrun.perfcollector <> - format: occ_edge config:14-51 mask:14-51
221 [22719139669696] INFO perfrun.perfcollector <> - format: filter_band3 config1:24-31 mask:24-31
221 [22719139669696] INFO perfrun.perfcollector <> - format: filter_band1 config1:8-15 mask:8-15
221 [22719139669696] INFO perfrun.perfcollector <> - format: inv config:23 mask:23
221 [22719139669696] INFO perfrun.perfcollector <> - format: thresh config:24-28 mask:24-28
221 [22719139669696] INFO perfrun.perfcollector <> - format: occ_sel config:14-15 mask:14-15
221 [22719139669696] INFO perfrun.perfcollector <> - hwInfo: not set, pmuFam: uncore_pcu
221 [22719139669696] INFO perfrun.perfcollector <> - pmu added: family: uncore_pcu, id: 0
221 [22719139669696] INFO perfrun.perfcollector <> - dir found: /sys/bus/event_source/devices/uncore_r3qpi_1
222 [22719139669696] INFO perfrun.perfcollector <> - format: event config:0-7 mask:0-7
222 [22719139669696] INFO perfrun.perfcollector <> - format: edge config:18 mask:18
222 [22719139669696] INFO perfrun.perfcollector <> - format: inv config:23 mask:23
222 [22719139669696] INFO perfrun.perfcollector <> - format: umask config:8-15 mask:8-15
222 [22719139669696] INFO perfrun.perfcollector <> - format: thresh config:24-31 mask:24-31
222 [22719139669696] INFO perfrun.perfcollector <> - hwInfo: not set, pmuFam: uncore_r3qpi
222 [22719139669696] INFO perfrun.perfcollector <> - pmu added: family: uncore_r3qpi, id: 1
222 [22719139669696] INFO perfrun.perfcollector <> - dir found: /sys/bus/event_source/devices/msr
223 [22719139669696] INFO perfrun.perfcollector <> - format: event config:0-63 mask:0-63
223 [22719139669696] INFO perfrun.perfcollector <> - hwInfo: not set, pmuFam: msr
223 [22719139669696] INFO perfrun.perfcollector <> - pmu added: family: msr, id: 0
223 [22719139669696] INFO perfrun.perfcollector <> - dir found: /sys/bus/event_source/devices/uncore_cbox_3
223 [22719139669696] INFO perfrun.perfcollector <> - format: event config:0-7 mask:0-7
224 [22719139669696] INFO perfrun.perfcollector <> - format: filter_link config1:6-8 mask:6-8
224 [22719139669696] INFO perfrun.perfcollector <> - format: filter_c6 config1:61 mask:61
224 [22719139669696] INFO perfrun.perfcollector <> - format: edge config:18 mask:18
224 [22719139669696] INFO perfrun.perfcollector <> - format: filter_isoc config1:63 mask:63
224 [22719139669696] INFO perfrun.perfcollector <> - format: filter_tid config1:0-5 mask:0-5
224 [22719139669696] INFO perfrun.perfcollector <> - format: filter_nid config1:32-47 mask:32-47
224 [22719139669696] INFO perfrun.perfcollector <> - format: filter_nc config1:62 mask:62
225 [22719139669696] INFO perfrun.perfcollector <> - format: umask config:8-15 mask:8-15
225 [22719139669696] INFO perfrun.perfcollector <> - format: tid_en config:19 mask:19
225 [22719139669696] INFO perfrun.perfcollector <> - format: thresh config:24-31 mask:24-31
225 [22719139669696] INFO perfrun.perfcollector <> - format: filter_state config1:17-23 mask:17-23
225 [22719139669696] INFO perfrun.perfcollector <> - format: filter_opc config1:52-60 mask:52-60
225 [22719139669696] INFO perfrun.perfcollector <> - hwInfo: PERF_CBOX_PMU_DETAILS
225 [22719139669696] INFO perfrun.perfcollector <> - pmu added: family: uncore_cbox, id: 3
225 [22719139669696] INFO perfrun.perfcollector <> - dir found: /sys/bus/event_source/devices/intel_pt
226 [22719139669696] INFO perfrun.perfcollector <> - format: ptw config:12 mask:12
226 [22719139669696] INFO perfrun.perfcollector <> - format: event config:31 mask:31
226 [22719139669696] INFO perfrun.perfcollector <> - format: cyc_thresh config:19-22 mask:19-22
226 [22719139669696] INFO perfrun.perfcollector <> - format: pt config:0 mask:0
227 [22719139669696] INFO perfrun.perfcollector <> - format: notnt config:55 mask:55
227 [22719139669696] INFO perfrun.perfcollector <> - format: branch config:13 mask:13
227 [22719139669696] INFO perfrun.perfcollector <> - format: tsc config:10 mask:10
227 [22719139669696] INFO perfrun.perfcollector <> - format: pwr_evt config:4 mask:4
227 [22719139669696] INFO perfrun.perfcollector <> - format: fup_on_ptw config:5 mask:5
227 [22719139669696] INFO perfrun.perfcollector <> - format: cyc config:1 mask:1
227 [22719139669696] INFO perfrun.perfcollector <> - format: noretcomp config:11 mask:11
228 [22719139669696] INFO perfrun.perfcollector <> - format: mtc config:9 mask:9
228 [22719139669696] INFO perfrun.perfcollector <> - format: psb_period config:24-27 mask:24-27
228 [22719139669696] INFO perfrun.perfcollector <> - format: mtc_period config:14-17 mask:14-17
228 [22719139669696] INFO perfrun.perfcollector <> - hwInfo: not set, pmuFam: intel_pt
228 [22719139669696] INFO perfrun.perfcollector <> - pmu added: family: intel_pt, id: 0
228 [22719139669696] INFO perfrun.perfcollector <> - dir found: /sys/bus/event_source/devices/uncore_ha_1
229 [22719139669696] INFO perfrun.perfcollector <> - format: event config:0-7 mask:0-7
229 [22719139669696] INFO perfrun.perfcollector <> - format: edge config:18 mask:18
229 [22719139669696] INFO perfrun.perfcollector <> - format: inv config:23 mask:23
229 [22719139669696] INFO perfrun.perfcollector <> - format: umask config:8-15 mask:8-15
229 [22719139669696] INFO perfrun.perfcollector <> - format: thresh config:24-31 mask:24-31
229 [22719139669696] INFO perfrun.perfcollector <> - hwInfo: not set, pmuFam: uncore_ha
229 [22719139669696] INFO perfrun.perfcollector <> - pmu added: family: uncore_ha, id: 1
229 [22719139669696] INFO perfrun.perfcollector <> - dir found: /sys/bus/event_source/devices/uncore_cbox_1
230 [22719139669696] INFO perfrun.perfcollector <> - format: event config:0-7 mask:0-7
230 [22719139669696] INFO perfrun.perfcollector <> - format: filter_link config1:6-8 mask:6-8
230 [22719139669696] INFO perfrun.perfcollector <> - format: filter_c6 config1:61 mask:61
230 [22719139669696] INFO perfrun.perfcollector <> - format: edge config:18 mask:18
230 [22719139669696] INFO perfrun.perfcollector <> - format: filter_isoc config1:63 mask:63
230 [22719139669696] INFO perfrun.perfcollector <> - format: filter_tid config1:0-5 mask:0-5
230 [22719139669696] INFO perfrun.perfcollector <> - format: filter_nid config1:32-47 mask:32-47
231 [22719139669696] INFO perfrun.perfcollector <> - format: filter_nc config1:62 mask:62
231 [22719139669696] INFO perfrun.perfcollector <> - format: umask config:8-15 mask:8-15
231 [22719139669696] INFO perfrun.perfcollector <> - format: tid_en config:19 mask:19
231 [22719139669696] INFO perfrun.perfcollector <> - format: thresh config:24-31 mask:24-31
231 [22719139669696] INFO perfrun.perfcollector <> - format: filter_state config1:17-23 mask:17-23
231 [22719139669696] INFO perfrun.perfcollector <> - format: filter_opc config1:52-60 mask:52-60
231 [22719139669696] INFO perfrun.perfcollector <> - hwInfo: PERF_CBOX_PMU_DETAILS
232 [22719139669696] INFO perfrun.perfcollector <> - pmu added: family: uncore_cbox, id: 1
232 [22719139669696] INFO perfrun.sdk <> - runCmd: /opt/intel/oneapi/vtune/2023.1.0/bin64/sep -dry-run -sam 1 -ec CPU_CLK_UNHALTED.THREAD,CPU_CLK_UNHALTED.REF_TSC:sample:sa=2400000,INST_RETIRED.ANY:sample:sa=2400000,CPU_CLK_UNHALTED.REF_XCLK,CPU_CLK_UNHALTED.ONE_THREAD_ACTIVE,FP_ARITH_INST_RETIRED.SCALAR_SINGLE,FP_ARITH_INST_RETIRED.128B_PACKED_SINGLE,FP_ARITH_INST_RETIRED.256B_PACKED_SINGLE,FP_ARITH_INST_RETIRED.SCALAR_DOUBLE,FP_ARITH_INST_RETIRED.128B_PACKED_DOUBLE,FP_ARITH_INST_RETIRED.256B_PACKED_DOUBLE,INST_RETIRED.X87,UOPS_RETIRED.RETIRE_SLOTS:sample:sa=2000003 -experimental
232 [22719139669696] INFO perfrun.sdk <> - runCmd started PID 2284343
282 [22719139669696] INFO perfrun.perfcollector <> - SepDryRun RC = true
286 [22719139669696] INFO perfrun.perfcollector <> - DRY_RUN: "PMU type: Core (core)"
286 [22719139669696] INFO perfrun.perfcollector <> - pmu type: cpu
286 [22719139669696] INFO perfrun.perfcollector <> - DRY_RUN: "Group 0:"
286 [22719139669696] INFO perfrun.perfcollector <> - id: 0
286 [22719139669696] INFO perfrun.perfcollector <> - DRY_RUN: "INST_RETIRED.ANY: event id 2"
286 [22719139669696] INFO perfrun.perfcollector <> - eventName: INST_RETIRED.ANY, eventId: 2
286 [22719139669696] INFO perfrun.perfcollector <> - DRY_RUN: "CPU_CLK_UNHALTED.THREAD: event id 0"
286 [22719139669696] INFO perfrun.perfcollector <> - eventName: CPU_CLK_UNHALTED.THREAD, eventId: 0
286 [22719139669696] INFO perfrun.perfcollector <> - DRY_RUN: "CPU_CLK_UNHALTED.REF_TSC: event id 1"
286 [22719139669696] INFO perfrun.perfcollector <> - eventName: CPU_CLK_UNHALTED.REF_TSC, eventId: 1
286 [22719139669696] INFO perfrun.perfcollector <> - DRY_RUN: "FP_ARITH_INST_RETIRED.SCALAR_SINGLE: event id 5"
286 [22719139669696] INFO perfrun.perfcollector <> - eventName: FP_ARITH_INST_RETIRED.SCALAR_SINGLE, eventId: 5
286 [22719139669696] INFO perfrun.perfcollector <> - DRY_RUN: "FP_ARITH_INST_RETIRED.128B_PACKED_SINGLE: event id 6"
286 [22719139669696] INFO perfrun.perfcollector <> - eventName: FP_ARITH_INST_RETIRED.128B_PACKED_SINGLE, eventId: 6
286 [22719139669696] INFO perfrun.perfcollector <> - DRY_RUN: "FP_ARITH_INST_RETIRED.256B_PACKED_SINGLE: event id 7"
286 [22719139669696] INFO perfrun.perfcollector <> - eventName: FP_ARITH_INST_RETIRED.256B_PACKED_SINGLE, eventId: 7
286 [22719139669696] INFO perfrun.perfcollector <> - DRY_RUN: "FP_ARITH_INST_RETIRED.SCALAR_DOUBLE: event id 8"
286 [22719139669696] INFO perfrun.perfcollector <> - eventName: FP_ARITH_INST_RETIRED.SCALAR_DOUBLE, eventId: 8
286 [22719139669696] INFO perfrun.perfcollector <> - DRY_RUN: "CPU_CLK_UNHALTED.REF_XCLK: event id 3"
286 [22719139669696] INFO perfrun.perfcollector <> - eventName: CPU_CLK_UNHALTED.REF_XCLK, eventId: 3
286 [22719139669696] INFO perfrun.perfcollector <> - DRY_RUN: "CPU_CLK_UNHALTED.ONE_THREAD_ACTIVE: event id 4"
286 [22719139669696] INFO perfrun.perfcollector <> - eventName: CPU_CLK_UNHALTED.ONE_THREAD_ACTIVE, eventId: 4
286 [22719139669696] INFO perfrun.perfcollector <> - DRY_RUN: "INST_RETIRED.X87: event id 11"
286 [22719139669696] INFO perfrun.perfcollector <> - eventName: INST_RETIRED.X87, eventId: 11
286 [22719139669696] INFO perfrun.perfcollector <> - DRY_RUN: "UOPS_RETIRED.RETIRE_SLOTS: event id 12"
286 [22719139669696] INFO perfrun.perfcollector <> - eventName: UOPS_RETIRED.RETIRE_SLOTS, eventId: 12
286 [22719139669696] INFO perfrun.perfcollector <> - DRY_RUN: "CCCR"
286 [22719139669696] INFO perfrun.perfcollector <> - DRY_RUN: "reg_type       = 1	event_id       = g	reg_id         = 38f	reg_value      = 7000000ff"
286 [22719139669696] INFO perfrun.perfcollector <> - eventId: g, skip parsing event_id
286 [22719139669696] INFO perfrun.perfcollector <> - Register was ignored: group_id: 0, reg_type: 1, event_id: 4294967295, reg_id: 38f, reg_value: 7000000ff, pmu_name: cpu
286 [22719139669696] INFO perfrun.perfcollector <> - DRY_RUN: "reg_type       = 1	event_id       = g	reg_id         = 390	reg_value      = 7000000ff"
286 [22719139669696] INFO perfrun.perfcollector <> - eventId: g, skip parsing event_id
286 [22719139669696] INFO perfrun.perfcollector <> - Register was ignored: group_id: 0, reg_type: 1, event_id: 4294967295, reg_id: 390, reg_value: 7000000ff, pmu_name: cpu
286 [22719139669696] INFO perfrun.perfcollector <> - DRY_RUN: "reg_type       = 1	event_id       = g	reg_id         = 3f1	reg_value      = 0"
286 [22719139669696] INFO perfrun.perfcollector <> - eventId: g, skip parsing event_id
286 [22719139669696] INFO perfrun.perfcollector <> - Register was ignored: group_id: 0, reg_type: 1, event_id: 4294967295, reg_id: 3f1, reg_value: 0, pmu_name: cpu
286 [22719139669696] INFO perfrun.perfcollector <> - DRY_RUN: "reg_type       = 1	event_id       = g	reg_id         = 1d9	reg_value      = 1800"
286 [22719139669696] INFO perfrun.perfcollector <> - eventId: g, skip parsing event_id
286 [22719139669696] INFO perfrun.perfcollector <> - Register was ignored: group_id: 0, reg_type: 1, event_id: 4294967295, reg_id: 1d9, reg_value: 1800, pmu_name: cpu
286 [22719139669696] INFO perfrun.perfcollector <> - DRY_RUN: "reg_type       = 1	event_id       = g	reg_id         = 38d	reg_value      = bbb"
286 [22719139669696] INFO perfrun.perfcollector <> - eventId: g, skip parsing event_id
286 [22719139669696] INFO perfrun.perfcollector <> - Register was ignored: group_id: 0, reg_type: 1, event_id: 4294967295, reg_id: 38d, reg_value: bbb, pmu_name: cpu
286 [22719139669696] INFO perfrun.perfcollector <> - DRY_RUN: "reg_type       = 1	event_id       = 5	reg_id         = 186	reg_value      = 5302c7"
286 [22719139669696] INFO perfrun.perfcollector <> - Event selector: group_id: 0, reg_type: 1, event_id: 5, reg_id: 186, reg_value: 5302c7, pmu_name: cpu
286 [22719139669696] INFO perfrun.perfcollector <> - DRY_RUN: "reg_type       = 1	event_id       = 6	reg_id         = 187	reg_value      = 5308c7"
286 [22719139669696] INFO perfrun.perfcollector <> - Event selector: group_id: 0, reg_type: 1, event_id: 6, reg_id: 187, reg_value: 5308c7, pmu_name: cpu
286 [22719139669696] INFO perfrun.perfcollector <> - DRY_RUN: "reg_type       = 1	event_id       = 7	reg_id         = 188	reg_value      = 5320c7"
286 [22719139669696] INFO perfrun.perfcollector <> - Event selector: group_id: 0, reg_type: 1, event_id: 7, reg_id: 188, reg_value: 5320c7, pmu_name: cpu
286 [22719139669696] INFO perfrun.perfcollector <> - DRY_RUN: "reg_type       = 1	event_id       = 8	reg_id         = 189	reg_value      = 5301c7"
286 [22719139669696] INFO perfrun.perfcollector <> - Event selector: group_id: 0, reg_type: 1, event_id: 8, reg_id: 189, reg_value: 5301c7, pmu_name: cpu
286 [22719139669696] INFO perfrun.perfcollector <> - DRY_RUN: "reg_type       = 1	event_id       = 3	reg_id         = 18a	reg_value      = 53013c"
286 [22719139669696] INFO perfrun.perfcollector <> - Event selector: group_id: 0, reg_type: 1, event_id: 3, reg_id: 18a, reg_value: 53013c, pmu_name: cpu
286 [22719139669696] INFO perfrun.perfcollector <> - DRY_RUN: "reg_type       = 1	event_id       = 4	reg_id         = 18b	reg_value      = 53023c"
286 [22719139669696] INFO perfrun.perfcollector <> - Event selector: group_id: 0, reg_type: 1, event_id: 4, reg_id: 18b, reg_value: 53023c, pmu_name: cpu
286 [22719139669696] INFO perfrun.perfcollector <> - DRY_RUN: "reg_type       = 1	event_id       = 11	reg_id         = 18c	reg_value      = 5302c0"
286 [22719139669696] INFO perfrun.perfcollector <> - Event selector: group_id: 0, reg_type: 1, event_id: 11, reg_id: 18c, reg_value: 5302c0, pmu_name: cpu
286 [22719139669696] INFO perfrun.perfcollector <> - DRY_RUN: "reg_type       = 1	event_id       = 12	reg_id         = 18d	reg_value      = 5302c2"
286 [22719139669696] INFO perfrun.perfcollector <> - Event selector: group_id: 0, reg_type: 1, event_id: 12, reg_id: 18d, reg_value: 5302c2, pmu_name: cpu
286 [22719139669696] INFO perfrun.perfcollector <> - DRY_RUN: "ESCR"
286 [22719139669696] INFO perfrun.perfcollector <> - DRY_RUN: "reg_type       = 2	event_id       = g	reg_id         = 1c8	reg_value      = 0"
286 [22719139669696] INFO perfrun.perfcollector <> - eventId: g, skip parsing event_id
286 [22719139669696] INFO perfrun.perfcollector <> - DRY_RUN: "DATA"
286 [22719139669696] INFO perfrun.perfcollector <> - DRY_RUN: "reg_type       = 4	event_id       = 2	reg_id         = 309	reg_value      = ffffffdb6100"
286 [22719139669696] INFO perfrun.perfcollector <> - eventId: 2, dataAddr: 309, dataVal: ffffffdb6100
286 [22719139669696] INFO perfrun.perfcollector <> - DRY_RUN: "reg_type       = 4	event_id       = 0	reg_id         = 30a	reg_value      = ffffffe17b7d"
286 [22719139669696] INFO perfrun.perfcollector <> - eventId: 0, dataAddr: 30a, dataVal: ffffffe17b7d
286 [22719139669696] INFO perfrun.perfcollector <> - DRY_RUN: "reg_type       = 4	event_id       = 1	reg_id         = 30b	reg_value      = ffffffdb6100"
286 [22719139669696] INFO perfrun.perfcollector <> - eventId: 1, dataAddr: 30b, dataVal: ffffffdb6100
286 [22719139669696] INFO perfrun.perfcollector <> - DRY_RUN: "reg_type       = 4	event_id       = 5	reg_id         = c1	reg_value      = ffffffe17b7d"
286 [22719139669696] INFO perfrun.perfcollector <> - eventId: 5, dataAddr: c1, dataVal: ffffffe17b7d
286 [22719139669696] INFO perfrun.perfcollector <> - DRY_RUN: "reg_type       = 4	event_id       = 6	reg_id         = c2	reg_value      = ffffffe17b7d"
286 [22719139669696] INFO perfrun.perfcollector <> - eventId: 6, dataAddr: c2, dataVal: ffffffe17b7d
286 [22719139669696] INFO perfrun.perfcollector <> - DRY_RUN: "reg_type       = 4	event_id       = 7	reg_id         = c3	reg_value      = ffffffe17b7d"
286 [22719139669696] INFO perfrun.perfcollector <> - eventId: 7, dataAddr: c3, dataVal: ffffffe17b7d
286 [22719139669696] INFO perfrun.perfcollector <> - DRY_RUN: "reg_type       = 4	event_id       = 8	reg_id         = c4	reg_value      = ffffffe17b7d"
286 [22719139669696] INFO perfrun.perfcollector <> - eventId: 8, dataAddr: c4, dataVal: ffffffe17b7d
286 [22719139669696] INFO perfrun.perfcollector <> - DRY_RUN: "reg_type       = 4	event_id       = 3	reg_id         = c5	reg_value      = fffffffe795d"
286 [22719139669696] INFO perfrun.perfcollector <> - eventId: 3, dataAddr: c5, dataVal: fffffffe795d
286 [22719139669696] INFO perfrun.perfcollector <> - DRY_RUN: "reg_type       = 4	event_id       = 4	reg_id         = c6	reg_value      = fffffffe795d"
286 [22719139669696] INFO perfrun.perfcollector <> - eventId: 4, dataAddr: c6, dataVal: fffffffe795d
286 [22719139669696] INFO perfrun.perfcollector <> - DRY_RUN: "reg_type       = 4	event_id       = 11	reg_id         = c7	reg_value      = ffffffe17b7d"
286 [22719139669696] INFO perfrun.perfcollector <> - eventId: 11, dataAddr: c7, dataVal: ffffffe17b7d
286 [22719139669696] INFO perfrun.perfcollector <> - DRY_RUN: "reg_type       = 4	event_id       = 12	reg_id         = c8	reg_value      = ffffffe17b7d"
286 [22719139669696] INFO perfrun.perfcollector <> - eventId: 12, dataAddr: c8, dataVal: ffffffe17b7d
286 [22719139669696] INFO perfrun.perfcollector <> - DRY_RUN: "Group 1:"
286 [22719139669696] INFO perfrun.perfcollector <> - id: 1
286 [22719139669696] INFO perfrun.perfcollector <> - DRY_RUN: "INST_RETIRED.ANY: event id 2"
286 [22719139669696] INFO perfrun.perfcollector <> - eventName: INST_RETIRED.ANY, eventId: 2
286 [22719139669696] INFO perfrun.perfcollector <> - DRY_RUN: "CPU_CLK_UNHALTED.THREAD: event id 0"
286 [22719139669696] INFO perfrun.perfcollector <> - eventName: CPU_CLK_UNHALTED.THREAD, eventId: 0
286 [22719139669696] INFO perfrun.perfcollector <> - DRY_RUN: "CPU_CLK_UNHALTED.REF_TSC: event id 1"
286 [22719139669696] INFO perfrun.perfcollector <> - eventName: CPU_CLK_UNHALTED.REF_TSC, eventId: 1
286 [22719139669696] INFO perfrun.perfcollector <> - DRY_RUN: "FP_ARITH_INST_RETIRED.128B_PACKED_DOUBLE: event id 9"
286 [22719139669696] INFO perfrun.perfcollector <> - eventName: FP_ARITH_INST_RETIRED.128B_PACKED_DOUBLE, eventId: 9
286 [22719139669696] INFO perfrun.perfcollector <> - DRY_RUN: "FP_ARITH_INST_RETIRED.256B_PACKED_DOUBLE: event id 10"
286 [22719139669696] INFO perfrun.perfcollector <> - eventName: FP_ARITH_INST_RETIRED.256B_PACKED_DOUBLE, eventId: 10
286 [22719139669696] INFO perfrun.perfcollector <> - DRY_RUN: "CCCR"
286 [22719139669696] INFO perfrun.perfcollector <> - DRY_RUN: "reg_type       = 1	event_id       = g	reg_id         = 38f	reg_value      = 700000003"
286 [22719139669696] INFO perfrun.perfcollector <> - eventId: g, skip parsing event_id
286 [22719139669696] INFO perfrun.perfcollector <> - Register was ignored: group_id: 1, reg_type: 1, event_id: 4294967295, reg_id: 38f, reg_value: 700000003, pmu_name: cpu
286 [22719139669696] INFO perfrun.perfcollector <> - DRY_RUN: "reg_type       = 1	event_id       = g	reg_id         = 390	reg_value      = 700000003"
286 [22719139669696] INFO perfrun.perfcollector <> - eventId: g, skip parsing event_id
286 [22719139669696] INFO perfrun.perfcollector <> - Register was ignored: group_id: 1, reg_type: 1, event_id: 4294967295, reg_id: 390, reg_value: 700000003, pmu_name: cpu
286 [22719139669696] INFO perfrun.perfcollector <> - DRY_RUN: "reg_type       = 1	event_id       = g	reg_id         = 3f1	reg_value      = 0"
286 [22719139669696] INFO perfrun.perfcollector <> - eventId: g, skip parsing event_id
286 [22719139669696] INFO perfrun.perfcollector <> - Register was ignored: group_id: 1, reg_type: 1, event_id: 4294967295, reg_id: 3f1, reg_value: 0, pmu_name: cpu
286 [22719139669696] INFO perfrun.perfcollector <> - DRY_RUN: "reg_type       = 1	event_id       = g	reg_id         = 1d9	reg_value      = 1800"
286 [22719139669696] INFO perfrun.perfcollector <> - eventId: g, skip parsing event_id
286 [22719139669696] INFO perfrun.perfcollector <> - Register was ignored: group_id: 1, reg_type: 1, event_id: 4294967295, reg_id: 1d9, reg_value: 1800, pmu_name: cpu
286 [22719139669696] INFO perfrun.perfcollector <> - DRY_RUN: "reg_type       = 1	event_id       = g	reg_id         = 38d	reg_value      = bbb"
286 [22719139669696] INFO perfrun.perfcollector <> - eventId: g, skip parsing event_id
286 [22719139669696] INFO perfrun.perfcollector <> - Register was ignored: group_id: 1, reg_type: 1, event_id: 4294967295, reg_id: 38d, reg_value: bbb, pmu_name: cpu
286 [22719139669696] INFO perfrun.perfcollector <> - DRY_RUN: "reg_type       = 1	event_id       = 9	reg_id         = 186	reg_value      = 5304c7"
286 [22719139669696] INFO perfrun.perfcollector <> - Event selector: group_id: 1, reg_type: 1, event_id: 9, reg_id: 186, reg_value: 5304c7, pmu_name: cpu
286 [22719139669696] INFO perfrun.perfcollector <> - DRY_RUN: "reg_type       = 1	event_id       = 10	reg_id         = 187	reg_value      = 5310c7"
286 [22719139669696] INFO perfrun.perfcollector <> - Event selector: group_id: 1, reg_type: 1, event_id: 10, reg_id: 187, reg_value: 5310c7, pmu_name: cpu
286 [22719139669696] INFO perfrun.perfcollector <> - DRY_RUN: "ESCR"
286 [22719139669696] INFO perfrun.perfcollector <> - DRY_RUN: "reg_type       = 2	event_id       = g	reg_id         = 1c8	reg_value      = 0"
286 [22719139669696] INFO perfrun.perfcollector <> - eventId: g, skip parsing event_id
286 [22719139669696] INFO perfrun.perfcollector <> - DRY_RUN: "DATA"
286 [22719139669696] INFO perfrun.perfcollector <> - DRY_RUN: "reg_type       = 4	event_id       = 2	reg_id         = 309	reg_value      = ffffffdb6100"
286 [22719139669696] INFO perfrun.perfcollector <> - eventId: 2, dataAddr: 309, dataVal: ffffffdb6100
286 [22719139669696] INFO perfrun.perfcollector <> - DRY_RUN: "reg_type       = 4	event_id       = 0	reg_id         = 30a	reg_value      = ffffffe17b7d"
286 [22719139669696] INFO perfrun.perfcollector <> - eventId: 0, dataAddr: 30a, dataVal: ffffffe17b7d
286 [22719139669696] INFO perfrun.perfcollector <> - DRY_RUN: "reg_type       = 4	event_id       = 1	reg_id         = 30b	reg_value      = ffffffdb6100"
286 [22719139669696] INFO perfrun.perfcollector <> - eventId: 1, dataAddr: 30b, dataVal: ffffffdb6100
286 [22719139669696] INFO perfrun.perfcollector <> - DRY_RUN: "reg_type       = 4	event_id       = 9	reg_id         = c1	reg_value      = ffffffe17b7d"
286 [22719139669696] INFO perfrun.perfcollector <> - eventId: 9, dataAddr: c1, dataVal: ffffffe17b7d
286 [22719139669696] INFO perfrun.perfcollector <> - DRY_RUN: "reg_type       = 4	event_id       = 10	reg_id         = c2	reg_value      = ffffffe17b7d"
287 [22719139669696] INFO perfrun.perfcollector <> - eventId: 10, dataAddr: c2, dataVal: ffffffe17b7d
287 [22719139669696] INFO perfrun.perfcollector <> - event name: CPU_CLK_UNHALTED.THREAD
287 [22719139669696] INFO perfrun.perfcollector <> - pmu config: cpu
287 [22719139669696] INFO perfrun.perfcollector <> - cccrAddr: ffffffff, cccrValue: 0
287 [22719139669696] INFO perfrun.perfcollector <> - dataAddr: 30a, dataValue: ffffffffffe17b7d
287 [22719139669696] INFO perfrun.perfcollector <> - escrAddr: ffffffff, escrValue: 0
287 [22719139669696] INFO perfrun.perfcollector <> - extendedPebsValue: 0
287 [22719139669696] INFO perfrun.perfcollector <> - adaptivePebsAvailable: 0
287 [22719139669696] INFO perfrun.perfcollector <> - config: event: 3c
287 [22719139669696] INFO perfrun.perfcollector <> - config: pc: 0
287 [22719139669696] INFO perfrun.perfcollector <> - config: in_tx: 0
287 [22719139669696] INFO perfrun.perfcollector <> - config: edge: 0
287 [22719139669696] INFO perfrun.perfcollector <> - config: any: 0
287 [22719139669696] INFO perfrun.perfcollector <> - config1: offcore_rsp: 0
287 [22719139669696] INFO perfrun.perfcollector <> - config: in_tx_cp: 0
287 [22719139669696] INFO perfrun.perfcollector <> - config1: ldlat: 0
287 [22719139669696] INFO perfrun.perfcollector <> - config: inv: 0
287 [22719139669696] INFO perfrun.perfcollector <> - config: umask: 0
287 [22719139669696] INFO perfrun.perfcollector <> - config: cmask: 0
287 [22719139669696] INFO perfrun.perfcollector <> - format: cpu/event=0x3c,name='CPU_CLK_UNHALTED.THREAD'/D
287 [22719139669696] INFO perfrun.perfcollector <> - event name: CPU_CLK_UNHALTED.REF_TSC
287 [22719139669696] INFO perfrun.perfcollector <> - pmu config: cpu
287 [22719139669696] INFO perfrun.perfcollector <> - cccrAddr: ffffffff, cccrValue: 0
287 [22719139669696] INFO perfrun.perfcollector <> - dataAddr: 30b, dataValue: ffffffffffdb6100
287 [22719139669696] INFO perfrun.perfcollector <> - escrAddr: ffffffff, escrValue: 0
287 [22719139669696] INFO perfrun.perfcollector <> - extendedPebsValue: 0
287 [22719139669696] INFO perfrun.perfcollector <> - adaptivePebsAvailable: 0
287 [22719139669696] INFO perfrun.perfcollector <> - config: event: 0
287 [22719139669696] INFO perfrun.perfcollector <> - config: pc: 0
287 [22719139669696] INFO perfrun.perfcollector <> - config: in_tx: 0
287 [22719139669696] INFO perfrun.perfcollector <> - config: edge: 0
287 [22719139669696] INFO perfrun.perfcollector <> - config: any: 0
287 [22719139669696] INFO perfrun.perfcollector <> - config1: offcore_rsp: 0
287 [22719139669696] INFO perfrun.perfcollector <> - config: in_tx_cp: 0
287 [22719139669696] INFO perfrun.perfcollector <> - config1: ldlat: 0
287 [22719139669696] INFO perfrun.perfcollector <> - config: inv: 0
287 [22719139669696] INFO perfrun.perfcollector <> - config: umask: 3
287 [22719139669696] INFO perfrun.perfcollector <> - config: cmask: 0
287 [22719139669696] INFO perfrun.perfcollector <> - format: cpu/umask=0x3,name='CPU_CLK_UNHALTED.REF_TSC'/D
287 [22719139669696] INFO perfrun.perfcollector <> - event name: INST_RETIRED.ANY
287 [22719139669696] INFO perfrun.perfcollector <> - pmu config: cpu
287 [22719139669696] INFO perfrun.perfcollector <> - cccrAddr: ffffffff, cccrValue: 0
287 [22719139669696] INFO perfrun.perfcollector <> - dataAddr: 309, dataValue: ffffffffffdb6100
287 [22719139669696] INFO perfrun.perfcollector <> - escrAddr: ffffffff, escrValue: 0
287 [22719139669696] INFO perfrun.perfcollector <> - extendedPebsValue: 0
287 [22719139669696] INFO perfrun.perfcollector <> - adaptivePebsAvailable: 0
287 [22719139669696] INFO perfrun.perfcollector <> - config: event: c0
287 [22719139669696] INFO perfrun.perfcollector <> - config: pc: 0
287 [22719139669696] INFO perfrun.perfcollector <> - config: in_tx: 0
287 [22719139669696] INFO perfrun.perfcollector <> - config: edge: 0
287 [22719139669696] INFO perfrun.perfcollector <> - config: any: 0
287 [22719139669696] INFO perfrun.perfcollector <> - config1: offcore_rsp: 0
287 [22719139669696] INFO perfrun.perfcollector <> - config: in_tx_cp: 0
287 [22719139669696] INFO perfrun.perfcollector <> - config1: ldlat: 0
287 [22719139669696] INFO perfrun.perfcollector <> - config: inv: 0
287 [22719139669696] INFO perfrun.perfcollector <> - config: umask: 0
287 [22719139669696] INFO perfrun.perfcollector <> - config: cmask: 0
287 [22719139669696] INFO perfrun.perfcollector <> - format: cpu/event=0xc0,name='INST_RETIRED.ANY'/D
287 [22719139669696] INFO perfrun.perfcollector <> - event name: CPU_CLK_UNHALTED.REF_XCLK
287 [22719139669696] INFO perfrun.perfcollector <> - pmu config: cpu
287 [22719139669696] INFO perfrun.perfcollector <> - cccrAddr: 18a, cccrValue: 53013c
287 [22719139669696] INFO perfrun.perfcollector <> - dataAddr: c5, dataValue: fffffffffffe795d
287 [22719139669696] INFO perfrun.perfcollector <> - escrAddr: ffffffff, escrValue: 0
287 [22719139669696] INFO perfrun.perfcollector <> - extendedPebsValue: 0
287 [22719139669696] INFO perfrun.perfcollector <> - adaptivePebsAvailable: 0
287 [22719139669696] INFO perfrun.perfcollector <> - config: event: 3c
287 [22719139669696] INFO perfrun.perfcollector <> - config: pc: 0
287 [22719139669696] INFO perfrun.perfcollector <> - config: in_tx: 0
287 [22719139669696] INFO perfrun.perfcollector <> - config: edge: 0
287 [22719139669696] INFO perfrun.perfcollector <> - config: any: 0
287 [22719139669696] INFO perfrun.perfcollector <> - config1: offcore_rsp: 0
287 [22719139669696] INFO perfrun.perfcollector <> - config: in_tx_cp: 0
287 [22719139669696] INFO perfrun.perfcollector <> - config1: ldlat: 0
287 [22719139669696] INFO perfrun.perfcollector <> - config: inv: 0
287 [22719139669696] INFO perfrun.perfcollector <> - config: umask: 1
287 [22719139669696] INFO perfrun.perfcollector <> - config: cmask: 0
287 [22719139669696] INFO perfrun.perfcollector <> - format: cpu/event=0x3c,umask=0x1,name='CPU_CLK_UNHALTED.REF_XCLK'/
287 [22719139669696] INFO perfrun.perfcollector <> - event name: CPU_CLK_UNHALTED.ONE_THREAD_ACTIVE
287 [22719139669696] INFO perfrun.perfcollector <> - pmu config: cpu
287 [22719139669696] INFO perfrun.perfcollector <> - cccrAddr: 18b, cccrValue: 53023c
287 [22719139669696] INFO perfrun.perfcollector <> - dataAddr: c6, dataValue: fffffffffffe795d
287 [22719139669696] INFO perfrun.perfcollector <> - escrAddr: ffffffff, escrValue: 0
287 [22719139669696] INFO perfrun.perfcollector <> - extendedPebsValue: 0
287 [22719139669696] INFO perfrun.perfcollector <> - adaptivePebsAvailable: 0
287 [22719139669696] INFO perfrun.perfcollector <> - config: event: 3c
287 [22719139669696] INFO perfrun.perfcollector <> - config: pc: 0
287 [22719139669696] INFO perfrun.perfcollector <> - config: in_tx: 0
287 [22719139669696] INFO perfrun.perfcollector <> - config: edge: 0
287 [22719139669696] INFO perfrun.perfcollector <> - config: any: 0
287 [22719139669696] INFO perfrun.perfcollector <> - config1: offcore_rsp: 0
287 [22719139669696] INFO perfrun.perfcollector <> - config: in_tx_cp: 0
287 [22719139669696] INFO perfrun.perfcollector <> - config1: ldlat: 0
287 [22719139669696] INFO perfrun.perfcollector <> - config: inv: 0
287 [22719139669696] INFO perfrun.perfcollector <> - config: umask: 2
287 [22719139669696] INFO perfrun.perfcollector <> - config: cmask: 0
287 [22719139669696] INFO perfrun.perfcollector <> - format: cpu/event=0x3c,umask=0x2,name='CPU_CLK_UNHALTED.ONE_THREAD_ACTIVE'/
287 [22719139669696] INFO perfrun.perfcollector <> - event name: FP_ARITH_INST_RETIRED.SCALAR_SINGLE
287 [22719139669696] INFO perfrun.perfcollector <> - pmu config: cpu
287 [22719139669696] INFO perfrun.perfcollector <> - cccrAddr: 186, cccrValue: 5302c7
287 [22719139669696] INFO perfrun.perfcollector <> - dataAddr: c1, dataValue: ffffffffffe17b7d
287 [22719139669696] INFO perfrun.perfcollector <> - escrAddr: ffffffff, escrValue: 0
287 [22719139669696] INFO perfrun.perfcollector <> - extendedPebsValue: 0
287 [22719139669696] INFO perfrun.perfcollector <> - adaptivePebsAvailable: 0
287 [22719139669696] INFO perfrun.perfcollector <> - config: event: c7
287 [22719139669696] INFO perfrun.perfcollector <> - config: pc: 0
287 [22719139669696] INFO perfrun.perfcollector <> - config: in_tx: 0
287 [22719139669696] INFO perfrun.perfcollector <> - config: edge: 0
287 [22719139669696] INFO perfrun.perfcollector <> - config: any: 0
287 [22719139669696] INFO perfrun.perfcollector <> - config1: offcore_rsp: 0
287 [22719139669696] INFO perfrun.perfcollector <> - config: in_tx_cp: 0
287 [22719139669696] INFO perfrun.perfcollector <> - config1: ldlat: 0
287 [22719139669696] INFO perfrun.perfcollector <> - config: inv: 0
287 [22719139669696] INFO perfrun.perfcollector <> - config: umask: 2
287 [22719139669696] INFO perfrun.perfcollector <> - config: cmask: 0
287 [22719139669696] INFO perfrun.perfcollector <> - format: cpu/event=0xc7,umask=0x2,name='FP_ARITH_INST_RETIRED.SCALAR_SINGLE'/
287 [22719139669696] INFO perfrun.perfcollector <> - event name: FP_ARITH_INST_RETIRED.128B_PACKED_SINGLE
287 [22719139669696] INFO perfrun.perfcollector <> - pmu config: cpu
287 [22719139669696] INFO perfrun.perfcollector <> - cccrAddr: 187, cccrValue: 5308c7
287 [22719139669696] INFO perfrun.perfcollector <> - dataAddr: c2, dataValue: ffffffffffe17b7d
287 [22719139669696] INFO perfrun.perfcollector <> - escrAddr: ffffffff, escrValue: 0
287 [22719139669696] INFO perfrun.perfcollector <> - extendedPebsValue: 0
287 [22719139669696] INFO perfrun.perfcollector <> - adaptivePebsAvailable: 0
287 [22719139669696] INFO perfrun.perfcollector <> - config: event: c7
287 [22719139669696] INFO perfrun.perfcollector <> - config: pc: 0
287 [22719139669696] INFO perfrun.perfcollector <> - config: in_tx: 0
287 [22719139669696] INFO perfrun.perfcollector <> - config: edge: 0
287 [22719139669696] INFO perfrun.perfcollector <> - config: any: 0
287 [22719139669696] INFO perfrun.perfcollector <> - config1: offcore_rsp: 0
287 [22719139669696] INFO perfrun.perfcollector <> - config: in_tx_cp: 0
287 [22719139669696] INFO perfrun.perfcollector <> - config1: ldlat: 0
287 [22719139669696] INFO perfrun.perfcollector <> - config: inv: 0
287 [22719139669696] INFO perfrun.perfcollector <> - config: umask: 8
287 [22719139669696] INFO perfrun.perfcollector <> - config: cmask: 0
287 [22719139669696] INFO perfrun.perfcollector <> - format: cpu/event=0xc7,umask=0x8,name='FP_ARITH_INST_RETIRED.128B_PACKED_SINGLE'/
287 [22719139669696] INFO perfrun.perfcollector <> - event name: FP_ARITH_INST_RETIRED.256B_PACKED_SINGLE
287 [22719139669696] INFO perfrun.perfcollector <> - pmu config: cpu
287 [22719139669696] INFO perfrun.perfcollector <> - cccrAddr: 188, cccrValue: 5320c7
287 [22719139669696] INFO perfrun.perfcollector <> - dataAddr: c3, dataValue: ffffffffffe17b7d
287 [22719139669696] INFO perfrun.perfcollector <> - escrAddr: ffffffff, escrValue: 0
287 [22719139669696] INFO perfrun.perfcollector <> - extendedPebsValue: 0
287 [22719139669696] INFO perfrun.perfcollector <> - adaptivePebsAvailable: 0
287 [22719139669696] INFO perfrun.perfcollector <> - config: event: c7
287 [22719139669696] INFO perfrun.perfcollector <> - config: pc: 0
287 [22719139669696] INFO perfrun.perfcollector <> - config: in_tx: 0
287 [22719139669696] INFO perfrun.perfcollector <> - config: edge: 0
287 [22719139669696] INFO perfrun.perfcollector <> - config: any: 0
287 [22719139669696] INFO perfrun.perfcollector <> - config1: offcore_rsp: 0
287 [22719139669696] INFO perfrun.perfcollector <> - config: in_tx_cp: 0
287 [22719139669696] INFO perfrun.perfcollector <> - config1: ldlat: 0
287 [22719139669696] INFO perfrun.perfcollector <> - config: inv: 0
287 [22719139669696] INFO perfrun.perfcollector <> - config: umask: 20
287 [22719139669696] INFO perfrun.perfcollector <> - config: cmask: 0
287 [22719139669696] INFO perfrun.perfcollector <> - format: cpu/event=0xc7,umask=0x20,name='FP_ARITH_INST_RETIRED.256B_PACKED_SINGLE'/
287 [22719139669696] INFO perfrun.perfcollector <> - event name: FP_ARITH_INST_RETIRED.SCALAR_DOUBLE
287 [22719139669696] INFO perfrun.perfcollector <> - pmu config: cpu
287 [22719139669696] INFO perfrun.perfcollector <> - cccrAddr: 189, cccrValue: 5301c7
287 [22719139669696] INFO perfrun.perfcollector <> - dataAddr: c4, dataValue: ffffffffffe17b7d
287 [22719139669696] INFO perfrun.perfcollector <> - escrAddr: ffffffff, escrValue: 0
287 [22719139669696] INFO perfrun.perfcollector <> - extendedPebsValue: 0
287 [22719139669696] INFO perfrun.perfcollector <> - adaptivePebsAvailable: 0
287 [22719139669696] INFO perfrun.perfcollector <> - config: event: c7
287 [22719139669696] INFO perfrun.perfcollector <> - config: pc: 0
287 [22719139669696] INFO perfrun.perfcollector <> - config: in_tx: 0
287 [22719139669696] INFO perfrun.perfcollector <> - config: edge: 0
287 [22719139669696] INFO perfrun.perfcollector <> - config: any: 0
287 [22719139669696] INFO perfrun.perfcollector <> - config1: offcore_rsp: 0
287 [22719139669696] INFO perfrun.perfcollector <> - config: in_tx_cp: 0
287 [22719139669696] INFO perfrun.perfcollector <> - config1: ldlat: 0
287 [22719139669696] INFO perfrun.perfcollector <> - config: inv: 0
287 [22719139669696] INFO perfrun.perfcollector <> - config: umask: 1
287 [22719139669696] INFO perfrun.perfcollector <> - config: cmask: 0
287 [22719139669696] INFO perfrun.perfcollector <> - format: cpu/event=0xc7,umask=0x1,name='FP_ARITH_INST_RETIRED.SCALAR_DOUBLE'/
287 [22719139669696] INFO perfrun.perfcollector <> - event name: FP_ARITH_INST_RETIRED.128B_PACKED_DOUBLE
287 [22719139669696] INFO perfrun.perfcollector <> - pmu config: cpu
287 [22719139669696] INFO perfrun.perfcollector <> - cccrAddr: 186, cccrValue: 5304c7
287 [22719139669696] INFO perfrun.perfcollector <> - dataAddr: c1, dataValue: ffffffffffe17b7d
287 [22719139669696] INFO perfrun.perfcollector <> - escrAddr: ffffffff, escrValue: 0
287 [22719139669696] INFO perfrun.perfcollector <> - extendedPebsValue: 0
287 [22719139669696] INFO perfrun.perfcollector <> - adaptivePebsAvailable: 0
287 [22719139669696] INFO perfrun.perfcollector <> - config: event: c7
287 [22719139669696] INFO perfrun.perfcollector <> - config: pc: 0
287 [22719139669696] INFO perfrun.perfcollector <> - config: in_tx: 0
287 [22719139669696] INFO perfrun.perfcollector <> - config: edge: 0
287 [22719139669696] INFO perfrun.perfcollector <> - config: any: 0
287 [22719139669696] INFO perfrun.perfcollector <> - config1: offcore_rsp: 0
287 [22719139669696] INFO perfrun.perfcollector <> - config: in_tx_cp: 0
287 [22719139669696] INFO perfrun.perfcollector <> - config1: ldlat: 0
287 [22719139669696] INFO perfrun.perfcollector <> - config: inv: 0
287 [22719139669696] INFO perfrun.perfcollector <> - config: umask: 4
287 [22719139669696] INFO perfrun.perfcollector <> - config: cmask: 0
287 [22719139669696] INFO perfrun.perfcollector <> - format: cpu/event=0xc7,umask=0x4,name='FP_ARITH_INST_RETIRED.128B_PACKED_DOUBLE'/
287 [22719139669696] INFO perfrun.perfcollector <> - event name: FP_ARITH_INST_RETIRED.256B_PACKED_DOUBLE
287 [22719139669696] INFO perfrun.perfcollector <> - pmu config: cpu
287 [22719139669696] INFO perfrun.perfcollector <> - cccrAddr: 187, cccrValue: 5310c7
287 [22719139669696] INFO perfrun.perfcollector <> - dataAddr: c2, dataValue: ffffffffffe17b7d
287 [22719139669696] INFO perfrun.perfcollector <> - escrAddr: ffffffff, escrValue: 0
287 [22719139669696] INFO perfrun.perfcollector <> - extendedPebsValue: 0
287 [22719139669696] INFO perfrun.perfcollector <> - adaptivePebsAvailable: 0
287 [22719139669696] INFO perfrun.perfcollector <> - config: event: c7
287 [22719139669696] INFO perfrun.perfcollector <> - config: pc: 0
287 [22719139669696] INFO perfrun.perfcollector <> - config: in_tx: 0
287 [22719139669696] INFO perfrun.perfcollector <> - config: edge: 0
287 [22719139669696] INFO perfrun.perfcollector <> - config: any: 0
287 [22719139669696] INFO perfrun.perfcollector <> - config1: offcore_rsp: 0
287 [22719139669696] INFO perfrun.perfcollector <> - config: in_tx_cp: 0
287 [22719139669696] INFO perfrun.perfcollector <> - config1: ldlat: 0
287 [22719139669696] INFO perfrun.perfcollector <> - config: inv: 0
287 [22719139669696] INFO perfrun.perfcollector <> - config: umask: 10
287 [22719139669696] INFO perfrun.perfcollector <> - config: cmask: 0
287 [22719139669696] INFO perfrun.perfcollector <> - format: cpu/event=0xc7,umask=0x10,name='FP_ARITH_INST_RETIRED.256B_PACKED_DOUBLE'/
287 [22719139669696] INFO perfrun.perfcollector <> - event name: INST_RETIRED.X87
287 [22719139669696] INFO perfrun.perfcollector <> - pmu config: cpu
287 [22719139669696] INFO perfrun.perfcollector <> - cccrAddr: 18c, cccrValue: 5302c0
287 [22719139669696] INFO perfrun.perfcollector <> - dataAddr: c7, dataValue: ffffffffffe17b7d
287 [22719139669696] INFO perfrun.perfcollector <> - escrAddr: ffffffff, escrValue: 0
287 [22719139669696] INFO perfrun.perfcollector <> - extendedPebsValue: 0
287 [22719139669696] INFO perfrun.perfcollector <> - adaptivePebsAvailable: 0
287 [22719139669696] INFO perfrun.perfcollector <> - config: event: c0
287 [22719139669696] INFO perfrun.perfcollector <> - config: pc: 0
287 [22719139669696] INFO perfrun.perfcollector <> - config: in_tx: 0
287 [22719139669696] INFO perfrun.perfcollector <> - config: edge: 0
287 [22719139669696] INFO perfrun.perfcollector <> - config: any: 0
287 [22719139669696] INFO perfrun.perfcollector <> - config1: offcore_rsp: 0
287 [22719139669696] INFO perfrun.perfcollector <> - config: in_tx_cp: 0
287 [22719139669696] INFO perfrun.perfcollector <> - config1: ldlat: 0
287 [22719139669696] INFO perfrun.perfcollector <> - config: inv: 0
287 [22719139669696] INFO perfrun.perfcollector <> - config: umask: 2
287 [22719139669696] INFO perfrun.perfcollector <> - config: cmask: 0
287 [22719139669696] INFO perfrun.perfcollector <> - format: cpu/event=0xc0,umask=0x2,name='INST_RETIRED.X87'/
287 [22719139669696] INFO perfrun.perfcollector <> - event name: UOPS_RETIRED.RETIRE_SLOTS
287 [22719139669696] INFO perfrun.perfcollector <> - pmu config: cpu
287 [22719139669696] INFO perfrun.perfcollector <> - cccrAddr: 18d, cccrValue: 5302c2
287 [22719139669696] INFO perfrun.perfcollector <> - dataAddr: c8, dataValue: ffffffffffe17b7d
287 [22719139669696] INFO perfrun.perfcollector <> - escrAddr: ffffffff, escrValue: 0
287 [22719139669696] INFO perfrun.perfcollector <> - extendedPebsValue: 0
287 [22719139669696] INFO perfrun.perfcollector <> - adaptivePebsAvailable: 0
287 [22719139669696] INFO perfrun.perfcollector <> - config: event: c2
287 [22719139669696] INFO perfrun.perfcollector <> - config: pc: 0
287 [22719139669696] INFO perfrun.perfcollector <> - config: in_tx: 0
287 [22719139669696] INFO perfrun.perfcollector <> - config: edge: 0
287 [22719139669696] INFO perfrun.perfcollector <> - config: any: 0
287 [22719139669696] INFO perfrun.perfcollector <> - config1: offcore_rsp: 0
287 [22719139669696] INFO perfrun.perfcollector <> - config: in_tx_cp: 0
287 [22719139669696] INFO perfrun.perfcollector <> - config1: ldlat: 0
287 [22719139669696] INFO perfrun.perfcollector <> - config: inv: 0
287 [22719139669696] INFO perfrun.perfcollector <> - config: umask: 2
287 [22719139669696] INFO perfrun.perfcollector <> - config: cmask: 0
287 [22719139669696] INFO perfrun.perfcollector <> - format: cpu/event=0xc2,umask=0x2,name='UOPS_RETIRED.RETIRE_SLOTS'/
287 [22719139669696] INFO perfrun.perfcollector <> - event: cpu/event=0x3c,name='CPU_CLK_UNHALTED.THREAD'/Duk, added for counting
287 [22719139669696] INFO perfrun.perfcollector <> - event: cpu/umask=0x3,name='CPU_CLK_UNHALTED.REF_TSC'/Duk, added for counting
287 [22719139669696] INFO perfrun.perfcollector <> - event: cpu/event=0xc0,name='INST_RETIRED.ANY'/Duk, added for counting
287 [22719139669696] INFO perfrun.perfcollector <> - event: cpu/event=0x3c,umask=0x1,name='CPU_CLK_UNHALTED.REF_XCLK'/uk, added for counting
287 [22719139669696] INFO perfrun.perfcollector <> - event: cpu/event=0x3c,umask=0x2,name='CPU_CLK_UNHALTED.ONE_THREAD_ACTIVE'/uk, added for counting
287 [22719139669696] INFO perfrun.perfcollector <> - event: cpu/event=0xc7,umask=0x2,name='FP_ARITH_INST_RETIRED.SCALAR_SINGLE'/uk, added for counting
287 [22719139669696] INFO perfrun.perfcollector <> - event: cpu/event=0xc7,umask=0x8,name='FP_ARITH_INST_RETIRED.128B_PACKED_SINGLE'/uk, added for counting
287 [22719139669696] INFO perfrun.perfcollector <> - event: cpu/event=0xc7,umask=0x20,name='FP_ARITH_INST_RETIRED.256B_PACKED_SINGLE'/uk, added for counting
287 [22719139669696] INFO perfrun.perfcollector <> - event: cpu/event=0xc7,umask=0x1,name='FP_ARITH_INST_RETIRED.SCALAR_DOUBLE'/uk, added for counting
287 [22719139669696] INFO perfrun.perfcollector <> - event: cpu/event=0xc7,umask=0x4,name='FP_ARITH_INST_RETIRED.128B_PACKED_DOUBLE'/uk, added for counting
287 [22719139669696] INFO perfrun.perfcollector <> - event: cpu/event=0xc7,umask=0x10,name='FP_ARITH_INST_RETIRED.256B_PACKED_DOUBLE'/uk, added for counting
288 [22719139669696] INFO perfrun.perfcollector <> - event: cpu/event=0xc0,umask=0x2,name='INST_RETIRED.X87'/uk, added for counting
288 [22719139669696] INFO perfrun.perfcollector <> - event: cpu/event=0xc2,umask=0x2,name='UOPS_RETIRED.RETIRE_SLOTS'/uk, added for counting
288 [22719139669696] INFO perfrun.perfcollector <> - attaching to pid: 4294967295, collect mode: 1, rc modes: 3
303 [22719128622784] WARN perfrun.perfcollector <> - Perf stat trace pipe capacity: read = 1048576, write = 1048576, at file: vcs/perfrun1/plugins/perfcollector/src/profiler.cpp:765
313 [22719128622784] INFO perfrun.sdk <> - runCmd: /opt/intel/oneapi/vtune/2023.1.0/bin64/amplxe-perf stat -v --log-fd 10 --scale -x ; -e cpu/event=0x3c,name='CPU_CLK_UNHALTED.THREAD'/Duk,cpu/umask=0x3,name='CPU_CLK_UNHALTED.REF_TSC'/Duk,cpu/event=0xc0,name='INST_RETIRED.ANY'/Duk,cpu/event=0x3c,umask=0x1,name='CPU_CLK_UNHALTED.REF_XCLK'/uk,cpu/event=0x3c,umask=0x2,name='CPU_CLK_UNHALTED.ONE_THREAD_ACTIVE'/uk,cpu/event=0xc7,umask=0x2,name='FP_ARITH_INST_RETIRED.SCALAR_SINGLE'/uk,cpu/event=0xc7,umask=0x8,name='FP_ARITH_INST_RETIRED.128B_PACKED_SINGLE'/uk,cpu/event=0xc7,umask=0x20,name='FP_ARITH_INST_RETIRED.256B_PACKED_SINGLE'/uk,cpu/event=0xc7,umask=0x1,name='FP_ARITH_INST_RETIRED.SCALAR_DOUBLE'/uk,cpu/event=0xc7,umask=0x4,name='FP_ARITH_INST_RETIRED.128B_PACKED_DOUBLE'/uk,cpu/event=0xc7,umask=0x10,name='FP_ARITH_INST_RETIRED.256B_PACKED_DOUBLE'/uk,cpu/event=0xc0,umask=0x2,name='INST_RETIRED.X87'/uk,cpu/event=0xc2,umask=0x2,name='UOPS_RETIRED.RETIRE_SLOTS'/uk /opt/intel/oneapi/vtune/2023.1.0/bin64/amplxe-perf-sync dryrun sys
313 [22719128622784] INFO perfrun.sdk <> - runCmd started PID 2284369
500 [22719128622784] INFO perfrun.perfcollector <> - Monitor: runCmd RC = true
501 [22719139669696] INFO perfrun.launcher <> - plugin [aoclprofile] was disabled because it doesn't support the given collection type.
501 [22719139669696] INFO perfrun.tpss <> - initialize tpss controller
501 [22719139669696] INFO perfrun.tpss <> - configure collection mode: value = cpu:counters:nostack
501 [22719139669696] INFO perfrun.tpss <> - configure collection mode: value = cpu:stack
501 [22719139669696] INFO perfrun.tpss <> - default obj-size-min=1024
501 [22719139669696] INFO perfrun.tpss <> - default hash-table-size=0
501 [22719139669696] INFO perfrun.launcher <> - plugin [media] was disabled because it doesn't support the given collection type.
501 [22719139669696] INFO perfrun.launcher <> - plugin [] was disabled because it doesn't support the given collection type.
501 [22719139669696] INFO perfrun.launcher <> - plugin [] was disabled because it doesn't support the given collection type.
501 [22719139669696] INFO perfrun.launcher <> - plugin [parallelfs] was disabled because it doesn't support the given collection type.
501 [22719139669696] INFO perfrun.launcher <> - plugin [power] was disabled because it doesn't support the given collection type.
501 [22719139669696] INFO perfrun.launcher <> - plugin [hwloc] was disabled because it doesn't support the given collection type.
501 [22719139669696] INFO perfrun.launcher <> - plugin [ipmwatch] was disabled because it doesn't support the given collection type.
501 [22719139669696] INFO perfrun.launcher <> - plugin [os_counters] was disabled because it doesn't support the given collection type.
501 [22719139669696] INFO perfrun.launcher <> - plugin [l0_metrics] was disabled because it doesn't support the given collection type.
502 [22719282792320] INFO perfrun.launcher <> - set environment variable: LD_LIBRARY_PATH = /opt/intel/oneapi/vtune/2023.1.0/lib32/runtime:/opt/intel/oneapi/vtune/2023.1.0/lib64/runtime:/opt/intel/oneapi/tbb/2021.5.1/env/../lib/intel64/gcc4.8:/opt/intel/oneapi/mpi/2021.5.1//libfabric/lib:/opt/intel/oneapi/mpi/2021.5.1//lib/release:/opt/intel/oneapi/mpi/2021.5.1//lib:/opt/intel/oneapi/mkl/2022.0.2/lib/intel64:/opt/intel/oneapi/itac/2021.5.0/slib:/opt/intel/oneapi/debugger/2021.5.0/gdb/intel64/lib:/opt/intel/oneapi/debugger/2021.5.0/libipt/intel64/lib:/opt/intel/oneapi/debugger/2021.5.0/dep/lib:/opt/intel/oneapi/compiler/2022.0.2/linux/lib:/opt/intel/oneapi/compiler/2022.0.2/linux/lib/x64:/opt/intel/oneapi/compiler/2022.0.2/linux/lib/oclfpga/host/linux64/lib:/opt/intel/oneapi/compiler/2022.0.2/linux/compiler/lib/intel64_lin
502 [22719282792320] INFO perfrun.launcher <> - set environment variable: INTEL_LIBITTNOTIFY32 = /opt/intel/oneapi/vtune/2023.1.0/lib32/runtime/libittnotify_collector.so
502 [22719282792320] INFO perfrun.launcher <> - set environment variable: INTEL_LIBITTNOTIFY64 = /opt/intel/oneapi/vtune/2023.1.0/lib64/runtime/libittnotify_collector.so
502 [22719282792320] INFO perfrun.launcher <> - set environment variable: INTEL_ITTNOTIFY_GROUPS = 
502 [22719282792320] INFO perfrun.launcher <> - set environment variable: INTEL_JIT_PROFILER32 = /opt/intel/oneapi/vtune/2023.1.0/lib32/runtime/libittnotify_collector.so
502 [22719282792320] INFO perfrun.launcher <> - set environment variable: INTEL_JIT_PROFILER64 = /opt/intel/oneapi/vtune/2023.1.0/lib64/runtime/libittnotify_collector.so
502 [22719282792320] INFO perfrun.launcher <> - set environment variable: OMP_TOOL_LIBRARIES = /opt/intel/oneapi/vtune/2023.1.0/lib32/runtime/libittnotify_collector.so:/opt/intel/oneapi/vtune/2023.1.0/lib64/runtime/libittnotify_collector.so
502 [22719282792320] INFO perfrun.launcher <> - set environment variable: ENABLE_JITPROFILING = 1
502 [22719282792320] INFO perfrun.launcher <> - set environment variable: CL_CONFIG_USE_VTUNE = True
502 [22719282792320] INFO perfrun.launcher <> - set environment variable: LD_PRELOAD = libittnotify_collector.so:
502 [22719282792320] INFO perfrun.launcher <> - set environment variable: KMP_FORKJOIN_FRAMES = 0
502 [22719282792320] INFO perfrun.launcher <> - set environment variable: KMP_FORKJOIN_FRAMES_MODE = 0
502 [22719282792320] INFO perfrun.launcher <> - set environment variable: OMP_TOOL = disabled
502 [22719282792320] INFO perfrun.launcher <> - set environment variable: INTEL_MRTE_DATA_DIR = /home/course/hpc/users/2022012388/exp8/result.conv2/data.11
502 [22719282792320] INFO perfrun.launcher <> - set environment variable: INTEL_MRTE_HOST_NAME = conv2
502 [22719282792320] INFO perfrun.launcher <> - set environment variable: JAVA_TOOL_OPTIONS = -agentlib:amplxe_tpssmrte_javaprof_1.0 -Dsun.boot.library.path=/opt/intel/oneapi/vtune/2023.1.0/lib32/runtime:/opt/intel/oneapi/vtune/2023.1.0/lib64/runtime
502 [22719282792320] INFO perfrun.launcher <> - set environment variable: LD_LIBRARY_PATH = /opt/intel/oneapi/vtune/2023.1.0/lib32/runtime:/opt/intel/oneapi/vtune/2023.1.0/lib64/runtime:/opt/intel/oneapi/tbb/2021.5.1/env/../lib/intel64/gcc4.8:/opt/intel/oneapi/mpi/2021.5.1//libfabric/lib:/opt/intel/oneapi/mpi/2021.5.1//lib/release:/opt/intel/oneapi/mpi/2021.5.1//lib:/opt/intel/oneapi/mkl/2022.0.2/lib/intel64:/opt/intel/oneapi/itac/2021.5.0/slib:/opt/intel/oneapi/debugger/2021.5.0/gdb/intel64/lib:/opt/intel/oneapi/debugger/2021.5.0/libipt/intel64/lib:/opt/intel/oneapi/debugger/2021.5.0/dep/lib:/opt/intel/oneapi/compiler/2022.0.2/linux/lib:/opt/intel/oneapi/compiler/2022.0.2/linux/lib/x64:/opt/intel/oneapi/compiler/2022.0.2/linux/lib/oclfpga/host/linux64/lib:/opt/intel/oneapi/compiler/2022.0.2/linux/compiler/lib/intel64_lin
502 [22719282792320] INFO perfrun.launcher <> - set environment variable: CORECLR_ENABLE_PROFILING = 1
502 [22719282792320] INFO perfrun.launcher <> - set environment variable: CORECLR_PROFILER = {AA5E4821-E3B1-479c-B7FF-5AD047D22CED}
502 [22719282792320] INFO perfrun.launcher <> - set environment variable: CORECLR_PROFILER_PATH = /opt/intel/oneapi/vtune/2023.1.0/lib64/libamplxe_samplingmrte_clrprof_1.0.so
502 [22719282792320] INFO perfrun.launcher <> - set environment variable: INTEL_MRTE_PROFILER_MODE = mixed
502 [22719282792320] INFO perfrun.launcher <> - RpcServer: run RPC server to handle requests
503 [22719282792320] INFO perfrun.launcher <> - Launcher: command line to start before modification = ./run.sh 2022012388
503 [22719282792320] INFO perfrun.launcher <> - Launcher: command line to start after modification = /opt/intel/oneapi/vtune/2023.1.0/bin64/pin -error_file /home/course/hpc/users/2022012388/exp8/result.conv2/data.11/pinerr.tpsslog -detach_reattach -follow_execv -tool_load_option deepbind -t64 /opt/intel/oneapi/vtune/2023.1.0/lib64/libtpsstool.so -t /opt/intel/oneapi/vtune/2023.1.0/lib32/libtpsstool.so -server_name tpss_ipc.2284227 -prd_dir /opt/intel/oneapi/vtune/2023.1.0 -- ./run.sh 2022012388
604 [22719282792320] INFO perfrun.launcher <> - ProcessCreator object was created
605 [22719282792320] INFO perfrun.launcher <> - Launcher: the process was started in suspend mode
609 [22719139669696] WARN perfrun.system <> - Could not do anything with /sys/kernel/debug/kvm: boost::filesystem::status: Permission denied: "/sys/kernel/debug/kvm", at file: vcs/perfrun1/plugins/system/src/trace_writer.cpp:787
609 [22719139669696] WARN perfrun.system <> - Folder "/var/run/libvirt/qemu/"doesn't exist, at file: vcs/perfrun1/plugins/system/src/trace_writer.cpp:800
609 [22719139669696] INFO perfrun.itt <> - start itt controller for pid #2284475
609 [22719139669696] INFO perfrun.perfcollector <> - attaching to pid: 2284475, collect mode: 1, rc modes: 1
623 [22719122319040] WARN perfrun.perfcollector <> - Perf stat trace pipe capacity: read = 1048576, write = 1048576, at file: vcs/perfrun1/plugins/perfcollector/src/profiler.cpp:765
632 [22719122319040] INFO perfrun.sdk <> - runCmd: /opt/intel/oneapi/vtune/2023.1.0/bin64/amplxe-perf stat -v --log-fd 22 --control=fd:23,26 --scale -x ; -p 2284475 -e cpu/event=0x3c,name='CPU_CLK_UNHALTED.THREAD'/Duk,cpu/umask=0x3,name='CPU_CLK_UNHALTED.REF_TSC'/Duk,cpu/event=0xc0,name='INST_RETIRED.ANY'/Duk,cpu/event=0x3c,umask=0x1,name='CPU_CLK_UNHALTED.REF_XCLK'/uk,cpu/event=0x3c,umask=0x2,name='CPU_CLK_UNHALTED.ONE_THREAD_ACTIVE'/uk,cpu/event=0xc7,umask=0x2,name='FP_ARITH_INST_RETIRED.SCALAR_SINGLE'/uk,cpu/event=0xc7,umask=0x8,name='FP_ARITH_INST_RETIRED.128B_PACKED_SINGLE'/uk,cpu/event=0xc7,umask=0x20,name='FP_ARITH_INST_RETIRED.256B_PACKED_SINGLE'/uk,cpu/event=0xc7,umask=0x1,name='FP_ARITH_INST_RETIRED.SCALAR_DOUBLE'/uk,cpu/event=0xc7,umask=0x4,name='FP_ARITH_INST_RETIRED.128B_PACKED_DOUBLE'/uk,cpu/event=0xc7,umask=0x10,name='FP_ARITH_INST_RETIRED.256B_PACKED_DOUBLE'/uk,cpu/event=0xc0,umask=0x2,name='INST_RETIRED.X87'/uk,cpu/event=0xc2,umask=0x2,name='UOPS_RETIRED.RETIRE_SLOTS'/uk /opt/intel/oneapi/vtune/2023.1.0/bin64/amplxe-perf-sync sync sys
633 [22719122319040] INFO perfrun.sdk <> - runCmd started PID 2284535
800 [22719139669696] INFO perfrun.tpss <> - start tpss controller for pid #2284475
851 [22719282792320] INFO perfrun.launcher <> - Launcher: all plugins were started
851 [22719282792320] INFO perfrun.launcher <> - DirectoryMonitor object was created
851 [22719282792320] INFO perfrun.launcher <> - DirectoryMonitor: a callback was added
851 [22719282792320] INFO perfrun.launcher <> - DirectoryMonitor was started with pingTime = 1000
851 [22719282792320] INFO perfrun.launcher <> - DeadlineTimer is going to be constructed
851 [22719282792320] INFO perfrun.launcher <> - DeadlineTimer: a callback was added
852 [22719282792320] INFO perfrun.launcher <> - Launcher: resume the profiled application and  wait its termination or stop command
140984 [22719282792320] INFO perfrun.launcher <> - Launcher: the profiled application was terminated  with exit code = 1
141203 [22719139669696] INFO perfrun.itt <> - detach itt controller
141203 [22719139669696] INFO perfrun.itt <> - detach itt controller done
141204 [22719122319040] INFO perfrun.perfcollector <> - Monitor: runCmd RC = true
141205 [22719139669696] INFO perfrun.perfcollector <> - Monitor: state = 3, error = 1
141206 [22719139669696] INFO perfrun.tpss <> - stop tpss controller
141209 [22719139669696] INFO perfrun.sdk <> - De-allocating TMU: /home/course/hpc/users/2022012388/exp8/result.conv2/data.11/systemcollector-2284227-conv2.sc
141209 [22719139669696] INFO perfrun.system <> - closed the system trace file: /home/course/hpc/users/2022012388/exp8/result.conv2/data.11/systemcollector-2284227-conv2.sc
141209 [22719282792320] INFO perfrun.launcher <> - Launcher: all plugins were stopped.
141209 [22719282792320] INFO perfrun.launcher <> - DeadlineTimer is going to be destroyed
141209 [22719282792320] INFO perfrun.launcher <> - DeadlineTimer was destroyed
141209 [22719282792320] INFO perfrun.launcher <> - DirectoryMonitor object was destroyed
141209 [22719282792320] WARN perfrun.launcher <> - Stop command is ignored because it is received when collection is already stopped, at file: vcs/perfrun1/launcher/src/command_handler.cpp:226
141215 [22719282792320] INFO perfrun.launcher <> - Application exit code: 1
141215 [22719282792320] INFO perfrun.launcher <> - Exit code: 4
