14 [22555298371456] INFO perfrun.launcher <> - Launcher main begin
16 [22555298371456] INFO perfrun.launcher <> - MessageCatalogInit finished
16 [22555298371456] INFO perfrun.launcher <> - Launcher instance created
16 [22555298371456] INFO perfrun.launcher <> - argc = 7; cmdline = /opt/intel/oneapi/vtune/2023.1.0/bin64/amplxe-runss --ui-output-format xml --ui-output-fd 5 --option-file /home/course/hpc/users/2022012388/exp8/result.conv2/config/runss.options.30 
99 [22555298371456] INFO perfrun.launcher <> - create msngr2::ICliToolContext
99 [22555298371456] INFO perfrun.launcher <> - create file finder object
99 [22555298371456] INFO perfrun.launcher <> - create a result directory: pattern = /home/course/hpc/users/2022012388/exp8/result.conv2 pid = 4294967295
101 [22555298371456] INFO perfrun.sdk <> - checked that the directory /home/course/hpc/users/2022012388/exp8/result.conv2 is a local directory
101 [22555298371456] INFO perfrun.sdk <> - the directory /home/course/hpc/users/2022012388/exp8/result.conv2 is located on a share or its FS ID is unknown 26985
101 [22555298371456] INFO perfrun.sdk <> - checked that the directory /tmp/amplxe-tmp-2022012388 is a local directory
101 [22555298371456] INFO perfrun.sdk <> - the directory /tmp/amplxe-tmp-2022012388 is located on a share or its FS ID is unknown 2035054128
103 [22555298371456] INFO perfrun.launcher <> - create data directory = /home/course/hpc/users/2022012388/exp8/result.conv2/data.30
103 [22555298371456] INFO perfrun.launcher <> - Creating the master collection flag
103 [22555298371456] INFO perfrun.launcher <> - Done creating the master collection flag
106 [22555154966208] INFO perfrun.launcher <> - plugin [remoteplug] was disabled because it doesn't support the given collection type.
106 [22555154966208] INFO perfrun.sdk <> - Allocating TMU :/home/course/hpc/users/2022012388/exp8/result.conv2/data.30/systemcollector-2287880-conv2.sc
107 [22555154966208] INFO perfrun.launcher <> - plugin [vdso] was disabled because it doesn't support the given collection type.
107 [22555154966208] INFO perfrun.launcher <> - plugin [ptracecollector] was disabled because it doesn't support the given collection type.
107 [22555154966208] INFO perfrun.launcher <> - plugin [gpu] was disabled because it doesn't support the given collection type.
107 [22555154966208] INFO perfrun.launcher <> - plugin [] was disabled because it doesn't support the given collection type.
107 [22555154966208] INFO perfrun.launcher <> - plugin [] was disabled because it doesn't support the given collection type.
108 [22555154966208] INFO perfrun.launcher <> - plugin [] was disabled because it doesn't support the given collection type.
108 [22555154966208] INFO perfrun.mrte <> - system-wide mode is 0
108 [22555154966208] INFO perfrun.mrte <> - Getting  mrte profiling environment ...
123 [22555154966208] INFO perfrun.mrte <> - INTEL_MRTE_DATA_DIR=/home/course/hpc/users/2022012388/exp8/result.conv2/data.30
123 [22555154966208] INFO perfrun.mrte <> - INTEL_MRTE_HOST_NAME=conv2
123 [22555154966208] INFO perfrun.mrte <> - JAVA_TOOL_OPTIONS=-agentlib:amplxe_tpssmrte_javaprof_1.0 -Dsun.boot.library.path=/opt/intel/oneapi/vtune/2023.1.0/lib32/runtime:/opt/intel/oneapi/vtune/2023.1.0/lib64/runtime
123 [22555154966208] INFO perfrun.mrte <> - LD_LIBRARY_PATH=/opt/intel/oneapi/vtune/2023.1.0/lib32/runtime:/opt/intel/oneapi/vtune/2023.1.0/lib64/runtime:/opt/intel/oneapi/tbb/2021.5.1/env/../lib/intel64/gcc4.8:/opt/intel/oneapi/mpi/2021.5.1//libfabric/lib:/opt/intel/oneapi/mpi/2021.5.1//lib/release:/opt/intel/oneapi/mpi/2021.5.1//lib:/opt/intel/oneapi/mkl/2022.0.2/lib/intel64:/opt/intel/oneapi/itac/2021.5.0/slib:/opt/intel/oneapi/debugger/2021.5.0/gdb/intel64/lib:/opt/intel/oneapi/debugger/2021.5.0/libipt/intel64/lib:/opt/intel/oneapi/debugger/2021.5.0/dep/lib:/opt/intel/oneapi/compiler/2022.0.2/linux/lib:/opt/intel/oneapi/compiler/2022.0.2/linux/lib/x64:/opt/intel/oneapi/compiler/2022.0.2/linux/lib/oclfpga/host/linux64/lib:/opt/intel/oneapi/compiler/2022.0.2/linux/compiler/lib/intel64_lin
123 [22555154966208] INFO perfrun.mrte <> - CORECLR_ENABLE_PROFILING=1
123 [22555154966208] INFO perfrun.mrte <> - CORECLR_PROFILER={AA5E4821-E3B1-479c-B7FF-5AD047D22CED}
123 [22555154966208] INFO perfrun.mrte <> - CORECLR_PROFILER_PATH=/opt/intel/oneapi/vtune/2023.1.0/lib64/libamplxe_samplingmrte_clrprof_1.0.so
123 [22555154966208] INFO perfrun.mrte <> - INTEL_MRTE_PROFILER_MODE=mixed
123 [22555154966208] INFO perfrun.mrte <> - Data directory: /home/course/hpc/users/2022012388/exp8/result.conv2/data.30
123 [22555154966208] INFO perfrun.mrte <> - Mrte plugin is initialized
123 [22555154966208] INFO perfrun.launcher <> - plugin [emon] was disabled because it doesn't support the given collection type.
123 [22555154966208] INFO perfrun.launcher <> - plugin [cuscol] was disabled because it doesn't support the given collection type.
123 [22555154966208] INFO perfrun.launcher <> - plugin [stdsrc] was disabled because it doesn't support the given collection type.
123 [22555154966208] INFO perfrun.launcher <> - plugin [sep] was disabled because it doesn't support the given collection type.
123 [22555154966208] INFO perfrun.launcher <> - plugin [vtsspp] was disabled because it doesn't support the given collection type.
123 [22555154966208] INFO perfrun.sdk <> - Reading value (0) from file: /proc/sys/kernel/perf_event_paranoid
123 [22555154966208] INFO perfrun.perfcollector <> - checking access to: /opt/intel/oneapi/vtune/2023.1.0/bin64/amplxe-perf-priv
126 [22555154966208] INFO perfrun.perfcollector <> - cpu: family = 6 model = 79
126 [22555154966208] INFO perfrun.perfcollector <> - dir found: /sys/bus/event_source/devices/software
126 [22555154966208] INFO perfrun.perfcollector <> - format: pmu format subdir doesn't exist
126 [22555154966208] INFO perfrun.perfcollector <> - hwInfo: not set, pmuFam: software
126 [22555154966208] INFO perfrun.perfcollector <> - pmu added: family: software, id: 0
126 [22555154966208] INFO perfrun.perfcollector <> - dir found: /sys/bus/event_source/devices/uncore_imc_5
126 [22555154966208] INFO perfrun.perfcollector <> - format: event config:0-7 mask:0-7
126 [22555154966208] INFO perfrun.perfcollector <> - format: edge config:18 mask:18
126 [22555154966208] INFO perfrun.perfcollector <> - format: inv config:23 mask:23
126 [22555154966208] INFO perfrun.perfcollector <> - format: umask config:8-15 mask:8-15
126 [22555154966208] INFO perfrun.perfcollector <> - format: thresh config:24-31 mask:24-31
126 [22555154966208] INFO perfrun.perfcollector <> - hwInfo: PERF_IMC_PMU_DETAILS
126 [22555154966208] INFO perfrun.perfcollector <> - pmu added: family: uncore_imc, id: 5
126 [22555154966208] INFO perfrun.perfcollector <> - dir found: /sys/bus/event_source/devices/uncore_sbox_2
126 [22555154966208] INFO perfrun.perfcollector <> - format: event config:0-7 mask:0-7
126 [22555154966208] INFO perfrun.perfcollector <> - format: edge config:18 mask:18
126 [22555154966208] INFO perfrun.perfcollector <> - format: inv config:23 mask:23
126 [22555154966208] INFO perfrun.perfcollector <> - format: umask config:8-15 mask:8-15
126 [22555154966208] INFO perfrun.perfcollector <> - format: tid_en config:19 mask:19
126 [22555154966208] INFO perfrun.perfcollector <> - format: thresh config:24-31 mask:24-31
126 [22555154966208] INFO perfrun.perfcollector <> - hwInfo: not set, pmuFam: uncore_sbox
126 [22555154966208] INFO perfrun.perfcollector <> - pmu added: family: uncore_sbox, id: 2
126 [22555154966208] INFO perfrun.perfcollector <> - dir found: /sys/bus/event_source/devices/uncore_cbox_8
126 [22555154966208] INFO perfrun.perfcollector <> - format: event config:0-7 mask:0-7
126 [22555154966208] INFO perfrun.perfcollector <> - format: filter_link config1:6-8 mask:6-8
126 [22555154966208] INFO perfrun.perfcollector <> - format: filter_c6 config1:61 mask:61
126 [22555154966208] INFO perfrun.perfcollector <> - format: edge config:18 mask:18
126 [22555154966208] INFO perfrun.perfcollector <> - format: filter_isoc config1:63 mask:63
126 [22555154966208] INFO perfrun.perfcollector <> - format: filter_tid config1:0-5 mask:0-5
126 [22555154966208] INFO perfrun.perfcollector <> - format: filter_nid config1:32-47 mask:32-47
127 [22555154966208] INFO perfrun.perfcollector <> - format: filter_nc config1:62 mask:62
127 [22555154966208] INFO perfrun.perfcollector <> - format: umask config:8-15 mask:8-15
127 [22555154966208] INFO perfrun.perfcollector <> - format: tid_en config:19 mask:19
127 [22555154966208] INFO perfrun.perfcollector <> - format: thresh config:24-31 mask:24-31
127 [22555154966208] INFO perfrun.perfcollector <> - format: filter_state config1:17-23 mask:17-23
127 [22555154966208] INFO perfrun.perfcollector <> - format: filter_opc config1:52-60 mask:52-60
127 [22555154966208] INFO perfrun.perfcollector <> - hwInfo: PERF_CBOX_PMU_DETAILS
127 [22555154966208] INFO perfrun.perfcollector <> - pmu added: family: uncore_cbox, id: 8
127 [22555154966208] INFO perfrun.perfcollector <> - dir found: /sys/bus/event_source/devices/uncore_cbox_13
127 [22555154966208] INFO perfrun.perfcollector <> - format: event config:0-7 mask:0-7
127 [22555154966208] INFO perfrun.perfcollector <> - format: filter_link config1:6-8 mask:6-8
127 [22555154966208] INFO perfrun.perfcollector <> - format: filter_c6 config1:61 mask:61
127 [22555154966208] INFO perfrun.perfcollector <> - format: edge config:18 mask:18
127 [22555154966208] INFO perfrun.perfcollector <> - format: filter_isoc config1:63 mask:63
127 [22555154966208] INFO perfrun.perfcollector <> - format: filter_tid config1:0-5 mask:0-5
127 [22555154966208] INFO perfrun.perfcollector <> - format: filter_nid config1:32-47 mask:32-47
127 [22555154966208] INFO perfrun.perfcollector <> - format: filter_nc config1:62 mask:62
127 [22555154966208] INFO perfrun.perfcollector <> - format: umask config:8-15 mask:8-15
127 [22555154966208] INFO perfrun.perfcollector <> - format: tid_en config:19 mask:19
127 [22555154966208] INFO perfrun.perfcollector <> - format: thresh config:24-31 mask:24-31
127 [22555154966208] INFO perfrun.perfcollector <> - format: filter_state config1:17-23 mask:17-23
127 [22555154966208] INFO perfrun.perfcollector <> - format: filter_opc config1:52-60 mask:52-60
127 [22555154966208] INFO perfrun.perfcollector <> - hwInfo: PERF_CBOX_PMU_DETAILS
127 [22555154966208] INFO perfrun.perfcollector <> - pmu added: family: uncore_cbox, id: 13
127 [22555154966208] INFO perfrun.perfcollector <> - dir found: /sys/bus/event_source/devices/uncore_r2pcie
127 [22555154966208] INFO perfrun.perfcollector <> - format: event config:0-7 mask:0-7
127 [22555154966208] INFO perfrun.perfcollector <> - format: edge config:18 mask:18
127 [22555154966208] INFO perfrun.perfcollector <> - format: inv config:23 mask:23
127 [22555154966208] INFO perfrun.perfcollector <> - format: umask config:8-15 mask:8-15
127 [22555154966208] INFO perfrun.perfcollector <> - format: thresh config:24-31 mask:24-31
127 [22555154966208] INFO perfrun.perfcollector <> - hwInfo: not set, pmuFam: uncore_r2pcie
127 [22555154966208] INFO perfrun.perfcollector <> - pmu added: family: uncore_r2pcie, id: 0
127 [22555154966208] INFO perfrun.perfcollector <> - dir found: /sys/bus/event_source/devices/uncore_sbox_0
127 [22555154966208] INFO perfrun.perfcollector <> - format: event config:0-7 mask:0-7
127 [22555154966208] INFO perfrun.perfcollector <> - format: edge config:18 mask:18
127 [22555154966208] INFO perfrun.perfcollector <> - format: inv config:23 mask:23
128 [22555154966208] INFO perfrun.perfcollector <> - format: umask config:8-15 mask:8-15
128 [22555154966208] INFO perfrun.perfcollector <> - format: tid_en config:19 mask:19
128 [22555154966208] INFO perfrun.perfcollector <> - format: thresh config:24-31 mask:24-31
128 [22555154966208] INFO perfrun.perfcollector <> - hwInfo: not set, pmuFam: uncore_sbox
128 [22555154966208] INFO perfrun.perfcollector <> - pmu added: family: uncore_sbox, id: 0
128 [22555154966208] INFO perfrun.perfcollector <> - dir found: /sys/bus/event_source/devices/uncore_qpi_1
128 [22555154966208] INFO perfrun.perfcollector <> - format: mask_rnid4 config2:31 mask:31
128 [22555154966208] INFO perfrun.perfcollector <> - format: mask_rnid30 config2:32-35 mask:32-35
128 [22555154966208] INFO perfrun.perfcollector <> - format: match_rnid30 config1:32-35 mask:32-35
128 [22555154966208] INFO perfrun.perfcollector <> - format: event config:0-7,21 mask:0-7,21
128 [22555154966208] INFO perfrun.perfcollector <> - format: match0 config1:0-31 mask:0-31
128 [22555154966208] INFO perfrun.perfcollector <> - format: match_rds config1:48-51 mask:48-51
128 [22555154966208] INFO perfrun.perfcollector <> - format: mask_rds config2:48-51 mask:48-51
128 [22555154966208] INFO perfrun.perfcollector <> - format: edge config:18 mask:18
128 [22555154966208] INFO perfrun.perfcollector <> - format: mask1 config2:32-63 mask:32-63
128 [22555154966208] INFO perfrun.perfcollector <> - format: match_dnid config1:13-17 mask:13-17
128 [22555154966208] INFO perfrun.perfcollector <> - format: mask_dnid config2:13-17 mask:13-17
128 [22555154966208] INFO perfrun.perfcollector <> - format: match_vnw config1:3-4 mask:3-4
128 [22555154966208] INFO perfrun.perfcollector <> - format: mask_vnw config2:3-4 mask:3-4
128 [22555154966208] INFO perfrun.perfcollector <> - format: mask_mc config2:9-12 mask:9-12
128 [22555154966208] INFO perfrun.perfcollector <> - format: match1 config1:32-63 mask:32-63
128 [22555154966208] INFO perfrun.perfcollector <> - format: inv config:23 mask:23
128 [22555154966208] INFO perfrun.perfcollector <> - format: umask config:8-15 mask:8-15
128 [22555154966208] INFO perfrun.perfcollector <> - format: match_opc config1:5-8 mask:5-8
128 [22555154966208] INFO perfrun.perfcollector <> - format: mask_opc config2:5-8 mask:5-8
128 [22555154966208] INFO perfrun.perfcollector <> - format: thresh config:24-31 mask:24-31
128 [22555154966208] INFO perfrun.perfcollector <> - format: match_rnid4 config1:31 mask:31
128 [22555154966208] INFO perfrun.perfcollector <> - format: mask0 config2:0-31 mask:0-31
128 [22555154966208] INFO perfrun.perfcollector <> - format: match_mc config1:9-12 mask:9-12
128 [22555154966208] INFO perfrun.perfcollector <> - hwInfo: PERF_QPI_PMU_DETAILS
128 [22555154966208] INFO perfrun.perfcollector <> - pmu added: family: uncore_qpi, id: 1
128 [22555154966208] INFO perfrun.perfcollector <> - dir found: /sys/bus/event_source/devices/uncore_cbox_6
128 [22555154966208] INFO perfrun.perfcollector <> - format: event config:0-7 mask:0-7
128 [22555154966208] INFO perfrun.perfcollector <> - format: filter_link config1:6-8 mask:6-8
128 [22555154966208] INFO perfrun.perfcollector <> - format: filter_c6 config1:61 mask:61
128 [22555154966208] INFO perfrun.perfcollector <> - format: edge config:18 mask:18
128 [22555154966208] INFO perfrun.perfcollector <> - format: filter_isoc config1:63 mask:63
128 [22555154966208] INFO perfrun.perfcollector <> - format: filter_tid config1:0-5 mask:0-5
128 [22555154966208] INFO perfrun.perfcollector <> - format: filter_nid config1:32-47 mask:32-47
128 [22555154966208] INFO perfrun.perfcollector <> - format: filter_nc config1:62 mask:62
128 [22555154966208] INFO perfrun.perfcollector <> - format: umask config:8-15 mask:8-15
128 [22555154966208] INFO perfrun.perfcollector <> - format: tid_en config:19 mask:19
128 [22555154966208] INFO perfrun.perfcollector <> - format: thresh config:24-31 mask:24-31
128 [22555154966208] INFO perfrun.perfcollector <> - format: filter_state config1:17-23 mask:17-23
129 [22555154966208] INFO perfrun.perfcollector <> - format: filter_opc config1:52-60 mask:52-60
129 [22555154966208] INFO perfrun.perfcollector <> - hwInfo: PERF_CBOX_PMU_DETAILS
129 [22555154966208] INFO perfrun.perfcollector <> - pmu added: family: uncore_cbox, id: 6
129 [22555154966208] INFO perfrun.perfcollector <> - dir found: /sys/bus/event_source/devices/uncore_imc_1
129 [22555154966208] INFO perfrun.perfcollector <> - format: event config:0-7 mask:0-7
129 [22555154966208] INFO perfrun.perfcollector <> - format: edge config:18 mask:18
129 [22555154966208] INFO perfrun.perfcollector <> - format: inv config:23 mask:23
129 [22555154966208] INFO perfrun.perfcollector <> - format: umask config:8-15 mask:8-15
129 [22555154966208] INFO perfrun.perfcollector <> - format: thresh config:24-31 mask:24-31
129 [22555154966208] INFO perfrun.perfcollector <> - hwInfo: PERF_IMC_PMU_DETAILS
129 [22555154966208] INFO perfrun.perfcollector <> - pmu added: family: uncore_imc, id: 1
129 [22555154966208] INFO perfrun.perfcollector <> - dir found: /sys/bus/event_source/devices/power
129 [22555154966208] INFO perfrun.perfcollector <> - format: event config:0-7 mask:0-7
129 [22555154966208] INFO perfrun.perfcollector <> - hwInfo: not set, pmuFam: power
129 [22555154966208] INFO perfrun.perfcollector <> - pmu added: family: power, id: 0
129 [22555154966208] INFO perfrun.perfcollector <> - dir found: /sys/bus/event_source/devices/uncore_cbox_11
129 [22555154966208] INFO perfrun.perfcollector <> - format: event config:0-7 mask:0-7
129 [22555154966208] INFO perfrun.perfcollector <> - format: filter_link config1:6-8 mask:6-8
129 [22555154966208] INFO perfrun.perfcollector <> - format: filter_c6 config1:61 mask:61
129 [22555154966208] INFO perfrun.perfcollector <> - format: edge config:18 mask:18
129 [22555154966208] INFO perfrun.perfcollector <> - format: filter_isoc config1:63 mask:63
129 [22555154966208] INFO perfrun.perfcollector <> - format: filter_tid config1:0-5 mask:0-5
129 [22555154966208] INFO perfrun.perfcollector <> - format: filter_nid config1:32-47 mask:32-47
129 [22555154966208] INFO perfrun.perfcollector <> - format: filter_nc config1:62 mask:62
129 [22555154966208] INFO perfrun.perfcollector <> - format: umask config:8-15 mask:8-15
129 [22555154966208] INFO perfrun.perfcollector <> - format: tid_en config:19 mask:19
129 [22555154966208] INFO perfrun.perfcollector <> - format: thresh config:24-31 mask:24-31
129 [22555154966208] INFO perfrun.perfcollector <> - format: filter_state config1:17-23 mask:17-23
129 [22555154966208] INFO perfrun.perfcollector <> - format: filter_opc config1:52-60 mask:52-60
129 [22555154966208] INFO perfrun.perfcollector <> - hwInfo: PERF_CBOX_PMU_DETAILS
129 [22555154966208] INFO perfrun.perfcollector <> - pmu added: family: uncore_cbox, id: 11
129 [22555154966208] INFO perfrun.perfcollector <> - dir found: /sys/bus/event_source/devices/uncore_cbox_4
129 [22555154966208] INFO perfrun.perfcollector <> - format: event config:0-7 mask:0-7
129 [22555154966208] INFO perfrun.perfcollector <> - format: filter_link config1:6-8 mask:6-8
129 [22555154966208] INFO perfrun.perfcollector <> - format: filter_c6 config1:61 mask:61
129 [22555154966208] INFO perfrun.perfcollector <> - format: edge config:18 mask:18
129 [22555154966208] INFO perfrun.perfcollector <> - format: filter_isoc config1:63 mask:63
129 [22555154966208] INFO perfrun.perfcollector <> - format: filter_tid config1:0-5 mask:0-5
129 [22555154966208] INFO perfrun.perfcollector <> - format: filter_nid config1:32-47 mask:32-47
129 [22555154966208] INFO perfrun.perfcollector <> - format: filter_nc config1:62 mask:62
129 [22555154966208] INFO perfrun.perfcollector <> - format: umask config:8-15 mask:8-15
129 [22555154966208] INFO perfrun.perfcollector <> - format: tid_en config:19 mask:19
129 [22555154966208] INFO perfrun.perfcollector <> - format: thresh config:24-31 mask:24-31
129 [22555154966208] INFO perfrun.perfcollector <> - format: filter_state config1:17-23 mask:17-23
129 [22555154966208] INFO perfrun.perfcollector <> - format: filter_opc config1:52-60 mask:52-60
129 [22555154966208] INFO perfrun.perfcollector <> - hwInfo: PERF_CBOX_PMU_DETAILS
130 [22555154966208] INFO perfrun.perfcollector <> - pmu added: family: uncore_cbox, id: 4
130 [22555154966208] INFO perfrun.perfcollector <> - dir found: /sys/bus/event_source/devices/uprobe
130 [22555154966208] INFO perfrun.perfcollector <> - format: ref_ctr_offset config:32-63 mask:32-63
130 [22555154966208] INFO perfrun.perfcollector <> - format: retprobe config:0 mask:0
130 [22555154966208] INFO perfrun.perfcollector <> - hwInfo: not set, pmuFam: uprobe
130 [22555154966208] INFO perfrun.perfcollector <> - pmu added: family: uprobe, id: 0
130 [22555154966208] INFO perfrun.perfcollector <> - dir found: /sys/bus/event_source/devices/intel_bts
130 [22555154966208] INFO perfrun.perfcollector <> - format: pmu format subdir doesn't exist
130 [22555154966208] INFO perfrun.perfcollector <> - hwInfo: not set, pmuFam: intel_bts
130 [22555154966208] INFO perfrun.perfcollector <> - pmu added: family: intel_bts, id: 0
130 [22555154966208] INFO perfrun.perfcollector <> - dir found: /sys/bus/event_source/devices/cpu
130 [22555154966208] INFO perfrun.perfcollector <> - format: event config:0-7 mask:0-7
130 [22555154966208] INFO perfrun.perfcollector <> - format: pc config:19 mask:19
130 [22555154966208] INFO perfrun.perfcollector <> - format: in_tx config:32 mask:32
130 [22555154966208] INFO perfrun.perfcollector <> - format: edge config:18 mask:18
130 [22555154966208] INFO perfrun.perfcollector <> - format: any config:21 mask:21
130 [22555154966208] INFO perfrun.perfcollector <> - format: offcore_rsp config1:0-63 mask:0-63
130 [22555154966208] INFO perfrun.perfcollector <> - format: in_tx_cp config:33 mask:33
130 [22555154966208] INFO perfrun.perfcollector <> - format: ldlat config1:0-15 mask:0-15
130 [22555154966208] INFO perfrun.perfcollector <> - format: inv config:23 mask:23
130 [22555154966208] INFO perfrun.perfcollector <> - format: umask config:8-15 mask:8-15
130 [22555154966208] INFO perfrun.perfcollector <> - format: cmask config:24-31 mask:24-31
130 [22555154966208] INFO perfrun.perfcollector <> - hwInfo: PERF_CPU_PMU_DETAILS
130 [22555154966208] INFO perfrun.perfcollector <> - pmu added: family: cpu, id: 0
130 [22555154966208] INFO perfrun.perfcollector <> - dir found: /sys/bus/event_source/devices/uncore_r3qpi_0
130 [22555154966208] INFO perfrun.perfcollector <> - format: event config:0-7 mask:0-7
130 [22555154966208] INFO perfrun.perfcollector <> - format: edge config:18 mask:18
130 [22555154966208] INFO perfrun.perfcollector <> - format: inv config:23 mask:23
130 [22555154966208] INFO perfrun.perfcollector <> - format: umask config:8-15 mask:8-15
130 [22555154966208] INFO perfrun.perfcollector <> - format: thresh config:24-31 mask:24-31
130 [22555154966208] INFO perfrun.perfcollector <> - hwInfo: not set, pmuFam: uncore_r3qpi
130 [22555154966208] INFO perfrun.perfcollector <> - pmu added: family: uncore_r3qpi, id: 0
130 [22555154966208] INFO perfrun.perfcollector <> - dir found: /sys/bus/event_source/devices/cstate_core
130 [22555154966208] INFO perfrun.perfcollector <> - format: event config:0-63 mask:0-63
130 [22555154966208] INFO perfrun.perfcollector <> - hwInfo: not set, pmuFam: cstate_core
130 [22555154966208] INFO perfrun.perfcollector <> - pmu added: family: cstate_core, id: 0
130 [22555154966208] INFO perfrun.perfcollector <> - dir found: /sys/bus/event_source/devices/uncore_cbox_2
130 [22555154966208] INFO perfrun.perfcollector <> - format: event config:0-7 mask:0-7
130 [22555154966208] INFO perfrun.perfcollector <> - format: filter_link config1:6-8 mask:6-8
130 [22555154966208] INFO perfrun.perfcollector <> - format: filter_c6 config1:61 mask:61
130 [22555154966208] INFO perfrun.perfcollector <> - format: edge config:18 mask:18
130 [22555154966208] INFO perfrun.perfcollector <> - format: filter_isoc config1:63 mask:63
130 [22555154966208] INFO perfrun.perfcollector <> - format: filter_tid config1:0-5 mask:0-5
130 [22555154966208] INFO perfrun.perfcollector <> - format: filter_nid config1:32-47 mask:32-47
130 [22555154966208] INFO perfrun.perfcollector <> - format: filter_nc config1:62 mask:62
130 [22555154966208] INFO perfrun.perfcollector <> - format: umask config:8-15 mask:8-15
131 [22555154966208] INFO perfrun.perfcollector <> - format: tid_en config:19 mask:19
131 [22555154966208] INFO perfrun.perfcollector <> - format: thresh config:24-31 mask:24-31
131 [22555154966208] INFO perfrun.perfcollector <> - format: filter_state config1:17-23 mask:17-23
131 [22555154966208] INFO perfrun.perfcollector <> - format: filter_opc config1:52-60 mask:52-60
131 [22555154966208] INFO perfrun.perfcollector <> - hwInfo: PERF_CBOX_PMU_DETAILS
131 [22555154966208] INFO perfrun.perfcollector <> - pmu added: family: uncore_cbox, id: 2
131 [22555154966208] INFO perfrun.perfcollector <> - dir found: /sys/bus/event_source/devices/breakpoint
131 [22555154966208] INFO perfrun.perfcollector <> - format: pmu format subdir doesn't exist
131 [22555154966208] INFO perfrun.perfcollector <> - hwInfo: not set, pmuFam: breakpoint
131 [22555154966208] INFO perfrun.perfcollector <> - pmu added: family: breakpoint, id: 0
131 [22555154966208] INFO perfrun.perfcollector <> - dir found: /sys/bus/event_source/devices/uncore_ha_0
131 [22555154966208] INFO perfrun.perfcollector <> - format: event config:0-7 mask:0-7
131 [22555154966208] INFO perfrun.perfcollector <> - format: edge config:18 mask:18
131 [22555154966208] INFO perfrun.perfcollector <> - format: inv config:23 mask:23
131 [22555154966208] INFO perfrun.perfcollector <> - format: umask config:8-15 mask:8-15
131 [22555154966208] INFO perfrun.perfcollector <> - format: thresh config:24-31 mask:24-31
131 [22555154966208] INFO perfrun.perfcollector <> - hwInfo: not set, pmuFam: uncore_ha
131 [22555154966208] INFO perfrun.perfcollector <> - pmu added: family: uncore_ha, id: 0
131 [22555154966208] INFO perfrun.perfcollector <> - dir found: /sys/bus/event_source/devices/uncore_cbox_0
131 [22555154966208] INFO perfrun.perfcollector <> - format: event config:0-7 mask:0-7
131 [22555154966208] INFO perfrun.perfcollector <> - format: filter_link config1:6-8 mask:6-8
131 [22555154966208] INFO perfrun.perfcollector <> - format: filter_c6 config1:61 mask:61
131 [22555154966208] INFO perfrun.perfcollector <> - format: edge config:18 mask:18
131 [22555154966208] INFO perfrun.perfcollector <> - format: filter_isoc config1:63 mask:63
131 [22555154966208] INFO perfrun.perfcollector <> - format: filter_tid config1:0-5 mask:0-5
131 [22555154966208] INFO perfrun.perfcollector <> - format: filter_nid config1:32-47 mask:32-47
131 [22555154966208] INFO perfrun.perfcollector <> - format: filter_nc config1:62 mask:62
131 [22555154966208] INFO perfrun.perfcollector <> - format: umask config:8-15 mask:8-15
131 [22555154966208] INFO perfrun.perfcollector <> - format: tid_en config:19 mask:19
131 [22555154966208] INFO perfrun.perfcollector <> - format: thresh config:24-31 mask:24-31
131 [22555154966208] INFO perfrun.perfcollector <> - format: filter_state config1:17-23 mask:17-23
131 [22555154966208] INFO perfrun.perfcollector <> - format: filter_opc config1:52-60 mask:52-60
131 [22555154966208] INFO perfrun.perfcollector <> - hwInfo: PERF_CBOX_PMU_DETAILS
131 [22555154966208] INFO perfrun.perfcollector <> - pmu added: family: uncore_cbox, id: 0
131 [22555154966208] INFO perfrun.perfcollector <> - dir found: /sys/bus/event_source/devices/tracepoint
131 [22555154966208] INFO perfrun.perfcollector <> - format: pmu format subdir doesn't exist
131 [22555154966208] INFO perfrun.perfcollector <> - hwInfo: not set, pmuFam: tracepoint
131 [22555154966208] INFO perfrun.perfcollector <> - pmu added: family: tracepoint, id: 0
131 [22555154966208] INFO perfrun.perfcollector <> - dir found: /sys/bus/event_source/devices/uncore_sbox_3
131 [22555154966208] INFO perfrun.perfcollector <> - format: event config:0-7 mask:0-7
131 [22555154966208] INFO perfrun.perfcollector <> - format: edge config:18 mask:18
131 [22555154966208] INFO perfrun.perfcollector <> - format: inv config:23 mask:23
131 [22555154966208] INFO perfrun.perfcollector <> - format: umask config:8-15 mask:8-15
131 [22555154966208] INFO perfrun.perfcollector <> - format: tid_en config:19 mask:19
131 [22555154966208] INFO perfrun.perfcollector <> - format: thresh config:24-31 mask:24-31
131 [22555154966208] INFO perfrun.perfcollector <> - hwInfo: not set, pmuFam: uncore_sbox
131 [22555154966208] INFO perfrun.perfcollector <> - pmu added: family: uncore_sbox, id: 3
131 [22555154966208] INFO perfrun.perfcollector <> - dir found: /sys/bus/event_source/devices/uncore_cbox_9
131 [22555154966208] INFO perfrun.perfcollector <> - format: event config:0-7 mask:0-7
131 [22555154966208] INFO perfrun.perfcollector <> - format: filter_link config1:6-8 mask:6-8
132 [22555154966208] INFO perfrun.perfcollector <> - format: filter_c6 config1:61 mask:61
132 [22555154966208] INFO perfrun.perfcollector <> - format: edge config:18 mask:18
132 [22555154966208] INFO perfrun.perfcollector <> - format: filter_isoc config1:63 mask:63
132 [22555154966208] INFO perfrun.perfcollector <> - format: filter_tid config1:0-5 mask:0-5
132 [22555154966208] INFO perfrun.perfcollector <> - format: filter_nid config1:32-47 mask:32-47
132 [22555154966208] INFO perfrun.perfcollector <> - format: filter_nc config1:62 mask:62
132 [22555154966208] INFO perfrun.perfcollector <> - format: umask config:8-15 mask:8-15
132 [22555154966208] INFO perfrun.perfcollector <> - format: tid_en config:19 mask:19
132 [22555154966208] INFO perfrun.perfcollector <> - format: thresh config:24-31 mask:24-31
132 [22555154966208] INFO perfrun.perfcollector <> - format: filter_state config1:17-23 mask:17-23
132 [22555154966208] INFO perfrun.perfcollector <> - format: filter_opc config1:52-60 mask:52-60
132 [22555154966208] INFO perfrun.perfcollector <> - hwInfo: PERF_CBOX_PMU_DETAILS
132 [22555154966208] INFO perfrun.perfcollector <> - pmu added: family: uncore_cbox, id: 9
132 [22555154966208] INFO perfrun.perfcollector <> - dir found: /sys/bus/event_source/devices/cstate_pkg
132 [22555154966208] INFO perfrun.perfcollector <> - format: event config:0-63 mask:0-63
132 [22555154966208] INFO perfrun.perfcollector <> - hwInfo: not set, pmuFam: cstate_pkg
132 [22555154966208] INFO perfrun.perfcollector <> - pmu added: family: cstate_pkg, id: 0
132 [22555154966208] INFO perfrun.perfcollector <> - dir found: /sys/bus/event_source/devices/uncore_imc_4
132 [22555154966208] INFO perfrun.perfcollector <> - format: event config:0-7 mask:0-7
132 [22555154966208] INFO perfrun.perfcollector <> - format: edge config:18 mask:18
132 [22555154966208] INFO perfrun.perfcollector <> - format: inv config:23 mask:23
132 [22555154966208] INFO perfrun.perfcollector <> - format: umask config:8-15 mask:8-15
132 [22555154966208] INFO perfrun.perfcollector <> - format: thresh config:24-31 mask:24-31
132 [22555154966208] INFO perfrun.perfcollector <> - hwInfo: PERF_IMC_PMU_DETAILS
132 [22555154966208] INFO perfrun.perfcollector <> - pmu added: family: uncore_imc, id: 4
132 [22555154966208] INFO perfrun.perfcollector <> - dir found: /sys/bus/event_source/devices/uncore_ubox
132 [22555154966208] INFO perfrun.perfcollector <> - format: event config:0-7 mask:0-7
132 [22555154966208] INFO perfrun.perfcollector <> - format: edge config:18 mask:18
132 [22555154966208] INFO perfrun.perfcollector <> - format: inv config:23 mask:23
132 [22555154966208] INFO perfrun.perfcollector <> - format: umask config:8-15 mask:8-15
132 [22555154966208] INFO perfrun.perfcollector <> - format: thresh config:24-28 mask:24-28
132 [22555154966208] INFO perfrun.perfcollector <> - hwInfo: not set, pmuFam: uncore_ubox
132 [22555154966208] INFO perfrun.perfcollector <> - pmu added: family: uncore_ubox, id: 0
132 [22555154966208] INFO perfrun.perfcollector <> - dir found: /sys/bus/event_source/devices/uncore_sbox_1
132 [22555154966208] INFO perfrun.perfcollector <> - format: event config:0-7 mask:0-7
132 [22555154966208] INFO perfrun.perfcollector <> - format: edge config:18 mask:18
132 [22555154966208] INFO perfrun.perfcollector <> - format: inv config:23 mask:23
132 [22555154966208] INFO perfrun.perfcollector <> - format: umask config:8-15 mask:8-15
132 [22555154966208] INFO perfrun.perfcollector <> - format: tid_en config:19 mask:19
132 [22555154966208] INFO perfrun.perfcollector <> - format: thresh config:24-31 mask:24-31
132 [22555154966208] INFO perfrun.perfcollector <> - hwInfo: not set, pmuFam: uncore_sbox
132 [22555154966208] INFO perfrun.perfcollector <> - pmu added: family: uncore_sbox, id: 1
132 [22555154966208] INFO perfrun.perfcollector <> - dir found: /sys/bus/event_source/devices/uncore_cbox_7
132 [22555154966208] INFO perfrun.perfcollector <> - format: event config:0-7 mask:0-7
132 [22555154966208] INFO perfrun.perfcollector <> - format: filter_link config1:6-8 mask:6-8
132 [22555154966208] INFO perfrun.perfcollector <> - format: filter_c6 config1:61 mask:61
133 [22555154966208] INFO perfrun.perfcollector <> - format: edge config:18 mask:18
133 [22555154966208] INFO perfrun.perfcollector <> - format: filter_isoc config1:63 mask:63
133 [22555154966208] INFO perfrun.perfcollector <> - format: filter_tid config1:0-5 mask:0-5
133 [22555154966208] INFO perfrun.perfcollector <> - format: filter_nid config1:32-47 mask:32-47
133 [22555154966208] INFO perfrun.perfcollector <> - format: filter_nc config1:62 mask:62
133 [22555154966208] INFO perfrun.perfcollector <> - format: umask config:8-15 mask:8-15
133 [22555154966208] INFO perfrun.perfcollector <> - format: tid_en config:19 mask:19
133 [22555154966208] INFO perfrun.perfcollector <> - format: thresh config:24-31 mask:24-31
133 [22555154966208] INFO perfrun.perfcollector <> - format: filter_state config1:17-23 mask:17-23
133 [22555154966208] INFO perfrun.perfcollector <> - format: filter_opc config1:52-60 mask:52-60
133 [22555154966208] INFO perfrun.perfcollector <> - hwInfo: PERF_CBOX_PMU_DETAILS
133 [22555154966208] INFO perfrun.perfcollector <> - pmu added: family: uncore_cbox, id: 7
133 [22555154966208] INFO perfrun.perfcollector <> - dir found: /sys/bus/event_source/devices/uncore_cbox_12
133 [22555154966208] INFO perfrun.perfcollector <> - format: event config:0-7 mask:0-7
133 [22555154966208] INFO perfrun.perfcollector <> - format: filter_link config1:6-8 mask:6-8
133 [22555154966208] INFO perfrun.perfcollector <> - format: filter_c6 config1:61 mask:61
133 [22555154966208] INFO perfrun.perfcollector <> - format: edge config:18 mask:18
133 [22555154966208] INFO perfrun.perfcollector <> - format: filter_isoc config1:63 mask:63
133 [22555154966208] INFO perfrun.perfcollector <> - format: filter_tid config1:0-5 mask:0-5
133 [22555154966208] INFO perfrun.perfcollector <> - format: filter_nid config1:32-47 mask:32-47
133 [22555154966208] INFO perfrun.perfcollector <> - format: filter_nc config1:62 mask:62
133 [22555154966208] INFO perfrun.perfcollector <> - format: umask config:8-15 mask:8-15
133 [22555154966208] INFO perfrun.perfcollector <> - format: tid_en config:19 mask:19
133 [22555154966208] INFO perfrun.perfcollector <> - format: thresh config:24-31 mask:24-31
133 [22555154966208] INFO perfrun.perfcollector <> - format: filter_state config1:17-23 mask:17-23
133 [22555154966208] INFO perfrun.perfcollector <> - format: filter_opc config1:52-60 mask:52-60
133 [22555154966208] INFO perfrun.perfcollector <> - hwInfo: PERF_CBOX_PMU_DETAILS
133 [22555154966208] INFO perfrun.perfcollector <> - pmu added: family: uncore_cbox, id: 12
133 [22555154966208] INFO perfrun.perfcollector <> - dir found: /sys/bus/event_source/devices/kprobe
133 [22555154966208] INFO perfrun.perfcollector <> - format: retprobe config:0 mask:0
133 [22555154966208] INFO perfrun.perfcollector <> - hwInfo: not set, pmuFam: kprobe
133 [22555154966208] INFO perfrun.perfcollector <> - pmu added: family: kprobe, id: 0
133 [22555154966208] INFO perfrun.perfcollector <> - dir found: /sys/bus/event_source/devices/uncore_qpi_0
133 [22555154966208] INFO perfrun.perfcollector <> - format: mask_rnid4 config2:31 mask:31
133 [22555154966208] INFO perfrun.perfcollector <> - format: mask_rnid30 config2:32-35 mask:32-35
133 [22555154966208] INFO perfrun.perfcollector <> - format: match_rnid30 config1:32-35 mask:32-35
133 [22555154966208] INFO perfrun.perfcollector <> - format: event config:0-7,21 mask:0-7,21
133 [22555154966208] INFO perfrun.perfcollector <> - format: match0 config1:0-31 mask:0-31
133 [22555154966208] INFO perfrun.perfcollector <> - format: match_rds config1:48-51 mask:48-51
133 [22555154966208] INFO perfrun.perfcollector <> - format: mask_rds config2:48-51 mask:48-51
133 [22555154966208] INFO perfrun.perfcollector <> - format: edge config:18 mask:18
133 [22555154966208] INFO perfrun.perfcollector <> - format: mask1 config2:32-63 mask:32-63
133 [22555154966208] INFO perfrun.perfcollector <> - format: match_dnid config1:13-17 mask:13-17
133 [22555154966208] INFO perfrun.perfcollector <> - format: mask_dnid config2:13-17 mask:13-17
133 [22555154966208] INFO perfrun.perfcollector <> - format: match_vnw config1:3-4 mask:3-4
133 [22555154966208] INFO perfrun.perfcollector <> - format: mask_vnw config2:3-4 mask:3-4
134 [22555154966208] INFO perfrun.perfcollector <> - format: mask_mc config2:9-12 mask:9-12
134 [22555154966208] INFO perfrun.perfcollector <> - format: match1 config1:32-63 mask:32-63
134 [22555154966208] INFO perfrun.perfcollector <> - format: inv config:23 mask:23
134 [22555154966208] INFO perfrun.perfcollector <> - format: umask config:8-15 mask:8-15
134 [22555154966208] INFO perfrun.perfcollector <> - format: match_opc config1:5-8 mask:5-8
134 [22555154966208] INFO perfrun.perfcollector <> - format: mask_opc config2:5-8 mask:5-8
134 [22555154966208] INFO perfrun.perfcollector <> - format: thresh config:24-31 mask:24-31
134 [22555154966208] INFO perfrun.perfcollector <> - format: match_rnid4 config1:31 mask:31
134 [22555154966208] INFO perfrun.perfcollector <> - format: mask0 config2:0-31 mask:0-31
134 [22555154966208] INFO perfrun.perfcollector <> - format: match_mc config1:9-12 mask:9-12
134 [22555154966208] INFO perfrun.perfcollector <> - hwInfo: PERF_QPI_PMU_DETAILS
134 [22555154966208] INFO perfrun.perfcollector <> - pmu added: family: uncore_qpi, id: 0
134 [22555154966208] INFO perfrun.perfcollector <> - dir found: /sys/bus/event_source/devices/uncore_cbox_5
134 [22555154966208] INFO perfrun.perfcollector <> - format: event config:0-7 mask:0-7
134 [22555154966208] INFO perfrun.perfcollector <> - format: filter_link config1:6-8 mask:6-8
134 [22555154966208] INFO perfrun.perfcollector <> - format: filter_c6 config1:61 mask:61
134 [22555154966208] INFO perfrun.perfcollector <> - format: edge config:18 mask:18
134 [22555154966208] INFO perfrun.perfcollector <> - format: filter_isoc config1:63 mask:63
134 [22555154966208] INFO perfrun.perfcollector <> - format: filter_tid config1:0-5 mask:0-5
134 [22555154966208] INFO perfrun.perfcollector <> - format: filter_nid config1:32-47 mask:32-47
134 [22555154966208] INFO perfrun.perfcollector <> - format: filter_nc config1:62 mask:62
134 [22555154966208] INFO perfrun.perfcollector <> - format: umask config:8-15 mask:8-15
134 [22555154966208] INFO perfrun.perfcollector <> - format: tid_en config:19 mask:19
134 [22555154966208] INFO perfrun.perfcollector <> - format: thresh config:24-31 mask:24-31
134 [22555154966208] INFO perfrun.perfcollector <> - format: filter_state config1:17-23 mask:17-23
134 [22555154966208] INFO perfrun.perfcollector <> - format: filter_opc config1:52-60 mask:52-60
134 [22555154966208] INFO perfrun.perfcollector <> - hwInfo: PERF_CBOX_PMU_DETAILS
134 [22555154966208] INFO perfrun.perfcollector <> - pmu added: family: uncore_cbox, id: 5
134 [22555154966208] INFO perfrun.perfcollector <> - dir found: /sys/bus/event_source/devices/uncore_imc_0
134 [22555154966208] INFO perfrun.perfcollector <> - format: event config:0-7 mask:0-7
134 [22555154966208] INFO perfrun.perfcollector <> - format: edge config:18 mask:18
134 [22555154966208] INFO perfrun.perfcollector <> - format: inv config:23 mask:23
134 [22555154966208] INFO perfrun.perfcollector <> - format: umask config:8-15 mask:8-15
134 [22555154966208] INFO perfrun.perfcollector <> - format: thresh config:24-31 mask:24-31
134 [22555154966208] INFO perfrun.perfcollector <> - hwInfo: PERF_IMC_PMU_DETAILS
134 [22555154966208] INFO perfrun.perfcollector <> - pmu added: family: uncore_imc, id: 0
134 [22555154966208] INFO perfrun.perfcollector <> - dir found: /sys/bus/event_source/devices/uncore_cbox_10
134 [22555154966208] INFO perfrun.perfcollector <> - format: event config:0-7 mask:0-7
134 [22555154966208] INFO perfrun.perfcollector <> - format: filter_link config1:6-8 mask:6-8
134 [22555154966208] INFO perfrun.perfcollector <> - format: filter_c6 config1:61 mask:61
134 [22555154966208] INFO perfrun.perfcollector <> - format: edge config:18 mask:18
134 [22555154966208] INFO perfrun.perfcollector <> - format: filter_isoc config1:63 mask:63
134 [22555154966208] INFO perfrun.perfcollector <> - format: filter_tid config1:0-5 mask:0-5
134 [22555154966208] INFO perfrun.perfcollector <> - format: filter_nid config1:32-47 mask:32-47
134 [22555154966208] INFO perfrun.perfcollector <> - format: filter_nc config1:62 mask:62
135 [22555154966208] INFO perfrun.perfcollector <> - format: umask config:8-15 mask:8-15
135 [22555154966208] INFO perfrun.perfcollector <> - format: tid_en config:19 mask:19
135 [22555154966208] INFO perfrun.perfcollector <> - format: thresh config:24-31 mask:24-31
135 [22555154966208] INFO perfrun.perfcollector <> - format: filter_state config1:17-23 mask:17-23
135 [22555154966208] INFO perfrun.perfcollector <> - format: filter_opc config1:52-60 mask:52-60
135 [22555154966208] INFO perfrun.perfcollector <> - hwInfo: PERF_CBOX_PMU_DETAILS
135 [22555154966208] INFO perfrun.perfcollector <> - pmu added: family: uncore_cbox, id: 10
135 [22555154966208] INFO perfrun.perfcollector <> - dir found: /sys/bus/event_source/devices/uncore_pcu
135 [22555154966208] INFO perfrun.perfcollector <> - format: filter_band2 config1:16-23 mask:16-23
135 [22555154966208] INFO perfrun.perfcollector <> - format: event config:0-7 mask:0-7
135 [22555154966208] INFO perfrun.perfcollector <> - format: filter_band0 config1:0-7 mask:0-7
135 [22555154966208] INFO perfrun.perfcollector <> - format: edge config:18 mask:18
135 [22555154966208] INFO perfrun.perfcollector <> - format: occ_invert config:30 mask:30
135 [22555154966208] INFO perfrun.perfcollector <> - format: occ_edge config:14-51 mask:14-51
135 [22555154966208] INFO perfrun.perfcollector <> - format: filter_band3 config1:24-31 mask:24-31
135 [22555154966208] INFO perfrun.perfcollector <> - format: filter_band1 config1:8-15 mask:8-15
135 [22555154966208] INFO perfrun.perfcollector <> - format: inv config:23 mask:23
135 [22555154966208] INFO perfrun.perfcollector <> - format: thresh config:24-28 mask:24-28
135 [22555154966208] INFO perfrun.perfcollector <> - format: occ_sel config:14-15 mask:14-15
135 [22555154966208] INFO perfrun.perfcollector <> - hwInfo: not set, pmuFam: uncore_pcu
135 [22555154966208] INFO perfrun.perfcollector <> - pmu added: family: uncore_pcu, id: 0
135 [22555154966208] INFO perfrun.perfcollector <> - dir found: /sys/bus/event_source/devices/uncore_r3qpi_1
135 [22555154966208] INFO perfrun.perfcollector <> - format: event config:0-7 mask:0-7
135 [22555154966208] INFO perfrun.perfcollector <> - format: edge config:18 mask:18
135 [22555154966208] INFO perfrun.perfcollector <> - format: inv config:23 mask:23
135 [22555154966208] INFO perfrun.perfcollector <> - format: umask config:8-15 mask:8-15
135 [22555154966208] INFO perfrun.perfcollector <> - format: thresh config:24-31 mask:24-31
135 [22555154966208] INFO perfrun.perfcollector <> - hwInfo: not set, pmuFam: uncore_r3qpi
135 [22555154966208] INFO perfrun.perfcollector <> - pmu added: family: uncore_r3qpi, id: 1
135 [22555154966208] INFO perfrun.perfcollector <> - dir found: /sys/bus/event_source/devices/msr
135 [22555154966208] INFO perfrun.perfcollector <> - format: event config:0-63 mask:0-63
135 [22555154966208] INFO perfrun.perfcollector <> - hwInfo: not set, pmuFam: msr
135 [22555154966208] INFO perfrun.perfcollector <> - pmu added: family: msr, id: 0
135 [22555154966208] INFO perfrun.perfcollector <> - dir found: /sys/bus/event_source/devices/uncore_cbox_3
135 [22555154966208] INFO perfrun.perfcollector <> - format: event config:0-7 mask:0-7
135 [22555154966208] INFO perfrun.perfcollector <> - format: filter_link config1:6-8 mask:6-8
135 [22555154966208] INFO perfrun.perfcollector <> - format: filter_c6 config1:61 mask:61
135 [22555154966208] INFO perfrun.perfcollector <> - format: edge config:18 mask:18
135 [22555154966208] INFO perfrun.perfcollector <> - format: filter_isoc config1:63 mask:63
135 [22555154966208] INFO perfrun.perfcollector <> - format: filter_tid config1:0-5 mask:0-5
135 [22555154966208] INFO perfrun.perfcollector <> - format: filter_nid config1:32-47 mask:32-47
135 [22555154966208] INFO perfrun.perfcollector <> - format: filter_nc config1:62 mask:62
135 [22555154966208] INFO perfrun.perfcollector <> - format: umask config:8-15 mask:8-15
136 [22555154966208] INFO perfrun.perfcollector <> - format: tid_en config:19 mask:19
136 [22555154966208] INFO perfrun.perfcollector <> - format: thresh config:24-31 mask:24-31
136 [22555154966208] INFO perfrun.perfcollector <> - format: filter_state config1:17-23 mask:17-23
136 [22555154966208] INFO perfrun.perfcollector <> - format: filter_opc config1:52-60 mask:52-60
136 [22555154966208] INFO perfrun.perfcollector <> - hwInfo: PERF_CBOX_PMU_DETAILS
136 [22555154966208] INFO perfrun.perfcollector <> - pmu added: family: uncore_cbox, id: 3
136 [22555154966208] INFO perfrun.perfcollector <> - dir found: /sys/bus/event_source/devices/intel_pt
136 [22555154966208] INFO perfrun.perfcollector <> - format: ptw config:12 mask:12
136 [22555154966208] INFO perfrun.perfcollector <> - format: event config:31 mask:31
136 [22555154966208] INFO perfrun.perfcollector <> - format: cyc_thresh config:19-22 mask:19-22
136 [22555154966208] INFO perfrun.perfcollector <> - format: pt config:0 mask:0
136 [22555154966208] INFO perfrun.perfcollector <> - format: notnt config:55 mask:55
136 [22555154966208] INFO perfrun.perfcollector <> - format: branch config:13 mask:13
136 [22555154966208] INFO perfrun.perfcollector <> - format: tsc config:10 mask:10
136 [22555154966208] INFO perfrun.perfcollector <> - format: pwr_evt config:4 mask:4
136 [22555154966208] INFO perfrun.perfcollector <> - format: fup_on_ptw config:5 mask:5
136 [22555154966208] INFO perfrun.perfcollector <> - format: cyc config:1 mask:1
136 [22555154966208] INFO perfrun.perfcollector <> - format: noretcomp config:11 mask:11
136 [22555154966208] INFO perfrun.perfcollector <> - format: mtc config:9 mask:9
136 [22555154966208] INFO perfrun.perfcollector <> - format: psb_period config:24-27 mask:24-27
136 [22555154966208] INFO perfrun.perfcollector <> - format: mtc_period config:14-17 mask:14-17
136 [22555154966208] INFO perfrun.perfcollector <> - hwInfo: not set, pmuFam: intel_pt
136 [22555154966208] INFO perfrun.perfcollector <> - pmu added: family: intel_pt, id: 0
136 [22555154966208] INFO perfrun.perfcollector <> - dir found: /sys/bus/event_source/devices/uncore_ha_1
136 [22555154966208] INFO perfrun.perfcollector <> - format: event config:0-7 mask:0-7
136 [22555154966208] INFO perfrun.perfcollector <> - format: edge config:18 mask:18
136 [22555154966208] INFO perfrun.perfcollector <> - format: inv config:23 mask:23
136 [22555154966208] INFO perfrun.perfcollector <> - format: umask config:8-15 mask:8-15
136 [22555154966208] INFO perfrun.perfcollector <> - format: thresh config:24-31 mask:24-31
136 [22555154966208] INFO perfrun.perfcollector <> - hwInfo: not set, pmuFam: uncore_ha
136 [22555154966208] INFO perfrun.perfcollector <> - pmu added: family: uncore_ha, id: 1
136 [22555154966208] INFO perfrun.perfcollector <> - dir found: /sys/bus/event_source/devices/uncore_cbox_1
136 [22555154966208] INFO perfrun.perfcollector <> - format: event config:0-7 mask:0-7
136 [22555154966208] INFO perfrun.perfcollector <> - format: filter_link config1:6-8 mask:6-8
136 [22555154966208] INFO perfrun.perfcollector <> - format: filter_c6 config1:61 mask:61
136 [22555154966208] INFO perfrun.perfcollector <> - format: edge config:18 mask:18
136 [22555154966208] INFO perfrun.perfcollector <> - format: filter_isoc config1:63 mask:63
136 [22555154966208] INFO perfrun.perfcollector <> - format: filter_tid config1:0-5 mask:0-5
136 [22555154966208] INFO perfrun.perfcollector <> - format: filter_nid config1:32-47 mask:32-47
136 [22555154966208] INFO perfrun.perfcollector <> - format: filter_nc config1:62 mask:62
136 [22555154966208] INFO perfrun.perfcollector <> - format: umask config:8-15 mask:8-15
136 [22555154966208] INFO perfrun.perfcollector <> - format: tid_en config:19 mask:19
136 [22555154966208] INFO perfrun.perfcollector <> - format: thresh config:24-31 mask:24-31
137 [22555154966208] INFO perfrun.perfcollector <> - format: filter_state config1:17-23 mask:17-23
137 [22555154966208] INFO perfrun.perfcollector <> - format: filter_opc config1:52-60 mask:52-60
137 [22555154966208] INFO perfrun.perfcollector <> - hwInfo: PERF_CBOX_PMU_DETAILS
137 [22555154966208] INFO perfrun.perfcollector <> - pmu added: family: uncore_cbox, id: 1
137 [22555154966208] INFO perfrun.sdk <> - runCmd: /opt/intel/oneapi/vtune/2023.1.0/bin64/sep -dry-run -sam 1 -ec CPU_CLK_UNHALTED.THREAD,CPU_CLK_UNHALTED.REF_TSC:sample:sa=2400000,INST_RETIRED.ANY:sample:sa=2400000,CPU_CLK_UNHALTED.REF_XCLK,CPU_CLK_UNHALTED.ONE_THREAD_ACTIVE,FP_ARITH_INST_RETIRED.SCALAR_SINGLE,FP_ARITH_INST_RETIRED.128B_PACKED_SINGLE,FP_ARITH_INST_RETIRED.256B_PACKED_SINGLE,FP_ARITH_INST_RETIRED.SCALAR_DOUBLE,FP_ARITH_INST_RETIRED.128B_PACKED_DOUBLE,FP_ARITH_INST_RETIRED.256B_PACKED_DOUBLE,INST_RETIRED.X87,UOPS_RETIRED.RETIRE_SLOTS:sample:sa=2000003 -experimental
137 [22555154966208] INFO perfrun.sdk <> - runCmd started PID 2287910
158 [22555154966208] INFO perfrun.perfcollector <> - SepDryRun RC = true
161 [22555154966208] INFO perfrun.perfcollector <> - DRY_RUN: "PMU type: Core (core)"
161 [22555154966208] INFO perfrun.perfcollector <> - pmu type: cpu
161 [22555154966208] INFO perfrun.perfcollector <> - DRY_RUN: "Group 0:"
161 [22555154966208] INFO perfrun.perfcollector <> - id: 0
161 [22555154966208] INFO perfrun.perfcollector <> - DRY_RUN: "INST_RETIRED.ANY: event id 2"
161 [22555154966208] INFO perfrun.perfcollector <> - eventName: INST_RETIRED.ANY, eventId: 2
161 [22555154966208] INFO perfrun.perfcollector <> - DRY_RUN: "CPU_CLK_UNHALTED.THREAD: event id 0"
161 [22555154966208] INFO perfrun.perfcollector <> - eventName: CPU_CLK_UNHALTED.THREAD, eventId: 0
161 [22555154966208] INFO perfrun.perfcollector <> - DRY_RUN: "CPU_CLK_UNHALTED.REF_TSC: event id 1"
161 [22555154966208] INFO perfrun.perfcollector <> - eventName: CPU_CLK_UNHALTED.REF_TSC, eventId: 1
161 [22555154966208] INFO perfrun.perfcollector <> - DRY_RUN: "FP_ARITH_INST_RETIRED.SCALAR_SINGLE: event id 5"
161 [22555154966208] INFO perfrun.perfcollector <> - eventName: FP_ARITH_INST_RETIRED.SCALAR_SINGLE, eventId: 5
161 [22555154966208] INFO perfrun.perfcollector <> - DRY_RUN: "FP_ARITH_INST_RETIRED.128B_PACKED_SINGLE: event id 6"
161 [22555154966208] INFO perfrun.perfcollector <> - eventName: FP_ARITH_INST_RETIRED.128B_PACKED_SINGLE, eventId: 6
161 [22555154966208] INFO perfrun.perfcollector <> - DRY_RUN: "FP_ARITH_INST_RETIRED.256B_PACKED_SINGLE: event id 7"
161 [22555154966208] INFO perfrun.perfcollector <> - eventName: FP_ARITH_INST_RETIRED.256B_PACKED_SINGLE, eventId: 7
161 [22555154966208] INFO perfrun.perfcollector <> - DRY_RUN: "FP_ARITH_INST_RETIRED.SCALAR_DOUBLE: event id 8"
161 [22555154966208] INFO perfrun.perfcollector <> - eventName: FP_ARITH_INST_RETIRED.SCALAR_DOUBLE, eventId: 8
161 [22555154966208] INFO perfrun.perfcollector <> - DRY_RUN: "CPU_CLK_UNHALTED.REF_XCLK: event id 3"
161 [22555154966208] INFO perfrun.perfcollector <> - eventName: CPU_CLK_UNHALTED.REF_XCLK, eventId: 3
161 [22555154966208] INFO perfrun.perfcollector <> - DRY_RUN: "CPU_CLK_UNHALTED.ONE_THREAD_ACTIVE: event id 4"
161 [22555154966208] INFO perfrun.perfcollector <> - eventName: CPU_CLK_UNHALTED.ONE_THREAD_ACTIVE, eventId: 4
161 [22555154966208] INFO perfrun.perfcollector <> - DRY_RUN: "INST_RETIRED.X87: event id 11"
161 [22555154966208] INFO perfrun.perfcollector <> - eventName: INST_RETIRED.X87, eventId: 11
161 [22555154966208] INFO perfrun.perfcollector <> - DRY_RUN: "UOPS_RETIRED.RETIRE_SLOTS: event id 12"
161 [22555154966208] INFO perfrun.perfcollector <> - eventName: UOPS_RETIRED.RETIRE_SLOTS, eventId: 12
161 [22555154966208] INFO perfrun.perfcollector <> - DRY_RUN: "CCCR"
161 [22555154966208] INFO perfrun.perfcollector <> - DRY_RUN: "reg_type       = 1	event_id       = g	reg_id         = 38f	reg_value      = 7000000ff"
161 [22555154966208] INFO perfrun.perfcollector <> - eventId: g, skip parsing event_id
161 [22555154966208] INFO perfrun.perfcollector <> - Register was ignored: group_id: 0, reg_type: 1, event_id: 4294967295, reg_id: 38f, reg_value: 7000000ff, pmu_name: cpu
161 [22555154966208] INFO perfrun.perfcollector <> - DRY_RUN: "reg_type       = 1	event_id       = g	reg_id         = 390	reg_value      = 7000000ff"
161 [22555154966208] INFO perfrun.perfcollector <> - eventId: g, skip parsing event_id
161 [22555154966208] INFO perfrun.perfcollector <> - Register was ignored: group_id: 0, reg_type: 1, event_id: 4294967295, reg_id: 390, reg_value: 7000000ff, pmu_name: cpu
161 [22555154966208] INFO perfrun.perfcollector <> - DRY_RUN: "reg_type       = 1	event_id       = g	reg_id         = 3f1	reg_value      = 0"
161 [22555154966208] INFO perfrun.perfcollector <> - eventId: g, skip parsing event_id
161 [22555154966208] INFO perfrun.perfcollector <> - Register was ignored: group_id: 0, reg_type: 1, event_id: 4294967295, reg_id: 3f1, reg_value: 0, pmu_name: cpu
161 [22555154966208] INFO perfrun.perfcollector <> - DRY_RUN: "reg_type       = 1	event_id       = g	reg_id         = 1d9	reg_value      = 1800"
161 [22555154966208] INFO perfrun.perfcollector <> - eventId: g, skip parsing event_id
161 [22555154966208] INFO perfrun.perfcollector <> - Register was ignored: group_id: 0, reg_type: 1, event_id: 4294967295, reg_id: 1d9, reg_value: 1800, pmu_name: cpu
161 [22555154966208] INFO perfrun.perfcollector <> - DRY_RUN: "reg_type       = 1	event_id       = g	reg_id         = 38d	reg_value      = bbb"
161 [22555154966208] INFO perfrun.perfcollector <> - eventId: g, skip parsing event_id
161 [22555154966208] INFO perfrun.perfcollector <> - Register was ignored: group_id: 0, reg_type: 1, event_id: 4294967295, reg_id: 38d, reg_value: bbb, pmu_name: cpu
161 [22555154966208] INFO perfrun.perfcollector <> - DRY_RUN: "reg_type       = 1	event_id       = 5	reg_id         = 186	reg_value      = 5302c7"
161 [22555154966208] INFO perfrun.perfcollector <> - Event selector: group_id: 0, reg_type: 1, event_id: 5, reg_id: 186, reg_value: 5302c7, pmu_name: cpu
161 [22555154966208] INFO perfrun.perfcollector <> - DRY_RUN: "reg_type       = 1	event_id       = 6	reg_id         = 187	reg_value      = 5308c7"
161 [22555154966208] INFO perfrun.perfcollector <> - Event selector: group_id: 0, reg_type: 1, event_id: 6, reg_id: 187, reg_value: 5308c7, pmu_name: cpu
161 [22555154966208] INFO perfrun.perfcollector <> - DRY_RUN: "reg_type       = 1	event_id       = 7	reg_id         = 188	reg_value      = 5320c7"
161 [22555154966208] INFO perfrun.perfcollector <> - Event selector: group_id: 0, reg_type: 1, event_id: 7, reg_id: 188, reg_value: 5320c7, pmu_name: cpu
161 [22555154966208] INFO perfrun.perfcollector <> - DRY_RUN: "reg_type       = 1	event_id       = 8	reg_id         = 189	reg_value      = 5301c7"
161 [22555154966208] INFO perfrun.perfcollector <> - Event selector: group_id: 0, reg_type: 1, event_id: 8, reg_id: 189, reg_value: 5301c7, pmu_name: cpu
161 [22555154966208] INFO perfrun.perfcollector <> - DRY_RUN: "reg_type       = 1	event_id       = 3	reg_id         = 18a	reg_value      = 53013c"
161 [22555154966208] INFO perfrun.perfcollector <> - Event selector: group_id: 0, reg_type: 1, event_id: 3, reg_id: 18a, reg_value: 53013c, pmu_name: cpu
161 [22555154966208] INFO perfrun.perfcollector <> - DRY_RUN: "reg_type       = 1	event_id       = 4	reg_id         = 18b	reg_value      = 53023c"
161 [22555154966208] INFO perfrun.perfcollector <> - Event selector: group_id: 0, reg_type: 1, event_id: 4, reg_id: 18b, reg_value: 53023c, pmu_name: cpu
161 [22555154966208] INFO perfrun.perfcollector <> - DRY_RUN: "reg_type       = 1	event_id       = 11	reg_id         = 18c	reg_value      = 5302c0"
161 [22555154966208] INFO perfrun.perfcollector <> - Event selector: group_id: 0, reg_type: 1, event_id: 11, reg_id: 18c, reg_value: 5302c0, pmu_name: cpu
161 [22555154966208] INFO perfrun.perfcollector <> - DRY_RUN: "reg_type       = 1	event_id       = 12	reg_id         = 18d	reg_value      = 5302c2"
161 [22555154966208] INFO perfrun.perfcollector <> - Event selector: group_id: 0, reg_type: 1, event_id: 12, reg_id: 18d, reg_value: 5302c2, pmu_name: cpu
161 [22555154966208] INFO perfrun.perfcollector <> - DRY_RUN: "ESCR"
161 [22555154966208] INFO perfrun.perfcollector <> - DRY_RUN: "reg_type       = 2	event_id       = g	reg_id         = 1c8	reg_value      = 0"
161 [22555154966208] INFO perfrun.perfcollector <> - eventId: g, skip parsing event_id
161 [22555154966208] INFO perfrun.perfcollector <> - DRY_RUN: "DATA"
161 [22555154966208] INFO perfrun.perfcollector <> - DRY_RUN: "reg_type       = 4	event_id       = 2	reg_id         = 309	reg_value      = ffffffdb6100"
161 [22555154966208] INFO perfrun.perfcollector <> - eventId: 2, dataAddr: 309, dataVal: ffffffdb6100
162 [22555154966208] INFO perfrun.perfcollector <> - DRY_RUN: "reg_type       = 4	event_id       = 0	reg_id         = 30a	reg_value      = ffffffe17b7d"
162 [22555154966208] INFO perfrun.perfcollector <> - eventId: 0, dataAddr: 30a, dataVal: ffffffe17b7d
162 [22555154966208] INFO perfrun.perfcollector <> - DRY_RUN: "reg_type       = 4	event_id       = 1	reg_id         = 30b	reg_value      = ffffffdb6100"
162 [22555154966208] INFO perfrun.perfcollector <> - eventId: 1, dataAddr: 30b, dataVal: ffffffdb6100
162 [22555154966208] INFO perfrun.perfcollector <> - DRY_RUN: "reg_type       = 4	event_id       = 5	reg_id         = c1	reg_value      = ffffffe17b7d"
162 [22555154966208] INFO perfrun.perfcollector <> - eventId: 5, dataAddr: c1, dataVal: ffffffe17b7d
162 [22555154966208] INFO perfrun.perfcollector <> - DRY_RUN: "reg_type       = 4	event_id       = 6	reg_id         = c2	reg_value      = ffffffe17b7d"
162 [22555154966208] INFO perfrun.perfcollector <> - eventId: 6, dataAddr: c2, dataVal: ffffffe17b7d
162 [22555154966208] INFO perfrun.perfcollector <> - DRY_RUN: "reg_type       = 4	event_id       = 7	reg_id         = c3	reg_value      = ffffffe17b7d"
162 [22555154966208] INFO perfrun.perfcollector <> - eventId: 7, dataAddr: c3, dataVal: ffffffe17b7d
162 [22555154966208] INFO perfrun.perfcollector <> - DRY_RUN: "reg_type       = 4	event_id       = 8	reg_id         = c4	reg_value      = ffffffe17b7d"
162 [22555154966208] INFO perfrun.perfcollector <> - eventId: 8, dataAddr: c4, dataVal: ffffffe17b7d
162 [22555154966208] INFO perfrun.perfcollector <> - DRY_RUN: "reg_type       = 4	event_id       = 3	reg_id         = c5	reg_value      = fffffffe795d"
162 [22555154966208] INFO perfrun.perfcollector <> - eventId: 3, dataAddr: c5, dataVal: fffffffe795d
162 [22555154966208] INFO perfrun.perfcollector <> - DRY_RUN: "reg_type       = 4	event_id       = 4	reg_id         = c6	reg_value      = fffffffe795d"
162 [22555154966208] INFO perfrun.perfcollector <> - eventId: 4, dataAddr: c6, dataVal: fffffffe795d
162 [22555154966208] INFO perfrun.perfcollector <> - DRY_RUN: "reg_type       = 4	event_id       = 11	reg_id         = c7	reg_value      = ffffffe17b7d"
162 [22555154966208] INFO perfrun.perfcollector <> - eventId: 11, dataAddr: c7, dataVal: ffffffe17b7d
162 [22555154966208] INFO perfrun.perfcollector <> - DRY_RUN: "reg_type       = 4	event_id       = 12	reg_id         = c8	reg_value      = ffffffe17b7d"
162 [22555154966208] INFO perfrun.perfcollector <> - eventId: 12, dataAddr: c8, dataVal: ffffffe17b7d
162 [22555154966208] INFO perfrun.perfcollector <> - DRY_RUN: "Group 1:"
162 [22555154966208] INFO perfrun.perfcollector <> - id: 1
162 [22555154966208] INFO perfrun.perfcollector <> - DRY_RUN: "INST_RETIRED.ANY: event id 2"
162 [22555154966208] INFO perfrun.perfcollector <> - eventName: INST_RETIRED.ANY, eventId: 2
162 [22555154966208] INFO perfrun.perfcollector <> - DRY_RUN: "CPU_CLK_UNHALTED.THREAD: event id 0"
162 [22555154966208] INFO perfrun.perfcollector <> - eventName: CPU_CLK_UNHALTED.THREAD, eventId: 0
162 [22555154966208] INFO perfrun.perfcollector <> - DRY_RUN: "CPU_CLK_UNHALTED.REF_TSC: event id 1"
162 [22555154966208] INFO perfrun.perfcollector <> - eventName: CPU_CLK_UNHALTED.REF_TSC, eventId: 1
162 [22555154966208] INFO perfrun.perfcollector <> - DRY_RUN: "FP_ARITH_INST_RETIRED.128B_PACKED_DOUBLE: event id 9"
162 [22555154966208] INFO perfrun.perfcollector <> - eventName: FP_ARITH_INST_RETIRED.128B_PACKED_DOUBLE, eventId: 9
162 [22555154966208] INFO perfrun.perfcollector <> - DRY_RUN: "FP_ARITH_INST_RETIRED.256B_PACKED_DOUBLE: event id 10"
162 [22555154966208] INFO perfrun.perfcollector <> - eventName: FP_ARITH_INST_RETIRED.256B_PACKED_DOUBLE, eventId: 10
162 [22555154966208] INFO perfrun.perfcollector <> - DRY_RUN: "CCCR"
162 [22555154966208] INFO perfrun.perfcollector <> - DRY_RUN: "reg_type       = 1	event_id       = g	reg_id         = 38f	reg_value      = 700000003"
162 [22555154966208] INFO perfrun.perfcollector <> - eventId: g, skip parsing event_id
162 [22555154966208] INFO perfrun.perfcollector <> - Register was ignored: group_id: 1, reg_type: 1, event_id: 4294967295, reg_id: 38f, reg_value: 700000003, pmu_name: cpu
162 [22555154966208] INFO perfrun.perfcollector <> - DRY_RUN: "reg_type       = 1	event_id       = g	reg_id         = 390	reg_value      = 700000003"
162 [22555154966208] INFO perfrun.perfcollector <> - eventId: g, skip parsing event_id
162 [22555154966208] INFO perfrun.perfcollector <> - Register was ignored: group_id: 1, reg_type: 1, event_id: 4294967295, reg_id: 390, reg_value: 700000003, pmu_name: cpu
162 [22555154966208] INFO perfrun.perfcollector <> - DRY_RUN: "reg_type       = 1	event_id       = g	reg_id         = 3f1	reg_value      = 0"
162 [22555154966208] INFO perfrun.perfcollector <> - eventId: g, skip parsing event_id
162 [22555154966208] INFO perfrun.perfcollector <> - Register was ignored: group_id: 1, reg_type: 1, event_id: 4294967295, reg_id: 3f1, reg_value: 0, pmu_name: cpu
162 [22555154966208] INFO perfrun.perfcollector <> - DRY_RUN: "reg_type       = 1	event_id       = g	reg_id         = 1d9	reg_value      = 1800"
162 [22555154966208] INFO perfrun.perfcollector <> - eventId: g, skip parsing event_id
162 [22555154966208] INFO perfrun.perfcollector <> - Register was ignored: group_id: 1, reg_type: 1, event_id: 4294967295, reg_id: 1d9, reg_value: 1800, pmu_name: cpu
162 [22555154966208] INFO perfrun.perfcollector <> - DRY_RUN: "reg_type       = 1	event_id       = g	reg_id         = 38d	reg_value      = bbb"
162 [22555154966208] INFO perfrun.perfcollector <> - eventId: g, skip parsing event_id
162 [22555154966208] INFO perfrun.perfcollector <> - Register was ignored: group_id: 1, reg_type: 1, event_id: 4294967295, reg_id: 38d, reg_value: bbb, pmu_name: cpu
162 [22555154966208] INFO perfrun.perfcollector <> - DRY_RUN: "reg_type       = 1	event_id       = 9	reg_id         = 186	reg_value      = 5304c7"
162 [22555154966208] INFO perfrun.perfcollector <> - Event selector: group_id: 1, reg_type: 1, event_id: 9, reg_id: 186, reg_value: 5304c7, pmu_name: cpu
162 [22555154966208] INFO perfrun.perfcollector <> - DRY_RUN: "reg_type       = 1	event_id       = 10	reg_id         = 187	reg_value      = 5310c7"
162 [22555154966208] INFO perfrun.perfcollector <> - Event selector: group_id: 1, reg_type: 1, event_id: 10, reg_id: 187, reg_value: 5310c7, pmu_name: cpu
162 [22555154966208] INFO perfrun.perfcollector <> - DRY_RUN: "ESCR"
162 [22555154966208] INFO perfrun.perfcollector <> - DRY_RUN: "reg_type       = 2	event_id       = g	reg_id         = 1c8	reg_value      = 0"
162 [22555154966208] INFO perfrun.perfcollector <> - eventId: g, skip parsing event_id
162 [22555154966208] INFO perfrun.perfcollector <> - DRY_RUN: "DATA"
162 [22555154966208] INFO perfrun.perfcollector <> - DRY_RUN: "reg_type       = 4	event_id       = 2	reg_id         = 309	reg_value      = ffffffdb6100"
162 [22555154966208] INFO perfrun.perfcollector <> - eventId: 2, dataAddr: 309, dataVal: ffffffdb6100
162 [22555154966208] INFO perfrun.perfcollector <> - DRY_RUN: "reg_type       = 4	event_id       = 0	reg_id         = 30a	reg_value      = ffffffe17b7d"
162 [22555154966208] INFO perfrun.perfcollector <> - eventId: 0, dataAddr: 30a, dataVal: ffffffe17b7d
162 [22555154966208] INFO perfrun.perfcollector <> - DRY_RUN: "reg_type       = 4	event_id       = 1	reg_id         = 30b	reg_value      = ffffffdb6100"
162 [22555154966208] INFO perfrun.perfcollector <> - eventId: 1, dataAddr: 30b, dataVal: ffffffdb6100
162 [22555154966208] INFO perfrun.perfcollector <> - DRY_RUN: "reg_type       = 4	event_id       = 9	reg_id         = c1	reg_value      = ffffffe17b7d"
162 [22555154966208] INFO perfrun.perfcollector <> - eventId: 9, dataAddr: c1, dataVal: ffffffe17b7d
162 [22555154966208] INFO perfrun.perfcollector <> - DRY_RUN: "reg_type       = 4	event_id       = 10	reg_id         = c2	reg_value      = ffffffe17b7d"
162 [22555154966208] INFO perfrun.perfcollector <> - eventId: 10, dataAddr: c2, dataVal: ffffffe17b7d
162 [22555154966208] INFO perfrun.perfcollector <> - event name: CPU_CLK_UNHALTED.THREAD
162 [22555154966208] INFO perfrun.perfcollector <> - pmu config: cpu
162 [22555154966208] INFO perfrun.perfcollector <> - cccrAddr: ffffffff, cccrValue: 0
162 [22555154966208] INFO perfrun.perfcollector <> - dataAddr: 30a, dataValue: ffffffffffe17b7d
162 [22555154966208] INFO perfrun.perfcollector <> - escrAddr: ffffffff, escrValue: 0
162 [22555154966208] INFO perfrun.perfcollector <> - extendedPebsValue: 0
162 [22555154966208] INFO perfrun.perfcollector <> - adaptivePebsAvailable: 0
162 [22555154966208] INFO perfrun.perfcollector <> - config: event: 3c
162 [22555154966208] INFO perfrun.perfcollector <> - config: pc: 0
162 [22555154966208] INFO perfrun.perfcollector <> - config: in_tx: 0
162 [22555154966208] INFO perfrun.perfcollector <> - config: edge: 0
162 [22555154966208] INFO perfrun.perfcollector <> - config: any: 0
162 [22555154966208] INFO perfrun.perfcollector <> - config1: offcore_rsp: 0
162 [22555154966208] INFO perfrun.perfcollector <> - config: in_tx_cp: 0
162 [22555154966208] INFO perfrun.perfcollector <> - config1: ldlat: 0
162 [22555154966208] INFO perfrun.perfcollector <> - config: inv: 0
162 [22555154966208] INFO perfrun.perfcollector <> - config: umask: 0
162 [22555154966208] INFO perfrun.perfcollector <> - config: cmask: 0
162 [22555154966208] INFO perfrun.perfcollector <> - format: cpu/event=0x3c,name='CPU_CLK_UNHALTED.THREAD'/D
162 [22555154966208] INFO perfrun.perfcollector <> - event name: CPU_CLK_UNHALTED.REF_TSC
162 [22555154966208] INFO perfrun.perfcollector <> - pmu config: cpu
162 [22555154966208] INFO perfrun.perfcollector <> - cccrAddr: ffffffff, cccrValue: 0
162 [22555154966208] INFO perfrun.perfcollector <> - dataAddr: 30b, dataValue: ffffffffffdb6100
162 [22555154966208] INFO perfrun.perfcollector <> - escrAddr: ffffffff, escrValue: 0
162 [22555154966208] INFO perfrun.perfcollector <> - extendedPebsValue: 0
162 [22555154966208] INFO perfrun.perfcollector <> - adaptivePebsAvailable: 0
162 [22555154966208] INFO perfrun.perfcollector <> - config: event: 0
162 [22555154966208] INFO perfrun.perfcollector <> - config: pc: 0
162 [22555154966208] INFO perfrun.perfcollector <> - config: in_tx: 0
162 [22555154966208] INFO perfrun.perfcollector <> - config: edge: 0
162 [22555154966208] INFO perfrun.perfcollector <> - config: any: 0
162 [22555154966208] INFO perfrun.perfcollector <> - config1: offcore_rsp: 0
162 [22555154966208] INFO perfrun.perfcollector <> - config: in_tx_cp: 0
162 [22555154966208] INFO perfrun.perfcollector <> - config1: ldlat: 0
162 [22555154966208] INFO perfrun.perfcollector <> - config: inv: 0
162 [22555154966208] INFO perfrun.perfcollector <> - config: umask: 3
162 [22555154966208] INFO perfrun.perfcollector <> - config: cmask: 0
162 [22555154966208] INFO perfrun.perfcollector <> - format: cpu/umask=0x3,name='CPU_CLK_UNHALTED.REF_TSC'/D
162 [22555154966208] INFO perfrun.perfcollector <> - event name: INST_RETIRED.ANY
162 [22555154966208] INFO perfrun.perfcollector <> - pmu config: cpu
162 [22555154966208] INFO perfrun.perfcollector <> - cccrAddr: ffffffff, cccrValue: 0
162 [22555154966208] INFO perfrun.perfcollector <> - dataAddr: 309, dataValue: ffffffffffdb6100
162 [22555154966208] INFO perfrun.perfcollector <> - escrAddr: ffffffff, escrValue: 0
162 [22555154966208] INFO perfrun.perfcollector <> - extendedPebsValue: 0
162 [22555154966208] INFO perfrun.perfcollector <> - adaptivePebsAvailable: 0
162 [22555154966208] INFO perfrun.perfcollector <> - config: event: c0
162 [22555154966208] INFO perfrun.perfcollector <> - config: pc: 0
162 [22555154966208] INFO perfrun.perfcollector <> - config: in_tx: 0
162 [22555154966208] INFO perfrun.perfcollector <> - config: edge: 0
162 [22555154966208] INFO perfrun.perfcollector <> - config: any: 0
162 [22555154966208] INFO perfrun.perfcollector <> - config1: offcore_rsp: 0
162 [22555154966208] INFO perfrun.perfcollector <> - config: in_tx_cp: 0
162 [22555154966208] INFO perfrun.perfcollector <> - config1: ldlat: 0
162 [22555154966208] INFO perfrun.perfcollector <> - config: inv: 0
162 [22555154966208] INFO perfrun.perfcollector <> - config: umask: 0
162 [22555154966208] INFO perfrun.perfcollector <> - config: cmask: 0
162 [22555154966208] INFO perfrun.perfcollector <> - format: cpu/event=0xc0,name='INST_RETIRED.ANY'/D
162 [22555154966208] INFO perfrun.perfcollector <> - event name: CPU_CLK_UNHALTED.REF_XCLK
162 [22555154966208] INFO perfrun.perfcollector <> - pmu config: cpu
162 [22555154966208] INFO perfrun.perfcollector <> - cccrAddr: 18a, cccrValue: 53013c
162 [22555154966208] INFO perfrun.perfcollector <> - dataAddr: c5, dataValue: fffffffffffe795d
162 [22555154966208] INFO perfrun.perfcollector <> - escrAddr: ffffffff, escrValue: 0
162 [22555154966208] INFO perfrun.perfcollector <> - extendedPebsValue: 0
162 [22555154966208] INFO perfrun.perfcollector <> - adaptivePebsAvailable: 0
162 [22555154966208] INFO perfrun.perfcollector <> - config: event: 3c
162 [22555154966208] INFO perfrun.perfcollector <> - config: pc: 0
162 [22555154966208] INFO perfrun.perfcollector <> - config: in_tx: 0
162 [22555154966208] INFO perfrun.perfcollector <> - config: edge: 0
162 [22555154966208] INFO perfrun.perfcollector <> - config: any: 0
162 [22555154966208] INFO perfrun.perfcollector <> - config1: offcore_rsp: 0
162 [22555154966208] INFO perfrun.perfcollector <> - config: in_tx_cp: 0
162 [22555154966208] INFO perfrun.perfcollector <> - config1: ldlat: 0
162 [22555154966208] INFO perfrun.perfcollector <> - config: inv: 0
162 [22555154966208] INFO perfrun.perfcollector <> - config: umask: 1
162 [22555154966208] INFO perfrun.perfcollector <> - config: cmask: 0
162 [22555154966208] INFO perfrun.perfcollector <> - format: cpu/event=0x3c,umask=0x1,name='CPU_CLK_UNHALTED.REF_XCLK'/
162 [22555154966208] INFO perfrun.perfcollector <> - event name: CPU_CLK_UNHALTED.ONE_THREAD_ACTIVE
162 [22555154966208] INFO perfrun.perfcollector <> - pmu config: cpu
162 [22555154966208] INFO perfrun.perfcollector <> - cccrAddr: 18b, cccrValue: 53023c
162 [22555154966208] INFO perfrun.perfcollector <> - dataAddr: c6, dataValue: fffffffffffe795d
162 [22555154966208] INFO perfrun.perfcollector <> - escrAddr: ffffffff, escrValue: 0
162 [22555154966208] INFO perfrun.perfcollector <> - extendedPebsValue: 0
162 [22555154966208] INFO perfrun.perfcollector <> - adaptivePebsAvailable: 0
162 [22555154966208] INFO perfrun.perfcollector <> - config: event: 3c
162 [22555154966208] INFO perfrun.perfcollector <> - config: pc: 0
162 [22555154966208] INFO perfrun.perfcollector <> - config: in_tx: 0
162 [22555154966208] INFO perfrun.perfcollector <> - config: edge: 0
162 [22555154966208] INFO perfrun.perfcollector <> - config: any: 0
162 [22555154966208] INFO perfrun.perfcollector <> - config1: offcore_rsp: 0
162 [22555154966208] INFO perfrun.perfcollector <> - config: in_tx_cp: 0
162 [22555154966208] INFO perfrun.perfcollector <> - config1: ldlat: 0
162 [22555154966208] INFO perfrun.perfcollector <> - config: inv: 0
162 [22555154966208] INFO perfrun.perfcollector <> - config: umask: 2
162 [22555154966208] INFO perfrun.perfcollector <> - config: cmask: 0
162 [22555154966208] INFO perfrun.perfcollector <> - format: cpu/event=0x3c,umask=0x2,name='CPU_CLK_UNHALTED.ONE_THREAD_ACTIVE'/
162 [22555154966208] INFO perfrun.perfcollector <> - event name: FP_ARITH_INST_RETIRED.SCALAR_SINGLE
162 [22555154966208] INFO perfrun.perfcollector <> - pmu config: cpu
162 [22555154966208] INFO perfrun.perfcollector <> - cccrAddr: 186, cccrValue: 5302c7
162 [22555154966208] INFO perfrun.perfcollector <> - dataAddr: c1, dataValue: ffffffffffe17b7d
162 [22555154966208] INFO perfrun.perfcollector <> - escrAddr: ffffffff, escrValue: 0
162 [22555154966208] INFO perfrun.perfcollector <> - extendedPebsValue: 0
162 [22555154966208] INFO perfrun.perfcollector <> - adaptivePebsAvailable: 0
162 [22555154966208] INFO perfrun.perfcollector <> - config: event: c7
162 [22555154966208] INFO perfrun.perfcollector <> - config: pc: 0
162 [22555154966208] INFO perfrun.perfcollector <> - config: in_tx: 0
162 [22555154966208] INFO perfrun.perfcollector <> - config: edge: 0
162 [22555154966208] INFO perfrun.perfcollector <> - config: any: 0
162 [22555154966208] INFO perfrun.perfcollector <> - config1: offcore_rsp: 0
162 [22555154966208] INFO perfrun.perfcollector <> - config: in_tx_cp: 0
162 [22555154966208] INFO perfrun.perfcollector <> - config1: ldlat: 0
162 [22555154966208] INFO perfrun.perfcollector <> - config: inv: 0
162 [22555154966208] INFO perfrun.perfcollector <> - config: umask: 2
162 [22555154966208] INFO perfrun.perfcollector <> - config: cmask: 0
162 [22555154966208] INFO perfrun.perfcollector <> - format: cpu/event=0xc7,umask=0x2,name='FP_ARITH_INST_RETIRED.SCALAR_SINGLE'/
162 [22555154966208] INFO perfrun.perfcollector <> - event name: FP_ARITH_INST_RETIRED.128B_PACKED_SINGLE
162 [22555154966208] INFO perfrun.perfcollector <> - pmu config: cpu
162 [22555154966208] INFO perfrun.perfcollector <> - cccrAddr: 187, cccrValue: 5308c7
162 [22555154966208] INFO perfrun.perfcollector <> - dataAddr: c2, dataValue: ffffffffffe17b7d
162 [22555154966208] INFO perfrun.perfcollector <> - escrAddr: ffffffff, escrValue: 0
162 [22555154966208] INFO perfrun.perfcollector <> - extendedPebsValue: 0
162 [22555154966208] INFO perfrun.perfcollector <> - adaptivePebsAvailable: 0
162 [22555154966208] INFO perfrun.perfcollector <> - config: event: c7
162 [22555154966208] INFO perfrun.perfcollector <> - config: pc: 0
162 [22555154966208] INFO perfrun.perfcollector <> - config: in_tx: 0
162 [22555154966208] INFO perfrun.perfcollector <> - config: edge: 0
162 [22555154966208] INFO perfrun.perfcollector <> - config: any: 0
162 [22555154966208] INFO perfrun.perfcollector <> - config1: offcore_rsp: 0
162 [22555154966208] INFO perfrun.perfcollector <> - config: in_tx_cp: 0
162 [22555154966208] INFO perfrun.perfcollector <> - config1: ldlat: 0
162 [22555154966208] INFO perfrun.perfcollector <> - config: inv: 0
162 [22555154966208] INFO perfrun.perfcollector <> - config: umask: 8
162 [22555154966208] INFO perfrun.perfcollector <> - config: cmask: 0
162 [22555154966208] INFO perfrun.perfcollector <> - format: cpu/event=0xc7,umask=0x8,name='FP_ARITH_INST_RETIRED.128B_PACKED_SINGLE'/
162 [22555154966208] INFO perfrun.perfcollector <> - event name: FP_ARITH_INST_RETIRED.256B_PACKED_SINGLE
162 [22555154966208] INFO perfrun.perfcollector <> - pmu config: cpu
162 [22555154966208] INFO perfrun.perfcollector <> - cccrAddr: 188, cccrValue: 5320c7
162 [22555154966208] INFO perfrun.perfcollector <> - dataAddr: c3, dataValue: ffffffffffe17b7d
162 [22555154966208] INFO perfrun.perfcollector <> - escrAddr: ffffffff, escrValue: 0
162 [22555154966208] INFO perfrun.perfcollector <> - extendedPebsValue: 0
162 [22555154966208] INFO perfrun.perfcollector <> - adaptivePebsAvailable: 0
162 [22555154966208] INFO perfrun.perfcollector <> - config: event: c7
162 [22555154966208] INFO perfrun.perfcollector <> - config: pc: 0
162 [22555154966208] INFO perfrun.perfcollector <> - config: in_tx: 0
162 [22555154966208] INFO perfrun.perfcollector <> - config: edge: 0
162 [22555154966208] INFO perfrun.perfcollector <> - config: any: 0
162 [22555154966208] INFO perfrun.perfcollector <> - config1: offcore_rsp: 0
162 [22555154966208] INFO perfrun.perfcollector <> - config: in_tx_cp: 0
162 [22555154966208] INFO perfrun.perfcollector <> - config1: ldlat: 0
162 [22555154966208] INFO perfrun.perfcollector <> - config: inv: 0
162 [22555154966208] INFO perfrun.perfcollector <> - config: umask: 20
162 [22555154966208] INFO perfrun.perfcollector <> - config: cmask: 0
162 [22555154966208] INFO perfrun.perfcollector <> - format: cpu/event=0xc7,umask=0x20,name='FP_ARITH_INST_RETIRED.256B_PACKED_SINGLE'/
162 [22555154966208] INFO perfrun.perfcollector <> - event name: FP_ARITH_INST_RETIRED.SCALAR_DOUBLE
162 [22555154966208] INFO perfrun.perfcollector <> - pmu config: cpu
162 [22555154966208] INFO perfrun.perfcollector <> - cccrAddr: 189, cccrValue: 5301c7
162 [22555154966208] INFO perfrun.perfcollector <> - dataAddr: c4, dataValue: ffffffffffe17b7d
162 [22555154966208] INFO perfrun.perfcollector <> - escrAddr: ffffffff, escrValue: 0
162 [22555154966208] INFO perfrun.perfcollector <> - extendedPebsValue: 0
162 [22555154966208] INFO perfrun.perfcollector <> - adaptivePebsAvailable: 0
162 [22555154966208] INFO perfrun.perfcollector <> - config: event: c7
162 [22555154966208] INFO perfrun.perfcollector <> - config: pc: 0
162 [22555154966208] INFO perfrun.perfcollector <> - config: in_tx: 0
162 [22555154966208] INFO perfrun.perfcollector <> - config: edge: 0
162 [22555154966208] INFO perfrun.perfcollector <> - config: any: 0
162 [22555154966208] INFO perfrun.perfcollector <> - config1: offcore_rsp: 0
162 [22555154966208] INFO perfrun.perfcollector <> - config: in_tx_cp: 0
162 [22555154966208] INFO perfrun.perfcollector <> - config1: ldlat: 0
162 [22555154966208] INFO perfrun.perfcollector <> - config: inv: 0
162 [22555154966208] INFO perfrun.perfcollector <> - config: umask: 1
162 [22555154966208] INFO perfrun.perfcollector <> - config: cmask: 0
162 [22555154966208] INFO perfrun.perfcollector <> - format: cpu/event=0xc7,umask=0x1,name='FP_ARITH_INST_RETIRED.SCALAR_DOUBLE'/
163 [22555154966208] INFO perfrun.perfcollector <> - event name: FP_ARITH_INST_RETIRED.128B_PACKED_DOUBLE
163 [22555154966208] INFO perfrun.perfcollector <> - pmu config: cpu
163 [22555154966208] INFO perfrun.perfcollector <> - cccrAddr: 186, cccrValue: 5304c7
163 [22555154966208] INFO perfrun.perfcollector <> - dataAddr: c1, dataValue: ffffffffffe17b7d
163 [22555154966208] INFO perfrun.perfcollector <> - escrAddr: ffffffff, escrValue: 0
163 [22555154966208] INFO perfrun.perfcollector <> - extendedPebsValue: 0
163 [22555154966208] INFO perfrun.perfcollector <> - adaptivePebsAvailable: 0
163 [22555154966208] INFO perfrun.perfcollector <> - config: event: c7
163 [22555154966208] INFO perfrun.perfcollector <> - config: pc: 0
163 [22555154966208] INFO perfrun.perfcollector <> - config: in_tx: 0
163 [22555154966208] INFO perfrun.perfcollector <> - config: edge: 0
163 [22555154966208] INFO perfrun.perfcollector <> - config: any: 0
163 [22555154966208] INFO perfrun.perfcollector <> - config1: offcore_rsp: 0
163 [22555154966208] INFO perfrun.perfcollector <> - config: in_tx_cp: 0
163 [22555154966208] INFO perfrun.perfcollector <> - config1: ldlat: 0
163 [22555154966208] INFO perfrun.perfcollector <> - config: inv: 0
163 [22555154966208] INFO perfrun.perfcollector <> - config: umask: 4
163 [22555154966208] INFO perfrun.perfcollector <> - config: cmask: 0
163 [22555154966208] INFO perfrun.perfcollector <> - format: cpu/event=0xc7,umask=0x4,name='FP_ARITH_INST_RETIRED.128B_PACKED_DOUBLE'/
163 [22555154966208] INFO perfrun.perfcollector <> - event name: FP_ARITH_INST_RETIRED.256B_PACKED_DOUBLE
163 [22555154966208] INFO perfrun.perfcollector <> - pmu config: cpu
163 [22555154966208] INFO perfrun.perfcollector <> - cccrAddr: 187, cccrValue: 5310c7
163 [22555154966208] INFO perfrun.perfcollector <> - dataAddr: c2, dataValue: ffffffffffe17b7d
163 [22555154966208] INFO perfrun.perfcollector <> - escrAddr: ffffffff, escrValue: 0
163 [22555154966208] INFO perfrun.perfcollector <> - extendedPebsValue: 0
163 [22555154966208] INFO perfrun.perfcollector <> - adaptivePebsAvailable: 0
163 [22555154966208] INFO perfrun.perfcollector <> - config: event: c7
163 [22555154966208] INFO perfrun.perfcollector <> - config: pc: 0
163 [22555154966208] INFO perfrun.perfcollector <> - config: in_tx: 0
163 [22555154966208] INFO perfrun.perfcollector <> - config: edge: 0
163 [22555154966208] INFO perfrun.perfcollector <> - config: any: 0
163 [22555154966208] INFO perfrun.perfcollector <> - config1: offcore_rsp: 0
163 [22555154966208] INFO perfrun.perfcollector <> - config: in_tx_cp: 0
163 [22555154966208] INFO perfrun.perfcollector <> - config1: ldlat: 0
163 [22555154966208] INFO perfrun.perfcollector <> - config: inv: 0
163 [22555154966208] INFO perfrun.perfcollector <> - config: umask: 10
163 [22555154966208] INFO perfrun.perfcollector <> - config: cmask: 0
163 [22555154966208] INFO perfrun.perfcollector <> - format: cpu/event=0xc7,umask=0x10,name='FP_ARITH_INST_RETIRED.256B_PACKED_DOUBLE'/
163 [22555154966208] INFO perfrun.perfcollector <> - event name: INST_RETIRED.X87
163 [22555154966208] INFO perfrun.perfcollector <> - pmu config: cpu
163 [22555154966208] INFO perfrun.perfcollector <> - cccrAddr: 18c, cccrValue: 5302c0
163 [22555154966208] INFO perfrun.perfcollector <> - dataAddr: c7, dataValue: ffffffffffe17b7d
163 [22555154966208] INFO perfrun.perfcollector <> - escrAddr: ffffffff, escrValue: 0
163 [22555154966208] INFO perfrun.perfcollector <> - extendedPebsValue: 0
163 [22555154966208] INFO perfrun.perfcollector <> - adaptivePebsAvailable: 0
163 [22555154966208] INFO perfrun.perfcollector <> - config: event: c0
163 [22555154966208] INFO perfrun.perfcollector <> - config: pc: 0
163 [22555154966208] INFO perfrun.perfcollector <> - config: in_tx: 0
163 [22555154966208] INFO perfrun.perfcollector <> - config: edge: 0
163 [22555154966208] INFO perfrun.perfcollector <> - config: any: 0
163 [22555154966208] INFO perfrun.perfcollector <> - config1: offcore_rsp: 0
163 [22555154966208] INFO perfrun.perfcollector <> - config: in_tx_cp: 0
163 [22555154966208] INFO perfrun.perfcollector <> - config1: ldlat: 0
163 [22555154966208] INFO perfrun.perfcollector <> - config: inv: 0
163 [22555154966208] INFO perfrun.perfcollector <> - config: umask: 2
163 [22555154966208] INFO perfrun.perfcollector <> - config: cmask: 0
163 [22555154966208] INFO perfrun.perfcollector <> - format: cpu/event=0xc0,umask=0x2,name='INST_RETIRED.X87'/
163 [22555154966208] INFO perfrun.perfcollector <> - event name: UOPS_RETIRED.RETIRE_SLOTS
163 [22555154966208] INFO perfrun.perfcollector <> - pmu config: cpu
163 [22555154966208] INFO perfrun.perfcollector <> - cccrAddr: 18d, cccrValue: 5302c2
163 [22555154966208] INFO perfrun.perfcollector <> - dataAddr: c8, dataValue: ffffffffffe17b7d
163 [22555154966208] INFO perfrun.perfcollector <> - escrAddr: ffffffff, escrValue: 0
163 [22555154966208] INFO perfrun.perfcollector <> - extendedPebsValue: 0
163 [22555154966208] INFO perfrun.perfcollector <> - adaptivePebsAvailable: 0
163 [22555154966208] INFO perfrun.perfcollector <> - config: event: c2
163 [22555154966208] INFO perfrun.perfcollector <> - config: pc: 0
163 [22555154966208] INFO perfrun.perfcollector <> - config: in_tx: 0
163 [22555154966208] INFO perfrun.perfcollector <> - config: edge: 0
163 [22555154966208] INFO perfrun.perfcollector <> - config: any: 0
163 [22555154966208] INFO perfrun.perfcollector <> - config1: offcore_rsp: 0
163 [22555154966208] INFO perfrun.perfcollector <> - config: in_tx_cp: 0
163 [22555154966208] INFO perfrun.perfcollector <> - config1: ldlat: 0
163 [22555154966208] INFO perfrun.perfcollector <> - config: inv: 0
163 [22555154966208] INFO perfrun.perfcollector <> - config: umask: 2
163 [22555154966208] INFO perfrun.perfcollector <> - config: cmask: 0
163 [22555154966208] INFO perfrun.perfcollector <> - format: cpu/event=0xc2,umask=0x2,name='UOPS_RETIRED.RETIRE_SLOTS'/
163 [22555154966208] INFO perfrun.perfcollector <> - event: cpu/event=0x3c,name='CPU_CLK_UNHALTED.THREAD'/Duk, added for counting
163 [22555154966208] INFO perfrun.perfcollector <> - event: cpu/umask=0x3,name='CPU_CLK_UNHALTED.REF_TSC'/Duk, added for counting
163 [22555154966208] INFO perfrun.perfcollector <> - event: cpu/event=0xc0,name='INST_RETIRED.ANY'/Duk, added for counting
163 [22555154966208] INFO perfrun.perfcollector <> - event: cpu/event=0x3c,umask=0x1,name='CPU_CLK_UNHALTED.REF_XCLK'/uk, added for counting
163 [22555154966208] INFO perfrun.perfcollector <> - event: cpu/event=0x3c,umask=0x2,name='CPU_CLK_UNHALTED.ONE_THREAD_ACTIVE'/uk, added for counting
163 [22555154966208] INFO perfrun.perfcollector <> - event: cpu/event=0xc7,umask=0x2,name='FP_ARITH_INST_RETIRED.SCALAR_SINGLE'/uk, added for counting
163 [22555154966208] INFO perfrun.perfcollector <> - event: cpu/event=0xc7,umask=0x8,name='FP_ARITH_INST_RETIRED.128B_PACKED_SINGLE'/uk, added for counting
163 [22555154966208] INFO perfrun.perfcollector <> - event: cpu/event=0xc7,umask=0x20,name='FP_ARITH_INST_RETIRED.256B_PACKED_SINGLE'/uk, added for counting
163 [22555154966208] INFO perfrun.perfcollector <> - event: cpu/event=0xc7,umask=0x1,name='FP_ARITH_INST_RETIRED.SCALAR_DOUBLE'/uk, added for counting
163 [22555154966208] INFO perfrun.perfcollector <> - event: cpu/event=0xc7,umask=0x4,name='FP_ARITH_INST_RETIRED.128B_PACKED_DOUBLE'/uk, added for counting
163 [22555154966208] INFO perfrun.perfcollector <> - event: cpu/event=0xc7,umask=0x10,name='FP_ARITH_INST_RETIRED.256B_PACKED_DOUBLE'/uk, added for counting
163 [22555154966208] INFO perfrun.perfcollector <> - event: cpu/event=0xc0,umask=0x2,name='INST_RETIRED.X87'/uk, added for counting
163 [22555154966208] INFO perfrun.perfcollector <> - event: cpu/event=0xc2,umask=0x2,name='UOPS_RETIRED.RETIRE_SLOTS'/uk, added for counting
163 [22555154966208] INFO perfrun.perfcollector <> - attaching to pid: 4294967295, collect mode: 1, rc modes: 3
178 [22555143919296] WARN perfrun.perfcollector <> - Perf stat trace pipe capacity: read = 1048576, write = 1048576, at file: vcs/perfrun1/plugins/perfcollector/src/profiler.cpp:765
188 [22555143919296] INFO perfrun.sdk <> - runCmd: /opt/intel/oneapi/vtune/2023.1.0/bin64/amplxe-perf stat -v --log-fd 10 --scale -x ; -e cpu/event=0x3c,name='CPU_CLK_UNHALTED.THREAD'/Duk,cpu/umask=0x3,name='CPU_CLK_UNHALTED.REF_TSC'/Duk,cpu/event=0xc0,name='INST_RETIRED.ANY'/Duk,cpu/event=0x3c,umask=0x1,name='CPU_CLK_UNHALTED.REF_XCLK'/uk,cpu/event=0x3c,umask=0x2,name='CPU_CLK_UNHALTED.ONE_THREAD_ACTIVE'/uk,cpu/event=0xc7,umask=0x2,name='FP_ARITH_INST_RETIRED.SCALAR_SINGLE'/uk,cpu/event=0xc7,umask=0x8,name='FP_ARITH_INST_RETIRED.128B_PACKED_SINGLE'/uk,cpu/event=0xc7,umask=0x20,name='FP_ARITH_INST_RETIRED.256B_PACKED_SINGLE'/uk,cpu/event=0xc7,umask=0x1,name='FP_ARITH_INST_RETIRED.SCALAR_DOUBLE'/uk,cpu/event=0xc7,umask=0x4,name='FP_ARITH_INST_RETIRED.128B_PACKED_DOUBLE'/uk,cpu/event=0xc7,umask=0x10,name='FP_ARITH_INST_RETIRED.256B_PACKED_DOUBLE'/uk,cpu/event=0xc0,umask=0x2,name='INST_RETIRED.X87'/uk,cpu/event=0xc2,umask=0x2,name='UOPS_RETIRED.RETIRE_SLOTS'/uk /opt/intel/oneapi/vtune/2023.1.0/bin64/amplxe-perf-sync dryrun sys
189 [22555143919296] INFO perfrun.sdk <> - runCmd started PID 2287947
397 [22555143919296] INFO perfrun.perfcollector <> - Monitor: runCmd RC = true
398 [22555154966208] INFO perfrun.launcher <> - plugin [aoclprofile] was disabled because it doesn't support the given collection type.
398 [22555154966208] INFO perfrun.tpss <> - initialize tpss controller
398 [22555154966208] INFO perfrun.tpss <> - configure collection mode: value = cpu:counters:nostack
398 [22555154966208] INFO perfrun.tpss <> - configure collection mode: value = cpu:stack
398 [22555154966208] INFO perfrun.tpss <> - default obj-size-min=1024
398 [22555154966208] INFO perfrun.tpss <> - default hash-table-size=0
398 [22555154966208] INFO perfrun.launcher <> - plugin [media] was disabled because it doesn't support the given collection type.
398 [22555154966208] INFO perfrun.launcher <> - plugin [] was disabled because it doesn't support the given collection type.
398 [22555154966208] INFO perfrun.launcher <> - plugin [] was disabled because it doesn't support the given collection type.
398 [22555154966208] INFO perfrun.launcher <> - plugin [parallelfs] was disabled because it doesn't support the given collection type.
398 [22555154966208] INFO perfrun.launcher <> - plugin [power] was disabled because it doesn't support the given collection type.
398 [22555154966208] INFO perfrun.launcher <> - plugin [hwloc] was disabled because it doesn't support the given collection type.
398 [22555154966208] INFO perfrun.launcher <> - plugin [ipmwatch] was disabled because it doesn't support the given collection type.
398 [22555154966208] INFO perfrun.launcher <> - plugin [os_counters] was disabled because it doesn't support the given collection type.
398 [22555154966208] INFO perfrun.launcher <> - plugin [l0_metrics] was disabled because it doesn't support the given collection type.
398 [22555298371456] INFO perfrun.launcher <> - set environment variable: LD_LIBRARY_PATH = /opt/intel/oneapi/vtune/2023.1.0/lib32/runtime:/opt/intel/oneapi/vtune/2023.1.0/lib64/runtime:/opt/intel/oneapi/tbb/2021.5.1/env/../lib/intel64/gcc4.8:/opt/intel/oneapi/mpi/2021.5.1//libfabric/lib:/opt/intel/oneapi/mpi/2021.5.1//lib/release:/opt/intel/oneapi/mpi/2021.5.1//lib:/opt/intel/oneapi/mkl/2022.0.2/lib/intel64:/opt/intel/oneapi/itac/2021.5.0/slib:/opt/intel/oneapi/debugger/2021.5.0/gdb/intel64/lib:/opt/intel/oneapi/debugger/2021.5.0/libipt/intel64/lib:/opt/intel/oneapi/debugger/2021.5.0/dep/lib:/opt/intel/oneapi/compiler/2022.0.2/linux/lib:/opt/intel/oneapi/compiler/2022.0.2/linux/lib/x64:/opt/intel/oneapi/compiler/2022.0.2/linux/lib/oclfpga/host/linux64/lib:/opt/intel/oneapi/compiler/2022.0.2/linux/compiler/lib/intel64_lin
398 [22555298371456] INFO perfrun.launcher <> - set environment variable: INTEL_LIBITTNOTIFY32 = /opt/intel/oneapi/vtune/2023.1.0/lib32/runtime/libittnotify_collector.so
398 [22555298371456] INFO perfrun.launcher <> - set environment variable: INTEL_LIBITTNOTIFY64 = /opt/intel/oneapi/vtune/2023.1.0/lib64/runtime/libittnotify_collector.so
398 [22555298371456] INFO perfrun.launcher <> - set environment variable: INTEL_ITTNOTIFY_GROUPS = 
398 [22555298371456] INFO perfrun.launcher <> - set environment variable: INTEL_JIT_PROFILER32 = /opt/intel/oneapi/vtune/2023.1.0/lib32/runtime/libittnotify_collector.so
398 [22555298371456] INFO perfrun.launcher <> - set environment variable: INTEL_JIT_PROFILER64 = /opt/intel/oneapi/vtune/2023.1.0/lib64/runtime/libittnotify_collector.so
398 [22555298371456] INFO perfrun.launcher <> - set environment variable: OMP_TOOL_LIBRARIES = /opt/intel/oneapi/vtune/2023.1.0/lib32/runtime/libittnotify_collector.so:/opt/intel/oneapi/vtune/2023.1.0/lib64/runtime/libittnotify_collector.so
398 [22555298371456] INFO perfrun.launcher <> - set environment variable: ENABLE_JITPROFILING = 1
399 [22555298371456] INFO perfrun.launcher <> - set environment variable: CL_CONFIG_USE_VTUNE = True
399 [22555298371456] INFO perfrun.launcher <> - set environment variable: LD_PRELOAD = libittnotify_collector.so:
399 [22555298371456] INFO perfrun.launcher <> - set environment variable: KMP_FORKJOIN_FRAMES = 0
399 [22555298371456] INFO perfrun.launcher <> - set environment variable: KMP_FORKJOIN_FRAMES_MODE = 0
399 [22555298371456] INFO perfrun.launcher <> - set environment variable: OMP_TOOL = disabled
399 [22555298371456] INFO perfrun.launcher <> - set environment variable: INTEL_MRTE_DATA_DIR = /home/course/hpc/users/2022012388/exp8/result.conv2/data.30
399 [22555298371456] INFO perfrun.launcher <> - set environment variable: INTEL_MRTE_HOST_NAME = conv2
399 [22555298371456] INFO perfrun.launcher <> - set environment variable: JAVA_TOOL_OPTIONS = -agentlib:amplxe_tpssmrte_javaprof_1.0 -Dsun.boot.library.path=/opt/intel/oneapi/vtune/2023.1.0/lib32/runtime:/opt/intel/oneapi/vtune/2023.1.0/lib64/runtime
399 [22555298371456] INFO perfrun.launcher <> - set environment variable: LD_LIBRARY_PATH = /opt/intel/oneapi/vtune/2023.1.0/lib32/runtime:/opt/intel/oneapi/vtune/2023.1.0/lib64/runtime:/opt/intel/oneapi/tbb/2021.5.1/env/../lib/intel64/gcc4.8:/opt/intel/oneapi/mpi/2021.5.1//libfabric/lib:/opt/intel/oneapi/mpi/2021.5.1//lib/release:/opt/intel/oneapi/mpi/2021.5.1//lib:/opt/intel/oneapi/mkl/2022.0.2/lib/intel64:/opt/intel/oneapi/itac/2021.5.0/slib:/opt/intel/oneapi/debugger/2021.5.0/gdb/intel64/lib:/opt/intel/oneapi/debugger/2021.5.0/libipt/intel64/lib:/opt/intel/oneapi/debugger/2021.5.0/dep/lib:/opt/intel/oneapi/compiler/2022.0.2/linux/lib:/opt/intel/oneapi/compiler/2022.0.2/linux/lib/x64:/opt/intel/oneapi/compiler/2022.0.2/linux/lib/oclfpga/host/linux64/lib:/opt/intel/oneapi/compiler/2022.0.2/linux/compiler/lib/intel64_lin
399 [22555298371456] INFO perfrun.launcher <> - set environment variable: CORECLR_ENABLE_PROFILING = 1
399 [22555298371456] INFO perfrun.launcher <> - set environment variable: CORECLR_PROFILER = {AA5E4821-E3B1-479c-B7FF-5AD047D22CED}
399 [22555298371456] INFO perfrun.launcher <> - set environment variable: CORECLR_PROFILER_PATH = /opt/intel/oneapi/vtune/2023.1.0/lib64/libamplxe_samplingmrte_clrprof_1.0.so
399 [22555298371456] INFO perfrun.launcher <> - set environment variable: INTEL_MRTE_PROFILER_MODE = mixed
399 [22555298371456] INFO perfrun.launcher <> - RpcServer: run RPC server to handle requests
400 [22555298371456] INFO perfrun.launcher <> - Launcher: command line to start before modification = ./run.sh 2022012388
400 [22555298371456] INFO perfrun.launcher <> - Launcher: command line to start after modification = /opt/intel/oneapi/vtune/2023.1.0/bin64/pin -error_file /home/course/hpc/users/2022012388/exp8/result.conv2/data.30/pinerr.tpsslog -detach_reattach -follow_execv -tool_load_option deepbind -t64 /opt/intel/oneapi/vtune/2023.1.0/lib64/libtpsstool.so -t /opt/intel/oneapi/vtune/2023.1.0/lib32/libtpsstool.so -server_name tpss_ipc.2287880 -prd_dir /opt/intel/oneapi/vtune/2023.1.0 -- ./run.sh 2022012388
