13 [23324422117248] INFO perfrun.launcher <> - Launcher main begin
15 [23324422117248] INFO perfrun.launcher <> - MessageCatalogInit finished
15 [23324422117248] INFO perfrun.launcher <> - Launcher instance created
15 [23324422117248] INFO perfrun.launcher <> - argc = 7; cmdline = /opt/intel/oneapi/vtune/2023.1.0/bin64/amplxe-runss --ui-output-format xml --ui-output-fd 5 --option-file /home/course/hpc/users/2022012388/exp8/result.conv2/config/runss.options.22 
260 [23324422117248] INFO perfrun.launcher <> - create msngr2::ICliToolContext
261 [23324422117248] INFO perfrun.launcher <> - create file finder object
261 [23324422117248] INFO perfrun.launcher <> - create a result directory: pattern = /home/course/hpc/users/2022012388/exp8/result.conv2 pid = 4294967295
263 [23324422117248] INFO perfrun.sdk <> - checked that the directory /home/course/hpc/users/2022012388/exp8/result.conv2 is a local directory
263 [23324422117248] INFO perfrun.sdk <> - the directory /home/course/hpc/users/2022012388/exp8/result.conv2 is located on a share or its FS ID is unknown 26985
263 [23324422117248] INFO perfrun.sdk <> - checked that the directory /tmp/amplxe-tmp-2022012388 is a local directory
263 [23324422117248] INFO perfrun.sdk <> - the directory /tmp/amplxe-tmp-2022012388 is located on a share or its FS ID is unknown 2035054128
265 [23324422117248] INFO perfrun.launcher <> - create data directory = /home/course/hpc/users/2022012388/exp8/result.conv2/data.21
266 [23324422117248] INFO perfrun.launcher <> - Creating the master collection flag
267 [23324422117248] INFO perfrun.launcher <> - Done creating the master collection flag
270 [23324279170752] INFO perfrun.launcher <> - plugin [remoteplug] was disabled because it doesn't support the given collection type.
270 [23324279170752] INFO perfrun.sdk <> - Allocating TMU :/home/course/hpc/users/2022012388/exp8/result.conv2/data.21/systemcollector-2284272-conv2.sc
271 [23324279170752] INFO perfrun.launcher <> - plugin [vdso] was disabled because it doesn't support the given collection type.
271 [23324279170752] INFO perfrun.launcher <> - plugin [ptracecollector] was disabled because it doesn't support the given collection type.
271 [23324279170752] INFO perfrun.launcher <> - plugin [gpu] was disabled because it doesn't support the given collection type.
271 [23324279170752] INFO perfrun.launcher <> - plugin [] was disabled because it doesn't support the given collection type.
271 [23324279170752] INFO perfrun.launcher <> - plugin [] was disabled because it doesn't support the given collection type.
271 [23324279170752] INFO perfrun.launcher <> - plugin [] was disabled because it doesn't support the given collection type.
271 [23324279170752] INFO perfrun.mrte <> - system-wide mode is 0
271 [23324279170752] INFO perfrun.mrte <> - Getting  mrte profiling environment ...
286 [23324279170752] INFO perfrun.mrte <> - INTEL_MRTE_DATA_DIR=/home/course/hpc/users/2022012388/exp8/result.conv2/data.21
286 [23324279170752] INFO perfrun.mrte <> - INTEL_MRTE_HOST_NAME=conv2
286 [23324279170752] INFO perfrun.mrte <> - JAVA_TOOL_OPTIONS=-agentlib:amplxe_tpssmrte_javaprof_1.0 -Dsun.boot.library.path=/opt/intel/oneapi/vtune/2023.1.0/lib32/runtime:/opt/intel/oneapi/vtune/2023.1.0/lib64/runtime
286 [23324279170752] INFO perfrun.mrte <> - LD_LIBRARY_PATH=/opt/intel/oneapi/vtune/2023.1.0/lib32/runtime:/opt/intel/oneapi/vtune/2023.1.0/lib64/runtime:/opt/intel/oneapi/tbb/2021.5.1/env/../lib/intel64/gcc4.8:/opt/intel/oneapi/mpi/2021.5.1//libfabric/lib:/opt/intel/oneapi/mpi/2021.5.1//lib/release:/opt/intel/oneapi/mpi/2021.5.1//lib:/opt/intel/oneapi/mkl/2022.0.2/lib/intel64:/opt/intel/oneapi/itac/2021.5.0/slib:/opt/intel/oneapi/debugger/2021.5.0/gdb/intel64/lib:/opt/intel/oneapi/debugger/2021.5.0/libipt/intel64/lib:/opt/intel/oneapi/debugger/2021.5.0/dep/lib:/opt/intel/oneapi/compiler/2022.0.2/linux/lib:/opt/intel/oneapi/compiler/2022.0.2/linux/lib/x64:/opt/intel/oneapi/compiler/2022.0.2/linux/lib/oclfpga/host/linux64/lib:/opt/intel/oneapi/compiler/2022.0.2/linux/compiler/lib/intel64_lin
286 [23324279170752] INFO perfrun.mrte <> - CORECLR_ENABLE_PROFILING=1
286 [23324279170752] INFO perfrun.mrte <> - CORECLR_PROFILER={AA5E4821-E3B1-479c-B7FF-5AD047D22CED}
286 [23324279170752] INFO perfrun.mrte <> - CORECLR_PROFILER_PATH=/opt/intel/oneapi/vtune/2023.1.0/lib64/libamplxe_samplingmrte_clrprof_1.0.so
286 [23324279170752] INFO perfrun.mrte <> - INTEL_MRTE_PROFILER_MODE=mixed
286 [23324279170752] INFO perfrun.mrte <> - Data directory: /home/course/hpc/users/2022012388/exp8/result.conv2/data.21
286 [23324279170752] INFO perfrun.mrte <> - Mrte plugin is initialized
286 [23324279170752] INFO perfrun.launcher <> - plugin [emon] was disabled because it doesn't support the given collection type.
286 [23324279170752] INFO perfrun.launcher <> - plugin [cuscol] was disabled because it doesn't support the given collection type.
286 [23324279170752] INFO perfrun.launcher <> - plugin [stdsrc] was disabled because it doesn't support the given collection type.
286 [23324279170752] INFO perfrun.launcher <> - plugin [sep] was disabled because it doesn't support the given collection type.
286 [23324279170752] INFO perfrun.launcher <> - plugin [vtsspp] was disabled because it doesn't support the given collection type.
286 [23324279170752] INFO perfrun.sdk <> - Reading value (0) from file: /proc/sys/kernel/perf_event_paranoid
286 [23324279170752] INFO perfrun.perfcollector <> - checking access to: /opt/intel/oneapi/vtune/2023.1.0/bin64/amplxe-perf-priv
289 [23324279170752] INFO perfrun.perfcollector <> - cpu: family = 6 model = 79
289 [23324279170752] INFO perfrun.perfcollector <> - dir found: /sys/bus/event_source/devices/software
289 [23324279170752] INFO perfrun.perfcollector <> - format: pmu format subdir doesn't exist
289 [23324279170752] INFO perfrun.perfcollector <> - hwInfo: not set, pmuFam: software
289 [23324279170752] INFO perfrun.perfcollector <> - pmu added: family: software, id: 0
289 [23324279170752] INFO perfrun.perfcollector <> - dir found: /sys/bus/event_source/devices/uncore_imc_5
289 [23324279170752] INFO perfrun.perfcollector <> - format: event config:0-7 mask:0-7
289 [23324279170752] INFO perfrun.perfcollector <> - format: edge config:18 mask:18
289 [23324279170752] INFO perfrun.perfcollector <> - format: inv config:23 mask:23
289 [23324279170752] INFO perfrun.perfcollector <> - format: umask config:8-15 mask:8-15
289 [23324279170752] INFO perfrun.perfcollector <> - format: thresh config:24-31 mask:24-31
290 [23324279170752] INFO perfrun.perfcollector <> - hwInfo: PERF_IMC_PMU_DETAILS
290 [23324279170752] INFO perfrun.perfcollector <> - pmu added: family: uncore_imc, id: 5
290 [23324279170752] INFO perfrun.perfcollector <> - dir found: /sys/bus/event_source/devices/uncore_sbox_2
290 [23324279170752] INFO perfrun.perfcollector <> - format: event config:0-7 mask:0-7
290 [23324279170752] INFO perfrun.perfcollector <> - format: edge config:18 mask:18
290 [23324279170752] INFO perfrun.perfcollector <> - format: inv config:23 mask:23
290 [23324279170752] INFO perfrun.perfcollector <> - format: umask config:8-15 mask:8-15
290 [23324279170752] INFO perfrun.perfcollector <> - format: tid_en config:19 mask:19
290 [23324279170752] INFO perfrun.perfcollector <> - format: thresh config:24-31 mask:24-31
290 [23324279170752] INFO perfrun.perfcollector <> - hwInfo: not set, pmuFam: uncore_sbox
290 [23324279170752] INFO perfrun.perfcollector <> - pmu added: family: uncore_sbox, id: 2
290 [23324279170752] INFO perfrun.perfcollector <> - dir found: /sys/bus/event_source/devices/uncore_cbox_8
290 [23324279170752] INFO perfrun.perfcollector <> - format: event config:0-7 mask:0-7
290 [23324279170752] INFO perfrun.perfcollector <> - format: filter_link config1:6-8 mask:6-8
291 [23324279170752] INFO perfrun.perfcollector <> - format: filter_c6 config1:61 mask:61
291 [23324279170752] INFO perfrun.perfcollector <> - format: edge config:18 mask:18
291 [23324279170752] INFO perfrun.perfcollector <> - format: filter_isoc config1:63 mask:63
291 [23324279170752] INFO perfrun.perfcollector <> - format: filter_tid config1:0-5 mask:0-5
291 [23324279170752] INFO perfrun.perfcollector <> - format: filter_nid config1:32-47 mask:32-47
291 [23324279170752] INFO perfrun.perfcollector <> - format: filter_nc config1:62 mask:62
291 [23324279170752] INFO perfrun.perfcollector <> - format: umask config:8-15 mask:8-15
291 [23324279170752] INFO perfrun.perfcollector <> - format: tid_en config:19 mask:19
291 [23324279170752] INFO perfrun.perfcollector <> - format: thresh config:24-31 mask:24-31
291 [23324279170752] INFO perfrun.perfcollector <> - format: filter_state config1:17-23 mask:17-23
291 [23324279170752] INFO perfrun.perfcollector <> - format: filter_opc config1:52-60 mask:52-60
291 [23324279170752] INFO perfrun.perfcollector <> - hwInfo: PERF_CBOX_PMU_DETAILS
292 [23324279170752] INFO perfrun.perfcollector <> - pmu added: family: uncore_cbox, id: 8
292 [23324279170752] INFO perfrun.perfcollector <> - dir found: /sys/bus/event_source/devices/uncore_cbox_13
292 [23324279170752] INFO perfrun.perfcollector <> - format: event config:0-7 mask:0-7
292 [23324279170752] INFO perfrun.perfcollector <> - format: filter_link config1:6-8 mask:6-8
292 [23324279170752] INFO perfrun.perfcollector <> - format: filter_c6 config1:61 mask:61
292 [23324279170752] INFO perfrun.perfcollector <> - format: edge config:18 mask:18
292 [23324279170752] INFO perfrun.perfcollector <> - format: filter_isoc config1:63 mask:63
292 [23324279170752] INFO perfrun.perfcollector <> - format: filter_tid config1:0-5 mask:0-5
292 [23324279170752] INFO perfrun.perfcollector <> - format: filter_nid config1:32-47 mask:32-47
293 [23324279170752] INFO perfrun.perfcollector <> - format: filter_nc config1:62 mask:62
293 [23324279170752] INFO perfrun.perfcollector <> - format: umask config:8-15 mask:8-15
293 [23324279170752] INFO perfrun.perfcollector <> - format: tid_en config:19 mask:19
293 [23324279170752] INFO perfrun.perfcollector <> - format: thresh config:24-31 mask:24-31
293 [23324279170752] INFO perfrun.perfcollector <> - format: filter_state config1:17-23 mask:17-23
293 [23324279170752] INFO perfrun.perfcollector <> - format: filter_opc config1:52-60 mask:52-60
293 [23324279170752] INFO perfrun.perfcollector <> - hwInfo: PERF_CBOX_PMU_DETAILS
293 [23324279170752] INFO perfrun.perfcollector <> - pmu added: family: uncore_cbox, id: 13
294 [23324279170752] INFO perfrun.perfcollector <> - dir found: /sys/bus/event_source/devices/uncore_r2pcie
294 [23324279170752] INFO perfrun.perfcollector <> - format: event config:0-7 mask:0-7
294 [23324279170752] INFO perfrun.perfcollector <> - format: edge config:18 mask:18
294 [23324279170752] INFO perfrun.perfcollector <> - format: inv config:23 mask:23
294 [23324279170752] INFO perfrun.perfcollector <> - format: umask config:8-15 mask:8-15
294 [23324279170752] INFO perfrun.perfcollector <> - format: thresh config:24-31 mask:24-31
294 [23324279170752] INFO perfrun.perfcollector <> - hwInfo: not set, pmuFam: uncore_r2pcie
294 [23324279170752] INFO perfrun.perfcollector <> - pmu added: family: uncore_r2pcie, id: 0
294 [23324279170752] INFO perfrun.perfcollector <> - dir found: /sys/bus/event_source/devices/uncore_sbox_0
294 [23324279170752] INFO perfrun.perfcollector <> - format: event config:0-7 mask:0-7
294 [23324279170752] INFO perfrun.perfcollector <> - format: edge config:18 mask:18
294 [23324279170752] INFO perfrun.perfcollector <> - format: inv config:23 mask:23
295 [23324279170752] INFO perfrun.perfcollector <> - format: umask config:8-15 mask:8-15
295 [23324279170752] INFO perfrun.perfcollector <> - format: tid_en config:19 mask:19
295 [23324279170752] INFO perfrun.perfcollector <> - format: thresh config:24-31 mask:24-31
295 [23324279170752] INFO perfrun.perfcollector <> - hwInfo: not set, pmuFam: uncore_sbox
295 [23324279170752] INFO perfrun.perfcollector <> - pmu added: family: uncore_sbox, id: 0
295 [23324279170752] INFO perfrun.perfcollector <> - dir found: /sys/bus/event_source/devices/uncore_qpi_1
295 [23324279170752] INFO perfrun.perfcollector <> - format: mask_rnid4 config2:31 mask:31
295 [23324279170752] INFO perfrun.perfcollector <> - format: mask_rnid30 config2:32-35 mask:32-35
296 [23324279170752] INFO perfrun.perfcollector <> - format: match_rnid30 config1:32-35 mask:32-35
296 [23324279170752] INFO perfrun.perfcollector <> - format: event config:0-7,21 mask:0-7,21
296 [23324279170752] INFO perfrun.perfcollector <> - format: match0 config1:0-31 mask:0-31
296 [23324279170752] INFO perfrun.perfcollector <> - format: match_rds config1:48-51 mask:48-51
296 [23324279170752] INFO perfrun.perfcollector <> - format: mask_rds config2:48-51 mask:48-51
296 [23324279170752] INFO perfrun.perfcollector <> - format: edge config:18 mask:18
296 [23324279170752] INFO perfrun.perfcollector <> - format: mask1 config2:32-63 mask:32-63
296 [23324279170752] INFO perfrun.perfcollector <> - format: match_dnid config1:13-17 mask:13-17
296 [23324279170752] INFO perfrun.perfcollector <> - format: mask_dnid config2:13-17 mask:13-17
296 [23324279170752] INFO perfrun.perfcollector <> - format: match_vnw config1:3-4 mask:3-4
296 [23324279170752] INFO perfrun.perfcollector <> - format: mask_vnw config2:3-4 mask:3-4
296 [23324279170752] INFO perfrun.perfcollector <> - format: mask_mc config2:9-12 mask:9-12
296 [23324279170752] INFO perfrun.perfcollector <> - format: match1 config1:32-63 mask:32-63
296 [23324279170752] INFO perfrun.perfcollector <> - format: inv config:23 mask:23
296 [23324279170752] INFO perfrun.perfcollector <> - format: umask config:8-15 mask:8-15
297 [23324279170752] INFO perfrun.perfcollector <> - format: match_opc config1:5-8 mask:5-8
297 [23324279170752] INFO perfrun.perfcollector <> - format: mask_opc config2:5-8 mask:5-8
297 [23324279170752] INFO perfrun.perfcollector <> - format: thresh config:24-31 mask:24-31
297 [23324279170752] INFO perfrun.perfcollector <> - format: match_rnid4 config1:31 mask:31
297 [23324279170752] INFO perfrun.perfcollector <> - format: mask0 config2:0-31 mask:0-31
297 [23324279170752] INFO perfrun.perfcollector <> - format: match_mc config1:9-12 mask:9-12
297 [23324279170752] INFO perfrun.perfcollector <> - hwInfo: PERF_QPI_PMU_DETAILS
297 [23324279170752] INFO perfrun.perfcollector <> - pmu added: family: uncore_qpi, id: 1
297 [23324279170752] INFO perfrun.perfcollector <> - dir found: /sys/bus/event_source/devices/uncore_cbox_6
298 [23324279170752] INFO perfrun.perfcollector <> - format: event config:0-7 mask:0-7
298 [23324279170752] INFO perfrun.perfcollector <> - format: filter_link config1:6-8 mask:6-8
298 [23324279170752] INFO perfrun.perfcollector <> - format: filter_c6 config1:61 mask:61
298 [23324279170752] INFO perfrun.perfcollector <> - format: edge config:18 mask:18
298 [23324279170752] INFO perfrun.perfcollector <> - format: filter_isoc config1:63 mask:63
298 [23324279170752] INFO perfrun.perfcollector <> - format: filter_tid config1:0-5 mask:0-5
298 [23324279170752] INFO perfrun.perfcollector <> - format: filter_nid config1:32-47 mask:32-47
298 [23324279170752] INFO perfrun.perfcollector <> - format: filter_nc config1:62 mask:62
298 [23324279170752] INFO perfrun.perfcollector <> - format: umask config:8-15 mask:8-15
298 [23324279170752] INFO perfrun.perfcollector <> - format: tid_en config:19 mask:19
298 [23324279170752] INFO perfrun.perfcollector <> - format: thresh config:24-31 mask:24-31
298 [23324279170752] INFO perfrun.perfcollector <> - format: filter_state config1:17-23 mask:17-23
298 [23324279170752] INFO perfrun.perfcollector <> - format: filter_opc config1:52-60 mask:52-60
298 [23324279170752] INFO perfrun.perfcollector <> - hwInfo: PERF_CBOX_PMU_DETAILS
298 [23324279170752] INFO perfrun.perfcollector <> - pmu added: family: uncore_cbox, id: 6
299 [23324279170752] INFO perfrun.perfcollector <> - dir found: /sys/bus/event_source/devices/uncore_imc_1
299 [23324279170752] INFO perfrun.perfcollector <> - format: event config:0-7 mask:0-7
299 [23324279170752] INFO perfrun.perfcollector <> - format: edge config:18 mask:18
299 [23324279170752] INFO perfrun.perfcollector <> - format: inv config:23 mask:23
299 [23324279170752] INFO perfrun.perfcollector <> - format: umask config:8-15 mask:8-15
299 [23324279170752] INFO perfrun.perfcollector <> - format: thresh config:24-31 mask:24-31
299 [23324279170752] INFO perfrun.perfcollector <> - hwInfo: PERF_IMC_PMU_DETAILS
299 [23324279170752] INFO perfrun.perfcollector <> - pmu added: family: uncore_imc, id: 1
299 [23324279170752] INFO perfrun.perfcollector <> - dir found: /sys/bus/event_source/devices/power
299 [23324279170752] INFO perfrun.perfcollector <> - format: event config:0-7 mask:0-7
299 [23324279170752] INFO perfrun.perfcollector <> - hwInfo: not set, pmuFam: power
299 [23324279170752] INFO perfrun.perfcollector <> - pmu added: family: power, id: 0
299 [23324279170752] INFO perfrun.perfcollector <> - dir found: /sys/bus/event_source/devices/uncore_cbox_11
300 [23324279170752] INFO perfrun.perfcollector <> - format: event config:0-7 mask:0-7
300 [23324279170752] INFO perfrun.perfcollector <> - format: filter_link config1:6-8 mask:6-8
300 [23324279170752] INFO perfrun.perfcollector <> - format: filter_c6 config1:61 mask:61
300 [23324279170752] INFO perfrun.perfcollector <> - format: edge config:18 mask:18
300 [23324279170752] INFO perfrun.perfcollector <> - format: filter_isoc config1:63 mask:63
300 [23324279170752] INFO perfrun.perfcollector <> - format: filter_tid config1:0-5 mask:0-5
301 [23324279170752] INFO perfrun.perfcollector <> - format: filter_nid config1:32-47 mask:32-47
301 [23324279170752] INFO perfrun.perfcollector <> - format: filter_nc config1:62 mask:62
301 [23324279170752] INFO perfrun.perfcollector <> - format: umask config:8-15 mask:8-15
301 [23324279170752] INFO perfrun.perfcollector <> - format: tid_en config:19 mask:19
301 [23324279170752] INFO perfrun.perfcollector <> - format: thresh config:24-31 mask:24-31
302 [23324279170752] INFO perfrun.perfcollector <> - format: filter_state config1:17-23 mask:17-23
302 [23324279170752] INFO perfrun.perfcollector <> - format: filter_opc config1:52-60 mask:52-60
302 [23324279170752] INFO perfrun.perfcollector <> - hwInfo: PERF_CBOX_PMU_DETAILS
302 [23324279170752] INFO perfrun.perfcollector <> - pmu added: family: uncore_cbox, id: 11
302 [23324279170752] INFO perfrun.perfcollector <> - dir found: /sys/bus/event_source/devices/uncore_cbox_4
303 [23324279170752] INFO perfrun.perfcollector <> - format: event config:0-7 mask:0-7
303 [23324279170752] INFO perfrun.perfcollector <> - format: filter_link config1:6-8 mask:6-8
303 [23324279170752] INFO perfrun.perfcollector <> - format: filter_c6 config1:61 mask:61
303 [23324279170752] INFO perfrun.perfcollector <> - format: edge config:18 mask:18
304 [23324279170752] INFO perfrun.perfcollector <> - format: filter_isoc config1:63 mask:63
304 [23324279170752] INFO perfrun.perfcollector <> - format: filter_tid config1:0-5 mask:0-5
304 [23324279170752] INFO perfrun.perfcollector <> - format: filter_nid config1:32-47 mask:32-47
304 [23324279170752] INFO perfrun.perfcollector <> - format: filter_nc config1:62 mask:62
305 [23324279170752] INFO perfrun.perfcollector <> - format: umask config:8-15 mask:8-15
305 [23324279170752] INFO perfrun.perfcollector <> - format: tid_en config:19 mask:19
305 [23324279170752] INFO perfrun.perfcollector <> - format: thresh config:24-31 mask:24-31
305 [23324279170752] INFO perfrun.perfcollector <> - format: filter_state config1:17-23 mask:17-23
305 [23324279170752] INFO perfrun.perfcollector <> - format: filter_opc config1:52-60 mask:52-60
305 [23324279170752] INFO perfrun.perfcollector <> - hwInfo: PERF_CBOX_PMU_DETAILS
306 [23324279170752] INFO perfrun.perfcollector <> - pmu added: family: uncore_cbox, id: 4
306 [23324279170752] INFO perfrun.perfcollector <> - dir found: /sys/bus/event_source/devices/uprobe
306 [23324279170752] INFO perfrun.perfcollector <> - format: ref_ctr_offset config:32-63 mask:32-63
307 [23324279170752] INFO perfrun.perfcollector <> - format: retprobe config:0 mask:0
307 [23324279170752] INFO perfrun.perfcollector <> - hwInfo: not set, pmuFam: uprobe
307 [23324279170752] INFO perfrun.perfcollector <> - pmu added: family: uprobe, id: 0
307 [23324279170752] INFO perfrun.perfcollector <> - dir found: /sys/bus/event_source/devices/intel_bts
307 [23324279170752] INFO perfrun.perfcollector <> - format: pmu format subdir doesn't exist
307 [23324279170752] INFO perfrun.perfcollector <> - hwInfo: not set, pmuFam: intel_bts
307 [23324279170752] INFO perfrun.perfcollector <> - pmu added: family: intel_bts, id: 0
307 [23324279170752] INFO perfrun.perfcollector <> - dir found: /sys/bus/event_source/devices/cpu
308 [23324279170752] INFO perfrun.perfcollector <> - format: event config:0-7 mask:0-7
308 [23324279170752] INFO perfrun.perfcollector <> - format: pc config:19 mask:19
308 [23324279170752] INFO perfrun.perfcollector <> - format: in_tx config:32 mask:32
308 [23324279170752] INFO perfrun.perfcollector <> - format: edge config:18 mask:18
309 [23324279170752] INFO perfrun.perfcollector <> - format: any config:21 mask:21
309 [23324279170752] INFO perfrun.perfcollector <> - format: offcore_rsp config1:0-63 mask:0-63
309 [23324279170752] INFO perfrun.perfcollector <> - format: in_tx_cp config:33 mask:33
309 [23324279170752] INFO perfrun.perfcollector <> - format: ldlat config1:0-15 mask:0-15
309 [23324279170752] INFO perfrun.perfcollector <> - format: inv config:23 mask:23
309 [23324279170752] INFO perfrun.perfcollector <> - format: umask config:8-15 mask:8-15
309 [23324279170752] INFO perfrun.perfcollector <> - format: cmask config:24-31 mask:24-31
309 [23324279170752] INFO perfrun.perfcollector <> - hwInfo: PERF_CPU_PMU_DETAILS
309 [23324279170752] INFO perfrun.perfcollector <> - pmu added: family: cpu, id: 0
310 [23324279170752] INFO perfrun.perfcollector <> - dir found: /sys/bus/event_source/devices/uncore_r3qpi_0
310 [23324279170752] INFO perfrun.perfcollector <> - format: event config:0-7 mask:0-7
310 [23324279170752] INFO perfrun.perfcollector <> - format: edge config:18 mask:18
310 [23324279170752] INFO perfrun.perfcollector <> - format: inv config:23 mask:23
310 [23324279170752] INFO perfrun.perfcollector <> - format: umask config:8-15 mask:8-15
310 [23324279170752] INFO perfrun.perfcollector <> - format: thresh config:24-31 mask:24-31
310 [23324279170752] INFO perfrun.perfcollector <> - hwInfo: not set, pmuFam: uncore_r3qpi
310 [23324279170752] INFO perfrun.perfcollector <> - pmu added: family: uncore_r3qpi, id: 0
310 [23324279170752] INFO perfrun.perfcollector <> - dir found: /sys/bus/event_source/devices/cstate_core
310 [23324279170752] INFO perfrun.perfcollector <> - format: event config:0-63 mask:0-63
310 [23324279170752] INFO perfrun.perfcollector <> - hwInfo: not set, pmuFam: cstate_core
310 [23324279170752] INFO perfrun.perfcollector <> - pmu added: family: cstate_core, id: 0
311 [23324279170752] INFO perfrun.perfcollector <> - dir found: /sys/bus/event_source/devices/uncore_cbox_2
311 [23324279170752] INFO perfrun.perfcollector <> - format: event config:0-7 mask:0-7
311 [23324279170752] INFO perfrun.perfcollector <> - format: filter_link config1:6-8 mask:6-8
311 [23324279170752] INFO perfrun.perfcollector <> - format: filter_c6 config1:61 mask:61
311 [23324279170752] INFO perfrun.perfcollector <> - format: edge config:18 mask:18
311 [23324279170752] INFO perfrun.perfcollector <> - format: filter_isoc config1:63 mask:63
312 [23324279170752] INFO perfrun.perfcollector <> - format: filter_tid config1:0-5 mask:0-5
312 [23324279170752] INFO perfrun.perfcollector <> - format: filter_nid config1:32-47 mask:32-47
312 [23324279170752] INFO perfrun.perfcollector <> - format: filter_nc config1:62 mask:62
312 [23324279170752] INFO perfrun.perfcollector <> - format: umask config:8-15 mask:8-15
312 [23324279170752] INFO perfrun.perfcollector <> - format: tid_en config:19 mask:19
312 [23324279170752] INFO perfrun.perfcollector <> - format: thresh config:24-31 mask:24-31
313 [23324279170752] INFO perfrun.perfcollector <> - format: filter_state config1:17-23 mask:17-23
313 [23324279170752] INFO perfrun.perfcollector <> - format: filter_opc config1:52-60 mask:52-60
313 [23324279170752] INFO perfrun.perfcollector <> - hwInfo: PERF_CBOX_PMU_DETAILS
313 [23324279170752] INFO perfrun.perfcollector <> - pmu added: family: uncore_cbox, id: 2
313 [23324279170752] INFO perfrun.perfcollector <> - dir found: /sys/bus/event_source/devices/breakpoint
313 [23324279170752] INFO perfrun.perfcollector <> - format: pmu format subdir doesn't exist
313 [23324279170752] INFO perfrun.perfcollector <> - hwInfo: not set, pmuFam: breakpoint
313 [23324279170752] INFO perfrun.perfcollector <> - pmu added: family: breakpoint, id: 0
313 [23324279170752] INFO perfrun.perfcollector <> - dir found: /sys/bus/event_source/devices/uncore_ha_0
313 [23324279170752] INFO perfrun.perfcollector <> - format: event config:0-7 mask:0-7
314 [23324279170752] INFO perfrun.perfcollector <> - format: edge config:18 mask:18
314 [23324279170752] INFO perfrun.perfcollector <> - format: inv config:23 mask:23
314 [23324279170752] INFO perfrun.perfcollector <> - format: umask config:8-15 mask:8-15
314 [23324279170752] INFO perfrun.perfcollector <> - format: thresh config:24-31 mask:24-31
314 [23324279170752] INFO perfrun.perfcollector <> - hwInfo: not set, pmuFam: uncore_ha
314 [23324279170752] INFO perfrun.perfcollector <> - pmu added: family: uncore_ha, id: 0
314 [23324279170752] INFO perfrun.perfcollector <> - dir found: /sys/bus/event_source/devices/uncore_cbox_0
314 [23324279170752] INFO perfrun.perfcollector <> - format: event config:0-7 mask:0-7
314 [23324279170752] INFO perfrun.perfcollector <> - format: filter_link config1:6-8 mask:6-8
314 [23324279170752] INFO perfrun.perfcollector <> - format: filter_c6 config1:61 mask:61
314 [23324279170752] INFO perfrun.perfcollector <> - format: edge config:18 mask:18
315 [23324279170752] INFO perfrun.perfcollector <> - format: filter_isoc config1:63 mask:63
315 [23324279170752] INFO perfrun.perfcollector <> - format: filter_tid config1:0-5 mask:0-5
315 [23324279170752] INFO perfrun.perfcollector <> - format: filter_nid config1:32-47 mask:32-47
315 [23324279170752] INFO perfrun.perfcollector <> - format: filter_nc config1:62 mask:62
315 [23324279170752] INFO perfrun.perfcollector <> - format: umask config:8-15 mask:8-15
315 [23324279170752] INFO perfrun.perfcollector <> - format: tid_en config:19 mask:19
315 [23324279170752] INFO perfrun.perfcollector <> - format: thresh config:24-31 mask:24-31
315 [23324279170752] INFO perfrun.perfcollector <> - format: filter_state config1:17-23 mask:17-23
315 [23324279170752] INFO perfrun.perfcollector <> - format: filter_opc config1:52-60 mask:52-60
315 [23324279170752] INFO perfrun.perfcollector <> - hwInfo: PERF_CBOX_PMU_DETAILS
315 [23324279170752] INFO perfrun.perfcollector <> - pmu added: family: uncore_cbox, id: 0
315 [23324279170752] INFO perfrun.perfcollector <> - dir found: /sys/bus/event_source/devices/tracepoint
316 [23324279170752] INFO perfrun.perfcollector <> - format: pmu format subdir doesn't exist
316 [23324279170752] INFO perfrun.perfcollector <> - hwInfo: not set, pmuFam: tracepoint
316 [23324279170752] INFO perfrun.perfcollector <> - pmu added: family: tracepoint, id: 0
316 [23324279170752] INFO perfrun.perfcollector <> - dir found: /sys/bus/event_source/devices/uncore_sbox_3
316 [23324279170752] INFO perfrun.perfcollector <> - format: event config:0-7 mask:0-7
316 [23324279170752] INFO perfrun.perfcollector <> - format: edge config:18 mask:18
316 [23324279170752] INFO perfrun.perfcollector <> - format: inv config:23 mask:23
316 [23324279170752] INFO perfrun.perfcollector <> - format: umask config:8-15 mask:8-15
316 [23324279170752] INFO perfrun.perfcollector <> - format: tid_en config:19 mask:19
316 [23324279170752] INFO perfrun.perfcollector <> - format: thresh config:24-31 mask:24-31
316 [23324279170752] INFO perfrun.perfcollector <> - hwInfo: not set, pmuFam: uncore_sbox
316 [23324279170752] INFO perfrun.perfcollector <> - pmu added: family: uncore_sbox, id: 3
316 [23324279170752] INFO perfrun.perfcollector <> - dir found: /sys/bus/event_source/devices/uncore_cbox_9
316 [23324279170752] INFO perfrun.perfcollector <> - format: event config:0-7 mask:0-7
317 [23324279170752] INFO perfrun.perfcollector <> - format: filter_link config1:6-8 mask:6-8
317 [23324279170752] INFO perfrun.perfcollector <> - format: filter_c6 config1:61 mask:61
317 [23324279170752] INFO perfrun.perfcollector <> - format: edge config:18 mask:18
317 [23324279170752] INFO perfrun.perfcollector <> - format: filter_isoc config1:63 mask:63
317 [23324279170752] INFO perfrun.perfcollector <> - format: filter_tid config1:0-5 mask:0-5
317 [23324279170752] INFO perfrun.perfcollector <> - format: filter_nid config1:32-47 mask:32-47
317 [23324279170752] INFO perfrun.perfcollector <> - format: filter_nc config1:62 mask:62
317 [23324279170752] INFO perfrun.perfcollector <> - format: umask config:8-15 mask:8-15
317 [23324279170752] INFO perfrun.perfcollector <> - format: tid_en config:19 mask:19
317 [23324279170752] INFO perfrun.perfcollector <> - format: thresh config:24-31 mask:24-31
317 [23324279170752] INFO perfrun.perfcollector <> - format: filter_state config1:17-23 mask:17-23
318 [23324279170752] INFO perfrun.perfcollector <> - format: filter_opc config1:52-60 mask:52-60
318 [23324279170752] INFO perfrun.perfcollector <> - hwInfo: PERF_CBOX_PMU_DETAILS
318 [23324279170752] INFO perfrun.perfcollector <> - pmu added: family: uncore_cbox, id: 9
318 [23324279170752] INFO perfrun.perfcollector <> - dir found: /sys/bus/event_source/devices/cstate_pkg
318 [23324279170752] INFO perfrun.perfcollector <> - format: event config:0-63 mask:0-63
318 [23324279170752] INFO perfrun.perfcollector <> - hwInfo: not set, pmuFam: cstate_pkg
318 [23324279170752] INFO perfrun.perfcollector <> - pmu added: family: cstate_pkg, id: 0
318 [23324279170752] INFO perfrun.perfcollector <> - dir found: /sys/bus/event_source/devices/uncore_imc_4
318 [23324279170752] INFO perfrun.perfcollector <> - format: event config:0-7 mask:0-7
318 [23324279170752] INFO perfrun.perfcollector <> - format: edge config:18 mask:18
318 [23324279170752] INFO perfrun.perfcollector <> - format: inv config:23 mask:23
318 [23324279170752] INFO perfrun.perfcollector <> - format: umask config:8-15 mask:8-15
318 [23324279170752] INFO perfrun.perfcollector <> - format: thresh config:24-31 mask:24-31
318 [23324279170752] INFO perfrun.perfcollector <> - hwInfo: PERF_IMC_PMU_DETAILS
318 [23324279170752] INFO perfrun.perfcollector <> - pmu added: family: uncore_imc, id: 4
319 [23324279170752] INFO perfrun.perfcollector <> - dir found: /sys/bus/event_source/devices/uncore_ubox
319 [23324279170752] INFO perfrun.perfcollector <> - format: event config:0-7 mask:0-7
319 [23324279170752] INFO perfrun.perfcollector <> - format: edge config:18 mask:18
319 [23324279170752] INFO perfrun.perfcollector <> - format: inv config:23 mask:23
319 [23324279170752] INFO perfrun.perfcollector <> - format: umask config:8-15 mask:8-15
319 [23324279170752] INFO perfrun.perfcollector <> - format: thresh config:24-28 mask:24-28
319 [23324279170752] INFO perfrun.perfcollector <> - hwInfo: not set, pmuFam: uncore_ubox
319 [23324279170752] INFO perfrun.perfcollector <> - pmu added: family: uncore_ubox, id: 0
319 [23324279170752] INFO perfrun.perfcollector <> - dir found: /sys/bus/event_source/devices/uncore_sbox_1
319 [23324279170752] INFO perfrun.perfcollector <> - format: event config:0-7 mask:0-7
320 [23324279170752] INFO perfrun.perfcollector <> - format: edge config:18 mask:18
320 [23324279170752] INFO perfrun.perfcollector <> - format: inv config:23 mask:23
320 [23324279170752] INFO perfrun.perfcollector <> - format: umask config:8-15 mask:8-15
320 [23324279170752] INFO perfrun.perfcollector <> - format: tid_en config:19 mask:19
320 [23324279170752] INFO perfrun.perfcollector <> - format: thresh config:24-31 mask:24-31
320 [23324279170752] INFO perfrun.perfcollector <> - hwInfo: not set, pmuFam: uncore_sbox
320 [23324279170752] INFO perfrun.perfcollector <> - pmu added: family: uncore_sbox, id: 1
320 [23324279170752] INFO perfrun.perfcollector <> - dir found: /sys/bus/event_source/devices/uncore_cbox_7
320 [23324279170752] INFO perfrun.perfcollector <> - format: event config:0-7 mask:0-7
320 [23324279170752] INFO perfrun.perfcollector <> - format: filter_link config1:6-8 mask:6-8
320 [23324279170752] INFO perfrun.perfcollector <> - format: filter_c6 config1:61 mask:61
320 [23324279170752] INFO perfrun.perfcollector <> - format: edge config:18 mask:18
321 [23324279170752] INFO perfrun.perfcollector <> - format: filter_isoc config1:63 mask:63
321 [23324279170752] INFO perfrun.perfcollector <> - format: filter_tid config1:0-5 mask:0-5
321 [23324279170752] INFO perfrun.perfcollector <> - format: filter_nid config1:32-47 mask:32-47
321 [23324279170752] INFO perfrun.perfcollector <> - format: filter_nc config1:62 mask:62
321 [23324279170752] INFO perfrun.perfcollector <> - format: umask config:8-15 mask:8-15
321 [23324279170752] INFO perfrun.perfcollector <> - format: tid_en config:19 mask:19
321 [23324279170752] INFO perfrun.perfcollector <> - format: thresh config:24-31 mask:24-31
321 [23324279170752] INFO perfrun.perfcollector <> - format: filter_state config1:17-23 mask:17-23
321 [23324279170752] INFO perfrun.perfcollector <> - format: filter_opc config1:52-60 mask:52-60
321 [23324279170752] INFO perfrun.perfcollector <> - hwInfo: PERF_CBOX_PMU_DETAILS
322 [23324279170752] INFO perfrun.perfcollector <> - pmu added: family: uncore_cbox, id: 7
322 [23324279170752] INFO perfrun.perfcollector <> - dir found: /sys/bus/event_source/devices/uncore_cbox_12
322 [23324279170752] INFO perfrun.perfcollector <> - format: event config:0-7 mask:0-7
322 [23324279170752] INFO perfrun.perfcollector <> - format: filter_link config1:6-8 mask:6-8
322 [23324279170752] INFO perfrun.perfcollector <> - format: filter_c6 config1:61 mask:61
322 [23324279170752] INFO perfrun.perfcollector <> - format: edge config:18 mask:18
322 [23324279170752] INFO perfrun.perfcollector <> - format: filter_isoc config1:63 mask:63
322 [23324279170752] INFO perfrun.perfcollector <> - format: filter_tid config1:0-5 mask:0-5
322 [23324279170752] INFO perfrun.perfcollector <> - format: filter_nid config1:32-47 mask:32-47
323 [23324279170752] INFO perfrun.perfcollector <> - format: filter_nc config1:62 mask:62
323 [23324279170752] INFO perfrun.perfcollector <> - format: umask config:8-15 mask:8-15
323 [23324279170752] INFO perfrun.perfcollector <> - format: tid_en config:19 mask:19
323 [23324279170752] INFO perfrun.perfcollector <> - format: thresh config:24-31 mask:24-31
323 [23324279170752] INFO perfrun.perfcollector <> - format: filter_state config1:17-23 mask:17-23
323 [23324279170752] INFO perfrun.perfcollector <> - format: filter_opc config1:52-60 mask:52-60
323 [23324279170752] INFO perfrun.perfcollector <> - hwInfo: PERF_CBOX_PMU_DETAILS
323 [23324279170752] INFO perfrun.perfcollector <> - pmu added: family: uncore_cbox, id: 12
323 [23324279170752] INFO perfrun.perfcollector <> - dir found: /sys/bus/event_source/devices/kprobe
324 [23324279170752] INFO perfrun.perfcollector <> - format: retprobe config:0 mask:0
324 [23324279170752] INFO perfrun.perfcollector <> - hwInfo: not set, pmuFam: kprobe
324 [23324279170752] INFO perfrun.perfcollector <> - pmu added: family: kprobe, id: 0
324 [23324279170752] INFO perfrun.perfcollector <> - dir found: /sys/bus/event_source/devices/uncore_qpi_0
324 [23324279170752] INFO perfrun.perfcollector <> - format: mask_rnid4 config2:31 mask:31
324 [23324279170752] INFO perfrun.perfcollector <> - format: mask_rnid30 config2:32-35 mask:32-35
324 [23324279170752] INFO perfrun.perfcollector <> - format: match_rnid30 config1:32-35 mask:32-35
324 [23324279170752] INFO perfrun.perfcollector <> - format: event config:0-7,21 mask:0-7,21
324 [23324279170752] INFO perfrun.perfcollector <> - format: match0 config1:0-31 mask:0-31
325 [23324279170752] INFO perfrun.perfcollector <> - format: match_rds config1:48-51 mask:48-51
325 [23324279170752] INFO perfrun.perfcollector <> - format: mask_rds config2:48-51 mask:48-51
325 [23324279170752] INFO perfrun.perfcollector <> - format: edge config:18 mask:18
325 [23324279170752] INFO perfrun.perfcollector <> - format: mask1 config2:32-63 mask:32-63
325 [23324279170752] INFO perfrun.perfcollector <> - format: match_dnid config1:13-17 mask:13-17
325 [23324279170752] INFO perfrun.perfcollector <> - format: mask_dnid config2:13-17 mask:13-17
325 [23324279170752] INFO perfrun.perfcollector <> - format: match_vnw config1:3-4 mask:3-4
325 [23324279170752] INFO perfrun.perfcollector <> - format: mask_vnw config2:3-4 mask:3-4
325 [23324279170752] INFO perfrun.perfcollector <> - format: mask_mc config2:9-12 mask:9-12
325 [23324279170752] INFO perfrun.perfcollector <> - format: match1 config1:32-63 mask:32-63
325 [23324279170752] INFO perfrun.perfcollector <> - format: inv config:23 mask:23
326 [23324279170752] INFO perfrun.perfcollector <> - format: umask config:8-15 mask:8-15
326 [23324279170752] INFO perfrun.perfcollector <> - format: match_opc config1:5-8 mask:5-8
326 [23324279170752] INFO perfrun.perfcollector <> - format: mask_opc config2:5-8 mask:5-8
326 [23324279170752] INFO perfrun.perfcollector <> - format: thresh config:24-31 mask:24-31
326 [23324279170752] INFO perfrun.perfcollector <> - format: match_rnid4 config1:31 mask:31
326 [23324279170752] INFO perfrun.perfcollector <> - format: mask0 config2:0-31 mask:0-31
326 [23324279170752] INFO perfrun.perfcollector <> - format: match_mc config1:9-12 mask:9-12
326 [23324279170752] INFO perfrun.perfcollector <> - hwInfo: PERF_QPI_PMU_DETAILS
326 [23324279170752] INFO perfrun.perfcollector <> - pmu added: family: uncore_qpi, id: 0
326 [23324279170752] INFO perfrun.perfcollector <> - dir found: /sys/bus/event_source/devices/uncore_cbox_5
327 [23324279170752] INFO perfrun.perfcollector <> - format: event config:0-7 mask:0-7
327 [23324279170752] INFO perfrun.perfcollector <> - format: filter_link config1:6-8 mask:6-8
327 [23324279170752] INFO perfrun.perfcollector <> - format: filter_c6 config1:61 mask:61
327 [23324279170752] INFO perfrun.perfcollector <> - format: edge config:18 mask:18
327 [23324279170752] INFO perfrun.perfcollector <> - format: filter_isoc config1:63 mask:63
327 [23324279170752] INFO perfrun.perfcollector <> - format: filter_tid config1:0-5 mask:0-5
327 [23324279170752] INFO perfrun.perfcollector <> - format: filter_nid config1:32-47 mask:32-47
327 [23324279170752] INFO perfrun.perfcollector <> - format: filter_nc config1:62 mask:62
327 [23324279170752] INFO perfrun.perfcollector <> - format: umask config:8-15 mask:8-15
328 [23324279170752] INFO perfrun.perfcollector <> - format: tid_en config:19 mask:19
328 [23324279170752] INFO perfrun.perfcollector <> - format: thresh config:24-31 mask:24-31
328 [23324279170752] INFO perfrun.perfcollector <> - format: filter_state config1:17-23 mask:17-23
328 [23324279170752] INFO perfrun.perfcollector <> - format: filter_opc config1:52-60 mask:52-60
328 [23324279170752] INFO perfrun.perfcollector <> - hwInfo: PERF_CBOX_PMU_DETAILS
328 [23324279170752] INFO perfrun.perfcollector <> - pmu added: family: uncore_cbox, id: 5
328 [23324279170752] INFO perfrun.perfcollector <> - dir found: /sys/bus/event_source/devices/uncore_imc_0
328 [23324279170752] INFO perfrun.perfcollector <> - format: event config:0-7 mask:0-7
329 [23324279170752] INFO perfrun.perfcollector <> - format: edge config:18 mask:18
329 [23324279170752] INFO perfrun.perfcollector <> - format: inv config:23 mask:23
329 [23324279170752] INFO perfrun.perfcollector <> - format: umask config:8-15 mask:8-15
329 [23324279170752] INFO perfrun.perfcollector <> - format: thresh config:24-31 mask:24-31
329 [23324279170752] INFO perfrun.perfcollector <> - hwInfo: PERF_IMC_PMU_DETAILS
329 [23324279170752] INFO perfrun.perfcollector <> - pmu added: family: uncore_imc, id: 0
329 [23324279170752] INFO perfrun.perfcollector <> - dir found: /sys/bus/event_source/devices/uncore_cbox_10
329 [23324279170752] INFO perfrun.perfcollector <> - format: event config:0-7 mask:0-7
329 [23324279170752] INFO perfrun.perfcollector <> - format: filter_link config1:6-8 mask:6-8
329 [23324279170752] INFO perfrun.perfcollector <> - format: filter_c6 config1:61 mask:61
330 [23324279170752] INFO perfrun.perfcollector <> - format: edge config:18 mask:18
330 [23324279170752] INFO perfrun.perfcollector <> - format: filter_isoc config1:63 mask:63
330 [23324279170752] INFO perfrun.perfcollector <> - format: filter_tid config1:0-5 mask:0-5
330 [23324279170752] INFO perfrun.perfcollector <> - format: filter_nid config1:32-47 mask:32-47
330 [23324279170752] INFO perfrun.perfcollector <> - format: filter_nc config1:62 mask:62
330 [23324279170752] INFO perfrun.perfcollector <> - format: umask config:8-15 mask:8-15
330 [23324279170752] INFO perfrun.perfcollector <> - format: tid_en config:19 mask:19
330 [23324279170752] INFO perfrun.perfcollector <> - format: thresh config:24-31 mask:24-31
331 [23324279170752] INFO perfrun.perfcollector <> - format: filter_state config1:17-23 mask:17-23
331 [23324279170752] INFO perfrun.perfcollector <> - format: filter_opc config1:52-60 mask:52-60
331 [23324279170752] INFO perfrun.perfcollector <> - hwInfo: PERF_CBOX_PMU_DETAILS
331 [23324279170752] INFO perfrun.perfcollector <> - pmu added: family: uncore_cbox, id: 10
331 [23324279170752] INFO perfrun.perfcollector <> - dir found: /sys/bus/event_source/devices/uncore_pcu
331 [23324279170752] INFO perfrun.perfcollector <> - format: filter_band2 config1:16-23 mask:16-23
331 [23324279170752] INFO perfrun.perfcollector <> - format: event config:0-7 mask:0-7
331 [23324279170752] INFO perfrun.perfcollector <> - format: filter_band0 config1:0-7 mask:0-7
331 [23324279170752] INFO perfrun.perfcollector <> - format: edge config:18 mask:18
331 [23324279170752] INFO perfrun.perfcollector <> - format: occ_invert config:30 mask:30
331 [23324279170752] INFO perfrun.perfcollector <> - format: occ_edge config:14-51 mask:14-51
331 [23324279170752] INFO perfrun.perfcollector <> - format: filter_band3 config1:24-31 mask:24-31
332 [23324279170752] INFO perfrun.perfcollector <> - format: filter_band1 config1:8-15 mask:8-15
332 [23324279170752] INFO perfrun.perfcollector <> - format: inv config:23 mask:23
332 [23324279170752] INFO perfrun.perfcollector <> - format: thresh config:24-28 mask:24-28
332 [23324279170752] INFO perfrun.perfcollector <> - format: occ_sel config:14-15 mask:14-15
332 [23324279170752] INFO perfrun.perfcollector <> - hwInfo: not set, pmuFam: uncore_pcu
332 [23324279170752] INFO perfrun.perfcollector <> - pmu added: family: uncore_pcu, id: 0
332 [23324279170752] INFO perfrun.perfcollector <> - dir found: /sys/bus/event_source/devices/uncore_r3qpi_1
332 [23324279170752] INFO perfrun.perfcollector <> - format: event config:0-7 mask:0-7
332 [23324279170752] INFO perfrun.perfcollector <> - format: edge config:18 mask:18
332 [23324279170752] INFO perfrun.perfcollector <> - format: inv config:23 mask:23
333 [23324279170752] INFO perfrun.perfcollector <> - format: umask config:8-15 mask:8-15
333 [23324279170752] INFO perfrun.perfcollector <> - format: thresh config:24-31 mask:24-31
333 [23324279170752] INFO perfrun.perfcollector <> - hwInfo: not set, pmuFam: uncore_r3qpi
333 [23324279170752] INFO perfrun.perfcollector <> - pmu added: family: uncore_r3qpi, id: 1
333 [23324279170752] INFO perfrun.perfcollector <> - dir found: /sys/bus/event_source/devices/msr
333 [23324279170752] INFO perfrun.perfcollector <> - format: event config:0-63 mask:0-63
333 [23324279170752] INFO perfrun.perfcollector <> - hwInfo: not set, pmuFam: msr
333 [23324279170752] INFO perfrun.perfcollector <> - pmu added: family: msr, id: 0
333 [23324279170752] INFO perfrun.perfcollector <> - dir found: /sys/bus/event_source/devices/uncore_cbox_3
334 [23324279170752] INFO perfrun.perfcollector <> - format: event config:0-7 mask:0-7
334 [23324279170752] INFO perfrun.perfcollector <> - format: filter_link config1:6-8 mask:6-8
334 [23324279170752] INFO perfrun.perfcollector <> - format: filter_c6 config1:61 mask:61
334 [23324279170752] INFO perfrun.perfcollector <> - format: edge config:18 mask:18
334 [23324279170752] INFO perfrun.perfcollector <> - format: filter_isoc config1:63 mask:63
334 [23324279170752] INFO perfrun.perfcollector <> - format: filter_tid config1:0-5 mask:0-5
334 [23324279170752] INFO perfrun.perfcollector <> - format: filter_nid config1:32-47 mask:32-47
334 [23324279170752] INFO perfrun.perfcollector <> - format: filter_nc config1:62 mask:62
334 [23324279170752] INFO perfrun.perfcollector <> - format: umask config:8-15 mask:8-15
334 [23324279170752] INFO perfrun.perfcollector <> - format: tid_en config:19 mask:19
334 [23324279170752] INFO perfrun.perfcollector <> - format: thresh config:24-31 mask:24-31
335 [23324279170752] INFO perfrun.perfcollector <> - format: filter_state config1:17-23 mask:17-23
335 [23324279170752] INFO perfrun.perfcollector <> - format: filter_opc config1:52-60 mask:52-60
335 [23324279170752] INFO perfrun.perfcollector <> - hwInfo: PERF_CBOX_PMU_DETAILS
335 [23324279170752] INFO perfrun.perfcollector <> - pmu added: family: uncore_cbox, id: 3
335 [23324279170752] INFO perfrun.perfcollector <> - dir found: /sys/bus/event_source/devices/intel_pt
335 [23324279170752] INFO perfrun.perfcollector <> - format: ptw config:12 mask:12
335 [23324279170752] INFO perfrun.perfcollector <> - format: event config:31 mask:31
335 [23324279170752] INFO perfrun.perfcollector <> - format: cyc_thresh config:19-22 mask:19-22
335 [23324279170752] INFO perfrun.perfcollector <> - format: pt config:0 mask:0
335 [23324279170752] INFO perfrun.perfcollector <> - format: notnt config:55 mask:55
335 [23324279170752] INFO perfrun.perfcollector <> - format: branch config:13 mask:13
335 [23324279170752] INFO perfrun.perfcollector <> - format: tsc config:10 mask:10
335 [23324279170752] INFO perfrun.perfcollector <> - format: pwr_evt config:4 mask:4
336 [23324279170752] INFO perfrun.perfcollector <> - format: fup_on_ptw config:5 mask:5
336 [23324279170752] INFO perfrun.perfcollector <> - format: cyc config:1 mask:1
336 [23324279170752] INFO perfrun.perfcollector <> - format: noretcomp config:11 mask:11
336 [23324279170752] INFO perfrun.perfcollector <> - format: mtc config:9 mask:9
336 [23324279170752] INFO perfrun.perfcollector <> - format: psb_period config:24-27 mask:24-27
336 [23324279170752] INFO perfrun.perfcollector <> - format: mtc_period config:14-17 mask:14-17
336 [23324279170752] INFO perfrun.perfcollector <> - hwInfo: not set, pmuFam: intel_pt
336 [23324279170752] INFO perfrun.perfcollector <> - pmu added: family: intel_pt, id: 0
336 [23324279170752] INFO perfrun.perfcollector <> - dir found: /sys/bus/event_source/devices/uncore_ha_1
337 [23324279170752] INFO perfrun.perfcollector <> - format: event config:0-7 mask:0-7
337 [23324279170752] INFO perfrun.perfcollector <> - format: edge config:18 mask:18
337 [23324279170752] INFO perfrun.perfcollector <> - format: inv config:23 mask:23
337 [23324279170752] INFO perfrun.perfcollector <> - format: umask config:8-15 mask:8-15
337 [23324279170752] INFO perfrun.perfcollector <> - format: thresh config:24-31 mask:24-31
337 [23324279170752] INFO perfrun.perfcollector <> - hwInfo: not set, pmuFam: uncore_ha
337 [23324279170752] INFO perfrun.perfcollector <> - pmu added: family: uncore_ha, id: 1
337 [23324279170752] INFO perfrun.perfcollector <> - dir found: /sys/bus/event_source/devices/uncore_cbox_1
337 [23324279170752] INFO perfrun.perfcollector <> - format: event config:0-7 mask:0-7
338 [23324279170752] INFO perfrun.perfcollector <> - format: filter_link config1:6-8 mask:6-8
338 [23324279170752] INFO perfrun.perfcollector <> - format: filter_c6 config1:61 mask:61
338 [23324279170752] INFO perfrun.perfcollector <> - format: edge config:18 mask:18
338 [23324279170752] INFO perfrun.perfcollector <> - format: filter_isoc config1:63 mask:63
338 [23324279170752] INFO perfrun.perfcollector <> - format: filter_tid config1:0-5 mask:0-5
338 [23324279170752] INFO perfrun.perfcollector <> - format: filter_nid config1:32-47 mask:32-47
338 [23324279170752] INFO perfrun.perfcollector <> - format: filter_nc config1:62 mask:62
338 [23324279170752] INFO perfrun.perfcollector <> - format: umask config:8-15 mask:8-15
338 [23324279170752] INFO perfrun.perfcollector <> - format: tid_en config:19 mask:19
338 [23324279170752] INFO perfrun.perfcollector <> - format: thresh config:24-31 mask:24-31
338 [23324279170752] INFO perfrun.perfcollector <> - format: filter_state config1:17-23 mask:17-23
338 [23324279170752] INFO perfrun.perfcollector <> - format: filter_opc config1:52-60 mask:52-60
338 [23324279170752] INFO perfrun.perfcollector <> - hwInfo: PERF_CBOX_PMU_DETAILS
339 [23324279170752] INFO perfrun.perfcollector <> - pmu added: family: uncore_cbox, id: 1
339 [23324279170752] INFO perfrun.sdk <> - runCmd: /opt/intel/oneapi/vtune/2023.1.0/bin64/sep -dry-run -sam 1 -ec CPU_CLK_UNHALTED.THREAD,CPU_CLK_UNHALTED.REF_TSC:sample:sa=2400000,INST_RETIRED.ANY:sample:sa=2400000,CPU_CLK_UNHALTED.REF_XCLK,CPU_CLK_UNHALTED.ONE_THREAD_ACTIVE,FP_ARITH_INST_RETIRED.SCALAR_SINGLE,FP_ARITH_INST_RETIRED.128B_PACKED_SINGLE,FP_ARITH_INST_RETIRED.256B_PACKED_SINGLE,FP_ARITH_INST_RETIRED.SCALAR_DOUBLE,FP_ARITH_INST_RETIRED.128B_PACKED_DOUBLE,FP_ARITH_INST_RETIRED.256B_PACKED_DOUBLE,INST_RETIRED.X87,UOPS_RETIRED.RETIRE_SLOTS:sample:sa=2000003 -experimental
339 [23324279170752] INFO perfrun.sdk <> - runCmd started PID 2284402
367 [23324279170752] INFO perfrun.perfcollector <> - SepDryRun RC = true
371 [23324279170752] INFO perfrun.perfcollector <> - DRY_RUN: "PMU type: Core (core)"
371 [23324279170752] INFO perfrun.perfcollector <> - pmu type: cpu
371 [23324279170752] INFO perfrun.perfcollector <> - DRY_RUN: "Group 0:"
371 [23324279170752] INFO perfrun.perfcollector <> - id: 0
371 [23324279170752] INFO perfrun.perfcollector <> - DRY_RUN: "INST_RETIRED.ANY: event id 2"
371 [23324279170752] INFO perfrun.perfcollector <> - eventName: INST_RETIRED.ANY, eventId: 2
371 [23324279170752] INFO perfrun.perfcollector <> - DRY_RUN: "CPU_CLK_UNHALTED.THREAD: event id 0"
371 [23324279170752] INFO perfrun.perfcollector <> - eventName: CPU_CLK_UNHALTED.THREAD, eventId: 0
371 [23324279170752] INFO perfrun.perfcollector <> - DRY_RUN: "CPU_CLK_UNHALTED.REF_TSC: event id 1"
371 [23324279170752] INFO perfrun.perfcollector <> - eventName: CPU_CLK_UNHALTED.REF_TSC, eventId: 1
371 [23324279170752] INFO perfrun.perfcollector <> - DRY_RUN: "FP_ARITH_INST_RETIRED.SCALAR_SINGLE: event id 5"
371 [23324279170752] INFO perfrun.perfcollector <> - eventName: FP_ARITH_INST_RETIRED.SCALAR_SINGLE, eventId: 5
371 [23324279170752] INFO perfrun.perfcollector <> - DRY_RUN: "FP_ARITH_INST_RETIRED.128B_PACKED_SINGLE: event id 6"
371 [23324279170752] INFO perfrun.perfcollector <> - eventName: FP_ARITH_INST_RETIRED.128B_PACKED_SINGLE, eventId: 6
371 [23324279170752] INFO perfrun.perfcollector <> - DRY_RUN: "FP_ARITH_INST_RETIRED.256B_PACKED_SINGLE: event id 7"
371 [23324279170752] INFO perfrun.perfcollector <> - eventName: FP_ARITH_INST_RETIRED.256B_PACKED_SINGLE, eventId: 7
371 [23324279170752] INFO perfrun.perfcollector <> - DRY_RUN: "FP_ARITH_INST_RETIRED.SCALAR_DOUBLE: event id 8"
371 [23324279170752] INFO perfrun.perfcollector <> - eventName: FP_ARITH_INST_RETIRED.SCALAR_DOUBLE, eventId: 8
371 [23324279170752] INFO perfrun.perfcollector <> - DRY_RUN: "CPU_CLK_UNHALTED.REF_XCLK: event id 3"
371 [23324279170752] INFO perfrun.perfcollector <> - eventName: CPU_CLK_UNHALTED.REF_XCLK, eventId: 3
371 [23324279170752] INFO perfrun.perfcollector <> - DRY_RUN: "CPU_CLK_UNHALTED.ONE_THREAD_ACTIVE: event id 4"
371 [23324279170752] INFO perfrun.perfcollector <> - eventName: CPU_CLK_UNHALTED.ONE_THREAD_ACTIVE, eventId: 4
371 [23324279170752] INFO perfrun.perfcollector <> - DRY_RUN: "INST_RETIRED.X87: event id 11"
371 [23324279170752] INFO perfrun.perfcollector <> - eventName: INST_RETIRED.X87, eventId: 11
371 [23324279170752] INFO perfrun.perfcollector <> - DRY_RUN: "UOPS_RETIRED.RETIRE_SLOTS: event id 12"
371 [23324279170752] INFO perfrun.perfcollector <> - eventName: UOPS_RETIRED.RETIRE_SLOTS, eventId: 12
371 [23324279170752] INFO perfrun.perfcollector <> - DRY_RUN: "CCCR"
371 [23324279170752] INFO perfrun.perfcollector <> - DRY_RUN: "reg_type       = 1	event_id       = g	reg_id         = 38f	reg_value      = 7000000ff"
371 [23324279170752] INFO perfrun.perfcollector <> - eventId: g, skip parsing event_id
371 [23324279170752] INFO perfrun.perfcollector <> - Register was ignored: group_id: 0, reg_type: 1, event_id: 4294967295, reg_id: 38f, reg_value: 7000000ff, pmu_name: cpu
371 [23324279170752] INFO perfrun.perfcollector <> - DRY_RUN: "reg_type       = 1	event_id       = g	reg_id         = 390	reg_value      = 7000000ff"
371 [23324279170752] INFO perfrun.perfcollector <> - eventId: g, skip parsing event_id
371 [23324279170752] INFO perfrun.perfcollector <> - Register was ignored: group_id: 0, reg_type: 1, event_id: 4294967295, reg_id: 390, reg_value: 7000000ff, pmu_name: cpu
371 [23324279170752] INFO perfrun.perfcollector <> - DRY_RUN: "reg_type       = 1	event_id       = g	reg_id         = 3f1	reg_value      = 0"
371 [23324279170752] INFO perfrun.perfcollector <> - eventId: g, skip parsing event_id
371 [23324279170752] INFO perfrun.perfcollector <> - Register was ignored: group_id: 0, reg_type: 1, event_id: 4294967295, reg_id: 3f1, reg_value: 0, pmu_name: cpu
371 [23324279170752] INFO perfrun.perfcollector <> - DRY_RUN: "reg_type       = 1	event_id       = g	reg_id         = 1d9	reg_value      = 1800"
371 [23324279170752] INFO perfrun.perfcollector <> - eventId: g, skip parsing event_id
371 [23324279170752] INFO perfrun.perfcollector <> - Register was ignored: group_id: 0, reg_type: 1, event_id: 4294967295, reg_id: 1d9, reg_value: 1800, pmu_name: cpu
371 [23324279170752] INFO perfrun.perfcollector <> - DRY_RUN: "reg_type       = 1	event_id       = g	reg_id         = 38d	reg_value      = bbb"
371 [23324279170752] INFO perfrun.perfcollector <> - eventId: g, skip parsing event_id
371 [23324279170752] INFO perfrun.perfcollector <> - Register was ignored: group_id: 0, reg_type: 1, event_id: 4294967295, reg_id: 38d, reg_value: bbb, pmu_name: cpu
371 [23324279170752] INFO perfrun.perfcollector <> - DRY_RUN: "reg_type       = 1	event_id       = 5	reg_id         = 186	reg_value      = 5302c7"
371 [23324279170752] INFO perfrun.perfcollector <> - Event selector: group_id: 0, reg_type: 1, event_id: 5, reg_id: 186, reg_value: 5302c7, pmu_name: cpu
371 [23324279170752] INFO perfrun.perfcollector <> - DRY_RUN: "reg_type       = 1	event_id       = 6	reg_id         = 187	reg_value      = 5308c7"
371 [23324279170752] INFO perfrun.perfcollector <> - Event selector: group_id: 0, reg_type: 1, event_id: 6, reg_id: 187, reg_value: 5308c7, pmu_name: cpu
371 [23324279170752] INFO perfrun.perfcollector <> - DRY_RUN: "reg_type       = 1	event_id       = 7	reg_id         = 188	reg_value      = 5320c7"
371 [23324279170752] INFO perfrun.perfcollector <> - Event selector: group_id: 0, reg_type: 1, event_id: 7, reg_id: 188, reg_value: 5320c7, pmu_name: cpu
371 [23324279170752] INFO perfrun.perfcollector <> - DRY_RUN: "reg_type       = 1	event_id       = 8	reg_id         = 189	reg_value      = 5301c7"
371 [23324279170752] INFO perfrun.perfcollector <> - Event selector: group_id: 0, reg_type: 1, event_id: 8, reg_id: 189, reg_value: 5301c7, pmu_name: cpu
371 [23324279170752] INFO perfrun.perfcollector <> - DRY_RUN: "reg_type       = 1	event_id       = 3	reg_id         = 18a	reg_value      = 53013c"
371 [23324279170752] INFO perfrun.perfcollector <> - Event selector: group_id: 0, reg_type: 1, event_id: 3, reg_id: 18a, reg_value: 53013c, pmu_name: cpu
371 [23324279170752] INFO perfrun.perfcollector <> - DRY_RUN: "reg_type       = 1	event_id       = 4	reg_id         = 18b	reg_value      = 53023c"
371 [23324279170752] INFO perfrun.perfcollector <> - Event selector: group_id: 0, reg_type: 1, event_id: 4, reg_id: 18b, reg_value: 53023c, pmu_name: cpu
371 [23324279170752] INFO perfrun.perfcollector <> - DRY_RUN: "reg_type       = 1	event_id       = 11	reg_id         = 18c	reg_value      = 5302c0"
371 [23324279170752] INFO perfrun.perfcollector <> - Event selector: group_id: 0, reg_type: 1, event_id: 11, reg_id: 18c, reg_value: 5302c0, pmu_name: cpu
371 [23324279170752] INFO perfrun.perfcollector <> - DRY_RUN: "reg_type       = 1	event_id       = 12	reg_id         = 18d	reg_value      = 5302c2"
371 [23324279170752] INFO perfrun.perfcollector <> - Event selector: group_id: 0, reg_type: 1, event_id: 12, reg_id: 18d, reg_value: 5302c2, pmu_name: cpu
371 [23324279170752] INFO perfrun.perfcollector <> - DRY_RUN: "ESCR"
371 [23324279170752] INFO perfrun.perfcollector <> - DRY_RUN: "reg_type       = 2	event_id       = g	reg_id         = 1c8	reg_value      = 0"
371 [23324279170752] INFO perfrun.perfcollector <> - eventId: g, skip parsing event_id
371 [23324279170752] INFO perfrun.perfcollector <> - DRY_RUN: "DATA"
371 [23324279170752] INFO perfrun.perfcollector <> - DRY_RUN: "reg_type       = 4	event_id       = 2	reg_id         = 309	reg_value      = ffffffdb6100"
371 [23324279170752] INFO perfrun.perfcollector <> - eventId: 2, dataAddr: 309, dataVal: ffffffdb6100
371 [23324279170752] INFO perfrun.perfcollector <> - DRY_RUN: "reg_type       = 4	event_id       = 0	reg_id         = 30a	reg_value      = ffffffe17b7d"
371 [23324279170752] INFO perfrun.perfcollector <> - eventId: 0, dataAddr: 30a, dataVal: ffffffe17b7d
371 [23324279170752] INFO perfrun.perfcollector <> - DRY_RUN: "reg_type       = 4	event_id       = 1	reg_id         = 30b	reg_value      = ffffffdb6100"
371 [23324279170752] INFO perfrun.perfcollector <> - eventId: 1, dataAddr: 30b, dataVal: ffffffdb6100
371 [23324279170752] INFO perfrun.perfcollector <> - DRY_RUN: "reg_type       = 4	event_id       = 5	reg_id         = c1	reg_value      = ffffffe17b7d"
371 [23324279170752] INFO perfrun.perfcollector <> - eventId: 5, dataAddr: c1, dataVal: ffffffe17b7d
371 [23324279170752] INFO perfrun.perfcollector <> - DRY_RUN: "reg_type       = 4	event_id       = 6	reg_id         = c2	reg_value      = ffffffe17b7d"
371 [23324279170752] INFO perfrun.perfcollector <> - eventId: 6, dataAddr: c2, dataVal: ffffffe17b7d
371 [23324279170752] INFO perfrun.perfcollector <> - DRY_RUN: "reg_type       = 4	event_id       = 7	reg_id         = c3	reg_value      = ffffffe17b7d"
371 [23324279170752] INFO perfrun.perfcollector <> - eventId: 7, dataAddr: c3, dataVal: ffffffe17b7d
371 [23324279170752] INFO perfrun.perfcollector <> - DRY_RUN: "reg_type       = 4	event_id       = 8	reg_id         = c4	reg_value      = ffffffe17b7d"
371 [23324279170752] INFO perfrun.perfcollector <> - eventId: 8, dataAddr: c4, dataVal: ffffffe17b7d
371 [23324279170752] INFO perfrun.perfcollector <> - DRY_RUN: "reg_type       = 4	event_id       = 3	reg_id         = c5	reg_value      = fffffffe795d"
371 [23324279170752] INFO perfrun.perfcollector <> - eventId: 3, dataAddr: c5, dataVal: fffffffe795d
371 [23324279170752] INFO perfrun.perfcollector <> - DRY_RUN: "reg_type       = 4	event_id       = 4	reg_id         = c6	reg_value      = fffffffe795d"
371 [23324279170752] INFO perfrun.perfcollector <> - eventId: 4, dataAddr: c6, dataVal: fffffffe795d
371 [23324279170752] INFO perfrun.perfcollector <> - DRY_RUN: "reg_type       = 4	event_id       = 11	reg_id         = c7	reg_value      = ffffffe17b7d"
371 [23324279170752] INFO perfrun.perfcollector <> - eventId: 11, dataAddr: c7, dataVal: ffffffe17b7d
371 [23324279170752] INFO perfrun.perfcollector <> - DRY_RUN: "reg_type       = 4	event_id       = 12	reg_id         = c8	reg_value      = ffffffe17b7d"
371 [23324279170752] INFO perfrun.perfcollector <> - eventId: 12, dataAddr: c8, dataVal: ffffffe17b7d
371 [23324279170752] INFO perfrun.perfcollector <> - DRY_RUN: "Group 1:"
371 [23324279170752] INFO perfrun.perfcollector <> - id: 1
371 [23324279170752] INFO perfrun.perfcollector <> - DRY_RUN: "INST_RETIRED.ANY: event id 2"
371 [23324279170752] INFO perfrun.perfcollector <> - eventName: INST_RETIRED.ANY, eventId: 2
371 [23324279170752] INFO perfrun.perfcollector <> - DRY_RUN: "CPU_CLK_UNHALTED.THREAD: event id 0"
371 [23324279170752] INFO perfrun.perfcollector <> - eventName: CPU_CLK_UNHALTED.THREAD, eventId: 0
371 [23324279170752] INFO perfrun.perfcollector <> - DRY_RUN: "CPU_CLK_UNHALTED.REF_TSC: event id 1"
371 [23324279170752] INFO perfrun.perfcollector <> - eventName: CPU_CLK_UNHALTED.REF_TSC, eventId: 1
371 [23324279170752] INFO perfrun.perfcollector <> - DRY_RUN: "FP_ARITH_INST_RETIRED.128B_PACKED_DOUBLE: event id 9"
371 [23324279170752] INFO perfrun.perfcollector <> - eventName: FP_ARITH_INST_RETIRED.128B_PACKED_DOUBLE, eventId: 9
371 [23324279170752] INFO perfrun.perfcollector <> - DRY_RUN: "FP_ARITH_INST_RETIRED.256B_PACKED_DOUBLE: event id 10"
371 [23324279170752] INFO perfrun.perfcollector <> - eventName: FP_ARITH_INST_RETIRED.256B_PACKED_DOUBLE, eventId: 10
371 [23324279170752] INFO perfrun.perfcollector <> - DRY_RUN: "CCCR"
371 [23324279170752] INFO perfrun.perfcollector <> - DRY_RUN: "reg_type       = 1	event_id       = g	reg_id         = 38f	reg_value      = 700000003"
371 [23324279170752] INFO perfrun.perfcollector <> - eventId: g, skip parsing event_id
371 [23324279170752] INFO perfrun.perfcollector <> - Register was ignored: group_id: 1, reg_type: 1, event_id: 4294967295, reg_id: 38f, reg_value: 700000003, pmu_name: cpu
371 [23324279170752] INFO perfrun.perfcollector <> - DRY_RUN: "reg_type       = 1	event_id       = g	reg_id         = 390	reg_value      = 700000003"
371 [23324279170752] INFO perfrun.perfcollector <> - eventId: g, skip parsing event_id
371 [23324279170752] INFO perfrun.perfcollector <> - Register was ignored: group_id: 1, reg_type: 1, event_id: 4294967295, reg_id: 390, reg_value: 700000003, pmu_name: cpu
371 [23324279170752] INFO perfrun.perfcollector <> - DRY_RUN: "reg_type       = 1	event_id       = g	reg_id         = 3f1	reg_value      = 0"
371 [23324279170752] INFO perfrun.perfcollector <> - eventId: g, skip parsing event_id
371 [23324279170752] INFO perfrun.perfcollector <> - Register was ignored: group_id: 1, reg_type: 1, event_id: 4294967295, reg_id: 3f1, reg_value: 0, pmu_name: cpu
371 [23324279170752] INFO perfrun.perfcollector <> - DRY_RUN: "reg_type       = 1	event_id       = g	reg_id         = 1d9	reg_value      = 1800"
371 [23324279170752] INFO perfrun.perfcollector <> - eventId: g, skip parsing event_id
371 [23324279170752] INFO perfrun.perfcollector <> - Register was ignored: group_id: 1, reg_type: 1, event_id: 4294967295, reg_id: 1d9, reg_value: 1800, pmu_name: cpu
371 [23324279170752] INFO perfrun.perfcollector <> - DRY_RUN: "reg_type       = 1	event_id       = g	reg_id         = 38d	reg_value      = bbb"
371 [23324279170752] INFO perfrun.perfcollector <> - eventId: g, skip parsing event_id
371 [23324279170752] INFO perfrun.perfcollector <> - Register was ignored: group_id: 1, reg_type: 1, event_id: 4294967295, reg_id: 38d, reg_value: bbb, pmu_name: cpu
371 [23324279170752] INFO perfrun.perfcollector <> - DRY_RUN: "reg_type       = 1	event_id       = 9	reg_id         = 186	reg_value      = 5304c7"
371 [23324279170752] INFO perfrun.perfcollector <> - Event selector: group_id: 1, reg_type: 1, event_id: 9, reg_id: 186, reg_value: 5304c7, pmu_name: cpu
371 [23324279170752] INFO perfrun.perfcollector <> - DRY_RUN: "reg_type       = 1	event_id       = 10	reg_id         = 187	reg_value      = 5310c7"
371 [23324279170752] INFO perfrun.perfcollector <> - Event selector: group_id: 1, reg_type: 1, event_id: 10, reg_id: 187, reg_value: 5310c7, pmu_name: cpu
371 [23324279170752] INFO perfrun.perfcollector <> - DRY_RUN: "ESCR"
371 [23324279170752] INFO perfrun.perfcollector <> - DRY_RUN: "reg_type       = 2	event_id       = g	reg_id         = 1c8	reg_value      = 0"
371 [23324279170752] INFO perfrun.perfcollector <> - eventId: g, skip parsing event_id
371 [23324279170752] INFO perfrun.perfcollector <> - DRY_RUN: "DATA"
371 [23324279170752] INFO perfrun.perfcollector <> - DRY_RUN: "reg_type       = 4	event_id       = 2	reg_id         = 309	reg_value      = ffffffdb6100"
371 [23324279170752] INFO perfrun.perfcollector <> - eventId: 2, dataAddr: 309, dataVal: ffffffdb6100
371 [23324279170752] INFO perfrun.perfcollector <> - DRY_RUN: "reg_type       = 4	event_id       = 0	reg_id         = 30a	reg_value      = ffffffe17b7d"
371 [23324279170752] INFO perfrun.perfcollector <> - eventId: 0, dataAddr: 30a, dataVal: ffffffe17b7d
371 [23324279170752] INFO perfrun.perfcollector <> - DRY_RUN: "reg_type       = 4	event_id       = 1	reg_id         = 30b	reg_value      = ffffffdb6100"
372 [23324279170752] INFO perfrun.perfcollector <> - eventId: 1, dataAddr: 30b, dataVal: ffffffdb6100
372 [23324279170752] INFO perfrun.perfcollector <> - DRY_RUN: "reg_type       = 4	event_id       = 9	reg_id         = c1	reg_value      = ffffffe17b7d"
372 [23324279170752] INFO perfrun.perfcollector <> - eventId: 9, dataAddr: c1, dataVal: ffffffe17b7d
372 [23324279170752] INFO perfrun.perfcollector <> - DRY_RUN: "reg_type       = 4	event_id       = 10	reg_id         = c2	reg_value      = ffffffe17b7d"
372 [23324279170752] INFO perfrun.perfcollector <> - eventId: 10, dataAddr: c2, dataVal: ffffffe17b7d
372 [23324279170752] INFO perfrun.perfcollector <> - event name: CPU_CLK_UNHALTED.THREAD
372 [23324279170752] INFO perfrun.perfcollector <> - pmu config: cpu
372 [23324279170752] INFO perfrun.perfcollector <> - cccrAddr: ffffffff, cccrValue: 0
372 [23324279170752] INFO perfrun.perfcollector <> - dataAddr: 30a, dataValue: ffffffffffe17b7d
372 [23324279170752] INFO perfrun.perfcollector <> - escrAddr: ffffffff, escrValue: 0
372 [23324279170752] INFO perfrun.perfcollector <> - extendedPebsValue: 0
372 [23324279170752] INFO perfrun.perfcollector <> - adaptivePebsAvailable: 0
372 [23324279170752] INFO perfrun.perfcollector <> - config: event: 3c
372 [23324279170752] INFO perfrun.perfcollector <> - config: pc: 0
372 [23324279170752] INFO perfrun.perfcollector <> - config: in_tx: 0
372 [23324279170752] INFO perfrun.perfcollector <> - config: edge: 0
372 [23324279170752] INFO perfrun.perfcollector <> - config: any: 0
372 [23324279170752] INFO perfrun.perfcollector <> - config1: offcore_rsp: 0
372 [23324279170752] INFO perfrun.perfcollector <> - config: in_tx_cp: 0
372 [23324279170752] INFO perfrun.perfcollector <> - config1: ldlat: 0
372 [23324279170752] INFO perfrun.perfcollector <> - config: inv: 0
372 [23324279170752] INFO perfrun.perfcollector <> - config: umask: 0
372 [23324279170752] INFO perfrun.perfcollector <> - config: cmask: 0
372 [23324279170752] INFO perfrun.perfcollector <> - format: cpu/event=0x3c,name='CPU_CLK_UNHALTED.THREAD'/D
372 [23324279170752] INFO perfrun.perfcollector <> - event name: CPU_CLK_UNHALTED.REF_TSC
372 [23324279170752] INFO perfrun.perfcollector <> - pmu config: cpu
372 [23324279170752] INFO perfrun.perfcollector <> - cccrAddr: ffffffff, cccrValue: 0
372 [23324279170752] INFO perfrun.perfcollector <> - dataAddr: 30b, dataValue: ffffffffffdb6100
372 [23324279170752] INFO perfrun.perfcollector <> - escrAddr: ffffffff, escrValue: 0
372 [23324279170752] INFO perfrun.perfcollector <> - extendedPebsValue: 0
372 [23324279170752] INFO perfrun.perfcollector <> - adaptivePebsAvailable: 0
372 [23324279170752] INFO perfrun.perfcollector <> - config: event: 0
372 [23324279170752] INFO perfrun.perfcollector <> - config: pc: 0
372 [23324279170752] INFO perfrun.perfcollector <> - config: in_tx: 0
372 [23324279170752] INFO perfrun.perfcollector <> - config: edge: 0
372 [23324279170752] INFO perfrun.perfcollector <> - config: any: 0
372 [23324279170752] INFO perfrun.perfcollector <> - config1: offcore_rsp: 0
372 [23324279170752] INFO perfrun.perfcollector <> - config: in_tx_cp: 0
372 [23324279170752] INFO perfrun.perfcollector <> - config1: ldlat: 0
372 [23324279170752] INFO perfrun.perfcollector <> - config: inv: 0
372 [23324279170752] INFO perfrun.perfcollector <> - config: umask: 3
372 [23324279170752] INFO perfrun.perfcollector <> - config: cmask: 0
372 [23324279170752] INFO perfrun.perfcollector <> - format: cpu/umask=0x3,name='CPU_CLK_UNHALTED.REF_TSC'/D
372 [23324279170752] INFO perfrun.perfcollector <> - event name: INST_RETIRED.ANY
372 [23324279170752] INFO perfrun.perfcollector <> - pmu config: cpu
372 [23324279170752] INFO perfrun.perfcollector <> - cccrAddr: ffffffff, cccrValue: 0
372 [23324279170752] INFO perfrun.perfcollector <> - dataAddr: 309, dataValue: ffffffffffdb6100
372 [23324279170752] INFO perfrun.perfcollector <> - escrAddr: ffffffff, escrValue: 0
372 [23324279170752] INFO perfrun.perfcollector <> - extendedPebsValue: 0
372 [23324279170752] INFO perfrun.perfcollector <> - adaptivePebsAvailable: 0
372 [23324279170752] INFO perfrun.perfcollector <> - config: event: c0
372 [23324279170752] INFO perfrun.perfcollector <> - config: pc: 0
372 [23324279170752] INFO perfrun.perfcollector <> - config: in_tx: 0
372 [23324279170752] INFO perfrun.perfcollector <> - config: edge: 0
372 [23324279170752] INFO perfrun.perfcollector <> - config: any: 0
372 [23324279170752] INFO perfrun.perfcollector <> - config1: offcore_rsp: 0
372 [23324279170752] INFO perfrun.perfcollector <> - config: in_tx_cp: 0
372 [23324279170752] INFO perfrun.perfcollector <> - config1: ldlat: 0
372 [23324279170752] INFO perfrun.perfcollector <> - config: inv: 0
372 [23324279170752] INFO perfrun.perfcollector <> - config: umask: 0
372 [23324279170752] INFO perfrun.perfcollector <> - config: cmask: 0
372 [23324279170752] INFO perfrun.perfcollector <> - format: cpu/event=0xc0,name='INST_RETIRED.ANY'/D
372 [23324279170752] INFO perfrun.perfcollector <> - event name: CPU_CLK_UNHALTED.REF_XCLK
372 [23324279170752] INFO perfrun.perfcollector <> - pmu config: cpu
372 [23324279170752] INFO perfrun.perfcollector <> - cccrAddr: 18a, cccrValue: 53013c
372 [23324279170752] INFO perfrun.perfcollector <> - dataAddr: c5, dataValue: fffffffffffe795d
372 [23324279170752] INFO perfrun.perfcollector <> - escrAddr: ffffffff, escrValue: 0
372 [23324279170752] INFO perfrun.perfcollector <> - extendedPebsValue: 0
372 [23324279170752] INFO perfrun.perfcollector <> - adaptivePebsAvailable: 0
372 [23324279170752] INFO perfrun.perfcollector <> - config: event: 3c
372 [23324279170752] INFO perfrun.perfcollector <> - config: pc: 0
372 [23324279170752] INFO perfrun.perfcollector <> - config: in_tx: 0
372 [23324279170752] INFO perfrun.perfcollector <> - config: edge: 0
372 [23324279170752] INFO perfrun.perfcollector <> - config: any: 0
372 [23324279170752] INFO perfrun.perfcollector <> - config1: offcore_rsp: 0
372 [23324279170752] INFO perfrun.perfcollector <> - config: in_tx_cp: 0
372 [23324279170752] INFO perfrun.perfcollector <> - config1: ldlat: 0
372 [23324279170752] INFO perfrun.perfcollector <> - config: inv: 0
372 [23324279170752] INFO perfrun.perfcollector <> - config: umask: 1
372 [23324279170752] INFO perfrun.perfcollector <> - config: cmask: 0
372 [23324279170752] INFO perfrun.perfcollector <> - format: cpu/event=0x3c,umask=0x1,name='CPU_CLK_UNHALTED.REF_XCLK'/
372 [23324279170752] INFO perfrun.perfcollector <> - event name: CPU_CLK_UNHALTED.ONE_THREAD_ACTIVE
372 [23324279170752] INFO perfrun.perfcollector <> - pmu config: cpu
372 [23324279170752] INFO perfrun.perfcollector <> - cccrAddr: 18b, cccrValue: 53023c
372 [23324279170752] INFO perfrun.perfcollector <> - dataAddr: c6, dataValue: fffffffffffe795d
372 [23324279170752] INFO perfrun.perfcollector <> - escrAddr: ffffffff, escrValue: 0
372 [23324279170752] INFO perfrun.perfcollector <> - extendedPebsValue: 0
372 [23324279170752] INFO perfrun.perfcollector <> - adaptivePebsAvailable: 0
372 [23324279170752] INFO perfrun.perfcollector <> - config: event: 3c
372 [23324279170752] INFO perfrun.perfcollector <> - config: pc: 0
372 [23324279170752] INFO perfrun.perfcollector <> - config: in_tx: 0
372 [23324279170752] INFO perfrun.perfcollector <> - config: edge: 0
372 [23324279170752] INFO perfrun.perfcollector <> - config: any: 0
372 [23324279170752] INFO perfrun.perfcollector <> - config1: offcore_rsp: 0
372 [23324279170752] INFO perfrun.perfcollector <> - config: in_tx_cp: 0
372 [23324279170752] INFO perfrun.perfcollector <> - config1: ldlat: 0
372 [23324279170752] INFO perfrun.perfcollector <> - config: inv: 0
372 [23324279170752] INFO perfrun.perfcollector <> - config: umask: 2
372 [23324279170752] INFO perfrun.perfcollector <> - config: cmask: 0
372 [23324279170752] INFO perfrun.perfcollector <> - format: cpu/event=0x3c,umask=0x2,name='CPU_CLK_UNHALTED.ONE_THREAD_ACTIVE'/
372 [23324279170752] INFO perfrun.perfcollector <> - event name: FP_ARITH_INST_RETIRED.SCALAR_SINGLE
372 [23324279170752] INFO perfrun.perfcollector <> - pmu config: cpu
372 [23324279170752] INFO perfrun.perfcollector <> - cccrAddr: 186, cccrValue: 5302c7
372 [23324279170752] INFO perfrun.perfcollector <> - dataAddr: c1, dataValue: ffffffffffe17b7d
372 [23324279170752] INFO perfrun.perfcollector <> - escrAddr: ffffffff, escrValue: 0
372 [23324279170752] INFO perfrun.perfcollector <> - extendedPebsValue: 0
372 [23324279170752] INFO perfrun.perfcollector <> - adaptivePebsAvailable: 0
372 [23324279170752] INFO perfrun.perfcollector <> - config: event: c7
372 [23324279170752] INFO perfrun.perfcollector <> - config: pc: 0
372 [23324279170752] INFO perfrun.perfcollector <> - config: in_tx: 0
372 [23324279170752] INFO perfrun.perfcollector <> - config: edge: 0
372 [23324279170752] INFO perfrun.perfcollector <> - config: any: 0
372 [23324279170752] INFO perfrun.perfcollector <> - config1: offcore_rsp: 0
372 [23324279170752] INFO perfrun.perfcollector <> - config: in_tx_cp: 0
372 [23324279170752] INFO perfrun.perfcollector <> - config1: ldlat: 0
372 [23324279170752] INFO perfrun.perfcollector <> - config: inv: 0
372 [23324279170752] INFO perfrun.perfcollector <> - config: umask: 2
372 [23324279170752] INFO perfrun.perfcollector <> - config: cmask: 0
372 [23324279170752] INFO perfrun.perfcollector <> - format: cpu/event=0xc7,umask=0x2,name='FP_ARITH_INST_RETIRED.SCALAR_SINGLE'/
372 [23324279170752] INFO perfrun.perfcollector <> - event name: FP_ARITH_INST_RETIRED.128B_PACKED_SINGLE
372 [23324279170752] INFO perfrun.perfcollector <> - pmu config: cpu
372 [23324279170752] INFO perfrun.perfcollector <> - cccrAddr: 187, cccrValue: 5308c7
372 [23324279170752] INFO perfrun.perfcollector <> - dataAddr: c2, dataValue: ffffffffffe17b7d
372 [23324279170752] INFO perfrun.perfcollector <> - escrAddr: ffffffff, escrValue: 0
372 [23324279170752] INFO perfrun.perfcollector <> - extendedPebsValue: 0
372 [23324279170752] INFO perfrun.perfcollector <> - adaptivePebsAvailable: 0
372 [23324279170752] INFO perfrun.perfcollector <> - config: event: c7
372 [23324279170752] INFO perfrun.perfcollector <> - config: pc: 0
372 [23324279170752] INFO perfrun.perfcollector <> - config: in_tx: 0
372 [23324279170752] INFO perfrun.perfcollector <> - config: edge: 0
372 [23324279170752] INFO perfrun.perfcollector <> - config: any: 0
372 [23324279170752] INFO perfrun.perfcollector <> - config1: offcore_rsp: 0
372 [23324279170752] INFO perfrun.perfcollector <> - config: in_tx_cp: 0
372 [23324279170752] INFO perfrun.perfcollector <> - config1: ldlat: 0
372 [23324279170752] INFO perfrun.perfcollector <> - config: inv: 0
372 [23324279170752] INFO perfrun.perfcollector <> - config: umask: 8
372 [23324279170752] INFO perfrun.perfcollector <> - config: cmask: 0
372 [23324279170752] INFO perfrun.perfcollector <> - format: cpu/event=0xc7,umask=0x8,name='FP_ARITH_INST_RETIRED.128B_PACKED_SINGLE'/
372 [23324279170752] INFO perfrun.perfcollector <> - event name: FP_ARITH_INST_RETIRED.256B_PACKED_SINGLE
372 [23324279170752] INFO perfrun.perfcollector <> - pmu config: cpu
372 [23324279170752] INFO perfrun.perfcollector <> - cccrAddr: 188, cccrValue: 5320c7
372 [23324279170752] INFO perfrun.perfcollector <> - dataAddr: c3, dataValue: ffffffffffe17b7d
372 [23324279170752] INFO perfrun.perfcollector <> - escrAddr: ffffffff, escrValue: 0
372 [23324279170752] INFO perfrun.perfcollector <> - extendedPebsValue: 0
372 [23324279170752] INFO perfrun.perfcollector <> - adaptivePebsAvailable: 0
372 [23324279170752] INFO perfrun.perfcollector <> - config: event: c7
372 [23324279170752] INFO perfrun.perfcollector <> - config: pc: 0
372 [23324279170752] INFO perfrun.perfcollector <> - config: in_tx: 0
372 [23324279170752] INFO perfrun.perfcollector <> - config: edge: 0
372 [23324279170752] INFO perfrun.perfcollector <> - config: any: 0
372 [23324279170752] INFO perfrun.perfcollector <> - config1: offcore_rsp: 0
372 [23324279170752] INFO perfrun.perfcollector <> - config: in_tx_cp: 0
372 [23324279170752] INFO perfrun.perfcollector <> - config1: ldlat: 0
372 [23324279170752] INFO perfrun.perfcollector <> - config: inv: 0
372 [23324279170752] INFO perfrun.perfcollector <> - config: umask: 20
372 [23324279170752] INFO perfrun.perfcollector <> - config: cmask: 0
372 [23324279170752] INFO perfrun.perfcollector <> - format: cpu/event=0xc7,umask=0x20,name='FP_ARITH_INST_RETIRED.256B_PACKED_SINGLE'/
372 [23324279170752] INFO perfrun.perfcollector <> - event name: FP_ARITH_INST_RETIRED.SCALAR_DOUBLE
372 [23324279170752] INFO perfrun.perfcollector <> - pmu config: cpu
372 [23324279170752] INFO perfrun.perfcollector <> - cccrAddr: 189, cccrValue: 5301c7
372 [23324279170752] INFO perfrun.perfcollector <> - dataAddr: c4, dataValue: ffffffffffe17b7d
372 [23324279170752] INFO perfrun.perfcollector <> - escrAddr: ffffffff, escrValue: 0
372 [23324279170752] INFO perfrun.perfcollector <> - extendedPebsValue: 0
372 [23324279170752] INFO perfrun.perfcollector <> - adaptivePebsAvailable: 0
372 [23324279170752] INFO perfrun.perfcollector <> - config: event: c7
372 [23324279170752] INFO perfrun.perfcollector <> - config: pc: 0
372 [23324279170752] INFO perfrun.perfcollector <> - config: in_tx: 0
372 [23324279170752] INFO perfrun.perfcollector <> - config: edge: 0
372 [23324279170752] INFO perfrun.perfcollector <> - config: any: 0
372 [23324279170752] INFO perfrun.perfcollector <> - config1: offcore_rsp: 0
372 [23324279170752] INFO perfrun.perfcollector <> - config: in_tx_cp: 0
372 [23324279170752] INFO perfrun.perfcollector <> - config1: ldlat: 0
372 [23324279170752] INFO perfrun.perfcollector <> - config: inv: 0
372 [23324279170752] INFO perfrun.perfcollector <> - config: umask: 1
372 [23324279170752] INFO perfrun.perfcollector <> - config: cmask: 0
372 [23324279170752] INFO perfrun.perfcollector <> - format: cpu/event=0xc7,umask=0x1,name='FP_ARITH_INST_RETIRED.SCALAR_DOUBLE'/
372 [23324279170752] INFO perfrun.perfcollector <> - event name: FP_ARITH_INST_RETIRED.128B_PACKED_DOUBLE
372 [23324279170752] INFO perfrun.perfcollector <> - pmu config: cpu
372 [23324279170752] INFO perfrun.perfcollector <> - cccrAddr: 186, cccrValue: 5304c7
372 [23324279170752] INFO perfrun.perfcollector <> - dataAddr: c1, dataValue: ffffffffffe17b7d
372 [23324279170752] INFO perfrun.perfcollector <> - escrAddr: ffffffff, escrValue: 0
372 [23324279170752] INFO perfrun.perfcollector <> - extendedPebsValue: 0
372 [23324279170752] INFO perfrun.perfcollector <> - adaptivePebsAvailable: 0
372 [23324279170752] INFO perfrun.perfcollector <> - config: event: c7
372 [23324279170752] INFO perfrun.perfcollector <> - config: pc: 0
372 [23324279170752] INFO perfrun.perfcollector <> - config: in_tx: 0
372 [23324279170752] INFO perfrun.perfcollector <> - config: edge: 0
372 [23324279170752] INFO perfrun.perfcollector <> - config: any: 0
372 [23324279170752] INFO perfrun.perfcollector <> - config1: offcore_rsp: 0
372 [23324279170752] INFO perfrun.perfcollector <> - config: in_tx_cp: 0
372 [23324279170752] INFO perfrun.perfcollector <> - config1: ldlat: 0
372 [23324279170752] INFO perfrun.perfcollector <> - config: inv: 0
372 [23324279170752] INFO perfrun.perfcollector <> - config: umask: 4
372 [23324279170752] INFO perfrun.perfcollector <> - config: cmask: 0
372 [23324279170752] INFO perfrun.perfcollector <> - format: cpu/event=0xc7,umask=0x4,name='FP_ARITH_INST_RETIRED.128B_PACKED_DOUBLE'/
372 [23324279170752] INFO perfrun.perfcollector <> - event name: FP_ARITH_INST_RETIRED.256B_PACKED_DOUBLE
372 [23324279170752] INFO perfrun.perfcollector <> - pmu config: cpu
372 [23324279170752] INFO perfrun.perfcollector <> - cccrAddr: 187, cccrValue: 5310c7
372 [23324279170752] INFO perfrun.perfcollector <> - dataAddr: c2, dataValue: ffffffffffe17b7d
372 [23324279170752] INFO perfrun.perfcollector <> - escrAddr: ffffffff, escrValue: 0
372 [23324279170752] INFO perfrun.perfcollector <> - extendedPebsValue: 0
372 [23324279170752] INFO perfrun.perfcollector <> - adaptivePebsAvailable: 0
372 [23324279170752] INFO perfrun.perfcollector <> - config: event: c7
372 [23324279170752] INFO perfrun.perfcollector <> - config: pc: 0
372 [23324279170752] INFO perfrun.perfcollector <> - config: in_tx: 0
372 [23324279170752] INFO perfrun.perfcollector <> - config: edge: 0
372 [23324279170752] INFO perfrun.perfcollector <> - config: any: 0
372 [23324279170752] INFO perfrun.perfcollector <> - config1: offcore_rsp: 0
372 [23324279170752] INFO perfrun.perfcollector <> - config: in_tx_cp: 0
372 [23324279170752] INFO perfrun.perfcollector <> - config1: ldlat: 0
372 [23324279170752] INFO perfrun.perfcollector <> - config: inv: 0
372 [23324279170752] INFO perfrun.perfcollector <> - config: umask: 10
372 [23324279170752] INFO perfrun.perfcollector <> - config: cmask: 0
372 [23324279170752] INFO perfrun.perfcollector <> - format: cpu/event=0xc7,umask=0x10,name='FP_ARITH_INST_RETIRED.256B_PACKED_DOUBLE'/
372 [23324279170752] INFO perfrun.perfcollector <> - event name: INST_RETIRED.X87
372 [23324279170752] INFO perfrun.perfcollector <> - pmu config: cpu
372 [23324279170752] INFO perfrun.perfcollector <> - cccrAddr: 18c, cccrValue: 5302c0
372 [23324279170752] INFO perfrun.perfcollector <> - dataAddr: c7, dataValue: ffffffffffe17b7d
372 [23324279170752] INFO perfrun.perfcollector <> - escrAddr: ffffffff, escrValue: 0
372 [23324279170752] INFO perfrun.perfcollector <> - extendedPebsValue: 0
372 [23324279170752] INFO perfrun.perfcollector <> - adaptivePebsAvailable: 0
372 [23324279170752] INFO perfrun.perfcollector <> - config: event: c0
372 [23324279170752] INFO perfrun.perfcollector <> - config: pc: 0
372 [23324279170752] INFO perfrun.perfcollector <> - config: in_tx: 0
372 [23324279170752] INFO perfrun.perfcollector <> - config: edge: 0
372 [23324279170752] INFO perfrun.perfcollector <> - config: any: 0
372 [23324279170752] INFO perfrun.perfcollector <> - config1: offcore_rsp: 0
372 [23324279170752] INFO perfrun.perfcollector <> - config: in_tx_cp: 0
372 [23324279170752] INFO perfrun.perfcollector <> - config1: ldlat: 0
372 [23324279170752] INFO perfrun.perfcollector <> - config: inv: 0
372 [23324279170752] INFO perfrun.perfcollector <> - config: umask: 2
372 [23324279170752] INFO perfrun.perfcollector <> - config: cmask: 0
372 [23324279170752] INFO perfrun.perfcollector <> - format: cpu/event=0xc0,umask=0x2,name='INST_RETIRED.X87'/
372 [23324279170752] INFO perfrun.perfcollector <> - event name: UOPS_RETIRED.RETIRE_SLOTS
372 [23324279170752] INFO perfrun.perfcollector <> - pmu config: cpu
372 [23324279170752] INFO perfrun.perfcollector <> - cccrAddr: 18d, cccrValue: 5302c2
372 [23324279170752] INFO perfrun.perfcollector <> - dataAddr: c8, dataValue: ffffffffffe17b7d
372 [23324279170752] INFO perfrun.perfcollector <> - escrAddr: ffffffff, escrValue: 0
372 [23324279170752] INFO perfrun.perfcollector <> - extendedPebsValue: 0
372 [23324279170752] INFO perfrun.perfcollector <> - adaptivePebsAvailable: 0
372 [23324279170752] INFO perfrun.perfcollector <> - config: event: c2
372 [23324279170752] INFO perfrun.perfcollector <> - config: pc: 0
372 [23324279170752] INFO perfrun.perfcollector <> - config: in_tx: 0
372 [23324279170752] INFO perfrun.perfcollector <> - config: edge: 0
372 [23324279170752] INFO perfrun.perfcollector <> - config: any: 0
372 [23324279170752] INFO perfrun.perfcollector <> - config1: offcore_rsp: 0
372 [23324279170752] INFO perfrun.perfcollector <> - config: in_tx_cp: 0
372 [23324279170752] INFO perfrun.perfcollector <> - config1: ldlat: 0
372 [23324279170752] INFO perfrun.perfcollector <> - config: inv: 0
372 [23324279170752] INFO perfrun.perfcollector <> - config: umask: 2
372 [23324279170752] INFO perfrun.perfcollector <> - config: cmask: 0
372 [23324279170752] INFO perfrun.perfcollector <> - format: cpu/event=0xc2,umask=0x2,name='UOPS_RETIRED.RETIRE_SLOTS'/
372 [23324279170752] INFO perfrun.perfcollector <> - event: cpu/event=0x3c,name='CPU_CLK_UNHALTED.THREAD'/Duk, added for counting
372 [23324279170752] INFO perfrun.perfcollector <> - event: cpu/umask=0x3,name='CPU_CLK_UNHALTED.REF_TSC'/Duk, added for counting
372 [23324279170752] INFO perfrun.perfcollector <> - event: cpu/event=0xc0,name='INST_RETIRED.ANY'/Duk, added for counting
372 [23324279170752] INFO perfrun.perfcollector <> - event: cpu/event=0x3c,umask=0x1,name='CPU_CLK_UNHALTED.REF_XCLK'/uk, added for counting
372 [23324279170752] INFO perfrun.perfcollector <> - event: cpu/event=0x3c,umask=0x2,name='CPU_CLK_UNHALTED.ONE_THREAD_ACTIVE'/uk, added for counting
372 [23324279170752] INFO perfrun.perfcollector <> - event: cpu/event=0xc7,umask=0x2,name='FP_ARITH_INST_RETIRED.SCALAR_SINGLE'/uk, added for counting
372 [23324279170752] INFO perfrun.perfcollector <> - event: cpu/event=0xc7,umask=0x8,name='FP_ARITH_INST_RETIRED.128B_PACKED_SINGLE'/uk, added for counting
372 [23324279170752] INFO perfrun.perfcollector <> - event: cpu/event=0xc7,umask=0x20,name='FP_ARITH_INST_RETIRED.256B_PACKED_SINGLE'/uk, added for counting
372 [23324279170752] INFO perfrun.perfcollector <> - event: cpu/event=0xc7,umask=0x1,name='FP_ARITH_INST_RETIRED.SCALAR_DOUBLE'/uk, added for counting
372 [23324279170752] INFO perfrun.perfcollector <> - event: cpu/event=0xc7,umask=0x4,name='FP_ARITH_INST_RETIRED.128B_PACKED_DOUBLE'/uk, added for counting
372 [23324279170752] INFO perfrun.perfcollector <> - event: cpu/event=0xc7,umask=0x10,name='FP_ARITH_INST_RETIRED.256B_PACKED_DOUBLE'/uk, added for counting
372 [23324279170752] INFO perfrun.perfcollector <> - event: cpu/event=0xc0,umask=0x2,name='INST_RETIRED.X87'/uk, added for counting
372 [23324279170752] INFO perfrun.perfcollector <> - event: cpu/event=0xc2,umask=0x2,name='UOPS_RETIRED.RETIRE_SLOTS'/uk, added for counting
372 [23324279170752] INFO perfrun.perfcollector <> - attaching to pid: 4294967295, collect mode: 1, rc modes: 3
388 [23324268123840] WARN perfrun.perfcollector <> - Perf stat trace pipe capacity: read = 1048576, write = 1048576, at file: vcs/perfrun1/plugins/perfcollector/src/profiler.cpp:765
398 [23324268123840] INFO perfrun.sdk <> - runCmd: /opt/intel/oneapi/vtune/2023.1.0/bin64/amplxe-perf stat -v --log-fd 10 --scale -x ; -e cpu/event=0x3c,name='CPU_CLK_UNHALTED.THREAD'/Duk,cpu/umask=0x3,name='CPU_CLK_UNHALTED.REF_TSC'/Duk,cpu/event=0xc0,name='INST_RETIRED.ANY'/Duk,cpu/event=0x3c,umask=0x1,name='CPU_CLK_UNHALTED.REF_XCLK'/uk,cpu/event=0x3c,umask=0x2,name='CPU_CLK_UNHALTED.ONE_THREAD_ACTIVE'/uk,cpu/event=0xc7,umask=0x2,name='FP_ARITH_INST_RETIRED.SCALAR_SINGLE'/uk,cpu/event=0xc7,umask=0x8,name='FP_ARITH_INST_RETIRED.128B_PACKED_SINGLE'/uk,cpu/event=0xc7,umask=0x20,name='FP_ARITH_INST_RETIRED.256B_PACKED_SINGLE'/uk,cpu/event=0xc7,umask=0x1,name='FP_ARITH_INST_RETIRED.SCALAR_DOUBLE'/uk,cpu/event=0xc7,umask=0x4,name='FP_ARITH_INST_RETIRED.128B_PACKED_DOUBLE'/uk,cpu/event=0xc7,umask=0x10,name='FP_ARITH_INST_RETIRED.256B_PACKED_DOUBLE'/uk,cpu/event=0xc0,umask=0x2,name='INST_RETIRED.X87'/uk,cpu/event=0xc2,umask=0x2,name='UOPS_RETIRED.RETIRE_SLOTS'/uk /opt/intel/oneapi/vtune/2023.1.0/bin64/amplxe-perf-sync dryrun sys
399 [23324268123840] INFO perfrun.sdk <> - runCmd started PID 2284445
551 [23324268123840] INFO perfrun.perfcollector <> - Monitor: runCmd RC = true
552 [23324279170752] INFO perfrun.launcher <> - plugin [aoclprofile] was disabled because it doesn't support the given collection type.
552 [23324279170752] INFO perfrun.tpss <> - initialize tpss controller
552 [23324279170752] INFO perfrun.tpss <> - configure collection mode: value = cpu:counters:nostack
552 [23324279170752] INFO perfrun.tpss <> - configure collection mode: value = cpu:stack
552 [23324279170752] INFO perfrun.tpss <> - default obj-size-min=1024
552 [23324279170752] INFO perfrun.tpss <> - default hash-table-size=0
552 [23324279170752] INFO perfrun.launcher <> - plugin [media] was disabled because it doesn't support the given collection type.
552 [23324279170752] INFO perfrun.launcher <> - plugin [] was disabled because it doesn't support the given collection type.
552 [23324279170752] INFO perfrun.launcher <> - plugin [] was disabled because it doesn't support the given collection type.
552 [23324279170752] INFO perfrun.launcher <> - plugin [parallelfs] was disabled because it doesn't support the given collection type.
552 [23324279170752] INFO perfrun.launcher <> - plugin [power] was disabled because it doesn't support the given collection type.
552 [23324279170752] INFO perfrun.launcher <> - plugin [hwloc] was disabled because it doesn't support the given collection type.
552 [23324279170752] INFO perfrun.launcher <> - plugin [ipmwatch] was disabled because it doesn't support the given collection type.
552 [23324279170752] INFO perfrun.launcher <> - plugin [os_counters] was disabled because it doesn't support the given collection type.
552 [23324279170752] INFO perfrun.launcher <> - plugin [l0_metrics] was disabled because it doesn't support the given collection type.
552 [23324422117248] INFO perfrun.launcher <> - set environment variable: LD_LIBRARY_PATH = /opt/intel/oneapi/vtune/2023.1.0/lib32/runtime:/opt/intel/oneapi/vtune/2023.1.0/lib64/runtime:/opt/intel/oneapi/tbb/2021.5.1/env/../lib/intel64/gcc4.8:/opt/intel/oneapi/mpi/2021.5.1//libfabric/lib:/opt/intel/oneapi/mpi/2021.5.1//lib/release:/opt/intel/oneapi/mpi/2021.5.1//lib:/opt/intel/oneapi/mkl/2022.0.2/lib/intel64:/opt/intel/oneapi/itac/2021.5.0/slib:/opt/intel/oneapi/debugger/2021.5.0/gdb/intel64/lib:/opt/intel/oneapi/debugger/2021.5.0/libipt/intel64/lib:/opt/intel/oneapi/debugger/2021.5.0/dep/lib:/opt/intel/oneapi/compiler/2022.0.2/linux/lib:/opt/intel/oneapi/compiler/2022.0.2/linux/lib/x64:/opt/intel/oneapi/compiler/2022.0.2/linux/lib/oclfpga/host/linux64/lib:/opt/intel/oneapi/compiler/2022.0.2/linux/compiler/lib/intel64_lin
552 [23324422117248] INFO perfrun.launcher <> - set environment variable: INTEL_LIBITTNOTIFY32 = /opt/intel/oneapi/vtune/2023.1.0/lib32/runtime/libittnotify_collector.so
552 [23324422117248] INFO perfrun.launcher <> - set environment variable: INTEL_LIBITTNOTIFY64 = /opt/intel/oneapi/vtune/2023.1.0/lib64/runtime/libittnotify_collector.so
552 [23324422117248] INFO perfrun.launcher <> - set environment variable: INTEL_ITTNOTIFY_GROUPS = 
552 [23324422117248] INFO perfrun.launcher <> - set environment variable: INTEL_JIT_PROFILER32 = /opt/intel/oneapi/vtune/2023.1.0/lib32/runtime/libittnotify_collector.so
552 [23324422117248] INFO perfrun.launcher <> - set environment variable: INTEL_JIT_PROFILER64 = /opt/intel/oneapi/vtune/2023.1.0/lib64/runtime/libittnotify_collector.so
552 [23324422117248] INFO perfrun.launcher <> - set environment variable: OMP_TOOL_LIBRARIES = /opt/intel/oneapi/vtune/2023.1.0/lib32/runtime/libittnotify_collector.so:/opt/intel/oneapi/vtune/2023.1.0/lib64/runtime/libittnotify_collector.so
553 [23324422117248] INFO perfrun.launcher <> - set environment variable: ENABLE_JITPROFILING = 1
553 [23324422117248] INFO perfrun.launcher <> - set environment variable: CL_CONFIG_USE_VTUNE = True
553 [23324422117248] INFO perfrun.launcher <> - set environment variable: LD_PRELOAD = libittnotify_collector.so:
553 [23324422117248] INFO perfrun.launcher <> - set environment variable: KMP_FORKJOIN_FRAMES = 0
553 [23324422117248] INFO perfrun.launcher <> - set environment variable: KMP_FORKJOIN_FRAMES_MODE = 0
553 [23324422117248] INFO perfrun.launcher <> - set environment variable: OMP_TOOL = disabled
553 [23324422117248] INFO perfrun.launcher <> - set environment variable: INTEL_MRTE_DATA_DIR = /home/course/hpc/users/2022012388/exp8/result.conv2/data.21
553 [23324422117248] INFO perfrun.launcher <> - set environment variable: INTEL_MRTE_HOST_NAME = conv2
553 [23324422117248] INFO perfrun.launcher <> - set environment variable: JAVA_TOOL_OPTIONS = -agentlib:amplxe_tpssmrte_javaprof_1.0 -Dsun.boot.library.path=/opt/intel/oneapi/vtune/2023.1.0/lib32/runtime:/opt/intel/oneapi/vtune/2023.1.0/lib64/runtime
553 [23324422117248] INFO perfrun.launcher <> - set environment variable: LD_LIBRARY_PATH = /opt/intel/oneapi/vtune/2023.1.0/lib32/runtime:/opt/intel/oneapi/vtune/2023.1.0/lib64/runtime:/opt/intel/oneapi/tbb/2021.5.1/env/../lib/intel64/gcc4.8:/opt/intel/oneapi/mpi/2021.5.1//libfabric/lib:/opt/intel/oneapi/mpi/2021.5.1//lib/release:/opt/intel/oneapi/mpi/2021.5.1//lib:/opt/intel/oneapi/mkl/2022.0.2/lib/intel64:/opt/intel/oneapi/itac/2021.5.0/slib:/opt/intel/oneapi/debugger/2021.5.0/gdb/intel64/lib:/opt/intel/oneapi/debugger/2021.5.0/libipt/intel64/lib:/opt/intel/oneapi/debugger/2021.5.0/dep/lib:/opt/intel/oneapi/compiler/2022.0.2/linux/lib:/opt/intel/oneapi/compiler/2022.0.2/linux/lib/x64:/opt/intel/oneapi/compiler/2022.0.2/linux/lib/oclfpga/host/linux64/lib:/opt/intel/oneapi/compiler/2022.0.2/linux/compiler/lib/intel64_lin
553 [23324422117248] INFO perfrun.launcher <> - set environment variable: CORECLR_ENABLE_PROFILING = 1
553 [23324422117248] INFO perfrun.launcher <> - set environment variable: CORECLR_PROFILER = {AA5E4821-E3B1-479c-B7FF-5AD047D22CED}
553 [23324422117248] INFO perfrun.launcher <> - set environment variable: CORECLR_PROFILER_PATH = /opt/intel/oneapi/vtune/2023.1.0/lib64/libamplxe_samplingmrte_clrprof_1.0.so
553 [23324422117248] INFO perfrun.launcher <> - set environment variable: INTEL_MRTE_PROFILER_MODE = mixed
553 [23324422117248] INFO perfrun.launcher <> - RpcServer: run RPC server to handle requests
554 [23324422117248] INFO perfrun.launcher <> - Launcher: command line to start before modification = ./run.sh 2022012388
554 [23324422117248] INFO perfrun.launcher <> - Launcher: command line to start after modification = /opt/intel/oneapi/vtune/2023.1.0/bin64/pin -error_file /home/course/hpc/users/2022012388/exp8/result.conv2/data.21/pinerr.tpsslog -detach_reattach -follow_execv -tool_load_option deepbind -t64 /opt/intel/oneapi/vtune/2023.1.0/lib64/libtpsstool.so -t /opt/intel/oneapi/vtune/2023.1.0/lib32/libtpsstool.so -server_name tpss_ipc.2284272 -prd_dir /opt/intel/oneapi/vtune/2023.1.0 -- ./run.sh 2022012388
554 [23324422117248] INFO perfrun.launcher <> - ProcessCreator object was created
555 [23324422117248] INFO perfrun.launcher <> - Launcher: the process was started in suspend mode
557 [23324279170752] WARN perfrun.system <> - Could not do anything with /sys/kernel/debug/kvm: boost::filesystem::status: Permission denied: "/sys/kernel/debug/kvm", at file: vcs/perfrun1/plugins/system/src/trace_writer.cpp:787
557 [23324279170752] WARN perfrun.system <> - Folder "/var/run/libvirt/qemu/"doesn't exist, at file: vcs/perfrun1/plugins/system/src/trace_writer.cpp:800
558 [23324279170752] INFO perfrun.itt <> - start itt controller for pid #2284522
558 [23324279170752] INFO perfrun.perfcollector <> - attaching to pid: 2284522, collect mode: 1, rc modes: 1
572 [23324261820096] WARN perfrun.perfcollector <> - Perf stat trace pipe capacity: read = 1048576, write = 1048576, at file: vcs/perfrun1/plugins/perfcollector/src/profiler.cpp:765
581 [23324261820096] INFO perfrun.sdk <> - runCmd: /opt/intel/oneapi/vtune/2023.1.0/bin64/amplxe-perf stat -v --log-fd 22 --control=fd:23,26 --scale -x ; -p 2284522 -e cpu/event=0x3c,name='CPU_CLK_UNHALTED.THREAD'/Duk,cpu/umask=0x3,name='CPU_CLK_UNHALTED.REF_TSC'/Duk,cpu/event=0xc0,name='INST_RETIRED.ANY'/Duk,cpu/event=0x3c,umask=0x1,name='CPU_CLK_UNHALTED.REF_XCLK'/uk,cpu/event=0x3c,umask=0x2,name='CPU_CLK_UNHALTED.ONE_THREAD_ACTIVE'/uk,cpu/event=0xc7,umask=0x2,name='FP_ARITH_INST_RETIRED.SCALAR_SINGLE'/uk,cpu/event=0xc7,umask=0x8,name='FP_ARITH_INST_RETIRED.128B_PACKED_SINGLE'/uk,cpu/event=0xc7,umask=0x20,name='FP_ARITH_INST_RETIRED.256B_PACKED_SINGLE'/uk,cpu/event=0xc7,umask=0x1,name='FP_ARITH_INST_RETIRED.SCALAR_DOUBLE'/uk,cpu/event=0xc7,umask=0x4,name='FP_ARITH_INST_RETIRED.128B_PACKED_DOUBLE'/uk,cpu/event=0xc7,umask=0x10,name='FP_ARITH_INST_RETIRED.256B_PACKED_DOUBLE'/uk,cpu/event=0xc0,umask=0x2,name='INST_RETIRED.X87'/uk,cpu/event=0xc2,umask=0x2,name='UOPS_RETIRED.RETIRE_SLOTS'/uk /opt/intel/oneapi/vtune/2023.1.0/bin64/amplxe-perf-sync sync sys
582 [23324261820096] INFO perfrun.sdk <> - runCmd started PID 2284587
737 [23324279170752] INFO perfrun.tpss <> - start tpss controller for pid #2284522
788 [23324422117248] INFO perfrun.launcher <> - Launcher: all plugins were started
788 [23324422117248] INFO perfrun.launcher <> - DirectoryMonitor object was created
788 [23324422117248] INFO perfrun.launcher <> - DirectoryMonitor: a callback was added
788 [23324422117248] INFO perfrun.launcher <> - DirectoryMonitor was started with pingTime = 1000
788 [23324422117248] INFO perfrun.launcher <> - DeadlineTimer is going to be constructed
788 [23324422117248] INFO perfrun.launcher <> - DeadlineTimer: a callback was added
790 [23324422117248] INFO perfrun.launcher <> - Launcher: resume the profiled application and  wait its termination or stop command
140915 [23324422117248] INFO perfrun.launcher <> - Launcher: the profiled application was terminated  with exit code = 1
141149 [23324279170752] INFO perfrun.itt <> - detach itt controller
141149 [23324279170752] INFO perfrun.itt <> - detach itt controller done
141151 [23324261820096] INFO perfrun.perfcollector <> - Monitor: runCmd RC = true
141152 [23324279170752] INFO perfrun.perfcollector <> - Monitor: state = 3, error = 1
141153 [23324279170752] INFO perfrun.tpss <> - stop tpss controller
141157 [23324279170752] INFO perfrun.sdk <> - De-allocating TMU: /home/course/hpc/users/2022012388/exp8/result.conv2/data.21/systemcollector-2284272-conv2.sc
141157 [23324279170752] INFO perfrun.system <> - closed the system trace file: /home/course/hpc/users/2022012388/exp8/result.conv2/data.21/systemcollector-2284272-conv2.sc
141158 [23324422117248] INFO perfrun.launcher <> - Launcher: all plugins were stopped.
141158 [23324422117248] INFO perfrun.launcher <> - DeadlineTimer is going to be destroyed
141158 [23324422117248] INFO perfrun.launcher <> - DeadlineTimer was destroyed
141158 [23324422117248] INFO perfrun.launcher <> - DirectoryMonitor object was destroyed
141158 [23324422117248] WARN perfrun.launcher <> - Stop command is ignored because it is received when collection is already stopped, at file: vcs/perfrun1/launcher/src/command_handler.cpp:226
141159 [23324422117248] INFO perfrun.launcher <> - Application exit code: 1
141159 [23324422117248] INFO perfrun.launcher <> - Exit code: 4
