13 [22973002520448] INFO perfrun.launcher <> - Launcher main begin
15 [22973002520448] INFO perfrun.launcher <> - MessageCatalogInit finished
15 [22973002520448] INFO perfrun.launcher <> - Launcher instance created
15 [22973002520448] INFO perfrun.launcher <> - argc = 7; cmdline = /opt/intel/oneapi/vtune/2023.1.0/bin64/amplxe-runss --ui-output-format xml --ui-output-fd 5 --option-file /home/course/hpc/users/2022012388/exp8/result.conv2/config/runss.options.15 
232 [22973002520448] INFO perfrun.launcher <> - create msngr2::ICliToolContext
233 [22973002520448] INFO perfrun.launcher <> - create file finder object
233 [22973002520448] INFO perfrun.launcher <> - create a result directory: pattern = /home/course/hpc/users/2022012388/exp8/result.conv2 pid = 4294967295
235 [22973002520448] INFO perfrun.sdk <> - checked that the directory /home/course/hpc/users/2022012388/exp8/result.conv2 is a local directory
235 [22973002520448] INFO perfrun.sdk <> - the directory /home/course/hpc/users/2022012388/exp8/result.conv2 is located on a share or its FS ID is unknown 26985
235 [22973002520448] INFO perfrun.sdk <> - checked that the directory /tmp/amplxe-tmp-2022012388 is a local directory
235 [22973002520448] INFO perfrun.sdk <> - the directory /tmp/amplxe-tmp-2022012388 is located on a share or its FS ID is unknown 2035054128
237 [22973002520448] INFO perfrun.launcher <> - create data directory = /home/course/hpc/users/2022012388/exp8/result.conv2/data.15
237 [22973002520448] INFO perfrun.launcher <> - Creating the master collection flag
237 [22973002520448] INFO perfrun.launcher <> - Done creating the master collection flag
240 [22972859410112] INFO perfrun.launcher <> - plugin [remoteplug] was disabled because it doesn't support the given collection type.
240 [22972859410112] INFO perfrun.sdk <> - Allocating TMU :/home/course/hpc/users/2022012388/exp8/result.conv2/data.15/systemcollector-2284243-conv2.sc
241 [22972859410112] INFO perfrun.launcher <> - plugin [vdso] was disabled because it doesn't support the given collection type.
242 [22972859410112] INFO perfrun.launcher <> - plugin [ptracecollector] was disabled because it doesn't support the given collection type.
242 [22972859410112] INFO perfrun.launcher <> - plugin [gpu] was disabled because it doesn't support the given collection type.
242 [22972859410112] INFO perfrun.launcher <> - plugin [] was disabled because it doesn't support the given collection type.
242 [22972859410112] INFO perfrun.launcher <> - plugin [] was disabled because it doesn't support the given collection type.
242 [22972859410112] INFO perfrun.launcher <> - plugin [] was disabled because it doesn't support the given collection type.
242 [22972859410112] INFO perfrun.mrte <> - system-wide mode is 0
242 [22972859410112] INFO perfrun.mrte <> - Getting  mrte profiling environment ...
257 [22972859410112] INFO perfrun.mrte <> - INTEL_MRTE_DATA_DIR=/home/course/hpc/users/2022012388/exp8/result.conv2/data.15
257 [22972859410112] INFO perfrun.mrte <> - INTEL_MRTE_HOST_NAME=conv2
257 [22972859410112] INFO perfrun.mrte <> - JAVA_TOOL_OPTIONS=-agentlib:amplxe_tpssmrte_javaprof_1.0 -Dsun.boot.library.path=/opt/intel/oneapi/vtune/2023.1.0/lib32/runtime:/opt/intel/oneapi/vtune/2023.1.0/lib64/runtime
257 [22972859410112] INFO perfrun.mrte <> - LD_LIBRARY_PATH=/opt/intel/oneapi/vtune/2023.1.0/lib32/runtime:/opt/intel/oneapi/vtune/2023.1.0/lib64/runtime:/opt/intel/oneapi/tbb/2021.5.1/env/../lib/intel64/gcc4.8:/opt/intel/oneapi/mpi/2021.5.1//libfabric/lib:/opt/intel/oneapi/mpi/2021.5.1//lib/release:/opt/intel/oneapi/mpi/2021.5.1//lib:/opt/intel/oneapi/mkl/2022.0.2/lib/intel64:/opt/intel/oneapi/itac/2021.5.0/slib:/opt/intel/oneapi/debugger/2021.5.0/gdb/intel64/lib:/opt/intel/oneapi/debugger/2021.5.0/libipt/intel64/lib:/opt/intel/oneapi/debugger/2021.5.0/dep/lib:/opt/intel/oneapi/compiler/2022.0.2/linux/lib:/opt/intel/oneapi/compiler/2022.0.2/linux/lib/x64:/opt/intel/oneapi/compiler/2022.0.2/linux/lib/oclfpga/host/linux64/lib:/opt/intel/oneapi/compiler/2022.0.2/linux/compiler/lib/intel64_lin
257 [22972859410112] INFO perfrun.mrte <> - CORECLR_ENABLE_PROFILING=1
257 [22972859410112] INFO perfrun.mrte <> - CORECLR_PROFILER={AA5E4821-E3B1-479c-B7FF-5AD047D22CED}
257 [22972859410112] INFO perfrun.mrte <> - CORECLR_PROFILER_PATH=/opt/intel/oneapi/vtune/2023.1.0/lib64/libamplxe_samplingmrte_clrprof_1.0.so
257 [22972859410112] INFO perfrun.mrte <> - INTEL_MRTE_PROFILER_MODE=mixed
257 [22972859410112] INFO perfrun.mrte <> - Data directory: /home/course/hpc/users/2022012388/exp8/result.conv2/data.15
257 [22972859410112] INFO perfrun.mrte <> - Mrte plugin is initialized
257 [22972859410112] INFO perfrun.launcher <> - plugin [emon] was disabled because it doesn't support the given collection type.
257 [22972859410112] INFO perfrun.launcher <> - plugin [cuscol] was disabled because it doesn't support the given collection type.
257 [22972859410112] INFO perfrun.launcher <> - plugin [stdsrc] was disabled because it doesn't support the given collection type.
257 [22972859410112] INFO perfrun.launcher <> - plugin [sep] was disabled because it doesn't support the given collection type.
257 [22972859410112] INFO perfrun.launcher <> - plugin [vtsspp] was disabled because it doesn't support the given collection type.
257 [22972859410112] INFO perfrun.sdk <> - Reading value (0) from file: /proc/sys/kernel/perf_event_paranoid
257 [22972859410112] INFO perfrun.perfcollector <> - checking access to: /opt/intel/oneapi/vtune/2023.1.0/bin64/amplxe-perf-priv
260 [22972859410112] INFO perfrun.perfcollector <> - cpu: family = 6 model = 79
260 [22972859410112] INFO perfrun.perfcollector <> - dir found: /sys/bus/event_source/devices/software
261 [22972859410112] INFO perfrun.perfcollector <> - format: pmu format subdir doesn't exist
261 [22972859410112] INFO perfrun.perfcollector <> - hwInfo: not set, pmuFam: software
261 [22972859410112] INFO perfrun.perfcollector <> - pmu added: family: software, id: 0
261 [22972859410112] INFO perfrun.perfcollector <> - dir found: /sys/bus/event_source/devices/uncore_imc_5
261 [22972859410112] INFO perfrun.perfcollector <> - format: event config:0-7 mask:0-7
261 [22972859410112] INFO perfrun.perfcollector <> - format: edge config:18 mask:18
261 [22972859410112] INFO perfrun.perfcollector <> - format: inv config:23 mask:23
262 [22972859410112] INFO perfrun.perfcollector <> - format: umask config:8-15 mask:8-15
262 [22972859410112] INFO perfrun.perfcollector <> - format: thresh config:24-31 mask:24-31
262 [22972859410112] INFO perfrun.perfcollector <> - hwInfo: PERF_IMC_PMU_DETAILS
262 [22972859410112] INFO perfrun.perfcollector <> - pmu added: family: uncore_imc, id: 5
262 [22972859410112] INFO perfrun.perfcollector <> - dir found: /sys/bus/event_source/devices/uncore_sbox_2
262 [22972859410112] INFO perfrun.perfcollector <> - format: event config:0-7 mask:0-7
262 [22972859410112] INFO perfrun.perfcollector <> - format: edge config:18 mask:18
262 [22972859410112] INFO perfrun.perfcollector <> - format: inv config:23 mask:23
262 [22972859410112] INFO perfrun.perfcollector <> - format: umask config:8-15 mask:8-15
262 [22972859410112] INFO perfrun.perfcollector <> - format: tid_en config:19 mask:19
262 [22972859410112] INFO perfrun.perfcollector <> - format: thresh config:24-31 mask:24-31
262 [22972859410112] INFO perfrun.perfcollector <> - hwInfo: not set, pmuFam: uncore_sbox
263 [22972859410112] INFO perfrun.perfcollector <> - pmu added: family: uncore_sbox, id: 2
263 [22972859410112] INFO perfrun.perfcollector <> - dir found: /sys/bus/event_source/devices/uncore_cbox_8
263 [22972859410112] INFO perfrun.perfcollector <> - format: event config:0-7 mask:0-7
263 [22972859410112] INFO perfrun.perfcollector <> - format: filter_link config1:6-8 mask:6-8
263 [22972859410112] INFO perfrun.perfcollector <> - format: filter_c6 config1:61 mask:61
263 [22972859410112] INFO perfrun.perfcollector <> - format: edge config:18 mask:18
263 [22972859410112] INFO perfrun.perfcollector <> - format: filter_isoc config1:63 mask:63
263 [22972859410112] INFO perfrun.perfcollector <> - format: filter_tid config1:0-5 mask:0-5
263 [22972859410112] INFO perfrun.perfcollector <> - format: filter_nid config1:32-47 mask:32-47
263 [22972859410112] INFO perfrun.perfcollector <> - format: filter_nc config1:62 mask:62
263 [22972859410112] INFO perfrun.perfcollector <> - format: umask config:8-15 mask:8-15
264 [22972859410112] INFO perfrun.perfcollector <> - format: tid_en config:19 mask:19
264 [22972859410112] INFO perfrun.perfcollector <> - format: thresh config:24-31 mask:24-31
264 [22972859410112] INFO perfrun.perfcollector <> - format: filter_state config1:17-23 mask:17-23
264 [22972859410112] INFO perfrun.perfcollector <> - format: filter_opc config1:52-60 mask:52-60
264 [22972859410112] INFO perfrun.perfcollector <> - hwInfo: PERF_CBOX_PMU_DETAILS
264 [22972859410112] INFO perfrun.perfcollector <> - pmu added: family: uncore_cbox, id: 8
264 [22972859410112] INFO perfrun.perfcollector <> - dir found: /sys/bus/event_source/devices/uncore_cbox_13
264 [22972859410112] INFO perfrun.perfcollector <> - format: event config:0-7 mask:0-7
264 [22972859410112] INFO perfrun.perfcollector <> - format: filter_link config1:6-8 mask:6-8
264 [22972859410112] INFO perfrun.perfcollector <> - format: filter_c6 config1:61 mask:61
264 [22972859410112] INFO perfrun.perfcollector <> - format: edge config:18 mask:18
264 [22972859410112] INFO perfrun.perfcollector <> - format: filter_isoc config1:63 mask:63
265 [22972859410112] INFO perfrun.perfcollector <> - format: filter_tid config1:0-5 mask:0-5
265 [22972859410112] INFO perfrun.perfcollector <> - format: filter_nid config1:32-47 mask:32-47
265 [22972859410112] INFO perfrun.perfcollector <> - format: filter_nc config1:62 mask:62
265 [22972859410112] INFO perfrun.perfcollector <> - format: umask config:8-15 mask:8-15
265 [22972859410112] INFO perfrun.perfcollector <> - format: tid_en config:19 mask:19
265 [22972859410112] INFO perfrun.perfcollector <> - format: thresh config:24-31 mask:24-31
265 [22972859410112] INFO perfrun.perfcollector <> - format: filter_state config1:17-23 mask:17-23
265 [22972859410112] INFO perfrun.perfcollector <> - format: filter_opc config1:52-60 mask:52-60
265 [22972859410112] INFO perfrun.perfcollector <> - hwInfo: PERF_CBOX_PMU_DETAILS
265 [22972859410112] INFO perfrun.perfcollector <> - pmu added: family: uncore_cbox, id: 13
265 [22972859410112] INFO perfrun.perfcollector <> - dir found: /sys/bus/event_source/devices/uncore_r2pcie
266 [22972859410112] INFO perfrun.perfcollector <> - format: event config:0-7 mask:0-7
266 [22972859410112] INFO perfrun.perfcollector <> - format: edge config:18 mask:18
266 [22972859410112] INFO perfrun.perfcollector <> - format: inv config:23 mask:23
266 [22972859410112] INFO perfrun.perfcollector <> - format: umask config:8-15 mask:8-15
266 [22972859410112] INFO perfrun.perfcollector <> - format: thresh config:24-31 mask:24-31
266 [22972859410112] INFO perfrun.perfcollector <> - hwInfo: not set, pmuFam: uncore_r2pcie
266 [22972859410112] INFO perfrun.perfcollector <> - pmu added: family: uncore_r2pcie, id: 0
266 [22972859410112] INFO perfrun.perfcollector <> - dir found: /sys/bus/event_source/devices/uncore_sbox_0
266 [22972859410112] INFO perfrun.perfcollector <> - format: event config:0-7 mask:0-7
267 [22972859410112] INFO perfrun.perfcollector <> - format: edge config:18 mask:18
267 [22972859410112] INFO perfrun.perfcollector <> - format: inv config:23 mask:23
267 [22972859410112] INFO perfrun.perfcollector <> - format: umask config:8-15 mask:8-15
267 [22972859410112] INFO perfrun.perfcollector <> - format: tid_en config:19 mask:19
267 [22972859410112] INFO perfrun.perfcollector <> - format: thresh config:24-31 mask:24-31
267 [22972859410112] INFO perfrun.perfcollector <> - hwInfo: not set, pmuFam: uncore_sbox
267 [22972859410112] INFO perfrun.perfcollector <> - pmu added: family: uncore_sbox, id: 0
267 [22972859410112] INFO perfrun.perfcollector <> - dir found: /sys/bus/event_source/devices/uncore_qpi_1
267 [22972859410112] INFO perfrun.perfcollector <> - format: mask_rnid4 config2:31 mask:31
267 [22972859410112] INFO perfrun.perfcollector <> - format: mask_rnid30 config2:32-35 mask:32-35
267 [22972859410112] INFO perfrun.perfcollector <> - format: match_rnid30 config1:32-35 mask:32-35
267 [22972859410112] INFO perfrun.perfcollector <> - format: event config:0-7,21 mask:0-7,21
267 [22972859410112] INFO perfrun.perfcollector <> - format: match0 config1:0-31 mask:0-31
268 [22972859410112] INFO perfrun.perfcollector <> - format: match_rds config1:48-51 mask:48-51
268 [22972859410112] INFO perfrun.perfcollector <> - format: mask_rds config2:48-51 mask:48-51
268 [22972859410112] INFO perfrun.perfcollector <> - format: edge config:18 mask:18
268 [22972859410112] INFO perfrun.perfcollector <> - format: mask1 config2:32-63 mask:32-63
268 [22972859410112] INFO perfrun.perfcollector <> - format: match_dnid config1:13-17 mask:13-17
268 [22972859410112] INFO perfrun.perfcollector <> - format: mask_dnid config2:13-17 mask:13-17
268 [22972859410112] INFO perfrun.perfcollector <> - format: match_vnw config1:3-4 mask:3-4
268 [22972859410112] INFO perfrun.perfcollector <> - format: mask_vnw config2:3-4 mask:3-4
268 [22972859410112] INFO perfrun.perfcollector <> - format: mask_mc config2:9-12 mask:9-12
268 [22972859410112] INFO perfrun.perfcollector <> - format: match1 config1:32-63 mask:32-63
268 [22972859410112] INFO perfrun.perfcollector <> - format: inv config:23 mask:23
268 [22972859410112] INFO perfrun.perfcollector <> - format: umask config:8-15 mask:8-15
269 [22972859410112] INFO perfrun.perfcollector <> - format: match_opc config1:5-8 mask:5-8
269 [22972859410112] INFO perfrun.perfcollector <> - format: mask_opc config2:5-8 mask:5-8
269 [22972859410112] INFO perfrun.perfcollector <> - format: thresh config:24-31 mask:24-31
269 [22972859410112] INFO perfrun.perfcollector <> - format: match_rnid4 config1:31 mask:31
269 [22972859410112] INFO perfrun.perfcollector <> - format: mask0 config2:0-31 mask:0-31
269 [22972859410112] INFO perfrun.perfcollector <> - format: match_mc config1:9-12 mask:9-12
269 [22972859410112] INFO perfrun.perfcollector <> - hwInfo: PERF_QPI_PMU_DETAILS
270 [22972859410112] INFO perfrun.perfcollector <> - pmu added: family: uncore_qpi, id: 1
270 [22972859410112] INFO perfrun.perfcollector <> - dir found: /sys/bus/event_source/devices/uncore_cbox_6
270 [22972859410112] INFO perfrun.perfcollector <> - format: event config:0-7 mask:0-7
270 [22972859410112] INFO perfrun.perfcollector <> - format: filter_link config1:6-8 mask:6-8
270 [22972859410112] INFO perfrun.perfcollector <> - format: filter_c6 config1:61 mask:61
270 [22972859410112] INFO perfrun.perfcollector <> - format: edge config:18 mask:18
270 [22972859410112] INFO perfrun.perfcollector <> - format: filter_isoc config1:63 mask:63
270 [22972859410112] INFO perfrun.perfcollector <> - format: filter_tid config1:0-5 mask:0-5
270 [22972859410112] INFO perfrun.perfcollector <> - format: filter_nid config1:32-47 mask:32-47
270 [22972859410112] INFO perfrun.perfcollector <> - format: filter_nc config1:62 mask:62
271 [22972859410112] INFO perfrun.perfcollector <> - format: umask config:8-15 mask:8-15
271 [22972859410112] INFO perfrun.perfcollector <> - format: tid_en config:19 mask:19
271 [22972859410112] INFO perfrun.perfcollector <> - format: thresh config:24-31 mask:24-31
271 [22972859410112] INFO perfrun.perfcollector <> - format: filter_state config1:17-23 mask:17-23
271 [22972859410112] INFO perfrun.perfcollector <> - format: filter_opc config1:52-60 mask:52-60
271 [22972859410112] INFO perfrun.perfcollector <> - hwInfo: PERF_CBOX_PMU_DETAILS
271 [22972859410112] INFO perfrun.perfcollector <> - pmu added: family: uncore_cbox, id: 6
271 [22972859410112] INFO perfrun.perfcollector <> - dir found: /sys/bus/event_source/devices/uncore_imc_1
271 [22972859410112] INFO perfrun.perfcollector <> - format: event config:0-7 mask:0-7
272 [22972859410112] INFO perfrun.perfcollector <> - format: edge config:18 mask:18
272 [22972859410112] INFO perfrun.perfcollector <> - format: inv config:23 mask:23
272 [22972859410112] INFO perfrun.perfcollector <> - format: umask config:8-15 mask:8-15
272 [22972859410112] INFO perfrun.perfcollector <> - format: thresh config:24-31 mask:24-31
272 [22972859410112] INFO perfrun.perfcollector <> - hwInfo: PERF_IMC_PMU_DETAILS
272 [22972859410112] INFO perfrun.perfcollector <> - pmu added: family: uncore_imc, id: 1
272 [22972859410112] INFO perfrun.perfcollector <> - dir found: /sys/bus/event_source/devices/power
272 [22972859410112] INFO perfrun.perfcollector <> - format: event config:0-7 mask:0-7
272 [22972859410112] INFO perfrun.perfcollector <> - hwInfo: not set, pmuFam: power
272 [22972859410112] INFO perfrun.perfcollector <> - pmu added: family: power, id: 0
272 [22972859410112] INFO perfrun.perfcollector <> - dir found: /sys/bus/event_source/devices/uncore_cbox_11
272 [22972859410112] INFO perfrun.perfcollector <> - format: event config:0-7 mask:0-7
273 [22972859410112] INFO perfrun.perfcollector <> - format: filter_link config1:6-8 mask:6-8
273 [22972859410112] INFO perfrun.perfcollector <> - format: filter_c6 config1:61 mask:61
273 [22972859410112] INFO perfrun.perfcollector <> - format: edge config:18 mask:18
273 [22972859410112] INFO perfrun.perfcollector <> - format: filter_isoc config1:63 mask:63
273 [22972859410112] INFO perfrun.perfcollector <> - format: filter_tid config1:0-5 mask:0-5
273 [22972859410112] INFO perfrun.perfcollector <> - format: filter_nid config1:32-47 mask:32-47
273 [22972859410112] INFO perfrun.perfcollector <> - format: filter_nc config1:62 mask:62
273 [22972859410112] INFO perfrun.perfcollector <> - format: umask config:8-15 mask:8-15
273 [22972859410112] INFO perfrun.perfcollector <> - format: tid_en config:19 mask:19
273 [22972859410112] INFO perfrun.perfcollector <> - format: thresh config:24-31 mask:24-31
274 [22972859410112] INFO perfrun.perfcollector <> - format: filter_state config1:17-23 mask:17-23
274 [22972859410112] INFO perfrun.perfcollector <> - format: filter_opc config1:52-60 mask:52-60
274 [22972859410112] INFO perfrun.perfcollector <> - hwInfo: PERF_CBOX_PMU_DETAILS
274 [22972859410112] INFO perfrun.perfcollector <> - pmu added: family: uncore_cbox, id: 11
274 [22972859410112] INFO perfrun.perfcollector <> - dir found: /sys/bus/event_source/devices/uncore_cbox_4
274 [22972859410112] INFO perfrun.perfcollector <> - format: event config:0-7 mask:0-7
274 [22972859410112] INFO perfrun.perfcollector <> - format: filter_link config1:6-8 mask:6-8
274 [22972859410112] INFO perfrun.perfcollector <> - format: filter_c6 config1:61 mask:61
274 [22972859410112] INFO perfrun.perfcollector <> - format: edge config:18 mask:18
275 [22972859410112] INFO perfrun.perfcollector <> - format: filter_isoc config1:63 mask:63
275 [22972859410112] INFO perfrun.perfcollector <> - format: filter_tid config1:0-5 mask:0-5
275 [22972859410112] INFO perfrun.perfcollector <> - format: filter_nid config1:32-47 mask:32-47
275 [22972859410112] INFO perfrun.perfcollector <> - format: filter_nc config1:62 mask:62
275 [22972859410112] INFO perfrun.perfcollector <> - format: umask config:8-15 mask:8-15
275 [22972859410112] INFO perfrun.perfcollector <> - format: tid_en config:19 mask:19
275 [22972859410112] INFO perfrun.perfcollector <> - format: thresh config:24-31 mask:24-31
275 [22972859410112] INFO perfrun.perfcollector <> - format: filter_state config1:17-23 mask:17-23
275 [22972859410112] INFO perfrun.perfcollector <> - format: filter_opc config1:52-60 mask:52-60
275 [22972859410112] INFO perfrun.perfcollector <> - hwInfo: PERF_CBOX_PMU_DETAILS
276 [22972859410112] INFO perfrun.perfcollector <> - pmu added: family: uncore_cbox, id: 4
276 [22972859410112] INFO perfrun.perfcollector <> - dir found: /sys/bus/event_source/devices/uprobe
276 [22972859410112] INFO perfrun.perfcollector <> - format: ref_ctr_offset config:32-63 mask:32-63
276 [22972859410112] INFO perfrun.perfcollector <> - format: retprobe config:0 mask:0
276 [22972859410112] INFO perfrun.perfcollector <> - hwInfo: not set, pmuFam: uprobe
276 [22972859410112] INFO perfrun.perfcollector <> - pmu added: family: uprobe, id: 0
276 [22972859410112] INFO perfrun.perfcollector <> - dir found: /sys/bus/event_source/devices/intel_bts
276 [22972859410112] INFO perfrun.perfcollector <> - format: pmu format subdir doesn't exist
276 [22972859410112] INFO perfrun.perfcollector <> - hwInfo: not set, pmuFam: intel_bts
276 [22972859410112] INFO perfrun.perfcollector <> - pmu added: family: intel_bts, id: 0
276 [22972859410112] INFO perfrun.perfcollector <> - dir found: /sys/bus/event_source/devices/cpu
277 [22972859410112] INFO perfrun.perfcollector <> - format: event config:0-7 mask:0-7
277 [22972859410112] INFO perfrun.perfcollector <> - format: pc config:19 mask:19
277 [22972859410112] INFO perfrun.perfcollector <> - format: in_tx config:32 mask:32
277 [22972859410112] INFO perfrun.perfcollector <> - format: edge config:18 mask:18
277 [22972859410112] INFO perfrun.perfcollector <> - format: any config:21 mask:21
277 [22972859410112] INFO perfrun.perfcollector <> - format: offcore_rsp config1:0-63 mask:0-63
277 [22972859410112] INFO perfrun.perfcollector <> - format: in_tx_cp config:33 mask:33
277 [22972859410112] INFO perfrun.perfcollector <> - format: ldlat config1:0-15 mask:0-15
277 [22972859410112] INFO perfrun.perfcollector <> - format: inv config:23 mask:23
278 [22972859410112] INFO perfrun.perfcollector <> - format: umask config:8-15 mask:8-15
278 [22972859410112] INFO perfrun.perfcollector <> - format: cmask config:24-31 mask:24-31
278 [22972859410112] INFO perfrun.perfcollector <> - hwInfo: PERF_CPU_PMU_DETAILS
278 [22972859410112] INFO perfrun.perfcollector <> - pmu added: family: cpu, id: 0
278 [22972859410112] INFO perfrun.perfcollector <> - dir found: /sys/bus/event_source/devices/uncore_r3qpi_0
279 [22972859410112] INFO perfrun.perfcollector <> - format: event config:0-7 mask:0-7
279 [22972859410112] INFO perfrun.perfcollector <> - format: edge config:18 mask:18
279 [22972859410112] INFO perfrun.perfcollector <> - format: inv config:23 mask:23
279 [22972859410112] INFO perfrun.perfcollector <> - format: umask config:8-15 mask:8-15
279 [22972859410112] INFO perfrun.perfcollector <> - format: thresh config:24-31 mask:24-31
279 [22972859410112] INFO perfrun.perfcollector <> - hwInfo: not set, pmuFam: uncore_r3qpi
280 [22972859410112] INFO perfrun.perfcollector <> - pmu added: family: uncore_r3qpi, id: 0
280 [22972859410112] INFO perfrun.perfcollector <> - dir found: /sys/bus/event_source/devices/cstate_core
280 [22972859410112] INFO perfrun.perfcollector <> - format: event config:0-63 mask:0-63
280 [22972859410112] INFO perfrun.perfcollector <> - hwInfo: not set, pmuFam: cstate_core
281 [22972859410112] INFO perfrun.perfcollector <> - pmu added: family: cstate_core, id: 0
281 [22972859410112] INFO perfrun.perfcollector <> - dir found: /sys/bus/event_source/devices/uncore_cbox_2
281 [22972859410112] INFO perfrun.perfcollector <> - format: event config:0-7 mask:0-7
281 [22972859410112] INFO perfrun.perfcollector <> - format: filter_link config1:6-8 mask:6-8
282 [22972859410112] INFO perfrun.perfcollector <> - format: filter_c6 config1:61 mask:61
282 [22972859410112] INFO perfrun.perfcollector <> - format: edge config:18 mask:18
282 [22972859410112] INFO perfrun.perfcollector <> - format: filter_isoc config1:63 mask:63
282 [22972859410112] INFO perfrun.perfcollector <> - format: filter_tid config1:0-5 mask:0-5
282 [22972859410112] INFO perfrun.perfcollector <> - format: filter_nid config1:32-47 mask:32-47
282 [22972859410112] INFO perfrun.perfcollector <> - format: filter_nc config1:62 mask:62
283 [22972859410112] INFO perfrun.perfcollector <> - format: umask config:8-15 mask:8-15
283 [22972859410112] INFO perfrun.perfcollector <> - format: tid_en config:19 mask:19
283 [22972859410112] INFO perfrun.perfcollector <> - format: thresh config:24-31 mask:24-31
283 [22972859410112] INFO perfrun.perfcollector <> - format: filter_state config1:17-23 mask:17-23
283 [22972859410112] INFO perfrun.perfcollector <> - format: filter_opc config1:52-60 mask:52-60
283 [22972859410112] INFO perfrun.perfcollector <> - hwInfo: PERF_CBOX_PMU_DETAILS
283 [22972859410112] INFO perfrun.perfcollector <> - pmu added: family: uncore_cbox, id: 2
283 [22972859410112] INFO perfrun.perfcollector <> - dir found: /sys/bus/event_source/devices/breakpoint
283 [22972859410112] INFO perfrun.perfcollector <> - format: pmu format subdir doesn't exist
283 [22972859410112] INFO perfrun.perfcollector <> - hwInfo: not set, pmuFam: breakpoint
283 [22972859410112] INFO perfrun.perfcollector <> - pmu added: family: breakpoint, id: 0
284 [22972859410112] INFO perfrun.perfcollector <> - dir found: /sys/bus/event_source/devices/uncore_ha_0
284 [22972859410112] INFO perfrun.perfcollector <> - format: event config:0-7 mask:0-7
284 [22972859410112] INFO perfrun.perfcollector <> - format: edge config:18 mask:18
284 [22972859410112] INFO perfrun.perfcollector <> - format: inv config:23 mask:23
284 [22972859410112] INFO perfrun.perfcollector <> - format: umask config:8-15 mask:8-15
284 [22972859410112] INFO perfrun.perfcollector <> - format: thresh config:24-31 mask:24-31
284 [22972859410112] INFO perfrun.perfcollector <> - hwInfo: not set, pmuFam: uncore_ha
285 [22972859410112] INFO perfrun.perfcollector <> - pmu added: family: uncore_ha, id: 0
285 [22972859410112] INFO perfrun.perfcollector <> - dir found: /sys/bus/event_source/devices/uncore_cbox_0
285 [22972859410112] INFO perfrun.perfcollector <> - format: event config:0-7 mask:0-7
285 [22972859410112] INFO perfrun.perfcollector <> - format: filter_link config1:6-8 mask:6-8
285 [22972859410112] INFO perfrun.perfcollector <> - format: filter_c6 config1:61 mask:61
285 [22972859410112] INFO perfrun.perfcollector <> - format: edge config:18 mask:18
285 [22972859410112] INFO perfrun.perfcollector <> - format: filter_isoc config1:63 mask:63
286 [22972859410112] INFO perfrun.perfcollector <> - format: filter_tid config1:0-5 mask:0-5
286 [22972859410112] INFO perfrun.perfcollector <> - format: filter_nid config1:32-47 mask:32-47
286 [22972859410112] INFO perfrun.perfcollector <> - format: filter_nc config1:62 mask:62
286 [22972859410112] INFO perfrun.perfcollector <> - format: umask config:8-15 mask:8-15
286 [22972859410112] INFO perfrun.perfcollector <> - format: tid_en config:19 mask:19
286 [22972859410112] INFO perfrun.perfcollector <> - format: thresh config:24-31 mask:24-31
286 [22972859410112] INFO perfrun.perfcollector <> - format: filter_state config1:17-23 mask:17-23
286 [22972859410112] INFO perfrun.perfcollector <> - format: filter_opc config1:52-60 mask:52-60
287 [22972859410112] INFO perfrun.perfcollector <> - hwInfo: PERF_CBOX_PMU_DETAILS
287 [22972859410112] INFO perfrun.perfcollector <> - pmu added: family: uncore_cbox, id: 0
287 [22972859410112] INFO perfrun.perfcollector <> - dir found: /sys/bus/event_source/devices/tracepoint
287 [22972859410112] INFO perfrun.perfcollector <> - format: pmu format subdir doesn't exist
287 [22972859410112] INFO perfrun.perfcollector <> - hwInfo: not set, pmuFam: tracepoint
287 [22972859410112] INFO perfrun.perfcollector <> - pmu added: family: tracepoint, id: 0
287 [22972859410112] INFO perfrun.perfcollector <> - dir found: /sys/bus/event_source/devices/uncore_sbox_3
287 [22972859410112] INFO perfrun.perfcollector <> - format: event config:0-7 mask:0-7
287 [22972859410112] INFO perfrun.perfcollector <> - format: edge config:18 mask:18
288 [22972859410112] INFO perfrun.perfcollector <> - format: inv config:23 mask:23
288 [22972859410112] INFO perfrun.perfcollector <> - format: umask config:8-15 mask:8-15
288 [22972859410112] INFO perfrun.perfcollector <> - format: tid_en config:19 mask:19
288 [22972859410112] INFO perfrun.perfcollector <> - format: thresh config:24-31 mask:24-31
288 [22972859410112] INFO perfrun.perfcollector <> - hwInfo: not set, pmuFam: uncore_sbox
288 [22972859410112] INFO perfrun.perfcollector <> - pmu added: family: uncore_sbox, id: 3
288 [22972859410112] INFO perfrun.perfcollector <> - dir found: /sys/bus/event_source/devices/uncore_cbox_9
289 [22972859410112] INFO perfrun.perfcollector <> - format: event config:0-7 mask:0-7
289 [22972859410112] INFO perfrun.perfcollector <> - format: filter_link config1:6-8 mask:6-8
289 [22972859410112] INFO perfrun.perfcollector <> - format: filter_c6 config1:61 mask:61
289 [22972859410112] INFO perfrun.perfcollector <> - format: edge config:18 mask:18
290 [22972859410112] INFO perfrun.perfcollector <> - format: filter_isoc config1:63 mask:63
290 [22972859410112] INFO perfrun.perfcollector <> - format: filter_tid config1:0-5 mask:0-5
290 [22972859410112] INFO perfrun.perfcollector <> - format: filter_nid config1:32-47 mask:32-47
290 [22972859410112] INFO perfrun.perfcollector <> - format: filter_nc config1:62 mask:62
290 [22972859410112] INFO perfrun.perfcollector <> - format: umask config:8-15 mask:8-15
290 [22972859410112] INFO perfrun.perfcollector <> - format: tid_en config:19 mask:19
291 [22972859410112] INFO perfrun.perfcollector <> - format: thresh config:24-31 mask:24-31
291 [22972859410112] INFO perfrun.perfcollector <> - format: filter_state config1:17-23 mask:17-23
291 [22972859410112] INFO perfrun.perfcollector <> - format: filter_opc config1:52-60 mask:52-60
291 [22972859410112] INFO perfrun.perfcollector <> - hwInfo: PERF_CBOX_PMU_DETAILS
291 [22972859410112] INFO perfrun.perfcollector <> - pmu added: family: uncore_cbox, id: 9
291 [22972859410112] INFO perfrun.perfcollector <> - dir found: /sys/bus/event_source/devices/cstate_pkg
291 [22972859410112] INFO perfrun.perfcollector <> - format: event config:0-63 mask:0-63
291 [22972859410112] INFO perfrun.perfcollector <> - hwInfo: not set, pmuFam: cstate_pkg
291 [22972859410112] INFO perfrun.perfcollector <> - pmu added: family: cstate_pkg, id: 0
291 [22972859410112] INFO perfrun.perfcollector <> - dir found: /sys/bus/event_source/devices/uncore_imc_4
292 [22972859410112] INFO perfrun.perfcollector <> - format: event config:0-7 mask:0-7
292 [22972859410112] INFO perfrun.perfcollector <> - format: edge config:18 mask:18
292 [22972859410112] INFO perfrun.perfcollector <> - format: inv config:23 mask:23
292 [22972859410112] INFO perfrun.perfcollector <> - format: umask config:8-15 mask:8-15
292 [22972859410112] INFO perfrun.perfcollector <> - format: thresh config:24-31 mask:24-31
292 [22972859410112] INFO perfrun.perfcollector <> - hwInfo: PERF_IMC_PMU_DETAILS
292 [22972859410112] INFO perfrun.perfcollector <> - pmu added: family: uncore_imc, id: 4
292 [22972859410112] INFO perfrun.perfcollector <> - dir found: /sys/bus/event_source/devices/uncore_ubox
292 [22972859410112] INFO perfrun.perfcollector <> - format: event config:0-7 mask:0-7
292 [22972859410112] INFO perfrun.perfcollector <> - format: edge config:18 mask:18
292 [22972859410112] INFO perfrun.perfcollector <> - format: inv config:23 mask:23
292 [22972859410112] INFO perfrun.perfcollector <> - format: umask config:8-15 mask:8-15
293 [22972859410112] INFO perfrun.perfcollector <> - format: thresh config:24-28 mask:24-28
293 [22972859410112] INFO perfrun.perfcollector <> - hwInfo: not set, pmuFam: uncore_ubox
293 [22972859410112] INFO perfrun.perfcollector <> - pmu added: family: uncore_ubox, id: 0
293 [22972859410112] INFO perfrun.perfcollector <> - dir found: /sys/bus/event_source/devices/uncore_sbox_1
293 [22972859410112] INFO perfrun.perfcollector <> - format: event config:0-7 mask:0-7
293 [22972859410112] INFO perfrun.perfcollector <> - format: edge config:18 mask:18
293 [22972859410112] INFO perfrun.perfcollector <> - format: inv config:23 mask:23
293 [22972859410112] INFO perfrun.perfcollector <> - format: umask config:8-15 mask:8-15
293 [22972859410112] INFO perfrun.perfcollector <> - format: tid_en config:19 mask:19
293 [22972859410112] INFO perfrun.perfcollector <> - format: thresh config:24-31 mask:24-31
293 [22972859410112] INFO perfrun.perfcollector <> - hwInfo: not set, pmuFam: uncore_sbox
293 [22972859410112] INFO perfrun.perfcollector <> - pmu added: family: uncore_sbox, id: 1
294 [22972859410112] INFO perfrun.perfcollector <> - dir found: /sys/bus/event_source/devices/uncore_cbox_7
294 [22972859410112] INFO perfrun.perfcollector <> - format: event config:0-7 mask:0-7
294 [22972859410112] INFO perfrun.perfcollector <> - format: filter_link config1:6-8 mask:6-8
294 [22972859410112] INFO perfrun.perfcollector <> - format: filter_c6 config1:61 mask:61
294 [22972859410112] INFO perfrun.perfcollector <> - format: edge config:18 mask:18
294 [22972859410112] INFO perfrun.perfcollector <> - format: filter_isoc config1:63 mask:63
294 [22972859410112] INFO perfrun.perfcollector <> - format: filter_tid config1:0-5 mask:0-5
294 [22972859410112] INFO perfrun.perfcollector <> - format: filter_nid config1:32-47 mask:32-47
295 [22972859410112] INFO perfrun.perfcollector <> - format: filter_nc config1:62 mask:62
295 [22972859410112] INFO perfrun.perfcollector <> - format: umask config:8-15 mask:8-15
295 [22972859410112] INFO perfrun.perfcollector <> - format: tid_en config:19 mask:19
295 [22972859410112] INFO perfrun.perfcollector <> - format: thresh config:24-31 mask:24-31
295 [22972859410112] INFO perfrun.perfcollector <> - format: filter_state config1:17-23 mask:17-23
295 [22972859410112] INFO perfrun.perfcollector <> - format: filter_opc config1:52-60 mask:52-60
295 [22972859410112] INFO perfrun.perfcollector <> - hwInfo: PERF_CBOX_PMU_DETAILS
295 [22972859410112] INFO perfrun.perfcollector <> - pmu added: family: uncore_cbox, id: 7
295 [22972859410112] INFO perfrun.perfcollector <> - dir found: /sys/bus/event_source/devices/uncore_cbox_12
296 [22972859410112] INFO perfrun.perfcollector <> - format: event config:0-7 mask:0-7
296 [22972859410112] INFO perfrun.perfcollector <> - format: filter_link config1:6-8 mask:6-8
296 [22972859410112] INFO perfrun.perfcollector <> - format: filter_c6 config1:61 mask:61
296 [22972859410112] INFO perfrun.perfcollector <> - format: edge config:18 mask:18
296 [22972859410112] INFO perfrun.perfcollector <> - format: filter_isoc config1:63 mask:63
296 [22972859410112] INFO perfrun.perfcollector <> - format: filter_tid config1:0-5 mask:0-5
296 [22972859410112] INFO perfrun.perfcollector <> - format: filter_nid config1:32-47 mask:32-47
296 [22972859410112] INFO perfrun.perfcollector <> - format: filter_nc config1:62 mask:62
296 [22972859410112] INFO perfrun.perfcollector <> - format: umask config:8-15 mask:8-15
296 [22972859410112] INFO perfrun.perfcollector <> - format: tid_en config:19 mask:19
296 [22972859410112] INFO perfrun.perfcollector <> - format: thresh config:24-31 mask:24-31
296 [22972859410112] INFO perfrun.perfcollector <> - format: filter_state config1:17-23 mask:17-23
296 [22972859410112] INFO perfrun.perfcollector <> - format: filter_opc config1:52-60 mask:52-60
296 [22972859410112] INFO perfrun.perfcollector <> - hwInfo: PERF_CBOX_PMU_DETAILS
297 [22972859410112] INFO perfrun.perfcollector <> - pmu added: family: uncore_cbox, id: 12
297 [22972859410112] INFO perfrun.perfcollector <> - dir found: /sys/bus/event_source/devices/kprobe
297 [22972859410112] INFO perfrun.perfcollector <> - format: retprobe config:0 mask:0
297 [22972859410112] INFO perfrun.perfcollector <> - hwInfo: not set, pmuFam: kprobe
297 [22972859410112] INFO perfrun.perfcollector <> - pmu added: family: kprobe, id: 0
297 [22972859410112] INFO perfrun.perfcollector <> - dir found: /sys/bus/event_source/devices/uncore_qpi_0
297 [22972859410112] INFO perfrun.perfcollector <> - format: mask_rnid4 config2:31 mask:31
297 [22972859410112] INFO perfrun.perfcollector <> - format: mask_rnid30 config2:32-35 mask:32-35
297 [22972859410112] INFO perfrun.perfcollector <> - format: match_rnid30 config1:32-35 mask:32-35
297 [22972859410112] INFO perfrun.perfcollector <> - format: event config:0-7,21 mask:0-7,21
297 [22972859410112] INFO perfrun.perfcollector <> - format: match0 config1:0-31 mask:0-31
297 [22972859410112] INFO perfrun.perfcollector <> - format: match_rds config1:48-51 mask:48-51
297 [22972859410112] INFO perfrun.perfcollector <> - format: mask_rds config2:48-51 mask:48-51
297 [22972859410112] INFO perfrun.perfcollector <> - format: edge config:18 mask:18
297 [22972859410112] INFO perfrun.perfcollector <> - format: mask1 config2:32-63 mask:32-63
297 [22972859410112] INFO perfrun.perfcollector <> - format: match_dnid config1:13-17 mask:13-17
298 [22972859410112] INFO perfrun.perfcollector <> - format: mask_dnid config2:13-17 mask:13-17
298 [22972859410112] INFO perfrun.perfcollector <> - format: match_vnw config1:3-4 mask:3-4
298 [22972859410112] INFO perfrun.perfcollector <> - format: mask_vnw config2:3-4 mask:3-4
298 [22972859410112] INFO perfrun.perfcollector <> - format: mask_mc config2:9-12 mask:9-12
298 [22972859410112] INFO perfrun.perfcollector <> - format: match1 config1:32-63 mask:32-63
298 [22972859410112] INFO perfrun.perfcollector <> - format: inv config:23 mask:23
298 [22972859410112] INFO perfrun.perfcollector <> - format: umask config:8-15 mask:8-15
298 [22972859410112] INFO perfrun.perfcollector <> - format: match_opc config1:5-8 mask:5-8
298 [22972859410112] INFO perfrun.perfcollector <> - format: mask_opc config2:5-8 mask:5-8
298 [22972859410112] INFO perfrun.perfcollector <> - format: thresh config:24-31 mask:24-31
298 [22972859410112] INFO perfrun.perfcollector <> - format: match_rnid4 config1:31 mask:31
298 [22972859410112] INFO perfrun.perfcollector <> - format: mask0 config2:0-31 mask:0-31
298 [22972859410112] INFO perfrun.perfcollector <> - format: match_mc config1:9-12 mask:9-12
298 [22972859410112] INFO perfrun.perfcollector <> - hwInfo: PERF_QPI_PMU_DETAILS
299 [22972859410112] INFO perfrun.perfcollector <> - pmu added: family: uncore_qpi, id: 0
299 [22972859410112] INFO perfrun.perfcollector <> - dir found: /sys/bus/event_source/devices/uncore_cbox_5
299 [22972859410112] INFO perfrun.perfcollector <> - format: event config:0-7 mask:0-7
299 [22972859410112] INFO perfrun.perfcollector <> - format: filter_link config1:6-8 mask:6-8
299 [22972859410112] INFO perfrun.perfcollector <> - format: filter_c6 config1:61 mask:61
299 [22972859410112] INFO perfrun.perfcollector <> - format: edge config:18 mask:18
299 [22972859410112] INFO perfrun.perfcollector <> - format: filter_isoc config1:63 mask:63
299 [22972859410112] INFO perfrun.perfcollector <> - format: filter_tid config1:0-5 mask:0-5
299 [22972859410112] INFO perfrun.perfcollector <> - format: filter_nid config1:32-47 mask:32-47
299 [22972859410112] INFO perfrun.perfcollector <> - format: filter_nc config1:62 mask:62
299 [22972859410112] INFO perfrun.perfcollector <> - format: umask config:8-15 mask:8-15
300 [22972859410112] INFO perfrun.perfcollector <> - format: tid_en config:19 mask:19
300 [22972859410112] INFO perfrun.perfcollector <> - format: thresh config:24-31 mask:24-31
300 [22972859410112] INFO perfrun.perfcollector <> - format: filter_state config1:17-23 mask:17-23
300 [22972859410112] INFO perfrun.perfcollector <> - format: filter_opc config1:52-60 mask:52-60
300 [22972859410112] INFO perfrun.perfcollector <> - hwInfo: PERF_CBOX_PMU_DETAILS
300 [22972859410112] INFO perfrun.perfcollector <> - pmu added: family: uncore_cbox, id: 5
300 [22972859410112] INFO perfrun.perfcollector <> - dir found: /sys/bus/event_source/devices/uncore_imc_0
300 [22972859410112] INFO perfrun.perfcollector <> - format: event config:0-7 mask:0-7
300 [22972859410112] INFO perfrun.perfcollector <> - format: edge config:18 mask:18
300 [22972859410112] INFO perfrun.perfcollector <> - format: inv config:23 mask:23
301 [22972859410112] INFO perfrun.perfcollector <> - format: umask config:8-15 mask:8-15
301 [22972859410112] INFO perfrun.perfcollector <> - format: thresh config:24-31 mask:24-31
301 [22972859410112] INFO perfrun.perfcollector <> - hwInfo: PERF_IMC_PMU_DETAILS
301 [22972859410112] INFO perfrun.perfcollector <> - pmu added: family: uncore_imc, id: 0
301 [22972859410112] INFO perfrun.perfcollector <> - dir found: /sys/bus/event_source/devices/uncore_cbox_10
301 [22972859410112] INFO perfrun.perfcollector <> - format: event config:0-7 mask:0-7
301 [22972859410112] INFO perfrun.perfcollector <> - format: filter_link config1:6-8 mask:6-8
301 [22972859410112] INFO perfrun.perfcollector <> - format: filter_c6 config1:61 mask:61
301 [22972859410112] INFO perfrun.perfcollector <> - format: edge config:18 mask:18
301 [22972859410112] INFO perfrun.perfcollector <> - format: filter_isoc config1:63 mask:63
301 [22972859410112] INFO perfrun.perfcollector <> - format: filter_tid config1:0-5 mask:0-5
302 [22972859410112] INFO perfrun.perfcollector <> - format: filter_nid config1:32-47 mask:32-47
302 [22972859410112] INFO perfrun.perfcollector <> - format: filter_nc config1:62 mask:62
302 [22972859410112] INFO perfrun.perfcollector <> - format: umask config:8-15 mask:8-15
302 [22972859410112] INFO perfrun.perfcollector <> - format: tid_en config:19 mask:19
302 [22972859410112] INFO perfrun.perfcollector <> - format: thresh config:24-31 mask:24-31
302 [22972859410112] INFO perfrun.perfcollector <> - format: filter_state config1:17-23 mask:17-23
302 [22972859410112] INFO perfrun.perfcollector <> - format: filter_opc config1:52-60 mask:52-60
302 [22972859410112] INFO perfrun.perfcollector <> - hwInfo: PERF_CBOX_PMU_DETAILS
302 [22972859410112] INFO perfrun.perfcollector <> - pmu added: family: uncore_cbox, id: 10
302 [22972859410112] INFO perfrun.perfcollector <> - dir found: /sys/bus/event_source/devices/uncore_pcu
302 [22972859410112] INFO perfrun.perfcollector <> - format: filter_band2 config1:16-23 mask:16-23
302 [22972859410112] INFO perfrun.perfcollector <> - format: event config:0-7 mask:0-7
302 [22972859410112] INFO perfrun.perfcollector <> - format: filter_band0 config1:0-7 mask:0-7
302 [22972859410112] INFO perfrun.perfcollector <> - format: edge config:18 mask:18
303 [22972859410112] INFO perfrun.perfcollector <> - format: occ_invert config:30 mask:30
303 [22972859410112] INFO perfrun.perfcollector <> - format: occ_edge config:14-51 mask:14-51
303 [22972859410112] INFO perfrun.perfcollector <> - format: filter_band3 config1:24-31 mask:24-31
303 [22972859410112] INFO perfrun.perfcollector <> - format: filter_band1 config1:8-15 mask:8-15
303 [22972859410112] INFO perfrun.perfcollector <> - format: inv config:23 mask:23
303 [22972859410112] INFO perfrun.perfcollector <> - format: thresh config:24-28 mask:24-28
303 [22972859410112] INFO perfrun.perfcollector <> - format: occ_sel config:14-15 mask:14-15
303 [22972859410112] INFO perfrun.perfcollector <> - hwInfo: not set, pmuFam: uncore_pcu
303 [22972859410112] INFO perfrun.perfcollector <> - pmu added: family: uncore_pcu, id: 0
303 [22972859410112] INFO perfrun.perfcollector <> - dir found: /sys/bus/event_source/devices/uncore_r3qpi_1
303 [22972859410112] INFO perfrun.perfcollector <> - format: event config:0-7 mask:0-7
303 [22972859410112] INFO perfrun.perfcollector <> - format: edge config:18 mask:18
303 [22972859410112] INFO perfrun.perfcollector <> - format: inv config:23 mask:23
303 [22972859410112] INFO perfrun.perfcollector <> - format: umask config:8-15 mask:8-15
304 [22972859410112] INFO perfrun.perfcollector <> - format: thresh config:24-31 mask:24-31
304 [22972859410112] INFO perfrun.perfcollector <> - hwInfo: not set, pmuFam: uncore_r3qpi
304 [22972859410112] INFO perfrun.perfcollector <> - pmu added: family: uncore_r3qpi, id: 1
304 [22972859410112] INFO perfrun.perfcollector <> - dir found: /sys/bus/event_source/devices/msr
304 [22972859410112] INFO perfrun.perfcollector <> - format: event config:0-63 mask:0-63
304 [22972859410112] INFO perfrun.perfcollector <> - hwInfo: not set, pmuFam: msr
304 [22972859410112] INFO perfrun.perfcollector <> - pmu added: family: msr, id: 0
304 [22972859410112] INFO perfrun.perfcollector <> - dir found: /sys/bus/event_source/devices/uncore_cbox_3
304 [22972859410112] INFO perfrun.perfcollector <> - format: event config:0-7 mask:0-7
304 [22972859410112] INFO perfrun.perfcollector <> - format: filter_link config1:6-8 mask:6-8
304 [22972859410112] INFO perfrun.perfcollector <> - format: filter_c6 config1:61 mask:61
304 [22972859410112] INFO perfrun.perfcollector <> - format: edge config:18 mask:18
304 [22972859410112] INFO perfrun.perfcollector <> - format: filter_isoc config1:63 mask:63
304 [22972859410112] INFO perfrun.perfcollector <> - format: filter_tid config1:0-5 mask:0-5
304 [22972859410112] INFO perfrun.perfcollector <> - format: filter_nid config1:32-47 mask:32-47
304 [22972859410112] INFO perfrun.perfcollector <> - format: filter_nc config1:62 mask:62
304 [22972859410112] INFO perfrun.perfcollector <> - format: umask config:8-15 mask:8-15
305 [22972859410112] INFO perfrun.perfcollector <> - format: tid_en config:19 mask:19
305 [22972859410112] INFO perfrun.perfcollector <> - format: thresh config:24-31 mask:24-31
305 [22972859410112] INFO perfrun.perfcollector <> - format: filter_state config1:17-23 mask:17-23
305 [22972859410112] INFO perfrun.perfcollector <> - format: filter_opc config1:52-60 mask:52-60
305 [22972859410112] INFO perfrun.perfcollector <> - hwInfo: PERF_CBOX_PMU_DETAILS
305 [22972859410112] INFO perfrun.perfcollector <> - pmu added: family: uncore_cbox, id: 3
305 [22972859410112] INFO perfrun.perfcollector <> - dir found: /sys/bus/event_source/devices/intel_pt
305 [22972859410112] INFO perfrun.perfcollector <> - format: ptw config:12 mask:12
305 [22972859410112] INFO perfrun.perfcollector <> - format: event config:31 mask:31
305 [22972859410112] INFO perfrun.perfcollector <> - format: cyc_thresh config:19-22 mask:19-22
305 [22972859410112] INFO perfrun.perfcollector <> - format: pt config:0 mask:0
305 [22972859410112] INFO perfrun.perfcollector <> - format: notnt config:55 mask:55
305 [22972859410112] INFO perfrun.perfcollector <> - format: branch config:13 mask:13
306 [22972859410112] INFO perfrun.perfcollector <> - format: tsc config:10 mask:10
306 [22972859410112] INFO perfrun.perfcollector <> - format: pwr_evt config:4 mask:4
306 [22972859410112] INFO perfrun.perfcollector <> - format: fup_on_ptw config:5 mask:5
306 [22972859410112] INFO perfrun.perfcollector <> - format: cyc config:1 mask:1
306 [22972859410112] INFO perfrun.perfcollector <> - format: noretcomp config:11 mask:11
306 [22972859410112] INFO perfrun.perfcollector <> - format: mtc config:9 mask:9
306 [22972859410112] INFO perfrun.perfcollector <> - format: psb_period config:24-27 mask:24-27
306 [22972859410112] INFO perfrun.perfcollector <> - format: mtc_period config:14-17 mask:14-17
306 [22972859410112] INFO perfrun.perfcollector <> - hwInfo: not set, pmuFam: intel_pt
306 [22972859410112] INFO perfrun.perfcollector <> - pmu added: family: intel_pt, id: 0
306 [22972859410112] INFO perfrun.perfcollector <> - dir found: /sys/bus/event_source/devices/uncore_ha_1
306 [22972859410112] INFO perfrun.perfcollector <> - format: event config:0-7 mask:0-7
306 [22972859410112] INFO perfrun.perfcollector <> - format: edge config:18 mask:18
306 [22972859410112] INFO perfrun.perfcollector <> - format: inv config:23 mask:23
306 [22972859410112] INFO perfrun.perfcollector <> - format: umask config:8-15 mask:8-15
307 [22972859410112] INFO perfrun.perfcollector <> - format: thresh config:24-31 mask:24-31
307 [22972859410112] INFO perfrun.perfcollector <> - hwInfo: not set, pmuFam: uncore_ha
307 [22972859410112] INFO perfrun.perfcollector <> - pmu added: family: uncore_ha, id: 1
307 [22972859410112] INFO perfrun.perfcollector <> - dir found: /sys/bus/event_source/devices/uncore_cbox_1
307 [22972859410112] INFO perfrun.perfcollector <> - format: event config:0-7 mask:0-7
307 [22972859410112] INFO perfrun.perfcollector <> - format: filter_link config1:6-8 mask:6-8
307 [22972859410112] INFO perfrun.perfcollector <> - format: filter_c6 config1:61 mask:61
307 [22972859410112] INFO perfrun.perfcollector <> - format: edge config:18 mask:18
307 [22972859410112] INFO perfrun.perfcollector <> - format: filter_isoc config1:63 mask:63
307 [22972859410112] INFO perfrun.perfcollector <> - format: filter_tid config1:0-5 mask:0-5
307 [22972859410112] INFO perfrun.perfcollector <> - format: filter_nid config1:32-47 mask:32-47
307 [22972859410112] INFO perfrun.perfcollector <> - format: filter_nc config1:62 mask:62
307 [22972859410112] INFO perfrun.perfcollector <> - format: umask config:8-15 mask:8-15
307 [22972859410112] INFO perfrun.perfcollector <> - format: tid_en config:19 mask:19
308 [22972859410112] INFO perfrun.perfcollector <> - format: thresh config:24-31 mask:24-31
308 [22972859410112] INFO perfrun.perfcollector <> - format: filter_state config1:17-23 mask:17-23
308 [22972859410112] INFO perfrun.perfcollector <> - format: filter_opc config1:52-60 mask:52-60
308 [22972859410112] INFO perfrun.perfcollector <> - hwInfo: PERF_CBOX_PMU_DETAILS
308 [22972859410112] INFO perfrun.perfcollector <> - pmu added: family: uncore_cbox, id: 1
308 [22972859410112] INFO perfrun.sdk <> - runCmd: /opt/intel/oneapi/vtune/2023.1.0/bin64/sep -dry-run -sam 1 -ec CPU_CLK_UNHALTED.THREAD,CPU_CLK_UNHALTED.REF_TSC:sample:sa=2400000,INST_RETIRED.ANY:sample:sa=2400000,CPU_CLK_UNHALTED.REF_XCLK,CPU_CLK_UNHALTED.ONE_THREAD_ACTIVE,FP_ARITH_INST_RETIRED.SCALAR_SINGLE,FP_ARITH_INST_RETIRED.128B_PACKED_SINGLE,FP_ARITH_INST_RETIRED.256B_PACKED_SINGLE,FP_ARITH_INST_RETIRED.SCALAR_DOUBLE,FP_ARITH_INST_RETIRED.128B_PACKED_DOUBLE,FP_ARITH_INST_RETIRED.256B_PACKED_DOUBLE,INST_RETIRED.X87,UOPS_RETIRED.RETIRE_SLOTS:sample:sa=2000003 -experimental
308 [22972859410112] INFO perfrun.sdk <> - runCmd started PID 2284382
351 [22972859410112] INFO perfrun.perfcollector <> - SepDryRun RC = true
354 [22972859410112] INFO perfrun.perfcollector <> - DRY_RUN: "PMU type: Core (core)"
354 [22972859410112] INFO perfrun.perfcollector <> - pmu type: cpu
354 [22972859410112] INFO perfrun.perfcollector <> - DRY_RUN: "Group 0:"
354 [22972859410112] INFO perfrun.perfcollector <> - id: 0
354 [22972859410112] INFO perfrun.perfcollector <> - DRY_RUN: "INST_RETIRED.ANY: event id 2"
354 [22972859410112] INFO perfrun.perfcollector <> - eventName: INST_RETIRED.ANY, eventId: 2
354 [22972859410112] INFO perfrun.perfcollector <> - DRY_RUN: "CPU_CLK_UNHALTED.THREAD: event id 0"
354 [22972859410112] INFO perfrun.perfcollector <> - eventName: CPU_CLK_UNHALTED.THREAD, eventId: 0
354 [22972859410112] INFO perfrun.perfcollector <> - DRY_RUN: "CPU_CLK_UNHALTED.REF_TSC: event id 1"
354 [22972859410112] INFO perfrun.perfcollector <> - eventName: CPU_CLK_UNHALTED.REF_TSC, eventId: 1
354 [22972859410112] INFO perfrun.perfcollector <> - DRY_RUN: "FP_ARITH_INST_RETIRED.SCALAR_SINGLE: event id 5"
354 [22972859410112] INFO perfrun.perfcollector <> - eventName: FP_ARITH_INST_RETIRED.SCALAR_SINGLE, eventId: 5
354 [22972859410112] INFO perfrun.perfcollector <> - DRY_RUN: "FP_ARITH_INST_RETIRED.128B_PACKED_SINGLE: event id 6"
354 [22972859410112] INFO perfrun.perfcollector <> - eventName: FP_ARITH_INST_RETIRED.128B_PACKED_SINGLE, eventId: 6
354 [22972859410112] INFO perfrun.perfcollector <> - DRY_RUN: "FP_ARITH_INST_RETIRED.256B_PACKED_SINGLE: event id 7"
354 [22972859410112] INFO perfrun.perfcollector <> - eventName: FP_ARITH_INST_RETIRED.256B_PACKED_SINGLE, eventId: 7
354 [22972859410112] INFO perfrun.perfcollector <> - DRY_RUN: "FP_ARITH_INST_RETIRED.SCALAR_DOUBLE: event id 8"
354 [22972859410112] INFO perfrun.perfcollector <> - eventName: FP_ARITH_INST_RETIRED.SCALAR_DOUBLE, eventId: 8
354 [22972859410112] INFO perfrun.perfcollector <> - DRY_RUN: "CPU_CLK_UNHALTED.REF_XCLK: event id 3"
354 [22972859410112] INFO perfrun.perfcollector <> - eventName: CPU_CLK_UNHALTED.REF_XCLK, eventId: 3
354 [22972859410112] INFO perfrun.perfcollector <> - DRY_RUN: "CPU_CLK_UNHALTED.ONE_THREAD_ACTIVE: event id 4"
354 [22972859410112] INFO perfrun.perfcollector <> - eventName: CPU_CLK_UNHALTED.ONE_THREAD_ACTIVE, eventId: 4
354 [22972859410112] INFO perfrun.perfcollector <> - DRY_RUN: "INST_RETIRED.X87: event id 11"
354 [22972859410112] INFO perfrun.perfcollector <> - eventName: INST_RETIRED.X87, eventId: 11
354 [22972859410112] INFO perfrun.perfcollector <> - DRY_RUN: "UOPS_RETIRED.RETIRE_SLOTS: event id 12"
354 [22972859410112] INFO perfrun.perfcollector <> - eventName: UOPS_RETIRED.RETIRE_SLOTS, eventId: 12
354 [22972859410112] INFO perfrun.perfcollector <> - DRY_RUN: "CCCR"
354 [22972859410112] INFO perfrun.perfcollector <> - DRY_RUN: "reg_type       = 1	event_id       = g	reg_id         = 38f	reg_value      = 7000000ff"
354 [22972859410112] INFO perfrun.perfcollector <> - eventId: g, skip parsing event_id
354 [22972859410112] INFO perfrun.perfcollector <> - Register was ignored: group_id: 0, reg_type: 1, event_id: 4294967295, reg_id: 38f, reg_value: 7000000ff, pmu_name: cpu
354 [22972859410112] INFO perfrun.perfcollector <> - DRY_RUN: "reg_type       = 1	event_id       = g	reg_id         = 390	reg_value      = 7000000ff"
354 [22972859410112] INFO perfrun.perfcollector <> - eventId: g, skip parsing event_id
354 [22972859410112] INFO perfrun.perfcollector <> - Register was ignored: group_id: 0, reg_type: 1, event_id: 4294967295, reg_id: 390, reg_value: 7000000ff, pmu_name: cpu
354 [22972859410112] INFO perfrun.perfcollector <> - DRY_RUN: "reg_type       = 1	event_id       = g	reg_id         = 3f1	reg_value      = 0"
354 [22972859410112] INFO perfrun.perfcollector <> - eventId: g, skip parsing event_id
354 [22972859410112] INFO perfrun.perfcollector <> - Register was ignored: group_id: 0, reg_type: 1, event_id: 4294967295, reg_id: 3f1, reg_value: 0, pmu_name: cpu
354 [22972859410112] INFO perfrun.perfcollector <> - DRY_RUN: "reg_type       = 1	event_id       = g	reg_id         = 1d9	reg_value      = 1800"
354 [22972859410112] INFO perfrun.perfcollector <> - eventId: g, skip parsing event_id
354 [22972859410112] INFO perfrun.perfcollector <> - Register was ignored: group_id: 0, reg_type: 1, event_id: 4294967295, reg_id: 1d9, reg_value: 1800, pmu_name: cpu
355 [22972859410112] INFO perfrun.perfcollector <> - DRY_RUN: "reg_type       = 1	event_id       = g	reg_id         = 38d	reg_value      = bbb"
355 [22972859410112] INFO perfrun.perfcollector <> - eventId: g, skip parsing event_id
355 [22972859410112] INFO perfrun.perfcollector <> - Register was ignored: group_id: 0, reg_type: 1, event_id: 4294967295, reg_id: 38d, reg_value: bbb, pmu_name: cpu
355 [22972859410112] INFO perfrun.perfcollector <> - DRY_RUN: "reg_type       = 1	event_id       = 5	reg_id         = 186	reg_value      = 5302c7"
355 [22972859410112] INFO perfrun.perfcollector <> - Event selector: group_id: 0, reg_type: 1, event_id: 5, reg_id: 186, reg_value: 5302c7, pmu_name: cpu
355 [22972859410112] INFO perfrun.perfcollector <> - DRY_RUN: "reg_type       = 1	event_id       = 6	reg_id         = 187	reg_value      = 5308c7"
355 [22972859410112] INFO perfrun.perfcollector <> - Event selector: group_id: 0, reg_type: 1, event_id: 6, reg_id: 187, reg_value: 5308c7, pmu_name: cpu
355 [22972859410112] INFO perfrun.perfcollector <> - DRY_RUN: "reg_type       = 1	event_id       = 7	reg_id         = 188	reg_value      = 5320c7"
355 [22972859410112] INFO perfrun.perfcollector <> - Event selector: group_id: 0, reg_type: 1, event_id: 7, reg_id: 188, reg_value: 5320c7, pmu_name: cpu
355 [22972859410112] INFO perfrun.perfcollector <> - DRY_RUN: "reg_type       = 1	event_id       = 8	reg_id         = 189	reg_value      = 5301c7"
355 [22972859410112] INFO perfrun.perfcollector <> - Event selector: group_id: 0, reg_type: 1, event_id: 8, reg_id: 189, reg_value: 5301c7, pmu_name: cpu
355 [22972859410112] INFO perfrun.perfcollector <> - DRY_RUN: "reg_type       = 1	event_id       = 3	reg_id         = 18a	reg_value      = 53013c"
355 [22972859410112] INFO perfrun.perfcollector <> - Event selector: group_id: 0, reg_type: 1, event_id: 3, reg_id: 18a, reg_value: 53013c, pmu_name: cpu
355 [22972859410112] INFO perfrun.perfcollector <> - DRY_RUN: "reg_type       = 1	event_id       = 4	reg_id         = 18b	reg_value      = 53023c"
355 [22972859410112] INFO perfrun.perfcollector <> - Event selector: group_id: 0, reg_type: 1, event_id: 4, reg_id: 18b, reg_value: 53023c, pmu_name: cpu
355 [22972859410112] INFO perfrun.perfcollector <> - DRY_RUN: "reg_type       = 1	event_id       = 11	reg_id         = 18c	reg_value      = 5302c0"
355 [22972859410112] INFO perfrun.perfcollector <> - Event selector: group_id: 0, reg_type: 1, event_id: 11, reg_id: 18c, reg_value: 5302c0, pmu_name: cpu
355 [22972859410112] INFO perfrun.perfcollector <> - DRY_RUN: "reg_type       = 1	event_id       = 12	reg_id         = 18d	reg_value      = 5302c2"
355 [22972859410112] INFO perfrun.perfcollector <> - Event selector: group_id: 0, reg_type: 1, event_id: 12, reg_id: 18d, reg_value: 5302c2, pmu_name: cpu
355 [22972859410112] INFO perfrun.perfcollector <> - DRY_RUN: "ESCR"
355 [22972859410112] INFO perfrun.perfcollector <> - DRY_RUN: "reg_type       = 2	event_id       = g	reg_id         = 1c8	reg_value      = 0"
355 [22972859410112] INFO perfrun.perfcollector <> - eventId: g, skip parsing event_id
355 [22972859410112] INFO perfrun.perfcollector <> - DRY_RUN: "DATA"
355 [22972859410112] INFO perfrun.perfcollector <> - DRY_RUN: "reg_type       = 4	event_id       = 2	reg_id         = 309	reg_value      = ffffffdb6100"
355 [22972859410112] INFO perfrun.perfcollector <> - eventId: 2, dataAddr: 309, dataVal: ffffffdb6100
355 [22972859410112] INFO perfrun.perfcollector <> - DRY_RUN: "reg_type       = 4	event_id       = 0	reg_id         = 30a	reg_value      = ffffffe17b7d"
355 [22972859410112] INFO perfrun.perfcollector <> - eventId: 0, dataAddr: 30a, dataVal: ffffffe17b7d
355 [22972859410112] INFO perfrun.perfcollector <> - DRY_RUN: "reg_type       = 4	event_id       = 1	reg_id         = 30b	reg_value      = ffffffdb6100"
355 [22972859410112] INFO perfrun.perfcollector <> - eventId: 1, dataAddr: 30b, dataVal: ffffffdb6100
355 [22972859410112] INFO perfrun.perfcollector <> - DRY_RUN: "reg_type       = 4	event_id       = 5	reg_id         = c1	reg_value      = ffffffe17b7d"
355 [22972859410112] INFO perfrun.perfcollector <> - eventId: 5, dataAddr: c1, dataVal: ffffffe17b7d
355 [22972859410112] INFO perfrun.perfcollector <> - DRY_RUN: "reg_type       = 4	event_id       = 6	reg_id         = c2	reg_value      = ffffffe17b7d"
355 [22972859410112] INFO perfrun.perfcollector <> - eventId: 6, dataAddr: c2, dataVal: ffffffe17b7d
355 [22972859410112] INFO perfrun.perfcollector <> - DRY_RUN: "reg_type       = 4	event_id       = 7	reg_id         = c3	reg_value      = ffffffe17b7d"
355 [22972859410112] INFO perfrun.perfcollector <> - eventId: 7, dataAddr: c3, dataVal: ffffffe17b7d
355 [22972859410112] INFO perfrun.perfcollector <> - DRY_RUN: "reg_type       = 4	event_id       = 8	reg_id         = c4	reg_value      = ffffffe17b7d"
355 [22972859410112] INFO perfrun.perfcollector <> - eventId: 8, dataAddr: c4, dataVal: ffffffe17b7d
355 [22972859410112] INFO perfrun.perfcollector <> - DRY_RUN: "reg_type       = 4	event_id       = 3	reg_id         = c5	reg_value      = fffffffe795d"
355 [22972859410112] INFO perfrun.perfcollector <> - eventId: 3, dataAddr: c5, dataVal: fffffffe795d
355 [22972859410112] INFO perfrun.perfcollector <> - DRY_RUN: "reg_type       = 4	event_id       = 4	reg_id         = c6	reg_value      = fffffffe795d"
355 [22972859410112] INFO perfrun.perfcollector <> - eventId: 4, dataAddr: c6, dataVal: fffffffe795d
355 [22972859410112] INFO perfrun.perfcollector <> - DRY_RUN: "reg_type       = 4	event_id       = 11	reg_id         = c7	reg_value      = ffffffe17b7d"
355 [22972859410112] INFO perfrun.perfcollector <> - eventId: 11, dataAddr: c7, dataVal: ffffffe17b7d
355 [22972859410112] INFO perfrun.perfcollector <> - DRY_RUN: "reg_type       = 4	event_id       = 12	reg_id         = c8	reg_value      = ffffffe17b7d"
355 [22972859410112] INFO perfrun.perfcollector <> - eventId: 12, dataAddr: c8, dataVal: ffffffe17b7d
355 [22972859410112] INFO perfrun.perfcollector <> - DRY_RUN: "Group 1:"
355 [22972859410112] INFO perfrun.perfcollector <> - id: 1
355 [22972859410112] INFO perfrun.perfcollector <> - DRY_RUN: "INST_RETIRED.ANY: event id 2"
355 [22972859410112] INFO perfrun.perfcollector <> - eventName: INST_RETIRED.ANY, eventId: 2
355 [22972859410112] INFO perfrun.perfcollector <> - DRY_RUN: "CPU_CLK_UNHALTED.THREAD: event id 0"
355 [22972859410112] INFO perfrun.perfcollector <> - eventName: CPU_CLK_UNHALTED.THREAD, eventId: 0
355 [22972859410112] INFO perfrun.perfcollector <> - DRY_RUN: "CPU_CLK_UNHALTED.REF_TSC: event id 1"
355 [22972859410112] INFO perfrun.perfcollector <> - eventName: CPU_CLK_UNHALTED.REF_TSC, eventId: 1
355 [22972859410112] INFO perfrun.perfcollector <> - DRY_RUN: "FP_ARITH_INST_RETIRED.128B_PACKED_DOUBLE: event id 9"
355 [22972859410112] INFO perfrun.perfcollector <> - eventName: FP_ARITH_INST_RETIRED.128B_PACKED_DOUBLE, eventId: 9
355 [22972859410112] INFO perfrun.perfcollector <> - DRY_RUN: "FP_ARITH_INST_RETIRED.256B_PACKED_DOUBLE: event id 10"
355 [22972859410112] INFO perfrun.perfcollector <> - eventName: FP_ARITH_INST_RETIRED.256B_PACKED_DOUBLE, eventId: 10
355 [22972859410112] INFO perfrun.perfcollector <> - DRY_RUN: "CCCR"
355 [22972859410112] INFO perfrun.perfcollector <> - DRY_RUN: "reg_type       = 1	event_id       = g	reg_id         = 38f	reg_value      = 700000003"
355 [22972859410112] INFO perfrun.perfcollector <> - eventId: g, skip parsing event_id
355 [22972859410112] INFO perfrun.perfcollector <> - Register was ignored: group_id: 1, reg_type: 1, event_id: 4294967295, reg_id: 38f, reg_value: 700000003, pmu_name: cpu
355 [22972859410112] INFO perfrun.perfcollector <> - DRY_RUN: "reg_type       = 1	event_id       = g	reg_id         = 390	reg_value      = 700000003"
355 [22972859410112] INFO perfrun.perfcollector <> - eventId: g, skip parsing event_id
355 [22972859410112] INFO perfrun.perfcollector <> - Register was ignored: group_id: 1, reg_type: 1, event_id: 4294967295, reg_id: 390, reg_value: 700000003, pmu_name: cpu
355 [22972859410112] INFO perfrun.perfcollector <> - DRY_RUN: "reg_type       = 1	event_id       = g	reg_id         = 3f1	reg_value      = 0"
355 [22972859410112] INFO perfrun.perfcollector <> - eventId: g, skip parsing event_id
355 [22972859410112] INFO perfrun.perfcollector <> - Register was ignored: group_id: 1, reg_type: 1, event_id: 4294967295, reg_id: 3f1, reg_value: 0, pmu_name: cpu
355 [22972859410112] INFO perfrun.perfcollector <> - DRY_RUN: "reg_type       = 1	event_id       = g	reg_id         = 1d9	reg_value      = 1800"
355 [22972859410112] INFO perfrun.perfcollector <> - eventId: g, skip parsing event_id
355 [22972859410112] INFO perfrun.perfcollector <> - Register was ignored: group_id: 1, reg_type: 1, event_id: 4294967295, reg_id: 1d9, reg_value: 1800, pmu_name: cpu
355 [22972859410112] INFO perfrun.perfcollector <> - DRY_RUN: "reg_type       = 1	event_id       = g	reg_id         = 38d	reg_value      = bbb"
355 [22972859410112] INFO perfrun.perfcollector <> - eventId: g, skip parsing event_id
355 [22972859410112] INFO perfrun.perfcollector <> - Register was ignored: group_id: 1, reg_type: 1, event_id: 4294967295, reg_id: 38d, reg_value: bbb, pmu_name: cpu
355 [22972859410112] INFO perfrun.perfcollector <> - DRY_RUN: "reg_type       = 1	event_id       = 9	reg_id         = 186	reg_value      = 5304c7"
355 [22972859410112] INFO perfrun.perfcollector <> - Event selector: group_id: 1, reg_type: 1, event_id: 9, reg_id: 186, reg_value: 5304c7, pmu_name: cpu
355 [22972859410112] INFO perfrun.perfcollector <> - DRY_RUN: "reg_type       = 1	event_id       = 10	reg_id         = 187	reg_value      = 5310c7"
355 [22972859410112] INFO perfrun.perfcollector <> - Event selector: group_id: 1, reg_type: 1, event_id: 10, reg_id: 187, reg_value: 5310c7, pmu_name: cpu
355 [22972859410112] INFO perfrun.perfcollector <> - DRY_RUN: "ESCR"
355 [22972859410112] INFO perfrun.perfcollector <> - DRY_RUN: "reg_type       = 2	event_id       = g	reg_id         = 1c8	reg_value      = 0"
355 [22972859410112] INFO perfrun.perfcollector <> - eventId: g, skip parsing event_id
355 [22972859410112] INFO perfrun.perfcollector <> - DRY_RUN: "DATA"
355 [22972859410112] INFO perfrun.perfcollector <> - DRY_RUN: "reg_type       = 4	event_id       = 2	reg_id         = 309	reg_value      = ffffffdb6100"
355 [22972859410112] INFO perfrun.perfcollector <> - eventId: 2, dataAddr: 309, dataVal: ffffffdb6100
355 [22972859410112] INFO perfrun.perfcollector <> - DRY_RUN: "reg_type       = 4	event_id       = 0	reg_id         = 30a	reg_value      = ffffffe17b7d"
355 [22972859410112] INFO perfrun.perfcollector <> - eventId: 0, dataAddr: 30a, dataVal: ffffffe17b7d
355 [22972859410112] INFO perfrun.perfcollector <> - DRY_RUN: "reg_type       = 4	event_id       = 1	reg_id         = 30b	reg_value      = ffffffdb6100"
355 [22972859410112] INFO perfrun.perfcollector <> - eventId: 1, dataAddr: 30b, dataVal: ffffffdb6100
355 [22972859410112] INFO perfrun.perfcollector <> - DRY_RUN: "reg_type       = 4	event_id       = 9	reg_id         = c1	reg_value      = ffffffe17b7d"
355 [22972859410112] INFO perfrun.perfcollector <> - eventId: 9, dataAddr: c1, dataVal: ffffffe17b7d
355 [22972859410112] INFO perfrun.perfcollector <> - DRY_RUN: "reg_type       = 4	event_id       = 10	reg_id         = c2	reg_value      = ffffffe17b7d"
355 [22972859410112] INFO perfrun.perfcollector <> - eventId: 10, dataAddr: c2, dataVal: ffffffe17b7d
355 [22972859410112] INFO perfrun.perfcollector <> - event name: CPU_CLK_UNHALTED.THREAD
355 [22972859410112] INFO perfrun.perfcollector <> - pmu config: cpu
355 [22972859410112] INFO perfrun.perfcollector <> - cccrAddr: ffffffff, cccrValue: 0
355 [22972859410112] INFO perfrun.perfcollector <> - dataAddr: 30a, dataValue: ffffffffffe17b7d
355 [22972859410112] INFO perfrun.perfcollector <> - escrAddr: ffffffff, escrValue: 0
355 [22972859410112] INFO perfrun.perfcollector <> - extendedPebsValue: 0
355 [22972859410112] INFO perfrun.perfcollector <> - adaptivePebsAvailable: 0
355 [22972859410112] INFO perfrun.perfcollector <> - config: event: 3c
355 [22972859410112] INFO perfrun.perfcollector <> - config: pc: 0
355 [22972859410112] INFO perfrun.perfcollector <> - config: in_tx: 0
355 [22972859410112] INFO perfrun.perfcollector <> - config: edge: 0
355 [22972859410112] INFO perfrun.perfcollector <> - config: any: 0
355 [22972859410112] INFO perfrun.perfcollector <> - config1: offcore_rsp: 0
355 [22972859410112] INFO perfrun.perfcollector <> - config: in_tx_cp: 0
355 [22972859410112] INFO perfrun.perfcollector <> - config1: ldlat: 0
355 [22972859410112] INFO perfrun.perfcollector <> - config: inv: 0
355 [22972859410112] INFO perfrun.perfcollector <> - config: umask: 0
355 [22972859410112] INFO perfrun.perfcollector <> - config: cmask: 0
355 [22972859410112] INFO perfrun.perfcollector <> - format: cpu/event=0x3c,name='CPU_CLK_UNHALTED.THREAD'/D
355 [22972859410112] INFO perfrun.perfcollector <> - event name: CPU_CLK_UNHALTED.REF_TSC
355 [22972859410112] INFO perfrun.perfcollector <> - pmu config: cpu
355 [22972859410112] INFO perfrun.perfcollector <> - cccrAddr: ffffffff, cccrValue: 0
355 [22972859410112] INFO perfrun.perfcollector <> - dataAddr: 30b, dataValue: ffffffffffdb6100
355 [22972859410112] INFO perfrun.perfcollector <> - escrAddr: ffffffff, escrValue: 0
355 [22972859410112] INFO perfrun.perfcollector <> - extendedPebsValue: 0
355 [22972859410112] INFO perfrun.perfcollector <> - adaptivePebsAvailable: 0
355 [22972859410112] INFO perfrun.perfcollector <> - config: event: 0
355 [22972859410112] INFO perfrun.perfcollector <> - config: pc: 0
355 [22972859410112] INFO perfrun.perfcollector <> - config: in_tx: 0
355 [22972859410112] INFO perfrun.perfcollector <> - config: edge: 0
355 [22972859410112] INFO perfrun.perfcollector <> - config: any: 0
355 [22972859410112] INFO perfrun.perfcollector <> - config1: offcore_rsp: 0
355 [22972859410112] INFO perfrun.perfcollector <> - config: in_tx_cp: 0
355 [22972859410112] INFO perfrun.perfcollector <> - config1: ldlat: 0
355 [22972859410112] INFO perfrun.perfcollector <> - config: inv: 0
355 [22972859410112] INFO perfrun.perfcollector <> - config: umask: 3
355 [22972859410112] INFO perfrun.perfcollector <> - config: cmask: 0
355 [22972859410112] INFO perfrun.perfcollector <> - format: cpu/umask=0x3,name='CPU_CLK_UNHALTED.REF_TSC'/D
355 [22972859410112] INFO perfrun.perfcollector <> - event name: INST_RETIRED.ANY
355 [22972859410112] INFO perfrun.perfcollector <> - pmu config: cpu
355 [22972859410112] INFO perfrun.perfcollector <> - cccrAddr: ffffffff, cccrValue: 0
355 [22972859410112] INFO perfrun.perfcollector <> - dataAddr: 309, dataValue: ffffffffffdb6100
355 [22972859410112] INFO perfrun.perfcollector <> - escrAddr: ffffffff, escrValue: 0
355 [22972859410112] INFO perfrun.perfcollector <> - extendedPebsValue: 0
355 [22972859410112] INFO perfrun.perfcollector <> - adaptivePebsAvailable: 0
355 [22972859410112] INFO perfrun.perfcollector <> - config: event: c0
355 [22972859410112] INFO perfrun.perfcollector <> - config: pc: 0
355 [22972859410112] INFO perfrun.perfcollector <> - config: in_tx: 0
355 [22972859410112] INFO perfrun.perfcollector <> - config: edge: 0
355 [22972859410112] INFO perfrun.perfcollector <> - config: any: 0
355 [22972859410112] INFO perfrun.perfcollector <> - config1: offcore_rsp: 0
355 [22972859410112] INFO perfrun.perfcollector <> - config: in_tx_cp: 0
355 [22972859410112] INFO perfrun.perfcollector <> - config1: ldlat: 0
355 [22972859410112] INFO perfrun.perfcollector <> - config: inv: 0
355 [22972859410112] INFO perfrun.perfcollector <> - config: umask: 0
355 [22972859410112] INFO perfrun.perfcollector <> - config: cmask: 0
355 [22972859410112] INFO perfrun.perfcollector <> - format: cpu/event=0xc0,name='INST_RETIRED.ANY'/D
355 [22972859410112] INFO perfrun.perfcollector <> - event name: CPU_CLK_UNHALTED.REF_XCLK
355 [22972859410112] INFO perfrun.perfcollector <> - pmu config: cpu
355 [22972859410112] INFO perfrun.perfcollector <> - cccrAddr: 18a, cccrValue: 53013c
355 [22972859410112] INFO perfrun.perfcollector <> - dataAddr: c5, dataValue: fffffffffffe795d
355 [22972859410112] INFO perfrun.perfcollector <> - escrAddr: ffffffff, escrValue: 0
355 [22972859410112] INFO perfrun.perfcollector <> - extendedPebsValue: 0
355 [22972859410112] INFO perfrun.perfcollector <> - adaptivePebsAvailable: 0
355 [22972859410112] INFO perfrun.perfcollector <> - config: event: 3c
355 [22972859410112] INFO perfrun.perfcollector <> - config: pc: 0
355 [22972859410112] INFO perfrun.perfcollector <> - config: in_tx: 0
355 [22972859410112] INFO perfrun.perfcollector <> - config: edge: 0
355 [22972859410112] INFO perfrun.perfcollector <> - config: any: 0
355 [22972859410112] INFO perfrun.perfcollector <> - config1: offcore_rsp: 0
355 [22972859410112] INFO perfrun.perfcollector <> - config: in_tx_cp: 0
355 [22972859410112] INFO perfrun.perfcollector <> - config1: ldlat: 0
355 [22972859410112] INFO perfrun.perfcollector <> - config: inv: 0
355 [22972859410112] INFO perfrun.perfcollector <> - config: umask: 1
355 [22972859410112] INFO perfrun.perfcollector <> - config: cmask: 0
355 [22972859410112] INFO perfrun.perfcollector <> - format: cpu/event=0x3c,umask=0x1,name='CPU_CLK_UNHALTED.REF_XCLK'/
355 [22972859410112] INFO perfrun.perfcollector <> - event name: CPU_CLK_UNHALTED.ONE_THREAD_ACTIVE
355 [22972859410112] INFO perfrun.perfcollector <> - pmu config: cpu
355 [22972859410112] INFO perfrun.perfcollector <> - cccrAddr: 18b, cccrValue: 53023c
355 [22972859410112] INFO perfrun.perfcollector <> - dataAddr: c6, dataValue: fffffffffffe795d
355 [22972859410112] INFO perfrun.perfcollector <> - escrAddr: ffffffff, escrValue: 0
355 [22972859410112] INFO perfrun.perfcollector <> - extendedPebsValue: 0
355 [22972859410112] INFO perfrun.perfcollector <> - adaptivePebsAvailable: 0
355 [22972859410112] INFO perfrun.perfcollector <> - config: event: 3c
355 [22972859410112] INFO perfrun.perfcollector <> - config: pc: 0
355 [22972859410112] INFO perfrun.perfcollector <> - config: in_tx: 0
355 [22972859410112] INFO perfrun.perfcollector <> - config: edge: 0
355 [22972859410112] INFO perfrun.perfcollector <> - config: any: 0
355 [22972859410112] INFO perfrun.perfcollector <> - config1: offcore_rsp: 0
355 [22972859410112] INFO perfrun.perfcollector <> - config: in_tx_cp: 0
355 [22972859410112] INFO perfrun.perfcollector <> - config1: ldlat: 0
355 [22972859410112] INFO perfrun.perfcollector <> - config: inv: 0
355 [22972859410112] INFO perfrun.perfcollector <> - config: umask: 2
355 [22972859410112] INFO perfrun.perfcollector <> - config: cmask: 0
355 [22972859410112] INFO perfrun.perfcollector <> - format: cpu/event=0x3c,umask=0x2,name='CPU_CLK_UNHALTED.ONE_THREAD_ACTIVE'/
355 [22972859410112] INFO perfrun.perfcollector <> - event name: FP_ARITH_INST_RETIRED.SCALAR_SINGLE
355 [22972859410112] INFO perfrun.perfcollector <> - pmu config: cpu
355 [22972859410112] INFO perfrun.perfcollector <> - cccrAddr: 186, cccrValue: 5302c7
355 [22972859410112] INFO perfrun.perfcollector <> - dataAddr: c1, dataValue: ffffffffffe17b7d
355 [22972859410112] INFO perfrun.perfcollector <> - escrAddr: ffffffff, escrValue: 0
355 [22972859410112] INFO perfrun.perfcollector <> - extendedPebsValue: 0
355 [22972859410112] INFO perfrun.perfcollector <> - adaptivePebsAvailable: 0
355 [22972859410112] INFO perfrun.perfcollector <> - config: event: c7
355 [22972859410112] INFO perfrun.perfcollector <> - config: pc: 0
355 [22972859410112] INFO perfrun.perfcollector <> - config: in_tx: 0
355 [22972859410112] INFO perfrun.perfcollector <> - config: edge: 0
355 [22972859410112] INFO perfrun.perfcollector <> - config: any: 0
355 [22972859410112] INFO perfrun.perfcollector <> - config1: offcore_rsp: 0
355 [22972859410112] INFO perfrun.perfcollector <> - config: in_tx_cp: 0
355 [22972859410112] INFO perfrun.perfcollector <> - config1: ldlat: 0
355 [22972859410112] INFO perfrun.perfcollector <> - config: inv: 0
355 [22972859410112] INFO perfrun.perfcollector <> - config: umask: 2
355 [22972859410112] INFO perfrun.perfcollector <> - config: cmask: 0
355 [22972859410112] INFO perfrun.perfcollector <> - format: cpu/event=0xc7,umask=0x2,name='FP_ARITH_INST_RETIRED.SCALAR_SINGLE'/
355 [22972859410112] INFO perfrun.perfcollector <> - event name: FP_ARITH_INST_RETIRED.128B_PACKED_SINGLE
355 [22972859410112] INFO perfrun.perfcollector <> - pmu config: cpu
355 [22972859410112] INFO perfrun.perfcollector <> - cccrAddr: 187, cccrValue: 5308c7
355 [22972859410112] INFO perfrun.perfcollector <> - dataAddr: c2, dataValue: ffffffffffe17b7d
355 [22972859410112] INFO perfrun.perfcollector <> - escrAddr: ffffffff, escrValue: 0
355 [22972859410112] INFO perfrun.perfcollector <> - extendedPebsValue: 0
355 [22972859410112] INFO perfrun.perfcollector <> - adaptivePebsAvailable: 0
355 [22972859410112] INFO perfrun.perfcollector <> - config: event: c7
355 [22972859410112] INFO perfrun.perfcollector <> - config: pc: 0
355 [22972859410112] INFO perfrun.perfcollector <> - config: in_tx: 0
355 [22972859410112] INFO perfrun.perfcollector <> - config: edge: 0
355 [22972859410112] INFO perfrun.perfcollector <> - config: any: 0
355 [22972859410112] INFO perfrun.perfcollector <> - config1: offcore_rsp: 0
355 [22972859410112] INFO perfrun.perfcollector <> - config: in_tx_cp: 0
355 [22972859410112] INFO perfrun.perfcollector <> - config1: ldlat: 0
355 [22972859410112] INFO perfrun.perfcollector <> - config: inv: 0
355 [22972859410112] INFO perfrun.perfcollector <> - config: umask: 8
355 [22972859410112] INFO perfrun.perfcollector <> - config: cmask: 0
355 [22972859410112] INFO perfrun.perfcollector <> - format: cpu/event=0xc7,umask=0x8,name='FP_ARITH_INST_RETIRED.128B_PACKED_SINGLE'/
355 [22972859410112] INFO perfrun.perfcollector <> - event name: FP_ARITH_INST_RETIRED.256B_PACKED_SINGLE
355 [22972859410112] INFO perfrun.perfcollector <> - pmu config: cpu
355 [22972859410112] INFO perfrun.perfcollector <> - cccrAddr: 188, cccrValue: 5320c7
355 [22972859410112] INFO perfrun.perfcollector <> - dataAddr: c3, dataValue: ffffffffffe17b7d
356 [22972859410112] INFO perfrun.perfcollector <> - escrAddr: ffffffff, escrValue: 0
356 [22972859410112] INFO perfrun.perfcollector <> - extendedPebsValue: 0
356 [22972859410112] INFO perfrun.perfcollector <> - adaptivePebsAvailable: 0
356 [22972859410112] INFO perfrun.perfcollector <> - config: event: c7
356 [22972859410112] INFO perfrun.perfcollector <> - config: pc: 0
356 [22972859410112] INFO perfrun.perfcollector <> - config: in_tx: 0
356 [22972859410112] INFO perfrun.perfcollector <> - config: edge: 0
356 [22972859410112] INFO perfrun.perfcollector <> - config: any: 0
356 [22972859410112] INFO perfrun.perfcollector <> - config1: offcore_rsp: 0
356 [22972859410112] INFO perfrun.perfcollector <> - config: in_tx_cp: 0
356 [22972859410112] INFO perfrun.perfcollector <> - config1: ldlat: 0
356 [22972859410112] INFO perfrun.perfcollector <> - config: inv: 0
356 [22972859410112] INFO perfrun.perfcollector <> - config: umask: 20
356 [22972859410112] INFO perfrun.perfcollector <> - config: cmask: 0
356 [22972859410112] INFO perfrun.perfcollector <> - format: cpu/event=0xc7,umask=0x20,name='FP_ARITH_INST_RETIRED.256B_PACKED_SINGLE'/
356 [22972859410112] INFO perfrun.perfcollector <> - event name: FP_ARITH_INST_RETIRED.SCALAR_DOUBLE
356 [22972859410112] INFO perfrun.perfcollector <> - pmu config: cpu
356 [22972859410112] INFO perfrun.perfcollector <> - cccrAddr: 189, cccrValue: 5301c7
356 [22972859410112] INFO perfrun.perfcollector <> - dataAddr: c4, dataValue: ffffffffffe17b7d
356 [22972859410112] INFO perfrun.perfcollector <> - escrAddr: ffffffff, escrValue: 0
356 [22972859410112] INFO perfrun.perfcollector <> - extendedPebsValue: 0
356 [22972859410112] INFO perfrun.perfcollector <> - adaptivePebsAvailable: 0
356 [22972859410112] INFO perfrun.perfcollector <> - config: event: c7
356 [22972859410112] INFO perfrun.perfcollector <> - config: pc: 0
356 [22972859410112] INFO perfrun.perfcollector <> - config: in_tx: 0
356 [22972859410112] INFO perfrun.perfcollector <> - config: edge: 0
356 [22972859410112] INFO perfrun.perfcollector <> - config: any: 0
356 [22972859410112] INFO perfrun.perfcollector <> - config1: offcore_rsp: 0
356 [22972859410112] INFO perfrun.perfcollector <> - config: in_tx_cp: 0
356 [22972859410112] INFO perfrun.perfcollector <> - config1: ldlat: 0
356 [22972859410112] INFO perfrun.perfcollector <> - config: inv: 0
356 [22972859410112] INFO perfrun.perfcollector <> - config: umask: 1
356 [22972859410112] INFO perfrun.perfcollector <> - config: cmask: 0
356 [22972859410112] INFO perfrun.perfcollector <> - format: cpu/event=0xc7,umask=0x1,name='FP_ARITH_INST_RETIRED.SCALAR_DOUBLE'/
356 [22972859410112] INFO perfrun.perfcollector <> - event name: FP_ARITH_INST_RETIRED.128B_PACKED_DOUBLE
356 [22972859410112] INFO perfrun.perfcollector <> - pmu config: cpu
356 [22972859410112] INFO perfrun.perfcollector <> - cccrAddr: 186, cccrValue: 5304c7
356 [22972859410112] INFO perfrun.perfcollector <> - dataAddr: c1, dataValue: ffffffffffe17b7d
356 [22972859410112] INFO perfrun.perfcollector <> - escrAddr: ffffffff, escrValue: 0
356 [22972859410112] INFO perfrun.perfcollector <> - extendedPebsValue: 0
356 [22972859410112] INFO perfrun.perfcollector <> - adaptivePebsAvailable: 0
356 [22972859410112] INFO perfrun.perfcollector <> - config: event: c7
356 [22972859410112] INFO perfrun.perfcollector <> - config: pc: 0
356 [22972859410112] INFO perfrun.perfcollector <> - config: in_tx: 0
356 [22972859410112] INFO perfrun.perfcollector <> - config: edge: 0
356 [22972859410112] INFO perfrun.perfcollector <> - config: any: 0
356 [22972859410112] INFO perfrun.perfcollector <> - config1: offcore_rsp: 0
356 [22972859410112] INFO perfrun.perfcollector <> - config: in_tx_cp: 0
356 [22972859410112] INFO perfrun.perfcollector <> - config1: ldlat: 0
356 [22972859410112] INFO perfrun.perfcollector <> - config: inv: 0
356 [22972859410112] INFO perfrun.perfcollector <> - config: umask: 4
356 [22972859410112] INFO perfrun.perfcollector <> - config: cmask: 0
356 [22972859410112] INFO perfrun.perfcollector <> - format: cpu/event=0xc7,umask=0x4,name='FP_ARITH_INST_RETIRED.128B_PACKED_DOUBLE'/
356 [22972859410112] INFO perfrun.perfcollector <> - event name: FP_ARITH_INST_RETIRED.256B_PACKED_DOUBLE
356 [22972859410112] INFO perfrun.perfcollector <> - pmu config: cpu
356 [22972859410112] INFO perfrun.perfcollector <> - cccrAddr: 187, cccrValue: 5310c7
356 [22972859410112] INFO perfrun.perfcollector <> - dataAddr: c2, dataValue: ffffffffffe17b7d
356 [22972859410112] INFO perfrun.perfcollector <> - escrAddr: ffffffff, escrValue: 0
356 [22972859410112] INFO perfrun.perfcollector <> - extendedPebsValue: 0
356 [22972859410112] INFO perfrun.perfcollector <> - adaptivePebsAvailable: 0
356 [22972859410112] INFO perfrun.perfcollector <> - config: event: c7
356 [22972859410112] INFO perfrun.perfcollector <> - config: pc: 0
356 [22972859410112] INFO perfrun.perfcollector <> - config: in_tx: 0
356 [22972859410112] INFO perfrun.perfcollector <> - config: edge: 0
356 [22972859410112] INFO perfrun.perfcollector <> - config: any: 0
356 [22972859410112] INFO perfrun.perfcollector <> - config1: offcore_rsp: 0
356 [22972859410112] INFO perfrun.perfcollector <> - config: in_tx_cp: 0
356 [22972859410112] INFO perfrun.perfcollector <> - config1: ldlat: 0
356 [22972859410112] INFO perfrun.perfcollector <> - config: inv: 0
356 [22972859410112] INFO perfrun.perfcollector <> - config: umask: 10
356 [22972859410112] INFO perfrun.perfcollector <> - config: cmask: 0
356 [22972859410112] INFO perfrun.perfcollector <> - format: cpu/event=0xc7,umask=0x10,name='FP_ARITH_INST_RETIRED.256B_PACKED_DOUBLE'/
356 [22972859410112] INFO perfrun.perfcollector <> - event name: INST_RETIRED.X87
356 [22972859410112] INFO perfrun.perfcollector <> - pmu config: cpu
356 [22972859410112] INFO perfrun.perfcollector <> - cccrAddr: 18c, cccrValue: 5302c0
356 [22972859410112] INFO perfrun.perfcollector <> - dataAddr: c7, dataValue: ffffffffffe17b7d
356 [22972859410112] INFO perfrun.perfcollector <> - escrAddr: ffffffff, escrValue: 0
356 [22972859410112] INFO perfrun.perfcollector <> - extendedPebsValue: 0
356 [22972859410112] INFO perfrun.perfcollector <> - adaptivePebsAvailable: 0
356 [22972859410112] INFO perfrun.perfcollector <> - config: event: c0
356 [22972859410112] INFO perfrun.perfcollector <> - config: pc: 0
356 [22972859410112] INFO perfrun.perfcollector <> - config: in_tx: 0
356 [22972859410112] INFO perfrun.perfcollector <> - config: edge: 0
356 [22972859410112] INFO perfrun.perfcollector <> - config: any: 0
356 [22972859410112] INFO perfrun.perfcollector <> - config1: offcore_rsp: 0
356 [22972859410112] INFO perfrun.perfcollector <> - config: in_tx_cp: 0
356 [22972859410112] INFO perfrun.perfcollector <> - config1: ldlat: 0
356 [22972859410112] INFO perfrun.perfcollector <> - config: inv: 0
356 [22972859410112] INFO perfrun.perfcollector <> - config: umask: 2
356 [22972859410112] INFO perfrun.perfcollector <> - config: cmask: 0
356 [22972859410112] INFO perfrun.perfcollector <> - format: cpu/event=0xc0,umask=0x2,name='INST_RETIRED.X87'/
356 [22972859410112] INFO perfrun.perfcollector <> - event name: UOPS_RETIRED.RETIRE_SLOTS
356 [22972859410112] INFO perfrun.perfcollector <> - pmu config: cpu
356 [22972859410112] INFO perfrun.perfcollector <> - cccrAddr: 18d, cccrValue: 5302c2
356 [22972859410112] INFO perfrun.perfcollector <> - dataAddr: c8, dataValue: ffffffffffe17b7d
356 [22972859410112] INFO perfrun.perfcollector <> - escrAddr: ffffffff, escrValue: 0
356 [22972859410112] INFO perfrun.perfcollector <> - extendedPebsValue: 0
356 [22972859410112] INFO perfrun.perfcollector <> - adaptivePebsAvailable: 0
356 [22972859410112] INFO perfrun.perfcollector <> - config: event: c2
356 [22972859410112] INFO perfrun.perfcollector <> - config: pc: 0
356 [22972859410112] INFO perfrun.perfcollector <> - config: in_tx: 0
356 [22972859410112] INFO perfrun.perfcollector <> - config: edge: 0
356 [22972859410112] INFO perfrun.perfcollector <> - config: any: 0
356 [22972859410112] INFO perfrun.perfcollector <> - config1: offcore_rsp: 0
356 [22972859410112] INFO perfrun.perfcollector <> - config: in_tx_cp: 0
356 [22972859410112] INFO perfrun.perfcollector <> - config1: ldlat: 0
356 [22972859410112] INFO perfrun.perfcollector <> - config: inv: 0
356 [22972859410112] INFO perfrun.perfcollector <> - config: umask: 2
356 [22972859410112] INFO perfrun.perfcollector <> - config: cmask: 0
356 [22972859410112] INFO perfrun.perfcollector <> - format: cpu/event=0xc2,umask=0x2,name='UOPS_RETIRED.RETIRE_SLOTS'/
356 [22972859410112] INFO perfrun.perfcollector <> - event: cpu/event=0x3c,name='CPU_CLK_UNHALTED.THREAD'/Duk, added for counting
356 [22972859410112] INFO perfrun.perfcollector <> - event: cpu/umask=0x3,name='CPU_CLK_UNHALTED.REF_TSC'/Duk, added for counting
356 [22972859410112] INFO perfrun.perfcollector <> - event: cpu/event=0xc0,name='INST_RETIRED.ANY'/Duk, added for counting
356 [22972859410112] INFO perfrun.perfcollector <> - event: cpu/event=0x3c,umask=0x1,name='CPU_CLK_UNHALTED.REF_XCLK'/uk, added for counting
356 [22972859410112] INFO perfrun.perfcollector <> - event: cpu/event=0x3c,umask=0x2,name='CPU_CLK_UNHALTED.ONE_THREAD_ACTIVE'/uk, added for counting
356 [22972859410112] INFO perfrun.perfcollector <> - event: cpu/event=0xc7,umask=0x2,name='FP_ARITH_INST_RETIRED.SCALAR_SINGLE'/uk, added for counting
356 [22972859410112] INFO perfrun.perfcollector <> - event: cpu/event=0xc7,umask=0x8,name='FP_ARITH_INST_RETIRED.128B_PACKED_SINGLE'/uk, added for counting
356 [22972859410112] INFO perfrun.perfcollector <> - event: cpu/event=0xc7,umask=0x20,name='FP_ARITH_INST_RETIRED.256B_PACKED_SINGLE'/uk, added for counting
356 [22972859410112] INFO perfrun.perfcollector <> - event: cpu/event=0xc7,umask=0x1,name='FP_ARITH_INST_RETIRED.SCALAR_DOUBLE'/uk, added for counting
356 [22972859410112] INFO perfrun.perfcollector <> - event: cpu/event=0xc7,umask=0x4,name='FP_ARITH_INST_RETIRED.128B_PACKED_DOUBLE'/uk, added for counting
356 [22972859410112] INFO perfrun.perfcollector <> - event: cpu/event=0xc7,umask=0x10,name='FP_ARITH_INST_RETIRED.256B_PACKED_DOUBLE'/uk, added for counting
356 [22972859410112] INFO perfrun.perfcollector <> - event: cpu/event=0xc0,umask=0x2,name='INST_RETIRED.X87'/uk, added for counting
356 [22972859410112] INFO perfrun.perfcollector <> - event: cpu/event=0xc2,umask=0x2,name='UOPS_RETIRED.RETIRE_SLOTS'/uk, added for counting
356 [22972859410112] INFO perfrun.perfcollector <> - attaching to pid: 4294967295, collect mode: 1, rc modes: 3
372 [22972848363200] WARN perfrun.perfcollector <> - Perf stat trace pipe capacity: read = 1048576, write = 1048576, at file: vcs/perfrun1/plugins/perfcollector/src/profiler.cpp:765
382 [22972848363200] INFO perfrun.sdk <> - runCmd: /opt/intel/oneapi/vtune/2023.1.0/bin64/amplxe-perf stat -v --log-fd 10 --scale -x ; -e cpu/event=0x3c,name='CPU_CLK_UNHALTED.THREAD'/Duk,cpu/umask=0x3,name='CPU_CLK_UNHALTED.REF_TSC'/Duk,cpu/event=0xc0,name='INST_RETIRED.ANY'/Duk,cpu/event=0x3c,umask=0x1,name='CPU_CLK_UNHALTED.REF_XCLK'/uk,cpu/event=0x3c,umask=0x2,name='CPU_CLK_UNHALTED.ONE_THREAD_ACTIVE'/uk,cpu/event=0xc7,umask=0x2,name='FP_ARITH_INST_RETIRED.SCALAR_SINGLE'/uk,cpu/event=0xc7,umask=0x8,name='FP_ARITH_INST_RETIRED.128B_PACKED_SINGLE'/uk,cpu/event=0xc7,umask=0x20,name='FP_ARITH_INST_RETIRED.256B_PACKED_SINGLE'/uk,cpu/event=0xc7,umask=0x1,name='FP_ARITH_INST_RETIRED.SCALAR_DOUBLE'/uk,cpu/event=0xc7,umask=0x4,name='FP_ARITH_INST_RETIRED.128B_PACKED_DOUBLE'/uk,cpu/event=0xc7,umask=0x10,name='FP_ARITH_INST_RETIRED.256B_PACKED_DOUBLE'/uk,cpu/event=0xc0,umask=0x2,name='INST_RETIRED.X87'/uk,cpu/event=0xc2,umask=0x2,name='UOPS_RETIRED.RETIRE_SLOTS'/uk /opt/intel/oneapi/vtune/2023.1.0/bin64/amplxe-perf-sync dryrun sys
382 [22972848363200] INFO perfrun.sdk <> - runCmd started PID 2284403
538 [22972848363200] INFO perfrun.perfcollector <> - Monitor: runCmd RC = true
539 [22972859410112] INFO perfrun.launcher <> - plugin [aoclprofile] was disabled because it doesn't support the given collection type.
539 [22972859410112] INFO perfrun.tpss <> - initialize tpss controller
539 [22972859410112] INFO perfrun.tpss <> - configure collection mode: value = cpu:counters:nostack
539 [22972859410112] INFO perfrun.tpss <> - configure collection mode: value = cpu:stack
539 [22972859410112] INFO perfrun.tpss <> - default obj-size-min=1024
539 [22972859410112] INFO perfrun.tpss <> - default hash-table-size=0
539 [22972859410112] INFO perfrun.launcher <> - plugin [media] was disabled because it doesn't support the given collection type.
539 [22972859410112] INFO perfrun.launcher <> - plugin [] was disabled because it doesn't support the given collection type.
539 [22972859410112] INFO perfrun.launcher <> - plugin [] was disabled because it doesn't support the given collection type.
539 [22972859410112] INFO perfrun.launcher <> - plugin [parallelfs] was disabled because it doesn't support the given collection type.
539 [22972859410112] INFO perfrun.launcher <> - plugin [power] was disabled because it doesn't support the given collection type.
539 [22972859410112] INFO perfrun.launcher <> - plugin [hwloc] was disabled because it doesn't support the given collection type.
539 [22972859410112] INFO perfrun.launcher <> - plugin [ipmwatch] was disabled because it doesn't support the given collection type.
539 [22972859410112] INFO perfrun.launcher <> - plugin [os_counters] was disabled because it doesn't support the given collection type.
539 [22972859410112] INFO perfrun.launcher <> - plugin [l0_metrics] was disabled because it doesn't support the given collection type.
539 [22973002520448] INFO perfrun.launcher <> - set environment variable: LD_LIBRARY_PATH = /opt/intel/oneapi/vtune/2023.1.0/lib32/runtime:/opt/intel/oneapi/vtune/2023.1.0/lib64/runtime:/opt/intel/oneapi/tbb/2021.5.1/env/../lib/intel64/gcc4.8:/opt/intel/oneapi/mpi/2021.5.1//libfabric/lib:/opt/intel/oneapi/mpi/2021.5.1//lib/release:/opt/intel/oneapi/mpi/2021.5.1//lib:/opt/intel/oneapi/mkl/2022.0.2/lib/intel64:/opt/intel/oneapi/itac/2021.5.0/slib:/opt/intel/oneapi/debugger/2021.5.0/gdb/intel64/lib:/opt/intel/oneapi/debugger/2021.5.0/libipt/intel64/lib:/opt/intel/oneapi/debugger/2021.5.0/dep/lib:/opt/intel/oneapi/compiler/2022.0.2/linux/lib:/opt/intel/oneapi/compiler/2022.0.2/linux/lib/x64:/opt/intel/oneapi/compiler/2022.0.2/linux/lib/oclfpga/host/linux64/lib:/opt/intel/oneapi/compiler/2022.0.2/linux/compiler/lib/intel64_lin
539 [22973002520448] INFO perfrun.launcher <> - set environment variable: INTEL_LIBITTNOTIFY32 = /opt/intel/oneapi/vtune/2023.1.0/lib32/runtime/libittnotify_collector.so
539 [22973002520448] INFO perfrun.launcher <> - set environment variable: INTEL_LIBITTNOTIFY64 = /opt/intel/oneapi/vtune/2023.1.0/lib64/runtime/libittnotify_collector.so
539 [22973002520448] INFO perfrun.launcher <> - set environment variable: INTEL_ITTNOTIFY_GROUPS = 
539 [22973002520448] INFO perfrun.launcher <> - set environment variable: INTEL_JIT_PROFILER32 = /opt/intel/oneapi/vtune/2023.1.0/lib32/runtime/libittnotify_collector.so
539 [22973002520448] INFO perfrun.launcher <> - set environment variable: INTEL_JIT_PROFILER64 = /opt/intel/oneapi/vtune/2023.1.0/lib64/runtime/libittnotify_collector.so
539 [22973002520448] INFO perfrun.launcher <> - set environment variable: OMP_TOOL_LIBRARIES = /opt/intel/oneapi/vtune/2023.1.0/lib32/runtime/libittnotify_collector.so:/opt/intel/oneapi/vtune/2023.1.0/lib64/runtime/libittnotify_collector.so
539 [22973002520448] INFO perfrun.launcher <> - set environment variable: ENABLE_JITPROFILING = 1
540 [22973002520448] INFO perfrun.launcher <> - set environment variable: CL_CONFIG_USE_VTUNE = True
540 [22973002520448] INFO perfrun.launcher <> - set environment variable: LD_PRELOAD = libittnotify_collector.so:
540 [22973002520448] INFO perfrun.launcher <> - set environment variable: KMP_FORKJOIN_FRAMES = 0
540 [22973002520448] INFO perfrun.launcher <> - set environment variable: KMP_FORKJOIN_FRAMES_MODE = 0
540 [22973002520448] INFO perfrun.launcher <> - set environment variable: OMP_TOOL = disabled
540 [22973002520448] INFO perfrun.launcher <> - set environment variable: INTEL_MRTE_DATA_DIR = /home/course/hpc/users/2022012388/exp8/result.conv2/data.15
540 [22973002520448] INFO perfrun.launcher <> - set environment variable: INTEL_MRTE_HOST_NAME = conv2
540 [22973002520448] INFO perfrun.launcher <> - set environment variable: JAVA_TOOL_OPTIONS = -agentlib:amplxe_tpssmrte_javaprof_1.0 -Dsun.boot.library.path=/opt/intel/oneapi/vtune/2023.1.0/lib32/runtime:/opt/intel/oneapi/vtune/2023.1.0/lib64/runtime
540 [22973002520448] INFO perfrun.launcher <> - set environment variable: LD_LIBRARY_PATH = /opt/intel/oneapi/vtune/2023.1.0/lib32/runtime:/opt/intel/oneapi/vtune/2023.1.0/lib64/runtime:/opt/intel/oneapi/tbb/2021.5.1/env/../lib/intel64/gcc4.8:/opt/intel/oneapi/mpi/2021.5.1//libfabric/lib:/opt/intel/oneapi/mpi/2021.5.1//lib/release:/opt/intel/oneapi/mpi/2021.5.1//lib:/opt/intel/oneapi/mkl/2022.0.2/lib/intel64:/opt/intel/oneapi/itac/2021.5.0/slib:/opt/intel/oneapi/debugger/2021.5.0/gdb/intel64/lib:/opt/intel/oneapi/debugger/2021.5.0/libipt/intel64/lib:/opt/intel/oneapi/debugger/2021.5.0/dep/lib:/opt/intel/oneapi/compiler/2022.0.2/linux/lib:/opt/intel/oneapi/compiler/2022.0.2/linux/lib/x64:/opt/intel/oneapi/compiler/2022.0.2/linux/lib/oclfpga/host/linux64/lib:/opt/intel/oneapi/compiler/2022.0.2/linux/compiler/lib/intel64_lin
540 [22973002520448] INFO perfrun.launcher <> - set environment variable: CORECLR_ENABLE_PROFILING = 1
540 [22973002520448] INFO perfrun.launcher <> - set environment variable: CORECLR_PROFILER = {AA5E4821-E3B1-479c-B7FF-5AD047D22CED}
540 [22973002520448] INFO perfrun.launcher <> - set environment variable: CORECLR_PROFILER_PATH = /opt/intel/oneapi/vtune/2023.1.0/lib64/libamplxe_samplingmrte_clrprof_1.0.so
540 [22973002520448] INFO perfrun.launcher <> - set environment variable: INTEL_MRTE_PROFILER_MODE = mixed
540 [22973002520448] INFO perfrun.launcher <> - RpcServer: run RPC server to handle requests
541 [22973002520448] INFO perfrun.launcher <> - Launcher: command line to start before modification = ./run.sh 2022012388
541 [22973002520448] INFO perfrun.launcher <> - Launcher: command line to start after modification = /opt/intel/oneapi/vtune/2023.1.0/bin64/pin -error_file /home/course/hpc/users/2022012388/exp8/result.conv2/data.15/pinerr.tpsslog -detach_reattach -follow_execv -tool_load_option deepbind -t64 /opt/intel/oneapi/vtune/2023.1.0/lib64/libtpsstool.so -t /opt/intel/oneapi/vtune/2023.1.0/lib32/libtpsstool.so -server_name tpss_ipc.2284243 -prd_dir /opt/intel/oneapi/vtune/2023.1.0 -- ./run.sh 2022012388
641 [22973002520448] INFO perfrun.launcher <> - ProcessCreator object was created
642 [22973002520448] INFO perfrun.launcher <> - Launcher: the process was started in suspend mode
645 [22972859410112] WARN perfrun.system <> - Could not do anything with /sys/kernel/debug/kvm: boost::filesystem::status: Permission denied: "/sys/kernel/debug/kvm", at file: vcs/perfrun1/plugins/system/src/trace_writer.cpp:787
645 [22972859410112] WARN perfrun.system <> - Folder "/var/run/libvirt/qemu/"doesn't exist, at file: vcs/perfrun1/plugins/system/src/trace_writer.cpp:800
645 [22972859410112] INFO perfrun.itt <> - start itt controller for pid #2284604
645 [22972859410112] INFO perfrun.perfcollector <> - attaching to pid: 2284604, collect mode: 1, rc modes: 1
659 [22972639213248] WARN perfrun.perfcollector <> - Perf stat trace pipe capacity: read = 1048576, write = 1048576, at file: vcs/perfrun1/plugins/perfcollector/src/profiler.cpp:765
668 [22972639213248] INFO perfrun.sdk <> - runCmd: /opt/intel/oneapi/vtune/2023.1.0/bin64/amplxe-perf stat -v --log-fd 22 --control=fd:23,26 --scale -x ; -p 2284604 -e cpu/event=0x3c,name='CPU_CLK_UNHALTED.THREAD'/Duk,cpu/umask=0x3,name='CPU_CLK_UNHALTED.REF_TSC'/Duk,cpu/event=0xc0,name='INST_RETIRED.ANY'/Duk,cpu/event=0x3c,umask=0x1,name='CPU_CLK_UNHALTED.REF_XCLK'/uk,cpu/event=0x3c,umask=0x2,name='CPU_CLK_UNHALTED.ONE_THREAD_ACTIVE'/uk,cpu/event=0xc7,umask=0x2,name='FP_ARITH_INST_RETIRED.SCALAR_SINGLE'/uk,cpu/event=0xc7,umask=0x8,name='FP_ARITH_INST_RETIRED.128B_PACKED_SINGLE'/uk,cpu/event=0xc7,umask=0x20,name='FP_ARITH_INST_RETIRED.256B_PACKED_SINGLE'/uk,cpu/event=0xc7,umask=0x1,name='FP_ARITH_INST_RETIRED.SCALAR_DOUBLE'/uk,cpu/event=0xc7,umask=0x4,name='FP_ARITH_INST_RETIRED.128B_PACKED_DOUBLE'/uk,cpu/event=0xc7,umask=0x10,name='FP_ARITH_INST_RETIRED.256B_PACKED_DOUBLE'/uk,cpu/event=0xc0,umask=0x2,name='INST_RETIRED.X87'/uk,cpu/event=0xc2,umask=0x2,name='UOPS_RETIRED.RETIRE_SLOTS'/uk /opt/intel/oneapi/vtune/2023.1.0/bin64/amplxe-perf-sync sync sys
669 [22972639213248] INFO perfrun.sdk <> - runCmd started PID 2284620
817 [22972859410112] INFO perfrun.tpss <> - start tpss controller for pid #2284604
867 [22973002520448] INFO perfrun.launcher <> - Launcher: all plugins were started
867 [22973002520448] INFO perfrun.launcher <> - DirectoryMonitor object was created
867 [22973002520448] INFO perfrun.launcher <> - DirectoryMonitor: a callback was added
867 [22973002520448] INFO perfrun.launcher <> - DirectoryMonitor was started with pingTime = 1000
867 [22973002520448] INFO perfrun.launcher <> - DeadlineTimer is going to be constructed
867 [22973002520448] INFO perfrun.launcher <> - DeadlineTimer: a callback was added
869 [22973002520448] INFO perfrun.launcher <> - Launcher: resume the profiled application and  wait its termination or stop command
140949 [22973002520448] INFO perfrun.launcher <> - Launcher: the profiled application was terminated  with exit code = 1
141204 [22972859410112] INFO perfrun.itt <> - detach itt controller
141204 [22972859410112] INFO perfrun.itt <> - detach itt controller done
141206 [22972639213248] INFO perfrun.perfcollector <> - Monitor: runCmd RC = true
141206 [22972859410112] INFO perfrun.perfcollector <> - Monitor: state = 3, error = 1
141207 [22972859410112] INFO perfrun.tpss <> - stop tpss controller
141208 [22972859410112] INFO perfrun.sdk <> - De-allocating TMU: /home/course/hpc/users/2022012388/exp8/result.conv2/data.15/systemcollector-2284243-conv2.sc
141208 [22972859410112] INFO perfrun.system <> - closed the system trace file: /home/course/hpc/users/2022012388/exp8/result.conv2/data.15/systemcollector-2284243-conv2.sc
141208 [22973002520448] INFO perfrun.launcher <> - Launcher: all plugins were stopped.
141208 [22973002520448] INFO perfrun.launcher <> - DeadlineTimer is going to be destroyed
141209 [22973002520448] INFO perfrun.launcher <> - DeadlineTimer was destroyed
141209 [22973002520448] INFO perfrun.launcher <> - DirectoryMonitor object was destroyed
141209 [22973002520448] WARN perfrun.launcher <> - Stop command is ignored because it is received when collection is already stopped, at file: vcs/perfrun1/launcher/src/command_handler.cpp:226
141209 [22973002520448] INFO perfrun.launcher <> - Application exit code: 1
141209 [22973002520448] INFO perfrun.launcher <> - Exit code: 4
