13 [23075507095424] INFO perfrun.launcher <> - Launcher main begin
15 [23075507095424] INFO perfrun.launcher <> - MessageCatalogInit finished
15 [23075507095424] INFO perfrun.launcher <> - Launcher instance created
15 [23075507095424] INFO perfrun.launcher <> - argc = 7; cmdline = /opt/intel/oneapi/vtune/2023.1.0/bin64/amplxe-runss --ui-output-format xml --ui-output-fd 5 --option-file /home/course/hpc/users/2022012388/exp8/result.conv2/config/runss.options.5 
86 [23075507095424] INFO perfrun.launcher <> - create msngr2::ICliToolContext
87 [23075507095424] INFO perfrun.launcher <> - create file finder object
87 [23075507095424] INFO perfrun.launcher <> - create a result directory: pattern = /home/course/hpc/users/2022012388/exp8/result.conv2 pid = 4294967295
89 [23075507095424] INFO perfrun.sdk <> - checked that the directory /home/course/hpc/users/2022012388/exp8/result.conv2 is a local directory
89 [23075507095424] INFO perfrun.sdk <> - the directory /home/course/hpc/users/2022012388/exp8/result.conv2 is located on a share or its FS ID is unknown 26985
89 [23075507095424] INFO perfrun.sdk <> - checked that the directory /tmp/amplxe-tmp-2022012388 is a local directory
89 [23075507095424] INFO perfrun.sdk <> - the directory /tmp/amplxe-tmp-2022012388 is located on a share or its FS ID is unknown 2035054128
90 [23075507095424] INFO perfrun.launcher <> - create data directory = /home/course/hpc/users/2022012388/exp8/result.conv2/data.5
91 [23075507095424] INFO perfrun.launcher <> - Creating the master collection flag
91 [23075507095424] INFO perfrun.launcher <> - Done creating the master collection flag
93 [23075364005568] INFO perfrun.launcher <> - plugin [remoteplug] was disabled because it doesn't support the given collection type.
94 [23075364005568] INFO perfrun.sdk <> - Allocating TMU :/home/course/hpc/users/2022012388/exp8/result.conv2/data.5/systemcollector-2284196-conv2.sc
95 [23075364005568] INFO perfrun.launcher <> - plugin [vdso] was disabled because it doesn't support the given collection type.
95 [23075364005568] INFO perfrun.launcher <> - plugin [ptracecollector] was disabled because it doesn't support the given collection type.
95 [23075364005568] INFO perfrun.launcher <> - plugin [gpu] was disabled because it doesn't support the given collection type.
95 [23075364005568] INFO perfrun.launcher <> - plugin [] was disabled because it doesn't support the given collection type.
95 [23075364005568] INFO perfrun.launcher <> - plugin [] was disabled because it doesn't support the given collection type.
95 [23075364005568] INFO perfrun.launcher <> - plugin [] was disabled because it doesn't support the given collection type.
95 [23075364005568] INFO perfrun.mrte <> - system-wide mode is 0
95 [23075364005568] INFO perfrun.mrte <> - Getting  mrte profiling environment ...
110 [23075364005568] INFO perfrun.mrte <> - INTEL_MRTE_DATA_DIR=/home/course/hpc/users/2022012388/exp8/result.conv2/data.5
110 [23075364005568] INFO perfrun.mrte <> - INTEL_MRTE_HOST_NAME=conv2
110 [23075364005568] INFO perfrun.mrte <> - JAVA_TOOL_OPTIONS=-agentlib:amplxe_tpssmrte_javaprof_1.0 -Dsun.boot.library.path=/opt/intel/oneapi/vtune/2023.1.0/lib32/runtime:/opt/intel/oneapi/vtune/2023.1.0/lib64/runtime
110 [23075364005568] INFO perfrun.mrte <> - LD_LIBRARY_PATH=/opt/intel/oneapi/vtune/2023.1.0/lib32/runtime:/opt/intel/oneapi/vtune/2023.1.0/lib64/runtime:/opt/intel/oneapi/tbb/2021.5.1/env/../lib/intel64/gcc4.8:/opt/intel/oneapi/mpi/2021.5.1//libfabric/lib:/opt/intel/oneapi/mpi/2021.5.1//lib/release:/opt/intel/oneapi/mpi/2021.5.1//lib:/opt/intel/oneapi/mkl/2022.0.2/lib/intel64:/opt/intel/oneapi/itac/2021.5.0/slib:/opt/intel/oneapi/debugger/2021.5.0/gdb/intel64/lib:/opt/intel/oneapi/debugger/2021.5.0/libipt/intel64/lib:/opt/intel/oneapi/debugger/2021.5.0/dep/lib:/opt/intel/oneapi/compiler/2022.0.2/linux/lib:/opt/intel/oneapi/compiler/2022.0.2/linux/lib/x64:/opt/intel/oneapi/compiler/2022.0.2/linux/lib/oclfpga/host/linux64/lib:/opt/intel/oneapi/compiler/2022.0.2/linux/compiler/lib/intel64_lin
110 [23075364005568] INFO perfrun.mrte <> - CORECLR_ENABLE_PROFILING=1
110 [23075364005568] INFO perfrun.mrte <> - CORECLR_PROFILER={AA5E4821-E3B1-479c-B7FF-5AD047D22CED}
110 [23075364005568] INFO perfrun.mrte <> - CORECLR_PROFILER_PATH=/opt/intel/oneapi/vtune/2023.1.0/lib64/libamplxe_samplingmrte_clrprof_1.0.so
110 [23075364005568] INFO perfrun.mrte <> - INTEL_MRTE_PROFILER_MODE=mixed
110 [23075364005568] INFO perfrun.mrte <> - Data directory: /home/course/hpc/users/2022012388/exp8/result.conv2/data.5
110 [23075364005568] INFO perfrun.mrte <> - Mrte plugin is initialized
110 [23075364005568] INFO perfrun.launcher <> - plugin [emon] was disabled because it doesn't support the given collection type.
110 [23075364005568] INFO perfrun.launcher <> - plugin [cuscol] was disabled because it doesn't support the given collection type.
110 [23075364005568] INFO perfrun.launcher <> - plugin [stdsrc] was disabled because it doesn't support the given collection type.
110 [23075364005568] INFO perfrun.launcher <> - plugin [sep] was disabled because it doesn't support the given collection type.
110 [23075364005568] INFO perfrun.launcher <> - plugin [vtsspp] was disabled because it doesn't support the given collection type.
110 [23075364005568] INFO perfrun.sdk <> - Reading value (0) from file: /proc/sys/kernel/perf_event_paranoid
110 [23075364005568] INFO perfrun.perfcollector <> - checking access to: /opt/intel/oneapi/vtune/2023.1.0/bin64/amplxe-perf-priv
113 [23075364005568] INFO perfrun.perfcollector <> - cpu: family = 6 model = 79
113 [23075364005568] INFO perfrun.perfcollector <> - dir found: /sys/bus/event_source/devices/software
113 [23075364005568] INFO perfrun.perfcollector <> - format: pmu format subdir doesn't exist
113 [23075364005568] INFO perfrun.perfcollector <> - hwInfo: not set, pmuFam: software
113 [23075364005568] INFO perfrun.perfcollector <> - pmu added: family: software, id: 0
113 [23075364005568] INFO perfrun.perfcollector <> - dir found: /sys/bus/event_source/devices/uncore_imc_5
113 [23075364005568] INFO perfrun.perfcollector <> - format: event config:0-7 mask:0-7
113 [23075364005568] INFO perfrun.perfcollector <> - format: edge config:18 mask:18
113 [23075364005568] INFO perfrun.perfcollector <> - format: inv config:23 mask:23
114 [23075364005568] INFO perfrun.perfcollector <> - format: umask config:8-15 mask:8-15
114 [23075364005568] INFO perfrun.perfcollector <> - format: thresh config:24-31 mask:24-31
114 [23075364005568] INFO perfrun.perfcollector <> - hwInfo: PERF_IMC_PMU_DETAILS
114 [23075364005568] INFO perfrun.perfcollector <> - pmu added: family: uncore_imc, id: 5
114 [23075364005568] INFO perfrun.perfcollector <> - dir found: /sys/bus/event_source/devices/uncore_sbox_2
114 [23075364005568] INFO perfrun.perfcollector <> - format: event config:0-7 mask:0-7
114 [23075364005568] INFO perfrun.perfcollector <> - format: edge config:18 mask:18
114 [23075364005568] INFO perfrun.perfcollector <> - format: inv config:23 mask:23
114 [23075364005568] INFO perfrun.perfcollector <> - format: umask config:8-15 mask:8-15
114 [23075364005568] INFO perfrun.perfcollector <> - format: tid_en config:19 mask:19
114 [23075364005568] INFO perfrun.perfcollector <> - format: thresh config:24-31 mask:24-31
114 [23075364005568] INFO perfrun.perfcollector <> - hwInfo: not set, pmuFam: uncore_sbox
114 [23075364005568] INFO perfrun.perfcollector <> - pmu added: family: uncore_sbox, id: 2
114 [23075364005568] INFO perfrun.perfcollector <> - dir found: /sys/bus/event_source/devices/uncore_cbox_8
114 [23075364005568] INFO perfrun.perfcollector <> - format: event config:0-7 mask:0-7
114 [23075364005568] INFO perfrun.perfcollector <> - format: filter_link config1:6-8 mask:6-8
114 [23075364005568] INFO perfrun.perfcollector <> - format: filter_c6 config1:61 mask:61
114 [23075364005568] INFO perfrun.perfcollector <> - format: edge config:18 mask:18
114 [23075364005568] INFO perfrun.perfcollector <> - format: filter_isoc config1:63 mask:63
114 [23075364005568] INFO perfrun.perfcollector <> - format: filter_tid config1:0-5 mask:0-5
114 [23075364005568] INFO perfrun.perfcollector <> - format: filter_nid config1:32-47 mask:32-47
114 [23075364005568] INFO perfrun.perfcollector <> - format: filter_nc config1:62 mask:62
114 [23075364005568] INFO perfrun.perfcollector <> - format: umask config:8-15 mask:8-15
114 [23075364005568] INFO perfrun.perfcollector <> - format: tid_en config:19 mask:19
114 [23075364005568] INFO perfrun.perfcollector <> - format: thresh config:24-31 mask:24-31
114 [23075364005568] INFO perfrun.perfcollector <> - format: filter_state config1:17-23 mask:17-23
114 [23075364005568] INFO perfrun.perfcollector <> - format: filter_opc config1:52-60 mask:52-60
114 [23075364005568] INFO perfrun.perfcollector <> - hwInfo: PERF_CBOX_PMU_DETAILS
114 [23075364005568] INFO perfrun.perfcollector <> - pmu added: family: uncore_cbox, id: 8
114 [23075364005568] INFO perfrun.perfcollector <> - dir found: /sys/bus/event_source/devices/uncore_cbox_13
114 [23075364005568] INFO perfrun.perfcollector <> - format: event config:0-7 mask:0-7
115 [23075364005568] INFO perfrun.perfcollector <> - format: filter_link config1:6-8 mask:6-8
115 [23075364005568] INFO perfrun.perfcollector <> - format: filter_c6 config1:61 mask:61
115 [23075364005568] INFO perfrun.perfcollector <> - format: edge config:18 mask:18
115 [23075364005568] INFO perfrun.perfcollector <> - format: filter_isoc config1:63 mask:63
115 [23075364005568] INFO perfrun.perfcollector <> - format: filter_tid config1:0-5 mask:0-5
115 [23075364005568] INFO perfrun.perfcollector <> - format: filter_nid config1:32-47 mask:32-47
115 [23075364005568] INFO perfrun.perfcollector <> - format: filter_nc config1:62 mask:62
115 [23075364005568] INFO perfrun.perfcollector <> - format: umask config:8-15 mask:8-15
115 [23075364005568] INFO perfrun.perfcollector <> - format: tid_en config:19 mask:19
115 [23075364005568] INFO perfrun.perfcollector <> - format: thresh config:24-31 mask:24-31
115 [23075364005568] INFO perfrun.perfcollector <> - format: filter_state config1:17-23 mask:17-23
115 [23075364005568] INFO perfrun.perfcollector <> - format: filter_opc config1:52-60 mask:52-60
115 [23075364005568] INFO perfrun.perfcollector <> - hwInfo: PERF_CBOX_PMU_DETAILS
115 [23075364005568] INFO perfrun.perfcollector <> - pmu added: family: uncore_cbox, id: 13
115 [23075364005568] INFO perfrun.perfcollector <> - dir found: /sys/bus/event_source/devices/uncore_r2pcie
115 [23075364005568] INFO perfrun.perfcollector <> - format: event config:0-7 mask:0-7
115 [23075364005568] INFO perfrun.perfcollector <> - format: edge config:18 mask:18
115 [23075364005568] INFO perfrun.perfcollector <> - format: inv config:23 mask:23
115 [23075364005568] INFO perfrun.perfcollector <> - format: umask config:8-15 mask:8-15
115 [23075364005568] INFO perfrun.perfcollector <> - format: thresh config:24-31 mask:24-31
115 [23075364005568] INFO perfrun.perfcollector <> - hwInfo: not set, pmuFam: uncore_r2pcie
115 [23075364005568] INFO perfrun.perfcollector <> - pmu added: family: uncore_r2pcie, id: 0
115 [23075364005568] INFO perfrun.perfcollector <> - dir found: /sys/bus/event_source/devices/uncore_sbox_0
116 [23075364005568] INFO perfrun.perfcollector <> - format: event config:0-7 mask:0-7
116 [23075364005568] INFO perfrun.perfcollector <> - format: edge config:18 mask:18
116 [23075364005568] INFO perfrun.perfcollector <> - format: inv config:23 mask:23
116 [23075364005568] INFO perfrun.perfcollector <> - format: umask config:8-15 mask:8-15
116 [23075364005568] INFO perfrun.perfcollector <> - format: tid_en config:19 mask:19
116 [23075364005568] INFO perfrun.perfcollector <> - format: thresh config:24-31 mask:24-31
116 [23075364005568] INFO perfrun.perfcollector <> - hwInfo: not set, pmuFam: uncore_sbox
116 [23075364005568] INFO perfrun.perfcollector <> - pmu added: family: uncore_sbox, id: 0
116 [23075364005568] INFO perfrun.perfcollector <> - dir found: /sys/bus/event_source/devices/uncore_qpi_1
116 [23075364005568] INFO perfrun.perfcollector <> - format: mask_rnid4 config2:31 mask:31
116 [23075364005568] INFO perfrun.perfcollector <> - format: mask_rnid30 config2:32-35 mask:32-35
116 [23075364005568] INFO perfrun.perfcollector <> - format: match_rnid30 config1:32-35 mask:32-35
116 [23075364005568] INFO perfrun.perfcollector <> - format: event config:0-7,21 mask:0-7,21
116 [23075364005568] INFO perfrun.perfcollector <> - format: match0 config1:0-31 mask:0-31
116 [23075364005568] INFO perfrun.perfcollector <> - format: match_rds config1:48-51 mask:48-51
116 [23075364005568] INFO perfrun.perfcollector <> - format: mask_rds config2:48-51 mask:48-51
116 [23075364005568] INFO perfrun.perfcollector <> - format: edge config:18 mask:18
116 [23075364005568] INFO perfrun.perfcollector <> - format: mask1 config2:32-63 mask:32-63
116 [23075364005568] INFO perfrun.perfcollector <> - format: match_dnid config1:13-17 mask:13-17
116 [23075364005568] INFO perfrun.perfcollector <> - format: mask_dnid config2:13-17 mask:13-17
116 [23075364005568] INFO perfrun.perfcollector <> - format: match_vnw config1:3-4 mask:3-4
116 [23075364005568] INFO perfrun.perfcollector <> - format: mask_vnw config2:3-4 mask:3-4
116 [23075364005568] INFO perfrun.perfcollector <> - format: mask_mc config2:9-12 mask:9-12
116 [23075364005568] INFO perfrun.perfcollector <> - format: match1 config1:32-63 mask:32-63
117 [23075364005568] INFO perfrun.perfcollector <> - format: inv config:23 mask:23
117 [23075364005568] INFO perfrun.perfcollector <> - format: umask config:8-15 mask:8-15
117 [23075364005568] INFO perfrun.perfcollector <> - format: match_opc config1:5-8 mask:5-8
117 [23075364005568] INFO perfrun.perfcollector <> - format: mask_opc config2:5-8 mask:5-8
117 [23075364005568] INFO perfrun.perfcollector <> - format: thresh config:24-31 mask:24-31
117 [23075364005568] INFO perfrun.perfcollector <> - format: match_rnid4 config1:31 mask:31
118 [23075364005568] INFO perfrun.perfcollector <> - format: mask0 config2:0-31 mask:0-31
118 [23075364005568] INFO perfrun.perfcollector <> - format: match_mc config1:9-12 mask:9-12
118 [23075364005568] INFO perfrun.perfcollector <> - hwInfo: PERF_QPI_PMU_DETAILS
118 [23075364005568] INFO perfrun.perfcollector <> - pmu added: family: uncore_qpi, id: 1
118 [23075364005568] INFO perfrun.perfcollector <> - dir found: /sys/bus/event_source/devices/uncore_cbox_6
118 [23075364005568] INFO perfrun.perfcollector <> - format: event config:0-7 mask:0-7
118 [23075364005568] INFO perfrun.perfcollector <> - format: filter_link config1:6-8 mask:6-8
118 [23075364005568] INFO perfrun.perfcollector <> - format: filter_c6 config1:61 mask:61
118 [23075364005568] INFO perfrun.perfcollector <> - format: edge config:18 mask:18
118 [23075364005568] INFO perfrun.perfcollector <> - format: filter_isoc config1:63 mask:63
118 [23075364005568] INFO perfrun.perfcollector <> - format: filter_tid config1:0-5 mask:0-5
118 [23075364005568] INFO perfrun.perfcollector <> - format: filter_nid config1:32-47 mask:32-47
118 [23075364005568] INFO perfrun.perfcollector <> - format: filter_nc config1:62 mask:62
119 [23075364005568] INFO perfrun.perfcollector <> - format: umask config:8-15 mask:8-15
119 [23075364005568] INFO perfrun.perfcollector <> - format: tid_en config:19 mask:19
119 [23075364005568] INFO perfrun.perfcollector <> - format: thresh config:24-31 mask:24-31
119 [23075364005568] INFO perfrun.perfcollector <> - format: filter_state config1:17-23 mask:17-23
119 [23075364005568] INFO perfrun.perfcollector <> - format: filter_opc config1:52-60 mask:52-60
119 [23075364005568] INFO perfrun.perfcollector <> - hwInfo: PERF_CBOX_PMU_DETAILS
119 [23075364005568] INFO perfrun.perfcollector <> - pmu added: family: uncore_cbox, id: 6
119 [23075364005568] INFO perfrun.perfcollector <> - dir found: /sys/bus/event_source/devices/uncore_imc_1
119 [23075364005568] INFO perfrun.perfcollector <> - format: event config:0-7 mask:0-7
119 [23075364005568] INFO perfrun.perfcollector <> - format: edge config:18 mask:18
119 [23075364005568] INFO perfrun.perfcollector <> - format: inv config:23 mask:23
119 [23075364005568] INFO perfrun.perfcollector <> - format: umask config:8-15 mask:8-15
120 [23075364005568] INFO perfrun.perfcollector <> - format: thresh config:24-31 mask:24-31
120 [23075364005568] INFO perfrun.perfcollector <> - hwInfo: PERF_IMC_PMU_DETAILS
120 [23075364005568] INFO perfrun.perfcollector <> - pmu added: family: uncore_imc, id: 1
120 [23075364005568] INFO perfrun.perfcollector <> - dir found: /sys/bus/event_source/devices/power
120 [23075364005568] INFO perfrun.perfcollector <> - format: event config:0-7 mask:0-7
120 [23075364005568] INFO perfrun.perfcollector <> - hwInfo: not set, pmuFam: power
120 [23075364005568] INFO perfrun.perfcollector <> - pmu added: family: power, id: 0
120 [23075364005568] INFO perfrun.perfcollector <> - dir found: /sys/bus/event_source/devices/uncore_cbox_11
120 [23075364005568] INFO perfrun.perfcollector <> - format: event config:0-7 mask:0-7
120 [23075364005568] INFO perfrun.perfcollector <> - format: filter_link config1:6-8 mask:6-8
120 [23075364005568] INFO perfrun.perfcollector <> - format: filter_c6 config1:61 mask:61
120 [23075364005568] INFO perfrun.perfcollector <> - format: edge config:18 mask:18
120 [23075364005568] INFO perfrun.perfcollector <> - format: filter_isoc config1:63 mask:63
121 [23075364005568] INFO perfrun.perfcollector <> - format: filter_tid config1:0-5 mask:0-5
121 [23075364005568] INFO perfrun.perfcollector <> - format: filter_nid config1:32-47 mask:32-47
121 [23075364005568] INFO perfrun.perfcollector <> - format: filter_nc config1:62 mask:62
121 [23075364005568] INFO perfrun.perfcollector <> - format: umask config:8-15 mask:8-15
121 [23075364005568] INFO perfrun.perfcollector <> - format: tid_en config:19 mask:19
121 [23075364005568] INFO perfrun.perfcollector <> - format: thresh config:24-31 mask:24-31
121 [23075364005568] INFO perfrun.perfcollector <> - format: filter_state config1:17-23 mask:17-23
121 [23075364005568] INFO perfrun.perfcollector <> - format: filter_opc config1:52-60 mask:52-60
121 [23075364005568] INFO perfrun.perfcollector <> - hwInfo: PERF_CBOX_PMU_DETAILS
121 [23075364005568] INFO perfrun.perfcollector <> - pmu added: family: uncore_cbox, id: 11
121 [23075364005568] INFO perfrun.perfcollector <> - dir found: /sys/bus/event_source/devices/uncore_cbox_4
122 [23075364005568] INFO perfrun.perfcollector <> - format: event config:0-7 mask:0-7
122 [23075364005568] INFO perfrun.perfcollector <> - format: filter_link config1:6-8 mask:6-8
122 [23075364005568] INFO perfrun.perfcollector <> - format: filter_c6 config1:61 mask:61
122 [23075364005568] INFO perfrun.perfcollector <> - format: edge config:18 mask:18
122 [23075364005568] INFO perfrun.perfcollector <> - format: filter_isoc config1:63 mask:63
122 [23075364005568] INFO perfrun.perfcollector <> - format: filter_tid config1:0-5 mask:0-5
122 [23075364005568] INFO perfrun.perfcollector <> - format: filter_nid config1:32-47 mask:32-47
122 [23075364005568] INFO perfrun.perfcollector <> - format: filter_nc config1:62 mask:62
122 [23075364005568] INFO perfrun.perfcollector <> - format: umask config:8-15 mask:8-15
122 [23075364005568] INFO perfrun.perfcollector <> - format: tid_en config:19 mask:19
123 [23075364005568] INFO perfrun.perfcollector <> - format: thresh config:24-31 mask:24-31
123 [23075364005568] INFO perfrun.perfcollector <> - format: filter_state config1:17-23 mask:17-23
123 [23075364005568] INFO perfrun.perfcollector <> - format: filter_opc config1:52-60 mask:52-60
123 [23075364005568] INFO perfrun.perfcollector <> - hwInfo: PERF_CBOX_PMU_DETAILS
123 [23075364005568] INFO perfrun.perfcollector <> - pmu added: family: uncore_cbox, id: 4
123 [23075364005568] INFO perfrun.perfcollector <> - dir found: /sys/bus/event_source/devices/uprobe
123 [23075364005568] INFO perfrun.perfcollector <> - format: ref_ctr_offset config:32-63 mask:32-63
123 [23075364005568] INFO perfrun.perfcollector <> - format: retprobe config:0 mask:0
123 [23075364005568] INFO perfrun.perfcollector <> - hwInfo: not set, pmuFam: uprobe
123 [23075364005568] INFO perfrun.perfcollector <> - pmu added: family: uprobe, id: 0
123 [23075364005568] INFO perfrun.perfcollector <> - dir found: /sys/bus/event_source/devices/intel_bts
123 [23075364005568] INFO perfrun.perfcollector <> - format: pmu format subdir doesn't exist
123 [23075364005568] INFO perfrun.perfcollector <> - hwInfo: not set, pmuFam: intel_bts
124 [23075364005568] INFO perfrun.perfcollector <> - pmu added: family: intel_bts, id: 0
124 [23075364005568] INFO perfrun.perfcollector <> - dir found: /sys/bus/event_source/devices/cpu
124 [23075364005568] INFO perfrun.perfcollector <> - format: event config:0-7 mask:0-7
124 [23075364005568] INFO perfrun.perfcollector <> - format: pc config:19 mask:19
124 [23075364005568] INFO perfrun.perfcollector <> - format: in_tx config:32 mask:32
124 [23075364005568] INFO perfrun.perfcollector <> - format: edge config:18 mask:18
124 [23075364005568] INFO perfrun.perfcollector <> - format: any config:21 mask:21
124 [23075364005568] INFO perfrun.perfcollector <> - format: offcore_rsp config1:0-63 mask:0-63
125 [23075364005568] INFO perfrun.perfcollector <> - format: in_tx_cp config:33 mask:33
125 [23075364005568] INFO perfrun.perfcollector <> - format: ldlat config1:0-15 mask:0-15
125 [23075364005568] INFO perfrun.perfcollector <> - format: inv config:23 mask:23
125 [23075364005568] INFO perfrun.perfcollector <> - format: umask config:8-15 mask:8-15
125 [23075364005568] INFO perfrun.perfcollector <> - format: cmask config:24-31 mask:24-31
125 [23075364005568] INFO perfrun.perfcollector <> - hwInfo: PERF_CPU_PMU_DETAILS
125 [23075364005568] INFO perfrun.perfcollector <> - pmu added: family: cpu, id: 0
125 [23075364005568] INFO perfrun.perfcollector <> - dir found: /sys/bus/event_source/devices/uncore_r3qpi_0
125 [23075364005568] INFO perfrun.perfcollector <> - format: event config:0-7 mask:0-7
125 [23075364005568] INFO perfrun.perfcollector <> - format: edge config:18 mask:18
125 [23075364005568] INFO perfrun.perfcollector <> - format: inv config:23 mask:23
125 [23075364005568] INFO perfrun.perfcollector <> - format: umask config:8-15 mask:8-15
126 [23075364005568] INFO perfrun.perfcollector <> - format: thresh config:24-31 mask:24-31
126 [23075364005568] INFO perfrun.perfcollector <> - hwInfo: not set, pmuFam: uncore_r3qpi
126 [23075364005568] INFO perfrun.perfcollector <> - pmu added: family: uncore_r3qpi, id: 0
126 [23075364005568] INFO perfrun.perfcollector <> - dir found: /sys/bus/event_source/devices/cstate_core
126 [23075364005568] INFO perfrun.perfcollector <> - format: event config:0-63 mask:0-63
126 [23075364005568] INFO perfrun.perfcollector <> - hwInfo: not set, pmuFam: cstate_core
126 [23075364005568] INFO perfrun.perfcollector <> - pmu added: family: cstate_core, id: 0
126 [23075364005568] INFO perfrun.perfcollector <> - dir found: /sys/bus/event_source/devices/uncore_cbox_2
126 [23075364005568] INFO perfrun.perfcollector <> - format: event config:0-7 mask:0-7
126 [23075364005568] INFO perfrun.perfcollector <> - format: filter_link config1:6-8 mask:6-8
126 [23075364005568] INFO perfrun.perfcollector <> - format: filter_c6 config1:61 mask:61
126 [23075364005568] INFO perfrun.perfcollector <> - format: edge config:18 mask:18
126 [23075364005568] INFO perfrun.perfcollector <> - format: filter_isoc config1:63 mask:63
127 [23075364005568] INFO perfrun.perfcollector <> - format: filter_tid config1:0-5 mask:0-5
127 [23075364005568] INFO perfrun.perfcollector <> - format: filter_nid config1:32-47 mask:32-47
127 [23075364005568] INFO perfrun.perfcollector <> - format: filter_nc config1:62 mask:62
127 [23075364005568] INFO perfrun.perfcollector <> - format: umask config:8-15 mask:8-15
127 [23075364005568] INFO perfrun.perfcollector <> - format: tid_en config:19 mask:19
127 [23075364005568] INFO perfrun.perfcollector <> - format: thresh config:24-31 mask:24-31
127 [23075364005568] INFO perfrun.perfcollector <> - format: filter_state config1:17-23 mask:17-23
127 [23075364005568] INFO perfrun.perfcollector <> - format: filter_opc config1:52-60 mask:52-60
127 [23075364005568] INFO perfrun.perfcollector <> - hwInfo: PERF_CBOX_PMU_DETAILS
127 [23075364005568] INFO perfrun.perfcollector <> - pmu added: family: uncore_cbox, id: 2
127 [23075364005568] INFO perfrun.perfcollector <> - dir found: /sys/bus/event_source/devices/breakpoint
127 [23075364005568] INFO perfrun.perfcollector <> - format: pmu format subdir doesn't exist
127 [23075364005568] INFO perfrun.perfcollector <> - hwInfo: not set, pmuFam: breakpoint
127 [23075364005568] INFO perfrun.perfcollector <> - pmu added: family: breakpoint, id: 0
127 [23075364005568] INFO perfrun.perfcollector <> - dir found: /sys/bus/event_source/devices/uncore_ha_0
128 [23075364005568] INFO perfrun.perfcollector <> - format: event config:0-7 mask:0-7
128 [23075364005568] INFO perfrun.perfcollector <> - format: edge config:18 mask:18
128 [23075364005568] INFO perfrun.perfcollector <> - format: inv config:23 mask:23
128 [23075364005568] INFO perfrun.perfcollector <> - format: umask config:8-15 mask:8-15
128 [23075364005568] INFO perfrun.perfcollector <> - format: thresh config:24-31 mask:24-31
128 [23075364005568] INFO perfrun.perfcollector <> - hwInfo: not set, pmuFam: uncore_ha
128 [23075364005568] INFO perfrun.perfcollector <> - pmu added: family: uncore_ha, id: 0
128 [23075364005568] INFO perfrun.perfcollector <> - dir found: /sys/bus/event_source/devices/uncore_cbox_0
128 [23075364005568] INFO perfrun.perfcollector <> - format: event config:0-7 mask:0-7
128 [23075364005568] INFO perfrun.perfcollector <> - format: filter_link config1:6-8 mask:6-8
128 [23075364005568] INFO perfrun.perfcollector <> - format: filter_c6 config1:61 mask:61
128 [23075364005568] INFO perfrun.perfcollector <> - format: edge config:18 mask:18
128 [23075364005568] INFO perfrun.perfcollector <> - format: filter_isoc config1:63 mask:63
129 [23075364005568] INFO perfrun.perfcollector <> - format: filter_tid config1:0-5 mask:0-5
129 [23075364005568] INFO perfrun.perfcollector <> - format: filter_nid config1:32-47 mask:32-47
129 [23075364005568] INFO perfrun.perfcollector <> - format: filter_nc config1:62 mask:62
129 [23075364005568] INFO perfrun.perfcollector <> - format: umask config:8-15 mask:8-15
129 [23075364005568] INFO perfrun.perfcollector <> - format: tid_en config:19 mask:19
129 [23075364005568] INFO perfrun.perfcollector <> - format: thresh config:24-31 mask:24-31
129 [23075364005568] INFO perfrun.perfcollector <> - format: filter_state config1:17-23 mask:17-23
129 [23075364005568] INFO perfrun.perfcollector <> - format: filter_opc config1:52-60 mask:52-60
129 [23075364005568] INFO perfrun.perfcollector <> - hwInfo: PERF_CBOX_PMU_DETAILS
129 [23075364005568] INFO perfrun.perfcollector <> - pmu added: family: uncore_cbox, id: 0
129 [23075364005568] INFO perfrun.perfcollector <> - dir found: /sys/bus/event_source/devices/tracepoint
129 [23075364005568] INFO perfrun.perfcollector <> - format: pmu format subdir doesn't exist
129 [23075364005568] INFO perfrun.perfcollector <> - hwInfo: not set, pmuFam: tracepoint
129 [23075364005568] INFO perfrun.perfcollector <> - pmu added: family: tracepoint, id: 0
129 [23075364005568] INFO perfrun.perfcollector <> - dir found: /sys/bus/event_source/devices/uncore_sbox_3
129 [23075364005568] INFO perfrun.perfcollector <> - format: event config:0-7 mask:0-7
129 [23075364005568] INFO perfrun.perfcollector <> - format: edge config:18 mask:18
129 [23075364005568] INFO perfrun.perfcollector <> - format: inv config:23 mask:23
129 [23075364005568] INFO perfrun.perfcollector <> - format: umask config:8-15 mask:8-15
129 [23075364005568] INFO perfrun.perfcollector <> - format: tid_en config:19 mask:19
129 [23075364005568] INFO perfrun.perfcollector <> - format: thresh config:24-31 mask:24-31
129 [23075364005568] INFO perfrun.perfcollector <> - hwInfo: not set, pmuFam: uncore_sbox
129 [23075364005568] INFO perfrun.perfcollector <> - pmu added: family: uncore_sbox, id: 3
129 [23075364005568] INFO perfrun.perfcollector <> - dir found: /sys/bus/event_source/devices/uncore_cbox_9
130 [23075364005568] INFO perfrun.perfcollector <> - format: event config:0-7 mask:0-7
130 [23075364005568] INFO perfrun.perfcollector <> - format: filter_link config1:6-8 mask:6-8
130 [23075364005568] INFO perfrun.perfcollector <> - format: filter_c6 config1:61 mask:61
130 [23075364005568] INFO perfrun.perfcollector <> - format: edge config:18 mask:18
130 [23075364005568] INFO perfrun.perfcollector <> - format: filter_isoc config1:63 mask:63
130 [23075364005568] INFO perfrun.perfcollector <> - format: filter_tid config1:0-5 mask:0-5
130 [23075364005568] INFO perfrun.perfcollector <> - format: filter_nid config1:32-47 mask:32-47
130 [23075364005568] INFO perfrun.perfcollector <> - format: filter_nc config1:62 mask:62
130 [23075364005568] INFO perfrun.perfcollector <> - format: umask config:8-15 mask:8-15
130 [23075364005568] INFO perfrun.perfcollector <> - format: tid_en config:19 mask:19
130 [23075364005568] INFO perfrun.perfcollector <> - format: thresh config:24-31 mask:24-31
130 [23075364005568] INFO perfrun.perfcollector <> - format: filter_state config1:17-23 mask:17-23
130 [23075364005568] INFO perfrun.perfcollector <> - format: filter_opc config1:52-60 mask:52-60
130 [23075364005568] INFO perfrun.perfcollector <> - hwInfo: PERF_CBOX_PMU_DETAILS
130 [23075364005568] INFO perfrun.perfcollector <> - pmu added: family: uncore_cbox, id: 9
130 [23075364005568] INFO perfrun.perfcollector <> - dir found: /sys/bus/event_source/devices/cstate_pkg
130 [23075364005568] INFO perfrun.perfcollector <> - format: event config:0-63 mask:0-63
130 [23075364005568] INFO perfrun.perfcollector <> - hwInfo: not set, pmuFam: cstate_pkg
130 [23075364005568] INFO perfrun.perfcollector <> - pmu added: family: cstate_pkg, id: 0
130 [23075364005568] INFO perfrun.perfcollector <> - dir found: /sys/bus/event_source/devices/uncore_imc_4
130 [23075364005568] INFO perfrun.perfcollector <> - format: event config:0-7 mask:0-7
131 [23075364005568] INFO perfrun.perfcollector <> - format: edge config:18 mask:18
131 [23075364005568] INFO perfrun.perfcollector <> - format: inv config:23 mask:23
131 [23075364005568] INFO perfrun.perfcollector <> - format: umask config:8-15 mask:8-15
131 [23075364005568] INFO perfrun.perfcollector <> - format: thresh config:24-31 mask:24-31
131 [23075364005568] INFO perfrun.perfcollector <> - hwInfo: PERF_IMC_PMU_DETAILS
131 [23075364005568] INFO perfrun.perfcollector <> - pmu added: family: uncore_imc, id: 4
131 [23075364005568] INFO perfrun.perfcollector <> - dir found: /sys/bus/event_source/devices/uncore_ubox
131 [23075364005568] INFO perfrun.perfcollector <> - format: event config:0-7 mask:0-7
131 [23075364005568] INFO perfrun.perfcollector <> - format: edge config:18 mask:18
131 [23075364005568] INFO perfrun.perfcollector <> - format: inv config:23 mask:23
131 [23075364005568] INFO perfrun.perfcollector <> - format: umask config:8-15 mask:8-15
131 [23075364005568] INFO perfrun.perfcollector <> - format: thresh config:24-28 mask:24-28
131 [23075364005568] INFO perfrun.perfcollector <> - hwInfo: not set, pmuFam: uncore_ubox
131 [23075364005568] INFO perfrun.perfcollector <> - pmu added: family: uncore_ubox, id: 0
131 [23075364005568] INFO perfrun.perfcollector <> - dir found: /sys/bus/event_source/devices/uncore_sbox_1
131 [23075364005568] INFO perfrun.perfcollector <> - format: event config:0-7 mask:0-7
131 [23075364005568] INFO perfrun.perfcollector <> - format: edge config:18 mask:18
131 [23075364005568] INFO perfrun.perfcollector <> - format: inv config:23 mask:23
131 [23075364005568] INFO perfrun.perfcollector <> - format: umask config:8-15 mask:8-15
131 [23075364005568] INFO perfrun.perfcollector <> - format: tid_en config:19 mask:19
132 [23075364005568] INFO perfrun.perfcollector <> - format: thresh config:24-31 mask:24-31
132 [23075364005568] INFO perfrun.perfcollector <> - hwInfo: not set, pmuFam: uncore_sbox
132 [23075364005568] INFO perfrun.perfcollector <> - pmu added: family: uncore_sbox, id: 1
132 [23075364005568] INFO perfrun.perfcollector <> - dir found: /sys/bus/event_source/devices/uncore_cbox_7
132 [23075364005568] INFO perfrun.perfcollector <> - format: event config:0-7 mask:0-7
132 [23075364005568] INFO perfrun.perfcollector <> - format: filter_link config1:6-8 mask:6-8
132 [23075364005568] INFO perfrun.perfcollector <> - format: filter_c6 config1:61 mask:61
132 [23075364005568] INFO perfrun.perfcollector <> - format: edge config:18 mask:18
132 [23075364005568] INFO perfrun.perfcollector <> - format: filter_isoc config1:63 mask:63
132 [23075364005568] INFO perfrun.perfcollector <> - format: filter_tid config1:0-5 mask:0-5
132 [23075364005568] INFO perfrun.perfcollector <> - format: filter_nid config1:32-47 mask:32-47
132 [23075364005568] INFO perfrun.perfcollector <> - format: filter_nc config1:62 mask:62
132 [23075364005568] INFO perfrun.perfcollector <> - format: umask config:8-15 mask:8-15
132 [23075364005568] INFO perfrun.perfcollector <> - format: tid_en config:19 mask:19
132 [23075364005568] INFO perfrun.perfcollector <> - format: thresh config:24-31 mask:24-31
132 [23075364005568] INFO perfrun.perfcollector <> - format: filter_state config1:17-23 mask:17-23
132 [23075364005568] INFO perfrun.perfcollector <> - format: filter_opc config1:52-60 mask:52-60
132 [23075364005568] INFO perfrun.perfcollector <> - hwInfo: PERF_CBOX_PMU_DETAILS
132 [23075364005568] INFO perfrun.perfcollector <> - pmu added: family: uncore_cbox, id: 7
132 [23075364005568] INFO perfrun.perfcollector <> - dir found: /sys/bus/event_source/devices/uncore_cbox_12
132 [23075364005568] INFO perfrun.perfcollector <> - format: event config:0-7 mask:0-7
133 [23075364005568] INFO perfrun.perfcollector <> - format: filter_link config1:6-8 mask:6-8
133 [23075364005568] INFO perfrun.perfcollector <> - format: filter_c6 config1:61 mask:61
133 [23075364005568] INFO perfrun.perfcollector <> - format: edge config:18 mask:18
133 [23075364005568] INFO perfrun.perfcollector <> - format: filter_isoc config1:63 mask:63
133 [23075364005568] INFO perfrun.perfcollector <> - format: filter_tid config1:0-5 mask:0-5
133 [23075364005568] INFO perfrun.perfcollector <> - format: filter_nid config1:32-47 mask:32-47
133 [23075364005568] INFO perfrun.perfcollector <> - format: filter_nc config1:62 mask:62
133 [23075364005568] INFO perfrun.perfcollector <> - format: umask config:8-15 mask:8-15
133 [23075364005568] INFO perfrun.perfcollector <> - format: tid_en config:19 mask:19
133 [23075364005568] INFO perfrun.perfcollector <> - format: thresh config:24-31 mask:24-31
133 [23075364005568] INFO perfrun.perfcollector <> - format: filter_state config1:17-23 mask:17-23
133 [23075364005568] INFO perfrun.perfcollector <> - format: filter_opc config1:52-60 mask:52-60
133 [23075364005568] INFO perfrun.perfcollector <> - hwInfo: PERF_CBOX_PMU_DETAILS
133 [23075364005568] INFO perfrun.perfcollector <> - pmu added: family: uncore_cbox, id: 12
133 [23075364005568] INFO perfrun.perfcollector <> - dir found: /sys/bus/event_source/devices/kprobe
133 [23075364005568] INFO perfrun.perfcollector <> - format: retprobe config:0 mask:0
133 [23075364005568] INFO perfrun.perfcollector <> - hwInfo: not set, pmuFam: kprobe
133 [23075364005568] INFO perfrun.perfcollector <> - pmu added: family: kprobe, id: 0
133 [23075364005568] INFO perfrun.perfcollector <> - dir found: /sys/bus/event_source/devices/uncore_qpi_0
134 [23075364005568] INFO perfrun.perfcollector <> - format: mask_rnid4 config2:31 mask:31
134 [23075364005568] INFO perfrun.perfcollector <> - format: mask_rnid30 config2:32-35 mask:32-35
134 [23075364005568] INFO perfrun.perfcollector <> - format: match_rnid30 config1:32-35 mask:32-35
134 [23075364005568] INFO perfrun.perfcollector <> - format: event config:0-7,21 mask:0-7,21
134 [23075364005568] INFO perfrun.perfcollector <> - format: match0 config1:0-31 mask:0-31
134 [23075364005568] INFO perfrun.perfcollector <> - format: match_rds config1:48-51 mask:48-51
134 [23075364005568] INFO perfrun.perfcollector <> - format: mask_rds config2:48-51 mask:48-51
134 [23075364005568] INFO perfrun.perfcollector <> - format: edge config:18 mask:18
134 [23075364005568] INFO perfrun.perfcollector <> - format: mask1 config2:32-63 mask:32-63
134 [23075364005568] INFO perfrun.perfcollector <> - format: match_dnid config1:13-17 mask:13-17
134 [23075364005568] INFO perfrun.perfcollector <> - format: mask_dnid config2:13-17 mask:13-17
134 [23075364005568] INFO perfrun.perfcollector <> - format: match_vnw config1:3-4 mask:3-4
134 [23075364005568] INFO perfrun.perfcollector <> - format: mask_vnw config2:3-4 mask:3-4
134 [23075364005568] INFO perfrun.perfcollector <> - format: mask_mc config2:9-12 mask:9-12
134 [23075364005568] INFO perfrun.perfcollector <> - format: match1 config1:32-63 mask:32-63
134 [23075364005568] INFO perfrun.perfcollector <> - format: inv config:23 mask:23
134 [23075364005568] INFO perfrun.perfcollector <> - format: umask config:8-15 mask:8-15
135 [23075364005568] INFO perfrun.perfcollector <> - format: match_opc config1:5-8 mask:5-8
135 [23075364005568] INFO perfrun.perfcollector <> - format: mask_opc config2:5-8 mask:5-8
135 [23075364005568] INFO perfrun.perfcollector <> - format: thresh config:24-31 mask:24-31
135 [23075364005568] INFO perfrun.perfcollector <> - format: match_rnid4 config1:31 mask:31
135 [23075364005568] INFO perfrun.perfcollector <> - format: mask0 config2:0-31 mask:0-31
135 [23075364005568] INFO perfrun.perfcollector <> - format: match_mc config1:9-12 mask:9-12
135 [23075364005568] INFO perfrun.perfcollector <> - hwInfo: PERF_QPI_PMU_DETAILS
135 [23075364005568] INFO perfrun.perfcollector <> - pmu added: family: uncore_qpi, id: 0
135 [23075364005568] INFO perfrun.perfcollector <> - dir found: /sys/bus/event_source/devices/uncore_cbox_5
135 [23075364005568] INFO perfrun.perfcollector <> - format: event config:0-7 mask:0-7
135 [23075364005568] INFO perfrun.perfcollector <> - format: filter_link config1:6-8 mask:6-8
135 [23075364005568] INFO perfrun.perfcollector <> - format: filter_c6 config1:61 mask:61
135 [23075364005568] INFO perfrun.perfcollector <> - format: edge config:18 mask:18
135 [23075364005568] INFO perfrun.perfcollector <> - format: filter_isoc config1:63 mask:63
135 [23075364005568] INFO perfrun.perfcollector <> - format: filter_tid config1:0-5 mask:0-5
135 [23075364005568] INFO perfrun.perfcollector <> - format: filter_nid config1:32-47 mask:32-47
135 [23075364005568] INFO perfrun.perfcollector <> - format: filter_nc config1:62 mask:62
135 [23075364005568] INFO perfrun.perfcollector <> - format: umask config:8-15 mask:8-15
136 [23075364005568] INFO perfrun.perfcollector <> - format: tid_en config:19 mask:19
136 [23075364005568] INFO perfrun.perfcollector <> - format: thresh config:24-31 mask:24-31
136 [23075364005568] INFO perfrun.perfcollector <> - format: filter_state config1:17-23 mask:17-23
136 [23075364005568] INFO perfrun.perfcollector <> - format: filter_opc config1:52-60 mask:52-60
136 [23075364005568] INFO perfrun.perfcollector <> - hwInfo: PERF_CBOX_PMU_DETAILS
136 [23075364005568] INFO perfrun.perfcollector <> - pmu added: family: uncore_cbox, id: 5
136 [23075364005568] INFO perfrun.perfcollector <> - dir found: /sys/bus/event_source/devices/uncore_imc_0
136 [23075364005568] INFO perfrun.perfcollector <> - format: event config:0-7 mask:0-7
136 [23075364005568] INFO perfrun.perfcollector <> - format: edge config:18 mask:18
136 [23075364005568] INFO perfrun.perfcollector <> - format: inv config:23 mask:23
136 [23075364005568] INFO perfrun.perfcollector <> - format: umask config:8-15 mask:8-15
136 [23075364005568] INFO perfrun.perfcollector <> - format: thresh config:24-31 mask:24-31
136 [23075364005568] INFO perfrun.perfcollector <> - hwInfo: PERF_IMC_PMU_DETAILS
136 [23075364005568] INFO perfrun.perfcollector <> - pmu added: family: uncore_imc, id: 0
136 [23075364005568] INFO perfrun.perfcollector <> - dir found: /sys/bus/event_source/devices/uncore_cbox_10
136 [23075364005568] INFO perfrun.perfcollector <> - format: event config:0-7 mask:0-7
136 [23075364005568] INFO perfrun.perfcollector <> - format: filter_link config1:6-8 mask:6-8
136 [23075364005568] INFO perfrun.perfcollector <> - format: filter_c6 config1:61 mask:61
137 [23075364005568] INFO perfrun.perfcollector <> - format: edge config:18 mask:18
137 [23075364005568] INFO perfrun.perfcollector <> - format: filter_isoc config1:63 mask:63
137 [23075364005568] INFO perfrun.perfcollector <> - format: filter_tid config1:0-5 mask:0-5
137 [23075364005568] INFO perfrun.perfcollector <> - format: filter_nid config1:32-47 mask:32-47
137 [23075364005568] INFO perfrun.perfcollector <> - format: filter_nc config1:62 mask:62
137 [23075364005568] INFO perfrun.perfcollector <> - format: umask config:8-15 mask:8-15
137 [23075364005568] INFO perfrun.perfcollector <> - format: tid_en config:19 mask:19
137 [23075364005568] INFO perfrun.perfcollector <> - format: thresh config:24-31 mask:24-31
137 [23075364005568] INFO perfrun.perfcollector <> - format: filter_state config1:17-23 mask:17-23
137 [23075364005568] INFO perfrun.perfcollector <> - format: filter_opc config1:52-60 mask:52-60
137 [23075364005568] INFO perfrun.perfcollector <> - hwInfo: PERF_CBOX_PMU_DETAILS
137 [23075364005568] INFO perfrun.perfcollector <> - pmu added: family: uncore_cbox, id: 10
137 [23075364005568] INFO perfrun.perfcollector <> - dir found: /sys/bus/event_source/devices/uncore_pcu
137 [23075364005568] INFO perfrun.perfcollector <> - format: filter_band2 config1:16-23 mask:16-23
137 [23075364005568] INFO perfrun.perfcollector <> - format: event config:0-7 mask:0-7
137 [23075364005568] INFO perfrun.perfcollector <> - format: filter_band0 config1:0-7 mask:0-7
137 [23075364005568] INFO perfrun.perfcollector <> - format: edge config:18 mask:18
137 [23075364005568] INFO perfrun.perfcollector <> - format: occ_invert config:30 mask:30
137 [23075364005568] INFO perfrun.perfcollector <> - format: occ_edge config:14-51 mask:14-51
138 [23075364005568] INFO perfrun.perfcollector <> - format: filter_band3 config1:24-31 mask:24-31
138 [23075364005568] INFO perfrun.perfcollector <> - format: filter_band1 config1:8-15 mask:8-15
138 [23075364005568] INFO perfrun.perfcollector <> - format: inv config:23 mask:23
138 [23075364005568] INFO perfrun.perfcollector <> - format: thresh config:24-28 mask:24-28
138 [23075364005568] INFO perfrun.perfcollector <> - format: occ_sel config:14-15 mask:14-15
138 [23075364005568] INFO perfrun.perfcollector <> - hwInfo: not set, pmuFam: uncore_pcu
138 [23075364005568] INFO perfrun.perfcollector <> - pmu added: family: uncore_pcu, id: 0
138 [23075364005568] INFO perfrun.perfcollector <> - dir found: /sys/bus/event_source/devices/uncore_r3qpi_1
138 [23075364005568] INFO perfrun.perfcollector <> - format: event config:0-7 mask:0-7
138 [23075364005568] INFO perfrun.perfcollector <> - format: edge config:18 mask:18
138 [23075364005568] INFO perfrun.perfcollector <> - format: inv config:23 mask:23
138 [23075364005568] INFO perfrun.perfcollector <> - format: umask config:8-15 mask:8-15
138 [23075364005568] INFO perfrun.perfcollector <> - format: thresh config:24-31 mask:24-31
138 [23075364005568] INFO perfrun.perfcollector <> - hwInfo: not set, pmuFam: uncore_r3qpi
138 [23075364005568] INFO perfrun.perfcollector <> - pmu added: family: uncore_r3qpi, id: 1
138 [23075364005568] INFO perfrun.perfcollector <> - dir found: /sys/bus/event_source/devices/msr
138 [23075364005568] INFO perfrun.perfcollector <> - format: event config:0-63 mask:0-63
138 [23075364005568] INFO perfrun.perfcollector <> - hwInfo: not set, pmuFam: msr
138 [23075364005568] INFO perfrun.perfcollector <> - pmu added: family: msr, id: 0
138 [23075364005568] INFO perfrun.perfcollector <> - dir found: /sys/bus/event_source/devices/uncore_cbox_3
139 [23075364005568] INFO perfrun.perfcollector <> - format: event config:0-7 mask:0-7
139 [23075364005568] INFO perfrun.perfcollector <> - format: filter_link config1:6-8 mask:6-8
139 [23075364005568] INFO perfrun.perfcollector <> - format: filter_c6 config1:61 mask:61
139 [23075364005568] INFO perfrun.perfcollector <> - format: edge config:18 mask:18
139 [23075364005568] INFO perfrun.perfcollector <> - format: filter_isoc config1:63 mask:63
139 [23075364005568] INFO perfrun.perfcollector <> - format: filter_tid config1:0-5 mask:0-5
139 [23075364005568] INFO perfrun.perfcollector <> - format: filter_nid config1:32-47 mask:32-47
139 [23075364005568] INFO perfrun.perfcollector <> - format: filter_nc config1:62 mask:62
139 [23075364005568] INFO perfrun.perfcollector <> - format: umask config:8-15 mask:8-15
139 [23075364005568] INFO perfrun.perfcollector <> - format: tid_en config:19 mask:19
139 [23075364005568] INFO perfrun.perfcollector <> - format: thresh config:24-31 mask:24-31
139 [23075364005568] INFO perfrun.perfcollector <> - format: filter_state config1:17-23 mask:17-23
139 [23075364005568] INFO perfrun.perfcollector <> - format: filter_opc config1:52-60 mask:52-60
139 [23075364005568] INFO perfrun.perfcollector <> - hwInfo: PERF_CBOX_PMU_DETAILS
139 [23075364005568] INFO perfrun.perfcollector <> - pmu added: family: uncore_cbox, id: 3
139 [23075364005568] INFO perfrun.perfcollector <> - dir found: /sys/bus/event_source/devices/intel_pt
140 [23075364005568] INFO perfrun.perfcollector <> - format: ptw config:12 mask:12
140 [23075364005568] INFO perfrun.perfcollector <> - format: event config:31 mask:31
140 [23075364005568] INFO perfrun.perfcollector <> - format: cyc_thresh config:19-22 mask:19-22
140 [23075364005568] INFO perfrun.perfcollector <> - format: pt config:0 mask:0
140 [23075364005568] INFO perfrun.perfcollector <> - format: notnt config:55 mask:55
140 [23075364005568] INFO perfrun.perfcollector <> - format: branch config:13 mask:13
140 [23075364005568] INFO perfrun.perfcollector <> - format: tsc config:10 mask:10
140 [23075364005568] INFO perfrun.perfcollector <> - format: pwr_evt config:4 mask:4
140 [23075364005568] INFO perfrun.perfcollector <> - format: fup_on_ptw config:5 mask:5
140 [23075364005568] INFO perfrun.perfcollector <> - format: cyc config:1 mask:1
140 [23075364005568] INFO perfrun.perfcollector <> - format: noretcomp config:11 mask:11
140 [23075364005568] INFO perfrun.perfcollector <> - format: mtc config:9 mask:9
140 [23075364005568] INFO perfrun.perfcollector <> - format: psb_period config:24-27 mask:24-27
140 [23075364005568] INFO perfrun.perfcollector <> - format: mtc_period config:14-17 mask:14-17
140 [23075364005568] INFO perfrun.perfcollector <> - hwInfo: not set, pmuFam: intel_pt
140 [23075364005568] INFO perfrun.perfcollector <> - pmu added: family: intel_pt, id: 0
140 [23075364005568] INFO perfrun.perfcollector <> - dir found: /sys/bus/event_source/devices/uncore_ha_1
141 [23075364005568] INFO perfrun.perfcollector <> - format: event config:0-7 mask:0-7
141 [23075364005568] INFO perfrun.perfcollector <> - format: edge config:18 mask:18
141 [23075364005568] INFO perfrun.perfcollector <> - format: inv config:23 mask:23
141 [23075364005568] INFO perfrun.perfcollector <> - format: umask config:8-15 mask:8-15
141 [23075364005568] INFO perfrun.perfcollector <> - format: thresh config:24-31 mask:24-31
141 [23075364005568] INFO perfrun.perfcollector <> - hwInfo: not set, pmuFam: uncore_ha
141 [23075364005568] INFO perfrun.perfcollector <> - pmu added: family: uncore_ha, id: 1
141 [23075364005568] INFO perfrun.perfcollector <> - dir found: /sys/bus/event_source/devices/uncore_cbox_1
141 [23075364005568] INFO perfrun.perfcollector <> - format: event config:0-7 mask:0-7
141 [23075364005568] INFO perfrun.perfcollector <> - format: filter_link config1:6-8 mask:6-8
141 [23075364005568] INFO perfrun.perfcollector <> - format: filter_c6 config1:61 mask:61
141 [23075364005568] INFO perfrun.perfcollector <> - format: edge config:18 mask:18
141 [23075364005568] INFO perfrun.perfcollector <> - format: filter_isoc config1:63 mask:63
141 [23075364005568] INFO perfrun.perfcollector <> - format: filter_tid config1:0-5 mask:0-5
141 [23075364005568] INFO perfrun.perfcollector <> - format: filter_nid config1:32-47 mask:32-47
141 [23075364005568] INFO perfrun.perfcollector <> - format: filter_nc config1:62 mask:62
141 [23075364005568] INFO perfrun.perfcollector <> - format: umask config:8-15 mask:8-15
141 [23075364005568] INFO perfrun.perfcollector <> - format: tid_en config:19 mask:19
142 [23075364005568] INFO perfrun.perfcollector <> - format: thresh config:24-31 mask:24-31
142 [23075364005568] INFO perfrun.perfcollector <> - format: filter_state config1:17-23 mask:17-23
142 [23075364005568] INFO perfrun.perfcollector <> - format: filter_opc config1:52-60 mask:52-60
142 [23075364005568] INFO perfrun.perfcollector <> - hwInfo: PERF_CBOX_PMU_DETAILS
142 [23075364005568] INFO perfrun.perfcollector <> - pmu added: family: uncore_cbox, id: 1
142 [23075364005568] INFO perfrun.sdk <> - runCmd: /opt/intel/oneapi/vtune/2023.1.0/bin64/sep -dry-run -sam 1 -ec CPU_CLK_UNHALTED.THREAD,CPU_CLK_UNHALTED.REF_TSC:sample:sa=2400000,INST_RETIRED.ANY:sample:sa=2400000,CPU_CLK_UNHALTED.REF_XCLK,CPU_CLK_UNHALTED.ONE_THREAD_ACTIVE,FP_ARITH_INST_RETIRED.SCALAR_SINGLE,FP_ARITH_INST_RETIRED.128B_PACKED_SINGLE,FP_ARITH_INST_RETIRED.256B_PACKED_SINGLE,FP_ARITH_INST_RETIRED.SCALAR_DOUBLE,FP_ARITH_INST_RETIRED.128B_PACKED_DOUBLE,FP_ARITH_INST_RETIRED.256B_PACKED_DOUBLE,INST_RETIRED.X87,UOPS_RETIRED.RETIRE_SLOTS:sample:sa=2000003 -experimental
142 [23075364005568] INFO perfrun.sdk <> - runCmd started PID 2284300
191 [23075364005568] INFO perfrun.perfcollector <> - SepDryRun RC = true
194 [23075364005568] INFO perfrun.perfcollector <> - DRY_RUN: "PMU type: Core (core)"
194 [23075364005568] INFO perfrun.perfcollector <> - pmu type: cpu
194 [23075364005568] INFO perfrun.perfcollector <> - DRY_RUN: "Group 0:"
194 [23075364005568] INFO perfrun.perfcollector <> - id: 0
194 [23075364005568] INFO perfrun.perfcollector <> - DRY_RUN: "INST_RETIRED.ANY: event id 2"
194 [23075364005568] INFO perfrun.perfcollector <> - eventName: INST_RETIRED.ANY, eventId: 2
194 [23075364005568] INFO perfrun.perfcollector <> - DRY_RUN: "CPU_CLK_UNHALTED.THREAD: event id 0"
194 [23075364005568] INFO perfrun.perfcollector <> - eventName: CPU_CLK_UNHALTED.THREAD, eventId: 0
194 [23075364005568] INFO perfrun.perfcollector <> - DRY_RUN: "CPU_CLK_UNHALTED.REF_TSC: event id 1"
194 [23075364005568] INFO perfrun.perfcollector <> - eventName: CPU_CLK_UNHALTED.REF_TSC, eventId: 1
194 [23075364005568] INFO perfrun.perfcollector <> - DRY_RUN: "FP_ARITH_INST_RETIRED.SCALAR_SINGLE: event id 5"
194 [23075364005568] INFO perfrun.perfcollector <> - eventName: FP_ARITH_INST_RETIRED.SCALAR_SINGLE, eventId: 5
194 [23075364005568] INFO perfrun.perfcollector <> - DRY_RUN: "FP_ARITH_INST_RETIRED.128B_PACKED_SINGLE: event id 6"
194 [23075364005568] INFO perfrun.perfcollector <> - eventName: FP_ARITH_INST_RETIRED.128B_PACKED_SINGLE, eventId: 6
194 [23075364005568] INFO perfrun.perfcollector <> - DRY_RUN: "FP_ARITH_INST_RETIRED.256B_PACKED_SINGLE: event id 7"
194 [23075364005568] INFO perfrun.perfcollector <> - eventName: FP_ARITH_INST_RETIRED.256B_PACKED_SINGLE, eventId: 7
194 [23075364005568] INFO perfrun.perfcollector <> - DRY_RUN: "FP_ARITH_INST_RETIRED.SCALAR_DOUBLE: event id 8"
194 [23075364005568] INFO perfrun.perfcollector <> - eventName: FP_ARITH_INST_RETIRED.SCALAR_DOUBLE, eventId: 8
194 [23075364005568] INFO perfrun.perfcollector <> - DRY_RUN: "CPU_CLK_UNHALTED.REF_XCLK: event id 3"
194 [23075364005568] INFO perfrun.perfcollector <> - eventName: CPU_CLK_UNHALTED.REF_XCLK, eventId: 3
194 [23075364005568] INFO perfrun.perfcollector <> - DRY_RUN: "CPU_CLK_UNHALTED.ONE_THREAD_ACTIVE: event id 4"
194 [23075364005568] INFO perfrun.perfcollector <> - eventName: CPU_CLK_UNHALTED.ONE_THREAD_ACTIVE, eventId: 4
194 [23075364005568] INFO perfrun.perfcollector <> - DRY_RUN: "INST_RETIRED.X87: event id 11"
194 [23075364005568] INFO perfrun.perfcollector <> - eventName: INST_RETIRED.X87, eventId: 11
194 [23075364005568] INFO perfrun.perfcollector <> - DRY_RUN: "UOPS_RETIRED.RETIRE_SLOTS: event id 12"
194 [23075364005568] INFO perfrun.perfcollector <> - eventName: UOPS_RETIRED.RETIRE_SLOTS, eventId: 12
194 [23075364005568] INFO perfrun.perfcollector <> - DRY_RUN: "CCCR"
194 [23075364005568] INFO perfrun.perfcollector <> - DRY_RUN: "reg_type       = 1	event_id       = g	reg_id         = 38f	reg_value      = 7000000ff"
194 [23075364005568] INFO perfrun.perfcollector <> - eventId: g, skip parsing event_id
194 [23075364005568] INFO perfrun.perfcollector <> - Register was ignored: group_id: 0, reg_type: 1, event_id: 4294967295, reg_id: 38f, reg_value: 7000000ff, pmu_name: cpu
195 [23075364005568] INFO perfrun.perfcollector <> - DRY_RUN: "reg_type       = 1	event_id       = g	reg_id         = 390	reg_value      = 7000000ff"
195 [23075364005568] INFO perfrun.perfcollector <> - eventId: g, skip parsing event_id
195 [23075364005568] INFO perfrun.perfcollector <> - Register was ignored: group_id: 0, reg_type: 1, event_id: 4294967295, reg_id: 390, reg_value: 7000000ff, pmu_name: cpu
195 [23075364005568] INFO perfrun.perfcollector <> - DRY_RUN: "reg_type       = 1	event_id       = g	reg_id         = 3f1	reg_value      = 0"
195 [23075364005568] INFO perfrun.perfcollector <> - eventId: g, skip parsing event_id
195 [23075364005568] INFO perfrun.perfcollector <> - Register was ignored: group_id: 0, reg_type: 1, event_id: 4294967295, reg_id: 3f1, reg_value: 0, pmu_name: cpu
195 [23075364005568] INFO perfrun.perfcollector <> - DRY_RUN: "reg_type       = 1	event_id       = g	reg_id         = 1d9	reg_value      = 1800"
195 [23075364005568] INFO perfrun.perfcollector <> - eventId: g, skip parsing event_id
195 [23075364005568] INFO perfrun.perfcollector <> - Register was ignored: group_id: 0, reg_type: 1, event_id: 4294967295, reg_id: 1d9, reg_value: 1800, pmu_name: cpu
195 [23075364005568] INFO perfrun.perfcollector <> - DRY_RUN: "reg_type       = 1	event_id       = g	reg_id         = 38d	reg_value      = bbb"
195 [23075364005568] INFO perfrun.perfcollector <> - eventId: g, skip parsing event_id
195 [23075364005568] INFO perfrun.perfcollector <> - Register was ignored: group_id: 0, reg_type: 1, event_id: 4294967295, reg_id: 38d, reg_value: bbb, pmu_name: cpu
195 [23075364005568] INFO perfrun.perfcollector <> - DRY_RUN: "reg_type       = 1	event_id       = 5	reg_id         = 186	reg_value      = 5302c7"
195 [23075364005568] INFO perfrun.perfcollector <> - Event selector: group_id: 0, reg_type: 1, event_id: 5, reg_id: 186, reg_value: 5302c7, pmu_name: cpu
195 [23075364005568] INFO perfrun.perfcollector <> - DRY_RUN: "reg_type       = 1	event_id       = 6	reg_id         = 187	reg_value      = 5308c7"
195 [23075364005568] INFO perfrun.perfcollector <> - Event selector: group_id: 0, reg_type: 1, event_id: 6, reg_id: 187, reg_value: 5308c7, pmu_name: cpu
195 [23075364005568] INFO perfrun.perfcollector <> - DRY_RUN: "reg_type       = 1	event_id       = 7	reg_id         = 188	reg_value      = 5320c7"
195 [23075364005568] INFO perfrun.perfcollector <> - Event selector: group_id: 0, reg_type: 1, event_id: 7, reg_id: 188, reg_value: 5320c7, pmu_name: cpu
195 [23075364005568] INFO perfrun.perfcollector <> - DRY_RUN: "reg_type       = 1	event_id       = 8	reg_id         = 189	reg_value      = 5301c7"
195 [23075364005568] INFO perfrun.perfcollector <> - Event selector: group_id: 0, reg_type: 1, event_id: 8, reg_id: 189, reg_value: 5301c7, pmu_name: cpu
195 [23075364005568] INFO perfrun.perfcollector <> - DRY_RUN: "reg_type       = 1	event_id       = 3	reg_id         = 18a	reg_value      = 53013c"
195 [23075364005568] INFO perfrun.perfcollector <> - Event selector: group_id: 0, reg_type: 1, event_id: 3, reg_id: 18a, reg_value: 53013c, pmu_name: cpu
195 [23075364005568] INFO perfrun.perfcollector <> - DRY_RUN: "reg_type       = 1	event_id       = 4	reg_id         = 18b	reg_value      = 53023c"
195 [23075364005568] INFO perfrun.perfcollector <> - Event selector: group_id: 0, reg_type: 1, event_id: 4, reg_id: 18b, reg_value: 53023c, pmu_name: cpu
195 [23075364005568] INFO perfrun.perfcollector <> - DRY_RUN: "reg_type       = 1	event_id       = 11	reg_id         = 18c	reg_value      = 5302c0"
195 [23075364005568] INFO perfrun.perfcollector <> - Event selector: group_id: 0, reg_type: 1, event_id: 11, reg_id: 18c, reg_value: 5302c0, pmu_name: cpu
195 [23075364005568] INFO perfrun.perfcollector <> - DRY_RUN: "reg_type       = 1	event_id       = 12	reg_id         = 18d	reg_value      = 5302c2"
195 [23075364005568] INFO perfrun.perfcollector <> - Event selector: group_id: 0, reg_type: 1, event_id: 12, reg_id: 18d, reg_value: 5302c2, pmu_name: cpu
195 [23075364005568] INFO perfrun.perfcollector <> - DRY_RUN: "ESCR"
195 [23075364005568] INFO perfrun.perfcollector <> - DRY_RUN: "reg_type       = 2	event_id       = g	reg_id         = 1c8	reg_value      = 0"
195 [23075364005568] INFO perfrun.perfcollector <> - eventId: g, skip parsing event_id
195 [23075364005568] INFO perfrun.perfcollector <> - DRY_RUN: "DATA"
195 [23075364005568] INFO perfrun.perfcollector <> - DRY_RUN: "reg_type       = 4	event_id       = 2	reg_id         = 309	reg_value      = ffffffdb6100"
195 [23075364005568] INFO perfrun.perfcollector <> - eventId: 2, dataAddr: 309, dataVal: ffffffdb6100
195 [23075364005568] INFO perfrun.perfcollector <> - DRY_RUN: "reg_type       = 4	event_id       = 0	reg_id         = 30a	reg_value      = ffffffe17b7d"
195 [23075364005568] INFO perfrun.perfcollector <> - eventId: 0, dataAddr: 30a, dataVal: ffffffe17b7d
195 [23075364005568] INFO perfrun.perfcollector <> - DRY_RUN: "reg_type       = 4	event_id       = 1	reg_id         = 30b	reg_value      = ffffffdb6100"
195 [23075364005568] INFO perfrun.perfcollector <> - eventId: 1, dataAddr: 30b, dataVal: ffffffdb6100
195 [23075364005568] INFO perfrun.perfcollector <> - DRY_RUN: "reg_type       = 4	event_id       = 5	reg_id         = c1	reg_value      = ffffffe17b7d"
195 [23075364005568] INFO perfrun.perfcollector <> - eventId: 5, dataAddr: c1, dataVal: ffffffe17b7d
195 [23075364005568] INFO perfrun.perfcollector <> - DRY_RUN: "reg_type       = 4	event_id       = 6	reg_id         = c2	reg_value      = ffffffe17b7d"
195 [23075364005568] INFO perfrun.perfcollector <> - eventId: 6, dataAddr: c2, dataVal: ffffffe17b7d
195 [23075364005568] INFO perfrun.perfcollector <> - DRY_RUN: "reg_type       = 4	event_id       = 7	reg_id         = c3	reg_value      = ffffffe17b7d"
195 [23075364005568] INFO perfrun.perfcollector <> - eventId: 7, dataAddr: c3, dataVal: ffffffe17b7d
195 [23075364005568] INFO perfrun.perfcollector <> - DRY_RUN: "reg_type       = 4	event_id       = 8	reg_id         = c4	reg_value      = ffffffe17b7d"
195 [23075364005568] INFO perfrun.perfcollector <> - eventId: 8, dataAddr: c4, dataVal: ffffffe17b7d
195 [23075364005568] INFO perfrun.perfcollector <> - DRY_RUN: "reg_type       = 4	event_id       = 3	reg_id         = c5	reg_value      = fffffffe795d"
195 [23075364005568] INFO perfrun.perfcollector <> - eventId: 3, dataAddr: c5, dataVal: fffffffe795d
195 [23075364005568] INFO perfrun.perfcollector <> - DRY_RUN: "reg_type       = 4	event_id       = 4	reg_id         = c6	reg_value      = fffffffe795d"
195 [23075364005568] INFO perfrun.perfcollector <> - eventId: 4, dataAddr: c6, dataVal: fffffffe795d
195 [23075364005568] INFO perfrun.perfcollector <> - DRY_RUN: "reg_type       = 4	event_id       = 11	reg_id         = c7	reg_value      = ffffffe17b7d"
195 [23075364005568] INFO perfrun.perfcollector <> - eventId: 11, dataAddr: c7, dataVal: ffffffe17b7d
195 [23075364005568] INFO perfrun.perfcollector <> - DRY_RUN: "reg_type       = 4	event_id       = 12	reg_id         = c8	reg_value      = ffffffe17b7d"
195 [23075364005568] INFO perfrun.perfcollector <> - eventId: 12, dataAddr: c8, dataVal: ffffffe17b7d
195 [23075364005568] INFO perfrun.perfcollector <> - DRY_RUN: "Group 1:"
195 [23075364005568] INFO perfrun.perfcollector <> - id: 1
195 [23075364005568] INFO perfrun.perfcollector <> - DRY_RUN: "INST_RETIRED.ANY: event id 2"
195 [23075364005568] INFO perfrun.perfcollector <> - eventName: INST_RETIRED.ANY, eventId: 2
195 [23075364005568] INFO perfrun.perfcollector <> - DRY_RUN: "CPU_CLK_UNHALTED.THREAD: event id 0"
195 [23075364005568] INFO perfrun.perfcollector <> - eventName: CPU_CLK_UNHALTED.THREAD, eventId: 0
195 [23075364005568] INFO perfrun.perfcollector <> - DRY_RUN: "CPU_CLK_UNHALTED.REF_TSC: event id 1"
195 [23075364005568] INFO perfrun.perfcollector <> - eventName: CPU_CLK_UNHALTED.REF_TSC, eventId: 1
195 [23075364005568] INFO perfrun.perfcollector <> - DRY_RUN: "FP_ARITH_INST_RETIRED.128B_PACKED_DOUBLE: event id 9"
195 [23075364005568] INFO perfrun.perfcollector <> - eventName: FP_ARITH_INST_RETIRED.128B_PACKED_DOUBLE, eventId: 9
195 [23075364005568] INFO perfrun.perfcollector <> - DRY_RUN: "FP_ARITH_INST_RETIRED.256B_PACKED_DOUBLE: event id 10"
195 [23075364005568] INFO perfrun.perfcollector <> - eventName: FP_ARITH_INST_RETIRED.256B_PACKED_DOUBLE, eventId: 10
195 [23075364005568] INFO perfrun.perfcollector <> - DRY_RUN: "CCCR"
195 [23075364005568] INFO perfrun.perfcollector <> - DRY_RUN: "reg_type       = 1	event_id       = g	reg_id         = 38f	reg_value      = 700000003"
195 [23075364005568] INFO perfrun.perfcollector <> - eventId: g, skip parsing event_id
195 [23075364005568] INFO perfrun.perfcollector <> - Register was ignored: group_id: 1, reg_type: 1, event_id: 4294967295, reg_id: 38f, reg_value: 700000003, pmu_name: cpu
195 [23075364005568] INFO perfrun.perfcollector <> - DRY_RUN: "reg_type       = 1	event_id       = g	reg_id         = 390	reg_value      = 700000003"
195 [23075364005568] INFO perfrun.perfcollector <> - eventId: g, skip parsing event_id
195 [23075364005568] INFO perfrun.perfcollector <> - Register was ignored: group_id: 1, reg_type: 1, event_id: 4294967295, reg_id: 390, reg_value: 700000003, pmu_name: cpu
195 [23075364005568] INFO perfrun.perfcollector <> - DRY_RUN: "reg_type       = 1	event_id       = g	reg_id         = 3f1	reg_value      = 0"
195 [23075364005568] INFO perfrun.perfcollector <> - eventId: g, skip parsing event_id
195 [23075364005568] INFO perfrun.perfcollector <> - Register was ignored: group_id: 1, reg_type: 1, event_id: 4294967295, reg_id: 3f1, reg_value: 0, pmu_name: cpu
195 [23075364005568] INFO perfrun.perfcollector <> - DRY_RUN: "reg_type       = 1	event_id       = g	reg_id         = 1d9	reg_value      = 1800"
195 [23075364005568] INFO perfrun.perfcollector <> - eventId: g, skip parsing event_id
195 [23075364005568] INFO perfrun.perfcollector <> - Register was ignored: group_id: 1, reg_type: 1, event_id: 4294967295, reg_id: 1d9, reg_value: 1800, pmu_name: cpu
195 [23075364005568] INFO perfrun.perfcollector <> - DRY_RUN: "reg_type       = 1	event_id       = g	reg_id         = 38d	reg_value      = bbb"
195 [23075364005568] INFO perfrun.perfcollector <> - eventId: g, skip parsing event_id
195 [23075364005568] INFO perfrun.perfcollector <> - Register was ignored: group_id: 1, reg_type: 1, event_id: 4294967295, reg_id: 38d, reg_value: bbb, pmu_name: cpu
195 [23075364005568] INFO perfrun.perfcollector <> - DRY_RUN: "reg_type       = 1	event_id       = 9	reg_id         = 186	reg_value      = 5304c7"
195 [23075364005568] INFO perfrun.perfcollector <> - Event selector: group_id: 1, reg_type: 1, event_id: 9, reg_id: 186, reg_value: 5304c7, pmu_name: cpu
195 [23075364005568] INFO perfrun.perfcollector <> - DRY_RUN: "reg_type       = 1	event_id       = 10	reg_id         = 187	reg_value      = 5310c7"
195 [23075364005568] INFO perfrun.perfcollector <> - Event selector: group_id: 1, reg_type: 1, event_id: 10, reg_id: 187, reg_value: 5310c7, pmu_name: cpu
195 [23075364005568] INFO perfrun.perfcollector <> - DRY_RUN: "ESCR"
195 [23075364005568] INFO perfrun.perfcollector <> - DRY_RUN: "reg_type       = 2	event_id       = g	reg_id         = 1c8	reg_value      = 0"
195 [23075364005568] INFO perfrun.perfcollector <> - eventId: g, skip parsing event_id
195 [23075364005568] INFO perfrun.perfcollector <> - DRY_RUN: "DATA"
195 [23075364005568] INFO perfrun.perfcollector <> - DRY_RUN: "reg_type       = 4	event_id       = 2	reg_id         = 309	reg_value      = ffffffdb6100"
195 [23075364005568] INFO perfrun.perfcollector <> - eventId: 2, dataAddr: 309, dataVal: ffffffdb6100
195 [23075364005568] INFO perfrun.perfcollector <> - DRY_RUN: "reg_type       = 4	event_id       = 0	reg_id         = 30a	reg_value      = ffffffe17b7d"
195 [23075364005568] INFO perfrun.perfcollector <> - eventId: 0, dataAddr: 30a, dataVal: ffffffe17b7d
195 [23075364005568] INFO perfrun.perfcollector <> - DRY_RUN: "reg_type       = 4	event_id       = 1	reg_id         = 30b	reg_value      = ffffffdb6100"
195 [23075364005568] INFO perfrun.perfcollector <> - eventId: 1, dataAddr: 30b, dataVal: ffffffdb6100
195 [23075364005568] INFO perfrun.perfcollector <> - DRY_RUN: "reg_type       = 4	event_id       = 9	reg_id         = c1	reg_value      = ffffffe17b7d"
195 [23075364005568] INFO perfrun.perfcollector <> - eventId: 9, dataAddr: c1, dataVal: ffffffe17b7d
195 [23075364005568] INFO perfrun.perfcollector <> - DRY_RUN: "reg_type       = 4	event_id       = 10	reg_id         = c2	reg_value      = ffffffe17b7d"
195 [23075364005568] INFO perfrun.perfcollector <> - eventId: 10, dataAddr: c2, dataVal: ffffffe17b7d
195 [23075364005568] INFO perfrun.perfcollector <> - event name: CPU_CLK_UNHALTED.THREAD
195 [23075364005568] INFO perfrun.perfcollector <> - pmu config: cpu
195 [23075364005568] INFO perfrun.perfcollector <> - cccrAddr: ffffffff, cccrValue: 0
195 [23075364005568] INFO perfrun.perfcollector <> - dataAddr: 30a, dataValue: ffffffffffe17b7d
195 [23075364005568] INFO perfrun.perfcollector <> - escrAddr: ffffffff, escrValue: 0
195 [23075364005568] INFO perfrun.perfcollector <> - extendedPebsValue: 0
195 [23075364005568] INFO perfrun.perfcollector <> - adaptivePebsAvailable: 0
195 [23075364005568] INFO perfrun.perfcollector <> - config: event: 3c
195 [23075364005568] INFO perfrun.perfcollector <> - config: pc: 0
195 [23075364005568] INFO perfrun.perfcollector <> - config: in_tx: 0
195 [23075364005568] INFO perfrun.perfcollector <> - config: edge: 0
195 [23075364005568] INFO perfrun.perfcollector <> - config: any: 0
195 [23075364005568] INFO perfrun.perfcollector <> - config1: offcore_rsp: 0
195 [23075364005568] INFO perfrun.perfcollector <> - config: in_tx_cp: 0
195 [23075364005568] INFO perfrun.perfcollector <> - config1: ldlat: 0
195 [23075364005568] INFO perfrun.perfcollector <> - config: inv: 0
195 [23075364005568] INFO perfrun.perfcollector <> - config: umask: 0
195 [23075364005568] INFO perfrun.perfcollector <> - config: cmask: 0
195 [23075364005568] INFO perfrun.perfcollector <> - format: cpu/event=0x3c,name='CPU_CLK_UNHALTED.THREAD'/D
195 [23075364005568] INFO perfrun.perfcollector <> - event name: CPU_CLK_UNHALTED.REF_TSC
195 [23075364005568] INFO perfrun.perfcollector <> - pmu config: cpu
195 [23075364005568] INFO perfrun.perfcollector <> - cccrAddr: ffffffff, cccrValue: 0
195 [23075364005568] INFO perfrun.perfcollector <> - dataAddr: 30b, dataValue: ffffffffffdb6100
195 [23075364005568] INFO perfrun.perfcollector <> - escrAddr: ffffffff, escrValue: 0
195 [23075364005568] INFO perfrun.perfcollector <> - extendedPebsValue: 0
195 [23075364005568] INFO perfrun.perfcollector <> - adaptivePebsAvailable: 0
195 [23075364005568] INFO perfrun.perfcollector <> - config: event: 0
195 [23075364005568] INFO perfrun.perfcollector <> - config: pc: 0
195 [23075364005568] INFO perfrun.perfcollector <> - config: in_tx: 0
195 [23075364005568] INFO perfrun.perfcollector <> - config: edge: 0
195 [23075364005568] INFO perfrun.perfcollector <> - config: any: 0
195 [23075364005568] INFO perfrun.perfcollector <> - config1: offcore_rsp: 0
195 [23075364005568] INFO perfrun.perfcollector <> - config: in_tx_cp: 0
195 [23075364005568] INFO perfrun.perfcollector <> - config1: ldlat: 0
195 [23075364005568] INFO perfrun.perfcollector <> - config: inv: 0
195 [23075364005568] INFO perfrun.perfcollector <> - config: umask: 3
195 [23075364005568] INFO perfrun.perfcollector <> - config: cmask: 0
195 [23075364005568] INFO perfrun.perfcollector <> - format: cpu/umask=0x3,name='CPU_CLK_UNHALTED.REF_TSC'/D
195 [23075364005568] INFO perfrun.perfcollector <> - event name: INST_RETIRED.ANY
195 [23075364005568] INFO perfrun.perfcollector <> - pmu config: cpu
195 [23075364005568] INFO perfrun.perfcollector <> - cccrAddr: ffffffff, cccrValue: 0
195 [23075364005568] INFO perfrun.perfcollector <> - dataAddr: 309, dataValue: ffffffffffdb6100
195 [23075364005568] INFO perfrun.perfcollector <> - escrAddr: ffffffff, escrValue: 0
195 [23075364005568] INFO perfrun.perfcollector <> - extendedPebsValue: 0
195 [23075364005568] INFO perfrun.perfcollector <> - adaptivePebsAvailable: 0
195 [23075364005568] INFO perfrun.perfcollector <> - config: event: c0
195 [23075364005568] INFO perfrun.perfcollector <> - config: pc: 0
195 [23075364005568] INFO perfrun.perfcollector <> - config: in_tx: 0
195 [23075364005568] INFO perfrun.perfcollector <> - config: edge: 0
195 [23075364005568] INFO perfrun.perfcollector <> - config: any: 0
195 [23075364005568] INFO perfrun.perfcollector <> - config1: offcore_rsp: 0
195 [23075364005568] INFO perfrun.perfcollector <> - config: in_tx_cp: 0
195 [23075364005568] INFO perfrun.perfcollector <> - config1: ldlat: 0
195 [23075364005568] INFO perfrun.perfcollector <> - config: inv: 0
195 [23075364005568] INFO perfrun.perfcollector <> - config: umask: 0
195 [23075364005568] INFO perfrun.perfcollector <> - config: cmask: 0
195 [23075364005568] INFO perfrun.perfcollector <> - format: cpu/event=0xc0,name='INST_RETIRED.ANY'/D
195 [23075364005568] INFO perfrun.perfcollector <> - event name: CPU_CLK_UNHALTED.REF_XCLK
195 [23075364005568] INFO perfrun.perfcollector <> - pmu config: cpu
195 [23075364005568] INFO perfrun.perfcollector <> - cccrAddr: 18a, cccrValue: 53013c
195 [23075364005568] INFO perfrun.perfcollector <> - dataAddr: c5, dataValue: fffffffffffe795d
195 [23075364005568] INFO perfrun.perfcollector <> - escrAddr: ffffffff, escrValue: 0
195 [23075364005568] INFO perfrun.perfcollector <> - extendedPebsValue: 0
195 [23075364005568] INFO perfrun.perfcollector <> - adaptivePebsAvailable: 0
195 [23075364005568] INFO perfrun.perfcollector <> - config: event: 3c
195 [23075364005568] INFO perfrun.perfcollector <> - config: pc: 0
195 [23075364005568] INFO perfrun.perfcollector <> - config: in_tx: 0
195 [23075364005568] INFO perfrun.perfcollector <> - config: edge: 0
195 [23075364005568] INFO perfrun.perfcollector <> - config: any: 0
195 [23075364005568] INFO perfrun.perfcollector <> - config1: offcore_rsp: 0
195 [23075364005568] INFO perfrun.perfcollector <> - config: in_tx_cp: 0
195 [23075364005568] INFO perfrun.perfcollector <> - config1: ldlat: 0
195 [23075364005568] INFO perfrun.perfcollector <> - config: inv: 0
195 [23075364005568] INFO perfrun.perfcollector <> - config: umask: 1
195 [23075364005568] INFO perfrun.perfcollector <> - config: cmask: 0
195 [23075364005568] INFO perfrun.perfcollector <> - format: cpu/event=0x3c,umask=0x1,name='CPU_CLK_UNHALTED.REF_XCLK'/
195 [23075364005568] INFO perfrun.perfcollector <> - event name: CPU_CLK_UNHALTED.ONE_THREAD_ACTIVE
195 [23075364005568] INFO perfrun.perfcollector <> - pmu config: cpu
195 [23075364005568] INFO perfrun.perfcollector <> - cccrAddr: 18b, cccrValue: 53023c
195 [23075364005568] INFO perfrun.perfcollector <> - dataAddr: c6, dataValue: fffffffffffe795d
195 [23075364005568] INFO perfrun.perfcollector <> - escrAddr: ffffffff, escrValue: 0
195 [23075364005568] INFO perfrun.perfcollector <> - extendedPebsValue: 0
195 [23075364005568] INFO perfrun.perfcollector <> - adaptivePebsAvailable: 0
195 [23075364005568] INFO perfrun.perfcollector <> - config: event: 3c
195 [23075364005568] INFO perfrun.perfcollector <> - config: pc: 0
195 [23075364005568] INFO perfrun.perfcollector <> - config: in_tx: 0
195 [23075364005568] INFO perfrun.perfcollector <> - config: edge: 0
195 [23075364005568] INFO perfrun.perfcollector <> - config: any: 0
195 [23075364005568] INFO perfrun.perfcollector <> - config1: offcore_rsp: 0
195 [23075364005568] INFO perfrun.perfcollector <> - config: in_tx_cp: 0
195 [23075364005568] INFO perfrun.perfcollector <> - config1: ldlat: 0
195 [23075364005568] INFO perfrun.perfcollector <> - config: inv: 0
195 [23075364005568] INFO perfrun.perfcollector <> - config: umask: 2
195 [23075364005568] INFO perfrun.perfcollector <> - config: cmask: 0
195 [23075364005568] INFO perfrun.perfcollector <> - format: cpu/event=0x3c,umask=0x2,name='CPU_CLK_UNHALTED.ONE_THREAD_ACTIVE'/
195 [23075364005568] INFO perfrun.perfcollector <> - event name: FP_ARITH_INST_RETIRED.SCALAR_SINGLE
195 [23075364005568] INFO perfrun.perfcollector <> - pmu config: cpu
195 [23075364005568] INFO perfrun.perfcollector <> - cccrAddr: 186, cccrValue: 5302c7
195 [23075364005568] INFO perfrun.perfcollector <> - dataAddr: c1, dataValue: ffffffffffe17b7d
195 [23075364005568] INFO perfrun.perfcollector <> - escrAddr: ffffffff, escrValue: 0
195 [23075364005568] INFO perfrun.perfcollector <> - extendedPebsValue: 0
195 [23075364005568] INFO perfrun.perfcollector <> - adaptivePebsAvailable: 0
195 [23075364005568] INFO perfrun.perfcollector <> - config: event: c7
195 [23075364005568] INFO perfrun.perfcollector <> - config: pc: 0
195 [23075364005568] INFO perfrun.perfcollector <> - config: in_tx: 0
196 [23075364005568] INFO perfrun.perfcollector <> - config: edge: 0
196 [23075364005568] INFO perfrun.perfcollector <> - config: any: 0
196 [23075364005568] INFO perfrun.perfcollector <> - config1: offcore_rsp: 0
196 [23075364005568] INFO perfrun.perfcollector <> - config: in_tx_cp: 0
196 [23075364005568] INFO perfrun.perfcollector <> - config1: ldlat: 0
196 [23075364005568] INFO perfrun.perfcollector <> - config: inv: 0
196 [23075364005568] INFO perfrun.perfcollector <> - config: umask: 2
196 [23075364005568] INFO perfrun.perfcollector <> - config: cmask: 0
196 [23075364005568] INFO perfrun.perfcollector <> - format: cpu/event=0xc7,umask=0x2,name='FP_ARITH_INST_RETIRED.SCALAR_SINGLE'/
196 [23075364005568] INFO perfrun.perfcollector <> - event name: FP_ARITH_INST_RETIRED.128B_PACKED_SINGLE
196 [23075364005568] INFO perfrun.perfcollector <> - pmu config: cpu
196 [23075364005568] INFO perfrun.perfcollector <> - cccrAddr: 187, cccrValue: 5308c7
196 [23075364005568] INFO perfrun.perfcollector <> - dataAddr: c2, dataValue: ffffffffffe17b7d
196 [23075364005568] INFO perfrun.perfcollector <> - escrAddr: ffffffff, escrValue: 0
196 [23075364005568] INFO perfrun.perfcollector <> - extendedPebsValue: 0
196 [23075364005568] INFO perfrun.perfcollector <> - adaptivePebsAvailable: 0
196 [23075364005568] INFO perfrun.perfcollector <> - config: event: c7
196 [23075364005568] INFO perfrun.perfcollector <> - config: pc: 0
196 [23075364005568] INFO perfrun.perfcollector <> - config: in_tx: 0
196 [23075364005568] INFO perfrun.perfcollector <> - config: edge: 0
196 [23075364005568] INFO perfrun.perfcollector <> - config: any: 0
196 [23075364005568] INFO perfrun.perfcollector <> - config1: offcore_rsp: 0
196 [23075364005568] INFO perfrun.perfcollector <> - config: in_tx_cp: 0
196 [23075364005568] INFO perfrun.perfcollector <> - config1: ldlat: 0
196 [23075364005568] INFO perfrun.perfcollector <> - config: inv: 0
196 [23075364005568] INFO perfrun.perfcollector <> - config: umask: 8
196 [23075364005568] INFO perfrun.perfcollector <> - config: cmask: 0
196 [23075364005568] INFO perfrun.perfcollector <> - format: cpu/event=0xc7,umask=0x8,name='FP_ARITH_INST_RETIRED.128B_PACKED_SINGLE'/
196 [23075364005568] INFO perfrun.perfcollector <> - event name: FP_ARITH_INST_RETIRED.256B_PACKED_SINGLE
196 [23075364005568] INFO perfrun.perfcollector <> - pmu config: cpu
196 [23075364005568] INFO perfrun.perfcollector <> - cccrAddr: 188, cccrValue: 5320c7
196 [23075364005568] INFO perfrun.perfcollector <> - dataAddr: c3, dataValue: ffffffffffe17b7d
196 [23075364005568] INFO perfrun.perfcollector <> - escrAddr: ffffffff, escrValue: 0
196 [23075364005568] INFO perfrun.perfcollector <> - extendedPebsValue: 0
196 [23075364005568] INFO perfrun.perfcollector <> - adaptivePebsAvailable: 0
196 [23075364005568] INFO perfrun.perfcollector <> - config: event: c7
196 [23075364005568] INFO perfrun.perfcollector <> - config: pc: 0
196 [23075364005568] INFO perfrun.perfcollector <> - config: in_tx: 0
196 [23075364005568] INFO perfrun.perfcollector <> - config: edge: 0
196 [23075364005568] INFO perfrun.perfcollector <> - config: any: 0
196 [23075364005568] INFO perfrun.perfcollector <> - config1: offcore_rsp: 0
196 [23075364005568] INFO perfrun.perfcollector <> - config: in_tx_cp: 0
196 [23075364005568] INFO perfrun.perfcollector <> - config1: ldlat: 0
196 [23075364005568] INFO perfrun.perfcollector <> - config: inv: 0
196 [23075364005568] INFO perfrun.perfcollector <> - config: umask: 20
196 [23075364005568] INFO perfrun.perfcollector <> - config: cmask: 0
196 [23075364005568] INFO perfrun.perfcollector <> - format: cpu/event=0xc7,umask=0x20,name='FP_ARITH_INST_RETIRED.256B_PACKED_SINGLE'/
196 [23075364005568] INFO perfrun.perfcollector <> - event name: FP_ARITH_INST_RETIRED.SCALAR_DOUBLE
196 [23075364005568] INFO perfrun.perfcollector <> - pmu config: cpu
196 [23075364005568] INFO perfrun.perfcollector <> - cccrAddr: 189, cccrValue: 5301c7
196 [23075364005568] INFO perfrun.perfcollector <> - dataAddr: c4, dataValue: ffffffffffe17b7d
196 [23075364005568] INFO perfrun.perfcollector <> - escrAddr: ffffffff, escrValue: 0
196 [23075364005568] INFO perfrun.perfcollector <> - extendedPebsValue: 0
196 [23075364005568] INFO perfrun.perfcollector <> - adaptivePebsAvailable: 0
196 [23075364005568] INFO perfrun.perfcollector <> - config: event: c7
196 [23075364005568] INFO perfrun.perfcollector <> - config: pc: 0
196 [23075364005568] INFO perfrun.perfcollector <> - config: in_tx: 0
196 [23075364005568] INFO perfrun.perfcollector <> - config: edge: 0
196 [23075364005568] INFO perfrun.perfcollector <> - config: any: 0
196 [23075364005568] INFO perfrun.perfcollector <> - config1: offcore_rsp: 0
196 [23075364005568] INFO perfrun.perfcollector <> - config: in_tx_cp: 0
196 [23075364005568] INFO perfrun.perfcollector <> - config1: ldlat: 0
196 [23075364005568] INFO perfrun.perfcollector <> - config: inv: 0
196 [23075364005568] INFO perfrun.perfcollector <> - config: umask: 1
196 [23075364005568] INFO perfrun.perfcollector <> - config: cmask: 0
196 [23075364005568] INFO perfrun.perfcollector <> - format: cpu/event=0xc7,umask=0x1,name='FP_ARITH_INST_RETIRED.SCALAR_DOUBLE'/
196 [23075364005568] INFO perfrun.perfcollector <> - event name: FP_ARITH_INST_RETIRED.128B_PACKED_DOUBLE
196 [23075364005568] INFO perfrun.perfcollector <> - pmu config: cpu
196 [23075364005568] INFO perfrun.perfcollector <> - cccrAddr: 186, cccrValue: 5304c7
196 [23075364005568] INFO perfrun.perfcollector <> - dataAddr: c1, dataValue: ffffffffffe17b7d
196 [23075364005568] INFO perfrun.perfcollector <> - escrAddr: ffffffff, escrValue: 0
196 [23075364005568] INFO perfrun.perfcollector <> - extendedPebsValue: 0
196 [23075364005568] INFO perfrun.perfcollector <> - adaptivePebsAvailable: 0
196 [23075364005568] INFO perfrun.perfcollector <> - config: event: c7
196 [23075364005568] INFO perfrun.perfcollector <> - config: pc: 0
196 [23075364005568] INFO perfrun.perfcollector <> - config: in_tx: 0
196 [23075364005568] INFO perfrun.perfcollector <> - config: edge: 0
196 [23075364005568] INFO perfrun.perfcollector <> - config: any: 0
196 [23075364005568] INFO perfrun.perfcollector <> - config1: offcore_rsp: 0
196 [23075364005568] INFO perfrun.perfcollector <> - config: in_tx_cp: 0
196 [23075364005568] INFO perfrun.perfcollector <> - config1: ldlat: 0
196 [23075364005568] INFO perfrun.perfcollector <> - config: inv: 0
196 [23075364005568] INFO perfrun.perfcollector <> - config: umask: 4
196 [23075364005568] INFO perfrun.perfcollector <> - config: cmask: 0
196 [23075364005568] INFO perfrun.perfcollector <> - format: cpu/event=0xc7,umask=0x4,name='FP_ARITH_INST_RETIRED.128B_PACKED_DOUBLE'/
196 [23075364005568] INFO perfrun.perfcollector <> - event name: FP_ARITH_INST_RETIRED.256B_PACKED_DOUBLE
196 [23075364005568] INFO perfrun.perfcollector <> - pmu config: cpu
196 [23075364005568] INFO perfrun.perfcollector <> - cccrAddr: 187, cccrValue: 5310c7
196 [23075364005568] INFO perfrun.perfcollector <> - dataAddr: c2, dataValue: ffffffffffe17b7d
196 [23075364005568] INFO perfrun.perfcollector <> - escrAddr: ffffffff, escrValue: 0
196 [23075364005568] INFO perfrun.perfcollector <> - extendedPebsValue: 0
196 [23075364005568] INFO perfrun.perfcollector <> - adaptivePebsAvailable: 0
196 [23075364005568] INFO perfrun.perfcollector <> - config: event: c7
196 [23075364005568] INFO perfrun.perfcollector <> - config: pc: 0
196 [23075364005568] INFO perfrun.perfcollector <> - config: in_tx: 0
196 [23075364005568] INFO perfrun.perfcollector <> - config: edge: 0
196 [23075364005568] INFO perfrun.perfcollector <> - config: any: 0
196 [23075364005568] INFO perfrun.perfcollector <> - config1: offcore_rsp: 0
196 [23075364005568] INFO perfrun.perfcollector <> - config: in_tx_cp: 0
196 [23075364005568] INFO perfrun.perfcollector <> - config1: ldlat: 0
196 [23075364005568] INFO perfrun.perfcollector <> - config: inv: 0
196 [23075364005568] INFO perfrun.perfcollector <> - config: umask: 10
196 [23075364005568] INFO perfrun.perfcollector <> - config: cmask: 0
196 [23075364005568] INFO perfrun.perfcollector <> - format: cpu/event=0xc7,umask=0x10,name='FP_ARITH_INST_RETIRED.256B_PACKED_DOUBLE'/
196 [23075364005568] INFO perfrun.perfcollector <> - event name: INST_RETIRED.X87
196 [23075364005568] INFO perfrun.perfcollector <> - pmu config: cpu
196 [23075364005568] INFO perfrun.perfcollector <> - cccrAddr: 18c, cccrValue: 5302c0
196 [23075364005568] INFO perfrun.perfcollector <> - dataAddr: c7, dataValue: ffffffffffe17b7d
196 [23075364005568] INFO perfrun.perfcollector <> - escrAddr: ffffffff, escrValue: 0
196 [23075364005568] INFO perfrun.perfcollector <> - extendedPebsValue: 0
196 [23075364005568] INFO perfrun.perfcollector <> - adaptivePebsAvailable: 0
196 [23075364005568] INFO perfrun.perfcollector <> - config: event: c0
196 [23075364005568] INFO perfrun.perfcollector <> - config: pc: 0
196 [23075364005568] INFO perfrun.perfcollector <> - config: in_tx: 0
196 [23075364005568] INFO perfrun.perfcollector <> - config: edge: 0
196 [23075364005568] INFO perfrun.perfcollector <> - config: any: 0
196 [23075364005568] INFO perfrun.perfcollector <> - config1: offcore_rsp: 0
196 [23075364005568] INFO perfrun.perfcollector <> - config: in_tx_cp: 0
196 [23075364005568] INFO perfrun.perfcollector <> - config1: ldlat: 0
196 [23075364005568] INFO perfrun.perfcollector <> - config: inv: 0
196 [23075364005568] INFO perfrun.perfcollector <> - config: umask: 2
196 [23075364005568] INFO perfrun.perfcollector <> - config: cmask: 0
196 [23075364005568] INFO perfrun.perfcollector <> - format: cpu/event=0xc0,umask=0x2,name='INST_RETIRED.X87'/
196 [23075364005568] INFO perfrun.perfcollector <> - event name: UOPS_RETIRED.RETIRE_SLOTS
196 [23075364005568] INFO perfrun.perfcollector <> - pmu config: cpu
196 [23075364005568] INFO perfrun.perfcollector <> - cccrAddr: 18d, cccrValue: 5302c2
196 [23075364005568] INFO perfrun.perfcollector <> - dataAddr: c8, dataValue: ffffffffffe17b7d
196 [23075364005568] INFO perfrun.perfcollector <> - escrAddr: ffffffff, escrValue: 0
196 [23075364005568] INFO perfrun.perfcollector <> - extendedPebsValue: 0
196 [23075364005568] INFO perfrun.perfcollector <> - adaptivePebsAvailable: 0
196 [23075364005568] INFO perfrun.perfcollector <> - config: event: c2
196 [23075364005568] INFO perfrun.perfcollector <> - config: pc: 0
196 [23075364005568] INFO perfrun.perfcollector <> - config: in_tx: 0
196 [23075364005568] INFO perfrun.perfcollector <> - config: edge: 0
196 [23075364005568] INFO perfrun.perfcollector <> - config: any: 0
196 [23075364005568] INFO perfrun.perfcollector <> - config1: offcore_rsp: 0
196 [23075364005568] INFO perfrun.perfcollector <> - config: in_tx_cp: 0
196 [23075364005568] INFO perfrun.perfcollector <> - config1: ldlat: 0
196 [23075364005568] INFO perfrun.perfcollector <> - config: inv: 0
196 [23075364005568] INFO perfrun.perfcollector <> - config: umask: 2
196 [23075364005568] INFO perfrun.perfcollector <> - config: cmask: 0
196 [23075364005568] INFO perfrun.perfcollector <> - format: cpu/event=0xc2,umask=0x2,name='UOPS_RETIRED.RETIRE_SLOTS'/
196 [23075364005568] INFO perfrun.perfcollector <> - event: cpu/event=0x3c,name='CPU_CLK_UNHALTED.THREAD'/Duk, added for counting
196 [23075364005568] INFO perfrun.perfcollector <> - event: cpu/umask=0x3,name='CPU_CLK_UNHALTED.REF_TSC'/Duk, added for counting
196 [23075364005568] INFO perfrun.perfcollector <> - event: cpu/event=0xc0,name='INST_RETIRED.ANY'/Duk, added for counting
196 [23075364005568] INFO perfrun.perfcollector <> - event: cpu/event=0x3c,umask=0x1,name='CPU_CLK_UNHALTED.REF_XCLK'/uk, added for counting
196 [23075364005568] INFO perfrun.perfcollector <> - event: cpu/event=0x3c,umask=0x2,name='CPU_CLK_UNHALTED.ONE_THREAD_ACTIVE'/uk, added for counting
196 [23075364005568] INFO perfrun.perfcollector <> - event: cpu/event=0xc7,umask=0x2,name='FP_ARITH_INST_RETIRED.SCALAR_SINGLE'/uk, added for counting
196 [23075364005568] INFO perfrun.perfcollector <> - event: cpu/event=0xc7,umask=0x8,name='FP_ARITH_INST_RETIRED.128B_PACKED_SINGLE'/uk, added for counting
196 [23075364005568] INFO perfrun.perfcollector <> - event: cpu/event=0xc7,umask=0x20,name='FP_ARITH_INST_RETIRED.256B_PACKED_SINGLE'/uk, added for counting
196 [23075364005568] INFO perfrun.perfcollector <> - event: cpu/event=0xc7,umask=0x1,name='FP_ARITH_INST_RETIRED.SCALAR_DOUBLE'/uk, added for counting
196 [23075364005568] INFO perfrun.perfcollector <> - event: cpu/event=0xc7,umask=0x4,name='FP_ARITH_INST_RETIRED.128B_PACKED_DOUBLE'/uk, added for counting
196 [23075364005568] INFO perfrun.perfcollector <> - event: cpu/event=0xc7,umask=0x10,name='FP_ARITH_INST_RETIRED.256B_PACKED_DOUBLE'/uk, added for counting
196 [23075364005568] INFO perfrun.perfcollector <> - event: cpu/event=0xc0,umask=0x2,name='INST_RETIRED.X87'/uk, added for counting
196 [23075364005568] INFO perfrun.perfcollector <> - event: cpu/event=0xc2,umask=0x2,name='UOPS_RETIRED.RETIRE_SLOTS'/uk, added for counting
196 [23075364005568] INFO perfrun.perfcollector <> - attaching to pid: 4294967295, collect mode: 1, rc modes: 3
208 [23075352958656] WARN perfrun.perfcollector <> - Perf stat trace pipe capacity: read = 1048576, write = 1048576, at file: vcs/perfrun1/plugins/perfcollector/src/profiler.cpp:765
218 [23075352958656] INFO perfrun.sdk <> - runCmd: /opt/intel/oneapi/vtune/2023.1.0/bin64/amplxe-perf stat -v --log-fd 10 --scale -x ; -e cpu/event=0x3c,name='CPU_CLK_UNHALTED.THREAD'/Duk,cpu/umask=0x3,name='CPU_CLK_UNHALTED.REF_TSC'/Duk,cpu/event=0xc0,name='INST_RETIRED.ANY'/Duk,cpu/event=0x3c,umask=0x1,name='CPU_CLK_UNHALTED.REF_XCLK'/uk,cpu/event=0x3c,umask=0x2,name='CPU_CLK_UNHALTED.ONE_THREAD_ACTIVE'/uk,cpu/event=0xc7,umask=0x2,name='FP_ARITH_INST_RETIRED.SCALAR_SINGLE'/uk,cpu/event=0xc7,umask=0x8,name='FP_ARITH_INST_RETIRED.128B_PACKED_SINGLE'/uk,cpu/event=0xc7,umask=0x20,name='FP_ARITH_INST_RETIRED.256B_PACKED_SINGLE'/uk,cpu/event=0xc7,umask=0x1,name='FP_ARITH_INST_RETIRED.SCALAR_DOUBLE'/uk,cpu/event=0xc7,umask=0x4,name='FP_ARITH_INST_RETIRED.128B_PACKED_DOUBLE'/uk,cpu/event=0xc7,umask=0x10,name='FP_ARITH_INST_RETIRED.256B_PACKED_DOUBLE'/uk,cpu/event=0xc0,umask=0x2,name='INST_RETIRED.X87'/uk,cpu/event=0xc2,umask=0x2,name='UOPS_RETIRED.RETIRE_SLOTS'/uk /opt/intel/oneapi/vtune/2023.1.0/bin64/amplxe-perf-sync dryrun sys
219 [23075352958656] INFO perfrun.sdk <> - runCmd started PID 2284326
454 [23075352958656] INFO perfrun.perfcollector <> - Monitor: runCmd RC = true
455 [23075364005568] INFO perfrun.launcher <> - plugin [aoclprofile] was disabled because it doesn't support the given collection type.
455 [23075364005568] INFO perfrun.tpss <> - initialize tpss controller
455 [23075364005568] INFO perfrun.tpss <> - configure collection mode: value = cpu:counters:nostack
455 [23075364005568] INFO perfrun.tpss <> - configure collection mode: value = cpu:stack
455 [23075364005568] INFO perfrun.tpss <> - default obj-size-min=1024
455 [23075364005568] INFO perfrun.tpss <> - default hash-table-size=0
456 [23075364005568] INFO perfrun.launcher <> - plugin [media] was disabled because it doesn't support the given collection type.
456 [23075364005568] INFO perfrun.launcher <> - plugin [] was disabled because it doesn't support the given collection type.
456 [23075364005568] INFO perfrun.launcher <> - plugin [] was disabled because it doesn't support the given collection type.
456 [23075364005568] INFO perfrun.launcher <> - plugin [parallelfs] was disabled because it doesn't support the given collection type.
456 [23075364005568] INFO perfrun.launcher <> - plugin [power] was disabled because it doesn't support the given collection type.
456 [23075364005568] INFO perfrun.launcher <> - plugin [hwloc] was disabled because it doesn't support the given collection type.
456 [23075364005568] INFO perfrun.launcher <> - plugin [ipmwatch] was disabled because it doesn't support the given collection type.
456 [23075364005568] INFO perfrun.launcher <> - plugin [os_counters] was disabled because it doesn't support the given collection type.
456 [23075364005568] INFO perfrun.launcher <> - plugin [l0_metrics] was disabled because it doesn't support the given collection type.
456 [23075507095424] INFO perfrun.launcher <> - set environment variable: LD_LIBRARY_PATH = /opt/intel/oneapi/vtune/2023.1.0/lib32/runtime:/opt/intel/oneapi/vtune/2023.1.0/lib64/runtime:/opt/intel/oneapi/tbb/2021.5.1/env/../lib/intel64/gcc4.8:/opt/intel/oneapi/mpi/2021.5.1//libfabric/lib:/opt/intel/oneapi/mpi/2021.5.1//lib/release:/opt/intel/oneapi/mpi/2021.5.1//lib:/opt/intel/oneapi/mkl/2022.0.2/lib/intel64:/opt/intel/oneapi/itac/2021.5.0/slib:/opt/intel/oneapi/debugger/2021.5.0/gdb/intel64/lib:/opt/intel/oneapi/debugger/2021.5.0/libipt/intel64/lib:/opt/intel/oneapi/debugger/2021.5.0/dep/lib:/opt/intel/oneapi/compiler/2022.0.2/linux/lib:/opt/intel/oneapi/compiler/2022.0.2/linux/lib/x64:/opt/intel/oneapi/compiler/2022.0.2/linux/lib/oclfpga/host/linux64/lib:/opt/intel/oneapi/compiler/2022.0.2/linux/compiler/lib/intel64_lin
456 [23075507095424] INFO perfrun.launcher <> - set environment variable: INTEL_LIBITTNOTIFY32 = /opt/intel/oneapi/vtune/2023.1.0/lib32/runtime/libittnotify_collector.so
456 [23075507095424] INFO perfrun.launcher <> - set environment variable: INTEL_LIBITTNOTIFY64 = /opt/intel/oneapi/vtune/2023.1.0/lib64/runtime/libittnotify_collector.so
456 [23075507095424] INFO perfrun.launcher <> - set environment variable: INTEL_ITTNOTIFY_GROUPS = 
456 [23075507095424] INFO perfrun.launcher <> - set environment variable: INTEL_JIT_PROFILER32 = /opt/intel/oneapi/vtune/2023.1.0/lib32/runtime/libittnotify_collector.so
456 [23075507095424] INFO perfrun.launcher <> - set environment variable: INTEL_JIT_PROFILER64 = /opt/intel/oneapi/vtune/2023.1.0/lib64/runtime/libittnotify_collector.so
456 [23075507095424] INFO perfrun.launcher <> - set environment variable: OMP_TOOL_LIBRARIES = /opt/intel/oneapi/vtune/2023.1.0/lib32/runtime/libittnotify_collector.so:/opt/intel/oneapi/vtune/2023.1.0/lib64/runtime/libittnotify_collector.so
456 [23075507095424] INFO perfrun.launcher <> - set environment variable: ENABLE_JITPROFILING = 1
456 [23075507095424] INFO perfrun.launcher <> - set environment variable: CL_CONFIG_USE_VTUNE = True
456 [23075507095424] INFO perfrun.launcher <> - set environment variable: LD_PRELOAD = libittnotify_collector.so:
456 [23075507095424] INFO perfrun.launcher <> - set environment variable: KMP_FORKJOIN_FRAMES = 0
456 [23075507095424] INFO perfrun.launcher <> - set environment variable: KMP_FORKJOIN_FRAMES_MODE = 0
456 [23075507095424] INFO perfrun.launcher <> - set environment variable: OMP_TOOL = disabled
456 [23075507095424] INFO perfrun.launcher <> - set environment variable: INTEL_MRTE_DATA_DIR = /home/course/hpc/users/2022012388/exp8/result.conv2/data.5
456 [23075507095424] INFO perfrun.launcher <> - set environment variable: INTEL_MRTE_HOST_NAME = conv2
456 [23075507095424] INFO perfrun.launcher <> - set environment variable: JAVA_TOOL_OPTIONS = -agentlib:amplxe_tpssmrte_javaprof_1.0 -Dsun.boot.library.path=/opt/intel/oneapi/vtune/2023.1.0/lib32/runtime:/opt/intel/oneapi/vtune/2023.1.0/lib64/runtime
456 [23075507095424] INFO perfrun.launcher <> - set environment variable: LD_LIBRARY_PATH = /opt/intel/oneapi/vtune/2023.1.0/lib32/runtime:/opt/intel/oneapi/vtune/2023.1.0/lib64/runtime:/opt/intel/oneapi/tbb/2021.5.1/env/../lib/intel64/gcc4.8:/opt/intel/oneapi/mpi/2021.5.1//libfabric/lib:/opt/intel/oneapi/mpi/2021.5.1//lib/release:/opt/intel/oneapi/mpi/2021.5.1//lib:/opt/intel/oneapi/mkl/2022.0.2/lib/intel64:/opt/intel/oneapi/itac/2021.5.0/slib:/opt/intel/oneapi/debugger/2021.5.0/gdb/intel64/lib:/opt/intel/oneapi/debugger/2021.5.0/libipt/intel64/lib:/opt/intel/oneapi/debugger/2021.5.0/dep/lib:/opt/intel/oneapi/compiler/2022.0.2/linux/lib:/opt/intel/oneapi/compiler/2022.0.2/linux/lib/x64:/opt/intel/oneapi/compiler/2022.0.2/linux/lib/oclfpga/host/linux64/lib:/opt/intel/oneapi/compiler/2022.0.2/linux/compiler/lib/intel64_lin
456 [23075507095424] INFO perfrun.launcher <> - set environment variable: CORECLR_ENABLE_PROFILING = 1
456 [23075507095424] INFO perfrun.launcher <> - set environment variable: CORECLR_PROFILER = {AA5E4821-E3B1-479c-B7FF-5AD047D22CED}
456 [23075507095424] INFO perfrun.launcher <> - set environment variable: CORECLR_PROFILER_PATH = /opt/intel/oneapi/vtune/2023.1.0/lib64/libamplxe_samplingmrte_clrprof_1.0.so
457 [23075507095424] INFO perfrun.launcher <> - set environment variable: INTEL_MRTE_PROFILER_MODE = mixed
457 [23075507095424] INFO perfrun.launcher <> - RpcServer: run RPC server to handle requests
457 [23075507095424] INFO perfrun.launcher <> - Launcher: command line to start before modification = ./run.sh 2022012388
457 [23075507095424] INFO perfrun.launcher <> - Launcher: command line to start after modification = /opt/intel/oneapi/vtune/2023.1.0/bin64/pin -error_file /home/course/hpc/users/2022012388/exp8/result.conv2/data.5/pinerr.tpsslog -detach_reattach -follow_execv -tool_load_option deepbind -t64 /opt/intel/oneapi/vtune/2023.1.0/lib64/libtpsstool.so -t /opt/intel/oneapi/vtune/2023.1.0/lib32/libtpsstool.so -server_name tpss_ipc.2284196 -prd_dir /opt/intel/oneapi/vtune/2023.1.0 -- ./run.sh 2022012388
758 [23075507095424] INFO perfrun.launcher <> - ProcessCreator object was created
759 [23075507095424] INFO perfrun.launcher <> - Launcher: the process was started in suspend mode
764 [23075364005568] WARN perfrun.system <> - Could not do anything with /sys/kernel/debug/kvm: boost::filesystem::status: Permission denied: "/sys/kernel/debug/kvm", at file: vcs/perfrun1/plugins/system/src/trace_writer.cpp:787
764 [23075364005568] WARN perfrun.system <> - Folder "/var/run/libvirt/qemu/"doesn't exist, at file: vcs/perfrun1/plugins/system/src/trace_writer.cpp:800
764 [23075364005568] INFO perfrun.itt <> - start itt controller for pid #2284616
764 [23075364005568] INFO perfrun.perfcollector <> - attaching to pid: 2284616, collect mode: 1, rc modes: 1
780 [23075346654912] WARN perfrun.perfcollector <> - Perf stat trace pipe capacity: read = 1048576, write = 1048576, at file: vcs/perfrun1/plugins/perfcollector/src/profiler.cpp:765
791 [23075346654912] INFO perfrun.sdk <> - runCmd: /opt/intel/oneapi/vtune/2023.1.0/bin64/amplxe-perf stat -v --log-fd 22 --control=fd:23,26 --scale -x ; -p 2284616 -e cpu/event=0x3c,name='CPU_CLK_UNHALTED.THREAD'/Duk,cpu/umask=0x3,name='CPU_CLK_UNHALTED.REF_TSC'/Duk,cpu/event=0xc0,name='INST_RETIRED.ANY'/Duk,cpu/event=0x3c,umask=0x1,name='CPU_CLK_UNHALTED.REF_XCLK'/uk,cpu/event=0x3c,umask=0x2,name='CPU_CLK_UNHALTED.ONE_THREAD_ACTIVE'/uk,cpu/event=0xc7,umask=0x2,name='FP_ARITH_INST_RETIRED.SCALAR_SINGLE'/uk,cpu/event=0xc7,umask=0x8,name='FP_ARITH_INST_RETIRED.128B_PACKED_SINGLE'/uk,cpu/event=0xc7,umask=0x20,name='FP_ARITH_INST_RETIRED.256B_PACKED_SINGLE'/uk,cpu/event=0xc7,umask=0x1,name='FP_ARITH_INST_RETIRED.SCALAR_DOUBLE'/uk,cpu/event=0xc7,umask=0x4,name='FP_ARITH_INST_RETIRED.128B_PACKED_DOUBLE'/uk,cpu/event=0xc7,umask=0x10,name='FP_ARITH_INST_RETIRED.256B_PACKED_DOUBLE'/uk,cpu/event=0xc0,umask=0x2,name='INST_RETIRED.X87'/uk,cpu/event=0xc2,umask=0x2,name='UOPS_RETIRED.RETIRE_SLOTS'/uk /opt/intel/oneapi/vtune/2023.1.0/bin64/amplxe-perf-sync sync sys
792 [23075346654912] INFO perfrun.sdk <> - runCmd started PID 2284629
935 [23075364005568] INFO perfrun.tpss <> - start tpss controller for pid #2284616
987 [23075507095424] INFO perfrun.launcher <> - Launcher: all plugins were started
987 [23075507095424] INFO perfrun.launcher <> - DirectoryMonitor object was created
987 [23075507095424] INFO perfrun.launcher <> - DirectoryMonitor: a callback was added
987 [23075507095424] INFO perfrun.launcher <> - DirectoryMonitor was started with pingTime = 1000
987 [23075507095424] INFO perfrun.launcher <> - DeadlineTimer is going to be constructed
987 [23075507095424] INFO perfrun.launcher <> - DeadlineTimer: a callback was added
989 [23075507095424] INFO perfrun.launcher <> - Launcher: resume the profiled application and  wait its termination or stop command
141058 [23075507095424] INFO perfrun.launcher <> - Launcher: the profiled application was terminated  with exit code = 1
141285 [23075364005568] INFO perfrun.itt <> - detach itt controller
141285 [23075364005568] INFO perfrun.itt <> - detach itt controller done
141287 [23075346654912] INFO perfrun.perfcollector <> - Monitor: runCmd RC = true
141287 [23075364005568] INFO perfrun.perfcollector <> - Monitor: state = 3, error = 1
141288 [23075364005568] INFO perfrun.tpss <> - stop tpss controller
141294 [23075364005568] INFO perfrun.sdk <> - De-allocating TMU: /home/course/hpc/users/2022012388/exp8/result.conv2/data.5/systemcollector-2284196-conv2.sc
141294 [23075364005568] INFO perfrun.system <> - closed the system trace file: /home/course/hpc/users/2022012388/exp8/result.conv2/data.5/systemcollector-2284196-conv2.sc
141294 [23075507095424] INFO perfrun.launcher <> - Launcher: all plugins were stopped.
141294 [23075507095424] INFO perfrun.launcher <> - DeadlineTimer is going to be destroyed
141294 [23075507095424] INFO perfrun.launcher <> - DeadlineTimer was destroyed
141294 [23075507095424] INFO perfrun.launcher <> - DirectoryMonitor object was destroyed
141294 [23075507095424] WARN perfrun.launcher <> - Stop command is ignored because it is received when collection is already stopped, at file: vcs/perfrun1/launcher/src/command_handler.cpp:226
141298 [23075507095424] INFO perfrun.launcher <> - Application exit code: 1
141298 [23075507095424] INFO perfrun.launcher <> - Exit code: 4
