13 [22950705661824] INFO perfrun.launcher <> - Launcher main begin
15 [22950705661824] INFO perfrun.launcher <> - MessageCatalogInit finished
15 [22950705661824] INFO perfrun.launcher <> - Launcher instance created
15 [22950705661824] INFO perfrun.launcher <> - argc = 7; cmdline = /opt/intel/oneapi/vtune/2023.1.0/bin64/amplxe-runss --ui-output-format xml --ui-output-fd 5 --option-file /home/course/hpc/users/2022012388/exp8/result.conv2/config/runss.options.14 
146 [22950705661824] INFO perfrun.launcher <> - create msngr2::ICliToolContext
147 [22950705661824] INFO perfrun.launcher <> - create file finder object
147 [22950705661824] INFO perfrun.launcher <> - create a result directory: pattern = /home/course/hpc/users/2022012388/exp8/result.conv2 pid = 4294967295
149 [22950705661824] INFO perfrun.sdk <> - checked that the directory /home/course/hpc/users/2022012388/exp8/result.conv2 is a local directory
149 [22950705661824] INFO perfrun.sdk <> - the directory /home/course/hpc/users/2022012388/exp8/result.conv2 is located on a share or its FS ID is unknown 26985
149 [22950705661824] INFO perfrun.sdk <> - checked that the directory /tmp/amplxe-tmp-2022012388 is a local directory
149 [22950705661824] INFO perfrun.sdk <> - the directory /tmp/amplxe-tmp-2022012388 is located on a share or its FS ID is unknown 2035054128
150 [22950705661824] INFO perfrun.launcher <> - create data directory = /home/course/hpc/users/2022012388/exp8/result.conv2/data.13
152 [22950705661824] INFO perfrun.launcher <> - Creating the master collection flag
152 [22950705661824] INFO perfrun.launcher <> - Done creating the master collection flag
155 [22950562490048] INFO perfrun.launcher <> - plugin [remoteplug] was disabled because it doesn't support the given collection type.
155 [22950562490048] INFO perfrun.sdk <> - Allocating TMU :/home/course/hpc/users/2022012388/exp8/result.conv2/data.13/systemcollector-2284237-conv2.sc
156 [22950562490048] INFO perfrun.launcher <> - plugin [vdso] was disabled because it doesn't support the given collection type.
156 [22950562490048] INFO perfrun.launcher <> - plugin [ptracecollector] was disabled because it doesn't support the given collection type.
156 [22950562490048] INFO perfrun.launcher <> - plugin [gpu] was disabled because it doesn't support the given collection type.
156 [22950562490048] INFO perfrun.launcher <> - plugin [] was disabled because it doesn't support the given collection type.
156 [22950562490048] INFO perfrun.launcher <> - plugin [] was disabled because it doesn't support the given collection type.
156 [22950562490048] INFO perfrun.launcher <> - plugin [] was disabled because it doesn't support the given collection type.
156 [22950562490048] INFO perfrun.mrte <> - system-wide mode is 0
156 [22950562490048] INFO perfrun.mrte <> - Getting  mrte profiling environment ...
170 [22950562490048] INFO perfrun.mrte <> - INTEL_MRTE_DATA_DIR=/home/course/hpc/users/2022012388/exp8/result.conv2/data.13
170 [22950562490048] INFO perfrun.mrte <> - INTEL_MRTE_HOST_NAME=conv2
170 [22950562490048] INFO perfrun.mrte <> - JAVA_TOOL_OPTIONS=-agentlib:amplxe_tpssmrte_javaprof_1.0 -Dsun.boot.library.path=/opt/intel/oneapi/vtune/2023.1.0/lib32/runtime:/opt/intel/oneapi/vtune/2023.1.0/lib64/runtime
170 [22950562490048] INFO perfrun.mrte <> - LD_LIBRARY_PATH=/opt/intel/oneapi/vtune/2023.1.0/lib32/runtime:/opt/intel/oneapi/vtune/2023.1.0/lib64/runtime:/opt/intel/oneapi/tbb/2021.5.1/env/../lib/intel64/gcc4.8:/opt/intel/oneapi/mpi/2021.5.1//libfabric/lib:/opt/intel/oneapi/mpi/2021.5.1//lib/release:/opt/intel/oneapi/mpi/2021.5.1//lib:/opt/intel/oneapi/mkl/2022.0.2/lib/intel64:/opt/intel/oneapi/itac/2021.5.0/slib:/opt/intel/oneapi/debugger/2021.5.0/gdb/intel64/lib:/opt/intel/oneapi/debugger/2021.5.0/libipt/intel64/lib:/opt/intel/oneapi/debugger/2021.5.0/dep/lib:/opt/intel/oneapi/compiler/2022.0.2/linux/lib:/opt/intel/oneapi/compiler/2022.0.2/linux/lib/x64:/opt/intel/oneapi/compiler/2022.0.2/linux/lib/oclfpga/host/linux64/lib:/opt/intel/oneapi/compiler/2022.0.2/linux/compiler/lib/intel64_lin
170 [22950562490048] INFO perfrun.mrte <> - CORECLR_ENABLE_PROFILING=1
170 [22950562490048] INFO perfrun.mrte <> - CORECLR_PROFILER={AA5E4821-E3B1-479c-B7FF-5AD047D22CED}
170 [22950562490048] INFO perfrun.mrte <> - CORECLR_PROFILER_PATH=/opt/intel/oneapi/vtune/2023.1.0/lib64/libamplxe_samplingmrte_clrprof_1.0.so
170 [22950562490048] INFO perfrun.mrte <> - INTEL_MRTE_PROFILER_MODE=mixed
170 [22950562490048] INFO perfrun.mrte <> - Data directory: /home/course/hpc/users/2022012388/exp8/result.conv2/data.13
170 [22950562490048] INFO perfrun.mrte <> - Mrte plugin is initialized
170 [22950562490048] INFO perfrun.launcher <> - plugin [emon] was disabled because it doesn't support the given collection type.
170 [22950562490048] INFO perfrun.launcher <> - plugin [cuscol] was disabled because it doesn't support the given collection type.
170 [22950562490048] INFO perfrun.launcher <> - plugin [stdsrc] was disabled because it doesn't support the given collection type.
170 [22950562490048] INFO perfrun.launcher <> - plugin [sep] was disabled because it doesn't support the given collection type.
170 [22950562490048] INFO perfrun.launcher <> - plugin [vtsspp] was disabled because it doesn't support the given collection type.
170 [22950562490048] INFO perfrun.sdk <> - Reading value (0) from file: /proc/sys/kernel/perf_event_paranoid
170 [22950562490048] INFO perfrun.perfcollector <> - checking access to: /opt/intel/oneapi/vtune/2023.1.0/bin64/amplxe-perf-priv
173 [22950562490048] INFO perfrun.perfcollector <> - cpu: family = 6 model = 79
173 [22950562490048] INFO perfrun.perfcollector <> - dir found: /sys/bus/event_source/devices/software
173 [22950562490048] INFO perfrun.perfcollector <> - format: pmu format subdir doesn't exist
173 [22950562490048] INFO perfrun.perfcollector <> - hwInfo: not set, pmuFam: software
173 [22950562490048] INFO perfrun.perfcollector <> - pmu added: family: software, id: 0
173 [22950562490048] INFO perfrun.perfcollector <> - dir found: /sys/bus/event_source/devices/uncore_imc_5
174 [22950562490048] INFO perfrun.perfcollector <> - format: event config:0-7 mask:0-7
174 [22950562490048] INFO perfrun.perfcollector <> - format: edge config:18 mask:18
174 [22950562490048] INFO perfrun.perfcollector <> - format: inv config:23 mask:23
174 [22950562490048] INFO perfrun.perfcollector <> - format: umask config:8-15 mask:8-15
174 [22950562490048] INFO perfrun.perfcollector <> - format: thresh config:24-31 mask:24-31
174 [22950562490048] INFO perfrun.perfcollector <> - hwInfo: PERF_IMC_PMU_DETAILS
174 [22950562490048] INFO perfrun.perfcollector <> - pmu added: family: uncore_imc, id: 5
174 [22950562490048] INFO perfrun.perfcollector <> - dir found: /sys/bus/event_source/devices/uncore_sbox_2
174 [22950562490048] INFO perfrun.perfcollector <> - format: event config:0-7 mask:0-7
175 [22950562490048] INFO perfrun.perfcollector <> - format: edge config:18 mask:18
175 [22950562490048] INFO perfrun.perfcollector <> - format: inv config:23 mask:23
175 [22950562490048] INFO perfrun.perfcollector <> - format: umask config:8-15 mask:8-15
175 [22950562490048] INFO perfrun.perfcollector <> - format: tid_en config:19 mask:19
175 [22950562490048] INFO perfrun.perfcollector <> - format: thresh config:24-31 mask:24-31
175 [22950562490048] INFO perfrun.perfcollector <> - hwInfo: not set, pmuFam: uncore_sbox
175 [22950562490048] INFO perfrun.perfcollector <> - pmu added: family: uncore_sbox, id: 2
175 [22950562490048] INFO perfrun.perfcollector <> - dir found: /sys/bus/event_source/devices/uncore_cbox_8
176 [22950562490048] INFO perfrun.perfcollector <> - format: event config:0-7 mask:0-7
176 [22950562490048] INFO perfrun.perfcollector <> - format: filter_link config1:6-8 mask:6-8
176 [22950562490048] INFO perfrun.perfcollector <> - format: filter_c6 config1:61 mask:61
176 [22950562490048] INFO perfrun.perfcollector <> - format: edge config:18 mask:18
176 [22950562490048] INFO perfrun.perfcollector <> - format: filter_isoc config1:63 mask:63
176 [22950562490048] INFO perfrun.perfcollector <> - format: filter_tid config1:0-5 mask:0-5
176 [22950562490048] INFO perfrun.perfcollector <> - format: filter_nid config1:32-47 mask:32-47
176 [22950562490048] INFO perfrun.perfcollector <> - format: filter_nc config1:62 mask:62
176 [22950562490048] INFO perfrun.perfcollector <> - format: umask config:8-15 mask:8-15
176 [22950562490048] INFO perfrun.perfcollector <> - format: tid_en config:19 mask:19
177 [22950562490048] INFO perfrun.perfcollector <> - format: thresh config:24-31 mask:24-31
177 [22950562490048] INFO perfrun.perfcollector <> - format: filter_state config1:17-23 mask:17-23
177 [22950562490048] INFO perfrun.perfcollector <> - format: filter_opc config1:52-60 mask:52-60
177 [22950562490048] INFO perfrun.perfcollector <> - hwInfo: PERF_CBOX_PMU_DETAILS
177 [22950562490048] INFO perfrun.perfcollector <> - pmu added: family: uncore_cbox, id: 8
177 [22950562490048] INFO perfrun.perfcollector <> - dir found: /sys/bus/event_source/devices/uncore_cbox_13
178 [22950562490048] INFO perfrun.perfcollector <> - format: event config:0-7 mask:0-7
178 [22950562490048] INFO perfrun.perfcollector <> - format: filter_link config1:6-8 mask:6-8
178 [22950562490048] INFO perfrun.perfcollector <> - format: filter_c6 config1:61 mask:61
178 [22950562490048] INFO perfrun.perfcollector <> - format: edge config:18 mask:18
178 [22950562490048] INFO perfrun.perfcollector <> - format: filter_isoc config1:63 mask:63
178 [22950562490048] INFO perfrun.perfcollector <> - format: filter_tid config1:0-5 mask:0-5
178 [22950562490048] INFO perfrun.perfcollector <> - format: filter_nid config1:32-47 mask:32-47
178 [22950562490048] INFO perfrun.perfcollector <> - format: filter_nc config1:62 mask:62
179 [22950562490048] INFO perfrun.perfcollector <> - format: umask config:8-15 mask:8-15
179 [22950562490048] INFO perfrun.perfcollector <> - format: tid_en config:19 mask:19
179 [22950562490048] INFO perfrun.perfcollector <> - format: thresh config:24-31 mask:24-31
179 [22950562490048] INFO perfrun.perfcollector <> - format: filter_state config1:17-23 mask:17-23
179 [22950562490048] INFO perfrun.perfcollector <> - format: filter_opc config1:52-60 mask:52-60
179 [22950562490048] INFO perfrun.perfcollector <> - hwInfo: PERF_CBOX_PMU_DETAILS
179 [22950562490048] INFO perfrun.perfcollector <> - pmu added: family: uncore_cbox, id: 13
179 [22950562490048] INFO perfrun.perfcollector <> - dir found: /sys/bus/event_source/devices/uncore_r2pcie
180 [22950562490048] INFO perfrun.perfcollector <> - format: event config:0-7 mask:0-7
180 [22950562490048] INFO perfrun.perfcollector <> - format: edge config:18 mask:18
180 [22950562490048] INFO perfrun.perfcollector <> - format: inv config:23 mask:23
180 [22950562490048] INFO perfrun.perfcollector <> - format: umask config:8-15 mask:8-15
180 [22950562490048] INFO perfrun.perfcollector <> - format: thresh config:24-31 mask:24-31
180 [22950562490048] INFO perfrun.perfcollector <> - hwInfo: not set, pmuFam: uncore_r2pcie
180 [22950562490048] INFO perfrun.perfcollector <> - pmu added: family: uncore_r2pcie, id: 0
180 [22950562490048] INFO perfrun.perfcollector <> - dir found: /sys/bus/event_source/devices/uncore_sbox_0
181 [22950562490048] INFO perfrun.perfcollector <> - format: event config:0-7 mask:0-7
181 [22950562490048] INFO perfrun.perfcollector <> - format: edge config:18 mask:18
181 [22950562490048] INFO perfrun.perfcollector <> - format: inv config:23 mask:23
181 [22950562490048] INFO perfrun.perfcollector <> - format: umask config:8-15 mask:8-15
181 [22950562490048] INFO perfrun.perfcollector <> - format: tid_en config:19 mask:19
181 [22950562490048] INFO perfrun.perfcollector <> - format: thresh config:24-31 mask:24-31
181 [22950562490048] INFO perfrun.perfcollector <> - hwInfo: not set, pmuFam: uncore_sbox
181 [22950562490048] INFO perfrun.perfcollector <> - pmu added: family: uncore_sbox, id: 0
182 [22950562490048] INFO perfrun.perfcollector <> - dir found: /sys/bus/event_source/devices/uncore_qpi_1
182 [22950562490048] INFO perfrun.perfcollector <> - format: mask_rnid4 config2:31 mask:31
182 [22950562490048] INFO perfrun.perfcollector <> - format: mask_rnid30 config2:32-35 mask:32-35
182 [22950562490048] INFO perfrun.perfcollector <> - format: match_rnid30 config1:32-35 mask:32-35
182 [22950562490048] INFO perfrun.perfcollector <> - format: event config:0-7,21 mask:0-7,21
182 [22950562490048] INFO perfrun.perfcollector <> - format: match0 config1:0-31 mask:0-31
182 [22950562490048] INFO perfrun.perfcollector <> - format: match_rds config1:48-51 mask:48-51
183 [22950562490048] INFO perfrun.perfcollector <> - format: mask_rds config2:48-51 mask:48-51
183 [22950562490048] INFO perfrun.perfcollector <> - format: edge config:18 mask:18
183 [22950562490048] INFO perfrun.perfcollector <> - format: mask1 config2:32-63 mask:32-63
183 [22950562490048] INFO perfrun.perfcollector <> - format: match_dnid config1:13-17 mask:13-17
183 [22950562490048] INFO perfrun.perfcollector <> - format: mask_dnid config2:13-17 mask:13-17
183 [22950562490048] INFO perfrun.perfcollector <> - format: match_vnw config1:3-4 mask:3-4
183 [22950562490048] INFO perfrun.perfcollector <> - format: mask_vnw config2:3-4 mask:3-4
183 [22950562490048] INFO perfrun.perfcollector <> - format: mask_mc config2:9-12 mask:9-12
183 [22950562490048] INFO perfrun.perfcollector <> - format: match1 config1:32-63 mask:32-63
184 [22950562490048] INFO perfrun.perfcollector <> - format: inv config:23 mask:23
184 [22950562490048] INFO perfrun.perfcollector <> - format: umask config:8-15 mask:8-15
184 [22950562490048] INFO perfrun.perfcollector <> - format: match_opc config1:5-8 mask:5-8
184 [22950562490048] INFO perfrun.perfcollector <> - format: mask_opc config2:5-8 mask:5-8
184 [22950562490048] INFO perfrun.perfcollector <> - format: thresh config:24-31 mask:24-31
184 [22950562490048] INFO perfrun.perfcollector <> - format: match_rnid4 config1:31 mask:31
184 [22950562490048] INFO perfrun.perfcollector <> - format: mask0 config2:0-31 mask:0-31
184 [22950562490048] INFO perfrun.perfcollector <> - format: match_mc config1:9-12 mask:9-12
184 [22950562490048] INFO perfrun.perfcollector <> - hwInfo: PERF_QPI_PMU_DETAILS
185 [22950562490048] INFO perfrun.perfcollector <> - pmu added: family: uncore_qpi, id: 1
185 [22950562490048] INFO perfrun.perfcollector <> - dir found: /sys/bus/event_source/devices/uncore_cbox_6
185 [22950562490048] INFO perfrun.perfcollector <> - format: event config:0-7 mask:0-7
185 [22950562490048] INFO perfrun.perfcollector <> - format: filter_link config1:6-8 mask:6-8
185 [22950562490048] INFO perfrun.perfcollector <> - format: filter_c6 config1:61 mask:61
185 [22950562490048] INFO perfrun.perfcollector <> - format: edge config:18 mask:18
185 [22950562490048] INFO perfrun.perfcollector <> - format: filter_isoc config1:63 mask:63
185 [22950562490048] INFO perfrun.perfcollector <> - format: filter_tid config1:0-5 mask:0-5
186 [22950562490048] INFO perfrun.perfcollector <> - format: filter_nid config1:32-47 mask:32-47
186 [22950562490048] INFO perfrun.perfcollector <> - format: filter_nc config1:62 mask:62
186 [22950562490048] INFO perfrun.perfcollector <> - format: umask config:8-15 mask:8-15
186 [22950562490048] INFO perfrun.perfcollector <> - format: tid_en config:19 mask:19
186 [22950562490048] INFO perfrun.perfcollector <> - format: thresh config:24-31 mask:24-31
186 [22950562490048] INFO perfrun.perfcollector <> - format: filter_state config1:17-23 mask:17-23
186 [22950562490048] INFO perfrun.perfcollector <> - format: filter_opc config1:52-60 mask:52-60
186 [22950562490048] INFO perfrun.perfcollector <> - hwInfo: PERF_CBOX_PMU_DETAILS
187 [22950562490048] INFO perfrun.perfcollector <> - pmu added: family: uncore_cbox, id: 6
187 [22950562490048] INFO perfrun.perfcollector <> - dir found: /sys/bus/event_source/devices/uncore_imc_1
187 [22950562490048] INFO perfrun.perfcollector <> - format: event config:0-7 mask:0-7
187 [22950562490048] INFO perfrun.perfcollector <> - format: edge config:18 mask:18
187 [22950562490048] INFO perfrun.perfcollector <> - format: inv config:23 mask:23
187 [22950562490048] INFO perfrun.perfcollector <> - format: umask config:8-15 mask:8-15
187 [22950562490048] INFO perfrun.perfcollector <> - format: thresh config:24-31 mask:24-31
187 [22950562490048] INFO perfrun.perfcollector <> - hwInfo: PERF_IMC_PMU_DETAILS
187 [22950562490048] INFO perfrun.perfcollector <> - pmu added: family: uncore_imc, id: 1
188 [22950562490048] INFO perfrun.perfcollector <> - dir found: /sys/bus/event_source/devices/power
188 [22950562490048] INFO perfrun.perfcollector <> - format: event config:0-7 mask:0-7
188 [22950562490048] INFO perfrun.perfcollector <> - hwInfo: not set, pmuFam: power
188 [22950562490048] INFO perfrun.perfcollector <> - pmu added: family: power, id: 0
188 [22950562490048] INFO perfrun.perfcollector <> - dir found: /sys/bus/event_source/devices/uncore_cbox_11
188 [22950562490048] INFO perfrun.perfcollector <> - format: event config:0-7 mask:0-7
188 [22950562490048] INFO perfrun.perfcollector <> - format: filter_link config1:6-8 mask:6-8
189 [22950562490048] INFO perfrun.perfcollector <> - format: filter_c6 config1:61 mask:61
189 [22950562490048] INFO perfrun.perfcollector <> - format: edge config:18 mask:18
189 [22950562490048] INFO perfrun.perfcollector <> - format: filter_isoc config1:63 mask:63
189 [22950562490048] INFO perfrun.perfcollector <> - format: filter_tid config1:0-5 mask:0-5
189 [22950562490048] INFO perfrun.perfcollector <> - format: filter_nid config1:32-47 mask:32-47
189 [22950562490048] INFO perfrun.perfcollector <> - format: filter_nc config1:62 mask:62
189 [22950562490048] INFO perfrun.perfcollector <> - format: umask config:8-15 mask:8-15
190 [22950562490048] INFO perfrun.perfcollector <> - format: tid_en config:19 mask:19
190 [22950562490048] INFO perfrun.perfcollector <> - format: thresh config:24-31 mask:24-31
190 [22950562490048] INFO perfrun.perfcollector <> - format: filter_state config1:17-23 mask:17-23
190 [22950562490048] INFO perfrun.perfcollector <> - format: filter_opc config1:52-60 mask:52-60
190 [22950562490048] INFO perfrun.perfcollector <> - hwInfo: PERF_CBOX_PMU_DETAILS
190 [22950562490048] INFO perfrun.perfcollector <> - pmu added: family: uncore_cbox, id: 11
190 [22950562490048] INFO perfrun.perfcollector <> - dir found: /sys/bus/event_source/devices/uncore_cbox_4
191 [22950562490048] INFO perfrun.perfcollector <> - format: event config:0-7 mask:0-7
191 [22950562490048] INFO perfrun.perfcollector <> - format: filter_link config1:6-8 mask:6-8
191 [22950562490048] INFO perfrun.perfcollector <> - format: filter_c6 config1:61 mask:61
191 [22950562490048] INFO perfrun.perfcollector <> - format: edge config:18 mask:18
191 [22950562490048] INFO perfrun.perfcollector <> - format: filter_isoc config1:63 mask:63
191 [22950562490048] INFO perfrun.perfcollector <> - format: filter_tid config1:0-5 mask:0-5
192 [22950562490048] INFO perfrun.perfcollector <> - format: filter_nid config1:32-47 mask:32-47
192 [22950562490048] INFO perfrun.perfcollector <> - format: filter_nc config1:62 mask:62
192 [22950562490048] INFO perfrun.perfcollector <> - format: umask config:8-15 mask:8-15
192 [22950562490048] INFO perfrun.perfcollector <> - format: tid_en config:19 mask:19
192 [22950562490048] INFO perfrun.perfcollector <> - format: thresh config:24-31 mask:24-31
192 [22950562490048] INFO perfrun.perfcollector <> - format: filter_state config1:17-23 mask:17-23
193 [22950562490048] INFO perfrun.perfcollector <> - format: filter_opc config1:52-60 mask:52-60
193 [22950562490048] INFO perfrun.perfcollector <> - hwInfo: PERF_CBOX_PMU_DETAILS
193 [22950562490048] INFO perfrun.perfcollector <> - pmu added: family: uncore_cbox, id: 4
193 [22950562490048] INFO perfrun.perfcollector <> - dir found: /sys/bus/event_source/devices/uprobe
193 [22950562490048] INFO perfrun.perfcollector <> - format: ref_ctr_offset config:32-63 mask:32-63
193 [22950562490048] INFO perfrun.perfcollector <> - format: retprobe config:0 mask:0
193 [22950562490048] INFO perfrun.perfcollector <> - hwInfo: not set, pmuFam: uprobe
193 [22950562490048] INFO perfrun.perfcollector <> - pmu added: family: uprobe, id: 0
193 [22950562490048] INFO perfrun.perfcollector <> - dir found: /sys/bus/event_source/devices/intel_bts
193 [22950562490048] INFO perfrun.perfcollector <> - format: pmu format subdir doesn't exist
193 [22950562490048] INFO perfrun.perfcollector <> - hwInfo: not set, pmuFam: intel_bts
194 [22950562490048] INFO perfrun.perfcollector <> - pmu added: family: intel_bts, id: 0
194 [22950562490048] INFO perfrun.perfcollector <> - dir found: /sys/bus/event_source/devices/cpu
194 [22950562490048] INFO perfrun.perfcollector <> - format: event config:0-7 mask:0-7
194 [22950562490048] INFO perfrun.perfcollector <> - format: pc config:19 mask:19
194 [22950562490048] INFO perfrun.perfcollector <> - format: in_tx config:32 mask:32
194 [22950562490048] INFO perfrun.perfcollector <> - format: edge config:18 mask:18
194 [22950562490048] INFO perfrun.perfcollector <> - format: any config:21 mask:21
195 [22950562490048] INFO perfrun.perfcollector <> - format: offcore_rsp config1:0-63 mask:0-63
195 [22950562490048] INFO perfrun.perfcollector <> - format: in_tx_cp config:33 mask:33
195 [22950562490048] INFO perfrun.perfcollector <> - format: ldlat config1:0-15 mask:0-15
195 [22950562490048] INFO perfrun.perfcollector <> - format: inv config:23 mask:23
195 [22950562490048] INFO perfrun.perfcollector <> - format: umask config:8-15 mask:8-15
195 [22950562490048] INFO perfrun.perfcollector <> - format: cmask config:24-31 mask:24-31
195 [22950562490048] INFO perfrun.perfcollector <> - hwInfo: PERF_CPU_PMU_DETAILS
195 [22950562490048] INFO perfrun.perfcollector <> - pmu added: family: cpu, id: 0
196 [22950562490048] INFO perfrun.perfcollector <> - dir found: /sys/bus/event_source/devices/uncore_r3qpi_0
196 [22950562490048] INFO perfrun.perfcollector <> - format: event config:0-7 mask:0-7
196 [22950562490048] INFO perfrun.perfcollector <> - format: edge config:18 mask:18
196 [22950562490048] INFO perfrun.perfcollector <> - format: inv config:23 mask:23
196 [22950562490048] INFO perfrun.perfcollector <> - format: umask config:8-15 mask:8-15
196 [22950562490048] INFO perfrun.perfcollector <> - format: thresh config:24-31 mask:24-31
196 [22950562490048] INFO perfrun.perfcollector <> - hwInfo: not set, pmuFam: uncore_r3qpi
196 [22950562490048] INFO perfrun.perfcollector <> - pmu added: family: uncore_r3qpi, id: 0
197 [22950562490048] INFO perfrun.perfcollector <> - dir found: /sys/bus/event_source/devices/cstate_core
197 [22950562490048] INFO perfrun.perfcollector <> - format: event config:0-63 mask:0-63
197 [22950562490048] INFO perfrun.perfcollector <> - hwInfo: not set, pmuFam: cstate_core
197 [22950562490048] INFO perfrun.perfcollector <> - pmu added: family: cstate_core, id: 0
197 [22950562490048] INFO perfrun.perfcollector <> - dir found: /sys/bus/event_source/devices/uncore_cbox_2
197 [22950562490048] INFO perfrun.perfcollector <> - format: event config:0-7 mask:0-7
198 [22950562490048] INFO perfrun.perfcollector <> - format: filter_link config1:6-8 mask:6-8
198 [22950562490048] INFO perfrun.perfcollector <> - format: filter_c6 config1:61 mask:61
198 [22950562490048] INFO perfrun.perfcollector <> - format: edge config:18 mask:18
198 [22950562490048] INFO perfrun.perfcollector <> - format: filter_isoc config1:63 mask:63
198 [22950562490048] INFO perfrun.perfcollector <> - format: filter_tid config1:0-5 mask:0-5
198 [22950562490048] INFO perfrun.perfcollector <> - format: filter_nid config1:32-47 mask:32-47
198 [22950562490048] INFO perfrun.perfcollector <> - format: filter_nc config1:62 mask:62
198 [22950562490048] INFO perfrun.perfcollector <> - format: umask config:8-15 mask:8-15
198 [22950562490048] INFO perfrun.perfcollector <> - format: tid_en config:19 mask:19
199 [22950562490048] INFO perfrun.perfcollector <> - format: thresh config:24-31 mask:24-31
199 [22950562490048] INFO perfrun.perfcollector <> - format: filter_state config1:17-23 mask:17-23
199 [22950562490048] INFO perfrun.perfcollector <> - format: filter_opc config1:52-60 mask:52-60
199 [22950562490048] INFO perfrun.perfcollector <> - hwInfo: PERF_CBOX_PMU_DETAILS
199 [22950562490048] INFO perfrun.perfcollector <> - pmu added: family: uncore_cbox, id: 2
199 [22950562490048] INFO perfrun.perfcollector <> - dir found: /sys/bus/event_source/devices/breakpoint
199 [22950562490048] INFO perfrun.perfcollector <> - format: pmu format subdir doesn't exist
199 [22950562490048] INFO perfrun.perfcollector <> - hwInfo: not set, pmuFam: breakpoint
199 [22950562490048] INFO perfrun.perfcollector <> - pmu added: family: breakpoint, id: 0
199 [22950562490048] INFO perfrun.perfcollector <> - dir found: /sys/bus/event_source/devices/uncore_ha_0
200 [22950562490048] INFO perfrun.perfcollector <> - format: event config:0-7 mask:0-7
200 [22950562490048] INFO perfrun.perfcollector <> - format: edge config:18 mask:18
200 [22950562490048] INFO perfrun.perfcollector <> - format: inv config:23 mask:23
200 [22950562490048] INFO perfrun.perfcollector <> - format: umask config:8-15 mask:8-15
200 [22950562490048] INFO perfrun.perfcollector <> - format: thresh config:24-31 mask:24-31
200 [22950562490048] INFO perfrun.perfcollector <> - hwInfo: not set, pmuFam: uncore_ha
200 [22950562490048] INFO perfrun.perfcollector <> - pmu added: family: uncore_ha, id: 0
200 [22950562490048] INFO perfrun.perfcollector <> - dir found: /sys/bus/event_source/devices/uncore_cbox_0
201 [22950562490048] INFO perfrun.perfcollector <> - format: event config:0-7 mask:0-7
201 [22950562490048] INFO perfrun.perfcollector <> - format: filter_link config1:6-8 mask:6-8
201 [22950562490048] INFO perfrun.perfcollector <> - format: filter_c6 config1:61 mask:61
201 [22950562490048] INFO perfrun.perfcollector <> - format: edge config:18 mask:18
201 [22950562490048] INFO perfrun.perfcollector <> - format: filter_isoc config1:63 mask:63
201 [22950562490048] INFO perfrun.perfcollector <> - format: filter_tid config1:0-5 mask:0-5
201 [22950562490048] INFO perfrun.perfcollector <> - format: filter_nid config1:32-47 mask:32-47
202 [22950562490048] INFO perfrun.perfcollector <> - format: filter_nc config1:62 mask:62
202 [22950562490048] INFO perfrun.perfcollector <> - format: umask config:8-15 mask:8-15
202 [22950562490048] INFO perfrun.perfcollector <> - format: tid_en config:19 mask:19
202 [22950562490048] INFO perfrun.perfcollector <> - format: thresh config:24-31 mask:24-31
202 [22950562490048] INFO perfrun.perfcollector <> - format: filter_state config1:17-23 mask:17-23
202 [22950562490048] INFO perfrun.perfcollector <> - format: filter_opc config1:52-60 mask:52-60
202 [22950562490048] INFO perfrun.perfcollector <> - hwInfo: PERF_CBOX_PMU_DETAILS
202 [22950562490048] INFO perfrun.perfcollector <> - pmu added: family: uncore_cbox, id: 0
202 [22950562490048] INFO perfrun.perfcollector <> - dir found: /sys/bus/event_source/devices/tracepoint
202 [22950562490048] INFO perfrun.perfcollector <> - format: pmu format subdir doesn't exist
202 [22950562490048] INFO perfrun.perfcollector <> - hwInfo: not set, pmuFam: tracepoint
203 [22950562490048] INFO perfrun.perfcollector <> - pmu added: family: tracepoint, id: 0
203 [22950562490048] INFO perfrun.perfcollector <> - dir found: /sys/bus/event_source/devices/uncore_sbox_3
203 [22950562490048] INFO perfrun.perfcollector <> - format: event config:0-7 mask:0-7
203 [22950562490048] INFO perfrun.perfcollector <> - format: edge config:18 mask:18
203 [22950562490048] INFO perfrun.perfcollector <> - format: inv config:23 mask:23
203 [22950562490048] INFO perfrun.perfcollector <> - format: umask config:8-15 mask:8-15
203 [22950562490048] INFO perfrun.perfcollector <> - format: tid_en config:19 mask:19
204 [22950562490048] INFO perfrun.perfcollector <> - format: thresh config:24-31 mask:24-31
204 [22950562490048] INFO perfrun.perfcollector <> - hwInfo: not set, pmuFam: uncore_sbox
204 [22950562490048] INFO perfrun.perfcollector <> - pmu added: family: uncore_sbox, id: 3
204 [22950562490048] INFO perfrun.perfcollector <> - dir found: /sys/bus/event_source/devices/uncore_cbox_9
204 [22950562490048] INFO perfrun.perfcollector <> - format: event config:0-7 mask:0-7
204 [22950562490048] INFO perfrun.perfcollector <> - format: filter_link config1:6-8 mask:6-8
204 [22950562490048] INFO perfrun.perfcollector <> - format: filter_c6 config1:61 mask:61
205 [22950562490048] INFO perfrun.perfcollector <> - format: edge config:18 mask:18
205 [22950562490048] INFO perfrun.perfcollector <> - format: filter_isoc config1:63 mask:63
205 [22950562490048] INFO perfrun.perfcollector <> - format: filter_tid config1:0-5 mask:0-5
205 [22950562490048] INFO perfrun.perfcollector <> - format: filter_nid config1:32-47 mask:32-47
205 [22950562490048] INFO perfrun.perfcollector <> - format: filter_nc config1:62 mask:62
205 [22950562490048] INFO perfrun.perfcollector <> - format: umask config:8-15 mask:8-15
205 [22950562490048] INFO perfrun.perfcollector <> - format: tid_en config:19 mask:19
205 [22950562490048] INFO perfrun.perfcollector <> - format: thresh config:24-31 mask:24-31
205 [22950562490048] INFO perfrun.perfcollector <> - format: filter_state config1:17-23 mask:17-23
205 [22950562490048] INFO perfrun.perfcollector <> - format: filter_opc config1:52-60 mask:52-60
205 [22950562490048] INFO perfrun.perfcollector <> - hwInfo: PERF_CBOX_PMU_DETAILS
206 [22950562490048] INFO perfrun.perfcollector <> - pmu added: family: uncore_cbox, id: 9
206 [22950562490048] INFO perfrun.perfcollector <> - dir found: /sys/bus/event_source/devices/cstate_pkg
206 [22950562490048] INFO perfrun.perfcollector <> - format: event config:0-63 mask:0-63
206 [22950562490048] INFO perfrun.perfcollector <> - hwInfo: not set, pmuFam: cstate_pkg
206 [22950562490048] INFO perfrun.perfcollector <> - pmu added: family: cstate_pkg, id: 0
206 [22950562490048] INFO perfrun.perfcollector <> - dir found: /sys/bus/event_source/devices/uncore_imc_4
206 [22950562490048] INFO perfrun.perfcollector <> - format: event config:0-7 mask:0-7
207 [22950562490048] INFO perfrun.perfcollector <> - format: edge config:18 mask:18
207 [22950562490048] INFO perfrun.perfcollector <> - format: inv config:23 mask:23
207 [22950562490048] INFO perfrun.perfcollector <> - format: umask config:8-15 mask:8-15
207 [22950562490048] INFO perfrun.perfcollector <> - format: thresh config:24-31 mask:24-31
207 [22950562490048] INFO perfrun.perfcollector <> - hwInfo: PERF_IMC_PMU_DETAILS
207 [22950562490048] INFO perfrun.perfcollector <> - pmu added: family: uncore_imc, id: 4
207 [22950562490048] INFO perfrun.perfcollector <> - dir found: /sys/bus/event_source/devices/uncore_ubox
207 [22950562490048] INFO perfrun.perfcollector <> - format: event config:0-7 mask:0-7
207 [22950562490048] INFO perfrun.perfcollector <> - format: edge config:18 mask:18
207 [22950562490048] INFO perfrun.perfcollector <> - format: inv config:23 mask:23
207 [22950562490048] INFO perfrun.perfcollector <> - format: umask config:8-15 mask:8-15
207 [22950562490048] INFO perfrun.perfcollector <> - format: thresh config:24-28 mask:24-28
208 [22950562490048] INFO perfrun.perfcollector <> - hwInfo: not set, pmuFam: uncore_ubox
208 [22950562490048] INFO perfrun.perfcollector <> - pmu added: family: uncore_ubox, id: 0
208 [22950562490048] INFO perfrun.perfcollector <> - dir found: /sys/bus/event_source/devices/uncore_sbox_1
208 [22950562490048] INFO perfrun.perfcollector <> - format: event config:0-7 mask:0-7
208 [22950562490048] INFO perfrun.perfcollector <> - format: edge config:18 mask:18
208 [22950562490048] INFO perfrun.perfcollector <> - format: inv config:23 mask:23
208 [22950562490048] INFO perfrun.perfcollector <> - format: umask config:8-15 mask:8-15
208 [22950562490048] INFO perfrun.perfcollector <> - format: tid_en config:19 mask:19
208 [22950562490048] INFO perfrun.perfcollector <> - format: thresh config:24-31 mask:24-31
208 [22950562490048] INFO perfrun.perfcollector <> - hwInfo: not set, pmuFam: uncore_sbox
208 [22950562490048] INFO perfrun.perfcollector <> - pmu added: family: uncore_sbox, id: 1
208 [22950562490048] INFO perfrun.perfcollector <> - dir found: /sys/bus/event_source/devices/uncore_cbox_7
208 [22950562490048] INFO perfrun.perfcollector <> - format: event config:0-7 mask:0-7
208 [22950562490048] INFO perfrun.perfcollector <> - format: filter_link config1:6-8 mask:6-8
209 [22950562490048] INFO perfrun.perfcollector <> - format: filter_c6 config1:61 mask:61
209 [22950562490048] INFO perfrun.perfcollector <> - format: edge config:18 mask:18
209 [22950562490048] INFO perfrun.perfcollector <> - format: filter_isoc config1:63 mask:63
209 [22950562490048] INFO perfrun.perfcollector <> - format: filter_tid config1:0-5 mask:0-5
209 [22950562490048] INFO perfrun.perfcollector <> - format: filter_nid config1:32-47 mask:32-47
209 [22950562490048] INFO perfrun.perfcollector <> - format: filter_nc config1:62 mask:62
209 [22950562490048] INFO perfrun.perfcollector <> - format: umask config:8-15 mask:8-15
209 [22950562490048] INFO perfrun.perfcollector <> - format: tid_en config:19 mask:19
209 [22950562490048] INFO perfrun.perfcollector <> - format: thresh config:24-31 mask:24-31
209 [22950562490048] INFO perfrun.perfcollector <> - format: filter_state config1:17-23 mask:17-23
210 [22950562490048] INFO perfrun.perfcollector <> - format: filter_opc config1:52-60 mask:52-60
210 [22950562490048] INFO perfrun.perfcollector <> - hwInfo: PERF_CBOX_PMU_DETAILS
210 [22950562490048] INFO perfrun.perfcollector <> - pmu added: family: uncore_cbox, id: 7
210 [22950562490048] INFO perfrun.perfcollector <> - dir found: /sys/bus/event_source/devices/uncore_cbox_12
210 [22950562490048] INFO perfrun.perfcollector <> - format: event config:0-7 mask:0-7
210 [22950562490048] INFO perfrun.perfcollector <> - format: filter_link config1:6-8 mask:6-8
210 [22950562490048] INFO perfrun.perfcollector <> - format: filter_c6 config1:61 mask:61
210 [22950562490048] INFO perfrun.perfcollector <> - format: edge config:18 mask:18
210 [22950562490048] INFO perfrun.perfcollector <> - format: filter_isoc config1:63 mask:63
210 [22950562490048] INFO perfrun.perfcollector <> - format: filter_tid config1:0-5 mask:0-5
211 [22950562490048] INFO perfrun.perfcollector <> - format: filter_nid config1:32-47 mask:32-47
211 [22950562490048] INFO perfrun.perfcollector <> - format: filter_nc config1:62 mask:62
211 [22950562490048] INFO perfrun.perfcollector <> - format: umask config:8-15 mask:8-15
211 [22950562490048] INFO perfrun.perfcollector <> - format: tid_en config:19 mask:19
211 [22950562490048] INFO perfrun.perfcollector <> - format: thresh config:24-31 mask:24-31
211 [22950562490048] INFO perfrun.perfcollector <> - format: filter_state config1:17-23 mask:17-23
211 [22950562490048] INFO perfrun.perfcollector <> - format: filter_opc config1:52-60 mask:52-60
211 [22950562490048] INFO perfrun.perfcollector <> - hwInfo: PERF_CBOX_PMU_DETAILS
211 [22950562490048] INFO perfrun.perfcollector <> - pmu added: family: uncore_cbox, id: 12
211 [22950562490048] INFO perfrun.perfcollector <> - dir found: /sys/bus/event_source/devices/kprobe
211 [22950562490048] INFO perfrun.perfcollector <> - format: retprobe config:0 mask:0
211 [22950562490048] INFO perfrun.perfcollector <> - hwInfo: not set, pmuFam: kprobe
212 [22950562490048] INFO perfrun.perfcollector <> - pmu added: family: kprobe, id: 0
212 [22950562490048] INFO perfrun.perfcollector <> - dir found: /sys/bus/event_source/devices/uncore_qpi_0
212 [22950562490048] INFO perfrun.perfcollector <> - format: mask_rnid4 config2:31 mask:31
212 [22950562490048] INFO perfrun.perfcollector <> - format: mask_rnid30 config2:32-35 mask:32-35
212 [22950562490048] INFO perfrun.perfcollector <> - format: match_rnid30 config1:32-35 mask:32-35
212 [22950562490048] INFO perfrun.perfcollector <> - format: event config:0-7,21 mask:0-7,21
212 [22950562490048] INFO perfrun.perfcollector <> - format: match0 config1:0-31 mask:0-31
212 [22950562490048] INFO perfrun.perfcollector <> - format: match_rds config1:48-51 mask:48-51
212 [22950562490048] INFO perfrun.perfcollector <> - format: mask_rds config2:48-51 mask:48-51
212 [22950562490048] INFO perfrun.perfcollector <> - format: edge config:18 mask:18
212 [22950562490048] INFO perfrun.perfcollector <> - format: mask1 config2:32-63 mask:32-63
213 [22950562490048] INFO perfrun.perfcollector <> - format: match_dnid config1:13-17 mask:13-17
213 [22950562490048] INFO perfrun.perfcollector <> - format: mask_dnid config2:13-17 mask:13-17
213 [22950562490048] INFO perfrun.perfcollector <> - format: match_vnw config1:3-4 mask:3-4
213 [22950562490048] INFO perfrun.perfcollector <> - format: mask_vnw config2:3-4 mask:3-4
213 [22950562490048] INFO perfrun.perfcollector <> - format: mask_mc config2:9-12 mask:9-12
213 [22950562490048] INFO perfrun.perfcollector <> - format: match1 config1:32-63 mask:32-63
213 [22950562490048] INFO perfrun.perfcollector <> - format: inv config:23 mask:23
213 [22950562490048] INFO perfrun.perfcollector <> - format: umask config:8-15 mask:8-15
213 [22950562490048] INFO perfrun.perfcollector <> - format: match_opc config1:5-8 mask:5-8
213 [22950562490048] INFO perfrun.perfcollector <> - format: mask_opc config2:5-8 mask:5-8
213 [22950562490048] INFO perfrun.perfcollector <> - format: thresh config:24-31 mask:24-31
214 [22950562490048] INFO perfrun.perfcollector <> - format: match_rnid4 config1:31 mask:31
214 [22950562490048] INFO perfrun.perfcollector <> - format: mask0 config2:0-31 mask:0-31
214 [22950562490048] INFO perfrun.perfcollector <> - format: match_mc config1:9-12 mask:9-12
214 [22950562490048] INFO perfrun.perfcollector <> - hwInfo: PERF_QPI_PMU_DETAILS
214 [22950562490048] INFO perfrun.perfcollector <> - pmu added: family: uncore_qpi, id: 0
214 [22950562490048] INFO perfrun.perfcollector <> - dir found: /sys/bus/event_source/devices/uncore_cbox_5
215 [22950562490048] INFO perfrun.perfcollector <> - format: event config:0-7 mask:0-7
215 [22950562490048] INFO perfrun.perfcollector <> - format: filter_link config1:6-8 mask:6-8
215 [22950562490048] INFO perfrun.perfcollector <> - format: filter_c6 config1:61 mask:61
215 [22950562490048] INFO perfrun.perfcollector <> - format: edge config:18 mask:18
215 [22950562490048] INFO perfrun.perfcollector <> - format: filter_isoc config1:63 mask:63
215 [22950562490048] INFO perfrun.perfcollector <> - format: filter_tid config1:0-5 mask:0-5
215 [22950562490048] INFO perfrun.perfcollector <> - format: filter_nid config1:32-47 mask:32-47
216 [22950562490048] INFO perfrun.perfcollector <> - format: filter_nc config1:62 mask:62
216 [22950562490048] INFO perfrun.perfcollector <> - format: umask config:8-15 mask:8-15
216 [22950562490048] INFO perfrun.perfcollector <> - format: tid_en config:19 mask:19
216 [22950562490048] INFO perfrun.perfcollector <> - format: thresh config:24-31 mask:24-31
216 [22950562490048] INFO perfrun.perfcollector <> - format: filter_state config1:17-23 mask:17-23
216 [22950562490048] INFO perfrun.perfcollector <> - format: filter_opc config1:52-60 mask:52-60
216 [22950562490048] INFO perfrun.perfcollector <> - hwInfo: PERF_CBOX_PMU_DETAILS
217 [22950562490048] INFO perfrun.perfcollector <> - pmu added: family: uncore_cbox, id: 5
217 [22950562490048] INFO perfrun.perfcollector <> - dir found: /sys/bus/event_source/devices/uncore_imc_0
217 [22950562490048] INFO perfrun.perfcollector <> - format: event config:0-7 mask:0-7
217 [22950562490048] INFO perfrun.perfcollector <> - format: edge config:18 mask:18
217 [22950562490048] INFO perfrun.perfcollector <> - format: inv config:23 mask:23
217 [22950562490048] INFO perfrun.perfcollector <> - format: umask config:8-15 mask:8-15
218 [22950562490048] INFO perfrun.perfcollector <> - format: thresh config:24-31 mask:24-31
218 [22950562490048] INFO perfrun.perfcollector <> - hwInfo: PERF_IMC_PMU_DETAILS
218 [22950562490048] INFO perfrun.perfcollector <> - pmu added: family: uncore_imc, id: 0
218 [22950562490048] INFO perfrun.perfcollector <> - dir found: /sys/bus/event_source/devices/uncore_cbox_10
218 [22950562490048] INFO perfrun.perfcollector <> - format: event config:0-7 mask:0-7
218 [22950562490048] INFO perfrun.perfcollector <> - format: filter_link config1:6-8 mask:6-8
219 [22950562490048] INFO perfrun.perfcollector <> - format: filter_c6 config1:61 mask:61
219 [22950562490048] INFO perfrun.perfcollector <> - format: edge config:18 mask:18
219 [22950562490048] INFO perfrun.perfcollector <> - format: filter_isoc config1:63 mask:63
219 [22950562490048] INFO perfrun.perfcollector <> - format: filter_tid config1:0-5 mask:0-5
219 [22950562490048] INFO perfrun.perfcollector <> - format: filter_nid config1:32-47 mask:32-47
219 [22950562490048] INFO perfrun.perfcollector <> - format: filter_nc config1:62 mask:62
220 [22950562490048] INFO perfrun.perfcollector <> - format: umask config:8-15 mask:8-15
220 [22950562490048] INFO perfrun.perfcollector <> - format: tid_en config:19 mask:19
220 [22950562490048] INFO perfrun.perfcollector <> - format: thresh config:24-31 mask:24-31
220 [22950562490048] INFO perfrun.perfcollector <> - format: filter_state config1:17-23 mask:17-23
220 [22950562490048] INFO perfrun.perfcollector <> - format: filter_opc config1:52-60 mask:52-60
220 [22950562490048] INFO perfrun.perfcollector <> - hwInfo: PERF_CBOX_PMU_DETAILS
220 [22950562490048] INFO perfrun.perfcollector <> - pmu added: family: uncore_cbox, id: 10
220 [22950562490048] INFO perfrun.perfcollector <> - dir found: /sys/bus/event_source/devices/uncore_pcu
221 [22950562490048] INFO perfrun.perfcollector <> - format: filter_band2 config1:16-23 mask:16-23
221 [22950562490048] INFO perfrun.perfcollector <> - format: event config:0-7 mask:0-7
221 [22950562490048] INFO perfrun.perfcollector <> - format: filter_band0 config1:0-7 mask:0-7
221 [22950562490048] INFO perfrun.perfcollector <> - format: edge config:18 mask:18
221 [22950562490048] INFO perfrun.perfcollector <> - format: occ_invert config:30 mask:30
221 [22950562490048] INFO perfrun.perfcollector <> - format: occ_edge config:14-51 mask:14-51
222 [22950562490048] INFO perfrun.perfcollector <> - format: filter_band3 config1:24-31 mask:24-31
222 [22950562490048] INFO perfrun.perfcollector <> - format: filter_band1 config1:8-15 mask:8-15
222 [22950562490048] INFO perfrun.perfcollector <> - format: inv config:23 mask:23
222 [22950562490048] INFO perfrun.perfcollector <> - format: thresh config:24-28 mask:24-28
222 [22950562490048] INFO perfrun.perfcollector <> - format: occ_sel config:14-15 mask:14-15
222 [22950562490048] INFO perfrun.perfcollector <> - hwInfo: not set, pmuFam: uncore_pcu
222 [22950562490048] INFO perfrun.perfcollector <> - pmu added: family: uncore_pcu, id: 0
222 [22950562490048] INFO perfrun.perfcollector <> - dir found: /sys/bus/event_source/devices/uncore_r3qpi_1
222 [22950562490048] INFO perfrun.perfcollector <> - format: event config:0-7 mask:0-7
223 [22950562490048] INFO perfrun.perfcollector <> - format: edge config:18 mask:18
223 [22950562490048] INFO perfrun.perfcollector <> - format: inv config:23 mask:23
223 [22950562490048] INFO perfrun.perfcollector <> - format: umask config:8-15 mask:8-15
223 [22950562490048] INFO perfrun.perfcollector <> - format: thresh config:24-31 mask:24-31
223 [22950562490048] INFO perfrun.perfcollector <> - hwInfo: not set, pmuFam: uncore_r3qpi
223 [22950562490048] INFO perfrun.perfcollector <> - pmu added: family: uncore_r3qpi, id: 1
223 [22950562490048] INFO perfrun.perfcollector <> - dir found: /sys/bus/event_source/devices/msr
224 [22950562490048] INFO perfrun.perfcollector <> - format: event config:0-63 mask:0-63
224 [22950562490048] INFO perfrun.perfcollector <> - hwInfo: not set, pmuFam: msr
224 [22950562490048] INFO perfrun.perfcollector <> - pmu added: family: msr, id: 0
224 [22950562490048] INFO perfrun.perfcollector <> - dir found: /sys/bus/event_source/devices/uncore_cbox_3
224 [22950562490048] INFO perfrun.perfcollector <> - format: event config:0-7 mask:0-7
224 [22950562490048] INFO perfrun.perfcollector <> - format: filter_link config1:6-8 mask:6-8
224 [22950562490048] INFO perfrun.perfcollector <> - format: filter_c6 config1:61 mask:61
224 [22950562490048] INFO perfrun.perfcollector <> - format: edge config:18 mask:18
224 [22950562490048] INFO perfrun.perfcollector <> - format: filter_isoc config1:63 mask:63
224 [22950562490048] INFO perfrun.perfcollector <> - format: filter_tid config1:0-5 mask:0-5
225 [22950562490048] INFO perfrun.perfcollector <> - format: filter_nid config1:32-47 mask:32-47
225 [22950562490048] INFO perfrun.perfcollector <> - format: filter_nc config1:62 mask:62
225 [22950562490048] INFO perfrun.perfcollector <> - format: umask config:8-15 mask:8-15
225 [22950562490048] INFO perfrun.perfcollector <> - format: tid_en config:19 mask:19
225 [22950562490048] INFO perfrun.perfcollector <> - format: thresh config:24-31 mask:24-31
225 [22950562490048] INFO perfrun.perfcollector <> - format: filter_state config1:17-23 mask:17-23
225 [22950562490048] INFO perfrun.perfcollector <> - format: filter_opc config1:52-60 mask:52-60
225 [22950562490048] INFO perfrun.perfcollector <> - hwInfo: PERF_CBOX_PMU_DETAILS
225 [22950562490048] INFO perfrun.perfcollector <> - pmu added: family: uncore_cbox, id: 3
225 [22950562490048] INFO perfrun.perfcollector <> - dir found: /sys/bus/event_source/devices/intel_pt
225 [22950562490048] INFO perfrun.perfcollector <> - format: ptw config:12 mask:12
225 [22950562490048] INFO perfrun.perfcollector <> - format: event config:31 mask:31
226 [22950562490048] INFO perfrun.perfcollector <> - format: cyc_thresh config:19-22 mask:19-22
226 [22950562490048] INFO perfrun.perfcollector <> - format: pt config:0 mask:0
226 [22950562490048] INFO perfrun.perfcollector <> - format: notnt config:55 mask:55
226 [22950562490048] INFO perfrun.perfcollector <> - format: branch config:13 mask:13
226 [22950562490048] INFO perfrun.perfcollector <> - format: tsc config:10 mask:10
226 [22950562490048] INFO perfrun.perfcollector <> - format: pwr_evt config:4 mask:4
226 [22950562490048] INFO perfrun.perfcollector <> - format: fup_on_ptw config:5 mask:5
226 [22950562490048] INFO perfrun.perfcollector <> - format: cyc config:1 mask:1
226 [22950562490048] INFO perfrun.perfcollector <> - format: noretcomp config:11 mask:11
226 [22950562490048] INFO perfrun.perfcollector <> - format: mtc config:9 mask:9
226 [22950562490048] INFO perfrun.perfcollector <> - format: psb_period config:24-27 mask:24-27
226 [22950562490048] INFO perfrun.perfcollector <> - format: mtc_period config:14-17 mask:14-17
226 [22950562490048] INFO perfrun.perfcollector <> - hwInfo: not set, pmuFam: intel_pt
227 [22950562490048] INFO perfrun.perfcollector <> - pmu added: family: intel_pt, id: 0
227 [22950562490048] INFO perfrun.perfcollector <> - dir found: /sys/bus/event_source/devices/uncore_ha_1
227 [22950562490048] INFO perfrun.perfcollector <> - format: event config:0-7 mask:0-7
227 [22950562490048] INFO perfrun.perfcollector <> - format: edge config:18 mask:18
227 [22950562490048] INFO perfrun.perfcollector <> - format: inv config:23 mask:23
227 [22950562490048] INFO perfrun.perfcollector <> - format: umask config:8-15 mask:8-15
227 [22950562490048] INFO perfrun.perfcollector <> - format: thresh config:24-31 mask:24-31
227 [22950562490048] INFO perfrun.perfcollector <> - hwInfo: not set, pmuFam: uncore_ha
227 [22950562490048] INFO perfrun.perfcollector <> - pmu added: family: uncore_ha, id: 1
227 [22950562490048] INFO perfrun.perfcollector <> - dir found: /sys/bus/event_source/devices/uncore_cbox_1
227 [22950562490048] INFO perfrun.perfcollector <> - format: event config:0-7 mask:0-7
227 [22950562490048] INFO perfrun.perfcollector <> - format: filter_link config1:6-8 mask:6-8
227 [22950562490048] INFO perfrun.perfcollector <> - format: filter_c6 config1:61 mask:61
228 [22950562490048] INFO perfrun.perfcollector <> - format: edge config:18 mask:18
228 [22950562490048] INFO perfrun.perfcollector <> - format: filter_isoc config1:63 mask:63
228 [22950562490048] INFO perfrun.perfcollector <> - format: filter_tid config1:0-5 mask:0-5
228 [22950562490048] INFO perfrun.perfcollector <> - format: filter_nid config1:32-47 mask:32-47
228 [22950562490048] INFO perfrun.perfcollector <> - format: filter_nc config1:62 mask:62
228 [22950562490048] INFO perfrun.perfcollector <> - format: umask config:8-15 mask:8-15
228 [22950562490048] INFO perfrun.perfcollector <> - format: tid_en config:19 mask:19
228 [22950562490048] INFO perfrun.perfcollector <> - format: thresh config:24-31 mask:24-31
228 [22950562490048] INFO perfrun.perfcollector <> - format: filter_state config1:17-23 mask:17-23
228 [22950562490048] INFO perfrun.perfcollector <> - format: filter_opc config1:52-60 mask:52-60
228 [22950562490048] INFO perfrun.perfcollector <> - hwInfo: PERF_CBOX_PMU_DETAILS
228 [22950562490048] INFO perfrun.perfcollector <> - pmu added: family: uncore_cbox, id: 1
228 [22950562490048] INFO perfrun.sdk <> - runCmd: /opt/intel/oneapi/vtune/2023.1.0/bin64/sep -dry-run -sam 1 -ec CPU_CLK_UNHALTED.THREAD,CPU_CLK_UNHALTED.REF_TSC:sample:sa=2400000,INST_RETIRED.ANY:sample:sa=2400000,CPU_CLK_UNHALTED.REF_XCLK,CPU_CLK_UNHALTED.ONE_THREAD_ACTIVE,FP_ARITH_INST_RETIRED.SCALAR_SINGLE,FP_ARITH_INST_RETIRED.128B_PACKED_SINGLE,FP_ARITH_INST_RETIRED.256B_PACKED_SINGLE,FP_ARITH_INST_RETIRED.SCALAR_DOUBLE,FP_ARITH_INST_RETIRED.128B_PACKED_DOUBLE,FP_ARITH_INST_RETIRED.256B_PACKED_DOUBLE,INST_RETIRED.X87,UOPS_RETIRED.RETIRE_SLOTS:sample:sa=2000003 -experimental
229 [22950562490048] INFO perfrun.sdk <> - runCmd started PID 2284345
276 [22950562490048] INFO perfrun.perfcollector <> - SepDryRun RC = true
279 [22950562490048] INFO perfrun.perfcollector <> - DRY_RUN: "PMU type: Core (core)"
279 [22950562490048] INFO perfrun.perfcollector <> - pmu type: cpu
279 [22950562490048] INFO perfrun.perfcollector <> - DRY_RUN: "Group 0:"
279 [22950562490048] INFO perfrun.perfcollector <> - id: 0
279 [22950562490048] INFO perfrun.perfcollector <> - DRY_RUN: "INST_RETIRED.ANY: event id 2"
279 [22950562490048] INFO perfrun.perfcollector <> - eventName: INST_RETIRED.ANY, eventId: 2
279 [22950562490048] INFO perfrun.perfcollector <> - DRY_RUN: "CPU_CLK_UNHALTED.THREAD: event id 0"
279 [22950562490048] INFO perfrun.perfcollector <> - eventName: CPU_CLK_UNHALTED.THREAD, eventId: 0
279 [22950562490048] INFO perfrun.perfcollector <> - DRY_RUN: "CPU_CLK_UNHALTED.REF_TSC: event id 1"
279 [22950562490048] INFO perfrun.perfcollector <> - eventName: CPU_CLK_UNHALTED.REF_TSC, eventId: 1
279 [22950562490048] INFO perfrun.perfcollector <> - DRY_RUN: "FP_ARITH_INST_RETIRED.SCALAR_SINGLE: event id 5"
279 [22950562490048] INFO perfrun.perfcollector <> - eventName: FP_ARITH_INST_RETIRED.SCALAR_SINGLE, eventId: 5
279 [22950562490048] INFO perfrun.perfcollector <> - DRY_RUN: "FP_ARITH_INST_RETIRED.128B_PACKED_SINGLE: event id 6"
279 [22950562490048] INFO perfrun.perfcollector <> - eventName: FP_ARITH_INST_RETIRED.128B_PACKED_SINGLE, eventId: 6
279 [22950562490048] INFO perfrun.perfcollector <> - DRY_RUN: "FP_ARITH_INST_RETIRED.256B_PACKED_SINGLE: event id 7"
279 [22950562490048] INFO perfrun.perfcollector <> - eventName: FP_ARITH_INST_RETIRED.256B_PACKED_SINGLE, eventId: 7
279 [22950562490048] INFO perfrun.perfcollector <> - DRY_RUN: "FP_ARITH_INST_RETIRED.SCALAR_DOUBLE: event id 8"
279 [22950562490048] INFO perfrun.perfcollector <> - eventName: FP_ARITH_INST_RETIRED.SCALAR_DOUBLE, eventId: 8
279 [22950562490048] INFO perfrun.perfcollector <> - DRY_RUN: "CPU_CLK_UNHALTED.REF_XCLK: event id 3"
279 [22950562490048] INFO perfrun.perfcollector <> - eventName: CPU_CLK_UNHALTED.REF_XCLK, eventId: 3
279 [22950562490048] INFO perfrun.perfcollector <> - DRY_RUN: "CPU_CLK_UNHALTED.ONE_THREAD_ACTIVE: event id 4"
279 [22950562490048] INFO perfrun.perfcollector <> - eventName: CPU_CLK_UNHALTED.ONE_THREAD_ACTIVE, eventId: 4
279 [22950562490048] INFO perfrun.perfcollector <> - DRY_RUN: "INST_RETIRED.X87: event id 11"
279 [22950562490048] INFO perfrun.perfcollector <> - eventName: INST_RETIRED.X87, eventId: 11
279 [22950562490048] INFO perfrun.perfcollector <> - DRY_RUN: "UOPS_RETIRED.RETIRE_SLOTS: event id 12"
279 [22950562490048] INFO perfrun.perfcollector <> - eventName: UOPS_RETIRED.RETIRE_SLOTS, eventId: 12
279 [22950562490048] INFO perfrun.perfcollector <> - DRY_RUN: "CCCR"
279 [22950562490048] INFO perfrun.perfcollector <> - DRY_RUN: "reg_type       = 1	event_id       = g	reg_id         = 38f	reg_value      = 7000000ff"
279 [22950562490048] INFO perfrun.perfcollector <> - eventId: g, skip parsing event_id
279 [22950562490048] INFO perfrun.perfcollector <> - Register was ignored: group_id: 0, reg_type: 1, event_id: 4294967295, reg_id: 38f, reg_value: 7000000ff, pmu_name: cpu
279 [22950562490048] INFO perfrun.perfcollector <> - DRY_RUN: "reg_type       = 1	event_id       = g	reg_id         = 390	reg_value      = 7000000ff"
279 [22950562490048] INFO perfrun.perfcollector <> - eventId: g, skip parsing event_id
279 [22950562490048] INFO perfrun.perfcollector <> - Register was ignored: group_id: 0, reg_type: 1, event_id: 4294967295, reg_id: 390, reg_value: 7000000ff, pmu_name: cpu
279 [22950562490048] INFO perfrun.perfcollector <> - DRY_RUN: "reg_type       = 1	event_id       = g	reg_id         = 3f1	reg_value      = 0"
279 [22950562490048] INFO perfrun.perfcollector <> - eventId: g, skip parsing event_id
279 [22950562490048] INFO perfrun.perfcollector <> - Register was ignored: group_id: 0, reg_type: 1, event_id: 4294967295, reg_id: 3f1, reg_value: 0, pmu_name: cpu
279 [22950562490048] INFO perfrun.perfcollector <> - DRY_RUN: "reg_type       = 1	event_id       = g	reg_id         = 1d9	reg_value      = 1800"
279 [22950562490048] INFO perfrun.perfcollector <> - eventId: g, skip parsing event_id
279 [22950562490048] INFO perfrun.perfcollector <> - Register was ignored: group_id: 0, reg_type: 1, event_id: 4294967295, reg_id: 1d9, reg_value: 1800, pmu_name: cpu
279 [22950562490048] INFO perfrun.perfcollector <> - DRY_RUN: "reg_type       = 1	event_id       = g	reg_id         = 38d	reg_value      = bbb"
279 [22950562490048] INFO perfrun.perfcollector <> - eventId: g, skip parsing event_id
279 [22950562490048] INFO perfrun.perfcollector <> - Register was ignored: group_id: 0, reg_type: 1, event_id: 4294967295, reg_id: 38d, reg_value: bbb, pmu_name: cpu
279 [22950562490048] INFO perfrun.perfcollector <> - DRY_RUN: "reg_type       = 1	event_id       = 5	reg_id         = 186	reg_value      = 5302c7"
279 [22950562490048] INFO perfrun.perfcollector <> - Event selector: group_id: 0, reg_type: 1, event_id: 5, reg_id: 186, reg_value: 5302c7, pmu_name: cpu
279 [22950562490048] INFO perfrun.perfcollector <> - DRY_RUN: "reg_type       = 1	event_id       = 6	reg_id         = 187	reg_value      = 5308c7"
279 [22950562490048] INFO perfrun.perfcollector <> - Event selector: group_id: 0, reg_type: 1, event_id: 6, reg_id: 187, reg_value: 5308c7, pmu_name: cpu
279 [22950562490048] INFO perfrun.perfcollector <> - DRY_RUN: "reg_type       = 1	event_id       = 7	reg_id         = 188	reg_value      = 5320c7"
279 [22950562490048] INFO perfrun.perfcollector <> - Event selector: group_id: 0, reg_type: 1, event_id: 7, reg_id: 188, reg_value: 5320c7, pmu_name: cpu
279 [22950562490048] INFO perfrun.perfcollector <> - DRY_RUN: "reg_type       = 1	event_id       = 8	reg_id         = 189	reg_value      = 5301c7"
279 [22950562490048] INFO perfrun.perfcollector <> - Event selector: group_id: 0, reg_type: 1, event_id: 8, reg_id: 189, reg_value: 5301c7, pmu_name: cpu
279 [22950562490048] INFO perfrun.perfcollector <> - DRY_RUN: "reg_type       = 1	event_id       = 3	reg_id         = 18a	reg_value      = 53013c"
279 [22950562490048] INFO perfrun.perfcollector <> - Event selector: group_id: 0, reg_type: 1, event_id: 3, reg_id: 18a, reg_value: 53013c, pmu_name: cpu
279 [22950562490048] INFO perfrun.perfcollector <> - DRY_RUN: "reg_type       = 1	event_id       = 4	reg_id         = 18b	reg_value      = 53023c"
279 [22950562490048] INFO perfrun.perfcollector <> - Event selector: group_id: 0, reg_type: 1, event_id: 4, reg_id: 18b, reg_value: 53023c, pmu_name: cpu
279 [22950562490048] INFO perfrun.perfcollector <> - DRY_RUN: "reg_type       = 1	event_id       = 11	reg_id         = 18c	reg_value      = 5302c0"
279 [22950562490048] INFO perfrun.perfcollector <> - Event selector: group_id: 0, reg_type: 1, event_id: 11, reg_id: 18c, reg_value: 5302c0, pmu_name: cpu
279 [22950562490048] INFO perfrun.perfcollector <> - DRY_RUN: "reg_type       = 1	event_id       = 12	reg_id         = 18d	reg_value      = 5302c2"
279 [22950562490048] INFO perfrun.perfcollector <> - Event selector: group_id: 0, reg_type: 1, event_id: 12, reg_id: 18d, reg_value: 5302c2, pmu_name: cpu
279 [22950562490048] INFO perfrun.perfcollector <> - DRY_RUN: "ESCR"
279 [22950562490048] INFO perfrun.perfcollector <> - DRY_RUN: "reg_type       = 2	event_id       = g	reg_id         = 1c8	reg_value      = 0"
279 [22950562490048] INFO perfrun.perfcollector <> - eventId: g, skip parsing event_id
279 [22950562490048] INFO perfrun.perfcollector <> - DRY_RUN: "DATA"
279 [22950562490048] INFO perfrun.perfcollector <> - DRY_RUN: "reg_type       = 4	event_id       = 2	reg_id         = 309	reg_value      = ffffffdb6100"
279 [22950562490048] INFO perfrun.perfcollector <> - eventId: 2, dataAddr: 309, dataVal: ffffffdb6100
279 [22950562490048] INFO perfrun.perfcollector <> - DRY_RUN: "reg_type       = 4	event_id       = 0	reg_id         = 30a	reg_value      = ffffffe17b7d"
279 [22950562490048] INFO perfrun.perfcollector <> - eventId: 0, dataAddr: 30a, dataVal: ffffffe17b7d
279 [22950562490048] INFO perfrun.perfcollector <> - DRY_RUN: "reg_type       = 4	event_id       = 1	reg_id         = 30b	reg_value      = ffffffdb6100"
279 [22950562490048] INFO perfrun.perfcollector <> - eventId: 1, dataAddr: 30b, dataVal: ffffffdb6100
279 [22950562490048] INFO perfrun.perfcollector <> - DRY_RUN: "reg_type       = 4	event_id       = 5	reg_id         = c1	reg_value      = ffffffe17b7d"
279 [22950562490048] INFO perfrun.perfcollector <> - eventId: 5, dataAddr: c1, dataVal: ffffffe17b7d
279 [22950562490048] INFO perfrun.perfcollector <> - DRY_RUN: "reg_type       = 4	event_id       = 6	reg_id         = c2	reg_value      = ffffffe17b7d"
279 [22950562490048] INFO perfrun.perfcollector <> - eventId: 6, dataAddr: c2, dataVal: ffffffe17b7d
279 [22950562490048] INFO perfrun.perfcollector <> - DRY_RUN: "reg_type       = 4	event_id       = 7	reg_id         = c3	reg_value      = ffffffe17b7d"
280 [22950562490048] INFO perfrun.perfcollector <> - eventId: 7, dataAddr: c3, dataVal: ffffffe17b7d
280 [22950562490048] INFO perfrun.perfcollector <> - DRY_RUN: "reg_type       = 4	event_id       = 8	reg_id         = c4	reg_value      = ffffffe17b7d"
280 [22950562490048] INFO perfrun.perfcollector <> - eventId: 8, dataAddr: c4, dataVal: ffffffe17b7d
280 [22950562490048] INFO perfrun.perfcollector <> - DRY_RUN: "reg_type       = 4	event_id       = 3	reg_id         = c5	reg_value      = fffffffe795d"
280 [22950562490048] INFO perfrun.perfcollector <> - eventId: 3, dataAddr: c5, dataVal: fffffffe795d
280 [22950562490048] INFO perfrun.perfcollector <> - DRY_RUN: "reg_type       = 4	event_id       = 4	reg_id         = c6	reg_value      = fffffffe795d"
280 [22950562490048] INFO perfrun.perfcollector <> - eventId: 4, dataAddr: c6, dataVal: fffffffe795d
280 [22950562490048] INFO perfrun.perfcollector <> - DRY_RUN: "reg_type       = 4	event_id       = 11	reg_id         = c7	reg_value      = ffffffe17b7d"
280 [22950562490048] INFO perfrun.perfcollector <> - eventId: 11, dataAddr: c7, dataVal: ffffffe17b7d
280 [22950562490048] INFO perfrun.perfcollector <> - DRY_RUN: "reg_type       = 4	event_id       = 12	reg_id         = c8	reg_value      = ffffffe17b7d"
280 [22950562490048] INFO perfrun.perfcollector <> - eventId: 12, dataAddr: c8, dataVal: ffffffe17b7d
280 [22950562490048] INFO perfrun.perfcollector <> - DRY_RUN: "Group 1:"
280 [22950562490048] INFO perfrun.perfcollector <> - id: 1
280 [22950562490048] INFO perfrun.perfcollector <> - DRY_RUN: "INST_RETIRED.ANY: event id 2"
280 [22950562490048] INFO perfrun.perfcollector <> - eventName: INST_RETIRED.ANY, eventId: 2
280 [22950562490048] INFO perfrun.perfcollector <> - DRY_RUN: "CPU_CLK_UNHALTED.THREAD: event id 0"
280 [22950562490048] INFO perfrun.perfcollector <> - eventName: CPU_CLK_UNHALTED.THREAD, eventId: 0
280 [22950562490048] INFO perfrun.perfcollector <> - DRY_RUN: "CPU_CLK_UNHALTED.REF_TSC: event id 1"
280 [22950562490048] INFO perfrun.perfcollector <> - eventName: CPU_CLK_UNHALTED.REF_TSC, eventId: 1
280 [22950562490048] INFO perfrun.perfcollector <> - DRY_RUN: "FP_ARITH_INST_RETIRED.128B_PACKED_DOUBLE: event id 9"
280 [22950562490048] INFO perfrun.perfcollector <> - eventName: FP_ARITH_INST_RETIRED.128B_PACKED_DOUBLE, eventId: 9
280 [22950562490048] INFO perfrun.perfcollector <> - DRY_RUN: "FP_ARITH_INST_RETIRED.256B_PACKED_DOUBLE: event id 10"
280 [22950562490048] INFO perfrun.perfcollector <> - eventName: FP_ARITH_INST_RETIRED.256B_PACKED_DOUBLE, eventId: 10
280 [22950562490048] INFO perfrun.perfcollector <> - DRY_RUN: "CCCR"
280 [22950562490048] INFO perfrun.perfcollector <> - DRY_RUN: "reg_type       = 1	event_id       = g	reg_id         = 38f	reg_value      = 700000003"
280 [22950562490048] INFO perfrun.perfcollector <> - eventId: g, skip parsing event_id
280 [22950562490048] INFO perfrun.perfcollector <> - Register was ignored: group_id: 1, reg_type: 1, event_id: 4294967295, reg_id: 38f, reg_value: 700000003, pmu_name: cpu
280 [22950562490048] INFO perfrun.perfcollector <> - DRY_RUN: "reg_type       = 1	event_id       = g	reg_id         = 390	reg_value      = 700000003"
280 [22950562490048] INFO perfrun.perfcollector <> - eventId: g, skip parsing event_id
280 [22950562490048] INFO perfrun.perfcollector <> - Register was ignored: group_id: 1, reg_type: 1, event_id: 4294967295, reg_id: 390, reg_value: 700000003, pmu_name: cpu
280 [22950562490048] INFO perfrun.perfcollector <> - DRY_RUN: "reg_type       = 1	event_id       = g	reg_id         = 3f1	reg_value      = 0"
280 [22950562490048] INFO perfrun.perfcollector <> - eventId: g, skip parsing event_id
280 [22950562490048] INFO perfrun.perfcollector <> - Register was ignored: group_id: 1, reg_type: 1, event_id: 4294967295, reg_id: 3f1, reg_value: 0, pmu_name: cpu
280 [22950562490048] INFO perfrun.perfcollector <> - DRY_RUN: "reg_type       = 1	event_id       = g	reg_id         = 1d9	reg_value      = 1800"
280 [22950562490048] INFO perfrun.perfcollector <> - eventId: g, skip parsing event_id
280 [22950562490048] INFO perfrun.perfcollector <> - Register was ignored: group_id: 1, reg_type: 1, event_id: 4294967295, reg_id: 1d9, reg_value: 1800, pmu_name: cpu
280 [22950562490048] INFO perfrun.perfcollector <> - DRY_RUN: "reg_type       = 1	event_id       = g	reg_id         = 38d	reg_value      = bbb"
280 [22950562490048] INFO perfrun.perfcollector <> - eventId: g, skip parsing event_id
280 [22950562490048] INFO perfrun.perfcollector <> - Register was ignored: group_id: 1, reg_type: 1, event_id: 4294967295, reg_id: 38d, reg_value: bbb, pmu_name: cpu
280 [22950562490048] INFO perfrun.perfcollector <> - DRY_RUN: "reg_type       = 1	event_id       = 9	reg_id         = 186	reg_value      = 5304c7"
280 [22950562490048] INFO perfrun.perfcollector <> - Event selector: group_id: 1, reg_type: 1, event_id: 9, reg_id: 186, reg_value: 5304c7, pmu_name: cpu
280 [22950562490048] INFO perfrun.perfcollector <> - DRY_RUN: "reg_type       = 1	event_id       = 10	reg_id         = 187	reg_value      = 5310c7"
280 [22950562490048] INFO perfrun.perfcollector <> - Event selector: group_id: 1, reg_type: 1, event_id: 10, reg_id: 187, reg_value: 5310c7, pmu_name: cpu
280 [22950562490048] INFO perfrun.perfcollector <> - DRY_RUN: "ESCR"
280 [22950562490048] INFO perfrun.perfcollector <> - DRY_RUN: "reg_type       = 2	event_id       = g	reg_id         = 1c8	reg_value      = 0"
280 [22950562490048] INFO perfrun.perfcollector <> - eventId: g, skip parsing event_id
280 [22950562490048] INFO perfrun.perfcollector <> - DRY_RUN: "DATA"
280 [22950562490048] INFO perfrun.perfcollector <> - DRY_RUN: "reg_type       = 4	event_id       = 2	reg_id         = 309	reg_value      = ffffffdb6100"
280 [22950562490048] INFO perfrun.perfcollector <> - eventId: 2, dataAddr: 309, dataVal: ffffffdb6100
280 [22950562490048] INFO perfrun.perfcollector <> - DRY_RUN: "reg_type       = 4	event_id       = 0	reg_id         = 30a	reg_value      = ffffffe17b7d"
280 [22950562490048] INFO perfrun.perfcollector <> - eventId: 0, dataAddr: 30a, dataVal: ffffffe17b7d
280 [22950562490048] INFO perfrun.perfcollector <> - DRY_RUN: "reg_type       = 4	event_id       = 1	reg_id         = 30b	reg_value      = ffffffdb6100"
280 [22950562490048] INFO perfrun.perfcollector <> - eventId: 1, dataAddr: 30b, dataVal: ffffffdb6100
280 [22950562490048] INFO perfrun.perfcollector <> - DRY_RUN: "reg_type       = 4	event_id       = 9	reg_id         = c1	reg_value      = ffffffe17b7d"
280 [22950562490048] INFO perfrun.perfcollector <> - eventId: 9, dataAddr: c1, dataVal: ffffffe17b7d
280 [22950562490048] INFO perfrun.perfcollector <> - DRY_RUN: "reg_type       = 4	event_id       = 10	reg_id         = c2	reg_value      = ffffffe17b7d"
280 [22950562490048] INFO perfrun.perfcollector <> - eventId: 10, dataAddr: c2, dataVal: ffffffe17b7d
280 [22950562490048] INFO perfrun.perfcollector <> - event name: CPU_CLK_UNHALTED.THREAD
280 [22950562490048] INFO perfrun.perfcollector <> - pmu config: cpu
280 [22950562490048] INFO perfrun.perfcollector <> - cccrAddr: ffffffff, cccrValue: 0
280 [22950562490048] INFO perfrun.perfcollector <> - dataAddr: 30a, dataValue: ffffffffffe17b7d
280 [22950562490048] INFO perfrun.perfcollector <> - escrAddr: ffffffff, escrValue: 0
280 [22950562490048] INFO perfrun.perfcollector <> - extendedPebsValue: 0
280 [22950562490048] INFO perfrun.perfcollector <> - adaptivePebsAvailable: 0
280 [22950562490048] INFO perfrun.perfcollector <> - config: event: 3c
280 [22950562490048] INFO perfrun.perfcollector <> - config: pc: 0
280 [22950562490048] INFO perfrun.perfcollector <> - config: in_tx: 0
280 [22950562490048] INFO perfrun.perfcollector <> - config: edge: 0
280 [22950562490048] INFO perfrun.perfcollector <> - config: any: 0
280 [22950562490048] INFO perfrun.perfcollector <> - config1: offcore_rsp: 0
280 [22950562490048] INFO perfrun.perfcollector <> - config: in_tx_cp: 0
280 [22950562490048] INFO perfrun.perfcollector <> - config1: ldlat: 0
280 [22950562490048] INFO perfrun.perfcollector <> - config: inv: 0
280 [22950562490048] INFO perfrun.perfcollector <> - config: umask: 0
280 [22950562490048] INFO perfrun.perfcollector <> - config: cmask: 0
280 [22950562490048] INFO perfrun.perfcollector <> - format: cpu/event=0x3c,name='CPU_CLK_UNHALTED.THREAD'/D
280 [22950562490048] INFO perfrun.perfcollector <> - event name: CPU_CLK_UNHALTED.REF_TSC
280 [22950562490048] INFO perfrun.perfcollector <> - pmu config: cpu
280 [22950562490048] INFO perfrun.perfcollector <> - cccrAddr: ffffffff, cccrValue: 0
280 [22950562490048] INFO perfrun.perfcollector <> - dataAddr: 30b, dataValue: ffffffffffdb6100
280 [22950562490048] INFO perfrun.perfcollector <> - escrAddr: ffffffff, escrValue: 0
280 [22950562490048] INFO perfrun.perfcollector <> - extendedPebsValue: 0
280 [22950562490048] INFO perfrun.perfcollector <> - adaptivePebsAvailable: 0
280 [22950562490048] INFO perfrun.perfcollector <> - config: event: 0
280 [22950562490048] INFO perfrun.perfcollector <> - config: pc: 0
280 [22950562490048] INFO perfrun.perfcollector <> - config: in_tx: 0
280 [22950562490048] INFO perfrun.perfcollector <> - config: edge: 0
280 [22950562490048] INFO perfrun.perfcollector <> - config: any: 0
280 [22950562490048] INFO perfrun.perfcollector <> - config1: offcore_rsp: 0
280 [22950562490048] INFO perfrun.perfcollector <> - config: in_tx_cp: 0
280 [22950562490048] INFO perfrun.perfcollector <> - config1: ldlat: 0
280 [22950562490048] INFO perfrun.perfcollector <> - config: inv: 0
280 [22950562490048] INFO perfrun.perfcollector <> - config: umask: 3
280 [22950562490048] INFO perfrun.perfcollector <> - config: cmask: 0
280 [22950562490048] INFO perfrun.perfcollector <> - format: cpu/umask=0x3,name='CPU_CLK_UNHALTED.REF_TSC'/D
280 [22950562490048] INFO perfrun.perfcollector <> - event name: INST_RETIRED.ANY
280 [22950562490048] INFO perfrun.perfcollector <> - pmu config: cpu
280 [22950562490048] INFO perfrun.perfcollector <> - cccrAddr: ffffffff, cccrValue: 0
280 [22950562490048] INFO perfrun.perfcollector <> - dataAddr: 309, dataValue: ffffffffffdb6100
280 [22950562490048] INFO perfrun.perfcollector <> - escrAddr: ffffffff, escrValue: 0
280 [22950562490048] INFO perfrun.perfcollector <> - extendedPebsValue: 0
280 [22950562490048] INFO perfrun.perfcollector <> - adaptivePebsAvailable: 0
280 [22950562490048] INFO perfrun.perfcollector <> - config: event: c0
280 [22950562490048] INFO perfrun.perfcollector <> - config: pc: 0
280 [22950562490048] INFO perfrun.perfcollector <> - config: in_tx: 0
280 [22950562490048] INFO perfrun.perfcollector <> - config: edge: 0
280 [22950562490048] INFO perfrun.perfcollector <> - config: any: 0
280 [22950562490048] INFO perfrun.perfcollector <> - config1: offcore_rsp: 0
280 [22950562490048] INFO perfrun.perfcollector <> - config: in_tx_cp: 0
280 [22950562490048] INFO perfrun.perfcollector <> - config1: ldlat: 0
280 [22950562490048] INFO perfrun.perfcollector <> - config: inv: 0
280 [22950562490048] INFO perfrun.perfcollector <> - config: umask: 0
280 [22950562490048] INFO perfrun.perfcollector <> - config: cmask: 0
280 [22950562490048] INFO perfrun.perfcollector <> - format: cpu/event=0xc0,name='INST_RETIRED.ANY'/D
280 [22950562490048] INFO perfrun.perfcollector <> - event name: CPU_CLK_UNHALTED.REF_XCLK
280 [22950562490048] INFO perfrun.perfcollector <> - pmu config: cpu
280 [22950562490048] INFO perfrun.perfcollector <> - cccrAddr: 18a, cccrValue: 53013c
280 [22950562490048] INFO perfrun.perfcollector <> - dataAddr: c5, dataValue: fffffffffffe795d
280 [22950562490048] INFO perfrun.perfcollector <> - escrAddr: ffffffff, escrValue: 0
280 [22950562490048] INFO perfrun.perfcollector <> - extendedPebsValue: 0
280 [22950562490048] INFO perfrun.perfcollector <> - adaptivePebsAvailable: 0
280 [22950562490048] INFO perfrun.perfcollector <> - config: event: 3c
280 [22950562490048] INFO perfrun.perfcollector <> - config: pc: 0
280 [22950562490048] INFO perfrun.perfcollector <> - config: in_tx: 0
280 [22950562490048] INFO perfrun.perfcollector <> - config: edge: 0
280 [22950562490048] INFO perfrun.perfcollector <> - config: any: 0
280 [22950562490048] INFO perfrun.perfcollector <> - config1: offcore_rsp: 0
280 [22950562490048] INFO perfrun.perfcollector <> - config: in_tx_cp: 0
280 [22950562490048] INFO perfrun.perfcollector <> - config1: ldlat: 0
280 [22950562490048] INFO perfrun.perfcollector <> - config: inv: 0
280 [22950562490048] INFO perfrun.perfcollector <> - config: umask: 1
280 [22950562490048] INFO perfrun.perfcollector <> - config: cmask: 0
280 [22950562490048] INFO perfrun.perfcollector <> - format: cpu/event=0x3c,umask=0x1,name='CPU_CLK_UNHALTED.REF_XCLK'/
280 [22950562490048] INFO perfrun.perfcollector <> - event name: CPU_CLK_UNHALTED.ONE_THREAD_ACTIVE
280 [22950562490048] INFO perfrun.perfcollector <> - pmu config: cpu
280 [22950562490048] INFO perfrun.perfcollector <> - cccrAddr: 18b, cccrValue: 53023c
280 [22950562490048] INFO perfrun.perfcollector <> - dataAddr: c6, dataValue: fffffffffffe795d
280 [22950562490048] INFO perfrun.perfcollector <> - escrAddr: ffffffff, escrValue: 0
280 [22950562490048] INFO perfrun.perfcollector <> - extendedPebsValue: 0
280 [22950562490048] INFO perfrun.perfcollector <> - adaptivePebsAvailable: 0
280 [22950562490048] INFO perfrun.perfcollector <> - config: event: 3c
280 [22950562490048] INFO perfrun.perfcollector <> - config: pc: 0
280 [22950562490048] INFO perfrun.perfcollector <> - config: in_tx: 0
280 [22950562490048] INFO perfrun.perfcollector <> - config: edge: 0
280 [22950562490048] INFO perfrun.perfcollector <> - config: any: 0
280 [22950562490048] INFO perfrun.perfcollector <> - config1: offcore_rsp: 0
280 [22950562490048] INFO perfrun.perfcollector <> - config: in_tx_cp: 0
280 [22950562490048] INFO perfrun.perfcollector <> - config1: ldlat: 0
280 [22950562490048] INFO perfrun.perfcollector <> - config: inv: 0
280 [22950562490048] INFO perfrun.perfcollector <> - config: umask: 2
280 [22950562490048] INFO perfrun.perfcollector <> - config: cmask: 0
280 [22950562490048] INFO perfrun.perfcollector <> - format: cpu/event=0x3c,umask=0x2,name='CPU_CLK_UNHALTED.ONE_THREAD_ACTIVE'/
280 [22950562490048] INFO perfrun.perfcollector <> - event name: FP_ARITH_INST_RETIRED.SCALAR_SINGLE
280 [22950562490048] INFO perfrun.perfcollector <> - pmu config: cpu
280 [22950562490048] INFO perfrun.perfcollector <> - cccrAddr: 186, cccrValue: 5302c7
280 [22950562490048] INFO perfrun.perfcollector <> - dataAddr: c1, dataValue: ffffffffffe17b7d
280 [22950562490048] INFO perfrun.perfcollector <> - escrAddr: ffffffff, escrValue: 0
280 [22950562490048] INFO perfrun.perfcollector <> - extendedPebsValue: 0
280 [22950562490048] INFO perfrun.perfcollector <> - adaptivePebsAvailable: 0
280 [22950562490048] INFO perfrun.perfcollector <> - config: event: c7
280 [22950562490048] INFO perfrun.perfcollector <> - config: pc: 0
280 [22950562490048] INFO perfrun.perfcollector <> - config: in_tx: 0
280 [22950562490048] INFO perfrun.perfcollector <> - config: edge: 0
280 [22950562490048] INFO perfrun.perfcollector <> - config: any: 0
280 [22950562490048] INFO perfrun.perfcollector <> - config1: offcore_rsp: 0
280 [22950562490048] INFO perfrun.perfcollector <> - config: in_tx_cp: 0
280 [22950562490048] INFO perfrun.perfcollector <> - config1: ldlat: 0
280 [22950562490048] INFO perfrun.perfcollector <> - config: inv: 0
280 [22950562490048] INFO perfrun.perfcollector <> - config: umask: 2
280 [22950562490048] INFO perfrun.perfcollector <> - config: cmask: 0
280 [22950562490048] INFO perfrun.perfcollector <> - format: cpu/event=0xc7,umask=0x2,name='FP_ARITH_INST_RETIRED.SCALAR_SINGLE'/
280 [22950562490048] INFO perfrun.perfcollector <> - event name: FP_ARITH_INST_RETIRED.128B_PACKED_SINGLE
280 [22950562490048] INFO perfrun.perfcollector <> - pmu config: cpu
280 [22950562490048] INFO perfrun.perfcollector <> - cccrAddr: 187, cccrValue: 5308c7
280 [22950562490048] INFO perfrun.perfcollector <> - dataAddr: c2, dataValue: ffffffffffe17b7d
280 [22950562490048] INFO perfrun.perfcollector <> - escrAddr: ffffffff, escrValue: 0
280 [22950562490048] INFO perfrun.perfcollector <> - extendedPebsValue: 0
280 [22950562490048] INFO perfrun.perfcollector <> - adaptivePebsAvailable: 0
280 [22950562490048] INFO perfrun.perfcollector <> - config: event: c7
280 [22950562490048] INFO perfrun.perfcollector <> - config: pc: 0
280 [22950562490048] INFO perfrun.perfcollector <> - config: in_tx: 0
280 [22950562490048] INFO perfrun.perfcollector <> - config: edge: 0
280 [22950562490048] INFO perfrun.perfcollector <> - config: any: 0
280 [22950562490048] INFO perfrun.perfcollector <> - config1: offcore_rsp: 0
280 [22950562490048] INFO perfrun.perfcollector <> - config: in_tx_cp: 0
280 [22950562490048] INFO perfrun.perfcollector <> - config1: ldlat: 0
280 [22950562490048] INFO perfrun.perfcollector <> - config: inv: 0
280 [22950562490048] INFO perfrun.perfcollector <> - config: umask: 8
280 [22950562490048] INFO perfrun.perfcollector <> - config: cmask: 0
280 [22950562490048] INFO perfrun.perfcollector <> - format: cpu/event=0xc7,umask=0x8,name='FP_ARITH_INST_RETIRED.128B_PACKED_SINGLE'/
280 [22950562490048] INFO perfrun.perfcollector <> - event name: FP_ARITH_INST_RETIRED.256B_PACKED_SINGLE
280 [22950562490048] INFO perfrun.perfcollector <> - pmu config: cpu
280 [22950562490048] INFO perfrun.perfcollector <> - cccrAddr: 188, cccrValue: 5320c7
280 [22950562490048] INFO perfrun.perfcollector <> - dataAddr: c3, dataValue: ffffffffffe17b7d
280 [22950562490048] INFO perfrun.perfcollector <> - escrAddr: ffffffff, escrValue: 0
280 [22950562490048] INFO perfrun.perfcollector <> - extendedPebsValue: 0
280 [22950562490048] INFO perfrun.perfcollector <> - adaptivePebsAvailable: 0
280 [22950562490048] INFO perfrun.perfcollector <> - config: event: c7
280 [22950562490048] INFO perfrun.perfcollector <> - config: pc: 0
280 [22950562490048] INFO perfrun.perfcollector <> - config: in_tx: 0
280 [22950562490048] INFO perfrun.perfcollector <> - config: edge: 0
280 [22950562490048] INFO perfrun.perfcollector <> - config: any: 0
280 [22950562490048] INFO perfrun.perfcollector <> - config1: offcore_rsp: 0
280 [22950562490048] INFO perfrun.perfcollector <> - config: in_tx_cp: 0
280 [22950562490048] INFO perfrun.perfcollector <> - config1: ldlat: 0
280 [22950562490048] INFO perfrun.perfcollector <> - config: inv: 0
280 [22950562490048] INFO perfrun.perfcollector <> - config: umask: 20
280 [22950562490048] INFO perfrun.perfcollector <> - config: cmask: 0
280 [22950562490048] INFO perfrun.perfcollector <> - format: cpu/event=0xc7,umask=0x20,name='FP_ARITH_INST_RETIRED.256B_PACKED_SINGLE'/
280 [22950562490048] INFO perfrun.perfcollector <> - event name: FP_ARITH_INST_RETIRED.SCALAR_DOUBLE
280 [22950562490048] INFO perfrun.perfcollector <> - pmu config: cpu
280 [22950562490048] INFO perfrun.perfcollector <> - cccrAddr: 189, cccrValue: 5301c7
280 [22950562490048] INFO perfrun.perfcollector <> - dataAddr: c4, dataValue: ffffffffffe17b7d
280 [22950562490048] INFO perfrun.perfcollector <> - escrAddr: ffffffff, escrValue: 0
280 [22950562490048] INFO perfrun.perfcollector <> - extendedPebsValue: 0
280 [22950562490048] INFO perfrun.perfcollector <> - adaptivePebsAvailable: 0
280 [22950562490048] INFO perfrun.perfcollector <> - config: event: c7
280 [22950562490048] INFO perfrun.perfcollector <> - config: pc: 0
280 [22950562490048] INFO perfrun.perfcollector <> - config: in_tx: 0
280 [22950562490048] INFO perfrun.perfcollector <> - config: edge: 0
280 [22950562490048] INFO perfrun.perfcollector <> - config: any: 0
280 [22950562490048] INFO perfrun.perfcollector <> - config1: offcore_rsp: 0
280 [22950562490048] INFO perfrun.perfcollector <> - config: in_tx_cp: 0
280 [22950562490048] INFO perfrun.perfcollector <> - config1: ldlat: 0
280 [22950562490048] INFO perfrun.perfcollector <> - config: inv: 0
280 [22950562490048] INFO perfrun.perfcollector <> - config: umask: 1
280 [22950562490048] INFO perfrun.perfcollector <> - config: cmask: 0
280 [22950562490048] INFO perfrun.perfcollector <> - format: cpu/event=0xc7,umask=0x1,name='FP_ARITH_INST_RETIRED.SCALAR_DOUBLE'/
280 [22950562490048] INFO perfrun.perfcollector <> - event name: FP_ARITH_INST_RETIRED.128B_PACKED_DOUBLE
280 [22950562490048] INFO perfrun.perfcollector <> - pmu config: cpu
280 [22950562490048] INFO perfrun.perfcollector <> - cccrAddr: 186, cccrValue: 5304c7
280 [22950562490048] INFO perfrun.perfcollector <> - dataAddr: c1, dataValue: ffffffffffe17b7d
280 [22950562490048] INFO perfrun.perfcollector <> - escrAddr: ffffffff, escrValue: 0
280 [22950562490048] INFO perfrun.perfcollector <> - extendedPebsValue: 0
280 [22950562490048] INFO perfrun.perfcollector <> - adaptivePebsAvailable: 0
281 [22950562490048] INFO perfrun.perfcollector <> - config: event: c7
281 [22950562490048] INFO perfrun.perfcollector <> - config: pc: 0
281 [22950562490048] INFO perfrun.perfcollector <> - config: in_tx: 0
281 [22950562490048] INFO perfrun.perfcollector <> - config: edge: 0
281 [22950562490048] INFO perfrun.perfcollector <> - config: any: 0
281 [22950562490048] INFO perfrun.perfcollector <> - config1: offcore_rsp: 0
281 [22950562490048] INFO perfrun.perfcollector <> - config: in_tx_cp: 0
281 [22950562490048] INFO perfrun.perfcollector <> - config1: ldlat: 0
281 [22950562490048] INFO perfrun.perfcollector <> - config: inv: 0
281 [22950562490048] INFO perfrun.perfcollector <> - config: umask: 4
281 [22950562490048] INFO perfrun.perfcollector <> - config: cmask: 0
281 [22950562490048] INFO perfrun.perfcollector <> - format: cpu/event=0xc7,umask=0x4,name='FP_ARITH_INST_RETIRED.128B_PACKED_DOUBLE'/
281 [22950562490048] INFO perfrun.perfcollector <> - event name: FP_ARITH_INST_RETIRED.256B_PACKED_DOUBLE
281 [22950562490048] INFO perfrun.perfcollector <> - pmu config: cpu
281 [22950562490048] INFO perfrun.perfcollector <> - cccrAddr: 187, cccrValue: 5310c7
281 [22950562490048] INFO perfrun.perfcollector <> - dataAddr: c2, dataValue: ffffffffffe17b7d
281 [22950562490048] INFO perfrun.perfcollector <> - escrAddr: ffffffff, escrValue: 0
281 [22950562490048] INFO perfrun.perfcollector <> - extendedPebsValue: 0
281 [22950562490048] INFO perfrun.perfcollector <> - adaptivePebsAvailable: 0
281 [22950562490048] INFO perfrun.perfcollector <> - config: event: c7
281 [22950562490048] INFO perfrun.perfcollector <> - config: pc: 0
281 [22950562490048] INFO perfrun.perfcollector <> - config: in_tx: 0
281 [22950562490048] INFO perfrun.perfcollector <> - config: edge: 0
281 [22950562490048] INFO perfrun.perfcollector <> - config: any: 0
281 [22950562490048] INFO perfrun.perfcollector <> - config1: offcore_rsp: 0
281 [22950562490048] INFO perfrun.perfcollector <> - config: in_tx_cp: 0
281 [22950562490048] INFO perfrun.perfcollector <> - config1: ldlat: 0
281 [22950562490048] INFO perfrun.perfcollector <> - config: inv: 0
281 [22950562490048] INFO perfrun.perfcollector <> - config: umask: 10
281 [22950562490048] INFO perfrun.perfcollector <> - config: cmask: 0
281 [22950562490048] INFO perfrun.perfcollector <> - format: cpu/event=0xc7,umask=0x10,name='FP_ARITH_INST_RETIRED.256B_PACKED_DOUBLE'/
281 [22950562490048] INFO perfrun.perfcollector <> - event name: INST_RETIRED.X87
281 [22950562490048] INFO perfrun.perfcollector <> - pmu config: cpu
281 [22950562490048] INFO perfrun.perfcollector <> - cccrAddr: 18c, cccrValue: 5302c0
281 [22950562490048] INFO perfrun.perfcollector <> - dataAddr: c7, dataValue: ffffffffffe17b7d
281 [22950562490048] INFO perfrun.perfcollector <> - escrAddr: ffffffff, escrValue: 0
281 [22950562490048] INFO perfrun.perfcollector <> - extendedPebsValue: 0
281 [22950562490048] INFO perfrun.perfcollector <> - adaptivePebsAvailable: 0
281 [22950562490048] INFO perfrun.perfcollector <> - config: event: c0
281 [22950562490048] INFO perfrun.perfcollector <> - config: pc: 0
281 [22950562490048] INFO perfrun.perfcollector <> - config: in_tx: 0
281 [22950562490048] INFO perfrun.perfcollector <> - config: edge: 0
281 [22950562490048] INFO perfrun.perfcollector <> - config: any: 0
281 [22950562490048] INFO perfrun.perfcollector <> - config1: offcore_rsp: 0
281 [22950562490048] INFO perfrun.perfcollector <> - config: in_tx_cp: 0
281 [22950562490048] INFO perfrun.perfcollector <> - config1: ldlat: 0
281 [22950562490048] INFO perfrun.perfcollector <> - config: inv: 0
281 [22950562490048] INFO perfrun.perfcollector <> - config: umask: 2
281 [22950562490048] INFO perfrun.perfcollector <> - config: cmask: 0
281 [22950562490048] INFO perfrun.perfcollector <> - format: cpu/event=0xc0,umask=0x2,name='INST_RETIRED.X87'/
281 [22950562490048] INFO perfrun.perfcollector <> - event name: UOPS_RETIRED.RETIRE_SLOTS
281 [22950562490048] INFO perfrun.perfcollector <> - pmu config: cpu
281 [22950562490048] INFO perfrun.perfcollector <> - cccrAddr: 18d, cccrValue: 5302c2
281 [22950562490048] INFO perfrun.perfcollector <> - dataAddr: c8, dataValue: ffffffffffe17b7d
281 [22950562490048] INFO perfrun.perfcollector <> - escrAddr: ffffffff, escrValue: 0
281 [22950562490048] INFO perfrun.perfcollector <> - extendedPebsValue: 0
281 [22950562490048] INFO perfrun.perfcollector <> - adaptivePebsAvailable: 0
281 [22950562490048] INFO perfrun.perfcollector <> - config: event: c2
281 [22950562490048] INFO perfrun.perfcollector <> - config: pc: 0
281 [22950562490048] INFO perfrun.perfcollector <> - config: in_tx: 0
281 [22950562490048] INFO perfrun.perfcollector <> - config: edge: 0
281 [22950562490048] INFO perfrun.perfcollector <> - config: any: 0
281 [22950562490048] INFO perfrun.perfcollector <> - config1: offcore_rsp: 0
281 [22950562490048] INFO perfrun.perfcollector <> - config: in_tx_cp: 0
281 [22950562490048] INFO perfrun.perfcollector <> - config1: ldlat: 0
281 [22950562490048] INFO perfrun.perfcollector <> - config: inv: 0
281 [22950562490048] INFO perfrun.perfcollector <> - config: umask: 2
281 [22950562490048] INFO perfrun.perfcollector <> - config: cmask: 0
281 [22950562490048] INFO perfrun.perfcollector <> - format: cpu/event=0xc2,umask=0x2,name='UOPS_RETIRED.RETIRE_SLOTS'/
281 [22950562490048] INFO perfrun.perfcollector <> - event: cpu/event=0x3c,name='CPU_CLK_UNHALTED.THREAD'/Duk, added for counting
281 [22950562490048] INFO perfrun.perfcollector <> - event: cpu/umask=0x3,name='CPU_CLK_UNHALTED.REF_TSC'/Duk, added for counting
281 [22950562490048] INFO perfrun.perfcollector <> - event: cpu/event=0xc0,name='INST_RETIRED.ANY'/Duk, added for counting
281 [22950562490048] INFO perfrun.perfcollector <> - event: cpu/event=0x3c,umask=0x1,name='CPU_CLK_UNHALTED.REF_XCLK'/uk, added for counting
281 [22950562490048] INFO perfrun.perfcollector <> - event: cpu/event=0x3c,umask=0x2,name='CPU_CLK_UNHALTED.ONE_THREAD_ACTIVE'/uk, added for counting
281 [22950562490048] INFO perfrun.perfcollector <> - event: cpu/event=0xc7,umask=0x2,name='FP_ARITH_INST_RETIRED.SCALAR_SINGLE'/uk, added for counting
281 [22950562490048] INFO perfrun.perfcollector <> - event: cpu/event=0xc7,umask=0x8,name='FP_ARITH_INST_RETIRED.128B_PACKED_SINGLE'/uk, added for counting
281 [22950562490048] INFO perfrun.perfcollector <> - event: cpu/event=0xc7,umask=0x20,name='FP_ARITH_INST_RETIRED.256B_PACKED_SINGLE'/uk, added for counting
281 [22950562490048] INFO perfrun.perfcollector <> - event: cpu/event=0xc7,umask=0x1,name='FP_ARITH_INST_RETIRED.SCALAR_DOUBLE'/uk, added for counting
281 [22950562490048] INFO perfrun.perfcollector <> - event: cpu/event=0xc7,umask=0x4,name='FP_ARITH_INST_RETIRED.128B_PACKED_DOUBLE'/uk, added for counting
281 [22950562490048] INFO perfrun.perfcollector <> - event: cpu/event=0xc7,umask=0x10,name='FP_ARITH_INST_RETIRED.256B_PACKED_DOUBLE'/uk, added for counting
281 [22950562490048] INFO perfrun.perfcollector <> - event: cpu/event=0xc0,umask=0x2,name='INST_RETIRED.X87'/uk, added for counting
281 [22950562490048] INFO perfrun.perfcollector <> - event: cpu/event=0xc2,umask=0x2,name='UOPS_RETIRED.RETIRE_SLOTS'/uk, added for counting
281 [22950562490048] INFO perfrun.perfcollector <> - attaching to pid: 4294967295, collect mode: 1, rc modes: 3
296 [22950551443136] WARN perfrun.perfcollector <> - Perf stat trace pipe capacity: read = 1048576, write = 1048576, at file: vcs/perfrun1/plugins/perfcollector/src/profiler.cpp:765
306 [22950551443136] INFO perfrun.sdk <> - runCmd: /opt/intel/oneapi/vtune/2023.1.0/bin64/amplxe-perf stat -v --log-fd 10 --scale -x ; -e cpu/event=0x3c,name='CPU_CLK_UNHALTED.THREAD'/Duk,cpu/umask=0x3,name='CPU_CLK_UNHALTED.REF_TSC'/Duk,cpu/event=0xc0,name='INST_RETIRED.ANY'/Duk,cpu/event=0x3c,umask=0x1,name='CPU_CLK_UNHALTED.REF_XCLK'/uk,cpu/event=0x3c,umask=0x2,name='CPU_CLK_UNHALTED.ONE_THREAD_ACTIVE'/uk,cpu/event=0xc7,umask=0x2,name='FP_ARITH_INST_RETIRED.SCALAR_SINGLE'/uk,cpu/event=0xc7,umask=0x8,name='FP_ARITH_INST_RETIRED.128B_PACKED_SINGLE'/uk,cpu/event=0xc7,umask=0x20,name='FP_ARITH_INST_RETIRED.256B_PACKED_SINGLE'/uk,cpu/event=0xc7,umask=0x1,name='FP_ARITH_INST_RETIRED.SCALAR_DOUBLE'/uk,cpu/event=0xc7,umask=0x4,name='FP_ARITH_INST_RETIRED.128B_PACKED_DOUBLE'/uk,cpu/event=0xc7,umask=0x10,name='FP_ARITH_INST_RETIRED.256B_PACKED_DOUBLE'/uk,cpu/event=0xc0,umask=0x2,name='INST_RETIRED.X87'/uk,cpu/event=0xc2,umask=0x2,name='UOPS_RETIRED.RETIRE_SLOTS'/uk /opt/intel/oneapi/vtune/2023.1.0/bin64/amplxe-perf-sync dryrun sys
307 [22950551443136] INFO perfrun.sdk <> - runCmd started PID 2284371
497 [22950551443136] INFO perfrun.perfcollector <> - Monitor: runCmd RC = true
498 [22950562490048] INFO perfrun.launcher <> - plugin [aoclprofile] was disabled because it doesn't support the given collection type.
498 [22950562490048] INFO perfrun.tpss <> - initialize tpss controller
498 [22950562490048] INFO perfrun.tpss <> - configure collection mode: value = cpu:counters:nostack
498 [22950562490048] INFO perfrun.tpss <> - configure collection mode: value = cpu:stack
498 [22950562490048] INFO perfrun.tpss <> - default obj-size-min=1024
498 [22950562490048] INFO perfrun.tpss <> - default hash-table-size=0
498 [22950562490048] INFO perfrun.launcher <> - plugin [media] was disabled because it doesn't support the given collection type.
498 [22950562490048] INFO perfrun.launcher <> - plugin [] was disabled because it doesn't support the given collection type.
498 [22950562490048] INFO perfrun.launcher <> - plugin [] was disabled because it doesn't support the given collection type.
498 [22950562490048] INFO perfrun.launcher <> - plugin [parallelfs] was disabled because it doesn't support the given collection type.
498 [22950562490048] INFO perfrun.launcher <> - plugin [power] was disabled because it doesn't support the given collection type.
498 [22950562490048] INFO perfrun.launcher <> - plugin [hwloc] was disabled because it doesn't support the given collection type.
498 [22950562490048] INFO perfrun.launcher <> - plugin [ipmwatch] was disabled because it doesn't support the given collection type.
498 [22950562490048] INFO perfrun.launcher <> - plugin [os_counters] was disabled because it doesn't support the given collection type.
498 [22950562490048] INFO perfrun.launcher <> - plugin [l0_metrics] was disabled because it doesn't support the given collection type.
498 [22950705661824] INFO perfrun.launcher <> - set environment variable: LD_LIBRARY_PATH = /opt/intel/oneapi/vtune/2023.1.0/lib32/runtime:/opt/intel/oneapi/vtune/2023.1.0/lib64/runtime:/opt/intel/oneapi/tbb/2021.5.1/env/../lib/intel64/gcc4.8:/opt/intel/oneapi/mpi/2021.5.1//libfabric/lib:/opt/intel/oneapi/mpi/2021.5.1//lib/release:/opt/intel/oneapi/mpi/2021.5.1//lib:/opt/intel/oneapi/mkl/2022.0.2/lib/intel64:/opt/intel/oneapi/itac/2021.5.0/slib:/opt/intel/oneapi/debugger/2021.5.0/gdb/intel64/lib:/opt/intel/oneapi/debugger/2021.5.0/libipt/intel64/lib:/opt/intel/oneapi/debugger/2021.5.0/dep/lib:/opt/intel/oneapi/compiler/2022.0.2/linux/lib:/opt/intel/oneapi/compiler/2022.0.2/linux/lib/x64:/opt/intel/oneapi/compiler/2022.0.2/linux/lib/oclfpga/host/linux64/lib:/opt/intel/oneapi/compiler/2022.0.2/linux/compiler/lib/intel64_lin
498 [22950705661824] INFO perfrun.launcher <> - set environment variable: INTEL_LIBITTNOTIFY32 = /opt/intel/oneapi/vtune/2023.1.0/lib32/runtime/libittnotify_collector.so
499 [22950705661824] INFO perfrun.launcher <> - set environment variable: INTEL_LIBITTNOTIFY64 = /opt/intel/oneapi/vtune/2023.1.0/lib64/runtime/libittnotify_collector.so
499 [22950705661824] INFO perfrun.launcher <> - set environment variable: INTEL_ITTNOTIFY_GROUPS = 
499 [22950705661824] INFO perfrun.launcher <> - set environment variable: INTEL_JIT_PROFILER32 = /opt/intel/oneapi/vtune/2023.1.0/lib32/runtime/libittnotify_collector.so
499 [22950705661824] INFO perfrun.launcher <> - set environment variable: INTEL_JIT_PROFILER64 = /opt/intel/oneapi/vtune/2023.1.0/lib64/runtime/libittnotify_collector.so
499 [22950705661824] INFO perfrun.launcher <> - set environment variable: OMP_TOOL_LIBRARIES = /opt/intel/oneapi/vtune/2023.1.0/lib32/runtime/libittnotify_collector.so:/opt/intel/oneapi/vtune/2023.1.0/lib64/runtime/libittnotify_collector.so
499 [22950705661824] INFO perfrun.launcher <> - set environment variable: ENABLE_JITPROFILING = 1
499 [22950705661824] INFO perfrun.launcher <> - set environment variable: CL_CONFIG_USE_VTUNE = True
499 [22950705661824] INFO perfrun.launcher <> - set environment variable: LD_PRELOAD = libittnotify_collector.so:
499 [22950705661824] INFO perfrun.launcher <> - set environment variable: KMP_FORKJOIN_FRAMES = 0
499 [22950705661824] INFO perfrun.launcher <> - set environment variable: KMP_FORKJOIN_FRAMES_MODE = 0
499 [22950705661824] INFO perfrun.launcher <> - set environment variable: OMP_TOOL = disabled
499 [22950705661824] INFO perfrun.launcher <> - set environment variable: INTEL_MRTE_DATA_DIR = /home/course/hpc/users/2022012388/exp8/result.conv2/data.13
499 [22950705661824] INFO perfrun.launcher <> - set environment variable: INTEL_MRTE_HOST_NAME = conv2
499 [22950705661824] INFO perfrun.launcher <> - set environment variable: JAVA_TOOL_OPTIONS = -agentlib:amplxe_tpssmrte_javaprof_1.0 -Dsun.boot.library.path=/opt/intel/oneapi/vtune/2023.1.0/lib32/runtime:/opt/intel/oneapi/vtune/2023.1.0/lib64/runtime
499 [22950705661824] INFO perfrun.launcher <> - set environment variable: LD_LIBRARY_PATH = /opt/intel/oneapi/vtune/2023.1.0/lib32/runtime:/opt/intel/oneapi/vtune/2023.1.0/lib64/runtime:/opt/intel/oneapi/tbb/2021.5.1/env/../lib/intel64/gcc4.8:/opt/intel/oneapi/mpi/2021.5.1//libfabric/lib:/opt/intel/oneapi/mpi/2021.5.1//lib/release:/opt/intel/oneapi/mpi/2021.5.1//lib:/opt/intel/oneapi/mkl/2022.0.2/lib/intel64:/opt/intel/oneapi/itac/2021.5.0/slib:/opt/intel/oneapi/debugger/2021.5.0/gdb/intel64/lib:/opt/intel/oneapi/debugger/2021.5.0/libipt/intel64/lib:/opt/intel/oneapi/debugger/2021.5.0/dep/lib:/opt/intel/oneapi/compiler/2022.0.2/linux/lib:/opt/intel/oneapi/compiler/2022.0.2/linux/lib/x64:/opt/intel/oneapi/compiler/2022.0.2/linux/lib/oclfpga/host/linux64/lib:/opt/intel/oneapi/compiler/2022.0.2/linux/compiler/lib/intel64_lin
499 [22950705661824] INFO perfrun.launcher <> - set environment variable: CORECLR_ENABLE_PROFILING = 1
499 [22950705661824] INFO perfrun.launcher <> - set environment variable: CORECLR_PROFILER = {AA5E4821-E3B1-479c-B7FF-5AD047D22CED}
499 [22950705661824] INFO perfrun.launcher <> - set environment variable: CORECLR_PROFILER_PATH = /opt/intel/oneapi/vtune/2023.1.0/lib64/libamplxe_samplingmrte_clrprof_1.0.so
499 [22950705661824] INFO perfrun.launcher <> - set environment variable: INTEL_MRTE_PROFILER_MODE = mixed
499 [22950705661824] INFO perfrun.launcher <> - RpcServer: run RPC server to handle requests
500 [22950705661824] INFO perfrun.launcher <> - Launcher: command line to start before modification = ./run.sh 2022012388
500 [22950705661824] INFO perfrun.launcher <> - Launcher: command line to start after modification = /opt/intel/oneapi/vtune/2023.1.0/bin64/pin -error_file /home/course/hpc/users/2022012388/exp8/result.conv2/data.13/pinerr.tpsslog -detach_reattach -follow_execv -tool_load_option deepbind -t64 /opt/intel/oneapi/vtune/2023.1.0/lib64/libtpsstool.so -t /opt/intel/oneapi/vtune/2023.1.0/lib32/libtpsstool.so -server_name tpss_ipc.2284237 -prd_dir /opt/intel/oneapi/vtune/2023.1.0 -- ./run.sh 2022012388
601 [22950705661824] INFO perfrun.launcher <> - ProcessCreator object was created
601 [22950705661824] INFO perfrun.launcher <> - Launcher: the process was started in suspend mode
605 [22950562490048] WARN perfrun.system <> - Could not do anything with /sys/kernel/debug/kvm: boost::filesystem::status: Permission denied: "/sys/kernel/debug/kvm", at file: vcs/perfrun1/plugins/system/src/trace_writer.cpp:787
605 [22950562490048] WARN perfrun.system <> - Folder "/var/run/libvirt/qemu/"doesn't exist, at file: vcs/perfrun1/plugins/system/src/trace_writer.cpp:800
606 [22950562490048] INFO perfrun.itt <> - start itt controller for pid #2284486
606 [22950562490048] INFO perfrun.perfcollector <> - attaching to pid: 2284486, collect mode: 1, rc modes: 1
622 [22950545139392] WARN perfrun.perfcollector <> - Perf stat trace pipe capacity: read = 1048576, write = 1048576, at file: vcs/perfrun1/plugins/perfcollector/src/profiler.cpp:765
631 [22950545139392] INFO perfrun.sdk <> - runCmd: /opt/intel/oneapi/vtune/2023.1.0/bin64/amplxe-perf stat -v --log-fd 22 --control=fd:23,26 --scale -x ; -p 2284486 -e cpu/event=0x3c,name='CPU_CLK_UNHALTED.THREAD'/Duk,cpu/umask=0x3,name='CPU_CLK_UNHALTED.REF_TSC'/Duk,cpu/event=0xc0,name='INST_RETIRED.ANY'/Duk,cpu/event=0x3c,umask=0x1,name='CPU_CLK_UNHALTED.REF_XCLK'/uk,cpu/event=0x3c,umask=0x2,name='CPU_CLK_UNHALTED.ONE_THREAD_ACTIVE'/uk,cpu/event=0xc7,umask=0x2,name='FP_ARITH_INST_RETIRED.SCALAR_SINGLE'/uk,cpu/event=0xc7,umask=0x8,name='FP_ARITH_INST_RETIRED.128B_PACKED_SINGLE'/uk,cpu/event=0xc7,umask=0x20,name='FP_ARITH_INST_RETIRED.256B_PACKED_SINGLE'/uk,cpu/event=0xc7,umask=0x1,name='FP_ARITH_INST_RETIRED.SCALAR_DOUBLE'/uk,cpu/event=0xc7,umask=0x4,name='FP_ARITH_INST_RETIRED.128B_PACKED_DOUBLE'/uk,cpu/event=0xc7,umask=0x10,name='FP_ARITH_INST_RETIRED.256B_PACKED_DOUBLE'/uk,cpu/event=0xc0,umask=0x2,name='INST_RETIRED.X87'/uk,cpu/event=0xc2,umask=0x2,name='UOPS_RETIRED.RETIRE_SLOTS'/uk /opt/intel/oneapi/vtune/2023.1.0/bin64/amplxe-perf-sync sync sys
631 [22950545139392] INFO perfrun.sdk <> - runCmd started PID 2284554
787 [22950562490048] INFO perfrun.tpss <> - start tpss controller for pid #2284486
838 [22950705661824] INFO perfrun.launcher <> - Launcher: all plugins were started
838 [22950705661824] INFO perfrun.launcher <> - DirectoryMonitor object was created
838 [22950705661824] INFO perfrun.launcher <> - DirectoryMonitor: a callback was added
838 [22950705661824] INFO perfrun.launcher <> - DirectoryMonitor was started with pingTime = 1000
838 [22950705661824] INFO perfrun.launcher <> - DeadlineTimer is going to be constructed
838 [22950705661824] INFO perfrun.launcher <> - DeadlineTimer: a callback was added
839 [22950705661824] INFO perfrun.launcher <> - Launcher: resume the profiled application and  wait its termination or stop command
140983 [22950705661824] INFO perfrun.launcher <> - Launcher: the profiled application was terminated  with exit code = 1
141189 [22950562490048] INFO perfrun.itt <> - detach itt controller
141189 [22950562490048] INFO perfrun.itt <> - detach itt controller done
141191 [22950545139392] INFO perfrun.perfcollector <> - Monitor: runCmd RC = true
141192 [22950562490048] INFO perfrun.perfcollector <> - Monitor: state = 3, error = 1
141193 [22950562490048] INFO perfrun.tpss <> - stop tpss controller
141196 [22950562490048] INFO perfrun.sdk <> - De-allocating TMU: /home/course/hpc/users/2022012388/exp8/result.conv2/data.13/systemcollector-2284237-conv2.sc
141196 [22950562490048] INFO perfrun.system <> - closed the system trace file: /home/course/hpc/users/2022012388/exp8/result.conv2/data.13/systemcollector-2284237-conv2.sc
141196 [22950705661824] INFO perfrun.launcher <> - Launcher: all plugins were stopped.
141196 [22950705661824] INFO perfrun.launcher <> - DeadlineTimer is going to be destroyed
141196 [22950705661824] INFO perfrun.launcher <> - DeadlineTimer was destroyed
141196 [22950705661824] INFO perfrun.launcher <> - DirectoryMonitor object was destroyed
141196 [22950705661824] WARN perfrun.launcher <> - Stop command is ignored because it is received when collection is already stopped, at file: vcs/perfrun1/launcher/src/command_handler.cpp:226
141198 [22950705661824] INFO perfrun.launcher <> - Application exit code: 1
141198 [22950705661824] INFO perfrun.launcher <> - Exit code: 4
