Using CPUID GenuineIntel-6-4F-1
DEBUGINFOD_URLS=
Compression enabled, disabling build id collection at the end of the session.
nr_cblocks: 0
affinity: SYS
mmap flush: 1
comp level: 1
mmap size 528384B
Control descriptor is not initialized
couldn't open /proc/1/task/1/maps
couldn't open /proc/605/task/605/maps
couldn't open /proc/643/task/643/maps
couldn't open /proc/749/task/749/maps
couldn't open /proc/750/task/750/maps
couldn't open /proc/929/task/929/maps
couldn't open /proc/949/task/949/maps
couldn't open /proc/952/task/952/maps
couldn't open /proc/965/task/965/maps
couldn't open /proc/974/task/974/maps
couldn't open /proc/987/task/987/maps
couldn't open /proc/1121/task/1121/maps
couldn't open /proc/1126/task/1126/maps
couldn't open /proc/1127/task/1127/maps
couldn't open /proc/1128/task/1128/maps
couldn't open /proc/1129/task/1129/maps
couldn't open /proc/1130/task/1130/maps
couldn't open /proc/1144/task/1144/maps
couldn't open /proc/1150/task/1150/maps
couldn't open /proc/1182/task/1182/maps
couldn't open /proc/2301037/task/2301037/maps
couldn't open /proc/2301042/task/2301042/maps
couldn't open /proc/2301048/task/2301048/maps
couldn't open /proc/2301059/task/2301059/maps
couldn't open /proc/2301062/task/2301062/maps
couldn't open /proc/2301063/task/2301063/maps
couldn't open /proc/2301089/task/2301089/maps
couldn't open /proc/2301093/task/2301093/maps
couldn't open /proc/2301096/task/2301096/maps

2301530:perf-sync:ready:SYS=3707289169402042
[ perf record: Woken up 0 times to write data ]
failed to write feature HYBRID_TOPOLOGY
[ perf record: Captured and wrote 0.897 MB /home/course/hpc/users/2022012388/exp8/result.conv2/data.0/temp.dryrun.perf, compressed (original 0.118 MB, ratio is 8.172) ]
